[runlim] version:		1.10
[runlim] time limit:		1800 seconds
[runlim] real time limit:	1800 seconds
[runlim] space limit:		60000 MB
[runlim] argv[0]:		/home/vanh/Documents/ABP/AntibandwidthExtend/anti-bandwidth-scl-extend/build/abw_enc
[runlim] argv[1]:		/home/vanh/Documents/ABP/AntibandwidthExtend/anti-bandwidth-scl-extend/build/BenchmarkA/A-pores_1.mtx.rnd
[runlim] argv[2]:		--ladder
[runlim] argv[3]:		-symmetry-break
[runlim] argv[4]:		h
[runlim] argv[5]:		-split-size
[runlim] argv[6]:		10
[runlim] start:			Thu Nov 28 22:56:17 2024
[runlim] main pid:		5716
[runlim] log captured:
c LadderEncoder 1.0.
c Symetry breaking in the highest degree node.
c Splitting clauses at length 10.
c Solving strategy: from LB to UB.
c LB-w = 6 (LB in Sinnl - A note on computational approaches for the antibandwidth problem).
c UB-w = 8 (UB in Sinnl - A note on computational approaches for the antibandwidth problem).
c Antibandwidth problem with w = 6 ( A-pores_1.mtx.rnd ):
c Initializing CaDiCaL (version 1.2.1).
c	Configuring CaDiCaL as --sat (1).
c Initializing a Ladder encoder with n = 30.
c Encoding starts with w = 6:
c	Encode symmetry breaking with option: h.
c	Labels and Vertices aux var: 540
c	Labels and Vertices constraints:  2550
c	Obj k aux var: 1110
c	Obj k constraints: 13705
c	Obj k glue staircase constraints: 8755
c	Encoding duration: 0s
c	Number of clauses: 16360
c	Number of irredundant clauses: 16122
c	Number of variables: 2640
c SAT Solving starts:
c	Solving duration: 40 ms
c	Answer: 
s SAT (w = 6)
c	Solution check:
p calculated antibandwidth = 6.
c
c
c Antibandwidth problem with w = 7 ( A-pores_1.mtx.rnd ):
c Initializing CaDiCaL (version 1.2.1).
c	Configuring CaDiCaL as --sat (1).
c Initializing a Ladder encoder with n = 30.
c Encoding starts with w = 7:
c	Encode symmetry breaking with option: h.
c	Labels and Vertices aux var: 540
c	Labels and Vertices constraints:  2550
c	Obj k aux var: 1200
c	Obj k constraints: 13872
c	Obj k glue staircase constraints: 8652
c	Encoding duration: 0s
c	Number of clauses: 16527
c	Number of irredundant clauses: 16323
c	Number of variables: 2730
c SAT Solving starts:
c	Solving duration: 271 ms
c	Answer: 
s UNSAT (w = 7)
c
c
[runlim] end:			Thu Nov 28 22:56:17 2024
[runlim] status:		ok
[runlim] result:		0
[runlim] children:		0
[runlim] real:			0.60 seconds
[runlim] time:			0.30 seconds
[runlim] space:			8.1 MB
[runlim] samples:		3
