[runlim] version:		1.10
[runlim] time limit:		1800 seconds
[runlim] real time limit:	1800 seconds
[runlim] space limit:		60000 MB
[runlim] argv[0]:		/home/vanh/Documents/ABP/AntibandwidthExtend/anti-bandwidth-scl-extend/build/abw_enc
[runlim] argv[1]:		/home/vanh/Documents/ABP/AntibandwidthExtend/anti-bandwidth-scl-extend/build/BenchmarkA/J-nos4.mtx.rnd
[runlim] argv[2]:		--ladder
[runlim] argv[3]:		-symmetry-break
[runlim] argv[4]:		h
[runlim] argv[5]:		-split-size
[runlim] argv[6]:		10
[runlim] start:			Thu Nov 28 23:26:17 2024
[runlim] main pid:		6268
[runlim] log captured:
c LadderEncoder 1.0.
c Symetry breaking in the highest degree node.
c Splitting clauses at length 10.
c Solving strategy: from LB to UB.
c LB-w = 32 (LB in Sinnl - A note on computational approaches for the antibandwidth problem).
c UB-w = 40 (UB in Sinnl - A note on computational approaches for the antibandwidth problem).
c Antibandwidth problem with w = 32 ( J-nos4.mtx.rnd ):
c Initializing CaDiCaL (version 1.2.1).
c	Configuring CaDiCaL as --sat (1).
c Initializing a Ladder encoder with n = 100.
c Encoding starts with w = 32:
c	Encode symmetry breaking with option: h.
c	Labels and Vertices aux var: 3600
c	Labels and Vertices constraints:  25200
c	Obj k aux var: 15600
c	Obj k constraints: 129549
c	Obj k glue staircase constraints: 65949
c	Encoding duration: 0s
c	Number of clauses: 155799
c	Number of irredundant clauses: 155423
c	Number of variables: 30200
c SAT Solving starts:
[runlim] sample:		10.0 time, 10.9 real, 59.4 MB
[runlim] sample:		20.0 time, 20.9 real, 90.4 MB
c	Solving duration: 20539 ms
c	Answer: 
s SAT (w = 32)
c	Solution check:
p calculated antibandwidth = 32.
c
c
c Antibandwidth problem with w = 33 ( J-nos4.mtx.rnd ):
c Initializing CaDiCaL (version 1.2.1).
c	Configuring CaDiCaL as --sat (1).
c Initializing a Ladder encoder with n = 100.
c Encoding starts with w = 33:
c	Encode symmetry breaking with option: h.
c	Labels and Vertices aux var: 3600
c	Labels and Vertices constraints:  25200
c	Obj k aux var: 15800
c	Obj k constraints: 129061
c	Obj k glue staircase constraints: 64961
c	Encoding duration: 0s
c	Number of clauses: 155311
c	Number of irredundant clauses: 154947
c	Number of variables: 30400
c SAT Solving starts:
[runlim] sample:		30.0 time, 30.9 real, 84.5 MB
[runlim] sample:		40.0 time, 40.9 real, 107.7 MB
[runlim] sample:		50.0 time, 50.9 real, 90.4 MB
[runlim] sample:		60.0 time, 60.9 real, 107.2 MB
c	Solving duration: 39359 ms
c	Answer: 
s SAT (w = 33)
c	Solution check:
p calculated antibandwidth = 33.
c
c
c Antibandwidth problem with w = 34 ( J-nos4.mtx.rnd ):
c Initializing CaDiCaL (version 1.2.1).
c	Configuring CaDiCaL as --sat (1).
c Initializing a Ladder encoder with n = 100.
c Encoding starts with w = 34:
c	Encode symmetry breaking with option: h.
c	Labels and Vertices aux var: 3600
c	Labels and Vertices constraints:  25200
c	Obj k aux var: 12900
c	Obj k constraints: 119914
c	Obj k glue staircase constraints: 64714
c	Encoding duration: 0s
c	Number of clauses: 146164
c	Number of irredundant clauses: 145856
c	Number of variables: 27500
c SAT Solving starts:
[runlim] sample:		70.0 time, 70.9 real, 107.2 MB
[runlim] sample:		80.0 time, 80.9 real, 107.2 MB
[runlim] sample:		90.0 time, 90.9 real, 107.2 MB
[runlim] sample:		100.0 time, 100.9 real, 79.2 MB
[runlim] sample:		110.0 time, 110.9 real, 99.7 MB
[runlim] sample:		120.0 time, 120.9 real, 151.8 MB
[runlim] sample:		129.9 time, 130.9 real, 122.0 MB
[runlim] sample:		139.9 time, 140.9 real, 139.5 MB
[runlim] sample:		149.9 time, 150.9 real, 137.0 MB
[runlim] sample:		159.9 time, 160.9 real, 137.0 MB
c	Solving duration: 103667 ms
c	Answer: 
s SAT (w = 34)
c	Solution check:
p calculated antibandwidth = 34.
c
c
c Antibandwidth problem with w = 35 ( J-nos4.mtx.rnd ):
c Initializing CaDiCaL (version 1.2.1).
c	Configuring CaDiCaL as --sat (1).
c Initializing a Ladder encoder with n = 100.
c Encoding starts with w = 35:
c	Encode symmetry breaking with option: h.
c	Labels and Vertices aux var: 3600
c	Labels and Vertices constraints:  25200
c	Obj k aux var: 13000
c	Obj k constraints: 119126
c	Obj k glue staircase constraints: 63726
c	Encoding duration: 0s
c	Number of clauses: 145376
c	Number of irredundant clauses: 145079
c	Number of variables: 27600
c SAT Solving starts:
[runlim] sample:		169.9 time, 170.9 real, 80.0 MB
[runlim] sample:		179.9 time, 180.9 real, 81.3 MB
[runlim] sample:		189.9 time, 190.9 real, 105.9 MB
[runlim] sample:		199.9 time, 200.9 real, 85.7 MB
[runlim] sample:		209.9 time, 210.9 real, 123.6 MB
[runlim] sample:		219.9 time, 220.9 real, 170.3 MB
[runlim] sample:		229.9 time, 230.9 real, 161.6 MB
[runlim] sample:		239.9 time, 240.9 real, 149.6 MB
[runlim] sample:		249.9 time, 250.9 real, 119.8 MB
[runlim] sample:		259.9 time, 260.9 real, 189.2 MB
[runlim] sample:		269.9 time, 270.9 real, 124.9 MB
[runlim] sample:		279.9 time, 280.9 real, 146.3 MB
[runlim] sample:		289.9 time, 290.9 real, 185.9 MB
[runlim] sample:		299.9 time, 300.9 real, 149.4 MB
[runlim] sample:		309.9 time, 310.9 real, 191.3 MB
[runlim] sample:		319.9 time, 320.9 real, 110.3 MB
[runlim] sample:		329.9 time, 330.9 real, 89.0 MB
[runlim] sample:		339.9 time, 340.9 real, 116.6 MB
[runlim] sample:		349.9 time, 350.9 real, 120.4 MB
[runlim] sample:		359.9 time, 360.9 real, 174.8 MB
[runlim] sample:		369.9 time, 370.9 real, 162.4 MB
[runlim] sample:		379.9 time, 380.9 real, 161.3 MB
[runlim] sample:		389.9 time, 390.9 real, 133.7 MB
[runlim] sample:		399.9 time, 400.9 real, 155.3 MB
[runlim] sample:		409.9 time, 410.9 real, 165.4 MB
[runlim] sample:		419.9 time, 420.9 real, 157.2 MB
[runlim] sample:		429.9 time, 430.9 real, 175.6 MB
[runlim] sample:		439.9 time, 440.9 real, 173.5 MB
[runlim] sample:		449.9 time, 450.9 real, 240.3 MB
[runlim] sample:		459.9 time, 460.9 real, 226.0 MB
[runlim] sample:		469.9 time, 470.9 real, 193.8 MB
[runlim] sample:		479.9 time, 480.9 real, 214.3 MB
[runlim] sample:		489.9 time, 490.9 real, 138.9 MB
[runlim] sample:		499.9 time, 500.9 real, 177.9 MB
[runlim] sample:		509.9 time, 510.9 real, 297.6 MB
[runlim] sample:		519.9 time, 520.9 real, 235.1 MB
[runlim] sample:		529.9 time, 530.9 real, 186.2 MB
[runlim] sample:		539.9 time, 540.9 real, 122.6 MB
[runlim] sample:		549.9 time, 550.9 real, 154.7 MB
[runlim] sample:		559.9 time, 560.9 real, 172.5 MB
c	Solving duration: 401114 ms
c	Answer: 
s SAT (w = 35)
c	Solution check:
p calculated antibandwidth = 35.
c
c
c Antibandwidth problem with w = 36 ( J-nos4.mtx.rnd ):
c Initializing CaDiCaL (version 1.2.1).
c	Configuring CaDiCaL as --sat (1).
c Initializing a Ladder encoder with n = 100.
c Encoding starts with w = 36:
c	Encode symmetry breaking with option: h.
c	Labels and Vertices aux var: 3600
c	Labels and Vertices constraints:  25200
c	Obj k aux var: 13100
c	Obj k constraints: 118338
c	Obj k glue staircase constraints: 62738
c	Encoding duration: 0s
c	Number of clauses: 144588
c	Number of irredundant clauses: 144289
c	Number of variables: 27700
c SAT Solving starts:
[runlim] sample:		569.9 time, 570.9 real, 122.7 MB
[runlim] sample:		579.9 time, 580.9 real, 133.0 MB
[runlim] sample:		589.9 time, 590.9 real, 148.0 MB
[runlim] sample:		599.9 time, 600.9 real, 148.0 MB
[runlim] sample:		609.9 time, 610.9 real, 148.0 MB
[runlim] sample:		619.9 time, 620.9 real, 156.3 MB
[runlim] sample:		629.9 time, 630.9 real, 156.3 MB
[runlim] sample:		639.9 time, 640.9 real, 156.3 MB
[runlim] sample:		649.9 time, 650.9 real, 156.3 MB
[runlim] sample:		659.9 time, 660.9 real, 156.3 MB
[runlim] sample:		669.9 time, 670.9 real, 156.3 MB
[runlim] sample:		679.9 time, 680.9 real, 156.3 MB
[runlim] sample:		689.9 time, 690.9 real, 156.8 MB
[runlim] sample:		699.8 time, 700.9 real, 184.1 MB
[runlim] sample:		709.8 time, 710.9 real, 133.2 MB
[runlim] sample:		719.8 time, 720.9 real, 133.2 MB
[runlim] sample:		729.8 time, 730.9 real, 134.7 MB
[runlim] sample:		739.8 time, 740.9 real, 149.7 MB
[runlim] sample:		749.8 time, 750.9 real, 149.7 MB
[runlim] sample:		759.8 time, 760.9 real, 155.5 MB
[runlim] sample:		769.8 time, 770.9 real, 155.5 MB
[runlim] sample:		779.8 time, 780.9 real, 155.5 MB
[runlim] sample:		789.8 time, 790.9 real, 155.5 MB
[runlim] sample:		799.8 time, 800.9 real, 155.5 MB
[runlim] sample:		809.8 time, 810.9 real, 155.6 MB
[runlim] sample:		819.8 time, 820.9 real, 178.4 MB
[runlim] sample:		829.8 time, 830.9 real, 178.4 MB
[runlim] sample:		839.8 time, 840.9 real, 178.4 MB
[runlim] sample:		849.8 time, 850.9 real, 152.2 MB
[runlim] sample:		859.8 time, 860.9 real, 152.2 MB
[runlim] sample:		869.8 time, 870.9 real, 152.2 MB
[runlim] sample:		879.8 time, 880.9 real, 171.7 MB
c	Solving duration: 318057 ms
c	Answer: 
s UNSAT (w = 36)
c
c
[runlim] end:			Thu Nov 28 23:41:00 2024
[runlim] status:		ok
[runlim] result:		0
[runlim] children:		0
[runlim] real:			883.91 seconds
[runlim] time:			882.82 seconds
[runlim] space:			402.5 MB
[runlim] samples:		8830
