[runlim] version:		1.10
[runlim] time limit:		3600 seconds
[runlim] real time limit:	3600 seconds
[runlim] space limit:		30000 MB
[runlim] argv[0]:		/home/truongxuanhieu/AntiBandwidthReconstruct/build/abw_enc_symbreak
[runlim] argv[1]:		/home/truongxuanhieu/AntiBandwidthReconstruct/build/Benchmarks/K-dwt__234.mtx.rnd
[runlim] argv[2]:		--duplex
[runlim] start:			Thu Aug 15 16:59:49 2024
[runlim] main pid:		8643
[runlim] log captured:
c DuplexEncoder 0.8.
c Solving strategy: from LB to UB.
c LB-w = 46 (LB in Sinnl - A note on computational approaches for the antibandwidth problem).
c UB-w = 58 (UB in Sinnl - A note on computational approaches for the antibandwidth problem).
c Antibandwidth problem with w = 46 ( K-dwt__234.mtx.rnd ):
c Initializing CaDiCaL (version 1.2.1).
c	Configuring CaDiCaL as --sat (1).
c Initializing a Duplex encoder with n = 117.
c Encoding starts with w = 46:
c	Labels and Vertices aux var: 4680
c	Labels and Vertices constraints:  34515
c	Obj k aux var: 37206
c	Obj k constraints: 163899
c	Obj k glue staircase constraints: 45846
c	Encoding duration: 0s
c	Number of clauses: 198472
c	Number of irredundant clauses: 180515
c	Number of variables: 55575
c SAT Solving starts:
[runlim] sample:		10.0 time, 10.9 real, 85.8 MB
[runlim] sample:		20.0 time, 20.9 real, 108.3 MB
c	Solving duration: 24604 ms
c	Answer: 
s SAT (w = 46)
c	Solution check:
p calculated antibandwidth = 46.
c
c
c Antibandwidth problem with w = 47 ( K-dwt__234.mtx.rnd ):
c Initializing CaDiCaL (version 1.2.1).
c	Configuring CaDiCaL as --sat (1).
c Initializing a Duplex encoder with n = 117.
c Encoding starts with w = 47:
c	Labels and Vertices aux var: 4680
c	Labels and Vertices constraints:  34515
c	Obj k aux var: 37440
c	Obj k constraints: 163485
c	Obj k glue staircase constraints: 45198
c	Encoding duration: 0s
c	Number of clauses: 198058
c	Number of irredundant clauses: 180381
c	Number of variables: 55809
c SAT Solving starts:
[runlim] sample:		30.0 time, 30.9 real, 106.2 MB
[runlim] sample:		40.0 time, 40.9 real, 108.2 MB
[runlim] sample:		50.0 time, 50.9 real, 120.0 MB
[runlim] sample:		60.0 time, 60.9 real, 154.5 MB
[runlim] sample:		70.0 time, 70.9 real, 164.4 MB
[runlim] sample:		80.0 time, 80.9 real, 161.4 MB
c	Solving duration: 63547 ms
c	Answer: 
s SAT (w = 47)
c	Solution check:
p calculated antibandwidth = 47.
c
c
c Antibandwidth problem with w = 48 ( K-dwt__234.mtx.rnd ):
c Initializing CaDiCaL (version 1.2.1).
c	Configuring CaDiCaL as --sat (1).
c Initializing a Duplex encoder with n = 117.
c Encoding starts with w = 48:
c	Labels and Vertices aux var: 4680
c	Labels and Vertices constraints:  34515
c	Obj k aux var: 37674
c	Obj k constraints: 163071
c	Obj k glue staircase constraints: 44550
c	Encoding duration: 0s
c	Number of clauses: 197644
c	Number of irredundant clauses: 180247
c	Number of variables: 56043
c SAT Solving starts:
[runlim] sample:		90.0 time, 90.9 real, 120.4 MB
[runlim] sample:		100.0 time, 100.9 real, 120.4 MB
[runlim] sample:		110.0 time, 110.9 real, 126.5 MB
[runlim] sample:		120.0 time, 120.9 real, 126.5 MB
[runlim] sample:		130.0 time, 130.9 real, 160.1 MB
[runlim] sample:		140.0 time, 140.9 real, 181.8 MB
[runlim] sample:		150.0 time, 150.9 real, 203.7 MB
[runlim] sample:		160.0 time, 160.9 real, 129.6 MB
[runlim] sample:		170.0 time, 170.9 real, 180.7 MB
[runlim] sample:		180.0 time, 180.9 real, 190.2 MB
[runlim] sample:		190.0 time, 190.9 real, 205.7 MB
[runlim] sample:		200.0 time, 200.9 real, 159.0 MB
[runlim] sample:		210.0 time, 210.9 real, 159.0 MB
[runlim] sample:		220.0 time, 220.9 real, 159.0 MB
[runlim] sample:		230.0 time, 230.9 real, 162.1 MB
[runlim] sample:		240.0 time, 240.9 real, 162.1 MB
[runlim] sample:		250.0 time, 250.9 real, 164.4 MB
[runlim] sample:		260.0 time, 260.9 real, 164.6 MB
c	Solving duration: 180571 ms
c	Answer: 
s SAT (w = 48)
c	Solution check:
p calculated antibandwidth = 48.
c
c
c Antibandwidth problem with w = 49 ( K-dwt__234.mtx.rnd ):
c Initializing CaDiCaL (version 1.2.1).
c	Configuring CaDiCaL as --sat (1).
c Initializing a Duplex encoder with n = 117.
c Encoding starts with w = 49:
c	Labels and Vertices aux var: 4680
c	Labels and Vertices constraints:  34515
c	Obj k aux var: 37908
c	Obj k constraints: 162657
c	Obj k glue staircase constraints: 43902
c	Encoding duration: 0s
c	Number of clauses: 197230
c	Number of irredundant clauses: 180113
c	Number of variables: 56277
c SAT Solving starts:
[runlim] sample:		270.0 time, 270.9 real, 164.6 MB
[runlim] sample:		280.0 time, 280.9 real, 164.6 MB
c	Solving duration: 11258 ms
c	Answer: 
s SAT (w = 49)
c	Solution check:
p calculated antibandwidth = 49.
c
c
c Antibandwidth problem with w = 50 ( K-dwt__234.mtx.rnd ):
c Initializing CaDiCaL (version 1.2.1).
c	Configuring CaDiCaL as --sat (1).
c Initializing a Duplex encoder with n = 117.
c Encoding starts with w = 50:
c	Labels and Vertices aux var: 4680
c	Labels and Vertices constraints:  34515
c	Obj k aux var: 38142
c	Obj k constraints: 162243
c	Obj k glue staircase constraints: 43254
c	Encoding duration: 0s
c	Number of clauses: 196816
c	Number of irredundant clauses: 179979
c	Number of variables: 56511
c SAT Solving starts:
[runlim] sample:		290.0 time, 290.9 real, 164.6 MB
[runlim] sample:		300.0 time, 300.9 real, 164.6 MB
[runlim] sample:		310.0 time, 310.9 real, 164.6 MB
[runlim] sample:		320.0 time, 320.9 real, 164.6 MB
[runlim] sample:		330.0 time, 330.9 real, 164.6 MB
[runlim] sample:		340.0 time, 340.9 real, 172.8 MB
[runlim] sample:		350.0 time, 350.9 real, 172.8 MB
[runlim] sample:		360.0 time, 360.9 real, 172.8 MB
[runlim] sample:		370.0 time, 370.9 real, 172.8 MB
[runlim] sample:		380.0 time, 380.9 real, 220.9 MB
[runlim] sample:		390.0 time, 390.9 real, 208.3 MB
[runlim] sample:		400.0 time, 400.9 real, 176.9 MB
[runlim] sample:		410.0 time, 410.9 real, 225.6 MB
[runlim] sample:		420.0 time, 420.9 real, 210.5 MB
[runlim] sample:		430.0 time, 430.9 real, 176.9 MB
[runlim] sample:		440.0 time, 440.9 real, 176.9 MB
[runlim] sample:		450.0 time, 450.9 real, 176.9 MB
[runlim] sample:		460.0 time, 460.9 real, 176.9 MB
[runlim] sample:		470.0 time, 470.9 real, 176.9 MB
[runlim] sample:		480.0 time, 480.9 real, 199.2 MB
[runlim] sample:		490.0 time, 490.9 real, 199.9 MB
[runlim] sample:		499.9 time, 500.9 real, 228.7 MB
[runlim] sample:		509.9 time, 510.9 real, 209.6 MB
[runlim] sample:		520.0 time, 520.9 real, 263.5 MB
[runlim] sample:		530.0 time, 530.9 real, 257.5 MB
[runlim] sample:		540.0 time, 540.9 real, 256.5 MB
[runlim] sample:		550.0 time, 550.9 real, 241.1 MB
[runlim] sample:		560.0 time, 560.9 real, 257.5 MB
[runlim] sample:		570.0 time, 570.9 real, 313.6 MB
[runlim] sample:		579.9 time, 580.9 real, 340.0 MB
[runlim] sample:		590.0 time, 590.9 real, 301.7 MB
[runlim] sample:		600.0 time, 600.9 real, 299.5 MB
[runlim] sample:		609.9 time, 610.9 real, 192.3 MB
[runlim] sample:		619.9 time, 620.9 real, 192.3 MB
[runlim] sample:		629.9 time, 630.9 real, 248.1 MB
[runlim] sample:		639.9 time, 640.9 real, 219.9 MB
[runlim] sample:		649.9 time, 650.9 real, 219.9 MB
[runlim] sample:		659.9 time, 660.9 real, 239.2 MB
[runlim] sample:		669.9 time, 670.9 real, 239.2 MB
[runlim] sample:		679.9 time, 680.9 real, 239.2 MB
[runlim] sample:		689.9 time, 690.9 real, 229.4 MB
[runlim] sample:		699.9 time, 700.9 real, 440.3 MB
[runlim] sample:		709.9 time, 710.9 real, 377.7 MB
[runlim] sample:		719.9 time, 720.9 real, 311.9 MB
[runlim] sample:		729.9 time, 730.9 real, 311.9 MB
[runlim] sample:		739.9 time, 740.9 real, 258.7 MB
[runlim] sample:		749.9 time, 750.9 real, 284.2 MB
[runlim] sample:		759.9 time, 760.9 real, 284.2 MB
[runlim] sample:		769.9 time, 770.9 real, 263.8 MB
[runlim] sample:		779.9 time, 780.9 real, 285.4 MB
[runlim] sample:		789.9 time, 790.9 real, 306.7 MB
[runlim] sample:		799.9 time, 800.9 real, 299.1 MB
[runlim] sample:		809.9 time, 810.9 real, 288.7 MB
[runlim] sample:		819.9 time, 820.9 real, 254.4 MB
[runlim] sample:		829.9 time, 830.9 real, 287.0 MB
[runlim] sample:		839.9 time, 840.9 real, 405.3 MB
[runlim] sample:		849.9 time, 850.9 real, 373.0 MB
[runlim] sample:		859.9 time, 860.9 real, 254.6 MB
[runlim] sample:		869.9 time, 870.9 real, 254.6 MB
[runlim] sample:		879.9 time, 880.9 real, 293.6 MB
[runlim] sample:		889.9 time, 890.9 real, 254.6 MB
[runlim] sample:		899.9 time, 900.9 real, 254.6 MB
[runlim] sample:		909.9 time, 910.9 real, 356.0 MB
[runlim] sample:		919.9 time, 920.9 real, 375.1 MB
[runlim] sample:		929.9 time, 930.9 real, 375.1 MB
[runlim] sample:		939.9 time, 940.9 real, 254.6 MB
[runlim] sample:		949.9 time, 950.9 real, 305.3 MB
[runlim] sample:		959.9 time, 960.9 real, 312.6 MB
[runlim] sample:		969.9 time, 970.9 real, 303.9 MB
[runlim] sample:		979.9 time, 980.9 real, 257.5 MB
[runlim] sample:		989.9 time, 990.9 real, 298.4 MB
[runlim] sample:		999.9 time, 1000.9 real, 298.4 MB
[runlim] sample:		1009.9 time, 1010.9 real, 455.3 MB
[runlim] sample:		1019.9 time, 1020.9 real, 455.3 MB
[runlim] sample:		1029.9 time, 1030.9 real, 427.2 MB
[runlim] sample:		1039.9 time, 1040.9 real, 297.3 MB
[runlim] sample:		1049.9 time, 1050.9 real, 320.6 MB
[runlim] sample:		1059.9 time, 1060.9 real, 335.2 MB
[runlim] sample:		1069.9 time, 1070.9 real, 257.6 MB
[runlim] sample:		1079.9 time, 1080.9 real, 257.6 MB
[runlim] sample:		1089.9 time, 1090.9 real, 257.6 MB
[runlim] sample:		1099.9 time, 1100.9 real, 363.1 MB
[runlim] sample:		1109.9 time, 1110.9 real, 400.1 MB
[runlim] sample:		1119.9 time, 1120.9 real, 563.1 MB
[runlim] sample:		1129.9 time, 1130.9 real, 481.8 MB
c	Solving duration: 854371 ms
c	Answer: 
s SAT (w = 50)
c	Solution check:
p calculated antibandwidth = 50.
c
c
c Antibandwidth problem with w = 51 ( K-dwt__234.mtx.rnd ):
c Initializing CaDiCaL (version 1.2.1).
c	Configuring CaDiCaL as --sat (1).
c Initializing a Duplex encoder with n = 117.
c Encoding starts with w = 51:
c	Labels and Vertices aux var: 4680
c	Labels and Vertices constraints:  34515
c	Obj k aux var: 38376
c	Obj k constraints: 161829
c	Obj k glue staircase constraints: 42606
c	Encoding duration: 0s
c	Number of clauses: 196402
c	Number of irredundant clauses: 179845
c	Number of variables: 56745
c SAT Solving starts:
[runlim] sample:		1139.9 time, 1140.9 real, 322.4 MB
[runlim] sample:		1149.9 time, 1150.9 real, 322.4 MB
[runlim] sample:		1159.9 time, 1160.9 real, 322.4 MB
[runlim] sample:		1169.9 time, 1170.9 real, 322.4 MB
[runlim] sample:		1179.9 time, 1180.9 real, 322.4 MB
[runlim] sample:		1189.9 time, 1190.9 real, 322.7 MB
[runlim] sample:		1199.9 time, 1200.9 real, 322.7 MB
[runlim] sample:		1209.9 time, 1210.9 real, 322.7 MB
[runlim] sample:		1219.9 time, 1220.9 real, 322.7 MB
[runlim] sample:		1229.9 time, 1230.9 real, 322.7 MB
[runlim] sample:		1239.9 time, 1240.9 real, 322.7 MB
[runlim] sample:		1249.9 time, 1250.9 real, 322.7 MB
[runlim] sample:		1259.9 time, 1260.9 real, 322.7 MB
[runlim] sample:		1269.9 time, 1270.9 real, 322.7 MB
[runlim] sample:		1279.9 time, 1280.9 real, 322.7 MB
[runlim] sample:		1289.9 time, 1290.9 real, 322.7 MB
[runlim] sample:		1299.9 time, 1300.9 real, 322.7 MB
[runlim] sample:		1309.9 time, 1310.9 real, 322.7 MB
[runlim] sample:		1319.9 time, 1320.9 real, 322.7 MB
[runlim] sample:		1329.9 time, 1330.9 real, 322.7 MB
[runlim] sample:		1339.9 time, 1340.9 real, 322.7 MB
[runlim] sample:		1349.9 time, 1350.9 real, 322.7 MB
[runlim] sample:		1359.9 time, 1360.9 real, 322.7 MB
[runlim] sample:		1369.9 time, 1370.9 real, 322.7 MB
[runlim] sample:		1379.9 time, 1380.9 real, 322.7 MB
[runlim] sample:		1389.9 time, 1390.9 real, 322.7 MB
[runlim] sample:		1399.9 time, 1400.9 real, 322.7 MB
[runlim] sample:		1409.9 time, 1410.9 real, 397.4 MB
[runlim] sample:		1419.9 time, 1420.9 real, 322.9 MB
[runlim] sample:		1429.9 time, 1430.9 real, 418.0 MB
[runlim] sample:		1439.9 time, 1440.9 real, 442.5 MB
[runlim] sample:		1449.9 time, 1450.9 real, 426.1 MB
[runlim] sample:		1459.9 time, 1460.9 real, 416.2 MB
[runlim] sample:		1469.9 time, 1470.9 real, 322.9 MB
[runlim] sample:		1479.9 time, 1480.9 real, 322.9 MB
[runlim] sample:		1489.9 time, 1490.9 real, 322.9 MB
[runlim] sample:		1499.9 time, 1500.9 real, 322.9 MB
[runlim] sample:		1509.9 time, 1510.9 real, 475.2 MB
[runlim] sample:		1519.9 time, 1520.9 real, 449.4 MB
[runlim] sample:		1529.9 time, 1530.9 real, 452.7 MB
[runlim] sample:		1539.9 time, 1540.9 real, 437.1 MB
[runlim] sample:		1549.9 time, 1550.9 real, 322.9 MB
[runlim] sample:		1559.9 time, 1560.9 real, 442.9 MB
[runlim] sample:		1569.9 time, 1570.9 real, 517.2 MB
[runlim] sample:		1579.9 time, 1580.9 real, 465.0 MB
[runlim] sample:		1589.9 time, 1590.9 real, 322.9 MB
[runlim] sample:		1599.9 time, 1600.9 real, 322.9 MB
[runlim] sample:		1609.9 time, 1610.9 real, 322.9 MB
[runlim] sample:		1619.9 time, 1620.9 real, 372.9 MB
[runlim] sample:		1629.9 time, 1630.9 real, 322.9 MB
[runlim] sample:		1639.9 time, 1640.9 real, 365.7 MB
[runlim] sample:		1649.9 time, 1650.9 real, 322.9 MB
[runlim] sample:		1659.9 time, 1660.9 real, 322.9 MB
[runlim] sample:		1669.9 time, 1670.9 real, 322.9 MB
[runlim] sample:		1679.9 time, 1680.9 real, 455.4 MB
[runlim] sample:		1689.9 time, 1690.9 real, 503.2 MB
[runlim] sample:		1699.9 time, 1700.9 real, 434.4 MB
[runlim] sample:		1709.9 time, 1710.9 real, 340.0 MB
[runlim] sample:		1719.9 time, 1720.9 real, 449.6 MB
[runlim] sample:		1729.9 time, 1730.9 real, 481.3 MB
[runlim] sample:		1739.9 time, 1740.9 real, 340.1 MB
[runlim] sample:		1749.9 time, 1750.9 real, 340.1 MB
[runlim] sample:		1759.9 time, 1760.9 real, 409.5 MB
[runlim] sample:		1769.9 time, 1770.9 real, 340.1 MB
[runlim] sample:		1779.9 time, 1780.9 real, 340.1 MB
[runlim] sample:		1789.9 time, 1790.9 real, 340.1 MB
[runlim] sample:		1799.9 time, 1800.9 real, 419.3 MB
[runlim] sample:		1809.9 time, 1810.9 real, 409.9 MB
[runlim] sample:		1819.9 time, 1820.9 real, 340.1 MB
[runlim] sample:		1829.9 time, 1830.9 real, 373.1 MB
[runlim] sample:		1839.9 time, 1840.9 real, 411.4 MB
[runlim] sample:		1849.9 time, 1850.9 real, 420.2 MB
[runlim] sample:		1859.9 time, 1860.9 real, 340.1 MB
[runlim] sample:		1869.9 time, 1870.9 real, 342.9 MB
[runlim] sample:		1879.9 time, 1880.9 real, 342.9 MB
[runlim] sample:		1889.9 time, 1890.9 real, 510.7 MB
[runlim] sample:		1899.9 time, 1900.9 real, 552.2 MB
[runlim] sample:		1909.9 time, 1910.9 real, 552.2 MB
[runlim] sample:		1919.9 time, 1920.9 real, 559.9 MB
[runlim] sample:		1929.9 time, 1930.9 real, 559.9 MB
[runlim] sample:		1939.9 time, 1940.9 real, 530.3 MB
[runlim] sample:		1949.9 time, 1950.9 real, 390.3 MB
[runlim] sample:		1959.9 time, 1960.9 real, 389.8 MB
[runlim] sample:		1969.9 time, 1970.9 real, 343.0 MB
[runlim] sample:		1979.9 time, 1980.9 real, 343.0 MB
[runlim] sample:		1989.9 time, 1990.9 real, 343.0 MB
[runlim] sample:		1999.9 time, 2000.9 real, 391.2 MB
[runlim] sample:		2009.9 time, 2010.9 real, 599.1 MB
[runlim] sample:		2019.9 time, 2020.9 real, 599.1 MB
[runlim] sample:		2029.9 time, 2030.9 real, 551.0 MB
[runlim] sample:		2039.9 time, 2040.9 real, 543.9 MB
[runlim] sample:		2049.9 time, 2050.9 real, 480.6 MB
[runlim] sample:		2059.9 time, 2060.9 real, 401.2 MB
[runlim] sample:		2069.9 time, 2070.9 real, 401.2 MB
[runlim] sample:		2079.9 time, 2080.9 real, 512.3 MB
[runlim] sample:		2089.9 time, 2090.9 real, 512.3 MB
[runlim] sample:		2099.9 time, 2100.9 real, 558.0 MB
[runlim] sample:		2109.9 time, 2110.9 real, 391.5 MB
[runlim] sample:		2119.9 time, 2120.9 real, 399.2 MB
[runlim] sample:		2129.9 time, 2130.9 real, 423.5 MB
[runlim] sample:		2139.9 time, 2140.9 real, 492.4 MB
[runlim] sample:		2149.9 time, 2150.9 real, 492.4 MB
[runlim] sample:		2159.9 time, 2160.9 real, 587.1 MB
[runlim] sample:		2169.9 time, 2170.9 real, 587.1 MB
[runlim] sample:		2179.9 time, 2180.9 real, 589.2 MB
[runlim] sample:		2189.9 time, 2190.9 real, 508.1 MB
[runlim] sample:		2199.9 time, 2200.9 real, 408.0 MB
[runlim] sample:		2209.9 time, 2210.9 real, 408.0 MB
[runlim] sample:		2219.9 time, 2220.9 real, 489.3 MB
[runlim] sample:		2229.9 time, 2230.9 real, 489.3 MB
[runlim] sample:		2239.9 time, 2240.9 real, 392.7 MB
[runlim] sample:		2249.9 time, 2250.9 real, 347.2 MB
[runlim] sample:		2259.9 time, 2260.9 real, 382.2 MB
[runlim] sample:		2269.9 time, 2270.9 real, 394.9 MB
[runlim] sample:		2279.9 time, 2280.9 real, 544.8 MB
[runlim] sample:		2289.9 time, 2290.9 real, 544.8 MB
[runlim] sample:		2299.9 time, 2300.9 real, 526.2 MB
[runlim] sample:		2309.9 time, 2310.9 real, 400.4 MB
[runlim] sample:		2319.9 time, 2320.9 real, 389.0 MB
[runlim] sample:		2329.9 time, 2330.9 real, 387.3 MB
[runlim] sample:		2339.9 time, 2340.9 real, 598.5 MB
[runlim] sample:		2349.9 time, 2350.9 real, 598.5 MB
[runlim] sample:		2359.9 time, 2360.9 real, 623.0 MB
[runlim] sample:		2369.9 time, 2370.9 real, 832.0 MB
[runlim] sample:		2379.9 time, 2380.9 real, 832.2 MB
[runlim] sample:		2389.9 time, 2390.9 real, 832.2 MB
[runlim] sample:		2399.9 time, 2400.9 real, 694.8 MB
[runlim] sample:		2409.9 time, 2410.9 real, 465.2 MB
[runlim] sample:		2419.9 time, 2420.9 real, 465.2 MB
[runlim] sample:		2429.9 time, 2430.9 real, 636.4 MB
[runlim] sample:		2439.9 time, 2440.9 real, 636.4 MB
[runlim] sample:		2449.9 time, 2450.9 real, 554.6 MB
[runlim] sample:		2459.9 time, 2460.9 real, 495.4 MB
[runlim] sample:		2469.9 time, 2470.9 real, 363.5 MB
[runlim] sample:		2479.9 time, 2480.9 real, 363.5 MB
[runlim] sample:		2489.8 time, 2490.9 real, 393.2 MB
[runlim] sample:		2499.9 time, 2500.9 real, 416.7 MB
[runlim] sample:		2509.8 time, 2510.9 real, 426.2 MB
[runlim] sample:		2519.9 time, 2520.9 real, 596.3 MB
[runlim] sample:		2529.9 time, 2530.9 real, 596.3 MB
[runlim] sample:		2539.9 time, 2540.9 real, 539.2 MB
[runlim] sample:		2549.8 time, 2550.9 real, 405.2 MB
[runlim] sample:		2559.8 time, 2560.9 real, 380.1 MB
[runlim] sample:		2569.9 time, 2570.9 real, 390.9 MB
[runlim] sample:		2579.8 time, 2580.9 real, 408.2 MB
[runlim] sample:		2589.8 time, 2590.9 real, 393.8 MB
[runlim] sample:		2599.8 time, 2600.9 real, 388.0 MB
[runlim] sample:		2609.8 time, 2610.9 real, 382.4 MB
[runlim] sample:		2619.8 time, 2620.9 real, 382.4 MB
[runlim] sample:		2629.8 time, 2630.9 real, 387.8 MB
[runlim] sample:		2639.8 time, 2640.9 real, 387.8 MB
[runlim] sample:		2649.8 time, 2650.9 real, 597.7 MB
[runlim] sample:		2659.8 time, 2660.9 real, 597.7 MB
[runlim] sample:		2669.8 time, 2670.9 real, 601.2 MB
[runlim] sample:		2679.8 time, 2680.9 real, 601.2 MB
[runlim] sample:		2689.8 time, 2690.9 real, 461.9 MB
[runlim] sample:		2699.8 time, 2700.9 real, 401.3 MB
[runlim] sample:		2709.8 time, 2710.9 real, 393.6 MB
[runlim] sample:		2719.8 time, 2720.9 real, 393.6 MB
[runlim] sample:		2729.8 time, 2730.9 real, 614.8 MB
[runlim] sample:		2739.8 time, 2740.9 real, 466.8 MB
[runlim] sample:		2749.8 time, 2750.9 real, 466.8 MB
[runlim] sample:		2759.8 time, 2760.9 real, 423.4 MB
[runlim] sample:		2769.8 time, 2770.9 real, 423.4 MB
[runlim] sample:		2779.8 time, 2780.9 real, 432.1 MB
[runlim] sample:		2789.8 time, 2790.9 real, 432.1 MB
[runlim] sample:		2799.8 time, 2800.9 real, 454.5 MB
[runlim] sample:		2809.8 time, 2810.9 real, 454.5 MB
[runlim] sample:		2819.8 time, 2820.9 real, 445.9 MB
[runlim] sample:		2829.8 time, 2830.9 real, 416.6 MB
[runlim] sample:		2839.8 time, 2840.9 real, 416.6 MB
[runlim] sample:		2849.8 time, 2850.9 real, 362.5 MB
[runlim] sample:		2859.8 time, 2860.9 real, 398.5 MB
[runlim] sample:		2869.8 time, 2870.9 real, 362.5 MB
[runlim] sample:		2879.8 time, 2880.9 real, 404.8 MB
[runlim] sample:		2889.8 time, 2890.9 real, 362.5 MB
[runlim] sample:		2899.8 time, 2900.9 real, 404.0 MB
[runlim] sample:		2909.8 time, 2910.9 real, 404.0 MB
[runlim] sample:		2919.8 time, 2920.9 real, 426.7 MB
[runlim] sample:		2929.8 time, 2930.9 real, 362.5 MB
[runlim] sample:		2939.8 time, 2940.9 real, 402.3 MB
[runlim] sample:		2949.8 time, 2950.9 real, 402.3 MB
[runlim] sample:		2959.8 time, 2960.9 real, 457.9 MB
[runlim] sample:		2969.8 time, 2970.9 real, 457.9 MB
[runlim] sample:		2979.8 time, 2980.9 real, 438.4 MB
[runlim] sample:		2989.8 time, 2990.9 real, 438.4 MB
[runlim] sample:		2999.8 time, 3000.9 real, 532.6 MB
[runlim] sample:		3009.8 time, 3010.9 real, 532.6 MB
[runlim] sample:		3019.8 time, 3020.9 real, 460.5 MB
[runlim] sample:		3029.8 time, 3030.9 real, 362.5 MB
[runlim] sample:		3039.8 time, 3040.9 real, 362.5 MB
[runlim] sample:		3049.8 time, 3050.9 real, 397.5 MB
[runlim] sample:		3059.8 time, 3060.9 real, 362.5 MB
[runlim] sample:		3069.8 time, 3070.9 real, 399.5 MB
[runlim] sample:		3079.8 time, 3080.9 real, 399.5 MB
[runlim] sample:		3089.8 time, 3090.9 real, 362.5 MB
[runlim] sample:		3099.8 time, 3100.9 real, 405.7 MB
[runlim] sample:		3109.8 time, 3110.9 real, 405.7 MB
[runlim] sample:		3119.8 time, 3120.9 real, 362.5 MB
[runlim] sample:		3129.8 time, 3130.9 real, 362.5 MB
[runlim] sample:		3139.8 time, 3140.9 real, 400.3 MB
[runlim] sample:		3149.8 time, 3150.9 real, 414.5 MB
[runlim] sample:		3159.8 time, 3160.9 real, 362.5 MB
[runlim] sample:		3169.8 time, 3170.9 real, 409.3 MB
[runlim] sample:		3179.8 time, 3180.9 real, 362.9 MB
[runlim] sample:		3189.8 time, 3190.9 real, 362.9 MB
[runlim] sample:		3199.8 time, 3200.9 real, 407.8 MB
[runlim] sample:		3209.8 time, 3210.9 real, 407.8 MB
[runlim] sample:		3219.8 time, 3220.9 real, 362.9 MB
[runlim] sample:		3229.8 time, 3230.9 real, 413.4 MB
[runlim] sample:		3239.8 time, 3240.9 real, 362.9 MB
[runlim] sample:		3249.8 time, 3250.9 real, 394.6 MB
[runlim] sample:		3259.8 time, 3260.9 real, 394.6 MB
[runlim] sample:		3269.8 time, 3270.9 real, 362.9 MB
[runlim] sample:		3279.8 time, 3280.9 real, 362.9 MB
[runlim] sample:		3289.8 time, 3290.9 real, 415.4 MB
[runlim] sample:		3299.8 time, 3300.9 real, 415.4 MB
[runlim] sample:		3309.8 time, 3310.9 real, 415.4 MB
[runlim] sample:		3319.8 time, 3320.9 real, 434.8 MB
[runlim] sample:		3329.8 time, 3330.9 real, 434.8 MB
[runlim] sample:		3339.8 time, 3340.9 real, 426.7 MB
[runlim] sample:		3349.8 time, 3350.9 real, 417.0 MB
[runlim] sample:		3359.8 time, 3360.9 real, 417.0 MB
[runlim] sample:		3369.8 time, 3370.9 real, 417.0 MB
[runlim] sample:		3379.8 time, 3380.9 real, 362.9 MB
[runlim] sample:		3389.8 time, 3390.9 real, 362.9 MB
[runlim] sample:		3399.8 time, 3400.9 real, 424.4 MB
[runlim] sample:		3409.8 time, 3410.9 real, 424.4 MB
[runlim] sample:		3419.8 time, 3420.9 real, 438.8 MB
[runlim] sample:		3429.8 time, 3430.9 real, 431.0 MB
[runlim] sample:		3439.8 time, 3440.9 real, 431.0 MB
[runlim] sample:		3449.8 time, 3450.9 real, 431.0 MB
[runlim] sample:		3459.8 time, 3460.9 real, 442.9 MB
[runlim] sample:		3469.8 time, 3470.9 real, 442.9 MB
[runlim] sample:		3479.8 time, 3480.9 real, 442.9 MB
[runlim] sample:		3489.8 time, 3490.9 real, 435.6 MB
[runlim] sample:		3499.8 time, 3500.9 real, 435.6 MB
[runlim] sample:		3509.8 time, 3510.9 real, 448.6 MB
[runlim] sample:		3519.8 time, 3520.9 real, 448.6 MB
[runlim] sample:		3529.8 time, 3530.9 real, 448.6 MB
[runlim] sample:		3539.8 time, 3540.9 real, 491.1 MB
[runlim] sample:		3549.8 time, 3550.9 real, 491.1 MB
[runlim] sample:		3559.8 time, 3560.9 real, 491.1 MB
[runlim] sample:		3569.8 time, 3570.9 real, 472.0 MB
[runlim] sample:		3579.8 time, 3580.9 real, 417.5 MB
[runlim] sample:		3589.8 time, 3590.9 real, 417.5 MB
c Signal interruption.
[runlim] end:			Thu Aug 15 17:59:49 2024
[runlim] status:		out of time
[runlim] result:		2
[runlim] children:		0
[runlim] real:			3600.10 seconds
[runlim] time:			3599.02 seconds
[runlim] space:			1082.6 MB
[runlim] samples:		35992
