[runlim] version:		1.10
[runlim] time limit:		3600 seconds
[runlim] real time limit:	3600 seconds
[runlim] space limit:		30000 MB
[runlim] argv[0]:		/home/truongxuanhieu/AntiBandwidthReconstruct/build/abw_enc_symbreak
[runlim] argv[1]:		/home/truongxuanhieu/AntiBandwidthReconstruct/build/Benchmarks/L-bcspwr03.mtx.rnd
[runlim] argv[2]:		--duplex
[runlim] start:			Thu Aug 15 17:59:49 2024
[runlim] main pid:		13943
[runlim] log captured:
c DuplexEncoder 0.8.
c Solving strategy: from LB to UB.
c LB-w = 39 (LB in Sinnl - A note on computational approaches for the antibandwidth problem).
c UB-w = 39 (UB in Sinnl - A note on computational approaches for the antibandwidth problem).
c Antibandwidth problem with w = 39 ( L-bcspwr03.mtx.rnd ):
c Initializing CaDiCaL (version 1.2.1).
c	Configuring CaDiCaL as --sat (1).
c Initializing a Duplex encoder with n = 118.
c Encoding starts with w = 39:
c	Labels and Vertices aux var: 4720
c	Labels and Vertices constraints:  35400
c	Obj k aux var: 44840
c	Obj k constraints: 195914
c	Obj k glue staircase constraints: 55848
c	Encoding duration: 0s
c	Number of clauses: 231373
c	Number of irredundant clauses: 211968
c	Number of variables: 63484
c SAT Solving starts:
c	Solving duration: 436 ms
c	Answer: 
s SAT (w = 39)
c	Solution check:
p calculated antibandwidth = 39.
c
c
[runlim] end:			Thu Aug 15 17:59:49 2024
[runlim] status:		ok
[runlim] result:		0
[runlim] children:		0
[runlim] real:			0.65 seconds
[runlim] time:			0.48 seconds
[runlim] space:			53.5 MB
[runlim] samples:		5
