[runlim] version:		1.10
[runlim] time limit:		3600 seconds
[runlim] real time limit:	3600 seconds
[runlim] space limit:		30000 MB
[runlim] argv[0]:		/home/truongxuanhieu/AntiBandwidthReconstruct/build/abw_enc_symbreak
[runlim] argv[1]:		/home/truongxuanhieu/AntiBandwidthReconstruct/build/BenchmarksAdd/M-bcsstk06.mtx.rnd
[runlim] argv[2]:		--duplexNSC
[runlim] start:			Fri Aug 16 04:16:18 2024
[runlim] main pid:		61402
[runlim] log captured:
c DuplexEncoder 0.8.
c Solving strategy: from LB to UB.
c LB-w = 28 (LB in Sinnl - A note on computational approaches for the antibandwidth problem).
c UB-w = 72 (UB in Sinnl - A note on computational approaches for the antibandwidth problem).
c Antibandwidth problem with w = 28 ( M-bcsstk06.mtx.rnd ):
c Initializing CaDiCaL (version 1.2.1).
c	Configuring CaDiCaL as --sat (1).
c Initializing a DuplexNSC encoder with n = 420.
c Encoding starts with w = 28:
c	Labels and Vertices aux var: 32760
c	Labels and Vertices constraints:  445200
c	Obj k aux var: 312060
c	Obj k constraints: 6961860
c	Obj k glue staircase constraints: 5680440
c	Encoding duration: 2s
c	Number of clauses: 7407270
c	Number of irredundant clauses: 7405051
c	Number of variables: 521220
c SAT Solving starts:
c	Solving duration: 1568 ms
c	Answer: 
s SAT (w = 28)
c	Solution check:
p calculated antibandwidth = 28.
c
c
c Antibandwidth problem with w = 29 ( M-bcsstk06.mtx.rnd ):
c Initializing CaDiCaL (version 1.2.1).
c	Configuring CaDiCaL as --sat (1).
c Initializing a DuplexNSC encoder with n = 420.
c Encoding starts with w = 29:
c	Labels and Vertices aux var: 32760
c	Labels and Vertices constraints:  445200
c	Obj k aux var: 317520
c	Obj k constraints: 6974520
c	Obj k glue staircase constraints: 5676720
c	Encoding duration: 2s
c	Number of clauses: 7419930
c	Number of irredundant clauses: 7417767
c	Number of variables: 526680
c SAT Solving starts:
[runlim] sample:		10.0 time, 10.9 real, 964.6 MB
c	Solving duration: 9998 ms
c	Answer: 
s SAT (w = 29)
c	Solution check:
p calculated antibandwidth = 29.
c
c
c Antibandwidth problem with w = 30 ( M-bcsstk06.mtx.rnd ):
c Initializing CaDiCaL (version 1.2.1).
c	Configuring CaDiCaL as --sat (1).
c Initializing a DuplexNSC encoder with n = 420.
c Encoding starts with w = 30:
c	Labels and Vertices aux var: 32760
c	Labels and Vertices constraints:  439320
c	Obj k aux var: 311640
c	Obj k constraints: 6940740
c	Obj k glue staircase constraints: 5661840
c	Encoding duration: 2s
c	Number of clauses: 7380270
c	Number of irredundant clauses: 7378124
c	Number of variables: 520800
c SAT Solving starts:
[runlim] sample:		20.0 time, 20.9 real, 826.5 MB
c	Solving duration: 10634 ms
c	Answer: 
s SAT (w = 30)
c	Solution check:
p calculated antibandwidth = 30.
c
c
c Antibandwidth problem with w = 31 ( M-bcsstk06.mtx.rnd ):
c Initializing CaDiCaL (version 1.2.1).
c	Configuring CaDiCaL as --sat (1).
c Initializing a DuplexNSC encoder with n = 420.
c Encoding starts with w = 31:
[runlim] sample:		30.0 time, 30.9 real, 722.8 MB
c	Labels and Vertices aux var: 32760
c	Labels and Vertices constraints:  439320
c	Obj k aux var: 316680
c	Obj k constraints: 6952140
c	Obj k glue staircase constraints: 5658120
c	Encoding duration: 2s
c	Number of clauses: 7391670
c	Number of irredundant clauses: 7389510
c	Number of variables: 525840
c SAT Solving starts:
[runlim] sample:		40.0 time, 40.9 real, 996.9 MB
[runlim] sample:		50.0 time, 50.9 real, 1013.0 MB
[runlim] sample:		60.0 time, 60.9 real, 1012.9 MB
[runlim] sample:		70.0 time, 70.9 real, 1012.6 MB
[runlim] sample:		80.0 time, 80.9 real, 1015.3 MB
[runlim] sample:		90.0 time, 90.9 real, 1026.5 MB
[runlim] sample:		100.0 time, 100.9 real, 1037.7 MB
[runlim] sample:		110.0 time, 110.9 real, 1036.0 MB
[runlim] sample:		120.0 time, 120.9 real, 1074.6 MB
[runlim] sample:		130.0 time, 130.9 real, 1025.3 MB
[runlim] sample:		140.0 time, 140.9 real, 1019.9 MB
[runlim] sample:		150.0 time, 150.9 real, 1016.1 MB
[runlim] sample:		160.0 time, 160.9 real, 1023.0 MB
[runlim] sample:		170.0 time, 170.9 real, 1034.1 MB
[runlim] sample:		180.0 time, 180.9 real, 1027.0 MB
c	Solving duration: 154517 ms
c	Answer: 
s SAT (w = 31)
c	Solution check:
p calculated antibandwidth = 31.
c
c
c Antibandwidth problem with w = 32 ( M-bcsstk06.mtx.rnd ):
c Initializing CaDiCaL (version 1.2.1).
c	Configuring CaDiCaL as --sat (1).
c Initializing a DuplexNSC encoder with n = 420.
c Encoding starts with w = 32:
c	Labels and Vertices aux var: 32760
c	Labels and Vertices constraints:  439320
c	Obj k aux var: 321720
c	Obj k constraints: 6951960
c	Obj k glue staircase constraints: 5643240
c	Encoding duration: 2s
c	Number of clauses: 7391490
c	Number of irredundant clauses: 7389317
c	Number of variables: 530880
c SAT Solving starts:
[runlim] sample:		190.0 time, 190.9 real, 797.9 MB
[runlim] sample:		200.0 time, 200.9 real, 985.1 MB
[runlim] sample:		210.0 time, 210.9 real, 1038.2 MB
[runlim] sample:		220.0 time, 220.9 real, 1000.9 MB
[runlim] sample:		230.0 time, 230.9 real, 1157.6 MB
[runlim] sample:		240.0 time, 240.9 real, 1010.3 MB
c	Solving duration: 54145 ms
c	Answer: 
s SAT (w = 32)
c	Solution check:
p calculated antibandwidth = 32.
c
c
c Antibandwidth problem with w = 33 ( M-bcsstk06.mtx.rnd ):
c Initializing CaDiCaL (version 1.2.1).
c	Configuring CaDiCaL as --sat (1).
c Initializing a DuplexNSC encoder with n = 420.
c Encoding starts with w = 33:
c	Labels and Vertices aux var: 32760
c	Labels and Vertices constraints:  433860
c	Obj k aux var: 314160
c	Obj k constraints: 6924720
c	Obj k glue staircase constraints: 5639520
c	Encoding duration: 2s
c	Number of clauses: 7358790
c	Number of irredundant clauses: 7356778
c	Number of variables: 523320
c SAT Solving starts:
[runlim] sample:		249.9 time, 250.9 real, 961.5 MB
[runlim] sample:		260.0 time, 260.9 real, 997.6 MB
[runlim] sample:		269.9 time, 270.9 real, 1180.5 MB
[runlim] sample:		279.9 time, 280.9 real, 999.6 MB
[runlim] sample:		289.9 time, 290.9 real, 999.7 MB
[runlim] sample:		299.9 time, 300.9 real, 1000.9 MB
[runlim] sample:		309.9 time, 310.9 real, 1001.1 MB
[runlim] sample:		319.9 time, 320.9 real, 1003.6 MB
[runlim] sample:		329.9 time, 330.9 real, 1015.7 MB
[runlim] sample:		339.9 time, 340.9 real, 1002.4 MB
[runlim] sample:		349.9 time, 350.9 real, 1004.9 MB
[runlim] sample:		359.9 time, 360.9 real, 1003.9 MB
[runlim] sample:		369.9 time, 370.9 real, 1013.6 MB
[runlim] sample:		379.9 time, 380.9 real, 1013.6 MB
[runlim] sample:		389.9 time, 390.9 real, 1058.1 MB
c	Solving duration: 151178 ms
c	Answer: 
s SAT (w = 33)
c	Solution check:
p calculated antibandwidth = 33.
c
c
c Antibandwidth problem with w = 34 ( M-bcsstk06.mtx.rnd ):
c Initializing CaDiCaL (version 1.2.1).
c	Configuring CaDiCaL as --sat (1).
c Initializing a DuplexNSC encoder with n = 420.
c Encoding starts with w = 34:
c	Labels and Vertices aux var: 32760
c	Labels and Vertices constraints:  433860
c	Obj k aux var: 318780
c	Obj k constraints: 6923280
c	Obj k glue staircase constraints: 5624640
c	Encoding duration: 2s
c	Number of clauses: 7357350
c	Number of irredundant clauses: 7355326
c	Number of variables: 527940
c SAT Solving starts:
[runlim] sample:		399.9 time, 400.9 real, 827.6 MB
[runlim] sample:		409.9 time, 410.9 real, 1062.0 MB
[runlim] sample:		419.9 time, 420.9 real, 996.3 MB
[runlim] sample:		429.9 time, 430.9 real, 1004.1 MB
[runlim] sample:		439.9 time, 440.9 real, 1004.9 MB
[runlim] sample:		449.9 time, 450.9 real, 983.8 MB
[runlim] sample:		459.9 time, 460.9 real, 1006.5 MB
[runlim] sample:		469.9 time, 470.9 real, 1019.0 MB
[runlim] sample:		479.9 time, 480.9 real, 1019.0 MB
[runlim] sample:		489.9 time, 490.9 real, 1010.7 MB
[runlim] sample:		499.9 time, 500.9 real, 985.3 MB
[runlim] sample:		509.9 time, 510.9 real, 1005.6 MB
[runlim] sample:		519.9 time, 520.9 real, 1008.5 MB
[runlim] sample:		529.9 time, 530.9 real, 984.3 MB
[runlim] sample:		539.9 time, 540.9 real, 1011.0 MB
[runlim] sample:		549.9 time, 550.9 real, 1010.0 MB
[runlim] sample:		559.9 time, 560.9 real, 1013.2 MB
[runlim] sample:		569.9 time, 570.9 real, 964.0 MB
[runlim] sample:		579.9 time, 580.9 real, 1011.2 MB
[runlim] sample:		589.9 time, 590.9 real, 1015.5 MB
[runlim] sample:		599.9 time, 600.9 real, 1024.0 MB
[runlim] sample:		609.9 time, 610.9 real, 965.3 MB
[runlim] sample:		619.9 time, 620.9 real, 965.3 MB
[runlim] sample:		629.9 time, 630.9 real, 980.8 MB
[runlim] sample:		639.9 time, 640.9 real, 1025.7 MB
[runlim] sample:		649.9 time, 650.9 real, 1009.4 MB
[runlim] sample:		659.9 time, 660.9 real, 1023.9 MB
[runlim] sample:		669.9 time, 670.9 real, 1023.9 MB
[runlim] sample:		679.9 time, 680.9 real, 1021.7 MB
[runlim] sample:		689.9 time, 690.9 real, 978.4 MB
[runlim] sample:		699.9 time, 700.9 real, 1021.1 MB
[runlim] sample:		709.9 time, 710.9 real, 1021.1 MB
[runlim] sample:		719.9 time, 720.9 real, 1025.9 MB
[runlim] sample:		729.9 time, 730.9 real, 1049.9 MB
[runlim] sample:		739.9 time, 740.9 real, 999.3 MB
[runlim] sample:		749.9 time, 750.9 real, 1000.3 MB
[runlim] sample:		759.9 time, 760.9 real, 1000.3 MB
[runlim] sample:		769.9 time, 770.9 real, 1013.7 MB
[runlim] sample:		779.9 time, 780.9 real, 1054.1 MB
[runlim] sample:		789.9 time, 790.9 real, 975.6 MB
[runlim] sample:		799.9 time, 800.9 real, 985.3 MB
[runlim] sample:		809.9 time, 810.9 real, 986.4 MB
[runlim] sample:		819.9 time, 820.9 real, 1032.8 MB
[runlim] sample:		829.9 time, 830.9 real, 1027.7 MB
c	Solving duration: 438680 ms
c	Answer: 
s SAT (w = 34)
c	Solution check:
p calculated antibandwidth = 34.
c
c
c Antibandwidth problem with w = 35 ( M-bcsstk06.mtx.rnd ):
c Initializing CaDiCaL (version 1.2.1).
c	Configuring CaDiCaL as --sat (1).
c Initializing a DuplexNSC encoder with n = 420.
c Encoding starts with w = 35:
c	Labels and Vertices aux var: 32760
c	Labels and Vertices constraints:  428820
c	Obj k aux var: 309960
c	Obj k constraints: 6880680
c	Obj k glue staircase constraints: 5609760
c	Encoding duration: 2s
c	Number of clauses: 7309710
c	Number of irredundant clauses: 7307710
c	Number of variables: 519120
c SAT Solving starts:
[runlim] sample:		839.9 time, 840.9 real, 783.0 MB
[runlim] sample:		849.9 time, 850.9 real, 987.3 MB
[runlim] sample:		859.9 time, 860.9 real, 1159.2 MB
[runlim] sample:		869.9 time, 870.9 real, 990.1 MB
[runlim] sample:		879.9 time, 880.9 real, 997.5 MB
[runlim] sample:		889.9 time, 890.9 real, 978.4 MB
[runlim] sample:		899.9 time, 900.9 real, 1000.4 MB
[runlim] sample:		909.9 time, 910.9 real, 1000.0 MB
[runlim] sample:		919.9 time, 920.9 real, 955.4 MB
[runlim] sample:		929.9 time, 930.9 real, 998.0 MB
[runlim] sample:		939.9 time, 940.9 real, 956.1 MB
[runlim] sample:		949.9 time, 950.9 real, 992.8 MB
[runlim] sample:		959.9 time, 960.9 real, 993.9 MB
[runlim] sample:		969.9 time, 970.9 real, 962.8 MB
[runlim] sample:		979.9 time, 980.9 real, 1007.5 MB
[runlim] sample:		989.9 time, 990.9 real, 1009.3 MB
[runlim] sample:		999.8 time, 1000.9 real, 1005.5 MB
[runlim] sample:		1009.8 time, 1010.9 real, 1005.5 MB
[runlim] sample:		1019.9 time, 1020.9 real, 1008.9 MB
[runlim] sample:		1029.8 time, 1030.9 real, 921.7 MB
[runlim] sample:		1039.8 time, 1040.9 real, 958.8 MB
[runlim] sample:		1049.8 time, 1050.9 real, 964.1 MB
[runlim] sample:		1059.8 time, 1060.9 real, 1014.3 MB
[runlim] sample:		1069.8 time, 1070.9 real, 1006.8 MB
[runlim] sample:		1079.8 time, 1080.9 real, 1005.0 MB
[runlim] sample:		1089.8 time, 1090.9 real, 1012.7 MB
[runlim] sample:		1099.8 time, 1100.9 real, 1036.7 MB
[runlim] sample:		1109.8 time, 1110.9 real, 1150.8 MB
[runlim] sample:		1119.8 time, 1120.9 real, 1009.0 MB
[runlim] sample:		1129.8 time, 1130.9 real, 1009.0 MB
[runlim] sample:		1139.8 time, 1140.9 real, 1010.6 MB
[runlim] sample:		1149.8 time, 1150.9 real, 965.4 MB
[runlim] sample:		1159.8 time, 1160.9 real, 998.2 MB
[runlim] sample:		1169.8 time, 1170.9 real, 998.2 MB
[runlim] sample:		1179.8 time, 1180.9 real, 1001.6 MB
[runlim] sample:		1189.8 time, 1190.9 real, 965.8 MB
[runlim] sample:		1199.8 time, 1200.9 real, 962.9 MB
[runlim] sample:		1209.8 time, 1210.9 real, 962.9 MB
[runlim] sample:		1219.8 time, 1220.9 real, 1018.9 MB
[runlim] sample:		1229.8 time, 1230.9 real, 1053.4 MB
[runlim] sample:		1239.8 time, 1240.9 real, 975.0 MB
[runlim] sample:		1249.8 time, 1250.9 real, 1013.1 MB
[runlim] sample:		1259.8 time, 1260.9 real, 1010.0 MB
[runlim] sample:		1269.8 time, 1270.9 real, 1014.5 MB
[runlim] sample:		1279.8 time, 1280.9 real, 1014.5 MB
[runlim] sample:		1289.8 time, 1290.9 real, 1018.5 MB
[runlim] sample:		1299.8 time, 1300.9 real, 1018.5 MB
[runlim] sample:		1309.8 time, 1310.9 real, 1027.3 MB
[runlim] sample:		1319.8 time, 1320.9 real, 1016.4 MB
[runlim] sample:		1329.8 time, 1330.9 real, 974.5 MB
[runlim] sample:		1339.8 time, 1340.9 real, 974.6 MB
[runlim] sample:		1349.8 time, 1350.9 real, 974.1 MB
[runlim] sample:		1359.8 time, 1360.9 real, 1019.0 MB
[runlim] sample:		1369.8 time, 1370.9 real, 1014.8 MB
[runlim] sample:		1379.8 time, 1380.9 real, 1023.9 MB
[runlim] sample:		1389.8 time, 1390.9 real, 1023.9 MB
[runlim] sample:		1399.8 time, 1400.9 real, 1222.7 MB
[runlim] sample:		1409.8 time, 1410.9 real, 1228.8 MB
[runlim] sample:		1419.8 time, 1420.9 real, 1030.0 MB
[runlim] sample:		1429.8 time, 1430.9 real, 1019.9 MB
[runlim] sample:		1439.8 time, 1440.9 real, 1029.2 MB
[runlim] sample:		1449.8 time, 1450.9 real, 1029.2 MB
[runlim] sample:		1459.8 time, 1460.9 real, 1047.1 MB
[runlim] sample:		1469.8 time, 1470.9 real, 1047.1 MB
[runlim] sample:		1479.8 time, 1480.9 real, 1030.5 MB
[runlim] sample:		1489.8 time, 1490.9 real, 1030.5 MB
[runlim] sample:		1499.8 time, 1500.9 real, 1054.0 MB
[runlim] sample:		1509.8 time, 1510.9 real, 1054.0 MB
[runlim] sample:		1519.8 time, 1520.9 real, 1031.2 MB
[runlim] sample:		1529.8 time, 1530.9 real, 1027.8 MB
[runlim] sample:		1539.8 time, 1540.9 real, 982.9 MB
[runlim] sample:		1549.8 time, 1550.9 real, 984.9 MB
[runlim] sample:		1559.8 time, 1560.9 real, 985.6 MB
[runlim] sample:		1569.8 time, 1570.9 real, 985.6 MB
[runlim] sample:		1579.8 time, 1580.9 real, 987.0 MB
[runlim] sample:		1589.8 time, 1590.9 real, 1022.9 MB
[runlim] sample:		1599.8 time, 1600.9 real, 1013.9 MB
[runlim] sample:		1609.8 time, 1610.9 real, 1013.9 MB
[runlim] sample:		1619.8 time, 1620.9 real, 1022.6 MB
[runlim] sample:		1629.8 time, 1630.9 real, 1022.6 MB
[runlim] sample:		1639.8 time, 1640.9 real, 1038.5 MB
[runlim] sample:		1649.8 time, 1650.9 real, 1034.3 MB
[runlim] sample:		1659.8 time, 1660.9 real, 1034.3 MB
[runlim] sample:		1669.8 time, 1670.9 real, 1048.1 MB
[runlim] sample:		1679.8 time, 1680.9 real, 1048.1 MB
[runlim] sample:		1689.8 time, 1690.9 real, 1028.7 MB
[runlim] sample:		1699.8 time, 1700.9 real, 1039.3 MB
[runlim] sample:		1709.8 time, 1710.9 real, 1056.0 MB
[runlim] sample:		1719.8 time, 1720.9 real, 1250.9 MB
[runlim] sample:		1729.8 time, 1730.9 real, 1029.4 MB
[runlim] sample:		1739.8 time, 1740.9 real, 1029.4 MB
[runlim] sample:		1749.8 time, 1750.9 real, 1077.2 MB
[runlim] sample:		1759.8 time, 1760.9 real, 1077.2 MB
[runlim] sample:		1769.8 time, 1770.9 real, 1077.2 MB
[runlim] sample:		1779.8 time, 1780.9 real, 1056.8 MB
[runlim] sample:		1789.8 time, 1790.9 real, 1056.8 MB
[runlim] sample:		1799.8 time, 1800.9 real, 1062.0 MB
[runlim] sample:		1809.8 time, 1810.9 real, 1062.0 MB
[runlim] sample:		1819.8 time, 1820.9 real, 1061.8 MB
[runlim] sample:		1829.8 time, 1830.9 real, 1061.8 MB
[runlim] sample:		1839.8 time, 1840.9 real, 1061.8 MB
[runlim] sample:		1849.8 time, 1850.9 real, 1053.8 MB
[runlim] sample:		1859.8 time, 1860.9 real, 1053.8 MB
[runlim] sample:		1869.8 time, 1870.9 real, 1053.8 MB
[runlim] sample:		1879.8 time, 1880.9 real, 1055.8 MB
[runlim] sample:		1889.8 time, 1890.9 real, 1047.2 MB
[runlim] sample:		1899.8 time, 1900.9 real, 1046.9 MB
[runlim] sample:		1909.8 time, 1910.9 real, 1046.9 MB
[runlim] sample:		1919.8 time, 1920.9 real, 1046.9 MB
[runlim] sample:		1929.8 time, 1930.9 real, 1046.9 MB
[runlim] sample:		1939.8 time, 1940.9 real, 1041.7 MB
[runlim] sample:		1949.8 time, 1950.9 real, 1256.1 MB
[runlim] sample:		1959.8 time, 1960.9 real, 1051.6 MB
[runlim] sample:		1969.8 time, 1970.9 real, 1052.8 MB
[runlim] sample:		1979.8 time, 1980.9 real, 1052.8 MB
[runlim] sample:		1989.8 time, 1990.9 real, 1052.8 MB
[runlim] sample:		1999.8 time, 2000.9 real, 1042.5 MB
[runlim] sample:		2009.8 time, 2010.9 real, 1057.5 MB
[runlim] sample:		2019.8 time, 2020.9 real, 1057.5 MB
[runlim] sample:		2029.8 time, 2030.9 real, 1036.3 MB
[runlim] sample:		2039.8 time, 2040.9 real, 1036.3 MB
[runlim] sample:		2049.8 time, 2050.9 real, 1062.3 MB
[runlim] sample:		2059.8 time, 2060.9 real, 1062.3 MB
[runlim] sample:		2069.8 time, 2070.9 real, 1047.1 MB
[runlim] sample:		2079.8 time, 2080.9 real, 1047.1 MB
[runlim] sample:		2089.8 time, 2090.9 real, 1054.1 MB
[runlim] sample:		2099.8 time, 2100.9 real, 1054.1 MB
[runlim] sample:		2109.8 time, 2110.9 real, 1070.5 MB
[runlim] sample:		2119.8 time, 2120.9 real, 1070.5 MB
[runlim] sample:		2129.8 time, 2130.9 real, 1070.5 MB
[runlim] sample:		2139.8 time, 2140.9 real, 1070.5 MB
[runlim] sample:		2149.8 time, 2150.9 real, 1065.4 MB
[runlim] sample:		2159.8 time, 2160.9 real, 1065.4 MB
[runlim] sample:		2169.8 time, 2170.9 real, 1060.6 MB
[runlim] sample:		2179.8 time, 2180.9 real, 1083.8 MB
[runlim] sample:		2189.8 time, 2190.9 real, 1013.5 MB
[runlim] sample:		2199.8 time, 2200.9 real, 1013.5 MB
[runlim] sample:		2209.8 time, 2210.9 real, 1002.3 MB
[runlim] sample:		2219.8 time, 2220.9 real, 1002.3 MB
[runlim] sample:		2229.8 time, 2230.9 real, 1002.3 MB
[runlim] sample:		2239.8 time, 2240.9 real, 1010.5 MB
[runlim] sample:		2249.8 time, 2250.9 real, 995.1 MB
[runlim] sample:		2259.8 time, 2260.9 real, 1031.0 MB
[runlim] sample:		2269.8 time, 2270.9 real, 1039.4 MB
[runlim] sample:		2279.8 time, 2280.9 real, 1039.4 MB
[runlim] sample:		2289.8 time, 2290.9 real, 1037.2 MB
[runlim] sample:		2299.8 time, 2300.9 real, 1037.2 MB
[runlim] sample:		2309.8 time, 2310.9 real, 1037.2 MB
[runlim] sample:		2319.8 time, 2320.9 real, 1037.2 MB
[runlim] sample:		2329.8 time, 2330.9 real, 1110.4 MB
[runlim] sample:		2339.8 time, 2340.9 real, 1110.4 MB
[runlim] sample:		2349.8 time, 2350.9 real, 1047.7 MB
[runlim] sample:		2359.8 time, 2360.9 real, 1047.7 MB
[runlim] sample:		2369.8 time, 2370.9 real, 1051.3 MB
[runlim] sample:		2379.8 time, 2380.9 real, 1063.0 MB
[runlim] sample:		2389.8 time, 2390.9 real, 1063.0 MB
[runlim] sample:		2399.8 time, 2400.9 real, 1082.9 MB
[runlim] sample:		2409.8 time, 2410.9 real, 1082.9 MB
[runlim] sample:		2419.8 time, 2420.9 real, 1055.2 MB
[runlim] sample:		2429.8 time, 2430.9 real, 1055.2 MB
[runlim] sample:		2439.8 time, 2440.9 real, 1055.2 MB
[runlim] sample:		2449.8 time, 2450.9 real, 1104.3 MB
[runlim] sample:		2459.8 time, 2460.9 real, 1104.3 MB
[runlim] sample:		2469.8 time, 2470.9 real, 1104.3 MB
[runlim] sample:		2479.8 time, 2480.9 real, 1106.3 MB
[runlim] sample:		2489.8 time, 2490.9 real, 1106.3 MB
[runlim] sample:		2499.8 time, 2500.9 real, 1079.2 MB
[runlim] sample:		2509.8 time, 2510.9 real, 1079.2 MB
[runlim] sample:		2519.8 time, 2520.9 real, 1079.2 MB
[runlim] sample:		2529.8 time, 2530.9 real, 1079.2 MB
[runlim] sample:		2539.8 time, 2540.9 real, 1351.5 MB
[runlim] sample:		2549.8 time, 2550.9 real, 1054.7 MB
[runlim] sample:		2559.8 time, 2560.9 real, 1288.8 MB
[runlim] sample:		2569.8 time, 2570.9 real, 1073.8 MB
[runlim] sample:		2579.8 time, 2580.9 real, 1073.8 MB
[runlim] sample:		2589.8 time, 2590.9 real, 1051.6 MB
[runlim] sample:		2599.8 time, 2600.9 real, 1051.6 MB
[runlim] sample:		2609.8 time, 2610.9 real, 1051.6 MB
[runlim] sample:		2619.8 time, 2620.9 real, 1055.1 MB
[runlim] sample:		2629.8 time, 2630.9 real, 1055.1 MB
[runlim] sample:		2639.8 time, 2640.9 real, 1055.1 MB
[runlim] sample:		2649.8 time, 2650.9 real, 1106.1 MB
[runlim] sample:		2659.8 time, 2660.9 real, 1205.4 MB
[runlim] sample:		2669.8 time, 2670.9 real, 1300.5 MB
[runlim] sample:		2679.8 time, 2680.9 real, 1399.2 MB
[runlim] sample:		2689.8 time, 2690.9 real, 1493.6 MB
[runlim] sample:		2699.8 time, 2700.9 real, 1595.2 MB
[runlim] sample:		2709.8 time, 2710.9 real, 1689.5 MB
[runlim] sample:		2719.8 time, 2720.9 real, 1785.7 MB
[runlim] sample:		2729.8 time, 2730.9 real, 1880.8 MB
[runlim] sample:		2739.8 time, 2740.9 real, 1971.8 MB
[runlim] sample:		2749.8 time, 2750.9 real, 2062.8 MB
[runlim] sample:		2759.8 time, 2760.9 real, 2154.9 MB
[runlim] sample:		2769.8 time, 2770.9 real, 2246.4 MB
[runlim] sample:		2779.8 time, 2780.9 real, 2334.1 MB
[runlim] sample:		2789.8 time, 2790.9 real, 2384.3 MB
[runlim] sample:		2799.8 time, 2800.9 real, 3673.2 MB
[runlim] sample:		2809.8 time, 2810.9 real, 3673.2 MB
[runlim] sample:		2819.8 time, 2820.9 real, 3666.9 MB
[runlim] sample:		2829.8 time, 2830.9 real, 3666.9 MB
[runlim] sample:		2839.8 time, 2840.9 real, 2163.0 MB
[runlim] sample:		2849.8 time, 2850.9 real, 2163.0 MB
[runlim] sample:		2859.8 time, 2860.9 real, 2163.0 MB
[runlim] sample:		2869.8 time, 2870.9 real, 2163.0 MB
[runlim] sample:		2879.8 time, 2880.9 real, 2163.3 MB
[runlim] sample:		2889.8 time, 2890.9 real, 2163.3 MB
[runlim] sample:		2899.8 time, 2900.9 real, 2163.3 MB
[runlim] sample:		2909.8 time, 2910.9 real, 2172.3 MB
[runlim] sample:		2919.8 time, 2920.9 real, 2172.3 MB
[runlim] sample:		2929.8 time, 2930.9 real, 2172.3 MB
[runlim] sample:		2939.8 time, 2940.9 real, 2172.3 MB
[runlim] sample:		2949.8 time, 2950.9 real, 2172.3 MB
[runlim] sample:		2959.8 time, 2960.9 real, 2172.3 MB
[runlim] sample:		2969.8 time, 2970.9 real, 2172.3 MB
[runlim] sample:		2979.8 time, 2980.9 real, 2172.3 MB
[runlim] sample:		2989.8 time, 2990.9 real, 2172.3 MB
[runlim] sample:		2999.8 time, 3000.9 real, 2172.3 MB
[runlim] sample:		3009.8 time, 3010.9 real, 2172.3 MB
[runlim] sample:		3019.8 time, 3020.9 real, 1234.7 MB
[runlim] sample:		3029.8 time, 3030.9 real, 993.6 MB
[runlim] sample:		3039.8 time, 3040.9 real, 993.6 MB
[runlim] sample:		3049.8 time, 3050.9 real, 1212.2 MB
[runlim] sample:		3059.8 time, 3060.9 real, 1212.2 MB
[runlim] sample:		3069.8 time, 3070.9 real, 1212.2 MB
[runlim] sample:		3079.8 time, 3080.9 real, 1253.6 MB
[runlim] sample:		3089.8 time, 3090.9 real, 1274.2 MB
[runlim] sample:		3099.8 time, 3100.9 real, 1274.2 MB
[runlim] sample:		3109.8 time, 3110.9 real, 1269.7 MB
[runlim] sample:		3119.8 time, 3120.9 real, 1269.7 MB
[runlim] sample:		3129.8 time, 3130.9 real, 1265.3 MB
[runlim] sample:		3139.8 time, 3140.9 real, 1265.3 MB
[runlim] sample:		3149.8 time, 3150.9 real, 1265.3 MB
[runlim] sample:		3159.8 time, 3160.9 real, 1271.6 MB
[runlim] sample:		3169.8 time, 3170.9 real, 1271.6 MB
[runlim] sample:		3179.8 time, 3180.9 real, 1266.8 MB
[runlim] sample:		3189.8 time, 3190.9 real, 1266.8 MB
[runlim] sample:		3199.8 time, 3200.9 real, 1266.8 MB
[runlim] sample:		3209.8 time, 3210.9 real, 1269.8 MB
[runlim] sample:		3219.8 time, 3220.9 real, 1269.8 MB
[runlim] sample:		3229.8 time, 3230.9 real, 1269.8 MB
[runlim] sample:		3239.8 time, 3240.9 real, 1269.8 MB
[runlim] sample:		3249.8 time, 3250.9 real, 1335.4 MB
[runlim] sample:		3259.8 time, 3260.9 real, 1335.4 MB
[runlim] sample:		3269.8 time, 3270.9 real, 1335.4 MB
[runlim] sample:		3279.8 time, 3280.9 real, 1298.8 MB
[runlim] sample:		3289.8 time, 3290.9 real, 1298.8 MB
[runlim] sample:		3299.8 time, 3300.9 real, 1298.8 MB
[runlim] sample:		3309.8 time, 3310.9 real, 1270.5 MB
[runlim] sample:		3319.8 time, 3320.9 real, 1270.5 MB
[runlim] sample:		3329.8 time, 3330.9 real, 1270.5 MB
[runlim] sample:		3339.8 time, 3340.9 real, 1270.8 MB
[runlim] sample:		3349.8 time, 3350.9 real, 1270.8 MB
[runlim] sample:		3359.8 time, 3360.9 real, 1270.8 MB
[runlim] sample:		3369.8 time, 3370.9 real, 1279.7 MB
[runlim] sample:		3379.8 time, 3380.9 real, 1279.7 MB
[runlim] sample:		3389.8 time, 3390.9 real, 1279.7 MB
[runlim] sample:		3399.8 time, 3400.9 real, 1272.6 MB
[runlim] sample:		3409.8 time, 3410.9 real, 1272.6 MB
[runlim] sample:		3419.8 time, 3420.9 real, 1272.6 MB
[runlim] sample:		3429.8 time, 3430.9 real, 1289.0 MB
[runlim] sample:		3439.8 time, 3440.9 real, 1289.0 MB
[runlim] sample:		3449.8 time, 3450.9 real, 1289.0 MB
[runlim] sample:		3459.8 time, 3460.9 real, 1343.1 MB
[runlim] sample:		3469.8 time, 3470.9 real, 1348.9 MB
[runlim] sample:		3479.8 time, 3480.9 real, 1348.9 MB
[runlim] sample:		3489.8 time, 3490.9 real, 1572.0 MB
[runlim] sample:		3499.8 time, 3500.9 real, 1264.7 MB
[runlim] sample:		3509.8 time, 3510.9 real, 1264.7 MB
[runlim] sample:		3519.8 time, 3520.9 real, 1264.7 MB
[runlim] sample:		3529.8 time, 3530.9 real, 1264.7 MB
[runlim] sample:		3539.8 time, 3540.9 real, 1264.7 MB
[runlim] sample:		3549.8 time, 3550.9 real, 1849.7 MB
[runlim] sample:		3559.8 time, 3560.9 real, 1626.7 MB
[runlim] sample:		3569.8 time, 3570.9 real, 1626.7 MB
[runlim] sample:		3579.8 time, 3580.9 real, 1263.8 MB
[runlim] sample:		3589.8 time, 3590.9 real, 1263.8 MB
c Signal interruption.
[runlim] end:			Fri Aug 16 05:16:18 2024
[runlim] status:		out of time
[runlim] result:		2
[runlim] children:		0
[runlim] real:			3600.05 seconds
[runlim] time:			3598.86 seconds
[runlim] space:			3888.6 MB
[runlim] samples:		35991
