[runlim] version:		1.10
[runlim] time limit:		3600 seconds
[runlim] real time limit:	3600 seconds
[runlim] space limit:		30000 MB
[runlim] argv[0]:		/home/truongxuanhieu/AntiBandwidthReconstruct/build/abw_enc_symbreak
[runlim] argv[1]:		/home/truongxuanhieu/AntiBandwidthReconstruct/build/BenchmarksAdd/M-bcsstk06.mtx.rnd
[runlim] argv[2]:		--duplex
[runlim] start:			Fri Aug 16 04:15:55 2024
[runlim] main pid:		61327
[runlim] log captured:
c DuplexEncoder 0.8.
c Solving strategy: from LB to UB.
c LB-w = 28 (LB in Sinnl - A note on computational approaches for the antibandwidth problem).
c UB-w = 72 (UB in Sinnl - A note on computational approaches for the antibandwidth problem).
c Antibandwidth problem with w = 28 ( M-bcsstk06.mtx.rnd ):
c Initializing CaDiCaL (version 1.2.1).
c	Configuring CaDiCaL as --sat (1).
c Initializing a Duplex encoder with n = 420.
c Encoding starts with w = 28:
c	Labels and Vertices aux var: 32760
c	Labels and Vertices constraints:  445200
c	Obj k aux var: 635040
c	Obj k constraints: 7760700
c	Obj k glue staircase constraints: 5680440
c	Encoding duration: 2s
c	Number of clauses: 8206110
c	Number of irredundant clauses: 7867367
c	Number of variables: 844200
c SAT Solving starts:
c	Solving duration: 6248 ms
c	Answer: 
s SAT (w = 28)
c	Solution check:
p calculated antibandwidth = 28.
c
c
c Antibandwidth problem with w = 29 ( M-bcsstk06.mtx.rnd ):
c Initializing CaDiCaL (version 1.2.1).
c	Configuring CaDiCaL as --sat (1).
c Initializing a Duplex encoder with n = 420.
c Encoding starts with w = 29:
[runlim] sample:		10.0 time, 10.3 real, 841.4 MB
c	Labels and Vertices aux var: 32760
c	Labels and Vertices constraints:  445200
c	Obj k aux var: 645960
c	Obj k constraints: 7788420
c	Obj k glue staircase constraints: 5680440
c	Encoding duration: 2s
c	Number of clauses: 8233830
c	Number of irredundant clauses: 7894872
c	Number of variables: 855120
c SAT Solving starts:
[runlim] sample:		20.0 time, 20.3 real, 1118.4 MB
c	Solving duration: 15012 ms
c	Answer: 
s SAT (w = 29)
c	Solution check:
p calculated antibandwidth = 29.
c
c
c Antibandwidth problem with w = 30 ( M-bcsstk06.mtx.rnd ):
c Initializing CaDiCaL (version 1.2.1).
c	Configuring CaDiCaL as --sat (1).
c Initializing a Duplex encoder with n = 420.
c Encoding starts with w = 30:
c	Labels and Vertices aux var: 32760
c	Labels and Vertices constraints:  439320
c	Obj k aux var: 633360
c	Obj k constraints: 7735380
c	Obj k glue staircase constraints: 5661840
c	Encoding duration: 2s
c	Number of clauses: 8174910
c	Number of irredundant clauses: 7836990
c	Number of variables: 842520
c SAT Solving starts:
[runlim] sample:		30.0 time, 30.3 real, 929.4 MB
[runlim] sample:		40.0 time, 40.3 real, 1142.1 MB
c	Solving duration: 13733 ms
c	Answer: 
s SAT (w = 30)
c	Solution check:
p calculated antibandwidth = 30.
c
c
c Antibandwidth problem with w = 31 ( M-bcsstk06.mtx.rnd ):
c Initializing CaDiCaL (version 1.2.1).
c	Configuring CaDiCaL as --sat (1).
c Initializing a Duplex encoder with n = 420.
c Encoding starts with w = 31:
c	Labels and Vertices aux var: 32760
c	Labels and Vertices constraints:  439320
c	Obj k aux var: 643440
c	Obj k constraints: 7761000
c	Obj k glue staircase constraints: 5661840
c	Encoding duration: 2s
c	Number of clauses: 8200530
c	Number of irredundant clauses: 7862364
c	Number of variables: 852600
c SAT Solving starts:
[runlim] sample:		50.0 time, 50.3 real, 1278.7 MB
[runlim] sample:		60.0 time, 60.3 real, 1168.2 MB
[runlim] sample:		70.0 time, 70.4 real, 1168.2 MB
[runlim] sample:		80.0 time, 80.3 real, 1168.8 MB
[runlim] sample:		90.0 time, 90.3 real, 1181.6 MB
[runlim] sample:		100.0 time, 100.3 real, 1184.0 MB
[runlim] sample:		110.0 time, 110.3 real, 1177.3 MB
[runlim] sample:		120.0 time, 120.3 real, 1180.6 MB
[runlim] sample:		130.0 time, 130.3 real, 1371.1 MB
c	Solving duration: 85009 ms
c	Answer: 
s SAT (w = 31)
c	Solution check:
p calculated antibandwidth = 31.
c
c
c Antibandwidth problem with w = 32 ( M-bcsstk06.mtx.rnd ):
c Initializing CaDiCaL (version 1.2.1).
c	Configuring CaDiCaL as --sat (1).
c Initializing a Duplex encoder with n = 420.
c Encoding starts with w = 32:
c	Labels and Vertices aux var: 32760
c	Labels and Vertices constraints:  439320
c	Obj k aux var: 653520
c	Obj k constraints: 7770060
c	Obj k glue staircase constraints: 5646960
c	Encoding duration: 2s
c	Number of clauses: 8209590
c	Number of irredundant clauses: 7872505
c	Number of variables: 862680
c SAT Solving starts:
[runlim] sample:		140.0 time, 140.3 real, 1164.7 MB
[runlim] sample:		150.0 time, 150.3 real, 1359.3 MB
[runlim] sample:		160.0 time, 160.3 real, 1310.8 MB
[runlim] sample:		170.0 time, 170.3 real, 1214.4 MB
[runlim] sample:		180.0 time, 180.3 real, 1215.4 MB
[runlim] sample:		190.0 time, 190.3 real, 1370.5 MB
[runlim] sample:		200.0 time, 200.3 real, 1192.6 MB
[runlim] sample:		210.0 time, 210.3 real, 1193.3 MB
c	Solving duration: 79316 ms
c	Answer: 
s SAT (w = 32)
c	Solution check:
p calculated antibandwidth = 32.
c
c
c Antibandwidth problem with w = 33 ( M-bcsstk06.mtx.rnd ):
c Initializing CaDiCaL (version 1.2.1).
c	Configuring CaDiCaL as --sat (1).
c Initializing a Duplex encoder with n = 420.
c Encoding starts with w = 33:
c	Labels and Vertices aux var: 32760
c	Labels and Vertices constraints:  433860
c	Obj k aux var: 637560
c	Obj k constraints: 7725180
c	Obj k glue staircase constraints: 5643240
c	Encoding duration: 2s
c	Number of clauses: 8159250
c	Number of irredundant clauses: 7822913
c	Number of variables: 846720
c SAT Solving starts:
[runlim] sample:		220.0 time, 220.3 real, 1253.3 MB
[runlim] sample:		230.0 time, 230.3 real, 1139.8 MB
[runlim] sample:		240.0 time, 240.3 real, 1250.0 MB
[runlim] sample:		250.0 time, 250.3 real, 1155.3 MB
[runlim] sample:		260.0 time, 260.3 real, 1159.0 MB
[runlim] sample:		270.0 time, 270.3 real, 1159.0 MB
[runlim] sample:		280.0 time, 280.3 real, 1160.9 MB
[runlim] sample:		290.0 time, 290.3 real, 1338.5 MB
[runlim] sample:		300.0 time, 300.3 real, 1397.5 MB
[runlim] sample:		309.9 time, 310.3 real, 1160.4 MB
[runlim] sample:		319.9 time, 320.3 real, 1160.4 MB
[runlim] sample:		330.0 time, 330.3 real, 1163.6 MB
[runlim] sample:		340.0 time, 340.3 real, 1163.1 MB
[runlim] sample:		349.9 time, 350.3 real, 1163.1 MB
[runlim] sample:		359.9 time, 360.3 real, 1346.3 MB
[runlim] sample:		369.9 time, 370.3 real, 1162.3 MB
[runlim] sample:		379.9 time, 380.3 real, 1178.6 MB
[runlim] sample:		389.9 time, 390.3 real, 1168.9 MB
c	Solving duration: 178566 ms
c	Answer: 
s SAT (w = 33)
c	Solution check:
p calculated antibandwidth = 33.
c
c
c Antibandwidth problem with w = 34 ( M-bcsstk06.mtx.rnd ):
c Initializing CaDiCaL (version 1.2.1).
c	Configuring CaDiCaL as --sat (1).
c Initializing a Duplex encoder with n = 420.
c Encoding starts with w = 34:
c	Labels and Vertices aux var: 32760
c	Labels and Vertices constraints:  433860
c	Obj k aux var: 646800
c	Obj k constraints: 7732140
c	Obj k glue staircase constraints: 5628360
c	Encoding duration: 2s
c	Number of clauses: 8166210
c	Number of irredundant clauses: 7830958
c	Number of variables: 855960
c SAT Solving starts:
[runlim] sample:		399.9 time, 400.3 real, 1099.1 MB
[runlim] sample:		409.9 time, 410.3 real, 1164.1 MB
[runlim] sample:		419.9 time, 420.3 real, 1164.1 MB
[runlim] sample:		429.9 time, 430.3 real, 1163.7 MB
[runlim] sample:		439.9 time, 440.3 real, 1163.4 MB
[runlim] sample:		449.9 time, 450.3 real, 1303.2 MB
[runlim] sample:		459.9 time, 460.3 real, 1150.9 MB
[runlim] sample:		469.9 time, 470.3 real, 1162.5 MB
[runlim] sample:		479.9 time, 480.3 real, 1164.0 MB
[runlim] sample:		489.9 time, 490.3 real, 1164.0 MB
[runlim] sample:		499.9 time, 500.3 real, 1343.8 MB
[runlim] sample:		509.9 time, 510.3 real, 1165.1 MB
[runlim] sample:		519.9 time, 520.3 real, 1165.1 MB
[runlim] sample:		529.9 time, 530.3 real, 1167.2 MB
[runlim] sample:		539.9 time, 540.3 real, 1166.3 MB
[runlim] sample:		549.9 time, 550.3 real, 1166.2 MB
[runlim] sample:		559.9 time, 560.3 real, 1167.4 MB
[runlim] sample:		569.9 time, 570.3 real, 1169.3 MB
[runlim] sample:		579.9 time, 580.3 real, 1178.4 MB
[runlim] sample:		589.9 time, 590.3 real, 1178.6 MB
[runlim] sample:		599.9 time, 600.3 real, 1178.5 MB
[runlim] sample:		609.9 time, 610.4 real, 1179.2 MB
[runlim] sample:		619.9 time, 620.3 real, 1178.9 MB
[runlim] sample:		629.9 time, 630.3 real, 1178.9 MB
[runlim] sample:		639.9 time, 640.3 real, 1180.9 MB
[runlim] sample:		649.9 time, 650.3 real, 1180.0 MB
[runlim] sample:		659.9 time, 660.3 real, 1184.4 MB
[runlim] sample:		669.9 time, 670.3 real, 1184.4 MB
[runlim] sample:		679.9 time, 680.3 real, 1181.2 MB
[runlim] sample:		689.9 time, 690.3 real, 1179.7 MB
[runlim] sample:		699.9 time, 700.3 real, 1179.6 MB
[runlim] sample:		709.9 time, 710.3 real, 1182.9 MB
[runlim] sample:		719.9 time, 720.3 real, 1422.9 MB
[runlim] sample:		729.9 time, 730.3 real, 1193.8 MB
[runlim] sample:		739.9 time, 740.3 real, 1193.8 MB
[runlim] sample:		749.9 time, 750.3 real, 1187.2 MB
[runlim] sample:		759.9 time, 760.3 real, 1187.2 MB
[runlim] sample:		769.9 time, 770.3 real, 1167.0 MB
[runlim] sample:		779.9 time, 780.3 real, 1165.2 MB
[runlim] sample:		789.9 time, 790.3 real, 1165.2 MB
[runlim] sample:		799.9 time, 800.3 real, 1171.7 MB
[runlim] sample:		809.9 time, 810.3 real, 1146.4 MB
[runlim] sample:		819.9 time, 820.3 real, 1170.3 MB
[runlim] sample:		829.9 time, 830.3 real, 1179.9 MB
c	Solving duration: 437889 ms
c	Answer: 
s SAT (w = 34)
c	Solution check:
p calculated antibandwidth = 34.
c
c
c Antibandwidth problem with w = 35 ( M-bcsstk06.mtx.rnd ):
c Initializing CaDiCaL (version 1.2.1).
c	Configuring CaDiCaL as --sat (1).
c Initializing a Duplex encoder with n = 420.
c Encoding starts with w = 35:
c	Labels and Vertices aux var: 32760
c	Labels and Vertices constraints:  428820
c	Obj k aux var: 628320
c	Obj k constraints: 7664400
c	Obj k glue staircase constraints: 5609760
c	Encoding duration: 2s
c	Number of clauses: 8093430
c	Number of irredundant clauses: 7759021
c	Number of variables: 837480
c SAT Solving starts:
[runlim] sample:		839.9 time, 840.3 real, 1080.2 MB
[runlim] sample:		849.9 time, 850.3 real, 1112.5 MB
[runlim] sample:		859.9 time, 860.3 real, 1114.6 MB
[runlim] sample:		869.9 time, 870.3 real, 1100.9 MB
[runlim] sample:		879.9 time, 880.3 real, 1123.1 MB
[runlim] sample:		889.9 time, 890.3 real, 1124.2 MB
[runlim] sample:		899.9 time, 900.3 real, 1077.4 MB
[runlim] sample:		909.9 time, 910.3 real, 1119.3 MB
[runlim] sample:		919.9 time, 920.3 real, 1119.3 MB
[runlim] sample:		929.9 time, 930.4 real, 1119.3 MB
[runlim] sample:		939.9 time, 940.3 real, 1125.9 MB
[runlim] sample:		949.9 time, 950.3 real, 1120.3 MB
[runlim] sample:		959.9 time, 960.3 real, 1120.3 MB
[runlim] sample:		969.9 time, 970.3 real, 1121.0 MB
[runlim] sample:		979.9 time, 980.3 real, 1121.6 MB
[runlim] sample:		989.9 time, 990.3 real, 1103.3 MB
[runlim] sample:		999.9 time, 1000.3 real, 1102.7 MB
[runlim] sample:		1009.9 time, 1010.4 real, 1123.5 MB
[runlim] sample:		1019.9 time, 1020.3 real, 1121.1 MB
[runlim] sample:		1029.9 time, 1030.3 real, 1109.1 MB
[runlim] sample:		1039.9 time, 1040.3 real, 1105.1 MB
[runlim] sample:		1049.9 time, 1050.3 real, 1106.7 MB
[runlim] sample:		1059.9 time, 1060.3 real, 1107.0 MB
[runlim] sample:		1069.9 time, 1070.3 real, 1107.0 MB
[runlim] sample:		1079.9 time, 1080.3 real, 1107.2 MB
[runlim] sample:		1089.9 time, 1090.3 real, 1287.0 MB
[runlim] sample:		1099.9 time, 1100.3 real, 1130.7 MB
[runlim] sample:		1109.9 time, 1110.4 real, 1311.7 MB
[runlim] sample:		1119.9 time, 1120.4 real, 1127.3 MB
[runlim] sample:		1129.9 time, 1130.3 real, 1157.8 MB
[runlim] sample:		1139.9 time, 1140.3 real, 1157.8 MB
[runlim] sample:		1149.9 time, 1150.3 real, 1098.1 MB
[runlim] sample:		1159.9 time, 1160.3 real, 1304.4 MB
[runlim] sample:		1169.9 time, 1170.3 real, 1132.6 MB
[runlim] sample:		1179.9 time, 1180.3 real, 1132.6 MB
[runlim] sample:		1189.9 time, 1190.3 real, 1137.1 MB
[runlim] sample:		1199.9 time, 1200.3 real, 1130.4 MB
[runlim] sample:		1209.9 time, 1210.3 real, 1128.5 MB
[runlim] sample:		1219.9 time, 1220.3 real, 1127.3 MB
[runlim] sample:		1229.9 time, 1230.3 real, 1316.1 MB
[runlim] sample:		1239.9 time, 1240.3 real, 1130.9 MB
[runlim] sample:		1249.9 time, 1250.3 real, 1091.7 MB
[runlim] sample:		1259.9 time, 1260.3 real, 1112.5 MB
[runlim] sample:		1269.9 time, 1270.3 real, 1112.5 MB
[runlim] sample:		1279.9 time, 1280.3 real, 1113.5 MB
[runlim] sample:		1289.9 time, 1290.3 real, 1142.3 MB
[runlim] sample:		1299.9 time, 1300.3 real, 1094.4 MB
[runlim] sample:		1309.9 time, 1310.3 real, 1098.1 MB
[runlim] sample:		1319.9 time, 1320.3 real, 1374.2 MB
[runlim] sample:		1329.9 time, 1330.3 real, 1121.6 MB
[runlim] sample:		1339.9 time, 1340.3 real, 1094.4 MB
[runlim] sample:		1349.8 time, 1350.3 real, 1094.4 MB
[runlim] sample:		1359.8 time, 1360.3 real, 1132.8 MB
[runlim] sample:		1369.8 time, 1370.3 real, 1132.8 MB
[runlim] sample:		1379.8 time, 1380.3 real, 1134.0 MB
[runlim] sample:		1389.8 time, 1390.3 real, 1134.0 MB
[runlim] sample:		1399.8 time, 1400.3 real, 1134.0 MB
[runlim] sample:		1409.8 time, 1410.3 real, 1134.0 MB
[runlim] sample:		1419.8 time, 1420.3 real, 1725.5 MB
[runlim] sample:		1429.8 time, 1430.3 real, 1421.4 MB
[runlim] sample:		1439.8 time, 1440.3 real, 1156.3 MB
[runlim] sample:		1449.8 time, 1450.4 real, 1163.7 MB
[runlim] sample:		1459.8 time, 1460.4 real, 1163.7 MB
[runlim] sample:		1469.8 time, 1470.3 real, 1163.7 MB
[runlim] sample:		1479.8 time, 1480.3 real, 1162.2 MB
[runlim] sample:		1489.8 time, 1490.4 real, 1144.2 MB
[runlim] sample:		1499.8 time, 1500.3 real, 1144.0 MB
[runlim] sample:		1509.8 time, 1510.3 real, 1144.0 MB
[runlim] sample:		1519.8 time, 1520.3 real, 1148.1 MB
[runlim] sample:		1529.8 time, 1530.3 real, 1155.3 MB
[runlim] sample:		1539.8 time, 1540.3 real, 1155.3 MB
[runlim] sample:		1549.8 time, 1550.3 real, 1391.4 MB
[runlim] sample:		1559.8 time, 1560.3 real, 1187.4 MB
[runlim] sample:		1569.8 time, 1570.3 real, 1153.5 MB
[runlim] sample:		1579.8 time, 1580.3 real, 1146.7 MB
[runlim] sample:		1589.8 time, 1590.3 real, 1146.7 MB
[runlim] sample:		1599.8 time, 1600.3 real, 1123.1 MB
[runlim] sample:		1609.8 time, 1610.3 real, 1123.1 MB
[runlim] sample:		1619.8 time, 1620.3 real, 1158.9 MB
[runlim] sample:		1629.8 time, 1630.3 real, 1132.6 MB
[runlim] sample:		1639.8 time, 1640.4 real, 1132.6 MB
[runlim] sample:		1649.8 time, 1650.3 real, 1365.4 MB
[runlim] sample:		1659.8 time, 1660.3 real, 1172.6 MB
[runlim] sample:		1669.8 time, 1670.3 real, 1141.0 MB
[runlim] sample:		1679.8 time, 1680.3 real, 1333.4 MB
[runlim] sample:		1689.8 time, 1690.3 real, 1132.1 MB
[runlim] sample:		1699.8 time, 1700.3 real, 1132.1 MB
[runlim] sample:		1709.8 time, 1710.3 real, 1148.5 MB
[runlim] sample:		1719.8 time, 1720.3 real, 1147.9 MB
[runlim] sample:		1729.8 time, 1730.3 real, 1352.1 MB
[runlim] sample:		1739.8 time, 1740.3 real, 1143.8 MB
[runlim] sample:		1749.8 time, 1750.3 real, 1143.8 MB
[runlim] sample:		1759.8 time, 1760.4 real, 1140.1 MB
[runlim] sample:		1769.8 time, 1770.4 real, 1140.1 MB
[runlim] sample:		1779.8 time, 1780.3 real, 1159.7 MB
[runlim] sample:		1789.8 time, 1790.3 real, 1159.7 MB
[runlim] sample:		1799.8 time, 1800.3 real, 1182.5 MB
[runlim] sample:		1809.8 time, 1810.3 real, 1182.5 MB
[runlim] sample:		1819.8 time, 1820.3 real, 1182.5 MB
[runlim] sample:		1829.8 time, 1830.3 real, 1204.3 MB
[runlim] sample:		1839.8 time, 1840.3 real, 1204.3 MB
[runlim] sample:		1849.8 time, 1850.3 real, 1111.7 MB
[runlim] sample:		1859.8 time, 1860.3 real, 1111.7 MB
[runlim] sample:		1869.8 time, 1870.3 real, 1111.7 MB
[runlim] sample:		1879.8 time, 1880.3 real, 1109.8 MB
[runlim] sample:		1889.8 time, 1890.3 real, 1109.8 MB
[runlim] sample:		1899.8 time, 1900.3 real, 1094.5 MB
[runlim] sample:		1909.8 time, 1910.3 real, 1094.5 MB
[runlim] sample:		1919.8 time, 1920.3 real, 1092.1 MB
[runlim] sample:		1929.8 time, 1930.3 real, 1092.1 MB
[runlim] sample:		1939.8 time, 1940.3 real, 1098.5 MB
[runlim] sample:		1949.8 time, 1950.3 real, 1098.5 MB
[runlim] sample:		1959.8 time, 1960.3 real, 1123.1 MB
[runlim] sample:		1969.8 time, 1970.3 real, 1123.1 MB
[runlim] sample:		1979.8 time, 1980.3 real, 1107.4 MB
[runlim] sample:		1989.8 time, 1990.3 real, 1107.4 MB
[runlim] sample:		1999.8 time, 2000.3 real, 1117.4 MB
[runlim] sample:		2009.8 time, 2010.3 real, 1117.3 MB
[runlim] sample:		2019.8 time, 2020.3 real, 1117.3 MB
[runlim] sample:		2029.8 time, 2030.3 real, 1117.3 MB
[runlim] sample:		2039.8 time, 2040.3 real, 1103.1 MB
[runlim] sample:		2049.8 time, 2050.3 real, 1103.1 MB
[runlim] sample:		2059.8 time, 2060.3 real, 1117.3 MB
[runlim] sample:		2069.8 time, 2070.3 real, 1117.3 MB
[runlim] sample:		2079.8 time, 2080.4 real, 1130.2 MB
[runlim] sample:		2089.8 time, 2090.3 real, 1180.5 MB
[runlim] sample:		2099.8 time, 2100.3 real, 1134.2 MB
[runlim] sample:		2109.8 time, 2110.3 real, 1134.2 MB
[runlim] sample:		2119.8 time, 2120.3 real, 1134.2 MB
[runlim] sample:		2129.8 time, 2130.3 real, 1133.5 MB
[runlim] sample:		2139.8 time, 2140.3 real, 1133.5 MB
[runlim] sample:		2149.8 time, 2150.3 real, 1110.2 MB
[runlim] sample:		2159.8 time, 2160.3 real, 1133.9 MB
[runlim] sample:		2169.8 time, 2170.3 real, 1127.9 MB
[runlim] sample:		2179.8 time, 2180.3 real, 1127.9 MB
[runlim] sample:		2189.8 time, 2190.3 real, 1164.9 MB
[runlim] sample:		2199.8 time, 2200.3 real, 1164.9 MB
[runlim] sample:		2209.8 time, 2210.3 real, 1164.9 MB
[runlim] sample:		2219.8 time, 2220.3 real, 1151.7 MB
[runlim] sample:		2229.8 time, 2230.3 real, 1363.9 MB
[runlim] sample:		2239.8 time, 2240.3 real, 1143.8 MB
[runlim] sample:		2249.8 time, 2250.3 real, 1143.3 MB
[runlim] sample:		2259.8 time, 2260.3 real, 1143.3 MB
[runlim] sample:		2269.8 time, 2270.3 real, 1143.3 MB
[runlim] sample:		2279.8 time, 2280.3 real, 1184.0 MB
[runlim] sample:		2289.8 time, 2290.3 real, 1184.0 MB
[runlim] sample:		2299.8 time, 2300.3 real, 1141.9 MB
[runlim] sample:		2309.8 time, 2310.3 real, 1141.9 MB
[runlim] sample:		2319.8 time, 2320.3 real, 1121.8 MB
[runlim] sample:		2329.8 time, 2330.3 real, 1121.8 MB
[runlim] sample:		2339.8 time, 2340.3 real, 1166.5 MB
[runlim] sample:		2349.8 time, 2350.3 real, 1166.5 MB
[runlim] sample:		2359.8 time, 2360.3 real, 1166.5 MB
[runlim] sample:		2369.8 time, 2370.3 real, 1168.9 MB
[runlim] sample:		2379.8 time, 2380.3 real, 1168.9 MB
[runlim] sample:		2389.8 time, 2390.3 real, 1211.6 MB
[runlim] sample:		2399.8 time, 2400.3 real, 1211.6 MB
[runlim] sample:		2409.8 time, 2410.3 real, 1211.6 MB
[runlim] sample:		2419.8 time, 2420.3 real, 1170.0 MB
[runlim] sample:		2429.8 time, 2430.3 real, 1170.0 MB
[runlim] sample:		2439.8 time, 2440.3 real, 1172.5 MB
[runlim] sample:		2449.8 time, 2450.3 real, 1172.5 MB
[runlim] sample:		2459.8 time, 2460.3 real, 1172.5 MB
[runlim] sample:		2469.8 time, 2470.3 real, 1197.2 MB
[runlim] sample:		2479.8 time, 2480.3 real, 1197.2 MB
[runlim] sample:		2489.8 time, 2490.3 real, 1424.1 MB
[runlim] sample:		2499.8 time, 2500.3 real, 1179.6 MB
[runlim] sample:		2509.8 time, 2510.3 real, 1179.6 MB
[runlim] sample:		2519.8 time, 2520.3 real, 1179.6 MB
[runlim] sample:		2529.8 time, 2530.3 real, 1173.9 MB
[runlim] sample:		2539.8 time, 2540.3 real, 1173.9 MB
[runlim] sample:		2549.8 time, 2550.3 real, 1359.1 MB
[runlim] sample:		2559.8 time, 2560.3 real, 1216.2 MB
[runlim] sample:		2569.8 time, 2570.3 real, 1165.9 MB
[runlim] sample:		2579.8 time, 2580.3 real, 1165.9 MB
[runlim] sample:		2589.8 time, 2590.3 real, 1165.9 MB
[runlim] sample:		2599.8 time, 2600.3 real, 1165.9 MB
[runlim] sample:		2609.8 time, 2610.3 real, 1194.0 MB
[runlim] sample:		2619.8 time, 2620.3 real, 1194.0 MB
[runlim] sample:		2629.8 time, 2630.3 real, 1220.3 MB
[runlim] sample:		2639.8 time, 2640.3 real, 1233.8 MB
[runlim] sample:		2649.8 time, 2650.4 real, 1233.8 MB
[runlim] sample:		2659.8 time, 2660.3 real, 1233.8 MB
[runlim] sample:		2669.8 time, 2670.3 real, 1487.4 MB
[runlim] sample:		2679.8 time, 2680.3 real, 1201.2 MB
[runlim] sample:		2689.8 time, 2690.3 real, 1201.2 MB
[runlim] sample:		2699.8 time, 2700.3 real, 1201.2 MB
[runlim] sample:		2709.8 time, 2710.3 real, 1210.9 MB
[runlim] sample:		2719.8 time, 2720.3 real, 1399.3 MB
[runlim] sample:		2729.8 time, 2730.3 real, 1145.7 MB
[runlim] sample:		2739.8 time, 2740.3 real, 1145.7 MB
[runlim] sample:		2749.8 time, 2750.3 real, 1136.7 MB
[runlim] sample:		2759.8 time, 2760.3 real, 1136.7 MB
[runlim] sample:		2769.8 time, 2770.3 real, 1136.7 MB
[runlim] sample:		2779.8 time, 2780.3 real, 1122.0 MB
[runlim] sample:		2789.8 time, 2790.3 real, 1169.4 MB
[runlim] sample:		2799.8 time, 2800.3 real, 1169.4 MB
[runlim] sample:		2809.8 time, 2810.3 real, 1173.7 MB
[runlim] sample:		2819.8 time, 2820.3 real, 1173.7 MB
[runlim] sample:		2829.8 time, 2830.3 real, 1173.7 MB
[runlim] sample:		2839.8 time, 2840.3 real, 1200.8 MB
[runlim] sample:		2849.8 time, 2850.3 real, 1200.8 MB
[runlim] sample:		2859.8 time, 2860.3 real, 1200.8 MB
[runlim] sample:		2869.8 time, 2870.3 real, 1200.8 MB
[runlim] sample:		2879.8 time, 2880.3 real, 1200.8 MB
[runlim] sample:		2889.8 time, 2890.3 real, 1204.5 MB
[runlim] sample:		2899.8 time, 2900.4 real, 1204.5 MB
[runlim] sample:		2909.8 time, 2910.4 real, 1204.5 MB
[runlim] sample:		2919.8 time, 2920.4 real, 1187.3 MB
[runlim] sample:		2929.8 time, 2930.4 real, 1187.3 MB
[runlim] sample:		2939.8 time, 2940.3 real, 1174.2 MB
[runlim] sample:		2949.8 time, 2950.3 real, 1174.2 MB
[runlim] sample:		2959.8 time, 2960.3 real, 1174.2 MB
[runlim] sample:		2969.8 time, 2970.3 real, 1174.2 MB
[runlim] sample:		2979.8 time, 2980.3 real, 1174.2 MB
[runlim] sample:		2989.8 time, 2990.3 real, 1174.2 MB
[runlim] sample:		2999.8 time, 3000.3 real, 1216.8 MB
[runlim] sample:		3009.8 time, 3010.3 real, 1216.8 MB
[runlim] sample:		3019.8 time, 3020.3 real, 1147.4 MB
[runlim] sample:		3029.8 time, 3030.3 real, 1147.4 MB
[runlim] sample:		3039.8 time, 3040.3 real, 1189.6 MB
[runlim] sample:		3049.8 time, 3050.3 real, 1173.7 MB
[runlim] sample:		3059.8 time, 3060.3 real, 1178.5 MB
[runlim] sample:		3069.8 time, 3070.3 real, 1178.5 MB
[runlim] sample:		3079.8 time, 3080.3 real, 1178.6 MB
[runlim] sample:		3089.8 time, 3090.3 real, 1178.6 MB
[runlim] sample:		3099.8 time, 3100.3 real, 1176.4 MB
[runlim] sample:		3109.8 time, 3110.3 real, 1176.4 MB
[runlim] sample:		3119.8 time, 3120.3 real, 1176.4 MB
[runlim] sample:		3129.8 time, 3130.3 real, 1179.5 MB
[runlim] sample:		3139.8 time, 3140.3 real, 1179.5 MB
[runlim] sample:		3149.8 time, 3150.3 real, 1183.3 MB
[runlim] sample:		3159.8 time, 3160.3 real, 1183.3 MB
[runlim] sample:		3169.8 time, 3170.3 real, 1411.9 MB
[runlim] sample:		3179.8 time, 3180.3 real, 1199.6 MB
[runlim] sample:		3189.8 time, 3190.3 real, 1199.6 MB
[runlim] sample:		3199.8 time, 3200.3 real, 1199.6 MB
[runlim] sample:		3209.8 time, 3210.3 real, 1216.7 MB
[runlim] sample:		3219.8 time, 3220.3 real, 1216.7 MB
[runlim] sample:		3229.8 time, 3230.3 real, 1206.5 MB
[runlim] sample:		3239.8 time, 3240.3 real, 1206.5 MB
[runlim] sample:		3249.8 time, 3250.3 real, 1206.5 MB
[runlim] sample:		3259.8 time, 3260.3 real, 1451.1 MB
[runlim] sample:		3269.8 time, 3270.3 real, 1215.8 MB
[runlim] sample:		3279.8 time, 3280.3 real, 1215.8 MB
[runlim] sample:		3289.8 time, 3290.3 real, 1215.8 MB
[runlim] sample:		3299.8 time, 3300.3 real, 1215.8 MB
[runlim] sample:		3309.7 time, 3310.3 real, 1223.6 MB
[runlim] sample:		3319.7 time, 3320.3 real, 1223.6 MB
[runlim] sample:		3329.7 time, 3330.3 real, 1246.6 MB
[runlim] sample:		3339.7 time, 3340.3 real, 1246.8 MB
[runlim] sample:		3349.7 time, 3350.3 real, 1246.8 MB
[runlim] sample:		3359.7 time, 3360.3 real, 1246.8 MB
[runlim] sample:		3369.7 time, 3370.3 real, 1232.8 MB
[runlim] sample:		3379.7 time, 3380.3 real, 1232.8 MB
[runlim] sample:		3389.7 time, 3390.3 real, 1232.8 MB
[runlim] sample:		3399.7 time, 3400.3 real, 1215.1 MB
[runlim] sample:		3409.7 time, 3410.3 real, 1215.1 MB
[runlim] sample:		3419.7 time, 3420.3 real, 1215.1 MB
[runlim] sample:		3429.7 time, 3430.3 real, 1233.2 MB
[runlim] sample:		3439.7 time, 3440.3 real, 1233.2 MB
[runlim] sample:		3449.7 time, 3450.3 real, 1233.2 MB
[runlim] sample:		3459.7 time, 3460.4 real, 1233.2 MB
[runlim] sample:		3469.7 time, 3470.4 real, 1233.5 MB
[runlim] sample:		3479.7 time, 3480.4 real, 1233.5 MB
[runlim] sample:		3489.7 time, 3490.3 real, 1491.3 MB
[runlim] sample:		3499.7 time, 3500.3 real, 1228.8 MB
[runlim] sample:		3509.7 time, 3510.3 real, 1228.8 MB
[runlim] sample:		3519.7 time, 3520.3 real, 1228.8 MB
[runlim] sample:		3529.7 time, 3530.3 real, 1224.5 MB
[runlim] sample:		3539.7 time, 3540.3 real, 1224.5 MB
[runlim] sample:		3549.7 time, 3550.3 real, 1224.5 MB
[runlim] sample:		3559.7 time, 3560.3 real, 1224.5 MB
[runlim] sample:		3569.7 time, 3570.3 real, 1225.8 MB
[runlim] sample:		3579.7 time, 3580.3 real, 1225.8 MB
[runlim] sample:		3589.7 time, 3590.3 real, 1199.5 MB
c Signal interruption.
[runlim] end:			Fri Aug 16 05:15:55 2024
[runlim] status:		out of time
[runlim] result:		2
[runlim] children:		0
[runlim] real:			3600.07 seconds
[runlim] time:			3599.43 seconds
[runlim] space:			1725.5 MB
[runlim] samples:		35997
