[runlim] version:		1.10
[runlim] time limit:		3600 seconds
[runlim] real time limit:	3600 seconds
[runlim] space limit:		30000 MB
[runlim] argv[0]:		/home/truongxuanhieu/AntiBandwidthReconstruct/build/abw_enc_symbreak
[runlim] argv[1]:		/home/truongxuanhieu/AntiBandwidthReconstruct/build/Benchmarks/R-dwt__503.mtx.rnd
[runlim] argv[2]:		--duplexNSC
[runlim] start:			Fri Aug 16 01:09:20 2024
[runlim] main pid:		49368
[runlim] log captured:
c DuplexEncoder 0.8.
c Solving strategy: from LB to UB.
c LB-w = 46 (LB in Sinnl - A note on computational approaches for the antibandwidth problem).
c UB-w = 71 (UB in Sinnl - A note on computational approaches for the antibandwidth problem).
c Antibandwidth problem with w = 46 ( R-dwt__503.mtx.rnd ):
c Initializing CaDiCaL (version 1.2.1).
c	Configuring CaDiCaL as --sat (1).
c Initializing a DuplexNSC encoder with n = 503.
c Encoding starts with w = 46:
c	Labels and Vertices aux var: 43258
c	Labels and Vertices constraints:  597564
c	Obj k aux var: 446664
c	Obj k constraints: 6803517
c	Obj k glue staircase constraints: 4977124
c	Encoding duration: 2s
c	Number of clauses: 7401332
c	Number of irredundant clauses: 7399342
c	Number of variables: 742931
c SAT Solving starts:
c	Solving duration: 4097 ms
c	Answer: 
s SAT (w = 46)
c	Solution check:
p calculated antibandwidth = 46.
c
c
c Antibandwidth problem with w = 47 ( R-dwt__503.mtx.rnd ):
c Initializing CaDiCaL (version 1.2.1).
c	Configuring CaDiCaL as --sat (1).
c Initializing a DuplexNSC encoder with n = 503.
c Encoding starts with w = 47:
c	Labels and Vertices aux var: 43258
c	Labels and Vertices constraints:  597564
c	Obj k aux var: 451191
c	Obj k constraints: 6805547
c	Obj k glue staircase constraints: 4966076
c	Encoding duration: 2s
c	Number of clauses: 7403362
c	Number of irredundant clauses: 7401362
c	Number of variables: 747458
c SAT Solving starts:
[runlim] sample:		10.0 time, 10.1 real, 832.5 MB
c	Solving duration: 4466 ms
c	Answer: 
s SAT (w = 47)
c	Solution check:
p calculated antibandwidth = 47.
c
c
c Antibandwidth problem with w = 48 ( R-dwt__503.mtx.rnd ):
c Initializing CaDiCaL (version 1.2.1).
c	Configuring CaDiCaL as --sat (1).
c Initializing a DuplexNSC encoder with n = 503.
c Encoding starts with w = 48:
c	Labels and Vertices aux var: 43258
c	Labels and Vertices constraints:  597564
c	Obj k aux var: 455718
c	Obj k constraints: 6807577
c	Obj k glue staircase constraints: 4955028
c	Encoding duration: 2s
c	Number of clauses: 7405392
c	Number of irredundant clauses: 7403382
c	Number of variables: 751985
c SAT Solving starts:
[runlim] sample:		20.0 time, 20.1 real, 1005.1 MB
c	Solving duration: 6078 ms
c	Answer: 
s SAT (w = 48)
c	Solution check:
p calculated antibandwidth = 48.
c
c
c Antibandwidth problem with w = 49 ( R-dwt__503.mtx.rnd ):
c Initializing CaDiCaL (version 1.2.1).
c	Configuring CaDiCaL as --sat (1).
c Initializing a DuplexNSC encoder with n = 503.
c Encoding starts with w = 49:
c	Labels and Vertices aux var: 43258
c	Labels and Vertices constraints:  597564
c	Obj k aux var: 460245
c	Obj k constraints: 6809607
c	Obj k glue staircase constraints: 4943980
c	Encoding duration: 2s
c	Number of clauses: 7407422
c	Number of irredundant clauses: 7405402
c	Number of variables: 756512
c SAT Solving starts:
c	Solving duration: 4931 ms
c	Answer: 
s SAT (w = 49)
c	Solution check:
p calculated antibandwidth = 49.
c
c
c Antibandwidth problem with w = 50 ( R-dwt__503.mtx.rnd ):
c Initializing CaDiCaL (version 1.2.1).
c	Configuring CaDiCaL as --sat (1).
c Initializing a DuplexNSC encoder with n = 503.
c Encoding starts with w = 50:
[runlim] sample:		30.0 time, 30.1 real, 847.3 MB
c	Labels and Vertices aux var: 43258
c	Labels and Vertices constraints:  597564
c	Obj k aux var: 464772
c	Obj k constraints: 6811637
c	Obj k glue staircase constraints: 4932932
c	Encoding duration: 2s
c	Number of clauses: 7409452
c	Number of irredundant clauses: 7407422
c	Number of variables: 761039
c SAT Solving starts:
[runlim] sample:		40.0 time, 40.1 real, 1051.1 MB
[runlim] sample:		50.0 time, 50.1 real, 1090.9 MB
c	Solving duration: 25923 ms
c	Answer: 
s SAT (w = 50)
c	Solution check:
p calculated antibandwidth = 50.
c
c
c Antibandwidth problem with w = 51 ( R-dwt__503.mtx.rnd ):
c Initializing CaDiCaL (version 1.2.1).
c	Configuring CaDiCaL as --sat (1).
c Initializing a DuplexNSC encoder with n = 503.
c Encoding starts with w = 51:
c	Labels and Vertices aux var: 43258
c	Labels and Vertices constraints:  592534
c	Obj k aux var: 445155
c	Obj k constraints: 6749018
c	Obj k glue staircase constraints: 4930170
c	Encoding duration: 2s
c	Number of clauses: 7341803
c	Number of irredundant clauses: 7339814
c	Number of variables: 741422
c SAT Solving starts:
[runlim] sample:		60.0 time, 60.1 real, 879.2 MB
c	Solving duration: 4460 ms
c	Answer: 
s SAT (w = 51)
c	Solution check:
p calculated antibandwidth = 51.
c
c
c Antibandwidth problem with w = 52 ( R-dwt__503.mtx.rnd ):
c Initializing CaDiCaL (version 1.2.1).
c	Configuring CaDiCaL as --sat (1).
c Initializing a DuplexNSC encoder with n = 503.
c Encoding starts with w = 52:
c	Labels and Vertices aux var: 43258
c	Labels and Vertices constraints:  592534
c	Obj k aux var: 449179
c	Obj k constraints: 6749539
c	Obj k glue staircase constraints: 4919122
c	Encoding duration: 2s
c	Number of clauses: 7342324
c	Number of irredundant clauses: 7340326
c	Number of variables: 745446
c SAT Solving starts:
[runlim] sample:		70.0 time, 70.1 real, 1049.6 MB
[runlim] sample:		80.0 time, 80.1 real, 1074.0 MB
c	Solving duration: 14270 ms
c	Answer: 
s SAT (w = 52)
c	Solution check:
p calculated antibandwidth = 52.
c
c
c Antibandwidth problem with w = 53 ( R-dwt__503.mtx.rnd ):
c Initializing CaDiCaL (version 1.2.1).
c	Configuring CaDiCaL as --sat (1).
c Initializing a DuplexNSC encoder with n = 503.
c Encoding starts with w = 53:
c	Labels and Vertices aux var: 43258
c	Labels and Vertices constraints:  592534
c	Obj k aux var: 453203
c	Obj k constraints: 6750060
c	Obj k glue staircase constraints: 4908074
c	Encoding duration: 2s
c	Number of clauses: 7342845
c	Number of irredundant clauses: 7340838
c	Number of variables: 749470
c SAT Solving starts:
[runlim] sample:		90.0 time, 90.1 real, 1026.1 MB
[runlim] sample:		100.0 time, 100.1 real, 1089.1 MB
[runlim] sample:		110.0 time, 110.1 real, 1221.0 MB
[runlim] sample:		120.0 time, 120.1 real, 1074.1 MB
[runlim] sample:		130.0 time, 130.1 real, 1085.8 MB
[runlim] sample:		140.0 time, 140.1 real, 1099.7 MB
[runlim] sample:		150.0 time, 150.1 real, 1145.6 MB
[runlim] sample:		160.0 time, 160.1 real, 1090.8 MB
[runlim] sample:		170.0 time, 170.1 real, 1118.7 MB
[runlim] sample:		180.0 time, 180.1 real, 1098.5 MB
[runlim] sample:		190.0 time, 190.1 real, 1098.5 MB
[runlim] sample:		200.0 time, 200.1 real, 1136.0 MB
c	Solving duration: 118334 ms
c	Answer: 
s SAT (w = 53)
c	Solution check:
p calculated antibandwidth = 53.
c
c
c Antibandwidth problem with w = 54 ( R-dwt__503.mtx.rnd ):
c Initializing CaDiCaL (version 1.2.1).
c	Configuring CaDiCaL as --sat (1).
c Initializing a DuplexNSC encoder with n = 503.
c Encoding starts with w = 54:
c	Labels and Vertices aux var: 43258
c	Labels and Vertices constraints:  592534
c	Obj k aux var: 457227
c	Obj k constraints: 6750581
c	Obj k glue staircase constraints: 4897026
c	Encoding duration: 2s
c	Number of clauses: 7343366
c	Number of irredundant clauses: 7341350
c	Number of variables: 753494
c SAT Solving starts:
c	Solving duration: 5069 ms
c	Answer: 
s SAT (w = 54)
c	Solution check:
p calculated antibandwidth = 54.
c
c
c Antibandwidth problem with w = 55 ( R-dwt__503.mtx.rnd ):
c Initializing CaDiCaL (version 1.2.1).
c	Configuring CaDiCaL as --sat (1).
c Initializing a DuplexNSC encoder with n = 503.
c Encoding starts with w = 55:
[runlim] sample:		210.0 time, 210.1 real, 781.9 MB
c	Labels and Vertices aux var: 43258
c	Labels and Vertices constraints:  592534
c	Obj k aux var: 461251
c	Obj k constraints: 6751102
c	Obj k glue staircase constraints: 4885978
c	Encoding duration: 2s
c	Number of clauses: 7343887
c	Number of irredundant clauses: 7341862
c	Number of variables: 757518
c SAT Solving starts:
[runlim] sample:		220.0 time, 220.1 real, 1048.3 MB
[runlim] sample:		230.0 time, 230.1 real, 1088.0 MB
[runlim] sample:		240.0 time, 240.1 real, 1046.2 MB
c	Solving duration: 38310 ms
c	Answer: 
s SAT (w = 55)
c	Solution check:
p calculated antibandwidth = 55.
c
c
c Antibandwidth problem with w = 56 ( R-dwt__503.mtx.rnd ):
c Initializing CaDiCaL (version 1.2.1).
c	Configuring CaDiCaL as --sat (1).
c Initializing a DuplexNSC encoder with n = 503.
c Encoding starts with w = 56:
[runlim] sample:		250.0 time, 250.1 real, 806.6 MB
c	Labels and Vertices aux var: 43258
c	Labels and Vertices constraints:  588007
c	Obj k aux var: 438616
c	Obj k constraints: 6679429
c	Obj k glue staircase constraints: 4883216
c	Encoding duration: 2s
c	Number of clauses: 7267687
c	Number of irredundant clauses: 7265768
c	Number of variables: 734883
c SAT Solving starts:
c	Solving duration: 4898 ms
c	Answer: 
s SAT (w = 56)
c	Solution check:
p calculated antibandwidth = 56.
c
c
c Antibandwidth problem with w = 57 ( R-dwt__503.mtx.rnd ):
c Initializing CaDiCaL (version 1.2.1).
c	Configuring CaDiCaL as --sat (1).
c Initializing a DuplexNSC encoder with n = 503.
c Encoding starts with w = 57:
c	Labels and Vertices aux var: 43258
c	Labels and Vertices constraints:  588007
c	Obj k aux var: 442137
c	Obj k constraints: 6678441
c	Obj k glue staircase constraints: 4872168
c	Encoding duration: 2s
c	Number of clauses: 7266699
c	Number of irredundant clauses: 7264830
c	Number of variables: 738404
c SAT Solving starts:
[runlim] sample:		260.0 time, 260.1 real, 911.5 MB
[runlim] sample:		270.0 time, 270.1 real, 1066.0 MB
[runlim] sample:		280.0 time, 280.1 real, 1080.0 MB
[runlim] sample:		290.0 time, 290.1 real, 1077.1 MB
[runlim] sample:		300.0 time, 300.1 real, 1077.2 MB
[runlim] sample:		310.0 time, 310.1 real, 1078.8 MB
[runlim] sample:		320.0 time, 320.1 real, 1077.9 MB
c	Solving duration: 69618 ms
c	Answer: 
s SAT (w = 57)
c	Solution check:
p calculated antibandwidth = 57.
c
c
c Antibandwidth problem with w = 58 ( R-dwt__503.mtx.rnd ):
c Initializing CaDiCaL (version 1.2.1).
c	Configuring CaDiCaL as --sat (1).
c Initializing a DuplexNSC encoder with n = 503.
c Encoding starts with w = 58:
[runlim] sample:		330.0 time, 330.1 real, 804.2 MB
c	Labels and Vertices aux var: 43258
c	Labels and Vertices constraints:  588007
c	Obj k aux var: 445658
c	Obj k constraints: 6677453
c	Obj k glue staircase constraints: 4861120
c	Encoding duration: 2s
c	Number of clauses: 7265711
c	Number of irredundant clauses: 7263834
c	Number of variables: 741925
c SAT Solving starts:
[runlim] sample:		340.0 time, 340.1 real, 1068.2 MB
[runlim] sample:		350.0 time, 350.1 real, 1020.3 MB
[runlim] sample:		360.0 time, 360.1 real, 1038.9 MB
[runlim] sample:		370.0 time, 370.1 real, 1075.1 MB
[runlim] sample:		380.0 time, 380.1 real, 1079.7 MB
c	Solving duration: 57189 ms
c	Answer: 
s SAT (w = 58)
c	Solution check:
p calculated antibandwidth = 58.
c
c
c Antibandwidth problem with w = 59 ( R-dwt__503.mtx.rnd ):
c Initializing CaDiCaL (version 1.2.1).
c	Configuring CaDiCaL as --sat (1).
c Initializing a DuplexNSC encoder with n = 503.
c Encoding starts with w = 59:
[runlim] sample:		390.0 time, 390.1 real, 787.4 MB
c	Labels and Vertices aux var: 43258
c	Labels and Vertices constraints:  588007
c	Obj k aux var: 449179
c	Obj k constraints: 6676465
c	Obj k glue staircase constraints: 4850072
c	Encoding duration: 2s
c	Number of clauses: 7264723
c	Number of irredundant clauses: 7262838
c	Number of variables: 745446
c SAT Solving starts:
[runlim] sample:		400.0 time, 400.1 real, 1060.4 MB
[runlim] sample:		410.0 time, 410.1 real, 1072.4 MB
[runlim] sample:		420.0 time, 420.1 real, 1208.4 MB
[runlim] sample:		430.0 time, 430.1 real, 1083.7 MB
[runlim] sample:		440.0 time, 440.1 real, 1255.0 MB
[runlim] sample:		450.0 time, 450.1 real, 1086.6 MB
[runlim] sample:		460.0 time, 460.1 real, 1083.0 MB
[runlim] sample:		470.0 time, 470.1 real, 1091.5 MB
[runlim] sample:		480.0 time, 480.1 real, 1270.8 MB
c	Solving duration: 95262 ms
c	Answer: 
s SAT (w = 59)
c	Solution check:
p calculated antibandwidth = 59.
c
c
c Antibandwidth problem with w = 60 ( R-dwt__503.mtx.rnd ):
c Initializing CaDiCaL (version 1.2.1).
c	Configuring CaDiCaL as --sat (1).
c Initializing a DuplexNSC encoder with n = 503.
c Encoding starts with w = 60:
c	Labels and Vertices aux var: 43258
c	Labels and Vertices constraints:  588007
c	Obj k aux var: 452700
c	Obj k constraints: 6675477
c	Obj k glue staircase constraints: 4839024
c	Encoding duration: 2s
c	Number of clauses: 7263735
c	Number of irredundant clauses: 7261842
c	Number of variables: 748967
c SAT Solving starts:
[runlim] sample:		490.0 time, 490.1 real, 820.2 MB
[runlim] sample:		500.0 time, 500.1 real, 1061.9 MB
[runlim] sample:		510.0 time, 510.1 real, 1028.0 MB
[runlim] sample:		520.0 time, 520.1 real, 1075.1 MB
[runlim] sample:		530.0 time, 530.1 real, 1076.0 MB
[runlim] sample:		540.0 time, 540.1 real, 1077.2 MB
[runlim] sample:		550.0 time, 550.1 real, 1077.7 MB
[runlim] sample:		560.0 time, 560.1 real, 1077.6 MB
[runlim] sample:		570.0 time, 570.1 real, 1081.4 MB
[runlim] sample:		580.0 time, 580.1 real, 1081.8 MB
[runlim] sample:		590.0 time, 590.1 real, 1081.7 MB
[runlim] sample:		600.0 time, 600.1 real, 1079.7 MB
[runlim] sample:		610.0 time, 610.1 real, 1035.6 MB
[runlim] sample:		620.0 time, 620.1 real, 1037.9 MB
[runlim] sample:		630.0 time, 630.1 real, 1038.5 MB
[runlim] sample:		640.0 time, 640.1 real, 1038.5 MB
[runlim] sample:		650.0 time, 650.1 real, 1042.6 MB
[runlim] sample:		660.0 time, 660.1 real, 1048.5 MB
[runlim] sample:		670.0 time, 670.1 real, 1229.4 MB
[runlim] sample:		680.0 time, 680.1 real, 1051.7 MB
[runlim] sample:		690.0 time, 690.1 real, 1041.8 MB
[runlim] sample:		700.0 time, 700.1 real, 1059.8 MB
[runlim] sample:		710.0 time, 710.1 real, 1050.7 MB
[runlim] sample:		720.0 time, 720.1 real, 1049.1 MB
[runlim] sample:		730.0 time, 730.1 real, 1049.1 MB
[runlim] sample:		740.0 time, 740.1 real, 1230.1 MB
[runlim] sample:		750.0 time, 750.1 real, 1047.3 MB
[runlim] sample:		760.0 time, 760.1 real, 1045.8 MB
[runlim] sample:		769.9 time, 770.1 real, 1232.0 MB
[runlim] sample:		779.9 time, 780.1 real, 1049.9 MB
[runlim] sample:		789.9 time, 790.1 real, 1050.0 MB
[runlim] sample:		799.9 time, 800.1 real, 1043.8 MB
[runlim] sample:		809.9 time, 810.1 real, 1043.8 MB
[runlim] sample:		819.9 time, 820.1 real, 1052.0 MB
[runlim] sample:		829.9 time, 830.1 real, 1052.4 MB
[runlim] sample:		839.9 time, 840.1 real, 1052.4 MB
[runlim] sample:		849.9 time, 850.1 real, 1052.4 MB
[runlim] sample:		859.9 time, 860.1 real, 1065.2 MB
[runlim] sample:		869.9 time, 870.1 real, 1065.2 MB
[runlim] sample:		879.9 time, 880.1 real, 1066.6 MB
[runlim] sample:		889.9 time, 890.1 real, 1066.6 MB
[runlim] sample:		899.9 time, 900.1 real, 1028.2 MB
[runlim] sample:		909.9 time, 910.1 real, 1120.8 MB
[runlim] sample:		919.9 time, 920.1 real, 1120.8 MB
[runlim] sample:		929.9 time, 930.1 real, 1120.8 MB
c	Solving duration: 446672 ms
c	Answer: 
s SAT (w = 60)
c	Solution check:
p calculated antibandwidth = 60.
c
c
c Antibandwidth problem with w = 61 ( R-dwt__503.mtx.rnd ):
c Initializing CaDiCaL (version 1.2.1).
c	Configuring CaDiCaL as --sat (1).
c Initializing a DuplexNSC encoder with n = 503.
c Encoding starts with w = 61:
c	Labels and Vertices aux var: 43258
c	Labels and Vertices constraints:  588007
c	Obj k aux var: 456221
c	Obj k constraints: 6674489
c	Obj k glue staircase constraints: 4827976
c	Encoding duration: 1s
c	Number of clauses: 7262747
c	Number of irredundant clauses: 7260846
c	Number of variables: 752488
c SAT Solving starts:
[runlim] sample:		939.9 time, 940.1 real, 989.4 MB
[runlim] sample:		949.9 time, 950.1 real, 1062.2 MB
[runlim] sample:		959.9 time, 960.1 real, 1076.2 MB
[runlim] sample:		969.9 time, 970.1 real, 1084.5 MB
[runlim] sample:		979.9 time, 980.1 real, 1085.1 MB
[runlim] sample:		989.9 time, 990.1 real, 1084.9 MB
[runlim] sample:		999.9 time, 1000.1 real, 1085.6 MB
[runlim] sample:		1009.9 time, 1010.1 real, 1085.4 MB
[runlim] sample:		1019.9 time, 1020.1 real, 1085.8 MB
[runlim] sample:		1029.9 time, 1030.1 real, 1087.4 MB
[runlim] sample:		1039.9 time, 1040.1 real, 997.6 MB
[runlim] sample:		1049.9 time, 1050.1 real, 1045.4 MB
[runlim] sample:		1059.9 time, 1060.1 real, 1050.5 MB
[runlim] sample:		1069.9 time, 1070.1 real, 1044.6 MB
[runlim] sample:		1079.9 time, 1080.1 real, 1080.4 MB
[runlim] sample:		1089.9 time, 1090.1 real, 1082.0 MB
[runlim] sample:		1099.9 time, 1100.1 real, 1084.1 MB
[runlim] sample:		1109.9 time, 1110.1 real, 1084.1 MB
[runlim] sample:		1119.9 time, 1120.1 real, 1083.6 MB
[runlim] sample:		1129.9 time, 1130.1 real, 1083.6 MB
[runlim] sample:		1139.9 time, 1140.1 real, 1082.0 MB
[runlim] sample:		1149.9 time, 1150.1 real, 1086.4 MB
[runlim] sample:		1159.8 time, 1160.1 real, 1097.4 MB
[runlim] sample:		1169.8 time, 1170.1 real, 1049.5 MB
[runlim] sample:		1179.8 time, 1180.1 real, 1061.4 MB
[runlim] sample:		1189.8 time, 1190.1 real, 1059.6 MB
[runlim] sample:		1199.8 time, 1200.1 real, 1048.9 MB
[runlim] sample:		1209.8 time, 1210.1 real, 1048.8 MB
[runlim] sample:		1219.8 time, 1220.1 real, 1226.7 MB
[runlim] sample:		1229.8 time, 1230.1 real, 1050.2 MB
[runlim] sample:		1239.8 time, 1240.1 real, 1002.4 MB
[runlim] sample:		1249.8 time, 1250.1 real, 1007.4 MB
[runlim] sample:		1259.8 time, 1260.1 real, 1177.1 MB
[runlim] sample:		1269.8 time, 1270.1 real, 1016.0 MB
[runlim] sample:		1279.8 time, 1280.1 real, 1006.2 MB
[runlim] sample:		1289.8 time, 1290.1 real, 1048.1 MB
[runlim] sample:		1299.8 time, 1300.1 real, 1267.7 MB
[runlim] sample:		1309.8 time, 1310.1 real, 1083.0 MB
[runlim] sample:		1319.8 time, 1320.1 real, 1331.4 MB
[runlim] sample:		1329.8 time, 1330.1 real, 1111.7 MB
[runlim] sample:		1339.8 time, 1340.1 real, 1111.7 MB
[runlim] sample:		1349.8 time, 1350.1 real, 1054.6 MB
[runlim] sample:		1359.8 time, 1360.1 real, 1054.6 MB
[runlim] sample:		1369.8 time, 1370.1 real, 1059.5 MB
c	Solving duration: 433894 ms
c	Answer: 
s SAT (w = 61)
c	Solution check:
p calculated antibandwidth = 61.
c
c
c Antibandwidth problem with w = 62 ( R-dwt__503.mtx.rnd ):
c Initializing CaDiCaL (version 1.2.1).
c	Configuring CaDiCaL as --sat (1).
c Initializing a DuplexNSC encoder with n = 503.
c Encoding starts with w = 62:
c	Labels and Vertices aux var: 43258
c	Labels and Vertices constraints:  588007
c	Obj k aux var: 459742
c	Obj k constraints: 6673501
c	Obj k glue staircase constraints: 4816928
c	Encoding duration: 2s
c	Number of clauses: 7261759
c	Number of irredundant clauses: 7259850
c	Number of variables: 756009
c SAT Solving starts:
[runlim] sample:		1379.8 time, 1380.1 real, 1201.6 MB
[runlim] sample:		1389.8 time, 1390.1 real, 1220.7 MB
[runlim] sample:		1399.8 time, 1400.1 real, 1040.3 MB
[runlim] sample:		1409.8 time, 1410.1 real, 1083.6 MB
[runlim] sample:		1419.8 time, 1420.1 real, 1037.3 MB
[runlim] sample:		1429.8 time, 1430.1 real, 1036.9 MB
[runlim] sample:		1439.8 time, 1440.1 real, 1037.0 MB
[runlim] sample:		1449.8 time, 1450.1 real, 1037.0 MB
[runlim] sample:		1459.8 time, 1460.1 real, 1037.5 MB
[runlim] sample:		1469.8 time, 1470.1 real, 1208.9 MB
[runlim] sample:		1479.8 time, 1480.1 real, 1039.6 MB
[runlim] sample:		1489.8 time, 1490.1 real, 1042.5 MB
[runlim] sample:		1499.8 time, 1500.1 real, 1043.5 MB
[runlim] sample:		1509.8 time, 1510.1 real, 1043.9 MB
[runlim] sample:		1519.8 time, 1520.1 real, 1111.4 MB
[runlim] sample:		1529.8 time, 1530.1 real, 1030.4 MB
[runlim] sample:		1539.8 time, 1540.1 real, 1054.5 MB
[runlim] sample:		1549.8 time, 1550.1 real, 1054.5 MB
[runlim] sample:		1559.8 time, 1560.1 real, 1033.3 MB
[runlim] sample:		1569.8 time, 1570.1 real, 997.4 MB
[runlim] sample:		1579.8 time, 1580.1 real, 1045.2 MB
[runlim] sample:		1589.8 time, 1590.1 real, 1044.8 MB
[runlim] sample:		1599.8 time, 1600.1 real, 1046.9 MB
[runlim] sample:		1609.8 time, 1610.1 real, 1060.1 MB
[runlim] sample:		1619.8 time, 1620.1 real, 1036.1 MB
[runlim] sample:		1629.8 time, 1630.1 real, 1012.2 MB
[runlim] sample:		1639.8 time, 1640.1 real, 1011.2 MB
[runlim] sample:		1649.8 time, 1650.1 real, 1034.9 MB
[runlim] sample:		1659.8 time, 1660.1 real, 1034.9 MB
[runlim] sample:		1669.8 time, 1670.1 real, 1034.0 MB
[runlim] sample:		1679.8 time, 1680.1 real, 1032.7 MB
[runlim] sample:		1689.8 time, 1690.1 real, 1041.9 MB
[runlim] sample:		1699.8 time, 1700.1 real, 1218.9 MB
[runlim] sample:		1709.8 time, 1710.1 real, 1040.6 MB
[runlim] sample:		1719.8 time, 1720.1 real, 1089.8 MB
[runlim] sample:		1729.8 time, 1730.1 real, 1042.0 MB
[runlim] sample:		1739.8 time, 1740.1 real, 1042.7 MB
[runlim] sample:		1749.8 time, 1750.1 real, 1222.6 MB
[runlim] sample:		1759.8 time, 1760.1 real, 1043.8 MB
[runlim] sample:		1769.8 time, 1770.1 real, 1043.8 MB
[runlim] sample:		1779.8 time, 1780.1 real, 1043.8 MB
[runlim] sample:		1789.8 time, 1790.1 real, 1046.2 MB
[runlim] sample:		1799.8 time, 1800.1 real, 1047.7 MB
[runlim] sample:		1809.8 time, 1810.1 real, 1094.2 MB
[runlim] sample:		1819.8 time, 1820.1 real, 1046.4 MB
[runlim] sample:		1829.8 time, 1830.1 real, 1046.4 MB
[runlim] sample:		1839.8 time, 1840.1 real, 1010.3 MB
[runlim] sample:		1849.8 time, 1850.1 real, 1058.1 MB
[runlim] sample:		1859.8 time, 1860.1 real, 1058.1 MB
[runlim] sample:		1869.8 time, 1870.1 real, 1048.9 MB
[runlim] sample:		1879.8 time, 1880.1 real, 1001.0 MB
[runlim] sample:		1889.8 time, 1890.1 real, 1006.9 MB
[runlim] sample:		1899.8 time, 1900.1 real, 1000.9 MB
[runlim] sample:		1909.8 time, 1910.1 real, 1048.7 MB
[runlim] sample:		1919.8 time, 1920.1 real, 1048.7 MB
[runlim] sample:		1929.8 time, 1930.1 real, 1050.0 MB
[runlim] sample:		1939.8 time, 1940.1 real, 1050.0 MB
[runlim] sample:		1949.8 time, 1950.1 real, 1086.0 MB
[runlim] sample:		1959.8 time, 1960.1 real, 1098.6 MB
[runlim] sample:		1969.8 time, 1970.1 real, 1098.5 MB
[runlim] sample:		1979.8 time, 1980.1 real, 1098.5 MB
[runlim] sample:		1989.8 time, 1990.1 real, 1135.0 MB
[runlim] sample:		1999.8 time, 2000.1 real, 1135.0 MB
[runlim] sample:		2009.8 time, 2010.1 real, 1264.2 MB
[runlim] sample:		2019.8 time, 2020.1 real, 1431.5 MB
[runlim] sample:		2029.8 time, 2030.1 real, 1591.3 MB
[runlim] sample:		2039.8 time, 2040.1 real, 1642.3 MB
[runlim] sample:		2049.8 time, 2050.1 real, 1736.6 MB
[runlim] sample:		2059.8 time, 2060.1 real, 1345.9 MB
[runlim] sample:		2069.8 time, 2070.1 real, 1323.9 MB
[runlim] sample:		2079.8 time, 2080.1 real, 1056.9 MB
[runlim] sample:		2089.8 time, 2090.1 real, 1056.9 MB
[runlim] sample:		2099.8 time, 2100.1 real, 1055.4 MB
[runlim] sample:		2109.8 time, 2110.1 real, 1122.7 MB
[runlim] sample:		2119.8 time, 2120.1 real, 1136.6 MB
[runlim] sample:		2129.8 time, 2130.1 real, 1136.6 MB
[runlim] sample:		2139.8 time, 2140.1 real, 1136.6 MB
[runlim] sample:		2149.8 time, 2150.1 real, 1133.9 MB
[runlim] sample:		2159.8 time, 2160.1 real, 1133.9 MB
[runlim] sample:		2169.8 time, 2170.1 real, 1148.8 MB
[runlim] sample:		2179.8 time, 2180.1 real, 1148.8 MB
[runlim] sample:		2189.8 time, 2190.1 real, 1148.8 MB
[runlim] sample:		2199.8 time, 2200.1 real, 1275.2 MB
[runlim] sample:		2209.8 time, 2210.1 real, 1275.2 MB
[runlim] sample:		2219.8 time, 2220.1 real, 1275.2 MB
[runlim] sample:		2229.8 time, 2230.1 real, 1461.6 MB
[runlim] sample:		2239.8 time, 2240.1 real, 1369.9 MB
[runlim] sample:		2249.8 time, 2250.1 real, 1369.8 MB
[runlim] sample:		2259.8 time, 2260.1 real, 1169.7 MB
[runlim] sample:		2269.8 time, 2270.1 real, 1169.7 MB
[runlim] sample:		2279.8 time, 2280.1 real, 1169.7 MB
[runlim] sample:		2289.8 time, 2290.1 real, 1169.7 MB
[runlim] sample:		2299.8 time, 2300.1 real, 1239.0 MB
[runlim] sample:		2309.8 time, 2310.1 real, 1239.0 MB
[runlim] sample:		2319.8 time, 2320.1 real, 1351.7 MB
[runlim] sample:		2329.8 time, 2330.1 real, 1471.3 MB
[runlim] sample:		2339.8 time, 2340.1 real, 1516.7 MB
[runlim] sample:		2349.8 time, 2350.1 real, 1591.7 MB
[runlim] sample:		2359.8 time, 2360.1 real, 2053.7 MB
[runlim] sample:		2369.8 time, 2370.1 real, 2053.7 MB
[runlim] sample:		2379.8 time, 2380.1 real, 2053.7 MB
[runlim] sample:		2389.8 time, 2390.1 real, 1475.7 MB
[runlim] sample:		2399.8 time, 2400.1 real, 1475.7 MB
[runlim] sample:		2409.8 time, 2410.1 real, 1507.5 MB
[runlim] sample:		2419.8 time, 2420.1 real, 1507.5 MB
[runlim] sample:		2429.8 time, 2430.1 real, 1292.9 MB
[runlim] sample:		2439.8 time, 2440.1 real, 1261.0 MB
[runlim] sample:		2449.8 time, 2450.1 real, 1261.0 MB
[runlim] sample:		2459.8 time, 2460.1 real, 1261.0 MB
c	Solving duration: 1093771 ms
c	Answer: 
s SAT (w = 62)
c	Solution check:
p calculated antibandwidth = 62.
c
c
c Antibandwidth problem with w = 63 ( R-dwt__503.mtx.rnd ):
c Initializing CaDiCaL (version 1.2.1).
c	Configuring CaDiCaL as --sat (1).
c Initializing a DuplexNSC encoder with n = 503.
c Encoding starts with w = 63:
c	Labels and Vertices aux var: 43258
c	Labels and Vertices constraints:  583983
c	Obj k aux var: 433083
c	Obj k constraints: 6589756
c	Obj k glue staircase constraints: 4814166
c	Encoding duration: 1s
c	Number of clauses: 7173990
c	Number of irredundant clauses: 7172137
c	Number of variables: 729350
c SAT Solving starts:
[runlim] sample:		2469.8 time, 2470.1 real, 1192.4 MB
[runlim] sample:		2479.8 time, 2480.1 real, 1330.8 MB
[runlim] sample:		2489.8 time, 2490.1 real, 1330.8 MB
[runlim] sample:		2499.8 time, 2500.1 real, 1329.7 MB
[runlim] sample:		2509.8 time, 2510.1 real, 1330.9 MB
[runlim] sample:		2519.8 time, 2520.1 real, 1498.1 MB
[runlim] sample:		2529.8 time, 2530.1 real, 1354.6 MB
[runlim] sample:		2539.8 time, 2540.1 real, 1354.7 MB
[runlim] sample:		2549.8 time, 2550.1 real, 1377.8 MB
[runlim] sample:		2559.8 time, 2560.1 real, 1377.6 MB
[runlim] sample:		2569.8 time, 2570.1 real, 1332.3 MB
[runlim] sample:		2579.8 time, 2580.1 real, 1332.1 MB
[runlim] sample:		2589.8 time, 2590.1 real, 1332.5 MB
[runlim] sample:		2599.8 time, 2600.1 real, 1414.7 MB
[runlim] sample:		2609.8 time, 2610.1 real, 1367.8 MB
[runlim] sample:		2619.8 time, 2620.1 real, 1369.0 MB
[runlim] sample:		2629.8 time, 2630.1 real, 1385.5 MB
[runlim] sample:		2639.8 time, 2640.1 real, 1369.5 MB
[runlim] sample:		2649.8 time, 2650.1 real, 1369.5 MB
[runlim] sample:		2659.8 time, 2660.1 real, 1369.2 MB
[runlim] sample:		2669.8 time, 2670.1 real, 1370.3 MB
[runlim] sample:		2679.8 time, 2680.1 real, 1375.3 MB
[runlim] sample:		2689.8 time, 2690.1 real, 1373.4 MB
[runlim] sample:		2699.8 time, 2700.1 real, 1370.6 MB
[runlim] sample:		2709.8 time, 2710.1 real, 1370.6 MB
[runlim] sample:		2719.8 time, 2720.1 real, 1381.1 MB
[runlim] sample:		2729.8 time, 2730.1 real, 1381.1 MB
[runlim] sample:		2739.8 time, 2740.1 real, 1388.1 MB
[runlim] sample:		2749.8 time, 2750.1 real, 1382.9 MB
[runlim] sample:		2759.8 time, 2760.1 real, 1382.9 MB
[runlim] sample:		2769.8 time, 2770.1 real, 1397.9 MB
[runlim] sample:		2779.8 time, 2780.1 real, 1397.9 MB
[runlim] sample:		2789.8 time, 2790.1 real, 1391.1 MB
[runlim] sample:		2799.8 time, 2800.1 real, 1344.7 MB
[runlim] sample:		2809.8 time, 2810.1 real, 1343.1 MB
[runlim] sample:		2819.8 time, 2820.1 real, 1338.8 MB
[runlim] sample:		2829.8 time, 2830.1 real, 1374.7 MB
[runlim] sample:		2839.8 time, 2840.1 real, 1374.7 MB
[runlim] sample:		2849.8 time, 2850.1 real, 1375.2 MB
[runlim] sample:		2859.8 time, 2860.1 real, 1374.3 MB
[runlim] sample:		2869.8 time, 2870.1 real, 1374.3 MB
[runlim] sample:		2879.8 time, 2880.1 real, 1373.1 MB
[runlim] sample:		2889.8 time, 2890.1 real, 1384.1 MB
[runlim] sample:		2899.8 time, 2900.1 real, 1384.1 MB
[runlim] sample:		2909.8 time, 2910.1 real, 1379.7 MB
[runlim] sample:		2919.8 time, 2920.1 real, 1379.7 MB
[runlim] sample:		2929.8 time, 2930.1 real, 1385.4 MB
[runlim] sample:		2939.8 time, 2940.1 real, 1392.0 MB
[runlim] sample:		2949.8 time, 2950.1 real, 1395.4 MB
[runlim] sample:		2959.8 time, 2960.1 real, 1395.4 MB
[runlim] sample:		2969.8 time, 2970.1 real, 1395.4 MB
[runlim] sample:		2979.8 time, 2980.1 real, 1411.6 MB
[runlim] sample:		2989.8 time, 2990.1 real, 1411.6 MB
[runlim] sample:		2999.8 time, 3000.1 real, 1411.6 MB
[runlim] sample:		3009.8 time, 3010.1 real, 1411.6 MB
[runlim] sample:		3019.8 time, 3020.1 real, 1825.9 MB
[runlim] sample:		3029.8 time, 3030.1 real, 1825.9 MB
[runlim] sample:		3039.8 time, 3040.1 real, 1580.3 MB
[runlim] sample:		3049.8 time, 3050.1 real, 1580.3 MB
[runlim] sample:		3059.8 time, 3060.1 real, 1580.3 MB
[runlim] sample:		3069.8 time, 3070.1 real, 1580.3 MB
[runlim] sample:		3079.8 time, 3080.1 real, 2153.2 MB
[runlim] sample:		3089.8 time, 3090.1 real, 1771.6 MB
[runlim] sample:		3099.8 time, 3100.1 real, 1771.6 MB
[runlim] sample:		3109.8 time, 3110.1 real, 1771.6 MB
c	Solving duration: 649191 ms
c	Answer: 
s SAT (w = 63)
c	Solution check:
p calculated antibandwidth = 63.
c
c
c Antibandwidth problem with w = 64 ( R-dwt__503.mtx.rnd ):
c Initializing CaDiCaL (version 1.2.1).
c	Configuring CaDiCaL as --sat (1).
c Initializing a DuplexNSC encoder with n = 503.
c Encoding starts with w = 64:
[runlim] sample:		3119.8 time, 3120.1 real, 1198.5 MB
c	Labels and Vertices aux var: 43258
c	Labels and Vertices constraints:  583983
c	Obj k aux var: 436101
c	Obj k constraints: 6587259
c	Obj k glue staircase constraints: 4803118
c	Encoding duration: 2s
c	Number of clauses: 7171493
c	Number of irredundant clauses: 7169632
c	Number of variables: 732368
c SAT Solving starts:
[runlim] sample:		3129.8 time, 3130.1 real, 1325.1 MB
[runlim] sample:		3139.8 time, 3140.1 real, 1341.0 MB
[runlim] sample:		3149.8 time, 3150.1 real, 1396.1 MB
[runlim] sample:		3159.8 time, 3160.1 real, 1229.1 MB
[runlim] sample:		3169.8 time, 3170.1 real, 1396.8 MB
[runlim] sample:		3179.8 time, 3180.1 real, 1229.1 MB
[runlim] sample:		3189.8 time, 3190.1 real, 1229.1 MB
[runlim] sample:		3199.8 time, 3200.1 real, 1399.6 MB
[runlim] sample:		3209.8 time, 3210.1 real, 1229.1 MB
[runlim] sample:		3219.8 time, 3220.1 real, 1237.1 MB
[runlim] sample:		3229.8 time, 3230.1 real, 1237.1 MB
[runlim] sample:		3239.8 time, 3240.1 real, 1237.1 MB
[runlim] sample:		3249.8 time, 3250.1 real, 1406.0 MB
[runlim] sample:		3259.8 time, 3260.1 real, 1406.5 MB
[runlim] sample:		3269.8 time, 3270.1 real, 1406.7 MB
[runlim] sample:		3279.8 time, 3280.1 real, 1237.1 MB
[runlim] sample:		3289.8 time, 3290.1 real, 1410.3 MB
[runlim] sample:		3299.8 time, 3300.1 real, 1410.3 MB
[runlim] sample:		3309.8 time, 3310.1 real, 1237.1 MB
[runlim] sample:		3319.7 time, 3320.1 real, 1409.0 MB
[runlim] sample:		3329.7 time, 3330.1 real, 1239.1 MB
[runlim] sample:		3339.7 time, 3340.1 real, 1239.1 MB
[runlim] sample:		3349.7 time, 3350.1 real, 1410.0 MB
[runlim] sample:		3359.8 time, 3360.1 real, 1239.1 MB
[runlim] sample:		3369.8 time, 3370.1 real, 1409.3 MB
[runlim] sample:		3379.8 time, 3380.1 real, 1239.1 MB
[runlim] sample:		3389.8 time, 3390.1 real, 1239.1 MB
[runlim] sample:		3399.8 time, 3400.1 real, 1239.1 MB
[runlim] sample:		3409.7 time, 3410.1 real, 1239.1 MB
[runlim] sample:		3419.7 time, 3420.1 real, 1415.3 MB
[runlim] sample:		3429.7 time, 3430.1 real, 1239.1 MB
[runlim] sample:		3439.7 time, 3440.1 real, 1426.8 MB
[runlim] sample:		3449.7 time, 3450.1 real, 1239.1 MB
[runlim] sample:		3459.7 time, 3460.1 real, 1413.0 MB
[runlim] sample:		3469.7 time, 3470.1 real, 1254.1 MB
[runlim] sample:		3479.7 time, 3480.1 real, 1254.1 MB
[runlim] sample:		3489.7 time, 3490.1 real, 1257.1 MB
[runlim] sample:		3499.7 time, 3500.1 real, 1431.8 MB
[runlim] sample:		3509.7 time, 3510.1 real, 1431.8 MB
[runlim] sample:		3519.7 time, 3520.1 real, 1257.1 MB
[runlim] sample:		3529.7 time, 3530.1 real, 1257.1 MB
[runlim] sample:		3539.7 time, 3540.1 real, 1257.1 MB
[runlim] sample:		3549.7 time, 3550.1 real, 1257.1 MB
[runlim] sample:		3559.7 time, 3560.1 real, 1260.1 MB
[runlim] sample:		3569.7 time, 3570.1 real, 1260.1 MB
[runlim] sample:		3579.7 time, 3580.1 real, 1446.5 MB
[runlim] sample:		3589.7 time, 3590.1 real, 1260.1 MB
c Signal interruption.
[runlim] end:			Fri Aug 16 02:09:20 2024
[runlim] status:		out of time
[runlim] result:		2
[runlim] children:		0
[runlim] real:			3600.02 seconds
[runlim] time:			3599.64 seconds
[runlim] space:			2414.8 MB
[runlim] samples:		35999
