[runlim] version:		1.10
[runlim] time limit:		3600 seconds
[runlim] real time limit:	3600 seconds
[runlim] space limit:		30000 MB
[runlim] argv[0]:		/home/truongxuanhieu/AntiBandwidthReconstruct/build/abw_enc_symbreak
[runlim] argv[1]:		/home/truongxuanhieu/AntiBandwidthReconstruct/build/BenchmarksAdd/U-662_bus.mtx.rnd
[runlim] argv[2]:		--duplexNSC
[runlim] start:			Fri Aug 16 06:16:57 2024
[runlim] main pid:		63273
[runlim] log captured:
c DuplexEncoder 0.8.
c Solving strategy: from LB to UB.
c LB-w = 219 (LB in Sinnl - A note on computational approaches for the antibandwidth problem).
c UB-w = 220 (UB in Sinnl - A note on computational approaches for the antibandwidth problem).
c Antibandwidth problem with w = 219 ( U-662_bus.mtx.rnd ):
c Initializing CaDiCaL (version 1.2.1).
c	Configuring CaDiCaL as --sat (1).
c Initializing a DuplexNSC encoder with n = 662.
c Encoding starts with w = 219:
c	Labels and Vertices aux var: 66200
c	Labels and Vertices constraints:  978436
c	Obj k aux var: 722904
c	Obj k constraints: 4501124
c	Obj k glue staircase constraints: 1600902
c	Encoding duration: 1s
c	Number of clauses: 5479891
c	Number of irredundant clauses: 5477842
c	Number of variables: 1227348
c SAT Solving starts:
[runlim] sample:		10.0 time, 10.1 real, 931.7 MB
[runlim] sample:		20.0 time, 20.1 real, 1101.4 MB
[runlim] sample:		30.0 time, 30.1 real, 1103.6 MB
c	Solving duration: 37603 ms
c	Answer: 
s SAT (w = 219)
c	Solution check:
p calculated antibandwidth = 219.
c
c
c Antibandwidth problem with w = 220 ( U-662_bus.mtx.rnd ):
c Initializing CaDiCaL (version 1.2.1).
c	Configuring CaDiCaL as --sat (1).
c Initializing a DuplexNSC encoder with n = 662.
c Encoding starts with w = 220:
[runlim] sample:		40.0 time, 40.1 real, 643.3 MB
c	Labels and Vertices aux var: 66200
c	Labels and Vertices constraints:  978436
c	Obj k aux var: 724228
c	Obj k constraints: 4500810
c	Obj k glue staircase constraints: 1597278
c	Encoding duration: 1s
c	Number of clauses: 5479577
c	Number of irredundant clauses: 5477522
c	Number of variables: 1228672
c SAT Solving starts:
[runlim] sample:		50.0 time, 50.1 real, 964.6 MB
[runlim] sample:		60.0 time, 60.1 real, 960.2 MB
[runlim] sample:		70.0 time, 70.1 real, 1103.2 MB
[runlim] sample:		80.0 time, 80.1 real, 1113.9 MB
[runlim] sample:		90.0 time, 90.1 real, 1068.9 MB
[runlim] sample:		100.0 time, 100.1 real, 1118.9 MB
[runlim] sample:		110.0 time, 110.1 real, 1147.0 MB
[runlim] sample:		120.0 time, 120.1 real, 1155.7 MB
[runlim] sample:		130.0 time, 130.1 real, 1149.9 MB
[runlim] sample:		140.0 time, 140.1 real, 1149.9 MB
[runlim] sample:		150.0 time, 150.1 real, 1280.4 MB
[runlim] sample:		160.0 time, 160.1 real, 1179.5 MB
[runlim] sample:		170.0 time, 170.1 real, 1181.5 MB
[runlim] sample:		180.0 time, 180.1 real, 1174.4 MB
[runlim] sample:		190.0 time, 190.1 real, 1178.6 MB
[runlim] sample:		200.0 time, 200.1 real, 1164.9 MB
[runlim] sample:		210.0 time, 210.1 real, 1164.9 MB
[runlim] sample:		220.0 time, 220.1 real, 1299.7 MB
[runlim] sample:		230.0 time, 230.1 real, 1160.4 MB
[runlim] sample:		240.0 time, 240.1 real, 1163.7 MB
[runlim] sample:		250.0 time, 250.1 real, 1168.9 MB
[runlim] sample:		260.0 time, 260.1 real, 1168.9 MB
[runlim] sample:		270.0 time, 270.1 real, 1188.1 MB
[runlim] sample:		280.0 time, 280.1 real, 1129.6 MB
[runlim] sample:		290.0 time, 290.1 real, 1179.4 MB
[runlim] sample:		300.0 time, 300.1 real, 1183.2 MB
[runlim] sample:		310.0 time, 310.1 real, 1202.4 MB
[runlim] sample:		320.0 time, 320.1 real, 1164.5 MB
[runlim] sample:		330.0 time, 330.1 real, 1172.5 MB
[runlim] sample:		340.0 time, 340.1 real, 1128.6 MB
[runlim] sample:		350.0 time, 350.1 real, 1175.5 MB
c	Solving duration: 318301 ms
c	Answer: 
s SAT (w = 220)
c	Solution check:
p calculated antibandwidth = 220.
[runlim] sample:		360.0 time, 360.1 real, 973.4 MB
c
c
[runlim] end:			Fri Aug 16 06:22:57 2024
[runlim] status:		ok
[runlim] result:		0
[runlim] children:		0
[runlim] real:			360.36 seconds
[runlim] time:			360.17 seconds
[runlim] space:			1359.3 MB
[runlim] samples:		3602
