[runlim] version:		1.10
[runlim] time limit:		3600 seconds
[runlim] real time limit:	3600 seconds
[runlim] space limit:		30000 MB
[runlim] argv[0]:		/home/truongxuanhieu/AntiBandwidthReconstruct/build/abw_enc_symbreak_max_node_hybrid_NSC_binomial
[runlim] argv[1]:		/home/truongxuanhieu/AntiBandwidthReconstruct/build/BenchmarkAdd/D-bcsstk01.mtx.rnd
[runlim] argv[2]:		--duplexNSC
[runlim] argv[3]:		-split-size
[runlim] argv[4]:		10
[runlim] start:			Fri Aug 30 04:46:31 2024
[runlim] main pid:		4907
[runlim] log captured:
c DuplexEncoder 0.8.
c Splitting clauses at length 10.
c Solving strategy: from LB to UB.
c LB-w = 8 (LB in Sinnl - A note on computational approaches for the antibandwidth problem).
c UB-w = 9 (UB in Sinnl - A note on computational approaches for the antibandwidth problem).
c Antibandwidth problem with w = 8 ( D-bcsstk01.mtx.rnd ):
c Initializing CaDiCaL (version 1.2.1).
c	Configuring CaDiCaL as --sat (1).
c Initializing a DuplexNSC encoder with n = 48.
c Encoding starts with w = 8:
c	Labels and Vertices aux var: 1152
c	Labels and Vertices constraints:  6960
c	Obj k aux var: 3168
c	Obj k constraints: 39472
c	Obj k glue staircase constraints: 25696
c	Encoding duration: 0s
c	Number of clauses: 46696
c	Number of irredundant clauses: 46328
c	Number of variables: 6864
c SAT Solving starts:
c	Solving duration: 6 ms
c	Answer: 
s SAT (w = 8)
AB is set to 9
Node 4 : 18
Node 37 : 27
AB is set to 8
Node 4 : 18
Node 9 : 26
c	Solution check:
p calculated antibandwidth = 8.
c
c
c Antibandwidth problem with w = 9 ( D-bcsstk01.mtx.rnd ):
c Initializing CaDiCaL (version 1.2.1).
c	Configuring CaDiCaL as --sat (1).
c Initializing a DuplexNSC encoder with n = 48.
c Encoding starts with w = 9:
c	Labels and Vertices aux var: 1152
c	Labels and Vertices constraints:  6960
c	Obj k aux var: 3168
c	Obj k constraints: 39488
c	Obj k glue staircase constraints: 25520
c	Encoding duration: 0s
c	Number of clauses: 46712
c	Number of irredundant clauses: 46291
c	Number of variables: 6864
c SAT Solving starts:
c	Solving duration: 198 ms
c	Answer: 
s SAT (w = 9)
AB is set to 27
Node 4 : 8
Node 37 : 35
AB is set to 15
Node 4 : 8
Node 9 : 23
AB is set to 9
Node 1 : 32
Node 30 : 41
c	Solution check:
p calculated antibandwidth = 9.
c
c
[runlim] end:			Fri Aug 30 04:46:31 2024
[runlim] status:		ok
[runlim] result:		0
[runlim] children:		0
[runlim] real:			0.61 seconds
[runlim] time:			0.18 seconds
[runlim] space:			12.8 MB
[runlim] samples:		2
