[runlim] version:		1.10
[runlim] time limit:		3600 seconds
[runlim] real time limit:	3600 seconds
[runlim] space limit:		30000 MB
[runlim] argv[0]:		/home/truongxuanhieu/AntiBandwidthReconstruct/build/abw_enc_symbreak_max_node_hybrid_NSC_binomial
[runlim] argv[1]:		/home/truongxuanhieu/AntiBandwidthReconstruct/build/BenchmarkAdd/F-curtis54.mtx.rnd
[runlim] argv[2]:		--duplexNSC
[runlim] argv[3]:		-split-size
[runlim] argv[4]:		10
[runlim] start:			Fri Aug 30 04:46:31 2024
[runlim] main pid:		4913
[runlim] log captured:
c DuplexEncoder 0.8.
c Splitting clauses at length 10.
c Solving strategy: from LB to UB.
c LB-w = 12 (LB in Sinnl - A note on computational approaches for the antibandwidth problem).
c UB-w = 13 (UB in Sinnl - A note on computational approaches for the antibandwidth problem).
c Antibandwidth problem with w = 12 ( F-curtis54.mtx.rnd ):
c Initializing CaDiCaL (version 1.2.1).
c	Configuring CaDiCaL as --sat (1).
c Initializing a DuplexNSC encoder with n = 54.
c Encoding starts with w = 12:
c	Labels and Vertices aux var: 1404
c	Labels and Vertices constraints:  8370
c	Obj k aux var: 4050
c	Obj k constraints: 37444
c	Obj k glue staircase constraints: 19840
c	Encoding duration: 0s
c	Number of clauses: 46111
c	Number of irredundant clauses: 45703
c	Number of variables: 8640
c SAT Solving starts:
c	Solving duration: 9 ms
c	Answer: 
s SAT (w = 12)
AB is set to 19
Node 2 : 2
Node 41 : 21
AB is set to 12
Node 18 : 53
Node 45 : 41
c	Solution check:
p calculated antibandwidth = 12.
c
c
c Antibandwidth problem with w = 13 ( F-curtis54.mtx.rnd ):
c Initializing CaDiCaL (version 1.2.1).
c	Configuring CaDiCaL as --sat (1).
c Initializing a DuplexNSC encoder with n = 54.
c Encoding starts with w = 13:
c	Labels and Vertices aux var: 1404
c	Labels and Vertices constraints:  8370
c	Obj k aux var: 3942
c	Obj k constraints: 36840
c	Obj k glue staircase constraints: 19344
c	Encoding duration: 0s
c	Number of clauses: 45561
c	Number of irredundant clauses: 45146
c	Number of variables: 8586
c SAT Solving starts:
c	Solving duration: 48 ms
c	Answer: 
s SAT (w = 13)
AB is set to 28
Node 2 : 39
Node 41 : 11
AB is set to 13
Node 2 : 39
Node 18 : 52
c	Solution check:
p calculated antibandwidth = 13.
c
c
[runlim] end:			Fri Aug 30 04:46:31 2024
[runlim] status:		ok
[runlim] result:		0
[runlim] children:		0
[runlim] real:			0.94 seconds
[runlim] time:			0.00 seconds
[runlim] space:			0.0 MB
[runlim] samples:		0
