[runlim] version:		1.10
[runlim] time limit:		3600 seconds
[runlim] real time limit:	3600 seconds
[runlim] space limit:		30000 MB
[runlim] argv[0]:		/home/truongxuanhieu/AntiBandwidthReconstruct/build/abw_enc_symbreak_max_node_hybrid_NSC_binomial
[runlim] argv[1]:		/home/truongxuanhieu/AntiBandwidthReconstruct/build/BenchmarkAdd/G-will57.mtx.rnd
[runlim] argv[2]:		--duplexNSC
[runlim] argv[3]:		-split-size
[runlim] argv[4]:		10
[runlim] start:			Fri Aug 30 04:46:39 2024
[runlim] main pid:		4981
[runlim] log captured:
c DuplexEncoder 0.8.
c Splitting clauses at length 10.
c Solving strategy: from LB to UB.
c LB-w = 12 (LB in Sinnl - A note on computational approaches for the antibandwidth problem).
c UB-w = 14 (UB in Sinnl - A note on computational approaches for the antibandwidth problem).
c Antibandwidth problem with w = 12 ( G-will57.mtx.rnd ):
c Initializing CaDiCaL (version 1.2.1).
c	Configuring CaDiCaL as --sat (1).
c Initializing a DuplexNSC encoder with n = 57.
c Encoding starts with w = 12:
c	Labels and Vertices aux var: 1596
c	Labels and Vertices constraints:  9348
c	Obj k aux var: 4617
c	Obj k constraints: 41623
c	Obj k glue staircase constraints: 21844
c	Encoding duration: 0s
c	Number of clauses: 51341
c	Number of irredundant clauses: 51010
c	Number of variables: 9804
c SAT Solving starts:
c	Solving duration: 69 ms
c	Answer: 
s SAT (w = 12)
AB is set to 51
Node 51 : 4
Node 53 : 55
AB is set to 39
Node 23 : 43
Node 51 : 4
AB is set to 21
Node 28 : 25
Node 51 : 4
AB is set to 17
Node 51 : 4
Node 57 : 21
AB is set to 16
Node 50 : 20
Node 51 : 4
AB is set to 14
Node 29 : 18
Node 51 : 4
AB is set to 12
Node 33 : 16
Node 51 : 4
c	Solution check:
p calculated antibandwidth = 12.
c
c
c Antibandwidth problem with w = 13 ( G-will57.mtx.rnd ):
c Initializing CaDiCaL (version 1.2.1).
c	Configuring CaDiCaL as --sat (1).
c Initializing a DuplexNSC encoder with n = 57.
c Encoding starts with w = 13:
c	Labels and Vertices aux var: 1596
c	Labels and Vertices constraints:  9348
c	Obj k aux var: 4503
c	Obj k constraints: 41001
c	Obj k glue staircase constraints: 21336
c	Encoding duration: 0s
c	Number of clauses: 50719
c	Number of irredundant clauses: 50384
c	Number of variables: 9690
c SAT Solving starts:
c	Solving duration: 716 ms
c	Answer: 
s SAT (w = 13)
AB is set to 13
Node 51 : 42
Node 53 : 55
c	Solution check:
p calculated antibandwidth = 13.
c
c
c Antibandwidth problem with w = 14 ( G-will57.mtx.rnd ):
c Initializing CaDiCaL (version 1.2.1).
c	Configuring CaDiCaL as --sat (1).
c Initializing a DuplexNSC encoder with n = 57.
c Encoding starts with w = 14:
c	Labels and Vertices aux var: 1596
c	Labels and Vertices constraints:  9348
c	Obj k aux var: 4389
c	Obj k constraints: 40379
c	Obj k glue staircase constraints: 20828
c	Encoding duration: 0s
c	Number of clauses: 50154
c	Number of irredundant clauses: 49842
c	Number of variables: 9633
c SAT Solving starts:
c	Solving duration: 7 ms
c	Answer: 
s UNSAT (w = 14)
c
c
[runlim] end:			Fri Aug 30 04:46:40 2024
[runlim] status:		ok
[runlim] result:		0
[runlim] children:		0
[runlim] real:			1.31 seconds
[runlim] time:			0.79 seconds
[runlim] space:			16.2 MB
[runlim] samples:		8
