[runlim] version:		1.10
[runlim] time limit:		3600 seconds
[runlim] real time limit:	3600 seconds
[runlim] space limit:		30000 MB
[runlim] argv[0]:		/home/truongxuanhieu/AntiBandwidthReconstruct/build/abw_enc_symbreak_max_node
[runlim] argv[1]:		/home/truongxuanhieu/AntiBandwidthReconstruct/build/BenchmarksAdd/E-bcspwr02.mtx.rnd
[runlim] argv[2]:		--duplexNSC
[runlim] argv[3]:		-split-size
[runlim] argv[4]:		10
[runlim] start:			Wed Aug 28 20:29:45 2024
[runlim] main pid:		21498
[runlim] log captured:
c DuplexEncoder 0.8.
c Splitting clauses at length 10.
c Solving strategy: from LB to UB.
c LB-w = 21 (LB in Sinnl - A note on computational approaches for the antibandwidth problem).
c UB-w = 22 (UB in Sinnl - A note on computational approaches for the antibandwidth problem).
c Antibandwidth problem with w = 21 ( E-bcspwr02.mtx.rnd ):
c Initializing CaDiCaL (version 1.2.1).
c	Configuring CaDiCaL as --sat (1).
c Initializing a DuplexNSC encoder with n = 49.
c Encoding starts with w = 21:
c	Labels and Vertices aux var: 1176
c	Labels and Vertices constraints:  6615
c	Obj k aux var: 3185
c	Obj k constraints: 19769
c	Obj k glue staircase constraints: 6490
c	Encoding duration: 0s
c	Number of clauses: 26653
c	Number of irredundant clauses: 26489
c	Number of variables: 7007
c SAT Solving starts:
c	Solving duration: 1525 ms
c	Answer: 
s SAT (w = 21)
c	Solution check:
p calculated antibandwidth = 21.
c
c
c Antibandwidth problem with w = 22 ( E-bcspwr02.mtx.rnd ):
c Initializing CaDiCaL (version 1.2.1).
c	Configuring CaDiCaL as --sat (1).
c Initializing a DuplexNSC encoder with n = 49.
c Encoding starts with w = 22:
c	Labels and Vertices aux var: 1176
c	Labels and Vertices constraints:  6615
c	Obj k aux var: 3234
c	Obj k constraints: 19631
c	Obj k glue staircase constraints: 6254
c	Encoding duration: 0s
c	Number of clauses: 26515
c	Number of irredundant clauses: 26349
c	Number of variables: 7056
c SAT Solving starts:
c	Solving duration: 810 ms
c	Answer: 
s UNSAT (w = 22)
c
c
[runlim] end:			Wed Aug 28 20:29:47 2024
[runlim] status:		ok
[runlim] result:		0
[runlim] children:		0
[runlim] real:			2.67 seconds
[runlim] time:			2.29 seconds
[runlim] space:			13.4 MB
[runlim] samples:		23
