[runlim] version:		1.10
[runlim] time limit:		3600 seconds
[runlim] real time limit:	3600 seconds
[runlim] space limit:		30000 MB
[runlim] argv[0]:		/home/truongxuanhieu/AntiBandwidthReconstruct/build/abw_enc_symbreak_max_node
[runlim] argv[1]:		/home/truongxuanhieu/AntiBandwidthReconstruct/build/BenchmarksAdd/M-bcsstk06.mtx.rnd
[runlim] argv[2]:		--duplexNSC
[runlim] argv[3]:		-split-size
[runlim] argv[4]:		10
[runlim] start:			Wed Aug 28 21:29:47 2024
[runlim] main pid:		23448
[runlim] log captured:
c DuplexEncoder 0.8.
c Splitting clauses at length 10.
c Solving strategy: from LB to UB.
c LB-w = 28 (LB in Sinnl - A note on computational approaches for the antibandwidth problem).
c UB-w = 72 (UB in Sinnl - A note on computational approaches for the antibandwidth problem).
c Antibandwidth problem with w = 28 ( M-bcsstk06.mtx.rnd ):
c Initializing CaDiCaL (version 1.2.1).
c	Configuring CaDiCaL as --sat (1).
c Initializing a DuplexNSC encoder with n = 420.
c Encoding starts with w = 28:
c	Labels and Vertices aux var: 32760
c	Labels and Vertices constraints:  445200
c	Obj k aux var: 312060
c	Obj k constraints: 6961860
c	Obj k glue staircase constraints: 5680440
c	Encoding duration: 2s
c	Number of clauses: 7427010
c	Number of irredundant clauses: 7424231
c	Number of variables: 540960
c SAT Solving starts:
[runlim] sample:		10.0 time, 10.1 real, 1035.1 MB
c	Solving duration: 9629 ms
c	Answer: 
s SAT (w = 28)
c	Solution check:
p calculated antibandwidth = 28.
c
c
c Antibandwidth problem with w = 29 ( M-bcsstk06.mtx.rnd ):
c Initializing CaDiCaL (version 1.2.1).
c	Configuring CaDiCaL as --sat (1).
c Initializing a DuplexNSC encoder with n = 420.
c Encoding starts with w = 29:
c	Labels and Vertices aux var: 32760
c	Labels and Vertices constraints:  445200
c	Obj k aux var: 317520
c	Obj k constraints: 6974520
c	Obj k glue staircase constraints: 5676720
c	Encoding duration: 2s
c	Number of clauses: 7439670
c	Number of irredundant clauses: 7436987
c	Number of variables: 546420
c SAT Solving starts:
[runlim] sample:		20.0 time, 20.1 real, 1062.4 MB
c	Solving duration: 10502 ms
c	Answer: 
s SAT (w = 29)
c	Solution check:
p calculated antibandwidth = 29.
c
c
c Antibandwidth problem with w = 30 ( M-bcsstk06.mtx.rnd ):
c Initializing CaDiCaL (version 1.2.1).
c	Configuring CaDiCaL as --sat (1).
c Initializing a DuplexNSC encoder with n = 420.
c Encoding starts with w = 30:
c	Labels and Vertices aux var: 32760
c	Labels and Vertices constraints:  439320
c	Obj k aux var: 311640
c	Obj k constraints: 6940740
c	Obj k glue staircase constraints: 5661840
c	Encoding duration: 2s
c	Number of clauses: 7400010
c	Number of irredundant clauses: 7397344
c	Number of variables: 540540
c SAT Solving starts:
[runlim] sample:		30.0 time, 30.1 real, 1084.9 MB
c	Solving duration: 10176 ms
c	Answer: 
s SAT (w = 30)
c	Solution check:
p calculated antibandwidth = 30.
c
c
c Antibandwidth problem with w = 31 ( M-bcsstk06.mtx.rnd ):
c Initializing CaDiCaL (version 1.2.1).
c	Configuring CaDiCaL as --sat (1).
c Initializing a DuplexNSC encoder with n = 420.
c Encoding starts with w = 31:
[runlim] sample:		40.0 time, 40.1 real, 902.9 MB
c	Labels and Vertices aux var: 32760
c	Labels and Vertices constraints:  439320
c	Obj k aux var: 316680
c	Obj k constraints: 6952140
c	Obj k glue staircase constraints: 5658120
c	Encoding duration: 2s
c	Number of clauses: 7411410
c	Number of irredundant clauses: 7408730
c	Number of variables: 545580
c SAT Solving starts:
[runlim] sample:		50.0 time, 50.1 real, 1079.3 MB
[runlim] sample:		60.0 time, 60.1 real, 1096.0 MB
[runlim] sample:		70.0 time, 70.1 real, 1081.2 MB
[runlim] sample:		80.0 time, 80.1 real, 1098.5 MB
[runlim] sample:		90.0 time, 90.1 real, 1082.2 MB
[runlim] sample:		100.0 time, 100.1 real, 1084.1 MB
[runlim] sample:		110.0 time, 110.1 real, 1084.2 MB
c	Solving duration: 76288 ms
c	Answer: 
s SAT (w = 31)
c	Solution check:
p calculated antibandwidth = 31.
c
c
c Antibandwidth problem with w = 32 ( M-bcsstk06.mtx.rnd ):
c Initializing CaDiCaL (version 1.2.1).
c	Configuring CaDiCaL as --sat (1).
c Initializing a DuplexNSC encoder with n = 420.
c Encoding starts with w = 32:
c	Labels and Vertices aux var: 32760
c	Labels and Vertices constraints:  439320
c	Obj k aux var: 321720
c	Obj k constraints: 6951960
c	Obj k glue staircase constraints: 5643240
c	Encoding duration: 2s
c	Number of clauses: 7411230
c	Number of irredundant clauses: 7408537
c	Number of variables: 550620
c SAT Solving starts:
[runlim] sample:		120.0 time, 120.1 real, 906.6 MB
[runlim] sample:		130.0 time, 130.1 real, 1079.8 MB
[runlim] sample:		140.0 time, 140.1 real, 1096.5 MB
[runlim] sample:		150.0 time, 150.1 real, 1088.5 MB
[runlim] sample:		160.0 time, 160.1 real, 1104.1 MB
[runlim] sample:		170.0 time, 170.1 real, 1088.5 MB
[runlim] sample:		179.9 time, 180.1 real, 1088.6 MB
[runlim] sample:		190.0 time, 190.1 real, 1089.8 MB
[runlim] sample:		199.9 time, 200.1 real, 1095.3 MB
[runlim] sample:		209.9 time, 210.1 real, 1096.5 MB
[runlim] sample:		219.9 time, 220.1 real, 1095.6 MB
c	Solving duration: 104888 ms
c	Answer: 
s SAT (w = 32)
c	Solution check:
p calculated antibandwidth = 32.
c
c
c Antibandwidth problem with w = 33 ( M-bcsstk06.mtx.rnd ):
c Initializing CaDiCaL (version 1.2.1).
c	Configuring CaDiCaL as --sat (1).
c Initializing a DuplexNSC encoder with n = 420.
c Encoding starts with w = 33:
c	Labels and Vertices aux var: 32760
c	Labels and Vertices constraints:  433860
c	Obj k aux var: 314160
c	Obj k constraints: 6924720
c	Obj k glue staircase constraints: 5639520
c	Encoding duration: 2s
c	Number of clauses: 7378530
c	Number of irredundant clauses: 7376078
c	Number of variables: 543060
c SAT Solving starts:
[runlim] sample:		229.9 time, 230.1 real, 1040.8 MB
[runlim] sample:		239.9 time, 240.1 real, 1093.5 MB
[runlim] sample:		249.9 time, 250.1 real, 1077.0 MB
[runlim] sample:		259.9 time, 260.1 real, 1089.5 MB
[runlim] sample:		269.9 time, 270.1 real, 1263.3 MB
[runlim] sample:		279.9 time, 280.1 real, 1091.7 MB
[runlim] sample:		289.9 time, 290.1 real, 1107.3 MB
[runlim] sample:		299.9 time, 300.1 real, 1091.6 MB
[runlim] sample:		309.9 time, 310.1 real, 1099.6 MB
[runlim] sample:		319.9 time, 320.1 real, 1116.4 MB
[runlim] sample:		329.9 time, 330.1 real, 1093.1 MB
[runlim] sample:		339.9 time, 340.1 real, 1044.7 MB
c	Solving duration: 118775 ms
c	Answer: 
s SAT (w = 33)
c	Solution check:
p calculated antibandwidth = 33.
c
c
c Antibandwidth problem with w = 34 ( M-bcsstk06.mtx.rnd ):
c Initializing CaDiCaL (version 1.2.1).
c	Configuring CaDiCaL as --sat (1).
c Initializing a DuplexNSC encoder with n = 420.
c Encoding starts with w = 34:
c	Labels and Vertices aux var: 32760
c	Labels and Vertices constraints:  433860
c	Obj k aux var: 318780
c	Obj k constraints: 6923280
c	Obj k glue staircase constraints: 5624640
c	Encoding duration: 2s
c	Number of clauses: 7377090
c	Number of irredundant clauses: 7374626
c	Number of variables: 547680
c SAT Solving starts:
[runlim] sample:		349.9 time, 350.1 real, 1038.7 MB
[runlim] sample:		359.9 time, 360.1 real, 1024.4 MB
[runlim] sample:		369.9 time, 370.1 real, 1255.2 MB
[runlim] sample:		379.9 time, 380.1 real, 1317.4 MB
[runlim] sample:		389.9 time, 390.1 real, 1262.0 MB
[runlim] sample:		399.9 time, 400.1 real, 1262.7 MB
[runlim] sample:		409.9 time, 410.1 real, 1109.0 MB
[runlim] sample:		419.9 time, 420.1 real, 1091.4 MB
[runlim] sample:		429.9 time, 430.1 real, 1093.9 MB
[runlim] sample:		439.9 time, 440.1 real, 1093.9 MB
[runlim] sample:		449.9 time, 450.1 real, 1095.2 MB
[runlim] sample:		459.9 time, 460.1 real, 1095.8 MB
[runlim] sample:		469.9 time, 470.1 real, 1274.5 MB
c	Solving duration: 126674 ms
c	Answer: 
s SAT (w = 34)
c	Solution check:
p calculated antibandwidth = 34.
c
c
c Antibandwidth problem with w = 35 ( M-bcsstk06.mtx.rnd ):
c Initializing CaDiCaL (version 1.2.1).
c	Configuring CaDiCaL as --sat (1).
c Initializing a DuplexNSC encoder with n = 420.
c Encoding starts with w = 35:
c	Labels and Vertices aux var: 32760
c	Labels and Vertices constraints:  428820
c	Obj k aux var: 309960
c	Obj k constraints: 6880680
c	Obj k glue staircase constraints: 5609760
c	Encoding duration: 2s
c	Number of clauses: 7329450
c	Number of irredundant clauses: 7327010
c	Number of variables: 538860
c SAT Solving starts:
[runlim] sample:		479.9 time, 480.1 real, 1035.3 MB
[runlim] sample:		489.9 time, 490.1 real, 1071.9 MB
[runlim] sample:		499.9 time, 500.1 real, 1073.4 MB
[runlim] sample:		509.9 time, 510.1 real, 1085.0 MB
[runlim] sample:		519.9 time, 520.1 real, 1063.8 MB
[runlim] sample:		529.9 time, 530.1 real, 1062.8 MB
[runlim] sample:		539.9 time, 540.1 real, 1062.8 MB
[runlim] sample:		549.9 time, 550.1 real, 1252.2 MB
[runlim] sample:		559.9 time, 560.1 real, 1077.5 MB
[runlim] sample:		569.9 time, 570.1 real, 1074.8 MB
[runlim] sample:		579.9 time, 580.1 real, 1065.4 MB
[runlim] sample:		589.9 time, 590.1 real, 1065.4 MB
[runlim] sample:		599.9 time, 600.1 real, 1069.0 MB
[runlim] sample:		609.9 time, 610.1 real, 1068.5 MB
[runlim] sample:		619.9 time, 620.1 real, 1067.1 MB
[runlim] sample:		629.9 time, 630.1 real, 1074.1 MB
[runlim] sample:		639.9 time, 640.1 real, 1067.5 MB
[runlim] sample:		649.9 time, 650.1 real, 1073.9 MB
[runlim] sample:		659.9 time, 660.1 real, 1069.7 MB
[runlim] sample:		669.9 time, 670.1 real, 1069.7 MB
[runlim] sample:		679.9 time, 680.1 real, 1071.6 MB
[runlim] sample:		689.9 time, 690.1 real, 1088.3 MB
[runlim] sample:		699.9 time, 700.1 real, 1073.3 MB
[runlim] sample:		709.9 time, 710.1 real, 1074.1 MB
[runlim] sample:		719.9 time, 720.1 real, 1077.3 MB
[runlim] sample:		729.9 time, 730.1 real, 1094.1 MB
[runlim] sample:		739.9 time, 740.1 real, 1078.7 MB
[runlim] sample:		749.9 time, 750.1 real, 1078.7 MB
[runlim] sample:		759.9 time, 760.1 real, 1093.8 MB
[runlim] sample:		769.9 time, 770.1 real, 1093.8 MB
[runlim] sample:		779.9 time, 780.1 real, 1088.6 MB
[runlim] sample:		789.9 time, 790.1 real, 1084.6 MB
[runlim] sample:		799.9 time, 800.1 real, 1084.3 MB
[runlim] sample:		809.9 time, 810.1 real, 1043.5 MB
[runlim] sample:		819.9 time, 820.1 real, 1054.7 MB
[runlim] sample:		829.9 time, 830.1 real, 1058.4 MB
[runlim] sample:		839.9 time, 840.1 real, 1058.4 MB
[runlim] sample:		849.9 time, 850.1 real, 1064.6 MB
[runlim] sample:		859.9 time, 860.1 real, 1059.4 MB
[runlim] sample:		869.9 time, 870.1 real, 1075.9 MB
[runlim] sample:		879.9 time, 880.1 real, 1056.4 MB
[runlim] sample:		889.9 time, 890.1 real, 1056.4 MB
[runlim] sample:		899.9 time, 900.1 real, 1057.0 MB
[runlim] sample:		909.9 time, 910.1 real, 1064.2 MB
[runlim] sample:		919.9 time, 920.1 real, 1064.2 MB
[runlim] sample:		929.9 time, 930.1 real, 1067.4 MB
[runlim] sample:		939.9 time, 940.1 real, 1067.6 MB
[runlim] sample:		949.9 time, 950.1 real, 1067.6 MB
[runlim] sample:		959.9 time, 960.1 real, 1074.2 MB
[runlim] sample:		969.9 time, 970.1 real, 1072.7 MB
[runlim] sample:		979.9 time, 980.1 real, 1176.3 MB
[runlim] sample:		989.9 time, 990.1 real, 1058.9 MB
[runlim] sample:		999.9 time, 1000.1 real, 1058.9 MB
[runlim] sample:		1009.9 time, 1010.1 real, 1073.4 MB
[runlim] sample:		1019.9 time, 1020.1 real, 1090.2 MB
[runlim] sample:		1029.8 time, 1030.1 real, 1090.2 MB
[runlim] sample:		1039.8 time, 1040.1 real, 1090.2 MB
[runlim] sample:		1049.8 time, 1050.1 real, 1102.4 MB
[runlim] sample:		1059.8 time, 1060.1 real, 1102.4 MB
[runlim] sample:		1069.9 time, 1070.1 real, 1068.8 MB
[runlim] sample:		1079.8 time, 1080.1 real, 1071.3 MB
[runlim] sample:		1089.8 time, 1090.1 real, 1071.3 MB
[runlim] sample:		1099.8 time, 1100.1 real, 1075.0 MB
[runlim] sample:		1109.8 time, 1110.1 real, 1075.0 MB
[runlim] sample:		1119.8 time, 1120.1 real, 1077.0 MB
[runlim] sample:		1129.8 time, 1130.1 real, 1088.0 MB
[runlim] sample:		1139.8 time, 1140.1 real, 1088.0 MB
[runlim] sample:		1149.8 time, 1150.1 real, 1094.8 MB
[runlim] sample:		1159.8 time, 1160.1 real, 1093.9 MB
[runlim] sample:		1169.8 time, 1170.1 real, 1093.9 MB
[runlim] sample:		1179.8 time, 1180.1 real, 1093.9 MB
[runlim] sample:		1189.8 time, 1190.1 real, 1091.9 MB
[runlim] sample:		1199.8 time, 1200.1 real, 1091.9 MB
[runlim] sample:		1209.8 time, 1210.1 real, 1088.3 MB
[runlim] sample:		1219.8 time, 1220.1 real, 1083.5 MB
[runlim] sample:		1229.8 time, 1230.1 real, 1083.5 MB
[runlim] sample:		1239.8 time, 1240.1 real, 1083.5 MB
[runlim] sample:		1249.8 time, 1250.1 real, 1087.3 MB
[runlim] sample:		1259.8 time, 1260.1 real, 1089.1 MB
[runlim] sample:		1269.8 time, 1270.1 real, 1089.1 MB
[runlim] sample:		1279.8 time, 1280.1 real, 1092.0 MB
[runlim] sample:		1289.8 time, 1290.1 real, 1092.0 MB
[runlim] sample:		1299.8 time, 1300.1 real, 1092.0 MB
[runlim] sample:		1309.8 time, 1310.1 real, 1082.8 MB
[runlim] sample:		1319.8 time, 1320.1 real, 1100.4 MB
[runlim] sample:		1329.8 time, 1330.1 real, 1100.4 MB
[runlim] sample:		1339.8 time, 1340.1 real, 1092.7 MB
[runlim] sample:		1349.8 time, 1350.1 real, 1092.7 MB
[runlim] sample:		1359.8 time, 1360.1 real, 1092.7 MB
[runlim] sample:		1369.8 time, 1370.1 real, 1113.1 MB
[runlim] sample:		1379.8 time, 1380.1 real, 1113.1 MB
[runlim] sample:		1389.8 time, 1390.1 real, 1101.0 MB
[runlim] sample:		1399.8 time, 1400.1 real, 1081.9 MB
[runlim] sample:		1409.8 time, 1410.1 real, 1081.9 MB
[runlim] sample:		1419.8 time, 1420.1 real, 1083.9 MB
[runlim] sample:		1429.8 time, 1430.1 real, 1102.2 MB
[runlim] sample:		1439.8 time, 1440.1 real, 1102.2 MB
[runlim] sample:		1449.8 time, 1450.1 real, 1102.2 MB
[runlim] sample:		1459.8 time, 1460.1 real, 1146.7 MB
[runlim] sample:		1469.8 time, 1470.1 real, 1146.7 MB
[runlim] sample:		1479.8 time, 1480.1 real, 1124.3 MB
[runlim] sample:		1489.8 time, 1490.1 real, 1124.3 MB
[runlim] sample:		1499.8 time, 1500.1 real, 1134.1 MB
[runlim] sample:		1509.8 time, 1510.1 real, 1146.4 MB
[runlim] sample:		1519.8 time, 1520.1 real, 1134.0 MB
[runlim] sample:		1529.8 time, 1530.1 real, 1134.0 MB
[runlim] sample:		1539.8 time, 1540.1 real, 1147.4 MB
[runlim] sample:		1549.8 time, 1550.1 real, 1137.1 MB
[runlim] sample:		1559.8 time, 1560.1 real, 1137.1 MB
[runlim] sample:		1569.8 time, 1570.1 real, 1143.5 MB
[runlim] sample:		1579.8 time, 1580.1 real, 1143.5 MB
[runlim] sample:		1589.8 time, 1590.1 real, 1140.7 MB
[runlim] sample:		1599.8 time, 1600.1 real, 1140.7 MB
[runlim] sample:		1609.8 time, 1610.1 real, 1163.2 MB
[runlim] sample:		1619.8 time, 1620.1 real, 1163.2 MB
[runlim] sample:		1629.8 time, 1630.1 real, 1140.8 MB
[runlim] sample:		1639.8 time, 1640.1 real, 1093.9 MB
[runlim] sample:		1649.8 time, 1650.1 real, 1132.7 MB
[runlim] sample:		1659.8 time, 1660.1 real, 1123.3 MB
[runlim] sample:		1669.8 time, 1670.1 real, 1123.3 MB
[runlim] sample:		1679.8 time, 1680.1 real, 1123.3 MB
[runlim] sample:		1689.8 time, 1690.1 real, 1165.8 MB
[runlim] sample:		1699.8 time, 1700.1 real, 1165.8 MB
[runlim] sample:		1709.8 time, 1710.1 real, 1145.4 MB
[runlim] sample:		1719.8 time, 1720.1 real, 1145.4 MB
[runlim] sample:		1729.8 time, 1730.1 real, 1145.4 MB
[runlim] sample:		1739.8 time, 1740.1 real, 1146.5 MB
[runlim] sample:		1749.8 time, 1750.1 real, 1141.5 MB
[runlim] sample:		1759.8 time, 1760.1 real, 1141.5 MB
[runlim] sample:		1769.8 time, 1770.1 real, 1130.5 MB
[runlim] sample:		1779.8 time, 1780.1 real, 1141.5 MB
[runlim] sample:		1789.8 time, 1790.1 real, 1141.5 MB
[runlim] sample:		1799.8 time, 1800.1 real, 1133.8 MB
[runlim] sample:		1809.8 time, 1810.1 real, 1133.8 MB
[runlim] sample:		1819.8 time, 1820.1 real, 1135.3 MB
[runlim] sample:		1829.8 time, 1830.1 real, 1135.3 MB
[runlim] sample:		1839.8 time, 1840.1 real, 1143.0 MB
[runlim] sample:		1849.8 time, 1850.1 real, 1143.0 MB
[runlim] sample:		1859.8 time, 1860.1 real, 1149.4 MB
[runlim] sample:		1869.8 time, 1870.1 real, 1149.4 MB
[runlim] sample:		1879.8 time, 1880.1 real, 1149.4 MB
[runlim] sample:		1889.8 time, 1890.1 real, 1151.2 MB
[runlim] sample:		1899.8 time, 1900.1 real, 1151.2 MB
[runlim] sample:		1909.8 time, 1910.1 real, 1409.0 MB
[runlim] sample:		1919.8 time, 1920.1 real, 1149.5 MB
[runlim] sample:		1929.8 time, 1930.1 real, 1183.4 MB
[runlim] sample:		1939.8 time, 1940.1 real, 1183.4 MB
[runlim] sample:		1949.8 time, 1950.1 real, 1183.4 MB
[runlim] sample:		1959.8 time, 1960.1 real, 1183.4 MB
[runlim] sample:		1969.8 time, 1970.1 real, 1232.0 MB
[runlim] sample:		1979.8 time, 1980.1 real, 1232.0 MB
[runlim] sample:		1989.8 time, 1990.1 real, 1177.3 MB
[runlim] sample:		1999.8 time, 2000.1 real, 1177.3 MB
[runlim] sample:		2009.8 time, 2010.1 real, 1177.3 MB
[runlim] sample:		2019.8 time, 2020.1 real, 1177.3 MB
[runlim] sample:		2029.8 time, 2030.1 real, 1177.3 MB
[runlim] sample:		2039.8 time, 2040.1 real, 1147.2 MB
[runlim] sample:		2049.8 time, 2050.1 real, 1147.2 MB
[runlim] sample:		2059.8 time, 2060.1 real, 1149.0 MB
[runlim] sample:		2069.8 time, 2070.1 real, 1149.0 MB
[runlim] sample:		2079.8 time, 2080.1 real, 1179.6 MB
[runlim] sample:		2089.8 time, 2090.1 real, 1179.6 MB
[runlim] sample:		2099.8 time, 2100.1 real, 1179.6 MB
[runlim] sample:		2109.8 time, 2110.1 real, 1179.6 MB
[runlim] sample:		2119.8 time, 2120.1 real, 1179.6 MB
[runlim] sample:		2129.8 time, 2130.1 real, 1435.9 MB
[runlim] sample:		2139.8 time, 2140.1 real, 1150.0 MB
[runlim] sample:		2149.8 time, 2150.1 real, 1150.0 MB
[runlim] sample:		2159.8 time, 2160.1 real, 1177.9 MB
[runlim] sample:		2169.8 time, 2170.1 real, 1177.9 MB
[runlim] sample:		2179.8 time, 2180.1 real, 1171.9 MB
[runlim] sample:		2189.8 time, 2190.1 real, 1171.9 MB
[runlim] sample:		2199.8 time, 2200.1 real, 1171.9 MB
[runlim] sample:		2209.8 time, 2210.1 real, 1171.9 MB
[runlim] sample:		2219.8 time, 2220.1 real, 1431.0 MB
[runlim] sample:		2229.8 time, 2230.1 real, 1152.7 MB
[runlim] sample:		2239.8 time, 2240.1 real, 1493.2 MB
[runlim] sample:		2249.8 time, 2250.1 real, 1177.4 MB
[runlim] sample:		2259.8 time, 2260.1 real, 1177.4 MB
[runlim] sample:		2269.8 time, 2270.1 real, 1152.3 MB
[runlim] sample:		2279.8 time, 2280.1 real, 1152.3 MB
[runlim] sample:		2289.8 time, 2290.1 real, 1152.3 MB
[runlim] sample:		2299.8 time, 2300.1 real, 1152.3 MB
[runlim] sample:		2309.8 time, 2310.1 real, 1160.0 MB
[runlim] sample:		2319.8 time, 2320.1 real, 1160.0 MB
[runlim] sample:		2329.8 time, 2330.1 real, 1160.0 MB
[runlim] sample:		2339.8 time, 2340.1 real, 1201.3 MB
[runlim] sample:		2349.8 time, 2350.1 real, 1201.3 MB
[runlim] sample:		2359.8 time, 2360.1 real, 1201.3 MB
[runlim] sample:		2369.8 time, 2370.1 real, 1201.3 MB
[runlim] sample:		2379.8 time, 2380.1 real, 1264.4 MB
[runlim] sample:		2389.8 time, 2390.1 real, 1264.4 MB
[runlim] sample:		2399.8 time, 2400.1 real, 1264.4 MB
[runlim] sample:		2409.8 time, 2410.1 real, 1226.7 MB
[runlim] sample:		2419.8 time, 2420.1 real, 1558.0 MB
[runlim] sample:		2429.8 time, 2430.1 real, 1130.7 MB
[runlim] sample:		2439.8 time, 2440.1 real, 1117.8 MB
[runlim] sample:		2449.8 time, 2450.1 real, 1117.8 MB
[runlim] sample:		2459.8 time, 2460.1 real, 1462.5 MB
[runlim] sample:		2469.8 time, 2470.1 real, 1144.2 MB
[runlim] sample:		2479.8 time, 2480.1 real, 1144.2 MB
[runlim] sample:		2489.8 time, 2490.1 real, 1144.2 MB
[runlim] sample:		2499.8 time, 2500.1 real, 1182.7 MB
[runlim] sample:		2509.8 time, 2510.1 real, 1205.2 MB
[runlim] sample:		2519.8 time, 2520.1 real, 1234.0 MB
[runlim] sample:		2529.8 time, 2530.1 real, 1205.3 MB
[runlim] sample:		2539.8 time, 2540.1 real, 1205.3 MB
[runlim] sample:		2549.8 time, 2550.1 real, 1205.3 MB
[runlim] sample:		2559.8 time, 2560.1 real, 1200.6 MB
[runlim] sample:		2569.8 time, 2570.1 real, 1200.6 MB
[runlim] sample:		2579.7 time, 2580.1 real, 1200.6 MB
[runlim] sample:		2589.8 time, 2590.1 real, 1162.7 MB
[runlim] sample:		2599.8 time, 2600.1 real, 1162.7 MB
[runlim] sample:		2609.8 time, 2610.1 real, 1162.7 MB
[runlim] sample:		2619.8 time, 2620.1 real, 1163.9 MB
[runlim] sample:		2629.8 time, 2630.1 real, 1163.9 MB
[runlim] sample:		2639.8 time, 2640.1 real, 1163.9 MB
[runlim] sample:		2649.8 time, 2650.1 real, 1163.9 MB
[runlim] sample:		2659.8 time, 2660.1 real, 1163.9 MB
[runlim] sample:		2669.8 time, 2670.1 real, 1171.6 MB
[runlim] sample:		2679.8 time, 2680.1 real, 1171.6 MB
[runlim] sample:		2689.8 time, 2690.1 real, 1171.6 MB
[runlim] sample:		2699.7 time, 2700.1 real, 1172.8 MB
[runlim] sample:		2709.7 time, 2710.1 real, 1172.8 MB
[runlim] sample:		2719.7 time, 2720.1 real, 1172.8 MB
[runlim] sample:		2729.7 time, 2730.1 real, 1483.6 MB
[runlim] sample:		2739.7 time, 2740.1 real, 1194.0 MB
[runlim] sample:		2749.7 time, 2750.1 real, 1194.0 MB
[runlim] sample:		2759.7 time, 2760.1 real, 1194.0 MB
[runlim] sample:		2769.7 time, 2770.1 real, 1194.0 MB
[runlim] sample:		2779.7 time, 2780.1 real, 1194.0 MB
[runlim] sample:		2789.8 time, 2790.1 real, 1155.8 MB
[runlim] sample:		2799.8 time, 2800.1 real, 1155.8 MB
[runlim] sample:		2809.8 time, 2810.1 real, 1168.9 MB
[runlim] sample:		2819.8 time, 2820.1 real, 1168.9 MB
[runlim] sample:		2829.7 time, 2830.1 real, 1152.6 MB
[runlim] sample:		2839.7 time, 2840.1 real, 1152.6 MB
[runlim] sample:		2849.7 time, 2850.1 real, 1152.6 MB
[runlim] sample:		2859.7 time, 2860.1 real, 1159.0 MB
[runlim] sample:		2869.7 time, 2870.1 real, 1159.0 MB
[runlim] sample:		2879.7 time, 2880.1 real, 1166.7 MB
[runlim] sample:		2889.7 time, 2890.1 real, 1166.7 MB
[runlim] sample:		2899.7 time, 2900.1 real, 1172.9 MB
[runlim] sample:		2909.7 time, 2910.1 real, 1172.9 MB
[runlim] sample:		2919.7 time, 2920.1 real, 1172.9 MB
[runlim] sample:		2929.7 time, 2930.1 real, 1167.0 MB
[runlim] sample:		2939.7 time, 2940.1 real, 1167.0 MB
[runlim] sample:		2949.7 time, 2950.1 real, 1167.0 MB
[runlim] sample:		2959.7 time, 2960.1 real, 1167.0 MB
[runlim] sample:		2969.7 time, 2970.1 real, 1152.8 MB
[runlim] sample:		2979.7 time, 2980.1 real, 1152.8 MB
[runlim] sample:		2989.7 time, 2990.1 real, 1165.2 MB
[runlim] sample:		2999.7 time, 3000.1 real, 1165.2 MB
[runlim] sample:		3009.7 time, 3010.1 real, 1165.2 MB
[runlim] sample:		3019.7 time, 3020.1 real, 1210.8 MB
[runlim] sample:		3029.7 time, 3030.1 real, 1210.8 MB
[runlim] sample:		3039.7 time, 3040.1 real, 1210.8 MB
[runlim] sample:		3049.7 time, 3050.1 real, 1210.8 MB
[runlim] sample:		3059.7 time, 3060.1 real, 1210.8 MB
[runlim] sample:		3069.7 time, 3070.1 real, 1210.8 MB
[runlim] sample:		3079.7 time, 3080.1 real, 1524.3 MB
[runlim] sample:		3089.7 time, 3090.1 real, 1198.9 MB
[runlim] sample:		3099.7 time, 3100.1 real, 1198.9 MB
[runlim] sample:		3109.7 time, 3110.1 real, 1149.6 MB
[runlim] sample:		3119.7 time, 3120.1 real, 1149.6 MB
[runlim] sample:		3129.7 time, 3130.1 real, 1509.6 MB
[runlim] sample:		3139.7 time, 3140.1 real, 1188.8 MB
[runlim] sample:		3149.7 time, 3150.1 real, 1188.8 MB
[runlim] sample:		3159.7 time, 3160.1 real, 1151.8 MB
[runlim] sample:		3169.7 time, 3170.1 real, 1151.8 MB
[runlim] sample:		3179.7 time, 3180.1 real, 1161.2 MB
[runlim] sample:		3189.7 time, 3190.1 real, 1161.2 MB
[runlim] sample:		3199.7 time, 3200.1 real, 1196.4 MB
[runlim] sample:		3209.7 time, 3210.1 real, 1196.4 MB
[runlim] sample:		3219.7 time, 3220.1 real, 1196.4 MB
[runlim] sample:		3229.7 time, 3230.1 real, 1167.7 MB
[runlim] sample:		3239.7 time, 3240.1 real, 1167.7 MB
[runlim] sample:		3249.7 time, 3250.1 real, 1167.7 MB
[runlim] sample:		3259.7 time, 3260.1 real, 1174.0 MB
[runlim] sample:		3269.7 time, 3270.1 real, 1174.0 MB
[runlim] sample:		3279.7 time, 3280.1 real, 1164.7 MB
[runlim] sample:		3289.7 time, 3290.1 real, 1164.7 MB
[runlim] sample:		3299.7 time, 3300.1 real, 1164.7 MB
[runlim] sample:		3309.7 time, 3310.1 real, 1207.5 MB
[runlim] sample:		3319.7 time, 3320.1 real, 1207.5 MB
[runlim] sample:		3329.7 time, 3330.1 real, 1207.5 MB
[runlim] sample:		3339.7 time, 3340.1 real, 1207.5 MB
[runlim] sample:		3349.7 time, 3350.1 real, 1218.1 MB
[runlim] sample:		3359.7 time, 3360.1 real, 1218.1 MB
[runlim] sample:		3369.7 time, 3370.1 real, 1218.1 MB
[runlim] sample:		3379.7 time, 3380.1 real, 1578.7 MB
[runlim] sample:		3389.7 time, 3390.1 real, 1246.1 MB
[runlim] sample:		3399.7 time, 3400.1 real, 1246.1 MB
[runlim] sample:		3409.7 time, 3410.1 real, 1246.1 MB
[runlim] sample:		3419.7 time, 3420.1 real, 1246.1 MB
[runlim] sample:		3429.7 time, 3430.1 real, 1268.2 MB
[runlim] sample:		3439.7 time, 3440.1 real, 1268.2 MB
[runlim] sample:		3449.7 time, 3450.1 real, 1268.2 MB
[runlim] sample:		3459.7 time, 3460.1 real, 1268.2 MB
[runlim] sample:		3469.7 time, 3470.1 real, 1268.2 MB
[runlim] sample:		3479.7 time, 3480.1 real, 1268.2 MB
[runlim] sample:		3489.7 time, 3490.1 real, 1268.2 MB
[runlim] sample:		3499.7 time, 3500.1 real, 1594.5 MB
[runlim] sample:		3509.7 time, 3510.1 real, 1211.7 MB
[runlim] sample:		3519.7 time, 3520.1 real, 1157.5 MB
[runlim] sample:		3529.7 time, 3530.1 real, 1157.5 MB
[runlim] sample:		3539.7 time, 3540.1 real, 1157.5 MB
[runlim] sample:		3549.7 time, 3550.1 real, 1160.9 MB
[runlim] sample:		3559.7 time, 3560.1 real, 1160.9 MB
[runlim] sample:		3569.7 time, 3570.1 real, 1160.9 MB
[runlim] sample:		3579.7 time, 3580.1 real, 1160.9 MB
[runlim] sample:		3589.7 time, 3590.1 real, 1183.0 MB
c Signal interruption.
[runlim] end:			Wed Aug 28 22:29:47 2024
[runlim] status:		out of time
[runlim] result:		2
[runlim] children:		0
[runlim] real:			3600.03 seconds
[runlim] time:			3599.61 seconds
[runlim] space:			1685.4 MB
[runlim] samples:		35999
