[runlim] version:		1.10
[runlim] time limit:		1800 seconds
[runlim] real time limit:	1800 seconds
[runlim] space limit:		30000 MB
[runlim] argv[0]:		/home/hvanh28/AntiBandwidthReconstruct/build/abw_enc
[runlim] argv[1]:		/home/hvanh28/AntiBandwidthReconstruct/build/Benchmarks/A-pores_1.mtx.rnd
[runlim] argv[2]:		--reduced
[runlim] argv[3]:		-symetry-break
[runlim] argv[4]:		h
[runlim] start:			Tue Sep 17 10:21:50 2024
[runlim] main pid:		131300
[runlim] log captured:
c LadderEncoder 1.0.
c Symetry breaking in the highest degree node.
c Solving strategy: from LB to UB.
c LB-w = 6 (LB in Sinnl - A note on computational approaches for the antibandwidth problem).
c UB-w = 8 (UB in Sinnl - A note on computational approaches for the antibandwidth problem).
c Antibandwidth problem with w = 6 ( A-pores_1.mtx.rnd ):
c Initializing CaDiCaL (version 1.2.1).
c	Configuring CaDiCaL as --sat (1).
c Initializing a Naive-Reduced encoder with n = 30.
c Encoding starts with w = 6:
c	Encode symmetry breaking with option: h.
c	Encoding duration: 0s
c	Number of clauses: 53985
c	Number of irredundant clauses: 51990
c	Number of variables: 900
c SAT Solving starts:
c	Solving duration: 201 ms
c	Answer: 
s SAT (w = 6)
c	Solution check:
p calculated antibandwidth = 6.
c
c
c Antibandwidth problem with w = 7 ( A-pores_1.mtx.rnd ):
c Initializing CaDiCaL (version 1.2.1).
c	Configuring CaDiCaL as --sat (1).
c Initializing a Naive-Reduced encoder with n = 30.
c Encoding starts with w = 7:
c	Encode symmetry breaking with option: h.
c	Encoding duration: 0s
c	Number of clauses: 58929
c	Number of irredundant clauses: 56718
c	Number of variables: 900
c SAT Solving starts:
[runlim] sample:		10.0 time, 10.1 real, 20.7 MB
[runlim] sample:		20.0 time, 20.1 real, 29.8 MB
[runlim] sample:		30.0 time, 30.1 real, 29.5 MB
[runlim] sample:		40.0 time, 40.1 real, 34.3 MB
[runlim] sample:		50.0 time, 50.1 real, 31.7 MB
[runlim] sample:		60.0 time, 60.1 real, 36.7 MB
[runlim] sample:		70.0 time, 70.1 real, 42.7 MB
[runlim] sample:		80.0 time, 80.1 real, 44.2 MB
[runlim] sample:		90.0 time, 90.1 real, 55.0 MB
[runlim] sample:		100.0 time, 100.1 real, 57.0 MB
[runlim] sample:		110.0 time, 110.1 real, 38.0 MB
c	Solving duration: 110724 ms
c	Answer: 
s UNSAT (w = 7)
c
c
[runlim] end:			Tue Sep 17 10:23:41 2024
[runlim] status:		ok
[runlim] result:		0
[runlim] children:		0
[runlim] real:			111.09 seconds
[runlim] time:			110.87 seconds
[runlim] space:			60.6 MB
[runlim] samples:		1109
