[runlim] version:		1.10
[runlim] time limit:		1800 seconds
[runlim] real time limit:	1800 seconds
[runlim] space limit:		30000 MB
[runlim] argv[0]:		/home/truongxuanhieu/AntiBandwidthReconstruct/build/abw_enc
[runlim] argv[1]:		/home/truongxuanhieu/AntiBandwidthReconstruct/build/Benchmarks/C-bcspwr01.mtx.rnd
[runlim] argv[2]:		--product
[runlim] argv[3]:		-symetry-break
[runlim] argv[4]:		h
[runlim] start:			Wed Sep 18 04:42:56 2024
[runlim] main pid:		42885
[runlim] log captured:
c LadderEncoder 1.0.
c Symetry breaking in the highest degree node.
c Solving strategy: from LB to UB.
c LB-w = 16 (LB in Sinnl - A note on computational approaches for the antibandwidth problem).
c UB-w = 17 (UB in Sinnl - A note on computational approaches for the antibandwidth problem).
c Antibandwidth problem with w = 16 ( C-bcspwr01.mtx.rnd ):
c Initializing CaDiCaL (version 1.2.1).
c	Configuring CaDiCaL as --sat (1).
c Initializing a 2-Product encoder with n = 39.
c Encoding starts with w = 16:
c	Encode symmetry breaking with option: h.
c	Encoding duration: 0s
c	Number of clauses: 134353
c	Number of irredundant clauses: 132418
c	Number of variables: 37449
c SAT Solving starts:
c	Solving duration: 2274 ms
c	Answer: 
s SAT (w = 16)
c	Solution check:
p calculated antibandwidth = 16.
c
c
c Antibandwidth problem with w = 17 ( C-bcspwr01.mtx.rnd ):
c Initializing CaDiCaL (version 1.2.1).
c	Configuring CaDiCaL as --sat (1).
c Initializing a 2-Product encoder with n = 39.
c Encoding starts with w = 17:
c	Encode symmetry breaking with option: h.
c	Encoding duration: 0s
c	Number of clauses: 133433
c	Number of irredundant clauses: 131468
c	Number of variables: 36069
c SAT Solving starts:
c	Solving duration: 3455 ms
c	Answer: 
s SAT (w = 17)
c	Solution check:
p calculated antibandwidth = 17.
c
c
[runlim] end:			Wed Sep 18 04:43:02 2024
[runlim] status:		ok
[runlim] result:		0
[runlim] children:		0
[runlim] real:			6.31 seconds
[runlim] time:			5.79 seconds
[runlim] space:			41.0 MB
[runlim] samples:		58
