[runlim] version:		1.10
[runlim] time limit:		1800 seconds
[runlim] real time limit:	1800 seconds
[runlim] space limit:		30000 MB
[runlim] argv[0]:		/home/hvanh28/AntiBandwidthReconstruct/build/abw_enc
[runlim] argv[1]:		/home/hvanh28/AntiBandwidthReconstruct/build/Benchmarks/C-bcspwr01.mtx.rnd
[runlim] argv[2]:		--seq
[runlim] argv[3]:		-symetry-break
[runlim] argv[4]:		h
[runlim] start:			Tue Sep 17 18:08:16 2024
[runlim] main pid:		138727
[runlim] log captured:
c LadderEncoder 1.0.
c Symetry breaking in the highest degree node.
c Solving strategy: from LB to UB.
c LB-w = 16 (LB in Sinnl - A note on computational approaches for the antibandwidth problem).
c UB-w = 17 (UB in Sinnl - A note on computational approaches for the antibandwidth problem).
c Antibandwidth problem with w = 16 ( C-bcspwr01.mtx.rnd ):
c Initializing CaDiCaL (version 1.2.1).
c	Configuring CaDiCaL as --sat (1).
c Initializing a Sequential encoder with n = 39.
c Encoding starts with w = 16:
c	Encode symmetry breaking with option: h.
c	Encoding duration: 0s
c	Number of clauses: 109297
c	Number of irredundant clauses: 107443
c	Number of variables: 37527
c SAT Solving starts:
c	Solving duration: 407 ms
c	Answer: 
s SAT (w = 16)
c	Solution check:
p calculated antibandwidth = 16.
c
c
c Antibandwidth problem with w = 17 ( C-bcspwr01.mtx.rnd ):
c Initializing CaDiCaL (version 1.2.1).
c	Configuring CaDiCaL as --sat (1).
c Initializing a Sequential encoder with n = 39.
c Encoding starts with w = 17:
c	Encode symmetry breaking with option: h.
c	Encoding duration: 0s
c	Number of clauses: 111459
c	Number of irredundant clauses: 109574
c	Number of variables: 38263
c SAT Solving starts:
[runlim] sample:		10.0 time, 10.5 real, 33.9 MB
[runlim] sample:		20.0 time, 20.5 real, 35.7 MB
[runlim] sample:		30.0 time, 30.5 real, 45.2 MB
[runlim] sample:		40.0 time, 40.5 real, 52.5 MB
[runlim] sample:		50.0 time, 50.5 real, 54.8 MB
[runlim] sample:		60.0 time, 60.5 real, 58.4 MB
c	Solving duration: 67643 ms
c	Answer: 
s SAT (w = 17)
c	Solution check:
p calculated antibandwidth = 17.
c
c
[runlim] end:			Tue Sep 17 18:09:24 2024
[runlim] status:		ok
[runlim] result:		0
[runlim] children:		0
[runlim] real:			68.65 seconds
[runlim] time:			68.08 seconds
[runlim] space:			58.9 MB
[runlim] samples:		681
