[runlim] version:		1.10
[runlim] time limit:		1800 seconds
[runlim] real time limit:	1800 seconds
[runlim] space limit:		30000 MB
[runlim] argv[0]:		/home/truongxuanhieu/AntiBandwidthReconstruct/build/abw_enc
[runlim] argv[1]:		/home/truongxuanhieu/AntiBandwidthReconstruct/build/Benchmarks/G-will57.mtx.rnd
[runlim] argv[2]:		--product
[runlim] argv[3]:		-symetry-break
[runlim] argv[4]:		h
[runlim] start:			Wed Sep 18 04:47:58 2024
[runlim] main pid:		43258
[runlim] log captured:
c LadderEncoder 1.0.
c Symetry breaking in the highest degree node.
c Solving strategy: from LB to UB.
c LB-w = 12 (LB in Sinnl - A note on computational approaches for the antibandwidth problem).
c UB-w = 14 (UB in Sinnl - A note on computational approaches for the antibandwidth problem).
c Antibandwidth problem with w = 12 ( G-will57.mtx.rnd ):
c Initializing CaDiCaL (version 1.2.1).
c	Configuring CaDiCaL as --sat (1).
c Initializing a 2-Product encoder with n = 57.
c Encoding starts with w = 12:
c	Encode symmetry breaking with option: h.
c	Encoding duration: 0s
c	Number of clauses: 558810
c	Number of irredundant clauses: 553270
c	Number of variables: 171841
c SAT Solving starts:
c	Solving duration: 546 ms
c	Answer: 
s SAT (w = 12)
c	Solution check:
p calculated antibandwidth = 12.
c
c
c Antibandwidth problem with w = 13 ( G-will57.mtx.rnd ):
c Initializing CaDiCaL (version 1.2.1).
c	Configuring CaDiCaL as --sat (1).
c Initializing a 2-Product encoder with n = 57.
c Encoding starts with w = 13:
c	Encode symmetry breaking with option: h.
c	Encoding duration: 0s
c	Number of clauses: 581416
c	Number of irredundant clauses: 575556
c	Number of variables: 174000
c SAT Solving starts:
[runlim] sample:		10.0 time, 10.2 real, 132.4 MB
c	Solving duration: 12098 ms
c	Answer: 
s SAT (w = 13)
c	Solution check:
p calculated antibandwidth = 13.
c
c
c Antibandwidth problem with w = 14 ( G-will57.mtx.rnd ):
c Initializing CaDiCaL (version 1.2.1).
c	Configuring CaDiCaL as --sat (1).
c Initializing a 2-Product encoder with n = 57.
c Encoding starts with w = 14:
c	Encode symmetry breaking with option: h.
c	Encoding duration: 0s
c	Number of clauses: 591322
c	Number of irredundant clauses: 585162
c	Number of variables: 170317
c SAT Solving starts:
[runlim] sample:		20.0 time, 20.2 real, 134.8 MB
c	Solving duration: 7644 ms
c	Answer: 
s UNSAT (w = 14)
c
c
[runlim] end:			Wed Sep 18 04:48:18 2024
[runlim] status:		ok
[runlim] result:		0
[runlim] children:		0
[runlim] real:			20.94 seconds
[runlim] time:			20.69 seconds
[runlim] space:			150.2 MB
[runlim] samples:		207
