[runlim] version:		1.10
[runlim] time limit:		1800 seconds
[runlim] real time limit:	1800 seconds
[runlim] space limit:		30000 MB
[runlim] argv[0]:		/home/hvanh28/AntiBandwidthReconstruct/build/abw_enc
[runlim] argv[1]:		/home/hvanh28/AntiBandwidthReconstruct/build/Benchmarks/G-will57.mtx.rnd
[runlim] argv[2]:		--seq
[runlim] argv[3]:		-symetry-break
[runlim] argv[4]:		h
[runlim] start:			Tue Sep 17 16:48:38 2024
[runlim] main pid:		136562
[runlim] log captured:
c LadderEncoder 1.0.
c Symetry breaking in the highest degree node.
c Solving strategy: from LB to UB.
c LB-w = 12 (LB in Sinnl - A note on computational approaches for the antibandwidth problem).
c UB-w = 14 (UB in Sinnl - A note on computational approaches for the antibandwidth problem).
c Antibandwidth problem with w = 12 ( G-will57.mtx.rnd ):
c Initializing CaDiCaL (version 1.2.1).
c	Configuring CaDiCaL as --sat (1).
c Initializing a Sequential encoder with n = 57.
c Encoding starts with w = 12:
c	Encode symmetry breaking with option: h.
c	Encoding duration: 0s
c	Number of clauses: 410480
c	Number of irredundant clauses: 405144
c	Number of variables: 138043
c SAT Solving starts:
c	Solving duration: 6160 ms
c	Answer: 
s SAT (w = 12)
c	Solution check:
p calculated antibandwidth = 12.
c
c
c Antibandwidth problem with w = 13 ( G-will57.mtx.rnd ):
c Initializing CaDiCaL (version 1.2.1).
c	Configuring CaDiCaL as --sat (1).
c Initializing a Sequential encoder with n = 57.
c Encoding starts with w = 13:
c	Encode symmetry breaking with option: h.
c	Encoding duration: 0s
c	Number of clauses: 436261
c	Number of irredundant clauses: 430598
c	Number of variables: 146679
c SAT Solving starts:
[runlim] sample:		10.0 time, 10.8 real, 114.0 MB
[runlim] sample:		20.0 time, 20.8 real, 124.8 MB
[runlim] sample:		30.0 time, 30.8 real, 125.1 MB
c	Solving duration: 23670 ms
c	Answer: 
s SAT (w = 13)
c	Solution check:
p calculated antibandwidth = 13.
c
c
c Antibandwidth problem with w = 14 ( G-will57.mtx.rnd ):
c Initializing CaDiCaL (version 1.2.1).
c	Configuring CaDiCaL as --sat (1).
c Initializing a Sequential encoder with n = 57.
c Encoding starts with w = 14:
c	Encode symmetry breaking with option: h.
c	Encoding duration: 0s
c	Number of clauses: 460518
c	Number of irredundant clauses: 454548
c	Number of variables: 154807
c SAT Solving starts:
[runlim] sample:		40.0 time, 40.8 real, 127.9 MB
[runlim] sample:		50.0 time, 50.8 real, 127.9 MB
c	Solving duration: 21365 ms
c	Answer: 
s UNSAT (w = 14)
c
c
[runlim] end:			Tue Sep 17 16:49:30 2024
[runlim] status:		ok
[runlim] result:		0
[runlim] children:		0
[runlim] real:			52.50 seconds
[runlim] time:			51.69 seconds
[runlim] space:			134.4 MB
[runlim] samples:		517
