[runlim] version:		1.10
[runlim] time limit:		1800 seconds
[runlim] real time limit:	1800 seconds
[runlim] space limit:		30000 MB
[runlim] argv[0]:		/home/truongxuanhieu/AntiBandwidthReconstruct/build/abw_enc
[runlim] argv[1]:		/home/truongxuanhieu/AntiBandwidthReconstruct/build/Benchmarks/J-nos4.mtx.rnd
[runlim] argv[2]:		--duplex
[runlim] argv[3]:		-symetry-break
[runlim] argv[4]:		h
[runlim] start:			Tue Sep 17 03:56:58 2024
[runlim] main pid:		3737
[runlim] log captured:
c LadderEncoder 1.0.
c Symetry breaking in the highest degree node.
c Solving strategy: from LB to UB.
c LB-w = 32 (LB in Sinnl - A note on computational approaches for the antibandwidth problem).
c UB-w = 40 (UB in Sinnl - A note on computational approaches for the antibandwidth problem).
c Antibandwidth problem with w = 32 ( J-nos4.mtx.rnd ):
c Initializing CaDiCaL (version 1.2.1).
c	Configuring CaDiCaL as --sat (1).
c Initializing a Duplex encoder with n = 100.
c Encoding starts with w = 32:
c	Encode symmetry breaking with option: h.
c	Labels and Vertices aux var: 3600
c	Labels and Vertices constraints:  25800
c	Obj k aux var: 31600
c	Obj k constraints: 165696
c	Obj k glue staircase constraints: 66196
c	Encoding duration: 0s
c	Number of clauses: 191546
c	Number of irredundant clauses: 176664
c	Number of variables: 45200
c SAT Solving starts:
c	Solving duration: 7613 ms
c	Answer: 
s SAT (w = 32)
c	Solution check:
p calculated antibandwidth = 32.
c
c
c Antibandwidth problem with w = 33 ( J-nos4.mtx.rnd ):
c Initializing CaDiCaL (version 1.2.1).
c	Configuring CaDiCaL as --sat (1).
c Initializing a Duplex encoder with n = 100.
c Encoding starts with w = 33:
c	Encode symmetry breaking with option: h.
c	Labels and Vertices aux var: 3600
c	Labels and Vertices constraints:  25800
c	Obj k aux var: 32000
c	Obj k constraints: 165308
c	Obj k glue staircase constraints: 65208
c	Encoding duration: 0s
c	Number of clauses: 191158
c	Number of irredundant clauses: 176706
c	Number of variables: 45600
c SAT Solving starts:
[runlim] sample:		10.0 time, 10.9 real, 50.4 MB
[runlim] sample:		20.0 time, 20.9 real, 95.0 MB
[runlim] sample:		30.0 time, 30.9 real, 93.5 MB
[runlim] sample:		40.0 time, 40.9 real, 111.0 MB
c	Solving duration: 33220 ms
c	Answer: 
s SAT (w = 33)
c	Solution check:
p calculated antibandwidth = 33.
c
c
c Antibandwidth problem with w = 34 ( J-nos4.mtx.rnd ):
c Initializing CaDiCaL (version 1.2.1).
c	Configuring CaDiCaL as --sat (1).
c Initializing a Duplex encoder with n = 100.
c Encoding starts with w = 34:
c	Encode symmetry breaking with option: h.
c	Labels and Vertices aux var: 3600
c	Labels and Vertices constraints:  25500
c	Obj k aux var: 26000
c	Obj k constraints: 149861
c	Obj k glue staircase constraints: 64961
c	Encoding duration: 0s
c	Number of clauses: 175411
c	Number of irredundant clauses: 161003
c	Number of variables: 39600
c SAT Solving starts:
[runlim] sample:		50.0 time, 50.9 real, 111.0 MB
[runlim] sample:		60.0 time, 60.9 real, 111.5 MB
[runlim] sample:		70.0 time, 70.9 real, 111.5 MB
[runlim] sample:		80.0 time, 80.9 real, 155.5 MB
[runlim] sample:		90.0 time, 90.9 real, 113.9 MB
[runlim] sample:		100.0 time, 100.9 real, 141.7 MB
[runlim] sample:		110.0 time, 110.9 real, 114.2 MB
[runlim] sample:		120.0 time, 120.9 real, 125.7 MB
[runlim] sample:		130.0 time, 130.9 real, 125.8 MB
[runlim] sample:		140.0 time, 140.9 real, 107.4 MB
[runlim] sample:		150.0 time, 150.9 real, 129.0 MB
[runlim] sample:		160.0 time, 160.9 real, 129.1 MB
c	Solving duration: 120457 ms
c	Answer: 
s SAT (w = 34)
c	Solution check:
p calculated antibandwidth = 34.
c
c
c Antibandwidth problem with w = 35 ( J-nos4.mtx.rnd ):
c Initializing CaDiCaL (version 1.2.1).
c	Configuring CaDiCaL as --sat (1).
c Initializing a Duplex encoder with n = 100.
c Encoding starts with w = 35:
c	Encode symmetry breaking with option: h.
c	Labels and Vertices aux var: 3600
c	Labels and Vertices constraints:  25500
c	Obj k aux var: 26200
c	Obj k constraints: 149073
c	Obj k glue staircase constraints: 63973
c	Encoding duration: 0s
c	Number of clauses: 174623
c	Number of irredundant clauses: 160449
c	Number of variables: 39800
c SAT Solving starts:
[runlim] sample:		170.0 time, 170.9 real, 129.1 MB
[runlim] sample:		180.0 time, 180.9 real, 129.1 MB
c	Solving duration: 22469 ms
c	Answer: 
s SAT (w = 35)
c	Solution check:
p calculated antibandwidth = 35.
c
c
c Antibandwidth problem with w = 36 ( J-nos4.mtx.rnd ):
c Initializing CaDiCaL (version 1.2.1).
c	Configuring CaDiCaL as --sat (1).
c Initializing a Duplex encoder with n = 100.
c Encoding starts with w = 36:
c	Encode symmetry breaking with option: h.
c	Labels and Vertices aux var: 3600
c	Labels and Vertices constraints:  25500
c	Obj k aux var: 26400
c	Obj k constraints: 148285
c	Obj k glue staircase constraints: 62985
c	Encoding duration: 0s
c	Number of clauses: 173835
c	Number of irredundant clauses: 159895
c	Number of variables: 40000
c SAT Solving starts:
[runlim] sample:		190.0 time, 190.9 real, 129.1 MB
[runlim] sample:		200.0 time, 200.9 real, 129.1 MB
[runlim] sample:		210.0 time, 210.9 real, 129.1 MB
[runlim] sample:		220.0 time, 220.9 real, 129.1 MB
[runlim] sample:		230.0 time, 230.9 real, 129.1 MB
[runlim] sample:		240.0 time, 240.9 real, 129.1 MB
[runlim] sample:		250.0 time, 250.9 real, 129.1 MB
[runlim] sample:		260.0 time, 260.9 real, 129.1 MB
[runlim] sample:		270.0 time, 270.9 real, 129.1 MB
[runlim] sample:		280.0 time, 280.9 real, 129.1 MB
[runlim] sample:		290.0 time, 290.9 real, 129.1 MB
[runlim] sample:		300.0 time, 300.9 real, 129.1 MB
[runlim] sample:		310.0 time, 310.9 real, 129.1 MB
[runlim] sample:		320.0 time, 320.9 real, 129.1 MB
[runlim] sample:		330.0 time, 330.9 real, 129.1 MB
[runlim] sample:		340.0 time, 340.9 real, 129.1 MB
[runlim] sample:		350.0 time, 350.9 real, 129.1 MB
[runlim] sample:		360.0 time, 360.9 real, 129.1 MB
[runlim] sample:		370.0 time, 370.9 real, 129.1 MB
[runlim] sample:		380.0 time, 380.9 real, 129.1 MB
[runlim] sample:		390.0 time, 390.9 real, 129.1 MB
[runlim] sample:		400.0 time, 400.9 real, 129.1 MB
[runlim] sample:		410.0 time, 410.9 real, 129.1 MB
[runlim] sample:		420.0 time, 420.9 real, 129.1 MB
[runlim] sample:		430.0 time, 430.9 real, 129.1 MB
[runlim] sample:		440.0 time, 440.9 real, 129.1 MB
[runlim] sample:		450.0 time, 450.9 real, 129.1 MB
[runlim] sample:		460.0 time, 460.9 real, 129.8 MB
[runlim] sample:		470.0 time, 470.9 real, 129.8 MB
[runlim] sample:		480.0 time, 480.9 real, 129.8 MB
[runlim] sample:		490.0 time, 490.9 real, 129.8 MB
[runlim] sample:		500.0 time, 500.9 real, 129.8 MB
[runlim] sample:		510.0 time, 510.9 real, 129.8 MB
[runlim] sample:		520.0 time, 520.9 real, 129.8 MB
c	Solving duration: 343684 ms
c	Answer: 
s UNSAT (w = 36)
c
c
[runlim] end:			Tue Sep 17 04:05:46 2024
[runlim] status:		ok
[runlim] result:		0
[runlim] children:		0
[runlim] real:			528.69 seconds
[runlim] time:			527.67 seconds
[runlim] space:			187.1 MB
[runlim] samples:		5277
