[runlim] version:		1.10
[runlim] time limit:		1800 seconds
[runlim] real time limit:	1800 seconds
[runlim] space limit:		30000 MB
[runlim] argv[0]:		/home/truongxuanhieu/AntiBandwidthReconstruct/build/abw_enc
[runlim] argv[1]:		/home/truongxuanhieu/AntiBandwidthReconstruct/build/Benchmarks/J-nos4.mtx.rnd
[runlim] argv[2]:		--ladder
[runlim] argv[3]:		-symetry-break
[runlim] argv[4]:		h
[runlim] start:			Tue Sep 17 03:56:31 2024
[runlim] main pid:		3594
[runlim] log captured:
c LadderEncoder 1.0.
c Symetry breaking in the highest degree node.
c Solving strategy: from LB to UB.
c LB-w = 32 (LB in Sinnl - A note on computational approaches for the antibandwidth problem).
c UB-w = 40 (UB in Sinnl - A note on computational approaches for the antibandwidth problem).
c Antibandwidth problem with w = 32 ( J-nos4.mtx.rnd ):
c Initializing CaDiCaL (version 1.2.1).
c	Configuring CaDiCaL as --sat (1).
c Initializing a Ladder encoder with n = 100.
c Encoding starts with w = 32:
c	Encode symmetry breaking with option: h.
c	Labels and Vertices aux var: 3600
c	Labels and Vertices constraints:  25800
c	Obj k aux var: 15600
c	Obj k constraints: 129549
c	Obj k glue staircase constraints: 65949
c	Encoding duration: 0s
c	Number of clauses: 155399
c	Number of irredundant clauses: 155023
c	Number of variables: 29200
c SAT Solving starts:
c	Solving duration: 1002 ms
c	Answer: 
s SAT (w = 32)
c	Solution check:
p calculated antibandwidth = 32.
c
c
c Antibandwidth problem with w = 33 ( J-nos4.mtx.rnd ):
c Initializing CaDiCaL (version 1.2.1).
c	Configuring CaDiCaL as --sat (1).
c Initializing a Ladder encoder with n = 100.
c Encoding starts with w = 33:
c	Encode symmetry breaking with option: h.
c	Labels and Vertices aux var: 3600
c	Labels and Vertices constraints:  25800
c	Obj k aux var: 15800
c	Obj k constraints: 129061
c	Obj k glue staircase constraints: 64961
c	Encoding duration: 0s
c	Number of clauses: 154911
c	Number of irredundant clauses: 154544
c	Number of variables: 29400
c SAT Solving starts:
[runlim] sample:		10.0 time, 10.6 real, 45.1 MB
c	Solving duration: 13241 ms
c	Answer: 
s SAT (w = 33)
c	Solution check:
p calculated antibandwidth = 33.
c
c
c Antibandwidth problem with w = 34 ( J-nos4.mtx.rnd ):
c Initializing CaDiCaL (version 1.2.1).
c	Configuring CaDiCaL as --sat (1).
c Initializing a Ladder encoder with n = 100.
c Encoding starts with w = 34:
c	Encode symmetry breaking with option: h.
c	Labels and Vertices aux var: 3600
c	Labels and Vertices constraints:  25500
c	Obj k aux var: 12900
c	Obj k constraints: 119914
c	Obj k glue staircase constraints: 64714
c	Encoding duration: 0s
c	Number of clauses: 145464
c	Number of irredundant clauses: 145156
c	Number of variables: 26500
c SAT Solving starts:
[runlim] sample:		20.0 time, 20.6 real, 63.5 MB
[runlim] sample:		30.0 time, 30.6 real, 92.1 MB
[runlim] sample:		40.0 time, 40.6 real, 92.1 MB
[runlim] sample:		50.0 time, 50.6 real, 102.0 MB
[runlim] sample:		60.0 time, 60.6 real, 103.7 MB
[runlim] sample:		70.0 time, 70.6 real, 105.2 MB
[runlim] sample:		80.0 time, 80.6 real, 150.3 MB
[runlim] sample:		90.0 time, 90.6 real, 132.7 MB
[runlim] sample:		100.0 time, 100.6 real, 153.0 MB
[runlim] sample:		110.0 time, 110.6 real, 166.3 MB
[runlim] sample:		120.0 time, 120.6 real, 126.0 MB
[runlim] sample:		130.0 time, 130.6 real, 140.6 MB
[runlim] sample:		140.0 time, 140.6 real, 112.0 MB
[runlim] sample:		150.0 time, 150.6 real, 107.9 MB
[runlim] sample:		160.0 time, 160.6 real, 136.2 MB
[runlim] sample:		170.0 time, 170.6 real, 127.7 MB
[runlim] sample:		180.0 time, 180.6 real, 164.6 MB
[runlim] sample:		190.0 time, 190.6 real, 127.9 MB
[runlim] sample:		200.0 time, 200.6 real, 162.7 MB
c	Solving duration: 190399 ms
c	Answer: 
s SAT (w = 34)
c	Solution check:
p calculated antibandwidth = 34.
c
c
c Antibandwidth problem with w = 35 ( J-nos4.mtx.rnd ):
c Initializing CaDiCaL (version 1.2.1).
c	Configuring CaDiCaL as --sat (1).
c Initializing a Ladder encoder with n = 100.
c Encoding starts with w = 35:
c	Encode symmetry breaking with option: h.
c	Labels and Vertices aux var: 3600
c	Labels and Vertices constraints:  25500
c	Obj k aux var: 13000
c	Obj k constraints: 119126
c	Obj k glue staircase constraints: 63726
c	Encoding duration: 0s
c	Number of clauses: 144676
c	Number of irredundant clauses: 144379
c	Number of variables: 26600
c SAT Solving starts:
[runlim] sample:		210.0 time, 210.6 real, 127.9 MB
[runlim] sample:		220.0 time, 220.6 real, 128.9 MB
[runlim] sample:		230.0 time, 230.6 real, 128.9 MB
[runlim] sample:		240.0 time, 240.6 real, 147.5 MB
[runlim] sample:		250.0 time, 250.6 real, 147.5 MB
[runlim] sample:		260.0 time, 260.6 real, 147.5 MB
[runlim] sample:		270.0 time, 270.6 real, 147.7 MB
[runlim] sample:		280.0 time, 280.6 real, 147.7 MB
[runlim] sample:		290.0 time, 290.6 real, 153.2 MB
[runlim] sample:		300.0 time, 300.6 real, 153.2 MB
[runlim] sample:		310.0 time, 310.6 real, 147.4 MB
[runlim] sample:		320.0 time, 320.6 real, 89.0 MB
[runlim] sample:		330.0 time, 330.6 real, 149.4 MB
[runlim] sample:		340.0 time, 340.6 real, 129.0 MB
[runlim] sample:		349.9 time, 350.6 real, 176.4 MB
[runlim] sample:		360.0 time, 360.6 real, 137.4 MB
[runlim] sample:		369.9 time, 370.6 real, 161.9 MB
[runlim] sample:		379.9 time, 380.6 real, 161.9 MB
[runlim] sample:		389.9 time, 390.6 real, 129.5 MB
[runlim] sample:		399.9 time, 400.6 real, 144.3 MB
[runlim] sample:		409.9 time, 410.6 real, 144.4 MB
[runlim] sample:		419.9 time, 420.6 real, 144.4 MB
[runlim] sample:		429.9 time, 430.6 real, 180.6 MB
[runlim] sample:		439.9 time, 440.6 real, 147.7 MB
[runlim] sample:		449.9 time, 450.6 real, 147.9 MB
[runlim] sample:		459.9 time, 460.6 real, 180.6 MB
[runlim] sample:		469.9 time, 470.6 real, 152.9 MB
[runlim] sample:		479.9 time, 480.6 real, 140.1 MB
[runlim] sample:		489.9 time, 490.6 real, 140.1 MB
[runlim] sample:		499.9 time, 500.6 real, 198.8 MB
[runlim] sample:		509.9 time, 510.6 real, 242.3 MB
[runlim] sample:		519.9 time, 520.6 real, 184.2 MB
[runlim] sample:		529.9 time, 530.6 real, 206.5 MB
[runlim] sample:		539.9 time, 540.6 real, 191.1 MB
[runlim] sample:		549.9 time, 550.6 real, 189.3 MB
[runlim] sample:		559.9 time, 560.6 real, 151.1 MB
[runlim] sample:		569.9 time, 570.6 real, 190.1 MB
[runlim] sample:		579.9 time, 580.6 real, 203.0 MB
[runlim] sample:		589.9 time, 590.6 real, 185.9 MB
[runlim] sample:		599.9 time, 600.6 real, 160.2 MB
[runlim] sample:		609.9 time, 610.6 real, 160.9 MB
[runlim] sample:		619.9 time, 620.6 real, 141.4 MB
[runlim] sample:		629.9 time, 630.6 real, 193.6 MB
[runlim] sample:		639.9 time, 640.6 real, 201.8 MB
[runlim] sample:		649.9 time, 650.6 real, 145.0 MB
[runlim] sample:		659.9 time, 660.6 real, 145.1 MB
[runlim] sample:		669.9 time, 670.6 real, 145.1 MB
[runlim] sample:		679.9 time, 680.6 real, 214.3 MB
[runlim] sample:		689.9 time, 690.6 real, 149.9 MB
[runlim] sample:		699.9 time, 700.6 real, 199.9 MB
[runlim] sample:		709.9 time, 710.6 real, 150.1 MB
[runlim] sample:		719.9 time, 720.6 real, 150.1 MB
[runlim] sample:		729.9 time, 730.6 real, 150.1 MB
[runlim] sample:		739.9 time, 740.6 real, 231.5 MB
[runlim] sample:		749.9 time, 750.6 real, 238.1 MB
[runlim] sample:		759.9 time, 760.6 real, 240.4 MB
[runlim] sample:		769.9 time, 770.6 real, 224.3 MB
[runlim] sample:		779.9 time, 780.6 real, 207.9 MB
[runlim] sample:		789.9 time, 790.6 real, 234.0 MB
[runlim] sample:		799.9 time, 800.6 real, 267.2 MB
[runlim] sample:		809.9 time, 810.6 real, 311.1 MB
[runlim] sample:		819.9 time, 820.6 real, 261.1 MB
[runlim] sample:		829.9 time, 830.6 real, 264.2 MB
[runlim] sample:		839.9 time, 840.6 real, 218.1 MB
[runlim] sample:		849.9 time, 850.6 real, 226.0 MB
[runlim] sample:		859.9 time, 860.6 real, 357.7 MB
[runlim] sample:		869.9 time, 870.6 real, 357.7 MB
[runlim] sample:		879.9 time, 880.6 real, 344.2 MB
[runlim] sample:		889.9 time, 890.6 real, 268.6 MB
[runlim] sample:		899.9 time, 900.6 real, 265.6 MB
[runlim] sample:		909.9 time, 910.6 real, 266.8 MB
[runlim] sample:		919.9 time, 920.6 real, 288.2 MB
[runlim] sample:		929.9 time, 930.6 real, 309.4 MB
[runlim] sample:		939.9 time, 940.6 real, 199.4 MB
[runlim] sample:		949.9 time, 950.6 real, 255.9 MB
[runlim] sample:		959.9 time, 960.6 real, 327.2 MB
[runlim] sample:		969.9 time, 970.6 real, 258.6 MB
[runlim] sample:		979.9 time, 980.6 real, 292.3 MB
[runlim] sample:		989.9 time, 990.6 real, 375.7 MB
[runlim] sample:		999.9 time, 1000.6 real, 208.5 MB
[runlim] sample:		1009.9 time, 1010.6 real, 245.0 MB
c	Solving duration: 808963 ms
c	Answer: 
s SAT (w = 35)
c	Solution check:
p calculated antibandwidth = 35.
c
c
c Antibandwidth problem with w = 36 ( J-nos4.mtx.rnd ):
c Initializing CaDiCaL (version 1.2.1).
c	Configuring CaDiCaL as --sat (1).
c Initializing a Ladder encoder with n = 100.
c Encoding starts with w = 36:
c	Encode symmetry breaking with option: h.
c	Labels and Vertices aux var: 3600
c	Labels and Vertices constraints:  25500
c	Obj k aux var: 13100
c	Obj k constraints: 118338
c	Obj k glue staircase constraints: 62738
c	Encoding duration: 0s
c	Number of clauses: 143888
c	Number of irredundant clauses: 143589
c	Number of variables: 26700
c SAT Solving starts:
[runlim] sample:		1019.9 time, 1020.6 real, 208.6 MB
[runlim] sample:		1029.9 time, 1030.6 real, 208.6 MB
[runlim] sample:		1039.9 time, 1040.6 real, 208.6 MB
[runlim] sample:		1049.9 time, 1050.6 real, 208.6 MB
[runlim] sample:		1059.9 time, 1060.6 real, 208.6 MB
[runlim] sample:		1069.9 time, 1070.6 real, 208.6 MB
[runlim] sample:		1079.9 time, 1080.6 real, 208.6 MB
[runlim] sample:		1089.9 time, 1090.6 real, 208.6 MB
[runlim] sample:		1099.9 time, 1100.6 real, 208.6 MB
[runlim] sample:		1109.9 time, 1110.6 real, 208.6 MB
[runlim] sample:		1119.9 time, 1120.6 real, 208.6 MB
c	Solving duration: 111644 ms
c	Answer: 
s UNSAT (w = 36)
c
c
[runlim] end:			Tue Sep 17 04:15:17 2024
[runlim] status:		ok
[runlim] result:		0
[runlim] children:		0
[runlim] real:			1126.10 seconds
[runlim] time:			1125.30 seconds
[runlim] space:			426.0 MB
[runlim] samples:		11254
