[runlim] version:		1.10
[runlim] time limit:		1800 seconds
[runlim] real time limit:	1800 seconds
[runlim] space limit:		30000 MB
[runlim] argv[0]:		/home/hvanh28/AntiBandwidthReconstruct/build/abw_enc
[runlim] argv[1]:		/home/hvanh28/AntiBandwidthReconstruct/build/Benchmarks/J-nos4.mtx.rnd
[runlim] argv[2]:		--reduced
[runlim] argv[3]:		-symetry-break
[runlim] argv[4]:		h
[runlim] start:			Tue Sep 17 10:56:07 2024
[runlim] main pid:		131497
[runlim] log captured:
c LadderEncoder 1.0.
c Symetry breaking in the highest degree node.
c Solving strategy: from LB to UB.
c LB-w = 32 (LB in Sinnl - A note on computational approaches for the antibandwidth problem).
c UB-w = 40 (UB in Sinnl - A note on computational approaches for the antibandwidth problem).
c Antibandwidth problem with w = 32 ( J-nos4.mtx.rnd ):
c Initializing CaDiCaL (version 1.2.1).
c	Configuring CaDiCaL as --sat (1).
c Initializing a Naive-Reduced encoder with n = 100.
c Encoding starts with w = 32:
c	Encode symmetry breaking with option: h.
c	Encoding duration: 0s
c	Number of clauses: 2276626
c	Number of irredundant clauses: 2252277
c	Number of variables: 10000
c SAT Solving starts:
[runlim] sample:		10.0 time, 10.8 real, 269.9 MB
[runlim] sample:		20.0 time, 20.8 real, 270.0 MB
[runlim] sample:		30.0 time, 30.8 real, 297.6 MB
[runlim] sample:		40.0 time, 40.8 real, 297.6 MB
[runlim] sample:		50.0 time, 50.8 real, 295.6 MB
[runlim] sample:		60.0 time, 60.8 real, 297.4 MB
[runlim] sample:		70.0 time, 70.8 real, 294.8 MB
[runlim] sample:		80.0 time, 80.8 real, 302.3 MB
[runlim] sample:		90.0 time, 90.8 real, 329.8 MB
[runlim] sample:		100.0 time, 100.8 real, 303.8 MB
[runlim] sample:		110.0 time, 110.8 real, 301.2 MB
[runlim] sample:		120.0 time, 120.8 real, 301.2 MB
[runlim] sample:		130.0 time, 130.8 real, 307.7 MB
[runlim] sample:		140.0 time, 140.8 real, 324.5 MB
[runlim] sample:		149.9 time, 150.8 real, 358.5 MB
[runlim] sample:		159.9 time, 160.8 real, 302.6 MB
[runlim] sample:		169.9 time, 170.8 real, 310.7 MB
[runlim] sample:		179.9 time, 180.8 real, 313.1 MB
[runlim] sample:		189.9 time, 190.8 real, 349.3 MB
[runlim] sample:		199.9 time, 200.8 real, 430.9 MB
[runlim] sample:		209.9 time, 210.8 real, 336.1 MB
[runlim] sample:		219.9 time, 220.8 real, 285.7 MB
[runlim] sample:		229.9 time, 230.8 real, 304.6 MB
[runlim] sample:		239.9 time, 240.8 real, 296.1 MB
[runlim] sample:		249.9 time, 250.8 real, 330.5 MB
[runlim] sample:		259.9 time, 260.8 real, 304.7 MB
[runlim] sample:		269.9 time, 270.8 real, 304.7 MB
[runlim] sample:		279.9 time, 280.8 real, 338.8 MB
[runlim] sample:		289.9 time, 290.8 real, 341.1 MB
[runlim] sample:		299.9 time, 300.8 real, 315.8 MB
[runlim] sample:		309.9 time, 310.8 real, 356.2 MB
[runlim] sample:		319.9 time, 320.8 real, 357.8 MB
[runlim] sample:		329.9 time, 330.8 real, 363.9 MB
[runlim] sample:		339.9 time, 340.8 real, 367.3 MB
[runlim] sample:		349.9 time, 350.8 real, 370.6 MB
[runlim] sample:		359.9 time, 360.8 real, 406.4 MB
[runlim] sample:		369.9 time, 370.8 real, 406.4 MB
[runlim] sample:		379.9 time, 380.8 real, 394.9 MB
[runlim] sample:		389.9 time, 390.8 real, 362.5 MB
[runlim] sample:		399.9 time, 400.8 real, 357.5 MB
[runlim] sample:		409.9 time, 410.8 real, 357.5 MB
[runlim] sample:		419.9 time, 420.8 real, 419.3 MB
[runlim] sample:		429.9 time, 430.8 real, 419.3 MB
[runlim] sample:		439.9 time, 440.8 real, 422.9 MB
[runlim] sample:		449.9 time, 450.8 real, 385.1 MB
[runlim] sample:		459.9 time, 460.8 real, 385.1 MB
c	Solving duration: 467024 ms
c	Answer: 
s SAT (w = 32)
c	Solution check:
p calculated antibandwidth = 32.
c
c
c Antibandwidth problem with w = 33 ( J-nos4.mtx.rnd ):
c Initializing CaDiCaL (version 1.2.1).
c	Configuring CaDiCaL as --sat (1).
c Initializing a Naive-Reduced encoder with n = 100.
c Encoding starts with w = 33:
c	Encode symmetry breaking with option: h.
c	Encoding duration: 0s
c	Number of clauses: 2310218
c	Number of irredundant clauses: 2285461
c	Number of variables: 10000
c SAT Solving starts:
[runlim] sample:		469.9 time, 470.8 real, 379.5 MB
[runlim] sample:		479.9 time, 480.8 real, 338.1 MB
[runlim] sample:		489.9 time, 490.8 real, 351.3 MB
[runlim] sample:		499.9 time, 500.8 real, 359.8 MB
[runlim] sample:		509.9 time, 510.8 real, 334.1 MB
[runlim] sample:		519.9 time, 520.8 real, 342.6 MB
[runlim] sample:		529.9 time, 530.8 real, 334.4 MB
[runlim] sample:		539.9 time, 540.8 real, 339.0 MB
[runlim] sample:		549.9 time, 550.8 real, 341.7 MB
[runlim] sample:		559.9 time, 560.8 real, 343.5 MB
[runlim] sample:		569.9 time, 570.8 real, 364.7 MB
[runlim] sample:		579.9 time, 580.8 real, 368.6 MB
[runlim] sample:		589.9 time, 590.8 real, 362.3 MB
[runlim] sample:		599.9 time, 600.8 real, 364.0 MB
[runlim] sample:		609.9 time, 610.8 real, 306.6 MB
[runlim] sample:		619.9 time, 620.8 real, 334.2 MB
[runlim] sample:		629.8 time, 630.8 real, 338.9 MB
[runlim] sample:		639.9 time, 640.8 real, 441.2 MB
[runlim] sample:		649.8 time, 650.8 real, 332.3 MB
[runlim] sample:		659.9 time, 660.8 real, 432.4 MB
[runlim] sample:		669.8 time, 670.8 real, 343.0 MB
[runlim] sample:		679.8 time, 680.8 real, 328.2 MB
[runlim] sample:		689.8 time, 690.8 real, 345.4 MB
[runlim] sample:		699.8 time, 700.8 real, 350.6 MB
[runlim] sample:		709.8 time, 710.8 real, 366.7 MB
[runlim] sample:		719.8 time, 720.8 real, 380.2 MB
[runlim] sample:		729.8 time, 730.8 real, 380.2 MB
[runlim] sample:		739.8 time, 740.8 real, 354.6 MB
[runlim] sample:		749.8 time, 750.8 real, 354.6 MB
[runlim] sample:		759.8 time, 760.8 real, 416.7 MB
[runlim] sample:		769.8 time, 770.8 real, 560.0 MB
[runlim] sample:		779.8 time, 780.8 real, 348.4 MB
[runlim] sample:		789.8 time, 790.8 real, 348.4 MB
[runlim] sample:		799.8 time, 800.8 real, 362.4 MB
[runlim] sample:		809.8 time, 810.8 real, 413.8 MB
[runlim] sample:		819.8 time, 820.8 real, 413.8 MB
[runlim] sample:		829.8 time, 830.8 real, 351.0 MB
[runlim] sample:		839.8 time, 840.8 real, 373.5 MB
[runlim] sample:		849.8 time, 850.8 real, 410.5 MB
[runlim] sample:		859.8 time, 860.8 real, 410.5 MB
[runlim] sample:		869.8 time, 870.8 real, 410.5 MB
[runlim] sample:		879.8 time, 880.8 real, 470.3 MB
[runlim] sample:		889.8 time, 890.8 real, 394.2 MB
[runlim] sample:		899.8 time, 900.8 real, 377.6 MB
[runlim] sample:		909.8 time, 910.8 real, 414.7 MB
[runlim] sample:		919.8 time, 920.8 real, 414.7 MB
[runlim] sample:		929.8 time, 930.8 real, 414.7 MB
[runlim] sample:		939.8 time, 940.8 real, 458.7 MB
[runlim] sample:		949.8 time, 950.8 real, 458.7 MB
[runlim] sample:		959.8 time, 960.8 real, 375.2 MB
[runlim] sample:		969.8 time, 970.8 real, 375.2 MB
[runlim] sample:		979.8 time, 980.8 real, 438.3 MB
[runlim] sample:		989.8 time, 990.8 real, 408.0 MB
[runlim] sample:		999.8 time, 1000.8 real, 445.7 MB
[runlim] sample:		1009.8 time, 1010.8 real, 435.5 MB
[runlim] sample:		1019.8 time, 1020.8 real, 474.5 MB
[runlim] sample:		1029.8 time, 1030.8 real, 474.5 MB
[runlim] sample:		1039.8 time, 1040.8 real, 426.1 MB
[runlim] sample:		1049.8 time, 1050.8 real, 435.9 MB
[runlim] sample:		1059.8 time, 1060.8 real, 423.4 MB
[runlim] sample:		1069.8 time, 1070.8 real, 438.7 MB
[runlim] sample:		1079.8 time, 1080.8 real, 438.7 MB
[runlim] sample:		1089.8 time, 1090.8 real, 452.9 MB
[runlim] sample:		1099.8 time, 1100.8 real, 445.0 MB
[runlim] sample:		1109.8 time, 1110.8 real, 427.2 MB
[runlim] sample:		1119.8 time, 1120.8 real, 427.2 MB
[runlim] sample:		1129.8 time, 1130.8 real, 427.2 MB
[runlim] sample:		1139.8 time, 1140.8 real, 485.0 MB
[runlim] sample:		1149.8 time, 1150.8 real, 422.1 MB
[runlim] sample:		1159.8 time, 1160.8 real, 437.9 MB
[runlim] sample:		1169.8 time, 1170.8 real, 437.9 MB
[runlim] sample:		1179.8 time, 1180.8 real, 485.8 MB
[runlim] sample:		1189.8 time, 1190.8 real, 485.8 MB
[runlim] sample:		1199.8 time, 1200.8 real, 444.3 MB
[runlim] sample:		1209.8 time, 1210.8 real, 444.3 MB
[runlim] sample:		1219.8 time, 1220.8 real, 486.9 MB
[runlim] sample:		1229.8 time, 1230.8 real, 486.9 MB
[runlim] sample:		1239.8 time, 1240.8 real, 440.7 MB
[runlim] sample:		1249.8 time, 1250.8 real, 440.7 MB
[runlim] sample:		1259.8 time, 1260.8 real, 440.7 MB
[runlim] sample:		1269.8 time, 1270.8 real, 455.6 MB
[runlim] sample:		1279.8 time, 1280.8 real, 455.6 MB
[runlim] sample:		1289.8 time, 1290.8 real, 455.6 MB
[runlim] sample:		1299.8 time, 1300.8 real, 455.6 MB
[runlim] sample:		1309.8 time, 1310.8 real, 455.6 MB
[runlim] sample:		1319.8 time, 1320.8 real, 455.6 MB
[runlim] sample:		1329.8 time, 1330.8 real, 535.6 MB
[runlim] sample:		1339.8 time, 1340.8 real, 535.6 MB
[runlim] sample:		1349.8 time, 1350.8 real, 535.6 MB
[runlim] sample:		1359.8 time, 1360.8 real, 502.0 MB
[runlim] sample:		1369.7 time, 1370.8 real, 414.8 MB
[runlim] sample:		1379.7 time, 1380.8 real, 414.8 MB
[runlim] sample:		1389.8 time, 1390.8 real, 393.5 MB
[runlim] sample:		1399.7 time, 1400.8 real, 393.5 MB
[runlim] sample:		1409.7 time, 1410.8 real, 393.5 MB
[runlim] sample:		1419.7 time, 1420.8 real, 398.6 MB
[runlim] sample:		1429.7 time, 1430.8 real, 398.6 MB
[runlim] sample:		1439.7 time, 1440.8 real, 444.9 MB
[runlim] sample:		1449.7 time, 1450.8 real, 444.9 MB
[runlim] sample:		1459.7 time, 1460.8 real, 422.9 MB
[runlim] sample:		1469.7 time, 1470.8 real, 422.9 MB
[runlim] sample:		1479.7 time, 1480.8 real, 478.3 MB
[runlim] sample:		1489.7 time, 1490.8 real, 478.3 MB
[runlim] sample:		1499.7 time, 1500.8 real, 478.3 MB
[runlim] sample:		1509.7 time, 1510.8 real, 467.6 MB
[runlim] sample:		1519.7 time, 1520.8 real, 467.6 MB
[runlim] sample:		1529.7 time, 1530.8 real, 495.9 MB
[runlim] sample:		1539.7 time, 1540.8 real, 495.9 MB
[runlim] sample:		1549.7 time, 1550.8 real, 495.9 MB
[runlim] sample:		1559.7 time, 1560.8 real, 495.9 MB
[runlim] sample:		1569.7 time, 1570.8 real, 489.6 MB
[runlim] sample:		1579.7 time, 1580.8 real, 489.6 MB
[runlim] sample:		1589.7 time, 1590.8 real, 489.6 MB
[runlim] sample:		1599.7 time, 1600.8 real, 489.6 MB
[runlim] sample:		1609.7 time, 1610.8 real, 478.9 MB
[runlim] sample:		1619.7 time, 1620.8 real, 478.9 MB
[runlim] sample:		1629.7 time, 1630.8 real, 470.0 MB
[runlim] sample:		1639.7 time, 1640.8 real, 470.0 MB
[runlim] sample:		1649.7 time, 1650.8 real, 552.5 MB
[runlim] sample:		1659.7 time, 1660.8 real, 553.0 MB
[runlim] sample:		1669.7 time, 1670.8 real, 553.8 MB
[runlim] sample:		1679.7 time, 1680.8 real, 577.7 MB
[runlim] sample:		1689.7 time, 1690.8 real, 577.7 MB
[runlim] sample:		1699.7 time, 1700.8 real, 577.7 MB
[runlim] sample:		1709.7 time, 1710.8 real, 577.7 MB
[runlim] sample:		1719.7 time, 1720.8 real, 522.3 MB
[runlim] sample:		1729.7 time, 1730.8 real, 522.3 MB
[runlim] sample:		1739.7 time, 1740.8 real, 457.0 MB
[runlim] sample:		1749.7 time, 1750.8 real, 457.0 MB
[runlim] sample:		1759.7 time, 1760.8 real, 541.5 MB
[runlim] sample:		1769.7 time, 1770.8 real, 541.5 MB
[runlim] sample:		1779.7 time, 1780.8 real, 541.5 MB
[runlim] sample:		1789.7 time, 1790.8 real, 541.5 MB
c Signal interruption.
[runlim] end:			Tue Sep 17 11:26:07 2024
[runlim] status:		out of time
[runlim] result:		2
[runlim] children:		0
[runlim] real:			1800.06 seconds
[runlim] time:			1798.87 seconds
[runlim] space:			788.9 MB
[runlim] samples:		17992
