[runlim] version:		1.10
[runlim] time limit:		1800 seconds
[runlim] real time limit:	1800 seconds
[runlim] space limit:		30000 MB
[runlim] argv[0]:		/home/hvanh28/AntiBandwidthReconstruct/build/abw_enc
[runlim] argv[1]:		/home/hvanh28/AntiBandwidthReconstruct/build/Benchmarks/K-dwt__234.mtx.rnd
[runlim] argv[2]:		--seq
[runlim] argv[3]:		-symetry-break
[runlim] argv[4]:		h
[runlim] start:			Tue Sep 17 17:27:38 2024
[runlim] main pid:		137317
[runlim] log captured:
c LadderEncoder 1.0.
c Symetry breaking in the highest degree node.
c Solving strategy: from LB to UB.
c LB-w = 46 (LB in Sinnl - A note on computational approaches for the antibandwidth problem).
c UB-w = 58 (UB in Sinnl - A note on computational approaches for the antibandwidth problem).
c Antibandwidth problem with w = 46 ( K-dwt__234.mtx.rnd ):
c Initializing CaDiCaL (version 1.2.1).
c	Configuring CaDiCaL as --sat (1).
c Initializing a Sequential encoder with n = 117.
c Encoding starts with w = 46:
c	Encode symmetry breaking with option: h.
c	Encoding duration: 1s
c	Number of clauses: 3242200
c	Number of irredundant clauses: 3213039
c	Number of variables: 1090359
c SAT Solving starts:
[runlim] sample:		10.0 time, 10.5 real, 682.6 MB
[runlim] sample:		20.0 time, 20.5 real, 557.7 MB
[runlim] sample:		30.0 time, 30.5 real, 587.8 MB
[runlim] sample:		40.0 time, 40.5 real, 560.3 MB
[runlim] sample:		50.0 time, 50.5 real, 591.1 MB
[runlim] sample:		60.0 time, 60.5 real, 565.0 MB
[runlim] sample:		70.0 time, 70.5 real, 569.3 MB
[runlim] sample:		80.0 time, 80.5 real, 574.8 MB
[runlim] sample:		90.0 time, 90.5 real, 570.4 MB
[runlim] sample:		100.0 time, 100.5 real, 570.4 MB
[runlim] sample:		110.0 time, 110.5 real, 571.6 MB
[runlim] sample:		120.0 time, 120.5 real, 581.2 MB
[runlim] sample:		130.0 time, 130.5 real, 581.2 MB
[runlim] sample:		140.0 time, 140.5 real, 589.4 MB
[runlim] sample:		150.0 time, 150.5 real, 630.7 MB
[runlim] sample:		160.0 time, 160.5 real, 570.7 MB
[runlim] sample:		170.0 time, 170.5 real, 579.6 MB
[runlim] sample:		180.0 time, 180.5 real, 579.6 MB
[runlim] sample:		190.0 time, 190.5 real, 575.0 MB
[runlim] sample:		200.0 time, 200.5 real, 591.5 MB
[runlim] sample:		210.0 time, 210.5 real, 576.9 MB
[runlim] sample:		220.0 time, 220.5 real, 576.9 MB
[runlim] sample:		230.0 time, 230.5 real, 591.0 MB
[runlim] sample:		240.0 time, 240.5 real, 591.0 MB
[runlim] sample:		249.9 time, 250.5 real, 603.6 MB
[runlim] sample:		259.9 time, 260.5 real, 603.6 MB
[runlim] sample:		269.9 time, 270.5 real, 603.6 MB
[runlim] sample:		279.9 time, 280.5 real, 615.8 MB
[runlim] sample:		289.9 time, 290.5 real, 615.8 MB
[runlim] sample:		299.9 time, 300.5 real, 622.5 MB
[runlim] sample:		309.9 time, 310.5 real, 639.6 MB
[runlim] sample:		319.9 time, 320.5 real, 579.5 MB
[runlim] sample:		329.9 time, 330.5 real, 579.5 MB
[runlim] sample:		339.9 time, 340.5 real, 596.2 MB
[runlim] sample:		349.9 time, 350.5 real, 583.5 MB
[runlim] sample:		359.9 time, 360.5 real, 583.5 MB
[runlim] sample:		369.9 time, 370.5 real, 599.3 MB
[runlim] sample:		379.9 time, 380.5 real, 599.3 MB
[runlim] sample:		389.9 time, 390.5 real, 599.3 MB
[runlim] sample:		399.9 time, 400.5 real, 599.3 MB
[runlim] sample:		409.9 time, 410.5 real, 598.4 MB
[runlim] sample:		419.9 time, 420.5 real, 598.4 MB
[runlim] sample:		429.9 time, 430.5 real, 598.1 MB
[runlim] sample:		439.9 time, 440.5 real, 598.1 MB
[runlim] sample:		449.9 time, 450.5 real, 586.4 MB
[runlim] sample:		459.9 time, 460.5 real, 586.4 MB
[runlim] sample:		469.9 time, 470.5 real, 586.4 MB
[runlim] sample:		479.9 time, 480.5 real, 621.7 MB
[runlim] sample:		489.9 time, 490.5 real, 621.9 MB
[runlim] sample:		499.9 time, 500.5 real, 621.9 MB
[runlim] sample:		509.9 time, 510.5 real, 617.5 MB
[runlim] sample:		519.9 time, 520.5 real, 617.5 MB
[runlim] sample:		529.9 time, 530.5 real, 612.9 MB
[runlim] sample:		539.9 time, 540.5 real, 612.9 MB
[runlim] sample:		549.9 time, 550.5 real, 645.4 MB
[runlim] sample:		559.9 time, 560.5 real, 645.4 MB
[runlim] sample:		569.9 time, 570.5 real, 645.4 MB
[runlim] sample:		579.9 time, 580.5 real, 645.4 MB
[runlim] sample:		589.9 time, 590.5 real, 645.4 MB
[runlim] sample:		599.9 time, 600.5 real, 629.6 MB
[runlim] sample:		609.9 time, 610.5 real, 629.6 MB
[runlim] sample:		619.9 time, 620.5 real, 629.6 MB
[runlim] sample:		629.9 time, 630.5 real, 629.6 MB
[runlim] sample:		639.9 time, 640.5 real, 619.6 MB
[runlim] sample:		649.9 time, 650.5 real, 619.6 MB
[runlim] sample:		659.9 time, 660.5 real, 619.6 MB
[runlim] sample:		669.9 time, 670.5 real, 619.6 MB
[runlim] sample:		679.9 time, 680.5 real, 619.6 MB
[runlim] sample:		689.9 time, 690.5 real, 621.7 MB
[runlim] sample:		699.9 time, 700.5 real, 621.7 MB
[runlim] sample:		709.9 time, 710.5 real, 621.7 MB
[runlim] sample:		719.9 time, 720.5 real, 621.7 MB
[runlim] sample:		729.9 time, 730.5 real, 621.7 MB
[runlim] sample:		739.9 time, 740.5 real, 637.0 MB
[runlim] sample:		749.9 time, 750.5 real, 637.0 MB
[runlim] sample:		759.9 time, 760.5 real, 637.0 MB
[runlim] sample:		769.9 time, 770.5 real, 637.0 MB
[runlim] sample:		779.9 time, 780.5 real, 642.3 MB
[runlim] sample:		789.9 time, 790.5 real, 642.3 MB
[runlim] sample:		799.9 time, 800.5 real, 642.3 MB
[runlim] sample:		809.9 time, 810.5 real, 613.6 MB
[runlim] sample:		819.9 time, 820.5 real, 613.6 MB
[runlim] sample:		829.9 time, 830.5 real, 615.6 MB
[runlim] sample:		839.9 time, 840.5 real, 615.6 MB
[runlim] sample:		849.9 time, 850.5 real, 615.6 MB
[runlim] sample:		859.9 time, 860.5 real, 650.7 MB
[runlim] sample:		869.9 time, 870.5 real, 650.7 MB
[runlim] sample:		879.9 time, 880.5 real, 650.7 MB
[runlim] sample:		889.9 time, 890.5 real, 650.7 MB
[runlim] sample:		899.9 time, 900.5 real, 661.6 MB
[runlim] sample:		909.9 time, 910.5 real, 661.6 MB
[runlim] sample:		919.9 time, 920.5 real, 661.6 MB
[runlim] sample:		929.9 time, 930.5 real, 652.6 MB
c	Solving duration: 936592 ms
c	Answer: 
s SAT (w = 46)
c	Solution check:
p calculated antibandwidth = 46.
c
c
c Antibandwidth problem with w = 47 ( K-dwt__234.mtx.rnd ):
c Initializing CaDiCaL (version 1.2.1).
c	Configuring CaDiCaL as --sat (1).
c Initializing a Sequential encoder with n = 117.
c Encoding starts with w = 47:
c	Encode symmetry breaking with option: h.
c	Encoding duration: 1s
c	Number of clauses: 3267310
c	Number of irredundant clauses: 3237933
c	Number of variables: 1098783
c SAT Solving starts:
[runlim] sample:		939.9 time, 940.5 real, 565.3 MB
[runlim] sample:		949.9 time, 950.5 real, 731.8 MB
[runlim] sample:		959.9 time, 960.5 real, 565.8 MB
[runlim] sample:		969.9 time, 970.5 real, 569.6 MB
[runlim] sample:		979.9 time, 980.5 real, 571.4 MB
[runlim] sample:		989.9 time, 990.5 real, 573.1 MB
[runlim] sample:		999.9 time, 1000.5 real, 573.1 MB
[runlim] sample:		1009.9 time, 1010.5 real, 573.0 MB
[runlim] sample:		1019.9 time, 1020.5 real, 579.2 MB
[runlim] sample:		1029.8 time, 1030.5 real, 579.2 MB
[runlim] sample:		1039.8 time, 1040.5 real, 584.1 MB
[runlim] sample:		1049.8 time, 1050.5 real, 584.1 MB
[runlim] sample:		1059.8 time, 1060.5 real, 587.0 MB
[runlim] sample:		1069.8 time, 1070.5 real, 584.6 MB
[runlim] sample:		1079.8 time, 1080.5 real, 584.6 MB
[runlim] sample:		1089.8 time, 1090.5 real, 577.3 MB
[runlim] sample:		1099.8 time, 1100.5 real, 577.3 MB
[runlim] sample:		1109.8 time, 1110.5 real, 580.7 MB
[runlim] sample:		1119.8 time, 1120.5 real, 580.7 MB
[runlim] sample:		1129.8 time, 1130.5 real, 602.4 MB
[runlim] sample:		1139.8 time, 1140.5 real, 550.5 MB
[runlim] sample:		1149.8 time, 1150.5 real, 561.8 MB
[runlim] sample:		1159.8 time, 1160.5 real, 565.4 MB
[runlim] sample:		1169.8 time, 1170.5 real, 570.2 MB
[runlim] sample:		1179.8 time, 1180.5 real, 570.2 MB
[runlim] sample:		1189.8 time, 1190.5 real, 581.0 MB
[runlim] sample:		1199.8 time, 1200.5 real, 591.8 MB
[runlim] sample:		1209.8 time, 1210.5 real, 591.8 MB
[runlim] sample:		1219.8 time, 1220.5 real, 594.8 MB
[runlim] sample:		1229.8 time, 1230.5 real, 594.8 MB
[runlim] sample:		1239.8 time, 1240.5 real, 608.6 MB
[runlim] sample:		1249.8 time, 1250.5 real, 623.9 MB
[runlim] sample:		1259.8 time, 1260.5 real, 577.3 MB
[runlim] sample:		1269.8 time, 1270.5 real, 600.6 MB
[runlim] sample:		1279.8 time, 1280.5 real, 600.6 MB
[runlim] sample:		1289.8 time, 1290.5 real, 579.5 MB
[runlim] sample:		1299.8 time, 1300.5 real, 579.5 MB
[runlim] sample:		1309.8 time, 1310.5 real, 601.2 MB
[runlim] sample:		1319.8 time, 1320.5 real, 601.2 MB
[runlim] sample:		1329.8 time, 1330.5 real, 621.2 MB
[runlim] sample:		1339.8 time, 1340.5 real, 597.3 MB
[runlim] sample:		1349.8 time, 1350.5 real, 597.3 MB
[runlim] sample:		1359.8 time, 1360.5 real, 595.8 MB
[runlim] sample:		1369.8 time, 1370.5 real, 595.8 MB
[runlim] sample:		1379.8 time, 1380.5 real, 584.0 MB
[runlim] sample:		1389.8 time, 1390.5 real, 584.0 MB
[runlim] sample:		1399.8 time, 1400.5 real, 584.0 MB
[runlim] sample:		1409.8 time, 1410.5 real, 599.0 MB
[runlim] sample:		1419.8 time, 1420.5 real, 599.0 MB
[runlim] sample:		1429.8 time, 1430.5 real, 599.0 MB
[runlim] sample:		1439.8 time, 1440.5 real, 604.0 MB
[runlim] sample:		1449.8 time, 1450.5 real, 604.0 MB
[runlim] sample:		1459.7 time, 1460.5 real, 602.0 MB
[runlim] sample:		1469.7 time, 1470.5 real, 602.0 MB
[runlim] sample:		1479.7 time, 1480.5 real, 602.0 MB
[runlim] sample:		1489.7 time, 1490.5 real, 617.6 MB
[runlim] sample:		1499.7 time, 1500.5 real, 617.6 MB
[runlim] sample:		1509.7 time, 1510.5 real, 617.6 MB
[runlim] sample:		1519.7 time, 1520.5 real, 666.5 MB
[runlim] sample:		1529.7 time, 1530.5 real, 666.5 MB
[runlim] sample:		1539.7 time, 1540.5 real, 666.5 MB
[runlim] sample:		1549.7 time, 1550.5 real, 647.9 MB
[runlim] sample:		1559.7 time, 1560.5 real, 647.9 MB
[runlim] sample:		1569.7 time, 1570.5 real, 647.9 MB
[runlim] sample:		1579.7 time, 1580.5 real, 604.8 MB
[runlim] sample:		1589.7 time, 1590.5 real, 604.8 MB
[runlim] sample:		1599.7 time, 1600.5 real, 596.5 MB
[runlim] sample:		1609.7 time, 1610.5 real, 596.5 MB
[runlim] sample:		1619.7 time, 1620.5 real, 596.5 MB
[runlim] sample:		1629.7 time, 1630.5 real, 625.4 MB
[runlim] sample:		1639.7 time, 1640.5 real, 625.4 MB
[runlim] sample:		1649.7 time, 1650.5 real, 625.4 MB
[runlim] sample:		1659.7 time, 1660.5 real, 586.4 MB
[runlim] sample:		1669.7 time, 1670.5 real, 586.4 MB
[runlim] sample:		1679.7 time, 1680.5 real, 592.3 MB
[runlim] sample:		1689.7 time, 1690.5 real, 592.3 MB
[runlim] sample:		1699.7 time, 1700.5 real, 592.3 MB
[runlim] sample:		1709.7 time, 1710.5 real, 667.4 MB
[runlim] sample:		1719.7 time, 1720.5 real, 667.4 MB
[runlim] sample:		1729.7 time, 1730.5 real, 667.4 MB
[runlim] sample:		1739.7 time, 1740.5 real, 636.3 MB
[runlim] sample:		1749.7 time, 1750.5 real, 636.3 MB
[runlim] sample:		1759.7 time, 1760.5 real, 636.3 MB
[runlim] sample:		1769.7 time, 1770.5 real, 605.2 MB
[runlim] sample:		1779.7 time, 1780.5 real, 605.2 MB
[runlim] sample:		1789.7 time, 1790.5 real, 605.2 MB
c Signal interruption.
[runlim] end:			Tue Sep 17 17:57:38 2024
[runlim] status:		out of time
[runlim] result:		2
[runlim] children:		0
[runlim] real:			1800.11 seconds
[runlim] time:			1799.28 seconds
[runlim] space:			849.5 MB
[runlim] samples:		17996
