[runlim] version:		1.10
[runlim] time limit:		1800 seconds
[runlim] real time limit:	1800 seconds
[runlim] space limit:		30000 MB
[runlim] argv[0]:		/home/truongxuanhieu/AntiBandwidthReconstruct/build/abw_enc
[runlim] argv[1]:		/home/truongxuanhieu/AntiBandwidthReconstruct/build/Benchmarks/L-bcspwr03.mtx.rnd
[runlim] argv[2]:		--ladder
[runlim] argv[3]:		-symetry-break
[runlim] argv[4]:		h
[runlim] start:			Tue Sep 17 04:45:17 2024
[runlim] main pid:		5012
[runlim] log captured:
c LadderEncoder 1.0.
c Symetry breaking in the highest degree node.
c Solving strategy: from LB to UB.
c LB-w = 39 (LB in Sinnl - A note on computational approaches for the antibandwidth problem).
c UB-w = 39 (UB in Sinnl - A note on computational approaches for the antibandwidth problem).
c Antibandwidth problem with w = 39 ( L-bcspwr03.mtx.rnd ):
c Initializing CaDiCaL (version 1.2.1).
c	Configuring CaDiCaL as --sat (1).
c Initializing a Ladder encoder with n = 118.
c Encoding starts with w = 39:
c	Encode symmetry breaking with option: h.
c	Labels and Vertices aux var: 4720
c	Labels and Vertices constraints:  35400
c	Obj k aux var: 22184
c	Obj k constraints: 145467
c	Obj k glue staircase constraints: 55669
c	Encoding duration: 0s
c	Number of clauses: 180926
c	Number of irredundant clauses: 180475
c	Number of variables: 40828
c SAT Solving starts:
[runlim] sample:		10.0 time, 10.0 real, 60.8 MB
c	Solving duration: 10153 ms
c	Answer: 
s SAT (w = 39)
c	Solution check:
p calculated antibandwidth = 39.
c
c
[runlim] end:			Tue Sep 17 04:45:27 2024
[runlim] status:		ok
[runlim] result:		0
[runlim] children:		0
[runlim] real:			10.26 seconds
[runlim] time:			10.19 seconds
[runlim] space:			82.5 MB
[runlim] samples:		102
