[runlim] version:		1.10
[runlim] time limit:		1800 seconds
[runlim] real time limit:	1800 seconds
[runlim] space limit:		30000 MB
[runlim] argv[0]:		/home/truongxuanhieu/AntiBandwidthReconstruct/build/abw_enc
[runlim] argv[1]:		/home/truongxuanhieu/AntiBandwidthReconstruct/build/Benchmarks/M-bcsstk06.mtx.rnd
[runlim] argv[2]:		--ladder
[runlim] argv[3]:		-symetry-break
[runlim] argv[4]:		h
[runlim] start:			Tue Sep 17 09:15:44 2024
[runlim] main pid:		9329
[runlim] log captured:
c LadderEncoder 1.0.
c Symetry breaking in the highest degree node.
c Solving strategy: from LB to UB.
c LB-w = 28 (LB in Sinnl - A note on computational approaches for the antibandwidth problem).
c UB-w = 72 (UB in Sinnl - A note on computational approaches for the antibandwidth problem).
c Antibandwidth problem with w = 28 ( M-bcsstk06.mtx.rnd ):
c Initializing CaDiCaL (version 1.2.1).
c	Configuring CaDiCaL as --sat (1).
c Initializing a Ladder encoder with n = 420.
c Encoding starts with w = 28:
c	Encode symmetry breaking with option: h.
c	Labels and Vertices aux var: 32760
c	Labels and Vertices constraints:  445200
c	Obj k aux var: 312060
c	Obj k constraints: 6961860
c	Obj k glue staircase constraints: 5680440
c	Encoding duration: 2s
c	Number of clauses: 7407270
c	Number of irredundant clauses: 7404491
c	Number of variables: 521220
c SAT Solving starts:
[runlim] sample:		10.0 time, 10.0 real, 955.7 MB
c	Solving duration: 9543 ms
c	Answer: 
s SAT (w = 28)
c	Solution check:
p calculated antibandwidth = 28.
c
c
c Antibandwidth problem with w = 29 ( M-bcsstk06.mtx.rnd ):
c Initializing CaDiCaL (version 1.2.1).
c	Configuring CaDiCaL as --sat (1).
c Initializing a Ladder encoder with n = 420.
c Encoding starts with w = 29:
c	Encode symmetry breaking with option: h.
c	Labels and Vertices aux var: 32760
c	Labels and Vertices constraints:  445200
c	Obj k aux var: 317520
c	Obj k constraints: 6974520
c	Obj k glue staircase constraints: 5676720
c	Encoding duration: 2s
c	Number of clauses: 7419930
c	Number of irredundant clauses: 7417247
c	Number of variables: 526680
c SAT Solving starts:
[runlim] sample:		20.0 time, 20.0 real, 974.3 MB
[runlim] sample:		30.0 time, 30.0 real, 983.5 MB
[runlim] sample:		40.0 time, 40.0 real, 992.6 MB
[runlim] sample:		50.0 time, 50.0 real, 997.4 MB
[runlim] sample:		60.0 time, 60.0 real, 1011.8 MB
[runlim] sample:		70.0 time, 70.0 real, 1013.0 MB
[runlim] sample:		80.0 time, 80.0 real, 1019.0 MB
c	Solving duration: 75168 ms
c	Answer: 
s SAT (w = 29)
c	Solution check:
p calculated antibandwidth = 29.
c
c
c Antibandwidth problem with w = 30 ( M-bcsstk06.mtx.rnd ):
c Initializing CaDiCaL (version 1.2.1).
c	Configuring CaDiCaL as --sat (1).
c Initializing a Ladder encoder with n = 420.
c Encoding starts with w = 30:
c	Encode symmetry breaking with option: h.
[runlim] sample:		90.0 time, 90.0 real, 757.2 MB
c	Labels and Vertices aux var: 32760
c	Labels and Vertices constraints:  439320
c	Obj k aux var: 311640
c	Obj k constraints: 6940740
c	Obj k glue staircase constraints: 5661840
c	Encoding duration: 2s
c	Number of clauses: 7380270
c	Number of irredundant clauses: 7377604
c	Number of variables: 520800
c SAT Solving starts:
[runlim] sample:		100.0 time, 100.0 real, 968.2 MB
[runlim] sample:		110.0 time, 110.0 real, 984.3 MB
c	Solving duration: 27086 ms
c	Answer: 
s SAT (w = 30)
c	Solution check:
p calculated antibandwidth = 30.
c
c
c Antibandwidth problem with w = 31 ( M-bcsstk06.mtx.rnd ):
c Initializing CaDiCaL (version 1.2.1).
c	Configuring CaDiCaL as --sat (1).
c Initializing a Ladder encoder with n = 420.
c Encoding starts with w = 31:
c	Encode symmetry breaking with option: h.
[runlim] sample:		120.0 time, 120.0 real, 761.1 MB
c	Labels and Vertices aux var: 32760
c	Labels and Vertices constraints:  439320
c	Obj k aux var: 316680
c	Obj k constraints: 6952140
c	Obj k glue staircase constraints: 5658120
c	Encoding duration: 2s
c	Number of clauses: 7391670
c	Number of irredundant clauses: 7388990
c	Number of variables: 525840
c SAT Solving starts:
[runlim] sample:		130.0 time, 130.0 real, 980.8 MB
[runlim] sample:		140.0 time, 140.0 real, 980.8 MB
[runlim] sample:		150.0 time, 150.0 real, 1009.1 MB
[runlim] sample:		160.0 time, 160.0 real, 1000.2 MB
[runlim] sample:		170.0 time, 170.0 real, 1010.2 MB
[runlim] sample:		180.0 time, 180.0 real, 1037.0 MB
[runlim] sample:		190.0 time, 190.0 real, 993.3 MB
[runlim] sample:		200.0 time, 200.0 real, 995.3 MB
[runlim] sample:		210.0 time, 210.0 real, 995.3 MB
[runlim] sample:		220.0 time, 220.0 real, 1004.8 MB
c	Solving duration: 100114 ms
c	Answer: 
s SAT (w = 31)
c	Solution check:
p calculated antibandwidth = 31.
c
c
c Antibandwidth problem with w = 32 ( M-bcsstk06.mtx.rnd ):
c Initializing CaDiCaL (version 1.2.1).
c	Configuring CaDiCaL as --sat (1).
c Initializing a Ladder encoder with n = 420.
c Encoding starts with w = 32:
c	Encode symmetry breaking with option: h.
c	Labels and Vertices aux var: 32760
c	Labels and Vertices constraints:  439320
c	Obj k aux var: 321720
c	Obj k constraints: 6951960
c	Obj k glue staircase constraints: 5643240
c	Encoding duration: 2s
c	Number of clauses: 7391490
c	Number of irredundant clauses: 7388797
c	Number of variables: 530880
c SAT Solving starts:
[runlim] sample:		230.0 time, 230.0 real, 989.9 MB
[runlim] sample:		240.0 time, 240.0 real, 956.0 MB
[runlim] sample:		250.0 time, 250.0 real, 994.8 MB
[runlim] sample:		260.0 time, 260.0 real, 992.6 MB
[runlim] sample:		270.0 time, 270.0 real, 993.0 MB
[runlim] sample:		280.0 time, 280.0 real, 1030.6 MB
[runlim] sample:		290.0 time, 290.0 real, 1205.1 MB
[runlim] sample:		300.0 time, 300.0 real, 1018.0 MB
[runlim] sample:		310.0 time, 310.0 real, 1016.9 MB
[runlim] sample:		320.0 time, 320.0 real, 995.9 MB
c	Solving duration: 97492 ms
c	Answer: 
s SAT (w = 32)
c	Solution check:
p calculated antibandwidth = 32.
c
c
c Antibandwidth problem with w = 33 ( M-bcsstk06.mtx.rnd ):
c Initializing CaDiCaL (version 1.2.1).
c	Configuring CaDiCaL as --sat (1).
c Initializing a Ladder encoder with n = 420.
c Encoding starts with w = 33:
c	Encode symmetry breaking with option: h.
c	Labels and Vertices aux var: 32760
c	Labels and Vertices constraints:  433860
c	Obj k aux var: 314160
c	Obj k constraints: 6924720
c	Obj k glue staircase constraints: 5639520
c	Encoding duration: 2s
c	Number of clauses: 7358790
c	Number of irredundant clauses: 7356338
c	Number of variables: 523320
c SAT Solving starts:
[runlim] sample:		330.0 time, 330.0 real, 990.6 MB
[runlim] sample:		340.0 time, 340.0 real, 983.3 MB
[runlim] sample:		349.9 time, 350.0 real, 983.1 MB
[runlim] sample:		359.9 time, 360.0 real, 984.0 MB
[runlim] sample:		369.9 time, 370.0 real, 985.5 MB
[runlim] sample:		379.9 time, 380.0 real, 985.8 MB
[runlim] sample:		389.9 time, 390.0 real, 987.9 MB
[runlim] sample:		399.9 time, 400.0 real, 989.1 MB
[runlim] sample:		409.9 time, 410.0 real, 990.3 MB
[runlim] sample:		419.9 time, 420.0 real, 991.1 MB
[runlim] sample:		429.9 time, 430.0 real, 991.2 MB
[runlim] sample:		439.9 time, 440.0 real, 997.2 MB
[runlim] sample:		449.9 time, 450.0 real, 994.7 MB
[runlim] sample:		459.9 time, 460.0 real, 996.2 MB
[runlim] sample:		469.9 time, 470.0 real, 1003.9 MB
[runlim] sample:		479.9 time, 480.0 real, 1001.8 MB
[runlim] sample:		489.9 time, 490.0 real, 1000.9 MB
[runlim] sample:		499.9 time, 500.0 real, 1000.9 MB
[runlim] sample:		509.9 time, 510.0 real, 1000.6 MB
[runlim] sample:		519.9 time, 520.0 real, 1021.0 MB
[runlim] sample:		529.9 time, 530.0 real, 978.0 MB
[runlim] sample:		539.9 time, 540.0 real, 1229.3 MB
[runlim] sample:		549.9 time, 550.0 real, 1001.2 MB
[runlim] sample:		559.9 time, 560.0 real, 1001.2 MB
[runlim] sample:		569.9 time, 570.0 real, 1009.5 MB
[runlim] sample:		579.9 time, 580.0 real, 1009.5 MB
[runlim] sample:		589.9 time, 590.0 real, 1004.8 MB
[runlim] sample:		599.9 time, 600.0 real, 954.7 MB
[runlim] sample:		609.9 time, 610.0 real, 986.2 MB
[runlim] sample:		619.9 time, 620.0 real, 998.1 MB
[runlim] sample:		629.9 time, 630.0 real, 1008.5 MB
[runlim] sample:		639.9 time, 640.0 real, 1195.8 MB
c	Solving duration: 325865 ms
c	Answer: 
s SAT (w = 33)
c	Solution check:
p calculated antibandwidth = 33.
[runlim] sample:		649.9 time, 650.0 real, 998.1 MB
c
c
c Antibandwidth problem with w = 34 ( M-bcsstk06.mtx.rnd ):
c Initializing CaDiCaL (version 1.2.1).
c	Configuring CaDiCaL as --sat (1).
c Initializing a Ladder encoder with n = 420.
c Encoding starts with w = 34:
c	Encode symmetry breaking with option: h.
c	Labels and Vertices aux var: 32760
c	Labels and Vertices constraints:  433860
c	Obj k aux var: 318780
c	Obj k constraints: 6923280
c	Obj k glue staircase constraints: 5624640
c	Encoding duration: 1s
c	Number of clauses: 7357350
c	Number of irredundant clauses: 7354886
c	Number of variables: 527940
c SAT Solving starts:
[runlim] sample:		659.9 time, 660.0 real, 978.1 MB
[runlim] sample:		669.9 time, 670.0 real, 1149.3 MB
[runlim] sample:		679.9 time, 680.0 real, 984.8 MB
[runlim] sample:		689.9 time, 690.0 real, 983.1 MB
[runlim] sample:		699.9 time, 700.0 real, 983.5 MB
[runlim] sample:		709.9 time, 710.0 real, 984.6 MB
[runlim] sample:		719.9 time, 720.0 real, 984.7 MB
[runlim] sample:		729.9 time, 730.0 real, 988.4 MB
[runlim] sample:		739.9 time, 740.0 real, 985.7 MB
[runlim] sample:		749.9 time, 750.0 real, 985.7 MB
[runlim] sample:		759.9 time, 760.0 real, 986.5 MB
[runlim] sample:		769.9 time, 770.0 real, 988.6 MB
[runlim] sample:		779.9 time, 780.0 real, 996.6 MB
[runlim] sample:		789.9 time, 790.0 real, 998.6 MB
[runlim] sample:		799.9 time, 800.0 real, 967.5 MB
[runlim] sample:		809.9 time, 810.0 real, 993.6 MB
[runlim] sample:		819.9 time, 820.0 real, 994.7 MB
[runlim] sample:		829.9 time, 830.0 real, 995.3 MB
[runlim] sample:		839.9 time, 840.0 real, 999.3 MB
[runlim] sample:		849.9 time, 850.0 real, 999.7 MB
[runlim] sample:		859.9 time, 860.0 real, 1001.4 MB
[runlim] sample:		869.9 time, 870.0 real, 1001.4 MB
[runlim] sample:		879.9 time, 880.0 real, 1001.5 MB
[runlim] sample:		889.9 time, 890.0 real, 1001.5 MB
[runlim] sample:		899.9 time, 900.0 real, 1008.6 MB
[runlim] sample:		909.9 time, 910.0 real, 1006.2 MB
[runlim] sample:		919.9 time, 920.0 real, 1011.7 MB
[runlim] sample:		929.9 time, 930.0 real, 1013.9 MB
[runlim] sample:		939.9 time, 940.0 real, 1013.9 MB
[runlim] sample:		949.9 time, 950.0 real, 1002.8 MB
[runlim] sample:		959.9 time, 960.0 real, 1005.4 MB
[runlim] sample:		969.9 time, 970.0 real, 1006.1 MB
[runlim] sample:		979.9 time, 980.0 real, 1006.1 MB
[runlim] sample:		989.9 time, 990.0 real, 1008.0 MB
[runlim] sample:		999.9 time, 1000.0 real, 1022.2 MB
[runlim] sample:		1009.9 time, 1010.0 real, 1023.9 MB
[runlim] sample:		1019.9 time, 1020.0 real, 1009.7 MB
[runlim] sample:		1029.9 time, 1030.0 real, 1009.7 MB
[runlim] sample:		1039.9 time, 1040.0 real, 1018.5 MB
[runlim] sample:		1049.9 time, 1050.0 real, 1012.3 MB
[runlim] sample:		1059.9 time, 1060.0 real, 1012.3 MB
[runlim] sample:		1069.9 time, 1070.0 real, 1016.5 MB
[runlim] sample:		1079.9 time, 1080.0 real, 1017.7 MB
[runlim] sample:		1089.9 time, 1090.0 real, 1017.7 MB
[runlim] sample:		1099.9 time, 1100.0 real, 1032.1 MB
[runlim] sample:		1109.9 time, 1110.0 real, 1031.7 MB
[runlim] sample:		1119.9 time, 1120.0 real, 1031.7 MB
[runlim] sample:		1129.9 time, 1130.0 real, 1019.9 MB
[runlim] sample:		1139.9 time, 1140.0 real, 1022.1 MB
[runlim] sample:		1149.9 time, 1150.0 real, 1022.1 MB
[runlim] sample:		1159.9 time, 1160.0 real, 1051.4 MB
[runlim] sample:		1169.9 time, 1170.0 real, 1020.7 MB
[runlim] sample:		1179.9 time, 1180.0 real, 1020.7 MB
[runlim] sample:		1189.9 time, 1190.0 real, 1031.9 MB
[runlim] sample:		1199.9 time, 1200.0 real, 1031.9 MB
c	Solving duration: 557256 ms
c	Answer: 
s SAT (w = 34)
c	Solution check:
p calculated antibandwidth = 34.
c
c
c Antibandwidth problem with w = 35 ( M-bcsstk06.mtx.rnd ):
c Initializing CaDiCaL (version 1.2.1).
c	Configuring CaDiCaL as --sat (1).
c Initializing a Ladder encoder with n = 420.
c Encoding starts with w = 35:
c	Encode symmetry breaking with option: h.
[runlim] sample:		1209.9 time, 1210.0 real, 762.5 MB
c	Labels and Vertices aux var: 32760
c	Labels and Vertices constraints:  428820
c	Obj k aux var: 309960
c	Obj k constraints: 6880680
c	Obj k glue staircase constraints: 5609760
c	Encoding duration: 2s
c	Number of clauses: 7309710
c	Number of irredundant clauses: 7307270
c	Number of variables: 519120
c SAT Solving starts:
[runlim] sample:		1219.9 time, 1220.0 real, 973.1 MB
[runlim] sample:		1229.9 time, 1230.0 real, 1142.8 MB
[runlim] sample:		1239.9 time, 1240.0 real, 993.7 MB
[runlim] sample:		1249.9 time, 1250.0 real, 992.1 MB
[runlim] sample:		1259.9 time, 1260.0 real, 993.1 MB
[runlim] sample:		1269.9 time, 1270.0 real, 992.7 MB
[runlim] sample:		1279.9 time, 1280.0 real, 992.7 MB
[runlim] sample:		1289.9 time, 1290.0 real, 994.4 MB
[runlim] sample:		1299.9 time, 1300.0 real, 994.4 MB
[runlim] sample:		1309.9 time, 1310.0 real, 993.7 MB
[runlim] sample:		1319.9 time, 1320.0 real, 996.6 MB
[runlim] sample:		1329.9 time, 1330.0 real, 1174.4 MB
[runlim] sample:		1339.9 time, 1340.0 real, 1002.5 MB
[runlim] sample:		1349.9 time, 1350.0 real, 1003.3 MB
[runlim] sample:		1359.9 time, 1360.0 real, 1003.3 MB
[runlim] sample:		1369.9 time, 1370.0 real, 1003.1 MB
[runlim] sample:		1379.9 time, 1380.0 real, 1003.1 MB
[runlim] sample:		1389.9 time, 1390.0 real, 1123.4 MB
[runlim] sample:		1399.9 time, 1400.0 real, 1001.2 MB
[runlim] sample:		1409.9 time, 1410.0 real, 1001.2 MB
[runlim] sample:		1419.9 time, 1420.0 real, 1007.5 MB
[runlim] sample:		1429.9 time, 1430.0 real, 1007.5 MB
[runlim] sample:		1439.9 time, 1440.0 real, 1007.5 MB
[runlim] sample:		1449.9 time, 1450.0 real, 1092.8 MB
[runlim] sample:		1459.9 time, 1460.0 real, 1012.3 MB
[runlim] sample:		1469.9 time, 1470.0 real, 1012.3 MB
[runlim] sample:		1479.9 time, 1480.0 real, 1009.4 MB
[runlim] sample:		1489.9 time, 1490.0 real, 1009.4 MB
[runlim] sample:		1499.9 time, 1500.0 real, 1005.6 MB
[runlim] sample:		1509.9 time, 1510.0 real, 1005.6 MB
[runlim] sample:		1519.9 time, 1520.0 real, 1011.9 MB
[runlim] sample:		1529.9 time, 1530.0 real, 1011.9 MB
[runlim] sample:		1539.9 time, 1540.0 real, 1010.3 MB
[runlim] sample:		1549.9 time, 1550.0 real, 1010.3 MB
[runlim] sample:		1559.9 time, 1560.0 real, 1022.8 MB
[runlim] sample:		1569.9 time, 1570.0 real, 1024.8 MB
[runlim] sample:		1579.9 time, 1580.0 real, 1018.3 MB
[runlim] sample:		1589.9 time, 1590.0 real, 1021.7 MB
[runlim] sample:		1599.9 time, 1600.0 real, 1017.4 MB
[runlim] sample:		1609.9 time, 1610.0 real, 1017.3 MB
[runlim] sample:		1619.9 time, 1620.0 real, 1009.8 MB
[runlim] sample:		1629.9 time, 1630.0 real, 1009.8 MB
[runlim] sample:		1639.9 time, 1640.0 real, 1024.9 MB
[runlim] sample:		1649.9 time, 1650.0 real, 1044.9 MB
[runlim] sample:		1659.9 time, 1660.0 real, 1044.9 MB
[runlim] sample:		1669.9 time, 1670.0 real, 1022.3 MB
[runlim] sample:		1679.9 time, 1680.0 real, 1018.0 MB
[runlim] sample:		1689.9 time, 1690.0 real, 1018.0 MB
[runlim] sample:		1699.9 time, 1700.0 real, 1015.0 MB
[runlim] sample:		1709.9 time, 1710.0 real, 1026.1 MB
[runlim] sample:		1719.8 time, 1720.0 real, 1032.1 MB
[runlim] sample:		1729.9 time, 1730.0 real, 1032.1 MB
[runlim] sample:		1739.9 time, 1740.0 real, 1229.5 MB
[runlim] sample:		1749.8 time, 1750.0 real, 1022.0 MB
[runlim] sample:		1759.8 time, 1760.0 real, 1040.2 MB
[runlim] sample:		1769.8 time, 1770.0 real, 1024.0 MB
[runlim] sample:		1779.8 time, 1780.0 real, 1024.0 MB
[runlim] sample:		1789.8 time, 1790.0 real, 1027.0 MB
[runlim] sample:		1799.9 time, 1800.0 real, 1027.8 MB
c Signal interruption.
[runlim] end:			Tue Sep 17 09:45:44 2024
[runlim] status:		out of time
[runlim] result:		2
[runlim] children:		0
[runlim] real:			1800.07 seconds
[runlim] time:			1799.86 seconds
[runlim] space:			1354.5 MB
[runlim] samples:		18000
