[runlim] version:		1.10
[runlim] time limit:		1800 seconds
[runlim] real time limit:	1800 seconds
[runlim] space limit:		30000 MB
[runlim] argv[0]:		/home/hvanh28/AntiBandwidthReconstruct/build/abw_enc
[runlim] argv[1]:		/home/hvanh28/AntiBandwidthReconstruct/build/Benchmarks/M-bcsstk06.mtx.rnd
[runlim] argv[2]:		--seq
[runlim] argv[3]:		-symetry-break
[runlim] argv[4]:		h
[runlim] start:			Tue Sep 17 17:57:38 2024
[runlim] main pid:		138333
[runlim] log captured:
c LadderEncoder 1.0.
c Symetry breaking in the highest degree node.
c Solving strategy: from LB to UB.
c LB-w = 28 (LB in Sinnl - A note on computational approaches for the antibandwidth problem).
c UB-w = 72 (UB in Sinnl - A note on computational approaches for the antibandwidth problem).
c Antibandwidth problem with w = 28 ( M-bcsstk06.mtx.rnd ):
c Initializing CaDiCaL (version 1.2.1).
c	Configuring CaDiCaL as --sat (1).
c Initializing a Sequential encoder with n = 420.
c Encoding starts with w = 28:
c	Encode symmetry breaking with option: h.
[runlim] sample:		10.0 time, 10.1 real, 2423.5 MB
[runlim] sample:		20.0 time, 20.1 real, 4307.3 MB
[runlim] sample:		30.0 time, 30.1 real, 5573.2 MB
[runlim] sample:		40.0 time, 40.1 real, 7436.2 MB
[runlim] sample:		50.0 time, 50.1 real, 9288.5 MB
[runlim] sample:		60.0 time, 60.1 real, 10372.5 MB
[runlim] sample:		70.0 time, 70.1 real, 11493.4 MB
[runlim] sample:		80.0 time, 80.1 real, 12310.7 MB
[runlim] sample:		90.0 time, 90.1 real, 14483.7 MB
[runlim] sample:		99.9 time, 100.1 real, 15889.8 MB
[runlim] sample:		109.9 time, 110.1 real, 17170.1 MB
[runlim] sample:		119.9 time, 120.1 real, 18369.0 MB
[runlim] sample:		129.9 time, 130.1 real, 20011.0 MB
[runlim] sample:		139.9 time, 140.1 real, 20206.3 MB
[runlim] sample:		149.9 time, 150.1 real, 22192.0 MB
[runlim] sample:		159.9 time, 160.1 real, 24273.3 MB
[runlim] sample:		169.9 time, 170.1 real, 27622.2 MB
c Signal interruption.
[runlim] end:			Tue Sep 17 18:00:31 2024
[runlim] status:		out of memory
[runlim] result:		3
[runlim] children:		0
[runlim] real:			173.86 seconds
[runlim] time:			173.60 seconds
[runlim] space:			30134.2 MB
[runlim] samples:		1737
