[runlim] version:		1.10
[runlim] time limit:		1800 seconds
[runlim] real time limit:	1800 seconds
[runlim] space limit:		30000 MB
[runlim] argv[0]:		/home/truongxuanhieu/AntiBandwidthReconstruct/build/abw_enc
[runlim] argv[1]:		/home/truongxuanhieu/AntiBandwidthReconstruct/build/Benchmarks/N-bcsstk07.mtx.rnd
[runlim] argv[2]:		--duplex
[runlim] argv[3]:		-symetry-break
[runlim] argv[4]:		h
[runlim] start:			Tue Sep 17 08:36:36 2024
[runlim] main pid:		8909
[runlim] log captured:
c LadderEncoder 1.0.
c Symetry breaking in the highest degree node.
c Solving strategy: from LB to UB.
c LB-w = 28 (LB in Sinnl - A note on computational approaches for the antibandwidth problem).
c UB-w = 72 (UB in Sinnl - A note on computational approaches for the antibandwidth problem).
c Antibandwidth problem with w = 28 ( N-bcsstk07.mtx.rnd ):
c Initializing CaDiCaL (version 1.2.1).
c	Configuring CaDiCaL as --sat (1).
c Initializing a Duplex encoder with n = 420.
c Encoding starts with w = 28:
c	Encode symmetry breaking with option: h.
c	Labels and Vertices aux var: 32760
c	Labels and Vertices constraints:  445200
c	Obj k aux var: 635040
c	Obj k constraints: 7760700
c	Obj k glue staircase constraints: 5680440
c	Encoding duration: 2s
c	Number of clauses: 8206110
c	Number of irredundant clauses: 7859997
c	Number of variables: 844200
c SAT Solving starts:
c	Solving duration: 6249 ms
c	Answer: 
s SAT (w = 28)
c	Solution check:
p calculated antibandwidth = 28.
c
c
c Antibandwidth problem with w = 29 ( N-bcsstk07.mtx.rnd ):
c Initializing CaDiCaL (version 1.2.1).
c	Configuring CaDiCaL as --sat (1).
c Initializing a Duplex encoder with n = 420.
c Encoding starts with w = 29:
c	Encode symmetry breaking with option: h.
[runlim] sample:		10.0 time, 10.3 real, 886.8 MB
c	Labels and Vertices aux var: 32760
c	Labels and Vertices constraints:  445200
c	Obj k aux var: 645960
c	Obj k constraints: 7788420
c	Obj k glue staircase constraints: 5680440
c	Encoding duration: 2s
c	Number of clauses: 8233830
c	Number of irredundant clauses: 7887642
c	Number of variables: 855120
c SAT Solving starts:
[runlim] sample:		20.0 time, 20.3 real, 1179.7 MB
[runlim] sample:		30.0 time, 30.3 real, 1224.9 MB
[runlim] sample:		40.0 time, 40.3 real, 1224.5 MB
[runlim] sample:		50.0 time, 50.3 real, 1222.8 MB
[runlim] sample:		60.0 time, 60.3 real, 1230.9 MB
[runlim] sample:		70.0 time, 70.3 real, 1245.5 MB
[runlim] sample:		80.0 time, 80.3 real, 1214.0 MB
[runlim] sample:		90.0 time, 90.3 real, 1232.8 MB
[runlim] sample:		100.0 time, 100.3 real, 1518.8 MB
[runlim] sample:		110.0 time, 110.3 real, 1262.9 MB
c	Solving duration: 105540 ms
c	Answer: 
s SAT (w = 29)
c	Solution check:
p calculated antibandwidth = 29.
c
c
c Antibandwidth problem with w = 30 ( N-bcsstk07.mtx.rnd ):
c Initializing CaDiCaL (version 1.2.1).
c	Configuring CaDiCaL as --sat (1).
c Initializing a Duplex encoder with n = 420.
c Encoding starts with w = 30:
c	Encode symmetry breaking with option: h.
c	Labels and Vertices aux var: 32760
c	Labels and Vertices constraints:  439320
c	Obj k aux var: 633360
c	Obj k constraints: 7735380
c	Obj k glue staircase constraints: 5661840
c	Encoding duration: 2s
c	Number of clauses: 8174910
c	Number of irredundant clauses: 7829380
c	Number of variables: 842520
c SAT Solving starts:
[runlim] sample:		120.0 time, 120.3 real, 996.7 MB
[runlim] sample:		130.0 time, 130.3 real, 1202.4 MB
[runlim] sample:		140.0 time, 140.3 real, 1204.4 MB
[runlim] sample:		150.0 time, 150.3 real, 1216.7 MB
[runlim] sample:		160.0 time, 160.3 real, 1217.2 MB
[runlim] sample:		170.0 time, 170.3 real, 1217.8 MB
[runlim] sample:		180.0 time, 180.3 real, 1220.3 MB
[runlim] sample:		190.0 time, 190.3 real, 1243.9 MB
[runlim] sample:		200.0 time, 200.3 real, 1231.5 MB
[runlim] sample:		210.0 time, 210.3 real, 1231.5 MB
[runlim] sample:		220.0 time, 220.3 real, 1319.5 MB
[runlim] sample:		230.0 time, 230.3 real, 1230.5 MB
[runlim] sample:		240.0 time, 240.3 real, 1230.5 MB
c	Solving duration: 129579 ms
c	Answer: 
s SAT (w = 30)
c	Solution check:
p calculated antibandwidth = 30.
c
c
c Antibandwidth problem with w = 31 ( N-bcsstk07.mtx.rnd ):
c Initializing CaDiCaL (version 1.2.1).
c	Configuring CaDiCaL as --sat (1).
c Initializing a Duplex encoder with n = 420.
c Encoding starts with w = 31:
c	Encode symmetry breaking with option: h.
[runlim] sample:		250.0 time, 250.3 real, 907.6 MB
c	Labels and Vertices aux var: 32760
c	Labels and Vertices constraints:  439320
c	Obj k aux var: 643440
c	Obj k constraints: 7761000
c	Obj k glue staircase constraints: 5661840
c	Encoding duration: 2s
c	Number of clauses: 8200530
c	Number of irredundant clauses: 7854874
c	Number of variables: 852600
c SAT Solving starts:
[runlim] sample:		260.0 time, 260.3 real, 1157.7 MB
c	Solving duration: 14934 ms
c	Answer: 
s SAT (w = 31)
c	Solution check:
p calculated antibandwidth = 31.
c
c
c Antibandwidth problem with w = 32 ( N-bcsstk07.mtx.rnd ):
c Initializing CaDiCaL (version 1.2.1).
c	Configuring CaDiCaL as --sat (1).
c Initializing a Duplex encoder with n = 420.
c Encoding starts with w = 32:
c	Encode symmetry breaking with option: h.
c	Labels and Vertices aux var: 32760
c	Labels and Vertices constraints:  439320
c	Obj k aux var: 653520
c	Obj k constraints: 7770060
c	Obj k glue staircase constraints: 5646960
c	Encoding duration: 2s
c	Number of clauses: 8209590
c	Number of irredundant clauses: 7865175
c	Number of variables: 862680
c SAT Solving starts:
[runlim] sample:		270.0 time, 270.3 real, 995.8 MB
[runlim] sample:		280.0 time, 280.3 real, 1213.9 MB
[runlim] sample:		290.0 time, 290.3 real, 1214.4 MB
[runlim] sample:		300.0 time, 300.3 real, 1225.2 MB
[runlim] sample:		310.0 time, 310.3 real, 1224.5 MB
[runlim] sample:		320.0 time, 320.3 real, 1243.8 MB
[runlim] sample:		330.0 time, 330.3 real, 1247.1 MB
[runlim] sample:		340.0 time, 340.3 real, 1247.1 MB
[runlim] sample:		350.0 time, 350.3 real, 1283.4 MB
[runlim] sample:		360.0 time, 360.3 real, 1236.7 MB
[runlim] sample:		370.0 time, 370.3 real, 1246.2 MB
c	Solving duration: 104677 ms
c	Answer: 
s SAT (w = 32)
c	Solution check:
p calculated antibandwidth = 32.
c
c
c Antibandwidth problem with w = 33 ( N-bcsstk07.mtx.rnd ):
c Initializing CaDiCaL (version 1.2.1).
c	Configuring CaDiCaL as --sat (1).
c Initializing a Duplex encoder with n = 420.
c Encoding starts with w = 33:
c	Encode symmetry breaking with option: h.
c	Labels and Vertices aux var: 32760
c	Labels and Vertices constraints:  433860
c	Obj k aux var: 637560
c	Obj k constraints: 7725180
c	Obj k glue staircase constraints: 5643240
c	Encoding duration: 2s
c	Number of clauses: 8159250
c	Number of irredundant clauses: 7815713
c	Number of variables: 846720
c SAT Solving starts:
[runlim] sample:		380.0 time, 380.3 real, 1167.4 MB
[runlim] sample:		390.0 time, 390.3 real, 1226.0 MB
[runlim] sample:		400.0 time, 400.3 real, 1226.0 MB
[runlim] sample:		410.0 time, 410.3 real, 1236.2 MB
[runlim] sample:		420.0 time, 420.3 real, 1227.2 MB
[runlim] sample:		430.0 time, 430.3 real, 1224.7 MB
[runlim] sample:		440.0 time, 440.3 real, 1241.5 MB
[runlim] sample:		450.0 time, 450.3 real, 1225.8 MB
[runlim] sample:		460.0 time, 460.3 real, 1404.9 MB
[runlim] sample:		470.0 time, 470.3 real, 1227.0 MB
[runlim] sample:		480.0 time, 480.3 real, 1231.7 MB
[runlim] sample:		490.0 time, 490.3 real, 1229.6 MB
[runlim] sample:		500.0 time, 500.3 real, 1229.6 MB
[runlim] sample:		510.0 time, 510.3 real, 1260.9 MB
[runlim] sample:		520.0 time, 520.3 real, 1227.8 MB
[runlim] sample:		530.0 time, 530.3 real, 1227.8 MB
[runlim] sample:		540.0 time, 540.3 real, 1236.7 MB
[runlim] sample:		550.0 time, 550.3 real, 1235.3 MB
[runlim] sample:		560.0 time, 560.3 real, 1240.0 MB
[runlim] sample:		570.0 time, 570.3 real, 1246.0 MB
[runlim] sample:		580.0 time, 580.3 real, 1239.5 MB
[runlim] sample:		590.0 time, 590.3 real, 1239.8 MB
[runlim] sample:		600.0 time, 600.3 real, 1244.9 MB
[runlim] sample:		610.0 time, 610.3 real, 1244.9 MB
c	Solving duration: 237541 ms
c	Answer: 
s SAT (w = 33)
c	Solution check:
p calculated antibandwidth = 33.
c
c
c Antibandwidth problem with w = 34 ( N-bcsstk07.mtx.rnd ):
c Initializing CaDiCaL (version 1.2.1).
c	Configuring CaDiCaL as --sat (1).
c Initializing a Duplex encoder with n = 420.
c Encoding starts with w = 34:
c	Encode symmetry breaking with option: h.
c	Labels and Vertices aux var: 32760
c	Labels and Vertices constraints:  433860
c	Obj k aux var: 646800
c	Obj k constraints: 7732140
c	Obj k glue staircase constraints: 5628360
c	Encoding duration: 2s
c	Number of clauses: 8166210
c	Number of irredundant clauses: 7823918
c	Number of variables: 855960
c SAT Solving starts:
[runlim] sample:		620.0 time, 620.3 real, 1164.6 MB
[runlim] sample:		630.0 time, 630.3 real, 1201.1 MB
[runlim] sample:		640.0 time, 640.3 real, 1201.1 MB
[runlim] sample:		650.0 time, 650.3 real, 1210.5 MB
[runlim] sample:		660.0 time, 660.3 real, 1186.0 MB
[runlim] sample:		670.0 time, 670.3 real, 1211.3 MB
[runlim] sample:		680.0 time, 680.3 real, 1151.5 MB
[runlim] sample:		690.0 time, 690.3 real, 1379.6 MB
[runlim] sample:		700.0 time, 700.3 real, 1200.7 MB
[runlim] sample:		710.0 time, 710.3 real, 1204.3 MB
[runlim] sample:		720.0 time, 720.3 real, 1202.2 MB
[runlim] sample:		730.0 time, 730.3 real, 1214.1 MB
[runlim] sample:		739.9 time, 740.3 real, 1215.8 MB
[runlim] sample:		749.9 time, 750.3 real, 1216.0 MB
[runlim] sample:		759.9 time, 760.3 real, 1228.5 MB
[runlim] sample:		769.9 time, 770.3 real, 1231.5 MB
[runlim] sample:		779.9 time, 780.3 real, 1236.4 MB
[runlim] sample:		789.9 time, 790.3 real, 1232.1 MB
[runlim] sample:		799.9 time, 800.3 real, 1229.2 MB
[runlim] sample:		809.9 time, 810.3 real, 1231.6 MB
[runlim] sample:		819.9 time, 820.3 real, 1228.6 MB
[runlim] sample:		829.9 time, 830.3 real, 1228.4 MB
[runlim] sample:		839.9 time, 840.3 real, 1237.9 MB
[runlim] sample:		849.9 time, 850.3 real, 1236.0 MB
[runlim] sample:		859.9 time, 860.3 real, 1238.3 MB
[runlim] sample:		869.9 time, 870.3 real, 1238.3 MB
[runlim] sample:		879.9 time, 880.3 real, 1236.2 MB
[runlim] sample:		889.9 time, 890.3 real, 1246.1 MB
[runlim] sample:		899.9 time, 900.3 real, 1246.0 MB
[runlim] sample:		909.9 time, 910.3 real, 1264.8 MB
[runlim] sample:		919.9 time, 920.3 real, 1242.0 MB
[runlim] sample:		929.9 time, 930.3 real, 1243.8 MB
[runlim] sample:		939.9 time, 940.3 real, 1243.7 MB
[runlim] sample:		949.9 time, 950.3 real, 1243.4 MB
[runlim] sample:		959.9 time, 960.3 real, 1243.3 MB
[runlim] sample:		969.9 time, 970.3 real, 1233.9 MB
[runlim] sample:		979.9 time, 980.3 real, 1239.0 MB
[runlim] sample:		989.9 time, 990.3 real, 1239.0 MB
[runlim] sample:		999.9 time, 1000.3 real, 1240.5 MB
[runlim] sample:		1009.9 time, 1010.3 real, 1240.5 MB
[runlim] sample:		1019.9 time, 1020.3 real, 1240.9 MB
[runlim] sample:		1029.9 time, 1030.3 real, 1251.0 MB
[runlim] sample:		1039.9 time, 1040.3 real, 1254.3 MB
[runlim] sample:		1049.9 time, 1050.3 real, 1254.3 MB
[runlim] sample:		1059.9 time, 1060.3 real, 1235.6 MB
[runlim] sample:		1069.9 time, 1070.3 real, 1249.2 MB
[runlim] sample:		1079.9 time, 1080.3 real, 1249.1 MB
[runlim] sample:		1089.9 time, 1090.3 real, 1244.8 MB
[runlim] sample:		1099.9 time, 1100.3 real, 1194.6 MB
[runlim] sample:		1109.9 time, 1110.3 real, 1220.5 MB
[runlim] sample:		1119.9 time, 1120.3 real, 1220.5 MB
[runlim] sample:		1129.9 time, 1130.3 real, 1396.2 MB
[runlim] sample:		1139.9 time, 1140.3 real, 1396.2 MB
[runlim] sample:		1149.9 time, 1150.3 real, 1296.4 MB
[runlim] sample:		1159.9 time, 1160.3 real, 1296.4 MB
[runlim] sample:		1169.9 time, 1170.3 real, 1292.8 MB
[runlim] sample:		1179.9 time, 1180.3 real, 1292.8 MB
[runlim] sample:		1189.9 time, 1190.3 real, 1225.2 MB
[runlim] sample:		1199.9 time, 1200.3 real, 1261.8 MB
[runlim] sample:		1209.9 time, 1210.3 real, 1261.8 MB
[runlim] sample:		1219.9 time, 1220.3 real, 1251.2 MB
[runlim] sample:		1229.9 time, 1230.3 real, 1227.5 MB
[runlim] sample:		1239.8 time, 1240.3 real, 1227.1 MB
[runlim] sample:		1249.9 time, 1250.3 real, 1227.1 MB
[runlim] sample:		1259.8 time, 1260.3 real, 1238.2 MB
[runlim] sample:		1269.8 time, 1270.3 real, 1229.8 MB
[runlim] sample:		1279.8 time, 1280.3 real, 1229.8 MB
[runlim] sample:		1289.8 time, 1290.3 real, 1232.2 MB
[runlim] sample:		1299.8 time, 1300.3 real, 1227.2 MB
[runlim] sample:		1309.8 time, 1310.3 real, 1488.8 MB
[runlim] sample:		1319.8 time, 1320.3 real, 1227.7 MB
[runlim] sample:		1329.8 time, 1330.3 real, 1228.2 MB
[runlim] sample:		1339.8 time, 1340.3 real, 1237.4 MB
[runlim] sample:		1349.8 time, 1350.3 real, 1237.4 MB
[runlim] sample:		1359.9 time, 1360.3 real, 1512.2 MB
[runlim] sample:		1369.8 time, 1370.3 real, 1241.0 MB
[runlim] sample:		1379.8 time, 1380.3 real, 1211.0 MB
[runlim] sample:		1389.8 time, 1390.3 real, 1211.3 MB
[runlim] sample:		1399.8 time, 1400.3 real, 1211.3 MB
[runlim] sample:		1409.8 time, 1410.3 real, 1219.6 MB
[runlim] sample:		1419.8 time, 1420.3 real, 1219.6 MB
[runlim] sample:		1429.8 time, 1430.3 real, 1214.2 MB
[runlim] sample:		1439.8 time, 1440.3 real, 1214.2 MB
[runlim] sample:		1449.9 time, 1450.3 real, 1233.5 MB
[runlim] sample:		1459.8 time, 1460.3 real, 1498.6 MB
[runlim] sample:		1469.8 time, 1470.3 real, 1208.7 MB
[runlim] sample:		1479.8 time, 1480.3 real, 1215.6 MB
c	Solving duration: 864226 ms
c	Answer: 
s SAT (w = 34)
c	Solution check:
p calculated antibandwidth = 34.
c
c
c Antibandwidth problem with w = 35 ( N-bcsstk07.mtx.rnd ):
c Initializing CaDiCaL (version 1.2.1).
c	Configuring CaDiCaL as --sat (1).
c Initializing a Duplex encoder with n = 420.
c Encoding starts with w = 35:
c	Encode symmetry breaking with option: h.
c	Labels and Vertices aux var: 32760
c	Labels and Vertices constraints:  428820
c	Obj k aux var: 628320
c	Obj k constraints: 7664400
c	Obj k glue staircase constraints: 5609760
c	Encoding duration: 2s
c	Number of clauses: 8093430
c	Number of irredundant clauses: 7751481
c	Number of variables: 837480
c SAT Solving starts:
[runlim] sample:		1489.8 time, 1490.3 real, 1173.0 MB
[runlim] sample:		1499.8 time, 1500.3 real, 1199.3 MB
[runlim] sample:		1509.8 time, 1510.3 real, 1174.6 MB
[runlim] sample:		1519.9 time, 1520.3 real, 1198.6 MB
[runlim] sample:		1529.8 time, 1530.3 real, 1217.6 MB
[runlim] sample:		1539.8 time, 1540.3 real, 1198.0 MB
[runlim] sample:		1549.8 time, 1550.3 real, 1432.2 MB
[runlim] sample:		1559.8 time, 1560.3 real, 1200.4 MB
[runlim] sample:		1569.8 time, 1570.3 real, 1198.8 MB
[runlim] sample:		1579.8 time, 1580.3 real, 1198.8 MB
[runlim] sample:		1589.8 time, 1590.3 real, 1200.4 MB
[runlim] sample:		1599.8 time, 1600.3 real, 1223.3 MB
[runlim] sample:		1609.8 time, 1610.3 real, 1226.7 MB
[runlim] sample:		1619.8 time, 1620.3 real, 1224.9 MB
[runlim] sample:		1629.8 time, 1630.3 real, 1188.6 MB
[runlim] sample:		1639.8 time, 1640.3 real, 1203.5 MB
[runlim] sample:		1649.8 time, 1650.3 real, 1211.4 MB
[runlim] sample:		1659.8 time, 1660.3 real, 1206.3 MB
[runlim] sample:		1669.8 time, 1670.3 real, 1388.2 MB
[runlim] sample:		1679.8 time, 1680.3 real, 1206.4 MB
[runlim] sample:		1689.8 time, 1690.3 real, 1206.9 MB
[runlim] sample:		1699.8 time, 1700.3 real, 1385.1 MB
[runlim] sample:		1709.8 time, 1710.3 real, 1204.6 MB
[runlim] sample:		1719.8 time, 1720.3 real, 1204.6 MB
[runlim] sample:		1729.8 time, 1730.3 real, 1194.2 MB
[runlim] sample:		1739.8 time, 1740.3 real, 1210.0 MB
[runlim] sample:		1749.8 time, 1750.3 real, 1244.8 MB
[runlim] sample:		1759.8 time, 1760.3 real, 1210.1 MB
[runlim] sample:		1769.8 time, 1770.3 real, 1210.0 MB
[runlim] sample:		1779.8 time, 1780.3 real, 1203.9 MB
[runlim] sample:		1789.8 time, 1790.3 real, 1212.1 MB
c Signal interruption.
[runlim] end:			Tue Sep 17 09:06:36 2024
[runlim] status:		out of time
[runlim] result:		2
[runlim] children:		0
[runlim] real:			1800.12 seconds
[runlim] time:			1799.64 seconds
[runlim] space:			1726.2 MB
[runlim] samples:		17998
