[runlim] version:		1.10
[runlim] time limit:		1800 seconds
[runlim] real time limit:	1800 seconds
[runlim] space limit:		30000 MB
[runlim] argv[0]:		/home/hvanh28/AntiBandwidthReconstruct/build/abw_enc
[runlim] argv[1]:		/home/hvanh28/AntiBandwidthReconstruct/build/Benchmarks/N-bcsstk07.mtx.rnd
[runlim] argv[2]:		--seq
[runlim] argv[3]:		-symetry-break
[runlim] argv[4]:		h
[runlim] start:			Tue Sep 17 18:02:31 2024
[runlim] main pid:		138528
[runlim] log captured:
c LadderEncoder 1.0.
c Symetry breaking in the highest degree node.
c Solving strategy: from LB to UB.
c LB-w = 28 (LB in Sinnl - A note on computational approaches for the antibandwidth problem).
c UB-w = 72 (UB in Sinnl - A note on computational approaches for the antibandwidth problem).
c Antibandwidth problem with w = 28 ( N-bcsstk07.mtx.rnd ):
c Initializing CaDiCaL (version 1.2.1).
c	Configuring CaDiCaL as --sat (1).
c Initializing a Sequential encoder with n = 420.
c Encoding starts with w = 28:
c	Encode symmetry breaking with option: h.
[runlim] sample:		10.0 time, 11.0 real, 3296.0 MB
[runlim] sample:		20.0 time, 21.0 real, 6393.7 MB
[runlim] sample:		30.0 time, 31.0 real, 9950.8 MB
[runlim] sample:		40.0 time, 41.0 real, 12646.8 MB
[runlim] sample:		50.0 time, 51.0 real, 17296.0 MB
[runlim] sample:		60.0 time, 61.0 real, 19741.8 MB
[runlim] sample:		70.0 time, 71.0 real, 22080.9 MB
[runlim] sample:		80.0 time, 81.0 real, 24357.3 MB
[runlim] sample:		90.0 time, 91.0 real, 28536.9 MB
c Signal interruption.
[runlim] end:			Tue Sep 17 18:04:05 2024
[runlim] status:		out of memory
[runlim] result:		3
[runlim] children:		0
[runlim] real:			94.23 seconds
[runlim] time:			93.16 seconds
[runlim] space:			30075.0 MB
[runlim] samples:		932
