[runlim] version:		1.10
[runlim] time limit:		1800 seconds
[runlim] real time limit:	1800 seconds
[runlim] space limit:		30000 MB
[runlim] argv[0]:		/home/truongxuanhieu/AntiBandwidthReconstruct/build/abw_enc
[runlim] argv[1]:		/home/truongxuanhieu/AntiBandwidthReconstruct/build/Benchmarks/N-bcsstk07.mtx.rnd
[runlim] argv[2]:		--product
[runlim] argv[3]:		-symetry-break
[runlim] argv[4]:		h
[runlim] start:			Wed Sep 18 04:48:29 2024
[runlim] main pid:		43327
[runlim] log captured:
c LadderEncoder 1.0.
c Symetry breaking in the highest degree node.
c Solving strategy: from LB to UB.
c LB-w = 28 (LB in Sinnl - A note on computational approaches for the antibandwidth problem).
c UB-w = 72 (UB in Sinnl - A note on computational approaches for the antibandwidth problem).
c Antibandwidth problem with w = 28 ( N-bcsstk07.mtx.rnd ):
c Initializing CaDiCaL (version 1.2.1).
c	Configuring CaDiCaL as --sat (1).
c Initializing a 2-Product encoder with n = 420.
c Encoding starts with w = 28:
c	Encode symmetry breaking with option: h.
[runlim] sample:		10.0 time, 10.4 real, 5583.4 MB
[runlim] sample:		20.0 time, 20.4 real, 11037.9 MB
[runlim] sample:		30.0 time, 30.4 real, 15293.0 MB
[runlim] sample:		40.0 time, 40.4 real, 22003.0 MB
[runlim] sample:		50.0 time, 50.4 real, 26312.5 MB
c Signal interruption.
[runlim] sample:		60.0 time, 60.4 real, 0.0 MB
[runlim] end:			Wed Sep 18 04:49:30 2024
[runlim] status:		out of memory
[runlim] result:		3
[runlim] children:		0
[runlim] real:			61.01 seconds
[runlim] time:			60.59 seconds
[runlim] space:			30033.6 MB
[runlim] samples:		606
