[runlim] version:		1.10
[runlim] time limit:		1800 seconds
[runlim] real time limit:	1800 seconds
[runlim] space limit:		30000 MB
[runlim] argv[0]:		/home/hvanh28/AntiBandwidthReconstruct/build/abw_enc
[runlim] argv[1]:		/home/hvanh28/AntiBandwidthReconstruct/build/Benchmarks/P-can__445.mtx.rnd
[runlim] argv[2]:		--seq
[runlim] argv[3]:		-symetry-break
[runlim] argv[4]:		h
[runlim] start:			Tue Sep 17 18:06:53 2024
[runlim] main pid:		138671
[runlim] log captured:
c LadderEncoder 1.0.
c Symetry breaking in the highest degree node.
c Solving strategy: from LB to UB.
c LB-w = 78 (LB in Sinnl - A note on computational approaches for the antibandwidth problem).
c UB-w = 120 (UB in Sinnl - A note on computational approaches for the antibandwidth problem).
c Antibandwidth problem with w = 78 ( P-can__445.mtx.rnd ):
c Initializing CaDiCaL (version 1.2.1).
c	Configuring CaDiCaL as --sat (1).
c Initializing a Sequential encoder with n = 445.
c Encoding starts with w = 78:
c	Encode symmetry breaking with option: h.
[runlim] sample:		10.0 time, 10.4 real, 3976.4 MB
[runlim] sample:		20.0 time, 20.4 real, 7990.1 MB
[runlim] sample:		30.0 time, 30.4 real, 10673.1 MB
[runlim] sample:		40.0 time, 40.4 real, 15839.1 MB
[runlim] sample:		50.0 time, 50.4 real, 18624.2 MB
[runlim] sample:		60.0 time, 60.4 real, 21359.1 MB
[runlim] sample:		70.0 time, 70.4 real, 24038.5 MB
[runlim] sample:		80.0 time, 80.4 real, 28107.4 MB
c Signal interruption.
[runlim] end:			Tue Sep 17 18:08:16 2024
[runlim] status:		out of memory
[runlim] result:		3
[runlim] children:		0
[runlim] real:			83.49 seconds
[runlim] time:			83.08 seconds
[runlim] space:			30207.5 MB
[runlim] samples:		831
