[runlim] version:		1.10
[runlim] time limit:		1800 seconds
[runlim] real time limit:	1800 seconds
[runlim] space limit:		30000 MB
[runlim] argv[0]:		/home/truongxuanhieu/AntiBandwidthReconstruct/build/abw_enc
[runlim] argv[1]:		/home/truongxuanhieu/AntiBandwidthReconstruct/build/Benchmarks/Q-494_bus.mtx.rnd
[runlim] argv[2]:		--ladder
[runlim] argv[3]:		-symetry-break
[runlim] argv[4]:		h
[runlim] start:			Tue Sep 17 05:15:27 2024
[runlim] main pid:		6385
[runlim] log captured:
c LadderEncoder 1.0.
c Symetry breaking in the highest degree node.
c Solving strategy: from LB to UB.
c LB-w = 219 (LB in Sinnl - A note on computational approaches for the antibandwidth problem).
c UB-w = 246 (UB in Sinnl - A note on computational approaches for the antibandwidth problem).
c Antibandwidth problem with w = 219 ( Q-494_bus.mtx.rnd ):
c Initializing CaDiCaL (version 1.2.1).
c	Configuring CaDiCaL as --sat (1).
c Initializing a Ladder encoder with n = 494.
c Encoding starts with w = 219:
c	Encode symmetry breaking with option: h.
c	Labels and Vertices aux var: 42484
c	Labels and Vertices constraints:  552292
c	Obj k aux var: 349752
c	Obj k constraints: 2072076
c	Obj k glue staircase constraints: 643428
c	Encoding duration: 0s
c	Number of clauses: 2624615
c	Number of irredundant clauses: 2623150
c	Number of variables: 636272
c SAT Solving starts:
[runlim] sample:		10.0 time, 10.1 real, 644.6 MB
[runlim] sample:		20.0 time, 20.1 real, 537.2 MB
[runlim] sample:		30.0 time, 30.1 real, 537.3 MB
[runlim] sample:		40.0 time, 40.1 real, 540.5 MB
[runlim] sample:		50.0 time, 50.1 real, 539.8 MB
[runlim] sample:		60.0 time, 60.1 real, 546.0 MB
[runlim] sample:		70.0 time, 70.1 real, 552.9 MB
[runlim] sample:		80.0 time, 80.1 real, 547.4 MB
[runlim] sample:		90.0 time, 90.1 real, 546.7 MB
[runlim] sample:		100.0 time, 100.1 real, 557.0 MB
[runlim] sample:		110.0 time, 110.1 real, 538.7 MB
[runlim] sample:		120.0 time, 120.1 real, 555.0 MB
[runlim] sample:		130.0 time, 130.1 real, 545.7 MB
[runlim] sample:		140.0 time, 140.1 real, 561.9 MB
[runlim] sample:		150.0 time, 150.1 real, 573.8 MB
[runlim] sample:		160.0 time, 160.1 real, 560.2 MB
[runlim] sample:		170.0 time, 170.1 real, 569.0 MB
[runlim] sample:		180.0 time, 180.1 real, 568.6 MB
[runlim] sample:		190.0 time, 190.1 real, 537.8 MB
[runlim] sample:		200.0 time, 200.1 real, 556.8 MB
[runlim] sample:		210.0 time, 210.1 real, 563.1 MB
[runlim] sample:		220.0 time, 220.1 real, 608.8 MB
[runlim] sample:		230.0 time, 230.1 real, 586.8 MB
[runlim] sample:		240.0 time, 240.1 real, 618.9 MB
[runlim] sample:		250.0 time, 250.1 real, 645.2 MB
[runlim] sample:		260.0 time, 260.1 real, 626.7 MB
[runlim] sample:		270.0 time, 270.1 real, 595.6 MB
[runlim] sample:		280.0 time, 280.1 real, 610.1 MB
[runlim] sample:		290.0 time, 290.1 real, 625.5 MB
[runlim] sample:		300.0 time, 300.1 real, 611.5 MB
[runlim] sample:		310.0 time, 310.1 real, 614.1 MB
[runlim] sample:		320.0 time, 320.1 real, 623.0 MB
[runlim] sample:		330.0 time, 330.1 real, 634.7 MB
[runlim] sample:		340.0 time, 340.1 real, 635.4 MB
[runlim] sample:		350.0 time, 350.1 real, 635.4 MB
[runlim] sample:		360.0 time, 360.1 real, 634.4 MB
[runlim] sample:		370.0 time, 370.1 real, 656.4 MB
[runlim] sample:		380.0 time, 380.1 real, 656.4 MB
[runlim] sample:		390.0 time, 390.1 real, 637.3 MB
[runlim] sample:		400.0 time, 400.1 real, 682.3 MB
[runlim] sample:		410.0 time, 410.1 real, 684.3 MB
[runlim] sample:		420.0 time, 420.1 real, 670.1 MB
[runlim] sample:		430.0 time, 430.1 real, 670.1 MB
[runlim] sample:		440.0 time, 440.1 real, 644.2 MB
[runlim] sample:		450.0 time, 450.1 real, 661.1 MB
[runlim] sample:		460.0 time, 460.1 real, 700.8 MB
[runlim] sample:		470.0 time, 470.1 real, 664.9 MB
[runlim] sample:		480.0 time, 480.1 real, 664.9 MB
[runlim] sample:		490.0 time, 490.1 real, 686.7 MB
[runlim] sample:		500.0 time, 500.1 real, 686.7 MB
[runlim] sample:		510.0 time, 510.1 real, 812.7 MB
[runlim] sample:		520.0 time, 520.1 real, 812.7 MB
[runlim] sample:		530.0 time, 530.1 real, 714.0 MB
[runlim] sample:		540.0 time, 540.1 real, 684.4 MB
[runlim] sample:		550.0 time, 550.1 real, 639.3 MB
[runlim] sample:		560.0 time, 560.1 real, 671.0 MB
[runlim] sample:		570.0 time, 570.1 real, 678.0 MB
[runlim] sample:		580.0 time, 580.1 real, 693.0 MB
[runlim] sample:		590.0 time, 590.1 real, 737.6 MB
[runlim] sample:		600.0 time, 600.1 real, 856.4 MB
[runlim] sample:		610.0 time, 610.1 real, 692.2 MB
[runlim] sample:		619.9 time, 620.1 real, 732.0 MB
[runlim] sample:		630.0 time, 630.1 real, 732.0 MB
[runlim] sample:		640.0 time, 640.1 real, 732.0 MB
[runlim] sample:		649.9 time, 650.1 real, 719.4 MB
[runlim] sample:		659.9 time, 660.1 real, 727.4 MB
[runlim] sample:		669.9 time, 670.1 real, 727.4 MB
[runlim] sample:		679.9 time, 680.1 real, 812.4 MB
[runlim] sample:		689.9 time, 690.1 real, 812.4 MB
[runlim] sample:		699.9 time, 700.1 real, 773.2 MB
[runlim] sample:		709.9 time, 710.1 real, 752.4 MB
[runlim] sample:		719.9 time, 720.1 real, 752.4 MB
[runlim] sample:		729.9 time, 730.1 real, 758.4 MB
[runlim] sample:		739.9 time, 740.1 real, 710.6 MB
[runlim] sample:		749.9 time, 750.1 real, 710.6 MB
[runlim] sample:		759.9 time, 760.1 real, 710.6 MB
[runlim] sample:		769.9 time, 770.1 real, 719.1 MB
[runlim] sample:		779.9 time, 780.1 real, 793.3 MB
[runlim] sample:		789.9 time, 790.1 real, 1159.0 MB
[runlim] sample:		799.9 time, 800.1 real, 1159.0 MB
[runlim] sample:		809.9 time, 810.1 real, 918.8 MB
[runlim] sample:		819.9 time, 820.1 real, 734.7 MB
[runlim] sample:		829.9 time, 830.1 real, 738.5 MB
[runlim] sample:		839.9 time, 840.1 real, 704.0 MB
[runlim] sample:		849.9 time, 850.1 real, 628.6 MB
[runlim] sample:		859.9 time, 860.1 real, 653.5 MB
[runlim] sample:		869.9 time, 870.1 real, 669.5 MB
[runlim] sample:		879.9 time, 880.1 real, 682.9 MB
[runlim] sample:		889.9 time, 890.1 real, 682.9 MB
c	Solving duration: 896196 ms
c	Answer: 
s SAT (w = 219)
c	Solution check:
p calculated antibandwidth = 219.
c
c
c Antibandwidth problem with w = 220 ( Q-494_bus.mtx.rnd ):
c Initializing CaDiCaL (version 1.2.1).
c	Configuring CaDiCaL as --sat (1).
c Initializing a Ladder encoder with n = 494.
c Encoding starts with w = 220:
c	Encode symmetry breaking with option: h.
c	Labels and Vertices aux var: 42484
c	Labels and Vertices constraints:  552292
c	Obj k aux var: 350246
c	Obj k constraints: 2070720
c	Obj k glue staircase constraints: 641084
c	Encoding duration: 0s
c	Number of clauses: 2623259
c	Number of irredundant clauses: 2621792
c	Number of variables: 636766
c SAT Solving starts:
[runlim] sample:		899.9 time, 900.1 real, 727.7 MB
[runlim] sample:		909.9 time, 910.1 real, 625.7 MB
[runlim] sample:		919.9 time, 920.1 real, 625.8 MB
[runlim] sample:		929.9 time, 930.1 real, 633.8 MB
[runlim] sample:		939.9 time, 940.1 real, 632.0 MB
[runlim] sample:		949.9 time, 950.1 real, 632.2 MB
[runlim] sample:		959.9 time, 960.1 real, 633.9 MB
[runlim] sample:		969.9 time, 970.1 real, 643.6 MB
[runlim] sample:		979.9 time, 980.1 real, 639.1 MB
[runlim] sample:		989.9 time, 990.1 real, 649.5 MB
[runlim] sample:		999.9 time, 1000.1 real, 637.6 MB
[runlim] sample:		1009.9 time, 1010.1 real, 630.9 MB
[runlim] sample:		1019.9 time, 1020.1 real, 633.5 MB
[runlim] sample:		1029.9 time, 1030.1 real, 650.9 MB
[runlim] sample:		1039.9 time, 1040.1 real, 650.8 MB
[runlim] sample:		1049.9 time, 1050.1 real, 639.3 MB
[runlim] sample:		1059.9 time, 1060.1 real, 644.9 MB
[runlim] sample:		1069.9 time, 1070.1 real, 603.4 MB
[runlim] sample:		1079.9 time, 1080.1 real, 614.5 MB
[runlim] sample:		1089.9 time, 1090.1 real, 623.5 MB
[runlim] sample:		1099.9 time, 1100.1 real, 642.1 MB
[runlim] sample:		1109.9 time, 1110.1 real, 652.5 MB
[runlim] sample:		1119.9 time, 1120.1 real, 651.4 MB
[runlim] sample:		1129.9 time, 1130.1 real, 632.6 MB
[runlim] sample:		1139.9 time, 1140.1 real, 632.6 MB
[runlim] sample:		1149.9 time, 1150.1 real, 678.5 MB
[runlim] sample:		1159.9 time, 1160.1 real, 672.9 MB
[runlim] sample:		1169.9 time, 1170.1 real, 729.4 MB
[runlim] sample:		1179.9 time, 1180.1 real, 729.4 MB
[runlim] sample:		1189.9 time, 1190.1 real, 679.9 MB
[runlim] sample:		1199.9 time, 1200.1 real, 671.1 MB
[runlim] sample:		1209.9 time, 1210.1 real, 668.1 MB
[runlim] sample:		1219.9 time, 1220.1 real, 668.1 MB
[runlim] sample:		1229.9 time, 1230.1 real, 681.9 MB
[runlim] sample:		1239.9 time, 1240.1 real, 666.1 MB
[runlim] sample:		1249.9 time, 1250.1 real, 689.0 MB
[runlim] sample:		1259.9 time, 1260.1 real, 689.0 MB
[runlim] sample:		1269.9 time, 1270.1 real, 686.4 MB
[runlim] sample:		1279.9 time, 1280.1 real, 701.4 MB
[runlim] sample:		1289.9 time, 1290.1 real, 701.4 MB
[runlim] sample:		1299.9 time, 1300.1 real, 706.3 MB
[runlim] sample:		1309.9 time, 1310.1 real, 679.8 MB
[runlim] sample:		1319.9 time, 1320.1 real, 676.7 MB
[runlim] sample:		1329.9 time, 1330.1 real, 717.5 MB
[runlim] sample:		1339.9 time, 1340.1 real, 717.4 MB
[runlim] sample:		1349.9 time, 1350.1 real, 717.4 MB
[runlim] sample:		1359.9 time, 1360.1 real, 660.2 MB
[runlim] sample:		1369.9 time, 1370.1 real, 664.0 MB
[runlim] sample:		1379.9 time, 1380.1 real, 658.3 MB
[runlim] sample:		1389.9 time, 1390.1 real, 673.3 MB
[runlim] sample:		1399.9 time, 1400.1 real, 667.8 MB
[runlim] sample:		1409.9 time, 1410.1 real, 667.8 MB
[runlim] sample:		1419.9 time, 1420.1 real, 682.6 MB
[runlim] sample:		1429.9 time, 1430.1 real, 674.9 MB
[runlim] sample:		1439.9 time, 1440.1 real, 676.6 MB
[runlim] sample:		1449.9 time, 1450.1 real, 676.6 MB
[runlim] sample:		1459.9 time, 1460.1 real, 678.4 MB
[runlim] sample:		1469.9 time, 1470.1 real, 678.4 MB
[runlim] sample:		1479.9 time, 1480.1 real, 741.1 MB
[runlim] sample:		1489.9 time, 1490.1 real, 741.1 MB
[runlim] sample:		1499.9 time, 1500.1 real, 770.9 MB
[runlim] sample:		1509.9 time, 1510.1 real, 720.9 MB
[runlim] sample:		1519.9 time, 1520.1 real, 709.1 MB
[runlim] sample:		1529.9 time, 1530.1 real, 709.1 MB
[runlim] sample:		1539.8 time, 1540.1 real, 711.8 MB
[runlim] sample:		1549.8 time, 1550.1 real, 711.8 MB
[runlim] sample:		1559.9 time, 1560.1 real, 707.7 MB
[runlim] sample:		1569.9 time, 1570.1 real, 707.7 MB
[runlim] sample:		1579.8 time, 1580.1 real, 738.9 MB
[runlim] sample:		1589.8 time, 1590.1 real, 738.9 MB
[runlim] sample:		1599.8 time, 1600.1 real, 799.2 MB
[runlim] sample:		1609.8 time, 1610.1 real, 749.3 MB
[runlim] sample:		1619.8 time, 1620.1 real, 749.3 MB
[runlim] sample:		1629.9 time, 1630.1 real, 721.0 MB
[runlim] sample:		1639.9 time, 1640.1 real, 721.0 MB
[runlim] sample:		1649.8 time, 1650.1 real, 727.7 MB
[runlim] sample:		1659.8 time, 1660.1 real, 727.7 MB
[runlim] sample:		1669.8 time, 1670.1 real, 748.8 MB
[runlim] sample:		1679.8 time, 1680.1 real, 748.8 MB
[runlim] sample:		1689.8 time, 1690.1 real, 748.8 MB
[runlim] sample:		1699.8 time, 1700.1 real, 830.4 MB
[runlim] sample:		1709.8 time, 1710.1 real, 843.9 MB
[runlim] sample:		1719.8 time, 1720.1 real, 734.9 MB
[runlim] sample:		1729.8 time, 1730.1 real, 734.9 MB
[runlim] sample:		1739.8 time, 1740.1 real, 709.2 MB
[runlim] sample:		1749.8 time, 1750.1 real, 709.2 MB
[runlim] sample:		1759.8 time, 1760.1 real, 764.4 MB
[runlim] sample:		1769.8 time, 1770.1 real, 764.4 MB
[runlim] sample:		1779.8 time, 1780.1 real, 827.0 MB
[runlim] sample:		1789.8 time, 1790.1 real, 827.0 MB
[runlim] sample:		1799.8 time, 1800.1 real, 777.7 MB
c Signal interruption.
[runlim] end:			Tue Sep 17 05:45:27 2024
[runlim] status:		out of time
[runlim] result:		2
[runlim] children:		0
[runlim] real:			1800.12 seconds
[runlim] time:			1799.84 seconds
[runlim] space:			1301.0 MB
[runlim] samples:		18000
