[runlim] version:		1.10
[runlim] time limit:		1800 seconds
[runlim] real time limit:	1800 seconds
[runlim] space limit:		30000 MB
[runlim] argv[0]:		/home/truongxuanhieu/AntiBandwidthReconstruct/build/abw_enc
[runlim] argv[1]:		/home/truongxuanhieu/AntiBandwidthReconstruct/build/BenchmarkR/R-dwt__503.mtx.rnd
[runlim] argv[2]:		--duplex
[runlim] argv[3]:		-symetry-break
[runlim] argv[4]:		h
[runlim] start:			Wed Sep 25 05:52:16 2024
[runlim] main pid:		32164
[runlim] log captured:
c LadderEncoder 1.0.
c Symetry breaking in the highest degree node.
c Solving strategy: from LB to UB.
c LB-w = 46 (LB in Sinnl - A note on computational approaches for the antibandwidth problem).
c UB-w = 71 (UB in Sinnl - A note on computational approaches for the antibandwidth problem).
c Antibandwidth problem with w = 46 ( R-dwt__503.mtx.rnd ):
c Initializing CaDiCaL (version 1.2.1).
c	Configuring CaDiCaL as --sat (1).
c Initializing a Duplex encoder with n = 503.
c Encoding starts with w = 46:
c	Encode symmetry breaking with option: h.
c	Labels and Vertices aux var: 43258
c	Labels and Vertices constraints:  597564
c	Obj k aux var: 902382
c	Obj k constraints: 7925957
c	Obj k glue staircase constraints: 4979886
c	Encoding duration: 2s
c	Number of clauses: 8523772
c	Number of irredundant clauses: 8043754
c	Number of variables: 1198649
c SAT Solving starts:
[runlim] sample:		10.0 time, 10.0 real, 1415.5 MB
c	Solving duration: 13266 ms
c	Answer: 
s SAT (w = 46)
c	Solution check:
p calculated antibandwidth = 46.
c
c
c Antibandwidth problem with w = 47 ( R-dwt__503.mtx.rnd ):
c Initializing CaDiCaL (version 1.2.1).
c	Configuring CaDiCaL as --sat (1).
c Initializing a Duplex encoder with n = 503.
c Encoding starts with w = 47:
c	Encode symmetry breaking with option: h.
c	Labels and Vertices aux var: 43258
c	Labels and Vertices constraints:  597564
c	Obj k aux var: 911436
c	Obj k constraints: 7936035
c	Obj k glue staircase constraints: 4968838
c	Encoding duration: 2s
c	Number of clauses: 8533850
c	Number of irredundant clauses: 8055152
c	Number of variables: 1207703
c SAT Solving starts:
[runlim] sample:		20.0 time, 20.0 real, 1117.8 MB
c	Solving duration: 5962 ms
c	Answer: 
s SAT (w = 47)
c	Solution check:
p calculated antibandwidth = 47.
c
c
c Antibandwidth problem with w = 48 ( R-dwt__503.mtx.rnd ):
c Initializing CaDiCaL (version 1.2.1).
c	Configuring CaDiCaL as --sat (1).
c Initializing a Duplex encoder with n = 503.
c Encoding starts with w = 48:
c	Encode symmetry breaking with option: h.
c	Labels and Vertices aux var: 43258
c	Labels and Vertices constraints:  597564
c	Obj k aux var: 920490
c	Obj k constraints: 7946113
c	Obj k glue staircase constraints: 4957790
c	Encoding duration: 2s
c	Number of clauses: 8543928
c	Number of irredundant clauses: 8066550
c	Number of variables: 1216757
c SAT Solving starts:
[runlim] sample:		30.0 time, 30.0 real, 1323.5 MB
c	Solving duration: 6447 ms
c	Answer: 
s SAT (w = 48)
c	Solution check:
p calculated antibandwidth = 48.
c
c
c Antibandwidth problem with w = 49 ( R-dwt__503.mtx.rnd ):
c Initializing CaDiCaL (version 1.2.1).
c	Configuring CaDiCaL as --sat (1).
c Initializing a Duplex encoder with n = 503.
c Encoding starts with w = 49:
c	Encode symmetry breaking with option: h.
c	Labels and Vertices aux var: 43258
c	Labels and Vertices constraints:  597564
c	Obj k aux var: 929544
c	Obj k constraints: 7956191
c	Obj k glue staircase constraints: 4946742
c	Encoding duration: 2s
c	Number of clauses: 8554006
c	Number of irredundant clauses: 8077948
c	Number of variables: 1225811
c SAT Solving starts:
[runlim] sample:		40.0 time, 40.0 real, 1491.4 MB
[runlim] sample:		50.0 time, 50.0 real, 1346.6 MB
[runlim] sample:		60.0 time, 60.0 real, 1459.8 MB
[runlim] sample:		70.0 time, 70.0 real, 1371.9 MB
[runlim] sample:		80.0 time, 80.0 real, 1371.3 MB
[runlim] sample:		90.0 time, 90.0 real, 1370.7 MB
c	Solving duration: 57214 ms
c	Answer: 
s SAT (w = 49)
c	Solution check:
p calculated antibandwidth = 49.
c
c
c Antibandwidth problem with w = 50 ( R-dwt__503.mtx.rnd ):
c Initializing CaDiCaL (version 1.2.1).
c	Configuring CaDiCaL as --sat (1).
c Initializing a Duplex encoder with n = 503.
c Encoding starts with w = 50:
c	Encode symmetry breaking with option: h.
c	Labels and Vertices aux var: 43258
c	Labels and Vertices constraints:  597564
c	Obj k aux var: 938598
c	Obj k constraints: 7966269
c	Obj k glue staircase constraints: 4935694
c	Encoding duration: 2s
c	Number of clauses: 8564084
c	Number of irredundant clauses: 8089346
c	Number of variables: 1234865
c SAT Solving starts:
[runlim] sample:		100.0 time, 100.0 real, 1314.6 MB
c	Solving duration: 6127 ms
c	Answer: 
s SAT (w = 50)
c	Solution check:
p calculated antibandwidth = 50.
c
c
c Antibandwidth problem with w = 51 ( R-dwt__503.mtx.rnd ):
c Initializing CaDiCaL (version 1.2.1).
c	Configuring CaDiCaL as --sat (1).
c Initializing a Duplex encoder with n = 503.
c Encoding starts with w = 51:
c	Encode symmetry breaking with option: h.
c	Labels and Vertices aux var: 43258
c	Labels and Vertices constraints:  592534
c	Obj k aux var: 898358
c	Obj k constraints: 7861398
c	Obj k glue staircase constraints: 4932932
c	Encoding duration: 2s
c	Number of clauses: 8454183
c	Number of irredundant clauses: 7977870
c	Number of variables: 1194625
c SAT Solving starts:
[runlim] sample:		110.0 time, 110.0 real, 1369.9 MB
c	Solving duration: 12594 ms
c	Answer: 
s SAT (w = 51)
c	Solution check:
p calculated antibandwidth = 51.
c
c
c Antibandwidth problem with w = 52 ( R-dwt__503.mtx.rnd ):
c Initializing CaDiCaL (version 1.2.1).
c	Configuring CaDiCaL as --sat (1).
c Initializing a Duplex encoder with n = 503.
c Encoding starts with w = 52:
c	Encode symmetry breaking with option: h.
[runlim] sample:		120.0 time, 120.0 real, 1114.3 MB
c	Labels and Vertices aux var: 43258
c	Labels and Vertices constraints:  592534
c	Obj k aux var: 906406
c	Obj k constraints: 7868961
c	Obj k glue staircase constraints: 4921884
c	Encoding duration: 2s
c	Number of clauses: 8461746
c	Number of irredundant clauses: 7986706
c	Number of variables: 1202673
c SAT Solving starts:
[runlim] sample:		130.0 time, 130.0 real, 1339.2 MB
c	Solving duration: 13122 ms
c	Answer: 
s SAT (w = 52)
c	Solution check:
p calculated antibandwidth = 52.
c
c
c Antibandwidth problem with w = 53 ( R-dwt__503.mtx.rnd ):
c Initializing CaDiCaL (version 1.2.1).
c	Configuring CaDiCaL as --sat (1).
c Initializing a Duplex encoder with n = 503.
c Encoding starts with w = 53:
c	Encode symmetry breaking with option: h.
c	Labels and Vertices aux var: 43258
c	Labels and Vertices constraints:  592534
c	Obj k aux var: 914454
c	Obj k constraints: 7876524
c	Obj k glue staircase constraints: 4910836
c	Encoding duration: 2s
c	Number of clauses: 8469309
c	Number of irredundant clauses: 7995542
c	Number of variables: 1210721
c SAT Solving starts:
[runlim] sample:		140.0 time, 140.0 real, 1317.1 MB
c	Solving duration: 13323 ms
c	Answer: 
s SAT (w = 53)
c	Solution check:
p calculated antibandwidth = 53.
[runlim] sample:		150.0 time, 150.0 real, 1112.4 MB
c
c
c Antibandwidth problem with w = 54 ( R-dwt__503.mtx.rnd ):
c Initializing CaDiCaL (version 1.2.1).
c	Configuring CaDiCaL as --sat (1).
c Initializing a Duplex encoder with n = 503.
c Encoding starts with w = 54:
c	Encode symmetry breaking with option: h.
c	Labels and Vertices aux var: 43258
c	Labels and Vertices constraints:  592534
c	Obj k aux var: 922502
c	Obj k constraints: 7884087
c	Obj k glue staircase constraints: 4899788
c	Encoding duration: 2s
c	Number of clauses: 8476872
c	Number of irredundant clauses: 8004378
c	Number of variables: 1218769
c SAT Solving starts:
[runlim] sample:		160.0 time, 160.0 real, 1443.9 MB
c	Solving duration: 13610 ms
c	Answer: 
s SAT (w = 54)
c	Solution check:
p calculated antibandwidth = 54.
c
c
c Antibandwidth problem with w = 55 ( R-dwt__503.mtx.rnd ):
c Initializing CaDiCaL (version 1.2.1).
c	Configuring CaDiCaL as --sat (1).
c Initializing a Duplex encoder with n = 503.
c Encoding starts with w = 55:
c	Encode symmetry breaking with option: h.
c	Labels and Vertices aux var: 43258
c	Labels and Vertices constraints:  592534
c	Obj k aux var: 930550
c	Obj k constraints: 7891650
c	Obj k glue staircase constraints: 4888740
c	Encoding duration: 2s
c	Number of clauses: 8484435
c	Number of irredundant clauses: 8013214
c	Number of variables: 1226817
c SAT Solving starts:
[runlim] sample:		170.0 time, 170.0 real, 1111.4 MB
[runlim] sample:		180.0 time, 180.0 real, 1296.0 MB
[runlim] sample:		190.0 time, 190.0 real, 1310.0 MB
[runlim] sample:		200.0 time, 200.0 real, 1306.9 MB
[runlim] sample:		210.0 time, 210.0 real, 1317.1 MB
[runlim] sample:		220.0 time, 220.0 real, 1319.8 MB
[runlim] sample:		230.0 time, 230.0 real, 1322.2 MB
c	Solving duration: 66993 ms
c	Answer: 
s SAT (w = 55)
c	Solution check:
p calculated antibandwidth = 55.
c
c
c Antibandwidth problem with w = 56 ( R-dwt__503.mtx.rnd ):
c Initializing CaDiCaL (version 1.2.1).
c	Configuring CaDiCaL as --sat (1).
c Initializing a Duplex encoder with n = 503.
c Encoding starts with w = 56:
c	Encode symmetry breaking with option: h.
c	Labels and Vertices aux var: 43258
c	Labels and Vertices constraints:  588007
c	Obj k aux var: 884274
c	Obj k constraints: 7771186
c	Obj k glue staircase constraints: 4885978
c	Encoding duration: 2s
c	Number of clauses: 8359444
c	Number of irredundant clauses: 7889650
c	Number of variables: 1180541
c SAT Solving starts:
[runlim] sample:		240.0 time, 240.0 real, 1136.8 MB
[runlim] sample:		250.0 time, 250.0 real, 1331.0 MB
[runlim] sample:		260.0 time, 260.0 real, 1295.4 MB
[runlim] sample:		270.0 time, 270.0 real, 1341.5 MB
[runlim] sample:		280.0 time, 280.0 real, 1349.9 MB
[runlim] sample:		290.0 time, 290.0 real, 1356.2 MB
c	Solving duration: 53892 ms
c	Answer: 
s SAT (w = 56)
c	Solution check:
p calculated antibandwidth = 56.
c
c
c Antibandwidth problem with w = 57 ( R-dwt__503.mtx.rnd ):
c Initializing CaDiCaL (version 1.2.1).
c	Configuring CaDiCaL as --sat (1).
c Initializing a Duplex encoder with n = 503.
c Encoding starts with w = 57:
c	Encode symmetry breaking with option: h.
c	Labels and Vertices aux var: 43258
c	Labels and Vertices constraints:  588007
c	Obj k aux var: 891316
c	Obj k constraints: 7776737
c	Obj k glue staircase constraints: 4874930
c	Encoding duration: 2s
c	Number of clauses: 8364995
c	Number of irredundant clauses: 7895975
c	Number of variables: 1187583
c SAT Solving starts:
[runlim] sample:		300.0 time, 300.0 real, 1322.3 MB
[runlim] sample:		310.0 time, 310.0 real, 1262.1 MB
[runlim] sample:		320.0 time, 320.0 real, 1296.7 MB
[runlim] sample:		330.0 time, 330.0 real, 1299.4 MB
c	Solving duration: 41150 ms
c	Answer: 
s SAT (w = 57)
c	Solution check:
p calculated antibandwidth = 57.
c
c
c Antibandwidth problem with w = 58 ( R-dwt__503.mtx.rnd ):
c Initializing CaDiCaL (version 1.2.1).
c	Configuring CaDiCaL as --sat (1).
c Initializing a Duplex encoder with n = 503.
c Encoding starts with w = 58:
c	Encode symmetry breaking with option: h.
c	Labels and Vertices aux var: 43258
c	Labels and Vertices constraints:  588007
c	Obj k aux var: 898358
c	Obj k constraints: 7781785
c	Obj k glue staircase constraints: 4863882
c	Encoding duration: 2s
c	Number of clauses: 8370043
c	Number of irredundant clauses: 7902300
c	Number of variables: 1194625
c SAT Solving starts:
[runlim] sample:		340.0 time, 340.0 real, 1125.3 MB
[runlim] sample:		350.0 time, 350.0 real, 1342.8 MB
[runlim] sample:		360.0 time, 360.0 real, 1342.8 MB
[runlim] sample:		370.0 time, 370.0 real, 1340.3 MB
[runlim] sample:		379.9 time, 380.0 real, 1332.0 MB
[runlim] sample:		389.9 time, 390.0 real, 1328.9 MB
[runlim] sample:		399.9 time, 400.0 real, 1341.5 MB
c	Solving duration: 68204 ms
c	Answer: 
s SAT (w = 58)
c	Solution check:
p calculated antibandwidth = 58.
c
c
c Antibandwidth problem with w = 59 ( R-dwt__503.mtx.rnd ):
c Initializing CaDiCaL (version 1.2.1).
c	Configuring CaDiCaL as --sat (1).
c Initializing a Duplex encoder with n = 503.
c Encoding starts with w = 59:
c	Encode symmetry breaking with option: h.
c	Labels and Vertices aux var: 43258
c	Labels and Vertices constraints:  588007
c	Obj k aux var: 905400
c	Obj k constraints: 7786833
c	Obj k glue staircase constraints: 4852834
c	Encoding duration: 2s
c	Number of clauses: 8375091
c	Number of irredundant clauses: 7908625
c	Number of variables: 1201667
c SAT Solving starts:
[runlim] sample:		409.9 time, 410.0 real, 1116.7 MB
[runlim] sample:		419.9 time, 420.0 real, 1294.2 MB
[runlim] sample:		429.9 time, 430.0 real, 1296.2 MB
[runlim] sample:		439.9 time, 440.0 real, 1258.8 MB
[runlim] sample:		449.9 time, 450.0 real, 1292.9 MB
c	Solving duration: 42502 ms
c	Answer: 
s SAT (w = 59)
c	Solution check:
p calculated antibandwidth = 59.
c
c
c Antibandwidth problem with w = 60 ( R-dwt__503.mtx.rnd ):
c Initializing CaDiCaL (version 1.2.1).
c	Configuring CaDiCaL as --sat (1).
c Initializing a Duplex encoder with n = 503.
c Encoding starts with w = 60:
c	Encode symmetry breaking with option: h.
c	Labels and Vertices aux var: 43258
c	Labels and Vertices constraints:  588007
c	Obj k aux var: 912442
c	Obj k constraints: 7791881
c	Obj k glue staircase constraints: 4841786
c	Encoding duration: 2s
c	Number of clauses: 8380139
c	Number of irredundant clauses: 7914950
c	Number of variables: 1208709
c SAT Solving starts:
[runlim] sample:		459.9 time, 460.0 real, 1275.1 MB
[runlim] sample:		469.9 time, 470.0 real, 1327.6 MB
[runlim] sample:		479.9 time, 480.0 real, 1326.9 MB
[runlim] sample:		489.9 time, 490.0 real, 1324.5 MB
[runlim] sample:		499.9 time, 500.0 real, 1337.1 MB
[runlim] sample:		509.9 time, 510.0 real, 1337.4 MB
[runlim] sample:		519.9 time, 520.0 real, 1289.8 MB
[runlim] sample:		529.9 time, 530.0 real, 1291.5 MB
[runlim] sample:		539.9 time, 540.0 real, 1320.7 MB
[runlim] sample:		549.9 time, 550.0 real, 1499.4 MB
[runlim] sample:		559.9 time, 560.0 real, 1337.3 MB
[runlim] sample:		569.9 time, 570.0 real, 1338.1 MB
[runlim] sample:		579.9 time, 580.0 real, 1345.1 MB
c	Solving duration: 126954 ms
c	Answer: 
s SAT (w = 60)
c	Solution check:
p calculated antibandwidth = 60.
c
c
c Antibandwidth problem with w = 61 ( R-dwt__503.mtx.rnd ):
c Initializing CaDiCaL (version 1.2.1).
c	Configuring CaDiCaL as --sat (1).
c Initializing a Duplex encoder with n = 503.
c Encoding starts with w = 61:
c	Encode symmetry breaking with option: h.
c	Labels and Vertices aux var: 43258
c	Labels and Vertices constraints:  588007
c	Obj k aux var: 919484
c	Obj k constraints: 7796929
c	Obj k glue staircase constraints: 4830738
c	Encoding duration: 2s
c	Number of clauses: 8385187
c	Number of irredundant clauses: 7921275
c	Number of variables: 1215751
c SAT Solving starts:
[runlim] sample:		589.9 time, 590.0 real, 1261.6 MB
[runlim] sample:		599.9 time, 600.0 real, 1307.3 MB
[runlim] sample:		609.9 time, 610.0 real, 1303.0 MB
[runlim] sample:		619.9 time, 620.0 real, 1304.9 MB
[runlim] sample:		629.9 time, 630.0 real, 1305.4 MB
[runlim] sample:		639.9 time, 640.0 real, 1300.1 MB
[runlim] sample:		649.9 time, 650.0 real, 1302.3 MB
[runlim] sample:		659.9 time, 660.0 real, 1303.3 MB
[runlim] sample:		669.9 time, 670.0 real, 1279.4 MB
[runlim] sample:		679.9 time, 680.0 real, 1315.5 MB
[runlim] sample:		689.9 time, 690.0 real, 1300.7 MB
[runlim] sample:		699.9 time, 700.0 real, 1290.7 MB
[runlim] sample:		709.9 time, 710.0 real, 1294.3 MB
[runlim] sample:		719.9 time, 720.0 real, 1297.5 MB
[runlim] sample:		729.9 time, 730.0 real, 1297.5 MB
c	Solving duration: 152655 ms
c	Answer: 
s SAT (w = 61)
c	Solution check:
p calculated antibandwidth = 61.
c
c
c Antibandwidth problem with w = 62 ( R-dwt__503.mtx.rnd ):
c Initializing CaDiCaL (version 1.2.1).
c	Configuring CaDiCaL as --sat (1).
c Initializing a Duplex encoder with n = 503.
c Encoding starts with w = 62:
c	Encode symmetry breaking with option: h.
c	Labels and Vertices aux var: 43258
c	Labels and Vertices constraints:  588007
c	Obj k aux var: 926526
c	Obj k constraints: 7801977
c	Obj k glue staircase constraints: 4819690
c	Encoding duration: 2s
c	Number of clauses: 8390235
c	Number of irredundant clauses: 7927600
c	Number of variables: 1222793
c SAT Solving starts:
[runlim] sample:		739.9 time, 740.0 real, 1098.4 MB
[runlim] sample:		749.9 time, 750.0 real, 1324.2 MB
[runlim] sample:		759.9 time, 760.0 real, 1326.2 MB
[runlim] sample:		769.9 time, 770.0 real, 1322.4 MB
[runlim] sample:		779.9 time, 780.0 real, 1345.3 MB
[runlim] sample:		789.9 time, 790.0 real, 1346.9 MB
[runlim] sample:		799.9 time, 800.0 real, 1335.0 MB
[runlim] sample:		809.9 time, 810.0 real, 1336.9 MB
[runlim] sample:		819.9 time, 820.0 real, 1337.2 MB
[runlim] sample:		829.9 time, 830.0 real, 1337.3 MB
[runlim] sample:		839.9 time, 840.0 real, 1338.5 MB
[runlim] sample:		849.9 time, 850.0 real, 1350.3 MB
[runlim] sample:		859.9 time, 860.0 real, 1352.1 MB
[runlim] sample:		869.9 time, 870.0 real, 1351.7 MB
[runlim] sample:		879.9 time, 880.0 real, 1351.7 MB
[runlim] sample:		889.9 time, 890.0 real, 1354.9 MB
[runlim] sample:		899.9 time, 900.0 real, 1356.8 MB
[runlim] sample:		909.9 time, 910.0 real, 1338.7 MB
[runlim] sample:		919.9 time, 920.0 real, 1394.8 MB
[runlim] sample:		929.9 time, 930.0 real, 1341.6 MB
[runlim] sample:		939.9 time, 940.0 real, 1341.1 MB
[runlim] sample:		949.9 time, 950.0 real, 1334.0 MB
[runlim] sample:		959.9 time, 960.0 real, 1334.1 MB
[runlim] sample:		969.9 time, 970.0 real, 1334.1 MB
c	Solving duration: 231044 ms
c	Answer: 
s SAT (w = 62)
c	Solution check:
p calculated antibandwidth = 62.
c
c
c Antibandwidth problem with w = 63 ( R-dwt__503.mtx.rnd ):
c Initializing CaDiCaL (version 1.2.1).
c	Configuring CaDiCaL as --sat (1).
c Initializing a Duplex encoder with n = 503.
c Encoding starts with w = 63:
c	Encode symmetry breaking with option: h.
c	Labels and Vertices aux var: 43258
c	Labels and Vertices constraints:  583983
c	Obj k aux var: 872202
c	Obj k constraints: 7661393
c	Obj k glue staircase constraints: 4816928
c	Encoding duration: 2s
c	Number of clauses: 8245627
c	Number of irredundant clauses: 7781310
c	Number of variables: 1168469
c SAT Solving starts:
[runlim] sample:		979.9 time, 980.0 real, 1286.3 MB
[runlim] sample:		989.9 time, 990.0 real, 1313.6 MB
[runlim] sample:		999.9 time, 1000.0 real, 1309.1 MB
[runlim] sample:		1009.9 time, 1010.0 real, 1502.9 MB
[runlim] sample:		1019.9 time, 1020.0 real, 1331.4 MB
[runlim] sample:		1029.9 time, 1030.0 real, 1353.2 MB
[runlim] sample:		1039.9 time, 1040.0 real, 1309.2 MB
[runlim] sample:		1049.9 time, 1050.0 real, 1482.6 MB
[runlim] sample:		1059.9 time, 1060.0 real, 1330.2 MB
[runlim] sample:		1069.9 time, 1070.0 real, 1327.5 MB
[runlim] sample:		1079.9 time, 1080.0 real, 1328.2 MB
[runlim] sample:		1089.9 time, 1090.0 real, 1330.7 MB
[runlim] sample:		1099.9 time, 1100.0 real, 1329.4 MB
[runlim] sample:		1109.9 time, 1110.0 real, 1504.3 MB
[runlim] sample:		1119.9 time, 1120.0 real, 1334.6 MB
[runlim] sample:		1129.8 time, 1130.0 real, 1511.5 MB
[runlim] sample:		1139.9 time, 1140.0 real, 1334.6 MB
[runlim] sample:		1149.9 time, 1150.0 real, 1335.2 MB
[runlim] sample:		1159.9 time, 1160.0 real, 1336.2 MB
[runlim] sample:		1169.9 time, 1170.0 real, 1513.6 MB
[runlim] sample:		1179.9 time, 1180.0 real, 1336.1 MB
[runlim] sample:		1189.9 time, 1190.0 real, 1339.0 MB
[runlim] sample:		1199.8 time, 1200.0 real, 1516.3 MB
[runlim] sample:		1209.9 time, 1210.0 real, 1340.2 MB
[runlim] sample:		1219.9 time, 1220.0 real, 1293.0 MB
[runlim] sample:		1229.9 time, 1230.0 real, 1338.8 MB
[runlim] sample:		1239.8 time, 1240.0 real, 1339.1 MB
[runlim] sample:		1249.9 time, 1250.0 real, 1336.3 MB
[runlim] sample:		1259.9 time, 1260.0 real, 1344.3 MB
[runlim] sample:		1269.8 time, 1270.0 real, 1346.3 MB
[runlim] sample:		1279.8 time, 1280.0 real, 1300.5 MB
[runlim] sample:		1289.8 time, 1290.0 real, 1295.2 MB
[runlim] sample:		1299.8 time, 1300.0 real, 1297.9 MB
[runlim] sample:		1309.8 time, 1310.0 real, 1313.8 MB
c	Solving duration: 341840 ms
c	Answer: 
s SAT (w = 63)
c	Solution check:
p calculated antibandwidth = 63.
c
c
c Antibandwidth problem with w = 64 ( R-dwt__503.mtx.rnd ):
c Initializing CaDiCaL (version 1.2.1).
c	Configuring CaDiCaL as --sat (1).
c Initializing a Duplex encoder with n = 503.
c Encoding starts with w = 64:
c	Encode symmetry breaking with option: h.
c	Labels and Vertices aux var: 43258
c	Labels and Vertices constraints:  583983
c	Obj k aux var: 878238
c	Obj k constraints: 7664429
c	Obj k glue staircase constraints: 4805880
c	Encoding duration: 1s
c	Number of clauses: 8248663
c	Number of irredundant clauses: 7785075
c	Number of variables: 1174505
c SAT Solving starts:
[runlim] sample:		1319.9 time, 1320.0 real, 1352.0 MB
[runlim] sample:		1329.8 time, 1330.0 real, 1537.7 MB
[runlim] sample:		1339.8 time, 1340.0 real, 1353.6 MB
[runlim] sample:		1349.8 time, 1350.0 real, 1327.7 MB
[runlim] sample:		1359.8 time, 1360.0 real, 1361.4 MB
[runlim] sample:		1369.8 time, 1370.0 real, 1362.9 MB
[runlim] sample:		1379.8 time, 1380.0 real, 1362.4 MB
[runlim] sample:		1389.8 time, 1390.0 real, 1329.4 MB
[runlim] sample:		1399.8 time, 1400.0 real, 1330.1 MB
[runlim] sample:		1409.8 time, 1410.0 real, 1387.0 MB
[runlim] sample:		1419.8 time, 1420.0 real, 1386.5 MB
[runlim] sample:		1429.8 time, 1430.0 real, 1354.0 MB
[runlim] sample:		1439.8 time, 1440.0 real, 1388.3 MB
[runlim] sample:		1449.8 time, 1450.0 real, 1355.3 MB
[runlim] sample:		1459.8 time, 1460.0 real, 1357.3 MB
[runlim] sample:		1469.8 time, 1470.0 real, 1355.4 MB
[runlim] sample:		1479.8 time, 1480.0 real, 1308.6 MB
[runlim] sample:		1489.8 time, 1490.0 real, 1363.5 MB
[runlim] sample:		1499.8 time, 1500.0 real, 1362.1 MB
[runlim] sample:		1509.8 time, 1510.0 real, 1390.7 MB
[runlim] sample:		1519.8 time, 1520.0 real, 1356.7 MB
[runlim] sample:		1529.8 time, 1530.0 real, 1389.4 MB
[runlim] sample:		1539.8 time, 1540.0 real, 1361.2 MB
[runlim] sample:		1549.8 time, 1550.0 real, 1361.2 MB
[runlim] sample:		1559.8 time, 1560.0 real, 1383.4 MB
[runlim] sample:		1569.8 time, 1570.0 real, 1317.3 MB
[runlim] sample:		1579.8 time, 1580.0 real, 1317.3 MB
[runlim] sample:		1589.8 time, 1590.0 real, 1311.6 MB
[runlim] sample:		1599.8 time, 1600.0 real, 1347.5 MB
[runlim] sample:		1609.8 time, 1610.0 real, 1346.9 MB
[runlim] sample:		1619.8 time, 1620.0 real, 1526.4 MB
[runlim] sample:		1629.8 time, 1630.0 real, 1531.2 MB
[runlim] sample:		1639.8 time, 1640.0 real, 1365.0 MB
[runlim] sample:		1649.8 time, 1650.0 real, 1363.7 MB
[runlim] sample:		1659.8 time, 1660.0 real, 1367.5 MB
[runlim] sample:		1669.8 time, 1670.0 real, 1395.2 MB
[runlim] sample:		1679.8 time, 1680.0 real, 1564.2 MB
[runlim] sample:		1689.8 time, 1690.0 real, 1634.6 MB
[runlim] sample:		1699.8 time, 1700.0 real, 1436.1 MB
[runlim] sample:		1709.8 time, 1710.0 real, 1402.6 MB
[runlim] sample:		1719.8 time, 1720.0 real, 1432.0 MB
[runlim] sample:		1729.8 time, 1730.0 real, 1430.2 MB
[runlim] sample:		1739.8 time, 1740.0 real, 1434.9 MB
[runlim] sample:		1749.8 time, 1750.0 real, 1420.1 MB
[runlim] sample:		1759.8 time, 1760.0 real, 1417.4 MB
[runlim] sample:		1769.8 time, 1770.0 real, 1449.2 MB
[runlim] sample:		1779.8 time, 1780.0 real, 1409.7 MB
[runlim] sample:		1789.8 time, 1790.0 real, 1413.7 MB
[runlim] sample:		1799.8 time, 1800.0 real, 1425.4 MB
c Signal interruption.
[runlim] end:			Wed Sep 25 06:22:16 2024
[runlim] status:		out of time
[runlim] result:		2
[runlim] children:		0
[runlim] real:			1800.06 seconds
[runlim] time:			1799.84 seconds
[runlim] space:			1695.4 MB
[runlim] samples:		18000
