[runlim] version:		1.10
[runlim] time limit:		1800 seconds
[runlim] real time limit:	1800 seconds
[runlim] space limit:		30000 MB
[runlim] argv[0]:		/home/hvanh28/AntiBandwidthReconstruct/build/abw_enc
[runlim] argv[1]:		/home/hvanh28/AntiBandwidthReconstruct/build/Benchmarks/R-dwt__503.mtx.rnd
[runlim] argv[2]:		--reduced
[runlim] argv[3]:		-symetry-break
[runlim] argv[4]:		h
[runlim] start:			Tue Sep 17 09:44:01 2024
[runlim] main pid:		130980
[runlim] log captured:
c LadderEncoder 1.0.
c Symetry breaking in the highest degree node.
c Solving strategy: from LB to UB.
c LB-w = 46 (LB in Sinnl - A note on computational approaches for the antibandwidth problem).
c UB-w = 71 (UB in Sinnl - A note on computational approaches for the antibandwidth problem).
c Antibandwidth problem with w = 46 ( R-dwt__503.mtx.rnd ):
c Initializing CaDiCaL (version 1.2.1).
c	Configuring CaDiCaL as --sat (1).
c Initializing a Naive-Reduced encoder with n = 503.
c Encoding starts with w = 46:
c	Encode symmetry breaking with option: h.
[runlim] sample:		10.0 time, 10.0 real, 3028.4 MB
[runlim] sample:		20.0 time, 20.0 real, 5801.9 MB
[runlim] sample:		30.0 time, 30.0 real, 8403.5 MB
[runlim] sample:		40.0 time, 40.0 real, 11640.1 MB
[runlim] sample:		50.0 time, 50.0 real, 14409.4 MB
[runlim] sample:		60.0 time, 60.0 real, 17467.5 MB
c	Encoding duration: 63s
c	Number of clauses: 246330175
c	Number of irredundant clauses: 245591975
c	Number of variables: 253009
c SAT Solving starts:
[runlim] sample:		70.0 time, 70.0 real, 18643.8 MB
[runlim] sample:		80.0 time, 80.0 real, 19188.8 MB
[runlim] sample:		90.0 time, 90.0 real, 19541.9 MB
[runlim] sample:		100.0 time, 100.0 real, 21453.9 MB
[runlim] sample:		110.0 time, 110.0 real, 23305.9 MB
[runlim] sample:		120.0 time, 120.0 real, 24834.7 MB
[runlim] sample:		130.0 time, 130.0 real, 24834.7 MB
[runlim] sample:		140.0 time, 140.0 real, 24835.5 MB
[runlim] sample:		150.0 time, 150.0 real, 26709.3 MB
[runlim] sample:		160.0 time, 160.0 real, 26709.3 MB
[runlim] sample:		170.0 time, 170.0 real, 24835.6 MB
[runlim] sample:		180.0 time, 180.0 real, 24819.4 MB
[runlim] sample:		190.0 time, 190.0 real, 24819.9 MB
[runlim] sample:		200.0 time, 200.0 real, 24889.2 MB
[runlim] sample:		210.0 time, 210.0 real, 24929.2 MB
[runlim] sample:		220.0 time, 220.0 real, 24948.3 MB
[runlim] sample:		230.0 time, 230.0 real, 25112.0 MB
[runlim] sample:		240.0 time, 240.0 real, 25212.8 MB
[runlim] sample:		250.0 time, 250.0 real, 25212.8 MB
[runlim] sample:		260.0 time, 260.0 real, 25218.2 MB
[runlim] sample:		270.0 time, 270.0 real, 25248.6 MB
[runlim] sample:		279.9 time, 280.0 real, 25248.6 MB
[runlim] sample:		290.0 time, 290.0 real, 25248.6 MB
[runlim] sample:		299.9 time, 300.0 real, 25248.6 MB
[runlim] sample:		309.9 time, 310.0 real, 25248.6 MB
[runlim] sample:		319.9 time, 320.0 real, 25248.6 MB
[runlim] sample:		329.9 time, 330.0 real, 26902.2 MB
c Signal interruption.
[runlim] end:			Tue Sep 17 09:49:35 2024
[runlim] status:		out of memory
[runlim] result:		3
[runlim] children:		0
[runlim] real:			334.93 seconds
[runlim] time:			334.85 seconds
[runlim] space:			30008.2 MB
[runlim] samples:		3349
