[runlim] version:		1.10
[runlim] time limit:		1800 seconds
[runlim] real time limit:	1800 seconds
[runlim] space limit:		30000 MB
[runlim] argv[0]:		/home/hvanh28/AntiBandwidthReconstruct/build/abw_enc
[runlim] argv[1]:		/home/hvanh28/AntiBandwidthReconstruct/build/Benchmarks/R-dwt__503.mtx.rnd
[runlim] argv[2]:		--seq
[runlim] argv[3]:		-symetry-break
[runlim] argv[4]:		h
[runlim] start:			Tue Sep 17 18:04:05 2024
[runlim] main pid:		138555
[runlim] log captured:
c LadderEncoder 1.0.
c Symetry breaking in the highest degree node.
c Solving strategy: from LB to UB.
c LB-w = 46 (LB in Sinnl - A note on computational approaches for the antibandwidth problem).
c UB-w = 71 (UB in Sinnl - A note on computational approaches for the antibandwidth problem).
c Antibandwidth problem with w = 46 ( R-dwt__503.mtx.rnd ):
c Initializing CaDiCaL (version 1.2.1).
c	Configuring CaDiCaL as --sat (1).
c Initializing a Sequential encoder with n = 503.
c Encoding starts with w = 46:
c	Encode symmetry breaking with option: h.
[runlim] sample:		10.0 time, 10.2 real, 3731.6 MB
[runlim] sample:		20.0 time, 20.2 real, 7445.3 MB
[runlim] sample:		30.0 time, 30.2 real, 10144.3 MB
[runlim] sample:		40.0 time, 40.2 real, 14890.0 MB
[runlim] sample:		50.0 time, 50.2 real, 17678.2 MB
[runlim] sample:		60.0 time, 60.2 real, 20368.2 MB
[runlim] sample:		70.0 time, 70.2 real, 26893.3 MB
[runlim] sample:		80.0 time, 80.2 real, 29740.0 MB
c Signal interruption.
[runlim] end:			Tue Sep 17 18:05:27 2024
[runlim] status:		out of memory
[runlim] result:		3
[runlim] children:		0
[runlim] real:			82.56 seconds
[runlim] time:			82.28 seconds
[runlim] space:			30012.0 MB
[runlim] samples:		823
