[runlim] version:		1.10
[runlim] time limit:		1800 seconds
[runlim] real time limit:	1800 seconds
[runlim] space limit:		30000 MB
[runlim] argv[0]:		/home/truongxuanhieu/AntiBandwidthReconstruct/build/abw_enc
[runlim] argv[1]:		/home/truongxuanhieu/AntiBandwidthReconstruct/build/Benchmarks/S-sherman4.mtx.rnd
[runlim] argv[2]:		--product
[runlim] argv[3]:		-symetry-break
[runlim] argv[4]:		h
[runlim] start:			Wed Sep 18 04:45:01 2024
[runlim] main pid:		43039
[runlim] log captured:
c LadderEncoder 1.0.
c Symetry breaking in the highest degree node.
c Solving strategy: from LB to UB.
c LB-w = 256 (LB in Sinnl - A note on computational approaches for the antibandwidth problem).
c UB-w = 272 (UB in Sinnl - A note on computational approaches for the antibandwidth problem).
c Antibandwidth problem with w = 256 ( S-sherman4.mtx.rnd ):
c Initializing CaDiCaL (version 1.2.1).
c	Configuring CaDiCaL as --sat (1).
c Initializing a 2-Product encoder with n = 546.
c Encoding starts with w = 256:
c	Encode symmetry breaking with option: h.
[runlim] sample:		10.0 time, 10.9 real, 5340.0 MB
[runlim] sample:		20.0 time, 20.9 real, 10822.0 MB
[runlim] sample:		30.0 time, 30.9 real, 15595.0 MB
[runlim] sample:		40.0 time, 40.9 real, 21717.5 MB
[runlim] sample:		50.0 time, 50.9 real, 26307.9 MB
c Signal interruption.
[runlim] sample:		60.0 time, 60.9 real, 0.0 MB
[runlim] end:			Wed Sep 18 04:46:02 2024
[runlim] status:		out of memory
[runlim] result:		3
[runlim] children:		0
[runlim] real:			61.41 seconds
[runlim] time:			60.38 seconds
[runlim] space:			30000.8 MB
[runlim] samples:		604
