[runlim] version:		1.10
[runlim] time limit:		1800 seconds
[runlim] real time limit:	1800 seconds
[runlim] space limit:		30000 MB
[runlim] argv[0]:		/home/truongxuanhieu/AntiBandwidthReconstruct/build/abw_enc
[runlim] argv[1]:		/home/truongxuanhieu/AntiBandwidthReconstruct/build/Benchmarks/T-dwt__592.mtx.rnd
[runlim] argv[2]:		--ladder
[runlim] argv[3]:		-symetry-break
[runlim] argv[4]:		h
[runlim] start:			Tue Sep 17 06:45:43 2024
[runlim] main pid:		7834
[runlim] log captured:
c LadderEncoder 1.0.
c Symetry breaking in the highest degree node.
c Solving strategy: from LB to UB.
c LB-w = 103 (LB in Sinnl - A note on computational approaches for the antibandwidth problem).
c UB-w = 150 (UB in Sinnl - A note on computational approaches for the antibandwidth problem).
c Antibandwidth problem with w = 103 ( T-dwt__592.mtx.rnd ):
c Initializing CaDiCaL (version 1.2.1).
c	Configuring CaDiCaL as --sat (1).
c Initializing a Ladder encoder with n = 592.
c Encoding starts with w = 103:
c	Encode symmetry breaking with option: h.
c	Labels and Vertices aux var: 55648
c	Labels and Vertices constraints:  792096
c	Obj k aux var: 586080
c	Obj k constraints: 6787296
c	Obj k glue staircase constraints: 4387920
c	Encoding duration: 2s
c	Number of clauses: 7579688
c	Number of irredundant clauses: 7577696
c	Number of variables: 992192
c SAT Solving starts:
[runlim] sample:		10.0 time, 10.2 real, 1075.1 MB
[runlim] sample:		20.0 time, 20.2 real, 1092.7 MB
[runlim] sample:		30.0 time, 30.2 real, 1092.7 MB
[runlim] sample:		40.0 time, 40.2 real, 1075.1 MB
[runlim] sample:		50.0 time, 50.2 real, 1148.3 MB
[runlim] sample:		60.0 time, 60.2 real, 1148.4 MB
[runlim] sample:		70.0 time, 70.2 real, 1163.2 MB
[runlim] sample:		80.0 time, 80.2 real, 1155.3 MB
[runlim] sample:		90.0 time, 90.2 real, 1096.3 MB
[runlim] sample:		100.0 time, 100.2 real, 1082.5 MB
[runlim] sample:		110.0 time, 110.2 real, 1085.4 MB
[runlim] sample:		120.0 time, 120.2 real, 1331.7 MB
[runlim] sample:		130.0 time, 130.2 real, 1315.4 MB
[runlim] sample:		140.0 time, 140.2 real, 1119.4 MB
[runlim] sample:		150.0 time, 150.2 real, 1083.9 MB
[runlim] sample:		160.0 time, 160.2 real, 1055.9 MB
[runlim] sample:		170.0 time, 170.2 real, 1064.4 MB
[runlim] sample:		180.0 time, 180.2 real, 1110.6 MB
[runlim] sample:		190.0 time, 190.2 real, 1107.9 MB
[runlim] sample:		200.0 time, 200.2 real, 1061.6 MB
[runlim] sample:		210.0 time, 210.2 real, 1097.1 MB
[runlim] sample:		220.0 time, 220.2 real, 1092.3 MB
[runlim] sample:		230.0 time, 230.2 real, 1092.3 MB
[runlim] sample:		240.0 time, 240.2 real, 1106.0 MB
[runlim] sample:		250.0 time, 250.2 real, 1104.2 MB
[runlim] sample:		260.0 time, 260.2 real, 1110.2 MB
[runlim] sample:		270.0 time, 270.2 real, 1115.3 MB
[runlim] sample:		280.0 time, 280.2 real, 1115.3 MB
[runlim] sample:		290.0 time, 290.2 real, 1115.3 MB
[runlim] sample:		300.0 time, 300.2 real, 1271.0 MB
[runlim] sample:		310.0 time, 310.2 real, 1202.8 MB
[runlim] sample:		320.0 time, 320.2 real, 1157.0 MB
[runlim] sample:		330.0 time, 330.2 real, 1079.1 MB
[runlim] sample:		340.0 time, 340.2 real, 1079.1 MB
[runlim] sample:		350.0 time, 350.2 real, 1103.9 MB
[runlim] sample:		360.0 time, 360.2 real, 1102.4 MB
[runlim] sample:		370.0 time, 370.2 real, 1055.8 MB
[runlim] sample:		380.0 time, 380.2 real, 1055.8 MB
[runlim] sample:		390.0 time, 390.2 real, 1069.3 MB
[runlim] sample:		400.0 time, 400.2 real, 1079.6 MB
[runlim] sample:		410.0 time, 410.2 real, 1089.7 MB
[runlim] sample:		420.0 time, 420.2 real, 1290.8 MB
[runlim] sample:		430.0 time, 430.2 real, 1077.2 MB
[runlim] sample:		440.0 time, 440.2 real, 1184.2 MB
[runlim] sample:		450.0 time, 450.2 real, 1032.7 MB
[runlim] sample:		460.0 time, 460.2 real, 1077.5 MB
[runlim] sample:		470.0 time, 470.2 real, 1077.5 MB
[runlim] sample:		480.0 time, 480.2 real, 1059.4 MB
[runlim] sample:		489.9 time, 490.2 real, 1062.2 MB
[runlim] sample:		499.9 time, 500.2 real, 1059.4 MB
[runlim] sample:		509.9 time, 510.2 real, 1106.3 MB
[runlim] sample:		520.0 time, 520.2 real, 1114.4 MB
[runlim] sample:		529.9 time, 530.2 real, 1114.4 MB
[runlim] sample:		539.9 time, 540.2 real, 1048.8 MB
[runlim] sample:		549.9 time, 550.2 real, 1142.8 MB
[runlim] sample:		559.9 time, 560.2 real, 1022.0 MB
[runlim] sample:		569.9 time, 570.2 real, 1022.7 MB
[runlim] sample:		579.9 time, 580.2 real, 1090.6 MB
[runlim] sample:		589.9 time, 590.2 real, 1091.3 MB
[runlim] sample:		599.9 time, 600.2 real, 1073.6 MB
[runlim] sample:		609.9 time, 610.2 real, 1144.2 MB
[runlim] sample:		619.9 time, 620.2 real, 1179.1 MB
[runlim] sample:		629.9 time, 630.2 real, 1179.1 MB
[runlim] sample:		639.9 time, 640.2 real, 1202.9 MB
[runlim] sample:		649.9 time, 650.2 real, 1157.7 MB
[runlim] sample:		659.9 time, 660.2 real, 1063.3 MB
[runlim] sample:		669.9 time, 670.2 real, 1365.9 MB
[runlim] sample:		679.9 time, 680.2 real, 1199.9 MB
[runlim] sample:		689.9 time, 690.2 real, 1212.5 MB
[runlim] sample:		699.9 time, 700.2 real, 1367.7 MB
[runlim] sample:		709.9 time, 710.2 real, 1494.4 MB
[runlim] sample:		719.9 time, 720.2 real, 1271.8 MB
[runlim] sample:		729.9 time, 730.2 real, 1271.8 MB
[runlim] sample:		739.9 time, 740.2 real, 1311.6 MB
[runlim] sample:		749.9 time, 750.2 real, 1338.3 MB
[runlim] sample:		759.9 time, 760.2 real, 1338.3 MB
[runlim] sample:		769.9 time, 770.2 real, 1369.8 MB
[runlim] sample:		779.9 time, 780.2 real, 1369.8 MB
[runlim] sample:		789.9 time, 790.2 real, 1360.4 MB
[runlim] sample:		799.9 time, 800.2 real, 1360.4 MB
[runlim] sample:		809.9 time, 810.2 real, 1360.4 MB
[runlim] sample:		819.9 time, 820.2 real, 1360.4 MB
[runlim] sample:		829.9 time, 830.2 real, 1353.9 MB
[runlim] sample:		839.9 time, 840.2 real, 1313.5 MB
[runlim] sample:		849.8 time, 850.2 real, 1325.0 MB
[runlim] sample:		859.8 time, 860.2 real, 1325.0 MB
[runlim] sample:		869.8 time, 870.2 real, 1325.0 MB
[runlim] sample:		879.8 time, 880.2 real, 1322.1 MB
c	Solving duration: 879550 ms
c	Answer: 
s SAT (w = 103)
c	Solution check:
p calculated antibandwidth = 103.
c
c
c Antibandwidth problem with w = 104 ( T-dwt__592.mtx.rnd ):
c Initializing CaDiCaL (version 1.2.1).
c	Configuring CaDiCaL as --sat (1).
c Initializing a Ladder encoder with n = 592.
c Encoding starts with w = 104:
c	Encode symmetry breaking with option: h.
c	Labels and Vertices aux var: 55648
c	Labels and Vertices constraints:  792096
c	Obj k aux var: 588448
c	Obj k constraints: 6784784
c	Obj k glue staircase constraints: 4378896
c	Encoding duration: 1s
c	Number of clauses: 7577176
c	Number of irredundant clauses: 7575179
c	Number of variables: 994560
c SAT Solving starts:
[runlim] sample:		889.8 time, 890.2 real, 1262.3 MB
[runlim] sample:		899.8 time, 900.2 real, 1133.3 MB
[runlim] sample:		909.8 time, 910.2 real, 1346.0 MB
[runlim] sample:		919.8 time, 920.2 real, 1152.1 MB
[runlim] sample:		929.8 time, 930.2 real, 1137.8 MB
[runlim] sample:		939.8 time, 940.2 real, 1175.1 MB
[runlim] sample:		949.8 time, 950.2 real, 1160.7 MB
[runlim] sample:		959.8 time, 960.2 real, 1147.0 MB
[runlim] sample:		969.8 time, 970.2 real, 1185.2 MB
[runlim] sample:		979.8 time, 980.2 real, 1180.3 MB
[runlim] sample:		989.8 time, 990.2 real, 1134.4 MB
[runlim] sample:		999.8 time, 1000.2 real, 1139.4 MB
[runlim] sample:		1009.8 time, 1010.2 real, 1182.5 MB
[runlim] sample:		1019.8 time, 1020.2 real, 1142.4 MB
[runlim] sample:		1029.8 time, 1030.2 real, 1141.9 MB
[runlim] sample:		1039.8 time, 1040.2 real, 1210.4 MB
[runlim] sample:		1049.8 time, 1050.2 real, 1121.6 MB
[runlim] sample:		1059.8 time, 1060.2 real, 1144.1 MB
[runlim] sample:		1069.8 time, 1070.2 real, 1180.8 MB
[runlim] sample:		1079.8 time, 1080.2 real, 1180.8 MB
[runlim] sample:		1089.8 time, 1090.2 real, 1378.7 MB
[runlim] sample:		1099.8 time, 1100.2 real, 1211.8 MB
[runlim] sample:		1109.8 time, 1110.2 real, 1211.7 MB
[runlim] sample:		1119.8 time, 1120.2 real, 1219.4 MB
[runlim] sample:		1129.8 time, 1130.2 real, 1219.4 MB
[runlim] sample:		1139.8 time, 1140.2 real, 1219.4 MB
[runlim] sample:		1149.8 time, 1150.2 real, 1233.5 MB
[runlim] sample:		1159.8 time, 1160.2 real, 1621.0 MB
[runlim] sample:		1169.8 time, 1170.2 real, 1342.1 MB
[runlim] sample:		1179.8 time, 1180.2 real, 1388.9 MB
[runlim] sample:		1189.8 time, 1190.2 real, 1223.1 MB
[runlim] sample:		1199.8 time, 1200.2 real, 1223.1 MB
[runlim] sample:		1209.8 time, 1210.2 real, 1145.3 MB
[runlim] sample:		1219.8 time, 1220.2 real, 1197.2 MB
[runlim] sample:		1229.8 time, 1230.2 real, 1150.5 MB
[runlim] sample:		1239.8 time, 1240.2 real, 1150.5 MB
[runlim] sample:		1249.8 time, 1250.2 real, 1155.5 MB
[runlim] sample:		1259.8 time, 1260.2 real, 1155.5 MB
[runlim] sample:		1269.8 time, 1270.2 real, 1202.3 MB
[runlim] sample:		1279.8 time, 1280.2 real, 1185.2 MB
[runlim] sample:		1289.8 time, 1290.2 real, 1186.3 MB
[runlim] sample:		1299.8 time, 1300.2 real, 1128.1 MB
[runlim] sample:		1309.8 time, 1310.2 real, 1354.5 MB
[runlim] sample:		1319.8 time, 1320.2 real, 1263.4 MB
[runlim] sample:		1329.8 time, 1330.2 real, 1271.5 MB
[runlim] sample:		1339.8 time, 1340.2 real, 1301.2 MB
[runlim] sample:		1349.8 time, 1350.2 real, 1675.8 MB
[runlim] sample:		1359.8 time, 1360.2 real, 1585.3 MB
[runlim] sample:		1369.8 time, 1370.2 real, 1585.5 MB
[runlim] sample:		1379.8 time, 1380.2 real, 1607.2 MB
[runlim] sample:		1389.8 time, 1390.2 real, 1560.0 MB
[runlim] sample:		1399.8 time, 1400.2 real, 1560.0 MB
[runlim] sample:		1409.8 time, 1410.2 real, 1320.3 MB
[runlim] sample:		1419.8 time, 1420.2 real, 1600.7 MB
[runlim] sample:		1429.8 time, 1430.2 real, 1343.0 MB
[runlim] sample:		1439.8 time, 1440.2 real, 1684.4 MB
[runlim] sample:		1449.8 time, 1450.2 real, 1427.9 MB
[runlim] sample:		1459.8 time, 1460.2 real, 1433.1 MB
[runlim] sample:		1469.8 time, 1470.2 real, 1404.0 MB
[runlim] sample:		1479.8 time, 1480.2 real, 1453.7 MB
[runlim] sample:		1489.8 time, 1490.2 real, 1604.8 MB
[runlim] sample:		1499.8 time, 1500.2 real, 1746.8 MB
[runlim] sample:		1509.8 time, 1510.2 real, 1784.5 MB
[runlim] sample:		1519.8 time, 1520.2 real, 2168.4 MB
[runlim] sample:		1529.8 time, 1530.2 real, 2168.4 MB
[runlim] sample:		1539.8 time, 1540.2 real, 1627.9 MB
[runlim] sample:		1549.8 time, 1550.2 real, 1628.0 MB
[runlim] sample:		1559.8 time, 1560.2 real, 1628.0 MB
[runlim] sample:		1569.8 time, 1570.2 real, 1408.4 MB
[runlim] sample:		1579.8 time, 1580.2 real, 1686.9 MB
[runlim] sample:		1589.8 time, 1590.2 real, 1686.9 MB
[runlim] sample:		1599.8 time, 1600.2 real, 1686.9 MB
[runlim] sample:		1609.8 time, 1610.2 real, 1704.9 MB
[runlim] sample:		1619.8 time, 1620.2 real, 1828.4 MB
[runlim] sample:		1629.8 time, 1630.2 real, 1426.3 MB
[runlim] sample:		1639.8 time, 1640.2 real, 1702.8 MB
[runlim] sample:		1649.8 time, 1650.2 real, 1729.5 MB
[runlim] sample:		1659.8 time, 1660.2 real, 1452.8 MB
[runlim] sample:		1669.8 time, 1670.2 real, 1452.8 MB
[runlim] sample:		1679.8 time, 1680.2 real, 1761.0 MB
[runlim] sample:		1689.8 time, 1690.2 real, 1761.0 MB
[runlim] sample:		1699.8 time, 1700.2 real, 1452.8 MB
[runlim] sample:		1709.8 time, 1710.2 real, 1452.8 MB
[runlim] sample:		1719.8 time, 1720.2 real, 1679.2 MB
[runlim] sample:		1729.8 time, 1730.2 real, 1679.2 MB
[runlim] sample:		1739.8 time, 1740.2 real, 1449.4 MB
[runlim] sample:		1749.8 time, 1750.2 real, 1449.4 MB
[runlim] sample:		1759.8 time, 1760.2 real, 1449.4 MB
[runlim] sample:		1769.8 time, 1770.2 real, 1449.4 MB
[runlim] sample:		1779.8 time, 1780.2 real, 1267.0 MB
[runlim] sample:		1789.8 time, 1790.2 real, 1267.0 MB
c Signal interruption.
[runlim] end:			Tue Sep 17 07:15:43 2024
[runlim] status:		out of time
[runlim] result:		2
[runlim] children:		0
[runlim] real:			1800.02 seconds
[runlim] time:			1799.60 seconds
[runlim] space:			2618.9 MB
[runlim] samples:		17998
