[runlim] version:		1.10
[runlim] time limit:		1800 seconds
[runlim] real time limit:	1800 seconds
[runlim] space limit:		30000 MB
[runlim] argv[0]:		/home/truongxuanhieu/AntiBandwidthReconstruct/build/abw_enc
[runlim] argv[1]:		/home/truongxuanhieu/AntiBandwidthReconstruct/build/Benchmarks/U-662_bus.mtx.rnd
[runlim] argv[2]:		--ladder
[runlim] argv[3]:		-symetry-break
[runlim] argv[4]:		h
[runlim] start:			Tue Sep 17 10:15:53 2024
[runlim] main pid:		9749
[runlim] log captured:
c LadderEncoder 1.0.
c Symetry breaking in the highest degree node.
c Solving strategy: from LB to UB.
c LB-w = 219 (LB in Sinnl - A note on computational approaches for the antibandwidth problem).
c UB-w = 220 (UB in Sinnl - A note on computational approaches for the antibandwidth problem).
c Antibandwidth problem with w = 219 ( U-662_bus.mtx.rnd ):
c Initializing CaDiCaL (version 1.2.1).
c	Configuring CaDiCaL as --sat (1).
c Initializing a Ladder encoder with n = 662.
c Encoding starts with w = 219:
c	Encode symmetry breaking with option: h.
c	Labels and Vertices aux var: 66200
c	Labels and Vertices constraints:  978436
c	Obj k aux var: 722904
c	Obj k constraints: 4501124
c	Obj k glue staircase constraints: 1600902
c	Encoding duration: 1s
c	Number of clauses: 5479891
c	Number of irredundant clauses: 5477794
c	Number of variables: 1227348
c SAT Solving starts:
[runlim] sample:		10.0 time, 10.7 real, 1060.4 MB
[runlim] sample:		20.0 time, 20.7 real, 1210.8 MB
[runlim] sample:		30.0 time, 30.7 real, 1141.4 MB
c	Solving duration: 31135 ms
c	Answer: 
s SAT (w = 219)
c	Solution check:
p calculated antibandwidth = 219.
c
c
c Antibandwidth problem with w = 220 ( U-662_bus.mtx.rnd ):
c Initializing CaDiCaL (version 1.2.1).
c	Configuring CaDiCaL as --sat (1).
c Initializing a Ladder encoder with n = 662.
c Encoding starts with w = 220:
c	Encode symmetry breaking with option: h.
c	Labels and Vertices aux var: 66200
c	Labels and Vertices constraints:  978436
c	Obj k aux var: 724228
c	Obj k constraints: 4500810
c	Obj k glue staircase constraints: 1597278
c	Encoding duration: 1s
c	Number of clauses: 5479577
c	Number of irredundant clauses: 5477474
c	Number of variables: 1228672
c SAT Solving starts:
[runlim] sample:		40.0 time, 40.7 real, 1073.4 MB
[runlim] sample:		50.0 time, 50.7 real, 1304.5 MB
[runlim] sample:		60.0 time, 60.7 real, 1039.7 MB
[runlim] sample:		70.0 time, 70.7 real, 1043.4 MB
[runlim] sample:		80.0 time, 80.7 real, 1045.4 MB
[runlim] sample:		90.0 time, 90.7 real, 1045.4 MB
[runlim] sample:		100.0 time, 100.7 real, 1089.9 MB
[runlim] sample:		110.0 time, 110.7 real, 1086.6 MB
[runlim] sample:		120.0 time, 120.7 real, 1112.8 MB
[runlim] sample:		130.0 time, 130.7 real, 1093.5 MB
[runlim] sample:		140.0 time, 140.7 real, 1131.5 MB
[runlim] sample:		150.0 time, 150.7 real, 1095.8 MB
[runlim] sample:		160.0 time, 160.7 real, 1245.5 MB
[runlim] sample:		170.0 time, 170.7 real, 1264.2 MB
c	Solving duration: 140606 ms
c	Answer: 
s SAT (w = 220)
c	Solution check:
p calculated antibandwidth = 220.
c
c
[runlim] end:			Tue Sep 17 10:18:49 2024
[runlim] status:		ok
[runlim] result:		0
[runlim] children:		0
[runlim] real:			176.97 seconds
[runlim] time:			176.18 seconds
[runlim] space:			1377.3 MB
[runlim] samples:		1762
