[runlim] version:		1.10
[runlim] time limit:		1800 seconds
[runlim] real time limit:	1800 seconds
[runlim] space limit:		30000 MB
[runlim] argv[0]:		/home/truongxuanhieu/AntiBandwidthReconstruct/build/abw_enc
[runlim] argv[1]:		/home/truongxuanhieu/AntiBandwidthReconstruct/build/Benchmarks/U-662_bus.mtx.rnd
[runlim] argv[2]:		--duplex
[runlim] argv[3]:		-symetry-break
[runlim] argv[4]:		h
[runlim] start:			Tue Sep 17 10:06:41 2024
[runlim] main pid:		9585
[runlim] log captured:
c LadderEncoder 1.0.
c Symetry breaking in the highest degree node.
c Solving strategy: from LB to UB.
c LB-w = 219 (LB in Sinnl - A note on computational approaches for the antibandwidth problem).
c UB-w = 220 (UB in Sinnl - A note on computational approaches for the antibandwidth problem).
c Antibandwidth problem with w = 219 ( U-662_bus.mtx.rnd ):
c Initializing CaDiCaL (version 1.2.1).
c	Configuring CaDiCaL as --sat (1).
c Initializing a Duplex encoder with n = 662.
c Encoding starts with w = 219:
c	Encode symmetry breaking with option: h.
c	Labels and Vertices aux var: 66200
c	Labels and Vertices constraints:  978436
c	Obj k aux var: 1448456
c	Obj k constraints: 6103408
c	Obj k glue staircase constraints: 1601808
c	Encoding duration: 3s
c	Number of clauses: 7082175
c	Number of irredundant clauses: 6485310
c	Number of variables: 1952900
c SAT Solving starts:
[runlim] sample:		10.0 time, 10.9 real, 1276.5 MB
[runlim] sample:		20.0 time, 20.9 real, 1295.2 MB
[runlim] sample:		30.0 time, 30.9 real, 1333.8 MB
[runlim] sample:		40.0 time, 40.9 real, 1334.0 MB
[runlim] sample:		50.0 time, 50.9 real, 1327.6 MB
[runlim] sample:		60.0 time, 60.9 real, 1290.7 MB
[runlim] sample:		70.0 time, 70.9 real, 1354.6 MB
[runlim] sample:		80.0 time, 80.9 real, 1289.6 MB
[runlim] sample:		90.0 time, 90.9 real, 1313.4 MB
[runlim] sample:		100.0 time, 100.9 real, 1314.8 MB
[runlim] sample:		110.0 time, 110.9 real, 1314.8 MB
[runlim] sample:		120.0 time, 120.9 real, 1314.8 MB
[runlim] sample:		130.0 time, 130.9 real, 1318.0 MB
[runlim] sample:		140.0 time, 140.9 real, 1418.9 MB
[runlim] sample:		150.0 time, 150.9 real, 1393.5 MB
[runlim] sample:		160.0 time, 160.9 real, 1394.6 MB
[runlim] sample:		170.0 time, 170.9 real, 1340.1 MB
[runlim] sample:		180.0 time, 180.9 real, 1294.8 MB
[runlim] sample:		190.0 time, 190.9 real, 1468.8 MB
[runlim] sample:		200.0 time, 200.9 real, 1468.8 MB
[runlim] sample:		210.0 time, 210.9 real, 1468.8 MB
[runlim] sample:		220.0 time, 220.9 real, 1435.2 MB
[runlim] sample:		230.0 time, 230.9 real, 1263.0 MB
[runlim] sample:		240.0 time, 240.9 real, 1263.0 MB
[runlim] sample:		250.0 time, 250.9 real, 1263.0 MB
[runlim] sample:		260.0 time, 260.9 real, 1340.1 MB
[runlim] sample:		270.0 time, 270.9 real, 1340.6 MB
[runlim] sample:		280.0 time, 280.9 real, 1533.8 MB
[runlim] sample:		290.0 time, 290.9 real, 1533.8 MB
[runlim] sample:		300.0 time, 300.9 real, 1533.8 MB
[runlim] sample:		310.0 time, 310.9 real, 1563.8 MB
[runlim] sample:		320.0 time, 320.9 real, 1579.9 MB
[runlim] sample:		330.0 time, 330.9 real, 1905.9 MB
[runlim] sample:		340.0 time, 340.9 real, 1669.9 MB
[runlim] sample:		350.0 time, 350.9 real, 1669.9 MB
[runlim] sample:		360.0 time, 360.9 real, 1716.3 MB
[runlim] sample:		370.0 time, 370.9 real, 1716.3 MB
[runlim] sample:		379.9 time, 380.9 real, 1807.5 MB
[runlim] sample:		389.9 time, 390.9 real, 1795.7 MB
[runlim] sample:		399.9 time, 400.9 real, 1583.2 MB
[runlim] sample:		409.9 time, 410.9 real, 1596.8 MB
[runlim] sample:		419.9 time, 420.9 real, 1596.8 MB
[runlim] sample:		429.9 time, 430.9 real, 1448.3 MB
[runlim] sample:		439.9 time, 440.9 real, 1423.5 MB
[runlim] sample:		449.9 time, 450.9 real, 1399.8 MB
[runlim] sample:		459.9 time, 460.9 real, 1421.8 MB
[runlim] sample:		469.9 time, 470.9 real, 1641.8 MB
[runlim] sample:		479.9 time, 480.9 real, 1665.8 MB
[runlim] sample:		489.9 time, 490.9 real, 1518.8 MB
c	Solving duration: 490208 ms
c	Answer: 
s SAT (w = 219)
c	Solution check:
p calculated antibandwidth = 219.
c
c
c Antibandwidth problem with w = 220 ( U-662_bus.mtx.rnd ):
c Initializing CaDiCaL (version 1.2.1).
c	Configuring CaDiCaL as --sat (1).
c Initializing a Duplex encoder with n = 662.
c Encoding starts with w = 220:
c	Encode symmetry breaking with option: h.
c	Labels and Vertices aux var: 66200
c	Labels and Vertices constraints:  978436
c	Obj k aux var: 1451104
c	Obj k constraints: 6104418
c	Obj k glue staircase constraints: 1598184
c	Encoding duration: 3s
c	Number of clauses: 7083185
c	Number of irredundant clauses: 6487692
c	Number of variables: 1955548
c SAT Solving starts:
[runlim] sample:		499.9 time, 500.9 real, 1222.1 MB
c	Solving duration: 11888 ms
c	Answer: 
s SAT (w = 220)
c	Solution check:
p calculated antibandwidth = 220.
[runlim] sample:		509.9 time, 510.9 real, 1393.4 MB
c
c
[runlim] end:			Tue Sep 17 10:15:12 2024
[runlim] status:		ok
[runlim] result:		0
[runlim] children:		0
[runlim] real:			511.81 seconds
[runlim] time:			510.83 seconds
[runlim] space:			2497.8 MB
[runlim] samples:		5109
