[runlim] version:		1.10
[runlim] time limit:		1800 seconds
[runlim] real time limit:	1800 seconds
[runlim] space limit:		30000 MB
[runlim] argv[0]:		/home/hvanh28/AntiBandwidthReconstruct/build/abw_enc
[runlim] argv[1]:		/home/hvanh28/AntiBandwidthReconstruct/build/Benchmarks/W-685_bus.mtx.rnd
[runlim] argv[2]:		--reduced
[runlim] argv[3]:		-symetry-break
[runlim] argv[4]:		h
[runlim] start:			Tue Sep 17 07:04:46 2024
[runlim] main pid:		129691
[runlim] log captured:
c LadderEncoder 1.0.
c Symetry breaking in the highest degree node.
c Solving strategy: from LB to UB.
c LB-w = 136 (LB in Sinnl - A note on computational approaches for the antibandwidth problem).
c UB-w = 136 (UB in Sinnl - A note on computational approaches for the antibandwidth problem).
c Antibandwidth problem with w = 136 ( W-685_bus.mtx.rnd ):
c Initializing CaDiCaL (version 1.2.1).
c	Configuring CaDiCaL as --sat (1).
c Initializing a Naive-Reduced encoder with n = 685.
c Encoding starts with w = 136:
c	Encode symmetry breaking with option: h.
[runlim] sample:		10.0 time, 10.4 real, 3227.8 MB
[runlim] sample:		20.0 time, 20.4 real, 6418.2 MB
[runlim] sample:		30.0 time, 30.4 real, 9683.9 MB
[runlim] sample:		40.0 time, 40.4 real, 12809.3 MB
[runlim] sample:		50.0 time, 50.4 real, 15389.3 MB
[runlim] sample:		60.0 time, 60.4 real, 17977.4 MB
[runlim] sample:		70.0 time, 70.4 real, 20466.2 MB
[runlim] sample:		80.0 time, 80.4 real, 22224.4 MB
[runlim] sample:		90.0 time, 90.4 real, 24150.0 MB
[runlim] sample:		100.0 time, 100.4 real, 26821.0 MB
[runlim] sample:		110.0 time, 110.4 real, 29681.5 MB
c Signal interruption.
[runlim] end:			Tue Sep 17 07:06:40 2024
[runlim] status:		out of memory
[runlim] result:		3
[runlim] children:		0
[runlim] real:			114.08 seconds
[runlim] time:			113.58 seconds
[runlim] space:			30017.9 MB
[runlim] samples:		1136
