[runlim] version:		1.10
[runlim] time limit:		1800 seconds
[runlim] real time limit:	1800 seconds
[runlim] space limit:		30000 MB
[runlim] argv[0]:		/home/hvanh28/AntiBandwidthReconstruct/build/abw_enc
[runlim] argv[1]:		/home/hvanh28/AntiBandwidthReconstruct/build/Benchmarks/X-can__715.mtx.rnd
[runlim] argv[2]:		--seq
[runlim] argv[3]:		-symetry-break
[runlim] argv[4]:		h
[runlim] start:			Tue Sep 17 18:13:57 2024
[runlim] main pid:		138819
[runlim] log captured:
c LadderEncoder 1.0.
c Symetry breaking in the highest degree node.
c Solving strategy: from LB to UB.
c LB-w = 112 (LB in Sinnl - A note on computational approaches for the antibandwidth problem).
c UB-w = 142 (UB in Sinnl - A note on computational approaches for the antibandwidth problem).
c Antibandwidth problem with w = 112 ( X-can__715.mtx.rnd ):
c Initializing CaDiCaL (version 1.2.1).
c	Configuring CaDiCaL as --sat (1).
c Initializing a Sequential encoder with n = 715.
c Encoding starts with w = 112:
c	Encode symmetry breaking with option: h.
[runlim] sample:		10.0 time, 10.1 real, 3689.5 MB
[runlim] sample:		20.0 time, 20.1 real, 6875.6 MB
[runlim] sample:		30.0 time, 30.1 real, 10165.0 MB
[runlim] sample:		40.0 time, 40.1 real, 13416.9 MB
[runlim] sample:		50.0 time, 50.1 real, 17653.6 MB
[runlim] sample:		60.0 time, 60.1 real, 20327.3 MB
[runlim] sample:		70.0 time, 70.1 real, 21765.7 MB
[runlim] sample:		80.0 time, 80.1 real, 22445.5 MB
[runlim] sample:		90.0 time, 90.1 real, 23258.7 MB
[runlim] sample:		100.0 time, 100.1 real, 24482.4 MB
[runlim] sample:		110.0 time, 110.1 real, 28009.1 MB
c Signal interruption.
[runlim] end:			Tue Sep 17 18:15:52 2024
[runlim] status:		out of memory
[runlim] result:		3
[runlim] children:		0
[runlim] real:			115.50 seconds
[runlim] time:			115.35 seconds
[runlim] space:			30013.1 MB
[runlim] samples:		1154
