[runlim] version:		1.10
[runlim] time limit:		3600 seconds
[runlim] real time limit:	3600 seconds
[runlim] space limit:		30000 MB
[runlim] argv[0]:		/home/truongxuanhieu/AntiBandwidthReconstruct/build/abw_enc_hybrid_NSC_binomial
[runlim] argv[1]:		/home/truongxuanhieu/AntiBandwidthReconstruct/build/Benchmarks/K-dwt__234.mtx.rnd
[runlim] argv[2]:		--duplexNSC
[runlim] start:			Mon Aug 26 08:55:24 2024
[runlim] main pid:		3252
[runlim] log captured:
c DuplexEncoder 0.8.
c Solving strategy: from LB to UB.
c LB-w = 46 (LB in Sinnl - A note on computational approaches for the antibandwidth problem).
c UB-w = 58 (UB in Sinnl - A note on computational approaches for the antibandwidth problem).
c Antibandwidth problem with w = 46 ( K-dwt__234.mtx.rnd ):
c Initializing CaDiCaL (version 1.2.1).
c	Configuring CaDiCaL as --sat (1).
c Initializing a DuplexNSC encoder with n = 117.
c Encoding starts with w = 46:
c	Labels and Vertices aux var: 4680
c	Labels and Vertices constraints:  34515
c	Obj k aux var: 16263
c	Obj k constraints: 118575
c	Obj k glue staircase constraints: 45684
c	Encoding duration: 0s
c	Number of clauses: 153148
c	Number of irredundant clauses: 152746
c	Number of variables: 34632
c SAT Solving starts:
[runlim] sample:		10.0 time, 10.0 real, 92.4 MB
[runlim] sample:		20.0 time, 20.0 real, 151.9 MB
[runlim] sample:		30.0 time, 30.0 real, 119.5 MB
[runlim] sample:		40.0 time, 40.0 real, 117.2 MB
[runlim] sample:		50.0 time, 50.0 real, 117.2 MB
[runlim] sample:		60.0 time, 60.0 real, 180.6 MB
[runlim] sample:		70.0 time, 70.0 real, 231.2 MB
[runlim] sample:		80.0 time, 80.0 real, 224.2 MB
[runlim] sample:		90.0 time, 90.0 real, 209.9 MB
c	Solving duration: 95811 ms
c	Answer: 
s SAT (w = 46)
AB is set to 64
Node 28 : 103
Node 115 : 39
AB is set to 61
Node 67 : 94
Node 87 : 33
AB is set to 46
Node 15 : 27
Node 48 : 73
c	Solution check:
p calculated antibandwidth = 46.
c
c
c Antibandwidth problem with w = 47 ( K-dwt__234.mtx.rnd ):
c Initializing CaDiCaL (version 1.2.1).
c	Configuring CaDiCaL as --sat (1).
c Initializing a DuplexNSC encoder with n = 117.
c Encoding starts with w = 47:
c	Labels and Vertices aux var: 4680
c	Labels and Vertices constraints:  34515
c	Obj k aux var: 16029
c	Obj k constraints: 117459
c	Obj k glue staircase constraints: 45036
c	Encoding duration: 0s
c	Number of clauses: 152032
c	Number of irredundant clauses: 151628
c	Number of variables: 34398
c SAT Solving starts:
[runlim] sample:		100.0 time, 100.0 real, 129.9 MB
[runlim] sample:		110.0 time, 110.0 real, 138.2 MB
[runlim] sample:		120.0 time, 120.0 real, 178.5 MB
[runlim] sample:		130.0 time, 130.0 real, 178.8 MB
[runlim] sample:		140.0 time, 140.0 real, 224.7 MB
[runlim] sample:		150.0 time, 150.0 real, 178.8 MB
[runlim] sample:		160.0 time, 160.0 real, 178.8 MB
[runlim] sample:		170.0 time, 170.0 real, 178.8 MB
[runlim] sample:		180.0 time, 180.0 real, 178.8 MB
[runlim] sample:		190.0 time, 190.0 real, 178.8 MB
[runlim] sample:		200.0 time, 200.0 real, 178.8 MB
[runlim] sample:		210.0 time, 210.0 real, 178.8 MB
[runlim] sample:		220.0 time, 220.0 real, 248.1 MB
[runlim] sample:		230.0 time, 230.0 real, 178.8 MB
[runlim] sample:		240.0 time, 240.0 real, 178.8 MB
[runlim] sample:		250.0 time, 250.0 real, 178.8 MB
[runlim] sample:		259.9 time, 260.0 real, 350.6 MB
[runlim] sample:		270.0 time, 270.0 real, 153.3 MB
[runlim] sample:		280.0 time, 280.0 real, 191.6 MB
[runlim] sample:		290.0 time, 290.0 real, 153.3 MB
[runlim] sample:		299.9 time, 300.0 real, 237.4 MB
[runlim] sample:		309.9 time, 310.0 real, 173.6 MB
[runlim] sample:		319.9 time, 320.0 real, 173.6 MB
[runlim] sample:		329.9 time, 330.0 real, 195.4 MB
[runlim] sample:		339.9 time, 340.0 real, 194.0 MB
c	Solving duration: 248722 ms
c	Answer: 
s SAT (w = 47)
AB is set to 58
Node 28 : 15
Node 115 : 73
AB is set to 52
Node 15 : 74
Node 48 : 22
AB is set to 49
Node 4 : 64
Node 28 : 15
AB is set to 48
Node 28 : 15
Node 113 : 63
AB is set to 47
Node 67 : 23
Node 85 : 70
c	Solution check:
p calculated antibandwidth = 47.
c
c
c Antibandwidth problem with w = 48 ( K-dwt__234.mtx.rnd ):
c Initializing CaDiCaL (version 1.2.1).
c	Configuring CaDiCaL as --sat (1).
c Initializing a DuplexNSC encoder with n = 117.
c Encoding starts with w = 48:
c	Labels and Vertices aux var: 4680
c	Labels and Vertices constraints:  34515
c	Obj k aux var: 15795
c	Obj k constraints: 116343
c	Obj k glue staircase constraints: 44388
c	Encoding duration: 0s
c	Number of clauses: 150916
c	Number of irredundant clauses: 150510
c	Number of variables: 34164
c SAT Solving starts:
[runlim] sample:		349.9 time, 350.0 real, 125.3 MB
[runlim] sample:		359.9 time, 360.0 real, 134.7 MB
[runlim] sample:		369.9 time, 370.0 real, 146.1 MB
[runlim] sample:		379.9 time, 380.0 real, 154.4 MB
[runlim] sample:		389.9 time, 390.0 real, 154.4 MB
[runlim] sample:		399.9 time, 400.0 real, 177.0 MB
[runlim] sample:		409.9 time, 410.0 real, 177.0 MB
[runlim] sample:		419.9 time, 420.0 real, 177.0 MB
[runlim] sample:		429.9 time, 430.0 real, 177.0 MB
[runlim] sample:		439.9 time, 440.0 real, 177.0 MB
[runlim] sample:		449.9 time, 450.0 real, 177.0 MB
[runlim] sample:		459.9 time, 460.0 real, 177.0 MB
[runlim] sample:		469.9 time, 470.0 real, 185.7 MB
[runlim] sample:		479.9 time, 480.0 real, 159.1 MB
[runlim] sample:		489.9 time, 490.0 real, 225.6 MB
[runlim] sample:		499.9 time, 500.0 real, 207.9 MB
[runlim] sample:		509.9 time, 510.0 real, 173.9 MB
[runlim] sample:		519.9 time, 520.0 real, 143.0 MB
[runlim] sample:		529.9 time, 530.0 real, 174.6 MB
[runlim] sample:		539.9 time, 540.0 real, 215.3 MB
[runlim] sample:		549.9 time, 550.0 real, 260.0 MB
[runlim] sample:		559.9 time, 560.0 real, 182.0 MB
[runlim] sample:		569.9 time, 570.0 real, 182.0 MB
[runlim] sample:		579.9 time, 580.0 real, 182.0 MB
[runlim] sample:		589.9 time, 590.0 real, 222.5 MB
[runlim] sample:		599.9 time, 600.0 real, 189.8 MB
[runlim] sample:		609.9 time, 610.0 real, 227.6 MB
[runlim] sample:		619.9 time, 620.0 real, 231.3 MB
[runlim] sample:		629.9 time, 630.0 real, 189.8 MB
[runlim] sample:		639.9 time, 640.0 real, 189.8 MB
[runlim] sample:		649.9 time, 650.0 real, 174.8 MB
[runlim] sample:		659.9 time, 660.0 real, 178.2 MB
[runlim] sample:		669.9 time, 670.0 real, 169.3 MB
[runlim] sample:		679.9 time, 680.0 real, 178.2 MB
[runlim] sample:		689.9 time, 690.0 real, 197.6 MB
[runlim] sample:		699.9 time, 700.0 real, 269.6 MB
[runlim] sample:		709.9 time, 710.0 real, 206.5 MB
[runlim] sample:		719.9 time, 720.0 real, 206.6 MB
[runlim] sample:		729.9 time, 730.0 real, 335.7 MB
[runlim] sample:		739.9 time, 740.0 real, 356.5 MB
[runlim] sample:		749.9 time, 750.0 real, 510.9 MB
[runlim] sample:		759.9 time, 760.0 real, 472.4 MB
[runlim] sample:		769.9 time, 770.0 real, 447.7 MB
[runlim] sample:		779.9 time, 780.0 real, 426.8 MB
[runlim] sample:		789.9 time, 790.0 real, 427.9 MB
[runlim] sample:		799.9 time, 800.0 real, 441.7 MB
[runlim] sample:		809.9 time, 810.0 real, 441.7 MB
[runlim] sample:		819.9 time, 820.0 real, 442.0 MB
[runlim] sample:		829.9 time, 830.0 real, 513.7 MB
[runlim] sample:		839.9 time, 840.0 real, 463.5 MB
[runlim] sample:		849.9 time, 850.0 real, 458.2 MB
[runlim] sample:		859.9 time, 860.0 real, 447.8 MB
[runlim] sample:		869.9 time, 870.0 real, 570.2 MB
[runlim] sample:		879.9 time, 880.0 real, 333.8 MB
[runlim] sample:		889.9 time, 890.0 real, 404.0 MB
[runlim] sample:		899.9 time, 900.0 real, 404.0 MB
[runlim] sample:		909.9 time, 910.0 real, 460.5 MB
[runlim] sample:		919.9 time, 920.0 real, 401.7 MB
[runlim] sample:		929.9 time, 930.0 real, 421.1 MB
[runlim] sample:		939.9 time, 940.0 real, 433.1 MB
[runlim] sample:		949.9 time, 950.0 real, 433.1 MB
[runlim] sample:		959.9 time, 960.0 real, 506.1 MB
[runlim] sample:		969.9 time, 970.0 real, 475.6 MB
[runlim] sample:		979.9 time, 980.0 real, 475.6 MB
[runlim] sample:		989.9 time, 990.0 real, 476.5 MB
[runlim] sample:		999.9 time, 1000.0 real, 476.5 MB
[runlim] sample:		1009.9 time, 1010.0 real, 518.3 MB
[runlim] sample:		1019.9 time, 1020.0 real, 518.3 MB
[runlim] sample:		1029.9 time, 1030.0 real, 530.6 MB
[runlim] sample:		1039.9 time, 1040.0 real, 579.1 MB
[runlim] sample:		1049.9 time, 1050.0 real, 579.6 MB
[runlim] sample:		1059.9 time, 1060.0 real, 511.9 MB
[runlim] sample:		1069.9 time, 1070.0 real, 511.0 MB
[runlim] sample:		1079.9 time, 1080.0 real, 511.0 MB
[runlim] sample:		1089.9 time, 1090.0 real, 508.4 MB
[runlim] sample:		1099.9 time, 1100.0 real, 508.4 MB
[runlim] sample:		1109.9 time, 1110.0 real, 523.2 MB
[runlim] sample:		1119.9 time, 1120.0 real, 521.8 MB
[runlim] sample:		1129.9 time, 1130.0 real, 521.8 MB
[runlim] sample:		1139.9 time, 1140.0 real, 572.0 MB
[runlim] sample:		1149.9 time, 1150.0 real, 572.0 MB
[runlim] sample:		1159.9 time, 1160.0 real, 673.9 MB
[runlim] sample:		1169.9 time, 1170.0 real, 674.4 MB
[runlim] sample:		1179.9 time, 1180.0 real, 558.0 MB
[runlim] sample:		1189.9 time, 1190.0 real, 555.3 MB
[runlim] sample:		1199.9 time, 1200.0 real, 515.6 MB
[runlim] sample:		1209.9 time, 1210.0 real, 370.8 MB
[runlim] sample:		1219.9 time, 1220.0 real, 422.5 MB
c	Solving duration: 882523 ms
c	Answer: 
s SAT (w = 48)
AB is set to 54
Node 28 : 76
Node 115 : 22
AB is set to 50
Node 67 : 77
Node 87 : 27
AB is set to 48
Node 4 : 28
Node 28 : 76
c	Solution check:
p calculated antibandwidth = 48.
c
c
c Antibandwidth problem with w = 49 ( K-dwt__234.mtx.rnd ):
c Initializing CaDiCaL (version 1.2.1).
c	Configuring CaDiCaL as --sat (1).
c Initializing a DuplexNSC encoder with n = 117.
c Encoding starts with w = 49:
c	Labels and Vertices aux var: 4680
c	Labels and Vertices constraints:  34515
c	Obj k aux var: 15561
c	Obj k constraints: 115227
c	Obj k glue staircase constraints: 43740
c	Encoding duration: 0s
c	Number of clauses: 149800
c	Number of irredundant clauses: 149392
c	Number of variables: 33930
c SAT Solving starts:
[runlim] sample:		1229.9 time, 1230.0 real, 370.8 MB
[runlim] sample:		1239.9 time, 1240.0 real, 370.8 MB
[runlim] sample:		1249.9 time, 1250.0 real, 370.8 MB
[runlim] sample:		1259.9 time, 1260.0 real, 370.8 MB
[runlim] sample:		1269.9 time, 1270.0 real, 370.8 MB
[runlim] sample:		1279.9 time, 1280.0 real, 370.8 MB
[runlim] sample:		1289.9 time, 1290.0 real, 370.8 MB
[runlim] sample:		1299.9 time, 1300.0 real, 370.8 MB
[runlim] sample:		1309.9 time, 1310.0 real, 370.8 MB
[runlim] sample:		1319.9 time, 1320.0 real, 370.8 MB
[runlim] sample:		1329.9 time, 1330.0 real, 370.8 MB
[runlim] sample:		1339.9 time, 1340.0 real, 435.0 MB
[runlim] sample:		1349.9 time, 1350.0 real, 370.8 MB
[runlim] sample:		1359.9 time, 1360.0 real, 463.3 MB
[runlim] sample:		1369.9 time, 1370.0 real, 371.6 MB
[runlim] sample:		1379.9 time, 1380.0 real, 371.6 MB
[runlim] sample:		1389.9 time, 1390.0 real, 440.3 MB
[runlim] sample:		1399.9 time, 1400.0 real, 445.8 MB
[runlim] sample:		1409.9 time, 1410.0 real, 371.7 MB
[runlim] sample:		1419.9 time, 1420.0 real, 371.7 MB
[runlim] sample:		1429.9 time, 1430.0 real, 371.8 MB
[runlim] sample:		1439.9 time, 1440.0 real, 463.4 MB
[runlim] sample:		1449.9 time, 1450.0 real, 371.8 MB
[runlim] sample:		1459.9 time, 1460.0 real, 371.8 MB
[runlim] sample:		1469.9 time, 1470.0 real, 371.8 MB
[runlim] sample:		1479.9 time, 1480.0 real, 371.8 MB
[runlim] sample:		1489.9 time, 1490.0 real, 470.6 MB
[runlim] sample:		1499.9 time, 1500.0 real, 503.7 MB
[runlim] sample:		1509.9 time, 1510.0 real, 505.8 MB
[runlim] sample:		1519.9 time, 1520.0 real, 371.8 MB
[runlim] sample:		1529.9 time, 1530.0 real, 456.6 MB
[runlim] sample:		1539.9 time, 1540.0 real, 487.7 MB
[runlim] sample:		1549.9 time, 1550.0 real, 371.8 MB
[runlim] sample:		1559.9 time, 1560.0 real, 371.8 MB
[runlim] sample:		1569.9 time, 1570.0 real, 371.8 MB
[runlim] sample:		1579.9 time, 1580.0 real, 371.8 MB
[runlim] sample:		1589.9 time, 1590.0 real, 371.8 MB
[runlim] sample:		1599.9 time, 1600.0 real, 443.4 MB
[runlim] sample:		1609.9 time, 1610.0 real, 371.8 MB
[runlim] sample:		1619.9 time, 1620.0 real, 371.8 MB
[runlim] sample:		1629.9 time, 1630.0 real, 372.0 MB
[runlim] sample:		1639.9 time, 1640.0 real, 496.0 MB
[runlim] sample:		1649.8 time, 1650.0 real, 530.1 MB
[runlim] sample:		1659.8 time, 1660.0 real, 530.1 MB
[runlim] sample:		1669.8 time, 1670.0 real, 546.7 MB
[runlim] sample:		1679.8 time, 1680.0 real, 528.5 MB
[runlim] sample:		1689.9 time, 1690.0 real, 568.8 MB
[runlim] sample:		1699.9 time, 1700.0 real, 540.0 MB
[runlim] sample:		1709.8 time, 1710.0 real, 541.3 MB
[runlim] sample:		1719.8 time, 1720.0 real, 541.3 MB
[runlim] sample:		1729.8 time, 1730.0 real, 575.9 MB
[runlim] sample:		1739.8 time, 1740.0 real, 526.1 MB
[runlim] sample:		1749.8 time, 1750.0 real, 372.2 MB
[runlim] sample:		1759.8 time, 1760.0 real, 372.2 MB
[runlim] sample:		1769.8 time, 1770.0 real, 557.9 MB
[runlim] sample:		1779.8 time, 1780.0 real, 561.3 MB
[runlim] sample:		1789.8 time, 1790.0 real, 545.9 MB
[runlim] sample:		1799.8 time, 1800.0 real, 545.9 MB
[runlim] sample:		1809.8 time, 1810.0 real, 580.5 MB
[runlim] sample:		1819.8 time, 1820.0 real, 580.5 MB
[runlim] sample:		1829.8 time, 1830.0 real, 728.2 MB
[runlim] sample:		1839.8 time, 1840.0 real, 585.7 MB
[runlim] sample:		1849.8 time, 1850.0 real, 585.7 MB
[runlim] sample:		1859.8 time, 1860.0 real, 588.8 MB
[runlim] sample:		1869.8 time, 1870.0 real, 532.9 MB
[runlim] sample:		1879.8 time, 1880.0 real, 532.9 MB
[runlim] sample:		1889.8 time, 1890.0 real, 312.6 MB
[runlim] sample:		1899.8 time, 1900.0 real, 312.6 MB
[runlim] sample:		1909.8 time, 1910.0 real, 354.6 MB
[runlim] sample:		1919.8 time, 1920.0 real, 312.6 MB
[runlim] sample:		1929.8 time, 1930.0 real, 312.6 MB
[runlim] sample:		1939.8 time, 1940.0 real, 312.6 MB
[runlim] sample:		1949.8 time, 1950.0 real, 354.6 MB
[runlim] sample:		1959.8 time, 1960.0 real, 312.6 MB
[runlim] sample:		1969.8 time, 1970.0 real, 387.4 MB
[runlim] sample:		1979.8 time, 1980.0 real, 790.9 MB
[runlim] sample:		1989.8 time, 1990.0 real, 790.9 MB
[runlim] sample:		1999.8 time, 2000.0 real, 792.1 MB
[runlim] sample:		2009.8 time, 2010.0 real, 812.3 MB
[runlim] sample:		2019.8 time, 2020.0 real, 812.3 MB
[runlim] sample:		2029.8 time, 2030.0 real, 812.3 MB
[runlim] sample:		2039.8 time, 2040.0 real, 812.3 MB
[runlim] sample:		2049.8 time, 2050.0 real, 808.3 MB
[runlim] sample:		2059.8 time, 2060.0 real, 473.3 MB
[runlim] sample:		2069.8 time, 2070.0 real, 473.3 MB
[runlim] sample:		2079.8 time, 2080.0 real, 510.1 MB
[runlim] sample:		2089.8 time, 2090.0 real, 473.3 MB
[runlim] sample:		2099.8 time, 2100.0 real, 549.7 MB
[runlim] sample:		2109.8 time, 2110.0 real, 473.3 MB
[runlim] sample:		2119.8 time, 2120.0 real, 473.3 MB
[runlim] sample:		2129.8 time, 2130.0 real, 473.3 MB
[runlim] sample:		2139.8 time, 2140.0 real, 473.3 MB
[runlim] sample:		2149.8 time, 2150.0 real, 473.3 MB
[runlim] sample:		2159.8 time, 2160.0 real, 613.4 MB
[runlim] sample:		2169.8 time, 2170.0 real, 473.3 MB
[runlim] sample:		2179.8 time, 2180.0 real, 506.5 MB
[runlim] sample:		2189.8 time, 2190.0 real, 405.5 MB
[runlim] sample:		2199.8 time, 2200.0 real, 405.5 MB
[runlim] sample:		2209.8 time, 2210.0 real, 405.5 MB
[runlim] sample:		2219.8 time, 2220.0 real, 405.5 MB
[runlim] sample:		2229.8 time, 2230.0 real, 405.5 MB
[runlim] sample:		2239.8 time, 2240.0 real, 405.5 MB
[runlim] sample:		2249.8 time, 2250.0 real, 405.5 MB
[runlim] sample:		2259.8 time, 2260.0 real, 405.5 MB
[runlim] sample:		2269.8 time, 2270.0 real, 405.5 MB
[runlim] sample:		2279.8 time, 2280.0 real, 405.5 MB
[runlim] sample:		2289.8 time, 2290.0 real, 405.5 MB
[runlim] sample:		2299.8 time, 2300.0 real, 405.5 MB
[runlim] sample:		2309.8 time, 2310.0 real, 405.5 MB
[runlim] sample:		2319.8 time, 2320.0 real, 405.5 MB
[runlim] sample:		2329.8 time, 2330.0 real, 496.3 MB
[runlim] sample:		2339.8 time, 2340.0 real, 657.2 MB
c	Solving duration: 1118337 ms
c	Answer: 
s SAT (w = 49)
AB is set to 58
Node 28 : 97
Node 115 : 39
AB is set to 54
Node 67 : 103
Node 87 : 49
AB is set to 52
Node 4 : 45
Node 28 : 97
AB is set to 49
Node 42 : 53
Node 111 : 102
c	Solution check:
p calculated antibandwidth = 49.
c
c
c Antibandwidth problem with w = 50 ( K-dwt__234.mtx.rnd ):
c Initializing CaDiCaL (version 1.2.1).
c	Configuring CaDiCaL as --sat (1).
c Initializing a DuplexNSC encoder with n = 117.
c Encoding starts with w = 50:
c	Labels and Vertices aux var: 4680
c	Labels and Vertices constraints:  34515
c	Obj k aux var: 15327
c	Obj k constraints: 114111
c	Obj k glue staircase constraints: 43092
c	Encoding duration: 0s
c	Number of clauses: 148684
c	Number of irredundant clauses: 148274
c	Number of variables: 33696
c SAT Solving starts:
[runlim] sample:		2349.8 time, 2350.0 real, 405.5 MB
[runlim] sample:		2359.8 time, 2360.0 real, 405.5 MB
[runlim] sample:		2369.8 time, 2370.0 real, 405.5 MB
[runlim] sample:		2379.8 time, 2380.0 real, 405.5 MB
[runlim] sample:		2389.8 time, 2390.0 real, 405.5 MB
[runlim] sample:		2399.8 time, 2400.0 real, 405.5 MB
[runlim] sample:		2409.8 time, 2410.0 real, 405.5 MB
[runlim] sample:		2419.8 time, 2420.0 real, 405.5 MB
[runlim] sample:		2429.8 time, 2430.0 real, 405.5 MB
[runlim] sample:		2439.8 time, 2440.0 real, 405.5 MB
[runlim] sample:		2449.8 time, 2450.0 real, 405.5 MB
[runlim] sample:		2459.8 time, 2460.0 real, 405.5 MB
[runlim] sample:		2469.8 time, 2470.0 real, 405.5 MB
[runlim] sample:		2479.8 time, 2480.0 real, 405.5 MB
[runlim] sample:		2489.8 time, 2490.0 real, 405.5 MB
[runlim] sample:		2499.8 time, 2500.0 real, 405.5 MB
[runlim] sample:		2509.8 time, 2510.0 real, 405.5 MB
[runlim] sample:		2519.8 time, 2520.0 real, 405.5 MB
[runlim] sample:		2529.8 time, 2530.0 real, 405.5 MB
[runlim] sample:		2539.8 time, 2540.0 real, 530.5 MB
[runlim] sample:		2549.8 time, 2550.0 real, 405.5 MB
[runlim] sample:		2559.8 time, 2560.0 real, 405.5 MB
[runlim] sample:		2569.8 time, 2570.0 real, 511.8 MB
[runlim] sample:		2579.8 time, 2580.0 real, 405.5 MB
[runlim] sample:		2589.8 time, 2590.0 real, 405.5 MB
[runlim] sample:		2599.8 time, 2600.0 real, 405.5 MB
[runlim] sample:		2609.8 time, 2610.0 real, 405.5 MB
[runlim] sample:		2619.8 time, 2620.0 real, 405.5 MB
[runlim] sample:		2629.8 time, 2630.0 real, 405.5 MB
[runlim] sample:		2639.8 time, 2640.0 real, 405.5 MB
[runlim] sample:		2649.8 time, 2650.0 real, 405.5 MB
[runlim] sample:		2659.8 time, 2660.0 real, 405.5 MB
[runlim] sample:		2669.8 time, 2670.0 real, 405.5 MB
[runlim] sample:		2679.8 time, 2680.0 real, 405.5 MB
[runlim] sample:		2689.8 time, 2690.0 real, 405.5 MB
[runlim] sample:		2699.8 time, 2700.0 real, 405.5 MB
[runlim] sample:		2709.8 time, 2710.0 real, 405.5 MB
[runlim] sample:		2719.8 time, 2720.0 real, 405.5 MB
[runlim] sample:		2729.8 time, 2730.0 real, 405.5 MB
[runlim] sample:		2739.8 time, 2740.0 real, 405.5 MB
[runlim] sample:		2749.8 time, 2750.0 real, 405.5 MB
[runlim] sample:		2759.8 time, 2760.0 real, 405.5 MB
[runlim] sample:		2769.8 time, 2770.0 real, 405.5 MB
[runlim] sample:		2779.8 time, 2780.0 real, 405.5 MB
[runlim] sample:		2789.8 time, 2790.0 real, 405.5 MB
[runlim] sample:		2799.8 time, 2800.0 real, 405.5 MB
[runlim] sample:		2809.8 time, 2810.0 real, 405.5 MB
[runlim] sample:		2819.8 time, 2820.0 real, 405.5 MB
[runlim] sample:		2829.8 time, 2830.0 real, 405.5 MB
[runlim] sample:		2839.8 time, 2840.0 real, 405.5 MB
[runlim] sample:		2849.8 time, 2850.0 real, 405.5 MB
[runlim] sample:		2859.8 time, 2860.0 real, 405.5 MB
[runlim] sample:		2869.8 time, 2870.0 real, 405.5 MB
[runlim] sample:		2879.8 time, 2880.0 real, 405.5 MB
[runlim] sample:		2889.8 time, 2890.0 real, 405.5 MB
[runlim] sample:		2899.8 time, 2900.0 real, 405.5 MB
[runlim] sample:		2909.8 time, 2910.0 real, 405.5 MB
[runlim] sample:		2919.8 time, 2920.0 real, 405.5 MB
[runlim] sample:		2929.8 time, 2930.0 real, 405.5 MB
[runlim] sample:		2939.8 time, 2940.0 real, 405.5 MB
[runlim] sample:		2949.8 time, 2950.0 real, 405.5 MB
[runlim] sample:		2959.8 time, 2960.0 real, 405.5 MB
[runlim] sample:		2969.8 time, 2970.0 real, 405.5 MB
[runlim] sample:		2979.8 time, 2980.0 real, 405.5 MB
[runlim] sample:		2989.8 time, 2990.0 real, 405.5 MB
[runlim] sample:		2999.8 time, 3000.0 real, 405.5 MB
[runlim] sample:		3009.8 time, 3010.0 real, 405.5 MB
[runlim] sample:		3019.8 time, 3020.0 real, 405.5 MB
[runlim] sample:		3029.8 time, 3030.0 real, 405.5 MB
[runlim] sample:		3039.8 time, 3040.0 real, 405.5 MB
[runlim] sample:		3049.8 time, 3050.0 real, 405.5 MB
[runlim] sample:		3059.8 time, 3060.0 real, 405.5 MB
[runlim] sample:		3069.8 time, 3070.0 real, 405.5 MB
[runlim] sample:		3079.8 time, 3080.0 real, 405.5 MB
[runlim] sample:		3089.8 time, 3090.0 real, 405.5 MB
[runlim] sample:		3099.8 time, 3100.0 real, 405.5 MB
[runlim] sample:		3109.8 time, 3110.0 real, 405.5 MB
[runlim] sample:		3119.8 time, 3120.0 real, 405.5 MB
[runlim] sample:		3129.8 time, 3130.0 real, 405.5 MB
[runlim] sample:		3139.8 time, 3140.0 real, 405.5 MB
[runlim] sample:		3149.8 time, 3150.0 real, 405.5 MB
[runlim] sample:		3159.8 time, 3160.0 real, 405.5 MB
[runlim] sample:		3169.8 time, 3170.0 real, 405.5 MB
[runlim] sample:		3179.8 time, 3180.0 real, 405.5 MB
[runlim] sample:		3189.8 time, 3190.0 real, 405.5 MB
[runlim] sample:		3199.8 time, 3200.0 real, 760.1 MB
[runlim] sample:		3209.8 time, 3210.0 real, 760.1 MB
[runlim] sample:		3219.8 time, 3220.0 real, 760.1 MB
[runlim] sample:		3229.8 time, 3230.0 real, 797.5 MB
[runlim] sample:		3239.8 time, 3240.0 real, 937.1 MB
[runlim] sample:		3249.8 time, 3250.0 real, 509.2 MB
[runlim] sample:		3259.8 time, 3260.0 real, 403.4 MB
[runlim] sample:		3269.8 time, 3270.0 real, 403.4 MB
[runlim] sample:		3279.8 time, 3280.0 real, 403.4 MB
[runlim] sample:		3289.8 time, 3290.0 real, 403.4 MB
[runlim] sample:		3299.8 time, 3300.0 real, 475.4 MB
[runlim] sample:		3309.8 time, 3310.0 real, 403.4 MB
[runlim] sample:		3319.8 time, 3320.0 real, 403.4 MB
[runlim] sample:		3329.8 time, 3330.0 real, 403.4 MB
[runlim] sample:		3339.8 time, 3340.0 real, 403.4 MB
[runlim] sample:		3349.8 time, 3350.0 real, 403.4 MB
[runlim] sample:		3359.8 time, 3360.0 real, 403.4 MB
[runlim] sample:		3369.8 time, 3370.0 real, 403.4 MB
[runlim] sample:		3379.8 time, 3380.0 real, 403.4 MB
[runlim] sample:		3389.8 time, 3390.0 real, 403.4 MB
[runlim] sample:		3399.8 time, 3400.0 real, 403.4 MB
[runlim] sample:		3409.8 time, 3410.0 real, 403.4 MB
[runlim] sample:		3419.8 time, 3420.0 real, 403.4 MB
[runlim] sample:		3429.8 time, 3430.0 real, 403.4 MB
[runlim] sample:		3439.8 time, 3440.0 real, 403.4 MB
[runlim] sample:		3449.8 time, 3450.0 real, 403.4 MB
[runlim] sample:		3459.8 time, 3460.0 real, 403.4 MB
[runlim] sample:		3469.8 time, 3470.0 real, 403.4 MB
[runlim] sample:		3479.8 time, 3480.0 real, 403.4 MB
[runlim] sample:		3489.8 time, 3490.0 real, 403.4 MB
[runlim] sample:		3499.8 time, 3500.0 real, 403.4 MB
[runlim] sample:		3509.7 time, 3510.0 real, 403.4 MB
[runlim] sample:		3519.7 time, 3520.0 real, 403.4 MB
[runlim] sample:		3529.7 time, 3530.0 real, 403.4 MB
[runlim] sample:		3539.7 time, 3540.0 real, 403.4 MB
[runlim] sample:		3549.7 time, 3550.0 real, 403.4 MB
[runlim] sample:		3559.7 time, 3560.0 real, 403.4 MB
[runlim] sample:		3569.7 time, 3570.0 real, 403.4 MB
[runlim] sample:		3579.7 time, 3580.0 real, 403.4 MB
[runlim] sample:		3589.7 time, 3590.0 real, 403.4 MB
[runlim] sample:		3599.7 time, 3600.0 real, 403.4 MB
c Signal interruption.
[runlim] end:			Mon Aug 26 09:55:24 2024
[runlim] status:		out of time
[runlim] result:		2
[runlim] children:		0
[runlim] real:			3600.06 seconds
[runlim] time:			3599.74 seconds
[runlim] space:			1131.5 MB
[runlim] samples:		36000
