[runlim] version:		1.10
[runlim] time limit:		3600 seconds
[runlim] real time limit:	3600 seconds
[runlim] space limit:		30000 MB
[runlim] argv[0]:		/home/truongxuanhieu/AntiBandwidthReconstruct/build/abw_enc_hybrid_NSC_binomial
[runlim] argv[1]:		/home/truongxuanhieu/AntiBandwidthReconstruct/build/BenchmarksAdd/N-bcsstk07.mtx.rnd
[runlim] argv[2]:		--duplexNSC
[runlim] start:			Tue Aug 27 07:22:02 2024
[runlim] main pid:		1314
[runlim] log captured:
c DuplexEncoder 0.8.
c Solving strategy: from LB to UB.
c LB-w = 28 (LB in Sinnl - A note on computational approaches for the antibandwidth problem).
c UB-w = 72 (UB in Sinnl - A note on computational approaches for the antibandwidth problem).
c Antibandwidth problem with w = 28 ( N-bcsstk07.mtx.rnd ):
c Initializing CaDiCaL (version 1.2.1).
c	Configuring CaDiCaL as --sat (1).
c Initializing a DuplexNSC encoder with n = 420.
c Encoding starts with w = 28:
c	Labels and Vertices aux var: 32760
c	Labels and Vertices constraints:  445200
c	Obj k aux var: 312060
c	Obj k constraints: 6961860
c	Obj k glue staircase constraints: 5680440
c	Encoding duration: 2s
c	Number of clauses: 7407270
c	Number of irredundant clauses: 7404491
c	Number of variables: 521220
c SAT Solving starts:
[runlim] sample:		10.0 time, 10.4 real, 959.9 MB
c	Solving duration: 9162 ms
c	Answer: 
s SAT (w = 28)
AB is set to 366
Node 37 : 400
Node 381 : 34
AB is set to 112
Node 37 : 400
Node 362 : 288
AB is set to 35
Node 127 : 344
Node 245 : 309
AB is set to 28
Node 127 : 344
Node 135 : 316
c	Solution check:
p calculated antibandwidth = 28.
c
c
c Antibandwidth problem with w = 29 ( N-bcsstk07.mtx.rnd ):
c Initializing CaDiCaL (version 1.2.1).
c	Configuring CaDiCaL as --sat (1).
c Initializing a DuplexNSC encoder with n = 420.
c Encoding starts with w = 29:
c	Labels and Vertices aux var: 32760
c	Labels and Vertices constraints:  445200
c	Obj k aux var: 312060
c	Obj k constraints: 6963600
c	Obj k glue staircase constraints: 5676720
c	Encoding duration: 1s
c	Number of clauses: 7409010
c	Number of irredundant clauses: 7406215
c	Number of variables: 521220
c SAT Solving starts:
[runlim] sample:		20.0 time, 20.4 real, 938.0 MB
[runlim] sample:		30.0 time, 30.4 real, 989.8 MB
[runlim] sample:		40.0 time, 40.4 real, 991.6 MB
[runlim] sample:		50.0 time, 50.4 real, 981.3 MB
[runlim] sample:		60.0 time, 60.4 real, 1167.8 MB
[runlim] sample:		70.0 time, 70.4 real, 990.3 MB
[runlim] sample:		80.0 time, 80.4 real, 980.6 MB
[runlim] sample:		90.0 time, 90.4 real, 980.5 MB
[runlim] sample:		100.0 time, 100.4 real, 1043.2 MB
c	Solving duration: 89906 ms
c	Answer: 
s SAT (w = 29)
AB is set to 88
Node 37 : 391
Node 381 : 303
AB is set to 58
Node 127 : 195
Node 209 : 137
AB is set to 29
Node 127 : 195
Node 264 : 166
c	Solution check:
p calculated antibandwidth = 29.
c
c
c Antibandwidth problem with w = 30 ( N-bcsstk07.mtx.rnd ):
c Initializing CaDiCaL (version 1.2.1).
c	Configuring CaDiCaL as --sat (1).
c Initializing a DuplexNSC encoder with n = 420.
c Encoding starts with w = 30:
c	Labels and Vertices aux var: 32760
c	Labels and Vertices constraints:  439320
c	Obj k aux var: 311640
c	Obj k constraints: 6940740
c	Obj k glue staircase constraints: 5661840
c	Encoding duration: 1s
c	Number of clauses: 7380270
c	Number of irredundant clauses: 7377604
c	Number of variables: 520800
c SAT Solving starts:
[runlim] sample:		110.0 time, 110.4 real, 1130.9 MB
[runlim] sample:		120.0 time, 120.4 real, 975.1 MB
[runlim] sample:		130.0 time, 130.4 real, 979.6 MB
c	Solving duration: 25070 ms
c	Answer: 
s SAT (w = 30)
AB is set to 258
Node 37 : 99
Node 381 : 357
AB is set to 74
Node 37 : 99
Node 362 : 173
AB is set to 63
Node 127 : 294
Node 381 : 357
AB is set to 31
Node 127 : 294
Node 209 : 263
AB is set to 30
Node 127 : 294
Node 187 : 324
c	Solution check:
p calculated antibandwidth = 30.
c
c
c Antibandwidth problem with w = 31 ( N-bcsstk07.mtx.rnd ):
c Initializing CaDiCaL (version 1.2.1).
c	Configuring CaDiCaL as --sat (1).
c Initializing a DuplexNSC encoder with n = 420.
c Encoding starts with w = 31:
c	Labels and Vertices aux var: 32760
c	Labels and Vertices constraints:  439320
c	Obj k aux var: 311640
c	Obj k constraints: 6942060
c	Obj k glue staircase constraints: 5658120
c	Encoding duration: 1s
c	Number of clauses: 7381590
c	Number of irredundant clauses: 7378798
c	Number of variables: 520800
c SAT Solving starts:
[runlim] sample:		140.0 time, 140.4 real, 958.6 MB
[runlim] sample:		150.0 time, 150.4 real, 976.6 MB
c	Solving duration: 19318 ms
c	Answer: 
s SAT (w = 31)
AB is set to 261
Node 37 : 395
Node 381 : 134
AB is set to 230
Node 37 : 395
Node 362 : 165
AB is set to 115
Node 127 : 229
Node 245 : 344
AB is set to 31
Node 245 : 344
Node 264 : 313
c	Solution check:
p calculated antibandwidth = 31.
c
c
c Antibandwidth problem with w = 32 ( N-bcsstk07.mtx.rnd ):
c Initializing CaDiCaL (version 1.2.1).
c	Configuring CaDiCaL as --sat (1).
c Initializing a DuplexNSC encoder with n = 420.
c Encoding starts with w = 32:
c	Labels and Vertices aux var: 32760
c	Labels and Vertices constraints:  439320
c	Obj k aux var: 310800
c	Obj k constraints: 6930120
c	Obj k glue staircase constraints: 5643240
c	Encoding duration: 1s
c	Number of clauses: 7369650
c	Number of irredundant clauses: 7366845
c	Number of variables: 519960
c SAT Solving starts:
[runlim] sample:		160.0 time, 160.4 real, 935.7 MB
[runlim] sample:		170.0 time, 170.4 real, 995.5 MB
[runlim] sample:		180.0 time, 180.4 real, 995.0 MB
[runlim] sample:		190.0 time, 190.4 real, 925.7 MB
[runlim] sample:		200.0 time, 200.4 real, 974.5 MB
[runlim] sample:		210.0 time, 210.4 real, 979.4 MB
c	Solving duration: 63726 ms
c	Answer: 
s SAT (w = 32)
AB is set to 147
Node 37 : 358
Node 381 : 211
AB is set to 46
Node 127 : 296
Node 245 : 250
AB is set to 34
Node 127 : 296
Node 209 : 330
AB is set to 32
Node 187 : 243
Node 381 : 211
c	Solution check:
p calculated antibandwidth = 32.
c
c
c Antibandwidth problem with w = 33 ( N-bcsstk07.mtx.rnd ):
c Initializing CaDiCaL (version 1.2.1).
c	Configuring CaDiCaL as --sat (1).
c Initializing a DuplexNSC encoder with n = 420.
c Encoding starts with w = 33:
[runlim] sample:		219.9 time, 220.4 real, 796.5 MB
c	Labels and Vertices aux var: 32760
c	Labels and Vertices constraints:  433860
c	Obj k aux var: 311220
c	Obj k constraints: 6918840
c	Obj k glue staircase constraints: 5639520
c	Encoding duration: 1s
c	Number of clauses: 7352910
c	Number of irredundant clauses: 7350346
c	Number of variables: 520380
c SAT Solving starts:
[runlim] sample:		229.9 time, 230.4 real, 970.5 MB
[runlim] sample:		239.9 time, 240.4 real, 970.9 MB
[runlim] sample:		249.9 time, 250.4 real, 975.9 MB
[runlim] sample:		259.9 time, 260.4 real, 976.6 MB
[runlim] sample:		269.9 time, 270.4 real, 977.2 MB
[runlim] sample:		279.9 time, 280.4 real, 978.9 MB
[runlim] sample:		289.9 time, 290.4 real, 983.9 MB
c	Solving duration: 72566 ms
c	Answer: 
s SAT (w = 33)
AB is set to 169
Node 37 : 38
Node 381 : 207
AB is set to 162
Node 127 : 174
Node 245 : 336
AB is set to 33
Node 127 : 174
Node 381 : 207
c	Solution check:
p calculated antibandwidth = 33.
c
c
c Antibandwidth problem with w = 34 ( N-bcsstk07.mtx.rnd ):
c Initializing CaDiCaL (version 1.2.1).
c	Configuring CaDiCaL as --sat (1).
c Initializing a DuplexNSC encoder with n = 420.
c Encoding starts with w = 34:
c	Labels and Vertices aux var: 32760
c	Labels and Vertices constraints:  433860
c	Obj k aux var: 310380
c	Obj k constraints: 6906480
c	Obj k glue staircase constraints: 5624640
c	Encoding duration: 1s
c	Number of clauses: 7340550
c	Number of irredundant clauses: 7337974
c	Number of variables: 519540
c SAT Solving starts:
[runlim] sample:		299.9 time, 300.4 real, 943.1 MB
[runlim] sample:		309.9 time, 310.4 real, 970.6 MB
[runlim] sample:		319.9 time, 320.4 real, 971.2 MB
[runlim] sample:		329.9 time, 330.4 real, 973.0 MB
[runlim] sample:		339.9 time, 340.4 real, 946.4 MB
[runlim] sample:		349.9 time, 350.4 real, 975.6 MB
[runlim] sample:		359.9 time, 360.4 real, 980.4 MB
[runlim] sample:		369.9 time, 370.4 real, 1156.3 MB
[runlim] sample:		379.9 time, 380.4 real, 977.2 MB
[runlim] sample:		389.9 time, 390.4 real, 982.7 MB
[runlim] sample:		399.9 time, 400.4 real, 986.2 MB
[runlim] sample:		409.9 time, 410.4 real, 984.5 MB
[runlim] sample:		419.9 time, 420.4 real, 988.1 MB
[runlim] sample:		429.9 time, 430.4 real, 990.2 MB
[runlim] sample:		439.9 time, 440.4 real, 988.6 MB
[runlim] sample:		449.9 time, 450.4 real, 1009.2 MB
[runlim] sample:		459.9 time, 460.4 real, 1187.3 MB
[runlim] sample:		469.9 time, 470.4 real, 989.3 MB
[runlim] sample:		479.9 time, 480.4 real, 989.2 MB
[runlim] sample:		489.9 time, 490.4 real, 990.5 MB
[runlim] sample:		499.9 time, 500.4 real, 989.7 MB
[runlim] sample:		509.9 time, 510.4 real, 989.6 MB
[runlim] sample:		519.9 time, 520.4 real, 992.0 MB
[runlim] sample:		529.9 time, 530.4 real, 989.2 MB
[runlim] sample:		539.9 time, 540.4 real, 992.9 MB
[runlim] sample:		549.9 time, 550.4 real, 997.4 MB
[runlim] sample:		559.9 time, 560.4 real, 1010.6 MB
[runlim] sample:		569.9 time, 570.4 real, 993.3 MB
[runlim] sample:		579.9 time, 580.4 real, 993.2 MB
[runlim] sample:		589.9 time, 590.4 real, 967.1 MB
[runlim] sample:		599.9 time, 600.4 real, 943.6 MB
[runlim] sample:		609.8 time, 610.4 real, 946.1 MB
[runlim] sample:		619.8 time, 620.4 real, 970.1 MB
[runlim] sample:		629.8 time, 630.4 real, 1166.1 MB
[runlim] sample:		639.8 time, 640.4 real, 977.3 MB
[runlim] sample:		649.8 time, 650.4 real, 1003.9 MB
c	Solving duration: 357557 ms
c	Answer: 
s SAT (w = 34)
AB is set to 78
Node 37 : 188
Node 381 : 266
AB is set to 34
Node 31 : 114
Node 137 : 148
c	Solution check:
p calculated antibandwidth = 34.
c
c
c Antibandwidth problem with w = 35 ( N-bcsstk07.mtx.rnd ):
c Initializing CaDiCaL (version 1.2.1).
c	Configuring CaDiCaL as --sat (1).
c Initializing a DuplexNSC encoder with n = 420.
c Encoding starts with w = 35:
c	Labels and Vertices aux var: 32760
c	Labels and Vertices constraints:  428820
c	Obj k aux var: 309960
c	Obj k constraints: 6880680
c	Obj k glue staircase constraints: 5609760
c	Encoding duration: 1s
c	Number of clauses: 7309710
c	Number of irredundant clauses: 7307270
c	Number of variables: 519120
c SAT Solving starts:
[runlim] sample:		659.8 time, 660.4 real, 963.6 MB
[runlim] sample:		669.8 time, 670.4 real, 967.6 MB
[runlim] sample:		679.8 time, 680.4 real, 944.4 MB
[runlim] sample:		689.8 time, 690.4 real, 968.6 MB
[runlim] sample:		699.8 time, 700.4 real, 1140.6 MB
[runlim] sample:		709.8 time, 710.4 real, 969.2 MB
[runlim] sample:		719.8 time, 720.4 real, 969.8 MB
[runlim] sample:		729.8 time, 730.4 real, 970.9 MB
[runlim] sample:		739.8 time, 740.4 real, 973.8 MB
[runlim] sample:		749.8 time, 750.4 real, 1205.6 MB
[runlim] sample:		759.8 time, 760.4 real, 1155.5 MB
[runlim] sample:		769.8 time, 770.4 real, 981.1 MB
[runlim] sample:		779.8 time, 780.4 real, 1000.5 MB
[runlim] sample:		789.8 time, 790.4 real, 959.3 MB
[runlim] sample:		799.8 time, 800.4 real, 1139.7 MB
[runlim] sample:		809.8 time, 810.4 real, 959.1 MB
[runlim] sample:		819.8 time, 820.4 real, 939.7 MB
[runlim] sample:		829.8 time, 830.4 real, 933.4 MB
[runlim] sample:		839.8 time, 840.4 real, 979.7 MB
[runlim] sample:		849.8 time, 850.4 real, 986.0 MB
[runlim] sample:		859.8 time, 860.4 real, 986.0 MB
[runlim] sample:		869.8 time, 870.4 real, 986.0 MB
[runlim] sample:		879.8 time, 880.4 real, 1065.1 MB
[runlim] sample:		889.8 time, 890.4 real, 944.5 MB
[runlim] sample:		899.8 time, 900.4 real, 989.3 MB
[runlim] sample:		909.8 time, 910.4 real, 986.4 MB
[runlim] sample:		919.8 time, 920.4 real, 939.2 MB
[runlim] sample:		929.8 time, 930.4 real, 939.9 MB
[runlim] sample:		939.8 time, 940.4 real, 946.1 MB
[runlim] sample:		949.8 time, 950.4 real, 987.9 MB
[runlim] sample:		959.8 time, 960.4 real, 952.6 MB
[runlim] sample:		969.8 time, 970.4 real, 944.5 MB
[runlim] sample:		979.8 time, 980.4 real, 1004.1 MB
[runlim] sample:		989.8 time, 990.4 real, 1004.1 MB
[runlim] sample:		999.8 time, 1000.4 real, 952.5 MB
[runlim] sample:		1009.8 time, 1010.4 real, 955.8 MB
[runlim] sample:		1019.8 time, 1020.4 real, 951.7 MB
[runlim] sample:		1029.8 time, 1030.4 real, 993.3 MB
[runlim] sample:		1039.8 time, 1040.4 real, 985.8 MB
[runlim] sample:		1049.8 time, 1050.4 real, 1001.0 MB
[runlim] sample:		1059.8 time, 1060.4 real, 1001.0 MB
[runlim] sample:		1069.8 time, 1070.4 real, 1047.9 MB
[runlim] sample:		1079.8 time, 1080.4 real, 979.0 MB
[runlim] sample:		1089.8 time, 1090.4 real, 1145.9 MB
[runlim] sample:		1099.8 time, 1100.4 real, 952.2 MB
[runlim] sample:		1109.8 time, 1110.4 real, 949.2 MB
[runlim] sample:		1119.8 time, 1120.4 real, 960.3 MB
[runlim] sample:		1129.8 time, 1130.4 real, 966.3 MB
[runlim] sample:		1139.8 time, 1140.4 real, 966.3 MB
[runlim] sample:		1149.8 time, 1150.4 real, 988.3 MB
[runlim] sample:		1159.8 time, 1160.4 real, 956.2 MB
[runlim] sample:		1169.8 time, 1170.4 real, 974.4 MB
[runlim] sample:		1179.8 time, 1180.4 real, 958.3 MB
[runlim] sample:		1189.8 time, 1190.4 real, 997.0 MB
[runlim] sample:		1199.8 time, 1200.4 real, 997.9 MB
[runlim] sample:		1209.8 time, 1210.4 real, 997.9 MB
[runlim] sample:		1219.8 time, 1220.4 real, 1009.2 MB
[runlim] sample:		1229.8 time, 1230.4 real, 1009.1 MB
[runlim] sample:		1239.8 time, 1240.4 real, 1007.8 MB
[runlim] sample:		1249.8 time, 1250.4 real, 999.6 MB
[runlim] sample:		1259.8 time, 1260.4 real, 999.6 MB
[runlim] sample:		1269.8 time, 1270.4 real, 1198.6 MB
[runlim] sample:		1279.8 time, 1280.4 real, 997.5 MB
[runlim] sample:		1289.8 time, 1290.4 real, 995.7 MB
[runlim] sample:		1299.8 time, 1300.4 real, 1002.3 MB
[runlim] sample:		1309.8 time, 1310.4 real, 997.1 MB
[runlim] sample:		1319.8 time, 1320.4 real, 997.1 MB
[runlim] sample:		1329.8 time, 1330.4 real, 1019.8 MB
[runlim] sample:		1339.8 time, 1340.4 real, 1013.2 MB
[runlim] sample:		1349.8 time, 1350.4 real, 1013.2 MB
[runlim] sample:		1359.8 time, 1360.4 real, 1013.2 MB
[runlim] sample:		1369.8 time, 1370.4 real, 1080.2 MB
[runlim] sample:		1379.8 time, 1380.4 real, 1193.2 MB
[runlim] sample:		1389.8 time, 1390.4 real, 1301.2 MB
[runlim] sample:		1399.8 time, 1400.4 real, 1785.5 MB
[runlim] sample:		1409.8 time, 1410.4 real, 1132.2 MB
[runlim] sample:		1419.8 time, 1420.4 real, 1028.9 MB
[runlim] sample:		1429.8 time, 1430.4 real, 950.1 MB
[runlim] sample:		1439.8 time, 1440.4 real, 983.7 MB
[runlim] sample:		1449.8 time, 1450.4 real, 983.6 MB
[runlim] sample:		1459.8 time, 1460.4 real, 990.4 MB
[runlim] sample:		1469.8 time, 1470.4 real, 990.4 MB
[runlim] sample:		1479.8 time, 1480.4 real, 998.6 MB
[runlim] sample:		1489.8 time, 1490.4 real, 1024.1 MB
[runlim] sample:		1499.8 time, 1500.4 real, 1012.8 MB
[runlim] sample:		1509.8 time, 1510.4 real, 1012.7 MB
[runlim] sample:		1519.8 time, 1520.4 real, 1010.5 MB
[runlim] sample:		1529.8 time, 1530.4 real, 1010.5 MB
[runlim] sample:		1539.8 time, 1540.4 real, 1010.9 MB
[runlim] sample:		1549.8 time, 1550.4 real, 1010.8 MB
[runlim] sample:		1559.8 time, 1560.4 real, 1021.5 MB
[runlim] sample:		1569.8 time, 1570.4 real, 1020.5 MB
[runlim] sample:		1579.8 time, 1580.4 real, 1020.5 MB
[runlim] sample:		1589.8 time, 1590.4 real, 1031.7 MB
[runlim] sample:		1599.8 time, 1600.4 real, 1234.6 MB
[runlim] sample:		1609.8 time, 1610.4 real, 1014.0 MB
[runlim] sample:		1619.8 time, 1620.4 real, 1020.0 MB
[runlim] sample:		1629.8 time, 1630.4 real, 1020.0 MB
[runlim] sample:		1639.8 time, 1640.4 real, 1062.1 MB
[runlim] sample:		1649.8 time, 1650.4 real, 1268.5 MB
[runlim] sample:		1659.7 time, 1660.4 real, 1017.5 MB
[runlim] sample:		1669.7 time, 1670.4 real, 1005.4 MB
[runlim] sample:		1679.8 time, 1680.4 real, 1018.9 MB
[runlim] sample:		1689.7 time, 1690.4 real, 1018.9 MB
[runlim] sample:		1699.7 time, 1700.4 real, 1028.9 MB
[runlim] sample:		1709.7 time, 1710.4 real, 1028.9 MB
[runlim] sample:		1719.7 time, 1720.4 real, 1018.7 MB
[runlim] sample:		1729.7 time, 1730.4 real, 1018.7 MB
[runlim] sample:		1739.7 time, 1740.4 real, 971.2 MB
[runlim] sample:		1749.7 time, 1750.4 real, 1179.1 MB
[runlim] sample:		1759.7 time, 1760.4 real, 1030.1 MB
[runlim] sample:		1769.7 time, 1770.4 real, 1053.9 MB
[runlim] sample:		1779.7 time, 1780.4 real, 1034.1 MB
[runlim] sample:		1789.7 time, 1790.4 real, 1034.1 MB
[runlim] sample:		1799.7 time, 1800.4 real, 1014.5 MB
[runlim] sample:		1809.7 time, 1810.4 real, 1237.5 MB
[runlim] sample:		1819.7 time, 1820.4 real, 1011.6 MB
[runlim] sample:		1829.7 time, 1830.4 real, 1011.6 MB
[runlim] sample:		1839.7 time, 1840.4 real, 1041.7 MB
[runlim] sample:		1849.7 time, 1850.4 real, 1061.2 MB
[runlim] sample:		1859.7 time, 1860.4 real, 1061.2 MB
[runlim] sample:		1869.7 time, 1870.4 real, 1030.7 MB
[runlim] sample:		1879.7 time, 1880.4 real, 1030.7 MB
[runlim] sample:		1889.7 time, 1890.4 real, 1033.0 MB
[runlim] sample:		1899.7 time, 1900.4 real, 1033.0 MB
[runlim] sample:		1909.7 time, 1910.4 real, 1032.9 MB
[runlim] sample:		1919.7 time, 1920.4 real, 1091.3 MB
[runlim] sample:		1929.7 time, 1930.4 real, 1022.5 MB
[runlim] sample:		1939.7 time, 1940.4 real, 1022.5 MB
[runlim] sample:		1949.7 time, 1950.4 real, 1045.9 MB
[runlim] sample:		1959.7 time, 1960.4 real, 1045.9 MB
[runlim] sample:		1969.7 time, 1970.4 real, 1047.9 MB
[runlim] sample:		1979.7 time, 1980.4 real, 1049.9 MB
[runlim] sample:		1989.7 time, 1990.4 real, 1049.9 MB
[runlim] sample:		1999.7 time, 2000.4 real, 1016.2 MB
[runlim] sample:		2009.7 time, 2010.4 real, 1048.2 MB
[runlim] sample:		2019.7 time, 2020.4 real, 981.4 MB
[runlim] sample:		2029.7 time, 2030.4 real, 1022.3 MB
[runlim] sample:		2039.7 time, 2040.4 real, 1033.0 MB
[runlim] sample:		2049.7 time, 2050.4 real, 1033.0 MB
[runlim] sample:		2059.7 time, 2060.4 real, 1026.3 MB
[runlim] sample:		2069.7 time, 2070.4 real, 1026.2 MB
[runlim] sample:		2079.7 time, 2080.4 real, 1036.1 MB
[runlim] sample:		2089.7 time, 2090.4 real, 1033.6 MB
[runlim] sample:		2099.7 time, 2100.4 real, 1033.6 MB
[runlim] sample:		2109.7 time, 2110.4 real, 1259.2 MB
[runlim] sample:		2119.7 time, 2120.4 real, 1041.7 MB
[runlim] sample:		2129.7 time, 2130.4 real, 1041.7 MB
[runlim] sample:		2139.7 time, 2140.4 real, 1074.4 MB
[runlim] sample:		2149.7 time, 2150.4 real, 1074.4 MB
[runlim] sample:		2159.7 time, 2160.4 real, 1017.6 MB
[runlim] sample:		2169.7 time, 2170.4 real, 1017.6 MB
[runlim] sample:		2179.7 time, 2180.4 real, 1017.6 MB
[runlim] sample:		2189.7 time, 2190.4 real, 1018.9 MB
[runlim] sample:		2199.7 time, 2200.4 real, 1221.1 MB
[runlim] sample:		2209.7 time, 2210.4 real, 1018.3 MB
[runlim] sample:		2219.7 time, 2220.4 real, 1032.4 MB
[runlim] sample:		2229.7 time, 2230.4 real, 1032.4 MB
[runlim] sample:		2239.7 time, 2240.4 real, 984.9 MB
[runlim] sample:		2249.7 time, 2250.4 real, 1026.7 MB
[runlim] sample:		2259.7 time, 2260.4 real, 1026.7 MB
[runlim] sample:		2269.7 time, 2270.4 real, 1039.0 MB
[runlim] sample:		2279.7 time, 2280.4 real, 1039.0 MB
[runlim] sample:		2289.7 time, 2290.4 real, 1027.2 MB
[runlim] sample:		2299.7 time, 2300.4 real, 1027.1 MB
[runlim] sample:		2309.7 time, 2310.4 real, 1035.6 MB
[runlim] sample:		2319.7 time, 2320.4 real, 1035.6 MB
[runlim] sample:		2329.7 time, 2330.4 real, 1063.7 MB
[runlim] sample:		2339.7 time, 2340.4 real, 1063.7 MB
[runlim] sample:		2349.7 time, 2350.4 real, 1051.7 MB
[runlim] sample:		2359.7 time, 2360.4 real, 1099.5 MB
[runlim] sample:		2369.7 time, 2370.4 real, 1269.3 MB
[runlim] sample:		2379.7 time, 2380.4 real, 998.9 MB
[runlim] sample:		2389.7 time, 2390.4 real, 1020.3 MB
[runlim] sample:		2399.7 time, 2400.4 real, 1020.3 MB
[runlim] sample:		2409.7 time, 2410.4 real, 1028.3 MB
[runlim] sample:		2419.7 time, 2420.4 real, 1072.3 MB
[runlim] sample:		2429.7 time, 2430.4 real, 1072.3 MB
[runlim] sample:		2439.7 time, 2440.4 real, 1067.1 MB
[runlim] sample:		2449.7 time, 2450.4 real, 1067.1 MB
[runlim] sample:		2459.7 time, 2460.4 real, 1085.0 MB
[runlim] sample:		2469.7 time, 2470.4 real, 1085.0 MB
[runlim] sample:		2479.7 time, 2480.4 real, 1060.2 MB
[runlim] sample:		2489.7 time, 2490.4 real, 1060.2 MB
[runlim] sample:		2499.7 time, 2500.4 real, 1060.2 MB
[runlim] sample:		2509.7 time, 2510.4 real, 1126.2 MB
[runlim] sample:		2519.7 time, 2520.4 real, 1357.1 MB
[runlim] sample:		2529.7 time, 2530.4 real, 1068.9 MB
[runlim] sample:		2539.7 time, 2540.4 real, 1068.9 MB
[runlim] sample:		2549.7 time, 2550.4 real, 1070.9 MB
[runlim] sample:		2559.7 time, 2560.4 real, 1070.9 MB
[runlim] sample:		2569.7 time, 2570.4 real, 1065.9 MB
[runlim] sample:		2579.7 time, 2580.4 real, 1065.9 MB
[runlim] sample:		2589.7 time, 2590.4 real, 1077.3 MB
[runlim] sample:		2599.7 time, 2600.4 real, 1077.3 MB
[runlim] sample:		2609.7 time, 2610.4 real, 1077.3 MB
[runlim] sample:		2619.7 time, 2620.4 real, 1105.7 MB
[runlim] sample:		2629.7 time, 2630.4 real, 1105.7 MB
[runlim] sample:		2639.7 time, 2640.4 real, 1072.8 MB
[runlim] sample:		2649.7 time, 2650.4 real, 1072.8 MB
[runlim] sample:		2659.7 time, 2660.4 real, 1072.8 MB
[runlim] sample:		2669.7 time, 2670.4 real, 1072.8 MB
[runlim] sample:		2679.7 time, 2680.4 real, 1394.3 MB
[runlim] sample:		2689.7 time, 2690.4 real, 1156.7 MB
[runlim] sample:		2699.7 time, 2700.4 real, 1156.7 MB
[runlim] sample:		2709.7 time, 2710.4 real, 1135.0 MB
[runlim] sample:		2719.7 time, 2720.4 real, 1135.0 MB
[runlim] sample:		2729.7 time, 2730.4 real, 1054.1 MB
[runlim] sample:		2739.7 time, 2740.4 real, 1054.1 MB
[runlim] sample:		2749.7 time, 2750.4 real, 1054.1 MB
[runlim] sample:		2759.7 time, 2760.4 real, 1051.6 MB
[runlim] sample:		2769.7 time, 2770.4 real, 1045.0 MB
[runlim] sample:		2779.7 time, 2780.4 real, 1045.0 MB
[runlim] sample:		2789.7 time, 2790.4 real, 1050.8 MB
[runlim] sample:		2799.7 time, 2800.4 real, 1050.8 MB
[runlim] sample:		2809.7 time, 2810.4 real, 1066.6 MB
[runlim] sample:		2819.7 time, 2820.4 real, 1257.8 MB
[runlim] sample:		2829.7 time, 2830.4 real, 1018.1 MB
[runlim] sample:		2839.7 time, 2840.4 real, 1018.1 MB
[runlim] sample:		2849.7 time, 2850.4 real, 1018.4 MB
[runlim] sample:		2859.7 time, 2860.4 real, 1242.1 MB
[runlim] sample:		2869.7 time, 2870.4 real, 1242.1 MB
[runlim] sample:		2879.7 time, 2880.4 real, 1238.4 MB
[runlim] sample:		2889.7 time, 2890.4 real, 1245.9 MB
[runlim] sample:		2899.7 time, 2900.4 real, 1109.6 MB
[runlim] sample:		2909.7 time, 2910.4 real, 1109.6 MB
[runlim] sample:		2919.7 time, 2920.4 real, 1109.6 MB
[runlim] sample:		2929.7 time, 2930.4 real, 1083.0 MB
[runlim] sample:		2939.7 time, 2940.4 real, 1089.0 MB
[runlim] sample:		2949.7 time, 2950.4 real, 1344.8 MB
[runlim] sample:		2959.7 time, 2960.4 real, 1109.0 MB
[runlim] sample:		2969.7 time, 2970.4 real, 1161.6 MB
[runlim] sample:		2979.7 time, 2980.4 real, 1090.3 MB
[runlim] sample:		2989.7 time, 2990.4 real, 1048.3 MB
[runlim] sample:		2999.7 time, 3000.4 real, 1092.3 MB
[runlim] sample:		3009.7 time, 3010.4 real, 1084.3 MB
[runlim] sample:		3019.7 time, 3020.4 real, 1069.5 MB
[runlim] sample:		3029.7 time, 3030.4 real, 1069.5 MB
[runlim] sample:		3039.7 time, 3040.4 real, 1069.5 MB
[runlim] sample:		3049.7 time, 3050.4 real, 1137.2 MB
[runlim] sample:		3059.7 time, 3060.4 real, 1137.2 MB
[runlim] sample:		3069.6 time, 3070.4 real, 1072.8 MB
[runlim] sample:		3079.6 time, 3080.4 real, 1072.8 MB
[runlim] sample:		3089.6 time, 3090.4 real, 1072.8 MB
[runlim] sample:		3099.6 time, 3100.4 real, 1098.2 MB
[runlim] sample:		3109.6 time, 3110.4 real, 1098.2 MB
[runlim] sample:		3119.6 time, 3120.4 real, 1098.2 MB
[runlim] sample:		3129.7 time, 3130.4 real, 1102.7 MB
[runlim] sample:		3139.6 time, 3140.4 real, 1102.7 MB
[runlim] sample:		3149.6 time, 3150.4 real, 1093.7 MB
[runlim] sample:		3159.6 time, 3160.4 real, 1108.6 MB
[runlim] sample:		3169.6 time, 3170.4 real, 1100.7 MB
[runlim] sample:		3179.6 time, 3180.4 real, 1081.1 MB
[runlim] sample:		3189.6 time, 3190.4 real, 1081.1 MB
[runlim] sample:		3199.6 time, 3200.4 real, 1095.5 MB
[runlim] sample:		3209.6 time, 3210.4 real, 1095.5 MB
[runlim] sample:		3219.6 time, 3220.4 real, 1095.5 MB
[runlim] sample:		3229.6 time, 3230.4 real, 1342.9 MB
[runlim] sample:		3239.6 time, 3240.4 real, 1083.0 MB
[runlim] sample:		3249.6 time, 3250.4 real, 1083.0 MB
[runlim] sample:		3259.6 time, 3260.4 real, 1094.3 MB
[runlim] sample:		3269.6 time, 3270.4 real, 1094.3 MB
[runlim] sample:		3279.6 time, 3280.4 real, 1093.8 MB
[runlim] sample:		3289.6 time, 3290.4 real, 1093.8 MB
[runlim] sample:		3299.6 time, 3300.4 real, 1093.8 MB
[runlim] sample:		3309.6 time, 3310.4 real, 1093.8 MB
[runlim] sample:		3319.6 time, 3320.4 real, 1104.8 MB
[runlim] sample:		3329.6 time, 3330.4 real, 1104.8 MB
[runlim] sample:		3339.6 time, 3340.4 real, 1083.0 MB
[runlim] sample:		3349.6 time, 3350.4 real, 1083.0 MB
[runlim] sample:		3359.6 time, 3360.4 real, 1083.0 MB
[runlim] sample:		3369.6 time, 3370.4 real, 1094.0 MB
[runlim] sample:		3379.6 time, 3380.4 real, 1094.0 MB
[runlim] sample:		3389.6 time, 3390.4 real, 1094.0 MB
[runlim] sample:		3399.6 time, 3400.4 real, 1083.9 MB
[runlim] sample:		3409.6 time, 3410.4 real, 1083.9 MB
[runlim] sample:		3419.6 time, 3420.4 real, 1083.9 MB
[runlim] sample:		3429.6 time, 3430.4 real, 1083.9 MB
[runlim] sample:		3439.6 time, 3440.4 real, 1214.3 MB
[runlim] sample:		3449.6 time, 3450.4 real, 1214.3 MB
[runlim] sample:		3459.6 time, 3460.4 real, 1097.1 MB
[runlim] sample:		3469.6 time, 3470.4 real, 1097.1 MB
[runlim] sample:		3479.6 time, 3480.4 real, 1097.1 MB
[runlim] sample:		3489.6 time, 3490.4 real, 1097.1 MB
[runlim] sample:		3499.6 time, 3500.4 real, 1097.1 MB
[runlim] sample:		3509.6 time, 3510.4 real, 1152.6 MB
[runlim] sample:		3519.6 time, 3520.4 real, 1152.6 MB
[runlim] sample:		3529.6 time, 3530.4 real, 1152.6 MB
[runlim] sample:		3539.6 time, 3540.4 real, 1152.6 MB
[runlim] sample:		3549.6 time, 3550.4 real, 1117.6 MB
[runlim] sample:		3559.6 time, 3560.4 real, 1117.6 MB
[runlim] sample:		3569.6 time, 3570.4 real, 1117.6 MB
[runlim] sample:		3579.6 time, 3580.4 real, 1101.3 MB
[runlim] sample:		3589.6 time, 3590.4 real, 1101.3 MB
c Signal interruption.
[runlim] end:			Tue Aug 27 08:22:02 2024
[runlim] status:		out of time
[runlim] result:		2
[runlim] children:		0
[runlim] real:			3600.11 seconds
[runlim] time:			3599.30 seconds
[runlim] space:			2051.4 MB
[runlim] samples:		35997
