[runlim] version:		1.10
[runlim] time limit:		3600 seconds
[runlim] real time limit:	3600 seconds
[runlim] space limit:		30000 MB
[runlim] argv[0]:		/home/truongxuanhieu/AntiBandwidthReconstruct/build/abw_enc_hybrid_NSC_binomial
[runlim] argv[1]:		/home/truongxuanhieu/AntiBandwidthReconstruct/build/Benchmarks/W-685_bus.mtx.rnd
[runlim] argv[2]:		--duplexNSC
[runlim] start:			Mon Aug 26 12:55:29 2024
[runlim] main pid:		7121
[runlim] log captured:
c DuplexEncoder 0.8.
c Solving strategy: from LB to UB.
c LB-w = 136 (LB in Sinnl - A note on computational approaches for the antibandwidth problem).
c UB-w = 136 (UB in Sinnl - A note on computational approaches for the antibandwidth problem).
c Antibandwidth problem with w = 136 ( W-685_bus.mtx.rnd ):
c Initializing CaDiCaL (version 1.2.1).
c	Configuring CaDiCaL as --sat (1).
c Initializing a DuplexNSC encoder with n = 685.
c Encoding starts with w = 136:
c	Labels and Vertices aux var: 69870
c	Labels and Vertices constraints:  1052160
c	Obj k aux var: 743910
c	Obj k constraints: 5967925
c	Obj k glue staircase constraints: 2801170
c	Encoding duration: 2s
c	Number of clauses: 7020427
c	Number of irredundant clauses: 7018075
c	Number of variables: 1283005
c SAT Solving starts:
c	Solving duration: 6243 ms
c	Answer: 
s SAT (w = 136)
AB is set to 136
Node 312 : 610
Node 350 : 474
c	Solution check:
p calculated antibandwidth = 136.
c
c
[runlim] end:			Mon Aug 26 12:55:38 2024
[runlim] status:		ok
[runlim] result:		0
[runlim] children:		0
[runlim] real:			9.45 seconds
[runlim] time:			8.79 seconds
[runlim] space:			1130.0 MB
[runlim] samples:		88
