[runlim] version:		1.10
[runlim] time limit:		3600 seconds
[runlim] real time limit:	3600 seconds
[runlim] space limit:		30000 MB
[runlim] argv[0]:		/home/truongxuanhieu/AntiBandwidthReconstruct/build/abw_enc_no_symbreak
[runlim] argv[1]:		/home/truongxuanhieu/AntiBandwidthReconstruct/build/Benchmarks/A-pores_1.mtx.rnd
[runlim] argv[2]:		--duplex
[runlim] start:			Tue Aug 20 05:09:04 2024
[runlim] main pid:		48510
[runlim] log captured:
c DuplexEncoder 0.8.
c Solving strategy: from LB to UB.
c LB-w = 6 (LB in Sinnl - A note on computational approaches for the antibandwidth problem).
c UB-w = 8 (UB in Sinnl - A note on computational approaches for the antibandwidth problem).
c Antibandwidth problem with w = 6 ( A-pores_1.mtx.rnd ):
c Initializing CaDiCaL (version 1.2.1).
c	Configuring CaDiCaL as --sat (1).
c Initializing a Duplex encoder with n = 30.
c Encoding starts with w = 6:
c	Labels and Vertices aux var: 540
c	Labels and Vertices constraints:  2850
c	Obj k aux var: 2400
c	Obj k constraints: 16825
c	Obj k glue staircase constraints: 8755
c	Encoding duration: 0s
c	Number of clauses: 19675
c	Number of irredundant clauses: 18325
c	Number of variables: 3840
c SAT Solving starts:
c	Solving duration: 54 ms
c	Answer: 
s SAT (w = 6)
c	Solution check:
p calculated antibandwidth = 6.
c
c
c Antibandwidth problem with w = 7 ( A-pores_1.mtx.rnd ):
c Initializing CaDiCaL (version 1.2.1).
c	Configuring CaDiCaL as --sat (1).
c Initializing a Duplex encoder with n = 30.
c Encoding starts with w = 7:
c	Labels and Vertices aux var: 540
c	Labels and Vertices constraints:  2850
c	Obj k aux var: 2580
c	Obj k constraints: 17305
c	Obj k glue staircase constraints: 8755
c	Encoding duration: 0s
c	Number of clauses: 20155
c	Number of irredundant clauses: 18775
c	Number of variables: 4020
c SAT Solving starts:
c	Solving duration: 1760 ms
c	Answer: 
s UNSAT (w = 7)
c
c
[runlim] end:			Tue Aug 20 05:09:05 2024
[runlim] status:		ok
[runlim] result:		0
[runlim] children:		0
[runlim] real:			1.87 seconds
[runlim] time:			1.79 seconds
[runlim] space:			10.5 MB
[runlim] samples:		18
