[runlim] version:		1.10
[runlim] time limit:		3600 seconds
[runlim] real time limit:	3600 seconds
[runlim] space limit:		30000 MB
[runlim] argv[0]:		/home/truongxuanhieu/AntiBandwidthReconstruct/build/abw_enc_no_symbreak
[runlim] argv[1]:		/home/truongxuanhieu/AntiBandwidthReconstruct/build/Benchmarks/E-bcspwr02.mtx.rnd
[runlim] argv[2]:		--duplexNSC
[runlim] start:			Tue Aug 20 02:08:50 2024
[runlim] main pid:		47630
[runlim] log captured:
c DuplexEncoder 0.8.
c Solving strategy: from LB to UB.
c LB-w = 21 (LB in Sinnl - A note on computational approaches for the antibandwidth problem).
c UB-w = 22 (UB in Sinnl - A note on computational approaches for the antibandwidth problem).
c Antibandwidth problem with w = 21 ( E-bcspwr02.mtx.rnd ):
c Initializing CaDiCaL (version 1.2.1).
c	Configuring CaDiCaL as --sat (1).
c Initializing a DuplexNSC encoder with n = 49.
c Encoding starts with w = 21:
c	Labels and Vertices aux var: 1176
c	Labels and Vertices constraints:  6615
c	Obj k aux var: 3185
c	Obj k constraints: 19769
c	Obj k glue staircase constraints: 6490
c	Encoding duration: 0s
c	Number of clauses: 26384
c	Number of irredundant clauses: 26384
c	Number of variables: 6762
c SAT Solving starts:
c	Solving duration: 115 ms
c	Answer: 
s SAT (w = 21)
c	Solution check:
p calculated antibandwidth = 21.
c
c
c Antibandwidth problem with w = 22 ( E-bcspwr02.mtx.rnd ):
c Initializing CaDiCaL (version 1.2.1).
c	Configuring CaDiCaL as --sat (1).
c Initializing a DuplexNSC encoder with n = 49.
c Encoding starts with w = 22:
c	Labels and Vertices aux var: 1176
c	Labels and Vertices constraints:  6615
c	Obj k aux var: 3234
c	Obj k constraints: 19631
c	Obj k glue staircase constraints: 6254
c	Encoding duration: 0s
c	Number of clauses: 26246
c	Number of irredundant clauses: 26246
c	Number of variables: 6811
c SAT Solving starts:
c	Solving duration: 1323 ms
c	Answer: 
s UNSAT (w = 22)
c
c
[runlim] end:			Tue Aug 20 02:08:51 2024
[runlim] status:		ok
[runlim] result:		0
[runlim] children:		0
[runlim] real:			1.59 seconds
[runlim] time:			1.39 seconds
[runlim] space:			11.3 MB
[runlim] samples:		14
