[runlim] version:		1.10
[runlim] time limit:		3600 seconds
[runlim] real time limit:	3600 seconds
[runlim] space limit:		30000 MB
[runlim] argv[0]:		/home/truongxuanhieu/AntiBandwidthReconstruct/build/abw_enc_no_symbreak
[runlim] argv[1]:		/home/truongxuanhieu/AntiBandwidthReconstruct/build/Benchmarks/H-impcol_b.mtx.rnd
[runlim] argv[2]:		--duplex
[runlim] start:			Tue Aug 20 05:13:07 2024
[runlim] main pid:		48567
[runlim] log captured:
c DuplexEncoder 0.8.
c Solving strategy: from LB to UB.
c LB-w = 8 (LB in Sinnl - A note on computational approaches for the antibandwidth problem).
c UB-w = 8 (UB in Sinnl - A note on computational approaches for the antibandwidth problem).
c Antibandwidth problem with w = 8 ( H-impcol_b.mtx.rnd ):
c Initializing CaDiCaL (version 1.2.1).
c	Configuring CaDiCaL as --sat (1).
c Initializing a Duplex encoder with n = 59.
c Encoding starts with w = 8:
c	Labels and Vertices aux var: 1652
c	Labels and Vertices constraints:  10974
c	Obj k aux var: 10974
c	Obj k constraints: 89349
c	Obj k glue staircase constraints: 52828
c	Encoding duration: 0s
c	Number of clauses: 100323
c	Number of irredundant clauses: 94482
c	Number of variables: 16107
c SAT Solving starts:
c	Solving duration: 119 ms
c	Answer: 
s SAT (w = 8)
c	Solution check:
p calculated antibandwidth = 8.
c
c
[runlim] end:			Tue Aug 20 05:13:07 2024
[runlim] status:		ok
[runlim] result:		0
[runlim] children:		0
[runlim] real:			0.17 seconds
[runlim] time:			0.09 seconds
[runlim] space:			19.4 MB
[runlim] samples:		1
