[runlim] version:		1.10
[runlim] time limit:		3600 seconds
[runlim] real time limit:	3600 seconds
[runlim] space limit:		30000 MB
[runlim] argv[0]:		/home/truongxuanhieu/AntiBandwidthReconstruct/build/abw_enc_no_symbreak
[runlim] argv[1]:		/home/truongxuanhieu/AntiBandwidthReconstruct/build/Benchmarks/I-ash85.mtx.rnd
[runlim] argv[2]:		--duplex
[runlim] start:			Tue Aug 20 04:09:04 2024
[runlim] main pid:		48271
[runlim] log captured:
c DuplexEncoder 0.8.
c Solving strategy: from LB to UB.
c LB-w = 19 (LB in Sinnl - A note on computational approaches for the antibandwidth problem).
c UB-w = 27 (UB in Sinnl - A note on computational approaches for the antibandwidth problem).
c Antibandwidth problem with w = 19 ( I-ash85.mtx.rnd ):
c Initializing CaDiCaL (version 1.2.1).
c	Configuring CaDiCaL as --sat (1).
c Initializing a Duplex encoder with n = 85.
c Encoding starts with w = 19:
c	Labels and Vertices aux var: 2890
c	Labels and Vertices constraints:  19465
c	Obj k aux var: 22780
c	Obj k constraints: 130148
c	Obj k glue staircase constraints: 56283
c	Encoding duration: 0s
c	Number of clauses: 149613
c	Number of irredundant clauses: 138393
c	Number of variables: 32895
c SAT Solving starts:
c	Solving duration: 2974 ms
c	Answer: 
s SAT (w = 19)
c	Solution check:
p calculated antibandwidth = 19.
c
c
c Antibandwidth problem with w = 20 ( I-ash85.mtx.rnd ):
c Initializing CaDiCaL (version 1.2.1).
c	Configuring CaDiCaL as --sat (1).
c Initializing a Duplex encoder with n = 85.
c Encoding starts with w = 20:
c	Labels and Vertices aux var: 2890
c	Labels and Vertices constraints:  19465
c	Obj k aux var: 23290
c	Obj k constraints: 130292
c	Obj k glue staircase constraints: 55407
c	Encoding duration: 0s
c	Number of clauses: 149757
c	Number of irredundant clauses: 138707
c	Number of variables: 33405
c SAT Solving starts:
c	Solving duration: 596 ms
c	Answer: 
s SAT (w = 20)
c	Solution check:
p calculated antibandwidth = 20.
c
c
c Antibandwidth problem with w = 21 ( I-ash85.mtx.rnd ):
c Initializing CaDiCaL (version 1.2.1).
c	Configuring CaDiCaL as --sat (1).
c Initializing a Duplex encoder with n = 85.
c Encoding starts with w = 21:
c	Labels and Vertices aux var: 2890
c	Labels and Vertices constraints:  19465
c	Obj k aux var: 23800
c	Obj k constraints: 130351
c	Obj k glue staircase constraints: 54531
c	Encoding duration: 0s
c	Number of clauses: 149816
c	Number of irredundant clauses: 139106
c	Number of variables: 33915
c SAT Solving starts:
[runlim] sample:		10.0 time, 10.1 real, 50.6 MB
c	Solving duration: 11599 ms
c	Answer: 
s SAT (w = 21)
c	Solution check:
p calculated antibandwidth = 21.
c
c
c Antibandwidth problem with w = 22 ( I-ash85.mtx.rnd ):
c Initializing CaDiCaL (version 1.2.1).
c	Configuring CaDiCaL as --sat (1).
c Initializing a Duplex encoder with n = 85.
c Encoding starts with w = 22:
c	Labels and Vertices aux var: 2890
c	Labels and Vertices constraints:  19125
c	Obj k aux var: 20910
c	Obj k constraints: 122737
c	Obj k glue staircase constraints: 54312
c	Encoding duration: 0s
c	Number of clauses: 141862
c	Number of irredundant clauses: 131067
c	Number of variables: 31025
c SAT Solving starts:
[runlim] sample:		20.0 time, 20.1 real, 58.3 MB
[runlim] sample:		30.0 time, 30.1 real, 64.4 MB
[runlim] sample:		40.0 time, 40.1 real, 88.7 MB
[runlim] sample:		50.0 time, 50.1 real, 88.8 MB
[runlim] sample:		60.0 time, 60.1 real, 94.9 MB
[runlim] sample:		70.0 time, 70.1 real, 119.4 MB
c	Solving duration: 60607 ms
c	Answer: 
s SAT (w = 22)
c	Solution check:
p calculated antibandwidth = 22.
c
c
c Antibandwidth problem with w = 23 ( I-ash85.mtx.rnd ):
c Initializing CaDiCaL (version 1.2.1).
c	Configuring CaDiCaL as --sat (1).
c Initializing a Duplex encoder with n = 85.
c Encoding starts with w = 23:
c	Labels and Vertices aux var: 2890
c	Labels and Vertices constraints:  19125
c	Obj k aux var: 21250
c	Obj k constraints: 122456
c	Obj k glue staircase constraints: 53436
c	Encoding duration: 0s
c	Number of clauses: 141581
c	Number of irredundant clauses: 130956
c	Number of variables: 31365
c SAT Solving starts:
[runlim] sample:		80.0 time, 80.1 real, 71.9 MB
[runlim] sample:		90.0 time, 90.1 real, 80.2 MB
[runlim] sample:		100.0 time, 100.1 real, 83.7 MB
[runlim] sample:		110.0 time, 110.1 real, 101.1 MB
[runlim] sample:		120.0 time, 120.1 real, 108.1 MB
[runlim] sample:		130.0 time, 130.1 real, 108.1 MB
[runlim] sample:		140.0 time, 140.1 real, 108.3 MB
[runlim] sample:		150.0 time, 150.1 real, 73.1 MB
[runlim] sample:		160.0 time, 160.1 real, 136.3 MB
[runlim] sample:		170.0 time, 170.1 real, 118.1 MB
[runlim] sample:		180.0 time, 180.1 real, 159.9 MB
[runlim] sample:		190.0 time, 190.1 real, 155.0 MB
[runlim] sample:		200.0 time, 200.1 real, 158.3 MB
[runlim] sample:		210.0 time, 210.1 real, 118.5 MB
[runlim] sample:		220.0 time, 220.1 real, 102.1 MB
[runlim] sample:		230.0 time, 230.1 real, 142.1 MB
[runlim] sample:		240.0 time, 240.1 real, 124.3 MB
[runlim] sample:		250.0 time, 250.1 real, 184.0 MB
[runlim] sample:		260.0 time, 260.1 real, 147.3 MB
[runlim] sample:		270.0 time, 270.1 real, 193.5 MB
[runlim] sample:		280.0 time, 280.1 real, 147.6 MB
[runlim] sample:		290.0 time, 290.1 real, 188.3 MB
[runlim] sample:		300.0 time, 300.1 real, 182.3 MB
c	Solving duration: 232333 ms
c	Answer: 
s SAT (w = 23)
c	Solution check:
p calculated antibandwidth = 23.
c
c
c Antibandwidth problem with w = 24 ( I-ash85.mtx.rnd ):
c Initializing CaDiCaL (version 1.2.1).
c	Configuring CaDiCaL as --sat (1).
c Initializing a Duplex encoder with n = 85.
c Encoding starts with w = 24:
c	Labels and Vertices aux var: 2890
c	Labels and Vertices constraints:  19125
c	Obj k aux var: 21590
c	Obj k constraints: 122175
c	Obj k glue staircase constraints: 52560
c	Encoding duration: 0s
c	Number of clauses: 141300
c	Number of irredundant clauses: 130845
c	Number of variables: 31705
c SAT Solving starts:
[runlim] sample:		310.0 time, 310.1 real, 147.6 MB
[runlim] sample:		320.0 time, 320.1 real, 147.6 MB
[runlim] sample:		330.0 time, 330.1 real, 147.6 MB
[runlim] sample:		340.0 time, 340.1 real, 147.6 MB
[runlim] sample:		350.0 time, 350.1 real, 147.6 MB
[runlim] sample:		360.0 time, 360.1 real, 147.6 MB
[runlim] sample:		370.0 time, 370.1 real, 147.6 MB
[runlim] sample:		380.0 time, 380.1 real, 168.3 MB
[runlim] sample:		390.0 time, 390.1 real, 109.7 MB
[runlim] sample:		400.0 time, 400.1 real, 90.1 MB
[runlim] sample:		410.0 time, 410.1 real, 113.1 MB
[runlim] sample:		420.0 time, 420.1 real, 117.4 MB
[runlim] sample:		430.0 time, 430.1 real, 117.4 MB
[runlim] sample:		440.0 time, 440.1 real, 137.4 MB
[runlim] sample:		450.0 time, 450.1 real, 137.4 MB
[runlim] sample:		460.0 time, 460.1 real, 137.4 MB
[runlim] sample:		470.0 time, 470.1 real, 137.7 MB
[runlim] sample:		480.0 time, 480.1 real, 165.2 MB
[runlim] sample:		490.0 time, 490.1 real, 177.4 MB
[runlim] sample:		500.0 time, 500.1 real, 177.4 MB
[runlim] sample:		510.0 time, 510.1 real, 154.1 MB
[runlim] sample:		520.0 time, 520.1 real, 155.0 MB
[runlim] sample:		530.0 time, 530.1 real, 119.5 MB
[runlim] sample:		540.0 time, 540.1 real, 142.3 MB
[runlim] sample:		550.0 time, 550.1 real, 146.8 MB
[runlim] sample:		560.0 time, 560.1 real, 182.4 MB
[runlim] sample:		570.0 time, 570.1 real, 150.2 MB
[runlim] sample:		580.0 time, 580.1 real, 185.2 MB
[runlim] sample:		590.0 time, 590.1 real, 150.3 MB
[runlim] sample:		600.0 time, 600.1 real, 182.1 MB
[runlim] sample:		610.0 time, 610.1 real, 198.8 MB
[runlim] sample:		620.0 time, 620.1 real, 186.6 MB
[runlim] sample:		630.0 time, 630.1 real, 150.3 MB
[runlim] sample:		640.0 time, 640.1 real, 168.4 MB
[runlim] sample:		650.0 time, 650.1 real, 168.4 MB
[runlim] sample:		660.0 time, 660.1 real, 168.4 MB
[runlim] sample:		670.0 time, 670.1 real, 136.2 MB
[runlim] sample:		680.0 time, 680.1 real, 156.5 MB
[runlim] sample:		690.0 time, 690.1 real, 140.7 MB
[runlim] sample:		700.0 time, 700.1 real, 154.2 MB
[runlim] sample:		710.0 time, 710.1 real, 142.2 MB
[runlim] sample:		720.0 time, 720.1 real, 181.5 MB
[runlim] sample:		730.0 time, 730.1 real, 184.9 MB
[runlim] sample:		739.9 time, 740.1 real, 142.4 MB
[runlim] sample:		750.0 time, 750.1 real, 176.4 MB
[runlim] sample:		760.0 time, 760.1 real, 182.2 MB
[runlim] sample:		770.0 time, 770.1 real, 142.4 MB
[runlim] sample:		780.0 time, 780.1 real, 174.4 MB
[runlim] sample:		789.9 time, 790.1 real, 175.1 MB
[runlim] sample:		799.9 time, 800.1 real, 142.4 MB
[runlim] sample:		810.0 time, 810.1 real, 200.6 MB
[runlim] sample:		820.0 time, 820.1 real, 176.7 MB
[runlim] sample:		830.0 time, 830.1 real, 142.4 MB
[runlim] sample:		839.9 time, 840.1 real, 183.2 MB
[runlim] sample:		850.0 time, 850.1 real, 172.7 MB
[runlim] sample:		859.9 time, 860.1 real, 215.7 MB
[runlim] sample:		869.9 time, 870.1 real, 172.9 MB
[runlim] sample:		879.9 time, 880.1 real, 215.1 MB
[runlim] sample:		889.9 time, 890.1 real, 147.6 MB
[runlim] sample:		899.9 time, 900.1 real, 155.4 MB
[runlim] sample:		909.9 time, 910.1 real, 136.5 MB
[runlim] sample:		919.9 time, 920.1 real, 120.8 MB
[runlim] sample:		929.9 time, 930.1 real, 154.6 MB
[runlim] sample:		939.9 time, 940.1 real, 157.8 MB
[runlim] sample:		949.9 time, 950.1 real, 172.7 MB
[runlim] sample:		959.9 time, 960.1 real, 167.7 MB
[runlim] sample:		969.9 time, 970.1 real, 166.6 MB
[runlim] sample:		979.9 time, 980.1 real, 166.6 MB
[runlim] sample:		989.9 time, 990.1 real, 169.6 MB
[runlim] sample:		999.9 time, 1000.1 real, 168.8 MB
[runlim] sample:		1009.9 time, 1010.1 real, 157.9 MB
[runlim] sample:		1019.9 time, 1020.1 real, 120.8 MB
[runlim] sample:		1029.9 time, 1030.1 real, 170.2 MB
[runlim] sample:		1039.9 time, 1040.1 real, 170.2 MB
[runlim] sample:		1049.9 time, 1050.1 real, 167.3 MB
[runlim] sample:		1059.9 time, 1060.1 real, 169.7 MB
[runlim] sample:		1069.9 time, 1070.1 real, 168.6 MB
[runlim] sample:		1079.9 time, 1080.1 real, 167.8 MB
[runlim] sample:		1089.9 time, 1090.1 real, 164.7 MB
[runlim] sample:		1099.9 time, 1100.1 real, 172.9 MB
[runlim] sample:		1109.9 time, 1110.1 real, 171.7 MB
[runlim] sample:		1119.9 time, 1120.1 real, 165.9 MB
[runlim] sample:		1129.9 time, 1130.1 real, 175.6 MB
[runlim] sample:		1139.9 time, 1140.1 real, 175.6 MB
[runlim] sample:		1149.9 time, 1150.1 real, 182.8 MB
[runlim] sample:		1159.9 time, 1160.1 real, 174.5 MB
[runlim] sample:		1169.9 time, 1170.1 real, 177.4 MB
[runlim] sample:		1179.9 time, 1180.1 real, 182.9 MB
[runlim] sample:		1189.9 time, 1190.1 real, 182.9 MB
[runlim] sample:		1199.9 time, 1200.1 real, 200.9 MB
[runlim] sample:		1209.9 time, 1210.1 real, 224.3 MB
[runlim] sample:		1219.9 time, 1220.1 real, 224.3 MB
[runlim] sample:		1229.9 time, 1230.1 real, 196.2 MB
[runlim] sample:		1239.9 time, 1240.1 real, 220.2 MB
[runlim] sample:		1249.9 time, 1250.1 real, 223.5 MB
[runlim] sample:		1259.9 time, 1260.1 real, 252.9 MB
[runlim] sample:		1269.9 time, 1270.1 real, 252.9 MB
[runlim] sample:		1279.9 time, 1280.1 real, 227.1 MB
[runlim] sample:		1289.9 time, 1290.1 real, 213.4 MB
[runlim] sample:		1299.9 time, 1300.1 real, 214.2 MB
[runlim] sample:		1309.9 time, 1310.1 real, 215.1 MB
[runlim] sample:		1319.9 time, 1320.1 real, 215.1 MB
[runlim] sample:		1329.9 time, 1330.1 real, 247.3 MB
[runlim] sample:		1339.9 time, 1340.1 real, 206.0 MB
[runlim] sample:		1349.9 time, 1350.1 real, 220.9 MB
[runlim] sample:		1359.9 time, 1360.1 real, 219.8 MB
[runlim] sample:		1369.9 time, 1370.1 real, 219.8 MB
[runlim] sample:		1379.9 time, 1380.1 real, 214.2 MB
[runlim] sample:		1389.9 time, 1390.1 real, 214.4 MB
[runlim] sample:		1399.9 time, 1400.1 real, 214.4 MB
[runlim] sample:		1409.9 time, 1410.1 real, 214.4 MB
[runlim] sample:		1419.9 time, 1420.1 real, 235.6 MB
[runlim] sample:		1429.9 time, 1430.1 real, 242.5 MB
[runlim] sample:		1439.9 time, 1440.1 real, 242.5 MB
[runlim] sample:		1449.9 time, 1450.1 real, 230.3 MB
[runlim] sample:		1459.9 time, 1460.1 real, 211.4 MB
[runlim] sample:		1469.9 time, 1470.1 real, 199.2 MB
[runlim] sample:		1479.9 time, 1480.1 real, 199.2 MB
[runlim] sample:		1489.9 time, 1490.1 real, 206.9 MB
[runlim] sample:		1499.9 time, 1500.1 real, 210.2 MB
[runlim] sample:		1509.9 time, 1510.1 real, 208.9 MB
[runlim] sample:		1519.9 time, 1520.1 real, 208.9 MB
[runlim] sample:		1529.9 time, 1530.1 real, 216.6 MB
[runlim] sample:		1539.9 time, 1540.1 real, 203.5 MB
[runlim] sample:		1549.9 time, 1550.1 real, 219.0 MB
[runlim] sample:		1559.9 time, 1560.1 real, 219.0 MB
[runlim] sample:		1569.9 time, 1570.1 real, 224.2 MB
[runlim] sample:		1579.9 time, 1580.1 real, 248.2 MB
[runlim] sample:		1589.9 time, 1590.1 real, 225.4 MB
[runlim] sample:		1599.9 time, 1600.1 real, 213.7 MB
[runlim] sample:		1609.9 time, 1610.1 real, 213.7 MB
[runlim] sample:		1619.9 time, 1620.1 real, 213.6 MB
[runlim] sample:		1629.9 time, 1630.1 real, 216.7 MB
[runlim] sample:		1639.9 time, 1640.1 real, 221.8 MB
[runlim] sample:		1649.9 time, 1650.1 real, 239.0 MB
[runlim] sample:		1659.9 time, 1660.1 real, 212.2 MB
[runlim] sample:		1669.9 time, 1670.1 real, 215.5 MB
[runlim] sample:		1679.9 time, 1680.1 real, 215.5 MB
[runlim] sample:		1689.9 time, 1690.1 real, 213.6 MB
[runlim] sample:		1699.9 time, 1700.1 real, 213.6 MB
[runlim] sample:		1709.9 time, 1710.1 real, 220.0 MB
[runlim] sample:		1719.9 time, 1720.1 real, 220.0 MB
[runlim] sample:		1729.9 time, 1730.1 real, 199.4 MB
[runlim] sample:		1739.9 time, 1740.1 real, 199.4 MB
[runlim] sample:		1749.9 time, 1750.1 real, 217.9 MB
[runlim] sample:		1759.9 time, 1760.1 real, 215.1 MB
[runlim] sample:		1769.9 time, 1770.1 real, 215.1 MB
[runlim] sample:		1779.9 time, 1780.1 real, 211.4 MB
[runlim] sample:		1789.9 time, 1790.1 real, 214.8 MB
[runlim] sample:		1799.9 time, 1800.1 real, 218.3 MB
[runlim] sample:		1809.9 time, 1810.1 real, 218.3 MB
[runlim] sample:		1819.9 time, 1820.1 real, 221.6 MB
[runlim] sample:		1829.9 time, 1830.1 real, 221.6 MB
[runlim] sample:		1839.9 time, 1840.1 real, 216.6 MB
[runlim] sample:		1849.9 time, 1850.1 real, 211.3 MB
[runlim] sample:		1859.9 time, 1860.1 real, 211.3 MB
[runlim] sample:		1869.9 time, 1870.1 real, 175.3 MB
[runlim] sample:		1879.9 time, 1880.1 real, 175.3 MB
[runlim] sample:		1889.9 time, 1890.1 real, 239.8 MB
[runlim] sample:		1899.9 time, 1900.1 real, 237.0 MB
[runlim] sample:		1909.9 time, 1910.1 real, 175.4 MB
[runlim] sample:		1919.9 time, 1920.1 real, 175.4 MB
[runlim] sample:		1929.9 time, 1930.1 real, 236.6 MB
[runlim] sample:		1939.9 time, 1940.1 real, 256.6 MB
[runlim] sample:		1949.9 time, 1950.1 real, 256.6 MB
[runlim] sample:		1959.9 time, 1960.1 real, 263.6 MB
[runlim] sample:		1969.9 time, 1970.1 real, 252.3 MB
[runlim] sample:		1979.9 time, 1980.1 real, 252.3 MB
[runlim] sample:		1989.9 time, 1990.1 real, 262.4 MB
[runlim] sample:		1999.9 time, 2000.1 real, 262.4 MB
[runlim] sample:		2009.9 time, 2010.1 real, 274.0 MB
[runlim] sample:		2019.9 time, 2020.1 real, 274.0 MB
[runlim] sample:		2029.9 time, 2030.1 real, 255.2 MB
[runlim] sample:		2039.9 time, 2040.1 real, 255.2 MB
[runlim] sample:		2049.9 time, 2050.1 real, 248.1 MB
[runlim] sample:		2059.9 time, 2060.1 real, 229.5 MB
[runlim] sample:		2069.9 time, 2070.1 real, 229.5 MB
[runlim] sample:		2079.9 time, 2080.1 real, 241.0 MB
[runlim] sample:		2089.9 time, 2090.1 real, 232.7 MB
[runlim] sample:		2099.9 time, 2100.1 real, 235.7 MB
[runlim] sample:		2109.9 time, 2110.1 real, 260.1 MB
[runlim] sample:		2119.9 time, 2120.1 real, 231.7 MB
[runlim] sample:		2129.9 time, 2130.1 real, 175.4 MB
[runlim] sample:		2139.9 time, 2140.1 real, 241.3 MB
[runlim] sample:		2149.9 time, 2150.1 real, 241.3 MB
[runlim] sample:		2159.9 time, 2160.1 real, 240.3 MB
[runlim] sample:		2169.9 time, 2170.1 real, 240.3 MB
[runlim] sample:		2179.9 time, 2180.1 real, 239.3 MB
[runlim] sample:		2189.9 time, 2190.1 real, 239.3 MB
[runlim] sample:		2199.9 time, 2200.1 real, 239.3 MB
[runlim] sample:		2209.9 time, 2210.1 real, 238.1 MB
[runlim] sample:		2219.9 time, 2220.1 real, 246.2 MB
[runlim] sample:		2229.9 time, 2230.1 real, 246.2 MB
[runlim] sample:		2239.9 time, 2240.1 real, 245.4 MB
[runlim] sample:		2249.9 time, 2250.1 real, 245.4 MB
[runlim] sample:		2259.9 time, 2260.1 real, 175.4 MB
[runlim] sample:		2269.9 time, 2270.1 real, 175.4 MB
[runlim] sample:		2279.9 time, 2280.1 real, 246.9 MB
[runlim] sample:		2289.9 time, 2290.1 real, 246.9 MB
[runlim] sample:		2299.9 time, 2300.1 real, 256.9 MB
[runlim] sample:		2309.9 time, 2310.1 real, 256.9 MB
[runlim] sample:		2319.9 time, 2320.1 real, 250.3 MB
[runlim] sample:		2329.9 time, 2330.1 real, 250.3 MB
[runlim] sample:		2339.9 time, 2340.1 real, 240.9 MB
[runlim] sample:		2349.9 time, 2350.1 real, 175.4 MB
[runlim] sample:		2359.9 time, 2360.1 real, 240.6 MB
[runlim] sample:		2369.9 time, 2370.1 real, 240.6 MB
[runlim] sample:		2379.9 time, 2380.1 real, 240.6 MB
[runlim] sample:		2389.9 time, 2390.1 real, 241.8 MB
[runlim] sample:		2399.9 time, 2400.1 real, 241.8 MB
[runlim] sample:		2409.9 time, 2410.1 real, 238.8 MB
[runlim] sample:		2419.9 time, 2420.1 real, 238.8 MB
[runlim] sample:		2429.9 time, 2430.1 real, 242.3 MB
[runlim] sample:		2439.9 time, 2440.1 real, 175.4 MB
[runlim] sample:		2449.9 time, 2450.1 real, 243.6 MB
[runlim] sample:		2459.9 time, 2460.1 real, 243.6 MB
[runlim] sample:		2469.9 time, 2470.1 real, 252.2 MB
[runlim] sample:		2479.9 time, 2480.1 real, 252.2 MB
[runlim] sample:		2489.9 time, 2490.1 real, 235.7 MB
[runlim] sample:		2499.9 time, 2500.1 real, 235.7 MB
[runlim] sample:		2509.9 time, 2510.1 real, 243.6 MB
[runlim] sample:		2519.9 time, 2520.1 real, 252.2 MB
[runlim] sample:		2529.9 time, 2530.1 real, 225.8 MB
[runlim] sample:		2539.9 time, 2540.1 real, 225.8 MB
[runlim] sample:		2549.9 time, 2550.1 real, 237.4 MB
[runlim] sample:		2559.9 time, 2560.1 real, 237.4 MB
[runlim] sample:		2569.9 time, 2570.1 real, 239.8 MB
[runlim] sample:		2579.9 time, 2580.1 real, 239.8 MB
[runlim] sample:		2589.9 time, 2590.1 real, 255.3 MB
[runlim] sample:		2599.9 time, 2600.1 real, 255.3 MB
[runlim] sample:		2609.9 time, 2610.1 real, 255.3 MB
[runlim] sample:		2619.9 time, 2620.1 real, 230.2 MB
[runlim] sample:		2629.9 time, 2630.1 real, 230.2 MB
[runlim] sample:		2639.9 time, 2640.1 real, 248.5 MB
[runlim] sample:		2649.9 time, 2650.1 real, 248.5 MB
[runlim] sample:		2659.9 time, 2660.1 real, 251.0 MB
[runlim] sample:		2669.9 time, 2670.1 real, 251.0 MB
[runlim] sample:		2679.9 time, 2680.1 real, 251.0 MB
[runlim] sample:		2689.9 time, 2690.1 real, 250.9 MB
[runlim] sample:		2699.9 time, 2700.1 real, 250.9 MB
[runlim] sample:		2709.9 time, 2710.1 real, 255.2 MB
[runlim] sample:		2719.9 time, 2720.1 real, 255.2 MB
[runlim] sample:		2729.9 time, 2730.1 real, 250.9 MB
[runlim] sample:		2739.9 time, 2740.1 real, 241.2 MB
[runlim] sample:		2749.9 time, 2750.1 real, 241.2 MB
[runlim] sample:		2759.9 time, 2760.1 real, 256.3 MB
[runlim] sample:		2769.9 time, 2770.1 real, 256.3 MB
[runlim] sample:		2779.9 time, 2780.1 real, 256.3 MB
[runlim] sample:		2789.9 time, 2790.1 real, 257.2 MB
[runlim] sample:		2799.9 time, 2800.1 real, 252.5 MB
[runlim] sample:		2809.9 time, 2810.1 real, 252.5 MB
[runlim] sample:		2819.9 time, 2820.1 real, 293.5 MB
[runlim] sample:		2829.9 time, 2830.1 real, 253.5 MB
[runlim] sample:		2839.9 time, 2840.1 real, 264.6 MB
[runlim] sample:		2849.9 time, 2850.1 real, 264.6 MB
[runlim] sample:		2859.9 time, 2860.1 real, 259.7 MB
[runlim] sample:		2869.9 time, 2870.1 real, 259.7 MB
[runlim] sample:		2879.9 time, 2880.1 real, 283.0 MB
[runlim] sample:		2889.9 time, 2890.1 real, 283.0 MB
[runlim] sample:		2899.9 time, 2900.1 real, 286.7 MB
[runlim] sample:		2909.9 time, 2910.1 real, 286.7 MB
[runlim] sample:		2919.9 time, 2920.1 real, 258.8 MB
[runlim] sample:		2929.9 time, 2930.1 real, 273.4 MB
[runlim] sample:		2939.9 time, 2940.1 real, 273.4 MB
[runlim] sample:		2949.9 time, 2950.1 real, 273.4 MB
[runlim] sample:		2959.9 time, 2960.1 real, 261.1 MB
[runlim] sample:		2969.9 time, 2970.1 real, 261.1 MB
[runlim] sample:		2979.9 time, 2980.1 real, 265.3 MB
[runlim] sample:		2989.9 time, 2990.1 real, 265.3 MB
[runlim] sample:		2999.9 time, 3000.1 real, 227.7 MB
[runlim] sample:		3009.9 time, 3010.1 real, 227.7 MB
[runlim] sample:		3019.9 time, 3020.1 real, 258.6 MB
[runlim] sample:		3029.9 time, 3030.1 real, 258.6 MB
[runlim] sample:		3039.9 time, 3040.1 real, 255.5 MB
[runlim] sample:		3049.9 time, 3050.1 real, 255.5 MB
[runlim] sample:		3059.9 time, 3060.1 real, 256.2 MB
[runlim] sample:		3069.9 time, 3070.1 real, 256.2 MB
[runlim] sample:		3079.9 time, 3080.1 real, 256.2 MB
[runlim] sample:		3089.9 time, 3090.1 real, 256.2 MB
[runlim] sample:		3099.9 time, 3100.1 real, 256.4 MB
[runlim] sample:		3109.9 time, 3110.1 real, 256.4 MB
[runlim] sample:		3119.9 time, 3120.1 real, 264.3 MB
[runlim] sample:		3129.9 time, 3130.1 real, 264.3 MB
[runlim] sample:		3139.9 time, 3140.1 real, 264.3 MB
[runlim] sample:		3149.9 time, 3150.1 real, 255.3 MB
[runlim] sample:		3159.9 time, 3160.1 real, 255.3 MB
[runlim] sample:		3169.9 time, 3170.1 real, 239.8 MB
[runlim] sample:		3179.9 time, 3180.1 real, 239.8 MB
[runlim] sample:		3189.9 time, 3190.1 real, 238.7 MB
[runlim] sample:		3199.9 time, 3200.1 real, 260.2 MB
[runlim] sample:		3209.9 time, 3210.1 real, 231.3 MB
[runlim] sample:		3219.9 time, 3220.1 real, 231.3 MB
[runlim] sample:		3229.9 time, 3230.1 real, 244.4 MB
[runlim] sample:		3239.9 time, 3240.1 real, 244.4 MB
[runlim] sample:		3249.9 time, 3250.1 real, 244.4 MB
[runlim] sample:		3259.9 time, 3260.1 real, 257.6 MB
[runlim] sample:		3269.9 time, 3270.1 real, 257.6 MB
[runlim] sample:		3279.8 time, 3280.1 real, 255.3 MB
[runlim] sample:		3289.8 time, 3290.1 real, 255.3 MB
[runlim] sample:		3299.8 time, 3300.1 real, 255.3 MB
[runlim] sample:		3309.8 time, 3310.1 real, 263.6 MB
[runlim] sample:		3319.8 time, 3320.1 real, 215.4 MB
[runlim] sample:		3329.8 time, 3330.1 real, 242.9 MB
[runlim] sample:		3339.8 time, 3340.1 real, 242.9 MB
[runlim] sample:		3349.9 time, 3350.1 real, 239.0 MB
[runlim] sample:		3359.9 time, 3360.1 real, 239.0 MB
[runlim] sample:		3369.9 time, 3370.1 real, 239.0 MB
[runlim] sample:		3379.8 time, 3380.1 real, 244.4 MB
[runlim] sample:		3389.8 time, 3390.1 real, 244.4 MB
[runlim] sample:		3399.8 time, 3400.1 real, 244.4 MB
[runlim] sample:		3409.8 time, 3410.1 real, 244.4 MB
[runlim] sample:		3419.8 time, 3420.1 real, 259.7 MB
[runlim] sample:		3429.8 time, 3430.1 real, 231.1 MB
[runlim] sample:		3439.8 time, 3440.1 real, 227.4 MB
[runlim] sample:		3449.8 time, 3450.1 real, 259.9 MB
[runlim] sample:		3459.8 time, 3460.1 real, 259.9 MB
[runlim] sample:		3469.8 time, 3470.1 real, 259.9 MB
[runlim] sample:		3479.8 time, 3480.1 real, 256.2 MB
[runlim] sample:		3489.8 time, 3490.1 real, 256.2 MB
[runlim] sample:		3499.8 time, 3500.1 real, 255.9 MB
[runlim] sample:		3509.8 time, 3510.1 real, 255.9 MB
[runlim] sample:		3519.8 time, 3520.1 real, 258.7 MB
[runlim] sample:		3529.8 time, 3530.1 real, 258.7 MB
[runlim] sample:		3539.8 time, 3540.1 real, 258.7 MB
[runlim] sample:		3549.8 time, 3550.1 real, 270.9 MB
[runlim] sample:		3559.8 time, 3560.1 real, 270.9 MB
[runlim] sample:		3569.8 time, 3570.1 real, 268.3 MB
[runlim] sample:		3579.8 time, 3580.1 real, 268.3 MB
[runlim] sample:		3589.8 time, 3590.1 real, 268.3 MB
c Signal interruption.
[runlim] end:			Tue Aug 20 05:09:04 2024
[runlim] status:		out of time
[runlim] result:		2
[runlim] children:		0
[runlim] real:			3600.04 seconds
[runlim] time:			3599.75 seconds
[runlim] space:			416.4 MB
[runlim] samples:		35999
