[runlim] version:		1.10
[runlim] time limit:		3600 seconds
[runlim] real time limit:	3600 seconds
[runlim] space limit:		30000 MB
[runlim] argv[0]:		/home/truongxuanhieu/AntiBandwidthReconstruct/build/abw_enc_no_symbreak
[runlim] argv[1]:		/home/truongxuanhieu/AntiBandwidthReconstruct/build/Benchmarks/J-nos4.mtx.rnd
[runlim] argv[2]:		--duplexNSC
[runlim] start:			Mon Aug 19 16:58:04 2024
[runlim] main pid:		2186
[runlim] log captured:
c DuplexEncoder 0.8.
c Solving strategy: from LB to UB.
c LB-w = 32 (LB in Sinnl - A note on computational approaches for the antibandwidth problem).
c UB-w = 40 (UB in Sinnl - A note on computational approaches for the antibandwidth problem).
c Antibandwidth problem with w = 32 ( J-nos4.mtx.rnd ):
c Initializing CaDiCaL (version 1.2.1).
c	Configuring CaDiCaL as --sat (1).
c Initializing a DuplexNSC encoder with n = 100.
c Encoding starts with w = 32:
c	Labels and Vertices aux var: 3600
c	Labels and Vertices constraints:  25800
c	Obj k aux var: 15600
c	Obj k constraints: 129549
c	Obj k glue staircase constraints: 65949
c	Encoding duration: 0s
c	Number of clauses: 155349
c	Number of irredundant clauses: 155349
c	Number of variables: 29200
c SAT Solving starts:
[runlim] sample:		10.0 time, 10.1 real, 62.1 MB
[runlim] sample:		20.0 time, 20.1 real, 75.2 MB
[runlim] sample:		30.0 time, 30.1 real, 95.5 MB
c	Solving duration: 32999 ms
c	Answer: 
s SAT (w = 32)
c	Solution check:
p calculated antibandwidth = 32.
c
c
c Antibandwidth problem with w = 33 ( J-nos4.mtx.rnd ):
c Initializing CaDiCaL (version 1.2.1).
c	Configuring CaDiCaL as --sat (1).
c Initializing a DuplexNSC encoder with n = 100.
c Encoding starts with w = 33:
c	Labels and Vertices aux var: 3600
c	Labels and Vertices constraints:  25800
c	Obj k aux var: 15800
c	Obj k constraints: 129061
c	Obj k glue staircase constraints: 64961
c	Encoding duration: 0s
c	Number of clauses: 154861
c	Number of irredundant clauses: 154861
c	Number of variables: 29400
c SAT Solving starts:
[runlim] sample:		40.0 time, 40.1 real, 92.9 MB
[runlim] sample:		50.0 time, 50.1 real, 111.7 MB
c	Solving duration: 18104 ms
c	Answer: 
s SAT (w = 33)
c	Solution check:
p calculated antibandwidth = 33.
c
c
c Antibandwidth problem with w = 34 ( J-nos4.mtx.rnd ):
c Initializing CaDiCaL (version 1.2.1).
c	Configuring CaDiCaL as --sat (1).
c Initializing a DuplexNSC encoder with n = 100.
c Encoding starts with w = 34:
c	Labels and Vertices aux var: 3600
c	Labels and Vertices constraints:  25500
c	Obj k aux var: 12900
c	Obj k constraints: 119914
c	Obj k glue staircase constraints: 64714
c	Encoding duration: 0s
c	Number of clauses: 145414
c	Number of irredundant clauses: 145414
c	Number of variables: 26500
c SAT Solving starts:
[runlim] sample:		60.0 time, 60.1 real, 111.7 MB
[runlim] sample:		70.0 time, 70.1 real, 111.7 MB
[runlim] sample:		80.0 time, 80.1 real, 130.0 MB
[runlim] sample:		90.0 time, 90.1 real, 105.7 MB
[runlim] sample:		100.0 time, 100.1 real, 110.2 MB
[runlim] sample:		110.0 time, 110.1 real, 161.4 MB
[runlim] sample:		120.0 time, 120.1 real, 179.5 MB
c	Solving duration: 73725 ms
c	Answer: 
s SAT (w = 34)
c	Solution check:
p calculated antibandwidth = 34.
c
c
c Antibandwidth problem with w = 35 ( J-nos4.mtx.rnd ):
c Initializing CaDiCaL (version 1.2.1).
c	Configuring CaDiCaL as --sat (1).
c Initializing a DuplexNSC encoder with n = 100.
c Encoding starts with w = 35:
c	Labels and Vertices aux var: 3600
c	Labels and Vertices constraints:  25500
c	Obj k aux var: 13000
c	Obj k constraints: 119126
c	Obj k glue staircase constraints: 63726
c	Encoding duration: 0s
c	Number of clauses: 144626
c	Number of irredundant clauses: 144626
c	Number of variables: 26600
c SAT Solving starts:
[runlim] sample:		130.0 time, 130.1 real, 120.4 MB
[runlim] sample:		140.0 time, 140.1 real, 120.4 MB
[runlim] sample:		150.0 time, 150.1 real, 132.5 MB
[runlim] sample:		160.0 time, 160.1 real, 153.5 MB
[runlim] sample:		170.0 time, 170.1 real, 153.5 MB
[runlim] sample:		180.0 time, 180.1 real, 172.3 MB
c	Solving duration: 57416 ms
c	Answer: 
s SAT (w = 35)
c	Solution check:
p calculated antibandwidth = 35.
c
c
c Antibandwidth problem with w = 36 ( J-nos4.mtx.rnd ):
c Initializing CaDiCaL (version 1.2.1).
c	Configuring CaDiCaL as --sat (1).
c Initializing a DuplexNSC encoder with n = 100.
c Encoding starts with w = 36:
c	Labels and Vertices aux var: 3600
c	Labels and Vertices constraints:  25500
c	Obj k aux var: 13100
c	Obj k constraints: 118338
c	Obj k glue staircase constraints: 62738
c	Encoding duration: 0s
c	Number of clauses: 143838
c	Number of irredundant clauses: 143838
c	Number of variables: 26700
c SAT Solving starts:
[runlim] sample:		190.0 time, 190.1 real, 111.9 MB
[runlim] sample:		200.0 time, 200.1 real, 111.9 MB
[runlim] sample:		210.0 time, 210.1 real, 115.9 MB
[runlim] sample:		220.0 time, 220.1 real, 115.9 MB
[runlim] sample:		230.0 time, 230.1 real, 115.9 MB
[runlim] sample:		240.0 time, 240.1 real, 122.6 MB
[runlim] sample:		250.0 time, 250.1 real, 122.6 MB
[runlim] sample:		260.0 time, 260.1 real, 122.6 MB
[runlim] sample:		270.0 time, 270.1 real, 122.6 MB
[runlim] sample:		280.0 time, 280.1 real, 122.6 MB
[runlim] sample:		290.0 time, 290.1 real, 122.6 MB
[runlim] sample:		300.0 time, 300.1 real, 122.6 MB
[runlim] sample:		310.0 time, 310.1 real, 122.6 MB
[runlim] sample:		320.0 time, 320.1 real, 122.6 MB
[runlim] sample:		330.0 time, 330.1 real, 122.6 MB
[runlim] sample:		340.0 time, 340.1 real, 122.6 MB
[runlim] sample:		350.0 time, 350.1 real, 122.6 MB
[runlim] sample:		360.0 time, 360.1 real, 139.5 MB
[runlim] sample:		370.0 time, 370.1 real, 139.5 MB
[runlim] sample:		380.0 time, 380.1 real, 139.5 MB
[runlim] sample:		390.0 time, 390.1 real, 139.5 MB
[runlim] sample:		400.0 time, 400.1 real, 139.5 MB
[runlim] sample:		410.0 time, 410.1 real, 139.5 MB
[runlim] sample:		420.0 time, 420.1 real, 139.5 MB
[runlim] sample:		430.0 time, 430.1 real, 156.0 MB
[runlim] sample:		440.0 time, 440.1 real, 156.0 MB
[runlim] sample:		450.0 time, 450.1 real, 156.0 MB
[runlim] sample:		460.0 time, 460.1 real, 159.6 MB
[runlim] sample:		470.0 time, 470.1 real, 159.6 MB
[runlim] sample:		480.0 time, 480.1 real, 159.6 MB
[runlim] sample:		490.0 time, 490.1 real, 159.6 MB
[runlim] sample:		500.0 time, 500.1 real, 159.6 MB
[runlim] sample:		510.0 time, 510.1 real, 161.9 MB
[runlim] sample:		520.0 time, 520.1 real, 161.9 MB
[runlim] sample:		530.0 time, 530.1 real, 170.0 MB
[runlim] sample:		540.0 time, 540.1 real, 170.0 MB
[runlim] sample:		550.0 time, 550.1 real, 98.1 MB
[runlim] sample:		560.0 time, 560.1 real, 115.1 MB
[runlim] sample:		570.0 time, 570.1 real, 138.1 MB
[runlim] sample:		580.0 time, 580.1 real, 138.4 MB
[runlim] sample:		590.0 time, 590.1 real, 138.4 MB
[runlim] sample:		600.0 time, 600.1 real, 138.4 MB
[runlim] sample:		610.0 time, 610.1 real, 156.9 MB
[runlim] sample:		620.0 time, 620.1 real, 156.9 MB
[runlim] sample:		630.0 time, 630.1 real, 157.0 MB
c	Solving duration: 448597 ms
c	Answer: 
s UNSAT (w = 36)
c
c
[runlim] end:			Mon Aug 19 17:08:35 2024
[runlim] status:		ok
[runlim] result:		0
[runlim] children:		0
[runlim] real:			631.11 seconds
[runlim] time:			630.96 seconds
[runlim] space:			275.3 MB
[runlim] samples:		6310
