[runlim] version:		1.10
[runlim] time limit:		3600 seconds
[runlim] real time limit:	3600 seconds
[runlim] space limit:		30000 MB
[runlim] argv[0]:		/home/truongxuanhieu/AntiBandwidthReconstruct/build/abw_enc_no_symbreak
[runlim] argv[1]:		/home/truongxuanhieu/AntiBandwidthReconstruct/build/Benchmarks/U-662_bus.mtx.rnd
[runlim] argv[2]:		--duplex
[runlim] start:			Tue Aug 20 05:09:05 2024
[runlim] main pid:		48526
[runlim] log captured:
c DuplexEncoder 0.8.
c Solving strategy: from LB to UB.
c LB-w = 219 (LB in Sinnl - A note on computational approaches for the antibandwidth problem).
c UB-w = 220 (UB in Sinnl - A note on computational approaches for the antibandwidth problem).
c Antibandwidth problem with w = 219 ( U-662_bus.mtx.rnd ):
c Initializing CaDiCaL (version 1.2.1).
c	Configuring CaDiCaL as --sat (1).
c Initializing a Duplex encoder with n = 662.
c Encoding starts with w = 219:
c	Labels and Vertices aux var: 66200
c	Labels and Vertices constraints:  978436
c	Obj k aux var: 1448456
c	Obj k constraints: 6103408
c	Obj k glue staircase constraints: 1601808
c	Encoding duration: 3s
c	Number of clauses: 7081844
c	Number of irredundant clauses: 6494650
c	Number of variables: 1952900
c SAT Solving starts:
[runlim] sample:		10.0 time, 10.9 real, 1542.3 MB
c	Solving duration: 11584 ms
c	Answer: 
s SAT (w = 219)
c	Solution check:
p calculated antibandwidth = 219.
c
c
c Antibandwidth problem with w = 220 ( U-662_bus.mtx.rnd ):
c Initializing CaDiCaL (version 1.2.1).
c	Configuring CaDiCaL as --sat (1).
c Initializing a Duplex encoder with n = 662.
c Encoding starts with w = 220:
c	Labels and Vertices aux var: 66200
c	Labels and Vertices constraints:  978436
c	Obj k aux var: 1451104
c	Obj k constraints: 6104418
c	Obj k glue staircase constraints: 1598184
c	Encoding duration: 3s
c	Number of clauses: 7082854
c	Number of irredundant clauses: 6496984
c	Number of variables: 1955548
c SAT Solving starts:
[runlim] sample:		20.0 time, 20.9 real, 1244.7 MB
[runlim] sample:		30.0 time, 30.9 real, 1305.4 MB
[runlim] sample:		40.0 time, 40.9 real, 1367.4 MB
[runlim] sample:		50.0 time, 50.9 real, 1393.3 MB
[runlim] sample:		60.0 time, 60.9 real, 1352.5 MB
[runlim] sample:		70.0 time, 70.9 real, 1419.7 MB
[runlim] sample:		80.0 time, 80.9 real, 1418.4 MB
[runlim] sample:		90.0 time, 90.9 real, 1421.1 MB
[runlim] sample:		100.0 time, 100.9 real, 1374.2 MB
[runlim] sample:		110.0 time, 110.9 real, 1386.0 MB
[runlim] sample:		120.0 time, 120.9 real, 1362.6 MB
[runlim] sample:		130.0 time, 130.9 real, 1386.5 MB
[runlim] sample:		140.0 time, 140.9 real, 1387.2 MB
[runlim] sample:		150.0 time, 150.9 real, 1423.1 MB
[runlim] sample:		160.0 time, 160.9 real, 1446.9 MB
[runlim] sample:		170.0 time, 170.9 real, 1411.7 MB
[runlim] sample:		180.0 time, 180.9 real, 1496.8 MB
[runlim] sample:		190.0 time, 190.9 real, 1357.5 MB
[runlim] sample:		200.0 time, 200.9 real, 1316.9 MB
[runlim] sample:		210.0 time, 210.9 real, 1484.7 MB
[runlim] sample:		220.0 time, 220.9 real, 1484.6 MB
[runlim] sample:		230.0 time, 230.9 real, 1462.4 MB
c	Solving duration: 220060 ms
c	Answer: 
s SAT (w = 220)
c	Solution check:
p calculated antibandwidth = 220.
[runlim] sample:		240.0 time, 240.9 real, 1382.0 MB
c
c
[runlim] end:			Tue Aug 20 05:13:07 2024
[runlim] status:		ok
[runlim] result:		0
[runlim] children:		0
[runlim] real:			242.01 seconds
[runlim] time:			241.08 seconds
[runlim] space:			1719.7 MB
[runlim] samples:		2411
