[runlim] version:		1.10
[runlim] time limit:		1800 seconds
[runlim] real time limit:	1800 seconds
[runlim] space limit:		60000 MB
[runlim] argv[0]:		/home/vanh/Documents/ABP/AntibandwidthExtend/anti-bandwidth-scl-extend/build/abw_enc
[runlim] argv[1]:		/home/vanh/Documents/ABP/AntibandwidthExtend/anti-bandwidth-scl-extend/build/BenchmarkA/B-ibm32.mtx.rnd
[runlim] argv[2]:		--ladder
[runlim] argv[3]:		-symmetry-break
[runlim] argv[4]:		h
[runlim] argv[5]:		-split-size
[runlim] argv[6]:		3
[runlim] start:			Thu Nov 28 10:44:34 2024
[runlim] main pid:		6984
[runlim] log captured:
c LadderEncoder 1.0.
c Symetry breaking in the highest degree node.
c Splitting clauses at length 3.
c Solving strategy: from LB to UB.
c LB-w = 9 (LB in Sinnl - A note on computational approaches for the antibandwidth problem).
c UB-w = 9 (UB in Sinnl - A note on computational approaches for the antibandwidth problem).
c Antibandwidth problem with w = 9 ( B-ibm32.mtx.rnd ):
c Initializing CaDiCaL (version 1.2.1).
c	Configuring CaDiCaL as --sat (1).
c Initializing a Ladder encoder with n = 32.
c Encoding starts with w = 9:
c	Encode symmetry breaking with option: h.
c	Labels and Vertices aux var: 640
c	Labels and Vertices constraints:  2944
c	Obj k aux var: 1344
c	Obj k constraints: 13622
c	Obj k glue staircase constraints: 7830
c	Encoding duration: 0s
c	Number of clauses: 17094
c	Number of irredundant clauses: 16863
c	Number of variables: 3520
c SAT Solving starts:
c	Solving duration: 160 ms
c	Answer: 
s SAT (w = 9)
c	Solution check:
p calculated antibandwidth = 9.
c
c
[runlim] end:			Thu Nov 28 10:44:35 2024
[runlim] status:		ok
[runlim] result:		0
[runlim] children:		0
[runlim] real:			1.15 seconds
[runlim] time:			0.10 seconds
[runlim] space:			7.8 MB
[runlim] samples:		1
