[runlim] version:		1.10
[runlim] time limit:		1800 seconds
[runlim] real time limit:	1800 seconds
[runlim] space limit:		60000 MB
[runlim] argv[0]:		/home/vanh/Documents/ABP/AntibandwidthExtend/anti-bandwidth-scl-extend/build/abw_enc
[runlim] argv[1]:		/home/vanh/Documents/ABP/AntibandwidthExtend/anti-bandwidth-scl-extend/build/BenchmarkA/I-ash85.mtx.rnd
[runlim] argv[2]:		--ladder
[runlim] argv[3]:		-symmetry-break
[runlim] argv[4]:		h
[runlim] argv[5]:		-split-size
[runlim] argv[6]:		3
[runlim] start:			Thu Nov 28 10:44:39 2024
[runlim] main pid:		7002
[runlim] log captured:
c LadderEncoder 1.0.
c Symetry breaking in the highest degree node.
c Splitting clauses at length 3.
c Solving strategy: from LB to UB.
c LB-w = 19 (LB in Sinnl - A note on computational approaches for the antibandwidth problem).
c UB-w = 27 (UB in Sinnl - A note on computational approaches for the antibandwidth problem).
c Antibandwidth problem with w = 19 ( I-ash85.mtx.rnd ):
c Initializing CaDiCaL (version 1.2.1).
c	Configuring CaDiCaL as --sat (1).
c Initializing a Ladder encoder with n = 85.
c Encoding starts with w = 19:
c	Encode symmetry breaking with option: h.
c	Labels and Vertices aux var: 2890
c	Labels and Vertices constraints:  18615
c	Obj k aux var: 11135
c	Obj k constraints: 102389
c	Obj k glue staircase constraints: 56064
c	Encoding duration: 0s
c	Number of clauses: 124616
c	Number of irredundant clauses: 124257
c	Number of variables: 24820
c SAT Solving starts:
c	Solving duration: 340 ms
c	Answer: 
s SAT (w = 19)
c	Solution check:
p calculated antibandwidth = 19.
c
c
c Antibandwidth problem with w = 20 ( I-ash85.mtx.rnd ):
c Initializing CaDiCaL (version 1.2.1).
c	Configuring CaDiCaL as --sat (1).
c Initializing a Ladder encoder with n = 85.
c Encoding starts with w = 20:
c	Encode symmetry breaking with option: h.
c	Labels and Vertices aux var: 2890
c	Labels and Vertices constraints:  18615
c	Obj k aux var: 11390
c	Obj k constraints: 102193
c	Obj k glue staircase constraints: 55188
c	Encoding duration: 0s
c	Number of clauses: 124420
c	Number of irredundant clauses: 124057
c	Number of variables: 25075
c SAT Solving starts:
c	Solving duration: 1392 ms
c	Answer: 
s SAT (w = 20)
c	Solution check:
p calculated antibandwidth = 20.
c
c
c Antibandwidth problem with w = 21 ( I-ash85.mtx.rnd ):
c Initializing CaDiCaL (version 1.2.1).
c	Configuring CaDiCaL as --sat (1).
c Initializing a Ladder encoder with n = 85.
c Encoding starts with w = 21:
c	Encode symmetry breaking with option: h.
c	Labels and Vertices aux var: 2890
c	Labels and Vertices constraints:  18615
c	Obj k aux var: 11645
c	Obj k constraints: 101997
c	Obj k glue staircase constraints: 54312
c	Encoding duration: 0s
c	Number of clauses: 124224
c	Number of irredundant clauses: 123878
c	Number of variables: 25330
c SAT Solving starts:
c	Solving duration: 1934 ms
c	Answer: 
s SAT (w = 21)
c	Solution check:
p calculated antibandwidth = 21.
c
c
c Antibandwidth problem with w = 22 ( I-ash85.mtx.rnd ):
c Initializing CaDiCaL (version 1.2.1).
c	Configuring CaDiCaL as --sat (1).
c Initializing a Ladder encoder with n = 85.
c Encoding starts with w = 22:
c	Encode symmetry breaking with option: h.
c	Labels and Vertices aux var: 2890
c	Labels and Vertices constraints:  18615
c	Obj k aux var: 10285
c	Obj k constraints: 97528
c	Obj k glue staircase constraints: 54093
c	Encoding duration: 0s
c	Number of clauses: 119755
c	Number of irredundant clauses: 119426
c	Number of variables: 23970
c SAT Solving starts:
[runlim] sample:		10.0 time, 10.2 real, 55.1 MB
[runlim] sample:		20.0 time, 20.2 real, 81.5 MB
[runlim] sample:		30.0 time, 30.2 real, 98.6 MB
[runlim] sample:		40.0 time, 40.2 real, 96.0 MB
[runlim] sample:		50.0 time, 50.2 real, 142.5 MB
[runlim] sample:		60.0 time, 60.2 real, 106.6 MB
[runlim] sample:		70.0 time, 70.2 real, 143.1 MB
c	Solving duration: 68293 ms
c	Answer: 
s SAT (w = 22)
c	Solution check:
p calculated antibandwidth = 22.
c
c
c Antibandwidth problem with w = 23 ( I-ash85.mtx.rnd ):
c Initializing CaDiCaL (version 1.2.1).
c	Configuring CaDiCaL as --sat (1).
c Initializing a Ladder encoder with n = 85.
c Encoding starts with w = 23:
c	Encode symmetry breaking with option: h.
c	Labels and Vertices aux var: 2890
c	Labels and Vertices constraints:  18615
c	Obj k aux var: 10455
c	Obj k constraints: 97077
c	Obj k glue staircase constraints: 53217
c	Encoding duration: 0s
c	Number of clauses: 119304
c	Number of irredundant clauses: 118952
c	Number of variables: 24140
c SAT Solving starts:
[runlim] sample:		80.0 time, 80.2 real, 109.9 MB
[runlim] sample:		90.0 time, 90.2 real, 109.9 MB
[runlim] sample:		100.0 time, 100.2 real, 111.4 MB
[runlim] sample:		110.0 time, 110.2 real, 111.4 MB
[runlim] sample:		120.0 time, 120.2 real, 125.8 MB
[runlim] sample:		130.0 time, 130.2 real, 125.8 MB
[runlim] sample:		140.0 time, 140.2 real, 97.8 MB
[runlim] sample:		150.0 time, 150.2 real, 100.3 MB
[runlim] sample:		160.0 time, 160.2 real, 108.9 MB
[runlim] sample:		170.0 time, 170.2 real, 145.5 MB
[runlim] sample:		180.0 time, 180.2 real, 112.9 MB
[runlim] sample:		190.0 time, 190.2 real, 112.9 MB
[runlim] sample:		200.0 time, 200.2 real, 129.6 MB
[runlim] sample:		210.0 time, 210.2 real, 132.3 MB
[runlim] sample:		220.0 time, 220.2 real, 132.3 MB
[runlim] sample:		230.0 time, 230.2 real, 158.7 MB
[runlim] sample:		240.0 time, 240.2 real, 105.2 MB
[runlim] sample:		250.0 time, 250.2 real, 140.2 MB
[runlim] sample:		260.0 time, 260.2 real, 114.0 MB
[runlim] sample:		270.0 time, 270.2 real, 157.7 MB
[runlim] sample:		280.0 time, 280.2 real, 191.9 MB
[runlim] sample:		290.0 time, 290.2 real, 155.5 MB
[runlim] sample:		300.0 time, 300.2 real, 194.5 MB
[runlim] sample:		310.0 time, 310.2 real, 148.9 MB
[runlim] sample:		320.0 time, 320.2 real, 241.4 MB
[runlim] sample:		330.0 time, 330.2 real, 153.7 MB
[runlim] sample:		340.0 time, 340.2 real, 200.6 MB
[runlim] sample:		350.0 time, 350.2 real, 189.9 MB
[runlim] sample:		360.0 time, 360.2 real, 200.5 MB
[runlim] sample:		370.0 time, 370.2 real, 197.4 MB
[runlim] sample:		380.0 time, 380.2 real, 221.4 MB
[runlim] sample:		390.0 time, 390.2 real, 153.8 MB
[runlim] sample:		400.0 time, 400.2 real, 201.8 MB
[runlim] sample:		410.0 time, 410.2 real, 158.8 MB
[runlim] sample:		420.0 time, 420.2 real, 182.1 MB
[runlim] sample:		430.0 time, 430.2 real, 232.5 MB
[runlim] sample:		440.0 time, 440.2 real, 228.5 MB
[runlim] sample:		450.0 time, 450.2 real, 182.2 MB
[runlim] sample:		460.0 time, 460.2 real, 232.3 MB
[runlim] sample:		470.0 time, 470.2 real, 219.3 MB
c	Solving duration: 400150 ms
c	Answer: 
s SAT (w = 23)
c	Solution check:
p calculated antibandwidth = 23.
c
c
c Antibandwidth problem with w = 24 ( I-ash85.mtx.rnd ):
c Initializing CaDiCaL (version 1.2.1).
c	Configuring CaDiCaL as --sat (1).
c Initializing a Ladder encoder with n = 85.
c Encoding starts with w = 24:
c	Encode symmetry breaking with option: h.
c	Labels and Vertices aux var: 2890
c	Labels and Vertices constraints:  18615
c	Obj k aux var: 10625
c	Obj k constraints: 96626
c	Obj k glue staircase constraints: 52341
c	Encoding duration: 0s
c	Number of clauses: 118853
c	Number of irredundant clauses: 118498
c	Number of variables: 24310
c SAT Solving starts:
[runlim] sample:		480.0 time, 480.2 real, 122.0 MB
[runlim] sample:		490.0 time, 490.2 real, 122.0 MB
[runlim] sample:		500.0 time, 500.2 real, 122.0 MB
[runlim] sample:		510.0 time, 510.2 real, 142.2 MB
[runlim] sample:		520.0 time, 520.2 real, 147.0 MB
[runlim] sample:		530.0 time, 530.2 real, 149.2 MB
[runlim] sample:		540.0 time, 540.2 real, 149.2 MB
[runlim] sample:		550.0 time, 550.2 real, 149.2 MB
[runlim] sample:		560.0 time, 560.2 real, 149.2 MB
[runlim] sample:		570.0 time, 570.2 real, 149.2 MB
[runlim] sample:		580.0 time, 580.2 real, 149.2 MB
[runlim] sample:		590.0 time, 590.2 real, 149.2 MB
[runlim] sample:		600.0 time, 600.2 real, 149.2 MB
[runlim] sample:		610.0 time, 610.2 real, 149.9 MB
[runlim] sample:		620.0 time, 620.2 real, 150.0 MB
[runlim] sample:		630.0 time, 630.2 real, 150.0 MB
[runlim] sample:		640.0 time, 640.2 real, 150.0 MB
[runlim] sample:		650.0 time, 650.2 real, 150.0 MB
[runlim] sample:		660.0 time, 660.2 real, 150.0 MB
[runlim] sample:		670.0 time, 670.2 real, 150.0 MB
[runlim] sample:		680.0 time, 680.2 real, 150.6 MB
[runlim] sample:		690.0 time, 690.2 real, 150.6 MB
[runlim] sample:		699.9 time, 700.2 real, 150.6 MB
[runlim] sample:		710.0 time, 710.2 real, 150.7 MB
[runlim] sample:		720.0 time, 720.2 real, 150.7 MB
[runlim] sample:		730.0 time, 730.2 real, 150.7 MB
[runlim] sample:		740.0 time, 740.2 real, 186.7 MB
[runlim] sample:		749.9 time, 750.2 real, 150.8 MB
[runlim] sample:		759.9 time, 760.2 real, 150.8 MB
[runlim] sample:		769.9 time, 770.2 real, 190.6 MB
[runlim] sample:		780.0 time, 780.2 real, 150.8 MB
[runlim] sample:		789.9 time, 790.2 real, 150.8 MB
[runlim] sample:		799.9 time, 800.2 real, 190.2 MB
[runlim] sample:		809.9 time, 810.2 real, 192.7 MB
[runlim] sample:		819.9 time, 820.2 real, 150.7 MB
[runlim] sample:		829.9 time, 830.2 real, 207.9 MB
[runlim] sample:		839.9 time, 840.2 real, 192.0 MB
[runlim] sample:		849.9 time, 850.2 real, 183.9 MB
[runlim] sample:		859.9 time, 860.2 real, 189.1 MB
[runlim] sample:		869.9 time, 870.2 real, 189.3 MB
[runlim] sample:		879.9 time, 880.2 real, 150.8 MB
[runlim] sample:		889.9 time, 890.2 real, 193.6 MB
[runlim] sample:		899.9 time, 900.2 real, 191.9 MB
[runlim] sample:		909.9 time, 910.2 real, 193.7 MB
[runlim] sample:		919.9 time, 920.2 real, 203.4 MB
[runlim] sample:		929.9 time, 930.2 real, 197.6 MB
[runlim] sample:		939.9 time, 940.8 real, 196.6 MB
[runlim] sample:		949.9 time, 950.8 real, 195.4 MB
[runlim] sample:		959.9 time, 960.8 real, 150.8 MB
[runlim] sample:		969.9 time, 970.8 real, 190.2 MB
[runlim] sample:		979.9 time, 980.8 real, 196.2 MB
[runlim] sample:		989.9 time, 990.8 real, 208.7 MB
[runlim] sample:		999.9 time, 1000.8 real, 203.8 MB
[runlim] sample:		1009.9 time, 1010.8 real, 203.8 MB
[runlim] sample:		1019.9 time, 1020.8 real, 204.6 MB
[runlim] sample:		1029.9 time, 1030.8 real, 197.9 MB
[runlim] sample:		1039.9 time, 1040.8 real, 191.1 MB
[runlim] sample:		1049.9 time, 1050.8 real, 193.0 MB
[runlim] sample:		1059.9 time, 1060.8 real, 193.5 MB
[runlim] sample:		1069.9 time, 1070.8 real, 193.5 MB
[runlim] sample:		1079.9 time, 1080.8 real, 197.3 MB
[runlim] sample:		1089.9 time, 1090.8 real, 199.1 MB
[runlim] sample:		1099.9 time, 1100.8 real, 207.4 MB
[runlim] sample:		1109.9 time, 1110.8 real, 203.1 MB
[runlim] sample:		1119.9 time, 1120.8 real, 203.0 MB
[runlim] sample:		1129.9 time, 1130.8 real, 196.6 MB
[runlim] sample:		1139.9 time, 1140.8 real, 210.2 MB
[runlim] sample:		1149.9 time, 1150.8 real, 207.1 MB
[runlim] sample:		1159.9 time, 1160.8 real, 209.2 MB
[runlim] sample:		1169.9 time, 1170.8 real, 204.9 MB
[runlim] sample:		1179.9 time, 1180.8 real, 202.9 MB
[runlim] sample:		1189.9 time, 1190.8 real, 202.6 MB
[runlim] sample:		1199.9 time, 1200.8 real, 203.4 MB
[runlim] sample:		1209.9 time, 1210.7 real, 204.0 MB
[runlim] sample:		1219.9 time, 1220.8 real, 202.0 MB
[runlim] sample:		1229.9 time, 1230.8 real, 191.1 MB
[runlim] sample:		1239.9 time, 1240.8 real, 187.1 MB
[runlim] sample:		1249.9 time, 1250.7 real, 187.8 MB
[runlim] sample:		1259.9 time, 1260.8 real, 198.6 MB
[runlim] sample:		1269.9 time, 1270.8 real, 201.2 MB
[runlim] sample:		1279.9 time, 1280.8 real, 202.8 MB
[runlim] sample:		1289.9 time, 1290.8 real, 202.8 MB
[runlim] sample:		1299.9 time, 1300.8 real, 201.6 MB
[runlim] sample:		1309.9 time, 1310.8 real, 200.7 MB
[runlim] sample:		1319.9 time, 1320.8 real, 202.0 MB
[runlim] sample:		1329.9 time, 1330.8 real, 219.9 MB
[runlim] sample:		1339.9 time, 1340.8 real, 205.7 MB
[runlim] sample:		1349.9 time, 1350.8 real, 205.5 MB
[runlim] sample:		1359.9 time, 1360.8 real, 196.7 MB
[runlim] sample:		1369.9 time, 1370.8 real, 196.7 MB
[runlim] sample:		1379.9 time, 1380.8 real, 224.9 MB
[runlim] sample:		1389.9 time, 1390.8 real, 214.1 MB
[runlim] sample:		1399.9 time, 1400.8 real, 207.0 MB
[runlim] sample:		1409.9 time, 1410.8 real, 201.2 MB
[runlim] sample:		1419.9 time, 1420.8 real, 210.7 MB
[runlim] sample:		1429.9 time, 1430.8 real, 222.1 MB
[runlim] sample:		1439.9 time, 1440.8 real, 209.3 MB
[runlim] sample:		1449.9 time, 1450.8 real, 209.9 MB
[runlim] sample:		1459.9 time, 1460.8 real, 209.9 MB
[runlim] sample:		1469.9 time, 1470.8 real, 209.9 MB
[runlim] sample:		1479.9 time, 1480.8 real, 209.4 MB
[runlim] sample:		1489.9 time, 1490.8 real, 209.4 MB
[runlim] sample:		1499.9 time, 1500.8 real, 209.4 MB
[runlim] sample:		1509.9 time, 1510.8 real, 247.8 MB
[runlim] sample:		1519.9 time, 1520.7 real, 216.3 MB
[runlim] sample:		1529.9 time, 1530.8 real, 204.9 MB
[runlim] sample:		1539.9 time, 1540.8 real, 201.2 MB
[runlim] sample:		1549.9 time, 1550.8 real, 201.2 MB
[runlim] sample:		1559.9 time, 1560.8 real, 198.6 MB
[runlim] sample:		1569.9 time, 1570.8 real, 209.7 MB
[runlim] sample:		1579.9 time, 1580.8 real, 201.0 MB
[runlim] sample:		1589.9 time, 1590.8 real, 201.0 MB
[runlim] sample:		1599.9 time, 1600.8 real, 208.4 MB
[runlim] sample:		1609.9 time, 1610.8 real, 213.3 MB
[runlim] sample:		1619.9 time, 1620.8 real, 213.3 MB
[runlim] sample:		1629.9 time, 1630.8 real, 215.2 MB
[runlim] sample:		1639.9 time, 1640.8 real, 216.4 MB
[runlim] sample:		1649.9 time, 1650.8 real, 216.3 MB
[runlim] sample:		1659.9 time, 1660.8 real, 216.3 MB
[runlim] sample:		1669.9 time, 1670.8 real, 216.2 MB
[runlim] sample:		1679.9 time, 1680.8 real, 208.3 MB
[runlim] sample:		1689.9 time, 1690.8 real, 208.2 MB
[runlim] sample:		1699.9 time, 1700.8 real, 208.2 MB
[runlim] sample:		1709.8 time, 1710.8 real, 216.1 MB
[runlim] sample:		1719.8 time, 1720.8 real, 216.6 MB
[runlim] sample:		1729.8 time, 1730.8 real, 216.6 MB
[runlim] sample:		1739.8 time, 1740.8 real, 212.2 MB
[runlim] sample:		1749.8 time, 1750.8 real, 237.5 MB
[runlim] sample:		1759.8 time, 1760.8 real, 211.0 MB
[runlim] sample:		1769.8 time, 1770.8 real, 214.6 MB
[runlim] sample:		1779.8 time, 1780.8 real, 214.6 MB
[runlim] sample:		1789.8 time, 1790.8 real, 229.0 MB
c Signal interruption.
[runlim] end:			Thu Nov 28 11:14:39 2024
[runlim] status:		out of time
[runlim] result:		2
[runlim] children:		0
[runlim] real:			1800.08 seconds
[runlim] time:			1799.14 seconds
[runlim] space:			313.6 MB
[runlim] samples:		17993
