[runlim] version:		1.10
[runlim] time limit:		1800 seconds
[runlim] real time limit:	1800 seconds
[runlim] space limit:		60000 MB
[runlim] argv[0]:		/home/vanh/Documents/ABP/AntibandwidthExtend/anti-bandwidth-scl-extend/build/abw_enc
[runlim] argv[1]:		/home/vanh/Documents/ABP/AntibandwidthExtend/anti-bandwidth-scl-extend/build/BenchmarkA/J-nos4.mtx.rnd
[runlim] argv[2]:		--ladder
[runlim] argv[3]:		-symmetry-break
[runlim] argv[4]:		h
[runlim] argv[5]:		-split-size
[runlim] argv[6]:		3
[runlim] start:			Thu Nov 28 10:43:17 2024
[runlim] main pid:		6972
[runlim] log captured:
c LadderEncoder 1.0.
c Symetry breaking in the highest degree node.
c Splitting clauses at length 3.
c Solving strategy: from LB to UB.
c LB-w = 32 (LB in Sinnl - A note on computational approaches for the antibandwidth problem).
c UB-w = 40 (UB in Sinnl - A note on computational approaches for the antibandwidth problem).
c Antibandwidth problem with w = 32 ( J-nos4.mtx.rnd ):
c Initializing CaDiCaL (version 1.2.1).
c	Configuring CaDiCaL as --sat (1).
c Initializing a Ladder encoder with n = 100.
c Encoding starts with w = 32:
c	Encode symmetry breaking with option: h.
c	Labels and Vertices aux var: 3600
c	Labels and Vertices constraints:  25200
c	Obj k aux var: 15600
c	Obj k constraints: 129549
c	Obj k glue staircase constraints: 65949
c	Encoding duration: 0s
c	Number of clauses: 159799
c	Number of irredundant clauses: 159423
c	Number of variables: 34200
c SAT Solving starts:
[runlim] sample:		10.0 time, 10.8 real, 56.0 MB
c	Solving duration: 10845 ms
c	Answer: 
s SAT (w = 32)
c	Solution check:
p calculated antibandwidth = 32.
c
c
c Antibandwidth problem with w = 33 ( J-nos4.mtx.rnd ):
c Initializing CaDiCaL (version 1.2.1).
c	Configuring CaDiCaL as --sat (1).
c Initializing a Ladder encoder with n = 100.
c Encoding starts with w = 33:
c	Encode symmetry breaking with option: h.
c	Labels and Vertices aux var: 3600
c	Labels and Vertices constraints:  25200
c	Obj k aux var: 15800
c	Obj k constraints: 129061
c	Obj k glue staircase constraints: 64961
c	Encoding duration: 0s
c	Number of clauses: 159311
c	Number of irredundant clauses: 158946
c	Number of variables: 34400
c SAT Solving starts:
[runlim] sample:		20.0 time, 20.8 real, 77.1 MB
[runlim] sample:		30.0 time, 30.8 real, 91.1 MB
[runlim] sample:		40.0 time, 40.8 real, 91.2 MB
[runlim] sample:		50.0 time, 50.8 real, 120.3 MB
[runlim] sample:		60.0 time, 60.8 real, 102.3 MB
c	Solving duration: 57986 ms
c	Answer: 
s SAT (w = 33)
c	Solution check:
p calculated antibandwidth = 33.
c
c
c Antibandwidth problem with w = 34 ( J-nos4.mtx.rnd ):
c Initializing CaDiCaL (version 1.2.1).
c	Configuring CaDiCaL as --sat (1).
c Initializing a Ladder encoder with n = 100.
c Encoding starts with w = 34:
c	Encode symmetry breaking with option: h.
c	Labels and Vertices aux var: 3600
c	Labels and Vertices constraints:  25200
c	Obj k aux var: 12900
c	Obj k constraints: 119914
c	Obj k glue staircase constraints: 64714
c	Encoding duration: 0s
c	Number of clauses: 150064
c	Number of irredundant clauses: 149756
c	Number of variables: 31400
c SAT Solving starts:
[runlim] sample:		70.0 time, 70.8 real, 102.3 MB
c Signal interruption.
[runlim] end:			Thu Nov 28 10:44:34 2024
[runlim] status:		segmentation fault
[runlim] result:		4
[runlim] children:		0
[runlim] real:			77.98 seconds
[runlim] time:			76.98 seconds
[runlim] space:			173.7 MB
[runlim] samples:		771
