[runlim] version:		1.10
[runlim] time limit:		3600 seconds
[runlim] real time limit:	3600 seconds
[runlim] space limit:		30000 MB
[runlim] argv[0]:		/home/truongxuanhieu/AntiBandwidthReconstruct/build/abw_enc_no_symbreak
[runlim] argv[1]:		/home/truongxuanhieu/AntiBandwidthReconstruct/build/Benchmarks/T-dwt__592.mtx.rnd
[runlim] argv[2]:		--duplex
[runlim] start:			Mon Aug 19 22:09:00 2024
[runlim] main pid:		32834
[runlim] log captured:
c DuplexEncoder 0.8.
c Solving strategy: from LB to UB.
c LB-w = 103 (LB in Sinnl - A note on computational approaches for the antibandwidth problem).
c UB-w = 150 (UB in Sinnl - A note on computational approaches for the antibandwidth problem).
c Antibandwidth problem with w = 103 ( T-dwt__592.mtx.rnd ):
c Initializing CaDiCaL (version 1.2.1).
c	Configuring CaDiCaL as --sat (1).
c Initializing a Duplex encoder with n = 592.
c Encoding starts with w = 103:
c	Labels and Vertices aux var: 55648
c	Labels and Vertices constraints:  792096
c	Obj k aux var: 1176896
c	Obj k constraints: 8201472
c	Obj k glue staircase constraints: 4390176
c	Encoding duration: 2s
c	Number of clauses: 8993568
c	Number of irredundant clauses: 8415184
c	Number of variables: 1583008
c SAT Solving starts:
[runlim] sample:		10.0 time, 10.2 real, 1379.5 MB
[runlim] sample:		20.0 time, 20.2 real, 1417.8 MB
[runlim] sample:		30.0 time, 30.2 real, 1466.0 MB
[runlim] sample:		40.0 time, 40.2 real, 1654.4 MB
[runlim] sample:		50.0 time, 50.2 real, 1480.3 MB
[runlim] sample:		60.0 time, 60.2 real, 1444.3 MB
[runlim] sample:		70.0 time, 70.2 real, 1441.8 MB
[runlim] sample:		80.0 time, 80.2 real, 1472.6 MB
[runlim] sample:		90.0 time, 90.2 real, 1493.5 MB
[runlim] sample:		100.0 time, 100.2 real, 1466.6 MB
[runlim] sample:		110.0 time, 110.2 real, 1463.2 MB
[runlim] sample:		120.0 time, 120.2 real, 1479.2 MB
[runlim] sample:		130.0 time, 130.2 real, 1509.3 MB
[runlim] sample:		140.0 time, 140.2 real, 1509.2 MB
[runlim] sample:		150.0 time, 150.2 real, 1475.3 MB
[runlim] sample:		160.0 time, 160.2 real, 1465.1 MB
[runlim] sample:		170.0 time, 170.2 real, 1569.0 MB
[runlim] sample:		180.0 time, 180.2 real, 1495.9 MB
[runlim] sample:		190.0 time, 190.2 real, 1495.7 MB
[runlim] sample:		200.0 time, 200.2 real, 1469.4 MB
[runlim] sample:		210.0 time, 210.2 real, 1666.9 MB
[runlim] sample:		220.0 time, 220.2 real, 1475.6 MB
[runlim] sample:		230.0 time, 230.2 real, 1475.5 MB
[runlim] sample:		240.0 time, 240.2 real, 1475.5 MB
[runlim] sample:		250.0 time, 250.2 real, 1491.6 MB
[runlim] sample:		260.0 time, 260.2 real, 1470.4 MB
[runlim] sample:		270.0 time, 270.2 real, 1470.4 MB
[runlim] sample:		280.0 time, 280.2 real, 1471.8 MB
[runlim] sample:		290.0 time, 290.2 real, 1471.8 MB
[runlim] sample:		300.0 time, 300.2 real, 1479.2 MB
[runlim] sample:		310.0 time, 310.2 real, 1495.6 MB
[runlim] sample:		320.0 time, 320.2 real, 1495.9 MB
[runlim] sample:		330.0 time, 330.2 real, 1495.9 MB
[runlim] sample:		340.0 time, 340.2 real, 1484.8 MB
[runlim] sample:		350.0 time, 350.2 real, 1484.8 MB
[runlim] sample:		360.0 time, 360.2 real, 1494.9 MB
[runlim] sample:		370.0 time, 370.2 real, 1480.9 MB
[runlim] sample:		380.0 time, 380.2 real, 1481.0 MB
[runlim] sample:		390.0 time, 390.2 real, 1481.0 MB
[runlim] sample:		400.0 time, 400.2 real, 1481.2 MB
[runlim] sample:		410.0 time, 410.2 real, 1654.0 MB
[runlim] sample:		420.0 time, 420.2 real, 1654.0 MB
[runlim] sample:		430.0 time, 430.2 real, 1654.0 MB
[runlim] sample:		440.0 time, 440.2 real, 1559.0 MB
[runlim] sample:		450.0 time, 450.2 real, 1558.9 MB
[runlim] sample:		460.0 time, 460.2 real, 1511.2 MB
[runlim] sample:		470.0 time, 470.2 real, 1426.1 MB
[runlim] sample:		480.0 time, 480.2 real, 1484.6 MB
[runlim] sample:		490.0 time, 490.2 real, 1484.6 MB
[runlim] sample:		500.0 time, 500.2 real, 1524.6 MB
[runlim] sample:		510.0 time, 510.2 real, 1478.8 MB
[runlim] sample:		520.0 time, 520.2 real, 1484.4 MB
[runlim] sample:		530.0 time, 530.2 real, 1530.2 MB
[runlim] sample:		540.0 time, 540.2 real, 1488.7 MB
[runlim] sample:		550.0 time, 550.2 real, 1487.1 MB
[runlim] sample:		560.0 time, 560.2 real, 1487.1 MB
[runlim] sample:		570.0 time, 570.2 real, 1484.5 MB
[runlim] sample:		580.0 time, 580.2 real, 1484.5 MB
[runlim] sample:		590.0 time, 590.2 real, 1484.5 MB
[runlim] sample:		600.0 time, 600.2 real, 1480.7 MB
[runlim] sample:		610.0 time, 610.2 real, 1480.7 MB
[runlim] sample:		620.0 time, 620.2 real, 1494.2 MB
[runlim] sample:		630.0 time, 630.2 real, 1920.6 MB
[runlim] sample:		640.0 time, 640.2 real, 1706.1 MB
[runlim] sample:		650.0 time, 650.2 real, 1706.1 MB
[runlim] sample:		660.0 time, 660.2 real, 1713.9 MB
[runlim] sample:		670.0 time, 670.2 real, 1626.4 MB
[runlim] sample:		680.0 time, 680.2 real, 1626.4 MB
[runlim] sample:		690.0 time, 690.2 real, 1443.0 MB
[runlim] sample:		700.0 time, 700.2 real, 1442.9 MB
[runlim] sample:		710.0 time, 710.2 real, 1442.9 MB
[runlim] sample:		720.0 time, 720.2 real, 1458.5 MB
[runlim] sample:		730.0 time, 730.2 real, 1504.8 MB
[runlim] sample:		740.0 time, 740.2 real, 1458.4 MB
[runlim] sample:		750.0 time, 750.2 real, 1441.6 MB
[runlim] sample:		760.0 time, 760.2 real, 1486.4 MB
[runlim] sample:		770.0 time, 770.2 real, 1557.8 MB
[runlim] sample:		779.9 time, 780.2 real, 1496.4 MB
[runlim] sample:		789.9 time, 790.2 real, 1492.4 MB
[runlim] sample:		799.9 time, 800.2 real, 1678.5 MB
[runlim] sample:		809.9 time, 810.2 real, 1499.9 MB
[runlim] sample:		819.9 time, 820.2 real, 1585.4 MB
[runlim] sample:		829.9 time, 830.2 real, 1637.7 MB
[runlim] sample:		839.9 time, 840.2 real, 1612.0 MB
[runlim] sample:		849.9 time, 850.2 real, 1612.0 MB
[runlim] sample:		859.9 time, 860.2 real, 1612.0 MB
[runlim] sample:		869.9 time, 870.2 real, 1603.0 MB
[runlim] sample:		879.9 time, 880.2 real, 1608.7 MB
[runlim] sample:		889.9 time, 890.2 real, 1580.5 MB
[runlim] sample:		899.9 time, 900.2 real, 1580.8 MB
[runlim] sample:		909.9 time, 910.2 real, 1630.2 MB
[runlim] sample:		919.9 time, 920.2 real, 1630.2 MB
[runlim] sample:		929.9 time, 930.2 real, 1689.1 MB
[runlim] sample:		939.9 time, 940.2 real, 1689.1 MB
[runlim] sample:		949.9 time, 950.2 real, 1689.3 MB
[runlim] sample:		959.9 time, 960.2 real, 1649.5 MB
[runlim] sample:		969.9 time, 970.2 real, 1937.8 MB
[runlim] sample:		979.9 time, 980.2 real, 1616.8 MB
[runlim] sample:		989.9 time, 990.2 real, 1631.8 MB
[runlim] sample:		999.9 time, 1000.2 real, 1631.8 MB
[runlim] sample:		1009.9 time, 1010.2 real, 1631.8 MB
[runlim] sample:		1019.9 time, 1020.2 real, 1767.8 MB
[runlim] sample:		1029.9 time, 1030.2 real, 1767.8 MB
[runlim] sample:		1039.9 time, 1040.2 real, 1767.8 MB
[runlim] sample:		1049.9 time, 1050.2 real, 1627.9 MB
[runlim] sample:		1059.9 time, 1060.2 real, 1627.9 MB
[runlim] sample:		1069.9 time, 1070.2 real, 1627.9 MB
[runlim] sample:		1079.9 time, 1080.2 real, 1627.9 MB
[runlim] sample:		1089.9 time, 1090.2 real, 1685.3 MB
[runlim] sample:		1099.9 time, 1100.2 real, 2015.5 MB
[runlim] sample:		1109.9 time, 1110.2 real, 2015.5 MB
[runlim] sample:		1119.9 time, 1120.2 real, 2015.5 MB
[runlim] sample:		1129.9 time, 1130.2 real, 2015.5 MB
[runlim] sample:		1139.9 time, 1140.2 real, 2015.5 MB
[runlim] sample:		1149.9 time, 1150.2 real, 2074.9 MB
[runlim] sample:		1159.9 time, 1160.2 real, 2084.3 MB
[runlim] sample:		1169.9 time, 1170.2 real, 2203.9 MB
[runlim] sample:		1179.9 time, 1180.2 real, 2203.9 MB
[runlim] sample:		1189.9 time, 1190.2 real, 2203.9 MB
[runlim] sample:		1199.9 time, 1200.2 real, 2205.4 MB
[runlim] sample:		1209.9 time, 1210.2 real, 1953.2 MB
[runlim] sample:		1219.9 time, 1220.2 real, 1960.5 MB
[runlim] sample:		1229.9 time, 1230.2 real, 1815.5 MB
[runlim] sample:		1239.9 time, 1240.2 real, 1815.5 MB
[runlim] sample:		1249.9 time, 1250.2 real, 1919.7 MB
[runlim] sample:		1259.9 time, 1260.2 real, 1919.7 MB
[runlim] sample:		1269.9 time, 1270.2 real, 1771.8 MB
[runlim] sample:		1279.9 time, 1280.2 real, 1731.9 MB
[runlim] sample:		1289.9 time, 1290.2 real, 1726.4 MB
[runlim] sample:		1299.9 time, 1300.2 real, 1726.4 MB
[runlim] sample:		1309.9 time, 1310.2 real, 1829.0 MB
[runlim] sample:		1319.9 time, 1320.2 real, 1852.8 MB
[runlim] sample:		1329.9 time, 1330.2 real, 1852.8 MB
[runlim] sample:		1339.9 time, 1340.2 real, 1768.6 MB
[runlim] sample:		1349.9 time, 1350.2 real, 1760.2 MB
[runlim] sample:		1359.9 time, 1360.2 real, 1760.2 MB
[runlim] sample:		1369.9 time, 1370.2 real, 1773.0 MB
[runlim] sample:		1379.9 time, 1380.2 real, 1773.0 MB
[runlim] sample:		1389.9 time, 1390.2 real, 1773.0 MB
[runlim] sample:		1399.9 time, 1400.2 real, 1886.7 MB
[runlim] sample:		1409.9 time, 1410.2 real, 1886.7 MB
[runlim] sample:		1419.9 time, 1420.2 real, 1823.6 MB
[runlim] sample:		1429.9 time, 1430.2 real, 1823.6 MB
[runlim] sample:		1439.9 time, 1440.2 real, 1795.0 MB
[runlim] sample:		1449.9 time, 1450.2 real, 1797.2 MB
[runlim] sample:		1459.9 time, 1460.2 real, 1787.0 MB
[runlim] sample:		1469.9 time, 1470.2 real, 1787.0 MB
[runlim] sample:		1479.9 time, 1480.2 real, 1787.0 MB
[runlim] sample:		1489.9 time, 1490.2 real, 1787.0 MB
[runlim] sample:		1499.9 time, 1500.2 real, 1787.0 MB
[runlim] sample:		1509.9 time, 1510.2 real, 1787.0 MB
[runlim] sample:		1519.9 time, 1520.2 real, 1787.0 MB
[runlim] sample:		1529.9 time, 1530.2 real, 1787.0 MB
[runlim] sample:		1539.9 time, 1540.2 real, 1787.0 MB
[runlim] sample:		1549.9 time, 1550.2 real, 1787.0 MB
[runlim] sample:		1559.9 time, 1560.2 real, 2255.4 MB
[runlim] sample:		1569.9 time, 1570.2 real, 2255.4 MB
[runlim] sample:		1579.9 time, 1580.2 real, 2255.4 MB
[runlim] sample:		1589.9 time, 1590.2 real, 2255.4 MB
[runlim] sample:		1599.8 time, 1600.2 real, 2255.4 MB
[runlim] sample:		1609.9 time, 1610.2 real, 2264.2 MB
[runlim] sample:		1619.9 time, 1620.2 real, 2264.2 MB
[runlim] sample:		1629.9 time, 1630.2 real, 2264.2 MB
[runlim] sample:		1639.9 time, 1640.2 real, 2264.2 MB
[runlim] sample:		1649.8 time, 1650.2 real, 2294.2 MB
[runlim] sample:		1659.8 time, 1660.2 real, 2294.2 MB
[runlim] sample:		1669.8 time, 1670.2 real, 2294.2 MB
[runlim] sample:		1679.8 time, 1680.2 real, 2294.2 MB
[runlim] sample:		1689.8 time, 1690.2 real, 2294.2 MB
[runlim] sample:		1699.8 time, 1700.2 real, 2294.2 MB
[runlim] sample:		1709.8 time, 1710.2 real, 2397.3 MB
[runlim] sample:		1719.8 time, 1720.2 real, 2542.4 MB
[runlim] sample:		1729.8 time, 1730.2 real, 2676.0 MB
[runlim] sample:		1739.8 time, 1740.2 real, 2811.6 MB
[runlim] sample:		1749.8 time, 1750.2 real, 2931.0 MB
[runlim] sample:		1759.8 time, 1760.2 real, 3042.3 MB
[runlim] sample:		1769.8 time, 1770.2 real, 3147.8 MB
[runlim] sample:		1779.8 time, 1780.2 real, 3248.1 MB
[runlim] sample:		1789.8 time, 1790.2 real, 4154.4 MB
[runlim] sample:		1799.8 time, 1800.2 real, 4154.4 MB
[runlim] sample:		1809.8 time, 1810.2 real, 4154.4 MB
[runlim] sample:		1819.8 time, 1820.2 real, 4154.4 MB
[runlim] sample:		1829.8 time, 1830.2 real, 4154.4 MB
[runlim] sample:		1839.8 time, 1840.2 real, 4154.7 MB
[runlim] sample:		1849.8 time, 1850.2 real, 4018.4 MB
[runlim] sample:		1859.8 time, 1860.2 real, 4018.4 MB
[runlim] sample:		1869.8 time, 1870.2 real, 4018.4 MB
[runlim] sample:		1879.8 time, 1880.2 real, 4018.7 MB
[runlim] sample:		1889.8 time, 1890.2 real, 4018.9 MB
[runlim] sample:		1899.8 time, 1900.2 real, 4066.0 MB
[runlim] sample:		1909.8 time, 1910.2 real, 4100.1 MB
[runlim] sample:		1919.8 time, 1920.2 real, 5104.6 MB
[runlim] sample:		1929.8 time, 1930.2 real, 5104.6 MB
[runlim] sample:		1939.8 time, 1940.2 real, 3834.1 MB
[runlim] sample:		1949.8 time, 1950.2 real, 3834.1 MB
[runlim] sample:		1959.8 time, 1960.2 real, 3834.1 MB
[runlim] sample:		1969.8 time, 1970.2 real, 3834.1 MB
[runlim] sample:		1979.8 time, 1980.2 real, 3834.1 MB
[runlim] sample:		1989.8 time, 1990.2 real, 3834.1 MB
[runlim] sample:		1999.8 time, 2000.2 real, 3834.1 MB
[runlim] sample:		2009.8 time, 2010.2 real, 3218.6 MB
[runlim] sample:		2019.8 time, 2020.2 real, 3218.6 MB
[runlim] sample:		2029.8 time, 2030.2 real, 3218.6 MB
[runlim] sample:		2039.8 time, 2040.2 real, 3218.6 MB
[runlim] sample:		2049.8 time, 2050.2 real, 3218.6 MB
[runlim] sample:		2059.8 time, 2060.2 real, 2784.8 MB
[runlim] sample:		2069.8 time, 2070.2 real, 2784.8 MB
[runlim] sample:		2079.8 time, 2080.2 real, 2784.8 MB
[runlim] sample:		2089.8 time, 2090.2 real, 2756.2 MB
[runlim] sample:		2099.8 time, 2100.2 real, 2756.2 MB
[runlim] sample:		2109.8 time, 2110.2 real, 3184.5 MB
[runlim] sample:		2119.8 time, 2120.2 real, 2709.5 MB
[runlim] sample:		2129.8 time, 2130.2 real, 2709.5 MB
[runlim] sample:		2139.8 time, 2140.2 real, 2709.5 MB
[runlim] sample:		2149.8 time, 2150.2 real, 2666.7 MB
[runlim] sample:		2159.8 time, 2160.2 real, 2714.1 MB
[runlim] sample:		2169.8 time, 2170.2 real, 2714.1 MB
[runlim] sample:		2179.8 time, 2180.2 real, 2650.6 MB
[runlim] sample:		2189.8 time, 2190.2 real, 2650.6 MB
[runlim] sample:		2199.8 time, 2200.2 real, 2650.6 MB
[runlim] sample:		2209.8 time, 2210.2 real, 2644.3 MB
[runlim] sample:		2219.8 time, 2220.2 real, 2644.3 MB
[runlim] sample:		2229.8 time, 2230.2 real, 2644.3 MB
[runlim] sample:		2239.8 time, 2240.2 real, 2476.6 MB
[runlim] sample:		2249.8 time, 2250.2 real, 2476.6 MB
[runlim] sample:		2259.8 time, 2260.2 real, 2476.6 MB
[runlim] sample:		2269.8 time, 2270.2 real, 2572.0 MB
[runlim] sample:		2279.8 time, 2280.2 real, 2572.0 MB
[runlim] sample:		2289.8 time, 2290.2 real, 2572.0 MB
[runlim] sample:		2299.8 time, 2300.2 real, 2572.0 MB
[runlim] sample:		2309.8 time, 2310.2 real, 2641.0 MB
[runlim] sample:		2319.8 time, 2320.2 real, 2682.9 MB
[runlim] sample:		2329.8 time, 2330.2 real, 2682.9 MB
[runlim] sample:		2339.8 time, 2340.2 real, 2222.8 MB
[runlim] sample:		2349.8 time, 2350.2 real, 2222.8 MB
[runlim] sample:		2359.8 time, 2360.2 real, 2221.5 MB
[runlim] sample:		2369.8 time, 2370.2 real, 1763.6 MB
[runlim] sample:		2379.8 time, 2380.2 real, 1763.6 MB
[runlim] sample:		2389.8 time, 2390.2 real, 1763.6 MB
[runlim] sample:		2399.8 time, 2400.2 real, 1763.6 MB
[runlim] sample:		2409.8 time, 2410.2 real, 1763.6 MB
[runlim] sample:		2419.8 time, 2420.2 real, 1852.4 MB
[runlim] sample:		2429.8 time, 2430.2 real, 1852.4 MB
[runlim] sample:		2439.8 time, 2440.2 real, 1740.8 MB
[runlim] sample:		2449.8 time, 2450.2 real, 1740.8 MB
[runlim] sample:		2459.8 time, 2460.2 real, 1740.8 MB
[runlim] sample:		2469.8 time, 2470.2 real, 1757.9 MB
[runlim] sample:		2479.8 time, 2480.2 real, 1805.4 MB
[runlim] sample:		2489.8 time, 2490.2 real, 1805.4 MB
[runlim] sample:		2499.8 time, 2500.2 real, 1805.4 MB
[runlim] sample:		2509.8 time, 2510.2 real, 1860.4 MB
[runlim] sample:		2519.8 time, 2520.2 real, 1860.4 MB
[runlim] sample:		2529.8 time, 2530.2 real, 1606.3 MB
[runlim] sample:		2539.8 time, 2540.2 real, 1606.3 MB
[runlim] sample:		2549.8 time, 2550.2 real, 1693.3 MB
[runlim] sample:		2559.8 time, 2560.2 real, 1693.3 MB
[runlim] sample:		2569.8 time, 2570.2 real, 1693.3 MB
[runlim] sample:		2579.8 time, 2580.2 real, 1806.5 MB
[runlim] sample:		2589.8 time, 2590.2 real, 1806.5 MB
[runlim] sample:		2599.8 time, 2600.2 real, 1806.5 MB
[runlim] sample:		2609.8 time, 2610.2 real, 1806.5 MB
[runlim] sample:		2619.8 time, 2620.2 real, 1853.9 MB
[runlim] sample:		2629.8 time, 2630.2 real, 1971.7 MB
[runlim] sample:		2639.8 time, 2640.2 real, 2071.0 MB
[runlim] sample:		2649.8 time, 2650.2 real, 2185.4 MB
[runlim] sample:		2659.8 time, 2660.2 real, 2316.2 MB
[runlim] sample:		2669.8 time, 2670.2 real, 2988.5 MB
[runlim] sample:		2679.8 time, 2680.2 real, 2988.5 MB
[runlim] sample:		2689.8 time, 2690.2 real, 2988.5 MB
[runlim] sample:		2699.8 time, 2700.2 real, 2988.7 MB
[runlim] sample:		2709.8 time, 2710.2 real, 2989.0 MB
[runlim] sample:		2719.8 time, 2720.2 real, 2989.0 MB
[runlim] sample:		2729.8 time, 2730.2 real, 2989.2 MB
[runlim] sample:		2739.8 time, 2740.2 real, 2989.7 MB
[runlim] sample:		2749.8 time, 2750.2 real, 2990.3 MB
[runlim] sample:		2759.8 time, 2760.2 real, 2990.3 MB
[runlim] sample:		2769.8 time, 2770.2 real, 2990.3 MB
[runlim] sample:		2779.8 time, 2780.2 real, 4069.4 MB
[runlim] sample:		2789.8 time, 2790.2 real, 3042.6 MB
[runlim] sample:		2799.8 time, 2800.2 real, 3042.6 MB
[runlim] sample:		2809.8 time, 2810.2 real, 3042.6 MB
[runlim] sample:		2819.8 time, 2820.2 real, 3042.6 MB
[runlim] sample:		2829.8 time, 2830.2 real, 2370.6 MB
[runlim] sample:		2839.8 time, 2840.2 real, 2370.6 MB
[runlim] sample:		2849.8 time, 2850.2 real, 2370.6 MB
[runlim] sample:		2859.8 time, 2860.2 real, 2370.6 MB
[runlim] sample:		2869.8 time, 2870.2 real, 2370.6 MB
[runlim] sample:		2879.8 time, 2880.2 real, 2370.6 MB
[runlim] sample:		2889.8 time, 2890.2 real, 2370.6 MB
[runlim] sample:		2899.8 time, 2900.2 real, 2899.7 MB
[runlim] sample:		2909.8 time, 2910.2 real, 2865.3 MB
[runlim] sample:		2919.8 time, 2920.2 real, 2698.9 MB
[runlim] sample:		2929.8 time, 2930.2 real, 2698.9 MB
[runlim] sample:		2939.8 time, 2940.2 real, 2659.1 MB
[runlim] sample:		2949.8 time, 2950.2 real, 2659.1 MB
[runlim] sample:		2959.8 time, 2960.2 real, 2659.1 MB
[runlim] sample:		2969.8 time, 2970.2 real, 2276.9 MB
[runlim] sample:		2979.8 time, 2980.2 real, 2276.9 MB
[runlim] sample:		2989.8 time, 2990.2 real, 2276.9 MB
[runlim] sample:		2999.8 time, 3000.2 real, 2276.9 MB
[runlim] sample:		3009.8 time, 3010.2 real, 2276.9 MB
[runlim] sample:		3019.8 time, 3020.2 real, 2432.2 MB
[runlim] sample:		3029.8 time, 3030.2 real, 2432.2 MB
[runlim] sample:		3039.8 time, 3040.2 real, 2478.5 MB
[runlim] sample:		3049.8 time, 3050.2 real, 2478.5 MB
[runlim] sample:		3059.8 time, 3060.2 real, 2478.5 MB
[runlim] sample:		3069.8 time, 3070.2 real, 2557.1 MB
[runlim] sample:		3079.8 time, 3080.2 real, 2557.1 MB
[runlim] sample:		3089.8 time, 3090.2 real, 2557.1 MB
[runlim] sample:		3099.8 time, 3100.2 real, 2557.1 MB
[runlim] sample:		3109.8 time, 3110.2 real, 2557.1 MB
[runlim] sample:		3119.8 time, 3120.2 real, 2557.1 MB
[runlim] sample:		3129.8 time, 3130.2 real, 2557.1 MB
[runlim] sample:		3139.8 time, 3140.2 real, 2557.1 MB
[runlim] sample:		3149.8 time, 3150.2 real, 2557.1 MB
[runlim] sample:		3159.8 time, 3160.2 real, 2557.1 MB
[runlim] sample:		3169.8 time, 3170.2 real, 2915.9 MB
[runlim] sample:		3179.8 time, 3180.2 real, 2915.9 MB
[runlim] sample:		3189.8 time, 3190.2 real, 2915.9 MB
[runlim] sample:		3199.8 time, 3200.2 real, 2915.9 MB
[runlim] sample:		3209.8 time, 3210.2 real, 1912.6 MB
[runlim] sample:		3219.8 time, 3220.2 real, 1912.6 MB
[runlim] sample:		3229.8 time, 3230.2 real, 1912.6 MB
[runlim] sample:		3239.8 time, 3240.2 real, 2355.0 MB
[runlim] sample:		3249.8 time, 3250.2 real, 2355.0 MB
[runlim] sample:		3259.8 time, 3260.2 real, 2355.0 MB
[runlim] sample:		3269.7 time, 3270.2 real, 1912.6 MB
[runlim] sample:		3279.7 time, 3280.2 real, 1900.9 MB
[runlim] sample:		3289.7 time, 3290.2 real, 1900.9 MB
[runlim] sample:		3299.7 time, 3300.2 real, 1910.8 MB
[runlim] sample:		3309.7 time, 3310.2 real, 2190.1 MB
[runlim] sample:		3319.7 time, 3320.2 real, 2190.2 MB
[runlim] sample:		3329.7 time, 3330.2 real, 2190.2 MB
[runlim] sample:		3339.7 time, 3340.2 real, 2190.2 MB
[runlim] sample:		3349.7 time, 3350.2 real, 2289.6 MB
[runlim] sample:		3359.7 time, 3360.2 real, 2289.6 MB
[runlim] sample:		3369.7 time, 3370.2 real, 2289.6 MB
[runlim] sample:		3379.7 time, 3380.2 real, 2289.6 MB
[runlim] sample:		3389.7 time, 3390.2 real, 2289.6 MB
[runlim] sample:		3399.7 time, 3400.2 real, 2289.6 MB
[runlim] sample:		3409.7 time, 3410.2 real, 2289.6 MB
[runlim] sample:		3419.7 time, 3420.2 real, 2330.8 MB
[runlim] sample:		3429.7 time, 3430.2 real, 2985.7 MB
[runlim] sample:		3439.7 time, 3440.2 real, 2985.7 MB
[runlim] sample:		3449.7 time, 3450.2 real, 2985.7 MB
[runlim] sample:		3459.7 time, 3460.2 real, 2985.7 MB
[runlim] sample:		3469.7 time, 3470.2 real, 2985.7 MB
[runlim] sample:		3479.7 time, 3480.2 real, 2985.7 MB
[runlim] sample:		3489.7 time, 3490.2 real, 2985.7 MB
[runlim] sample:		3499.7 time, 3500.2 real, 2985.7 MB
[runlim] sample:		3509.7 time, 3510.2 real, 2985.7 MB
[runlim] sample:		3519.7 time, 3520.2 real, 3045.0 MB
[runlim] sample:		3529.7 time, 3530.2 real, 3147.4 MB
[runlim] sample:		3539.7 time, 3540.2 real, 3290.9 MB
[runlim] sample:		3549.7 time, 3550.2 real, 3290.9 MB
[runlim] sample:		3559.7 time, 3560.2 real, 3291.0 MB
[runlim] sample:		3569.7 time, 3570.2 real, 3291.2 MB
[runlim] sample:		3579.7 time, 3580.2 real, 3291.4 MB
[runlim] sample:		3589.7 time, 3590.2 real, 3291.5 MB
c Signal interruption.
[runlim] end:			Mon Aug 19 23:09:00 2024
[runlim] status:		out of time
[runlim] result:		2
[runlim] children:		0
[runlim] real:			3600.10 seconds
[runlim] time:			3599.61 seconds
[runlim] space:			6895.1 MB
[runlim] samples:		35999
