[runlim] version:		1.10
[runlim] time limit:		3600 seconds
[runlim] real time limit:	3600 seconds
[runlim] space limit:		30000 MB
[runlim] argv[0]:		/home/truongxuanhieu/AntiBandwidthReconstruct/build/abw_enc_no_symbreak
[runlim] argv[1]:		/home/truongxuanhieu/AntiBandwidthReconstruct/build/Benchmarks/W-685_bus.mtx.rnd
[runlim] argv[2]:		--duplex
[runlim] start:			Mon Aug 19 21:08:03 2024
[runlim] main pid:		26348
[runlim] log captured:
c DuplexEncoder 0.8.
c Solving strategy: from LB to UB.
c LB-w = 136 (LB in Sinnl - A note on computational approaches for the antibandwidth problem).
c UB-w = 136 (UB in Sinnl - A note on computational approaches for the antibandwidth problem).
c Antibandwidth problem with w = 136 ( W-685_bus.mtx.rnd ):
c Initializing CaDiCaL (version 1.2.1).
c	Configuring CaDiCaL as --sat (1).
c Initializing a Duplex encoder with n = 685.
c Encoding starts with w = 136:
c	Labels and Vertices aux var: 69870
c	Labels and Vertices constraints:  1052160
c	Obj k aux var: 1670030
c	Obj k constraints: 8106407
c	Obj k glue staircase constraints: 2802452
c	Encoding duration: 3s
c	Number of clauses: 9158567
c	Number of irredundant clauses: 8407122
c	Number of variables: 2209125
c SAT Solving starts:
[runlim] sample:		10.0 time, 10.2 real, 1561.8 MB
[runlim] sample:		20.0 time, 20.2 real, 1643.9 MB
[runlim] sample:		30.0 time, 30.2 real, 1666.5 MB
[runlim] sample:		40.0 time, 40.3 real, 1668.5 MB
[runlim] sample:		50.0 time, 50.2 real, 1678.1 MB
c	Solving duration: 48032 ms
c	Answer: 
s SAT (w = 136)
c	Solution check:
p calculated antibandwidth = 136.
c
c
[runlim] end:			Mon Aug 19 21:08:56 2024
[runlim] status:		ok
[runlim] result:		0
[runlim] children:		0
[runlim] real:			53.13 seconds
[runlim] time:			52.79 seconds
[runlim] space:			1919.7 MB
[runlim] samples:		528
