[runlim] version:		1.10
[runlim] time limit:		1800 seconds
[runlim] real time limit:	1800 seconds
[runlim] space limit:		30000 MB
[runlim] argv[0]:		/home/hvanh28/AntiBandwidthReconstruct/build/abw_enc
[runlim] argv[1]:		/home/hvanh28/AntiBandwidthReconstruct/build/Benchmarks/A-pores_1.mtx.rnd
[runlim] argv[2]:		--duplex
[runlim] argv[3]:		-symetry-break
[runlim] argv[4]:		f
[runlim] start:			Wed Sep 25 15:10:08 2024
[runlim] main pid:		82078
[runlim] log captured:
c LadderEncoder 1.0.
c Symetry breaking in the first node.
c Solving strategy: from LB to UB.
c LB-w = 6 (LB in Sinnl - A note on computational approaches for the antibandwidth problem).
c UB-w = 8 (UB in Sinnl - A note on computational approaches for the antibandwidth problem).
c Antibandwidth problem with w = 6 ( A-pores_1.mtx.rnd ):
c Initializing CaDiCaL (version 1.2.1).
c	Configuring CaDiCaL as --sat (1).
c Initializing a Duplex encoder with n = 30.
c Encoding starts with w = 6:
c	Encode symmetry breaking with option: f.
c	Labels and Vertices aux var: 540
c	Labels and Vertices constraints:  2850
c	Obj k aux var: 2400
c	Obj k constraints: 16825
c	Obj k glue staircase constraints: 8755
c	Encoding duration: 0s
c	Number of clauses: 19690
c	Number of irredundant clauses: 17934
c	Number of variables: 3840
c SAT Solving starts:
c	Solving duration: 145 ms
c	Answer: 
s SAT (w = 6)
c	Solution check:
p calculated antibandwidth = 6.
c
c
c Antibandwidth problem with w = 7 ( A-pores_1.mtx.rnd ):
c Initializing CaDiCaL (version 1.2.1).
c	Configuring CaDiCaL as --sat (1).
c Initializing a Duplex encoder with n = 30.
c Encoding starts with w = 7:
c	Encode symmetry breaking with option: f.
c	Labels and Vertices aux var: 540
c	Labels and Vertices constraints:  2850
c	Obj k aux var: 2580
c	Obj k constraints: 17305
c	Obj k glue staircase constraints: 8755
c	Encoding duration: 0s
c	Number of clauses: 20170
c	Number of irredundant clauses: 18404
c	Number of variables: 4020
c SAT Solving starts:
c	Solving duration: 5204 ms
c	Answer: 
s UNSAT (w = 7)
c
c
[runlim] end:			Wed Sep 25 15:10:13 2024
[runlim] status:		ok
[runlim] result:		0
[runlim] children:		0
[runlim] real:			5.40 seconds
[runlim] time:			5.29 seconds
[runlim] space:			14.1 MB
[runlim] samples:		53
