[runlim] version:		1.10
[runlim] time limit:		1800 seconds
[runlim] real time limit:	1800 seconds
[runlim] space limit:		30000 MB
[runlim] argv[0]:		/home/truongxuanhieu/AntiBandwidthReconstruct/build/abw_enc
[runlim] argv[1]:		/home/truongxuanhieu/AntiBandwidthReconstruct/build/Benchmarks/A-pores_1.mtx.rnd
[runlim] argv[2]:		--ladder
[runlim] argv[3]:		-symetry-break
[runlim] argv[4]:		f
[runlim] start:			Wed Sep 25 14:06:18 2024
[runlim] main pid:		43877
[runlim] log captured:
c LadderEncoder 1.0.
c Symetry breaking in the first node.
c Solving strategy: from LB to UB.
c LB-w = 6 (LB in Sinnl - A note on computational approaches for the antibandwidth problem).
c UB-w = 8 (UB in Sinnl - A note on computational approaches for the antibandwidth problem).
c Antibandwidth problem with w = 6 ( A-pores_1.mtx.rnd ):
c Initializing CaDiCaL (version 1.2.1).
c	Configuring CaDiCaL as --sat (1).
c Initializing a Ladder encoder with n = 30.
c Encoding starts with w = 6:
c	Encode symmetry breaking with option: f.
c	Labels and Vertices aux var: 540
c	Labels and Vertices constraints:  2850
c	Obj k aux var: 1110
c	Obj k constraints: 13705
c	Obj k glue staircase constraints: 8755
c	Encoding duration: 0s
c	Number of clauses: 16570
c	Number of irredundant clauses: 16364
c	Number of variables: 2550
c SAT Solving starts:
c	Solving duration: 45 ms
c	Answer: 
s SAT (w = 6)
c	Solution check:
p calculated antibandwidth = 6.
c
c
c Antibandwidth problem with w = 7 ( A-pores_1.mtx.rnd ):
c Initializing CaDiCaL (version 1.2.1).
c	Configuring CaDiCaL as --sat (1).
c Initializing a Ladder encoder with n = 30.
c Encoding starts with w = 7:
c	Encode symmetry breaking with option: f.
c	Labels and Vertices aux var: 540
c	Labels and Vertices constraints:  2850
c	Obj k aux var: 1200
c	Obj k constraints: 13872
c	Obj k glue staircase constraints: 8652
c	Encoding duration: 0s
c	Number of clauses: 16737
c	Number of irredundant clauses: 16553
c	Number of variables: 2640
c SAT Solving starts:
[runlim] sample:		10.0 time, 10.1 real, 15.6 MB
[runlim] sample:		20.0 time, 20.1 real, 29.6 MB
[runlim] sample:		30.0 time, 30.1 real, 34.1 MB
c	Solving duration: 33157 ms
c	Answer: 
s UNSAT (w = 7)
c
c
[runlim] end:			Wed Sep 25 14:06:51 2024
[runlim] status:		ok
[runlim] result:		0
[runlim] children:		0
[runlim] real:			33.32 seconds
[runlim] time:			33.19 seconds
[runlim] space:			34.1 MB
[runlim] samples:		332
