[runlim] version:		1.10
[runlim] time limit:		1800 seconds
[runlim] real time limit:	1800 seconds
[runlim] space limit:		30000 MB
[runlim] argv[0]:		/home/hvanh28/AntiBandwidthReconstruct/build/abw_enc
[runlim] argv[1]:		/home/hvanh28/AntiBandwidthReconstruct/build/Benchmarks/B-ibm32.mtx.rnd
[runlim] argv[2]:		--reduced
[runlim] argv[3]:		-symetry-break
[runlim] argv[4]:		f
[runlim] start:			Fri Sep 27 01:14:10 2024
[runlim] main pid:		97563
[runlim] log captured:
c LadderEncoder 1.0.
c Symetry breaking in the first node.
c Solving strategy: from LB to UB.
c LB-w = 9 (LB in Sinnl - A note on computational approaches for the antibandwidth problem).
c UB-w = 9 (UB in Sinnl - A note on computational approaches for the antibandwidth problem).
c Antibandwidth problem with w = 9 ( B-ibm32.mtx.rnd ):
c Initializing CaDiCaL (version 1.2.1).
c	Configuring CaDiCaL as --sat (1).
c Initializing a Naive-Reduced encoder with n = 32.
c Encoding starts with w = 9:
c	Encode symmetry breaking with option: f.
c	Encoding duration: 0s
c	Number of clauses: 71424
c	Number of irredundant clauses: 69876
c	Number of variables: 1024
c SAT Solving starts:
[runlim] sample:		10.0 time, 10.4 real, 30.8 MB
[runlim] sample:		20.0 time, 20.4 real, 28.7 MB
[runlim] sample:		30.0 time, 30.4 real, 40.1 MB
[runlim] sample:		40.0 time, 40.4 real, 39.2 MB
c	Solving duration: 44234 ms
c	Answer: 
s SAT (w = 9)
c	Solution check:
p calculated antibandwidth = 9.
c
c
[runlim] end:			Fri Sep 27 01:14:54 2024
[runlim] status:		ok
[runlim] result:		0
[runlim] children:		0
[runlim] real:			44.69 seconds
[runlim] time:			44.19 seconds
[runlim] space:			49.4 MB
[runlim] samples:		442
