[runlim] version:		1.10
[runlim] time limit:		1800 seconds
[runlim] real time limit:	1800 seconds
[runlim] space limit:		30000 MB
[runlim] argv[0]:		/home/hvanh28/AntiBandwidthReconstruct/build/abw_enc
[runlim] argv[1]:		/home/hvanh28/AntiBandwidthReconstruct/build/Benchmarks/B-ibm32.mtx.rnd
[runlim] argv[2]:		--duplex
[runlim] argv[3]:		-symetry-break
[runlim] argv[4]:		f
[runlim] start:			Wed Sep 25 09:53:12 2024
[runlim] main pid:		77367
[runlim] log captured:
c LadderEncoder 1.0.
c Symetry breaking in the first node.
c Solving strategy: from LB to UB.
c LB-w = 9 (LB in Sinnl - A note on computational approaches for the antibandwidth problem).
c UB-w = 9 (UB in Sinnl - A note on computational approaches for the antibandwidth problem).
c Antibandwidth problem with w = 9 ( B-ibm32.mtx.rnd ):
c Initializing CaDiCaL (version 1.2.1).
c	Configuring CaDiCaL as --sat (1).
c Initializing a Duplex encoder with n = 32.
c Encoding starts with w = 9:
c	Encode symmetry breaking with option: f.
c	Labels and Vertices aux var: 640
c	Labels and Vertices constraints:  3136
c	Obj k aux var: 2816
c	Obj k constraints: 17200
c	Obj k glue staircase constraints: 7920
c	Encoding duration: 0s
c	Number of clauses: 20352
c	Number of irredundant clauses: 18564
c	Number of variables: 4480
c SAT Solving starts:
c	Solving duration: 234 ms
c	Answer: 
s SAT (w = 9)
c	Solution check:
p calculated antibandwidth = 9.
c
c
[runlim] end:			Wed Sep 25 09:53:13 2024
[runlim] status:		ok
[runlim] result:		0
[runlim] children:		0
[runlim] real:			1.16 seconds
[runlim] time:			0.19 seconds
[runlim] space:			8.5 MB
[runlim] samples:		2
