[runlim] version:		1.10
[runlim] time limit:		1800 seconds
[runlim] real time limit:	1800 seconds
[runlim] space limit:		30000 MB
[runlim] argv[0]:		/home/truongxuanhieu/AntiBandwidthReconstruct/build/abw_enc
[runlim] argv[1]:		/home/truongxuanhieu/AntiBandwidthReconstruct/build/Benchmarks/C-bcspwr01.mtx.rnd
[runlim] argv[2]:		--seq
[runlim] argv[3]:		-symetry-break
[runlim] argv[4]:		f
[runlim] start:			Fri Oct  4 04:42:56 2024
[runlim] main pid:		2186
[runlim] log captured:
c LadderEncoder 1.0.
c Symetry breaking in the first node.
c Solving strategy: from LB to UB.
c LB-w = 16 (LB in Sinnl - A note on computational approaches for the antibandwidth problem).
c UB-w = 17 (UB in Sinnl - A note on computational approaches for the antibandwidth problem).
c Antibandwidth problem with w = 16 ( C-bcspwr01.mtx.rnd ):
c Initializing CaDiCaL (version 1.2.1).
c	Configuring CaDiCaL as --sat (1).
c Initializing a Sequential encoder with n = 39.
c Encoding starts with w = 16:
c	Encode symmetry breaking with option: f.
c	Encoding duration: 0s
c	Number of clauses: 109297
c	Number of irredundant clauses: 108475
c	Number of variables: 37527
c SAT Solving starts:
c	Solving duration: 694 ms
c	Answer: 
s SAT (w = 16)
c	Solution check:
p calculated antibandwidth = 16.
c
c
c Antibandwidth problem with w = 17 ( C-bcspwr01.mtx.rnd ):
c Initializing CaDiCaL (version 1.2.1).
c	Configuring CaDiCaL as --sat (1).
c Initializing a Sequential encoder with n = 39.
c Encoding starts with w = 17:
c	Encode symmetry breaking with option: f.
c	Encoding duration: 0s
c	Number of clauses: 111459
c	Number of irredundant clauses: 110623
c	Number of variables: 38263
c SAT Solving starts:
[runlim] sample:		10.0 time, 10.6 real, 39.0 MB
[runlim] sample:		20.0 time, 20.6 real, 58.2 MB
c	Solving duration: 19340 ms
c	Answer: 
s SAT (w = 17)
c	Solution check:
p calculated antibandwidth = 17.
c
c
[runlim] end:			Fri Oct  4 04:43:16 2024
[runlim] status:		ok
[runlim] result:		0
[runlim] children:		0
[runlim] real:			20.65 seconds
[runlim] time:			19.99 seconds
[runlim] space:			58.2 MB
[runlim] samples:		200
