[runlim] version:		1.10
[runlim] time limit:		1800 seconds
[runlim] real time limit:	1800 seconds
[runlim] space limit:		30000 MB
[runlim] argv[0]:		/home/truongxuanhieu/AntiBandwidthReconstruct/build/abw_enc
[runlim] argv[1]:		/home/truongxuanhieu/AntiBandwidthReconstruct/build/Benchmarks/E-bcspwr02.mtx.rnd
[runlim] argv[2]:		--reduced
[runlim] argv[3]:		-symetry-break
[runlim] argv[4]:		f
[runlim] start:			Tue Oct  1 05:56:08 2024
[runlim] main pid:		55793
[runlim] log captured:
c LadderEncoder 1.0.
c Symetry breaking in the first node.
c Solving strategy: from LB to UB.
c LB-w = 21 (LB in Sinnl - A note on computational approaches for the antibandwidth problem).
c UB-w = 22 (UB in Sinnl - A note on computational approaches for the antibandwidth problem).
c Antibandwidth problem with w = 21 ( E-bcspwr02.mtx.rnd ):
c Initializing CaDiCaL (version 1.2.1).
c	Configuring CaDiCaL as --sat (1).
c Initializing a Naive-Reduced encoder with n = 49.
c Encoding starts with w = 21:
c	Encode symmetry breaking with option: f.
c	Encoding duration: 0s
c	Number of clauses: 206230
c	Number of irredundant clauses: 203428
c	Number of variables: 2401
c SAT Solving starts:
[runlim] sample:		10.0 time, 10.6 real, 57.7 MB
[runlim] sample:		20.0 time, 20.6 real, 61.6 MB
c	Solving duration: 21464 ms
c	Answer: 
s SAT (w = 21)
c	Solution check:
p calculated antibandwidth = 21.
c
c
c Antibandwidth problem with w = 22 ( E-bcspwr02.mtx.rnd ):
c Initializing CaDiCaL (version 1.2.1).
c	Configuring CaDiCaL as --sat (1).
c Initializing a Naive-Reduced encoder with n = 49.
c Encoding starts with w = 22:
c	Encode symmetry breaking with option: f.
c	Encoding duration: 0s
c	Number of clauses: 209534
c	Number of irredundant clauses: 206705
c	Number of variables: 2401
c SAT Solving starts:
[runlim] sample:		30.0 time, 30.6 real, 68.9 MB
c	Solving duration: 9448 ms
c	Answer: 
s UNSAT (w = 22)
c
c
[runlim] end:			Tue Oct  1 05:56:39 2024
[runlim] status:		ok
[runlim] result:		0
[runlim] children:		0
[runlim] real:			31.55 seconds
[runlim] time:			30.89 seconds
[runlim] space:			79.8 MB
[runlim] samples:		309
