[runlim] version:		1.10
[runlim] time limit:		1800 seconds
[runlim] real time limit:	1800 seconds
[runlim] space limit:		30000 MB
[runlim] argv[0]:		/home/truongxuanhieu/AntiBandwidthReconstruct/build/abw_enc
[runlim] argv[1]:		/home/truongxuanhieu/AntiBandwidthReconstruct/build/Benchmarks/G-will57.mtx.rnd
[runlim] argv[2]:		--ladder
[runlim] argv[3]:		-symetry-break
[runlim] argv[4]:		f
[runlim] start:			Wed Sep 25 12:36:16 2024
[runlim] main pid:		40980
[runlim] log captured:
c LadderEncoder 1.0.
c Symetry breaking in the first node.
c Solving strategy: from LB to UB.
c LB-w = 12 (LB in Sinnl - A note on computational approaches for the antibandwidth problem).
c UB-w = 14 (UB in Sinnl - A note on computational approaches for the antibandwidth problem).
c Antibandwidth problem with w = 12 ( G-will57.mtx.rnd ):
c Initializing CaDiCaL (version 1.2.1).
c	Configuring CaDiCaL as --sat (1).
c Initializing a Ladder encoder with n = 57.
c Encoding starts with w = 12:
c	Encode symmetry breaking with option: f.
c	Labels and Vertices aux var: 1596
c	Labels and Vertices constraints:  9348
c	Obj k aux var: 4674
c	Obj k constraints: 41737
c	Obj k glue staircase constraints: 21844
c	Encoding duration: 0s
c	Number of clauses: 51113
c	Number of irredundant clauses: 50934
c	Number of variables: 9519
c SAT Solving starts:
c	Solving duration: 50 ms
c	Answer: 
s SAT (w = 12)
c	Solution check:
p calculated antibandwidth = 12.
c
c
c Antibandwidth problem with w = 13 ( G-will57.mtx.rnd ):
c Initializing CaDiCaL (version 1.2.1).
c	Configuring CaDiCaL as --sat (1).
c Initializing a Ladder encoder with n = 57.
c Encoding starts with w = 13:
c	Encode symmetry breaking with option: f.
c	Labels and Vertices aux var: 1596
c	Labels and Vertices constraints:  9348
c	Obj k aux var: 4845
c	Obj k constraints: 41685
c	Obj k glue staircase constraints: 21336
c	Encoding duration: 0s
c	Number of clauses: 51061
c	Number of irredundant clauses: 50878
c	Number of variables: 9690
c SAT Solving starts:
c	Solving duration: 433 ms
c	Answer: 
s SAT (w = 13)
c	Solution check:
p calculated antibandwidth = 13.
c
c
c Antibandwidth problem with w = 14 ( G-will57.mtx.rnd ):
c Initializing CaDiCaL (version 1.2.1).
c	Configuring CaDiCaL as --sat (1).
c Initializing a Ladder encoder with n = 57.
c Encoding starts with w = 14:
c	Encode symmetry breaking with option: f.
c	Labels and Vertices aux var: 1596
c	Labels and Vertices constraints:  9348
c	Obj k aux var: 5016
c	Obj k constraints: 41633
c	Obj k glue staircase constraints: 20828
c	Encoding duration: 0s
c	Number of clauses: 51009
c	Number of irredundant clauses: 50823
c	Number of variables: 9861
c SAT Solving starts:
c	Solving duration: 6 ms
c	Answer: 
s UNSAT (w = 14)
c
c
[runlim] end:			Wed Sep 25 12:36:16 2024
[runlim] status:		ok
[runlim] result:		0
[runlim] children:		0
[runlim] real:			0.59 seconds
[runlim] time:			0.49 seconds
[runlim] space:			15.5 MB
[runlim] samples:		5
