[runlim] version:		1.10
[runlim] time limit:		1800 seconds
[runlim] real time limit:	1800 seconds
[runlim] space limit:		30000 MB
[runlim] argv[0]:		/home/hvanh28/AntiBandwidthReconstruct/build/abw_enc
[runlim] argv[1]:		/home/hvanh28/AntiBandwidthReconstruct/build/Benchmarks/G-will57.mtx.rnd
[runlim] argv[2]:		--reduced
[runlim] argv[3]:		-symetry-break
[runlim] argv[4]:		f
[runlim] start:			Fri Sep 27 01:13:43 2024
[runlim] main pid:		97511
[runlim] log captured:
c LadderEncoder 1.0.
c Symetry breaking in the first node.
c Solving strategy: from LB to UB.
c LB-w = 12 (LB in Sinnl - A note on computational approaches for the antibandwidth problem).
c UB-w = 14 (UB in Sinnl - A note on computational approaches for the antibandwidth problem).
c Antibandwidth problem with w = 12 ( G-will57.mtx.rnd ):
c Initializing CaDiCaL (version 1.2.1).
c	Configuring CaDiCaL as --sat (1).
c Initializing a Naive-Reduced encoder with n = 57.
c Encoding starts with w = 12:
c	Encode symmetry breaking with option: f.
c	Encoding duration: 0s
c	Number of clauses: 324580
c	Number of irredundant clauses: 321244
c	Number of variables: 3249
c SAT Solving starts:
c	Solving duration: 544 ms
c	Answer: 
s SAT (w = 12)
c	Solution check:
p calculated antibandwidth = 12.
c
c
c Antibandwidth problem with w = 13 ( G-will57.mtx.rnd ):
c Initializing CaDiCaL (version 1.2.1).
c	Configuring CaDiCaL as --sat (1).
c Initializing a Naive-Reduced encoder with n = 57.
c Encoding starts with w = 13:
c	Encode symmetry breaking with option: f.
c	Encoding duration: 0s
c	Number of clauses: 336010
c	Number of irredundant clauses: 332630
c	Number of variables: 3249
c SAT Solving starts:
c	Solving duration: 1027 ms
c	Answer: 
s SAT (w = 13)
c	Solution check:
p calculated antibandwidth = 13.
c
c
c Antibandwidth problem with w = 14 ( G-will57.mtx.rnd ):
c Initializing CaDiCaL (version 1.2.1).
c	Configuring CaDiCaL as --sat (1).
c Initializing a Naive-Reduced encoder with n = 57.
c Encoding starts with w = 14:
c	Encode symmetry breaking with option: f.
c	Encoding duration: 0s
c	Number of clauses: 347186
c	Number of irredundant clauses: 343763
c	Number of variables: 3249
c SAT Solving starts:
[runlim] sample:		10.0 time, 10.8 real, 61.5 MB
[runlim] sample:		20.0 time, 20.8 real, 65.2 MB
c	Solving duration: 24801 ms
c	Answer: 
s UNSAT (w = 14)
c
c
[runlim] end:			Fri Sep 27 01:14:10 2024
[runlim] status:		ok
[runlim] result:		0
[runlim] children:		0
[runlim] real:			27.43 seconds
[runlim] time:			26.58 seconds
[runlim] space:			78.1 MB
[runlim] samples:		266
