[runlim] version:		1.10
[runlim] time limit:		1800 seconds
[runlim] real time limit:	1800 seconds
[runlim] space limit:		30000 MB
[runlim] argv[0]:		/home/truongxuanhieu/AntiBandwidthReconstruct/build/abw_enc
[runlim] argv[1]:		/home/truongxuanhieu/AntiBandwidthReconstruct/build/Benchmarks/H-impcol_b.mtx.rnd
[runlim] argv[2]:		--product
[runlim] argv[3]:		-symetry-break
[runlim] argv[4]:		f
[runlim] start:			Fri Sep 27 04:23:07 2024
[runlim] main pid:		72301
[runlim] log captured:
c LadderEncoder 1.0.
c Symetry breaking in the first node.
c Solving strategy: from LB to UB.
c LB-w = 8 (LB in Sinnl - A note on computational approaches for the antibandwidth problem).
c UB-w = 8 (UB in Sinnl - A note on computational approaches for the antibandwidth problem).
c Antibandwidth problem with w = 8 ( H-impcol_b.mtx.rnd ):
c Initializing CaDiCaL (version 1.2.1).
c	Configuring CaDiCaL as --sat (1).
c Initializing a 2-Product encoder with n = 59.
c Encoding starts with w = 8:
c	Encode symmetry breaking with option: f.
c	Encoding duration: 0s
c	Number of clauses: 840839
c	Number of irredundant clauses: 839470
c	Number of variables: 242465
c SAT Solving starts:
c	Solving duration: 3170 ms
c	Answer: 
s SAT (w = 8)
c	Solution check:
p calculated antibandwidth = 8.
c
c
[runlim] end:			Fri Sep 27 04:23:11 2024
[runlim] status:		ok
[runlim] result:		0
[runlim] children:		0
[runlim] real:			4.38 seconds
[runlim] time:			3.29 seconds
[runlim] space:			177.0 MB
[runlim] samples:		33
