[runlim] version:		1.10
[runlim] time limit:		1800 seconds
[runlim] real time limit:	1800 seconds
[runlim] space limit:		30000 MB
[runlim] argv[0]:		/home/truongxuanhieu/AntiBandwidthReconstruct/build/abw_enc
[runlim] argv[1]:		/home/truongxuanhieu/AntiBandwidthReconstruct/build/BenchmarkAdd/I-ash85.mtx.rnd
[runlim] argv[2]:		--duplex
[runlim] argv[3]:		-symetry-break
[runlim] argv[4]:		f
[runlim] start:			Fri Sep 27 11:19:05 2024
[runlim] main pid:		78396
[runlim] log captured:
c LadderEncoder 1.0.
c Symetry breaking in the first node.
c Solving strategy: from LB to UB.
c LB-w = 19 (LB in Sinnl - A note on computational approaches for the antibandwidth problem).
c UB-w = 27 (UB in Sinnl - A note on computational approaches for the antibandwidth problem).
c Antibandwidth problem with w = 19 ( I-ash85.mtx.rnd ):
c Initializing CaDiCaL (version 1.2.1).
c	Configuring CaDiCaL as --sat (1).
c Initializing a Duplex encoder with n = 85.
c Encoding starts with w = 19:
c	Encode symmetry breaking with option: f.
c	Labels and Vertices aux var: 2890
c	Labels and Vertices constraints:  19465
c	Obj k aux var: 22780
c	Obj k constraints: 130148
c	Obj k glue staircase constraints: 56283
c	Encoding duration: 0s
c	Number of clauses: 149655
c	Number of irredundant clauses: 137505
c	Number of variables: 32895
c SAT Solving starts:
c	Solving duration: 83 ms
c	Answer: 
s SAT (w = 19)
c	Solution check:
p calculated antibandwidth = 19.
c
c
c Antibandwidth problem with w = 20 ( I-ash85.mtx.rnd ):
c Initializing CaDiCaL (version 1.2.1).
c	Configuring CaDiCaL as --sat (1).
c Initializing a Duplex encoder with n = 85.
c Encoding starts with w = 20:
c	Encode symmetry breaking with option: f.
c	Labels and Vertices aux var: 2890
c	Labels and Vertices constraints:  19465
c	Obj k aux var: 23290
c	Obj k constraints: 130292
c	Obj k glue staircase constraints: 55407
c	Encoding duration: 0s
c	Number of clauses: 149799
c	Number of irredundant clauses: 137852
c	Number of variables: 33405
c SAT Solving starts:
c	Solving duration: 2369 ms
c	Answer: 
s SAT (w = 20)
c	Solution check:
p calculated antibandwidth = 20.
c
c
c Antibandwidth problem with w = 21 ( I-ash85.mtx.rnd ):
c Initializing CaDiCaL (version 1.2.1).
c	Configuring CaDiCaL as --sat (1).
c Initializing a Duplex encoder with n = 85.
c Encoding starts with w = 21:
c	Encode symmetry breaking with option: f.
c	Labels and Vertices aux var: 2890
c	Labels and Vertices constraints:  19465
c	Obj k aux var: 23800
c	Obj k constraints: 130351
c	Obj k glue staircase constraints: 54531
c	Encoding duration: 0s
c	Number of clauses: 149858
c	Number of irredundant clauses: 138284
c	Number of variables: 33915
c SAT Solving starts:
c	Solving duration: 6235 ms
c	Answer: 
s SAT (w = 21)
c	Solution check:
p calculated antibandwidth = 21.
c
c
c Antibandwidth problem with w = 22 ( I-ash85.mtx.rnd ):
c Initializing CaDiCaL (version 1.2.1).
c	Configuring CaDiCaL as --sat (1).
c Initializing a Duplex encoder with n = 85.
c Encoding starts with w = 22:
c	Encode symmetry breaking with option: f.
c	Labels and Vertices aux var: 2890
c	Labels and Vertices constraints:  19125
c	Obj k aux var: 20910
c	Obj k constraints: 122737
c	Obj k glue staircase constraints: 54312
c	Encoding duration: 0s
c	Number of clauses: 141904
c	Number of irredundant clauses: 130082
c	Number of variables: 31025
c SAT Solving starts:
[runlim] sample:		10.0 time, 10.1 real, 46.2 MB
[runlim] sample:		20.0 time, 20.1 real, 61.4 MB
c	Solving duration: 19032 ms
c	Answer: 
s SAT (w = 22)
c	Solution check:
p calculated antibandwidth = 22.
c
c
c Antibandwidth problem with w = 23 ( I-ash85.mtx.rnd ):
c Initializing CaDiCaL (version 1.2.1).
c	Configuring CaDiCaL as --sat (1).
c Initializing a Duplex encoder with n = 85.
c Encoding starts with w = 23:
c	Encode symmetry breaking with option: f.
c	Labels and Vertices aux var: 2890
c	Labels and Vertices constraints:  19125
c	Obj k aux var: 21250
c	Obj k constraints: 122456
c	Obj k glue staircase constraints: 53436
c	Encoding duration: 0s
c	Number of clauses: 141623
c	Number of irredundant clauses: 129995
c	Number of variables: 31365
c SAT Solving starts:
[runlim] sample:		30.0 time, 30.1 real, 59.7 MB
[runlim] sample:		40.0 time, 40.1 real, 72.8 MB
[runlim] sample:		50.0 time, 50.1 real, 71.4 MB
[runlim] sample:		60.0 time, 60.1 real, 86.8 MB
[runlim] sample:		70.0 time, 70.1 real, 64.7 MB
[runlim] sample:		80.0 time, 80.1 real, 82.2 MB
[runlim] sample:		90.0 time, 90.1 real, 82.2 MB
[runlim] sample:		100.0 time, 100.1 real, 84.3 MB
[runlim] sample:		110.0 time, 110.1 real, 114.9 MB
[runlim] sample:		120.0 time, 120.1 real, 115.0 MB
[runlim] sample:		130.0 time, 130.1 real, 124.6 MB
[runlim] sample:		140.0 time, 140.1 real, 127.4 MB
[runlim] sample:		150.0 time, 150.1 real, 110.3 MB
[runlim] sample:		160.0 time, 160.1 real, 135.5 MB
[runlim] sample:		170.0 time, 170.1 real, 98.1 MB
[runlim] sample:		180.0 time, 180.1 real, 171.0 MB
[runlim] sample:		190.0 time, 190.1 real, 120.7 MB
[runlim] sample:		200.0 time, 200.1 real, 153.4 MB
[runlim] sample:		210.0 time, 210.1 real, 120.8 MB
[runlim] sample:		220.0 time, 220.1 real, 120.8 MB
[runlim] sample:		230.0 time, 230.1 real, 89.9 MB
[runlim] sample:		240.0 time, 240.1 real, 113.0 MB
[runlim] sample:		250.0 time, 250.1 real, 113.0 MB
[runlim] sample:		260.0 time, 260.1 real, 150.5 MB
[runlim] sample:		270.0 time, 270.1 real, 159.2 MB
[runlim] sample:		280.0 time, 280.1 real, 142.2 MB
[runlim] sample:		290.0 time, 290.1 real, 119.3 MB
[runlim] sample:		300.0 time, 300.1 real, 119.3 MB
[runlim] sample:		310.0 time, 310.1 real, 119.3 MB
[runlim] sample:		320.0 time, 320.1 real, 119.3 MB
[runlim] sample:		330.0 time, 330.1 real, 119.4 MB
[runlim] sample:		340.0 time, 340.1 real, 160.3 MB
[runlim] sample:		350.0 time, 350.1 real, 119.4 MB
[runlim] sample:		360.0 time, 360.1 real, 153.6 MB
[runlim] sample:		370.0 time, 370.1 real, 159.9 MB
[runlim] sample:		380.0 time, 380.1 real, 155.4 MB
[runlim] sample:		390.0 time, 390.1 real, 119.4 MB
[runlim] sample:		400.0 time, 400.1 real, 162.5 MB
[runlim] sample:		410.0 time, 410.1 real, 198.2 MB
[runlim] sample:		420.0 time, 420.1 real, 169.5 MB
[runlim] sample:		430.0 time, 430.1 real, 162.1 MB
[runlim] sample:		440.0 time, 440.1 real, 169.7 MB
[runlim] sample:		450.0 time, 450.1 real, 159.9 MB
[runlim] sample:		460.0 time, 460.1 real, 207.8 MB
[runlim] sample:		470.0 time, 470.1 real, 229.4 MB
[runlim] sample:		480.0 time, 480.1 real, 163.1 MB
[runlim] sample:		490.0 time, 490.1 real, 163.1 MB
[runlim] sample:		500.0 time, 500.1 real, 222.8 MB
[runlim] sample:		510.0 time, 510.1 real, 163.1 MB
[runlim] sample:		520.0 time, 520.1 real, 163.1 MB
[runlim] sample:		530.0 time, 530.1 real, 213.5 MB
[runlim] sample:		540.0 time, 540.1 real, 143.8 MB
[runlim] sample:		550.0 time, 550.1 real, 201.4 MB
[runlim] sample:		560.0 time, 560.1 real, 187.3 MB
[runlim] sample:		570.0 time, 570.1 real, 186.2 MB
[runlim] sample:		580.0 time, 580.1 real, 189.5 MB
[runlim] sample:		590.0 time, 590.1 real, 173.1 MB
[runlim] sample:		600.0 time, 600.1 real, 184.9 MB
[runlim] sample:		610.0 time, 610.1 real, 184.9 MB
[runlim] sample:		620.0 time, 620.1 real, 195.7 MB
[runlim] sample:		630.0 time, 630.1 real, 182.8 MB
[runlim] sample:		640.0 time, 640.1 real, 173.1 MB
[runlim] sample:		650.0 time, 650.1 real, 131.5 MB
[runlim] sample:		660.0 time, 660.1 real, 212.8 MB
[runlim] sample:		670.0 time, 670.1 real, 207.0 MB
[runlim] sample:		680.0 time, 680.1 real, 254.9 MB
[runlim] sample:		690.0 time, 690.1 real, 182.6 MB
[runlim] sample:		700.0 time, 700.1 real, 185.2 MB
[runlim] sample:		710.0 time, 710.1 real, 176.9 MB
[runlim] sample:		720.0 time, 720.1 real, 190.7 MB
[runlim] sample:		730.0 time, 730.1 real, 209.3 MB
[runlim] sample:		740.0 time, 740.1 real, 177.1 MB
[runlim] sample:		750.0 time, 750.1 real, 200.8 MB
[runlim] sample:		760.0 time, 760.1 real, 215.7 MB
[runlim] sample:		770.0 time, 770.1 real, 199.8 MB
[runlim] sample:		779.9 time, 780.1 real, 188.1 MB
[runlim] sample:		789.9 time, 790.1 real, 188.1 MB
[runlim] sample:		800.0 time, 800.1 real, 250.5 MB
[runlim] sample:		809.9 time, 810.1 real, 255.2 MB
[runlim] sample:		820.0 time, 820.1 real, 195.3 MB
[runlim] sample:		829.9 time, 830.1 real, 197.2 MB
[runlim] sample:		840.0 time, 840.1 real, 200.4 MB
[runlim] sample:		850.0 time, 850.1 real, 200.4 MB
[runlim] sample:		860.0 time, 860.1 real, 221.6 MB
[runlim] sample:		870.0 time, 870.1 real, 227.6 MB
[runlim] sample:		880.0 time, 880.1 real, 215.2 MB
[runlim] sample:		889.9 time, 890.1 real, 205.9 MB
[runlim] sample:		899.9 time, 900.1 real, 201.3 MB
[runlim] sample:		910.0 time, 910.1 real, 204.6 MB
[runlim] sample:		919.9 time, 920.1 real, 184.8 MB
[runlim] sample:		929.9 time, 930.1 real, 199.9 MB
[runlim] sample:		939.9 time, 940.1 real, 197.6 MB
[runlim] sample:		949.9 time, 950.1 real, 197.6 MB
[runlim] sample:		959.9 time, 960.1 real, 204.0 MB
[runlim] sample:		969.9 time, 970.1 real, 185.0 MB
[runlim] sample:		979.9 time, 980.1 real, 187.1 MB
[runlim] sample:		989.9 time, 990.1 real, 202.6 MB
[runlim] sample:		999.9 time, 1000.1 real, 202.6 MB
[runlim] sample:		1009.9 time, 1010.1 real, 214.4 MB
[runlim] sample:		1019.9 time, 1020.1 real, 232.6 MB
[runlim] sample:		1029.9 time, 1030.1 real, 232.6 MB
[runlim] sample:		1039.9 time, 1040.1 real, 250.9 MB
[runlim] sample:		1049.9 time, 1050.1 real, 295.1 MB
[runlim] sample:		1059.9 time, 1060.1 real, 226.3 MB
[runlim] sample:		1069.9 time, 1070.1 real, 216.8 MB
[runlim] sample:		1079.9 time, 1080.1 real, 214.1 MB
[runlim] sample:		1089.9 time, 1090.1 real, 206.0 MB
[runlim] sample:		1099.9 time, 1100.1 real, 215.7 MB
[runlim] sample:		1109.9 time, 1110.1 real, 166.8 MB
[runlim] sample:		1119.9 time, 1120.1 real, 210.5 MB
[runlim] sample:		1129.9 time, 1130.1 real, 239.6 MB
[runlim] sample:		1139.9 time, 1140.1 real, 238.4 MB
[runlim] sample:		1149.9 time, 1150.1 real, 238.4 MB
[runlim] sample:		1159.9 time, 1160.1 real, 223.0 MB
[runlim] sample:		1169.9 time, 1170.1 real, 168.5 MB
[runlim] sample:		1179.9 time, 1180.1 real, 168.5 MB
[runlim] sample:		1189.9 time, 1190.1 real, 212.5 MB
[runlim] sample:		1199.9 time, 1200.1 real, 168.5 MB
[runlim] sample:		1209.9 time, 1210.1 real, 183.4 MB
[runlim] sample:		1219.9 time, 1220.1 real, 154.9 MB
[runlim] sample:		1229.9 time, 1230.1 real, 181.6 MB
[runlim] sample:		1239.9 time, 1240.1 real, 170.2 MB
[runlim] sample:		1249.9 time, 1250.1 real, 132.6 MB
[runlim] sample:		1259.9 time, 1260.1 real, 132.6 MB
[runlim] sample:		1269.9 time, 1270.1 real, 192.6 MB
[runlim] sample:		1279.9 time, 1280.1 real, 180.9 MB
[runlim] sample:		1289.9 time, 1290.1 real, 185.5 MB
[runlim] sample:		1299.9 time, 1300.1 real, 185.5 MB
[runlim] sample:		1309.9 time, 1310.1 real, 189.0 MB
[runlim] sample:		1319.9 time, 1320.1 real, 189.0 MB
[runlim] sample:		1329.9 time, 1330.1 real, 216.8 MB
[runlim] sample:		1339.9 time, 1340.1 real, 231.0 MB
[runlim] sample:		1349.9 time, 1350.1 real, 231.0 MB
[runlim] sample:		1359.9 time, 1360.1 real, 225.7 MB
[runlim] sample:		1369.9 time, 1370.1 real, 225.7 MB
[runlim] sample:		1379.9 time, 1380.1 real, 205.2 MB
[runlim] sample:		1389.9 time, 1390.1 real, 207.6 MB
[runlim] sample:		1399.9 time, 1400.1 real, 207.6 MB
[runlim] sample:		1409.9 time, 1410.1 real, 220.6 MB
[runlim] sample:		1419.9 time, 1420.1 real, 241.4 MB
[runlim] sample:		1429.9 time, 1430.1 real, 241.4 MB
[runlim] sample:		1439.9 time, 1440.1 real, 256.0 MB
[runlim] sample:		1449.9 time, 1450.1 real, 204.5 MB
[runlim] sample:		1459.9 time, 1460.1 real, 213.6 MB
[runlim] sample:		1469.9 time, 1470.1 real, 213.6 MB
[runlim] sample:		1479.9 time, 1480.1 real, 202.3 MB
[runlim] sample:		1489.9 time, 1490.1 real, 153.1 MB
[runlim] sample:		1499.9 time, 1500.1 real, 177.6 MB
[runlim] sample:		1509.9 time, 1510.1 real, 213.6 MB
[runlim] sample:		1519.9 time, 1520.1 real, 253.5 MB
[runlim] sample:		1529.9 time, 1530.1 real, 253.5 MB
[runlim] sample:		1539.9 time, 1540.1 real, 306.1 MB
[runlim] sample:		1549.9 time, 1550.1 real, 306.1 MB
[runlim] sample:		1559.9 time, 1560.1 real, 306.1 MB
[runlim] sample:		1569.9 time, 1570.1 real, 293.2 MB
[runlim] sample:		1579.9 time, 1580.1 real, 293.2 MB
[runlim] sample:		1589.9 time, 1590.1 real, 280.2 MB
[runlim] sample:		1599.9 time, 1600.1 real, 280.2 MB
[runlim] sample:		1609.9 time, 1610.1 real, 223.4 MB
[runlim] sample:		1619.9 time, 1620.1 real, 214.8 MB
[runlim] sample:		1629.9 time, 1630.1 real, 277.1 MB
[runlim] sample:		1639.9 time, 1640.1 real, 225.3 MB
[runlim] sample:		1649.9 time, 1650.1 real, 209.7 MB
[runlim] sample:		1659.9 time, 1660.1 real, 223.6 MB
[runlim] sample:		1669.9 time, 1670.1 real, 270.7 MB
[runlim] sample:		1679.9 time, 1680.1 real, 270.7 MB
[runlim] sample:		1689.9 time, 1690.1 real, 284.3 MB
[runlim] sample:		1699.9 time, 1700.1 real, 223.7 MB
[runlim] sample:		1709.9 time, 1710.1 real, 246.2 MB
[runlim] sample:		1719.9 time, 1720.1 real, 218.6 MB
[runlim] sample:		1729.9 time, 1730.1 real, 250.2 MB
[runlim] sample:		1739.9 time, 1740.1 real, 261.2 MB
[runlim] sample:		1749.9 time, 1750.1 real, 261.2 MB
[runlim] sample:		1759.9 time, 1760.1 real, 231.1 MB
[runlim] sample:		1769.9 time, 1770.1 real, 237.1 MB
[runlim] sample:		1779.9 time, 1780.1 real, 237.1 MB
[runlim] sample:		1789.9 time, 1790.1 real, 231.1 MB
[runlim] sample:		1799.9 time, 1800.1 real, 230.8 MB
c Signal interruption.
[runlim] end:			Fri Sep 27 11:49:05 2024
[runlim] status:		out of time
[runlim] result:		2
[runlim] children:		0
[runlim] real:			1800.09 seconds
[runlim] time:			1799.90 seconds
[runlim] space:			448.1 MB
[runlim] samples:		18000
