[runlim] version:		1.10
[runlim] time limit:		1800 seconds
[runlim] real time limit:	1800 seconds
[runlim] space limit:		30000 MB
[runlim] argv[0]:		/home/hvanh28/AntiBandwidthReconstruct/build/abw_enc
[runlim] argv[1]:		/home/hvanh28/AntiBandwidthReconstruct/build/Benchmarks/I-ash85.mtx.rnd
[runlim] argv[2]:		--reduced
[runlim] argv[3]:		-symetry-break
[runlim] argv[4]:		f
[runlim] start:			Fri Sep 27 01:18:28 2024
[runlim] main pid:		97673
[runlim] log captured:
c LadderEncoder 1.0.
c Symetry breaking in the first node.
c Solving strategy: from LB to UB.
c LB-w = 19 (LB in Sinnl - A note on computational approaches for the antibandwidth problem).
c UB-w = 27 (UB in Sinnl - A note on computational approaches for the antibandwidth problem).
c Antibandwidth problem with w = 19 ( I-ash85.mtx.rnd ):
c Initializing CaDiCaL (version 1.2.1).
c	Configuring CaDiCaL as --sat (1).
c Initializing a Naive-Reduced encoder with n = 85.
c Encoding starts with w = 19:
c	Encode symmetry breaking with option: f.
c	Encoding duration: 0s
c	Number of clauses: 1202354
c	Number of irredundant clauses: 1189412
c	Number of variables: 7225
c SAT Solving starts:
[runlim] sample:		10.0 time, 10.0 real, 178.3 MB
c	Solving duration: 16396 ms
c	Answer: 
s SAT (w = 19)
c	Solution check:
p calculated antibandwidth = 19.
c
c
c Antibandwidth problem with w = 20 ( I-ash85.mtx.rnd ):
c Initializing CaDiCaL (version 1.2.1).
c	Configuring CaDiCaL as --sat (1).
c Initializing a Naive-Reduced encoder with n = 85.
c Encoding starts with w = 20:
c	Encode symmetry breaking with option: f.
c	Encoding duration: 0s
c	Number of clauses: 1231262
c	Number of irredundant clauses: 1217995
c	Number of variables: 7225
c SAT Solving starts:
[runlim] sample:		20.0 time, 20.0 real, 215.4 MB
[runlim] sample:		30.0 time, 30.0 real, 215.4 MB
c	Solving duration: 14499 ms
c	Answer: 
s SAT (w = 20)
c	Solution check:
p calculated antibandwidth = 20.
c
c
c Antibandwidth problem with w = 21 ( I-ash85.mtx.rnd ):
c Initializing CaDiCaL (version 1.2.1).
c	Configuring CaDiCaL as --sat (1).
c Initializing a Naive-Reduced encoder with n = 85.
c Encoding starts with w = 21:
c	Encode symmetry breaking with option: f.
c	Encoding duration: 0s
c	Number of clauses: 1259732
c	Number of irredundant clauses: 1246145
c	Number of variables: 7225
c SAT Solving starts:
[runlim] sample:		40.0 time, 40.0 real, 217.1 MB
[runlim] sample:		50.0 time, 50.0 real, 219.1 MB
[runlim] sample:		60.0 time, 60.0 real, 207.3 MB
[runlim] sample:		70.0 time, 70.0 real, 219.1 MB
[runlim] sample:		80.0 time, 80.0 real, 217.9 MB
[runlim] sample:		90.0 time, 90.0 real, 218.3 MB
[runlim] sample:		100.0 time, 100.0 real, 228.7 MB
[runlim] sample:		110.0 time, 110.0 real, 230.2 MB
[runlim] sample:		120.0 time, 120.0 real, 227.5 MB
[runlim] sample:		129.9 time, 130.0 real, 222.6 MB
[runlim] sample:		139.9 time, 140.0 real, 225.5 MB
[runlim] sample:		149.9 time, 150.0 real, 240.6 MB
[runlim] sample:		159.9 time, 160.0 real, 238.2 MB
[runlim] sample:		169.9 time, 170.0 real, 237.9 MB
c	Solving duration: 148222 ms
c	Answer: 
s SAT (w = 21)
c	Solution check:
p calculated antibandwidth = 21.
c
c
c Antibandwidth problem with w = 22 ( I-ash85.mtx.rnd ):
c Initializing CaDiCaL (version 1.2.1).
c	Configuring CaDiCaL as --sat (1).
c Initializing a Naive-Reduced encoder with n = 85.
c Encoding starts with w = 22:
c	Encode symmetry breaking with option: f.
[runlim] sample:		179.9 time, 180.0 real, 168.9 MB
c	Encoding duration: 0s
c	Number of clauses: 1287764
c	Number of irredundant clauses: 1273862
c	Number of variables: 7225
c SAT Solving starts:
[runlim] sample:		189.9 time, 190.0 real, 218.0 MB
[runlim] sample:		199.9 time, 200.0 real, 260.4 MB
[runlim] sample:		209.9 time, 210.0 real, 218.0 MB
[runlim] sample:		219.9 time, 220.0 real, 220.8 MB
[runlim] sample:		229.9 time, 230.0 real, 249.1 MB
[runlim] sample:		239.9 time, 240.0 real, 234.0 MB
[runlim] sample:		249.9 time, 250.0 real, 231.6 MB
[runlim] sample:		259.9 time, 260.0 real, 227.5 MB
[runlim] sample:		269.9 time, 270.0 real, 285.1 MB
[runlim] sample:		279.9 time, 280.0 real, 234.9 MB
[runlim] sample:		289.9 time, 290.0 real, 244.3 MB
[runlim] sample:		299.9 time, 300.0 real, 231.4 MB
[runlim] sample:		309.9 time, 310.0 real, 245.0 MB
[runlim] sample:		319.9 time, 320.0 real, 253.2 MB
[runlim] sample:		329.9 time, 330.0 real, 240.0 MB
[runlim] sample:		339.9 time, 340.0 real, 244.9 MB
[runlim] sample:		349.9 time, 350.0 real, 245.1 MB
[runlim] sample:		359.9 time, 360.0 real, 248.9 MB
[runlim] sample:		369.9 time, 370.0 real, 245.5 MB
[runlim] sample:		379.9 time, 380.0 real, 250.1 MB
[runlim] sample:		389.9 time, 390.0 real, 244.8 MB
[runlim] sample:		399.9 time, 400.0 real, 248.9 MB
[runlim] sample:		409.9 time, 410.0 real, 252.9 MB
[runlim] sample:		419.9 time, 420.0 real, 263.8 MB
[runlim] sample:		429.9 time, 430.0 real, 266.2 MB
[runlim] sample:		439.9 time, 440.0 real, 287.5 MB
[runlim] sample:		449.9 time, 450.0 real, 313.8 MB
[runlim] sample:		459.9 time, 460.0 real, 313.8 MB
[runlim] sample:		469.9 time, 470.0 real, 267.3 MB
[runlim] sample:		479.9 time, 480.0 real, 282.8 MB
[runlim] sample:		489.9 time, 490.0 real, 299.7 MB
[runlim] sample:		499.9 time, 500.0 real, 323.9 MB
[runlim] sample:		509.9 time, 510.0 real, 323.9 MB
[runlim] sample:		519.9 time, 520.0 real, 318.4 MB
[runlim] sample:		529.9 time, 530.0 real, 287.7 MB
[runlim] sample:		539.9 time, 540.0 real, 288.9 MB
[runlim] sample:		549.9 time, 550.0 real, 293.7 MB
[runlim] sample:		559.9 time, 560.0 real, 295.3 MB
[runlim] sample:		569.9 time, 570.0 real, 297.7 MB
[runlim] sample:		579.9 time, 580.0 real, 297.7 MB
[runlim] sample:		589.9 time, 590.0 real, 290.4 MB
[runlim] sample:		599.9 time, 600.0 real, 286.5 MB
[runlim] sample:		609.9 time, 610.0 real, 286.5 MB
[runlim] sample:		619.9 time, 620.0 real, 282.7 MB
[runlim] sample:		629.9 time, 630.0 real, 289.4 MB
[runlim] sample:		639.9 time, 640.0 real, 289.4 MB
[runlim] sample:		649.9 time, 650.0 real, 308.7 MB
[runlim] sample:		659.9 time, 660.0 real, 308.7 MB
[runlim] sample:		669.9 time, 670.0 real, 404.8 MB
[runlim] sample:		679.9 time, 680.0 real, 307.9 MB
[runlim] sample:		689.9 time, 690.0 real, 307.9 MB
[runlim] sample:		699.9 time, 700.0 real, 306.7 MB
[runlim] sample:		709.9 time, 710.0 real, 306.7 MB
[runlim] sample:		719.9 time, 720.0 real, 306.7 MB
[runlim] sample:		729.9 time, 730.0 real, 322.2 MB
[runlim] sample:		739.9 time, 740.0 real, 322.2 MB
[runlim] sample:		749.9 time, 750.0 real, 322.2 MB
[runlim] sample:		759.9 time, 760.0 real, 322.2 MB
[runlim] sample:		769.9 time, 770.0 real, 342.6 MB
[runlim] sample:		779.9 time, 780.0 real, 300.4 MB
[runlim] sample:		789.9 time, 790.0 real, 310.8 MB
[runlim] sample:		799.9 time, 800.0 real, 310.8 MB
[runlim] sample:		809.9 time, 810.0 real, 318.6 MB
[runlim] sample:		819.9 time, 820.0 real, 318.6 MB
[runlim] sample:		829.9 time, 830.0 real, 335.4 MB
[runlim] sample:		839.9 time, 840.0 real, 335.4 MB
[runlim] sample:		849.9 time, 850.0 real, 342.9 MB
[runlim] sample:		859.9 time, 860.0 real, 328.5 MB
[runlim] sample:		869.9 time, 870.0 real, 328.5 MB
[runlim] sample:		879.9 time, 880.0 real, 365.0 MB
[runlim] sample:		889.9 time, 890.0 real, 365.0 MB
[runlim] sample:		899.9 time, 900.0 real, 349.3 MB
[runlim] sample:		909.9 time, 910.0 real, 357.1 MB
[runlim] sample:		919.9 time, 920.0 real, 361.5 MB
[runlim] sample:		929.9 time, 930.0 real, 361.5 MB
[runlim] sample:		939.9 time, 940.0 real, 389.3 MB
[runlim] sample:		949.9 time, 950.0 real, 389.3 MB
[runlim] sample:		959.9 time, 960.0 real, 354.9 MB
[runlim] sample:		969.9 time, 970.0 real, 354.9 MB
[runlim] sample:		979.8 time, 980.0 real, 354.9 MB
[runlim] sample:		989.9 time, 990.0 real, 364.7 MB
[runlim] sample:		999.8 time, 1000.0 real, 355.2 MB
[runlim] sample:		1009.8 time, 1010.0 real, 355.2 MB
[runlim] sample:		1019.8 time, 1020.0 real, 367.3 MB
[runlim] sample:		1029.8 time, 1030.0 real, 367.3 MB
[runlim] sample:		1039.8 time, 1040.0 real, 367.3 MB
[runlim] sample:		1049.8 time, 1050.0 real, 399.8 MB
[runlim] sample:		1059.8 time, 1060.0 real, 322.4 MB
[runlim] sample:		1069.8 time, 1070.0 real, 322.4 MB
[runlim] sample:		1079.8 time, 1080.0 real, 356.8 MB
[runlim] sample:		1089.8 time, 1090.0 real, 356.8 MB
[runlim] sample:		1099.8 time, 1100.0 real, 364.7 MB
[runlim] sample:		1109.8 time, 1110.0 real, 364.7 MB
[runlim] sample:		1119.8 time, 1120.0 real, 364.7 MB
[runlim] sample:		1129.8 time, 1130.0 real, 371.1 MB
[runlim] sample:		1139.8 time, 1140.0 real, 444.9 MB
[runlim] sample:		1149.8 time, 1150.0 real, 349.2 MB
[runlim] sample:		1159.8 time, 1160.0 real, 374.9 MB
[runlim] sample:		1169.8 time, 1170.0 real, 374.9 MB
[runlim] sample:		1179.8 time, 1180.0 real, 374.9 MB
[runlim] sample:		1189.8 time, 1190.0 real, 388.9 MB
[runlim] sample:		1199.8 time, 1200.0 real, 388.9 MB
[runlim] sample:		1209.8 time, 1210.0 real, 388.9 MB
[runlim] sample:		1219.8 time, 1220.0 real, 388.9 MB
[runlim] sample:		1229.8 time, 1230.0 real, 386.8 MB
[runlim] sample:		1239.8 time, 1240.0 real, 354.9 MB
[runlim] sample:		1249.8 time, 1250.0 real, 354.9 MB
[runlim] sample:		1259.8 time, 1260.0 real, 354.9 MB
[runlim] sample:		1269.8 time, 1270.0 real, 373.7 MB
[runlim] sample:		1279.8 time, 1280.0 real, 373.7 MB
[runlim] sample:		1289.8 time, 1290.0 real, 385.9 MB
[runlim] sample:		1299.8 time, 1300.0 real, 385.9 MB
[runlim] sample:		1309.8 time, 1310.0 real, 385.9 MB
[runlim] sample:		1319.8 time, 1320.0 real, 362.8 MB
[runlim] sample:		1329.8 time, 1330.0 real, 362.8 MB
[runlim] sample:		1339.8 time, 1340.0 real, 344.6 MB
[runlim] sample:		1349.8 time, 1350.0 real, 347.7 MB
[runlim] sample:		1359.8 time, 1360.0 real, 347.7 MB
[runlim] sample:		1369.8 time, 1370.0 real, 347.7 MB
[runlim] sample:		1379.8 time, 1380.0 real, 370.2 MB
[runlim] sample:		1389.8 time, 1390.0 real, 370.2 MB
[runlim] sample:		1399.8 time, 1400.0 real, 370.2 MB
[runlim] sample:		1409.8 time, 1410.0 real, 370.2 MB
[runlim] sample:		1419.8 time, 1420.0 real, 423.2 MB
[runlim] sample:		1429.8 time, 1430.0 real, 423.2 MB
[runlim] sample:		1439.8 time, 1440.0 real, 423.2 MB
[runlim] sample:		1449.8 time, 1450.0 real, 417.7 MB
[runlim] sample:		1459.8 time, 1460.0 real, 417.7 MB
[runlim] sample:		1469.8 time, 1470.0 real, 417.7 MB
[runlim] sample:		1479.8 time, 1480.0 real, 417.7 MB
[runlim] sample:		1489.8 time, 1490.0 real, 467.6 MB
[runlim] sample:		1499.8 time, 1500.0 real, 467.8 MB
[runlim] sample:		1509.8 time, 1510.0 real, 467.8 MB
[runlim] sample:		1519.8 time, 1520.0 real, 467.8 MB
[runlim] sample:		1529.8 time, 1530.0 real, 394.9 MB
[runlim] sample:		1539.8 time, 1540.0 real, 391.7 MB
[runlim] sample:		1549.8 time, 1550.0 real, 391.7 MB
[runlim] sample:		1559.8 time, 1560.0 real, 391.7 MB
[runlim] sample:		1569.8 time, 1570.0 real, 464.6 MB
[runlim] sample:		1579.8 time, 1580.0 real, 464.6 MB
[runlim] sample:		1589.8 time, 1590.0 real, 464.6 MB
[runlim] sample:		1599.8 time, 1600.0 real, 429.6 MB
[runlim] sample:		1609.8 time, 1610.0 real, 429.6 MB
[runlim] sample:		1619.8 time, 1620.0 real, 429.6 MB
[runlim] sample:		1629.8 time, 1630.0 real, 429.6 MB
[runlim] sample:		1639.8 time, 1640.0 real, 463.2 MB
[runlim] sample:		1649.8 time, 1650.0 real, 463.2 MB
[runlim] sample:		1659.8 time, 1660.0 real, 463.2 MB
[runlim] sample:		1669.8 time, 1670.0 real, 476.6 MB
[runlim] sample:		1679.8 time, 1680.0 real, 476.6 MB
[runlim] sample:		1689.8 time, 1690.0 real, 476.6 MB
[runlim] sample:		1699.8 time, 1700.0 real, 492.6 MB
[runlim] sample:		1709.8 time, 1710.0 real, 492.6 MB
[runlim] sample:		1719.8 time, 1720.0 real, 430.1 MB
[runlim] sample:		1729.8 time, 1730.0 real, 430.1 MB
[runlim] sample:		1739.8 time, 1740.0 real, 430.1 MB
[runlim] sample:		1749.8 time, 1750.0 real, 430.1 MB
[runlim] sample:		1759.8 time, 1760.0 real, 436.7 MB
[runlim] sample:		1769.8 time, 1770.0 real, 458.0 MB
[runlim] sample:		1779.8 time, 1780.0 real, 458.0 MB
[runlim] sample:		1789.8 time, 1790.0 real, 459.7 MB
[runlim] sample:		1799.8 time, 1800.0 real, 459.7 MB
c Signal interruption.
[runlim] end:			Fri Sep 27 01:48:28 2024
[runlim] status:		out of time
[runlim] result:		2
[runlim] children:		0
[runlim] real:			1800.05 seconds
[runlim] time:			1799.75 seconds
[runlim] space:			660.6 MB
[runlim] samples:		18000
