[runlim] version:		1.10
[runlim] time limit:		1800 seconds
[runlim] real time limit:	1800 seconds
[runlim] space limit:		30000 MB
[runlim] argv[0]:		/home/hvanh28/AntiBandwidthReconstruct/build/abw_enc
[runlim] argv[1]:		/home/hvanh28/AntiBandwidthReconstruct/build/Benchmarks/J-nos4.mtx.rnd
[runlim] argv[2]:		--duplex
[runlim] argv[3]:		-symetry-break
[runlim] argv[4]:		f
[runlim] start:			Wed Sep 25 16:10:13 2024
[runlim] main pid:		82256
[runlim] log captured:
c LadderEncoder 1.0.
c Symetry breaking in the first node.
c Solving strategy: from LB to UB.
c LB-w = 32 (LB in Sinnl - A note on computational approaches for the antibandwidth problem).
c UB-w = 40 (UB in Sinnl - A note on computational approaches for the antibandwidth problem).
c Antibandwidth problem with w = 32 ( J-nos4.mtx.rnd ):
c Initializing CaDiCaL (version 1.2.1).
c	Configuring CaDiCaL as --sat (1).
c Initializing a Duplex encoder with n = 100.
c Encoding starts with w = 32:
c	Encode symmetry breaking with option: f.
c	Labels and Vertices aux var: 3600
c	Labels and Vertices constraints:  25800
c	Obj k aux var: 31600
c	Obj k constraints: 165696
c	Obj k glue staircase constraints: 66196
c	Encoding duration: 0s
c	Number of clauses: 191546
c	Number of irredundant clauses: 176664
c	Number of variables: 45200
c SAT Solving starts:
[runlim] sample:		10.0 time, 10.1 real, 56.5 MB
c	Solving duration: 10434 ms
c	Answer: 
s SAT (w = 32)
c	Solution check:
p calculated antibandwidth = 32.
c
c
c Antibandwidth problem with w = 33 ( J-nos4.mtx.rnd ):
c Initializing CaDiCaL (version 1.2.1).
c	Configuring CaDiCaL as --sat (1).
c Initializing a Duplex encoder with n = 100.
c Encoding starts with w = 33:
c	Encode symmetry breaking with option: f.
c	Labels and Vertices aux var: 3600
c	Labels and Vertices constraints:  25800
c	Obj k aux var: 32000
c	Obj k constraints: 165308
c	Obj k glue staircase constraints: 65208
c	Encoding duration: 0s
c	Number of clauses: 191158
c	Number of irredundant clauses: 176706
c	Number of variables: 45600
c SAT Solving starts:
[runlim] sample:		20.0 time, 20.1 real, 54.9 MB
[runlim] sample:		30.0 time, 30.1 real, 72.2 MB
[runlim] sample:		40.0 time, 40.1 real, 93.7 MB
[runlim] sample:		50.0 time, 50.1 real, 93.7 MB
c	Solving duration: 48052 ms
c	Answer: 
s SAT (w = 33)
c	Solution check:
p calculated antibandwidth = 33.
c
c
c Antibandwidth problem with w = 34 ( J-nos4.mtx.rnd ):
c Initializing CaDiCaL (version 1.2.1).
c	Configuring CaDiCaL as --sat (1).
c Initializing a Duplex encoder with n = 100.
c Encoding starts with w = 34:
c	Encode symmetry breaking with option: f.
c	Labels and Vertices aux var: 3600
c	Labels and Vertices constraints:  25500
c	Obj k aux var: 26000
c	Obj k constraints: 149861
c	Obj k glue staircase constraints: 64961
c	Encoding duration: 0s
c	Number of clauses: 175411
c	Number of irredundant clauses: 161003
c	Number of variables: 39600
c SAT Solving starts:
[runlim] sample:		60.0 time, 60.1 real, 111.0 MB
[runlim] sample:		70.0 time, 70.1 real, 111.0 MB
[runlim] sample:		80.0 time, 80.1 real, 111.0 MB
[runlim] sample:		90.0 time, 90.1 real, 111.0 MB
[runlim] sample:		100.0 time, 100.1 real, 120.8 MB
[runlim] sample:		110.0 time, 110.1 real, 93.1 MB
[runlim] sample:		120.0 time, 120.1 real, 96.1 MB
[runlim] sample:		130.0 time, 130.1 real, 116.3 MB
[runlim] sample:		140.0 time, 140.1 real, 116.3 MB
[runlim] sample:		149.9 time, 150.1 real, 146.2 MB
[runlim] sample:		159.9 time, 160.1 real, 116.4 MB
[runlim] sample:		169.9 time, 170.1 real, 128.2 MB
[runlim] sample:		179.9 time, 180.1 real, 165.4 MB
[runlim] sample:		189.9 time, 190.1 real, 114.7 MB
[runlim] sample:		199.9 time, 200.1 real, 80.5 MB
[runlim] sample:		209.9 time, 210.1 real, 146.9 MB
[runlim] sample:		219.9 time, 220.1 real, 130.3 MB
[runlim] sample:		229.9 time, 230.1 real, 130.5 MB
c	Solving duration: 175433 ms
c	Answer: 
s SAT (w = 34)
c	Solution check:
p calculated antibandwidth = 34.
c
c
c Antibandwidth problem with w = 35 ( J-nos4.mtx.rnd ):
c Initializing CaDiCaL (version 1.2.1).
c	Configuring CaDiCaL as --sat (1).
c Initializing a Duplex encoder with n = 100.
c Encoding starts with w = 35:
c	Encode symmetry breaking with option: f.
c	Labels and Vertices aux var: 3600
c	Labels and Vertices constraints:  25500
c	Obj k aux var: 26200
c	Obj k constraints: 149073
c	Obj k glue staircase constraints: 63973
c	Encoding duration: 0s
c	Number of clauses: 174623
c	Number of irredundant clauses: 160449
c	Number of variables: 39800
c SAT Solving starts:
[runlim] sample:		239.9 time, 240.1 real, 130.5 MB
[runlim] sample:		249.9 time, 250.1 real, 90.3 MB
[runlim] sample:		259.9 time, 260.1 real, 101.7 MB
c	Solving duration: 31559 ms
c	Answer: 
s SAT (w = 35)
c	Solution check:
p calculated antibandwidth = 35.
c
c
c Antibandwidth problem with w = 36 ( J-nos4.mtx.rnd ):
c Initializing CaDiCaL (version 1.2.1).
c	Configuring CaDiCaL as --sat (1).
c Initializing a Duplex encoder with n = 100.
c Encoding starts with w = 36:
c	Encode symmetry breaking with option: f.
c	Labels and Vertices aux var: 3600
c	Labels and Vertices constraints:  25500
c	Obj k aux var: 26400
c	Obj k constraints: 148285
c	Obj k glue staircase constraints: 62985
c	Encoding duration: 0s
c	Number of clauses: 173835
c	Number of irredundant clauses: 159895
c	Number of variables: 40000
c SAT Solving starts:
[runlim] sample:		269.9 time, 270.1 real, 101.7 MB
[runlim] sample:		279.9 time, 280.1 real, 101.7 MB
[runlim] sample:		289.9 time, 290.1 real, 101.7 MB
[runlim] sample:		299.9 time, 300.1 real, 101.7 MB
[runlim] sample:		309.9 time, 310.1 real, 101.7 MB
[runlim] sample:		319.9 time, 320.1 real, 101.7 MB
[runlim] sample:		329.9 time, 330.1 real, 101.7 MB
[runlim] sample:		339.9 time, 340.1 real, 101.7 MB
[runlim] sample:		349.9 time, 350.1 real, 101.7 MB
[runlim] sample:		359.9 time, 360.1 real, 101.7 MB
[runlim] sample:		369.9 time, 370.1 real, 102.9 MB
[runlim] sample:		379.9 time, 380.1 real, 102.9 MB
[runlim] sample:		389.9 time, 390.1 real, 108.7 MB
[runlim] sample:		399.9 time, 400.1 real, 108.7 MB
[runlim] sample:		409.9 time, 410.1 real, 108.7 MB
[runlim] sample:		419.9 time, 420.1 real, 143.5 MB
[runlim] sample:		429.9 time, 430.1 real, 112.5 MB
[runlim] sample:		439.9 time, 440.1 real, 112.5 MB
[runlim] sample:		449.9 time, 450.1 real, 112.5 MB
[runlim] sample:		459.9 time, 460.1 real, 112.5 MB
[runlim] sample:		469.9 time, 470.1 real, 112.5 MB
[runlim] sample:		479.9 time, 480.1 real, 112.5 MB
[runlim] sample:		489.9 time, 490.1 real, 112.5 MB
[runlim] sample:		499.9 time, 500.1 real, 112.5 MB
[runlim] sample:		509.9 time, 510.1 real, 112.5 MB
[runlim] sample:		519.9 time, 520.1 real, 112.5 MB
[runlim] sample:		529.9 time, 530.1 real, 118.0 MB
[runlim] sample:		539.9 time, 540.1 real, 118.0 MB
[runlim] sample:		549.9 time, 550.1 real, 118.0 MB
[runlim] sample:		559.9 time, 560.1 real, 118.0 MB
[runlim] sample:		569.9 time, 570.1 real, 118.0 MB
[runlim] sample:		579.9 time, 580.1 real, 118.0 MB
[runlim] sample:		589.9 time, 590.1 real, 118.0 MB
[runlim] sample:		599.9 time, 600.1 real, 118.0 MB
[runlim] sample:		609.9 time, 610.1 real, 118.1 MB
[runlim] sample:		619.9 time, 620.1 real, 118.1 MB
[runlim] sample:		629.9 time, 630.1 real, 127.9 MB
[runlim] sample:		639.9 time, 640.1 real, 127.9 MB
[runlim] sample:		649.9 time, 650.1 real, 127.9 MB
[runlim] sample:		659.9 time, 660.1 real, 127.9 MB
[runlim] sample:		669.9 time, 670.1 real, 127.9 MB
[runlim] sample:		679.9 time, 680.1 real, 127.9 MB
[runlim] sample:		689.9 time, 690.1 real, 127.9 MB
[runlim] sample:		699.9 time, 700.1 real, 127.9 MB
[runlim] sample:		709.9 time, 710.1 real, 127.9 MB
[runlim] sample:		719.9 time, 720.1 real, 127.9 MB
c	Solving duration: 462114 ms
c	Answer: 
s UNSAT (w = 36)
c
c
[runlim] end:			Wed Sep 25 16:22:21 2024
[runlim] status:		ok
[runlim] result:		0
[runlim] children:		0
[runlim] real:			728.15 seconds
[runlim] time:			727.87 seconds
[runlim] space:			185.1 MB
[runlim] samples:		7280
