[runlim] version:		1.10
[runlim] time limit:		1800 seconds
[runlim] real time limit:	1800 seconds
[runlim] space limit:		30000 MB
[runlim] argv[0]:		/home/truongxuanhieu/AntiBandwidthReconstruct/build/abw_enc
[runlim] argv[1]:		/home/truongxuanhieu/AntiBandwidthReconstruct/build/Benchmarks/J-nos4.mtx.rnd
[runlim] argv[2]:		--reduced
[runlim] argv[3]:		-symetry-break
[runlim] argv[4]:		f
[runlim] start:			Tue Oct  1 03:18:46 2024
[runlim] main pid:		54186
[runlim] log captured:
c LadderEncoder 1.0.
c Symetry breaking in the first node.
c Solving strategy: from LB to UB.
c LB-w = 32 (LB in Sinnl - A note on computational approaches for the antibandwidth problem).
c UB-w = 40 (UB in Sinnl - A note on computational approaches for the antibandwidth problem).
c Antibandwidth problem with w = 32 ( J-nos4.mtx.rnd ):
c Initializing CaDiCaL (version 1.2.1).
c	Configuring CaDiCaL as --sat (1).
c Initializing a Naive-Reduced encoder with n = 100.
c Encoding starts with w = 32:
c	Encode symmetry breaking with option: f.
c	Encoding duration: 0s
c	Number of clauses: 2276626
c	Number of irredundant clauses: 2252277
c	Number of variables: 10000
c SAT Solving starts:
[runlim] sample:		10.0 time, 10.4 real, 269.6 MB
[runlim] sample:		20.0 time, 20.4 real, 297.7 MB
[runlim] sample:		30.0 time, 30.4 real, 297.5 MB
[runlim] sample:		40.0 time, 40.4 real, 302.3 MB
[runlim] sample:		50.0 time, 50.4 real, 316.0 MB
[runlim] sample:		60.0 time, 60.4 real, 301.2 MB
[runlim] sample:		70.0 time, 70.4 real, 307.6 MB
[runlim] sample:		80.0 time, 80.4 real, 358.3 MB
[runlim] sample:		90.0 time, 90.4 real, 400.9 MB
[runlim] sample:		100.0 time, 100.4 real, 340.9 MB
[runlim] sample:		110.0 time, 110.4 real, 336.0 MB
[runlim] sample:		120.0 time, 120.4 real, 285.6 MB
[runlim] sample:		130.0 time, 130.4 real, 296.0 MB
[runlim] sample:		140.0 time, 140.4 real, 330.4 MB
[runlim] sample:		150.0 time, 150.4 real, 338.6 MB
[runlim] sample:		160.0 time, 160.4 real, 309.5 MB
[runlim] sample:		170.0 time, 170.4 real, 356.1 MB
[runlim] sample:		180.0 time, 180.4 real, 363.7 MB
[runlim] sample:		190.0 time, 190.4 real, 370.6 MB
[runlim] sample:		200.0 time, 200.4 real, 406.3 MB
[runlim] sample:		209.9 time, 210.4 real, 406.3 MB
[runlim] sample:		219.9 time, 220.4 real, 362.5 MB
[runlim] sample:		229.9 time, 230.4 real, 509.5 MB
[runlim] sample:		239.9 time, 240.4 real, 419.3 MB
[runlim] sample:		249.9 time, 250.4 real, 385.0 MB
c	Solving duration: 258625 ms
c	Answer: 
s SAT (w = 32)
c	Solution check:
p calculated antibandwidth = 32.
c
c
c Antibandwidth problem with w = 33 ( J-nos4.mtx.rnd ):
c Initializing CaDiCaL (version 1.2.1).
c	Configuring CaDiCaL as --sat (1).
c Initializing a Naive-Reduced encoder with n = 100.
c Encoding starts with w = 33:
c	Encode symmetry breaking with option: f.
c	Encoding duration: 0s
c	Number of clauses: 2310218
c	Number of irredundant clauses: 2285461
c	Number of variables: 10000
c SAT Solving starts:
[runlim] sample:		259.9 time, 260.4 real, 337.6 MB
[runlim] sample:		269.9 time, 270.4 real, 351.3 MB
[runlim] sample:		279.9 time, 280.4 real, 377.0 MB
[runlim] sample:		289.9 time, 290.4 real, 335.7 MB
[runlim] sample:		299.9 time, 300.4 real, 365.6 MB
[runlim] sample:		309.9 time, 310.4 real, 365.0 MB
[runlim] sample:		319.9 time, 320.4 real, 335.2 MB
[runlim] sample:		329.9 time, 330.4 real, 391.1 MB
[runlim] sample:		339.9 time, 340.4 real, 338.7 MB
[runlim] sample:		349.9 time, 350.4 real, 349.1 MB
[runlim] sample:		359.9 time, 360.4 real, 348.3 MB
[runlim] sample:		369.9 time, 370.4 real, 381.3 MB
[runlim] sample:		379.9 time, 380.4 real, 353.6 MB
[runlim] sample:		389.9 time, 390.4 real, 417.8 MB
[runlim] sample:		399.9 time, 400.4 real, 414.0 MB
[runlim] sample:		409.9 time, 410.4 real, 363.4 MB
[runlim] sample:		419.9 time, 420.4 real, 414.9 MB
[runlim] sample:		429.9 time, 430.4 real, 391.0 MB
[runlim] sample:		439.9 time, 440.4 real, 374.9 MB
[runlim] sample:		449.9 time, 450.4 real, 411.9 MB
[runlim] sample:		459.9 time, 460.4 real, 471.7 MB
[runlim] sample:		469.9 time, 470.4 real, 379.0 MB
[runlim] sample:		479.9 time, 480.4 real, 416.1 MB
[runlim] sample:		489.9 time, 490.4 real, 416.1 MB
[runlim] sample:		499.9 time, 500.4 real, 458.4 MB
[runlim] sample:		509.9 time, 510.4 real, 374.9 MB
[runlim] sample:		519.9 time, 520.4 real, 438.0 MB
[runlim] sample:		529.9 time, 530.4 real, 436.6 MB
[runlim] sample:		539.9 time, 540.4 real, 475.6 MB
[runlim] sample:		549.9 time, 550.4 real, 427.1 MB
[runlim] sample:		559.9 time, 560.4 real, 424.5 MB
[runlim] sample:		569.9 time, 570.4 real, 439.7 MB
[runlim] sample:		579.9 time, 580.4 real, 453.9 MB
[runlim] sample:		589.9 time, 590.4 real, 428.3 MB
[runlim] sample:		599.9 time, 600.4 real, 428.3 MB
[runlim] sample:		609.9 time, 610.4 real, 423.2 MB
[runlim] sample:		619.9 time, 620.4 real, 439.0 MB
[runlim] sample:		629.9 time, 630.4 real, 486.9 MB
[runlim] sample:		639.9 time, 640.4 real, 445.4 MB
[runlim] sample:		649.9 time, 650.4 real, 445.4 MB
[runlim] sample:		659.9 time, 660.4 real, 441.7 MB
[runlim] sample:		669.9 time, 670.4 real, 456.7 MB
[runlim] sample:		679.9 time, 680.4 real, 456.7 MB
[runlim] sample:		689.9 time, 690.4 real, 536.7 MB
[runlim] sample:		699.9 time, 700.4 real, 475.3 MB
[runlim] sample:		709.9 time, 710.4 real, 396.4 MB
[runlim] sample:		719.9 time, 720.4 real, 396.4 MB
[runlim] sample:		729.9 time, 730.4 real, 401.5 MB
[runlim] sample:		739.9 time, 740.4 real, 447.7 MB
[runlim] sample:		749.9 time, 750.4 real, 425.8 MB
[runlim] sample:		759.9 time, 760.4 real, 481.2 MB
[runlim] sample:		769.9 time, 770.4 real, 481.2 MB
[runlim] sample:		779.9 time, 780.4 real, 470.5 MB
[runlim] sample:		789.9 time, 790.4 real, 495.8 MB
[runlim] sample:		799.9 time, 800.4 real, 495.8 MB
[runlim] sample:		809.9 time, 810.4 real, 489.6 MB
[runlim] sample:		819.9 time, 820.4 real, 489.6 MB
[runlim] sample:		829.9 time, 830.4 real, 478.8 MB
[runlim] sample:		839.9 time, 840.4 real, 478.8 MB
[runlim] sample:		849.9 time, 850.4 real, 469.9 MB
[runlim] sample:		859.9 time, 860.4 real, 552.6 MB
[runlim] sample:		869.9 time, 870.4 real, 553.7 MB
[runlim] sample:		879.9 time, 880.4 real, 577.7 MB
[runlim] sample:		889.9 time, 890.4 real, 577.7 MB
[runlim] sample:		899.9 time, 900.4 real, 522.3 MB
[runlim] sample:		909.9 time, 910.4 real, 456.9 MB
[runlim] sample:		919.9 time, 920.4 real, 541.5 MB
[runlim] sample:		929.9 time, 930.4 real, 541.5 MB
[runlim] sample:		939.9 time, 940.4 real, 541.5 MB
[runlim] sample:		949.9 time, 950.4 real, 555.2 MB
[runlim] sample:		959.9 time, 960.4 real, 452.3 MB
[runlim] sample:		969.9 time, 970.4 real, 552.3 MB
[runlim] sample:		979.9 time, 980.4 real, 552.3 MB
[runlim] sample:		989.9 time, 990.4 real, 556.6 MB
[runlim] sample:		999.9 time, 1000.4 real, 556.6 MB
[runlim] sample:		1009.9 time, 1010.4 real, 556.6 MB
[runlim] sample:		1019.9 time, 1020.4 real, 541.0 MB
[runlim] sample:		1029.9 time, 1030.4 real, 533.4 MB
[runlim] sample:		1039.9 time, 1040.4 real, 533.4 MB
[runlim] sample:		1049.9 time, 1050.4 real, 546.1 MB
[runlim] sample:		1059.9 time, 1060.4 real, 726.8 MB
[runlim] sample:		1069.9 time, 1070.4 real, 726.8 MB
[runlim] sample:		1079.9 time, 1080.4 real, 684.8 MB
[runlim] sample:		1089.9 time, 1090.4 real, 684.8 MB
[runlim] sample:		1099.9 time, 1100.4 real, 684.8 MB
[runlim] sample:		1109.9 time, 1110.4 real, 684.8 MB
[runlim] sample:		1119.9 time, 1120.4 real, 665.0 MB
[runlim] sample:		1129.9 time, 1130.4 real, 665.0 MB
[runlim] sample:		1139.9 time, 1140.4 real, 741.1 MB
[runlim] sample:		1149.9 time, 1150.4 real, 741.1 MB
[runlim] sample:		1159.9 time, 1160.4 real, 694.2 MB
[runlim] sample:		1169.9 time, 1170.4 real, 694.2 MB
[runlim] sample:		1179.9 time, 1180.4 real, 694.2 MB
[runlim] sample:		1189.9 time, 1190.4 real, 694.2 MB
[runlim] sample:		1199.9 time, 1200.4 real, 681.9 MB
[runlim] sample:		1209.9 time, 1210.4 real, 578.3 MB
[runlim] sample:		1219.9 time, 1220.4 real, 756.8 MB
[runlim] sample:		1229.9 time, 1230.4 real, 635.0 MB
[runlim] sample:		1239.9 time, 1240.4 real, 673.3 MB
[runlim] sample:		1249.9 time, 1250.4 real, 673.3 MB
[runlim] sample:		1259.9 time, 1260.4 real, 667.5 MB
[runlim] sample:		1269.9 time, 1270.4 real, 667.5 MB
[runlim] sample:		1279.9 time, 1280.4 real, 674.8 MB
[runlim] sample:		1289.9 time, 1290.4 real, 674.8 MB
[runlim] sample:		1299.9 time, 1300.4 real, 716.1 MB
[runlim] sample:		1309.9 time, 1310.4 real, 716.1 MB
[runlim] sample:		1319.9 time, 1320.4 real, 716.1 MB
[runlim] sample:		1329.9 time, 1330.4 real, 716.1 MB
[runlim] sample:		1339.9 time, 1340.4 real, 708.2 MB
[runlim] sample:		1349.8 time, 1350.4 real, 649.2 MB
[runlim] sample:		1359.9 time, 1360.4 real, 649.2 MB
[runlim] sample:		1369.8 time, 1370.4 real, 649.2 MB
[runlim] sample:		1379.8 time, 1380.4 real, 649.2 MB
[runlim] sample:		1389.8 time, 1390.4 real, 761.1 MB
[runlim] sample:		1399.8 time, 1400.4 real, 761.1 MB
[runlim] sample:		1409.9 time, 1410.4 real, 747.0 MB
[runlim] sample:		1419.9 time, 1420.4 real, 747.0 MB
[runlim] sample:		1429.9 time, 1430.4 real, 747.0 MB
[runlim] sample:		1439.8 time, 1440.4 real, 681.3 MB
[runlim] sample:		1449.8 time, 1450.4 real, 681.3 MB
[runlim] sample:		1459.8 time, 1460.4 real, 604.8 MB
[runlim] sample:		1469.8 time, 1470.4 real, 604.8 MB
[runlim] sample:		1479.8 time, 1480.4 real, 613.9 MB
[runlim] sample:		1489.8 time, 1490.4 real, 613.9 MB
[runlim] sample:		1499.8 time, 1500.4 real, 613.9 MB
[runlim] sample:		1509.8 time, 1510.4 real, 779.3 MB
[runlim] sample:		1519.8 time, 1520.4 real, 779.3 MB
[runlim] sample:		1529.8 time, 1530.4 real, 779.3 MB
[runlim] sample:		1539.8 time, 1540.4 real, 648.0 MB
[runlim] sample:		1549.8 time, 1550.4 real, 648.0 MB
[runlim] sample:		1559.8 time, 1560.4 real, 648.0 MB
[runlim] sample:		1569.8 time, 1570.4 real, 732.8 MB
[runlim] sample:		1579.8 time, 1580.4 real, 732.8 MB
[runlim] sample:		1589.8 time, 1590.4 real, 732.8 MB
[runlim] sample:		1599.8 time, 1600.4 real, 795.1 MB
[runlim] sample:		1609.8 time, 1610.4 real, 795.1 MB
[runlim] sample:		1619.8 time, 1620.4 real, 795.1 MB
[runlim] sample:		1629.8 time, 1630.4 real, 795.1 MB
[runlim] sample:		1639.8 time, 1640.4 real, 742.4 MB
[runlim] sample:		1649.8 time, 1650.4 real, 742.4 MB
[runlim] sample:		1659.8 time, 1660.4 real, 742.4 MB
[runlim] sample:		1669.8 time, 1670.4 real, 768.1 MB
[runlim] sample:		1679.8 time, 1680.4 real, 768.1 MB
[runlim] sample:		1689.8 time, 1690.4 real, 741.2 MB
[runlim] sample:		1699.8 time, 1700.4 real, 741.2 MB
[runlim] sample:		1709.8 time, 1710.4 real, 741.2 MB
[runlim] sample:		1719.8 time, 1720.4 real, 750.4 MB
[runlim] sample:		1729.8 time, 1730.4 real, 750.4 MB
[runlim] sample:		1739.8 time, 1740.4 real, 621.2 MB
[runlim] sample:		1749.8 time, 1750.4 real, 621.2 MB
[runlim] sample:		1759.8 time, 1760.4 real, 641.5 MB
[runlim] sample:		1769.8 time, 1770.4 real, 641.5 MB
[runlim] sample:		1779.8 time, 1780.4 real, 641.5 MB
[runlim] sample:		1789.8 time, 1790.4 real, 661.7 MB
c Signal interruption.
[runlim] end:			Tue Oct  1 03:48:46 2024
[runlim] status:		out of time
[runlim] result:		2
[runlim] children:		0
[runlim] real:			1800.09 seconds
[runlim] time:			1799.53 seconds
[runlim] space:			1070.1 MB
[runlim] samples:		17997
