[runlim] version:		1.10
[runlim] time limit:		1800 seconds
[runlim] real time limit:	1800 seconds
[runlim] space limit:		30000 MB
[runlim] argv[0]:		/home/truongxuanhieu/AntiBandwidthReconstruct/build/abw_enc
[runlim] argv[1]:		/home/truongxuanhieu/AntiBandwidthReconstruct/build/Benchmarks/K-dwt__234.mtx.rnd
[runlim] argv[2]:		--duplex
[runlim] argv[3]:		-symetry-break
[runlim] argv[4]:		f
[runlim] start:			Fri Sep 27 04:47:47 2024
[runlim] main pid:		72902
[runlim] log captured:
c LadderEncoder 1.0.
c Symetry breaking in the first node.
c Solving strategy: from LB to UB.
c LB-w = 46 (LB in Sinnl - A note on computational approaches for the antibandwidth problem).
c UB-w = 58 (UB in Sinnl - A note on computational approaches for the antibandwidth problem).
c Antibandwidth problem with w = 46 ( K-dwt__234.mtx.rnd ):
c Initializing CaDiCaL (version 1.2.1).
c	Configuring CaDiCaL as --sat (1).
c Initializing a Duplex encoder with n = 117.
c Encoding starts with w = 46:
c	Encode symmetry breaking with option: f.
c	Labels and Vertices aux var: 4680
c	Labels and Vertices constraints:  34515
c	Obj k aux var: 37206
c	Obj k constraints: 163899
c	Obj k glue staircase constraints: 45846
c	Encoding duration: 0s
c	Number of clauses: 198472
c	Number of irredundant clauses: 180515
c	Number of variables: 55575
c SAT Solving starts:
[runlim] sample:		10.0 time, 10.4 real, 85.0 MB
[runlim] sample:		20.0 time, 20.4 real, 107.4 MB
c	Solving duration: 24126 ms
c	Answer: 
s SAT (w = 46)
c	Solution check:
p calculated antibandwidth = 46.
c
c
c Antibandwidth problem with w = 47 ( K-dwt__234.mtx.rnd ):
c Initializing CaDiCaL (version 1.2.1).
c	Configuring CaDiCaL as --sat (1).
c Initializing a Duplex encoder with n = 117.
c Encoding starts with w = 47:
c	Encode symmetry breaking with option: f.
c	Labels and Vertices aux var: 4680
c	Labels and Vertices constraints:  34515
c	Obj k aux var: 37440
c	Obj k constraints: 163485
c	Obj k glue staircase constraints: 45198
c	Encoding duration: 0s
c	Number of clauses: 198058
c	Number of irredundant clauses: 180381
c	Number of variables: 55809
c SAT Solving starts:
[runlim] sample:		30.0 time, 30.4 real, 106.1 MB
[runlim] sample:		40.0 time, 40.4 real, 108.4 MB
[runlim] sample:		50.0 time, 50.4 real, 120.2 MB
[runlim] sample:		60.0 time, 60.4 real, 177.4 MB
[runlim] sample:		70.0 time, 70.4 real, 120.4 MB
[runlim] sample:		80.0 time, 80.4 real, 162.3 MB
c	Solving duration: 62781 ms
c	Answer: 
s SAT (w = 47)
c	Solution check:
p calculated antibandwidth = 47.
c
c
c Antibandwidth problem with w = 48 ( K-dwt__234.mtx.rnd ):
c Initializing CaDiCaL (version 1.2.1).
c	Configuring CaDiCaL as --sat (1).
c Initializing a Duplex encoder with n = 117.
c Encoding starts with w = 48:
c	Encode symmetry breaking with option: f.
c	Labels and Vertices aux var: 4680
c	Labels and Vertices constraints:  34515
c	Obj k aux var: 37674
c	Obj k constraints: 163071
c	Obj k glue staircase constraints: 44550
c	Encoding duration: 0s
c	Number of clauses: 197644
c	Number of irredundant clauses: 180247
c	Number of variables: 56043
c SAT Solving starts:
[runlim] sample:		90.0 time, 90.4 real, 120.4 MB
[runlim] sample:		100.0 time, 100.4 real, 120.4 MB
[runlim] sample:		110.0 time, 110.4 real, 122.7 MB
[runlim] sample:		120.0 time, 120.4 real, 122.7 MB
[runlim] sample:		130.0 time, 130.4 real, 156.3 MB
[runlim] sample:		140.0 time, 140.4 real, 178.0 MB
[runlim] sample:		150.0 time, 150.4 real, 179.7 MB
[runlim] sample:		160.0 time, 160.4 real, 126.1 MB
[runlim] sample:		170.0 time, 170.4 real, 205.3 MB
[runlim] sample:		180.0 time, 180.4 real, 214.9 MB
[runlim] sample:		190.0 time, 190.4 real, 159.4 MB
[runlim] sample:		200.0 time, 200.4 real, 159.4 MB
[runlim] sample:		210.0 time, 210.4 real, 159.4 MB
[runlim] sample:		220.0 time, 220.4 real, 159.4 MB
[runlim] sample:		230.0 time, 230.4 real, 164.9 MB
[runlim] sample:		240.0 time, 240.4 real, 164.9 MB
[runlim] sample:		250.0 time, 250.4 real, 139.9 MB
[runlim] sample:		260.0 time, 260.4 real, 194.1 MB
c	Solving duration: 177092 ms
c	Answer: 
s SAT (w = 48)
c	Solution check:
p calculated antibandwidth = 48.
c
c
c Antibandwidth problem with w = 49 ( K-dwt__234.mtx.rnd ):
c Initializing CaDiCaL (version 1.2.1).
c	Configuring CaDiCaL as --sat (1).
c Initializing a Duplex encoder with n = 117.
c Encoding starts with w = 49:
c	Encode symmetry breaking with option: f.
c	Labels and Vertices aux var: 4680
c	Labels and Vertices constraints:  34515
c	Obj k aux var: 37908
c	Obj k constraints: 162657
c	Obj k glue staircase constraints: 43902
c	Encoding duration: 0s
c	Number of clauses: 197230
c	Number of irredundant clauses: 180113
c	Number of variables: 56277
c SAT Solving starts:
[runlim] sample:		270.0 time, 270.4 real, 150.7 MB
c	Solving duration: 10240 ms
c	Answer: 
s SAT (w = 49)
c	Solution check:
p calculated antibandwidth = 49.
c
c
c Antibandwidth problem with w = 50 ( K-dwt__234.mtx.rnd ):
c Initializing CaDiCaL (version 1.2.1).
c	Configuring CaDiCaL as --sat (1).
c Initializing a Duplex encoder with n = 117.
c Encoding starts with w = 50:
c	Encode symmetry breaking with option: f.
c	Labels and Vertices aux var: 4680
c	Labels and Vertices constraints:  34515
c	Obj k aux var: 38142
c	Obj k constraints: 162243
c	Obj k glue staircase constraints: 43254
c	Encoding duration: 0s
c	Number of clauses: 196816
c	Number of irredundant clauses: 179979
c	Number of variables: 56511
c SAT Solving starts:
[runlim] sample:		280.0 time, 280.4 real, 150.7 MB
[runlim] sample:		290.0 time, 290.4 real, 150.7 MB
[runlim] sample:		300.0 time, 300.4 real, 150.7 MB
[runlim] sample:		309.9 time, 310.4 real, 150.7 MB
[runlim] sample:		319.9 time, 320.4 real, 150.7 MB
[runlim] sample:		330.0 time, 330.4 real, 173.4 MB
[runlim] sample:		340.0 time, 340.4 real, 173.4 MB
[runlim] sample:		350.0 time, 350.4 real, 173.4 MB
[runlim] sample:		359.9 time, 360.4 real, 173.4 MB
[runlim] sample:		369.9 time, 370.4 real, 173.4 MB
[runlim] sample:		379.9 time, 380.4 real, 177.4 MB
[runlim] sample:		390.0 time, 390.4 real, 216.1 MB
[runlim] sample:		399.9 time, 400.4 real, 225.0 MB
[runlim] sample:		410.0 time, 410.4 real, 177.4 MB
[runlim] sample:		420.0 time, 420.4 real, 177.4 MB
[runlim] sample:		430.0 time, 430.4 real, 177.4 MB
[runlim] sample:		440.0 time, 440.4 real, 177.4 MB
[runlim] sample:		450.0 time, 450.4 real, 177.4 MB
[runlim] sample:		459.9 time, 460.4 real, 177.4 MB
[runlim] sample:		469.9 time, 470.4 real, 177.4 MB
[runlim] sample:		479.9 time, 480.4 real, 177.4 MB
[runlim] sample:		489.9 time, 490.4 real, 177.4 MB
[runlim] sample:		499.9 time, 500.4 real, 240.3 MB
[runlim] sample:		509.9 time, 510.4 real, 275.3 MB
[runlim] sample:		520.0 time, 520.4 real, 274.2 MB
[runlim] sample:		530.0 time, 530.4 real, 257.5 MB
[runlim] sample:		540.0 time, 540.4 real, 273.9 MB
[runlim] sample:		549.9 time, 550.4 real, 313.7 MB
[runlim] sample:		559.9 time, 560.4 real, 313.7 MB
[runlim] sample:		569.9 time, 570.4 real, 340.1 MB
[runlim] sample:		579.9 time, 580.4 real, 301.7 MB
[runlim] sample:		589.9 time, 590.4 real, 236.7 MB
[runlim] sample:		599.9 time, 600.4 real, 225.6 MB
[runlim] sample:		609.9 time, 610.4 real, 201.7 MB
[runlim] sample:		619.9 time, 620.4 real, 201.9 MB
[runlim] sample:		629.9 time, 630.4 real, 219.6 MB
[runlim] sample:		639.9 time, 640.4 real, 238.9 MB
[runlim] sample:		649.9 time, 650.4 real, 238.9 MB
[runlim] sample:		659.9 time, 660.4 real, 238.9 MB
[runlim] sample:		669.9 time, 670.4 real, 232.6 MB
[runlim] sample:		679.9 time, 680.4 real, 318.9 MB
[runlim] sample:		689.9 time, 690.4 real, 522.8 MB
[runlim] sample:		699.9 time, 700.4 real, 308.6 MB
[runlim] sample:		709.9 time, 710.4 real, 342.6 MB
[runlim] sample:		719.9 time, 720.4 real, 308.8 MB
[runlim] sample:		729.9 time, 730.4 real, 327.1 MB
[runlim] sample:		739.9 time, 740.4 real, 327.1 MB
[runlim] sample:		749.9 time, 750.4 real, 283.9 MB
[runlim] sample:		759.9 time, 760.4 real, 278.4 MB
[runlim] sample:		769.9 time, 770.4 real, 230.7 MB
[runlim] sample:		779.9 time, 780.4 real, 292.0 MB
[runlim] sample:		789.9 time, 790.4 real, 230.7 MB
[runlim] sample:		799.9 time, 800.4 real, 230.7 MB
[runlim] sample:		809.9 time, 810.4 real, 190.7 MB
[runlim] sample:		819.9 time, 820.4 real, 371.8 MB
[runlim] sample:		829.9 time, 830.4 real, 340.4 MB
[runlim] sample:		839.9 time, 840.4 real, 245.4 MB
[runlim] sample:		849.9 time, 850.4 real, 245.6 MB
[runlim] sample:		859.9 time, 860.4 real, 284.5 MB
[runlim] sample:		869.9 time, 870.4 real, 245.6 MB
[runlim] sample:		879.9 time, 880.4 real, 245.6 MB
[runlim] sample:		889.9 time, 890.4 real, 347.0 MB
[runlim] sample:		899.9 time, 900.4 real, 366.0 MB
[runlim] sample:		909.9 time, 910.4 real, 366.0 MB
[runlim] sample:		919.9 time, 920.4 real, 280.6 MB
[runlim] sample:		929.9 time, 930.4 real, 296.4 MB
[runlim] sample:		939.9 time, 940.4 real, 303.5 MB
[runlim] sample:		949.9 time, 950.4 real, 294.9 MB
[runlim] sample:		959.9 time, 960.4 real, 245.6 MB
[runlim] sample:		969.9 time, 970.4 real, 286.3 MB
[runlim] sample:		979.9 time, 980.4 real, 286.3 MB
[runlim] sample:		989.9 time, 990.4 real, 452.4 MB
[runlim] sample:		999.9 time, 1000.4 real, 452.4 MB
[runlim] sample:		1009.9 time, 1010.4 real, 294.5 MB
[runlim] sample:		1019.9 time, 1020.4 real, 317.9 MB
[runlim] sample:		1029.9 time, 1030.4 real, 317.9 MB
[runlim] sample:		1039.9 time, 1040.4 real, 316.6 MB
[runlim] sample:		1049.9 time, 1050.4 real, 265.7 MB
[runlim] sample:		1059.9 time, 1060.4 real, 310.9 MB
[runlim] sample:		1069.9 time, 1070.4 real, 265.7 MB
[runlim] sample:		1079.9 time, 1080.4 real, 371.1 MB
[runlim] sample:		1089.9 time, 1090.4 real, 413.3 MB
[runlim] sample:		1099.9 time, 1100.4 real, 563.7 MB
[runlim] sample:		1109.9 time, 1110.4 real, 481.8 MB
c	Solving duration: 839051 ms
c	Answer: 
s SAT (w = 50)
c	Solution check:
p calculated antibandwidth = 50.
c
c
c Antibandwidth problem with w = 51 ( K-dwt__234.mtx.rnd ):
c Initializing CaDiCaL (version 1.2.1).
c	Configuring CaDiCaL as --sat (1).
c Initializing a Duplex encoder with n = 117.
c Encoding starts with w = 51:
c	Encode symmetry breaking with option: f.
c	Labels and Vertices aux var: 4680
c	Labels and Vertices constraints:  34515
c	Obj k aux var: 38376
c	Obj k constraints: 161829
c	Obj k glue staircase constraints: 42606
c	Encoding duration: 0s
c	Number of clauses: 196402
c	Number of irredundant clauses: 179845
c	Number of variables: 56745
c SAT Solving starts:
[runlim] sample:		1119.9 time, 1120.4 real, 322.8 MB
[runlim] sample:		1129.9 time, 1130.4 real, 322.8 MB
[runlim] sample:		1139.9 time, 1140.4 real, 322.8 MB
[runlim] sample:		1149.9 time, 1150.4 real, 322.8 MB
[runlim] sample:		1159.9 time, 1160.4 real, 322.9 MB
[runlim] sample:		1169.9 time, 1170.4 real, 322.9 MB
[runlim] sample:		1179.9 time, 1180.4 real, 322.9 MB
[runlim] sample:		1189.9 time, 1190.4 real, 322.9 MB
[runlim] sample:		1199.9 time, 1200.4 real, 322.9 MB
[runlim] sample:		1209.9 time, 1210.4 real, 322.9 MB
[runlim] sample:		1219.9 time, 1220.4 real, 322.9 MB
[runlim] sample:		1229.9 time, 1230.4 real, 322.9 MB
[runlim] sample:		1239.9 time, 1240.4 real, 322.9 MB
[runlim] sample:		1249.9 time, 1250.4 real, 322.9 MB
[runlim] sample:		1259.9 time, 1260.4 real, 322.9 MB
[runlim] sample:		1269.9 time, 1270.4 real, 322.9 MB
[runlim] sample:		1279.9 time, 1280.4 real, 322.9 MB
[runlim] sample:		1289.9 time, 1290.4 real, 322.9 MB
[runlim] sample:		1299.9 time, 1300.4 real, 322.9 MB
[runlim] sample:		1309.9 time, 1310.4 real, 322.9 MB
[runlim] sample:		1319.9 time, 1320.4 real, 322.9 MB
[runlim] sample:		1329.9 time, 1330.4 real, 322.9 MB
[runlim] sample:		1339.9 time, 1340.4 real, 322.9 MB
[runlim] sample:		1349.9 time, 1350.4 real, 322.9 MB
[runlim] sample:		1359.9 time, 1360.4 real, 322.9 MB
[runlim] sample:		1369.9 time, 1370.4 real, 402.9 MB
[runlim] sample:		1379.9 time, 1380.4 real, 322.9 MB
[runlim] sample:		1389.9 time, 1390.4 real, 322.9 MB
[runlim] sample:		1399.9 time, 1400.4 real, 418.0 MB
[runlim] sample:		1409.9 time, 1410.4 real, 322.9 MB
[runlim] sample:		1419.9 time, 1420.4 real, 426.1 MB
[runlim] sample:		1429.9 time, 1430.4 real, 322.9 MB
[runlim] sample:		1439.9 time, 1440.4 real, 322.9 MB
[runlim] sample:		1449.9 time, 1450.4 real, 322.9 MB
[runlim] sample:		1459.9 time, 1460.4 real, 322.9 MB
[runlim] sample:		1469.9 time, 1470.4 real, 322.9 MB
[runlim] sample:		1479.9 time, 1480.4 real, 449.4 MB
[runlim] sample:		1489.9 time, 1490.4 real, 452.7 MB
[runlim] sample:		1499.9 time, 1500.4 real, 437.1 MB
[runlim] sample:		1509.9 time, 1510.4 real, 322.9 MB
[runlim] sample:		1519.9 time, 1520.4 real, 442.9 MB
[runlim] sample:		1529.9 time, 1530.4 real, 517.2 MB
[runlim] sample:		1539.9 time, 1540.4 real, 465.0 MB
[runlim] sample:		1549.9 time, 1550.4 real, 322.9 MB
[runlim] sample:		1559.9 time, 1560.4 real, 336.5 MB
[runlim] sample:		1569.9 time, 1570.4 real, 336.5 MB
[runlim] sample:		1579.9 time, 1580.4 real, 336.6 MB
[runlim] sample:		1589.9 time, 1590.4 real, 336.6 MB
[runlim] sample:		1599.9 time, 1600.4 real, 336.6 MB
[runlim] sample:		1609.9 time, 1610.4 real, 336.6 MB
[runlim] sample:		1619.9 time, 1620.4 real, 336.6 MB
[runlim] sample:		1629.9 time, 1630.4 real, 468.2 MB
[runlim] sample:		1639.9 time, 1640.4 real, 468.2 MB
[runlim] sample:		1649.9 time, 1650.4 real, 516.0 MB
[runlim] sample:		1659.9 time, 1660.4 real, 336.6 MB
[runlim] sample:		1669.9 time, 1670.4 real, 450.2 MB
[runlim] sample:		1679.9 time, 1680.4 real, 482.0 MB
[runlim] sample:		1689.9 time, 1690.4 real, 410.7 MB
[runlim] sample:		1699.9 time, 1700.4 real, 340.8 MB
[runlim] sample:		1709.9 time, 1710.4 real, 410.2 MB
[runlim] sample:		1719.9 time, 1720.4 real, 456.7 MB
[runlim] sample:		1729.9 time, 1730.4 real, 340.8 MB
[runlim] sample:		1739.9 time, 1740.4 real, 340.8 MB
[runlim] sample:		1749.9 time, 1750.4 real, 420.1 MB
[runlim] sample:		1759.9 time, 1760.4 real, 410.6 MB
[runlim] sample:		1769.9 time, 1770.4 real, 340.8 MB
[runlim] sample:		1779.9 time, 1780.4 real, 340.8 MB
[runlim] sample:		1789.9 time, 1790.4 real, 412.0 MB
c Signal interruption.
[runlim] end:			Fri Sep 27 05:17:47 2024
[runlim] status:		out of time
[runlim] result:		2
[runlim] children:		0
[runlim] real:			1800.04 seconds
[runlim] time:			1799.47 seconds
[runlim] space:			685.1 MB
[runlim] samples:		17996
