[runlim] version:		1.10
[runlim] time limit:		1800 seconds
[runlim] real time limit:	1800 seconds
[runlim] space limit:		30000 MB
[runlim] argv[0]:		/home/hvanh28/AntiBandwidthReconstruct/build/abw_enc
[runlim] argv[1]:		/home/hvanh28/AntiBandwidthReconstruct/build/Benchmarks/K-dwt__234.mtx.rnd
[runlim] argv[2]:		--reduced
[runlim] argv[3]:		-symetry-break
[runlim] argv[4]:		f
[runlim] start:			Fri Sep 27 02:19:26 2024
[runlim] main pid:		97887
[runlim] log captured:
c LadderEncoder 1.0.
c Symetry breaking in the first node.
c Solving strategy: from LB to UB.
c LB-w = 46 (LB in Sinnl - A note on computational approaches for the antibandwidth problem).
c UB-w = 58 (UB in Sinnl - A note on computational approaches for the antibandwidth problem).
c Antibandwidth problem with w = 46 ( K-dwt__234.mtx.rnd ):
c Initializing CaDiCaL (version 1.2.1).
c	Configuring CaDiCaL as --sat (1).
c Initializing a Naive-Reduced encoder with n = 117.
c Encoding starts with w = 46:
c	Encode symmetry breaking with option: f.
c	Encoding duration: 0s
c	Number of clauses: 2958736
c	Number of irredundant clauses: 2913395
c	Number of variables: 13689
c SAT Solving starts:
[runlim] sample:		10.0 time, 10.7 real, 339.0 MB
[runlim] sample:		20.0 time, 20.7 real, 423.8 MB
[runlim] sample:		30.0 time, 30.7 real, 366.2 MB
[runlim] sample:		40.0 time, 40.7 real, 381.2 MB
[runlim] sample:		50.0 time, 50.7 real, 413.3 MB
[runlim] sample:		60.0 time, 60.7 real, 400.3 MB
[runlim] sample:		70.0 time, 70.7 real, 398.6 MB
[runlim] sample:		80.0 time, 80.7 real, 403.5 MB
[runlim] sample:		90.0 time, 90.7 real, 396.8 MB
[runlim] sample:		100.0 time, 100.7 real, 414.1 MB
[runlim] sample:		110.0 time, 110.7 real, 429.7 MB
[runlim] sample:		120.0 time, 120.7 real, 409.2 MB
[runlim] sample:		130.0 time, 130.7 real, 420.0 MB
[runlim] sample:		140.0 time, 140.7 real, 427.9 MB
[runlim] sample:		150.0 time, 150.7 real, 433.9 MB
[runlim] sample:		160.0 time, 160.7 real, 441.8 MB
[runlim] sample:		170.0 time, 170.7 real, 444.2 MB
[runlim] sample:		180.0 time, 180.7 real, 437.2 MB
[runlim] sample:		190.0 time, 190.7 real, 469.2 MB
[runlim] sample:		200.0 time, 200.7 real, 469.2 MB
[runlim] sample:		210.0 time, 210.7 real, 451.8 MB
[runlim] sample:		220.0 time, 220.7 real, 447.8 MB
[runlim] sample:		230.0 time, 230.7 real, 452.6 MB
[runlim] sample:		240.0 time, 240.7 real, 452.6 MB
[runlim] sample:		250.0 time, 250.7 real, 451.5 MB
[runlim] sample:		259.9 time, 260.7 real, 454.6 MB
[runlim] sample:		269.9 time, 270.7 real, 454.2 MB
[runlim] sample:		279.9 time, 280.7 real, 461.7 MB
[runlim] sample:		289.9 time, 290.7 real, 472.0 MB
[runlim] sample:		299.9 time, 300.7 real, 472.0 MB
[runlim] sample:		309.9 time, 310.7 real, 485.4 MB
[runlim] sample:		319.9 time, 320.7 real, 512.3 MB
[runlim] sample:		329.9 time, 330.7 real, 512.3 MB
[runlim] sample:		339.9 time, 340.7 real, 498.2 MB
[runlim] sample:		349.9 time, 350.7 real, 481.4 MB
[runlim] sample:		359.9 time, 360.7 real, 481.4 MB
[runlim] sample:		369.9 time, 370.7 real, 489.7 MB
[runlim] sample:		379.9 time, 380.7 real, 489.7 MB
[runlim] sample:		389.9 time, 390.7 real, 562.3 MB
[runlim] sample:		399.9 time, 400.7 real, 562.3 MB
[runlim] sample:		409.9 time, 410.7 real, 511.5 MB
[runlim] sample:		419.9 time, 420.7 real, 511.5 MB
[runlim] sample:		429.9 time, 430.7 real, 522.0 MB
[runlim] sample:		439.9 time, 440.7 real, 522.0 MB
[runlim] sample:		449.9 time, 450.7 real, 565.1 MB
[runlim] sample:		459.9 time, 460.7 real, 565.1 MB
[runlim] sample:		469.9 time, 470.7 real, 583.9 MB
[runlim] sample:		479.9 time, 480.7 real, 588.2 MB
[runlim] sample:		489.9 time, 490.7 real, 583.5 MB
[runlim] sample:		499.9 time, 500.7 real, 583.5 MB
[runlim] sample:		509.9 time, 510.7 real, 583.1 MB
[runlim] sample:		519.9 time, 520.7 real, 583.1 MB
[runlim] sample:		529.9 time, 530.7 real, 583.1 MB
[runlim] sample:		539.9 time, 540.7 real, 595.1 MB
[runlim] sample:		549.9 time, 550.7 real, 595.1 MB
[runlim] sample:		559.9 time, 560.7 real, 573.5 MB
[runlim] sample:		569.9 time, 570.7 real, 573.5 MB
[runlim] sample:		579.9 time, 580.7 real, 586.6 MB
[runlim] sample:		589.9 time, 590.7 real, 586.6 MB
[runlim] sample:		599.9 time, 600.7 real, 588.0 MB
[runlim] sample:		609.9 time, 610.7 real, 588.0 MB
[runlim] sample:		619.9 time, 620.7 real, 588.0 MB
[runlim] sample:		629.9 time, 630.7 real, 588.0 MB
[runlim] sample:		639.9 time, 640.7 real, 570.9 MB
[runlim] sample:		649.9 time, 650.7 real, 570.9 MB
[runlim] sample:		659.9 time, 660.7 real, 570.9 MB
[runlim] sample:		669.9 time, 670.7 real, 579.5 MB
[runlim] sample:		679.9 time, 680.7 real, 579.5 MB
[runlim] sample:		689.9 time, 690.7 real, 579.5 MB
c	Solving duration: 696018 ms
c	Answer: 
s SAT (w = 46)
c	Solution check:
p calculated antibandwidth = 46.
c
c
c Antibandwidth problem with w = 47 ( K-dwt__234.mtx.rnd ):
c Initializing CaDiCaL (version 1.2.1).
c	Configuring CaDiCaL as --sat (1).
c Initializing a Naive-Reduced encoder with n = 117.
c Encoding starts with w = 47:
c	Encode symmetry breaking with option: f.
c	Encoding duration: 1s
c	Number of clauses: 2981740
c	Number of irredundant clauses: 2935839
c	Number of variables: 13689
c SAT Solving starts:
[runlim] sample:		699.9 time, 700.7 real, 458.2 MB
[runlim] sample:		709.8 time, 710.7 real, 461.3 MB
[runlim] sample:		719.8 time, 720.7 real, 471.4 MB
[runlim] sample:		729.8 time, 730.7 real, 491.5 MB
[runlim] sample:		739.8 time, 740.7 real, 596.1 MB
[runlim] sample:		749.8 time, 750.7 real, 514.9 MB
[runlim] sample:		759.8 time, 760.7 real, 458.8 MB
[runlim] sample:		769.8 time, 770.7 real, 483.3 MB
[runlim] sample:		779.8 time, 780.7 real, 477.9 MB
[runlim] sample:		789.8 time, 790.7 real, 498.1 MB
[runlim] sample:		799.8 time, 800.7 real, 484.2 MB
[runlim] sample:		809.8 time, 810.7 real, 496.0 MB
[runlim] sample:		819.8 time, 820.7 real, 482.4 MB
[runlim] sample:		829.8 time, 830.7 real, 542.0 MB
[runlim] sample:		839.8 time, 840.7 real, 512.1 MB
[runlim] sample:		849.8 time, 850.7 real, 565.8 MB
[runlim] sample:		859.8 time, 860.7 real, 531.1 MB
[runlim] sample:		869.8 time, 870.7 real, 577.4 MB
[runlim] sample:		879.8 time, 880.7 real, 570.2 MB
[runlim] sample:		889.8 time, 890.7 real, 613.2 MB
[runlim] sample:		899.8 time, 900.7 real, 586.0 MB
[runlim] sample:		909.8 time, 910.7 real, 540.2 MB
[runlim] sample:		919.8 time, 920.7 real, 548.4 MB
[runlim] sample:		929.8 time, 930.7 real, 562.7 MB
[runlim] sample:		939.8 time, 940.7 real, 525.8 MB
[runlim] sample:		949.8 time, 950.7 real, 547.0 MB
[runlim] sample:		959.8 time, 960.7 real, 563.0 MB
[runlim] sample:		969.8 time, 970.7 real, 561.2 MB
[runlim] sample:		979.8 time, 980.7 real, 560.4 MB
[runlim] sample:		989.8 time, 990.7 real, 558.3 MB
[runlim] sample:		999.8 time, 1000.7 real, 558.3 MB
[runlim] sample:		1009.8 time, 1010.7 real, 652.6 MB
[runlim] sample:		1019.8 time, 1020.7 real, 652.6 MB
[runlim] sample:		1029.8 time, 1030.7 real, 652.6 MB
[runlim] sample:		1039.8 time, 1040.7 real, 678.2 MB
[runlim] sample:		1049.8 time, 1050.7 real, 632.4 MB
[runlim] sample:		1059.8 time, 1060.7 real, 632.4 MB
[runlim] sample:		1069.8 time, 1070.7 real, 579.7 MB
[runlim] sample:		1079.8 time, 1080.7 real, 574.5 MB
[runlim] sample:		1089.8 time, 1090.7 real, 574.5 MB
[runlim] sample:		1099.8 time, 1100.7 real, 602.2 MB
[runlim] sample:		1109.8 time, 1110.7 real, 602.2 MB
[runlim] sample:		1119.8 time, 1120.7 real, 595.7 MB
[runlim] sample:		1129.8 time, 1130.7 real, 620.5 MB
[runlim] sample:		1139.8 time, 1140.7 real, 620.5 MB
[runlim] sample:		1149.8 time, 1150.7 real, 620.5 MB
[runlim] sample:		1159.8 time, 1160.7 real, 734.6 MB
[runlim] sample:		1169.8 time, 1170.7 real, 734.6 MB
[runlim] sample:		1179.8 time, 1180.7 real, 680.2 MB
[runlim] sample:		1189.8 time, 1190.7 real, 680.2 MB
[runlim] sample:		1199.8 time, 1200.7 real, 641.4 MB
[runlim] sample:		1209.8 time, 1210.7 real, 641.4 MB
[runlim] sample:		1219.8 time, 1220.7 real, 641.4 MB
[runlim] sample:		1229.8 time, 1230.7 real, 631.6 MB
[runlim] sample:		1239.8 time, 1240.7 real, 631.6 MB
[runlim] sample:		1249.8 time, 1250.7 real, 631.6 MB
[runlim] sample:		1259.8 time, 1260.7 real, 662.7 MB
[runlim] sample:		1269.8 time, 1270.7 real, 662.7 MB
[runlim] sample:		1279.8 time, 1280.7 real, 696.5 MB
[runlim] sample:		1289.8 time, 1290.7 real, 696.5 MB
[runlim] sample:		1299.8 time, 1300.7 real, 696.5 MB
[runlim] sample:		1309.8 time, 1310.7 real, 688.7 MB
[runlim] sample:		1319.8 time, 1320.7 real, 688.7 MB
[runlim] sample:		1329.8 time, 1330.7 real, 669.0 MB
[runlim] sample:		1339.8 time, 1340.7 real, 669.0 MB
[runlim] sample:		1349.8 time, 1350.7 real, 657.3 MB
[runlim] sample:		1359.8 time, 1360.7 real, 637.5 MB
[runlim] sample:		1369.8 time, 1370.7 real, 637.5 MB
[runlim] sample:		1379.8 time, 1380.7 real, 619.3 MB
[runlim] sample:		1389.8 time, 1390.7 real, 619.3 MB
[runlim] sample:		1399.8 time, 1400.7 real, 638.5 MB
[runlim] sample:		1409.8 time, 1410.7 real, 638.5 MB
[runlim] sample:		1419.8 time, 1420.7 real, 666.4 MB
c	Solving duration: 728479 ms
c	Answer: 
s SAT (w = 47)
c	Solution check:
p calculated antibandwidth = 47.
c
c
c Antibandwidth problem with w = 48 ( K-dwt__234.mtx.rnd ):
c Initializing CaDiCaL (version 1.2.1).
c	Configuring CaDiCaL as --sat (1).
c Initializing a Naive-Reduced encoder with n = 117.
c Encoding starts with w = 48:
c	Encode symmetry breaking with option: f.
c	Encoding duration: 0s
c	Number of clauses: 3004420
c	Number of irredundant clauses: 2957967
c	Number of variables: 13689
c SAT Solving starts:
[runlim] sample:		1429.8 time, 1430.7 real, 526.9 MB
[runlim] sample:		1439.8 time, 1440.7 real, 532.1 MB
[runlim] sample:		1449.8 time, 1450.7 real, 512.7 MB
[runlim] sample:		1459.8 time, 1460.7 real, 528.7 MB
[runlim] sample:		1469.8 time, 1470.7 real, 512.6 MB
[runlim] sample:		1479.7 time, 1480.7 real, 500.2 MB
[runlim] sample:		1489.8 time, 1490.7 real, 454.6 MB
[runlim] sample:		1499.8 time, 1500.7 real, 445.8 MB
[runlim] sample:		1509.8 time, 1510.7 real, 461.4 MB
[runlim] sample:		1519.7 time, 1520.7 real, 454.3 MB
[runlim] sample:		1529.7 time, 1530.7 real, 477.1 MB
[runlim] sample:		1539.7 time, 1540.7 real, 497.5 MB
[runlim] sample:		1549.7 time, 1550.7 real, 470.7 MB
[runlim] sample:		1559.7 time, 1560.7 real, 463.9 MB
[runlim] sample:		1569.7 time, 1570.7 real, 477.8 MB
[runlim] sample:		1579.7 time, 1580.7 real, 483.2 MB
[runlim] sample:		1589.7 time, 1590.7 real, 473.3 MB
[runlim] sample:		1599.7 time, 1600.7 real, 482.7 MB
[runlim] sample:		1609.7 time, 1610.7 real, 486.9 MB
[runlim] sample:		1619.7 time, 1620.7 real, 461.0 MB
[runlim] sample:		1629.7 time, 1630.7 real, 481.0 MB
[runlim] sample:		1639.7 time, 1640.7 real, 477.7 MB
[runlim] sample:		1649.7 time, 1650.7 real, 477.7 MB
[runlim] sample:		1659.7 time, 1660.7 real, 485.5 MB
[runlim] sample:		1669.7 time, 1670.7 real, 499.1 MB
[runlim] sample:		1679.7 time, 1680.7 real, 500.0 MB
[runlim] sample:		1689.7 time, 1690.7 real, 477.2 MB
[runlim] sample:		1699.7 time, 1700.7 real, 482.4 MB
[runlim] sample:		1709.7 time, 1710.7 real, 492.2 MB
[runlim] sample:		1719.7 time, 1720.7 real, 655.5 MB
[runlim] sample:		1729.7 time, 1730.7 real, 515.9 MB
[runlim] sample:		1739.7 time, 1740.7 real, 490.7 MB
[runlim] sample:		1749.7 time, 1750.7 real, 505.1 MB
[runlim] sample:		1759.7 time, 1760.7 real, 505.1 MB
[runlim] sample:		1769.7 time, 1770.7 real, 597.8 MB
[runlim] sample:		1779.7 time, 1780.7 real, 597.8 MB
[runlim] sample:		1789.7 time, 1790.7 real, 597.8 MB
c Signal interruption.
[runlim] end:			Fri Sep 27 02:49:26 2024
[runlim] status:		out of time
[runlim] result:		2
[runlim] children:		0
[runlim] real:			1800.08 seconds
[runlim] time:			1799.10 seconds
[runlim] space:			958.4 MB
[runlim] samples:		17994
