[runlim] version:		1.10
[runlim] time limit:		1800 seconds
[runlim] real time limit:	1800 seconds
[runlim] space limit:		30000 MB
[runlim] argv[0]:		/home/hvanh28/AntiBandwidthReconstruct/build/abw_enc
[runlim] argv[1]:		/home/hvanh28/AntiBandwidthReconstruct/build/Benchmarks/M-bcsstk06.mtx.rnd
[runlim] argv[2]:		--reduced
[runlim] argv[3]:		-symetry-break
[runlim] argv[4]:		f
[runlim] start:			Fri Sep 27 02:49:26 2024
[runlim] main pid:		98042
[runlim] log captured:
c LadderEncoder 1.0.
c Symetry breaking in the first node.
c Solving strategy: from LB to UB.
c LB-w = 28 (LB in Sinnl - A note on computational approaches for the antibandwidth problem).
c UB-w = 72 (UB in Sinnl - A note on computational approaches for the antibandwidth problem).
c Antibandwidth problem with w = 28 ( M-bcsstk06.mtx.rnd ):
c Initializing CaDiCaL (version 1.2.1).
c	Configuring CaDiCaL as --sat (1).
c Initializing a Naive-Reduced encoder with n = 420.
c Encoding starts with w = 28:
c	Encode symmetry breaking with option: f.
[runlim] sample:		10.0 time, 10.1 real, 2683.0 MB
[runlim] sample:		20.0 time, 20.1 real, 5023.1 MB
[runlim] sample:		30.0 time, 30.1 real, 7304.8 MB
[runlim] sample:		40.0 time, 40.1 real, 9423.2 MB
[runlim] sample:		50.0 time, 50.1 real, 11478.8 MB
c	Encoding duration: 50s
c	Number of clauses: 155469930
c	Number of irredundant clauses: 155129331
c	Number of variables: 176400
c SAT Solving starts:
[runlim] sample:		60.0 time, 60.1 real, 11843.1 MB
[runlim] sample:		70.0 time, 70.1 real, 12700.5 MB
[runlim] sample:		80.0 time, 80.1 real, 14676.5 MB
[runlim] sample:		90.0 time, 90.1 real, 15415.8 MB
[runlim] sample:		100.0 time, 100.1 real, 16325.1 MB
[runlim] sample:		110.0 time, 110.1 real, 15417.9 MB
[runlim] sample:		119.9 time, 120.1 real, 15426.2 MB
[runlim] sample:		129.9 time, 130.1 real, 15444.5 MB
[runlim] sample:		139.9 time, 140.1 real, 15493.2 MB
[runlim] sample:		149.9 time, 150.1 real, 15632.9 MB
[runlim] sample:		159.9 time, 160.1 real, 15654.9 MB
[runlim] sample:		169.9 time, 170.1 real, 15655.1 MB
[runlim] sample:		179.9 time, 180.1 real, 15655.1 MB
[runlim] sample:		189.9 time, 190.1 real, 15655.1 MB
[runlim] sample:		199.9 time, 200.1 real, 19218.9 MB
[runlim] sample:		209.9 time, 210.1 real, 19218.9 MB
[runlim] sample:		219.9 time, 220.1 real, 15660.7 MB
[runlim] sample:		229.9 time, 230.1 real, 19230.0 MB
[runlim] sample:		239.9 time, 240.1 real, 20413.6 MB
[runlim] sample:		249.9 time, 250.1 real, 15666.5 MB
[runlim] sample:		259.9 time, 260.1 real, 15666.5 MB
[runlim] sample:		269.9 time, 270.1 real, 15667.6 MB
[runlim] sample:		279.9 time, 280.1 real, 15670.6 MB
[runlim] sample:		289.9 time, 290.1 real, 15765.3 MB
[runlim] sample:		299.9 time, 300.1 real, 15770.7 MB
[runlim] sample:		309.9 time, 310.1 real, 19348.3 MB
[runlim] sample:		319.9 time, 320.1 real, 20531.8 MB
[runlim] sample:		329.9 time, 330.1 real, 16638.8 MB
[runlim] sample:		339.9 time, 340.1 real, 18146.1 MB
[runlim] sample:		349.9 time, 350.1 real, 15779.0 MB
[runlim] sample:		359.9 time, 360.1 real, 15783.6 MB
[runlim] sample:		369.9 time, 370.1 real, 15811.0 MB
[runlim] sample:		379.9 time, 380.1 real, 15811.0 MB
[runlim] sample:		389.9 time, 390.1 real, 15811.0 MB
[runlim] sample:		399.9 time, 400.1 real, 15811.0 MB
[runlim] sample:		409.9 time, 410.1 real, 15811.0 MB
[runlim] sample:		419.9 time, 420.1 real, 15811.0 MB
[runlim] sample:		429.9 time, 430.1 real, 15811.0 MB
[runlim] sample:		439.9 time, 440.1 real, 15811.0 MB
[runlim] sample:		449.9 time, 450.1 real, 15811.0 MB
[runlim] sample:		459.9 time, 460.1 real, 15811.0 MB
[runlim] sample:		469.9 time, 470.1 real, 15814.8 MB
[runlim] sample:		479.9 time, 480.1 real, 15814.8 MB
[runlim] sample:		489.9 time, 490.1 real, 15814.8 MB
[runlim] sample:		499.9 time, 500.1 real, 15814.8 MB
[runlim] sample:		509.9 time, 510.1 real, 19406.5 MB
[runlim] sample:		519.9 time, 520.1 real, 20590.3 MB
[runlim] sample:		529.9 time, 530.1 real, 15829.7 MB
[runlim] sample:		539.9 time, 540.1 real, 15829.7 MB
[runlim] sample:		549.9 time, 550.1 real, 15829.7 MB
[runlim] sample:		559.9 time, 560.1 real, 15830.2 MB
[runlim] sample:		569.9 time, 570.1 real, 15841.5 MB
[runlim] sample:		579.9 time, 580.1 real, 15841.5 MB
[runlim] sample:		589.9 time, 590.1 real, 19431.0 MB
[runlim] sample:		599.9 time, 600.1 real, 20489.5 MB
[runlim] sample:		609.9 time, 610.1 real, 15839.5 MB
c	Solving duration: 559898 ms
c	Answer: 
s SAT (w = 28)
c	Solution check:
p calculated antibandwidth = 28.
c
c
c Antibandwidth problem with w = 29 ( M-bcsstk06.mtx.rnd ):
c Initializing CaDiCaL (version 1.2.1).
c	Configuring CaDiCaL as --sat (1).
c Initializing a Naive-Reduced encoder with n = 420.
c Encoding starts with w = 29:
c	Encode symmetry breaking with option: f.
[runlim] sample:		619.9 time, 620.1 real, 11439.6 MB
[runlim] sample:		629.9 time, 630.1 real, 11842.7 MB
[runlim] sample:		639.8 time, 640.1 real, 12727.0 MB
c	Encoding duration: 34s
c	Number of clauses: 158386410
c	Number of irredundant clauses: 158039147
c	Number of variables: 176400
c SAT Solving starts:
[runlim] sample:		649.9 time, 650.1 real, 12773.0 MB
[runlim] sample:		659.8 time, 660.1 real, 12795.0 MB
[runlim] sample:		669.8 time, 670.1 real, 14542.4 MB
[runlim] sample:		679.8 time, 680.1 real, 16418.9 MB
[runlim] sample:		689.8 time, 690.1 real, 16418.9 MB
[runlim] sample:		699.8 time, 700.1 real, 17624.7 MB
[runlim] sample:		709.8 time, 710.1 real, 16419.1 MB
[runlim] sample:		719.8 time, 720.1 real, 16419.4 MB
[runlim] sample:		729.8 time, 730.1 real, 16420.4 MB
[runlim] sample:		739.8 time, 740.1 real, 16436.1 MB
[runlim] sample:		749.8 time, 750.1 real, 16439.8 MB
[runlim] sample:		759.8 time, 760.1 real, 16440.8 MB
[runlim] sample:		769.8 time, 770.1 real, 16440.8 MB
[runlim] sample:		779.8 time, 780.1 real, 16440.8 MB
[runlim] sample:		789.8 time, 790.1 real, 16621.2 MB
[runlim] sample:		799.8 time, 800.1 real, 20069.7 MB
[runlim] sample:		809.8 time, 810.1 real, 21275.5 MB
[runlim] sample:		819.8 time, 820.1 real, 20070.1 MB
[runlim] sample:		829.8 time, 830.1 real, 20083.9 MB
[runlim] sample:		839.8 time, 840.1 real, 21289.6 MB
[runlim] sample:		849.8 time, 850.1 real, 16455.2 MB
[runlim] sample:		859.8 time, 860.1 real, 16455.2 MB
[runlim] sample:		869.8 time, 870.1 real, 16455.2 MB
[runlim] sample:		879.8 time, 880.1 real, 16455.5 MB
[runlim] sample:		889.8 time, 890.1 real, 16455.7 MB
[runlim] sample:		899.8 time, 900.1 real, 16455.7 MB
[runlim] sample:		909.8 time, 910.1 real, 20097.1 MB
[runlim] sample:		919.8 time, 920.1 real, 21302.9 MB
[runlim] sample:		929.8 time, 930.1 real, 17099.6 MB
[runlim] sample:		939.8 time, 940.1 real, 18870.5 MB
[runlim] sample:		949.8 time, 950.1 real, 16459.0 MB
[runlim] sample:		959.8 time, 960.1 real, 16459.0 MB
[runlim] sample:		969.8 time, 970.1 real, 16465.7 MB
[runlim] sample:		979.8 time, 980.1 real, 16465.7 MB
[runlim] sample:		989.8 time, 990.1 real, 16465.7 MB
[runlim] sample:		999.8 time, 1000.1 real, 16465.7 MB
[runlim] sample:		1009.8 time, 1010.1 real, 16465.7 MB
[runlim] sample:		1019.8 time, 1020.1 real, 16465.7 MB
[runlim] sample:		1029.8 time, 1030.1 real, 16465.7 MB
[runlim] sample:		1039.8 time, 1040.1 real, 16465.7 MB
[runlim] sample:		1049.8 time, 1050.1 real, 16465.7 MB
[runlim] sample:		1059.8 time, 1060.1 real, 16465.7 MB
[runlim] sample:		1069.8 time, 1070.1 real, 16465.9 MB
[runlim] sample:		1079.8 time, 1080.1 real, 16465.9 MB
[runlim] sample:		1089.8 time, 1090.1 real, 16465.9 MB
[runlim] sample:		1099.8 time, 1100.1 real, 16465.9 MB
[runlim] sample:		1109.8 time, 1110.1 real, 20118.0 MB
[runlim] sample:		1119.8 time, 1120.1 real, 21323.8 MB
[runlim] sample:		1129.8 time, 1130.1 real, 16476.7 MB
[runlim] sample:		1139.8 time, 1140.1 real, 16476.7 MB
[runlim] sample:		1149.8 time, 1150.1 real, 16476.7 MB
[runlim] sample:		1159.8 time, 1160.1 real, 16476.7 MB
[runlim] sample:		1169.8 time, 1170.1 real, 16476.7 MB
[runlim] sample:		1179.8 time, 1180.1 real, 16476.7 MB
[runlim] sample:		1189.8 time, 1190.1 real, 19512.3 MB
[runlim] sample:		1199.8 time, 1200.1 real, 20127.7 MB
[runlim] sample:		1209.7 time, 1210.1 real, 21333.4 MB
c	Solving duration: 569367 ms
c	Answer: 
s SAT (w = 29)
c	Solution check:
p calculated antibandwidth = 29.
c
c
c Antibandwidth problem with w = 30 ( M-bcsstk06.mtx.rnd ):
c Initializing CaDiCaL (version 1.2.1).
c	Configuring CaDiCaL as --sat (1).
c Initializing a Naive-Reduced encoder with n = 420.
c Encoding starts with w = 30:
c	Encode symmetry breaking with option: f.
[runlim] sample:		1219.7 time, 1220.1 real, 11481.1 MB
[runlim] sample:		1229.7 time, 1230.1 real, 12015.1 MB
[runlim] sample:		1239.7 time, 1240.1 real, 12352.1 MB
[runlim] sample:		1249.7 time, 1250.1 real, 12946.3 MB
c	Encoding duration: 35s
c	Number of clauses: 161295450
c	Number of irredundant clauses: 160941540
c	Number of variables: 176400
c SAT Solving starts:
[runlim] sample:		1259.7 time, 1260.1 real, 13363.7 MB
[runlim] sample:		1269.7 time, 1270.1 real, 14060.1 MB
[runlim] sample:		1279.7 time, 1280.1 real, 16340.1 MB
[runlim] sample:		1289.7 time, 1290.1 real, 17058.3 MB
[runlim] sample:		1299.7 time, 1300.1 real, 18286.2 MB
[runlim] sample:		1309.7 time, 1310.1 real, 17058.5 MB
[runlim] sample:		1319.7 time, 1320.1 real, 17059.3 MB
[runlim] sample:		1329.7 time, 1330.1 real, 17060.6 MB
[runlim] sample:		1339.7 time, 1340.1 real, 17062.4 MB
[runlim] sample:		1349.7 time, 1350.1 real, 17088.9 MB
[runlim] sample:		1359.7 time, 1360.1 real, 17090.7 MB
[runlim] sample:		1369.7 time, 1370.1 real, 17097.2 MB
[runlim] sample:		1379.7 time, 1380.1 real, 17097.2 MB
[runlim] sample:		1389.7 time, 1390.1 real, 17097.2 MB
[runlim] sample:		1399.7 time, 1400.1 real, 17097.2 MB
[runlim] sample:		1409.7 time, 1410.1 real, 20792.3 MB
[runlim] sample:		1419.7 time, 1420.1 real, 22020.2 MB
[runlim] sample:		1429.7 time, 1430.1 real, 22020.2 MB
[runlim] sample:		1439.7 time, 1440.1 real, 20802.1 MB
[runlim] sample:		1449.7 time, 1450.1 real, 22030.1 MB
[runlim] sample:		1459.7 time, 1460.1 real, 22030.1 MB
[runlim] sample:		1469.7 time, 1470.1 real, 17107.1 MB
[runlim] sample:		1479.7 time, 1480.1 real, 17107.1 MB
[runlim] sample:		1489.7 time, 1490.1 real, 17107.1 MB
[runlim] sample:		1499.7 time, 1500.1 real, 17108.4 MB
[runlim] sample:		1509.7 time, 1510.1 real, 17109.2 MB
[runlim] sample:		1519.7 time, 1520.1 real, 17112.5 MB
[runlim] sample:		1529.7 time, 1530.1 real, 20821.0 MB
[runlim] sample:		1539.7 time, 1540.1 real, 20821.0 MB
[runlim] sample:		1549.7 time, 1550.1 real, 22048.8 MB
[runlim] sample:		1559.7 time, 1560.1 real, 19325.0 MB
[runlim] sample:		1569.7 time, 1570.1 real, 19606.8 MB
[runlim] sample:		1579.7 time, 1580.1 real, 17151.0 MB
[runlim] sample:		1589.7 time, 1590.1 real, 17151.0 MB
[runlim] sample:		1599.7 time, 1600.1 real, 17151.0 MB
[runlim] sample:		1609.7 time, 1610.1 real, 17151.0 MB
[runlim] sample:		1619.7 time, 1620.1 real, 17151.0 MB
[runlim] sample:		1629.7 time, 1630.1 real, 17151.0 MB
[runlim] sample:		1639.7 time, 1640.1 real, 17151.0 MB
[runlim] sample:		1649.7 time, 1650.1 real, 17151.0 MB
[runlim] sample:		1659.6 time, 1660.1 real, 17151.0 MB
[runlim] sample:		1669.6 time, 1670.1 real, 17151.0 MB
[runlim] sample:		1679.6 time, 1680.1 real, 17151.0 MB
[runlim] sample:		1689.6 time, 1690.1 real, 17151.0 MB
[runlim] sample:		1699.6 time, 1700.1 real, 17151.0 MB
[runlim] sample:		1709.6 time, 1710.1 real, 17151.0 MB
[runlim] sample:		1719.6 time, 1720.1 real, 17151.0 MB
[runlim] sample:		1729.6 time, 1730.1 real, 17628.5 MB
[runlim] sample:		1739.6 time, 1740.1 real, 20878.2 MB
[runlim] sample:		1749.6 time, 1750.1 real, 22106.2 MB
[runlim] sample:		1759.6 time, 1760.1 real, 22106.2 MB
[runlim] sample:		1769.6 time, 1770.1 real, 17170.1 MB
[runlim] sample:		1779.6 time, 1780.1 real, 17170.1 MB
[runlim] sample:		1789.6 time, 1790.1 real, 17170.1 MB
[runlim] sample:		1799.6 time, 1800.1 real, 17170.1 MB
c Signal interruption.
[runlim] end:			Fri Sep 27 03:19:26 2024
[runlim] status:		out of time
[runlim] result:		2
[runlim] children:		0
[runlim] real:			1800.61 seconds
[runlim] time:			1800.12 seconds
[runlim] space:			22106.2 MB
[runlim] samples:		18005
