[runlim] version:		1.10
[runlim] time limit:		1800 seconds
[runlim] real time limit:	1800 seconds
[runlim] space limit:		30000 MB
[runlim] argv[0]:		/home/truongxuanhieu/AntiBandwidthReconstruct/build/abw_enc
[runlim] argv[1]:		/home/truongxuanhieu/AntiBandwidthReconstruct/build/Benchmarks/M-bcsstk06.mtx.rnd
[runlim] argv[2]:		--ladder
[runlim] argv[3]:		-symetry-break
[runlim] argv[4]:		f
[runlim] start:			Wed Sep 25 13:06:18 2024
[runlim] main pid:		41265
[runlim] log captured:
c LadderEncoder 1.0.
c Symetry breaking in the first node.
c Solving strategy: from LB to UB.
c LB-w = 28 (LB in Sinnl - A note on computational approaches for the antibandwidth problem).
c UB-w = 72 (UB in Sinnl - A note on computational approaches for the antibandwidth problem).
c Antibandwidth problem with w = 28 ( M-bcsstk06.mtx.rnd ):
c Initializing CaDiCaL (version 1.2.1).
c	Configuring CaDiCaL as --sat (1).
c Initializing a Ladder encoder with n = 420.
c Encoding starts with w = 28:
c	Encode symmetry breaking with option: f.
c	Labels and Vertices aux var: 32760
c	Labels and Vertices constraints:  445200
c	Obj k aux var: 312060
c	Obj k constraints: 6961860
c	Obj k glue staircase constraints: 5680440
c	Encoding duration: 1s
c	Number of clauses: 7407270
c	Number of irredundant clauses: 7405051
c	Number of variables: 521220
c SAT Solving starts:
c	Solving duration: 1323 ms
c	Answer: 
s SAT (w = 28)
c	Solution check:
p calculated antibandwidth = 28.
c
c
c Antibandwidth problem with w = 29 ( M-bcsstk06.mtx.rnd ):
c Initializing CaDiCaL (version 1.2.1).
c	Configuring CaDiCaL as --sat (1).
c Initializing a Ladder encoder with n = 420.
c Encoding starts with w = 29:
c	Encode symmetry breaking with option: f.
c	Labels and Vertices aux var: 32760
c	Labels and Vertices constraints:  445200
c	Obj k aux var: 317520
c	Obj k constraints: 6974520
c	Obj k glue staircase constraints: 5676720
c	Encoding duration: 1s
c	Number of clauses: 7419930
c	Number of irredundant clauses: 7417767
c	Number of variables: 526680
c SAT Solving starts:
[runlim] sample:		10.0 time, 10.1 real, 976.5 MB
c	Solving duration: 8169 ms
c	Answer: 
s SAT (w = 29)
c	Solution check:
p calculated antibandwidth = 29.
c
c
c Antibandwidth problem with w = 30 ( M-bcsstk06.mtx.rnd ):
c Initializing CaDiCaL (version 1.2.1).
c	Configuring CaDiCaL as --sat (1).
c Initializing a Ladder encoder with n = 420.
c Encoding starts with w = 30:
c	Encode symmetry breaking with option: f.
c	Labels and Vertices aux var: 32760
c	Labels and Vertices constraints:  439320
c	Obj k aux var: 311640
c	Obj k constraints: 6940740
c	Obj k glue staircase constraints: 5661840
c	Encoding duration: 1s
c	Number of clauses: 7380270
c	Number of irredundant clauses: 7378124
c	Number of variables: 520800
c SAT Solving starts:
[runlim] sample:		20.0 time, 20.1 real, 956.6 MB
c	Solving duration: 8561 ms
c	Answer: 
s SAT (w = 30)
c	Solution check:
p calculated antibandwidth = 30.
c
c
c Antibandwidth problem with w = 31 ( M-bcsstk06.mtx.rnd ):
c Initializing CaDiCaL (version 1.2.1).
c	Configuring CaDiCaL as --sat (1).
c Initializing a Ladder encoder with n = 420.
c Encoding starts with w = 31:
c	Encode symmetry breaking with option: f.
c	Labels and Vertices aux var: 32760
c	Labels and Vertices constraints:  439320
c	Obj k aux var: 316680
c	Obj k constraints: 6952140
c	Obj k glue staircase constraints: 5658120
c	Encoding duration: 1s
c	Number of clauses: 7391670
c	Number of irredundant clauses: 7389510
c	Number of variables: 525840
c SAT Solving starts:
[runlim] sample:		30.0 time, 30.1 real, 993.1 MB
[runlim] sample:		40.0 time, 40.1 real, 1012.8 MB
[runlim] sample:		50.0 time, 50.1 real, 1006.9 MB
[runlim] sample:		60.0 time, 60.1 real, 1029.5 MB
[runlim] sample:		70.0 time, 70.1 real, 1020.7 MB
[runlim] sample:		80.0 time, 80.1 real, 1025.5 MB
[runlim] sample:		90.0 time, 90.1 real, 1023.8 MB
[runlim] sample:		100.0 time, 100.1 real, 1062.4 MB
[runlim] sample:		110.0 time, 110.1 real, 1007.7 MB
[runlim] sample:		120.0 time, 120.1 real, 1046.7 MB
[runlim] sample:		130.0 time, 130.1 real, 1012.8 MB
[runlim] sample:		140.0 time, 140.1 real, 1209.8 MB
c	Solving duration: 122374 ms
c	Answer: 
s SAT (w = 31)
c	Solution check:
p calculated antibandwidth = 31.
c
c
c Antibandwidth problem with w = 32 ( M-bcsstk06.mtx.rnd ):
c Initializing CaDiCaL (version 1.2.1).
c	Configuring CaDiCaL as --sat (1).
c Initializing a Ladder encoder with n = 420.
c Encoding starts with w = 32:
c	Encode symmetry breaking with option: f.
[runlim] sample:		150.0 time, 150.1 real, 779.3 MB
c	Labels and Vertices aux var: 32760
c	Labels and Vertices constraints:  439320
c	Obj k aux var: 321720
c	Obj k constraints: 6951960
c	Obj k glue staircase constraints: 5643240
c	Encoding duration: 1s
c	Number of clauses: 7391490
c	Number of irredundant clauses: 7389317
c	Number of variables: 530880
c SAT Solving starts:
[runlim] sample:		160.0 time, 160.1 real, 1133.9 MB
[runlim] sample:		170.0 time, 170.1 real, 1046.3 MB
[runlim] sample:		180.0 time, 180.1 real, 1045.3 MB
[runlim] sample:		190.0 time, 190.1 real, 1016.1 MB
c	Solving duration: 41801 ms
c	Answer: 
s SAT (w = 32)
c	Solution check:
p calculated antibandwidth = 32.
c
c
c Antibandwidth problem with w = 33 ( M-bcsstk06.mtx.rnd ):
c Initializing CaDiCaL (version 1.2.1).
c	Configuring CaDiCaL as --sat (1).
c Initializing a Ladder encoder with n = 420.
c Encoding starts with w = 33:
c	Encode symmetry breaking with option: f.
c	Labels and Vertices aux var: 32760
c	Labels and Vertices constraints:  433860
c	Obj k aux var: 314160
c	Obj k constraints: 6924720
c	Obj k glue staircase constraints: 5639520
c	Encoding duration: 1s
c	Number of clauses: 7358790
c	Number of irredundant clauses: 7356778
c	Number of variables: 523320
c SAT Solving starts:
[runlim] sample:		200.0 time, 200.1 real, 1029.3 MB
[runlim] sample:		210.0 time, 210.1 real, 1213.2 MB
[runlim] sample:		220.0 time, 220.1 real, 1043.5 MB
[runlim] sample:		230.0 time, 230.1 real, 1002.9 MB
[runlim] sample:		240.0 time, 240.1 real, 1004.1 MB
[runlim] sample:		250.0 time, 250.1 real, 1006.7 MB
[runlim] sample:		260.0 time, 260.1 real, 1018.8 MB
[runlim] sample:		270.0 time, 270.1 real, 1005.6 MB
[runlim] sample:		280.0 time, 280.1 real, 1017.5 MB
[runlim] sample:		290.0 time, 290.1 real, 1067.1 MB
[runlim] sample:		300.0 time, 300.1 real, 1111.7 MB
c	Solving duration: 114999 ms
c	Answer: 
s SAT (w = 33)
c	Solution check:
p calculated antibandwidth = 33.
c
c
c Antibandwidth problem with w = 34 ( M-bcsstk06.mtx.rnd ):
c Initializing CaDiCaL (version 1.2.1).
c	Configuring CaDiCaL as --sat (1).
c Initializing a Ladder encoder with n = 420.
c Encoding starts with w = 34:
c	Encode symmetry breaking with option: f.
[runlim] sample:		310.0 time, 310.1 real, 788.0 MB
c	Labels and Vertices aux var: 32760
c	Labels and Vertices constraints:  433860
c	Obj k aux var: 318780
c	Obj k constraints: 6923280
c	Obj k glue staircase constraints: 5624640
c	Encoding duration: 1s
c	Number of clauses: 7357350
c	Number of irredundant clauses: 7355326
c	Number of variables: 527940
c SAT Solving starts:
[runlim] sample:		320.0 time, 320.1 real, 1182.0 MB
[runlim] sample:		330.0 time, 330.1 real, 1041.8 MB
[runlim] sample:		340.0 time, 340.1 real, 1041.3 MB
[runlim] sample:		350.0 time, 350.1 real, 1044.4 MB
[runlim] sample:		360.0 time, 360.1 real, 1054.7 MB
[runlim] sample:		370.0 time, 370.1 real, 1067.4 MB
[runlim] sample:		380.0 time, 380.1 real, 1056.5 MB
[runlim] sample:		390.0 time, 390.1 real, 1057.4 MB
[runlim] sample:		400.0 time, 400.1 real, 1056.6 MB
[runlim] sample:		410.0 time, 410.1 real, 1056.9 MB
[runlim] sample:		420.0 time, 420.1 real, 1027.0 MB
[runlim] sample:		430.0 time, 430.1 real, 1052.4 MB
[runlim] sample:		440.0 time, 440.1 real, 1014.8 MB
[runlim] sample:		450.0 time, 450.1 real, 1013.4 MB
[runlim] sample:		460.0 time, 460.1 real, 1017.7 MB
[runlim] sample:		469.9 time, 470.1 real, 1026.3 MB
[runlim] sample:		479.9 time, 480.1 real, 970.7 MB
[runlim] sample:		489.9 time, 490.1 real, 973.6 MB
[runlim] sample:		499.9 time, 500.1 real, 1031.1 MB
[runlim] sample:		510.0 time, 510.1 real, 1010.7 MB
[runlim] sample:		520.0 time, 520.1 real, 1025.3 MB
[runlim] sample:		530.0 time, 530.1 real, 1023.1 MB
[runlim] sample:		540.0 time, 540.1 real, 1173.0 MB
[runlim] sample:		550.0 time, 550.1 real, 1028.0 MB
[runlim] sample:		560.0 time, 560.1 real, 1028.0 MB
[runlim] sample:		570.0 time, 570.1 real, 1032.9 MB
[runlim] sample:		579.9 time, 580.1 real, 1045.4 MB
[runlim] sample:		589.9 time, 590.1 real, 1005.7 MB
[runlim] sample:		599.9 time, 600.1 real, 1007.2 MB
[runlim] sample:		609.9 time, 610.1 real, 1098.4 MB
[runlim] sample:		619.9 time, 620.1 real, 1175.4 MB
[runlim] sample:		629.9 time, 630.1 real, 990.7 MB
[runlim] sample:		639.9 time, 640.1 real, 1036.8 MB
[runlim] sample:		649.9 time, 650.1 real, 1031.7 MB
c	Solving duration: 344088 ms
c	Answer: 
s SAT (w = 34)
c	Solution check:
p calculated antibandwidth = 34.
c
c
c Antibandwidth problem with w = 35 ( M-bcsstk06.mtx.rnd ):
c Initializing CaDiCaL (version 1.2.1).
c	Configuring CaDiCaL as --sat (1).
c Initializing a Ladder encoder with n = 420.
c Encoding starts with w = 35:
c	Encode symmetry breaking with option: f.
c	Labels and Vertices aux var: 32760
c	Labels and Vertices constraints:  428820
c	Obj k aux var: 309960
c	Obj k constraints: 6880680
c	Obj k glue staircase constraints: 5609760
c	Encoding duration: 1s
c	Number of clauses: 7309710
c	Number of irredundant clauses: 7307710
c	Number of variables: 519120
c SAT Solving starts:
[runlim] sample:		659.9 time, 660.1 real, 1119.7 MB
[runlim] sample:		669.9 time, 670.1 real, 1029.2 MB
[runlim] sample:		679.9 time, 680.1 real, 1005.9 MB
[runlim] sample:		689.9 time, 690.1 real, 999.9 MB
[runlim] sample:		699.9 time, 700.1 real, 1001.0 MB
[runlim] sample:		709.9 time, 710.1 real, 1001.7 MB
[runlim] sample:		719.9 time, 720.1 real, 1198.7 MB
[runlim] sample:		729.9 time, 730.1 real, 1043.4 MB
[runlim] sample:		739.9 time, 740.1 real, 1044.4 MB
[runlim] sample:		749.9 time, 750.1 real, 957.1 MB
[runlim] sample:		759.9 time, 760.1 real, 1007.3 MB
[runlim] sample:		769.9 time, 770.1 real, 1075.3 MB
[runlim] sample:		779.9 time, 780.1 real, 994.0 MB
[runlim] sample:		789.9 time, 790.1 real, 997.4 MB
[runlim] sample:		799.9 time, 800.1 real, 1223.4 MB
[runlim] sample:		809.9 time, 810.1 real, 1050.3 MB
[runlim] sample:		819.9 time, 820.1 real, 1013.3 MB
[runlim] sample:		829.9 time, 830.1 real, 959.7 MB
[runlim] sample:		839.9 time, 840.1 real, 1009.2 MB
[runlim] sample:		849.9 time, 850.1 real, 1186.5 MB
[runlim] sample:		859.9 time, 860.1 real, 1013.1 MB
[runlim] sample:		869.9 time, 870.1 real, 1014.7 MB
[runlim] sample:		879.9 time, 880.1 real, 966.5 MB
[runlim] sample:		889.9 time, 890.1 real, 999.3 MB
[runlim] sample:		899.9 time, 900.1 real, 1002.7 MB
[runlim] sample:		909.9 time, 910.1 real, 1187.0 MB
[runlim] sample:		919.9 time, 920.1 real, 1004.7 MB
[runlim] sample:		929.9 time, 930.1 real, 1020.0 MB
[runlim] sample:		939.9 time, 940.1 real, 1167.1 MB
[runlim] sample:		949.9 time, 950.1 real, 970.3 MB
[runlim] sample:		959.9 time, 960.1 real, 967.2 MB
[runlim] sample:		969.9 time, 970.1 real, 1040.7 MB
[runlim] sample:		979.9 time, 980.1 real, 1022.1 MB
[runlim] sample:		989.9 time, 990.1 real, 1030.9 MB
[runlim] sample:		999.9 time, 1000.1 real, 1020.0 MB
[runlim] sample:		1009.9 time, 1010.1 real, 1060.7 MB
[runlim] sample:		1019.9 time, 1020.1 real, 1060.3 MB
[runlim] sample:		1029.9 time, 1030.1 real, 1019.6 MB
[runlim] sample:		1039.9 time, 1040.1 real, 1015.4 MB
[runlim] sample:		1049.9 time, 1050.1 real, 1024.5 MB
[runlim] sample:		1059.9 time, 1060.1 real, 1223.4 MB
[runlim] sample:		1069.9 time, 1070.1 real, 1030.6 MB
[runlim] sample:		1079.9 time, 1080.1 real, 1020.5 MB
[runlim] sample:		1089.9 time, 1090.1 real, 1029.8 MB
[runlim] sample:		1099.9 time, 1100.1 real, 1047.7 MB
[runlim] sample:		1109.9 time, 1110.1 real, 1047.7 MB
[runlim] sample:		1119.9 time, 1120.1 real, 1031.1 MB
[runlim] sample:		1129.9 time, 1130.1 real, 1054.6 MB
[runlim] sample:		1139.9 time, 1140.1 real, 1031.8 MB
[runlim] sample:		1149.9 time, 1150.1 real, 1028.3 MB
[runlim] sample:		1159.9 time, 1160.1 real, 1024.7 MB
[runlim] sample:		1169.9 time, 1170.1 real, 1221.6 MB
[runlim] sample:		1179.9 time, 1180.1 real, 1025.4 MB
[runlim] sample:		1189.9 time, 1190.1 real, 1014.4 MB
[runlim] sample:		1199.9 time, 1200.1 real, 1053.8 MB
[runlim] sample:		1209.9 time, 1210.1 real, 1268.8 MB
[runlim] sample:		1219.9 time, 1220.1 real, 1021.7 MB
[runlim] sample:		1229.9 time, 1230.1 real, 1037.6 MB
[runlim] sample:		1239.9 time, 1240.1 real, 1033.4 MB
[runlim] sample:		1249.9 time, 1250.1 real, 1047.2 MB
[runlim] sample:		1259.9 time, 1260.1 real, 1247.7 MB
[runlim] sample:		1269.9 time, 1270.1 real, 1038.3 MB
[runlim] sample:		1279.9 time, 1280.1 real, 1055.0 MB
[runlim] sample:		1289.9 time, 1290.1 real, 1028.4 MB
[runlim] sample:		1299.9 time, 1300.1 real, 1328.5 MB
[runlim] sample:		1309.9 time, 1310.1 real, 1076.2 MB
[runlim] sample:		1319.9 time, 1320.1 real, 1055.8 MB
[runlim] sample:		1329.9 time, 1330.1 real, 1055.8 MB
[runlim] sample:		1339.9 time, 1340.1 real, 1060.3 MB
[runlim] sample:		1349.9 time, 1350.1 real, 1060.2 MB
[runlim] sample:		1359.9 time, 1360.1 real, 1060.2 MB
[runlim] sample:		1369.9 time, 1370.1 real, 1052.1 MB
[runlim] sample:		1379.9 time, 1380.1 real, 1064.1 MB
[runlim] sample:		1389.9 time, 1390.1 real, 1025.3 MB
[runlim] sample:		1399.9 time, 1400.1 real, 1016.7 MB
[runlim] sample:		1409.9 time, 1410.1 real, 1016.4 MB
[runlim] sample:		1419.9 time, 1420.1 real, 1074.4 MB
[runlim] sample:		1429.9 time, 1430.1 real, 1199.7 MB
[runlim] sample:		1439.9 time, 1440.1 real, 1028.5 MB
[runlim] sample:		1449.9 time, 1450.1 real, 1038.4 MB
[runlim] sample:		1459.9 time, 1460.1 real, 1049.6 MB
[runlim] sample:		1469.9 time, 1470.1 real, 1049.6 MB
[runlim] sample:		1479.9 time, 1480.1 real, 1039.3 MB
[runlim] sample:		1489.9 time, 1490.1 real, 1054.3 MB
[runlim] sample:		1499.9 time, 1500.1 real, 1033.1 MB
[runlim] sample:		1509.9 time, 1510.1 real, 1059.1 MB
[runlim] sample:		1519.9 time, 1520.1 real, 1059.1 MB
[runlim] sample:		1529.9 time, 1530.1 real, 1045.4 MB
[runlim] sample:		1539.9 time, 1540.1 real, 1045.4 MB
[runlim] sample:		1549.9 time, 1550.1 real, 1052.5 MB
[runlim] sample:		1559.9 time, 1560.1 real, 1068.8 MB
[runlim] sample:		1569.9 time, 1570.1 real, 1068.8 MB
[runlim] sample:		1579.9 time, 1580.1 real, 1063.7 MB
[runlim] sample:		1589.9 time, 1590.1 real, 1063.7 MB
[runlim] sample:		1599.9 time, 1600.1 real, 1058.9 MB
[runlim] sample:		1609.9 time, 1610.1 real, 1053.3 MB
[runlim] sample:		1619.9 time, 1620.1 real, 1012.6 MB
[runlim] sample:		1629.9 time, 1630.1 real, 1042.1 MB
[runlim] sample:		1639.9 time, 1640.1 real, 1042.1 MB
[runlim] sample:		1649.9 time, 1650.1 real, 1050.3 MB
[runlim] sample:		1659.9 time, 1660.1 real, 1076.8 MB
[runlim] sample:		1669.9 time, 1670.1 real, 1085.3 MB
[runlim] sample:		1679.9 time, 1680.1 real, 1085.3 MB
[runlim] sample:		1689.9 time, 1690.1 real, 1083.1 MB
[runlim] sample:		1699.9 time, 1700.1 real, 1045.3 MB
[runlim] sample:		1709.9 time, 1710.1 real, 1118.5 MB
[runlim] sample:		1719.9 time, 1720.1 real, 1055.8 MB
[runlim] sample:		1729.9 time, 1730.1 real, 1055.8 MB
[runlim] sample:		1739.9 time, 1740.1 real, 1061.7 MB
[runlim] sample:		1749.9 time, 1750.1 real, 1061.7 MB
[runlim] sample:		1759.9 time, 1760.1 real, 1081.6 MB
[runlim] sample:		1769.9 time, 1770.1 real, 1053.9 MB
[runlim] sample:		1779.9 time, 1780.1 real, 1053.9 MB
[runlim] sample:		1789.9 time, 1790.1 real, 1103.0 MB
[runlim] sample:		1799.9 time, 1800.1 real, 1103.0 MB
c Signal interruption.
[runlim] end:			Wed Sep 25 13:36:18 2024
[runlim] status:		out of time
[runlim] result:		2
[runlim] children:		0
[runlim] real:			1800.08 seconds
[runlim] time:			1799.86 seconds
[runlim] space:			1397.6 MB
[runlim] samples:		18000
