[runlim] version:		1.10
[runlim] time limit:		1800 seconds
[runlim] real time limit:	1800 seconds
[runlim] space limit:		30000 MB
[runlim] argv[0]:		/home/truongxuanhieu/AntiBandwidthReconstruct/build/abw_enc
[runlim] argv[1]:		/home/truongxuanhieu/AntiBandwidthReconstruct/build/BenchmarkAdd/M-bcsstk06.mtx.rnd
[runlim] argv[2]:		--duplex
[runlim] argv[3]:		-symetry-break
[runlim] argv[4]:		f
[runlim] start:			Fri Sep 27 10:49:05 2024
[runlim] main pid:		77074
[runlim] log captured:
c LadderEncoder 1.0.
c Symetry breaking in the first node.
c Solving strategy: from LB to UB.
c LB-w = 28 (LB in Sinnl - A note on computational approaches for the antibandwidth problem).
c UB-w = 72 (UB in Sinnl - A note on computational approaches for the antibandwidth problem).
c Antibandwidth problem with w = 28 ( M-bcsstk06.mtx.rnd ):
c Initializing CaDiCaL (version 1.2.1).
c	Configuring CaDiCaL as --sat (1).
c Initializing a Duplex encoder with n = 420.
c Encoding starts with w = 28:
c	Encode symmetry breaking with option: f.
c	Labels and Vertices aux var: 32760
c	Labels and Vertices constraints:  445200
c	Obj k aux var: 635040
c	Obj k constraints: 7760700
c	Obj k glue staircase constraints: 5680440
c	Encoding duration: 2s
c	Number of clauses: 8206110
c	Number of irredundant clauses: 7867367
c	Number of variables: 844200
c SAT Solving starts:
c	Solving duration: 5563 ms
c	Answer: 
s SAT (w = 28)
c	Solution check:
p calculated antibandwidth = 28.
c
c
c Antibandwidth problem with w = 29 ( M-bcsstk06.mtx.rnd ):
c Initializing CaDiCaL (version 1.2.1).
c	Configuring CaDiCaL as --sat (1).
c Initializing a Duplex encoder with n = 420.
c Encoding starts with w = 29:
c	Encode symmetry breaking with option: f.
[runlim] sample:		10.0 time, 10.0 real, 861.6 MB
c	Labels and Vertices aux var: 32760
c	Labels and Vertices constraints:  445200
c	Obj k aux var: 645960
c	Obj k constraints: 7788420
c	Obj k glue staircase constraints: 5680440
c	Encoding duration: 1s
c	Number of clauses: 8233830
c	Number of irredundant clauses: 7894872
c	Number of variables: 855120
c SAT Solving starts:
[runlim] sample:		20.0 time, 20.0 real, 1182.8 MB
c	Solving duration: 13947 ms
c	Answer: 
s SAT (w = 29)
c	Solution check:
p calculated antibandwidth = 29.
c
c
c Antibandwidth problem with w = 30 ( M-bcsstk06.mtx.rnd ):
c Initializing CaDiCaL (version 1.2.1).
c	Configuring CaDiCaL as --sat (1).
c Initializing a Duplex encoder with n = 420.
c Encoding starts with w = 30:
c	Encode symmetry breaking with option: f.
c	Labels and Vertices aux var: 32760
c	Labels and Vertices constraints:  439320
c	Obj k aux var: 633360
c	Obj k constraints: 7735380
c	Obj k glue staircase constraints: 5661840
c	Encoding duration: 1s
c	Number of clauses: 8174910
c	Number of irredundant clauses: 7836990
c	Number of variables: 842520
c SAT Solving starts:
[runlim] sample:		30.0 time, 30.0 real, 1137.3 MB
c	Solving duration: 12320 ms
c	Answer: 
s SAT (w = 30)
c	Solution check:
p calculated antibandwidth = 30.
c
c
c Antibandwidth problem with w = 31 ( M-bcsstk06.mtx.rnd ):
c Initializing CaDiCaL (version 1.2.1).
c	Configuring CaDiCaL as --sat (1).
c Initializing a Duplex encoder with n = 420.
c Encoding starts with w = 31:
c	Encode symmetry breaking with option: f.
[runlim] sample:		40.0 time, 40.0 real, 928.9 MB
c	Labels and Vertices aux var: 32760
c	Labels and Vertices constraints:  439320
c	Obj k aux var: 643440
c	Obj k constraints: 7761000
c	Obj k glue staircase constraints: 5661840
c	Encoding duration: 1s
c	Number of clauses: 8200530
c	Number of irredundant clauses: 7862364
c	Number of variables: 852600
c SAT Solving starts:
[runlim] sample:		50.0 time, 50.0 real, 1187.6 MB
[runlim] sample:		60.0 time, 60.0 real, 1187.6 MB
[runlim] sample:		70.0 time, 70.0 real, 1194.2 MB
[runlim] sample:		80.0 time, 80.0 real, 1156.7 MB
[runlim] sample:		90.0 time, 90.0 real, 1195.0 MB
[runlim] sample:		100.0 time, 100.0 real, 1152.4 MB
[runlim] sample:		110.0 time, 110.0 real, 1191.6 MB
c	Solving duration: 76155 ms
c	Answer: 
s SAT (w = 31)
c	Solution check:
p calculated antibandwidth = 31.
c
c
c Antibandwidth problem with w = 32 ( M-bcsstk06.mtx.rnd ):
c Initializing CaDiCaL (version 1.2.1).
c	Configuring CaDiCaL as --sat (1).
c Initializing a Duplex encoder with n = 420.
c Encoding starts with w = 32:
c	Encode symmetry breaking with option: f.
c	Labels and Vertices aux var: 32760
c	Labels and Vertices constraints:  439320
c	Obj k aux var: 653520
c	Obj k constraints: 7770060
c	Obj k glue staircase constraints: 5646960
c	Encoding duration: 1s
c	Number of clauses: 8209590
c	Number of irredundant clauses: 7872505
c	Number of variables: 862680
c SAT Solving starts:
[runlim] sample:		120.0 time, 120.0 real, 1030.9 MB
[runlim] sample:		130.0 time, 130.0 real, 1215.0 MB
[runlim] sample:		140.0 time, 140.0 real, 1242.8 MB
[runlim] sample:		150.0 time, 150.0 real, 1214.2 MB
[runlim] sample:		160.0 time, 160.0 real, 1215.4 MB
[runlim] sample:		170.0 time, 170.0 real, 1216.8 MB
[runlim] sample:		180.0 time, 180.0 real, 1217.4 MB
[runlim] sample:		190.0 time, 190.0 real, 1169.7 MB
c	Solving duration: 71337 ms
c	Answer: 
s SAT (w = 32)
c	Solution check:
p calculated antibandwidth = 32.
c
c
c Antibandwidth problem with w = 33 ( M-bcsstk06.mtx.rnd ):
c Initializing CaDiCaL (version 1.2.1).
c	Configuring CaDiCaL as --sat (1).
c Initializing a Duplex encoder with n = 420.
c Encoding starts with w = 33:
c	Encode symmetry breaking with option: f.
c	Labels and Vertices aux var: 32760
c	Labels and Vertices constraints:  433860
c	Obj k aux var: 637560
c	Obj k constraints: 7725180
c	Obj k glue staircase constraints: 5643240
c	Encoding duration: 1s
c	Number of clauses: 8159250
c	Number of irredundant clauses: 7822913
c	Number of variables: 846720
c SAT Solving starts:
[runlim] sample:		200.0 time, 200.0 real, 1091.5 MB
[runlim] sample:		210.0 time, 210.0 real, 1156.2 MB
[runlim] sample:		220.0 time, 220.0 real, 1153.4 MB
[runlim] sample:		230.0 time, 230.0 real, 1153.9 MB
[runlim] sample:		240.0 time, 240.0 real, 1153.9 MB
[runlim] sample:		250.0 time, 250.0 real, 1167.4 MB
[runlim] sample:		260.0 time, 260.0 real, 1143.8 MB
[runlim] sample:		270.0 time, 270.0 real, 1143.3 MB
[runlim] sample:		280.0 time, 280.0 real, 1155.3 MB
[runlim] sample:		290.0 time, 290.0 real, 1158.4 MB
[runlim] sample:		300.0 time, 300.0 real, 1158.0 MB
[runlim] sample:		310.0 time, 310.0 real, 1162.2 MB
[runlim] sample:		320.0 time, 320.0 real, 1157.2 MB
[runlim] sample:		330.0 time, 330.0 real, 1179.5 MB
[runlim] sample:		340.0 time, 340.0 real, 1169.8 MB
c	Solving duration: 149611 ms
c	Answer: 
s SAT (w = 33)
c	Solution check:
p calculated antibandwidth = 33.
c
c
c Antibandwidth problem with w = 34 ( M-bcsstk06.mtx.rnd ):
c Initializing CaDiCaL (version 1.2.1).
c	Configuring CaDiCaL as --sat (1).
c Initializing a Duplex encoder with n = 420.
c Encoding starts with w = 34:
c	Encode symmetry breaking with option: f.
c	Labels and Vertices aux var: 32760
c	Labels and Vertices constraints:  433860
c	Obj k aux var: 646800
c	Obj k constraints: 7732140
c	Obj k glue staircase constraints: 5628360
c	Encoding duration: 1s
c	Number of clauses: 8166210
c	Number of irredundant clauses: 7830958
c	Number of variables: 855960
c SAT Solving starts:
[runlim] sample:		350.0 time, 350.0 real, 1111.9 MB
[runlim] sample:		360.0 time, 360.0 real, 1183.7 MB
[runlim] sample:		370.0 time, 370.0 real, 1204.1 MB
[runlim] sample:		380.0 time, 380.0 real, 1192.1 MB
[runlim] sample:		390.0 time, 390.0 real, 1191.1 MB
[runlim] sample:		399.9 time, 400.0 real, 1166.8 MB
[runlim] sample:		409.9 time, 410.0 real, 1191.2 MB
[runlim] sample:		419.9 time, 420.0 real, 1192.7 MB
[runlim] sample:		429.9 time, 430.0 real, 1371.7 MB
[runlim] sample:		439.9 time, 440.0 real, 1372.4 MB
[runlim] sample:		449.9 time, 450.0 real, 1193.8 MB
[runlim] sample:		459.9 time, 460.0 real, 1195.6 MB
[runlim] sample:		469.9 time, 470.0 real, 1195.8 MB
[runlim] sample:		479.9 time, 480.0 real, 1194.9 MB
[runlim] sample:		489.9 time, 490.0 real, 1196.0 MB
[runlim] sample:		499.9 time, 500.0 real, 1384.1 MB
[runlim] sample:		509.9 time, 510.0 real, 1203.9 MB
[runlim] sample:		519.9 time, 520.0 real, 1202.0 MB
[runlim] sample:		529.9 time, 530.0 real, 1202.6 MB
[runlim] sample:		539.9 time, 540.0 real, 1202.4 MB
[runlim] sample:		549.9 time, 550.0 real, 1202.4 MB
[runlim] sample:		559.9 time, 560.0 real, 1204.4 MB
[runlim] sample:		569.9 time, 570.0 real, 1203.4 MB
[runlim] sample:		579.9 time, 580.0 real, 1207.9 MB
[runlim] sample:		589.9 time, 590.0 real, 1393.5 MB
[runlim] sample:		599.9 time, 600.0 real, 1203.2 MB
[runlim] sample:		609.9 time, 610.0 real, 1206.4 MB
[runlim] sample:		619.9 time, 620.0 real, 1206.4 MB
[runlim] sample:		629.9 time, 630.0 real, 1399.4 MB
[runlim] sample:		639.9 time, 640.0 real, 1217.3 MB
[runlim] sample:		649.9 time, 650.0 real, 1210.7 MB
[runlim] sample:		659.9 time, 660.0 real, 1212.7 MB
[runlim] sample:		669.9 time, 670.0 real, 1212.3 MB
[runlim] sample:		679.9 time, 680.0 real, 1210.5 MB
[runlim] sample:		689.9 time, 690.0 real, 1216.9 MB
[runlim] sample:		699.9 time, 700.0 real, 1166.1 MB
[runlim] sample:		709.9 time, 710.0 real, 1190.0 MB
c	Solving duration: 374188 ms
c	Answer: 
s SAT (w = 34)
c	Solution check:
p calculated antibandwidth = 34.
c
c
c Antibandwidth problem with w = 35 ( M-bcsstk06.mtx.rnd ):
c Initializing CaDiCaL (version 1.2.1).
c	Configuring CaDiCaL as --sat (1).
c Initializing a Duplex encoder with n = 420.
c Encoding starts with w = 35:
c	Encode symmetry breaking with option: f.
[runlim] sample:		719.9 time, 720.0 real, 910.6 MB
c	Labels and Vertices aux var: 32760
c	Labels and Vertices constraints:  428820
c	Obj k aux var: 628320
c	Obj k constraints: 7664400
c	Obj k glue staircase constraints: 5609760
c	Encoding duration: 1s
c	Number of clauses: 8093430
c	Number of irredundant clauses: 7759021
c	Number of variables: 837480
c SAT Solving starts:
[runlim] sample:		729.9 time, 730.0 real, 1168.4 MB
[runlim] sample:		739.9 time, 740.0 real, 1170.5 MB
[runlim] sample:		749.9 time, 750.0 real, 1162.8 MB
[runlim] sample:		759.9 time, 760.0 real, 1163.6 MB
[runlim] sample:		769.9 time, 770.0 real, 1164.2 MB
[runlim] sample:		779.9 time, 780.0 real, 1152.6 MB
[runlim] sample:		789.9 time, 790.0 real, 1152.4 MB
[runlim] sample:		799.9 time, 800.0 real, 1158.9 MB
[runlim] sample:		809.9 time, 810.0 real, 1171.1 MB
[runlim] sample:		819.9 time, 820.0 real, 1171.1 MB
[runlim] sample:		829.9 time, 830.0 real, 1172.6 MB
[runlim] sample:		839.9 time, 840.0 real, 1130.6 MB
[runlim] sample:		849.9 time, 850.0 real, 1153.7 MB
[runlim] sample:		859.9 time, 860.0 real, 1162.6 MB
[runlim] sample:		869.9 time, 870.0 real, 1136.4 MB
[runlim] sample:		879.9 time, 880.0 real, 1177.0 MB
[runlim] sample:		889.9 time, 890.0 real, 1178.8 MB
[runlim] sample:		899.9 time, 900.0 real, 1179.1 MB
[runlim] sample:		909.9 time, 910.0 real, 1179.2 MB
[runlim] sample:		919.9 time, 920.0 real, 1181.1 MB
[runlim] sample:		929.9 time, 930.0 real, 1184.5 MB
[runlim] sample:		939.9 time, 940.0 real, 1181.0 MB
[runlim] sample:		949.9 time, 950.0 real, 1211.5 MB
[runlim] sample:		959.9 time, 960.0 real, 1211.5 MB
[runlim] sample:		969.9 time, 970.0 real, 1149.2 MB
[runlim] sample:		979.9 time, 980.0 real, 1183.6 MB
[runlim] sample:		989.9 time, 990.0 real, 1183.6 MB
[runlim] sample:		999.9 time, 1000.0 real, 1141.9 MB
[runlim] sample:		1009.9 time, 1010.0 real, 1188.1 MB
[runlim] sample:		1019.9 time, 1020.0 real, 1186.9 MB
[runlim] sample:		1029.9 time, 1030.0 real, 1190.6 MB
[runlim] sample:		1039.9 time, 1040.0 real, 1142.7 MB
[runlim] sample:		1049.9 time, 1050.0 real, 1144.2 MB
[runlim] sample:		1059.9 time, 1060.0 real, 1141.5 MB
[runlim] sample:		1069.9 time, 1070.0 real, 1164.6 MB
[runlim] sample:		1079.9 time, 1080.0 real, 1193.7 MB
[runlim] sample:		1089.9 time, 1090.0 real, 1197.4 MB
[runlim] sample:		1099.9 time, 1100.0 real, 1197.2 MB
[runlim] sample:		1109.9 time, 1110.0 real, 1197.2 MB
[runlim] sample:		1119.9 time, 1120.0 real, 1145.4 MB
[runlim] sample:		1129.9 time, 1130.0 real, 1350.6 MB
[runlim] sample:		1139.9 time, 1140.0 real, 1201.7 MB
[runlim] sample:		1149.9 time, 1150.0 real, 1203.0 MB
[runlim] sample:		1159.9 time, 1160.0 real, 1203.0 MB
[runlim] sample:		1169.9 time, 1170.0 real, 1203.0 MB
[runlim] sample:		1179.9 time, 1180.0 real, 1467.0 MB
[runlim] sample:		1189.9 time, 1190.0 real, 1676.5 MB
[runlim] sample:		1199.9 time, 1200.0 real, 1206.2 MB
[runlim] sample:		1209.9 time, 1210.0 real, 1213.6 MB
[runlim] sample:		1219.9 time, 1220.0 real, 1213.6 MB
[runlim] sample:		1229.9 time, 1230.0 real, 1194.1 MB
[runlim] sample:		1239.9 time, 1240.0 real, 1193.9 MB
[runlim] sample:		1249.9 time, 1250.0 real, 1193.9 MB
[runlim] sample:		1259.9 time, 1260.0 real, 1198.0 MB
[runlim] sample:		1269.9 time, 1270.0 real, 1205.2 MB
[runlim] sample:		1279.9 time, 1280.0 real, 1205.2 MB
[runlim] sample:		1289.9 time, 1290.0 real, 1237.3 MB
[runlim] sample:		1299.9 time, 1300.0 real, 1203.4 MB
[runlim] sample:		1309.9 time, 1310.0 real, 1196.6 MB
[runlim] sample:		1319.9 time, 1320.0 real, 1196.6 MB
[runlim] sample:		1329.9 time, 1330.0 real, 1174.2 MB
[runlim] sample:		1339.9 time, 1340.0 real, 1197.9 MB
[runlim] sample:		1349.9 time, 1350.0 real, 1171.7 MB
[runlim] sample:		1359.9 time, 1360.0 real, 1171.7 MB
[runlim] sample:		1369.9 time, 1370.0 real, 1211.6 MB
[runlim] sample:		1379.9 time, 1380.0 real, 1180.0 MB
[runlim] sample:		1389.9 time, 1390.0 real, 1180.0 MB
[runlim] sample:		1399.9 time, 1400.0 real, 1171.1 MB
[runlim] sample:		1409.9 time, 1410.0 real, 1187.6 MB
[runlim] sample:		1419.9 time, 1420.0 real, 1186.9 MB
[runlim] sample:		1429.8 time, 1430.0 real, 1198.7 MB
[runlim] sample:		1439.9 time, 1440.0 real, 1194.8 MB
[runlim] sample:		1449.9 time, 1450.0 real, 1191.1 MB
[runlim] sample:		1459.9 time, 1460.0 real, 1191.1 MB
[runlim] sample:		1469.9 time, 1470.0 real, 1210.8 MB
[runlim] sample:		1479.9 time, 1480.0 real, 1210.8 MB
[runlim] sample:		1489.8 time, 1490.0 real, 1233.5 MB
[runlim] sample:		1499.8 time, 1500.0 real, 1233.5 MB
[runlim] sample:		1509.8 time, 1510.0 real, 1255.3 MB
[runlim] sample:		1519.8 time, 1520.0 real, 1255.3 MB
[runlim] sample:		1529.8 time, 1530.0 real, 1162.8 MB
[runlim] sample:		1539.8 time, 1540.0 real, 1162.8 MB
[runlim] sample:		1549.8 time, 1550.0 real, 1363.3 MB
[runlim] sample:		1559.8 time, 1560.0 real, 1160.9 MB
[runlim] sample:		1569.8 time, 1570.0 real, 1145.6 MB
[runlim] sample:		1579.8 time, 1580.0 real, 1145.6 MB
[runlim] sample:		1589.8 time, 1590.0 real, 1143.1 MB
[runlim] sample:		1599.8 time, 1600.0 real, 1149.5 MB
[runlim] sample:		1609.8 time, 1610.0 real, 1368.7 MB
[runlim] sample:		1619.8 time, 1620.0 real, 1174.2 MB
[runlim] sample:		1629.8 time, 1630.0 real, 1158.4 MB
[runlim] sample:		1639.8 time, 1640.0 real, 1158.4 MB
[runlim] sample:		1649.8 time, 1650.0 real, 1168.5 MB
[runlim] sample:		1659.8 time, 1660.0 real, 1168.3 MB
[runlim] sample:		1669.8 time, 1670.0 real, 1168.3 MB
[runlim] sample:		1679.8 time, 1680.0 real, 1168.3 MB
[runlim] sample:		1689.8 time, 1690.0 real, 1154.1 MB
[runlim] sample:		1699.8 time, 1700.0 real, 1168.4 MB
[runlim] sample:		1709.8 time, 1710.0 real, 1168.4 MB
[runlim] sample:		1719.8 time, 1720.0 real, 1181.2 MB
[runlim] sample:		1729.8 time, 1730.0 real, 1219.0 MB
[runlim] sample:		1739.8 time, 1740.0 real, 1221.0 MB
[runlim] sample:		1749.8 time, 1750.0 real, 1221.0 MB
[runlim] sample:		1759.8 time, 1760.0 real, 1220.4 MB
[runlim] sample:		1769.8 time, 1770.0 real, 1197.0 MB
[runlim] sample:		1779.8 time, 1780.0 real, 1197.0 MB
[runlim] sample:		1789.8 time, 1790.0 real, 1190.9 MB
[runlim] sample:		1799.8 time, 1800.0 real, 1227.9 MB
c Signal interruption.
[runlim] end:			Fri Sep 27 11:19:05 2024
[runlim] status:		out of time
[runlim] result:		2
[runlim] children:		0
[runlim] real:			1800.07 seconds
[runlim] time:			1799.84 seconds
[runlim] space:			1731.4 MB
[runlim] samples:		18000
