[runlim] version:		1.10
[runlim] time limit:		1800 seconds
[runlim] real time limit:	1800 seconds
[runlim] space limit:		30000 MB
[runlim] argv[0]:		/home/hvanh28/AntiBandwidthReconstruct/build/abw_enc
[runlim] argv[1]:		/home/hvanh28/AntiBandwidthReconstruct/build/Benchmarks/N-bcsstk07.mtx.rnd
[runlim] argv[2]:		--duplex
[runlim] argv[3]:		-symetry-break
[runlim] argv[4]:		f
[runlim] start:			Wed Sep 25 13:09:56 2024
[runlim] main pid:		80374
[runlim] log captured:
c LadderEncoder 1.0.
c Symetry breaking in the first node.
c Solving strategy: from LB to UB.
c LB-w = 28 (LB in Sinnl - A note on computational approaches for the antibandwidth problem).
c UB-w = 72 (UB in Sinnl - A note on computational approaches for the antibandwidth problem).
c Antibandwidth problem with w = 28 ( N-bcsstk07.mtx.rnd ):
c Initializing CaDiCaL (version 1.2.1).
c	Configuring CaDiCaL as --sat (1).
c Initializing a Duplex encoder with n = 420.
c Encoding starts with w = 28:
c	Encode symmetry breaking with option: f.
c	Labels and Vertices aux var: 32760
c	Labels and Vertices constraints:  445200
c	Obj k aux var: 635040
c	Obj k constraints: 7760700
c	Obj k glue staircase constraints: 5680440
c	Encoding duration: 3s
c	Number of clauses: 8206110
c	Number of irredundant clauses: 7867367
c	Number of variables: 844200
c SAT Solving starts:
[runlim] sample:		10.0 time, 10.3 real, 1073.3 MB
c	Solving duration: 7554 ms
c	Answer: 
s SAT (w = 28)
c	Solution check:
p calculated antibandwidth = 28.
c
c
c Antibandwidth problem with w = 29 ( N-bcsstk07.mtx.rnd ):
c Initializing CaDiCaL (version 1.2.1).
c	Configuring CaDiCaL as --sat (1).
c Initializing a Duplex encoder with n = 420.
c Encoding starts with w = 29:
c	Encode symmetry breaking with option: f.
c	Labels and Vertices aux var: 32760
c	Labels and Vertices constraints:  445200
c	Obj k aux var: 645960
c	Obj k constraints: 7788420
c	Obj k glue staircase constraints: 5680440
c	Encoding duration: 3s
c	Number of clauses: 8233830
c	Number of irredundant clauses: 7894872
c	Number of variables: 855120
c SAT Solving starts:
[runlim] sample:		20.0 time, 20.3 real, 1146.7 MB
[runlim] sample:		30.0 time, 30.3 real, 1184.9 MB
c	Solving duration: 18086 ms
c	Answer: 
s SAT (w = 29)
c	Solution check:
p calculated antibandwidth = 29.
c
c
c Antibandwidth problem with w = 30 ( N-bcsstk07.mtx.rnd ):
c Initializing CaDiCaL (version 1.2.1).
c	Configuring CaDiCaL as --sat (1).
c Initializing a Duplex encoder with n = 420.
c Encoding starts with w = 30:
c	Encode symmetry breaking with option: f.
c	Labels and Vertices aux var: 32760
c	Labels and Vertices constraints:  439320
c	Obj k aux var: 633360
c	Obj k constraints: 7735380
c	Obj k glue staircase constraints: 5661840
c	Encoding duration: 3s
c	Number of clauses: 8174910
c	Number of irredundant clauses: 7836990
c	Number of variables: 842520
c SAT Solving starts:
[runlim] sample:		40.0 time, 40.3 real, 961.3 MB
[runlim] sample:		50.0 time, 50.3 real, 1123.4 MB
c	Solving duration: 15742 ms
c	Answer: 
s SAT (w = 30)
c	Solution check:
p calculated antibandwidth = 30.
c
c
c Antibandwidth problem with w = 31 ( N-bcsstk07.mtx.rnd ):
c Initializing CaDiCaL (version 1.2.1).
c	Configuring CaDiCaL as --sat (1).
c Initializing a Duplex encoder with n = 420.
c Encoding starts with w = 31:
c	Encode symmetry breaking with option: f.
c	Labels and Vertices aux var: 32760
c	Labels and Vertices constraints:  439320
c	Obj k aux var: 643440
c	Obj k constraints: 7761000
c	Obj k glue staircase constraints: 5661840
c	Encoding duration: 3s
c	Number of clauses: 8200530
c	Number of irredundant clauses: 7862364
c	Number of variables: 852600
c SAT Solving starts:
[runlim] sample:		60.0 time, 60.3 real, 989.3 MB
[runlim] sample:		70.0 time, 70.3 real, 1187.5 MB
[runlim] sample:		80.0 time, 80.3 real, 1187.6 MB
[runlim] sample:		90.0 time, 90.3 real, 1369.6 MB
[runlim] sample:		100.0 time, 100.3 real, 1194.2 MB
[runlim] sample:		110.0 time, 110.3 real, 1156.8 MB
[runlim] sample:		120.0 time, 120.3 real, 1159.2 MB
[runlim] sample:		130.0 time, 130.3 real, 1379.8 MB
[runlim] sample:		140.0 time, 140.3 real, 1152.4 MB
[runlim] sample:		150.0 time, 150.3 real, 1191.7 MB
[runlim] sample:		160.0 time, 160.3 real, 1200.9 MB
c	Solving duration: 103904 ms
c	Answer: 
s SAT (w = 31)
c	Solution check:
p calculated antibandwidth = 31.
c
c
c Antibandwidth problem with w = 32 ( N-bcsstk07.mtx.rnd ):
c Initializing CaDiCaL (version 1.2.1).
c	Configuring CaDiCaL as --sat (1).
c Initializing a Duplex encoder with n = 420.
c Encoding starts with w = 32:
c	Encode symmetry breaking with option: f.
c	Labels and Vertices aux var: 32760
c	Labels and Vertices constraints:  439320
c	Obj k aux var: 653520
c	Obj k constraints: 7770060
c	Obj k glue staircase constraints: 5646960
c	Encoding duration: 3s
c	Number of clauses: 8209590
c	Number of irredundant clauses: 7872505
c	Number of variables: 862680
c SAT Solving starts:
[runlim] sample:		170.0 time, 170.3 real, 1382.9 MB
[runlim] sample:		179.9 time, 180.3 real, 1213.1 MB
[runlim] sample:		190.0 time, 190.3 real, 1213.3 MB
[runlim] sample:		199.9 time, 200.3 real, 1417.7 MB
[runlim] sample:		209.9 time, 210.3 real, 1211.8 MB
[runlim] sample:		219.9 time, 220.3 real, 1239.9 MB
[runlim] sample:		229.9 time, 230.3 real, 1215.5 MB
[runlim] sample:		239.9 time, 240.3 real, 1214.8 MB
[runlim] sample:		249.9 time, 250.3 real, 1167.7 MB
c	Solving duration: 94026 ms
c	Answer: 
s SAT (w = 32)
c	Solution check:
p calculated antibandwidth = 32.
[runlim] sample:		259.9 time, 260.3 real, 932.3 MB
c
c
c Antibandwidth problem with w = 33 ( N-bcsstk07.mtx.rnd ):
c Initializing CaDiCaL (version 1.2.1).
c	Configuring CaDiCaL as --sat (1).
c Initializing a Duplex encoder with n = 420.
c Encoding starts with w = 33:
c	Encode symmetry breaking with option: f.
c	Labels and Vertices aux var: 32760
c	Labels and Vertices constraints:  433860
c	Obj k aux var: 637560
c	Obj k constraints: 7725180
c	Obj k glue staircase constraints: 5643240
c	Encoding duration: 3s
c	Number of clauses: 8159250
c	Number of irredundant clauses: 7822913
c	Number of variables: 846720
c SAT Solving starts:
[runlim] sample:		269.9 time, 270.3 real, 1091.4 MB
[runlim] sample:		279.9 time, 280.3 real, 1156.2 MB
[runlim] sample:		289.9 time, 290.3 real, 1131.5 MB
[runlim] sample:		299.9 time, 300.3 real, 1153.5 MB
[runlim] sample:		309.9 time, 310.3 real, 1154.0 MB
[runlim] sample:		319.9 time, 320.3 real, 1154.0 MB
[runlim] sample:		329.9 time, 330.3 real, 1334.4 MB
[runlim] sample:		339.9 time, 340.3 real, 1167.4 MB
[runlim] sample:		349.9 time, 350.3 real, 1143.8 MB
[runlim] sample:		359.9 time, 360.3 real, 1143.4 MB
[runlim] sample:		369.9 time, 370.3 real, 1143.4 MB
[runlim] sample:		379.9 time, 380.3 real, 1161.7 MB
[runlim] sample:		389.9 time, 390.3 real, 1158.5 MB
[runlim] sample:		399.9 time, 400.3 real, 1158.0 MB
[runlim] sample:		409.9 time, 410.3 real, 1158.0 MB
[runlim] sample:		419.9 time, 420.3 real, 1337.7 MB
[runlim] sample:		429.9 time, 430.3 real, 1157.3 MB
[runlim] sample:		439.9 time, 440.3 real, 1179.6 MB
[runlim] sample:		449.9 time, 450.3 real, 1169.8 MB
c	Solving duration: 195873 ms
c	Answer: 
s SAT (w = 33)
c	Solution check:
p calculated antibandwidth = 33.
c
c
c Antibandwidth problem with w = 34 ( N-bcsstk07.mtx.rnd ):
c Initializing CaDiCaL (version 1.2.1).
c	Configuring CaDiCaL as --sat (1).
c Initializing a Duplex encoder with n = 420.
c Encoding starts with w = 34:
c	Encode symmetry breaking with option: f.
[runlim] sample:		459.9 time, 460.3 real, 845.0 MB
c	Labels and Vertices aux var: 32760
c	Labels and Vertices constraints:  433860
c	Obj k aux var: 646800
c	Obj k constraints: 7732140
c	Obj k glue staircase constraints: 5628360
c	Encoding duration: 3s
c	Number of clauses: 8166210
c	Number of irredundant clauses: 7830958
c	Number of variables: 855960
c SAT Solving starts:
[runlim] sample:		469.9 time, 470.3 real, 1301.4 MB
[runlim] sample:		479.9 time, 480.3 real, 1325.4 MB
[runlim] sample:		489.9 time, 490.3 real, 1335.6 MB
[runlim] sample:		499.9 time, 500.3 real, 1358.4 MB
[runlim] sample:		509.9 time, 510.3 real, 1192.1 MB
[runlim] sample:		519.9 time, 520.3 real, 1191.5 MB
[runlim] sample:		529.9 time, 530.3 real, 1191.6 MB
[runlim] sample:		539.9 time, 540.3 real, 1191.3 MB
[runlim] sample:		549.9 time, 550.3 real, 1192.8 MB
[runlim] sample:		559.8 time, 560.3 real, 1192.8 MB
[runlim] sample:		569.8 time, 570.3 real, 1194.0 MB
[runlim] sample:		579.8 time, 580.3 real, 1193.8 MB
[runlim] sample:		589.8 time, 590.3 real, 1193.8 MB
[runlim] sample:		599.8 time, 600.3 real, 1195.7 MB
[runlim] sample:		609.8 time, 610.3 real, 1195.9 MB
[runlim] sample:		619.8 time, 620.3 real, 1195.0 MB
[runlim] sample:		629.8 time, 630.3 real, 1196.1 MB
[runlim] sample:		639.8 time, 640.3 real, 1196.1 MB
[runlim] sample:		649.8 time, 650.3 real, 1340.7 MB
[runlim] sample:		659.8 time, 660.3 real, 1203.9 MB
[runlim] sample:		669.8 time, 670.3 real, 1202.1 MB
[runlim] sample:		679.8 time, 680.3 real, 1202.1 MB
[runlim] sample:		689.8 time, 690.3 real, 1202.7 MB
[runlim] sample:		699.8 time, 700.3 real, 1202.5 MB
[runlim] sample:		709.8 time, 710.3 real, 1202.5 MB
[runlim] sample:		719.8 time, 720.3 real, 1204.4 MB
[runlim] sample:		729.8 time, 730.3 real, 1204.4 MB
[runlim] sample:		739.8 time, 740.3 real, 1203.4 MB
[runlim] sample:		749.8 time, 750.3 real, 1208.0 MB
[runlim] sample:		759.8 time, 760.3 real, 1208.0 MB
[runlim] sample:		769.8 time, 770.3 real, 1204.6 MB
[runlim] sample:		779.8 time, 780.3 real, 1203.2 MB
[runlim] sample:		789.8 time, 790.3 real, 1203.2 MB
[runlim] sample:		799.8 time, 800.3 real, 1206.5 MB
[runlim] sample:		809.8 time, 810.3 real, 1200.0 MB
[runlim] sample:		819.8 time, 820.3 real, 1217.3 MB
[runlim] sample:		829.8 time, 830.3 real, 1217.3 MB
[runlim] sample:		839.8 time, 840.3 real, 1210.7 MB
[runlim] sample:		849.8 time, 850.3 real, 1210.7 MB
[runlim] sample:		859.8 time, 860.3 real, 1212.3 MB
[runlim] sample:		869.8 time, 870.3 real, 1212.3 MB
[runlim] sample:		879.8 time, 880.3 real, 1210.5 MB
[runlim] sample:		889.8 time, 890.3 real, 1465.7 MB
[runlim] sample:		899.8 time, 900.3 real, 1217.0 MB
[runlim] sample:		909.8 time, 910.3 real, 1166.2 MB
[runlim] sample:		919.8 time, 920.3 real, 1190.0 MB
[runlim] sample:		929.8 time, 930.3 real, 1199.6 MB
c	Solving duration: 473383 ms
c	Answer: 
s SAT (w = 34)
c	Solution check:
p calculated antibandwidth = 34.
c
c
c Antibandwidth problem with w = 35 ( N-bcsstk07.mtx.rnd ):
c Initializing CaDiCaL (version 1.2.1).
c	Configuring CaDiCaL as --sat (1).
c Initializing a Duplex encoder with n = 420.
c Encoding starts with w = 35:
c	Encode symmetry breaking with option: f.
[runlim] sample:		939.8 time, 940.3 real, 969.4 MB
c	Labels and Vertices aux var: 32760
c	Labels and Vertices constraints:  428820
c	Obj k aux var: 628320
c	Obj k constraints: 7664400
c	Obj k glue staircase constraints: 5609760
c	Encoding duration: 3s
c	Number of clauses: 8093430
c	Number of irredundant clauses: 7759021
c	Number of variables: 837480
c SAT Solving starts:
[runlim] sample:		949.8 time, 950.3 real, 1168.5 MB
[runlim] sample:		959.8 time, 960.3 real, 1170.5 MB
[runlim] sample:		969.8 time, 970.3 real, 1162.9 MB
[runlim] sample:		979.8 time, 980.3 real, 1126.9 MB
[runlim] sample:		989.8 time, 990.3 real, 1336.8 MB
[runlim] sample:		999.8 time, 1000.3 real, 1128.5 MB
[runlim] sample:		1009.8 time, 1010.3 real, 1152.6 MB
[runlim] sample:		1019.8 time, 1020.3 real, 1152.4 MB
[runlim] sample:		1029.8 time, 1030.3 real, 1152.4 MB
[runlim] sample:		1039.8 time, 1040.3 real, 1337.0 MB
[runlim] sample:		1049.8 time, 1050.3 real, 1171.2 MB
[runlim] sample:		1059.8 time, 1060.3 real, 1348.7 MB
[runlim] sample:		1069.8 time, 1070.3 real, 1172.1 MB
[runlim] sample:		1079.8 time, 1080.3 real, 1350.5 MB
[runlim] sample:		1089.8 time, 1090.3 real, 1154.4 MB
[runlim] sample:		1099.8 time, 1100.3 real, 1153.8 MB
[runlim] sample:		1109.8 time, 1110.3 real, 1162.6 MB
[runlim] sample:		1119.8 time, 1120.3 real, 1160.2 MB
[runlim] sample:		1129.8 time, 1130.3 real, 1339.6 MB
[runlim] sample:		1139.8 time, 1140.3 real, 1177.0 MB
[runlim] sample:		1149.8 time, 1150.3 real, 1178.8 MB
[runlim] sample:		1159.8 time, 1160.3 real, 1179.1 MB
[runlim] sample:		1169.8 time, 1170.3 real, 1179.1 MB
[runlim] sample:		1179.8 time, 1180.3 real, 1179.3 MB
[runlim] sample:		1189.7 time, 1190.3 real, 1181.1 MB
[runlim] sample:		1199.7 time, 1200.3 real, 1184.6 MB
[runlim] sample:		1209.7 time, 1210.3 real, 1184.6 MB
[runlim] sample:		1219.7 time, 1220.3 real, 1181.0 MB
[runlim] sample:		1229.7 time, 1230.3 real, 1211.5 MB
[runlim] sample:		1239.7 time, 1240.3 real, 1211.5 MB
[runlim] sample:		1249.7 time, 1250.3 real, 1280.5 MB
[runlim] sample:		1259.7 time, 1260.3 real, 1149.2 MB
[runlim] sample:		1269.7 time, 1270.3 real, 1159.3 MB
[runlim] sample:		1279.7 time, 1280.3 real, 1183.7 MB
[runlim] sample:		1289.7 time, 1290.3 real, 1183.7 MB
[runlim] sample:		1299.7 time, 1300.3 real, 1141.9 MB
[runlim] sample:		1309.7 time, 1310.3 real, 1377.1 MB
[runlim] sample:		1319.7 time, 1320.3 real, 1188.2 MB
[runlim] sample:		1329.7 time, 1330.3 real, 1187.0 MB
[runlim] sample:		1339.7 time, 1340.3 real, 1376.4 MB
[runlim] sample:		1349.7 time, 1350.3 real, 1190.6 MB
[runlim] sample:		1359.7 time, 1360.3 real, 1144.3 MB
[runlim] sample:		1369.7 time, 1370.3 real, 1141.5 MB
[runlim] sample:		1379.7 time, 1380.3 real, 1141.5 MB
[runlim] sample:		1389.7 time, 1390.3 real, 1160.4 MB
[runlim] sample:		1399.7 time, 1400.3 real, 1164.6 MB
[runlim] sample:		1409.7 time, 1410.3 real, 1193.8 MB
[runlim] sample:		1419.7 time, 1420.3 real, 1388.0 MB
[runlim] sample:		1429.7 time, 1430.3 real, 1197.5 MB
[runlim] sample:		1439.7 time, 1440.3 real, 1197.2 MB
[runlim] sample:		1449.7 time, 1450.3 real, 1197.2 MB
[runlim] sample:		1459.7 time, 1460.3 real, 1145.5 MB
[runlim] sample:		1469.7 time, 1470.3 real, 1145.5 MB
[runlim] sample:		1479.7 time, 1480.3 real, 1160.2 MB
[runlim] sample:		1489.7 time, 1490.3 real, 1201.8 MB
[runlim] sample:		1499.7 time, 1500.3 real, 1203.1 MB
[runlim] sample:		1509.7 time, 1510.3 real, 1203.1 MB
[runlim] sample:		1519.7 time, 1520.3 real, 1203.1 MB
[runlim] sample:		1529.7 time, 1530.3 real, 1203.1 MB
[runlim] sample:		1539.7 time, 1540.3 real, 1203.1 MB
[runlim] sample:		1549.7 time, 1550.3 real, 1203.1 MB
[runlim] sample:		1559.7 time, 1560.3 real, 1467.0 MB
[runlim] sample:		1569.7 time, 1570.3 real, 1471.4 MB
[runlim] sample:		1579.7 time, 1580.3 real, 1206.3 MB
[runlim] sample:		1589.7 time, 1590.3 real, 1213.6 MB
[runlim] sample:		1599.7 time, 1600.3 real, 1213.6 MB
[runlim] sample:		1609.7 time, 1610.3 real, 1213.6 MB
[runlim] sample:		1619.7 time, 1620.3 real, 1212.1 MB
[runlim] sample:		1629.7 time, 1630.3 real, 1194.1 MB
[runlim] sample:		1639.7 time, 1640.3 real, 1194.1 MB
[runlim] sample:		1649.7 time, 1650.3 real, 1193.9 MB
[runlim] sample:		1659.7 time, 1660.3 real, 1193.9 MB
[runlim] sample:		1669.7 time, 1670.3 real, 1198.1 MB
[runlim] sample:		1679.7 time, 1680.3 real, 1198.1 MB
[runlim] sample:		1689.7 time, 1690.3 real, 1205.2 MB
[runlim] sample:		1699.7 time, 1700.3 real, 1205.2 MB
[runlim] sample:		1709.7 time, 1710.3 real, 1237.3 MB
[runlim] sample:		1719.7 time, 1720.3 real, 1237.3 MB
[runlim] sample:		1729.7 time, 1730.3 real, 1439.5 MB
[runlim] sample:		1739.7 time, 1740.3 real, 1203.5 MB
[runlim] sample:		1749.7 time, 1750.3 real, 1196.7 MB
[runlim] sample:		1759.7 time, 1760.3 real, 1196.7 MB
[runlim] sample:		1769.7 time, 1770.3 real, 1174.2 MB
[runlim] sample:		1779.7 time, 1780.3 real, 1198.0 MB
[runlim] sample:		1789.7 time, 1790.3 real, 1198.0 MB
c Signal interruption.
[runlim] end:			Wed Sep 25 13:39:56 2024
[runlim] status:		out of time
[runlim] result:		2
[runlim] children:		0
[runlim] real:			1800.09 seconds
[runlim] time:			1799.47 seconds
[runlim] space:			1731.4 MB
[runlim] samples:		17998
