[runlim] version:		1.10
[runlim] time limit:		1800 seconds
[runlim] real time limit:	1800 seconds
[runlim] space limit:		30000 MB
[runlim] argv[0]:		/home/hvanh28/AntiBandwidthReconstruct/build/abw_enc
[runlim] argv[1]:		/home/hvanh28/AntiBandwidthReconstruct/build/Benchmarks/N-bcsstk07.mtx.rnd
[runlim] argv[2]:		--reduced
[runlim] argv[3]:		-symetry-break
[runlim] argv[4]:		f
[runlim] start:			Fri Sep 27 03:21:21 2024
[runlim] main pid:		98172
[runlim] log captured:
c LadderEncoder 1.0.
c Symetry breaking in the first node.
c Solving strategy: from LB to UB.
c LB-w = 28 (LB in Sinnl - A note on computational approaches for the antibandwidth problem).
c UB-w = 72 (UB in Sinnl - A note on computational approaches for the antibandwidth problem).
c Antibandwidth problem with w = 28 ( N-bcsstk07.mtx.rnd ):
c Initializing CaDiCaL (version 1.2.1).
c	Configuring CaDiCaL as --sat (1).
c Initializing a Naive-Reduced encoder with n = 420.
c Encoding starts with w = 28:
c	Encode symmetry breaking with option: f.
[runlim] sample:		10.0 time, 10.2 real, 3302.4 MB
[runlim] sample:		20.0 time, 20.2 real, 6258.2 MB
[runlim] sample:		30.0 time, 30.2 real, 9069.2 MB
c	Encoding duration: 39s
c	Number of clauses: 155469930
c	Number of irredundant clauses: 155129331
c	Number of variables: 176400
c SAT Solving starts:
[runlim] sample:		40.0 time, 40.2 real, 11584.5 MB
[runlim] sample:		50.0 time, 50.2 real, 12729.1 MB
[runlim] sample:		60.0 time, 60.2 real, 13273.1 MB
[runlim] sample:		70.0 time, 70.2 real, 15416.5 MB
[runlim] sample:		80.0 time, 80.2 real, 15417.0 MB
[runlim] sample:		90.0 time, 90.2 real, 16600.8 MB
[runlim] sample:		100.0 time, 100.2 real, 15418.6 MB
[runlim] sample:		110.0 time, 110.2 real, 15432.3 MB
[runlim] sample:		120.0 time, 120.2 real, 15445.9 MB
[runlim] sample:		130.0 time, 130.2 real, 15632.9 MB
[runlim] sample:		140.0 time, 140.2 real, 15633.6 MB
[runlim] sample:		150.0 time, 150.2 real, 15655.8 MB
[runlim] sample:		160.0 time, 160.2 real, 15655.8 MB
[runlim] sample:		170.0 time, 170.2 real, 15656.0 MB
[runlim] sample:		180.0 time, 180.2 real, 17318.5 MB
[runlim] sample:		190.0 time, 190.2 real, 19219.6 MB
[runlim] sample:		200.0 time, 200.2 real, 20403.1 MB
[runlim] sample:		210.0 time, 210.2 real, 19230.5 MB
[runlim] sample:		219.9 time, 220.2 real, 19230.7 MB
[runlim] sample:		229.9 time, 230.2 real, 15667.2 MB
[runlim] sample:		239.9 time, 240.2 real, 15667.2 MB
[runlim] sample:		249.9 time, 250.2 real, 15668.2 MB
[runlim] sample:		259.9 time, 260.2 real, 15668.5 MB
[runlim] sample:		269.9 time, 270.2 real, 15766.2 MB
[runlim] sample:		279.9 time, 280.2 real, 15766.2 MB
[runlim] sample:		289.9 time, 290.2 real, 15771.6 MB
[runlim] sample:		299.9 time, 300.2 real, 19348.9 MB
[runlim] sample:		309.9 time, 310.2 real, 20532.5 MB
[runlim] sample:		319.9 time, 320.2 real, 17743.4 MB
[runlim] sample:		329.9 time, 330.2 real, 18146.8 MB
[runlim] sample:		339.9 time, 340.2 real, 15779.7 MB
[runlim] sample:		349.9 time, 350.2 real, 15784.3 MB
[runlim] sample:		359.9 time, 360.2 real, 15811.4 MB
[runlim] sample:		369.9 time, 370.2 real, 15811.7 MB
[runlim] sample:		379.9 time, 380.2 real, 15811.7 MB
[runlim] sample:		389.9 time, 390.2 real, 15811.7 MB
[runlim] sample:		399.9 time, 400.2 real, 15811.7 MB
[runlim] sample:		409.9 time, 410.2 real, 15811.7 MB
[runlim] sample:		419.9 time, 420.2 real, 15811.7 MB
[runlim] sample:		429.9 time, 430.2 real, 15811.7 MB
[runlim] sample:		439.9 time, 440.2 real, 15811.7 MB
[runlim] sample:		449.9 time, 450.2 real, 15811.7 MB
[runlim] sample:		459.9 time, 460.2 real, 15815.5 MB
[runlim] sample:		469.9 time, 470.2 real, 15815.5 MB
[runlim] sample:		479.9 time, 480.2 real, 15815.5 MB
[runlim] sample:		489.9 time, 490.2 real, 15837.0 MB
[runlim] sample:		499.9 time, 500.2 real, 19407.2 MB
[runlim] sample:		509.9 time, 510.2 real, 20591.0 MB
[runlim] sample:		519.9 time, 520.2 real, 15830.4 MB
[runlim] sample:		529.9 time, 530.2 real, 15830.4 MB
[runlim] sample:		539.9 time, 540.2 real, 15830.4 MB
[runlim] sample:		549.9 time, 550.2 real, 15830.6 MB
[runlim] sample:		559.9 time, 560.2 real, 15841.4 MB
[runlim] sample:		569.9 time, 570.2 real, 15841.4 MB
[runlim] sample:		579.9 time, 580.2 real, 19430.6 MB
[runlim] sample:		589.9 time, 590.2 real, 19430.9 MB
[runlim] sample:		599.9 time, 600.2 real, 20614.8 MB
c	Solving duration: 563189 ms
c	Answer: 
s SAT (w = 28)
c	Solution check:
p calculated antibandwidth = 28.
c
c
c Antibandwidth problem with w = 29 ( N-bcsstk07.mtx.rnd ):
c Initializing CaDiCaL (version 1.2.1).
c	Configuring CaDiCaL as --sat (1).
c Initializing a Naive-Reduced encoder with n = 420.
c Encoding starts with w = 29:
c	Encode symmetry breaking with option: f.
[runlim] sample:		609.9 time, 610.2 real, 11335.5 MB
[runlim] sample:		619.9 time, 620.2 real, 11713.4 MB
[runlim] sample:		629.9 time, 630.2 real, 12180.0 MB
c	Encoding duration: 34s
c	Number of clauses: 158386410
c	Number of irredundant clauses: 158039147
c	Number of variables: 176400
c SAT Solving starts:
[runlim] sample:		639.9 time, 640.2 real, 12768.2 MB
[runlim] sample:		649.9 time, 650.2 real, 12794.9 MB
[runlim] sample:		659.9 time, 660.2 real, 14394.2 MB
[runlim] sample:		669.9 time, 670.2 real, 16418.8 MB
[runlim] sample:		679.9 time, 680.2 real, 16418.8 MB
[runlim] sample:		689.9 time, 690.2 real, 17624.6 MB
[runlim] sample:		699.9 time, 700.2 real, 16419.1 MB
[runlim] sample:		709.9 time, 710.2 real, 16419.3 MB
[runlim] sample:		719.9 time, 720.2 real, 16420.3 MB
[runlim] sample:		729.9 time, 730.2 real, 16439.7 MB
[runlim] sample:		739.9 time, 740.2 real, 16439.7 MB
[runlim] sample:		749.9 time, 750.2 real, 16440.7 MB
[runlim] sample:		759.9 time, 760.2 real, 16440.7 MB
[runlim] sample:		769.8 time, 770.2 real, 16440.7 MB
[runlim] sample:		779.8 time, 780.2 real, 16440.7 MB
[runlim] sample:		789.8 time, 790.2 real, 20069.6 MB
[runlim] sample:		799.9 time, 800.2 real, 21275.4 MB
[runlim] sample:		809.8 time, 810.2 real, 17759.9 MB
[runlim] sample:		819.8 time, 820.2 real, 20083.7 MB
[runlim] sample:		829.8 time, 830.2 real, 21289.5 MB
[runlim] sample:		839.8 time, 840.2 real, 16455.1 MB
[runlim] sample:		849.8 time, 850.2 real, 16455.1 MB
[runlim] sample:		859.8 time, 860.2 real, 16455.1 MB
[runlim] sample:		869.8 time, 870.2 real, 16455.1 MB
[runlim] sample:		879.8 time, 880.2 real, 16455.6 MB
[runlim] sample:		889.8 time, 890.2 real, 16455.6 MB
[runlim] sample:		899.8 time, 900.2 real, 20097.0 MB
[runlim] sample:		909.8 time, 910.2 real, 20539.5 MB
[runlim] sample:		919.8 time, 920.2 real, 16458.9 MB
[runlim] sample:		929.8 time, 930.2 real, 21281.7 MB
[runlim] sample:		939.8 time, 940.2 real, 18870.4 MB
[runlim] sample:		949.8 time, 950.2 real, 16458.9 MB
[runlim] sample:		959.8 time, 960.2 real, 16465.6 MB
[runlim] sample:		969.8 time, 970.2 real, 16465.6 MB
[runlim] sample:		979.8 time, 980.2 real, 16465.6 MB
[runlim] sample:		989.8 time, 990.2 real, 16465.6 MB
[runlim] sample:		999.8 time, 1000.2 real, 16465.6 MB
[runlim] sample:		1009.8 time, 1010.2 real, 16465.6 MB
[runlim] sample:		1019.8 time, 1020.2 real, 16465.6 MB
[runlim] sample:		1029.8 time, 1030.2 real, 16465.6 MB
[runlim] sample:		1039.8 time, 1040.2 real, 16465.6 MB
[runlim] sample:		1049.8 time, 1050.2 real, 16465.6 MB
[runlim] sample:		1059.8 time, 1060.2 real, 16465.6 MB
[runlim] sample:		1069.8 time, 1070.2 real, 16465.8 MB
[runlim] sample:		1079.8 time, 1080.2 real, 16465.8 MB
[runlim] sample:		1089.8 time, 1090.2 real, 16465.8 MB
[runlim] sample:		1099.8 time, 1100.2 real, 20117.7 MB
[runlim] sample:		1109.8 time, 1110.2 real, 20118.0 MB
[runlim] sample:		1119.8 time, 1120.2 real, 21323.7 MB
[runlim] sample:		1129.8 time, 1130.2 real, 16476.6 MB
[runlim] sample:		1139.8 time, 1140.2 real, 16476.6 MB
[runlim] sample:		1149.8 time, 1150.2 real, 16476.6 MB
[runlim] sample:		1159.8 time, 1160.2 real, 16476.6 MB
[runlim] sample:		1169.8 time, 1170.2 real, 16476.6 MB
[runlim] sample:		1179.8 time, 1180.2 real, 16476.6 MB
[runlim] sample:		1189.8 time, 1190.2 real, 20127.5 MB
[runlim] sample:		1199.8 time, 1200.2 real, 21333.3 MB
[runlim] sample:		1209.8 time, 1210.2 real, 16475.6 MB
c	Solving duration: 573331 ms
c	Answer: 
s SAT (w = 29)
c	Solution check:
p calculated antibandwidth = 29.
c
c
c Antibandwidth problem with w = 30 ( N-bcsstk07.mtx.rnd ):
c Initializing CaDiCaL (version 1.2.1).
c	Configuring CaDiCaL as --sat (1).
c Initializing a Naive-Reduced encoder with n = 420.
c Encoding starts with w = 30:
c	Encode symmetry breaking with option: f.
[runlim] sample:		1219.8 time, 1220.2 real, 11789.0 MB
[runlim] sample:		1229.8 time, 1230.2 real, 12137.0 MB
[runlim] sample:		1239.8 time, 1240.2 real, 12495.3 MB
c	Encoding duration: 37s
c	Number of clauses: 161295450
c	Number of irredundant clauses: 160941540
c	Number of variables: 176400
c SAT Solving starts:
[runlim] sample:		1249.8 time, 1250.2 real, 13333.9 MB
[runlim] sample:		1259.8 time, 1260.2 real, 13366.1 MB
[runlim] sample:		1269.8 time, 1270.2 real, 14383.9 MB
[runlim] sample:		1279.8 time, 1280.2 real, 16601.9 MB
[runlim] sample:		1289.8 time, 1290.2 real, 17058.1 MB
[runlim] sample:		1299.8 time, 1300.2 real, 18286.1 MB
[runlim] sample:		1309.8 time, 1310.2 real, 17058.4 MB
[runlim] sample:		1319.8 time, 1320.2 real, 17059.2 MB
[runlim] sample:		1329.8 time, 1330.2 real, 17060.4 MB
[runlim] sample:		1339.8 time, 1340.2 real, 17063.0 MB
[runlim] sample:		1349.8 time, 1350.2 real, 17090.6 MB
[runlim] sample:		1359.8 time, 1360.2 real, 17090.6 MB
[runlim] sample:		1369.8 time, 1370.2 real, 17097.1 MB
[runlim] sample:		1379.8 time, 1380.2 real, 17097.1 MB
[runlim] sample:		1389.8 time, 1390.2 real, 17097.1 MB
[runlim] sample:		1399.8 time, 1400.2 real, 20792.0 MB
[runlim] sample:		1409.8 time, 1410.2 real, 20792.1 MB
[runlim] sample:		1419.8 time, 1420.2 real, 22020.1 MB
[runlim] sample:		1429.8 time, 1430.2 real, 20354.9 MB
[runlim] sample:		1439.8 time, 1440.2 real, 20801.9 MB
[runlim] sample:		1449.8 time, 1450.2 real, 22029.9 MB
[runlim] sample:		1459.8 time, 1460.2 real, 17107.0 MB
[runlim] sample:		1469.8 time, 1470.2 real, 17107.0 MB
[runlim] sample:		1479.8 time, 1480.2 real, 17107.0 MB
[runlim] sample:		1489.7 time, 1490.2 real, 17107.0 MB
[runlim] sample:		1499.7 time, 1500.2 real, 17109.1 MB
[runlim] sample:		1509.7 time, 1510.2 real, 17109.1 MB
[runlim] sample:		1519.7 time, 1520.2 real, 17112.4 MB
[runlim] sample:		1529.7 time, 1530.2 real, 20820.7 MB
[runlim] sample:		1539.7 time, 1540.2 real, 22048.8 MB
[runlim] sample:		1549.7 time, 1550.2 real, 22048.8 MB
[runlim] sample:		1559.7 time, 1560.2 real, 20742.3 MB
[runlim] sample:		1569.7 time, 1570.2 real, 19606.7 MB
[runlim] sample:		1579.7 time, 1580.2 real, 17150.8 MB
[runlim] sample:		1589.7 time, 1590.2 real, 17150.8 MB
[runlim] sample:		1599.7 time, 1600.2 real, 17150.8 MB
[runlim] sample:		1609.7 time, 1610.2 real, 17150.8 MB
[runlim] sample:		1619.7 time, 1620.2 real, 17150.8 MB
[runlim] sample:		1629.7 time, 1630.2 real, 17150.8 MB
[runlim] sample:		1639.7 time, 1640.2 real, 17150.8 MB
[runlim] sample:		1649.7 time, 1650.2 real, 17150.8 MB
[runlim] sample:		1659.7 time, 1660.2 real, 17150.8 MB
[runlim] sample:		1669.7 time, 1670.2 real, 17150.8 MB
[runlim] sample:		1679.7 time, 1680.2 real, 17150.8 MB
[runlim] sample:		1689.7 time, 1690.2 real, 17150.8 MB
[runlim] sample:		1699.7 time, 1700.2 real, 17150.8 MB
[runlim] sample:		1709.7 time, 1710.2 real, 17150.8 MB
[runlim] sample:		1719.7 time, 1720.2 real, 17150.8 MB
[runlim] sample:		1729.7 time, 1730.2 real, 17150.8 MB
[runlim] sample:		1739.7 time, 1740.2 real, 20878.3 MB
[runlim] sample:		1749.7 time, 1750.2 real, 20878.3 MB
[runlim] sample:		1759.7 time, 1760.2 real, 22106.3 MB
[runlim] sample:		1769.7 time, 1770.2 real, 17170.0 MB
[runlim] sample:		1779.7 time, 1780.2 real, 17170.0 MB
[runlim] sample:		1789.7 time, 1790.2 real, 17170.0 MB
c Signal interruption.
[runlim] sample:		1799.7 time, 1800.2 real, 0.0 MB
[runlim] end:			Fri Sep 27 03:51:21 2024
[runlim] status:		out of time
[runlim] result:		2
[runlim] children:		0
[runlim] real:			1800.80 seconds
[runlim] time:			1800.18 seconds
[runlim] space:			22106.3 MB
[runlim] samples:		18005
