[runlim] version:		1.10
[runlim] time limit:		1800 seconds
[runlim] real time limit:	1800 seconds
[runlim] space limit:		30000 MB
[runlim] argv[0]:		/home/truongxuanhieu/AntiBandwidthReconstruct/build/abw_enc
[runlim] argv[1]:		/home/truongxuanhieu/AntiBandwidthReconstruct/build/Benchmarks/N-bcsstk07.mtx.rnd
[runlim] argv[2]:		--reduced
[runlim] argv[3]:		-symetry-break
[runlim] argv[4]:		f
[runlim] start:			Tue Oct  1 05:56:39 2024
[runlim] main pid:		55822
[runlim] log captured:
c LadderEncoder 1.0.
c Symetry breaking in the first node.
c Solving strategy: from LB to UB.
c LB-w = 28 (LB in Sinnl - A note on computational approaches for the antibandwidth problem).
c UB-w = 72 (UB in Sinnl - A note on computational approaches for the antibandwidth problem).
c Antibandwidth problem with w = 28 ( N-bcsstk07.mtx.rnd ):
c Initializing CaDiCaL (version 1.2.1).
c	Configuring CaDiCaL as --sat (1).
c Initializing a Naive-Reduced encoder with n = 420.
c Encoding starts with w = 28:
c	Encode symmetry breaking with option: f.
[runlim] sample:		10.0 time, 10.6 real, 5610.0 MB
[runlim] sample:		20.0 time, 20.6 real, 11048.0 MB
c	Encoding duration: 21s
c	Number of clauses: 155469930
c	Number of irredundant clauses: 155129331
c	Number of variables: 176400
c SAT Solving starts:
[runlim] sample:		30.0 time, 30.6 real, 12299.9 MB
[runlim] sample:		40.0 time, 40.6 real, 15415.8 MB
[runlim] sample:		50.0 time, 50.6 real, 15417.4 MB
[runlim] sample:		60.0 time, 60.6 real, 15446.5 MB
[runlim] sample:		70.0 time, 70.6 real, 15632.4 MB
[runlim] sample:		80.0 time, 80.6 real, 15654.6 MB
[runlim] sample:		90.0 time, 90.6 real, 19218.4 MB
[runlim] sample:		100.0 time, 100.6 real, 19229.5 MB
[runlim] sample:		110.0 time, 110.6 real, 15666.0 MB
[runlim] sample:		120.0 time, 120.6 real, 15672.7 MB
[runlim] sample:		130.0 time, 130.6 real, 15770.4 MB
[runlim] sample:		140.0 time, 140.6 real, 20531.3 MB
[runlim] sample:		150.0 time, 150.6 real, 18145.6 MB
[runlim] sample:		160.0 time, 160.6 real, 15810.5 MB
[runlim] sample:		170.0 time, 170.6 real, 15810.5 MB
[runlim] sample:		180.0 time, 180.6 real, 15810.5 MB
[runlim] sample:		190.0 time, 190.6 real, 15810.5 MB
[runlim] sample:		200.0 time, 200.6 real, 15814.3 MB
[runlim] sample:		210.0 time, 210.6 real, 19403.8 MB
[runlim] sample:		220.0 time, 220.6 real, 15829.2 MB
[runlim] sample:		230.0 time, 230.6 real, 15829.2 MB
[runlim] sample:		240.0 time, 240.6 real, 15841.3 MB
[runlim] sample:		250.0 time, 250.6 real, 19431.0 MB
c	Solving duration: 236199 ms
c	Answer: 
s SAT (w = 28)
c	Solution check:
p calculated antibandwidth = 28.
c
c
c Antibandwidth problem with w = 29 ( N-bcsstk07.mtx.rnd ):
c Initializing CaDiCaL (version 1.2.1).
c	Configuring CaDiCaL as --sat (1).
c Initializing a Naive-Reduced encoder with n = 420.
c Encoding starts with w = 29:
c	Encode symmetry breaking with option: f.
[runlim] sample:		260.0 time, 260.6 real, 11085.5 MB
[runlim] sample:		270.0 time, 270.6 real, 12083.8 MB
c	Encoding duration: 17s
c	Number of clauses: 158386410
c	Number of irredundant clauses: 158039147
c	Number of variables: 176400
c SAT Solving starts:
[runlim] sample:		279.9 time, 280.6 real, 12793.2 MB
[runlim] sample:		289.9 time, 290.6 real, 16418.8 MB
[runlim] sample:		299.9 time, 300.6 real, 17624.5 MB
[runlim] sample:		309.9 time, 310.6 real, 16419.2 MB
[runlim] sample:		320.0 time, 320.6 real, 16439.6 MB
[runlim] sample:		329.9 time, 330.6 real, 16440.9 MB
[runlim] sample:		339.9 time, 340.6 real, 20069.5 MB
[runlim] sample:		349.9 time, 350.6 real, 18195.9 MB
[runlim] sample:		359.9 time, 360.6 real, 16455.1 MB
[runlim] sample:		369.9 time, 370.6 real, 16455.1 MB
[runlim] sample:		379.9 time, 380.6 real, 16455.6 MB
[runlim] sample:		389.9 time, 390.6 real, 20097.0 MB
[runlim] sample:		399.9 time, 400.6 real, 21281.6 MB
[runlim] sample:		409.9 time, 410.6 real, 16458.8 MB
[runlim] sample:		419.9 time, 420.6 real, 16465.5 MB
[runlim] sample:		429.9 time, 430.6 real, 16465.5 MB
[runlim] sample:		439.9 time, 440.6 real, 16465.5 MB
[runlim] sample:		449.9 time, 450.6 real, 16465.5 MB
[runlim] sample:		459.9 time, 460.6 real, 16465.8 MB
[runlim] sample:		469.9 time, 470.6 real, 20117.9 MB
[runlim] sample:		479.9 time, 480.6 real, 16476.6 MB
[runlim] sample:		489.9 time, 490.6 real, 16476.6 MB
[runlim] sample:		499.9 time, 500.6 real, 16476.6 MB
[runlim] sample:		509.9 time, 510.6 real, 21333.3 MB
c	Solving duration: 238096 ms
c	Answer: 
s SAT (w = 29)
c	Solution check:
p calculated antibandwidth = 29.
c
c
c Antibandwidth problem with w = 30 ( N-bcsstk07.mtx.rnd ):
c Initializing CaDiCaL (version 1.2.1).
c	Configuring CaDiCaL as --sat (1).
c Initializing a Naive-Reduced encoder with n = 420.
c Encoding starts with w = 30:
c	Encode symmetry breaking with option: f.
[runlim] sample:		519.9 time, 520.6 real, 11951.0 MB
[runlim] sample:		529.9 time, 530.6 real, 12746.0 MB
c	Encoding duration: 17s
c	Number of clauses: 161295450
c	Number of irredundant clauses: 160941540
c	Number of variables: 176400
c SAT Solving starts:
[runlim] sample:		539.9 time, 540.6 real, 13617.8 MB
[runlim] sample:		549.9 time, 550.6 real, 17058.1 MB
[runlim] sample:		559.9 time, 560.6 real, 17058.3 MB
[runlim] sample:		569.9 time, 570.6 real, 17062.2 MB
[runlim] sample:		579.9 time, 580.6 real, 17090.6 MB
[runlim] sample:		589.9 time, 590.6 real, 17097.0 MB
[runlim] sample:		599.9 time, 600.6 real, 20792.0 MB
[runlim] sample:		609.9 time, 610.6 real, 20801.9 MB
[runlim] sample:		619.9 time, 620.6 real, 17107.0 MB
[runlim] sample:		629.9 time, 630.6 real, 17107.0 MB
[runlim] sample:		639.9 time, 640.6 real, 17109.0 MB
[runlim] sample:		649.9 time, 650.6 real, 20820.7 MB
[runlim] sample:		659.9 time, 660.6 real, 19606.6 MB
[runlim] sample:		669.9 time, 670.6 real, 17150.8 MB
[runlim] sample:		679.9 time, 680.6 real, 17150.8 MB
[runlim] sample:		689.9 time, 690.6 real, 17150.8 MB
[runlim] sample:		699.9 time, 700.6 real, 17150.8 MB
[runlim] sample:		709.9 time, 710.6 real, 17150.8 MB
[runlim] sample:		719.9 time, 720.6 real, 17150.8 MB
[runlim] sample:		729.9 time, 730.6 real, 20878.3 MB
[runlim] sample:		739.9 time, 740.6 real, 17169.9 MB
[runlim] sample:		749.9 time, 750.6 real, 17169.9 MB
[runlim] sample:		759.9 time, 760.6 real, 17169.9 MB
[runlim] sample:		769.9 time, 770.6 real, 22126.9 MB
[runlim] sample:		779.9 time, 780.6 real, 20899.9 MB
[runlim] sample:		789.9 time, 790.6 real, 17170.9 MB
[runlim] sample:		799.9 time, 800.6 real, 17170.9 MB
[runlim] sample:		809.9 time, 810.6 real, 17170.9 MB
[runlim] sample:		819.9 time, 820.6 real, 17170.9 MB
[runlim] sample:		829.9 time, 830.6 real, 20894.0 MB
[runlim] sample:		839.9 time, 840.6 real, 17165.7 MB
[runlim] sample:		849.9 time, 850.6 real, 17165.7 MB
[runlim] sample:		859.9 time, 860.6 real, 17165.7 MB
[runlim] sample:		869.9 time, 870.6 real, 17165.7 MB
[runlim] sample:		879.9 time, 880.6 real, 17165.7 MB
[runlim] sample:		889.9 time, 890.6 real, 20912.4 MB
[runlim] sample:		899.9 time, 900.6 real, 17189.4 MB
[runlim] sample:		909.9 time, 910.6 real, 17189.4 MB
[runlim] sample:		919.9 time, 920.6 real, 17189.4 MB
[runlim] sample:		929.9 time, 930.6 real, 17189.4 MB
[runlim] sample:		939.9 time, 940.6 real, 17189.4 MB
[runlim] sample:		949.9 time, 950.6 real, 22172.0 MB
[runlim] sample:		959.9 time, 960.6 real, 20939.6 MB
[runlim] sample:		969.9 time, 970.6 real, 17185.1 MB
[runlim] sample:		979.9 time, 980.6 real, 17185.1 MB
[runlim] sample:		989.9 time, 990.6 real, 17185.9 MB
[runlim] sample:		999.9 time, 1000.6 real, 20939.0 MB
[runlim] sample:		1009.9 time, 1010.6 real, 17210.4 MB
[runlim] sample:		1019.9 time, 1020.6 real, 17210.4 MB
[runlim] sample:		1029.9 time, 1030.6 real, 17210.4 MB
[runlim] sample:		1039.9 time, 1040.6 real, 17210.4 MB
[runlim] sample:		1049.9 time, 1050.6 real, 17210.4 MB
[runlim] sample:		1059.9 time, 1060.6 real, 17210.4 MB
[runlim] sample:		1069.9 time, 1070.6 real, 17210.4 MB
[runlim] sample:		1079.9 time, 1080.6 real, 22205.6 MB
[runlim] sample:		1089.9 time, 1090.6 real, 17224.6 MB
[runlim] sample:		1099.9 time, 1100.6 real, 17224.6 MB
[runlim] sample:		1109.9 time, 1110.6 real, 17224.6 MB
[runlim] sample:		1119.9 time, 1120.6 real, 22217.2 MB
[runlim] sample:		1129.9 time, 1130.6 real, 20997.2 MB
[runlim] sample:		1139.9 time, 1140.6 real, 17234.9 MB
[runlim] sample:		1149.9 time, 1150.6 real, 17234.9 MB
[runlim] sample:		1159.9 time, 1160.6 real, 17234.9 MB
[runlim] sample:		1169.9 time, 1170.6 real, 17234.9 MB
[runlim] sample:		1179.9 time, 1180.6 real, 17234.9 MB
[runlim] sample:		1189.9 time, 1190.6 real, 17234.9 MB
[runlim] sample:		1199.9 time, 1200.6 real, 22298.9 MB
[runlim] sample:		1209.9 time, 1210.6 real, 17293.5 MB
[runlim] sample:		1219.9 time, 1220.6 real, 17293.5 MB
[runlim] sample:		1229.9 time, 1230.6 real, 17293.5 MB
[runlim] sample:		1239.9 time, 1240.6 real, 17293.5 MB
[runlim] sample:		1249.9 time, 1250.6 real, 17293.5 MB
[runlim] sample:		1259.9 time, 1260.6 real, 21081.8 MB
[runlim] sample:		1269.9 time, 1270.6 real, 17246.0 MB
[runlim] sample:		1279.9 time, 1280.6 real, 17246.0 MB
[runlim] sample:		1289.9 time, 1290.6 real, 17246.0 MB
[runlim] sample:		1299.9 time, 1300.6 real, 17246.0 MB
[runlim] sample:		1309.9 time, 1310.6 real, 17246.0 MB
[runlim] sample:		1319.9 time, 1320.6 real, 21037.3 MB
c	Solving duration: 794236 ms
c	Answer: 
s SAT (w = 30)
c	Solution check:
p calculated antibandwidth = 30.
c
c
c Antibandwidth problem with w = 31 ( N-bcsstk07.mtx.rnd ):
c Initializing CaDiCaL (version 1.2.1).
c	Configuring CaDiCaL as --sat (1).
c Initializing a Naive-Reduced encoder with n = 420.
c Encoding starts with w = 31:
c	Encode symmetry breaking with option: f.
[runlim] sample:		1329.9 time, 1330.6 real, 12145.4 MB
[runlim] sample:		1339.9 time, 1340.6 real, 12849.4 MB
c	Encoding duration: 17s
c	Number of clauses: 164197050
c	Number of irredundant clauses: 163836510
c	Number of variables: 176400
c SAT Solving starts:
[runlim] sample:		1349.9 time, 1350.6 real, 14201.2 MB
[runlim] sample:		1359.9 time, 1360.6 real, 17298.7 MB
[runlim] sample:		1369.9 time, 1370.6 real, 18548.6 MB
[runlim] sample:		1379.9 time, 1380.6 real, 17301.5 MB
[runlim] sample:		1389.9 time, 1390.6 real, 17309.7 MB
[runlim] sample:		1399.9 time, 1400.6 real, 17311.5 MB
[runlim] sample:		1409.9 time, 1410.6 real, 21074.4 MB
[runlim] sample:		1419.9 time, 1420.6 real, 17538.9 MB
[runlim] sample:		1429.9 time, 1430.6 real, 17321.7 MB
[runlim] sample:		1439.9 time, 1440.6 real, 17321.7 MB
[runlim] sample:		1449.9 time, 1450.6 real, 17321.7 MB
[runlim] sample:		1459.8 time, 1460.6 real, 21095.1 MB
[runlim] sample:		1469.9 time, 1470.6 real, 19275.1 MB
[runlim] sample:		1479.9 time, 1480.6 real, 17347.8 MB
[runlim] sample:		1489.9 time, 1490.6 real, 17347.8 MB
[runlim] sample:		1499.9 time, 1500.6 real, 17347.8 MB
[runlim] sample:		1509.9 time, 1510.6 real, 17347.8 MB
[runlim] sample:		1519.8 time, 1520.6 real, 17347.8 MB
[runlim] sample:		1529.8 time, 1530.6 real, 17347.8 MB
[runlim] sample:		1539.9 time, 1540.6 real, 21125.2 MB
[runlim] sample:		1549.9 time, 1550.6 real, 17353.8 MB
[runlim] sample:		1559.9 time, 1560.6 real, 17353.8 MB
[runlim] sample:		1569.9 time, 1570.6 real, 17353.8 MB
[runlim] sample:		1579.8 time, 1580.6 real, 21138.5 MB
[runlim] sample:		1589.8 time, 1590.6 real, 21151.4 MB
[runlim] sample:		1599.8 time, 1600.6 real, 17366.9 MB
[runlim] sample:		1609.8 time, 1610.6 real, 17366.9 MB
[runlim] sample:		1619.8 time, 1620.6 real, 17366.9 MB
[runlim] sample:		1629.8 time, 1630.6 real, 17366.9 MB
[runlim] sample:		1639.8 time, 1640.6 real, 21160.2 MB
[runlim] sample:		1649.8 time, 1650.6 real, 17370.5 MB
[runlim] sample:		1659.8 time, 1660.6 real, 17370.5 MB
[runlim] sample:		1669.8 time, 1670.6 real, 17370.5 MB
[runlim] sample:		1679.8 time, 1680.6 real, 17370.5 MB
[runlim] sample:		1689.8 time, 1690.6 real, 17370.5 MB
[runlim] sample:		1699.8 time, 1700.6 real, 17370.5 MB
[runlim] sample:		1709.8 time, 1710.6 real, 22458.0 MB
[runlim] sample:		1719.8 time, 1720.6 real, 17413.7 MB
[runlim] sample:		1729.8 time, 1730.6 real, 17413.7 MB
[runlim] sample:		1739.8 time, 1740.6 real, 17413.7 MB
[runlim] sample:		1749.8 time, 1750.6 real, 17413.7 MB
[runlim] sample:		1759.8 time, 1760.6 real, 21233.0 MB
[runlim] sample:		1769.8 time, 1770.6 real, 21220.6 MB
[runlim] sample:		1779.8 time, 1780.6 real, 17401.3 MB
[runlim] sample:		1789.8 time, 1790.6 real, 17401.3 MB
c Signal interruption.
[runlim] sample:		1799.8 time, 1800.6 real, 0.0 MB
[runlim] end:			Tue Oct  1 06:26:40 2024
[runlim] status:		out of time
[runlim] result:		2
[runlim] children:		0
[runlim] real:			1801.08 seconds
[runlim] time:			1800.33 seconds
[runlim] space:			22483.2 MB
[runlim] samples:		18005
