[runlim] version:		1.10
[runlim] time limit:		1800 seconds
[runlim] real time limit:	1800 seconds
[runlim] space limit:		30000 MB
[runlim] argv[0]:		/home/truongxuanhieu/AntiBandwidthReconstruct/build/abw_enc
[runlim] argv[1]:		/home/truongxuanhieu/AntiBandwidthReconstruct/build/Benchmarks/O-impcol_d.mtx.rnd
[runlim] argv[2]:		--product
[runlim] argv[3]:		-symetry-break
[runlim] argv[4]:		f
[runlim] start:			Fri Sep 27 03:36:16 2024
[runlim] main pid:		71429
[runlim] log captured:
c LadderEncoder 1.0.
c Symetry breaking in the first node.
c Solving strategy: from LB to UB.
c LB-w = 91 (LB in Sinnl - A note on computational approaches for the antibandwidth problem).
c UB-w = 173 (UB in Sinnl - A note on computational approaches for the antibandwidth problem).
c Antibandwidth problem with w = 91 ( O-impcol_d.mtx.rnd ):
c Initializing CaDiCaL (version 1.2.1).
c	Configuring CaDiCaL as --sat (1).
c Initializing a 2-Product encoder with n = 425.
c Encoding starts with w = 91:
c	Encode symmetry breaking with option: f.
[runlim] sample:		10.0 time, 10.9 real, 6035.4 MB
[runlim] sample:		20.0 time, 20.9 real, 12095.0 MB
[runlim] sample:		30.0 time, 30.9 real, 17021.8 MB
c	Encoding duration: 34s
c	Number of clauses: 198661132
c	Number of irredundant clauses: 198447314
c	Number of variables: 25306180
c SAT Solving starts:
[runlim] sample:		40.0 time, 40.9 real, 19392.2 MB
[runlim] sample:		50.0 time, 50.9 real, 19734.6 MB
[runlim] sample:		60.0 time, 60.9 real, 21005.0 MB
[runlim] sample:		70.0 time, 70.9 real, 24305.6 MB
[runlim] sample:		80.0 time, 80.9 real, 24305.6 MB
[runlim] sample:		90.0 time, 90.9 real, 24306.2 MB
[runlim] sample:		100.0 time, 100.9 real, 24885.8 MB
[runlim] sample:		110.0 time, 110.9 real, 24605.9 MB
[runlim] sample:		120.0 time, 120.9 real, 24496.3 MB
[runlim] sample:		130.0 time, 130.9 real, 25075.7 MB
[runlim] sample:		140.0 time, 140.9 real, 24496.6 MB
[runlim] sample:		150.0 time, 150.9 real, 24516.2 MB
[runlim] sample:		160.0 time, 160.9 real, 23238.4 MB
[runlim] sample:		170.0 time, 170.9 real, 24526.5 MB
[runlim] sample:		180.0 time, 180.9 real, 24540.0 MB
[runlim] sample:		190.0 time, 190.9 real, 24544.8 MB
[runlim] sample:		200.0 time, 200.9 real, 25123.9 MB
[runlim] sample:		210.0 time, 210.9 real, 24552.6 MB
[runlim] sample:		220.0 time, 220.9 real, 28801.7 MB
[runlim] sample:		230.0 time, 230.9 real, 28948.4 MB
c Signal interruption.
[runlim] end:			Fri Sep 27 03:40:14 2024
[runlim] status:		out of memory
[runlim] result:		3
[runlim] children:		0
[runlim] real:			238.64 seconds
[runlim] time:			237.66 seconds
[runlim] space:			30031.3 MB
[runlim] samples:		2377
