[runlim] version:		1.10
[runlim] time limit:		1800 seconds
[runlim] real time limit:	1800 seconds
[runlim] space limit:		30000 MB
[runlim] argv[0]:		/home/truongxuanhieu/AntiBandwidthReconstruct/build/abw_enc
[runlim] argv[1]:		/home/truongxuanhieu/AntiBandwidthReconstruct/build/Benchmarks/O-impcol_d.mtx.rnd
[runlim] argv[2]:		--reduced
[runlim] argv[3]:		-symetry-break
[runlim] argv[4]:		f
[runlim] start:			Tue Oct  1 05:17:38 2024
[runlim] main pid:		55449
[runlim] log captured:
c LadderEncoder 1.0.
c Symetry breaking in the first node.
c Solving strategy: from LB to UB.
c LB-w = 91 (LB in Sinnl - A note on computational approaches for the antibandwidth problem).
c UB-w = 173 (UB in Sinnl - A note on computational approaches for the antibandwidth problem).
c Antibandwidth problem with w = 91 ( O-impcol_d.mtx.rnd ):
c Initializing CaDiCaL (version 1.2.1).
c	Configuring CaDiCaL as --sat (1).
c Initializing a Naive-Reduced encoder with n = 425.
c Encoding starts with w = 91:
c	Encode symmetry breaking with option: f.
[runlim] sample:		10.0 time, 10.3 real, 5745.7 MB
[runlim] sample:		20.0 time, 20.3 real, 11524.9 MB
c	Encoding duration: 21s
c	Number of clauses: 163134832
c	Number of irredundant clauses: 162738755
c	Number of variables: 180625
c SAT Solving starts:
[runlim] sample:		30.0 time, 30.3 real, 12850.6 MB
[runlim] sample:		40.0 time, 40.3 real, 16582.3 MB
[runlim] sample:		50.0 time, 50.3 real, 16582.5 MB
[runlim] sample:		60.0 time, 60.3 real, 16695.9 MB
[runlim] sample:		70.0 time, 70.3 real, 16893.9 MB
[runlim] sample:		80.0 time, 80.3 real, 16922.0 MB
[runlim] sample:		90.0 time, 90.3 real, 20655.5 MB
[runlim] sample:		100.0 time, 100.3 real, 20661.9 MB
[runlim] sample:		110.0 time, 110.3 real, 16929.0 MB
[runlim] sample:		120.0 time, 120.3 real, 16934.4 MB
[runlim] sample:		130.0 time, 130.3 real, 16992.1 MB
[runlim] sample:		140.0 time, 140.3 real, 20747.3 MB
[runlim] sample:		150.0 time, 150.3 real, 21977.3 MB
[runlim] sample:		160.0 time, 160.3 real, 17012.8 MB
[runlim] sample:		170.0 time, 170.3 real, 17041.9 MB
[runlim] sample:		180.0 time, 180.3 real, 17041.9 MB
[runlim] sample:		190.0 time, 190.3 real, 17041.9 MB
[runlim] sample:		200.0 time, 200.3 real, 17043.2 MB
[runlim] sample:		210.0 time, 210.3 real, 17045.8 MB
[runlim] sample:		220.0 time, 220.3 real, 20798.9 MB
[runlim] sample:		230.0 time, 230.3 real, 17052.1 MB
[runlim] sample:		240.0 time, 240.3 real, 17054.4 MB
[runlim] sample:		250.0 time, 250.3 real, 17062.9 MB
[runlim] sample:		260.0 time, 260.3 real, 22050.7 MB
c	Solving duration: 241602 ms
c	Answer: 
s SAT (w = 91)
c	Solution check:
p calculated antibandwidth = 91.
c
c
c Antibandwidth problem with w = 92 ( O-impcol_d.mtx.rnd ):
c Initializing CaDiCaL (version 1.2.1).
c	Configuring CaDiCaL as --sat (1).
c Initializing a Naive-Reduced encoder with n = 425.
c Encoding starts with w = 92:
c	Encode symmetry breaking with option: f.
[runlim] sample:		270.0 time, 270.3 real, 12081.8 MB
[runlim] sample:		280.0 time, 280.3 real, 13348.9 MB
c	Encoding duration: 16s
c	Number of clauses: 163981188
c	Number of irredundant clauses: 163582780
c	Number of variables: 180625
c SAT Solving starts:
[runlim] sample:		290.0 time, 290.3 real, 14013.7 MB
[runlim] sample:		300.0 time, 300.3 real, 17166.8 MB
[runlim] sample:		310.0 time, 310.3 real, 17166.9 MB
[runlim] sample:		320.0 time, 320.3 real, 17167.6 MB
[runlim] sample:		330.0 time, 330.3 real, 17171.0 MB
[runlim] sample:		340.0 time, 340.3 real, 17171.5 MB
[runlim] sample:		350.0 time, 350.3 real, 20924.5 MB
[runlim] sample:		360.0 time, 360.3 real, 20931.4 MB
[runlim] sample:		370.0 time, 370.3 real, 17178.4 MB
[runlim] sample:		380.0 time, 380.3 real, 17178.4 MB
[runlim] sample:		390.0 time, 390.3 real, 17179.0 MB
[runlim] sample:		400.0 time, 400.3 real, 20937.7 MB
[runlim] sample:		410.0 time, 410.3 real, 19677.7 MB
[runlim] sample:		420.0 time, 420.3 real, 17181.6 MB
[runlim] sample:		429.9 time, 430.3 real, 17181.6 MB
[runlim] sample:		440.0 time, 440.3 real, 17181.6 MB
[runlim] sample:		449.9 time, 450.3 real, 17181.6 MB
[runlim] sample:		460.0 time, 460.3 real, 17181.6 MB
[runlim] sample:		470.0 time, 470.3 real, 17181.6 MB
[runlim] sample:		480.0 time, 480.3 real, 20953.7 MB
[runlim] sample:		489.9 time, 490.3 real, 17195.2 MB
[runlim] sample:		499.9 time, 500.3 real, 17195.2 MB
[runlim] sample:		509.9 time, 510.3 real, 17195.2 MB
[runlim] sample:		520.0 time, 520.3 real, 20965.2 MB
[runlim] sample:		530.0 time, 530.3 real, 20995.1 MB
[runlim] sample:		540.0 time, 540.3 real, 17225.1 MB
c	Solving duration: 267729 ms
c	Answer: 
s SAT (w = 92)
c	Solution check:
p calculated antibandwidth = 92.
c
c
c Antibandwidth problem with w = 93 ( O-impcol_d.mtx.rnd ):
c Initializing CaDiCaL (version 1.2.1).
c	Configuring CaDiCaL as --sat (1).
c Initializing a Naive-Reduced encoder with n = 425.
c Encoding starts with w = 93:
c	Encode symmetry breaking with option: f.
[runlim] sample:		550.0 time, 550.3 real, 12135.1 MB
[runlim] sample:		560.0 time, 560.3 real, 12960.9 MB
c	Encoding duration: 17s
c	Number of clauses: 164825010
c	Number of irredundant clauses: 164424278
c	Number of variables: 180625
c SAT Solving starts:
[runlim] sample:		570.0 time, 570.3 real, 13462.0 MB
[runlim] sample:		580.0 time, 580.3 real, 17064.5 MB
[runlim] sample:		590.0 time, 590.3 real, 17234.1 MB
[runlim] sample:		600.0 time, 600.3 real, 17234.4 MB
[runlim] sample:		610.0 time, 610.3 real, 17236.4 MB
[runlim] sample:		619.9 time, 620.3 real, 17236.4 MB
[runlim] sample:		629.9 time, 630.3 real, 17236.4 MB
[runlim] sample:		639.9 time, 640.3 real, 22266.7 MB
[runlim] sample:		650.0 time, 650.3 real, 21029.9 MB
[runlim] sample:		659.9 time, 660.3 real, 17254.1 MB
[runlim] sample:		669.9 time, 670.3 real, 17254.1 MB
[runlim] sample:		679.9 time, 680.3 real, 17254.1 MB
[runlim] sample:		689.9 time, 690.3 real, 22289.0 MB
[runlim] sample:		699.9 time, 700.3 real, 19756.7 MB
[runlim] sample:		709.9 time, 710.3 real, 17247.7 MB
[runlim] sample:		719.9 time, 720.3 real, 17247.7 MB
[runlim] sample:		729.9 time, 730.3 real, 17247.7 MB
[runlim] sample:		739.9 time, 740.3 real, 17247.7 MB
[runlim] sample:		749.9 time, 750.3 real, 17247.7 MB
[runlim] sample:		759.9 time, 760.3 real, 17247.7 MB
[runlim] sample:		769.9 time, 770.3 real, 22294.6 MB
[runlim] sample:		779.9 time, 780.3 real, 17259.9 MB
[runlim] sample:		789.9 time, 790.3 real, 17259.9 MB
[runlim] sample:		799.9 time, 800.3 real, 17259.9 MB
[runlim] sample:		809.9 time, 810.3 real, 22307.7 MB
[runlim] sample:		819.9 time, 820.3 real, 21056.2 MB
[runlim] sample:		829.9 time, 830.3 real, 17262.9 MB
[runlim] sample:		839.9 time, 840.3 real, 17262.9 MB
[runlim] sample:		849.9 time, 850.3 real, 17262.9 MB
[runlim] sample:		859.9 time, 860.3 real, 17262.9 MB
c	Solving duration: 298200 ms
c	Answer: 
s SAT (w = 93)
c	Solution check:
p calculated antibandwidth = 93.
c
c
c Antibandwidth problem with w = 94 ( O-impcol_d.mtx.rnd ):
c Initializing CaDiCaL (version 1.2.1).
c	Configuring CaDiCaL as --sat (1).
c Initializing a Naive-Reduced encoder with n = 425.
c Encoding starts with w = 94:
c	Encode symmetry breaking with option: f.
[runlim] sample:		869.9 time, 870.3 real, 12576.1 MB
[runlim] sample:		879.9 time, 880.3 real, 13308.2 MB
c	Encoding duration: 16s
c	Number of clauses: 165666298
c	Number of irredundant clauses: 165263249
c	Number of variables: 180625
c SAT Solving starts:
[runlim] sample:		889.9 time, 890.3 real, 13504.1 MB
[runlim] sample:		899.9 time, 900.3 real, 17292.2 MB
[runlim] sample:		909.9 time, 910.3 real, 17292.4 MB
[runlim] sample:		919.9 time, 920.3 real, 17295.7 MB
[runlim] sample:		929.9 time, 930.3 real, 17296.0 MB
[runlim] sample:		939.9 time, 940.3 real, 17296.0 MB
[runlim] sample:		949.9 time, 950.3 real, 21090.6 MB
[runlim] sample:		959.9 time, 960.3 real, 21099.0 MB
[runlim] sample:		969.9 time, 970.3 real, 17304.4 MB
[runlim] sample:		979.9 time, 980.3 real, 17304.4 MB
[runlim] sample:		989.9 time, 990.3 real, 17304.4 MB
[runlim] sample:		999.9 time, 1000.3 real, 21104.5 MB
[runlim] sample:		1009.9 time, 1010.3 real, 19829.9 MB
[runlim] sample:		1019.9 time, 1020.3 real, 17308.1 MB
[runlim] sample:		1029.9 time, 1030.3 real, 17308.1 MB
[runlim] sample:		1039.9 time, 1040.3 real, 17308.1 MB
[runlim] sample:		1049.9 time, 1050.3 real, 17308.1 MB
[runlim] sample:		1059.9 time, 1060.3 real, 17308.1 MB
[runlim] sample:		1069.9 time, 1070.3 real, 17308.1 MB
[runlim] sample:		1079.9 time, 1080.3 real, 21116.9 MB
[runlim] sample:		1089.9 time, 1090.3 real, 17316.9 MB
[runlim] sample:		1099.9 time, 1100.3 real, 17316.9 MB
[runlim] sample:		1109.9 time, 1110.3 real, 17316.9 MB
[runlim] sample:		1119.9 time, 1120.3 real, 21121.8 MB
[runlim] sample:		1129.9 time, 1130.3 real, 21157.9 MB
[runlim] sample:		1139.9 time, 1140.3 real, 17353.1 MB
[runlim] sample:		1149.9 time, 1150.3 real, 17353.1 MB
[runlim] sample:		1159.9 time, 1160.3 real, 17353.1 MB
[runlim] sample:		1169.9 time, 1170.3 real, 17353.1 MB
c	Solving duration: 296034 ms
c	Answer: 
s SAT (w = 94)
c	Solution check:
p calculated antibandwidth = 94.
c
c
c Antibandwidth problem with w = 95 ( O-impcol_d.mtx.rnd ):
c Initializing CaDiCaL (version 1.2.1).
c	Configuring CaDiCaL as --sat (1).
c Initializing a Naive-Reduced encoder with n = 425.
c Encoding starts with w = 95:
c	Encode symmetry breaking with option: f.
[runlim] sample:		1179.9 time, 1180.3 real, 12246.6 MB
[runlim] sample:		1189.9 time, 1190.3 real, 13141.4 MB
c	Encoding duration: 16s
c	Number of clauses: 166505052
c	Number of irredundant clauses: 166099693
c	Number of variables: 180625
c SAT Solving starts:
[runlim] sample:		1199.9 time, 1200.3 real, 13547.9 MB
[runlim] sample:		1209.9 time, 1210.3 real, 17354.6 MB
[runlim] sample:		1219.9 time, 1220.3 real, 18622.0 MB
[runlim] sample:		1229.9 time, 1230.3 real, 17354.8 MB
[runlim] sample:		1239.9 time, 1240.3 real, 17355.8 MB
[runlim] sample:		1249.9 time, 1250.3 real, 17355.8 MB
[runlim] sample:		1259.9 time, 1260.3 real, 17355.8 MB
[runlim] sample:		1269.9 time, 1270.3 real, 22434.1 MB
[runlim] sample:		1279.9 time, 1280.3 real, 22444.9 MB
[runlim] sample:		1289.9 time, 1290.3 real, 17366.6 MB
[runlim] sample:		1299.9 time, 1300.3 real, 17366.6 MB
[runlim] sample:		1309.9 time, 1310.3 real, 21183.0 MB
[runlim] sample:		1319.9 time, 1320.3 real, 18466.5 MB
[runlim] sample:		1329.9 time, 1330.3 real, 19901.1 MB
[runlim] sample:		1339.9 time, 1340.3 real, 17366.5 MB
[runlim] sample:		1349.9 time, 1350.3 real, 17366.5 MB
[runlim] sample:		1359.9 time, 1360.3 real, 17366.5 MB
[runlim] sample:		1369.9 time, 1370.3 real, 17366.5 MB
[runlim] sample:		1379.9 time, 1380.3 real, 17366.5 MB
[runlim] sample:		1389.9 time, 1390.3 real, 21192.5 MB
[runlim] sample:		1399.9 time, 1400.3 real, 17375.0 MB
[runlim] sample:		1409.9 time, 1410.3 real, 17375.0 MB
[runlim] sample:		1419.9 time, 1420.3 real, 17375.3 MB
[runlim] sample:		1429.9 time, 1430.3 real, 21205.9 MB
[runlim] sample:		1439.9 time, 1440.3 real, 19202.9 MB
[runlim] sample:		1449.9 time, 1450.3 real, 17390.1 MB
[runlim] sample:		1459.9 time, 1460.3 real, 17390.1 MB
[runlim] sample:		1469.9 time, 1470.3 real, 17390.1 MB
[runlim] sample:		1479.9 time, 1480.3 real, 17390.1 MB
[runlim] sample:		1489.9 time, 1490.3 real, 19057.9 MB
[runlim] sample:		1499.9 time, 1500.3 real, 17384.4 MB
[runlim] sample:		1509.9 time, 1510.3 real, 17384.4 MB
[runlim] sample:		1519.9 time, 1520.3 real, 17384.4 MB
[runlim] sample:		1529.9 time, 1530.3 real, 17384.4 MB
[runlim] sample:		1539.9 time, 1540.3 real, 17384.4 MB
[runlim] sample:		1549.9 time, 1550.3 real, 17384.4 MB
[runlim] sample:		1559.9 time, 1560.3 real, 21284.8 MB
[runlim] sample:		1569.9 time, 1570.3 real, 17450.0 MB
[runlim] sample:		1579.8 time, 1580.3 real, 17450.0 MB
[runlim] sample:		1589.8 time, 1590.3 real, 17450.0 MB
[runlim] sample:		1599.8 time, 1600.3 real, 17450.0 MB
[runlim] sample:		1609.8 time, 1610.3 real, 21370.5 MB
[runlim] sample:		1619.8 time, 1620.3 real, 17471.7 MB
[runlim] sample:		1629.8 time, 1630.3 real, 21404.0 MB
[runlim] sample:		1639.8 time, 1640.3 real, 17482.0 MB
[runlim] sample:		1649.8 time, 1650.3 real, 17482.0 MB
[runlim] sample:		1659.8 time, 1660.3 real, 17482.0 MB
c	Solving duration: 470382 ms
c	Answer: 
s SAT (w = 95)
c	Solution check:
p calculated antibandwidth = 95.
c
c
c Antibandwidth problem with w = 96 ( O-impcol_d.mtx.rnd ):
c Initializing CaDiCaL (version 1.2.1).
c	Configuring CaDiCaL as --sat (1).
c Initializing a Naive-Reduced encoder with n = 425.
c Encoding starts with w = 96:
c	Encode symmetry breaking with option: f.
[runlim] sample:		1669.8 time, 1670.3 real, 12597.9 MB
[runlim] sample:		1679.8 time, 1680.3 real, 13315.9 MB
c	Encoding duration: 17s
c	Number of clauses: 167341272
c	Number of irredundant clauses: 166933610
c	Number of variables: 180625
c SAT Solving starts:
[runlim] sample:		1689.8 time, 1690.3 real, 13588.9 MB
[runlim] sample:		1699.8 time, 1700.3 real, 17415.4 MB
[runlim] sample:		1709.8 time, 1710.3 real, 18689.1 MB
[runlim] sample:		1719.8 time, 1720.3 real, 17415.8 MB
[runlim] sample:		1729.8 time, 1730.3 real, 17417.1 MB
[runlim] sample:		1739.8 time, 1740.3 real, 17417.1 MB
[runlim] sample:		1749.8 time, 1750.3 real, 21249.9 MB
[runlim] sample:		1759.8 time, 1760.3 real, 18849.9 MB
[runlim] sample:		1769.8 time, 1770.3 real, 17424.6 MB
[runlim] sample:		1779.8 time, 1780.3 real, 17424.6 MB
[runlim] sample:		1789.8 time, 1790.3 real, 17424.6 MB
c Signal interruption.
[runlim] sample:		1799.8 time, 1800.3 real, 0.0 MB
[runlim] end:			Tue Oct  1 05:47:38 2024
[runlim] status:		out of time
[runlim] result:		2
[runlim] children:		0
[runlim] real:			1800.92 seconds
[runlim] time:			1800.43 seconds
[runlim] space:			22671.4 MB
[runlim] samples:		18006
