[runlim] version:		1.10
[runlim] time limit:		1800 seconds
[runlim] real time limit:	1800 seconds
[runlim] space limit:		30000 MB
[runlim] argv[0]:		/home/truongxuanhieu/AntiBandwidthReconstruct/build/abw_enc
[runlim] argv[1]:		/home/truongxuanhieu/AntiBandwidthReconstruct/build/Benchmarks/P-can__445.mtx.rnd
[runlim] argv[2]:		--ladder
[runlim] argv[3]:		-symetry-break
[runlim] argv[4]:		f
[runlim] start:			Wed Sep 25 08:36:05 2024
[runlim] main pid:		37889
[runlim] log captured:
c LadderEncoder 1.0.
c Symetry breaking in the first node.
c Solving strategy: from LB to UB.
c LB-w = 78 (LB in Sinnl - A note on computational approaches for the antibandwidth problem).
c UB-w = 120 (UB in Sinnl - A note on computational approaches for the antibandwidth problem).
c Antibandwidth problem with w = 78 ( P-can__445.mtx.rnd ):
c Initializing CaDiCaL (version 1.2.1).
c	Configuring CaDiCaL as --sat (1).
c Initializing a Ladder encoder with n = 445.
c Encoding starts with w = 78:
c	Encode symmetry breaking with option: f.
c	Labels and Vertices aux var: 36490
c	Labels and Vertices constraints:  456570
c	Obj k aux var: 330635
c	Obj k constraints: 3804809
c	Obj k glue staircase constraints: 2450674
c	Encoding duration: 1s
c	Number of clauses: 4261601
c	Number of irredundant clauses: 4260131
c	Number of variables: 565150
c SAT Solving starts:
[runlim] sample:		10.0 time, 10.7 real, 692.7 MB
[runlim] sample:		20.0 time, 20.7 real, 709.2 MB
[runlim] sample:		30.0 time, 30.7 real, 792.5 MB
[runlim] sample:		40.0 time, 40.7 real, 711.4 MB
[runlim] sample:		50.0 time, 50.7 real, 700.3 MB
[runlim] sample:		60.0 time, 60.7 real, 895.7 MB
[runlim] sample:		70.0 time, 70.7 real, 811.8 MB
[runlim] sample:		80.0 time, 80.7 real, 690.9 MB
[runlim] sample:		90.0 time, 90.7 real, 735.3 MB
[runlim] sample:		100.0 time, 100.7 real, 718.6 MB
[runlim] sample:		110.0 time, 110.7 real, 791.9 MB
[runlim] sample:		120.0 time, 120.7 real, 811.2 MB
[runlim] sample:		130.0 time, 130.7 real, 786.7 MB
[runlim] sample:		140.0 time, 140.7 real, 716.0 MB
[runlim] sample:		149.9 time, 150.7 real, 790.2 MB
[runlim] sample:		159.9 time, 160.7 real, 739.7 MB
[runlim] sample:		169.9 time, 170.7 real, 767.5 MB
[runlim] sample:		179.9 time, 180.7 real, 812.1 MB
[runlim] sample:		189.9 time, 190.7 real, 737.0 MB
[runlim] sample:		199.9 time, 200.7 real, 745.1 MB
[runlim] sample:		209.9 time, 210.7 real, 737.5 MB
[runlim] sample:		219.9 time, 220.7 real, 732.5 MB
[runlim] sample:		229.9 time, 230.7 real, 742.0 MB
[runlim] sample:		239.9 time, 240.7 real, 762.9 MB
[runlim] sample:		249.9 time, 250.7 real, 759.7 MB
[runlim] sample:		259.9 time, 260.7 real, 865.2 MB
[runlim] sample:		269.9 time, 270.7 real, 735.0 MB
[runlim] sample:		279.9 time, 280.7 real, 665.9 MB
[runlim] sample:		289.9 time, 290.7 real, 683.3 MB
[runlim] sample:		299.9 time, 300.7 real, 759.0 MB
[runlim] sample:		309.9 time, 310.7 real, 753.4 MB
[runlim] sample:		319.9 time, 320.7 real, 782.2 MB
[runlim] sample:		329.9 time, 330.7 real, 782.2 MB
[runlim] sample:		339.9 time, 340.7 real, 795.3 MB
[runlim] sample:		349.9 time, 350.7 real, 783.4 MB
[runlim] sample:		359.9 time, 360.7 real, 773.2 MB
[runlim] sample:		369.9 time, 370.7 real, 783.3 MB
[runlim] sample:		379.9 time, 380.7 real, 1015.3 MB
[runlim] sample:		389.9 time, 390.7 real, 1015.3 MB
[runlim] sample:		399.9 time, 400.7 real, 1012.0 MB
[runlim] sample:		409.9 time, 410.7 real, 934.3 MB
[runlim] sample:		419.9 time, 420.7 real, 992.0 MB
[runlim] sample:		429.9 time, 430.7 real, 808.9 MB
[runlim] sample:		439.9 time, 440.7 real, 808.9 MB
[runlim] sample:		449.9 time, 450.7 real, 824.6 MB
[runlim] sample:		459.9 time, 460.7 real, 851.2 MB
[runlim] sample:		469.9 time, 470.7 real, 1164.2 MB
[runlim] sample:		479.9 time, 480.7 real, 1164.4 MB
[runlim] sample:		489.9 time, 490.7 real, 1345.9 MB
[runlim] sample:		499.9 time, 500.7 real, 1305.6 MB
[runlim] sample:		509.9 time, 510.7 real, 866.3 MB
[runlim] sample:		519.9 time, 520.7 real, 866.3 MB
[runlim] sample:		529.9 time, 530.7 real, 853.0 MB
[runlim] sample:		539.9 time, 540.7 real, 872.3 MB
[runlim] sample:		549.9 time, 550.7 real, 831.2 MB
[runlim] sample:		559.9 time, 560.7 real, 1013.3 MB
[runlim] sample:		569.9 time, 570.7 real, 821.1 MB
[runlim] sample:		579.9 time, 580.7 real, 842.3 MB
[runlim] sample:		589.9 time, 590.7 real, 865.0 MB
[runlim] sample:		599.9 time, 600.7 real, 1090.1 MB
[runlim] sample:		609.9 time, 610.7 real, 1288.9 MB
[runlim] sample:		619.9 time, 620.7 real, 1791.1 MB
[runlim] sample:		629.9 time, 630.7 real, 1791.1 MB
[runlim] sample:		639.9 time, 640.7 real, 1082.9 MB
[runlim] sample:		649.9 time, 650.7 real, 1241.9 MB
[runlim] sample:		659.9 time, 660.7 real, 1241.9 MB
[runlim] sample:		669.9 time, 670.7 real, 1083.0 MB
[runlim] sample:		679.9 time, 680.7 real, 1263.6 MB
[runlim] sample:		689.9 time, 690.7 real, 1263.6 MB
[runlim] sample:		699.9 time, 700.7 real, 1263.6 MB
[runlim] sample:		709.9 time, 710.7 real, 1103.0 MB
[runlim] sample:		719.9 time, 720.7 real, 1385.3 MB
[runlim] sample:		729.9 time, 730.7 real, 1401.3 MB
[runlim] sample:		739.9 time, 740.7 real, 1122.8 MB
[runlim] sample:		749.9 time, 750.7 real, 1280.5 MB
[runlim] sample:		759.9 time, 760.7 real, 1280.5 MB
[runlim] sample:		769.9 time, 770.7 real, 1123.0 MB
[runlim] sample:		779.9 time, 780.7 real, 1123.0 MB
[runlim] sample:		789.9 time, 790.7 real, 1246.7 MB
[runlim] sample:		799.9 time, 800.7 real, 1821.3 MB
[runlim] sample:		809.9 time, 810.7 real, 2281.9 MB
[runlim] sample:		819.9 time, 820.7 real, 1829.4 MB
[runlim] sample:		829.9 time, 830.7 real, 1217.0 MB
[runlim] sample:		839.9 time, 840.7 real, 1217.0 MB
[runlim] sample:		849.9 time, 850.7 real, 1595.1 MB
[runlim] sample:		859.9 time, 860.7 real, 1615.2 MB
[runlim] sample:		869.9 time, 870.7 real, 1615.2 MB
[runlim] sample:		879.9 time, 880.7 real, 1669.8 MB
[runlim] sample:		889.9 time, 890.7 real, 1669.8 MB
[runlim] sample:		899.9 time, 900.7 real, 1669.8 MB
[runlim] sample:		909.9 time, 910.7 real, 1669.8 MB
[runlim] sample:		919.9 time, 920.7 real, 1941.2 MB
[runlim] sample:		929.9 time, 930.7 real, 1941.2 MB
[runlim] sample:		939.9 time, 940.7 real, 1941.2 MB
[runlim] sample:		949.9 time, 950.7 real, 1941.2 MB
[runlim] sample:		959.9 time, 960.7 real, 1941.2 MB
[runlim] sample:		969.9 time, 970.7 real, 1941.2 MB
[runlim] sample:		979.9 time, 980.7 real, 2004.6 MB
[runlim] sample:		989.9 time, 990.7 real, 2156.9 MB
[runlim] sample:		999.9 time, 1000.7 real, 2305.2 MB
[runlim] sample:		1009.9 time, 1010.7 real, 3727.3 MB
[runlim] sample:		1019.9 time, 1020.7 real, 3023.5 MB
[runlim] sample:		1029.9 time, 1030.7 real, 3023.5 MB
[runlim] sample:		1039.9 time, 1040.7 real, 2055.9 MB
[runlim] sample:		1049.9 time, 1050.7 real, 2055.9 MB
[runlim] sample:		1059.9 time, 1060.7 real, 2055.9 MB
[runlim] sample:		1069.9 time, 1070.7 real, 2055.9 MB
[runlim] sample:		1079.9 time, 1080.7 real, 2055.9 MB
[runlim] sample:		1089.9 time, 1090.7 real, 2782.8 MB
[runlim] sample:		1099.9 time, 1100.7 real, 2476.0 MB
[runlim] sample:		1109.9 time, 1110.7 real, 1958.7 MB
[runlim] sample:		1119.9 time, 1120.7 real, 1958.7 MB
[runlim] sample:		1129.9 time, 1130.7 real, 1733.2 MB
[runlim] sample:		1139.9 time, 1140.7 real, 1733.2 MB
[runlim] sample:		1149.9 time, 1150.7 real, 1733.2 MB
[runlim] sample:		1159.9 time, 1160.7 real, 1733.2 MB
[runlim] sample:		1169.9 time, 1170.7 real, 1733.2 MB
[runlim] sample:		1179.9 time, 1180.7 real, 2449.4 MB
[runlim] sample:		1189.9 time, 1190.7 real, 2449.4 MB
[runlim] sample:		1199.9 time, 1200.7 real, 2449.4 MB
[runlim] sample:		1209.9 time, 1210.7 real, 2064.4 MB
[runlim] sample:		1219.9 time, 1220.7 real, 2064.4 MB
[runlim] sample:		1229.9 time, 1230.7 real, 2064.4 MB
[runlim] sample:		1239.9 time, 1240.7 real, 1733.6 MB
[runlim] sample:		1249.9 time, 1250.7 real, 1905.1 MB
[runlim] sample:		1259.9 time, 1260.7 real, 1905.1 MB
[runlim] sample:		1269.9 time, 1270.7 real, 1905.1 MB
[runlim] sample:		1279.9 time, 1280.7 real, 1905.1 MB
[runlim] sample:		1289.9 time, 1290.7 real, 2392.5 MB
[runlim] sample:		1299.9 time, 1300.7 real, 2392.5 MB
[runlim] sample:		1309.9 time, 1310.7 real, 2513.9 MB
[runlim] sample:		1319.9 time, 1320.7 real, 1697.2 MB
[runlim] sample:		1329.9 time, 1330.7 real, 1697.2 MB
[runlim] sample:		1339.9 time, 1340.7 real, 1697.2 MB
[runlim] sample:		1349.9 time, 1350.7 real, 1697.2 MB
[runlim] sample:		1359.9 time, 1360.7 real, 1697.2 MB
[runlim] sample:		1369.9 time, 1370.7 real, 2541.9 MB
[runlim] sample:		1379.9 time, 1380.7 real, 2541.9 MB
[runlim] sample:		1389.9 time, 1390.7 real, 2541.9 MB
[runlim] sample:		1399.9 time, 1400.7 real, 3090.7 MB
[runlim] sample:		1409.9 time, 1410.7 real, 2246.0 MB
[runlim] sample:		1419.9 time, 1420.7 real, 2235.6 MB
[runlim] sample:		1429.9 time, 1430.7 real, 1697.2 MB
[runlim] sample:		1439.9 time, 1440.7 real, 1697.2 MB
[runlim] sample:		1449.9 time, 1450.7 real, 1697.2 MB
[runlim] sample:		1459.9 time, 1460.7 real, 1697.2 MB
[runlim] sample:		1469.9 time, 1470.7 real, 1697.2 MB
[runlim] sample:		1479.9 time, 1480.7 real, 1697.2 MB
[runlim] sample:		1489.9 time, 1490.7 real, 1697.2 MB
[runlim] sample:		1499.9 time, 1500.7 real, 1697.2 MB
[runlim] sample:		1509.9 time, 1510.7 real, 1697.2 MB
[runlim] sample:		1519.9 time, 1520.7 real, 1697.2 MB
[runlim] sample:		1529.9 time, 1530.7 real, 1697.2 MB
[runlim] sample:		1539.9 time, 1540.7 real, 1697.2 MB
[runlim] sample:		1549.9 time, 1550.7 real, 1697.2 MB
[runlim] sample:		1559.9 time, 1560.7 real, 1697.2 MB
[runlim] sample:		1569.9 time, 1570.7 real, 1697.2 MB
[runlim] sample:		1579.9 time, 1580.7 real, 1697.2 MB
[runlim] sample:		1589.9 time, 1590.7 real, 2245.0 MB
[runlim] sample:		1599.9 time, 1600.7 real, 2245.0 MB
[runlim] sample:		1609.9 time, 1610.7 real, 2245.0 MB
[runlim] sample:		1619.9 time, 1620.7 real, 2245.0 MB
[runlim] sample:		1629.9 time, 1630.7 real, 2245.0 MB
[runlim] sample:		1639.9 time, 1640.7 real, 2245.0 MB
[runlim] sample:		1649.9 time, 1650.7 real, 2539.6 MB
[runlim] sample:		1659.9 time, 1660.7 real, 2539.6 MB
[runlim] sample:		1669.9 time, 1670.7 real, 1697.2 MB
[runlim] sample:		1679.9 time, 1680.7 real, 1697.2 MB
[runlim] sample:		1689.9 time, 1690.7 real, 1697.2 MB
[runlim] sample:		1699.9 time, 1700.7 real, 1697.2 MB
[runlim] sample:		1709.8 time, 1710.7 real, 1697.2 MB
[runlim] sample:		1719.9 time, 1720.7 real, 1697.2 MB
[runlim] sample:		1729.8 time, 1730.7 real, 1697.2 MB
[runlim] sample:		1739.8 time, 1740.7 real, 2186.1 MB
[runlim] sample:		1749.8 time, 1750.7 real, 2186.1 MB
[runlim] sample:		1759.8 time, 1760.7 real, 1697.2 MB
[runlim] sample:		1769.8 time, 1770.7 real, 1705.0 MB
[runlim] sample:		1779.8 time, 1780.7 real, 1705.0 MB
[runlim] sample:		1789.9 time, 1790.7 real, 1705.0 MB
c Signal interruption.
[runlim] end:			Wed Sep 25 09:06:05 2024
[runlim] status:		out of time
[runlim] result:		2
[runlim] children:		0
[runlim] real:			1800.17 seconds
[runlim] time:			1799.25 seconds
[runlim] space:			3727.3 MB
[runlim] samples:		17994
