[runlim] version:		1.10
[runlim] time limit:		1800 seconds
[runlim] real time limit:	1800 seconds
[runlim] space limit:		30000 MB
[runlim] argv[0]:		/home/truongxuanhieu/AntiBandwidthReconstruct/build/abw_enc
[runlim] argv[1]:		/home/truongxuanhieu/AntiBandwidthReconstruct/build/Benchmarks/Q-494_bus.mtx.rnd
[runlim] argv[2]:		--seq
[runlim] argv[3]:		-symetry-break
[runlim] argv[4]:		f
[runlim] start:			Fri Oct  4 04:40:27 2024
[runlim] main pid:		2034
[runlim] log captured:
c LadderEncoder 1.0.
c Symetry breaking in the first node.
c Solving strategy: from LB to UB.
c LB-w = 219 (LB in Sinnl - A note on computational approaches for the antibandwidth problem).
c UB-w = 246 (UB in Sinnl - A note on computational approaches for the antibandwidth problem).
c Antibandwidth problem with w = 219 ( Q-494_bus.mtx.rnd ):
c Initializing CaDiCaL (version 1.2.1).
c	Configuring CaDiCaL as --sat (1).
c Initializing a Sequential encoder with n = 494.
c Encoding starts with w = 219:
c	Encode symmetry breaking with option: f.
[runlim] sample:		10.0 time, 10.9 real, 6930.2 MB
[runlim] sample:		20.0 time, 20.9 real, 13707.0 MB
[runlim] sample:		30.0 time, 30.9 real, 19998.1 MB
[runlim] sample:		40.0 time, 40.9 real, 27899.5 MB
c Signal interruption.
[runlim] end:			Fri Oct  4 04:41:10 2024
[runlim] status:		out of memory
[runlim] result:		3
[runlim] children:		0
[runlim] real:			43.19 seconds
[runlim] time:			42.19 seconds
[runlim] space:			30081.6 MB
[runlim] samples:		422
