[runlim] version:		1.10
[runlim] time limit:		1800 seconds
[runlim] real time limit:	1800 seconds
[runlim] space limit:		30000 MB
[runlim] argv[0]:		/home/truongxuanhieu/AntiBandwidthReconstruct/build/abw_enc
[runlim] argv[1]:		/home/truongxuanhieu/AntiBandwidthReconstruct/build/BenchmarkAdd/Q-494_bus.mtx.rnd
[runlim] argv[2]:		--duplex
[runlim] argv[3]:		-symetry-break
[runlim] argv[4]:		f
[runlim] start:			Fri Sep 27 05:53:19 2024
[runlim] main pid:		75385
[runlim] log captured:
c LadderEncoder 1.0.
c Symetry breaking in the first node.
c Solving strategy: from LB to UB.
c LB-w = 219 (LB in Sinnl - A note on computational approaches for the antibandwidth problem).
c UB-w = 246 (UB in Sinnl - A note on computational approaches for the antibandwidth problem).
c Antibandwidth problem with w = 219 ( Q-494_bus.mtx.rnd ):
c Initializing CaDiCaL (version 1.2.1).
c	Configuring CaDiCaL as --sat (1).
c Initializing a Duplex encoder with n = 494.
c Encoding starts with w = 219:
c	Encode symmetry breaking with option: f.
c	Labels and Vertices aux var: 42484
c	Labels and Vertices constraints:  552292
c	Obj k aux var: 700492
c	Obj k constraints: 2803288
c	Obj k glue staircase constraints: 644014
c	Encoding duration: 1s
c	Number of clauses: 3355827
c	Number of irredundant clauses: 3080463
c	Number of variables: 987012
c SAT Solving starts:
[runlim] sample:		10.0 time, 10.5 real, 664.7 MB
[runlim] sample:		20.0 time, 20.5 real, 658.7 MB
[runlim] sample:		30.0 time, 30.5 real, 708.1 MB
[runlim] sample:		40.0 time, 40.5 real, 709.3 MB
[runlim] sample:		50.0 time, 50.5 real, 712.2 MB
[runlim] sample:		60.0 time, 60.5 real, 717.3 MB
[runlim] sample:		70.0 time, 70.5 real, 720.7 MB
[runlim] sample:		80.0 time, 80.5 real, 679.0 MB
[runlim] sample:		90.0 time, 90.5 real, 668.7 MB
[runlim] sample:		100.0 time, 100.5 real, 715.0 MB
[runlim] sample:		110.0 time, 110.5 real, 721.4 MB
[runlim] sample:		120.0 time, 120.5 real, 748.2 MB
[runlim] sample:		130.0 time, 130.5 real, 726.1 MB
[runlim] sample:		140.0 time, 140.5 real, 726.3 MB
[runlim] sample:		150.0 time, 150.5 real, 725.1 MB
[runlim] sample:		160.0 time, 160.5 real, 668.8 MB
[runlim] sample:		170.0 time, 170.5 real, 813.8 MB
[runlim] sample:		180.0 time, 180.5 real, 685.6 MB
[runlim] sample:		190.0 time, 190.5 real, 671.0 MB
[runlim] sample:		200.0 time, 200.5 real, 706.6 MB
[runlim] sample:		210.0 time, 210.5 real, 668.5 MB
[runlim] sample:		220.0 time, 220.5 real, 680.4 MB
[runlim] sample:		230.0 time, 230.5 real, 646.5 MB
[runlim] sample:		240.0 time, 240.5 real, 755.3 MB
[runlim] sample:		250.0 time, 250.5 real, 770.8 MB
[runlim] sample:		260.0 time, 260.5 real, 737.3 MB
[runlim] sample:		270.0 time, 270.5 real, 734.2 MB
[runlim] sample:		280.0 time, 280.5 real, 765.5 MB
[runlim] sample:		290.0 time, 290.5 real, 765.5 MB
[runlim] sample:		300.0 time, 300.5 real, 801.0 MB
[runlim] sample:		310.0 time, 310.5 real, 801.0 MB
[runlim] sample:		320.0 time, 320.5 real, 857.8 MB
[runlim] sample:		330.0 time, 330.5 real, 800.0 MB
[runlim] sample:		340.0 time, 340.5 real, 752.8 MB
[runlim] sample:		350.0 time, 350.5 real, 685.6 MB
[runlim] sample:		360.0 time, 360.5 real, 859.7 MB
[runlim] sample:		370.0 time, 370.5 real, 778.6 MB
[runlim] sample:		380.0 time, 380.5 real, 800.4 MB
[runlim] sample:		389.9 time, 390.5 real, 800.5 MB
[runlim] sample:		399.9 time, 400.5 real, 803.9 MB
[runlim] sample:		409.9 time, 410.5 real, 803.9 MB
[runlim] sample:		419.9 time, 420.5 real, 821.6 MB
[runlim] sample:		429.9 time, 430.5 real, 758.4 MB
[runlim] sample:		439.9 time, 440.5 real, 773.5 MB
[runlim] sample:		449.9 time, 450.5 real, 773.5 MB
[runlim] sample:		459.9 time, 460.5 real, 843.8 MB
[runlim] sample:		469.9 time, 470.5 real, 818.2 MB
[runlim] sample:		479.9 time, 480.5 real, 774.7 MB
[runlim] sample:		489.9 time, 490.5 real, 799.3 MB
[runlim] sample:		499.9 time, 500.5 real, 805.1 MB
[runlim] sample:		509.9 time, 510.5 real, 806.2 MB
[runlim] sample:		519.9 time, 520.5 real, 797.7 MB
[runlim] sample:		529.9 time, 530.5 real, 802.0 MB
[runlim] sample:		539.9 time, 540.5 real, 855.7 MB
[runlim] sample:		549.9 time, 550.5 real, 792.6 MB
[runlim] sample:		559.9 time, 560.5 real, 805.0 MB
[runlim] sample:		569.9 time, 570.5 real, 805.0 MB
[runlim] sample:		579.9 time, 580.5 real, 805.0 MB
[runlim] sample:		589.9 time, 590.5 real, 836.4 MB
[runlim] sample:		599.9 time, 600.5 real, 836.4 MB
[runlim] sample:		609.9 time, 610.5 real, 786.2 MB
[runlim] sample:		619.9 time, 620.5 real, 803.1 MB
[runlim] sample:		629.9 time, 630.5 real, 811.8 MB
[runlim] sample:		639.9 time, 640.5 real, 811.8 MB
[runlim] sample:		649.9 time, 650.5 real, 845.8 MB
[runlim] sample:		659.9 time, 660.5 real, 892.4 MB
[runlim] sample:		669.9 time, 670.5 real, 825.4 MB
[runlim] sample:		679.9 time, 680.5 real, 825.4 MB
[runlim] sample:		689.9 time, 690.5 real, 828.1 MB
[runlim] sample:		699.9 time, 700.5 real, 865.2 MB
[runlim] sample:		709.9 time, 710.5 real, 824.6 MB
[runlim] sample:		719.9 time, 720.5 real, 952.0 MB
[runlim] sample:		729.9 time, 730.5 real, 858.3 MB
[runlim] sample:		739.9 time, 740.5 real, 858.3 MB
[runlim] sample:		749.9 time, 750.5 real, 959.1 MB
[runlim] sample:		759.9 time, 760.5 real, 959.1 MB
[runlim] sample:		769.9 time, 770.5 real, 916.1 MB
[runlim] sample:		779.9 time, 780.5 real, 940.5 MB
[runlim] sample:		789.9 time, 790.5 real, 862.4 MB
[runlim] sample:		799.9 time, 800.5 real, 862.4 MB
[runlim] sample:		809.9 time, 810.5 real, 937.0 MB
[runlim] sample:		819.9 time, 820.5 real, 937.0 MB
[runlim] sample:		829.9 time, 830.5 real, 931.9 MB
[runlim] sample:		839.9 time, 840.5 real, 1086.0 MB
[runlim] sample:		849.9 time, 850.5 real, 805.8 MB
[runlim] sample:		859.9 time, 860.5 real, 866.9 MB
[runlim] sample:		869.9 time, 870.5 real, 840.9 MB
[runlim] sample:		879.9 time, 880.5 real, 852.3 MB
[runlim] sample:		889.9 time, 890.5 real, 805.7 MB
[runlim] sample:		899.9 time, 900.5 real, 963.4 MB
[runlim] sample:		909.9 time, 910.5 real, 850.2 MB
[runlim] sample:		919.9 time, 920.5 real, 862.2 MB
[runlim] sample:		929.9 time, 930.5 real, 862.2 MB
[runlim] sample:		939.9 time, 940.5 real, 845.8 MB
[runlim] sample:		949.9 time, 950.5 real, 847.8 MB
[runlim] sample:		959.9 time, 960.5 real, 805.1 MB
[runlim] sample:		969.9 time, 970.5 real, 850.2 MB
[runlim] sample:		979.9 time, 980.5 real, 850.2 MB
[runlim] sample:		989.9 time, 990.5 real, 906.4 MB
[runlim] sample:		999.9 time, 1000.5 real, 906.4 MB
[runlim] sample:		1009.9 time, 1010.5 real, 906.4 MB
[runlim] sample:		1019.9 time, 1020.5 real, 921.4 MB
[runlim] sample:		1029.9 time, 1030.5 real, 1123.6 MB
[runlim] sample:		1039.9 time, 1040.5 real, 1123.6 MB
[runlim] sample:		1049.9 time, 1050.5 real, 1123.6 MB
[runlim] sample:		1059.9 time, 1060.5 real, 1108.1 MB
[runlim] sample:		1069.9 time, 1070.5 real, 1006.5 MB
[runlim] sample:		1079.9 time, 1080.5 real, 1006.5 MB
[runlim] sample:		1089.9 time, 1090.5 real, 1006.5 MB
[runlim] sample:		1099.9 time, 1100.5 real, 1118.3 MB
[runlim] sample:		1109.9 time, 1110.5 real, 1118.3 MB
[runlim] sample:		1119.9 time, 1120.5 real, 1118.3 MB
[runlim] sample:		1129.9 time, 1130.5 real, 1000.3 MB
[runlim] sample:		1139.9 time, 1140.5 real, 945.5 MB
[runlim] sample:		1149.9 time, 1150.5 real, 887.9 MB
[runlim] sample:		1159.9 time, 1160.5 real, 887.9 MB
[runlim] sample:		1169.9 time, 1170.5 real, 951.0 MB
[runlim] sample:		1179.9 time, 1180.5 real, 951.0 MB
[runlim] sample:		1189.9 time, 1190.5 real, 951.0 MB
[runlim] sample:		1199.9 time, 1200.5 real, 1011.2 MB
[runlim] sample:		1209.9 time, 1210.5 real, 1011.2 MB
[runlim] sample:		1219.9 time, 1220.5 real, 1011.2 MB
[runlim] sample:		1229.9 time, 1230.5 real, 997.0 MB
[runlim] sample:		1239.9 time, 1240.5 real, 1026.6 MB
[runlim] sample:		1249.9 time, 1250.5 real, 1048.4 MB
[runlim] sample:		1259.9 time, 1260.5 real, 969.0 MB
[runlim] sample:		1269.9 time, 1270.5 real, 969.0 MB
[runlim] sample:		1279.9 time, 1280.5 real, 1013.5 MB
[runlim] sample:		1289.9 time, 1290.5 real, 989.5 MB
[runlim] sample:		1299.9 time, 1300.5 real, 989.5 MB
[runlim] sample:		1309.9 time, 1310.5 real, 938.3 MB
[runlim] sample:		1319.9 time, 1320.5 real, 938.3 MB
[runlim] sample:		1329.9 time, 1330.5 real, 963.9 MB
[runlim] sample:		1339.9 time, 1340.5 real, 963.9 MB
[runlim] sample:		1349.9 time, 1350.5 real, 1014.2 MB
[runlim] sample:		1359.9 time, 1360.5 real, 964.4 MB
[runlim] sample:		1369.9 time, 1370.5 real, 964.4 MB
[runlim] sample:		1379.9 time, 1380.5 real, 978.2 MB
[runlim] sample:		1389.9 time, 1390.5 real, 978.2 MB
[runlim] sample:		1399.9 time, 1400.5 real, 978.2 MB
[runlim] sample:		1409.9 time, 1410.5 real, 972.9 MB
[runlim] sample:		1419.9 time, 1420.5 real, 972.9 MB
[runlim] sample:		1429.9 time, 1430.5 real, 984.2 MB
[runlim] sample:		1439.9 time, 1440.5 real, 947.9 MB
[runlim] sample:		1449.9 time, 1450.5 real, 959.2 MB
[runlim] sample:		1459.9 time, 1460.5 real, 959.2 MB
[runlim] sample:		1469.9 time, 1470.5 real, 959.2 MB
[runlim] sample:		1479.9 time, 1480.5 real, 990.4 MB
[runlim] sample:		1489.9 time, 1490.5 real, 1005.9 MB
[runlim] sample:		1499.9 time, 1500.5 real, 971.8 MB
[runlim] sample:		1509.9 time, 1510.5 real, 928.5 MB
[runlim] sample:		1519.9 time, 1520.5 real, 1150.4 MB
[runlim] sample:		1529.9 time, 1530.5 real, 963.7 MB
[runlim] sample:		1539.9 time, 1540.5 real, 963.7 MB
[runlim] sample:		1549.9 time, 1550.5 real, 995.6 MB
[runlim] sample:		1559.9 time, 1560.5 real, 995.6 MB
[runlim] sample:		1569.9 time, 1570.5 real, 1038.8 MB
[runlim] sample:		1579.9 time, 1580.5 real, 1006.6 MB
[runlim] sample:		1589.9 time, 1590.5 real, 982.5 MB
[runlim] sample:		1599.9 time, 1600.5 real, 982.5 MB
[runlim] sample:		1609.9 time, 1610.5 real, 976.1 MB
[runlim] sample:		1619.9 time, 1620.5 real, 976.1 MB
[runlim] sample:		1629.9 time, 1630.5 real, 942.7 MB
[runlim] sample:		1639.9 time, 1640.5 real, 1028.1 MB
[runlim] sample:		1649.9 time, 1650.5 real, 1014.6 MB
[runlim] sample:		1659.9 time, 1660.5 real, 1014.6 MB
[runlim] sample:		1669.9 time, 1670.5 real, 1014.6 MB
[runlim] sample:		1679.9 time, 1680.5 real, 1014.6 MB
[runlim] sample:		1689.9 time, 1690.5 real, 1034.8 MB
[runlim] sample:		1699.9 time, 1700.5 real, 1034.8 MB
[runlim] sample:		1709.9 time, 1710.5 real, 955.7 MB
[runlim] sample:		1719.9 time, 1720.5 real, 955.7 MB
[runlim] sample:		1729.9 time, 1730.5 real, 953.6 MB
[runlim] sample:		1739.9 time, 1740.5 real, 987.3 MB
[runlim] sample:		1749.9 time, 1750.5 real, 987.3 MB
[runlim] sample:		1759.9 time, 1760.5 real, 987.3 MB
[runlim] sample:		1769.9 time, 1770.5 real, 1044.7 MB
[runlim] sample:		1779.9 time, 1780.5 real, 1048.9 MB
[runlim] sample:		1789.9 time, 1790.5 real, 1048.9 MB
c Signal interruption.
[runlim] end:			Fri Sep 27 06:23:19 2024
[runlim] status:		out of time
[runlim] result:		2
[runlim] children:		0
[runlim] real:			1800.11 seconds
[runlim] time:			1799.47 seconds
[runlim] space:			1443.3 MB
[runlim] samples:		17996
