[runlim] version:		1.10
[runlim] time limit:		1800 seconds
[runlim] real time limit:	1800 seconds
[runlim] space limit:		30000 MB
[runlim] argv[0]:		/home/truongxuanhieu/AntiBandwidthReconstruct/build/abw_enc
[runlim] argv[1]:		/home/truongxuanhieu/AntiBandwidthReconstruct/build/Benchmarks/T-dwt__592.mtx.rnd
[runlim] argv[2]:		--reduced
[runlim] argv[3]:		-symetry-break
[runlim] argv[4]:		f
[runlim] start:			Tue Oct  1 05:50:14 2024
[runlim] main pid:		55620
[runlim] log captured:
c LadderEncoder 1.0.
c Symetry breaking in the first node.
c Solving strategy: from LB to UB.
c LB-w = 103 (LB in Sinnl - A note on computational approaches for the antibandwidth problem).
c UB-w = 150 (UB in Sinnl - A note on computational approaches for the antibandwidth problem).
c Antibandwidth problem with w = 103 ( T-dwt__592.mtx.rnd ):
c Initializing CaDiCaL (version 1.2.1).
c	Configuring CaDiCaL as --sat (1).
c Initializing a Naive-Reduced encoder with n = 592.
c Encoding starts with w = 103:
c	Encode symmetry breaking with option: f.
[runlim] sample:		10.0 time, 10.3 real, 6227.3 MB
[runlim] sample:		20.0 time, 20.3 real, 12129.6 MB
[runlim] sample:		30.0 time, 30.3 real, 16755.5 MB
[runlim] sample:		40.0 time, 40.3 real, 22099.6 MB
[runlim] sample:		50.0 time, 50.3 real, 27531.2 MB
c Signal interruption.
[runlim] end:			Tue Oct  1 05:51:11 2024
[runlim] status:		out of memory
[runlim] result:		3
[runlim] children:		0
[runlim] real:			57.21 seconds
[runlim] time:			56.88 seconds
[runlim] space:			30029.5 MB
[runlim] samples:		569
