[runlim] version:		1.10
[runlim] time limit:		1800 seconds
[runlim] real time limit:	1800 seconds
[runlim] space limit:		30000 MB
[runlim] argv[0]:		/home/truongxuanhieu/AntiBandwidthReconstruct/build/abw_enc
[runlim] argv[1]:		/home/truongxuanhieu/AntiBandwidthReconstruct/build/BenchmarkAdd/T-dwt__592.mtx.rnd
[runlim] argv[2]:		--duplex
[runlim] argv[3]:		-symetry-break
[runlim] argv[4]:		f
[runlim] start:			Fri Sep 27 07:23:36 2024
[runlim] main pid:		75834
[runlim] log captured:
c LadderEncoder 1.0.
c Symetry breaking in the first node.
c Solving strategy: from LB to UB.
c LB-w = 103 (LB in Sinnl - A note on computational approaches for the antibandwidth problem).
c UB-w = 150 (UB in Sinnl - A note on computational approaches for the antibandwidth problem).
c Antibandwidth problem with w = 103 ( T-dwt__592.mtx.rnd ):
c Initializing CaDiCaL (version 1.2.1).
c	Configuring CaDiCaL as --sat (1).
c Initializing a Duplex encoder with n = 592.
c Encoding starts with w = 103:
c	Encode symmetry breaking with option: f.
c	Labels and Vertices aux var: 55648
c	Labels and Vertices constraints:  792096
c	Obj k aux var: 1176896
c	Obj k constraints: 8201472
c	Obj k glue staircase constraints: 4390176
c	Encoding duration: 3s
c	Number of clauses: 8993864
c	Number of irredundant clauses: 8404691
c	Number of variables: 1583008
c SAT Solving starts:
[runlim] sample:		10.0 time, 10.1 real, 1474.4 MB
[runlim] sample:		20.0 time, 20.1 real, 1465.3 MB
[runlim] sample:		30.0 time, 30.1 real, 1483.9 MB
[runlim] sample:		40.0 time, 40.1 real, 1490.1 MB
[runlim] sample:		50.0 time, 50.1 real, 1487.9 MB
[runlim] sample:		60.0 time, 60.1 real, 1485.0 MB
[runlim] sample:		70.0 time, 70.1 real, 1486.0 MB
[runlim] sample:		80.0 time, 80.1 real, 1455.6 MB
[runlim] sample:		90.0 time, 90.1 real, 1501.6 MB
[runlim] sample:		100.0 time, 100.1 real, 1498.3 MB
[runlim] sample:		110.0 time, 110.1 real, 1498.3 MB
[runlim] sample:		120.0 time, 120.1 real, 1518.2 MB
[runlim] sample:		130.0 time, 130.1 real, 1547.7 MB
[runlim] sample:		140.0 time, 140.1 real, 1547.6 MB
[runlim] sample:		150.0 time, 150.1 real, 1494.4 MB
[runlim] sample:		160.0 time, 160.1 real, 1494.3 MB
[runlim] sample:		169.9 time, 170.1 real, 1492.0 MB
[runlim] sample:		179.9 time, 180.1 real, 1486.1 MB
[runlim] sample:		189.9 time, 190.1 real, 1485.2 MB
[runlim] sample:		199.9 time, 200.1 real, 1490.8 MB
[runlim] sample:		209.9 time, 210.1 real, 1543.0 MB
[runlim] sample:		219.9 time, 220.1 real, 1457.0 MB
[runlim] sample:		229.9 time, 230.1 real, 1465.9 MB
[runlim] sample:		239.9 time, 240.1 real, 1465.9 MB
[runlim] sample:		249.9 time, 250.1 real, 1472.9 MB
[runlim] sample:		259.9 time, 260.1 real, 1502.3 MB
[runlim] sample:		269.9 time, 270.1 real, 1698.4 MB
[runlim] sample:		279.9 time, 280.1 real, 1494.4 MB
[runlim] sample:		289.9 time, 290.1 real, 1494.4 MB
[runlim] sample:		299.9 time, 300.1 real, 1523.2 MB
[runlim] sample:		309.9 time, 310.1 real, 1497.4 MB
[runlim] sample:		319.9 time, 320.1 real, 1497.3 MB
[runlim] sample:		329.9 time, 330.1 real, 1495.0 MB
[runlim] sample:		339.9 time, 340.1 real, 1495.2 MB
[runlim] sample:		349.9 time, 350.1 real, 1733.8 MB
[runlim] sample:		359.9 time, 360.1 real, 1636.1 MB
[runlim] sample:		369.9 time, 370.1 real, 1627.2 MB
[runlim] sample:		379.9 time, 380.1 real, 1627.8 MB
[runlim] sample:		389.9 time, 390.1 real, 1627.8 MB
[runlim] sample:		399.9 time, 400.1 real, 1627.9 MB
[runlim] sample:		409.9 time, 410.1 real, 1742.1 MB
[runlim] sample:		419.9 time, 420.1 real, 1742.1 MB
[runlim] sample:		429.9 time, 430.1 real, 1742.1 MB
[runlim] sample:		439.9 time, 440.1 real, 1880.0 MB
[runlim] sample:		449.9 time, 450.1 real, 1899.0 MB
[runlim] sample:		459.9 time, 460.1 real, 1903.8 MB
[runlim] sample:		469.9 time, 470.1 real, 1499.8 MB
[runlim] sample:		479.9 time, 480.1 real, 1477.5 MB
[runlim] sample:		489.9 time, 490.1 real, 1482.6 MB
[runlim] sample:		499.9 time, 500.1 real, 1482.5 MB
[runlim] sample:		509.9 time, 510.1 real, 1482.5 MB
[runlim] sample:		519.9 time, 520.1 real, 1468.5 MB
[runlim] sample:		529.9 time, 530.1 real, 1479.6 MB
[runlim] sample:		539.9 time, 540.1 real, 1497.7 MB
[runlim] sample:		549.9 time, 550.1 real, 1497.7 MB
[runlim] sample:		559.9 time, 560.1 real, 1497.7 MB
[runlim] sample:		569.9 time, 570.1 real, 1534.3 MB
[runlim] sample:		579.9 time, 580.1 real, 1534.3 MB
[runlim] sample:		589.9 time, 590.1 real, 1547.9 MB
[runlim] sample:		599.9 time, 600.1 real, 1752.1 MB
[runlim] sample:		609.9 time, 610.1 real, 1752.1 MB
[runlim] sample:		619.9 time, 620.1 real, 1752.1 MB
[runlim] sample:		629.9 time, 630.1 real, 1782.9 MB
[runlim] sample:		639.9 time, 640.1 real, 1797.8 MB
[runlim] sample:		649.9 time, 650.1 real, 1798.0 MB
[runlim] sample:		659.9 time, 660.1 real, 1471.9 MB
[runlim] sample:		669.9 time, 670.1 real, 1471.9 MB
[runlim] sample:		679.9 time, 680.1 real, 1529.8 MB
[runlim] sample:		689.9 time, 690.1 real, 1529.9 MB
[runlim] sample:		699.9 time, 700.1 real, 1524.8 MB
[runlim] sample:		709.9 time, 710.1 real, 1478.4 MB
[runlim] sample:		719.9 time, 720.1 real, 1490.6 MB
[runlim] sample:		729.9 time, 730.1 real, 1525.5 MB
[runlim] sample:		739.9 time, 740.1 real, 1484.8 MB
[runlim] sample:		749.9 time, 750.1 real, 1484.8 MB
[runlim] sample:		759.9 time, 760.1 real, 1499.2 MB
[runlim] sample:		769.9 time, 770.1 real, 1498.3 MB
[runlim] sample:		779.9 time, 780.1 real, 1498.3 MB
[runlim] sample:		789.9 time, 790.1 real, 1521.8 MB
[runlim] sample:		799.9 time, 800.1 real, 1822.0 MB
[runlim] sample:		809.9 time, 810.1 real, 1615.7 MB
[runlim] sample:		819.9 time, 820.1 real, 1608.6 MB
[runlim] sample:		829.9 time, 830.1 real, 1608.6 MB
[runlim] sample:		839.9 time, 840.1 real, 1667.5 MB
[runlim] sample:		849.9 time, 850.1 real, 1692.9 MB
[runlim] sample:		859.9 time, 860.1 real, 1702.8 MB
[runlim] sample:		869.9 time, 870.1 real, 1702.8 MB
[runlim] sample:		879.9 time, 880.1 real, 1630.1 MB
[runlim] sample:		889.9 time, 890.1 real, 1692.6 MB
[runlim] sample:		899.9 time, 900.1 real, 1584.0 MB
[runlim] sample:		909.9 time, 910.1 real, 1544.1 MB
[runlim] sample:		919.9 time, 920.1 real, 1591.3 MB
[runlim] sample:		929.9 time, 930.1 real, 1619.8 MB
[runlim] sample:		939.9 time, 940.1 real, 1620.5 MB
[runlim] sample:		949.9 time, 950.1 real, 1868.6 MB
[runlim] sample:		959.9 time, 960.1 real, 2108.4 MB
[runlim] sample:		969.9 time, 970.1 real, 1632.0 MB
[runlim] sample:		979.9 time, 980.1 real, 1643.2 MB
[runlim] sample:		989.9 time, 990.1 real, 1845.8 MB
[runlim] sample:		999.9 time, 1000.1 real, 1707.1 MB
[runlim] sample:		1009.9 time, 1010.1 real, 1978.2 MB
[runlim] sample:		1019.9 time, 1020.1 real, 1673.8 MB
[runlim] sample:		1029.9 time, 1030.1 real, 1633.9 MB
[runlim] sample:		1039.9 time, 1040.1 real, 1681.2 MB
[runlim] sample:		1049.9 time, 1050.1 real, 1681.2 MB
[runlim] sample:		1059.9 time, 1060.1 real, 1776.3 MB
[runlim] sample:		1069.9 time, 1070.1 real, 1612.1 MB
[runlim] sample:		1079.9 time, 1080.1 real, 1565.0 MB
[runlim] sample:		1089.9 time, 1090.1 real, 1623.3 MB
[runlim] sample:		1099.9 time, 1100.1 real, 1623.3 MB
[runlim] sample:		1109.9 time, 1110.1 real, 1595.2 MB
[runlim] sample:		1119.9 time, 1120.1 real, 1595.2 MB
[runlim] sample:		1129.9 time, 1130.1 real, 1595.2 MB
[runlim] sample:		1139.9 time, 1140.1 real, 1552.7 MB
[runlim] sample:		1149.9 time, 1150.1 real, 1564.9 MB
[runlim] sample:		1159.9 time, 1160.1 real, 1564.9 MB
[runlim] sample:		1169.9 time, 1170.1 real, 1577.3 MB
[runlim] sample:		1179.9 time, 1180.1 real, 1742.3 MB
[runlim] sample:		1189.8 time, 1190.1 real, 1898.0 MB
[runlim] sample:		1199.9 time, 1200.1 real, 2039.9 MB
[runlim] sample:		1209.8 time, 1210.1 real, 2681.6 MB
[runlim] sample:		1219.8 time, 1220.1 real, 2681.6 MB
[runlim] sample:		1229.9 time, 1230.1 real, 2138.1 MB
[runlim] sample:		1239.9 time, 1240.1 real, 2138.1 MB
[runlim] sample:		1249.9 time, 1250.1 real, 1983.0 MB
[runlim] sample:		1259.9 time, 1260.1 real, 1983.0 MB
[runlim] sample:		1269.9 time, 1270.1 real, 1941.6 MB
[runlim] sample:		1279.9 time, 1280.1 real, 1941.6 MB
[runlim] sample:		1289.8 time, 1290.1 real, 1941.6 MB
[runlim] sample:		1299.8 time, 1300.1 real, 1941.6 MB
[runlim] sample:		1309.8 time, 1310.1 real, 1941.6 MB
[runlim] sample:		1319.8 time, 1320.1 real, 1941.6 MB
[runlim] sample:		1329.8 time, 1330.1 real, 2563.0 MB
[runlim] sample:		1339.8 time, 1340.1 real, 2563.0 MB
[runlim] sample:		1349.8 time, 1350.1 real, 2236.3 MB
[runlim] sample:		1359.8 time, 1360.1 real, 2236.3 MB
[runlim] sample:		1369.8 time, 1370.1 real, 2276.6 MB
[runlim] sample:		1379.8 time, 1380.1 real, 2059.8 MB
[runlim] sample:		1389.8 time, 1390.1 real, 2059.8 MB
[runlim] sample:		1399.8 time, 1400.1 real, 2059.8 MB
[runlim] sample:		1409.8 time, 1410.1 real, 2059.8 MB
[runlim] sample:		1419.8 time, 1420.1 real, 2059.8 MB
[runlim] sample:		1429.8 time, 1430.1 real, 2059.8 MB
[runlim] sample:		1439.8 time, 1440.1 real, 2059.8 MB
[runlim] sample:		1449.8 time, 1450.1 real, 2162.6 MB
[runlim] sample:		1459.8 time, 1460.1 real, 2276.8 MB
[runlim] sample:		1469.8 time, 1470.1 real, 3167.6 MB
[runlim] sample:		1479.8 time, 1480.1 real, 3167.6 MB
[runlim] sample:		1489.8 time, 1490.1 real, 3167.9 MB
[runlim] sample:		1499.8 time, 1500.1 real, 3167.9 MB
[runlim] sample:		1509.8 time, 1510.1 real, 3167.9 MB
[runlim] sample:		1519.8 time, 1520.1 real, 3167.9 MB
[runlim] sample:		1529.8 time, 1530.1 real, 3167.9 MB
[runlim] sample:		1539.8 time, 1540.1 real, 3167.9 MB
[runlim] sample:		1549.8 time, 1550.1 real, 3167.9 MB
[runlim] sample:		1559.8 time, 1560.1 real, 3168.4 MB
[runlim] sample:		1569.8 time, 1570.1 real, 3296.0 MB
[runlim] sample:		1579.8 time, 1580.1 real, 3476.5 MB
[runlim] sample:		1589.8 time, 1590.1 real, 3646.1 MB
[runlim] sample:		1599.8 time, 1600.1 real, 3799.8 MB
[runlim] sample:		1609.8 time, 1610.1 real, 3907.8 MB
[runlim] sample:		1619.8 time, 1620.1 real, 4646.1 MB
[runlim] sample:		1629.8 time, 1630.1 real, 4587.5 MB
[runlim] sample:		1639.8 time, 1640.1 real, 4587.5 MB
[runlim] sample:		1649.8 time, 1650.1 real, 4587.5 MB
[runlim] sample:		1659.8 time, 1660.1 real, 3181.3 MB
[runlim] sample:		1669.8 time, 1670.1 real, 2933.8 MB
[runlim] sample:		1679.8 time, 1680.1 real, 2892.6 MB
[runlim] sample:		1689.8 time, 1690.1 real, 2892.6 MB
[runlim] sample:		1699.8 time, 1700.1 real, 2892.6 MB
[runlim] sample:		1709.8 time, 1710.1 real, 2915.6 MB
[runlim] sample:		1719.8 time, 1720.1 real, 2915.6 MB
[runlim] sample:		1729.8 time, 1730.1 real, 2915.6 MB
[runlim] sample:		1739.8 time, 1740.1 real, 2938.2 MB
[runlim] sample:		1749.8 time, 1750.1 real, 2938.2 MB
[runlim] sample:		1759.8 time, 1760.1 real, 2975.6 MB
[runlim] sample:		1769.8 time, 1770.1 real, 2975.6 MB
[runlim] sample:		1779.8 time, 1780.1 real, 3026.8 MB
[runlim] sample:		1789.8 time, 1790.1 real, 3252.1 MB
c Signal interruption.
[runlim] sample:		1799.8 time, 1800.1 real, 0.0 MB
[runlim] end:			Fri Sep 27 07:53:36 2024
[runlim] status:		out of time
[runlim] result:		2
[runlim] children:		0
[runlim] real:			1800.14 seconds
[runlim] time:			1799.83 seconds
[runlim] space:			5892.7 MB
[runlim] samples:		18000
