[runlim] version:		1.10
[runlim] time limit:		1800 seconds
[runlim] real time limit:	1800 seconds
[runlim] space limit:		30000 MB
[runlim] argv[0]:		/home/hvanh28/AntiBandwidthReconstruct/build/abw_enc
[runlim] argv[1]:		/home/hvanh28/AntiBandwidthReconstruct/build/Benchmarks/T-dwt__592.mtx.rnd
[runlim] argv[2]:		--reduced
[runlim] argv[3]:		-symetry-break
[runlim] argv[4]:		f
[runlim] start:			Fri Sep 27 03:19:27 2024
[runlim] main pid:		98134
[runlim] log captured:
c LadderEncoder 1.0.
c Symetry breaking in the first node.
c Solving strategy: from LB to UB.
c LB-w = 103 (LB in Sinnl - A note on computational approaches for the antibandwidth problem).
c UB-w = 150 (UB in Sinnl - A note on computational approaches for the antibandwidth problem).
c Antibandwidth problem with w = 103 ( T-dwt__592.mtx.rnd ):
c Initializing CaDiCaL (version 1.2.1).
c	Configuring CaDiCaL as --sat (1).
c Initializing a Naive-Reduced encoder with n = 592.
c Encoding starts with w = 103:
c	Encode symmetry breaking with option: f.
[runlim] sample:		10.0 time, 10.7 real, 3486.2 MB
[runlim] sample:		20.0 time, 20.7 real, 6955.5 MB
[runlim] sample:		30.0 time, 30.7 real, 10302.9 MB
[runlim] sample:		40.0 time, 40.7 real, 12932.1 MB
[runlim] sample:		50.0 time, 50.7 real, 15300.3 MB
[runlim] sample:		60.0 time, 60.7 real, 17763.1 MB
[runlim] sample:		70.0 time, 70.7 real, 20765.0 MB
[runlim] sample:		80.0 time, 80.7 real, 23065.1 MB
[runlim] sample:		90.0 time, 90.7 real, 25292.6 MB
[runlim] sample:		100.0 time, 100.7 real, 27463.4 MB
[runlim] sample:		110.0 time, 110.7 real, 29662.0 MB
c Signal interruption.
[runlim] end:			Fri Sep 27 03:21:20 2024
[runlim] status:		out of memory
[runlim] result:		3
[runlim] children:		0
[runlim] real:			113.73 seconds
[runlim] time:			112.96 seconds
[runlim] space:			30002.5 MB
[runlim] samples:		1130
