[runlim] version:		1.10
[runlim] time limit:		1800 seconds
[runlim] real time limit:	1800 seconds
[runlim] space limit:		30000 MB
[runlim] argv[0]:		/home/truongxuanhieu/AntiBandwidthReconstruct/build/abw_enc
[runlim] argv[1]:		/home/truongxuanhieu/AntiBandwidthReconstruct/build/Benchmarks/T-dwt__592.mtx.rnd
[runlim] argv[2]:		--ladder
[runlim] argv[3]:		-symetry-break
[runlim] argv[4]:		f
[runlim] start:			Wed Sep 25 10:36:16 2024
[runlim] main pid:		40177
[runlim] log captured:
c LadderEncoder 1.0.
c Symetry breaking in the first node.
c Solving strategy: from LB to UB.
c LB-w = 103 (LB in Sinnl - A note on computational approaches for the antibandwidth problem).
c UB-w = 150 (UB in Sinnl - A note on computational approaches for the antibandwidth problem).
c Antibandwidth problem with w = 103 ( T-dwt__592.mtx.rnd ):
c Initializing CaDiCaL (version 1.2.1).
c	Configuring CaDiCaL as --sat (1).
c Initializing a Ladder encoder with n = 592.
c Encoding starts with w = 103:
c	Encode symmetry breaking with option: f.
c	Labels and Vertices aux var: 55648
c	Labels and Vertices constraints:  792096
c	Obj k aux var: 586080
c	Obj k constraints: 6787296
c	Obj k glue staircase constraints: 4387920
c	Encoding duration: 2s
c	Number of clauses: 7579688
c	Number of irredundant clauses: 7577816
c	Number of variables: 992192
c SAT Solving starts:
[runlim] sample:		10.0 time, 10.2 real, 1104.9 MB
[runlim] sample:		20.0 time, 20.2 real, 1161.8 MB
[runlim] sample:		30.0 time, 30.2 real, 1150.5 MB
[runlim] sample:		40.0 time, 40.2 real, 1182.3 MB
[runlim] sample:		50.0 time, 50.2 real, 1403.7 MB
[runlim] sample:		60.0 time, 60.2 real, 1196.2 MB
[runlim] sample:		70.0 time, 70.2 real, 1281.2 MB
[runlim] sample:		80.0 time, 80.2 real, 1254.3 MB
[runlim] sample:		90.0 time, 90.2 real, 1197.6 MB
[runlim] sample:		100.0 time, 100.2 real, 1124.1 MB
[runlim] sample:		110.0 time, 110.2 real, 1156.5 MB
[runlim] sample:		120.0 time, 120.2 real, 1177.5 MB
[runlim] sample:		130.0 time, 130.2 real, 1199.9 MB
[runlim] sample:		140.0 time, 140.2 real, 1200.0 MB
[runlim] sample:		150.0 time, 150.2 real, 1261.6 MB
[runlim] sample:		160.0 time, 160.2 real, 1237.7 MB
[runlim] sample:		170.0 time, 170.2 real, 1291.1 MB
[runlim] sample:		180.0 time, 180.2 real, 1268.3 MB
[runlim] sample:		190.0 time, 190.2 real, 1226.8 MB
[runlim] sample:		200.0 time, 200.2 real, 1392.4 MB
[runlim] sample:		209.9 time, 210.2 real, 1428.3 MB
[runlim] sample:		219.9 time, 220.2 real, 1428.3 MB
[runlim] sample:		229.9 time, 230.2 real, 1607.5 MB
[runlim] sample:		239.9 time, 240.2 real, 1603.8 MB
[runlim] sample:		249.9 time, 250.2 real, 1521.3 MB
[runlim] sample:		259.9 time, 260.2 real, 1541.8 MB
[runlim] sample:		269.9 time, 270.2 real, 1383.9 MB
[runlim] sample:		279.9 time, 280.2 real, 1425.4 MB
[runlim] sample:		289.9 time, 290.2 real, 1344.4 MB
[runlim] sample:		299.9 time, 300.2 real, 1421.2 MB
[runlim] sample:		309.9 time, 310.2 real, 1413.1 MB
[runlim] sample:		319.9 time, 320.2 real, 1416.2 MB
[runlim] sample:		329.9 time, 330.2 real, 1525.2 MB
[runlim] sample:		339.9 time, 340.2 real, 1525.2 MB
[runlim] sample:		349.9 time, 350.2 real, 1293.2 MB
[runlim] sample:		359.9 time, 360.2 real, 1297.4 MB
[runlim] sample:		369.9 time, 370.2 real, 1615.6 MB
[runlim] sample:		379.9 time, 380.2 real, 1328.8 MB
[runlim] sample:		389.9 time, 390.2 real, 1203.1 MB
[runlim] sample:		399.9 time, 400.2 real, 1413.0 MB
[runlim] sample:		409.9 time, 410.2 real, 1194.3 MB
[runlim] sample:		419.9 time, 420.2 real, 1194.3 MB
[runlim] sample:		429.9 time, 430.2 real, 1396.7 MB
[runlim] sample:		439.9 time, 440.2 real, 1295.7 MB
[runlim] sample:		449.9 time, 450.2 real, 1271.8 MB
[runlim] sample:		459.9 time, 460.2 real, 1466.0 MB
[runlim] sample:		469.9 time, 470.2 real, 1155.0 MB
[runlim] sample:		479.9 time, 480.2 real, 1268.9 MB
[runlim] sample:		489.9 time, 490.2 real, 1280.7 MB
[runlim] sample:		499.9 time, 500.2 real, 1176.0 MB
[runlim] sample:		509.9 time, 510.2 real, 1176.0 MB
[runlim] sample:		519.9 time, 520.2 real, 1172.5 MB
[runlim] sample:		529.9 time, 530.2 real, 1174.1 MB
[runlim] sample:		539.9 time, 540.2 real, 1229.9 MB
[runlim] sample:		549.9 time, 550.2 real, 1153.4 MB
[runlim] sample:		559.9 time, 560.2 real, 1128.7 MB
[runlim] sample:		569.9 time, 570.2 real, 1324.7 MB
[runlim] sample:		579.9 time, 580.2 real, 1164.4 MB
[runlim] sample:		589.9 time, 590.2 real, 1165.0 MB
[runlim] sample:		599.9 time, 600.2 real, 1133.4 MB
[runlim] sample:		609.9 time, 610.2 real, 1141.3 MB
[runlim] sample:		619.9 time, 620.2 real, 1209.1 MB
[runlim] sample:		629.9 time, 630.2 real, 1216.2 MB
[runlim] sample:		639.9 time, 640.2 real, 1268.2 MB
[runlim] sample:		649.9 time, 650.2 real, 1423.2 MB
[runlim] sample:		659.9 time, 660.2 real, 1584.3 MB
[runlim] sample:		669.9 time, 670.2 real, 1753.7 MB
[runlim] sample:		679.9 time, 680.2 real, 1796.6 MB
[runlim] sample:		689.9 time, 690.2 real, 1796.6 MB
[runlim] sample:		699.9 time, 700.2 real, 1798.6 MB
[runlim] sample:		709.9 time, 710.2 real, 1989.1 MB
[runlim] sample:		719.9 time, 720.2 real, 1859.0 MB
[runlim] sample:		729.9 time, 730.2 real, 1859.0 MB
[runlim] sample:		739.9 time, 740.2 real, 1859.0 MB
[runlim] sample:		749.9 time, 750.2 real, 2047.5 MB
[runlim] sample:		759.9 time, 760.2 real, 2324.1 MB
[runlim] sample:		769.9 time, 770.2 real, 2299.2 MB
[runlim] sample:		779.9 time, 780.2 real, 2564.3 MB
[runlim] sample:		789.9 time, 790.2 real, 2524.4 MB
[runlim] sample:		799.9 time, 800.2 real, 2524.4 MB
[runlim] sample:		809.9 time, 810.2 real, 2524.4 MB
[runlim] sample:		819.9 time, 820.2 real, 2524.4 MB
[runlim] sample:		829.9 time, 830.2 real, 3366.6 MB
[runlim] sample:		839.9 time, 840.2 real, 2428.4 MB
[runlim] sample:		849.9 time, 850.2 real, 2428.4 MB
[runlim] sample:		859.9 time, 860.2 real, 2428.4 MB
[runlim] sample:		869.9 time, 870.2 real, 2313.2 MB
[runlim] sample:		879.9 time, 880.2 real, 2313.2 MB
[runlim] sample:		889.9 time, 890.2 real, 2313.2 MB
[runlim] sample:		899.9 time, 900.2 real, 2313.2 MB
[runlim] sample:		909.9 time, 910.2 real, 2282.8 MB
[runlim] sample:		919.9 time, 920.2 real, 2165.2 MB
[runlim] sample:		929.9 time, 930.2 real, 2165.2 MB
[runlim] sample:		939.9 time, 940.2 real, 1860.3 MB
[runlim] sample:		949.9 time, 950.2 real, 1771.3 MB
[runlim] sample:		959.9 time, 960.2 real, 1771.3 MB
[runlim] sample:		969.9 time, 970.2 real, 1782.9 MB
[runlim] sample:		979.9 time, 980.2 real, 1780.0 MB
[runlim] sample:		989.9 time, 990.2 real, 1821.8 MB
[runlim] sample:		999.9 time, 1000.2 real, 1821.8 MB
[runlim] sample:		1009.9 time, 1010.2 real, 1822.7 MB
[runlim] sample:		1019.9 time, 1020.2 real, 1830.8 MB
[runlim] sample:		1029.9 time, 1030.2 real, 1830.8 MB
[runlim] sample:		1039.9 time, 1040.2 real, 1836.2 MB
[runlim] sample:		1049.9 time, 1050.2 real, 1836.2 MB
[runlim] sample:		1059.9 time, 1060.2 real, 1838.5 MB
[runlim] sample:		1069.9 time, 1070.2 real, 1838.5 MB
[runlim] sample:		1079.9 time, 1080.2 real, 1831.6 MB
[runlim] sample:		1089.9 time, 1090.2 real, 1831.6 MB
[runlim] sample:		1099.9 time, 1100.2 real, 1831.6 MB
[runlim] sample:		1109.9 time, 1110.2 real, 1877.5 MB
[runlim] sample:		1119.9 time, 1120.2 real, 1877.5 MB
[runlim] sample:		1129.9 time, 1130.2 real, 1964.8 MB
[runlim] sample:		1139.9 time, 1140.2 real, 1964.8 MB
[runlim] sample:		1149.9 time, 1150.2 real, 1964.8 MB
[runlim] sample:		1159.9 time, 1160.2 real, 2113.0 MB
[runlim] sample:		1169.9 time, 1170.2 real, 2113.0 MB
[runlim] sample:		1179.9 time, 1180.2 real, 2113.0 MB
[runlim] sample:		1189.9 time, 1190.2 real, 2575.5 MB
[runlim] sample:		1199.9 time, 1200.2 real, 2039.1 MB
[runlim] sample:		1209.9 time, 1210.2 real, 2039.1 MB
[runlim] sample:		1219.9 time, 1220.2 real, 2039.1 MB
[runlim] sample:		1229.9 time, 1230.2 real, 2039.1 MB
[runlim] sample:		1239.9 time, 1240.2 real, 2895.2 MB
[runlim] sample:		1249.9 time, 1250.2 real, 2319.6 MB
[runlim] sample:		1259.9 time, 1260.2 real, 1858.1 MB
[runlim] sample:		1269.9 time, 1270.2 real, 1818.2 MB
[runlim] sample:		1279.9 time, 1280.2 real, 1858.0 MB
[runlim] sample:		1289.9 time, 1290.2 real, 1833.8 MB
[runlim] sample:		1299.9 time, 1300.2 real, 1824.0 MB
[runlim] sample:		1309.9 time, 1310.2 real, 1831.4 MB
[runlim] sample:		1319.9 time, 1320.2 real, 1831.4 MB
[runlim] sample:		1329.9 time, 1330.2 real, 1831.4 MB
[runlim] sample:		1339.9 time, 1340.2 real, 1813.9 MB
[runlim] sample:		1349.9 time, 1350.2 real, 1870.0 MB
[runlim] sample:		1359.9 time, 1360.2 real, 1870.0 MB
[runlim] sample:		1369.9 time, 1370.2 real, 1875.6 MB
[runlim] sample:		1379.9 time, 1380.2 real, 1875.6 MB
[runlim] sample:		1389.9 time, 1390.2 real, 1875.6 MB
[runlim] sample:		1399.9 time, 1400.2 real, 1844.4 MB
[runlim] sample:		1409.9 time, 1410.2 real, 1844.4 MB
[runlim] sample:		1419.9 time, 1420.2 real, 1844.4 MB
[runlim] sample:		1429.9 time, 1430.2 real, 2180.9 MB
[runlim] sample:		1439.9 time, 1440.2 real, 2180.9 MB
[runlim] sample:		1449.9 time, 1450.2 real, 2180.9 MB
[runlim] sample:		1459.9 time, 1460.2 real, 2180.9 MB
[runlim] sample:		1469.9 time, 1470.2 real, 1883.8 MB
[runlim] sample:		1479.9 time, 1480.2 real, 1883.8 MB
[runlim] sample:		1489.9 time, 1490.2 real, 1870.5 MB
[runlim] sample:		1499.9 time, 1500.2 real, 1871.0 MB
[runlim] sample:		1509.9 time, 1510.2 real, 1871.0 MB
[runlim] sample:		1519.9 time, 1520.2 real, 2062.5 MB
[runlim] sample:		1529.8 time, 1530.2 real, 2062.5 MB
[runlim] sample:		1539.8 time, 1540.2 real, 2062.5 MB
[runlim] sample:		1549.8 time, 1550.2 real, 1856.9 MB
[runlim] sample:		1559.8 time, 1560.2 real, 1856.9 MB
[runlim] sample:		1569.8 time, 1570.2 real, 1856.9 MB
[runlim] sample:		1579.8 time, 1580.2 real, 1905.1 MB
[runlim] sample:		1589.8 time, 1590.2 real, 1905.1 MB
[runlim] sample:		1599.8 time, 1600.2 real, 1840.4 MB
[runlim] sample:		1609.8 time, 1610.2 real, 1840.4 MB
[runlim] sample:		1619.8 time, 1620.2 real, 1840.4 MB
[runlim] sample:		1629.8 time, 1630.2 real, 2063.6 MB
[runlim] sample:		1639.8 time, 1640.2 real, 2063.9 MB
[runlim] sample:		1649.8 time, 1650.2 real, 2063.9 MB
[runlim] sample:		1659.8 time, 1660.2 real, 1988.6 MB
[runlim] sample:		1669.8 time, 1670.2 real, 1988.6 MB
[runlim] sample:		1679.8 time, 1680.2 real, 1899.8 MB
[runlim] sample:		1689.8 time, 1690.2 real, 1880.2 MB
[runlim] sample:		1699.8 time, 1700.2 real, 1880.2 MB
[runlim] sample:		1709.8 time, 1710.2 real, 1807.9 MB
[runlim] sample:		1719.8 time, 1720.2 real, 1807.9 MB
[runlim] sample:		1729.8 time, 1730.2 real, 1841.0 MB
[runlim] sample:		1739.8 time, 1740.2 real, 1841.0 MB
[runlim] sample:		1749.8 time, 1750.2 real, 1841.0 MB
[runlim] sample:		1759.8 time, 1760.2 real, 1841.0 MB
c	Solving duration: 1760788 ms
c	Answer: 
s SAT (w = 103)
c	Solution check:
p calculated antibandwidth = 103.
c
c
c Antibandwidth problem with w = 104 ( T-dwt__592.mtx.rnd ):
c Initializing CaDiCaL (version 1.2.1).
c	Configuring CaDiCaL as --sat (1).
c Initializing a Ladder encoder with n = 592.
c Encoding starts with w = 104:
c	Encode symmetry breaking with option: f.
c	Labels and Vertices aux var: 55648
c	Labels and Vertices constraints:  792096
c	Obj k aux var: 588448
c	Obj k constraints: 6784784
c	Obj k glue staircase constraints: 4378896
c	Encoding duration: 1s
c	Number of clauses: 7577176
c	Number of irredundant clauses: 7575299
c	Number of variables: 994560
c SAT Solving starts:
[runlim] sample:		1769.8 time, 1770.2 real, 1786.2 MB
[runlim] sample:		1779.8 time, 1780.2 real, 1710.3 MB
[runlim] sample:		1789.8 time, 1790.2 real, 1731.1 MB
c Signal interruption.
[runlim] end:			Wed Sep 25 11:06:16 2024
[runlim] status:		out of time
[runlim] result:		2
[runlim] children:		0
[runlim] real:			1800.10 seconds
[runlim] time:			1799.74 seconds
[runlim] space:			3434.8 MB
[runlim] samples:		17999
