[runlim] version:		1.10
[runlim] time limit:		1800 seconds
[runlim] real time limit:	1800 seconds
[runlim] space limit:		30000 MB
[runlim] argv[0]:		/home/truongxuanhieu/AntiBandwidthReconstruct/build/abw_enc
[runlim] argv[1]:		/home/truongxuanhieu/AntiBandwidthReconstruct/build/BenchmarkAdd/U-662_bus.mtx.rnd
[runlim] argv[2]:		--duplex
[runlim] argv[3]:		-symetry-break
[runlim] argv[4]:		f
[runlim] start:			Fri Sep 27 11:49:08 2024
[runlim] main pid:		79778
[runlim] log captured:
c LadderEncoder 1.0.
c Symetry breaking in the first node.
c Solving strategy: from LB to UB.
c LB-w = 219 (LB in Sinnl - A note on computational approaches for the antibandwidth problem).
c UB-w = 220 (UB in Sinnl - A note on computational approaches for the antibandwidth problem).
c Antibandwidth problem with w = 219 ( U-662_bus.mtx.rnd ):
c Initializing CaDiCaL (version 1.2.1).
c	Configuring CaDiCaL as --sat (1).
c Initializing a Duplex encoder with n = 662.
c Encoding starts with w = 219:
c	Encode symmetry breaking with option: f.
c	Labels and Vertices aux var: 66200
c	Labels and Vertices constraints:  978436
c	Obj k aux var: 1448456
c	Obj k constraints: 6103408
c	Obj k glue staircase constraints: 1601808
c	Encoding duration: 3s
c	Number of clauses: 7082175
c	Number of irredundant clauses: 6487998
c	Number of variables: 1952900
c SAT Solving starts:
[runlim] sample:		10.0 time, 10.4 real, 1452.5 MB
[runlim] sample:		20.0 time, 20.4 real, 1293.9 MB
[runlim] sample:		30.0 time, 30.4 real, 1332.3 MB
[runlim] sample:		40.0 time, 40.4 real, 1467.3 MB
[runlim] sample:		50.0 time, 50.4 real, 1507.2 MB
[runlim] sample:		60.0 time, 60.4 real, 1381.4 MB
[runlim] sample:		70.0 time, 70.4 real, 1325.1 MB
[runlim] sample:		80.0 time, 80.4 real, 1418.2 MB
[runlim] sample:		90.0 time, 90.4 real, 1359.8 MB
[runlim] sample:		100.0 time, 100.4 real, 1312.3 MB
[runlim] sample:		110.0 time, 110.4 real, 1368.9 MB
[runlim] sample:		120.0 time, 120.4 real, 1397.4 MB
[runlim] sample:		130.0 time, 130.4 real, 1349.7 MB
[runlim] sample:		140.0 time, 140.4 real, 1492.8 MB
[runlim] sample:		150.0 time, 150.4 real, 1291.0 MB
[runlim] sample:		160.0 time, 160.4 real, 1291.0 MB
[runlim] sample:		170.0 time, 170.4 real, 1291.0 MB
[runlim] sample:		180.0 time, 180.4 real, 1436.6 MB
[runlim] sample:		190.0 time, 190.4 real, 1451.4 MB
[runlim] sample:		200.0 time, 200.4 real, 1345.6 MB
[runlim] sample:		210.0 time, 210.4 real, 1393.3 MB
[runlim] sample:		220.0 time, 220.4 real, 1405.7 MB
[runlim] sample:		230.0 time, 230.4 real, 1337.4 MB
[runlim] sample:		240.0 time, 240.4 real, 1333.5 MB
[runlim] sample:		250.0 time, 250.4 real, 1333.6 MB
[runlim] sample:		260.0 time, 260.4 real, 1333.5 MB
[runlim] sample:		270.0 time, 270.4 real, 1301.6 MB
[runlim] sample:		280.0 time, 280.4 real, 1333.3 MB
[runlim] sample:		290.0 time, 290.4 real, 1335.7 MB
[runlim] sample:		300.0 time, 300.4 real, 1342.0 MB
[runlim] sample:		310.0 time, 310.4 real, 1354.6 MB
[runlim] sample:		320.0 time, 320.4 real, 1334.0 MB
[runlim] sample:		330.0 time, 330.4 real, 1341.8 MB
[runlim] sample:		340.0 time, 340.4 real, 1341.9 MB
[runlim] sample:		350.0 time, 350.4 real, 1356.7 MB
[runlim] sample:		360.0 time, 360.4 real, 1347.5 MB
[runlim] sample:		369.9 time, 370.4 real, 1490.9 MB
[runlim] sample:		379.9 time, 380.4 real, 1490.9 MB
[runlim] sample:		389.9 time, 390.4 real, 1350.6 MB
[runlim] sample:		400.0 time, 400.4 real, 1323.8 MB
[runlim] sample:		410.0 time, 410.4 real, 1357.1 MB
[runlim] sample:		420.0 time, 420.4 real, 1357.1 MB
[runlim] sample:		429.9 time, 430.4 real, 1357.1 MB
[runlim] sample:		439.9 time, 440.4 real, 1360.4 MB
[runlim] sample:		449.9 time, 450.4 real, 1540.2 MB
[runlim] sample:		459.9 time, 460.4 real, 1540.2 MB
[runlim] sample:		469.9 time, 470.4 real, 1506.6 MB
[runlim] sample:		479.9 time, 480.4 real, 1341.6 MB
[runlim] sample:		489.9 time, 490.4 real, 1415.1 MB
[runlim] sample:		499.9 time, 500.4 real, 1415.1 MB
[runlim] sample:		509.9 time, 510.4 real, 1451.0 MB
c	Solving duration: 510973 ms
c	Answer: 
s SAT (w = 219)
c	Solution check:
p calculated antibandwidth = 219.
c
c
c Antibandwidth problem with w = 220 ( U-662_bus.mtx.rnd ):
c Initializing CaDiCaL (version 1.2.1).
c	Configuring CaDiCaL as --sat (1).
c Initializing a Duplex encoder with n = 662.
c Encoding starts with w = 220:
c	Encode symmetry breaking with option: f.
c	Labels and Vertices aux var: 66200
c	Labels and Vertices constraints:  978436
c	Obj k aux var: 1451104
c	Obj k constraints: 6104418
c	Obj k glue staircase constraints: 1598184
c	Encoding duration: 2s
c	Number of clauses: 7083185
c	Number of irredundant clauses: 6490356
c	Number of variables: 1955548
c SAT Solving starts:
[runlim] sample:		519.9 time, 520.4 real, 1241.3 MB
[runlim] sample:		529.9 time, 530.4 real, 1650.3 MB
[runlim] sample:		539.9 time, 540.4 real, 1487.9 MB
[runlim] sample:		549.9 time, 550.4 real, 1430.3 MB
[runlim] sample:		559.9 time, 560.4 real, 1423.4 MB
[runlim] sample:		569.9 time, 570.4 real, 1455.1 MB
[runlim] sample:		579.9 time, 580.4 real, 1455.1 MB
[runlim] sample:		589.9 time, 590.4 real, 1459.8 MB
[runlim] sample:		599.9 time, 600.4 real, 1495.6 MB
[runlim] sample:		609.9 time, 610.4 real, 1437.9 MB
[runlim] sample:		619.9 time, 620.4 real, 1587.1 MB
[runlim] sample:		629.9 time, 630.4 real, 1616.3 MB
[runlim] sample:		639.9 time, 640.4 real, 1559.4 MB
[runlim] sample:		649.9 time, 650.4 real, 1392.5 MB
[runlim] sample:		659.9 time, 660.4 real, 1509.2 MB
[runlim] sample:		669.9 time, 670.4 real, 1390.0 MB
[runlim] sample:		679.9 time, 680.4 real, 1448.0 MB
[runlim] sample:		689.9 time, 690.4 real, 1344.8 MB
[runlim] sample:		699.9 time, 700.4 real, 1377.0 MB
[runlim] sample:		709.9 time, 710.4 real, 1368.7 MB
[runlim] sample:		719.9 time, 720.4 real, 1350.4 MB
c	Solving duration: 208245 ms
c	Answer: 
s SAT (w = 220)
c	Solution check:
p calculated antibandwidth = 220.
c
c
[runlim] end:			Fri Sep 27 12:01:15 2024
[runlim] status:		ok
[runlim] result:		0
[runlim] children:		0
[runlim] real:			727.85 seconds
[runlim] time:			727.30 seconds
[runlim] space:			1884.6 MB
[runlim] samples:		7274
