[runlim] version:		1.10
[runlim] time limit:		1800 seconds
[runlim] real time limit:	1800 seconds
[runlim] space limit:		30000 MB
[runlim] argv[0]:		/home/truongxuanhieu/AntiBandwidthReconstruct/build/abw_enc
[runlim] argv[1]:		/home/truongxuanhieu/AntiBandwidthReconstruct/build/Benchmarks/U-662_bus.mtx.rnd
[runlim] argv[2]:		--seq
[runlim] argv[3]:		-symetry-break
[runlim] argv[4]:		f
[runlim] start:			Fri Oct  4 05:21:09 2024
[runlim] main pid:		2980
[runlim] log captured:
c LadderEncoder 1.0.
c Symetry breaking in the first node.
c Solving strategy: from LB to UB.
c LB-w = 219 (LB in Sinnl - A note on computational approaches for the antibandwidth problem).
c UB-w = 220 (UB in Sinnl - A note on computational approaches for the antibandwidth problem).
c Antibandwidth problem with w = 219 ( U-662_bus.mtx.rnd ):
c Initializing CaDiCaL (version 1.2.1).
c	Configuring CaDiCaL as --sat (1).
c Initializing a Sequential encoder with n = 662.
c Encoding starts with w = 219:
c	Encode symmetry breaking with option: f.
[runlim] sample:		10.0 time, 10.8 real, 5320.9 MB
[runlim] sample:		20.0 time, 20.8 real, 10484.9 MB
[runlim] sample:		30.0 time, 30.8 real, 14226.6 MB
[runlim] sample:		40.0 time, 40.8 real, 20680.3 MB
[runlim] sample:		50.0 time, 50.8 real, 24568.6 MB
[runlim] sample:		60.0 time, 60.8 real, 28281.1 MB
c Signal interruption.
[runlim] end:			Fri Oct  4 05:22:15 2024
[runlim] status:		out of memory
[runlim] result:		3
[runlim] children:		0
[runlim] real:			66.85 seconds
[runlim] time:			65.96 seconds
[runlim] space:			30035.6 MB
[runlim] samples:		660
