[runlim] version:		1.10
[runlim] time limit:		1800 seconds
[runlim] real time limit:	1800 seconds
[runlim] space limit:		30000 MB
[runlim] argv[0]:		/home/truongxuanhieu/AntiBandwidthReconstruct/build/abw_enc
[runlim] argv[1]:		/home/truongxuanhieu/AntiBandwidthReconstruct/build/Benchmarks/U-662_bus.mtx.rnd
[runlim] argv[2]:		--product
[runlim] argv[3]:		-symetry-break
[runlim] argv[4]:		f
[runlim] start:			Fri Sep 27 04:21:59 2024
[runlim] main pid:		72231
[runlim] log captured:
c LadderEncoder 1.0.
c Symetry breaking in the first node.
c Solving strategy: from LB to UB.
c LB-w = 219 (LB in Sinnl - A note on computational approaches for the antibandwidth problem).
c UB-w = 220 (UB in Sinnl - A note on computational approaches for the antibandwidth problem).
c Antibandwidth problem with w = 219 ( U-662_bus.mtx.rnd ):
c Initializing CaDiCaL (version 1.2.1).
c	Configuring CaDiCaL as --sat (1).
c Initializing a 2-Product encoder with n = 662.
c Encoding starts with w = 219:
c	Encode symmetry breaking with option: f.
[runlim] sample:		10.0 time, 10.9 real, 4472.1 MB
[runlim] sample:		20.0 time, 20.9 real, 8932.6 MB
[runlim] sample:		30.0 time, 30.9 real, 13729.2 MB
[runlim] sample:		40.0 time, 40.9 real, 17837.5 MB
[runlim] sample:		50.0 time, 50.9 real, 22913.4 MB
[runlim] sample:		60.0 time, 60.9 real, 27441.6 MB
c Signal interruption.
[runlim] end:			Fri Sep 27 04:23:07 2024
[runlim] status:		out of memory
[runlim] result:		3
[runlim] children:		0
[runlim] real:			68.99 seconds
[runlim] time:			68.08 seconds
[runlim] space:			30029.5 MB
[runlim] samples:		681
