[runlim] version:		1.10
[runlim] time limit:		1800 seconds
[runlim] real time limit:	1800 seconds
[runlim] space limit:		30000 MB
[runlim] argv[0]:		/home/truongxuanhieu/AntiBandwidthReconstruct/build/abw_enc
[runlim] argv[1]:		/home/truongxuanhieu/AntiBandwidthReconstruct/build/Benchmarks/U-662_bus.mtx.rnd
[runlim] argv[2]:		--ladder
[runlim] argv[3]:		-symetry-break
[runlim] argv[4]:		f
[runlim] start:			Wed Sep 25 14:06:51 2024
[runlim] main pid:		43927
[runlim] log captured:
c LadderEncoder 1.0.
c Symetry breaking in the first node.
c Solving strategy: from LB to UB.
c LB-w = 219 (LB in Sinnl - A note on computational approaches for the antibandwidth problem).
c UB-w = 220 (UB in Sinnl - A note on computational approaches for the antibandwidth problem).
c Antibandwidth problem with w = 219 ( U-662_bus.mtx.rnd ):
c Initializing CaDiCaL (version 1.2.1).
c	Configuring CaDiCaL as --sat (1).
c Initializing a Ladder encoder with n = 662.
c Encoding starts with w = 219:
c	Encode symmetry breaking with option: f.
c	Labels and Vertices aux var: 66200
c	Labels and Vertices constraints:  978436
c	Obj k aux var: 722904
c	Obj k constraints: 4501124
c	Obj k glue staircase constraints: 1600902
c	Encoding duration: 1s
c	Number of clauses: 5479891
c	Number of irredundant clauses: 5477842
c	Number of variables: 1227348
c SAT Solving starts:
[runlim] sample:		10.0 time, 10.3 real, 959.3 MB
[runlim] sample:		20.0 time, 20.3 real, 1048.7 MB
[runlim] sample:		30.0 time, 30.3 real, 1076.5 MB
c	Solving duration: 29118 ms
c	Answer: 
s SAT (w = 219)
c	Solution check:
p calculated antibandwidth = 219.
c
c
c Antibandwidth problem with w = 220 ( U-662_bus.mtx.rnd ):
c Initializing CaDiCaL (version 1.2.1).
c	Configuring CaDiCaL as --sat (1).
c Initializing a Ladder encoder with n = 662.
c Encoding starts with w = 220:
c	Encode symmetry breaking with option: f.
c	Labels and Vertices aux var: 66200
c	Labels and Vertices constraints:  978436
c	Obj k aux var: 724228
c	Obj k constraints: 4500810
c	Obj k glue staircase constraints: 1597278
c	Encoding duration: 1s
c	Number of clauses: 5479577
c	Number of irredundant clauses: 5477522
c	Number of variables: 1228672
c SAT Solving starts:
[runlim] sample:		40.0 time, 40.3 real, 964.0 MB
[runlim] sample:		50.0 time, 50.3 real, 1097.1 MB
[runlim] sample:		60.0 time, 60.3 real, 1234.6 MB
[runlim] sample:		70.0 time, 70.3 real, 1117.6 MB
[runlim] sample:		80.0 time, 80.3 real, 1262.7 MB
[runlim] sample:		90.0 time, 90.3 real, 1280.6 MB
[runlim] sample:		100.0 time, 100.3 real, 1150.1 MB
[runlim] sample:		110.0 time, 110.3 real, 1150.1 MB
[runlim] sample:		120.0 time, 120.3 real, 1179.7 MB
[runlim] sample:		130.0 time, 130.3 real, 1181.7 MB
[runlim] sample:		140.0 time, 140.3 real, 1178.8 MB
[runlim] sample:		150.0 time, 150.3 real, 1165.1 MB
[runlim] sample:		159.9 time, 160.3 real, 1160.6 MB
[runlim] sample:		169.9 time, 170.3 real, 1306.6 MB
[runlim] sample:		179.9 time, 180.3 real, 1169.1 MB
[runlim] sample:		189.9 time, 190.3 real, 1179.6 MB
[runlim] sample:		199.9 time, 200.3 real, 1179.6 MB
[runlim] sample:		209.9 time, 210.3 real, 1183.4 MB
[runlim] sample:		219.9 time, 220.3 real, 1164.7 MB
[runlim] sample:		229.9 time, 230.3 real, 1172.7 MB
[runlim] sample:		239.9 time, 240.3 real, 1180.0 MB
c	Solving duration: 216671 ms
c	Answer: 
s SAT (w = 220)
c	Solution check:
p calculated antibandwidth = 220.
c
c
[runlim] end:			Wed Sep 25 14:11:00 2024
[runlim] status:		ok
[runlim] result:		0
[runlim] children:		0
[runlim] real:			249.89 seconds
[runlim] time:			249.44 seconds
[runlim] space:			1359.6 MB
[runlim] samples:		2495
