[runlim] version:		1.10
[runlim] time limit:		1800 seconds
[runlim] real time limit:	1800 seconds
[runlim] space limit:		30000 MB
[runlim] argv[0]:		/home/truongxuanhieu/AntiBandwidthReconstruct/build/abw_enc
[runlim] argv[1]:		/home/truongxuanhieu/AntiBandwidthReconstruct/build/Benchmarks/W-685_bus.mtx.rnd
[runlim] argv[2]:		--seq
[runlim] argv[3]:		-symetry-break
[runlim] argv[4]:		f
[runlim] start:			Fri Oct  4 04:42:07 2024
[runlim] main pid:		2145
[runlim] log captured:
c LadderEncoder 1.0.
c Symetry breaking in the first node.
c Solving strategy: from LB to UB.
c LB-w = 136 (LB in Sinnl - A note on computational approaches for the antibandwidth problem).
c UB-w = 136 (UB in Sinnl - A note on computational approaches for the antibandwidth problem).
c Antibandwidth problem with w = 136 ( W-685_bus.mtx.rnd ):
c Initializing CaDiCaL (version 1.2.1).
c	Configuring CaDiCaL as --sat (1).
c Initializing a Sequential encoder with n = 685.
c Encoding starts with w = 136:
c	Encode symmetry breaking with option: f.
[runlim] sample:		10.0 time, 10.8 real, 6674.6 MB
[runlim] sample:		20.0 time, 20.8 real, 13305.0 MB
[runlim] sample:		30.0 time, 30.8 real, 21593.4 MB
[runlim] sample:		40.0 time, 40.8 real, 26479.1 MB
c Signal interruption.
[runlim] end:			Fri Oct  4 04:42:56 2024
[runlim] status:		out of memory
[runlim] result:		3
[runlim] children:		0
[runlim] real:			49.55 seconds
[runlim] time:			48.68 seconds
[runlim] space:			30051.4 MB
[runlim] samples:		487
