[runlim] version:		1.10
[runlim] time limit:		1800 seconds
[runlim] real time limit:	1800 seconds
[runlim] space limit:		30000 MB
[runlim] argv[0]:		/home/truongxuanhieu/AntiBandwidthReconstruct/build/abw_enc
[runlim] argv[1]:		/home/truongxuanhieu/AntiBandwidthReconstruct/build/Benchmarks/W-685_bus.mtx.rnd
[runlim] argv[2]:		--reduced
[runlim] argv[3]:		-symetry-break
[runlim] argv[4]:		f
[runlim] start:			Tue Oct  1 05:47:39 2024
[runlim] main pid:		55520
[runlim] log captured:
c LadderEncoder 1.0.
c Symetry breaking in the first node.
c Solving strategy: from LB to UB.
c LB-w = 136 (LB in Sinnl - A note on computational approaches for the antibandwidth problem).
c UB-w = 136 (UB in Sinnl - A note on computational approaches for the antibandwidth problem).
c Antibandwidth problem with w = 136 ( W-685_bus.mtx.rnd ):
c Initializing CaDiCaL (version 1.2.1).
c	Configuring CaDiCaL as --sat (1).
c Initializing a Naive-Reduced encoder with n = 685.
c Encoding starts with w = 136:
c	Encode symmetry breaking with option: f.
[runlim] sample:		10.0 time, 10.5 real, 6011.7 MB
[runlim] sample:		20.0 time, 20.5 real, 12071.4 MB
[runlim] sample:		30.0 time, 30.5 real, 17189.0 MB
[runlim] sample:		40.0 time, 40.5 real, 21679.0 MB
[runlim] sample:		50.0 time, 50.5 real, 25211.7 MB
[runlim] sample:		60.0 time, 60.5 real, 29888.7 MB
c Signal interruption.
[runlim] end:			Tue Oct  1 05:48:42 2024
[runlim] status:		out of memory
[runlim] result:		3
[runlim] children:		0
[runlim] real:			63.20 seconds
[runlim] time:			62.59 seconds
[runlim] space:			30029.8 MB
[runlim] samples:		626
