[runlim] version:		1.10
[runlim] time limit:		1800 seconds
[runlim] real time limit:	1800 seconds
[runlim] space limit:		30000 MB
[runlim] argv[0]:		/home/truongxuanhieu/AntiBandwidthReconstruct/build/abw_enc
[runlim] argv[1]:		/home/truongxuanhieu/AntiBandwidthReconstruct/build/Benchmarks/W-685_bus.mtx.rnd
[runlim] argv[2]:		--ladder
[runlim] argv[3]:		-symetry-break
[runlim] argv[4]:		f
[runlim] start:			Wed Sep 25 10:06:05 2024
[runlim] main pid:		39681
[runlim] log captured:
c LadderEncoder 1.0.
c Symetry breaking in the first node.
c Solving strategy: from LB to UB.
c LB-w = 136 (LB in Sinnl - A note on computational approaches for the antibandwidth problem).
c UB-w = 136 (UB in Sinnl - A note on computational approaches for the antibandwidth problem).
c Antibandwidth problem with w = 136 ( W-685_bus.mtx.rnd ):
c Initializing CaDiCaL (version 1.2.1).
c	Configuring CaDiCaL as --sat (1).
c Initializing a Ladder encoder with n = 685.
c Encoding starts with w = 136:
c	Encode symmetry breaking with option: f.
c	Labels and Vertices aux var: 69870
c	Labels and Vertices constraints:  1052160
c	Obj k aux var: 832275
c	Obj k constraints: 6144655
c	Obj k glue staircase constraints: 2801170
c	Encoding duration: 2s
c	Number of clauses: 7197157
c	Number of irredundant clauses: 7194957
c	Number of variables: 1371370
c SAT Solving starts:
c	Solving duration: 4733 ms
c	Answer: 
s SAT (w = 136)
c	Solution check:
p calculated antibandwidth = 136.
c
c
[runlim] end:			Wed Sep 25 10:06:12 2024
[runlim] status:		ok
[runlim] result:		0
[runlim] children:		0
[runlim] real:			7.57 seconds
[runlim] time:			7.19 seconds
[runlim] space:			1164.0 MB
[runlim] samples:		72
