[runlim] version:		1.10
[runlim] time limit:		1800 seconds
[runlim] real time limit:	1800 seconds
[runlim] space limit:		30000 MB
[runlim] argv[0]:		/home/hvanh28/AntiBandwidthReconstruct/build/abw_enc
[runlim] argv[1]:		/home/hvanh28/AntiBandwidthReconstruct/build/Benchmarks/W-685_bus.mtx.rnd
[runlim] argv[2]:		--reduced
[runlim] argv[3]:		-symetry-break
[runlim] argv[4]:		f
[runlim] start:			Fri Sep 27 01:11:47 2024
[runlim] main pid:		97436
[runlim] log captured:
c LadderEncoder 1.0.
c Symetry breaking in the first node.
c Solving strategy: from LB to UB.
c LB-w = 136 (LB in Sinnl - A note on computational approaches for the antibandwidth problem).
c UB-w = 136 (UB in Sinnl - A note on computational approaches for the antibandwidth problem).
c Antibandwidth problem with w = 136 ( W-685_bus.mtx.rnd ):
c Initializing CaDiCaL (version 1.2.1).
c	Configuring CaDiCaL as --sat (1).
c Initializing a Naive-Reduced encoder with n = 685.
c Encoding starts with w = 136:
c	Encode symmetry breaking with option: f.
[runlim] sample:		10.0 time, 10.9 real, 2842.8 MB
[runlim] sample:		20.0 time, 20.9 real, 4847.2 MB
[runlim] sample:		30.0 time, 30.9 real, 7819.4 MB
[runlim] sample:		40.0 time, 40.9 real, 10948.4 MB
[runlim] sample:		50.0 time, 50.9 real, 13779.7 MB
[runlim] sample:		60.0 time, 60.9 real, 16382.7 MB
[runlim] sample:		70.0 time, 70.9 real, 19041.4 MB
[runlim] sample:		80.0 time, 80.9 real, 21722.2 MB
[runlim] sample:		90.0 time, 90.9 real, 23347.4 MB
[runlim] sample:		100.0 time, 100.9 real, 25902.6 MB
[runlim] sample:		110.0 time, 110.9 real, 28795.4 MB
c Signal interruption.
[runlim] end:			Fri Sep 27 01:13:43 2024
[runlim] status:		out of memory
[runlim] result:		3
[runlim] children:		0
[runlim] real:			116.82 seconds
[runlim] time:			115.86 seconds
[runlim] space:			30020.3 MB
[runlim] samples:		1159
