[runlim] version:		1.10
[runlim] time limit:		1800 seconds
[runlim] real time limit:	1800 seconds
[runlim] space limit:		30000 MB
[runlim] argv[0]:		/home/truongxuanhieu/AntiBandwidthReconstruct/build/abw_enc
[runlim] argv[1]:		/home/truongxuanhieu/AntiBandwidthReconstruct/build/Benchmarks/W-685_bus.mtx.rnd
[runlim] argv[2]:		--product
[runlim] argv[3]:		-symetry-break
[runlim] argv[4]:		f
[runlim] start:			Fri Sep 27 03:40:27 2024
[runlim] main pid:		71516
[runlim] log captured:
c LadderEncoder 1.0.
c Symetry breaking in the first node.
c Solving strategy: from LB to UB.
c LB-w = 136 (LB in Sinnl - A note on computational approaches for the antibandwidth problem).
c UB-w = 136 (UB in Sinnl - A note on computational approaches for the antibandwidth problem).
c Antibandwidth problem with w = 136 ( W-685_bus.mtx.rnd ):
c Initializing CaDiCaL (version 1.2.1).
c	Configuring CaDiCaL as --sat (1).
c Initializing a 2-Product encoder with n = 685.
c Encoding starts with w = 136:
c	Encode symmetry breaking with option: f.
[runlim] sample:		10.0 time, 10.6 real, 6098.4 MB
[runlim] sample:		20.0 time, 20.6 real, 12076.3 MB
[runlim] sample:		30.0 time, 30.6 real, 17219.1 MB
[runlim] sample:		40.0 time, 40.6 real, 24056.2 MB
[runlim] sample:		50.0 time, 50.6 real, 29096.5 MB
c Signal interruption.
[runlim] end:			Fri Sep 27 03:41:21 2024
[runlim] status:		out of memory
[runlim] result:		3
[runlim] children:		0
[runlim] real:			54.24 seconds
[runlim] time:			53.48 seconds
[runlim] space:			30042.1 MB
[runlim] samples:		535
