[runlim] version:		1.10
[runlim] time limit:		1800 seconds
[runlim] real time limit:	1800 seconds
[runlim] space limit:		30000 MB
[runlim] argv[0]:		/home/truongxuanhieu/AntiBandwidthReconstruct/build/abw_enc
[runlim] argv[1]:		/home/truongxuanhieu/AntiBandwidthReconstruct/build/Benchmarks/X-can__715.mtx.rnd
[runlim] argv[2]:		--ladder
[runlim] argv[3]:		-symetry-break
[runlim] argv[4]:		f
[runlim] start:			Wed Sep 25 10:06:16 2024
[runlim] main pid:		39747
[runlim] log captured:
c LadderEncoder 1.0.
c Symetry breaking in the first node.
c Solving strategy: from LB to UB.
c LB-w = 112 (LB in Sinnl - A note on computational approaches for the antibandwidth problem).
c UB-w = 142 (UB in Sinnl - A note on computational approaches for the antibandwidth problem).
c Antibandwidth problem with w = 112 ( X-can__715.mtx.rnd ):
c Initializing CaDiCaL (version 1.2.1).
c	Configuring CaDiCaL as --sat (1).
c Initializing a Ladder encoder with n = 715.
c Encoding starts with w = 112:
c	Encode symmetry breaking with option: f.
c	Labels and Vertices aux var: 74360
c	Labels and Vertices constraints:  1147575
c	Obj k aux var: 899470
c	Obj k constraints: 10776975
c	Obj k glue staircase constraints: 7134050
c	Encoding duration: 3s
c	Number of clauses: 11924907
c	Number of irredundant clauses: 11922635
c	Number of variables: 1485055
c SAT Solving starts:
[runlim] sample:		10.0 time, 10.2 real, 1816.6 MB
[runlim] sample:		20.0 time, 20.2 real, 1841.8 MB
[runlim] sample:		30.0 time, 30.2 real, 1908.7 MB
[runlim] sample:		40.0 time, 40.2 real, 1858.6 MB
[runlim] sample:		50.0 time, 50.2 real, 1891.7 MB
[runlim] sample:		60.0 time, 60.2 real, 1891.7 MB
[runlim] sample:		70.0 time, 70.2 real, 1866.4 MB
[runlim] sample:		80.0 time, 80.2 real, 1863.0 MB
[runlim] sample:		90.0 time, 90.2 real, 1824.1 MB
[runlim] sample:		100.0 time, 100.2 real, 1839.6 MB
[runlim] sample:		110.0 time, 110.2 real, 1830.9 MB
[runlim] sample:		120.0 time, 120.2 real, 1818.0 MB
[runlim] sample:		130.0 time, 130.2 real, 1878.7 MB
[runlim] sample:		140.0 time, 140.2 real, 1903.7 MB
[runlim] sample:		150.0 time, 150.2 real, 1822.6 MB
[runlim] sample:		160.0 time, 160.2 real, 1816.3 MB
[runlim] sample:		170.0 time, 170.2 real, 1878.2 MB
[runlim] sample:		180.0 time, 180.2 real, 1866.0 MB
[runlim] sample:		190.0 time, 190.2 real, 1824.1 MB
[runlim] sample:		200.0 time, 200.2 real, 1840.1 MB
[runlim] sample:		210.0 time, 210.2 real, 1880.9 MB
[runlim] sample:		220.0 time, 220.2 real, 1860.9 MB
[runlim] sample:		230.0 time, 230.2 real, 1891.7 MB
[runlim] sample:		240.0 time, 240.2 real, 1864.6 MB
[runlim] sample:		250.0 time, 250.2 real, 1819.7 MB
[runlim] sample:		260.0 time, 260.2 real, 2145.6 MB
[runlim] sample:		270.0 time, 270.2 real, 1822.2 MB
[runlim] sample:		280.0 time, 280.2 real, 1821.3 MB
[runlim] sample:		290.0 time, 290.2 real, 1876.1 MB
[runlim] sample:		300.0 time, 300.2 real, 1844.2 MB
[runlim] sample:		310.0 time, 310.2 real, 1844.2 MB
[runlim] sample:		320.0 time, 320.2 real, 1846.1 MB
[runlim] sample:		330.0 time, 330.2 real, 1838.6 MB
[runlim] sample:		340.0 time, 340.2 real, 1823.1 MB
[runlim] sample:		350.0 time, 350.2 real, 1907.3 MB
[runlim] sample:		360.0 time, 360.2 real, 1868.8 MB
[runlim] sample:		370.0 time, 370.2 real, 1881.8 MB
[runlim] sample:		380.0 time, 380.2 real, 1881.8 MB
[runlim] sample:		390.0 time, 390.2 real, 1959.5 MB
[runlim] sample:		400.0 time, 400.2 real, 1914.7 MB
[runlim] sample:		410.0 time, 410.2 real, 1914.7 MB
[runlim] sample:		420.0 time, 420.2 real, 1956.5 MB
[runlim] sample:		430.0 time, 430.2 real, 1989.6 MB
[runlim] sample:		439.9 time, 440.2 real, 1906.6 MB
[runlim] sample:		449.9 time, 450.2 real, 1865.2 MB
[runlim] sample:		459.9 time, 460.2 real, 2225.5 MB
[runlim] sample:		469.9 time, 470.2 real, 1898.6 MB
[runlim] sample:		479.9 time, 480.2 real, 1940.5 MB
[runlim] sample:		489.9 time, 490.2 real, 1900.3 MB
[runlim] sample:		499.9 time, 500.2 real, 1900.3 MB
[runlim] sample:		509.9 time, 510.2 real, 1974.8 MB
[runlim] sample:		520.0 time, 520.2 real, 1974.8 MB
[runlim] sample:		529.9 time, 530.2 real, 1840.0 MB
[runlim] sample:		539.9 time, 540.2 real, 1931.7 MB
[runlim] sample:		549.9 time, 550.2 real, 1879.7 MB
[runlim] sample:		559.9 time, 560.2 real, 1856.1 MB
[runlim] sample:		569.9 time, 570.2 real, 1856.1 MB
[runlim] sample:		579.9 time, 580.2 real, 1856.1 MB
[runlim] sample:		589.9 time, 590.2 real, 2126.9 MB
c	Solving duration: 591296 ms
c	Answer: 
s SAT (w = 112)
c	Solution check:
p calculated antibandwidth = 112.
c
c
c Antibandwidth problem with w = 113 ( X-can__715.mtx.rnd ):
c Initializing CaDiCaL (version 1.2.1).
c	Configuring CaDiCaL as --sat (1).
c Initializing a Ladder encoder with n = 715.
c Encoding starts with w = 113:
c	Encode symmetry breaking with option: f.
c	Labels and Vertices aux var: 74360
c	Labels and Vertices constraints:  1147575
c	Obj k aux var: 903045
c	Obj k constraints: 10775085
c	Obj k glue staircase constraints: 7122150
c	Encoding duration: 2s
c	Number of clauses: 11923017
c	Number of irredundant clauses: 11920739
c	Number of variables: 1488630
c SAT Solving starts:
[runlim] sample:		599.9 time, 600.2 real, 1587.1 MB
[runlim] sample:		609.9 time, 610.2 real, 1868.6 MB
[runlim] sample:		619.9 time, 620.2 real, 1938.4 MB
[runlim] sample:		629.9 time, 630.2 real, 1894.5 MB
[runlim] sample:		639.9 time, 640.2 real, 1892.0 MB
[runlim] sample:		649.9 time, 650.2 real, 1915.2 MB
[runlim] sample:		659.9 time, 660.2 real, 2175.0 MB
[runlim] sample:		669.9 time, 670.2 real, 1914.3 MB
[runlim] sample:		679.9 time, 680.2 real, 1921.1 MB
[runlim] sample:		689.9 time, 690.2 real, 1921.1 MB
[runlim] sample:		699.9 time, 700.2 real, 1912.0 MB
[runlim] sample:		709.9 time, 710.2 real, 1952.8 MB
[runlim] sample:		719.9 time, 720.2 real, 1971.4 MB
[runlim] sample:		729.9 time, 730.2 real, 2219.9 MB
[runlim] sample:		739.9 time, 740.2 real, 1905.8 MB
[runlim] sample:		749.9 time, 750.2 real, 1872.9 MB
[runlim] sample:		759.9 time, 760.2 real, 2205.2 MB
[runlim] sample:		769.9 time, 770.2 real, 1920.0 MB
[runlim] sample:		779.9 time, 780.2 real, 1917.0 MB
[runlim] sample:		789.9 time, 790.2 real, 1916.9 MB
[runlim] sample:		799.9 time, 800.2 real, 1916.1 MB
[runlim] sample:		809.9 time, 810.2 real, 1916.1 MB
[runlim] sample:		819.9 time, 820.2 real, 1914.8 MB
[runlim] sample:		829.9 time, 830.2 real, 1869.9 MB
[runlim] sample:		839.9 time, 840.2 real, 2209.8 MB
[runlim] sample:		849.9 time, 850.2 real, 1927.5 MB
[runlim] sample:		859.9 time, 860.2 real, 1916.4 MB
[runlim] sample:		869.9 time, 870.2 real, 1884.7 MB
[runlim] sample:		879.9 time, 880.2 real, 1884.7 MB
[runlim] sample:		889.9 time, 890.2 real, 1886.1 MB
[runlim] sample:		899.9 time, 900.2 real, 1891.3 MB
[runlim] sample:		909.9 time, 910.2 real, 1920.4 MB
[runlim] sample:		919.9 time, 920.2 real, 1875.3 MB
[runlim] sample:		929.9 time, 930.2 real, 2245.0 MB
[runlim] sample:		939.9 time, 940.2 real, 1914.9 MB
[runlim] sample:		949.9 time, 950.2 real, 1914.9 MB
[runlim] sample:		959.9 time, 960.2 real, 1919.6 MB
[runlim] sample:		969.9 time, 970.2 real, 1872.9 MB
[runlim] sample:		979.9 time, 980.2 real, 2036.5 MB
[runlim] sample:		989.9 time, 990.2 real, 1935.0 MB
[runlim] sample:		999.9 time, 1000.2 real, 1937.7 MB
[runlim] sample:		1009.9 time, 1010.2 real, 1956.1 MB
[runlim] sample:		1019.9 time, 1020.2 real, 1952.0 MB
[runlim] sample:		1029.9 time, 1030.2 real, 1952.0 MB
[runlim] sample:		1039.9 time, 1040.2 real, 1952.0 MB
[runlim] sample:		1049.9 time, 1050.2 real, 2651.2 MB
[runlim] sample:		1059.9 time, 1060.2 real, 2328.6 MB
[runlim] sample:		1069.9 time, 1070.2 real, 2328.6 MB
[runlim] sample:		1079.8 time, 1080.2 real, 2187.9 MB
[runlim] sample:		1089.9 time, 1090.2 real, 2187.9 MB
[runlim] sample:		1099.9 time, 1100.2 real, 2229.4 MB
[runlim] sample:		1109.9 time, 1110.2 real, 2039.9 MB
[runlim] sample:		1119.9 time, 1120.2 real, 2039.9 MB
[runlim] sample:		1129.9 time, 1130.2 real, 2078.1 MB
[runlim] sample:		1139.8 time, 1140.2 real, 2168.4 MB
[runlim] sample:		1149.8 time, 1150.2 real, 1983.7 MB
[runlim] sample:		1159.9 time, 1160.2 real, 1937.9 MB
[runlim] sample:		1169.9 time, 1170.2 real, 1924.7 MB
[runlim] sample:		1179.9 time, 1180.2 real, 1924.7 MB
[runlim] sample:		1189.8 time, 1190.2 real, 1926.1 MB
[runlim] sample:		1199.8 time, 1200.2 real, 2050.1 MB
[runlim] sample:		1209.8 time, 1210.2 real, 2096.2 MB
[runlim] sample:		1219.9 time, 1220.2 real, 1936.3 MB
[runlim] sample:		1229.9 time, 1230.2 real, 1936.6 MB
[runlim] sample:		1239.8 time, 1240.2 real, 1936.8 MB
[runlim] sample:		1249.8 time, 1250.2 real, 1935.8 MB
[runlim] sample:		1259.9 time, 1260.2 real, 1886.3 MB
[runlim] sample:		1269.8 time, 1270.2 real, 1910.2 MB
[runlim] sample:		1279.8 time, 1280.2 real, 2254.8 MB
[runlim] sample:		1289.8 time, 1290.2 real, 1980.6 MB
[runlim] sample:		1299.8 time, 1300.2 real, 1980.4 MB
[runlim] sample:		1309.8 time, 1310.2 real, 1980.4 MB
[runlim] sample:		1319.8 time, 1320.2 real, 2109.6 MB
[runlim] sample:		1329.8 time, 1330.2 real, 3146.9 MB
[runlim] sample:		1339.8 time, 1340.2 real, 2802.2 MB
[runlim] sample:		1349.8 time, 1350.2 real, 2109.0 MB
[runlim] sample:		1359.8 time, 1360.2 real, 2279.7 MB
[runlim] sample:		1369.8 time, 1370.2 real, 2280.9 MB
[runlim] sample:		1379.8 time, 1380.2 real, 2213.9 MB
[runlim] sample:		1389.8 time, 1390.2 real, 2296.8 MB
[runlim] sample:		1399.8 time, 1400.2 real, 2217.3 MB
[runlim] sample:		1409.8 time, 1410.2 real, 2307.3 MB
[runlim] sample:		1419.8 time, 1420.2 real, 2226.3 MB
[runlim] sample:		1429.8 time, 1430.2 real, 2228.2 MB
[runlim] sample:		1439.8 time, 1440.2 real, 2228.2 MB
[runlim] sample:		1449.8 time, 1450.2 real, 2228.2 MB
[runlim] sample:		1459.8 time, 1460.2 real, 2228.2 MB
[runlim] sample:		1469.8 time, 1470.2 real, 2274.1 MB
[runlim] sample:		1479.8 time, 1480.2 real, 2518.2 MB
[runlim] sample:		1489.8 time, 1490.2 real, 2518.1 MB
[runlim] sample:		1499.8 time, 1500.2 real, 2518.1 MB
[runlim] sample:		1509.8 time, 1510.2 real, 2518.1 MB
[runlim] sample:		1519.8 time, 1520.2 real, 2518.1 MB
[runlim] sample:		1529.8 time, 1530.2 real, 2707.2 MB
[runlim] sample:		1539.8 time, 1540.2 real, 2707.2 MB
[runlim] sample:		1549.8 time, 1550.2 real, 2212.8 MB
[runlim] sample:		1559.8 time, 1560.2 real, 2218.3 MB
[runlim] sample:		1569.8 time, 1570.2 real, 2270.0 MB
[runlim] sample:		1579.8 time, 1580.2 real, 2614.4 MB
[runlim] sample:		1589.8 time, 1590.2 real, 2320.8 MB
[runlim] sample:		1599.8 time, 1600.2 real, 2243.9 MB
[runlim] sample:		1609.8 time, 1610.2 real, 2243.9 MB
[runlim] sample:		1619.8 time, 1620.2 real, 2243.9 MB
[runlim] sample:		1629.8 time, 1630.2 real, 2356.3 MB
[runlim] sample:		1639.8 time, 1640.2 real, 2356.3 MB
[runlim] sample:		1649.8 time, 1650.2 real, 2308.7 MB
[runlim] sample:		1659.8 time, 1660.2 real, 2372.6 MB
[runlim] sample:		1669.8 time, 1670.2 real, 2346.7 MB
[runlim] sample:		1679.8 time, 1680.2 real, 2346.7 MB
[runlim] sample:		1689.8 time, 1690.2 real, 2682.5 MB
[runlim] sample:		1699.8 time, 1700.2 real, 2682.5 MB
[runlim] sample:		1709.8 time, 1710.2 real, 2682.5 MB
[runlim] sample:		1719.8 time, 1720.2 real, 2682.5 MB
[runlim] sample:		1729.8 time, 1730.2 real, 2789.7 MB
[runlim] sample:		1739.8 time, 1740.2 real, 2996.2 MB
[runlim] sample:		1749.8 time, 1750.2 real, 3227.2 MB
[runlim] sample:		1759.8 time, 1760.2 real, 3692.3 MB
[runlim] sample:		1769.8 time, 1770.2 real, 3676.0 MB
[runlim] sample:		1779.8 time, 1780.2 real, 3676.0 MB
[runlim] sample:		1789.8 time, 1790.2 real, 3676.0 MB
c Signal interruption.
[runlim] end:			Wed Sep 25 10:36:16 2024
[runlim] status:		out of time
[runlim] result:		2
[runlim] children:		0
[runlim] real:			1800.17 seconds
[runlim] time:			1799.73 seconds
[runlim] space:			4599.0 MB
[runlim] samples:		17999
