[runlim] version:		1.10
[runlim] time limit:		1800 seconds
[runlim] real time limit:	1800 seconds
[runlim] space limit:		10000 MB
[runlim] argv[0]:		/home/hieu/work/StaircaseAMO/cpaior20_duplex_encoder/AntiBandwidthReconstruct/build/abw_enc
[runlim] argv[1]:		/home/hieu/work/StaircaseAMO/cpaior20_duplex_encoder/AntiBandwidthReconstruct/build/Benchmarks/B-ibm32.mtx.rnd
[runlim] argv[2]:		--duplex
[runlim] start:			Mon Jul 29 15:55:50 2024
[runlim] main pid:		10517
[runlim] log captured:
c DuplexEncoder 0.8.
c Solving strategy: from LB to UB.
c LB-w = 9 (LB in Sinnl - A note on computational approaches for the antibandwidth problem).
c UB-w = 9 (UB in Sinnl - A note on computational approaches for the antibandwidth problem).
c Antibandwidth problem with w = 9 ( B-ibm32.mtx.rnd ):
c Initializing CaDiCaL (version 1.2.1).
c	Configuring CaDiCaL as --sat (1).
c Initializing a Duplex encoder with n = 32.
c Encoding starts with w = 9:
Labels and Vertices aux var: 640
Labels and Vertices constraints:  3136
Obj k aux var: 2816
Obj k constraints: 17200
c	Encoding duration: 0s
c	Number of clauses: 20352
c	Number of irredundant clauses: 18564
c	Number of variables: 4480
c SAT Solving starts:
c	Solving duration: 131 ms
c	Answer: 
s SAT (w = 9)
c	Solution check:
p calculated antibandwidth = 9.
c
c
[runlim] end:			Mon Jul 29 15:55:50 2024
[runlim] status:		ok
[runlim] result:		0
[runlim] children:		0
[runlim] real:			1.00 seconds
[runlim] time:			0.10 seconds
[runlim] space:			9.0 MB
[runlim] samples:		1
