[runlim] version:		1.10
[runlim] time limit:		1800 seconds
[runlim] real time limit:	1800 seconds
[runlim] space limit:		10000 MB
[runlim] argv[0]:		/home/hieu/work/StaircaseAMO/cpaior20_duplex_encoder/AntiBandwidthReconstruct/build/abw_enc
[runlim] argv[1]:		/home/hieu/work/StaircaseAMO/cpaior20_duplex_encoder/AntiBandwidthReconstruct/build/Benchmarks/D-bcsstk01.mtx.rnd
[runlim] argv[2]:		--duplex
[runlim] start:			Mon Jul 29 15:55:52 2024
[runlim] main pid:		10527
[runlim] log captured:
c DuplexEncoder 0.8.
c Solving strategy: from LB to UB.
c LB-w = 8 (LB in Sinnl - A note on computational approaches for the antibandwidth problem).
c UB-w = 9 (UB in Sinnl - A note on computational approaches for the antibandwidth problem).
c Antibandwidth problem with w = 8 ( D-bcsstk01.mtx.rnd ):
c Initializing CaDiCaL (version 1.2.1).
c	Configuring CaDiCaL as --sat (1).
c Initializing a Duplex encoder with n = 48.
c Encoding starts with w = 8:
Labels and Vertices aux var: 1152
Labels and Vertices constraints:  6960
Obj k aux var: 6720
Obj k constraints: 48112
c	Encoding duration: 0s
c	Number of clauses: 55096
c	Number of irredundant clauses: 50688
c	Number of variables: 10176
c SAT Solving starts:
c	Solving duration: 8 ms
c	Answer: 
s SAT (w = 8)
c	Solution check:
p calculated antibandwidth = 8.
c
c
c Antibandwidth problem with w = 9 ( D-bcsstk01.mtx.rnd ):
c Initializing CaDiCaL (version 1.2.1).
c	Configuring CaDiCaL as --sat (1).
c Initializing a Duplex encoder with n = 48.
c Encoding starts with w = 9:
Labels and Vertices aux var: 1152
Labels and Vertices constraints:  6960
Obj k aux var: 7104
Obj k constraints: 49120
c	Encoding duration: 0s
c	Number of clauses: 56104
c	Number of irredundant clauses: 51666
c	Number of variables: 10560
c SAT Solving starts:
c	Solving duration: 238 ms
c	Answer: 
s SAT (w = 9)
c	Solution check:
p calculated antibandwidth = 9.
c
c
[runlim] end:			Mon Jul 29 15:55:52 2024
[runlim] status:		ok
[runlim] result:		0
[runlim] children:		0
[runlim] real:			0.31 seconds
[runlim] time:			0.20 seconds
[runlim] space:			14.4 MB
[runlim] samples:		2
