[runlim] version:		1.10
[runlim] time limit:		1800 seconds
[runlim] real time limit:	1800 seconds
[runlim] space limit:		10000 MB
[runlim] argv[0]:		/home/hieu/work/StaircaseAMO/cpaior20_duplex_encoder/AntiBandwidthReconstruct/build/abw_enc
[runlim] argv[1]:		/home/hieu/work/StaircaseAMO/cpaior20_duplex_encoder/AntiBandwidthReconstruct/build/Benchmarks/G-will57.mtx.rnd
[runlim] argv[2]:		--duplexNSC
[runlim] start:			Mon Jul 29 15:56:22 2024
[runlim] main pid:		10559
[runlim] log captured:
c DuplexEncoder 0.8.
c Solving strategy: from LB to UB.
c LB-w = 12 (LB in Sinnl - A note on computational approaches for the antibandwidth problem).
c UB-w = 14 (UB in Sinnl - A note on computational approaches for the antibandwidth problem).
c Antibandwidth problem with w = 12 ( G-will57.mtx.rnd ):
c Initializing CaDiCaL (version 1.2.1).
c	Configuring CaDiCaL as --sat (1).
c Initializing a DuplexNSC encoder with n = 57.
c Encoding starts with w = 12:
c	Labels and Vertices aux var: 1596
c	Labels and Vertices constraints:  9348
c	Obj k aux var: 4674
c	Obj k constraints: 41737
c	Encoding duration: 0s
c	Number of clauses: 51085
c	Number of irredundant clauses: 51085
c	Number of variables: 9519
c SAT Solving starts:
c	Solving duration: 73 ms
c	Answer: 
s SAT (w = 12)
c	Solution check:
p calculated antibandwidth = 12.
c
c
c Antibandwidth problem with w = 13 ( G-will57.mtx.rnd ):
c Initializing CaDiCaL (version 1.2.1).
c	Configuring CaDiCaL as --sat (1).
c Initializing a DuplexNSC encoder with n = 57.
c Encoding starts with w = 13:
c	Labels and Vertices aux var: 1596
c	Labels and Vertices constraints:  9348
c	Obj k aux var: 4845
c	Obj k constraints: 41685
c	Encoding duration: 0s
c	Number of clauses: 51033
c	Number of irredundant clauses: 51033
c	Number of variables: 9690
c SAT Solving starts:
c	Solving duration: 835 ms
c	Answer: 
s SAT (w = 13)
c	Solution check:
p calculated antibandwidth = 13.
c
c
c Antibandwidth problem with w = 14 ( G-will57.mtx.rnd ):
c Initializing CaDiCaL (version 1.2.1).
c	Configuring CaDiCaL as --sat (1).
c Initializing a DuplexNSC encoder with n = 57.
c Encoding starts with w = 14:
c	Labels and Vertices aux var: 1596
c	Labels and Vertices constraints:  9348
c	Obj k aux var: 5016
c	Obj k constraints: 41633
c	Encoding duration: 0s
c	Number of clauses: 50981
c	Number of irredundant clauses: 50981
c	Number of variables: 9861
c SAT Solving starts:
c	Solving duration: 7 ms
c	Answer: 
s UNSAT (w = 14)
c
c
[runlim] end:			Mon Jul 29 15:56:23 2024
[runlim] status:		ok
[runlim] result:		0
[runlim] children:		0
[runlim] real:			1.80 seconds
[runlim] time:			0.91 seconds
[runlim] space:			20.5 MB
[runlim] samples:		9
