[runlim] version:		1.10
[runlim] time limit:		1800 seconds
[runlim] real time limit:	1800 seconds
[runlim] space limit:		10000 MB
[runlim] argv[0]:		/home/hieu/work/StaircaseAMO/cpaior20_duplex_encoder/AntiBandwidthReconstruct/build/abw_enc
[runlim] argv[1]:		/home/hieu/work/StaircaseAMO/cpaior20_duplex_encoder/AntiBandwidthReconstruct/build/Benchmarks/G-will57.mtx.rnd
[runlim] argv[2]:		--duplex
[runlim] start:			Mon Jul 29 15:55:51 2024
[runlim] main pid:		10520
[runlim] log captured:
c DuplexEncoder 0.8.
c Solving strategy: from LB to UB.
c LB-w = 12 (LB in Sinnl - A note on computational approaches for the antibandwidth problem).
c UB-w = 14 (UB in Sinnl - A note on computational approaches for the antibandwidth problem).
c Antibandwidth problem with w = 12 ( G-will57.mtx.rnd ):
c Initializing CaDiCaL (version 1.2.1).
c	Configuring CaDiCaL as --sat (1).
c Initializing a Duplex encoder with n = 57.
c Encoding starts with w = 12:
Labels and Vertices aux var: 1596
Labels and Vertices constraints:  9348
Obj k aux var: 9690
Obj k constraints: 53948
c	Encoding duration: 0s
c	Number of clauses: 63324
c	Number of irredundant clauses: 57847
c	Number of variables: 14535
c SAT Solving starts:
c	Solving duration: 840 ms
c	Answer: 
s SAT (w = 12)
c	Solution check:
p calculated antibandwidth = 12.
c
c
c Antibandwidth problem with w = 13 ( G-will57.mtx.rnd ):
c Initializing CaDiCaL (version 1.2.1).
c	Configuring CaDiCaL as --sat (1).
c Initializing a Duplex encoder with n = 57.
c Encoding starts with w = 13:
Labels and Vertices aux var: 1596
Labels and Vertices constraints:  9348
Obj k aux var: 10032
Obj k constraints: 54124
c	Encoding duration: 0s
c	Number of clauses: 63500
c	Number of irredundant clauses: 58138
c	Number of variables: 14877
c SAT Solving starts:
c	Solving duration: 64 ms
c	Answer: 
s SAT (w = 13)
c	Solution check:
p calculated antibandwidth = 13.
c
c
c Antibandwidth problem with w = 14 ( G-will57.mtx.rnd ):
c Initializing CaDiCaL (version 1.2.1).
c	Configuring CaDiCaL as --sat (1).
c Initializing a Duplex encoder with n = 57.
c Encoding starts with w = 14:
Labels and Vertices aux var: 1596
Labels and Vertices constraints:  9348
Obj k aux var: 10374
Obj k constraints: 54243
c	Encoding duration: 0s
c	Number of clauses: 63619
c	Number of irredundant clauses: 58486
c	Number of variables: 15219
c SAT Solving starts:
c	Solving duration: 17 ms
c	Answer: 
s UNSAT (w = 14)
c
c
[runlim] end:			Mon Jul 29 15:55:52 2024
[runlim] status:		ok
[runlim] result:		0
[runlim] children:		0
[runlim] real:			1.01 seconds
[runlim] time:			1.00 seconds
[runlim] space:			19.1 MB
[runlim] samples:		10
