[runlim] version:		1.10
[runlim] time limit:		1800 seconds
[runlim] real time limit:	1800 seconds
[runlim] space limit:		10000 MB
[runlim] argv[0]:		/home/hieu/work/StaircaseAMO/cpaior20_duplex_encoder/AntiBandwidthReconstruct/build/abw_enc
[runlim] argv[1]:		/home/hieu/work/StaircaseAMO/cpaior20_duplex_encoder/AntiBandwidthReconstruct/build/Benchmarks/I-ash85.mtx.rnd
[runlim] argv[2]:		--duplex
[runlim] start:			Mon Jul 29 16:26:05 2024
[runlim] main pid:		12068
[runlim] log captured:
c DuplexEncoder 0.8.
c Solving strategy: from LB to UB.
c LB-w = 19 (LB in Sinnl - A note on computational approaches for the antibandwidth problem).
c UB-w = 27 (UB in Sinnl - A note on computational approaches for the antibandwidth problem).
c Antibandwidth problem with w = 19 ( I-ash85.mtx.rnd ):
c Initializing CaDiCaL (version 1.2.1).
c	Configuring CaDiCaL as --sat (1).
c Initializing a Duplex encoder with n = 85.
c Encoding starts with w = 19:
Labels and Vertices aux var: 2890
Labels and Vertices constraints:  19465
Obj k aux var: 22780
Obj k constraints: 130148
c	Encoding duration: 0s
c	Number of clauses: 149655
c	Number of irredundant clauses: 137505
c	Number of variables: 32895
c SAT Solving starts:
c	Solving duration: 80 ms
c	Answer: 
s SAT (w = 19)
c	Solution check:
p calculated antibandwidth = 19.
c
c
c Antibandwidth problem with w = 20 ( I-ash85.mtx.rnd ):
c Initializing CaDiCaL (version 1.2.1).
c	Configuring CaDiCaL as --sat (1).
c Initializing a Duplex encoder with n = 85.
c Encoding starts with w = 20:
Labels and Vertices aux var: 2890
Labels and Vertices constraints:  19465
Obj k aux var: 23290
Obj k constraints: 130292
c	Encoding duration: 0s
c	Number of clauses: 149799
c	Number of irredundant clauses: 137852
c	Number of variables: 33405
c SAT Solving starts:
c	Solving duration: 2300 ms
c	Answer: 
s SAT (w = 20)
c	Solution check:
p calculated antibandwidth = 20.
c
c
c Antibandwidth problem with w = 21 ( I-ash85.mtx.rnd ):
c Initializing CaDiCaL (version 1.2.1).
c	Configuring CaDiCaL as --sat (1).
c Initializing a Duplex encoder with n = 85.
c Encoding starts with w = 21:
Labels and Vertices aux var: 2890
Labels and Vertices constraints:  19465
Obj k aux var: 23800
Obj k constraints: 130351
c	Encoding duration: 0s
c	Number of clauses: 149858
c	Number of irredundant clauses: 138284
c	Number of variables: 33915
c SAT Solving starts:
c	Solving duration: 5909 ms
c	Answer: 
s SAT (w = 21)
c	Solution check:
p calculated antibandwidth = 21.
c
c
c Antibandwidth problem with w = 22 ( I-ash85.mtx.rnd ):
c Initializing CaDiCaL (version 1.2.1).
c	Configuring CaDiCaL as --sat (1).
c Initializing a Duplex encoder with n = 85.
c Encoding starts with w = 22:
Labels and Vertices aux var: 2890
Labels and Vertices constraints:  19125
Obj k aux var: 20910
Obj k constraints: 122737
c	Encoding duration: 0s
c	Number of clauses: 141904
c	Number of irredundant clauses: 130082
c	Number of variables: 31025
c SAT Solving starts:
[runlim] sample:		10.0 time, 10.8 real, 45.2 MB
[runlim] sample:		20.0 time, 20.8 real, 78.2 MB
c	Solving duration: 18366 ms
c	Answer: 
s SAT (w = 22)
c	Solution check:
p calculated antibandwidth = 22.
c
c
c Antibandwidth problem with w = 23 ( I-ash85.mtx.rnd ):
c Initializing CaDiCaL (version 1.2.1).
c	Configuring CaDiCaL as --sat (1).
c Initializing a Duplex encoder with n = 85.
c Encoding starts with w = 23:
Labels and Vertices aux var: 2890
Labels and Vertices constraints:  19125
Obj k aux var: 21250
Obj k constraints: 122456
c	Encoding duration: 0s
c	Number of clauses: 141623
c	Number of irredundant clauses: 129995
c	Number of variables: 31365
c SAT Solving starts:
[runlim] sample:		30.0 time, 30.8 real, 71.2 MB
[runlim] sample:		40.0 time, 40.8 real, 85.2 MB
[runlim] sample:		50.0 time, 50.8 real, 88.0 MB
[runlim] sample:		60.0 time, 60.8 real, 88.0 MB
[runlim] sample:		70.0 time, 70.8 real, 83.2 MB
[runlim] sample:		80.0 time, 80.8 real, 83.2 MB
[runlim] sample:		90.0 time, 90.8 real, 87.1 MB
[runlim] sample:		100.0 time, 100.8 real, 89.9 MB
[runlim] sample:		110.0 time, 110.8 real, 114.5 MB
[runlim] sample:		120.0 time, 120.8 real, 114.5 MB
[runlim] sample:		130.0 time, 130.8 real, 121.4 MB
[runlim] sample:		140.0 time, 140.8 real, 125.4 MB
[runlim] sample:		150.0 time, 150.8 real, 134.7 MB
[runlim] sample:		160.0 time, 160.8 real, 134.7 MB
[runlim] sample:		170.0 time, 170.8 real, 120.0 MB
[runlim] sample:		180.0 time, 180.8 real, 170.5 MB
[runlim] sample:		190.0 time, 190.8 real, 86.7 MB
[runlim] sample:		200.0 time, 200.8 real, 147.1 MB
[runlim] sample:		210.0 time, 210.8 real, 114.4 MB
[runlim] sample:		220.0 time, 220.8 real, 131.0 MB
[runlim] sample:		230.0 time, 230.8 real, 131.0 MB
[runlim] sample:		240.0 time, 240.8 real, 135.5 MB
[runlim] sample:		250.0 time, 250.8 real, 135.5 MB
[runlim] sample:		260.0 time, 260.8 real, 135.5 MB
[runlim] sample:		270.0 time, 270.8 real, 181.7 MB
[runlim] sample:		280.0 time, 280.8 real, 164.8 MB
[runlim] sample:		290.0 time, 290.8 real, 135.5 MB
[runlim] sample:		300.0 time, 300.8 real, 135.5 MB
[runlim] sample:		310.0 time, 310.8 real, 135.5 MB
[runlim] sample:		320.0 time, 320.8 real, 135.5 MB
[runlim] sample:		330.0 time, 330.8 real, 135.5 MB
[runlim] sample:		340.0 time, 340.8 real, 176.5 MB
[runlim] sample:		350.0 time, 350.8 real, 188.7 MB
[runlim] sample:		360.0 time, 360.8 real, 170.0 MB
[runlim] sample:		370.0 time, 370.8 real, 135.7 MB
[runlim] sample:		380.0 time, 380.8 real, 172.1 MB
[runlim] sample:		390.0 time, 390.8 real, 135.6 MB
[runlim] sample:		400.0 time, 400.8 real, 173.6 MB
[runlim] sample:		410.0 time, 410.8 real, 233.4 MB
[runlim] sample:		420.0 time, 420.8 real, 253.3 MB
[runlim] sample:		430.0 time, 430.8 real, 196.2 MB
[runlim] sample:		440.0 time, 440.8 real, 189.7 MB
[runlim] sample:		450.0 time, 450.8 real, 154.7 MB
[runlim] sample:		460.0 time, 460.8 real, 169.4 MB
[runlim] sample:		470.0 time, 470.8 real, 214.3 MB
[runlim] sample:		480.0 time, 480.8 real, 230.1 MB
[runlim] sample:		489.9 time, 490.8 real, 169.5 MB
[runlim] sample:		500.0 time, 500.8 real, 212.2 MB
[runlim] sample:		509.9 time, 510.8 real, 229.2 MB
[runlim] sample:		519.9 time, 520.8 real, 210.1 MB
[runlim] sample:		530.0 time, 530.8 real, 169.4 MB
[runlim] sample:		539.9 time, 540.8 real, 219.8 MB
[runlim] sample:		549.9 time, 550.8 real, 154.7 MB
[runlim] sample:		559.9 time, 560.8 real, 201.2 MB
[runlim] sample:		569.9 time, 570.8 real, 187.1 MB
[runlim] sample:		579.9 time, 580.8 real, 186.0 MB
[runlim] sample:		589.9 time, 590.8 real, 189.3 MB
[runlim] sample:		599.9 time, 600.8 real, 180.9 MB
[runlim] sample:		609.9 time, 610.8 real, 184.8 MB
[runlim] sample:		619.9 time, 620.8 real, 174.4 MB
[runlim] sample:		629.9 time, 630.8 real, 195.8 MB
[runlim] sample:		639.9 time, 640.8 real, 182.9 MB
[runlim] sample:		649.9 time, 650.8 real, 173.2 MB
[runlim] sample:		659.9 time, 660.8 real, 135.3 MB
[runlim] sample:		669.9 time, 670.8 real, 213.0 MB
[runlim] sample:		679.9 time, 680.8 real, 207.1 MB
[runlim] sample:		689.9 time, 690.8 real, 255.0 MB
[runlim] sample:		699.9 time, 700.8 real, 203.9 MB
[runlim] sample:		709.9 time, 710.8 real, 185.4 MB
[runlim] sample:		719.9 time, 720.8 real, 177.0 MB
[runlim] sample:		729.9 time, 730.8 real, 192.3 MB
[runlim] sample:		739.9 time, 740.8 real, 254.2 MB
[runlim] sample:		749.9 time, 750.8 real, 146.1 MB
[runlim] sample:		759.9 time, 760.8 real, 200.8 MB
[runlim] sample:		769.9 time, 770.8 real, 219.8 MB
[runlim] sample:		779.9 time, 780.8 real, 214.0 MB
[runlim] sample:		789.9 time, 790.8 real, 200.0 MB
[runlim] sample:		799.9 time, 800.8 real, 188.3 MB
[runlim] sample:		809.9 time, 810.8 real, 250.7 MB
[runlim] sample:		819.9 time, 820.8 real, 250.7 MB
[runlim] sample:		829.9 time, 830.8 real, 255.4 MB
[runlim] sample:		839.9 time, 840.8 real, 194.6 MB
[runlim] sample:		849.9 time, 850.8 real, 244.6 MB
[runlim] sample:		859.9 time, 860.8 real, 196.4 MB
[runlim] sample:		869.9 time, 870.8 real, 199.7 MB
[runlim] sample:		879.9 time, 880.8 real, 220.9 MB
[runlim] sample:		889.8 time, 890.8 real, 220.9 MB
[runlim] sample:		899.8 time, 900.8 real, 226.8 MB
[runlim] sample:		909.8 time, 910.8 real, 214.4 MB
[runlim] sample:		919.8 time, 920.8 real, 214.4 MB
[runlim] sample:		929.8 time, 930.8 real, 205.2 MB
[runlim] sample:		939.8 time, 940.8 real, 200.6 MB
[runlim] sample:		949.8 time, 950.8 real, 203.9 MB
[runlim] sample:		959.8 time, 960.8 real, 229.6 MB
[runlim] sample:		969.8 time, 970.8 real, 184.0 MB
[runlim] sample:		979.8 time, 980.8 real, 199.1 MB
[runlim] sample:		989.8 time, 990.8 real, 196.8 MB
[runlim] sample:		999.8 time, 1000.8 real, 196.8 MB
[runlim] sample:		1009.8 time, 1010.8 real, 203.2 MB
[runlim] sample:		1019.8 time, 1020.8 real, 203.2 MB
[runlim] sample:		1029.8 time, 1030.8 real, 146.4 MB
[runlim] sample:		1039.8 time, 1040.8 real, 146.4 MB
[runlim] sample:		1049.8 time, 1050.8 real, 186.5 MB
[runlim] sample:		1059.8 time, 1060.8 real, 186.5 MB
[runlim] sample:		1069.7 time, 1070.8 real, 198.2 MB
[runlim] sample:		1079.8 time, 1080.8 real, 225.5 MB
[runlim] sample:		1089.8 time, 1090.8 real, 216.3 MB
[runlim] sample:		1099.8 time, 1100.8 real, 221.4 MB
[runlim] sample:		1109.8 time, 1110.8 real, 234.6 MB
[runlim] sample:		1119.7 time, 1120.8 real, 289.7 MB
[runlim] sample:		1129.7 time, 1130.8 real, 210.1 MB
[runlim] sample:		1139.7 time, 1140.8 real, 200.5 MB
[runlim] sample:		1149.7 time, 1150.8 real, 197.9 MB
[runlim] sample:		1159.7 time, 1160.8 real, 197.9 MB
[runlim] sample:		1169.7 time, 1170.8 real, 189.9 MB
[runlim] sample:		1179.7 time, 1180.8 real, 199.5 MB
[runlim] sample:		1189.7 time, 1190.8 real, 156.6 MB
[runlim] sample:		1199.7 time, 1200.8 real, 200.5 MB
[runlim] sample:		1209.7 time, 1210.8 real, 229.4 MB
[runlim] sample:		1219.7 time, 1220.8 real, 229.4 MB
[runlim] sample:		1229.7 time, 1230.8 real, 228.0 MB
[runlim] sample:		1239.7 time, 1240.8 real, 228.0 MB
[runlim] sample:		1249.7 time, 1250.8 real, 228.0 MB
[runlim] sample:		1259.7 time, 1260.8 real, 158.3 MB
[runlim] sample:		1269.7 time, 1270.8 real, 167.4 MB
[runlim] sample:		1279.7 time, 1280.8 real, 192.8 MB
[runlim] sample:		1289.7 time, 1290.8 real, 172.2 MB
[runlim] sample:		1299.7 time, 1300.8 real, 170.6 MB
[runlim] sample:		1309.7 time, 1310.8 real, 155.0 MB
[runlim] sample:		1319.7 time, 1320.8 real, 192.4 MB
[runlim] sample:		1329.7 time, 1330.8 real, 196.6 MB
[runlim] sample:		1339.7 time, 1340.8 real, 223.3 MB
[runlim] sample:		1349.7 time, 1350.8 real, 211.9 MB
[runlim] sample:		1359.7 time, 1360.8 real, 225.2 MB
[runlim] sample:		1369.7 time, 1370.8 real, 155.0 MB
[runlim] sample:		1379.7 time, 1380.8 real, 215.1 MB
[runlim] sample:		1389.7 time, 1390.8 real, 215.1 MB
[runlim] sample:		1399.7 time, 1400.8 real, 203.3 MB
[runlim] sample:		1409.7 time, 1410.8 real, 203.3 MB
[runlim] sample:		1419.7 time, 1420.8 real, 208.0 MB
[runlim] sample:		1429.7 time, 1430.8 real, 208.0 MB
[runlim] sample:		1439.7 time, 1440.8 real, 211.5 MB
[runlim] sample:		1449.7 time, 1450.8 real, 211.5 MB
[runlim] sample:		1459.7 time, 1460.8 real, 239.2 MB
[runlim] sample:		1469.7 time, 1470.8 real, 239.2 MB
[runlim] sample:		1479.7 time, 1480.8 real, 248.6 MB
[runlim] sample:		1489.7 time, 1490.8 real, 248.6 MB
[runlim] sample:		1499.7 time, 1500.8 real, 243.3 MB
[runlim] sample:		1509.7 time, 1510.8 real, 243.3 MB
[runlim] sample:		1519.7 time, 1520.8 real, 222.8 MB
[runlim] sample:		1529.7 time, 1530.8 real, 225.2 MB
[runlim] sample:		1539.7 time, 1540.8 real, 225.2 MB
[runlim] sample:		1549.7 time, 1550.8 real, 238.2 MB
[runlim] sample:		1559.7 time, 1560.8 real, 315.7 MB
[runlim] sample:		1569.7 time, 1570.8 real, 259.0 MB
[runlim] sample:		1579.7 time, 1580.8 real, 347.2 MB
[runlim] sample:		1589.7 time, 1590.8 real, 269.4 MB
[runlim] sample:		1599.7 time, 1600.8 real, 218.0 MB
[runlim] sample:		1609.7 time, 1610.8 real, 227.1 MB
[runlim] sample:		1619.7 time, 1620.8 real, 227.1 MB
[runlim] sample:		1629.7 time, 1630.8 real, 215.8 MB
[runlim] sample:		1639.7 time, 1640.8 real, 217.8 MB
[runlim] sample:		1649.7 time, 1650.8 real, 155.0 MB
[runlim] sample:		1659.6 time, 1660.8 real, 178.2 MB
[runlim] sample:		1669.6 time, 1670.8 real, 214.2 MB
[runlim] sample:		1679.6 time, 1680.8 real, 254.0 MB
[runlim] sample:		1689.6 time, 1690.8 real, 254.0 MB
[runlim] sample:		1699.6 time, 1700.8 real, 306.7 MB
[runlim] sample:		1709.6 time, 1710.8 real, 306.7 MB
[runlim] sample:		1719.6 time, 1720.8 real, 306.7 MB
[runlim] sample:		1729.6 time, 1730.8 real, 306.7 MB
[runlim] sample:		1739.6 time, 1740.8 real, 293.7 MB
[runlim] sample:		1749.6 time, 1750.8 real, 293.7 MB
[runlim] sample:		1759.6 time, 1760.8 real, 280.8 MB
[runlim] sample:		1769.6 time, 1770.8 real, 280.8 MB
[runlim] sample:		1779.6 time, 1780.8 real, 223.9 MB
[runlim] sample:		1789.6 time, 1790.8 real, 215.4 MB
c Signal interruption.
[runlim] end:			Mon Jul 29 16:56:05 2024
[runlim] status:		out of time
[runlim] result:		2
[runlim] children:		0
[runlim] real:			1800.12 seconds
[runlim] time:			1798.92 seconds
[runlim] space:			460.1 MB
[runlim] samples:		17993
