[runlim] version:		1.10
[runlim] time limit:		1800 seconds
[runlim] real time limit:	1800 seconds
[runlim] space limit:		10000 MB
[runlim] argv[0]:		/home/hieu/work/StaircaseAMO/cpaior20_duplex_encoder/AntiBandwidthReconstruct/build/abw_enc
[runlim] argv[1]:		/home/hieu/work/StaircaseAMO/cpaior20_duplex_encoder/AntiBandwidthReconstruct/build/Benchmarks/J-nos4.mtx.rnd
[runlim] argv[2]:		--duplex
[runlim] start:			Mon Jul 29 15:47:47 2024
[runlim] main pid:		9755
[runlim] log captured:
c DuplexEncoder 0.8.
c Solving strategy: from LB to UB.
c LB-w = 32 (LB in Sinnl - A note on computational approaches for the antibandwidth problem).
c UB-w = 40 (UB in Sinnl - A note on computational approaches for the antibandwidth problem).
c Antibandwidth problem with w = 32 ( J-nos4.mtx.rnd ):
c Initializing CaDiCaL (version 1.2.1).
c	Configuring CaDiCaL as --sat (1).
c Initializing a Duplex encoder with n = 100.
c Encoding starts with w = 32:
Labels and Vertices aux var: 3600
Labels and Vertices constraints:  25800
Obj k aux var: 31600
Obj k constraints: 165696
c	Encoding duration: 0s
c	Number of clauses: 191546
c	Number of irredundant clauses: 176664
c	Number of variables: 45200
c SAT Solving starts:
c	Solving duration: 6418 ms
c	Answer: 
s SAT (w = 32)
c	Solution check:
p calculated antibandwidth = 32.
c
c
c Antibandwidth problem with w = 33 ( J-nos4.mtx.rnd ):
c Initializing CaDiCaL (version 1.2.1).
c	Configuring CaDiCaL as --sat (1).
c Initializing a Duplex encoder with n = 100.
c Encoding starts with w = 33:
Labels and Vertices aux var: 3600
Labels and Vertices constraints:  25800
Obj k aux var: 32000
Obj k constraints: 165308
c	Encoding duration: 0s
c	Number of clauses: 191158
c	Number of irredundant clauses: 176706
c	Number of variables: 45600
c SAT Solving starts:
[runlim] sample:		10.0 time, 10.4 real, 54.1 MB
[runlim] sample:		20.0 time, 20.4 real, 75.1 MB
[runlim] sample:		30.0 time, 30.4 real, 92.3 MB
c	Solving duration: 29543 ms
c	Answer: 
s SAT (w = 33)
c	Solution check:
p calculated antibandwidth = 33.
c
c
c Antibandwidth problem with w = 34 ( J-nos4.mtx.rnd ):
c Initializing CaDiCaL (version 1.2.1).
c	Configuring CaDiCaL as --sat (1).
c Initializing a Duplex encoder with n = 100.
c Encoding starts with w = 34:
Labels and Vertices aux var: 3600
Labels and Vertices constraints:  25500
Obj k aux var: 26000
Obj k constraints: 149861
c	Encoding duration: 0s
c	Number of clauses: 175411
c	Number of irredundant clauses: 161003
c	Number of variables: 39600
c SAT Solving starts:
[runlim] sample:		40.0 time, 40.4 real, 111.4 MB
[runlim] sample:		50.0 time, 50.4 real, 111.4 MB
[runlim] sample:		60.0 time, 60.4 real, 111.4 MB
[runlim] sample:		70.0 time, 70.4 real, 93.4 MB
[runlim] sample:		80.0 time, 80.4 real, 96.6 MB
[runlim] sample:		90.0 time, 90.4 real, 144.1 MB
[runlim] sample:		100.0 time, 100.4 real, 116.5 MB
[runlim] sample:		110.0 time, 110.4 real, 165.0 MB
[runlim] sample:		120.0 time, 120.4 real, 155.4 MB
[runlim] sample:		130.0 time, 130.4 real, 164.7 MB
[runlim] sample:		140.0 time, 140.4 real, 147.7 MB
c	Solving duration: 108304 ms
c	Answer: 
s SAT (w = 34)
c	Solution check:
p calculated antibandwidth = 34.
c
c
c Antibandwidth problem with w = 35 ( J-nos4.mtx.rnd ):
c Initializing CaDiCaL (version 1.2.1).
c	Configuring CaDiCaL as --sat (1).
c Initializing a Duplex encoder with n = 100.
c Encoding starts with w = 35:
Labels and Vertices aux var: 3600
Labels and Vertices constraints:  25500
Obj k aux var: 26200
Obj k constraints: 149073
c	Encoding duration: 0s
c	Number of clauses: 174623
c	Number of irredundant clauses: 160449
c	Number of variables: 39800
c SAT Solving starts:
[runlim] sample:		150.0 time, 150.4 real, 89.4 MB
[runlim] sample:		160.0 time, 160.4 real, 101.8 MB
c	Solving duration: 19392 ms
c	Answer: 
s SAT (w = 35)
c	Solution check:
p calculated antibandwidth = 35.
c
c
c Antibandwidth problem with w = 36 ( J-nos4.mtx.rnd ):
c Initializing CaDiCaL (version 1.2.1).
c	Configuring CaDiCaL as --sat (1).
c Initializing a Duplex encoder with n = 100.
c Encoding starts with w = 36:
Labels and Vertices aux var: 3600
Labels and Vertices constraints:  25500
Obj k aux var: 26400
Obj k constraints: 148285
c	Encoding duration: 0s
c	Number of clauses: 173835
c	Number of irredundant clauses: 159895
c	Number of variables: 40000
c SAT Solving starts:
[runlim] sample:		170.0 time, 170.4 real, 101.8 MB
[runlim] sample:		180.0 time, 180.4 real, 101.8 MB
[runlim] sample:		190.0 time, 190.4 real, 101.8 MB
[runlim] sample:		200.0 time, 200.4 real, 101.8 MB
[runlim] sample:		210.0 time, 210.4 real, 103.0 MB
[runlim] sample:		220.0 time, 220.4 real, 104.4 MB
[runlim] sample:		230.0 time, 230.4 real, 113.3 MB
[runlim] sample:		240.0 time, 240.4 real, 113.3 MB
[runlim] sample:		250.0 time, 250.4 real, 113.3 MB
[runlim] sample:		260.0 time, 260.4 real, 113.3 MB
[runlim] sample:		270.0 time, 270.4 real, 113.3 MB
[runlim] sample:		280.0 time, 280.4 real, 113.3 MB
[runlim] sample:		290.0 time, 290.4 real, 113.3 MB
[runlim] sample:		299.9 time, 300.4 real, 113.3 MB
[runlim] sample:		309.9 time, 310.4 real, 113.3 MB
[runlim] sample:		319.9 time, 320.4 real, 113.3 MB
[runlim] sample:		329.9 time, 330.4 real, 113.3 MB
[runlim] sample:		339.9 time, 340.4 real, 113.3 MB
[runlim] sample:		349.9 time, 350.4 real, 118.6 MB
[runlim] sample:		359.9 time, 360.4 real, 118.6 MB
[runlim] sample:		369.9 time, 370.4 real, 118.6 MB
[runlim] sample:		379.9 time, 380.4 real, 118.6 MB
[runlim] sample:		389.9 time, 390.4 real, 118.6 MB
[runlim] sample:		399.9 time, 400.4 real, 118.6 MB
[runlim] sample:		409.9 time, 410.4 real, 128.4 MB
[runlim] sample:		419.9 time, 420.4 real, 128.4 MB
[runlim] sample:		429.9 time, 430.4 real, 128.4 MB
[runlim] sample:		439.9 time, 440.4 real, 128.4 MB
[runlim] sample:		449.9 time, 450.4 real, 128.4 MB
[runlim] sample:		459.9 time, 460.4 real, 128.4 MB
[runlim] sample:		469.9 time, 470.4 real, 128.4 MB
[runlim] sample:		479.9 time, 480.4 real, 128.4 MB
c	Solving duration: 319498 ms
c	Answer: 
s UNSAT (w = 36)
c
c
[runlim] end:			Mon Jul 29 15:55:50 2024
[runlim] status:		ok
[runlim] result:		0
[runlim] children:		0
[runlim] real:			483.85 seconds
[runlim] time:			483.27 seconds
[runlim] space:			199.2 MB
[runlim] samples:		4834
