[runlim] version:		1.10
[runlim] time limit:		1800 seconds
[runlim] real time limit:	1800 seconds
[runlim] space limit:		10000 MB
[runlim] argv[0]:		/home/hieu/work/StaircaseAMO/cpaior20_duplex_encoder/AntiBandwidthReconstruct/build/abw_enc
[runlim] argv[1]:		/home/hieu/work/StaircaseAMO/cpaior20_duplex_encoder/AntiBandwidthReconstruct/build/Benchmarks/J-nos4.mtx.rnd
[runlim] argv[2]:		--duplexNSC
[runlim] start:			Mon Jul 29 15:46:00 2024
[runlim] main pid:		9564
[runlim] log captured:
c DuplexEncoder 0.8.
c Solving strategy: from LB to UB.
c LB-w = 32 (LB in Sinnl - A note on computational approaches for the antibandwidth problem).
c UB-w = 40 (UB in Sinnl - A note on computational approaches for the antibandwidth problem).
c Antibandwidth problem with w = 32 ( J-nos4.mtx.rnd ):
c Initializing CaDiCaL (version 1.2.1).
c	Configuring CaDiCaL as --sat (1).
c Initializing a DuplexNSC encoder with n = 100.
c Encoding starts with w = 32:
c	Labels and Vertices aux var: 3600
c	Labels and Vertices constraints:  25800
c	Obj k aux var: 15600
c	Obj k constraints: 129549
c	Encoding duration: 0s
c	Number of clauses: 155349
c	Number of irredundant clauses: 155349
c	Number of variables: 29200
c SAT Solving starts:
[runlim] sample:		10.0 time, 11.0 real, 82.9 MB
[runlim] sample:		20.0 time, 21.0 real, 115.5 MB
c	Solving duration: 29090 ms
c	Answer: 
s SAT (w = 32)
c	Solution check:
p calculated antibandwidth = 32.
c
c
c Antibandwidth problem with w = 33 ( J-nos4.mtx.rnd ):
c Initializing CaDiCaL (version 1.2.1).
c	Configuring CaDiCaL as --sat (1).
c Initializing a DuplexNSC encoder with n = 100.
c Encoding starts with w = 33:
c	Labels and Vertices aux var: 3600
c	Labels and Vertices constraints:  25800
c	Obj k aux var: 15800
c	Obj k constraints: 129061
c	Encoding duration: 0s
c	Number of clauses: 154861
c	Number of irredundant clauses: 154861
c	Number of variables: 29400
c SAT Solving starts:
[runlim] sample:		30.0 time, 31.0 real, 58.6 MB
[runlim] sample:		40.0 time, 41.0 real, 97.0 MB
c	Solving duration: 16238 ms
c	Answer: 
s SAT (w = 33)
c	Solution check:
p calculated antibandwidth = 33.
c
c
c Antibandwidth problem with w = 34 ( J-nos4.mtx.rnd ):
c Initializing CaDiCaL (version 1.2.1).
c	Configuring CaDiCaL as --sat (1).
c Initializing a DuplexNSC encoder with n = 100.
c Encoding starts with w = 34:
c	Labels and Vertices aux var: 3600
c	Labels and Vertices constraints:  25500
c	Obj k aux var: 12900
c	Obj k constraints: 119914
c	Encoding duration: 0s
c	Number of clauses: 145414
c	Number of irredundant clauses: 145414
c	Number of variables: 26500
c SAT Solving starts:
[runlim] sample:		50.0 time, 51.0 real, 114.7 MB
[runlim] sample:		60.0 time, 61.0 real, 114.7 MB
[runlim] sample:		70.0 time, 71.0 real, 128.1 MB
[runlim] sample:		80.0 time, 81.0 real, 103.9 MB
[runlim] sample:		90.0 time, 91.0 real, 108.2 MB
[runlim] sample:		100.0 time, 101.0 real, 161.5 MB
[runlim] sample:		110.0 time, 111.0 real, 165.6 MB
c	Solving duration: 67441 ms
c	Answer: 
s SAT (w = 34)
c	Solution check:
p calculated antibandwidth = 34.
c
c
c Antibandwidth problem with w = 35 ( J-nos4.mtx.rnd ):
c Initializing CaDiCaL (version 1.2.1).
c	Configuring CaDiCaL as --sat (1).
c Initializing a DuplexNSC encoder with n = 100.
c Encoding starts with w = 35:
c	Labels and Vertices aux var: 3600
c	Labels and Vertices constraints:  25500
c	Obj k aux var: 13000
c	Obj k constraints: 119126
c	Encoding duration: 0s
c	Number of clauses: 144626
c	Number of irredundant clauses: 144626
c	Number of variables: 26600
c SAT Solving starts:
[runlim] sample:		120.0 time, 121.0 real, 120.4 MB
[runlim] sample:		130.0 time, 131.0 real, 120.4 MB
[runlim] sample:		140.0 time, 141.0 real, 136.9 MB
[runlim] sample:		149.9 time, 151.0 real, 169.9 MB
[runlim] sample:		159.9 time, 161.0 real, 136.9 MB
c	Solving duration: 53483 ms
c	Answer: 
s SAT (w = 35)
c	Solution check:
p calculated antibandwidth = 35.
c
c
c Antibandwidth problem with w = 36 ( J-nos4.mtx.rnd ):
c Initializing CaDiCaL (version 1.2.1).
c	Configuring CaDiCaL as --sat (1).
c Initializing a DuplexNSC encoder with n = 100.
c Encoding starts with w = 36:
c	Labels and Vertices aux var: 3600
c	Labels and Vertices constraints:  25500
c	Obj k aux var: 13100
c	Obj k constraints: 118338
c	Encoding duration: 0s
c	Number of clauses: 143838
c	Number of irredundant clauses: 143838
c	Number of variables: 26700
c SAT Solving starts:
[runlim] sample:		169.9 time, 171.0 real, 136.9 MB
[runlim] sample:		179.9 time, 181.0 real, 136.9 MB
[runlim] sample:		189.9 time, 191.0 real, 136.9 MB
[runlim] sample:		199.9 time, 201.0 real, 136.9 MB
[runlim] sample:		209.9 time, 211.0 real, 136.9 MB
[runlim] sample:		219.9 time, 221.0 real, 136.9 MB
[runlim] sample:		229.9 time, 231.0 real, 136.9 MB
[runlim] sample:		239.9 time, 241.0 real, 136.9 MB
[runlim] sample:		249.9 time, 251.0 real, 136.9 MB
[runlim] sample:		259.9 time, 261.0 real, 136.9 MB
[runlim] sample:		269.9 time, 271.0 real, 136.9 MB
[runlim] sample:		279.9 time, 281.0 real, 136.9 MB
[runlim] sample:		289.9 time, 291.0 real, 136.9 MB
[runlim] sample:		299.9 time, 301.0 real, 136.9 MB
[runlim] sample:		309.9 time, 311.0 real, 136.9 MB
[runlim] sample:		319.9 time, 321.0 real, 136.9 MB
[runlim] sample:		329.9 time, 331.0 real, 136.9 MB
[runlim] sample:		339.9 time, 341.0 real, 136.9 MB
[runlim] sample:		349.9 time, 351.0 real, 136.9 MB
[runlim] sample:		359.9 time, 361.0 real, 136.9 MB
[runlim] sample:		369.9 time, 371.0 real, 136.9 MB
[runlim] sample:		379.9 time, 381.0 real, 136.9 MB
[runlim] sample:		389.8 time, 391.0 real, 137.8 MB
[runlim] sample:		399.8 time, 401.0 real, 137.8 MB
[runlim] sample:		409.8 time, 411.0 real, 137.8 MB
[runlim] sample:		419.9 time, 421.0 real, 137.8 MB
[runlim] sample:		429.8 time, 431.0 real, 137.8 MB
[runlim] sample:		439.8 time, 441.0 real, 137.8 MB
[runlim] sample:		449.8 time, 451.0 real, 137.8 MB
[runlim] sample:		459.8 time, 461.0 real, 137.8 MB
[runlim] sample:		469.8 time, 471.0 real, 144.3 MB
[runlim] sample:		479.8 time, 481.0 real, 144.3 MB
[runlim] sample:		489.8 time, 491.0 real, 144.3 MB
[runlim] sample:		499.8 time, 501.0 real, 144.3 MB
[runlim] sample:		509.8 time, 511.0 real, 153.3 MB
[runlim] sample:		519.8 time, 521.0 real, 153.3 MB
[runlim] sample:		529.8 time, 531.0 real, 153.3 MB
[runlim] sample:		539.8 time, 541.0 real, 155.9 MB
[runlim] sample:		549.8 time, 551.0 real, 155.9 MB
[runlim] sample:		559.8 time, 561.0 real, 155.9 MB
[runlim] sample:		569.8 time, 571.0 real, 116.6 MB
[runlim] sample:		579.8 time, 581.0 real, 121.4 MB
[runlim] sample:		589.8 time, 591.0 real, 140.1 MB
[runlim] sample:		599.8 time, 601.0 real, 140.2 MB
[runlim] sample:		609.8 time, 611.0 real, 140.9 MB
[runlim] sample:		619.8 time, 621.0 real, 140.9 MB
c	Solving duration: 454225 ms
c	Answer: 
s UNSAT (w = 36)
c
c
[runlim] end:			Mon Jul 29 15:56:21 2024
[runlim] status:		ok
[runlim] result:		0
[runlim] children:		0
[runlim] real:			621.72 seconds
[runlim] time:			620.53 seconds
[runlim] space:			220.0 MB
[runlim] samples:		6207
