[runlim] version:		1.10
[runlim] time limit:		1800 seconds
[runlim] real time limit:	1800 seconds
[runlim] space limit:		10000 MB
[runlim] argv[0]:		/home/hieu/work/StaircaseAMO/cpaior20_duplex_encoder/AntiBandwidthReconstruct/build/abw_enc
[runlim] argv[1]:		/home/hieu/work/StaircaseAMO/cpaior20_duplex_encoder/AntiBandwidthReconstruct/build/Benchmarks/O-impcol_d.mtx.rnd
[runlim] argv[2]:		--duplexNSC
[runlim] start:			Tue Jul 30 00:02:09 2024
[runlim] main pid:		3820
[runlim] log captured:
c DuplexEncoder 0.8.
c Solving strategy: from LB to UB.
c LB-w = 91 (LB in Sinnl - A note on computational approaches for the antibandwidth problem).
c UB-w = 173 (UB in Sinnl - A note on computational approaches for the antibandwidth problem).
c Antibandwidth problem with w = 91 ( O-impcol_d.mtx.rnd ):
c Initializing CaDiCaL (version 1.2.1).
c	Configuring CaDiCaL as --sat (1).
c Initializing a DuplexNSC encoder with n = 425.
c Encoding starts with w = 91:
c	Labels and Vertices aux var: 34000
c	Labels and Vertices constraints:  415650
c	Obj k aux var: 291975
c	Obj k constraints: 2881501
c	Encoding duration: 1s
c	Number of clauses: 3297151
c	Number of irredundant clauses: 3297151
c	Number of variables: 506600
c SAT Solving starts:
[runlim] sample:		10.0 time, 10.6 real, 495.0 MB
[runlim] sample:		20.0 time, 20.6 real, 500.8 MB
[runlim] sample:		30.0 time, 30.6 real, 493.9 MB
[runlim] sample:		40.0 time, 40.6 real, 468.7 MB
[runlim] sample:		50.0 time, 50.6 real, 497.1 MB
[runlim] sample:		60.0 time, 60.6 real, 493.5 MB
[runlim] sample:		70.0 time, 70.6 real, 575.3 MB
[runlim] sample:		80.0 time, 80.6 real, 506.7 MB
c	Solving duration: 84114 ms
c	Answer: 
s SAT (w = 91)
c	Solution check:
p calculated antibandwidth = 91.
c
c
c Antibandwidth problem with w = 92 ( O-impcol_d.mtx.rnd ):
c Initializing CaDiCaL (version 1.2.1).
c	Configuring CaDiCaL as --sat (1).
c Initializing a DuplexNSC encoder with n = 425.
c Encoding starts with w = 92:
c	Labels and Vertices aux var: 34000
c	Labels and Vertices constraints:  415650
c	Obj k aux var: 293250
c	Obj k constraints: 2879833
c	Encoding duration: 0s
c	Number of clauses: 3295483
c	Number of irredundant clauses: 3295483
c	Number of variables: 507875
c SAT Solving starts:
[runlim] sample:		90.0 time, 90.6 real, 547.3 MB
[runlim] sample:		100.0 time, 100.6 real, 560.1 MB
[runlim] sample:		110.0 time, 110.6 real, 552.2 MB
[runlim] sample:		120.0 time, 120.6 real, 554.3 MB
[runlim] sample:		129.9 time, 130.6 real, 554.0 MB
[runlim] sample:		139.9 time, 140.6 real, 581.8 MB
[runlim] sample:		149.9 time, 150.6 real, 574.2 MB
[runlim] sample:		159.9 time, 160.6 real, 582.1 MB
[runlim] sample:		169.9 time, 170.6 real, 587.5 MB
[runlim] sample:		179.9 time, 180.6 real, 629.8 MB
[runlim] sample:		189.9 time, 190.6 real, 600.5 MB
[runlim] sample:		199.9 time, 200.6 real, 624.1 MB
[runlim] sample:		209.9 time, 210.6 real, 695.8 MB
[runlim] sample:		219.9 time, 220.6 real, 696.6 MB
[runlim] sample:		229.9 time, 230.6 real, 634.7 MB
[runlim] sample:		239.9 time, 240.6 real, 634.7 MB
c	Solving duration: 156548 ms
c	Answer: 
s SAT (w = 92)
c	Solution check:
p calculated antibandwidth = 92.
c
c
c Antibandwidth problem with w = 93 ( O-impcol_d.mtx.rnd ):
c Initializing CaDiCaL (version 1.2.1).
c	Configuring CaDiCaL as --sat (1).
c Initializing a DuplexNSC encoder with n = 425.
c Encoding starts with w = 93:
c	Labels and Vertices aux var: 34000
c	Labels and Vertices constraints:  415650
c	Obj k aux var: 294525
c	Obj k constraints: 2878165
c	Encoding duration: 0s
c	Number of clauses: 3293815
c	Number of irredundant clauses: 3293815
c	Number of variables: 509150
c SAT Solving starts:
[runlim] sample:		249.9 time, 250.6 real, 616.5 MB
[runlim] sample:		259.9 time, 260.6 real, 615.5 MB
[runlim] sample:		269.9 time, 270.6 real, 617.8 MB
[runlim] sample:		279.9 time, 280.6 real, 619.0 MB
[runlim] sample:		289.9 time, 290.6 real, 608.1 MB
c	Solving duration: 55402 ms
c	Answer: 
s SAT (w = 93)
c	Solution check:
p calculated antibandwidth = 93.
c
c
c Antibandwidth problem with w = 94 ( O-impcol_d.mtx.rnd ):
c Initializing CaDiCaL (version 1.2.1).
c	Configuring CaDiCaL as --sat (1).
c Initializing a DuplexNSC encoder with n = 425.
c Encoding starts with w = 94:
[runlim] sample:		299.9 time, 300.6 real, 504.9 MB
c	Labels and Vertices aux var: 34000
c	Labels and Vertices constraints:  415650
c	Obj k aux var: 295800
c	Obj k constraints: 2876497
c	Encoding duration: 0s
c	Number of clauses: 3292147
c	Number of irredundant clauses: 3292147
c	Number of variables: 510425
c SAT Solving starts:
[runlim] sample:		309.9 time, 310.6 real, 548.6 MB
[runlim] sample:		319.9 time, 320.6 real, 579.2 MB
[runlim] sample:		329.9 time, 330.6 real, 553.4 MB
[runlim] sample:		339.9 time, 340.6 real, 554.2 MB
[runlim] sample:		349.9 time, 350.6 real, 534.9 MB
[runlim] sample:		359.9 time, 360.6 real, 667.7 MB
[runlim] sample:		369.9 time, 370.6 real, 608.1 MB
c	Solving duration: 70369 ms
c	Answer: 
s SAT (w = 94)
c	Solution check:
p calculated antibandwidth = 94.
c
c
c Antibandwidth problem with w = 95 ( O-impcol_d.mtx.rnd ):
c Initializing CaDiCaL (version 1.2.1).
c	Configuring CaDiCaL as --sat (1).
c Initializing a DuplexNSC encoder with n = 425.
c Encoding starts with w = 95:
c	Labels and Vertices aux var: 34000
c	Labels and Vertices constraints:  415650
c	Obj k aux var: 297075
c	Obj k constraints: 2874829
c	Encoding duration: 0s
c	Number of clauses: 3290479
c	Number of irredundant clauses: 3290479
c	Number of variables: 511700
c SAT Solving starts:
[runlim] sample:		379.9 time, 380.6 real, 549.6 MB
[runlim] sample:		389.9 time, 390.6 real, 585.6 MB
[runlim] sample:		399.9 time, 400.6 real, 552.5 MB
[runlim] sample:		409.9 time, 410.6 real, 555.3 MB
[runlim] sample:		419.9 time, 420.6 real, 555.4 MB
[runlim] sample:		429.9 time, 430.6 real, 554.1 MB
[runlim] sample:		439.9 time, 440.6 real, 555.6 MB
[runlim] sample:		449.9 time, 450.6 real, 624.1 MB
[runlim] sample:		459.9 time, 460.6 real, 922.6 MB
[runlim] sample:		469.9 time, 470.6 real, 647.3 MB
[runlim] sample:		479.9 time, 480.6 real, 647.3 MB
[runlim] sample:		489.9 time, 490.6 real, 917.8 MB
[runlim] sample:		499.9 time, 500.6 real, 917.8 MB
c	Solving duration: 132283 ms
c	Answer: 
s SAT (w = 95)
c	Solution check:
p calculated antibandwidth = 95.
c
c
c Antibandwidth problem with w = 96 ( O-impcol_d.mtx.rnd ):
c Initializing CaDiCaL (version 1.2.1).
c	Configuring CaDiCaL as --sat (1).
c Initializing a DuplexNSC encoder with n = 425.
c Encoding starts with w = 96:
c	Labels and Vertices aux var: 34000
c	Labels and Vertices constraints:  415650
c	Obj k aux var: 298350
c	Obj k constraints: 2873161
c	Encoding duration: 0s
c	Number of clauses: 3288811
c	Number of irredundant clauses: 3288811
c	Number of variables: 512975
c SAT Solving starts:
[runlim] sample:		509.9 time, 510.6 real, 678.3 MB
[runlim] sample:		519.9 time, 520.6 real, 684.5 MB
[runlim] sample:		529.9 time, 530.6 real, 680.1 MB
[runlim] sample:		539.9 time, 540.6 real, 686.4 MB
[runlim] sample:		549.9 time, 550.6 real, 677.9 MB
[runlim] sample:		559.9 time, 560.6 real, 716.0 MB
[runlim] sample:		569.9 time, 570.6 real, 680.1 MB
[runlim] sample:		579.9 time, 580.6 real, 682.5 MB
[runlim] sample:		589.9 time, 590.6 real, 684.3 MB
[runlim] sample:		599.9 time, 600.6 real, 687.4 MB
[runlim] sample:		609.9 time, 610.6 real, 879.4 MB
[runlim] sample:		619.9 time, 620.6 real, 879.4 MB
[runlim] sample:		629.9 time, 630.6 real, 912.7 MB
[runlim] sample:		639.9 time, 640.6 real, 726.6 MB
[runlim] sample:		649.9 time, 650.6 real, 717.4 MB
c	Solving duration: 145422 ms
c	Answer: 
s SAT (w = 96)
c	Solution check:
p calculated antibandwidth = 96.
c
c
c Antibandwidth problem with w = 97 ( O-impcol_d.mtx.rnd ):
c Initializing CaDiCaL (version 1.2.1).
c	Configuring CaDiCaL as --sat (1).
c Initializing a DuplexNSC encoder with n = 425.
c Encoding starts with w = 97:
c	Labels and Vertices aux var: 34000
c	Labels and Vertices constraints:  415650
c	Obj k aux var: 299625
c	Obj k constraints: 2871493
c	Encoding duration: 0s
c	Number of clauses: 3287143
c	Number of irredundant clauses: 3287143
c	Number of variables: 514250
c SAT Solving starts:
[runlim] sample:		659.9 time, 660.6 real, 688.4 MB
[runlim] sample:		669.9 time, 670.6 real, 696.2 MB
[runlim] sample:		679.9 time, 680.6 real, 733.9 MB
[runlim] sample:		689.9 time, 690.6 real, 704.1 MB
[runlim] sample:		699.9 time, 700.6 real, 740.1 MB
[runlim] sample:		709.9 time, 710.6 real, 688.7 MB
[runlim] sample:		719.9 time, 720.6 real, 835.4 MB
[runlim] sample:		729.9 time, 730.6 real, 670.3 MB
[runlim] sample:		739.9 time, 740.6 real, 645.1 MB
[runlim] sample:		749.9 time, 750.6 real, 655.1 MB
[runlim] sample:		759.9 time, 760.6 real, 663.9 MB
[runlim] sample:		769.9 time, 770.6 real, 791.1 MB
[runlim] sample:		779.9 time, 780.6 real, 792.6 MB
[runlim] sample:		789.9 time, 790.6 real, 792.6 MB
[runlim] sample:		799.9 time, 800.6 real, 886.4 MB
[runlim] sample:		809.9 time, 810.6 real, 886.4 MB
[runlim] sample:		819.9 time, 820.6 real, 855.9 MB
[runlim] sample:		829.9 time, 830.6 real, 675.4 MB
[runlim] sample:		839.9 time, 840.6 real, 773.0 MB
[runlim] sample:		849.9 time, 850.6 real, 745.3 MB
[runlim] sample:		859.9 time, 860.6 real, 686.0 MB
[runlim] sample:		869.9 time, 870.6 real, 687.3 MB
[runlim] sample:		879.9 time, 880.6 real, 863.5 MB
[runlim] sample:		889.9 time, 890.6 real, 863.5 MB
[runlim] sample:		899.9 time, 900.6 real, 939.3 MB
[runlim] sample:		909.9 time, 910.6 real, 1187.3 MB
[runlim] sample:		919.9 time, 920.6 real, 1187.3 MB
[runlim] sample:		929.9 time, 930.6 real, 1004.7 MB
[runlim] sample:		939.8 time, 940.6 real, 839.1 MB
[runlim] sample:		949.8 time, 950.6 real, 851.5 MB
c	Solving duration: 305706 ms
c	Answer: 
s SAT (w = 97)
c	Solution check:
p calculated antibandwidth = 97.
c
c
c Antibandwidth problem with w = 98 ( O-impcol_d.mtx.rnd ):
c Initializing CaDiCaL (version 1.2.1).
c	Configuring CaDiCaL as --sat (1).
c Initializing a DuplexNSC encoder with n = 425.
c Encoding starts with w = 98:
c	Labels and Vertices aux var: 34000
c	Labels and Vertices constraints:  415650
c	Obj k aux var: 300900
c	Obj k constraints: 2869825
c	Encoding duration: 0s
c	Number of clauses: 3285475
c	Number of irredundant clauses: 3285475
c	Number of variables: 515525
c SAT Solving starts:
[runlim] sample:		959.8 time, 960.6 real, 781.7 MB
[runlim] sample:		969.8 time, 970.6 real, 744.8 MB
[runlim] sample:		979.8 time, 980.6 real, 745.0 MB
[runlim] sample:		989.8 time, 990.6 real, 827.2 MB
[runlim] sample:		999.8 time, 1000.6 real, 824.6 MB
[runlim] sample:		1009.8 time, 1010.6 real, 745.3 MB
[runlim] sample:		1019.8 time, 1020.6 real, 866.0 MB
[runlim] sample:		1029.8 time, 1030.6 real, 942.6 MB
[runlim] sample:		1039.8 time, 1040.6 real, 950.9 MB
[runlim] sample:		1049.8 time, 1050.6 real, 961.1 MB
[runlim] sample:		1059.8 time, 1060.6 real, 1010.7 MB
[runlim] sample:		1069.8 time, 1070.6 real, 843.0 MB
[runlim] sample:		1079.8 time, 1080.6 real, 845.0 MB
[runlim] sample:		1089.8 time, 1090.6 real, 863.2 MB
[runlim] sample:		1099.8 time, 1100.6 real, 1014.2 MB
[runlim] sample:		1109.8 time, 1110.6 real, 962.6 MB
[runlim] sample:		1119.8 time, 1120.6 real, 873.5 MB
[runlim] sample:		1129.8 time, 1130.6 real, 752.0 MB
[runlim] sample:		1139.8 time, 1140.6 real, 864.2 MB
c	Solving duration: 189115 ms
c	Answer: 
s SAT (w = 98)
c	Solution check:
p calculated antibandwidth = 98.
c
c
c Antibandwidth problem with w = 99 ( O-impcol_d.mtx.rnd ):
c Initializing CaDiCaL (version 1.2.1).
c	Configuring CaDiCaL as --sat (1).
c Initializing a DuplexNSC encoder with n = 425.
c Encoding starts with w = 99:
c	Labels and Vertices aux var: 34000
c	Labels and Vertices constraints:  415650
c	Obj k aux var: 302175
c	Obj k constraints: 2868157
c	Encoding duration: 0s
c	Number of clauses: 3283807
c	Number of irredundant clauses: 3283807
c	Number of variables: 516800
c SAT Solving starts:
[runlim] sample:		1149.8 time, 1150.6 real, 797.7 MB
[runlim] sample:		1159.8 time, 1160.6 real, 744.9 MB
[runlim] sample:		1169.8 time, 1170.6 real, 745.1 MB
[runlim] sample:		1179.8 time, 1180.6 real, 837.2 MB
[runlim] sample:		1189.8 time, 1190.6 real, 830.1 MB
[runlim] sample:		1199.8 time, 1200.6 real, 823.1 MB
[runlim] sample:		1209.8 time, 1210.6 real, 745.3 MB
[runlim] sample:		1219.8 time, 1220.6 real, 823.1 MB
[runlim] sample:		1229.8 time, 1230.6 real, 745.3 MB
[runlim] sample:		1239.8 time, 1240.6 real, 869.1 MB
[runlim] sample:		1249.8 time, 1250.6 real, 826.6 MB
[runlim] sample:		1259.8 time, 1260.6 real, 745.3 MB
[runlim] sample:		1269.8 time, 1270.6 real, 879.7 MB
[runlim] sample:		1279.8 time, 1280.6 real, 745.8 MB
[runlim] sample:		1289.8 time, 1290.6 real, 836.9 MB
[runlim] sample:		1299.8 time, 1300.6 real, 921.9 MB
[runlim] sample:		1309.8 time, 1310.6 real, 864.0 MB
[runlim] sample:		1319.8 time, 1320.6 real, 752.1 MB
[runlim] sample:		1329.8 time, 1330.6 real, 844.7 MB
[runlim] sample:		1339.8 time, 1340.6 real, 844.7 MB
[runlim] sample:		1349.8 time, 1350.6 real, 1143.4 MB
[runlim] sample:		1359.8 time, 1360.6 real, 1035.1 MB
[runlim] sample:		1369.8 time, 1370.6 real, 1035.1 MB
[runlim] sample:		1379.8 time, 1380.6 real, 1041.1 MB
[runlim] sample:		1389.8 time, 1390.6 real, 1019.5 MB
[runlim] sample:		1399.8 time, 1400.6 real, 1019.5 MB
[runlim] sample:		1409.8 time, 1410.6 real, 1161.8 MB
[runlim] sample:		1419.8 time, 1420.6 real, 1161.8 MB
c	Solving duration: 279573 ms
c	Answer: 
s SAT (w = 99)
c	Solution check:
p calculated antibandwidth = 99.
c
c
c Antibandwidth problem with w = 100 ( O-impcol_d.mtx.rnd ):
c Initializing CaDiCaL (version 1.2.1).
c	Configuring CaDiCaL as --sat (1).
c Initializing a DuplexNSC encoder with n = 425.
c Encoding starts with w = 100:
c	Labels and Vertices aux var: 34000
c	Labels and Vertices constraints:  415650
c	Obj k aux var: 303450
c	Obj k constraints: 2866489
c	Encoding duration: 0s
c	Number of clauses: 3282139
c	Number of irredundant clauses: 3282139
c	Number of variables: 518075
c SAT Solving starts:
[runlim] sample:		1429.8 time, 1430.6 real, 759.1 MB
[runlim] sample:		1439.8 time, 1440.6 real, 797.6 MB
[runlim] sample:		1449.8 time, 1450.6 real, 744.9 MB
[runlim] sample:		1459.8 time, 1460.6 real, 745.0 MB
[runlim] sample:		1469.8 time, 1470.6 real, 868.3 MB
[runlim] sample:		1479.8 time, 1480.6 real, 758.1 MB
[runlim] sample:		1489.8 time, 1490.6 real, 758.1 MB
[runlim] sample:		1499.8 time, 1500.6 real, 984.8 MB
[runlim] sample:		1509.8 time, 1510.6 real, 758.1 MB
[runlim] sample:		1519.8 time, 1520.6 real, 758.1 MB
[runlim] sample:		1529.8 time, 1530.6 real, 854.6 MB
[runlim] sample:		1539.8 time, 1540.6 real, 758.1 MB
[runlim] sample:		1549.8 time, 1550.6 real, 758.1 MB
[runlim] sample:		1559.8 time, 1560.6 real, 758.1 MB
[runlim] sample:		1569.8 time, 1570.6 real, 936.6 MB
[runlim] sample:		1579.8 time, 1580.6 real, 1049.6 MB
[runlim] sample:		1589.8 time, 1590.6 real, 758.5 MB
[runlim] sample:		1599.8 time, 1600.6 real, 855.2 MB
[runlim] sample:		1609.8 time, 1610.6 real, 765.0 MB
[runlim] sample:		1619.8 time, 1620.6 real, 1061.9 MB
[runlim] sample:		1629.8 time, 1630.6 real, 904.7 MB
[runlim] sample:		1639.8 time, 1640.6 real, 904.7 MB
[runlim] sample:		1649.8 time, 1650.6 real, 913.0 MB
[runlim] sample:		1659.8 time, 1660.6 real, 913.0 MB
[runlim] sample:		1669.8 time, 1670.6 real, 913.0 MB
[runlim] sample:		1679.8 time, 1680.6 real, 916.7 MB
[runlim] sample:		1689.8 time, 1690.6 real, 1303.4 MB
c	Solving duration: 267409 ms
c	Answer: 
s SAT (w = 100)
c	Solution check:
p calculated antibandwidth = 100.
c
c
c Antibandwidth problem with w = 101 ( O-impcol_d.mtx.rnd ):
c Initializing CaDiCaL (version 1.2.1).
c	Configuring CaDiCaL as --sat (1).
c Initializing a DuplexNSC encoder with n = 425.
c Encoding starts with w = 101:
c	Labels and Vertices aux var: 34000
c	Labels and Vertices constraints:  415650
c	Obj k aux var: 304725
c	Obj k constraints: 2864821
c	Encoding duration: 0s
c	Number of clauses: 3280471
c	Number of irredundant clauses: 3280471
c	Number of variables: 519350
c SAT Solving starts:
[runlim] sample:		1699.8 time, 1700.6 real, 784.0 MB
[runlim] sample:		1709.8 time, 1710.6 real, 766.9 MB
[runlim] sample:		1719.8 time, 1720.6 real, 849.5 MB
[runlim] sample:		1729.8 time, 1730.6 real, 767.2 MB
[runlim] sample:		1739.8 time, 1740.6 real, 882.1 MB
[runlim] sample:		1749.8 time, 1750.6 real, 849.7 MB
[runlim] sample:		1759.8 time, 1760.6 real, 767.3 MB
[runlim] sample:		1769.8 time, 1770.6 real, 872.2 MB
[runlim] sample:		1779.8 time, 1780.6 real, 830.3 MB
[runlim] sample:		1789.8 time, 1790.6 real, 930.6 MB
c Signal interruption.
[runlim] end:			Tue Jul 30 00:32:09 2024
[runlim] status:		out of time
[runlim] result:		2
[runlim] children:		0
[runlim] real:			1800.16 seconds
[runlim] time:			1799.25 seconds
[runlim] space:			1483.2 MB
[runlim] samples:		17995
