[runlim] version:		1.10
[runlim] time limit:		1800 seconds
[runlim] real time limit:	1800 seconds
[runlim] space limit:		10000 MB
[runlim] argv[0]:		/home/hieu/work/StaircaseAMO/cpaior20_duplex_encoder/AntiBandwidthReconstruct/build/abw_enc
[runlim] argv[1]:		/home/hieu/work/StaircaseAMO/cpaior20_duplex_encoder/AntiBandwidthReconstruct/build/Benchmarks/P-can__445.mtx.rnd
[runlim] argv[2]:		--duplex
[runlim] start:			Tue Jul 30 04:14:09 2024
[runlim] main pid:		4730
[runlim] log captured:
c DuplexEncoder 0.8.
c Solving strategy: from LB to UB.
c LB-w = 78 (LB in Sinnl - A note on computational approaches for the antibandwidth problem).
c UB-w = 120 (UB in Sinnl - A note on computational approaches for the antibandwidth problem).
c Antibandwidth problem with w = 78 ( P-can__445.mtx.rnd ):
c Initializing CaDiCaL (version 1.2.1).
c	Configuring CaDiCaL as --sat (1).
c Initializing a Duplex encoder with n = 445.
c Encoding starts with w = 78:
Labels and Vertices aux var: 36490
Labels and Vertices constraints:  456570
Obj k aux var: 664830
Obj k constraints: 4604821
c	Encoding duration: 1s
c	Number of clauses: 5061613
c	Number of irredundant clauses: 4726662
c	Number of variables: 899345
c SAT Solving starts:
[runlim] sample:		10.0 time, 10.1 real, 807.9 MB
[runlim] sample:		20.0 time, 20.1 real, 812.6 MB
[runlim] sample:		30.0 time, 30.1 real, 833.2 MB
[runlim] sample:		40.0 time, 40.1 real, 823.3 MB
[runlim] sample:		50.0 time, 50.1 real, 819.9 MB
[runlim] sample:		60.0 time, 60.1 real, 968.0 MB
[runlim] sample:		70.0 time, 70.1 real, 821.2 MB
[runlim] sample:		80.0 time, 80.1 real, 836.4 MB
[runlim] sample:		90.0 time, 90.1 real, 827.3 MB
[runlim] sample:		100.0 time, 100.1 real, 874.1 MB
[runlim] sample:		110.0 time, 110.1 real, 870.5 MB
[runlim] sample:		120.0 time, 120.1 real, 841.1 MB
[runlim] sample:		130.0 time, 130.1 real, 820.7 MB
[runlim] sample:		140.0 time, 140.1 real, 830.9 MB
[runlim] sample:		150.0 time, 150.1 real, 895.6 MB
[runlim] sample:		160.0 time, 160.1 real, 855.8 MB
[runlim] sample:		170.0 time, 170.1 real, 867.7 MB
[runlim] sample:		180.0 time, 180.1 real, 885.7 MB
[runlim] sample:		190.0 time, 190.1 real, 861.8 MB
[runlim] sample:		200.0 time, 200.1 real, 922.7 MB
[runlim] sample:		210.0 time, 210.1 real, 918.6 MB
[runlim] sample:		220.0 time, 220.1 real, 920.1 MB
[runlim] sample:		230.0 time, 230.1 real, 1099.6 MB
[runlim] sample:		240.0 time, 240.1 real, 1077.0 MB
[runlim] sample:		250.0 time, 250.1 real, 1077.0 MB
[runlim] sample:		260.0 time, 260.1 real, 1247.7 MB
[runlim] sample:		270.0 time, 270.1 real, 985.0 MB
[runlim] sample:		280.0 time, 280.1 real, 845.3 MB
[runlim] sample:		290.0 time, 290.1 real, 980.1 MB
[runlim] sample:		300.0 time, 300.1 real, 1051.5 MB
[runlim] sample:		310.0 time, 310.1 real, 1108.1 MB
[runlim] sample:		320.0 time, 320.1 real, 1404.7 MB
[runlim] sample:		330.0 time, 330.1 real, 1347.4 MB
[runlim] sample:		340.0 time, 340.1 real, 1299.6 MB
[runlim] sample:		350.0 time, 350.1 real, 1003.7 MB
[runlim] sample:		360.0 time, 360.1 real, 896.2 MB
[runlim] sample:		370.0 time, 370.1 real, 833.3 MB
[runlim] sample:		380.0 time, 380.1 real, 873.2 MB
[runlim] sample:		390.0 time, 390.1 real, 958.7 MB
[runlim] sample:		400.0 time, 400.1 real, 919.3 MB
[runlim] sample:		410.0 time, 410.1 real, 901.4 MB
[runlim] sample:		419.9 time, 420.1 real, 918.2 MB
[runlim] sample:		430.0 time, 430.1 real, 936.1 MB
[runlim] sample:		440.0 time, 440.1 real, 936.1 MB
[runlim] sample:		450.0 time, 450.1 real, 936.1 MB
[runlim] sample:		460.0 time, 460.1 real, 936.1 MB
[runlim] sample:		469.9 time, 470.1 real, 1083.5 MB
[runlim] sample:		479.9 time, 480.1 real, 915.0 MB
[runlim] sample:		489.9 time, 490.1 real, 915.0 MB
[runlim] sample:		499.9 time, 500.1 real, 882.7 MB
[runlim] sample:		509.9 time, 510.1 real, 906.7 MB
[runlim] sample:		519.9 time, 520.1 real, 934.5 MB
[runlim] sample:		529.9 time, 530.1 real, 934.5 MB
[runlim] sample:		540.0 time, 540.1 real, 958.4 MB
[runlim] sample:		549.9 time, 550.1 real, 872.1 MB
[runlim] sample:		559.9 time, 560.1 real, 872.1 MB
[runlim] sample:		569.9 time, 570.1 real, 946.5 MB
[runlim] sample:		579.9 time, 580.1 real, 1106.1 MB
[runlim] sample:		589.9 time, 590.1 real, 1271.0 MB
[runlim] sample:		599.9 time, 600.1 real, 1945.6 MB
[runlim] sample:		609.9 time, 610.1 real, 1377.4 MB
[runlim] sample:		619.9 time, 620.1 real, 1353.6 MB
[runlim] sample:		629.9 time, 630.1 real, 1345.0 MB
[runlim] sample:		639.9 time, 640.1 real, 1366.2 MB
[runlim] sample:		649.9 time, 650.1 real, 1366.2 MB
[runlim] sample:		659.9 time, 660.1 real, 1434.3 MB
[runlim] sample:		669.9 time, 670.1 real, 1434.3 MB
[runlim] sample:		679.9 time, 680.1 real, 1434.3 MB
[runlim] sample:		689.9 time, 690.1 real, 1434.3 MB
[runlim] sample:		699.9 time, 700.1 real, 1840.8 MB
[runlim] sample:		709.9 time, 710.1 real, 1840.8 MB
[runlim] sample:		719.9 time, 720.1 real, 1875.5 MB
[runlim] sample:		729.9 time, 730.1 real, 1417.8 MB
[runlim] sample:		739.9 time, 740.1 real, 1417.8 MB
[runlim] sample:		749.9 time, 750.1 real, 1494.3 MB
[runlim] sample:		759.9 time, 760.1 real, 1243.7 MB
[runlim] sample:		769.9 time, 770.1 real, 1243.7 MB
[runlim] sample:		779.9 time, 780.1 real, 1569.2 MB
[runlim] sample:		789.9 time, 790.1 real, 1569.2 MB
[runlim] sample:		799.9 time, 800.1 real, 1585.2 MB
[runlim] sample:		809.9 time, 810.1 real, 1674.5 MB
[runlim] sample:		819.9 time, 820.1 real, 1495.9 MB
[runlim] sample:		829.9 time, 830.1 real, 1691.6 MB
[runlim] sample:		839.9 time, 840.1 real, 1439.5 MB
[runlim] sample:		849.9 time, 850.1 real, 1439.5 MB
[runlim] sample:		859.9 time, 860.1 real, 1439.5 MB
[runlim] sample:		869.9 time, 870.1 real, 1439.5 MB
[runlim] sample:		879.9 time, 880.1 real, 1463.2 MB
[runlim] sample:		889.9 time, 890.1 real, 1833.8 MB
[runlim] sample:		899.9 time, 900.1 real, 1808.9 MB
[runlim] sample:		909.9 time, 910.1 real, 1842.9 MB
[runlim] sample:		919.9 time, 920.1 real, 1842.9 MB
[runlim] sample:		929.9 time, 930.1 real, 1784.0 MB
[runlim] sample:		939.9 time, 940.1 real, 1453.2 MB
[runlim] sample:		949.9 time, 950.1 real, 1462.1 MB
[runlim] sample:		959.9 time, 960.1 real, 1463.6 MB
[runlim] sample:		969.9 time, 970.1 real, 1464.7 MB
[runlim] sample:		979.9 time, 980.1 real, 1288.6 MB
[runlim] sample:		989.9 time, 990.1 real, 1288.6 MB
[runlim] sample:		999.9 time, 1000.1 real, 1473.2 MB
[runlim] sample:		1009.9 time, 1010.1 real, 1545.6 MB
[runlim] sample:		1019.9 time, 1020.1 real, 1545.6 MB
[runlim] sample:		1029.9 time, 1030.1 real, 1499.5 MB
[runlim] sample:		1039.9 time, 1040.1 real, 1499.5 MB
[runlim] sample:		1049.9 time, 1050.1 real, 1663.7 MB
[runlim] sample:		1059.9 time, 1060.1 real, 1708.9 MB
[runlim] sample:		1069.9 time, 1070.1 real, 1708.9 MB
[runlim] sample:		1079.9 time, 1080.1 real, 1708.9 MB
[runlim] sample:		1089.9 time, 1090.1 real, 1669.9 MB
[runlim] sample:		1099.9 time, 1100.1 real, 1669.9 MB
[runlim] sample:		1109.9 time, 1110.1 real, 1604.5 MB
[runlim] sample:		1119.9 time, 1120.1 real, 1604.5 MB
[runlim] sample:		1129.9 time, 1130.1 real, 1604.5 MB
[runlim] sample:		1139.9 time, 1140.1 real, 1604.5 MB
[runlim] sample:		1149.9 time, 1150.1 real, 1924.7 MB
[runlim] sample:		1159.9 time, 1160.1 real, 1818.9 MB
[runlim] sample:		1169.9 time, 1170.1 real, 1818.9 MB
[runlim] sample:		1179.9 time, 1180.1 real, 1450.8 MB
[runlim] sample:		1189.9 time, 1190.1 real, 1450.8 MB
[runlim] sample:		1199.9 time, 1200.1 real, 1467.2 MB
[runlim] sample:		1209.9 time, 1210.1 real, 1511.7 MB
[runlim] sample:		1219.9 time, 1220.1 real, 1484.3 MB
[runlim] sample:		1229.9 time, 1230.1 real, 1484.3 MB
[runlim] sample:		1239.9 time, 1240.1 real, 1287.0 MB
[runlim] sample:		1249.9 time, 1250.1 real, 1287.0 MB
[runlim] sample:		1259.9 time, 1260.1 real, 1287.0 MB
[runlim] sample:		1269.9 time, 1270.1 real, 1287.0 MB
[runlim] sample:		1279.9 time, 1280.1 real, 1287.7 MB
[runlim] sample:		1289.9 time, 1290.1 real, 1631.3 MB
[runlim] sample:		1299.9 time, 1300.1 real, 1631.3 MB
[runlim] sample:		1309.9 time, 1310.1 real, 1631.3 MB
[runlim] sample:		1319.9 time, 1320.1 real, 1631.3 MB
[runlim] sample:		1329.9 time, 1330.1 real, 1631.3 MB
[runlim] sample:		1339.9 time, 1340.1 real, 1793.9 MB
[runlim] sample:		1349.9 time, 1350.1 real, 1793.9 MB
[runlim] sample:		1359.9 time, 1360.1 real, 1793.9 MB
[runlim] sample:		1369.9 time, 1370.1 real, 1793.9 MB
[runlim] sample:		1379.9 time, 1380.1 real, 1793.9 MB
[runlim] sample:		1389.9 time, 1390.1 real, 1793.9 MB
[runlim] sample:		1399.9 time, 1400.1 real, 1993.0 MB
[runlim] sample:		1409.9 time, 1410.1 real, 1993.0 MB
[runlim] sample:		1419.9 time, 1420.1 real, 1993.0 MB
[runlim] sample:		1429.9 time, 1430.1 real, 1459.0 MB
[runlim] sample:		1439.9 time, 1440.1 real, 1459.0 MB
[runlim] sample:		1449.9 time, 1450.1 real, 1538.4 MB
[runlim] sample:		1459.9 time, 1460.1 real, 1538.4 MB
[runlim] sample:		1469.9 time, 1470.1 real, 1538.4 MB
[runlim] sample:		1479.9 time, 1480.1 real, 1538.4 MB
[runlim] sample:		1489.9 time, 1490.1 real, 1538.4 MB
[runlim] sample:		1499.9 time, 1500.1 real, 1538.4 MB
[runlim] sample:		1509.9 time, 1510.1 real, 1562.0 MB
[runlim] sample:		1519.9 time, 1520.1 real, 1737.6 MB
[runlim] sample:		1529.9 time, 1530.1 real, 2365.4 MB
[runlim] sample:		1539.8 time, 1540.1 real, 2399.2 MB
[runlim] sample:		1549.8 time, 1550.1 real, 1739.2 MB
[runlim] sample:		1559.8 time, 1560.1 real, 1739.2 MB
[runlim] sample:		1569.8 time, 1570.1 real, 1445.4 MB
[runlim] sample:		1579.8 time, 1580.1 real, 1491.4 MB
[runlim] sample:		1589.8 time, 1590.1 real, 1491.4 MB
[runlim] sample:		1599.8 time, 1600.1 real, 1491.4 MB
[runlim] sample:		1609.8 time, 1610.1 real, 1491.4 MB
[runlim] sample:		1619.8 time, 1620.1 real, 1814.5 MB
[runlim] sample:		1629.8 time, 1630.1 real, 1852.3 MB
[runlim] sample:		1639.8 time, 1640.1 real, 1852.3 MB
[runlim] sample:		1649.8 time, 1650.1 real, 1681.7 MB
[runlim] sample:		1659.8 time, 1660.1 real, 1681.7 MB
[runlim] sample:		1669.8 time, 1670.1 real, 1688.5 MB
[runlim] sample:		1679.8 time, 1680.1 real, 1489.1 MB
[runlim] sample:		1689.8 time, 1690.1 real, 1489.1 MB
[runlim] sample:		1699.8 time, 1700.1 real, 1489.1 MB
[runlim] sample:		1709.8 time, 1710.1 real, 1689.8 MB
[runlim] sample:		1719.8 time, 1720.1 real, 1690.8 MB
[runlim] sample:		1729.8 time, 1730.1 real, 1690.8 MB
[runlim] sample:		1739.8 time, 1740.1 real, 1690.8 MB
[runlim] sample:		1749.8 time, 1750.1 real, 1746.9 MB
[runlim] sample:		1759.8 time, 1760.1 real, 1746.9 MB
[runlim] sample:		1769.8 time, 1770.1 real, 1746.9 MB
[runlim] sample:		1779.8 time, 1780.1 real, 1746.9 MB
[runlim] sample:		1789.8 time, 1790.1 real, 1566.9 MB
c Signal interruption.
[runlim] sample:		1799.8 time, 1800.1 real, 0.0 MB
[runlim] end:			Tue Jul 30 04:44:09 2024
[runlim] status:		out of time
[runlim] result:		2
[runlim] children:		0
[runlim] real:			1800.21 seconds
[runlim] time:			1799.84 seconds
[runlim] space:			2615.4 MB
[runlim] samples:		18000
