[runlim] version:		1.10
[runlim] time limit:		1800 seconds
[runlim] real time limit:	1800 seconds
[runlim] space limit:		10000 MB
[runlim] argv[0]:		/home/hieu/work/StaircaseAMO/cpaior20_duplex_encoder/AntiBandwidthReconstruct/build/abw_enc
[runlim] argv[1]:		/home/hieu/work/StaircaseAMO/cpaior20_duplex_encoder/AntiBandwidthReconstruct/build/Benchmarks/Q-494_bus.mtx.rnd
[runlim] argv[2]:		--duplexNSC
[runlim] start:			Tue Jul 30 03:06:25 2024
[runlim] main pid:		4639
[runlim] log captured:
c DuplexEncoder 0.8.
c Solving strategy: from LB to UB.
c LB-w = 219 (LB in Sinnl - A note on computational approaches for the antibandwidth problem).
c UB-w = 246 (UB in Sinnl - A note on computational approaches for the antibandwidth problem).
c Antibandwidth problem with w = 219 ( Q-494_bus.mtx.rnd ):
c Initializing CaDiCaL (version 1.2.1).
c	Configuring CaDiCaL as --sat (1).
c Initializing a DuplexNSC encoder with n = 494.
c Encoding starts with w = 219:
c	Labels and Vertices aux var: 42484
c	Labels and Vertices constraints:  552292
c	Obj k aux var: 349752
c	Obj k constraints: 2072076
c	Encoding duration: 0s
c	Number of clauses: 2624368
c	Number of irredundant clauses: 2624368
c	Number of variables: 636272
c SAT Solving starts:
[runlim] sample:		10.0 time, 10.2 real, 496.8 MB
[runlim] sample:		20.0 time, 20.2 real, 527.8 MB
[runlim] sample:		30.0 time, 30.2 real, 536.4 MB
[runlim] sample:		40.0 time, 40.2 real, 531.6 MB
[runlim] sample:		50.0 time, 50.2 real, 531.1 MB
[runlim] sample:		60.0 time, 60.2 real, 528.0 MB
[runlim] sample:		70.0 time, 70.2 real, 538.8 MB
[runlim] sample:		80.0 time, 80.2 real, 540.4 MB
[runlim] sample:		90.0 time, 90.2 real, 543.9 MB
[runlim] sample:		100.0 time, 100.2 real, 543.9 MB
[runlim] sample:		110.0 time, 110.2 real, 528.6 MB
[runlim] sample:		120.0 time, 120.2 real, 541.3 MB
[runlim] sample:		130.0 time, 130.2 real, 543.7 MB
[runlim] sample:		140.0 time, 140.2 real, 549.0 MB
[runlim] sample:		150.0 time, 150.2 real, 567.6 MB
[runlim] sample:		160.0 time, 160.2 real, 570.0 MB
[runlim] sample:		170.0 time, 170.2 real, 553.7 MB
[runlim] sample:		180.0 time, 180.2 real, 603.9 MB
[runlim] sample:		190.0 time, 190.2 real, 543.2 MB
[runlim] sample:		200.0 time, 200.2 real, 577.2 MB
[runlim] sample:		210.0 time, 210.2 real, 577.2 MB
[runlim] sample:		220.0 time, 220.2 real, 618.6 MB
[runlim] sample:		230.0 time, 230.2 real, 570.0 MB
[runlim] sample:		240.0 time, 240.2 real, 605.3 MB
[runlim] sample:		250.0 time, 250.2 real, 619.7 MB
[runlim] sample:		260.0 time, 260.2 real, 622.4 MB
[runlim] sample:		270.0 time, 270.2 real, 569.3 MB
[runlim] sample:		280.0 time, 280.2 real, 569.3 MB
[runlim] sample:		290.0 time, 290.2 real, 641.9 MB
[runlim] sample:		300.0 time, 300.2 real, 621.1 MB
[runlim] sample:		310.0 time, 310.2 real, 604.4 MB
[runlim] sample:		320.0 time, 320.2 real, 597.2 MB
[runlim] sample:		330.0 time, 330.2 real, 606.2 MB
[runlim] sample:		340.0 time, 340.2 real, 611.8 MB
[runlim] sample:		350.0 time, 350.2 real, 639.5 MB
[runlim] sample:		359.9 time, 360.2 real, 639.5 MB
[runlim] sample:		369.9 time, 370.2 real, 649.1 MB
[runlim] sample:		379.9 time, 380.2 real, 649.1 MB
[runlim] sample:		389.9 time, 390.2 real, 659.8 MB
[runlim] sample:		400.0 time, 400.2 real, 793.0 MB
[runlim] sample:		410.0 time, 410.2 real, 644.6 MB
[runlim] sample:		420.0 time, 420.2 real, 644.6 MB
[runlim] sample:		429.9 time, 430.2 real, 750.7 MB
[runlim] sample:		439.9 time, 440.2 real, 750.7 MB
[runlim] sample:		449.9 time, 450.2 real, 660.7 MB
[runlim] sample:		459.9 time, 460.2 real, 637.2 MB
[runlim] sample:		469.9 time, 470.2 real, 637.2 MB
[runlim] sample:		479.9 time, 480.2 real, 683.1 MB
[runlim] sample:		489.9 time, 490.2 real, 683.1 MB
[runlim] sample:		499.9 time, 500.2 real, 647.4 MB
[runlim] sample:		509.9 time, 510.2 real, 779.1 MB
[runlim] sample:		519.9 time, 520.2 real, 635.4 MB
[runlim] sample:		529.9 time, 530.2 real, 635.4 MB
[runlim] sample:		539.9 time, 540.2 real, 654.4 MB
[runlim] sample:		549.9 time, 550.2 real, 618.3 MB
[runlim] sample:		559.9 time, 560.2 real, 628.7 MB
[runlim] sample:		569.9 time, 570.2 real, 609.9 MB
[runlim] sample:		579.9 time, 580.2 real, 609.9 MB
[runlim] sample:		589.9 time, 590.2 real, 618.0 MB
[runlim] sample:		599.9 time, 600.2 real, 637.8 MB
[runlim] sample:		609.9 time, 610.2 real, 638.1 MB
[runlim] sample:		619.9 time, 620.2 real, 638.1 MB
[runlim] sample:		629.9 time, 630.2 real, 670.9 MB
[runlim] sample:		639.9 time, 640.2 real, 670.9 MB
[runlim] sample:		649.9 time, 650.2 real, 653.3 MB
[runlim] sample:		659.9 time, 660.2 real, 676.7 MB
[runlim] sample:		669.9 time, 670.2 real, 681.0 MB
[runlim] sample:		679.9 time, 680.2 real, 663.5 MB
[runlim] sample:		689.9 time, 690.2 real, 663.5 MB
[runlim] sample:		699.9 time, 700.2 real, 831.5 MB
[runlim] sample:		709.9 time, 710.2 real, 685.6 MB
[runlim] sample:		719.9 time, 720.2 real, 688.7 MB
[runlim] sample:		729.9 time, 730.2 real, 664.5 MB
[runlim] sample:		739.9 time, 740.2 real, 664.5 MB
[runlim] sample:		749.9 time, 750.2 real, 713.6 MB
[runlim] sample:		759.9 time, 760.2 real, 713.6 MB
[runlim] sample:		769.9 time, 770.2 real, 713.6 MB
[runlim] sample:		779.9 time, 780.2 real, 751.8 MB
[runlim] sample:		789.9 time, 790.2 real, 751.8 MB
[runlim] sample:		799.9 time, 800.2 real, 672.2 MB
[runlim] sample:		809.9 time, 810.2 real, 647.7 MB
[runlim] sample:		819.9 time, 820.2 real, 647.7 MB
[runlim] sample:		829.9 time, 830.2 real, 679.9 MB
[runlim] sample:		839.9 time, 840.2 real, 679.9 MB
[runlim] sample:		849.9 time, 850.2 real, 679.9 MB
[runlim] sample:		859.9 time, 860.2 real, 757.3 MB
[runlim] sample:		869.9 time, 870.2 real, 738.4 MB
[runlim] sample:		879.9 time, 880.2 real, 738.4 MB
[runlim] sample:		889.9 time, 890.2 real, 751.4 MB
[runlim] sample:		899.9 time, 900.2 real, 740.0 MB
[runlim] sample:		909.9 time, 910.2 real, 687.9 MB
[runlim] sample:		919.9 time, 920.2 real, 687.9 MB
[runlim] sample:		929.9 time, 930.2 real, 680.9 MB
[runlim] sample:		939.9 time, 940.2 real, 683.0 MB
[runlim] sample:		949.9 time, 950.2 real, 696.4 MB
[runlim] sample:		959.9 time, 960.2 real, 726.8 MB
[runlim] sample:		969.9 time, 970.2 real, 726.8 MB
[runlim] sample:		979.9 time, 980.2 real, 726.8 MB
[runlim] sample:		989.9 time, 990.2 real, 836.0 MB
[runlim] sample:		999.9 time, 1000.2 real, 836.0 MB
[runlim] sample:		1009.9 time, 1010.2 real, 836.0 MB
[runlim] sample:		1019.9 time, 1020.2 real, 908.5 MB
[runlim] sample:		1029.9 time, 1030.2 real, 651.2 MB
[runlim] sample:		1039.9 time, 1040.2 real, 651.2 MB
[runlim] sample:		1049.9 time, 1050.2 real, 682.4 MB
[runlim] sample:		1059.9 time, 1060.2 real, 682.4 MB
[runlim] sample:		1069.9 time, 1070.2 real, 688.8 MB
[runlim] sample:		1079.9 time, 1080.2 real, 643.4 MB
[runlim] sample:		1089.9 time, 1090.2 real, 643.4 MB
[runlim] sample:		1099.9 time, 1100.2 real, 674.3 MB
[runlim] sample:		1109.9 time, 1110.2 real, 674.3 MB
[runlim] sample:		1119.9 time, 1120.2 real, 674.3 MB
[runlim] sample:		1129.9 time, 1130.2 real, 724.4 MB
[runlim] sample:		1139.9 time, 1140.2 real, 724.4 MB
[runlim] sample:		1149.9 time, 1150.2 real, 618.7 MB
[runlim] sample:		1159.9 time, 1160.2 real, 618.7 MB
[runlim] sample:		1169.9 time, 1170.2 real, 696.2 MB
[runlim] sample:		1179.9 time, 1180.2 real, 696.2 MB
[runlim] sample:		1189.9 time, 1190.2 real, 671.0 MB
[runlim] sample:		1199.9 time, 1200.2 real, 671.0 MB
[runlim] sample:		1209.9 time, 1210.2 real, 671.0 MB
[runlim] sample:		1219.9 time, 1220.2 real, 690.7 MB
[runlim] sample:		1229.9 time, 1230.2 real, 712.3 MB
[runlim] sample:		1239.9 time, 1240.2 real, 712.3 MB
[runlim] sample:		1249.9 time, 1250.2 real, 712.3 MB
[runlim] sample:		1259.9 time, 1260.2 real, 707.9 MB
[runlim] sample:		1269.9 time, 1270.2 real, 707.9 MB
[runlim] sample:		1279.9 time, 1280.2 real, 702.9 MB
[runlim] sample:		1289.9 time, 1290.2 real, 702.9 MB
[runlim] sample:		1299.9 time, 1300.2 real, 702.9 MB
[runlim] sample:		1309.9 time, 1310.2 real, 733.0 MB
[runlim] sample:		1319.9 time, 1320.2 real, 866.5 MB
[runlim] sample:		1329.9 time, 1330.2 real, 673.6 MB
[runlim] sample:		1339.9 time, 1340.2 real, 649.3 MB
[runlim] sample:		1349.9 time, 1350.2 real, 649.3 MB
[runlim] sample:		1359.9 time, 1360.2 real, 729.5 MB
[runlim] sample:		1369.9 time, 1370.2 real, 729.5 MB
[runlim] sample:		1379.9 time, 1380.2 real, 735.6 MB
[runlim] sample:		1389.9 time, 1390.2 real, 752.1 MB
[runlim] sample:		1399.9 time, 1400.2 real, 752.1 MB
[runlim] sample:		1409.9 time, 1410.2 real, 731.1 MB
[runlim] sample:		1419.9 time, 1420.2 real, 688.7 MB
[runlim] sample:		1429.9 time, 1430.2 real, 702.8 MB
[runlim] sample:		1439.9 time, 1440.2 real, 734.2 MB
[runlim] sample:		1449.9 time, 1450.2 real, 734.2 MB
[runlim] sample:		1459.9 time, 1460.2 real, 698.4 MB
[runlim] sample:		1469.9 time, 1470.2 real, 771.9 MB
[runlim] sample:		1479.9 time, 1480.2 real, 771.9 MB
[runlim] sample:		1489.9 time, 1490.2 real, 771.9 MB
[runlim] sample:		1499.9 time, 1500.2 real, 806.0 MB
[runlim] sample:		1509.9 time, 1510.2 real, 780.4 MB
[runlim] sample:		1519.9 time, 1520.2 real, 780.4 MB
[runlim] sample:		1529.9 time, 1530.2 real, 816.6 MB
[runlim] sample:		1539.9 time, 1540.2 real, 892.5 MB
[runlim] sample:		1549.9 time, 1550.2 real, 892.7 MB
[runlim] sample:		1559.9 time, 1560.2 real, 892.7 MB
[runlim] sample:		1569.9 time, 1570.2 real, 1170.2 MB
[runlim] sample:		1579.9 time, 1580.2 real, 887.6 MB
[runlim] sample:		1589.9 time, 1590.2 real, 830.2 MB
[runlim] sample:		1599.9 time, 1600.2 real, 799.9 MB
[runlim] sample:		1609.9 time, 1610.2 real, 799.9 MB
[runlim] sample:		1619.9 time, 1620.2 real, 752.4 MB
[runlim] sample:		1629.8 time, 1630.2 real, 752.4 MB
[runlim] sample:		1639.8 time, 1640.2 real, 752.4 MB
[runlim] sample:		1649.8 time, 1650.2 real, 752.4 MB
[runlim] sample:		1659.8 time, 1660.2 real, 871.4 MB
[runlim] sample:		1669.8 time, 1670.2 real, 871.4 MB
[runlim] sample:		1679.8 time, 1680.2 real, 871.4 MB
[runlim] sample:		1689.8 time, 1690.2 real, 871.4 MB
[runlim] sample:		1699.8 time, 1700.2 real, 995.9 MB
[runlim] sample:		1709.9 time, 1710.2 real, 820.5 MB
[runlim] sample:		1719.8 time, 1720.2 real, 774.1 MB
[runlim] sample:		1729.8 time, 1730.2 real, 774.1 MB
[runlim] sample:		1739.8 time, 1740.2 real, 761.8 MB
[runlim] sample:		1749.8 time, 1750.2 real, 761.8 MB
[runlim] sample:		1759.8 time, 1760.2 real, 721.1 MB
[runlim] sample:		1769.8 time, 1770.2 real, 721.1 MB
[runlim] sample:		1779.8 time, 1780.2 real, 697.1 MB
[runlim] sample:		1789.8 time, 1790.2 real, 774.8 MB
c Signal interruption.
[runlim] end:			Tue Jul 30 03:36:25 2024
[runlim] status:		out of time
[runlim] result:		2
[runlim] children:		0
[runlim] real:			1800.11 seconds
[runlim] time:			1799.65 seconds
[runlim] space:			1405.3 MB
[runlim] samples:		17998
