[runlim] version:		1.10
[runlim] time limit:		1800 seconds
[runlim] real time limit:	1800 seconds
[runlim] space limit:		10000 MB
[runlim] argv[0]:		/home/hieu/work/StaircaseAMO/cpaior20_duplex_encoder/AntiBandwidthReconstruct/build/abw_enc
[runlim] argv[1]:		/home/hieu/work/StaircaseAMO/cpaior20_duplex_encoder/AntiBandwidthReconstruct/build/Benchmarks/R-dwt__503.mtx.rnd
[runlim] argv[2]:		--duplex
[runlim] start:			Tue Jul 30 02:14:09 2024
[runlim] main pid:		4554
[runlim] log captured:
c DuplexEncoder 0.8.
c Solving strategy: from LB to UB.
c LB-w = 46 (LB in Sinnl - A note on computational approaches for the antibandwidth problem).
c UB-w = 71 (UB in Sinnl - A note on computational approaches for the antibandwidth problem).
c Antibandwidth problem with w = 46 ( R-dwt__503.mtx.rnd ):
c Initializing CaDiCaL (version 1.2.1).
c	Configuring CaDiCaL as --sat (1).
c Initializing a Duplex encoder with n = 503.
c Encoding starts with w = 46:
Labels and Vertices aux var: 43258
Labels and Vertices constraints:  597564
Obj k aux var: 902382
Obj k constraints: 7925957
c	Encoding duration: 2s
c	Number of clauses: 8523772
c	Number of irredundant clauses: 8052304
c	Number of variables: 1198649
c SAT Solving starts:
c	Solving duration: 2504 ms
c	Answer: 
s SAT (w = 46)
c	Solution check:
p calculated antibandwidth = 46.
c
c
c Antibandwidth problem with w = 47 ( R-dwt__503.mtx.rnd ):
c Initializing CaDiCaL (version 1.2.1).
c	Configuring CaDiCaL as --sat (1).
c Initializing a Duplex encoder with n = 503.
c Encoding starts with w = 47:
Labels and Vertices aux var: 43258
Labels and Vertices constraints:  597564
Obj k aux var: 911436
Obj k constraints: 7936035
c	Encoding duration: 2s
c	Number of clauses: 8533850
c	Number of irredundant clauses: 8063562
c	Number of variables: 1207703
c SAT Solving starts:
[runlim] sample:		10.0 time, 10.2 real, 1134.0 MB
c	Solving duration: 7011 ms
c	Answer: 
s SAT (w = 47)
c	Solution check:
p calculated antibandwidth = 47.
c
c
c Antibandwidth problem with w = 48 ( R-dwt__503.mtx.rnd ):
c Initializing CaDiCaL (version 1.2.1).
c	Configuring CaDiCaL as --sat (1).
c Initializing a Duplex encoder with n = 503.
c Encoding starts with w = 48:
Labels and Vertices aux var: 43258
Labels and Vertices constraints:  597564
Obj k aux var: 920490
Obj k constraints: 7946113
c	Encoding duration: 2s
c	Number of clauses: 8543928
c	Number of irredundant clauses: 8074820
c	Number of variables: 1216757
c SAT Solving starts:
[runlim] sample:		20.0 time, 20.2 real, 1212.1 MB
c	Solving duration: 6635 ms
c	Answer: 
s SAT (w = 48)
c	Solution check:
p calculated antibandwidth = 48.
c
c
c Antibandwidth problem with w = 49 ( R-dwt__503.mtx.rnd ):
c Initializing CaDiCaL (version 1.2.1).
c	Configuring CaDiCaL as --sat (1).
c Initializing a Duplex encoder with n = 503.
c Encoding starts with w = 49:
Labels and Vertices aux var: 43258
Labels and Vertices constraints:  597564
Obj k aux var: 929544
Obj k constraints: 7956191
c	Encoding duration: 2s
c	Number of clauses: 8554006
c	Number of irredundant clauses: 8086078
c	Number of variables: 1225811
c SAT Solving starts:
[runlim] sample:		30.0 time, 30.2 real, 1221.5 MB
[runlim] sample:		40.0 time, 40.2 real, 1374.7 MB
c	Solving duration: 13998 ms
c	Answer: 
s SAT (w = 49)
c	Solution check:
p calculated antibandwidth = 49.
c
c
c Antibandwidth problem with w = 50 ( R-dwt__503.mtx.rnd ):
c Initializing CaDiCaL (version 1.2.1).
c	Configuring CaDiCaL as --sat (1).
c Initializing a Duplex encoder with n = 503.
c Encoding starts with w = 50:
Labels and Vertices aux var: 43258
Labels and Vertices constraints:  597564
Obj k aux var: 938598
Obj k constraints: 7966269
c	Encoding duration: 2s
c	Number of clauses: 8564084
c	Number of irredundant clauses: 8097336
c	Number of variables: 1234865
c SAT Solving starts:
[runlim] sample:		50.0 time, 50.2 real, 1429.0 MB
[runlim] sample:		60.0 time, 60.2 real, 1358.2 MB
[runlim] sample:		70.0 time, 70.2 real, 1511.8 MB
[runlim] sample:		80.0 time, 80.2 real, 1405.6 MB
[runlim] sample:		90.0 time, 90.2 real, 1405.9 MB
[runlim] sample:		100.0 time, 100.2 real, 1645.2 MB
[runlim] sample:		110.0 time, 110.2 real, 1403.4 MB
[runlim] sample:		120.0 time, 120.2 real, 1435.3 MB
[runlim] sample:		130.0 time, 130.2 real, 1390.5 MB
[runlim] sample:		140.0 time, 140.2 real, 1441.0 MB
[runlim] sample:		150.0 time, 150.2 real, 1544.1 MB
[runlim] sample:		160.0 time, 160.2 real, 1544.1 MB
[runlim] sample:		169.9 time, 170.2 real, 1544.1 MB
c	Solving duration: 130822 ms
c	Answer: 
s SAT (w = 50)
c	Solution check:
p calculated antibandwidth = 50.
c
c
c Antibandwidth problem with w = 51 ( R-dwt__503.mtx.rnd ):
c Initializing CaDiCaL (version 1.2.1).
c	Configuring CaDiCaL as --sat (1).
c Initializing a Duplex encoder with n = 503.
c Encoding starts with w = 51:
Labels and Vertices aux var: 43258
Labels and Vertices constraints:  592534
Obj k aux var: 898358
Obj k constraints: 7861398
c	Encoding duration: 2s
c	Number of clauses: 8454183
c	Number of irredundant clauses: 7986740
c	Number of variables: 1194625
c SAT Solving starts:
[runlim] sample:		180.0 time, 180.2 real, 1217.3 MB
c	Solving duration: 7837 ms
c	Answer: 
s SAT (w = 51)
c	Solution check:
p calculated antibandwidth = 51.
c
c
c Antibandwidth problem with w = 52 ( R-dwt__503.mtx.rnd ):
c Initializing CaDiCaL (version 1.2.1).
c	Configuring CaDiCaL as --sat (1).
c Initializing a Duplex encoder with n = 503.
c Encoding starts with w = 52:
Labels and Vertices aux var: 43258
Labels and Vertices constraints:  592534
Obj k aux var: 906406
Obj k constraints: 7868961
c	Encoding duration: 2s
c	Number of clauses: 8461746
c	Number of irredundant clauses: 7995456
c	Number of variables: 1202673
c SAT Solving starts:
[runlim] sample:		189.9 time, 190.2 real, 1203.8 MB
c	Solving duration: 6912 ms
c	Answer: 
s SAT (w = 52)
c	Solution check:
p calculated antibandwidth = 52.
c
c
c Antibandwidth problem with w = 53 ( R-dwt__503.mtx.rnd ):
c Initializing CaDiCaL (version 1.2.1).
c	Configuring CaDiCaL as --sat (1).
c Initializing a Duplex encoder with n = 503.
c Encoding starts with w = 53:
Labels and Vertices aux var: 43258
Labels and Vertices constraints:  592534
Obj k aux var: 914454
Obj k constraints: 7876524
c	Encoding duration: 2s
c	Number of clauses: 8469309
c	Number of irredundant clauses: 8004172
c	Number of variables: 1210721
c SAT Solving starts:
[runlim] sample:		199.9 time, 200.2 real, 1142.2 MB
[runlim] sample:		209.9 time, 210.2 real, 1356.0 MB
[runlim] sample:		219.9 time, 220.2 real, 1341.9 MB
c	Solving duration: 28216 ms
c	Answer: 
s SAT (w = 53)
c	Solution check:
p calculated antibandwidth = 53.
c
c
c Antibandwidth problem with w = 54 ( R-dwt__503.mtx.rnd ):
c Initializing CaDiCaL (version 1.2.1).
c	Configuring CaDiCaL as --sat (1).
c Initializing a Duplex encoder with n = 503.
c Encoding starts with w = 54:
[runlim] sample:		229.9 time, 230.2 real, 1113.8 MB
Labels and Vertices aux var: 43258
Labels and Vertices constraints:  592534
Obj k aux var: 922502
Obj k constraints: 7884087
c	Encoding duration: 2s
c	Number of clauses: 8476872
c	Number of irredundant clauses: 8012888
c	Number of variables: 1218769
c SAT Solving starts:
[runlim] sample:		239.9 time, 240.2 real, 1318.5 MB
c	Solving duration: 14383 ms
c	Answer: 
s SAT (w = 54)
c	Solution check:
p calculated antibandwidth = 54.
c
c
c Antibandwidth problem with w = 55 ( R-dwt__503.mtx.rnd ):
c Initializing CaDiCaL (version 1.2.1).
c	Configuring CaDiCaL as --sat (1).
c Initializing a Duplex encoder with n = 503.
c Encoding starts with w = 55:
Labels and Vertices aux var: 43258
Labels and Vertices constraints:  592534
Obj k aux var: 930550
Obj k constraints: 7891650
c	Encoding duration: 2s
c	Number of clauses: 8484435
c	Number of irredundant clauses: 8021604
c	Number of variables: 1226817
c SAT Solving starts:
[runlim] sample:		249.9 time, 250.2 real, 1181.9 MB
c	Solving duration: 7940 ms
c	Answer: 
s SAT (w = 55)
c	Solution check:
p calculated antibandwidth = 55.
c
c
c Antibandwidth problem with w = 56 ( R-dwt__503.mtx.rnd ):
c Initializing CaDiCaL (version 1.2.1).
c	Configuring CaDiCaL as --sat (1).
c Initializing a Duplex encoder with n = 503.
c Encoding starts with w = 56:
Labels and Vertices aux var: 43258
Labels and Vertices constraints:  588007
Obj k aux var: 884274
Obj k constraints: 7771186
c	Encoding duration: 2s
c	Number of clauses: 8359444
c	Number of irredundant clauses: 7897950
c	Number of variables: 1180541
c SAT Solving starts:
[runlim] sample:		259.9 time, 260.2 real, 1177.5 MB
[runlim] sample:		269.9 time, 270.2 real, 1371.3 MB
[runlim] sample:		279.9 time, 280.2 real, 1407.5 MB
[runlim] sample:		289.9 time, 290.2 real, 1374.1 MB
[runlim] sample:		299.9 time, 300.2 real, 1407.5 MB
[runlim] sample:		309.9 time, 310.2 real, 1373.7 MB
[runlim] sample:		319.9 time, 320.2 real, 1408.1 MB
c	Solving duration: 63425 ms
c	Answer: 
s SAT (w = 56)
c	Solution check:
p calculated antibandwidth = 56.
c
c
c Antibandwidth problem with w = 57 ( R-dwt__503.mtx.rnd ):
c Initializing CaDiCaL (version 1.2.1).
c	Configuring CaDiCaL as --sat (1).
c Initializing a Duplex encoder with n = 503.
c Encoding starts with w = 57:
Labels and Vertices aux var: 43258
Labels and Vertices constraints:  588007
Obj k aux var: 891316
Obj k constraints: 7776737
c	Encoding duration: 2s
c	Number of clauses: 8364995
c	Number of irredundant clauses: 7904155
c	Number of variables: 1187583
c SAT Solving starts:
[runlim] sample:		329.9 time, 330.2 real, 1529.8 MB
[runlim] sample:		339.9 time, 340.2 real, 1366.1 MB
[runlim] sample:		349.9 time, 350.2 real, 1366.5 MB
[runlim] sample:		359.9 time, 360.2 real, 1365.6 MB
[runlim] sample:		369.9 time, 370.2 real, 1400.0 MB
[runlim] sample:		379.9 time, 380.2 real, 1367.0 MB
[runlim] sample:		389.9 time, 390.2 real, 1391.1 MB
[runlim] sample:		399.9 time, 400.2 real, 1390.8 MB
[runlim] sample:		409.9 time, 410.2 real, 1381.7 MB
[runlim] sample:		419.9 time, 420.2 real, 1560.7 MB
[runlim] sample:		429.9 time, 430.2 real, 1385.1 MB
[runlim] sample:		439.9 time, 440.2 real, 1372.9 MB
c	Solving duration: 116912 ms
c	Answer: 
s SAT (w = 57)
c	Solution check:
p calculated antibandwidth = 57.
c
c
c Antibandwidth problem with w = 58 ( R-dwt__503.mtx.rnd ):
c Initializing CaDiCaL (version 1.2.1).
c	Configuring CaDiCaL as --sat (1).
c Initializing a Duplex encoder with n = 503.
c Encoding starts with w = 58:
Labels and Vertices aux var: 43258
Labels and Vertices constraints:  588007
Obj k aux var: 898358
Obj k constraints: 7781785
c	Encoding duration: 2s
c	Number of clauses: 8370043
c	Number of irredundant clauses: 7910360
c	Number of variables: 1194625
c SAT Solving starts:
[runlim] sample:		449.9 time, 450.2 real, 1586.0 MB
[runlim] sample:		459.9 time, 460.2 real, 1330.0 MB
[runlim] sample:		469.9 time, 470.2 real, 1330.9 MB
[runlim] sample:		479.9 time, 480.2 real, 1331.3 MB
[runlim] sample:		489.8 time, 490.2 real, 1349.1 MB
[runlim] sample:		499.9 time, 500.2 real, 1349.6 MB
c	Solving duration: 58392 ms
c	Answer: 
s SAT (w = 58)
c	Solution check:
p calculated antibandwidth = 58.
c
c
c Antibandwidth problem with w = 59 ( R-dwt__503.mtx.rnd ):
c Initializing CaDiCaL (version 1.2.1).
c	Configuring CaDiCaL as --sat (1).
c Initializing a Duplex encoder with n = 503.
c Encoding starts with w = 59:
Labels and Vertices aux var: 43258
Labels and Vertices constraints:  588007
Obj k aux var: 905400
Obj k constraints: 7786833
c	Encoding duration: 2s
c	Number of clauses: 8375091
c	Number of irredundant clauses: 7916565
c	Number of variables: 1201667
c SAT Solving starts:
[runlim] sample:		509.9 time, 510.2 real, 1343.6 MB
[runlim] sample:		519.8 time, 520.2 real, 1326.3 MB
[runlim] sample:		529.8 time, 530.2 real, 1326.9 MB
[runlim] sample:		539.8 time, 540.2 real, 1377.7 MB
[runlim] sample:		549.8 time, 550.2 real, 1299.7 MB
[runlim] sample:		559.8 time, 560.2 real, 1322.0 MB
[runlim] sample:		569.8 time, 570.2 real, 1357.4 MB
[runlim] sample:		579.8 time, 580.2 real, 1360.6 MB
[runlim] sample:		589.8 time, 590.2 real, 1326.8 MB
[runlim] sample:		599.8 time, 600.2 real, 1375.2 MB
[runlim] sample:		609.8 time, 610.2 real, 1340.9 MB
[runlim] sample:		619.8 time, 620.2 real, 1343.8 MB
[runlim] sample:		629.8 time, 630.2 real, 1390.0 MB
[runlim] sample:		639.8 time, 640.2 real, 1350.7 MB
[runlim] sample:		649.8 time, 650.2 real, 1352.6 MB
[runlim] sample:		659.8 time, 660.2 real, 1353.5 MB
[runlim] sample:		669.8 time, 670.2 real, 1566.4 MB
[runlim] sample:		679.8 time, 680.2 real, 1396.9 MB
[runlim] sample:		689.8 time, 690.2 real, 1396.9 MB
[runlim] sample:		699.8 time, 700.2 real, 1371.7 MB
[runlim] sample:		709.8 time, 710.2 real, 1348.6 MB
[runlim] sample:		719.8 time, 720.2 real, 1335.3 MB
[runlim] sample:		729.8 time, 730.2 real, 1369.8 MB
[runlim] sample:		739.8 time, 740.2 real, 1335.6 MB
[runlim] sample:		749.8 time, 750.2 real, 1366.7 MB
[runlim] sample:		759.8 time, 760.2 real, 1332.6 MB
[runlim] sample:		769.8 time, 770.2 real, 1341.6 MB
[runlim] sample:		779.8 time, 780.2 real, 1341.6 MB
[runlim] sample:		789.8 time, 790.2 real, 1647.0 MB
c	Solving duration: 284370 ms
c	Answer: 
s SAT (w = 59)
c	Solution check:
p calculated antibandwidth = 59.
c
c
c Antibandwidth problem with w = 60 ( R-dwt__503.mtx.rnd ):
c Initializing CaDiCaL (version 1.2.1).
c	Configuring CaDiCaL as --sat (1).
c Initializing a Duplex encoder with n = 503.
c Encoding starts with w = 60:
Labels and Vertices aux var: 43258
Labels and Vertices constraints:  588007
Obj k aux var: 912442
Obj k constraints: 7791881
c	Encoding duration: 2s
c	Number of clauses: 8380139
c	Number of irredundant clauses: 7922770
c	Number of variables: 1208709
c SAT Solving starts:
[runlim] sample:		799.8 time, 800.2 real, 1298.0 MB
[runlim] sample:		809.8 time, 810.2 real, 1544.1 MB
[runlim] sample:		819.8 time, 820.2 real, 1393.6 MB
[runlim] sample:		829.8 time, 830.2 real, 1390.1 MB
[runlim] sample:		839.8 time, 840.2 real, 1380.5 MB
[runlim] sample:		849.8 time, 850.2 real, 1384.5 MB
[runlim] sample:		859.8 time, 860.2 real, 1380.1 MB
c	Solving duration: 70553 ms
c	Answer: 
s SAT (w = 60)
c	Solution check:
p calculated antibandwidth = 60.
c
c
c Antibandwidth problem with w = 61 ( R-dwt__503.mtx.rnd ):
c Initializing CaDiCaL (version 1.2.1).
c	Configuring CaDiCaL as --sat (1).
c Initializing a Duplex encoder with n = 503.
c Encoding starts with w = 61:
Labels and Vertices aux var: 43258
Labels and Vertices constraints:  588007
Obj k aux var: 919484
Obj k constraints: 7796929
c	Encoding duration: 2s
c	Number of clauses: 8385187
c	Number of irredundant clauses: 7928975
c	Number of variables: 1215751
c SAT Solving starts:
[runlim] sample:		869.8 time, 870.2 real, 1165.0 MB
[runlim] sample:		879.8 time, 880.2 real, 1362.5 MB
[runlim] sample:		889.8 time, 890.2 real, 1375.2 MB
[runlim] sample:		899.8 time, 900.2 real, 1373.0 MB
[runlim] sample:		909.8 time, 910.2 real, 1358.8 MB
[runlim] sample:		919.8 time, 920.2 real, 1361.1 MB
[runlim] sample:		929.8 time, 930.2 real, 1328.1 MB
[runlim] sample:		939.8 time, 940.2 real, 1385.9 MB
[runlim] sample:		949.8 time, 950.2 real, 1564.8 MB
[runlim] sample:		959.8 time, 960.2 real, 1349.3 MB
[runlim] sample:		969.8 time, 970.2 real, 1352.2 MB
[runlim] sample:		979.8 time, 980.2 real, 1329.7 MB
[runlim] sample:		989.8 time, 990.2 real, 1327.9 MB
[runlim] sample:		999.8 time, 1000.2 real, 1329.8 MB
[runlim] sample:		1009.8 time, 1010.2 real, 1341.8 MB
[runlim] sample:		1019.8 time, 1020.2 real, 1344.1 MB
[runlim] sample:		1029.8 time, 1030.2 real, 1345.9 MB
[runlim] sample:		1039.8 time, 1040.2 real, 1345.9 MB
[runlim] sample:		1049.8 time, 1050.2 real, 1348.8 MB
[runlim] sample:		1059.8 time, 1060.2 real, 1383.3 MB
[runlim] sample:		1069.8 time, 1070.2 real, 1381.8 MB
[runlim] sample:		1079.8 time, 1080.2 real, 1381.8 MB
[runlim] sample:		1089.8 time, 1090.2 real, 1390.1 MB
[runlim] sample:		1099.8 time, 1100.2 real, 1390.1 MB
[runlim] sample:		1109.8 time, 1110.2 real, 1355.2 MB
[runlim] sample:		1119.8 time, 1120.2 real, 1367.2 MB
[runlim] sample:		1129.8 time, 1130.2 real, 1364.7 MB
[runlim] sample:		1139.8 time, 1140.2 real, 1378.3 MB
[runlim] sample:		1149.8 time, 1150.2 real, 1378.3 MB
[runlim] sample:		1159.8 time, 1160.2 real, 1359.8 MB
[runlim] sample:		1169.8 time, 1170.2 real, 1357.0 MB
[runlim] sample:		1179.8 time, 1180.2 real, 1547.5 MB
[runlim] sample:		1189.8 time, 1190.2 real, 1361.6 MB
[runlim] sample:		1199.8 time, 1200.2 real, 1361.7 MB
[runlim] sample:		1209.8 time, 1210.2 real, 1363.6 MB
c	Solving duration: 351509 ms
c	Answer: 
s SAT (w = 61)
c	Solution check:
p calculated antibandwidth = 61.
c
c
c Antibandwidth problem with w = 62 ( R-dwt__503.mtx.rnd ):
c Initializing CaDiCaL (version 1.2.1).
c	Configuring CaDiCaL as --sat (1).
c Initializing a Duplex encoder with n = 503.
c Encoding starts with w = 62:
[runlim] sample:		1219.8 time, 1220.2 real, 1013.3 MB
Labels and Vertices aux var: 43258
Labels and Vertices constraints:  588007
Obj k aux var: 926526
Obj k constraints: 7801977
c	Encoding duration: 2s
c	Number of clauses: 8390235
c	Number of irredundant clauses: 7935180
c	Number of variables: 1222793
c SAT Solving starts:
[runlim] sample:		1229.8 time, 1230.2 real, 1446.6 MB
[runlim] sample:		1239.8 time, 1240.2 real, 1316.3 MB
[runlim] sample:		1249.8 time, 1250.2 real, 1492.4 MB
[runlim] sample:		1259.8 time, 1260.2 real, 1312.7 MB
[runlim] sample:		1269.8 time, 1270.2 real, 1317.0 MB
[runlim] sample:		1279.8 time, 1280.2 real, 1352.5 MB
[runlim] sample:		1289.8 time, 1290.2 real, 1318.4 MB
[runlim] sample:		1299.8 time, 1300.2 real, 1318.8 MB
[runlim] sample:		1309.8 time, 1310.2 real, 1496.7 MB
[runlim] sample:		1319.8 time, 1320.2 real, 1319.6 MB
[runlim] sample:		1329.8 time, 1330.2 real, 1341.4 MB
[runlim] sample:		1339.8 time, 1340.2 real, 1341.5 MB
[runlim] sample:		1349.8 time, 1350.2 real, 1343.5 MB
[runlim] sample:		1359.8 time, 1360.2 real, 1343.5 MB
[runlim] sample:		1369.8 time, 1370.2 real, 1342.3 MB
[runlim] sample:		1379.7 time, 1380.2 real, 1524.0 MB
[runlim] sample:		1389.7 time, 1390.2 real, 1500.8 MB
[runlim] sample:		1399.7 time, 1400.2 real, 1319.2 MB
[runlim] sample:		1409.7 time, 1410.2 real, 1355.8 MB
[runlim] sample:		1419.7 time, 1420.2 real, 1355.8 MB
[runlim] sample:		1429.7 time, 1430.2 real, 1320.4 MB
[runlim] sample:		1439.7 time, 1440.2 real, 1324.8 MB
[runlim] sample:		1449.7 time, 1450.2 real, 1324.8 MB
[runlim] sample:		1459.7 time, 1460.2 real, 1327.7 MB
[runlim] sample:		1469.7 time, 1470.2 real, 1307.1 MB
[runlim] sample:		1479.7 time, 1480.2 real, 1305.4 MB
[runlim] sample:		1489.7 time, 1490.2 real, 1300.2 MB
[runlim] sample:		1499.7 time, 1500.2 real, 1300.2 MB
[runlim] sample:		1509.7 time, 1510.2 real, 1300.2 MB
[runlim] sample:		1519.7 time, 1520.2 real, 1325.3 MB
[runlim] sample:		1529.7 time, 1530.2 real, 1325.3 MB
[runlim] sample:		1539.7 time, 1540.2 real, 1327.1 MB
[runlim] sample:		1549.7 time, 1550.2 real, 1327.1 MB
[runlim] sample:		1559.7 time, 1560.2 real, 1324.6 MB
[runlim] sample:		1569.7 time, 1570.2 real, 1324.6 MB
[runlim] sample:		1579.7 time, 1580.2 real, 1360.5 MB
[runlim] sample:		1589.7 time, 1590.2 real, 1326.0 MB
[runlim] sample:		1599.7 time, 1600.2 real, 1326.0 MB
[runlim] sample:		1609.7 time, 1610.2 real, 1330.2 MB
[runlim] sample:		1619.7 time, 1620.2 real, 1330.2 MB
[runlim] sample:		1629.7 time, 1630.2 real, 1327.0 MB
[runlim] sample:		1639.7 time, 1640.2 real, 1327.0 MB
[runlim] sample:		1649.7 time, 1650.2 real, 1361.6 MB
[runlim] sample:		1659.7 time, 1660.2 real, 1328.9 MB
[runlim] sample:		1669.7 time, 1670.2 real, 1328.9 MB
[runlim] sample:		1679.7 time, 1680.2 real, 1329.2 MB
[runlim] sample:		1689.7 time, 1690.2 real, 1329.2 MB
[runlim] sample:		1699.7 time, 1700.2 real, 1329.6 MB
[runlim] sample:		1709.7 time, 1710.2 real, 1355.2 MB
[runlim] sample:		1719.7 time, 1720.2 real, 1362.3 MB
[runlim] sample:		1729.7 time, 1730.2 real, 1323.5 MB
[runlim] sample:		1739.7 time, 1740.2 real, 1323.5 MB
[runlim] sample:		1749.7 time, 1750.2 real, 1323.5 MB
[runlim] sample:		1759.7 time, 1760.2 real, 1326.0 MB
[runlim] sample:		1769.7 time, 1770.2 real, 1571.3 MB
[runlim] sample:		1779.7 time, 1780.2 real, 1361.4 MB
[runlim] sample:		1789.7 time, 1790.2 real, 1361.4 MB
c Signal interruption.
[runlim] sample:		1799.7 time, 1800.2 real, 0.0 MB
[runlim] end:			Tue Jul 30 02:44:09 2024
[runlim] status:		out of time
[runlim] result:		2
[runlim] children:		0
[runlim] real:			1800.23 seconds
[runlim] time:			1799.68 seconds
[runlim] space:			1859.0 MB
[runlim] samples:		18000
