[runlim] version:		1.10
[runlim] time limit:		1800 seconds
[runlim] real time limit:	1800 seconds
[runlim] space limit:		10000 MB
[runlim] argv[0]:		/home/hieu/work/StaircaseAMO/cpaior20_duplex_encoder/AntiBandwidthReconstruct/build/abw_enc
[runlim] argv[1]:		/home/hieu/work/StaircaseAMO/cpaior20_duplex_encoder/AntiBandwidthReconstruct/build/Benchmarks/S-sherman4.mtx.rnd
[runlim] argv[2]:		--duplex
[runlim] start:			Tue Jul 30 02:44:09 2024
[runlim] main pid:		4592
[runlim] log captured:
c DuplexEncoder 0.8.
c Solving strategy: from LB to UB.
c LB-w = 256 (LB in Sinnl - A note on computational approaches for the antibandwidth problem).
c UB-w = 272 (UB in Sinnl - A note on computational approaches for the antibandwidth problem).
c Antibandwidth problem with w = 256 ( S-sherman4.mtx.rnd ):
c Initializing CaDiCaL (version 1.2.1).
c	Configuring CaDiCaL as --sat (1).
c Initializing a Duplex encoder with n = 546.
c Encoding starts with w = 256:
Labels and Vertices aux var: 49140
Labels and Vertices constraints:  670488
Obj k aux var: 871416
Obj k constraints: 4208325
c	Encoding duration: 2s
c	Number of clauses: 4879086
c	Number of irredundant clauses: 4558265
c	Number of variables: 1218672
c SAT Solving starts:
[runlim] sample:		10.0 time, 10.2 real, 809.8 MB
[runlim] sample:		20.0 time, 20.2 real, 905.9 MB
[runlim] sample:		30.0 time, 30.2 real, 918.3 MB
[runlim] sample:		40.0 time, 40.2 real, 893.6 MB
[runlim] sample:		50.0 time, 50.2 real, 894.3 MB
[runlim] sample:		60.0 time, 60.2 real, 899.9 MB
[runlim] sample:		70.0 time, 70.2 real, 901.4 MB
[runlim] sample:		80.0 time, 80.2 real, 871.5 MB
[runlim] sample:		90.0 time, 90.2 real, 876.5 MB
[runlim] sample:		100.0 time, 100.2 real, 912.4 MB
[runlim] sample:		110.0 time, 110.2 real, 873.2 MB
[runlim] sample:		120.0 time, 120.2 real, 873.3 MB
[runlim] sample:		130.0 time, 130.2 real, 905.0 MB
[runlim] sample:		140.0 time, 140.2 real, 867.2 MB
[runlim] sample:		150.0 time, 150.2 real, 869.0 MB
[runlim] sample:		160.0 time, 160.2 real, 943.4 MB
[runlim] sample:		170.0 time, 170.2 real, 933.8 MB
[runlim] sample:		180.0 time, 180.2 real, 938.6 MB
[runlim] sample:		190.0 time, 190.2 real, 898.1 MB
[runlim] sample:		200.0 time, 200.2 real, 902.3 MB
[runlim] sample:		210.0 time, 210.2 real, 902.3 MB
[runlim] sample:		220.0 time, 220.2 real, 906.7 MB
[runlim] sample:		229.9 time, 230.2 real, 967.1 MB
[runlim] sample:		240.0 time, 240.2 real, 912.8 MB
[runlim] sample:		249.9 time, 250.2 real, 917.2 MB
[runlim] sample:		259.9 time, 260.2 real, 895.9 MB
[runlim] sample:		269.9 time, 270.2 real, 897.4 MB
[runlim] sample:		279.9 time, 280.2 real, 898.3 MB
[runlim] sample:		289.9 time, 290.2 real, 907.4 MB
[runlim] sample:		299.9 time, 300.2 real, 973.1 MB
[runlim] sample:		309.9 time, 310.2 real, 992.0 MB
[runlim] sample:		319.9 time, 320.2 real, 986.4 MB
[runlim] sample:		329.9 time, 330.2 real, 1029.6 MB
[runlim] sample:		339.9 time, 340.2 real, 1020.6 MB
[runlim] sample:		349.9 time, 350.2 real, 1008.2 MB
[runlim] sample:		359.9 time, 360.2 real, 1029.1 MB
[runlim] sample:		369.9 time, 370.2 real, 1036.4 MB
[runlim] sample:		379.9 time, 380.2 real, 1036.4 MB
[runlim] sample:		389.9 time, 390.2 real, 1059.0 MB
[runlim] sample:		399.9 time, 400.2 real, 1059.0 MB
[runlim] sample:		409.9 time, 410.2 real, 1071.4 MB
[runlim] sample:		419.9 time, 420.2 real, 1045.9 MB
[runlim] sample:		429.9 time, 430.2 real, 1045.9 MB
[runlim] sample:		439.9 time, 440.2 real, 1075.0 MB
[runlim] sample:		449.9 time, 450.2 real, 1049.0 MB
[runlim] sample:		459.9 time, 460.2 real, 1030.1 MB
[runlim] sample:		469.9 time, 470.2 real, 1030.1 MB
[runlim] sample:		479.9 time, 480.2 real, 1038.2 MB
[runlim] sample:		489.9 time, 490.2 real, 1049.9 MB
[runlim] sample:		499.9 time, 500.2 real, 1045.4 MB
[runlim] sample:		509.9 time, 510.2 real, 998.5 MB
[runlim] sample:		519.9 time, 520.2 real, 1191.9 MB
[runlim] sample:		529.9 time, 530.2 real, 1048.5 MB
[runlim] sample:		539.9 time, 540.2 real, 1048.5 MB
[runlim] sample:		549.9 time, 550.2 real, 1073.5 MB
[runlim] sample:		559.9 time, 560.2 real, 1073.5 MB
[runlim] sample:		569.9 time, 570.2 real, 1072.1 MB
[runlim] sample:		579.9 time, 580.2 real, 1072.1 MB
[runlim] sample:		589.9 time, 590.2 real, 1072.1 MB
[runlim] sample:		599.9 time, 600.2 real, 1072.1 MB
[runlim] sample:		609.9 time, 610.2 real, 1070.4 MB
[runlim] sample:		619.9 time, 620.2 real, 1070.4 MB
[runlim] sample:		629.9 time, 630.2 real, 1266.8 MB
[runlim] sample:		639.9 time, 640.2 real, 1090.8 MB
[runlim] sample:		649.9 time, 650.2 real, 1090.8 MB
[runlim] sample:		659.9 time, 660.2 real, 1062.2 MB
[runlim] sample:		669.9 time, 670.2 real, 1062.2 MB
[runlim] sample:		679.9 time, 680.2 real, 1059.4 MB
[runlim] sample:		689.9 time, 690.2 real, 1059.4 MB
[runlim] sample:		699.9 time, 700.2 real, 1069.7 MB
[runlim] sample:		709.9 time, 710.2 real, 1069.7 MB
[runlim] sample:		719.9 time, 720.2 real, 1056.2 MB
[runlim] sample:		729.9 time, 730.2 real, 1056.2 MB
[runlim] sample:		739.9 time, 740.2 real, 1056.2 MB
[runlim] sample:		749.9 time, 750.2 real, 1068.1 MB
[runlim] sample:		759.9 time, 760.2 real, 1068.1 MB
[runlim] sample:		769.9 time, 770.2 real, 1059.0 MB
[runlim] sample:		779.9 time, 780.2 real, 1059.7 MB
[runlim] sample:		789.9 time, 790.2 real, 1043.5 MB
[runlim] sample:		799.9 time, 800.2 real, 1048.8 MB
[runlim] sample:		809.9 time, 810.2 real, 1048.8 MB
[runlim] sample:		819.8 time, 820.2 real, 1048.1 MB
[runlim] sample:		829.8 time, 830.2 real, 1048.1 MB
[runlim] sample:		839.8 time, 840.2 real, 1048.1 MB
[runlim] sample:		849.8 time, 850.2 real, 1056.4 MB
[runlim] sample:		859.8 time, 860.2 real, 1056.4 MB
[runlim] sample:		869.8 time, 870.2 real, 1056.4 MB
[runlim] sample:		879.8 time, 880.2 real, 1058.0 MB
[runlim] sample:		889.8 time, 890.2 real, 1058.0 MB
[runlim] sample:		899.8 time, 900.2 real, 1057.8 MB
[runlim] sample:		909.8 time, 910.2 real, 1057.8 MB
[runlim] sample:		919.8 time, 920.2 real, 1055.5 MB
[runlim] sample:		929.8 time, 930.2 real, 1055.5 MB
[runlim] sample:		939.8 time, 940.2 real, 1061.9 MB
[runlim] sample:		949.8 time, 950.2 real, 1061.9 MB
[runlim] sample:		959.8 time, 960.2 real, 1061.9 MB
[runlim] sample:		969.8 time, 970.2 real, 1061.9 MB
[runlim] sample:		979.8 time, 980.2 real, 1063.1 MB
[runlim] sample:		989.8 time, 990.2 real, 1063.1 MB
[runlim] sample:		999.8 time, 1000.2 real, 1049.5 MB
[runlim] sample:		1009.8 time, 1010.2 real, 1046.6 MB
[runlim] sample:		1019.8 time, 1020.2 real, 1046.6 MB
[runlim] sample:		1029.8 time, 1030.2 real, 1046.6 MB
[runlim] sample:		1039.8 time, 1040.2 real, 1046.6 MB
[runlim] sample:		1049.8 time, 1050.2 real, 1073.5 MB
[runlim] sample:		1059.8 time, 1060.2 real, 1073.5 MB
[runlim] sample:		1069.8 time, 1070.2 real, 1073.5 MB
[runlim] sample:		1079.8 time, 1080.2 real, 1123.3 MB
[runlim] sample:		1089.8 time, 1090.2 real, 1123.3 MB
[runlim] sample:		1099.8 time, 1100.2 real, 1123.3 MB
[runlim] sample:		1109.8 time, 1110.2 real, 1123.3 MB
[runlim] sample:		1119.8 time, 1120.2 real, 1056.1 MB
[runlim] sample:		1129.8 time, 1130.2 real, 1056.1 MB
[runlim] sample:		1139.8 time, 1140.2 real, 1234.5 MB
[runlim] sample:		1149.8 time, 1150.2 real, 1072.6 MB
[runlim] sample:		1159.8 time, 1160.2 real, 1072.6 MB
[runlim] sample:		1169.8 time, 1170.2 real, 1084.0 MB
[runlim] sample:		1179.8 time, 1180.2 real, 1084.0 MB
[runlim] sample:		1189.8 time, 1190.2 real, 1084.0 MB
[runlim] sample:		1199.8 time, 1200.2 real, 1082.9 MB
[runlim] sample:		1209.8 time, 1210.2 real, 1035.8 MB
[runlim] sample:		1219.8 time, 1220.2 real, 1035.8 MB
[runlim] sample:		1229.8 time, 1230.2 real, 1056.5 MB
[runlim] sample:		1239.8 time, 1240.2 real, 1056.5 MB
[runlim] sample:		1249.8 time, 1250.2 real, 1060.5 MB
[runlim] sample:		1259.8 time, 1260.2 real, 1060.5 MB
[runlim] sample:		1269.8 time, 1270.2 real, 1060.5 MB
[runlim] sample:		1279.8 time, 1280.2 real, 1013.6 MB
[runlim] sample:		1289.8 time, 1290.2 real, 1026.0 MB
[runlim] sample:		1299.8 time, 1300.2 real, 1071.5 MB
[runlim] sample:		1309.8 time, 1310.2 real, 1035.3 MB
[runlim] sample:		1319.8 time, 1320.2 real, 1035.3 MB
[runlim] sample:		1329.8 time, 1330.2 real, 1055.2 MB
[runlim] sample:		1339.8 time, 1340.2 real, 1009.8 MB
[runlim] sample:		1349.8 time, 1350.2 real, 1009.8 MB
[runlim] sample:		1359.7 time, 1360.2 real, 1009.8 MB
[runlim] sample:		1369.7 time, 1370.2 real, 1009.8 MB
[runlim] sample:		1379.7 time, 1380.2 real, 1009.8 MB
[runlim] sample:		1389.7 time, 1390.2 real, 1013.3 MB
[runlim] sample:		1399.7 time, 1400.2 real, 1013.3 MB
[runlim] sample:		1409.7 time, 1410.2 real, 1013.3 MB
[runlim] sample:		1419.7 time, 1420.2 real, 1053.5 MB
[runlim] sample:		1429.7 time, 1430.2 real, 1006.5 MB
[runlim] sample:		1439.7 time, 1440.2 real, 1006.5 MB
[runlim] sample:		1449.7 time, 1450.2 real, 1018.8 MB
[runlim] sample:		1459.7 time, 1460.2 real, 1018.8 MB
[runlim] sample:		1469.7 time, 1470.2 real, 1018.8 MB
[runlim] sample:		1479.7 time, 1480.2 real, 1024.6 MB
[runlim] sample:		1489.7 time, 1490.2 real, 1024.6 MB
[runlim] sample:		1499.7 time, 1500.2 real, 1071.0 MB
[runlim] sample:		1509.7 time, 1510.2 real, 1078.2 MB
[runlim] sample:		1519.7 time, 1520.2 real, 1078.2 MB
[runlim] sample:		1529.7 time, 1530.2 real, 1031.9 MB
[runlim] sample:		1539.7 time, 1540.2 real, 1031.9 MB
[runlim] sample:		1549.7 time, 1550.2 real, 1012.1 MB
[runlim] sample:		1559.7 time, 1560.2 real, 1012.1 MB
[runlim] sample:		1569.7 time, 1570.2 real, 1015.2 MB
[runlim] sample:		1579.7 time, 1580.2 real, 1062.0 MB
[runlim] sample:		1589.7 time, 1590.2 real, 1062.0 MB
[runlim] sample:		1599.7 time, 1600.2 real, 1062.0 MB
[runlim] sample:		1609.7 time, 1610.2 real, 1090.4 MB
[runlim] sample:		1619.7 time, 1620.2 real, 1090.4 MB
[runlim] sample:		1629.7 time, 1630.2 real, 1043.7 MB
[runlim] sample:		1639.7 time, 1640.2 real, 1043.7 MB
[runlim] sample:		1649.7 time, 1650.2 real, 1027.2 MB
[runlim] sample:		1659.7 time, 1660.2 real, 1027.2 MB
[runlim] sample:		1669.7 time, 1670.2 real, 1027.2 MB
[runlim] sample:		1679.7 time, 1680.2 real, 1073.5 MB
[runlim] sample:		1689.7 time, 1690.2 real, 1072.4 MB
[runlim] sample:		1699.7 time, 1700.2 real, 1072.4 MB
[runlim] sample:		1709.7 time, 1710.2 real, 1053.6 MB
[runlim] sample:		1719.7 time, 1720.2 real, 1030.4 MB
[runlim] sample:		1729.7 time, 1730.2 real, 1030.4 MB
[runlim] sample:		1739.7 time, 1740.2 real, 1030.4 MB
[runlim] sample:		1749.7 time, 1750.2 real, 1028.5 MB
[runlim] sample:		1759.7 time, 1760.2 real, 1052.2 MB
[runlim] sample:		1769.7 time, 1770.2 real, 1052.2 MB
[runlim] sample:		1779.7 time, 1780.2 real, 1052.2 MB
[runlim] sample:		1789.7 time, 1790.2 real, 1070.3 MB
c Signal interruption.
[runlim] end:			Tue Jul 30 03:14:09 2024
[runlim] status:		out of time
[runlim] result:		2
[runlim] children:		0
[runlim] real:			1800.17 seconds
[runlim] time:			1799.56 seconds
[runlim] space:			1302.5 MB
[runlim] samples:		17999
