[runlim] version:		1.10
[runlim] time limit:		1800 seconds
[runlim] real time limit:	1800 seconds
[runlim] space limit:		10000 MB
[runlim] argv[0]:		/home/hieu/work/StaircaseAMO/cpaior20_duplex_encoder/AntiBandwidthReconstruct/build/abw_enc
[runlim] argv[1]:		/home/hieu/work/StaircaseAMO/cpaior20_duplex_encoder/AntiBandwidthReconstruct/build/Benchmarks/U-662_bus.mtx.rnd
[runlim] argv[2]:		--duplex
[runlim] start:			Tue Jul 30 00:32:30 2024
[runlim] main pid:		4000
[runlim] log captured:
c DuplexEncoder 0.8.
c Solving strategy: from LB to UB.
c LB-w = 219 (LB in Sinnl - A note on computational approaches for the antibandwidth problem).
c UB-w = 220 (UB in Sinnl - A note on computational approaches for the antibandwidth problem).
c Antibandwidth problem with w = 219 ( U-662_bus.mtx.rnd ):
c Initializing CaDiCaL (version 1.2.1).
c	Configuring CaDiCaL as --sat (1).
c Initializing a Duplex encoder with n = 662.
c Encoding starts with w = 219:
Labels and Vertices aux var: 66200
Labels and Vertices constraints:  978436
Obj k aux var: 1448456
Obj k constraints: 6103408
c	Encoding duration: 3s
c	Number of clauses: 7082175
c	Number of irredundant clauses: 6487998
c	Number of variables: 1952900
c SAT Solving starts:
[runlim] sample:		10.0 time, 10.2 real, 1288.2 MB
[runlim] sample:		20.0 time, 20.2 real, 1287.8 MB
[runlim] sample:		30.0 time, 30.2 real, 1327.5 MB
[runlim] sample:		40.0 time, 40.2 real, 1319.2 MB
[runlim] sample:		50.0 time, 50.2 real, 1366.4 MB
[runlim] sample:		60.0 time, 60.2 real, 1377.6 MB
[runlim] sample:		70.0 time, 70.2 real, 1414.1 MB
[runlim] sample:		80.0 time, 80.2 real, 1311.7 MB
[runlim] sample:		90.0 time, 90.2 real, 1321.6 MB
[runlim] sample:		100.0 time, 100.2 real, 1321.6 MB
[runlim] sample:		110.0 time, 110.2 real, 1350.2 MB
[runlim] sample:		120.0 time, 120.2 real, 1369.7 MB
[runlim] sample:		130.0 time, 130.2 real, 1311.1 MB
[runlim] sample:		140.0 time, 140.2 real, 1311.0 MB
[runlim] sample:		150.0 time, 150.2 real, 1311.0 MB
[runlim] sample:		160.0 time, 160.2 real, 1456.6 MB
[runlim] sample:		170.0 time, 170.2 real, 1471.4 MB
[runlim] sample:		180.0 time, 180.2 real, 1365.6 MB
[runlim] sample:		190.0 time, 190.2 real, 1341.7 MB
[runlim] sample:		200.0 time, 200.2 real, 1401.9 MB
[runlim] sample:		210.0 time, 210.2 real, 1333.6 MB
[runlim] sample:		220.0 time, 220.2 real, 1385.9 MB
[runlim] sample:		230.0 time, 230.2 real, 1342.9 MB
[runlim] sample:		240.0 time, 240.2 real, 1343.0 MB
[runlim] sample:		250.0 time, 250.2 real, 1297.8 MB
[runlim] sample:		260.0 time, 260.2 real, 1314.0 MB
[runlim] sample:		270.0 time, 270.2 real, 1313.9 MB
[runlim] sample:		280.0 time, 280.2 real, 1288.3 MB
[runlim] sample:		290.0 time, 290.2 real, 1312.2 MB
[runlim] sample:		300.0 time, 300.2 real, 1320.1 MB
[runlim] sample:		310.0 time, 310.2 real, 1320.2 MB
[runlim] sample:		320.0 time, 320.2 real, 1348.9 MB
[runlim] sample:		330.0 time, 330.2 real, 1343.8 MB
[runlim] sample:		339.9 time, 340.2 real, 1487.2 MB
[runlim] sample:		350.0 time, 350.2 real, 1489.5 MB
[runlim] sample:		359.9 time, 360.2 real, 1349.2 MB
[runlim] sample:		369.9 time, 370.2 real, 1321.1 MB
[runlim] sample:		379.9 time, 380.2 real, 1332.5 MB
[runlim] sample:		389.9 time, 390.2 real, 1332.5 MB
[runlim] sample:		399.9 time, 400.2 real, 1332.5 MB
[runlim] sample:		409.9 time, 410.2 real, 1354.7 MB
[runlim] sample:		419.9 time, 420.2 real, 1534.6 MB
[runlim] sample:		429.9 time, 430.2 real, 1534.6 MB
[runlim] sample:		439.9 time, 440.2 real, 1442.3 MB
[runlim] sample:		449.9 time, 450.2 real, 1336.3 MB
[runlim] sample:		459.9 time, 460.2 real, 1357.3 MB
[runlim] sample:		469.9 time, 470.2 real, 1406.1 MB
[runlim] sample:		479.9 time, 480.2 real, 1393.1 MB
c	Solving duration: 481779 ms
c	Answer: 
s SAT (w = 219)
c	Solution check:
p calculated antibandwidth = 219.
c
c
c Antibandwidth problem with w = 220 ( U-662_bus.mtx.rnd ):
c Initializing CaDiCaL (version 1.2.1).
c	Configuring CaDiCaL as --sat (1).
c Initializing a Duplex encoder with n = 662.
c Encoding starts with w = 220:
Labels and Vertices aux var: 66200
Labels and Vertices constraints:  978436
Obj k aux var: 1451104
Obj k constraints: 6104418
c	Encoding duration: 2s
c	Number of clauses: 7083185
c	Number of irredundant clauses: 6490356
c	Number of variables: 1955548
c SAT Solving starts:
[runlim] sample:		489.9 time, 490.2 real, 1231.4 MB
[runlim] sample:		499.9 time, 500.2 real, 1406.5 MB
[runlim] sample:		509.9 time, 510.2 real, 1454.5 MB
[runlim] sample:		519.9 time, 520.2 real, 1425.6 MB
[runlim] sample:		529.9 time, 530.2 real, 1438.5 MB
[runlim] sample:		539.9 time, 540.2 real, 1450.2 MB
[runlim] sample:		549.9 time, 550.2 real, 1428.6 MB
[runlim] sample:		559.9 time, 560.2 real, 1473.3 MB
[runlim] sample:		569.9 time, 570.2 real, 1445.5 MB
[runlim] sample:		579.9 time, 580.2 real, 1445.5 MB
[runlim] sample:		589.9 time, 590.2 real, 1594.8 MB
[runlim] sample:		599.9 time, 600.2 real, 1587.4 MB
[runlim] sample:		609.9 time, 610.2 real, 1725.4 MB
[runlim] sample:		619.9 time, 620.2 real, 1482.7 MB
[runlim] sample:		629.9 time, 630.2 real, 1643.2 MB
[runlim] sample:		639.9 time, 640.2 real, 1444.4 MB
[runlim] sample:		649.9 time, 650.2 real, 1445.4 MB
[runlim] sample:		659.9 time, 660.2 real, 1591.8 MB
[runlim] sample:		669.9 time, 670.2 real, 1453.7 MB
[runlim] sample:		679.9 time, 680.2 real, 1451.0 MB
c	Solving duration: 199913 ms
c	Answer: 
s SAT (w = 220)
c	Solution check:
p calculated antibandwidth = 220.
c
c
[runlim] end:			Tue Jul 30 00:44:00 2024
[runlim] status:		ok
[runlim] result:		0
[runlim] children:		0
[runlim] real:			690.09 seconds
[runlim] time:			689.80 seconds
[runlim] space:			1879.1 MB
[runlim] samples:		6899
