[runlim] version:		1.10
[runlim] time limit:		3600 seconds
[runlim] real time limit:	3600 seconds
[runlim] space limit:		30000 MB
[runlim] argv[0]:		./abw_enc_symbreak_max_node
[runlim] argv[1]:		./Benchmarks/S-sherman4.mtx.rnd
[runlim] argv[2]:		--duplexNSC
[runlim] argv[3]:		-set-lb
[runlim] argv[4]:		161
[runlim] start:			Thu Aug 22 10:39:28 2024
[runlim] main pid:		9615
[runlim] log captured:
c DuplexEncoder 0.8.
c LB is predefined as 161.
c Solving strategy: from LB to UB.
c LB-w = 256 (LB in Sinnl - A note on computational approaches for the antibandwidth problem).
c UB-w = 272 (UB in Sinnl - A note on computational approaches for the antibandwidth problem).
c LB 256 is overwritten with 161.
c Antibandwidth problem with w = 161 ( S-sherman4.mtx.rnd ):
c Initializing CaDiCaL (version 1.2.1).
c	Configuring CaDiCaL as --sat (1).
c Initializing a DuplexNSC encoder with n = 546.
c Encoding starts with w = 161:
c	Labels and Vertices aux var: 49140
c	Labels and Vertices constraints:  672126
c	Obj k aux var: 469560
c	Obj k constraints: 3975441
c	Obj k glue staircase constraints: 2058435
c	Encoding duration: 1s
c	Number of clauses: 4647840
c	Number of irredundant clauses: 4646185
c	Number of variables: 816816
c SAT Solving starts:
[runlim] sample:		10.0 time, 10.6 real, 908.0 MB
[runlim] sample:		20.0 time, 20.6 real, 879.1 MB
[runlim] sample:		30.0 time, 30.6 real, 805.5 MB
[runlim] sample:		40.0 time, 40.6 real, 779.1 MB
[runlim] sample:		50.0 time, 50.6 real, 701.9 MB
[runlim] sample:		60.0 time, 60.6 real, 762.2 MB
[runlim] sample:		70.0 time, 70.6 real, 735.2 MB
[runlim] sample:		80.0 time, 80.6 real, 778.4 MB
[runlim] sample:		90.0 time, 90.6 real, 783.4 MB
[runlim] sample:		100.0 time, 100.6 real, 785.7 MB
[runlim] sample:		110.0 time, 110.6 real, 691.5 MB
[runlim] sample:		120.0 time, 120.6 real, 782.7 MB
[runlim] sample:		130.0 time, 130.6 real, 783.5 MB
[runlim] sample:		140.0 time, 140.6 real, 783.5 MB
[runlim] sample:		150.0 time, 150.6 real, 786.6 MB
[runlim] sample:		160.0 time, 160.6 real, 743.0 MB
[runlim] sample:		170.0 time, 170.6 real, 790.2 MB
[runlim] sample:		180.0 time, 180.6 real, 790.2 MB
[runlim] sample:		190.0 time, 190.6 real, 919.0 MB
[runlim] sample:		200.0 time, 200.6 real, 919.0 MB
[runlim] sample:		210.0 time, 210.6 real, 1014.8 MB
[runlim] sample:		220.0 time, 220.6 real, 1104.3 MB
[runlim] sample:		230.0 time, 230.6 real, 1058.8 MB
[runlim] sample:		240.0 time, 240.6 real, 957.4 MB
[runlim] sample:		250.0 time, 250.6 real, 940.6 MB
[runlim] sample:		260.0 time, 260.6 real, 1057.1 MB
[runlim] sample:		270.0 time, 270.6 real, 1267.1 MB
[runlim] sample:		280.0 time, 280.6 real, 1502.6 MB
[runlim] sample:		290.0 time, 290.6 real, 1513.9 MB
[runlim] sample:		300.0 time, 300.6 real, 1698.4 MB
[runlim] sample:		310.0 time, 310.6 real, 1289.3 MB
[runlim] sample:		320.0 time, 320.6 real, 1094.8 MB
[runlim] sample:		330.0 time, 330.6 real, 1094.8 MB
[runlim] sample:		340.0 time, 340.6 real, 1039.3 MB
[runlim] sample:		350.0 time, 350.6 real, 1039.3 MB
[runlim] sample:		360.0 time, 360.6 real, 1139.0 MB
[runlim] sample:		370.0 time, 370.6 real, 1139.0 MB
[runlim] sample:		380.0 time, 380.6 real, 1186.3 MB
[runlim] sample:		390.0 time, 390.6 real, 1337.6 MB
[runlim] sample:		399.9 time, 400.6 real, 1338.5 MB
[runlim] sample:		409.9 time, 410.6 real, 1340.2 MB
[runlim] sample:		419.9 time, 420.6 real, 1474.8 MB
[runlim] sample:		429.9 time, 430.6 real, 1476.4 MB
[runlim] sample:		439.9 time, 440.6 real, 1478.0 MB
[runlim] sample:		449.9 time, 450.6 real, 2024.8 MB
c	Solving duration: 455878 ms
c	Answer: 
s SAT (w = 161)
c	Solution check:
p calculated antibandwidth = 161.
c
c
c Antibandwidth problem with w = 162 ( S-sherman4.mtx.rnd ):
c Initializing CaDiCaL (version 1.2.1).
c	Configuring CaDiCaL as --sat (1).
c Initializing a DuplexNSC encoder with n = 546.
c Encoding starts with w = 162:
c	Labels and Vertices aux var: 49140
c	Labels and Vertices constraints:  672126
c	Obj k aux var: 470652
c	Obj k constraints: 3972807
c	Obj k glue staircase constraints: 2053071
c	Encoding duration: 1s
c	Number of clauses: 4645206
c	Number of irredundant clauses: 4643548
c	Number of variables: 817908
c SAT Solving starts:
[runlim] sample:		459.9 time, 460.6 real, 652.8 MB
[runlim] sample:		469.9 time, 470.6 real, 807.2 MB
[runlim] sample:		479.9 time, 480.6 real, 828.0 MB
[runlim] sample:		489.9 time, 490.6 real, 834.3 MB
[runlim] sample:		499.9 time, 500.6 real, 820.9 MB
[runlim] sample:		509.9 time, 510.6 real, 953.0 MB
[runlim] sample:		519.9 time, 520.6 real, 796.7 MB
[runlim] sample:		529.9 time, 530.6 real, 793.9 MB
[runlim] sample:		539.9 time, 540.6 real, 885.1 MB
[runlim] sample:		549.9 time, 550.6 real, 863.5 MB
[runlim] sample:		559.9 time, 560.6 real, 1006.1 MB
[runlim] sample:		569.9 time, 570.6 real, 914.9 MB
[runlim] sample:		579.9 time, 580.6 real, 1013.6 MB
[runlim] sample:		589.9 time, 590.6 real, 994.5 MB
[runlim] sample:		599.9 time, 600.6 real, 997.7 MB
[runlim] sample:		609.9 time, 610.6 real, 862.4 MB
[runlim] sample:		619.9 time, 620.6 real, 856.2 MB
[runlim] sample:		629.9 time, 630.6 real, 873.8 MB
[runlim] sample:		639.9 time, 640.6 real, 797.3 MB
[runlim] sample:		649.9 time, 650.6 real, 846.3 MB
[runlim] sample:		659.9 time, 660.6 real, 872.9 MB
[runlim] sample:		669.9 time, 670.6 real, 849.6 MB
[runlim] sample:		679.9 time, 680.6 real, 852.6 MB
[runlim] sample:		689.9 time, 690.6 real, 870.4 MB
[runlim] sample:		699.9 time, 700.6 real, 871.9 MB
[runlim] sample:		709.9 time, 710.6 real, 873.4 MB
[runlim] sample:		719.9 time, 720.6 real, 830.2 MB
[runlim] sample:		729.9 time, 730.6 real, 870.2 MB
[runlim] sample:		739.9 time, 740.6 real, 884.4 MB
[runlim] sample:		749.9 time, 750.6 real, 927.7 MB
[runlim] sample:		759.9 time, 760.6 real, 1016.3 MB
[runlim] sample:		769.9 time, 770.6 real, 1018.1 MB
[runlim] sample:		779.9 time, 780.6 real, 1001.4 MB
[runlim] sample:		789.9 time, 790.6 real, 1092.2 MB
[runlim] sample:		799.9 time, 800.6 real, 1241.0 MB
[runlim] sample:		809.9 time, 810.6 real, 1676.7 MB
[runlim] sample:		819.9 time, 820.6 real, 1676.7 MB
[runlim] sample:		829.9 time, 830.6 real, 1676.7 MB
[runlim] sample:		839.9 time, 840.6 real, 1676.7 MB
[runlim] sample:		849.9 time, 850.6 real, 1676.7 MB
[runlim] sample:		859.9 time, 860.6 real, 1756.4 MB
[runlim] sample:		869.9 time, 870.6 real, 1913.7 MB
[runlim] sample:		879.9 time, 880.6 real, 2077.6 MB
[runlim] sample:		889.9 time, 890.6 real, 2527.5 MB
[runlim] sample:		899.9 time, 900.6 real, 1948.9 MB
[runlim] sample:		909.9 time, 910.6 real, 1915.8 MB
[runlim] sample:		919.9 time, 920.6 real, 1956.8 MB
[runlim] sample:		929.9 time, 930.6 real, 1656.8 MB
[runlim] sample:		939.9 time, 940.6 real, 1120.1 MB
[runlim] sample:		949.9 time, 950.6 real, 1120.1 MB
[runlim] sample:		959.9 time, 960.6 real, 1114.5 MB
[runlim] sample:		969.9 time, 970.6 real, 1177.7 MB
[runlim] sample:		979.9 time, 980.6 real, 1181.9 MB
[runlim] sample:		989.9 time, 990.6 real, 1052.3 MB
c	Solving duration: 537160 ms
c	Answer: 
s SAT (w = 162)
c	Solution check:
p calculated antibandwidth = 162.
c
c
c Antibandwidth problem with w = 163 ( S-sherman4.mtx.rnd ):
c Initializing CaDiCaL (version 1.2.1).
c	Configuring CaDiCaL as --sat (1).
c Initializing a DuplexNSC encoder with n = 546.
c Encoding starts with w = 163:
c	Labels and Vertices aux var: 49140
c	Labels and Vertices constraints:  672126
c	Obj k aux var: 471744
c	Obj k constraints: 3970173
c	Obj k glue staircase constraints: 2047707
c	Encoding duration: 1s
c	Number of clauses: 4642572
c	Number of irredundant clauses: 4640911
c	Number of variables: 819000
c SAT Solving starts:
[runlim] sample:		999.9 time, 1000.6 real, 887.6 MB
[runlim] sample:		1009.9 time, 1010.6 real, 909.2 MB
[runlim] sample:		1019.9 time, 1020.6 real, 910.4 MB
[runlim] sample:		1029.9 time, 1030.6 real, 914.7 MB
[runlim] sample:		1039.9 time, 1040.6 real, 928.3 MB
[runlim] sample:		1049.9 time, 1050.6 real, 910.5 MB
[runlim] sample:		1059.9 time, 1060.6 real, 911.1 MB
[runlim] sample:		1069.9 time, 1070.6 real, 1001.8 MB
[runlim] sample:		1079.9 time, 1080.6 real, 944.6 MB
[runlim] sample:		1089.9 time, 1090.6 real, 919.9 MB
[runlim] sample:		1099.9 time, 1100.6 real, 982.0 MB
[runlim] sample:		1109.9 time, 1110.6 real, 985.6 MB
[runlim] sample:		1119.9 time, 1120.6 real, 985.6 MB
[runlim] sample:		1129.9 time, 1130.6 real, 1055.8 MB
[runlim] sample:		1139.9 time, 1140.6 real, 961.8 MB
[runlim] sample:		1149.9 time, 1150.6 real, 1004.4 MB
[runlim] sample:		1159.9 time, 1160.6 real, 1124.9 MB
[runlim] sample:		1169.9 time, 1170.6 real, 1124.9 MB
[runlim] sample:		1179.9 time, 1180.6 real, 1178.8 MB
[runlim] sample:		1189.9 time, 1190.6 real, 1178.8 MB
[runlim] sample:		1199.9 time, 1200.6 real, 1092.1 MB
[runlim] sample:		1209.9 time, 1210.6 real, 1069.4 MB
[runlim] sample:		1219.9 time, 1220.6 real, 918.5 MB
[runlim] sample:		1229.9 time, 1230.6 real, 1052.8 MB
[runlim] sample:		1239.9 time, 1240.6 real, 1079.4 MB
[runlim] sample:		1249.9 time, 1250.6 real, 917.2 MB
[runlim] sample:		1259.9 time, 1260.6 real, 914.5 MB
[runlim] sample:		1269.9 time, 1270.6 real, 914.5 MB
[runlim] sample:		1279.9 time, 1280.6 real, 939.9 MB
[runlim] sample:		1289.9 time, 1290.6 real, 927.0 MB
[runlim] sample:		1299.9 time, 1300.6 real, 915.2 MB
[runlim] sample:		1309.9 time, 1310.6 real, 919.3 MB
[runlim] sample:		1319.9 time, 1320.6 real, 932.4 MB
[runlim] sample:		1329.9 time, 1330.6 real, 934.4 MB
[runlim] sample:		1339.9 time, 1340.6 real, 934.4 MB
[runlim] sample:		1349.9 time, 1350.6 real, 1151.7 MB
[runlim] sample:		1359.9 time, 1360.6 real, 1151.7 MB
[runlim] sample:		1369.9 time, 1370.6 real, 1624.7 MB
[runlim] sample:		1379.9 time, 1380.6 real, 1292.0 MB
c	Solving duration: 389438 ms
c	Answer: 
s SAT (w = 163)
c	Solution check:
p calculated antibandwidth = 163.
c
c
c Antibandwidth problem with w = 164 ( S-sherman4.mtx.rnd ):
c Initializing CaDiCaL (version 1.2.1).
c	Configuring CaDiCaL as --sat (1).
c Initializing a DuplexNSC encoder with n = 546.
c Encoding starts with w = 164:
c	Labels and Vertices aux var: 49140
c	Labels and Vertices constraints:  672126
c	Obj k aux var: 472836
c	Obj k constraints: 3967539
c	Obj k glue staircase constraints: 2042343
c	Encoding duration: 1s
c	Number of clauses: 4639938
c	Number of irredundant clauses: 4638274
c	Number of variables: 820092
c SAT Solving starts:
[runlim] sample:		1389.9 time, 1390.6 real, 866.9 MB
[runlim] sample:		1399.9 time, 1400.6 real, 984.0 MB
[runlim] sample:		1409.9 time, 1410.6 real, 997.1 MB
[runlim] sample:		1419.9 time, 1420.6 real, 1007.9 MB
[runlim] sample:		1429.9 time, 1430.6 real, 978.1 MB
[runlim] sample:		1439.9 time, 1440.6 real, 980.0 MB
[runlim] sample:		1449.9 time, 1450.6 real, 880.2 MB
[runlim] sample:		1459.9 time, 1460.6 real, 879.7 MB
[runlim] sample:		1469.9 time, 1470.6 real, 1016.4 MB
[runlim] sample:		1479.9 time, 1480.6 real, 941.0 MB
[runlim] sample:		1489.9 time, 1490.6 real, 946.8 MB
[runlim] sample:		1499.9 time, 1500.6 real, 882.6 MB
[runlim] sample:		1509.9 time, 1510.6 real, 965.7 MB
[runlim] sample:		1519.9 time, 1520.6 real, 965.7 MB
[runlim] sample:		1529.9 time, 1530.6 real, 1001.6 MB
[runlim] sample:		1539.9 time, 1540.6 real, 938.9 MB
[runlim] sample:		1549.9 time, 1550.6 real, 876.7 MB
c	Solving duration: 161957 ms
c	Answer: 
s SAT (w = 164)
c	Solution check:
p calculated antibandwidth = 164.
c
c
c Antibandwidth problem with w = 165 ( S-sherman4.mtx.rnd ):
c Initializing CaDiCaL (version 1.2.1).
c	Configuring CaDiCaL as --sat (1).
c Initializing a DuplexNSC encoder with n = 546.
c Encoding starts with w = 165:
c	Labels and Vertices aux var: 49140
c	Labels and Vertices constraints:  672126
c	Obj k aux var: 473928
c	Obj k constraints: 3964905
c	Obj k glue staircase constraints: 2036979
c	Encoding duration: 1s
c	Number of clauses: 4637304
c	Number of irredundant clauses: 4635637
c	Number of variables: 821184
c SAT Solving starts:
[runlim] sample:		1559.9 time, 1560.6 real, 926.4 MB
[runlim] sample:		1569.9 time, 1570.6 real, 880.9 MB
[runlim] sample:		1579.9 time, 1580.6 real, 923.5 MB
[runlim] sample:		1589.9 time, 1590.6 real, 931.7 MB
[runlim] sample:		1599.9 time, 1600.6 real, 996.0 MB
[runlim] sample:		1609.9 time, 1610.6 real, 885.5 MB
[runlim] sample:		1619.9 time, 1620.6 real, 999.2 MB
[runlim] sample:		1629.9 time, 1630.6 real, 880.8 MB
[runlim] sample:		1639.9 time, 1640.6 real, 1014.2 MB
[runlim] sample:		1649.9 time, 1650.6 real, 906.7 MB
[runlim] sample:		1659.9 time, 1660.6 real, 923.4 MB
[runlim] sample:		1669.9 time, 1670.6 real, 922.4 MB
[runlim] sample:		1679.9 time, 1680.6 real, 921.8 MB
[runlim] sample:		1689.9 time, 1690.6 real, 882.3 MB
[runlim] sample:		1699.9 time, 1700.6 real, 911.6 MB
[runlim] sample:		1709.9 time, 1710.6 real, 914.0 MB
[runlim] sample:		1719.9 time, 1720.6 real, 915.1 MB
[runlim] sample:		1729.9 time, 1730.6 real, 1054.0 MB
[runlim] sample:		1739.9 time, 1740.6 real, 941.8 MB
[runlim] sample:		1749.9 time, 1750.6 real, 1008.9 MB
[runlim] sample:		1759.9 time, 1760.6 real, 883.0 MB
[runlim] sample:		1769.9 time, 1770.6 real, 920.6 MB
[runlim] sample:		1779.9 time, 1780.6 real, 913.5 MB
[runlim] sample:		1789.9 time, 1790.6 real, 1159.6 MB
[runlim] sample:		1799.9 time, 1800.6 real, 1039.0 MB
[runlim] sample:		1809.9 time, 1810.6 real, 1061.5 MB
[runlim] sample:		1819.9 time, 1820.6 real, 1141.4 MB
[runlim] sample:		1829.9 time, 1830.6 real, 1341.4 MB
c	Solving duration: 279453 ms
c	Answer: 
s SAT (w = 165)
c	Solution check:
p calculated antibandwidth = 165.
c
c
c Antibandwidth problem with w = 166 ( S-sherman4.mtx.rnd ):
c Initializing CaDiCaL (version 1.2.1).
c	Configuring CaDiCaL as --sat (1).
c Initializing a DuplexNSC encoder with n = 546.
c Encoding starts with w = 166:
c	Labels and Vertices aux var: 49140
c	Labels and Vertices constraints:  672126
c	Obj k aux var: 475020
c	Obj k constraints: 3962271
c	Obj k glue staircase constraints: 2031615
c	Encoding duration: 1s
c	Number of clauses: 4634670
c	Number of irredundant clauses: 4633000
c	Number of variables: 822276
c SAT Solving starts:
[runlim] sample:		1839.9 time, 1840.6 real, 1034.6 MB
[runlim] sample:		1849.9 time, 1850.6 real, 1029.8 MB
[runlim] sample:		1859.9 time, 1860.6 real, 1065.1 MB
[runlim] sample:		1869.9 time, 1870.6 real, 992.8 MB
[runlim] sample:		1879.9 time, 1880.6 real, 1015.7 MB
[runlim] sample:		1889.9 time, 1890.6 real, 1015.7 MB
[runlim] sample:		1899.9 time, 1900.6 real, 1122.7 MB
c	Solving duration: 74879 ms
c	Answer: 
s SAT (w = 166)
c	Solution check:
p calculated antibandwidth = 166.
c
c
c Antibandwidth problem with w = 167 ( S-sherman4.mtx.rnd ):
c Initializing CaDiCaL (version 1.2.1).
c	Configuring CaDiCaL as --sat (1).
c Initializing a DuplexNSC encoder with n = 546.
c Encoding starts with w = 167:
c	Labels and Vertices aux var: 49140
c	Labels and Vertices constraints:  672126
c	Obj k aux var: 476112
c	Obj k constraints: 3959637
c	Obj k glue staircase constraints: 2026251
c	Encoding duration: 1s
c	Number of clauses: 4632036
c	Number of irredundant clauses: 4630363
c	Number of variables: 823368
c SAT Solving starts:
[runlim] sample:		1909.9 time, 1910.6 real, 818.4 MB
[runlim] sample:		1919.9 time, 1920.6 real, 967.2 MB
[runlim] sample:		1929.9 time, 1930.6 real, 967.6 MB
[runlim] sample:		1939.9 time, 1940.6 real, 1004.1 MB
[runlim] sample:		1949.9 time, 1950.6 real, 1008.9 MB
[runlim] sample:		1959.9 time, 1960.6 real, 1007.7 MB
[runlim] sample:		1969.9 time, 1970.6 real, 1004.8 MB
[runlim] sample:		1979.9 time, 1980.6 real, 1047.5 MB
[runlim] sample:		1989.9 time, 1990.6 real, 1096.8 MB
[runlim] sample:		1999.9 time, 2000.6 real, 1100.0 MB
[runlim] sample:		2009.9 time, 2010.6 real, 1009.6 MB
[runlim] sample:		2019.9 time, 2020.6 real, 1015.1 MB
[runlim] sample:		2029.9 time, 2030.6 real, 1017.0 MB
[runlim] sample:		2039.9 time, 2040.6 real, 1012.8 MB
[runlim] sample:		2049.9 time, 2050.6 real, 1089.0 MB
[runlim] sample:		2059.9 time, 2060.6 real, 1025.1 MB
[runlim] sample:		2069.9 time, 2070.6 real, 1024.4 MB
[runlim] sample:		2079.9 time, 2080.6 real, 1024.6 MB
[runlim] sample:		2089.9 time, 2090.6 real, 1029.5 MB
[runlim] sample:		2099.8 time, 2100.6 real, 1015.9 MB
[runlim] sample:		2109.8 time, 2110.6 real, 1024.1 MB
[runlim] sample:		2119.8 time, 2120.6 real, 1017.3 MB
[runlim] sample:		2129.9 time, 2130.6 real, 1025.3 MB
[runlim] sample:		2139.8 time, 2140.6 real, 1033.3 MB
[runlim] sample:		2149.9 time, 2150.6 real, 999.3 MB
[runlim] sample:		2159.8 time, 2160.6 real, 1061.3 MB
[runlim] sample:		2169.8 time, 2170.6 real, 1017.6 MB
[runlim] sample:		2179.9 time, 2180.6 real, 947.5 MB
[runlim] sample:		2189.8 time, 2190.6 real, 938.4 MB
[runlim] sample:		2199.9 time, 2200.6 real, 939.4 MB
[runlim] sample:		2209.9 time, 2210.6 real, 1213.5 MB
[runlim] sample:		2219.8 time, 2220.6 real, 1213.5 MB
[runlim] sample:		2229.8 time, 2230.6 real, 1213.5 MB
[runlim] sample:		2239.9 time, 2240.6 real, 1315.8 MB
[runlim] sample:		2249.9 time, 2250.6 real, 1329.2 MB
[runlim] sample:		2259.9 time, 2260.6 real, 1333.2 MB
[runlim] sample:		2269.8 time, 2270.6 real, 971.0 MB
[runlim] sample:		2279.8 time, 2280.6 real, 1025.1 MB
[runlim] sample:		2289.9 time, 2290.6 real, 970.8 MB
[runlim] sample:		2299.8 time, 2300.6 real, 984.3 MB
[runlim] sample:		2309.8 time, 2310.6 real, 1023.3 MB
[runlim] sample:		2319.8 time, 2320.6 real, 1009.5 MB
[runlim] sample:		2329.8 time, 2330.6 real, 1009.5 MB
[runlim] sample:		2339.8 time, 2340.6 real, 1061.9 MB
[runlim] sample:		2349.8 time, 2350.6 real, 1073.8 MB
[runlim] sample:		2359.8 time, 2360.6 real, 1055.5 MB
c	Solving duration: 457489 ms
c	Answer: 
s SAT (w = 167)
c	Solution check:
p calculated antibandwidth = 167.
c
c
c Antibandwidth problem with w = 168 ( S-sherman4.mtx.rnd ):
c Initializing CaDiCaL (version 1.2.1).
c	Configuring CaDiCaL as --sat (1).
c Initializing a DuplexNSC encoder with n = 546.
c Encoding starts with w = 168:
c	Labels and Vertices aux var: 49140
c	Labels and Vertices constraints:  672126
c	Obj k aux var: 477204
c	Obj k constraints: 3957003
c	Obj k glue staircase constraints: 2020887
c	Encoding duration: 1s
c	Number of clauses: 4629402
c	Number of irredundant clauses: 4627726
c	Number of variables: 824460
c SAT Solving starts:
[runlim] sample:		2369.8 time, 2370.6 real, 982.9 MB
[runlim] sample:		2379.8 time, 2380.6 real, 1006.2 MB
[runlim] sample:		2389.8 time, 2390.6 real, 1001.7 MB
[runlim] sample:		2399.8 time, 2400.6 real, 1006.9 MB
[runlim] sample:		2409.8 time, 2410.6 real, 988.7 MB
[runlim] sample:		2419.8 time, 2420.6 real, 988.4 MB
[runlim] sample:		2429.8 time, 2430.6 real, 987.1 MB
[runlim] sample:		2439.8 time, 2440.6 real, 990.8 MB
c	Solving duration: 78753 ms
c	Answer: 
s SAT (w = 168)
c	Solution check:
p calculated antibandwidth = 168.
c
c
c Antibandwidth problem with w = 169 ( S-sherman4.mtx.rnd ):
c Initializing CaDiCaL (version 1.2.1).
c	Configuring CaDiCaL as --sat (1).
c Initializing a DuplexNSC encoder with n = 546.
c Encoding starts with w = 169:
c	Labels and Vertices aux var: 49140
c	Labels and Vertices constraints:  672126
c	Obj k aux var: 478296
c	Obj k constraints: 3954369
c	Obj k glue staircase constraints: 2015523
c	Encoding duration: 1s
c	Number of clauses: 4626768
c	Number of irredundant clauses: 4625089
c	Number of variables: 825552
c SAT Solving starts:
[runlim] sample:		2449.8 time, 2450.6 real, 981.7 MB
[runlim] sample:		2459.8 time, 2460.6 real, 1076.0 MB
[runlim] sample:		2469.8 time, 2470.6 real, 959.8 MB
[runlim] sample:		2479.8 time, 2480.6 real, 1014.1 MB
[runlim] sample:		2489.8 time, 2490.6 real, 1066.5 MB
[runlim] sample:		2499.8 time, 2500.6 real, 957.2 MB
[runlim] sample:		2509.8 time, 2510.6 real, 978.8 MB
[runlim] sample:		2519.8 time, 2520.6 real, 1068.0 MB
[runlim] sample:		2529.8 time, 2530.6 real, 917.5 MB
[runlim] sample:		2539.8 time, 2540.6 real, 1039.4 MB
[runlim] sample:		2549.8 time, 2550.6 real, 1125.1 MB
[runlim] sample:		2559.8 time, 2560.6 real, 1007.1 MB
[runlim] sample:		2569.8 time, 2570.6 real, 959.6 MB
[runlim] sample:		2579.8 time, 2580.6 real, 937.1 MB
[runlim] sample:		2589.8 time, 2590.6 real, 967.2 MB
[runlim] sample:		2599.8 time, 2600.6 real, 932.7 MB
[runlim] sample:		2609.8 time, 2610.6 real, 972.5 MB
[runlim] sample:		2619.8 time, 2620.6 real, 931.6 MB
[runlim] sample:		2629.8 time, 2630.6 real, 931.6 MB
[runlim] sample:		2639.8 time, 2640.6 real, 931.6 MB
[runlim] sample:		2649.8 time, 2650.6 real, 1300.0 MB
[runlim] sample:		2659.8 time, 2660.6 real, 990.1 MB
[runlim] sample:		2669.8 time, 2670.6 real, 932.2 MB
[runlim] sample:		2679.8 time, 2680.6 real, 962.2 MB
[runlim] sample:		2689.8 time, 2690.6 real, 962.2 MB
[runlim] sample:		2699.8 time, 2700.6 real, 1020.0 MB
[runlim] sample:		2709.8 time, 2710.6 real, 1283.6 MB
[runlim] sample:		2719.8 time, 2720.6 real, 1038.7 MB
[runlim] sample:		2729.8 time, 2730.6 real, 1010.0 MB
[runlim] sample:		2739.8 time, 2740.6 real, 1009.9 MB
[runlim] sample:		2749.8 time, 2750.6 real, 1000.2 MB
[runlim] sample:		2759.8 time, 2760.6 real, 1216.3 MB
[runlim] sample:		2769.8 time, 2770.6 real, 1047.6 MB
[runlim] sample:		2779.8 time, 2780.6 real, 981.9 MB
[runlim] sample:		2789.8 time, 2790.6 real, 1034.8 MB
[runlim] sample:		2799.8 time, 2800.6 real, 995.1 MB
[runlim] sample:		2809.8 time, 2810.6 real, 995.1 MB
[runlim] sample:		2819.8 time, 2820.6 real, 995.1 MB
[runlim] sample:		2829.8 time, 2830.6 real, 995.1 MB
[runlim] sample:		2839.8 time, 2840.6 real, 1009.7 MB
[runlim] sample:		2849.8 time, 2850.6 real, 1333.1 MB
[runlim] sample:		2859.8 time, 2860.6 real, 1405.9 MB
[runlim] sample:		2869.8 time, 2870.6 real, 964.9 MB
[runlim] sample:		2879.8 time, 2880.6 real, 964.9 MB
[runlim] sample:		2889.8 time, 2890.6 real, 1248.8 MB
[runlim] sample:		2899.8 time, 2900.6 real, 1226.3 MB
c	Solving duration: 460003 ms
c	Answer: 
s SAT (w = 169)
c	Solution check:
p calculated antibandwidth = 169.
c
c
c Antibandwidth problem with w = 170 ( S-sherman4.mtx.rnd ):
c Initializing CaDiCaL (version 1.2.1).
c	Configuring CaDiCaL as --sat (1).
c Initializing a DuplexNSC encoder with n = 546.
c Encoding starts with w = 170:
c	Labels and Vertices aux var: 49140
c	Labels and Vertices constraints:  672126
c	Obj k aux var: 479388
c	Obj k constraints: 3951735
c	Obj k glue staircase constraints: 2010159
c	Encoding duration: 1s
c	Number of clauses: 4624134
c	Number of irredundant clauses: 4622452
c	Number of variables: 826644
c SAT Solving starts:
[runlim] sample:		2909.8 time, 2910.6 real, 854.8 MB
[runlim] sample:		2919.8 time, 2920.6 real, 946.1 MB
[runlim] sample:		2929.8 time, 2930.6 real, 976.4 MB
[runlim] sample:		2939.8 time, 2940.6 real, 921.3 MB
[runlim] sample:		2949.8 time, 2950.6 real, 973.0 MB
[runlim] sample:		2959.8 time, 2960.6 real, 946.6 MB
[runlim] sample:		2969.8 time, 2970.6 real, 946.6 MB
[runlim] sample:		2979.8 time, 2980.6 real, 969.8 MB
[runlim] sample:		2989.8 time, 2990.6 real, 1037.1 MB
[runlim] sample:		2999.8 time, 3000.6 real, 946.6 MB
[runlim] sample:		3009.8 time, 3010.6 real, 982.6 MB
[runlim] sample:		3019.8 time, 3020.6 real, 948.3 MB
[runlim] sample:		3029.8 time, 3030.6 real, 973.7 MB
[runlim] sample:		3039.8 time, 3040.6 real, 1004.5 MB
[runlim] sample:		3049.8 time, 3050.6 real, 1080.6 MB
[runlim] sample:		3059.8 time, 3060.6 real, 957.2 MB
[runlim] sample:		3069.8 time, 3070.6 real, 1001.0 MB
[runlim] sample:		3079.8 time, 3080.6 real, 946.2 MB
[runlim] sample:		3089.8 time, 3090.6 real, 946.2 MB
[runlim] sample:		3099.8 time, 3100.6 real, 1120.3 MB
[runlim] sample:		3109.8 time, 3110.6 real, 1120.3 MB
c	Solving duration: 209788 ms
c	Answer: 
s SAT (w = 170)
c	Solution check:
p calculated antibandwidth = 170.
c
c
c Antibandwidth problem with w = 171 ( S-sherman4.mtx.rnd ):
c Initializing CaDiCaL (version 1.2.1).
c	Configuring CaDiCaL as --sat (1).
c Initializing a DuplexNSC encoder with n = 546.
c Encoding starts with w = 171:
[runlim] sample:		3119.8 time, 3120.6 real, 672.9 MB
c	Labels and Vertices aux var: 49140
c	Labels and Vertices constraints:  672126
c	Obj k aux var: 480480
c	Obj k constraints: 3949101
c	Obj k glue staircase constraints: 2004795
c	Encoding duration: 1s
c	Number of clauses: 4621500
c	Number of irredundant clauses: 4619815
c	Number of variables: 827736
c SAT Solving starts:
[runlim] sample:		3129.8 time, 3130.6 real, 929.1 MB
[runlim] sample:		3139.8 time, 3140.6 real, 874.7 MB
c	Solving duration: 26774 ms
c	Answer: 
s SAT (w = 171)
c	Solution check:
p calculated antibandwidth = 171.
c
c
c Antibandwidth problem with w = 172 ( S-sherman4.mtx.rnd ):
c Initializing CaDiCaL (version 1.2.1).
c	Configuring CaDiCaL as --sat (1).
c Initializing a DuplexNSC encoder with n = 546.
c Encoding starts with w = 172:
c	Labels and Vertices aux var: 49140
c	Labels and Vertices constraints:  672126
c	Obj k aux var: 481572
c	Obj k constraints: 3946467
c	Obj k glue staircase constraints: 1999431
c	Encoding duration: 1s
c	Number of clauses: 4618866
c	Number of irredundant clauses: 4617178
c	Number of variables: 828828
c SAT Solving starts:
[runlim] sample:		3149.8 time, 3150.6 real, 760.2 MB
[runlim] sample:		3159.8 time, 3160.6 real, 908.3 MB
[runlim] sample:		3169.8 time, 3170.6 real, 894.6 MB
[runlim] sample:		3179.8 time, 3180.6 real, 870.9 MB
[runlim] sample:		3189.8 time, 3190.6 real, 947.4 MB
[runlim] sample:		3199.8 time, 3200.6 real, 916.3 MB
[runlim] sample:		3209.8 time, 3210.6 real, 920.0 MB
[runlim] sample:		3219.8 time, 3220.6 real, 921.9 MB
[runlim] sample:		3229.8 time, 3230.6 real, 921.8 MB
[runlim] sample:		3239.8 time, 3240.6 real, 987.8 MB
[runlim] sample:		3249.8 time, 3250.6 real, 987.8 MB
[runlim] sample:		3259.8 time, 3260.6 real, 994.8 MB
[runlim] sample:		3269.8 time, 3270.6 real, 923.0 MB
[runlim] sample:		3279.8 time, 3280.6 real, 875.5 MB
[runlim] sample:		3289.8 time, 3290.6 real, 872.2 MB
[runlim] sample:		3299.8 time, 3300.6 real, 894.4 MB
[runlim] sample:		3309.8 time, 3310.6 real, 894.4 MB
[runlim] sample:		3319.8 time, 3320.6 real, 894.4 MB
[runlim] sample:		3329.8 time, 3330.6 real, 921.4 MB
[runlim] sample:		3339.8 time, 3340.6 real, 928.5 MB
[runlim] sample:		3349.8 time, 3350.6 real, 923.9 MB
[runlim] sample:		3359.8 time, 3360.6 real, 992.8 MB
[runlim] sample:		3369.8 time, 3370.6 real, 919.0 MB
[runlim] sample:		3379.8 time, 3380.6 real, 920.8 MB
[runlim] sample:		3389.8 time, 3390.6 real, 933.3 MB
[runlim] sample:		3399.8 time, 3400.6 real, 933.3 MB
[runlim] sample:		3409.8 time, 3410.6 real, 883.3 MB
[runlim] sample:		3419.8 time, 3420.6 real, 883.3 MB
[runlim] sample:		3429.8 time, 3430.6 real, 936.1 MB
[runlim] sample:		3439.8 time, 3440.6 real, 936.1 MB
[runlim] sample:		3449.8 time, 3450.6 real, 936.7 MB
[runlim] sample:		3459.8 time, 3460.6 real, 1045.8 MB
[runlim] sample:		3469.8 time, 3470.6 real, 1340.9 MB
[runlim] sample:		3479.8 time, 3480.6 real, 1340.9 MB
[runlim] sample:		3489.8 time, 3490.6 real, 1401.3 MB
[runlim] sample:		3499.8 time, 3500.6 real, 1551.6 MB
[runlim] sample:		3509.8 time, 3510.6 real, 1651.3 MB
[runlim] sample:		3519.8 time, 3520.6 real, 1754.5 MB
[runlim] sample:		3529.8 time, 3530.6 real, 1855.0 MB
[runlim] sample:		3539.8 time, 3540.6 real, 2189.0 MB
[runlim] sample:		3549.8 time, 3550.6 real, 2383.1 MB
[runlim] sample:		3559.8 time, 3560.6 real, 2383.1 MB
[runlim] sample:		3569.8 time, 3570.6 real, 2383.1 MB
[runlim] sample:		3579.8 time, 3580.6 real, 2383.3 MB
[runlim] sample:		3589.8 time, 3590.6 real, 2035.3 MB
c Signal interruption.
[runlim] end:			Thu Aug 22 11:39:28 2024
[runlim] status:		out of time
[runlim] result:		2
[runlim] children:		0
[runlim] real:			3600.08 seconds
[runlim] time:			3599.21 seconds
[runlim] space:			3147.3 MB
[runlim] samples:		35994
