[runlim] version:		1.10
[runlim] time limit:		7200 seconds
[runlim] real time limit:	7200 seconds
[runlim] space limit:		30000 MB
[runlim] argv[0]:		./abw_enc_symbreak_max_node
[runlim] argv[1]:		./Benchmarks/S-sherman4.mtx.rnd
[runlim] argv[2]:		--duplexNSC
[runlim] argv[3]:		-set-lb
[runlim] argv[4]:		172
[runlim] start:			Fri Aug 23 03:09:25 2024
[runlim] main pid:		1589
[runlim] log captured:
c DuplexEncoder 0.8.
c LB is predefined as 172.
c Solving strategy: from LB to UB.
c LB-w = 256 (LB in Sinnl - A note on computational approaches for the antibandwidth problem).
c UB-w = 272 (UB in Sinnl - A note on computational approaches for the antibandwidth problem).
c LB 256 is overwritten with 172.
c Antibandwidth problem with w = 172 ( S-sherman4.mtx.rnd ):
c Initializing CaDiCaL (version 1.2.1).
c	Configuring CaDiCaL as --sat (1).
c Initializing a DuplexNSC encoder with n = 546.
c Encoding starts with w = 172:
c	Labels and Vertices aux var: 49140
c	Labels and Vertices constraints:  672126
c	Obj k aux var: 481572
c	Obj k constraints: 3946467
c	Obj k glue staircase constraints: 1999431
c	Encoding duration: 1s
c	Number of clauses: 4618866
c	Number of irredundant clauses: 4617178
c	Number of variables: 828828
c SAT Solving starts:
[runlim] sample:		10.0 time, 10.2 real, 794.0 MB
[runlim] sample:		20.0 time, 20.2 real, 811.9 MB
[runlim] sample:		30.0 time, 30.2 real, 834.3 MB
[runlim] sample:		40.0 time, 40.2 real, 800.3 MB
[runlim] sample:		50.0 time, 50.2 real, 769.1 MB
[runlim] sample:		60.0 time, 60.2 real, 813.0 MB
[runlim] sample:		70.0 time, 70.2 real, 917.1 MB
[runlim] sample:		80.0 time, 80.2 real, 773.1 MB
[runlim] sample:		90.0 time, 90.2 real, 771.0 MB
[runlim] sample:		100.0 time, 100.2 real, 837.0 MB
[runlim] sample:		110.0 time, 110.2 real, 846.9 MB
[runlim] sample:		120.0 time, 120.2 real, 924.6 MB
[runlim] sample:		130.0 time, 130.2 real, 850.9 MB
[runlim] sample:		140.0 time, 140.2 real, 809.1 MB
[runlim] sample:		150.0 time, 150.2 real, 806.6 MB
[runlim] sample:		160.0 time, 160.2 real, 829.9 MB
[runlim] sample:		170.0 time, 170.2 real, 794.0 MB
[runlim] sample:		180.0 time, 180.2 real, 864.7 MB
[runlim] sample:		190.0 time, 190.2 real, 911.0 MB
[runlim] sample:		200.0 time, 200.2 real, 869.1 MB
[runlim] sample:		210.0 time, 210.2 real, 828.1 MB
[runlim] sample:		220.0 time, 220.2 real, 816.5 MB
[runlim] sample:		230.0 time, 230.2 real, 818.6 MB
[runlim] sample:		240.0 time, 240.2 real, 814.2 MB
[runlim] sample:		250.0 time, 250.2 real, 814.2 MB
[runlim] sample:		260.0 time, 260.2 real, 825.8 MB
[runlim] sample:		270.0 time, 270.2 real, 913.6 MB
[runlim] sample:		280.0 time, 280.2 real, 784.9 MB
[runlim] sample:		290.0 time, 290.2 real, 784.9 MB
[runlim] sample:		300.0 time, 300.2 real, 837.9 MB
[runlim] sample:		310.0 time, 310.2 real, 917.6 MB
[runlim] sample:		320.0 time, 320.2 real, 921.6 MB
[runlim] sample:		330.0 time, 330.2 real, 1080.8 MB
[runlim] sample:		340.0 time, 340.2 real, 1324.9 MB
[runlim] sample:		350.0 time, 350.2 real, 1324.9 MB
[runlim] sample:		360.0 time, 360.2 real, 1417.6 MB
[runlim] sample:		369.9 time, 370.2 real, 1551.2 MB
[runlim] sample:		379.9 time, 380.2 real, 1652.8 MB
[runlim] sample:		389.9 time, 390.2 real, 1755.1 MB
[runlim] sample:		399.9 time, 400.2 real, 1852.8 MB
[runlim] sample:		409.9 time, 410.2 real, 2366.8 MB
[runlim] sample:		419.9 time, 420.2 real, 2366.8 MB
[runlim] sample:		429.9 time, 430.2 real, 2366.8 MB
[runlim] sample:		439.9 time, 440.2 real, 2366.8 MB
[runlim] sample:		449.9 time, 450.2 real, 2366.8 MB
[runlim] sample:		459.9 time, 460.2 real, 1904.4 MB
[runlim] sample:		469.9 time, 470.2 real, 2386.8 MB
c	Solving duration: 473848 ms
c	Answer: 
s SAT (w = 172)
c	Solution check:
p calculated antibandwidth = 172.
c
c
c Antibandwidth problem with w = 173 ( S-sherman4.mtx.rnd ):
c Initializing CaDiCaL (version 1.2.1).
c	Configuring CaDiCaL as --sat (1).
c Initializing a DuplexNSC encoder with n = 546.
c Encoding starts with w = 173:
c	Labels and Vertices aux var: 49140
c	Labels and Vertices constraints:  672126
c	Obj k aux var: 482664
c	Obj k constraints: 3943833
c	Obj k glue staircase constraints: 1994067
c	Encoding duration: 1s
c	Number of clauses: 4616232
c	Number of irredundant clauses: 4614541
c	Number of variables: 829920
c SAT Solving starts:
[runlim] sample:		479.9 time, 480.2 real, 965.0 MB
[runlim] sample:		489.9 time, 490.2 real, 1012.7 MB
[runlim] sample:		499.9 time, 500.2 real, 944.0 MB
[runlim] sample:		509.9 time, 510.2 real, 1021.8 MB
[runlim] sample:		519.9 time, 520.2 real, 944.1 MB
[runlim] sample:		529.9 time, 530.2 real, 1034.4 MB
[runlim] sample:		539.9 time, 540.2 real, 1017.8 MB
[runlim] sample:		549.9 time, 550.2 real, 909.4 MB
[runlim] sample:		559.9 time, 560.2 real, 933.3 MB
[runlim] sample:		569.9 time, 570.2 real, 1043.3 MB
[runlim] sample:		579.9 time, 580.2 real, 1052.5 MB
[runlim] sample:		589.9 time, 590.2 real, 1109.2 MB
c	Solving duration: 119611 ms
c	Answer: 
s SAT (w = 173)
c	Solution check:
p calculated antibandwidth = 173.
c
c
c Antibandwidth problem with w = 174 ( S-sherman4.mtx.rnd ):
c Initializing CaDiCaL (version 1.2.1).
c	Configuring CaDiCaL as --sat (1).
c Initializing a DuplexNSC encoder with n = 546.
c Encoding starts with w = 174:
c	Labels and Vertices aux var: 49140
c	Labels and Vertices constraints:  672126
c	Obj k aux var: 483756
c	Obj k constraints: 3941199
c	Obj k glue staircase constraints: 1988703
c	Encoding duration: 1s
c	Number of clauses: 4613598
c	Number of irredundant clauses: 4611904
c	Number of variables: 831012
c SAT Solving starts:
[runlim] sample:		599.9 time, 600.2 real, 946.4 MB
[runlim] sample:		609.9 time, 610.2 real, 1082.6 MB
[runlim] sample:		619.9 time, 620.2 real, 913.3 MB
[runlim] sample:		629.9 time, 630.2 real, 1053.7 MB
[runlim] sample:		639.9 time, 640.2 real, 947.9 MB
[runlim] sample:		649.9 time, 650.2 real, 1028.7 MB
[runlim] sample:		659.9 time, 660.2 real, 1196.6 MB
[runlim] sample:		669.9 time, 670.2 real, 1120.6 MB
[runlim] sample:		679.9 time, 680.2 real, 1202.1 MB
[runlim] sample:		689.9 time, 690.2 real, 1314.9 MB
[runlim] sample:		699.9 time, 700.2 real, 948.4 MB
[runlim] sample:		709.9 time, 710.2 real, 1121.9 MB
[runlim] sample:		719.9 time, 720.2 real, 984.3 MB
[runlim] sample:		729.9 time, 730.2 real, 984.3 MB
[runlim] sample:		739.9 time, 740.2 real, 1059.4 MB
[runlim] sample:		749.9 time, 750.2 real, 972.3 MB
[runlim] sample:		759.9 time, 760.2 real, 995.5 MB
[runlim] sample:		769.9 time, 770.2 real, 1109.4 MB
[runlim] sample:		779.9 time, 780.2 real, 1109.4 MB
[runlim] sample:		789.9 time, 790.2 real, 995.5 MB
[runlim] sample:		799.9 time, 800.2 real, 1111.9 MB
[runlim] sample:		809.9 time, 810.2 real, 995.5 MB
[runlim] sample:		819.9 time, 820.2 real, 1114.4 MB
[runlim] sample:		829.9 time, 830.2 real, 976.4 MB
[runlim] sample:		839.9 time, 840.2 real, 984.3 MB
[runlim] sample:		849.9 time, 850.2 real, 1309.7 MB
[runlim] sample:		859.9 time, 860.2 real, 1309.7 MB
[runlim] sample:		869.9 time, 870.2 real, 1260.0 MB
[runlim] sample:		879.9 time, 880.2 real, 1260.0 MB
[runlim] sample:		889.9 time, 890.2 real, 1287.5 MB
[runlim] sample:		899.9 time, 900.2 real, 1356.8 MB
[runlim] sample:		909.9 time, 910.2 real, 1025.0 MB
[runlim] sample:		919.9 time, 920.2 real, 1025.0 MB
[runlim] sample:		929.9 time, 930.2 real, 1163.0 MB
[runlim] sample:		939.9 time, 940.2 real, 1121.3 MB
[runlim] sample:		949.9 time, 950.2 real, 995.3 MB
[runlim] sample:		959.9 time, 960.2 real, 995.3 MB
[runlim] sample:		969.9 time, 970.2 real, 995.3 MB
[runlim] sample:		979.9 time, 980.2 real, 995.3 MB
[runlim] sample:		989.9 time, 990.2 real, 1361.8 MB
[runlim] sample:		999.9 time, 1000.2 real, 1361.8 MB
[runlim] sample:		1009.9 time, 1010.2 real, 1361.8 MB
[runlim] sample:		1019.9 time, 1020.2 real, 1361.8 MB
[runlim] sample:		1029.9 time, 1030.2 real, 1443.7 MB
[runlim] sample:		1039.9 time, 1040.2 real, 1443.7 MB
[runlim] sample:		1049.9 time, 1050.2 real, 1903.6 MB
[runlim] sample:		1059.9 time, 1060.2 real, 1626.5 MB
[runlim] sample:		1069.9 time, 1070.2 real, 1626.5 MB
c	Solving duration: 479238 ms
c	Answer: 
s SAT (w = 174)
c	Solution check:
p calculated antibandwidth = 174.
c
c
c Antibandwidth problem with w = 175 ( S-sherman4.mtx.rnd ):
c Initializing CaDiCaL (version 1.2.1).
c	Configuring CaDiCaL as --sat (1).
c Initializing a DuplexNSC encoder with n = 546.
c Encoding starts with w = 175:
c	Labels and Vertices aux var: 49140
c	Labels and Vertices constraints:  672126
c	Obj k aux var: 484848
c	Obj k constraints: 3938565
c	Obj k glue staircase constraints: 1983339
c	Encoding duration: 1s
c	Number of clauses: 4610964
c	Number of irredundant clauses: 4609267
c	Number of variables: 832104
c SAT Solving starts:
[runlim] sample:		1079.9 time, 1080.2 real, 943.3 MB
[runlim] sample:		1089.9 time, 1090.2 real, 1107.3 MB
[runlim] sample:		1099.9 time, 1100.2 real, 1048.5 MB
[runlim] sample:		1109.9 time, 1110.2 real, 977.1 MB
[runlim] sample:		1119.9 time, 1120.2 real, 1083.9 MB
[runlim] sample:		1129.9 time, 1130.2 real, 942.3 MB
[runlim] sample:		1139.9 time, 1140.2 real, 1051.0 MB
[runlim] sample:		1149.9 time, 1150.2 real, 1051.0 MB
[runlim] sample:		1159.9 time, 1160.2 real, 1054.7 MB
[runlim] sample:		1169.9 time, 1170.2 real, 942.3 MB
[runlim] sample:		1179.9 time, 1180.2 real, 1100.6 MB
[runlim] sample:		1189.9 time, 1190.2 real, 1083.1 MB
[runlim] sample:		1199.9 time, 1200.2 real, 1029.1 MB
[runlim] sample:		1209.9 time, 1210.2 real, 1030.3 MB
[runlim] sample:		1219.9 time, 1220.2 real, 1383.6 MB
[runlim] sample:		1229.9 time, 1230.2 real, 1273.2 MB
[runlim] sample:		1239.9 time, 1240.2 real, 1273.2 MB
[runlim] sample:		1249.9 time, 1250.2 real, 1273.2 MB
[runlim] sample:		1259.9 time, 1260.2 real, 1273.2 MB
[runlim] sample:		1269.9 time, 1270.2 real, 1437.7 MB
[runlim] sample:		1279.9 time, 1280.2 real, 1142.3 MB
[runlim] sample:		1289.9 time, 1290.2 real, 966.8 MB
c	Solving duration: 213636 ms
c	Answer: 
s SAT (w = 175)
c	Solution check:
p calculated antibandwidth = 175.
c
c
c Antibandwidth problem with w = 176 ( S-sherman4.mtx.rnd ):
c Initializing CaDiCaL (version 1.2.1).
c	Configuring CaDiCaL as --sat (1).
c Initializing a DuplexNSC encoder with n = 546.
c Encoding starts with w = 176:
c	Labels and Vertices aux var: 49140
c	Labels and Vertices constraints:  672126
c	Obj k aux var: 485940
c	Obj k constraints: 3935931
c	Obj k glue staircase constraints: 1977975
c	Encoding duration: 1s
c	Number of clauses: 4608330
c	Number of irredundant clauses: 4606630
c	Number of variables: 833196
c SAT Solving starts:
[runlim] sample:		1299.9 time, 1300.2 real, 1116.5 MB
[runlim] sample:		1309.9 time, 1310.2 real, 976.8 MB
[runlim] sample:		1319.9 time, 1320.2 real, 976.9 MB
[runlim] sample:		1329.9 time, 1330.2 real, 977.2 MB
[runlim] sample:		1339.9 time, 1340.2 real, 1085.1 MB
[runlim] sample:		1349.9 time, 1350.2 real, 977.2 MB
[runlim] sample:		1359.9 time, 1360.2 real, 977.2 MB
[runlim] sample:		1369.9 time, 1370.2 real, 977.2 MB
[runlim] sample:		1379.9 time, 1380.2 real, 1058.4 MB
[runlim] sample:		1389.9 time, 1390.2 real, 977.2 MB
[runlim] sample:		1399.9 time, 1400.2 real, 1024.8 MB
[runlim] sample:		1409.9 time, 1410.2 real, 1025.3 MB
[runlim] sample:		1419.9 time, 1420.2 real, 1361.0 MB
[runlim] sample:		1429.9 time, 1430.2 real, 1025.6 MB
[runlim] sample:		1439.9 time, 1440.2 real, 1025.6 MB
[runlim] sample:		1449.9 time, 1450.2 real, 1025.6 MB
[runlim] sample:		1459.9 time, 1460.2 real, 1025.6 MB
[runlim] sample:		1469.9 time, 1470.2 real, 1060.3 MB
[runlim] sample:		1479.9 time, 1480.2 real, 1297.2 MB
[runlim] sample:		1489.9 time, 1490.2 real, 978.1 MB
[runlim] sample:		1499.9 time, 1500.2 real, 1087.3 MB
[runlim] sample:		1509.9 time, 1510.2 real, 978.1 MB
[runlim] sample:		1519.9 time, 1520.2 real, 978.1 MB
[runlim] sample:		1529.9 time, 1530.2 real, 978.1 MB
[runlim] sample:		1539.9 time, 1540.2 real, 978.1 MB
[runlim] sample:		1549.9 time, 1550.2 real, 1403.0 MB
[runlim] sample:		1559.9 time, 1560.2 real, 1321.4 MB
[runlim] sample:		1569.9 time, 1570.2 real, 978.1 MB
[runlim] sample:		1579.9 time, 1580.2 real, 978.1 MB
[runlim] sample:		1589.9 time, 1590.2 real, 1211.7 MB
[runlim] sample:		1599.9 time, 1600.2 real, 1002.0 MB
[runlim] sample:		1609.9 time, 1610.2 real, 1117.2 MB
[runlim] sample:		1619.9 time, 1620.2 real, 1117.2 MB
[runlim] sample:		1629.9 time, 1630.2 real, 1175.9 MB
[runlim] sample:		1639.9 time, 1640.2 real, 1437.5 MB
[runlim] sample:		1649.9 time, 1650.2 real, 1399.2 MB
[runlim] sample:		1659.9 time, 1660.2 real, 1246.0 MB
[runlim] sample:		1669.9 time, 1670.2 real, 1022.4 MB
[runlim] sample:		1679.9 time, 1680.2 real, 1027.0 MB
[runlim] sample:		1689.9 time, 1690.2 real, 1217.4 MB
[runlim] sample:		1699.9 time, 1700.2 real, 1217.6 MB
[runlim] sample:		1709.9 time, 1710.2 real, 1217.6 MB
[runlim] sample:		1719.9 time, 1720.2 real, 1269.1 MB
[runlim] sample:		1729.9 time, 1730.2 real, 1269.1 MB
[runlim] sample:		1739.9 time, 1740.2 real, 1502.5 MB
[runlim] sample:		1749.9 time, 1750.2 real, 1502.5 MB
[runlim] sample:		1759.8 time, 1760.2 real, 1535.3 MB
[runlim] sample:		1769.9 time, 1770.2 real, 1373.9 MB
[runlim] sample:		1779.9 time, 1780.2 real, 1217.3 MB
[runlim] sample:		1789.8 time, 1790.2 real, 1209.6 MB
[runlim] sample:		1799.8 time, 1800.2 real, 1264.1 MB
[runlim] sample:		1809.8 time, 1810.2 real, 1270.2 MB
[runlim] sample:		1819.8 time, 1820.2 real, 1295.0 MB
[runlim] sample:		1829.8 time, 1830.2 real, 1295.0 MB
[runlim] sample:		1839.8 time, 1840.2 real, 1255.8 MB
[runlim] sample:		1849.8 time, 1850.2 real, 1256.0 MB
[runlim] sample:		1859.8 time, 1860.2 real, 1290.8 MB
[runlim] sample:		1869.8 time, 1870.2 real, 1315.5 MB
[runlim] sample:		1879.8 time, 1880.2 real, 1288.5 MB
[runlim] sample:		1889.8 time, 1890.2 real, 1288.5 MB
[runlim] sample:		1899.8 time, 1900.2 real, 1288.5 MB
[runlim] sample:		1909.8 time, 1910.2 real, 1635.3 MB
[runlim] sample:		1919.8 time, 1920.2 real, 1635.3 MB
[runlim] sample:		1929.8 time, 1930.2 real, 1635.3 MB
[runlim] sample:		1939.8 time, 1940.2 real, 1656.1 MB
[runlim] sample:		1949.8 time, 1950.2 real, 1711.8 MB
[runlim] sample:		1959.8 time, 1960.2 real, 1711.8 MB
[runlim] sample:		1969.8 time, 1970.2 real, 1977.6 MB
[runlim] sample:		1979.8 time, 1980.2 real, 1318.9 MB
[runlim] sample:		1989.8 time, 1990.2 real, 1255.1 MB
[runlim] sample:		1999.8 time, 2000.2 real, 1255.1 MB
[runlim] sample:		2009.8 time, 2010.2 real, 1288.1 MB
[runlim] sample:		2019.8 time, 2020.2 real, 1254.9 MB
[runlim] sample:		2029.8 time, 2030.2 real, 1248.5 MB
[runlim] sample:		2039.8 time, 2040.2 real, 1248.5 MB
[runlim] sample:		2049.8 time, 2050.2 real, 1275.7 MB
[runlim] sample:		2059.8 time, 2060.2 real, 1275.7 MB
[runlim] sample:		2069.8 time, 2070.2 real, 1260.6 MB
[runlim] sample:		2079.8 time, 2080.2 real, 1271.9 MB
[runlim] sample:		2089.8 time, 2090.2 real, 1271.9 MB
[runlim] sample:		2099.8 time, 2100.2 real, 1363.3 MB
c	Solving duration: 812774 ms
c	Answer: 
s SAT (w = 176)
c	Solution check:
p calculated antibandwidth = 176.
c
c
c Antibandwidth problem with w = 177 ( S-sherman4.mtx.rnd ):
c Initializing CaDiCaL (version 1.2.1).
c	Configuring CaDiCaL as --sat (1).
c Initializing a DuplexNSC encoder with n = 546.
c Encoding starts with w = 177:
c	Labels and Vertices aux var: 49140
c	Labels and Vertices constraints:  672126
c	Obj k aux var: 487032
c	Obj k constraints: 3933297
c	Obj k glue staircase constraints: 1972611
c	Encoding duration: 1s
c	Number of clauses: 4605696
c	Number of irredundant clauses: 4603993
c	Number of variables: 834288
c SAT Solving starts:
[runlim] sample:		2109.8 time, 2110.2 real, 1047.4 MB
[runlim] sample:		2119.8 time, 2120.2 real, 1090.5 MB
[runlim] sample:		2129.8 time, 2130.2 real, 1049.3 MB
[runlim] sample:		2139.8 time, 2140.2 real, 1049.3 MB
[runlim] sample:		2149.8 time, 2150.2 real, 1041.2 MB
[runlim] sample:		2159.8 time, 2160.2 real, 1045.2 MB
[runlim] sample:		2169.8 time, 2170.2 real, 1069.2 MB
[runlim] sample:		2179.8 time, 2180.2 real, 1043.4 MB
[runlim] sample:		2189.8 time, 2190.2 real, 1040.2 MB
[runlim] sample:		2199.8 time, 2200.2 real, 1040.4 MB
[runlim] sample:		2209.8 time, 2210.2 real, 1049.2 MB
[runlim] sample:		2219.8 time, 2220.2 real, 1096.0 MB
[runlim] sample:		2229.8 time, 2230.2 real, 1040.8 MB
[runlim] sample:		2239.8 time, 2240.2 real, 1090.3 MB
[runlim] sample:		2249.8 time, 2250.2 real, 1052.1 MB
[runlim] sample:		2259.8 time, 2260.2 real, 1050.9 MB
[runlim] sample:		2269.8 time, 2270.2 real, 1049.7 MB
[runlim] sample:		2279.8 time, 2280.2 real, 1054.5 MB
[runlim] sample:		2289.8 time, 2290.2 real, 1048.3 MB
[runlim] sample:		2299.8 time, 2300.2 real, 1102.6 MB
[runlim] sample:		2309.8 time, 2310.2 real, 1102.6 MB
[runlim] sample:		2319.8 time, 2320.2 real, 1102.6 MB
[runlim] sample:		2329.8 time, 2330.2 real, 1082.6 MB
[runlim] sample:		2339.8 time, 2340.2 real, 1210.2 MB
[runlim] sample:		2349.8 time, 2350.2 real, 1626.3 MB
[runlim] sample:		2359.8 time, 2360.2 real, 1540.5 MB
[runlim] sample:		2369.8 time, 2370.2 real, 1311.7 MB
[runlim] sample:		2379.8 time, 2380.2 real, 1335.6 MB
[runlim] sample:		2389.8 time, 2390.2 real, 1064.8 MB
[runlim] sample:		2399.8 time, 2400.2 real, 1106.1 MB
[runlim] sample:		2409.8 time, 2410.2 real, 1072.7 MB
[runlim] sample:		2419.8 time, 2420.2 real, 1072.7 MB
[runlim] sample:		2429.8 time, 2430.2 real, 1072.7 MB
[runlim] sample:		2439.8 time, 2440.2 real, 1448.3 MB
[runlim] sample:		2449.8 time, 2450.2 real, 1448.3 MB
[runlim] sample:		2459.8 time, 2460.2 real, 1448.3 MB
[runlim] sample:		2469.8 time, 2470.2 real, 1503.7 MB
[runlim] sample:		2479.8 time, 2480.2 real, 1689.3 MB
[runlim] sample:		2489.8 time, 2490.2 real, 1801.2 MB
[runlim] sample:		2499.8 time, 2500.2 real, 1881.4 MB
[runlim] sample:		2509.8 time, 2510.2 real, 1971.9 MB
[runlim] sample:		2519.8 time, 2520.2 real, 2386.7 MB
[runlim] sample:		2529.8 time, 2530.2 real, 2386.7 MB
[runlim] sample:		2539.8 time, 2540.2 real, 2386.7 MB
[runlim] sample:		2549.8 time, 2550.2 real, 2386.7 MB
[runlim] sample:		2559.8 time, 2560.2 real, 2386.7 MB
[runlim] sample:		2569.8 time, 2570.2 real, 2325.8 MB
[runlim] sample:		2579.8 time, 2580.2 real, 2821.4 MB
[runlim] sample:		2589.8 time, 2590.2 real, 1443.5 MB
c	Solving duration: 485771 ms
c	Answer: 
s SAT (w = 177)
c	Solution check:
p calculated antibandwidth = 177.
c
c
c Antibandwidth problem with w = 178 ( S-sherman4.mtx.rnd ):
c Initializing CaDiCaL (version 1.2.1).
c	Configuring CaDiCaL as --sat (1).
c Initializing a DuplexNSC encoder with n = 546.
c Encoding starts with w = 178:
c	Labels and Vertices aux var: 49140
c	Labels and Vertices constraints:  672126
c	Obj k aux var: 488124
c	Obj k constraints: 3930663
c	Obj k glue staircase constraints: 1967247
c	Encoding duration: 1s
c	Number of clauses: 4603062
c	Number of irredundant clauses: 4601356
c	Number of variables: 835380
c SAT Solving starts:
[runlim] sample:		2599.8 time, 2600.2 real, 1078.1 MB
[runlim] sample:		2609.8 time, 2610.2 real, 1037.0 MB
[runlim] sample:		2619.8 time, 2620.2 real, 1048.3 MB
[runlim] sample:		2629.8 time, 2630.2 real, 1046.1 MB
[runlim] sample:		2639.8 time, 2640.2 real, 1112.2 MB
[runlim] sample:		2649.8 time, 2650.2 real, 1073.0 MB
[runlim] sample:		2659.8 time, 2660.2 real, 1168.5 MB
[runlim] sample:		2669.8 time, 2670.2 real, 1040.6 MB
[runlim] sample:		2679.8 time, 2680.2 real, 1040.4 MB
[runlim] sample:		2689.8 time, 2690.2 real, 1077.7 MB
[runlim] sample:		2699.8 time, 2700.2 real, 1042.8 MB
[runlim] sample:		2709.8 time, 2710.2 real, 1055.0 MB
[runlim] sample:		2719.8 time, 2720.2 real, 1103.7 MB
[runlim] sample:		2729.8 time, 2730.2 real, 1050.6 MB
[runlim] sample:		2739.8 time, 2740.2 real, 1050.6 MB
[runlim] sample:		2749.8 time, 2750.2 real, 1053.9 MB
[runlim] sample:		2759.8 time, 2760.2 real, 1068.2 MB
[runlim] sample:		2769.8 time, 2770.2 real, 1053.9 MB
[runlim] sample:		2779.8 time, 2780.2 real, 1066.0 MB
[runlim] sample:		2789.8 time, 2790.2 real, 1066.0 MB
[runlim] sample:		2799.8 time, 2800.2 real, 1379.4 MB
[runlim] sample:		2809.8 time, 2810.2 real, 1345.3 MB
[runlim] sample:		2819.8 time, 2820.2 real, 1091.1 MB
[runlim] sample:		2829.8 time, 2830.2 real, 1131.2 MB
[runlim] sample:		2839.8 time, 2840.2 real, 1288.0 MB
[runlim] sample:		2849.8 time, 2850.2 real, 1143.9 MB
[runlim] sample:		2859.8 time, 2860.2 real, 1143.9 MB
[runlim] sample:		2869.8 time, 2870.2 real, 1143.9 MB
[runlim] sample:		2879.8 time, 2880.2 real, 1143.9 MB
[runlim] sample:		2889.8 time, 2890.2 real, 1184.1 MB
[runlim] sample:		2899.8 time, 2900.2 real, 1543.2 MB
[runlim] sample:		2909.8 time, 2910.2 real, 1171.9 MB
[runlim] sample:		2919.8 time, 2920.2 real, 1171.9 MB
[runlim] sample:		2929.8 time, 2930.2 real, 1171.9 MB
[runlim] sample:		2939.8 time, 2940.2 real, 1171.9 MB
[runlim] sample:		2949.8 time, 2950.2 real, 1445.1 MB
[runlim] sample:		2959.8 time, 2960.2 real, 1445.1 MB
[runlim] sample:		2969.8 time, 2970.2 real, 1445.1 MB
[runlim] sample:		2979.8 time, 2980.2 real, 1445.1 MB
[runlim] sample:		2989.8 time, 2990.2 real, 1442.7 MB
[runlim] sample:		2999.8 time, 3000.2 real, 1827.4 MB
[runlim] sample:		3009.8 time, 3010.2 real, 1568.5 MB
[runlim] sample:		3019.8 time, 3020.2 real, 1225.6 MB
[runlim] sample:		3029.8 time, 3030.2 real, 1225.6 MB
[runlim] sample:		3039.8 time, 3040.2 real, 1231.6 MB
[runlim] sample:		3049.8 time, 3050.2 real, 1352.3 MB
[runlim] sample:		3059.8 time, 3060.2 real, 1176.8 MB
[runlim] sample:		3069.8 time, 3070.2 real, 1191.2 MB
[runlim] sample:		3079.8 time, 3080.2 real, 1191.2 MB
[runlim] sample:		3089.8 time, 3090.2 real, 1414.2 MB
[runlim] sample:		3099.8 time, 3100.2 real, 1414.2 MB
[runlim] sample:		3109.8 time, 3110.2 real, 1414.2 MB
[runlim] sample:		3119.8 time, 3120.2 real, 1388.2 MB
[runlim] sample:		3129.8 time, 3130.2 real, 1388.2 MB
[runlim] sample:		3139.8 time, 3140.2 real, 1388.2 MB
[runlim] sample:		3149.8 time, 3150.2 real, 1388.2 MB
[runlim] sample:		3159.8 time, 3160.2 real, 1547.8 MB
[runlim] sample:		3169.8 time, 3170.2 real, 1547.8 MB
[runlim] sample:		3179.8 time, 3180.2 real, 1610.1 MB
[runlim] sample:		3189.8 time, 3190.2 real, 1213.6 MB
[runlim] sample:		3199.8 time, 3200.2 real, 1213.6 MB
[runlim] sample:		3209.8 time, 3210.2 real, 1356.9 MB
[runlim] sample:		3219.8 time, 3220.2 real, 1172.6 MB
[runlim] sample:		3229.8 time, 3230.2 real, 1172.6 MB
[runlim] sample:		3239.8 time, 3240.2 real, 1172.6 MB
[runlim] sample:		3249.8 time, 3250.2 real, 1265.2 MB
[runlim] sample:		3259.8 time, 3260.2 real, 2066.6 MB
[runlim] sample:		3269.8 time, 3270.2 real, 1545.6 MB
[runlim] sample:		3279.8 time, 3280.2 real, 1545.6 MB
[runlim] sample:		3289.8 time, 3290.2 real, 1545.6 MB
[runlim] sample:		3299.8 time, 3300.2 real, 1487.2 MB
[runlim] sample:		3309.8 time, 3310.2 real, 1315.6 MB
[runlim] sample:		3319.8 time, 3320.2 real, 1366.1 MB
[runlim] sample:		3329.8 time, 3330.2 real, 1341.2 MB
[runlim] sample:		3339.8 time, 3340.2 real, 1367.9 MB
[runlim] sample:		3349.8 time, 3350.2 real, 1367.9 MB
[runlim] sample:		3359.8 time, 3360.2 real, 1367.9 MB
[runlim] sample:		3369.8 time, 3370.2 real, 1413.0 MB
[runlim] sample:		3379.8 time, 3380.2 real, 1550.9 MB
[runlim] sample:		3389.8 time, 3390.2 real, 1685.5 MB
[runlim] sample:		3399.8 time, 3400.2 real, 1816.7 MB
[runlim] sample:		3409.8 time, 3410.2 real, 1936.4 MB
[runlim] sample:		3419.8 time, 3420.2 real, 2050.6 MB
[runlim] sample:		3429.8 time, 3430.2 real, 2168.1 MB
[runlim] sample:		3439.8 time, 3440.2 real, 2287.0 MB
[runlim] sample:		3449.8 time, 3450.2 real, 2404.0 MB
[runlim] sample:		3459.8 time, 3460.2 real, 2530.6 MB
[runlim] sample:		3469.8 time, 3470.2 real, 2657.2 MB
[runlim] sample:		3479.8 time, 3480.2 real, 2780.9 MB
[runlim] sample:		3489.8 time, 3490.2 real, 2905.2 MB
[runlim] sample:		3499.8 time, 3500.2 real, 3017.1 MB
[runlim] sample:		3509.8 time, 3510.2 real, 4856.2 MB
[runlim] sample:		3519.8 time, 3520.2 real, 4856.2 MB
[runlim] sample:		3529.8 time, 3530.2 real, 4856.2 MB
[runlim] sample:		3539.8 time, 3540.2 real, 4856.2 MB
[runlim] sample:		3549.8 time, 3550.2 real, 4856.2 MB
[runlim] sample:		3559.8 time, 3560.2 real, 4856.2 MB
[runlim] sample:		3569.8 time, 3570.2 real, 4856.2 MB
[runlim] sample:		3579.8 time, 3580.2 real, 5968.4 MB
[runlim] sample:		3589.8 time, 3590.2 real, 3844.0 MB
[runlim] sample:		3599.8 time, 3600.2 real, 3844.0 MB
[runlim] sample:		3609.8 time, 3610.2 real, 3844.0 MB
[runlim] sample:		3619.8 time, 3620.2 real, 3817.3 MB
[runlim] sample:		3629.8 time, 3630.2 real, 3817.3 MB
[runlim] sample:		3639.8 time, 3640.2 real, 3556.3 MB
[runlim] sample:		3649.8 time, 3650.2 real, 2512.0 MB
[runlim] sample:		3659.8 time, 3660.2 real, 1891.5 MB
[runlim] sample:		3669.8 time, 3670.2 real, 1906.6 MB
[runlim] sample:		3679.8 time, 3680.2 real, 1603.5 MB
[runlim] sample:		3689.8 time, 3690.2 real, 1603.5 MB
[runlim] sample:		3699.8 time, 3700.2 real, 1894.2 MB
[runlim] sample:		3709.8 time, 3710.2 real, 1894.2 MB
[runlim] sample:		3719.8 time, 3720.2 real, 1894.2 MB
[runlim] sample:		3729.8 time, 3730.2 real, 1894.2 MB
[runlim] sample:		3739.8 time, 3740.2 real, 2347.4 MB
[runlim] sample:		3749.8 time, 3750.2 real, 2347.4 MB
[runlim] sample:		3759.8 time, 3760.2 real, 2347.4 MB
[runlim] sample:		3769.8 time, 3770.2 real, 2369.8 MB
c	Solving duration: 1180671 ms
c	Answer: 
s SAT (w = 178)
c	Solution check:
p calculated antibandwidth = 178.
c
c
c Antibandwidth problem with w = 179 ( S-sherman4.mtx.rnd ):
c Initializing CaDiCaL (version 1.2.1).
c	Configuring CaDiCaL as --sat (1).
c Initializing a DuplexNSC encoder with n = 546.
c Encoding starts with w = 179:
c	Labels and Vertices aux var: 49140
c	Labels and Vertices constraints:  672126
c	Obj k aux var: 489216
c	Obj k constraints: 3928029
c	Obj k glue staircase constraints: 1961883
c	Encoding duration: 1s
c	Number of clauses: 4600428
c	Number of irredundant clauses: 4598719
c	Number of variables: 836472
c SAT Solving starts:
[runlim] sample:		3779.8 time, 3780.2 real, 1576.6 MB
[runlim] sample:		3789.8 time, 3790.2 real, 1576.6 MB
[runlim] sample:		3799.8 time, 3800.2 real, 1576.6 MB
[runlim] sample:		3809.8 time, 3810.2 real, 1618.5 MB
[runlim] sample:		3819.8 time, 3820.2 real, 1618.5 MB
[runlim] sample:		3829.8 time, 3830.2 real, 1618.5 MB
[runlim] sample:		3839.8 time, 3840.2 real, 1618.5 MB
[runlim] sample:		3849.8 time, 3850.2 real, 1618.5 MB
[runlim] sample:		3859.8 time, 3860.2 real, 1618.5 MB
[runlim] sample:		3869.8 time, 3870.2 real, 1618.5 MB
[runlim] sample:		3879.8 time, 3880.2 real, 1618.5 MB
[runlim] sample:		3889.8 time, 3890.2 real, 1618.5 MB
[runlim] sample:		3899.8 time, 3900.2 real, 1618.5 MB
[runlim] sample:		3909.8 time, 3910.2 real, 1620.0 MB
[runlim] sample:		3919.8 time, 3920.2 real, 1620.0 MB
[runlim] sample:		3929.8 time, 3930.2 real, 1620.0 MB
[runlim] sample:		3939.8 time, 3940.2 real, 1620.0 MB
[runlim] sample:		3949.8 time, 3950.2 real, 2061.2 MB
[runlim] sample:		3959.8 time, 3960.2 real, 2061.5 MB
[runlim] sample:		3969.8 time, 3970.2 real, 1620.0 MB
[runlim] sample:		3979.8 time, 3980.2 real, 1620.0 MB
[runlim] sample:		3989.8 time, 3990.2 real, 1620.0 MB
[runlim] sample:		3999.8 time, 4000.2 real, 1910.6 MB
[runlim] sample:		4009.8 time, 4010.2 real, 1237.7 MB
[runlim] sample:		4019.8 time, 4020.2 real, 1247.6 MB
[runlim] sample:		4029.8 time, 4030.2 real, 1366.4 MB
[runlim] sample:		4039.8 time, 4040.2 real, 1246.1 MB
[runlim] sample:		4049.8 time, 4050.2 real, 1257.7 MB
[runlim] sample:		4059.8 time, 4060.2 real, 1271.4 MB
[runlim] sample:		4069.8 time, 4070.2 real, 1260.9 MB
[runlim] sample:		4079.8 time, 4080.2 real, 1260.9 MB
[runlim] sample:		4089.8 time, 4090.2 real, 1299.9 MB
[runlim] sample:		4099.8 time, 4100.2 real, 1299.9 MB
[runlim] sample:		4109.8 time, 4110.2 real, 1299.9 MB
[runlim] sample:		4119.8 time, 4120.2 real, 1486.4 MB
[runlim] sample:		4129.8 time, 4130.2 real, 1486.4 MB
[runlim] sample:		4139.8 time, 4140.2 real, 1486.4 MB
[runlim] sample:		4149.8 time, 4150.2 real, 1768.6 MB
[runlim] sample:		4159.8 time, 4160.2 real, 1768.6 MB
[runlim] sample:		4169.8 time, 4170.2 real, 1264.8 MB
[runlim] sample:		4179.8 time, 4180.2 real, 1264.8 MB
[runlim] sample:		4189.8 time, 4190.2 real, 1264.8 MB
[runlim] sample:		4199.8 time, 4200.2 real, 1570.0 MB
[runlim] sample:		4209.8 time, 4210.2 real, 1280.5 MB
[runlim] sample:		4219.8 time, 4220.2 real, 1280.5 MB
[runlim] sample:		4229.8 time, 4230.2 real, 1280.5 MB
[runlim] sample:		4239.8 time, 4240.2 real, 1280.5 MB
[runlim] sample:		4249.8 time, 4250.2 real, 1280.5 MB
[runlim] sample:		4259.8 time, 4260.2 real, 1654.0 MB
[runlim] sample:		4269.8 time, 4270.2 real, 1654.0 MB
[runlim] sample:		4279.8 time, 4280.2 real, 1634.4 MB
[runlim] sample:		4289.8 time, 4290.2 real, 1634.4 MB
[runlim] sample:		4299.8 time, 4300.2 real, 1634.4 MB
[runlim] sample:		4309.8 time, 4310.2 real, 1483.7 MB
[runlim] sample:		4319.8 time, 4320.2 real, 1341.3 MB
[runlim] sample:		4329.8 time, 4330.2 real, 1341.3 MB
[runlim] sample:		4339.8 time, 4340.2 real, 1416.4 MB
[runlim] sample:		4349.8 time, 4350.2 real, 1328.7 MB
[runlim] sample:		4359.8 time, 4360.2 real, 1310.2 MB
[runlim] sample:		4369.8 time, 4370.2 real, 1310.2 MB
[runlim] sample:		4379.8 time, 4380.2 real, 1310.2 MB
[runlim] sample:		4389.8 time, 4390.2 real, 1474.5 MB
[runlim] sample:		4399.8 time, 4400.2 real, 1474.5 MB
[runlim] sample:		4409.8 time, 4410.2 real, 1482.8 MB
[runlim] sample:		4419.8 time, 4420.2 real, 1576.5 MB
[runlim] sample:		4429.8 time, 4430.2 real, 1548.4 MB
[runlim] sample:		4439.8 time, 4440.2 real, 1424.6 MB
[runlim] sample:		4449.8 time, 4450.2 real, 1424.6 MB
[runlim] sample:		4459.8 time, 4460.2 real, 1424.6 MB
[runlim] sample:		4469.7 time, 4470.2 real, 1424.6 MB
[runlim] sample:		4479.8 time, 4480.2 real, 1641.4 MB
[runlim] sample:		4489.8 time, 4490.2 real, 1841.4 MB
[runlim] sample:		4499.8 time, 4500.2 real, 1458.1 MB
[runlim] sample:		4509.7 time, 4510.2 real, 1485.4 MB
[runlim] sample:		4519.7 time, 4520.2 real, 1485.4 MB
[runlim] sample:		4529.7 time, 4530.2 real, 1485.4 MB
[runlim] sample:		4539.7 time, 4540.2 real, 1485.4 MB
[runlim] sample:		4549.7 time, 4550.2 real, 1485.4 MB
[runlim] sample:		4559.8 time, 4560.2 real, 2301.0 MB
[runlim] sample:		4569.7 time, 4570.2 real, 1980.1 MB
[runlim] sample:		4579.7 time, 4580.2 real, 1641.6 MB
[runlim] sample:		4589.7 time, 4590.2 real, 1641.6 MB
[runlim] sample:		4599.7 time, 4600.2 real, 1593.8 MB
[runlim] sample:		4609.7 time, 4610.2 real, 1569.5 MB
[runlim] sample:		4619.7 time, 4620.2 real, 1569.5 MB
[runlim] sample:		4629.7 time, 4630.2 real, 1396.8 MB
[runlim] sample:		4639.7 time, 4640.2 real, 1356.3 MB
[runlim] sample:		4649.7 time, 4650.2 real, 1356.3 MB
[runlim] sample:		4659.7 time, 4660.2 real, 1356.3 MB
[runlim] sample:		4669.7 time, 4670.2 real, 1785.3 MB
[runlim] sample:		4679.7 time, 4680.2 real, 1630.7 MB
[runlim] sample:		4689.7 time, 4690.2 real, 1335.5 MB
c	Solving duration: 916062 ms
c	Answer: 
s SAT (w = 179)
c	Solution check:
p calculated antibandwidth = 179.
c
c
c Antibandwidth problem with w = 180 ( S-sherman4.mtx.rnd ):
c Initializing CaDiCaL (version 1.2.1).
c	Configuring CaDiCaL as --sat (1).
c Initializing a DuplexNSC encoder with n = 546.
c Encoding starts with w = 180:
c	Labels and Vertices aux var: 49140
c	Labels and Vertices constraints:  672126
c	Obj k aux var: 490308
c	Obj k constraints: 3925395
c	Obj k glue staircase constraints: 1956519
c	Encoding duration: 1s
c	Number of clauses: 4597794
c	Number of irredundant clauses: 4596082
c	Number of variables: 837564
c SAT Solving starts:
[runlim] sample:		4699.7 time, 4700.2 real, 1407.8 MB
[runlim] sample:		4709.7 time, 4710.2 real, 1296.9 MB
[runlim] sample:		4719.7 time, 4720.2 real, 1286.5 MB
[runlim] sample:		4729.7 time, 4730.2 real, 1165.4 MB
[runlim] sample:		4739.7 time, 4740.2 real, 1165.4 MB
[runlim] sample:		4749.7 time, 4750.2 real, 1165.4 MB
[runlim] sample:		4759.7 time, 4760.2 real, 1165.4 MB
[runlim] sample:		4769.7 time, 4770.2 real, 1165.4 MB
[runlim] sample:		4779.7 time, 4780.2 real, 1306.9 MB
[runlim] sample:		4789.7 time, 4790.2 real, 1276.4 MB
[runlim] sample:		4799.7 time, 4800.2 real, 1276.4 MB
[runlim] sample:		4809.7 time, 4810.2 real, 1334.6 MB
[runlim] sample:		4819.7 time, 4820.2 real, 1334.6 MB
[runlim] sample:		4829.7 time, 4830.2 real, 1355.5 MB
[runlim] sample:		4839.7 time, 4840.2 real, 1165.4 MB
[runlim] sample:		4849.7 time, 4850.2 real, 1290.0 MB
[runlim] sample:		4859.7 time, 4860.2 real, 1316.0 MB
[runlim] sample:		4869.7 time, 4870.2 real, 1307.7 MB
[runlim] sample:		4879.7 time, 4880.2 real, 1307.7 MB
[runlim] sample:		4889.7 time, 4890.2 real, 1165.4 MB
[runlim] sample:		4899.7 time, 4900.2 real, 1359.3 MB
[runlim] sample:		4909.7 time, 4910.2 real, 1329.2 MB
[runlim] sample:		4919.7 time, 4920.2 real, 1329.2 MB
[runlim] sample:		4929.7 time, 4930.2 real, 1165.4 MB
[runlim] sample:		4939.7 time, 4940.2 real, 1278.0 MB
[runlim] sample:		4949.7 time, 4950.2 real, 1165.4 MB
[runlim] sample:		4959.7 time, 4960.2 real, 1277.0 MB
[runlim] sample:		4969.7 time, 4970.2 real, 1277.0 MB
[runlim] sample:		4979.7 time, 4980.2 real, 1336.6 MB
[runlim] sample:		4989.7 time, 4990.2 real, 1336.6 MB
[runlim] sample:		4999.7 time, 5000.2 real, 1511.8 MB
[runlim] sample:		5009.7 time, 5010.2 real, 1511.8 MB
[runlim] sample:		5019.7 time, 5020.2 real, 1511.8 MB
[runlim] sample:		5029.7 time, 5030.2 real, 1511.8 MB
[runlim] sample:		5039.7 time, 5040.2 real, 1737.6 MB
[runlim] sample:		5049.7 time, 5050.2 real, 1829.7 MB
[runlim] sample:		5059.7 time, 5060.2 real, 1368.6 MB
c	Solving duration: 370527 ms
c	Answer: 
s SAT (w = 180)
c	Solution check:
p calculated antibandwidth = 180.
c
c
c Antibandwidth problem with w = 181 ( S-sherman4.mtx.rnd ):
c Initializing CaDiCaL (version 1.2.1).
c	Configuring CaDiCaL as --sat (1).
c Initializing a DuplexNSC encoder with n = 546.
c Encoding starts with w = 181:
c	Labels and Vertices aux var: 49140
c	Labels and Vertices constraints:  672126
c	Obj k aux var: 491400
c	Obj k constraints: 3922761
c	Obj k glue staircase constraints: 1951155
c	Encoding duration: 1s
c	Number of clauses: 4595160
c	Number of irredundant clauses: 4593445
c	Number of variables: 838656
c SAT Solving starts:
[runlim] sample:		5069.7 time, 5070.2 real, 1273.7 MB
[runlim] sample:		5079.7 time, 5080.2 real, 1165.4 MB
[runlim] sample:		5089.7 time, 5090.2 real, 1165.4 MB
[runlim] sample:		5099.7 time, 5100.2 real, 1165.4 MB
[runlim] sample:		5109.7 time, 5110.2 real, 1165.4 MB
[runlim] sample:		5119.7 time, 5120.2 real, 1165.4 MB
[runlim] sample:		5129.7 time, 5130.2 real, 1165.4 MB
[runlim] sample:		5139.7 time, 5140.2 real, 1366.3 MB
[runlim] sample:		5149.7 time, 5150.2 real, 1445.8 MB
[runlim] sample:		5159.7 time, 5160.2 real, 1189.1 MB
[runlim] sample:		5169.7 time, 5170.2 real, 1189.1 MB
[runlim] sample:		5179.7 time, 5180.2 real, 1412.7 MB
[runlim] sample:		5189.7 time, 5190.2 real, 1359.6 MB
[runlim] sample:		5199.7 time, 5200.2 real, 1369.6 MB
[runlim] sample:		5209.7 time, 5210.2 real, 1338.5 MB
[runlim] sample:		5219.7 time, 5220.2 real, 1396.4 MB
[runlim] sample:		5229.7 time, 5230.2 real, 1396.4 MB
[runlim] sample:		5239.7 time, 5240.2 real, 1543.8 MB
[runlim] sample:		5249.7 time, 5250.2 real, 1543.8 MB
[runlim] sample:		5259.7 time, 5260.2 real, 1544.6 MB
[runlim] sample:		5269.7 time, 5270.2 real, 1520.7 MB
[runlim] sample:		5279.7 time, 5280.2 real, 1395.6 MB
[runlim] sample:		5289.7 time, 5290.2 real, 1290.0 MB
[runlim] sample:		5299.7 time, 5300.2 real, 1290.0 MB
[runlim] sample:		5309.7 time, 5310.2 real, 1141.9 MB
[runlim] sample:		5319.7 time, 5320.2 real, 1141.9 MB
[runlim] sample:		5329.7 time, 5330.2 real, 1141.9 MB
[runlim] sample:		5339.7 time, 5340.2 real, 1141.9 MB
[runlim] sample:		5349.7 time, 5350.2 real, 1141.9 MB
[runlim] sample:		5359.7 time, 5360.2 real, 1347.6 MB
[runlim] sample:		5369.7 time, 5370.2 real, 1347.6 MB
[runlim] sample:		5379.7 time, 5380.2 real, 1268.8 MB
[runlim] sample:		5389.7 time, 5390.2 real, 1268.8 MB
[runlim] sample:		5399.7 time, 5400.2 real, 1308.1 MB
[runlim] sample:		5409.7 time, 5410.2 real, 1343.2 MB
[runlim] sample:		5419.7 time, 5420.2 real, 1343.2 MB
[runlim] sample:		5429.7 time, 5430.2 real, 1613.9 MB
[runlim] sample:		5439.7 time, 5440.2 real, 1613.9 MB
[runlim] sample:		5449.7 time, 5450.2 real, 1613.9 MB
[runlim] sample:		5459.7 time, 5460.2 real, 1613.9 MB
[runlim] sample:		5469.7 time, 5470.2 real, 1834.9 MB
[runlim] sample:		5479.7 time, 5480.2 real, 1904.5 MB
[runlim] sample:		5489.7 time, 5490.2 real, 1331.7 MB
[runlim] sample:		5499.7 time, 5500.2 real, 1331.7 MB
[runlim] sample:		5509.7 time, 5510.2 real, 1289.4 MB
[runlim] sample:		5519.7 time, 5520.2 real, 1312.5 MB
[runlim] sample:		5529.7 time, 5530.2 real, 1316.7 MB
[runlim] sample:		5539.7 time, 5540.2 real, 1316.7 MB
[runlim] sample:		5549.7 time, 5550.2 real, 1316.7 MB
[runlim] sample:		5559.7 time, 5560.2 real, 1554.9 MB
[runlim] sample:		5569.7 time, 5570.2 real, 1141.9 MB
[runlim] sample:		5579.7 time, 5580.2 real, 1141.9 MB
[runlim] sample:		5589.7 time, 5590.2 real, 1564.3 MB
[runlim] sample:		5599.7 time, 5600.2 real, 1347.7 MB
[runlim] sample:		5609.7 time, 5610.2 real, 1367.6 MB
[runlim] sample:		5619.7 time, 5620.2 real, 1348.0 MB
[runlim] sample:		5629.7 time, 5630.2 real, 1342.4 MB
[runlim] sample:		5639.7 time, 5640.2 real, 1342.4 MB
[runlim] sample:		5649.7 time, 5650.2 real, 1356.2 MB
c	Solving duration: 592160 ms
c	Answer: 
s SAT (w = 181)
c	Solution check:
p calculated antibandwidth = 181.
c
c
c Antibandwidth problem with w = 182 ( S-sherman4.mtx.rnd ):
c Initializing CaDiCaL (version 1.2.1).
c	Configuring CaDiCaL as --sat (1).
c Initializing a DuplexNSC encoder with n = 546.
c Encoding starts with w = 182:
c	Labels and Vertices aux var: 49140
c	Labels and Vertices constraints:  670488
c	Obj k aux var: 394758
c	Obj k constraints: 3625833
c	Obj k glue staircase constraints: 1945791
c	Encoding duration: 1s
c	Number of clauses: 4296594
c	Number of irredundant clauses: 4295085
c	Number of variables: 742014
c SAT Solving starts:
[runlim] sample:		5659.7 time, 5660.2 real, 1130.6 MB
[runlim] sample:		5669.7 time, 5670.2 real, 1278.7 MB
[runlim] sample:		5679.7 time, 5680.2 real, 1177.0 MB
[runlim] sample:		5689.7 time, 5690.2 real, 1177.0 MB
[runlim] sample:		5699.7 time, 5700.2 real, 1177.0 MB
[runlim] sample:		5709.7 time, 5710.2 real, 1350.2 MB
[runlim] sample:		5719.7 time, 5720.2 real, 1373.1 MB
[runlim] sample:		5729.7 time, 5730.2 real, 1373.2 MB
[runlim] sample:		5739.7 time, 5740.2 real, 1333.1 MB
[runlim] sample:		5749.7 time, 5750.2 real, 1281.1 MB
[runlim] sample:		5759.7 time, 5760.2 real, 1301.3 MB
[runlim] sample:		5769.7 time, 5770.2 real, 1230.2 MB
[runlim] sample:		5779.7 time, 5780.2 real, 1177.0 MB
[runlim] sample:		5789.7 time, 5790.2 real, 1310.2 MB
[runlim] sample:		5799.7 time, 5800.2 real, 1177.0 MB
[runlim] sample:		5809.7 time, 5810.2 real, 1335.7 MB
[runlim] sample:		5819.7 time, 5820.2 real, 1284.5 MB
[runlim] sample:		5829.7 time, 5830.2 real, 1177.0 MB
[runlim] sample:		5839.7 time, 5840.2 real, 1177.0 MB
[runlim] sample:		5849.7 time, 5850.2 real, 1333.0 MB
[runlim] sample:		5859.7 time, 5860.2 real, 1333.0 MB
[runlim] sample:		5869.7 time, 5870.2 real, 1408.5 MB
[runlim] sample:		5879.7 time, 5880.2 real, 1177.0 MB
[runlim] sample:		5889.7 time, 5890.2 real, 1195.7 MB
[runlim] sample:		5899.7 time, 5900.2 real, 1375.1 MB
[runlim] sample:		5909.7 time, 5910.2 real, 1300.3 MB
[runlim] sample:		5919.7 time, 5920.2 real, 1175.4 MB
[runlim] sample:		5929.7 time, 5930.2 real, 1228.1 MB
[runlim] sample:		5939.7 time, 5940.2 real, 1175.4 MB
[runlim] sample:		5949.7 time, 5950.2 real, 1339.9 MB
[runlim] sample:		5959.7 time, 5960.2 real, 1340.2 MB
[runlim] sample:		5969.7 time, 5970.2 real, 1186.4 MB
[runlim] sample:		5979.7 time, 5980.2 real, 1186.4 MB
[runlim] sample:		5989.7 time, 5990.2 real, 1252.6 MB
[runlim] sample:		5999.7 time, 6000.2 real, 1252.6 MB
[runlim] sample:		6009.7 time, 6010.2 real, 1252.6 MB
[runlim] sample:		6019.7 time, 6020.2 real, 1378.4 MB
[runlim] sample:		6029.7 time, 6030.2 real, 1225.8 MB
[runlim] sample:		6039.7 time, 6040.2 real, 1386.3 MB
[runlim] sample:		6049.7 time, 6050.2 real, 1386.3 MB
[runlim] sample:		6059.7 time, 6060.2 real, 1392.3 MB
[runlim] sample:		6069.7 time, 6070.2 real, 1392.3 MB
[runlim] sample:		6079.7 time, 6080.2 real, 1642.5 MB
[runlim] sample:		6089.7 time, 6090.2 real, 1534.7 MB
[runlim] sample:		6099.7 time, 6100.2 real, 1534.7 MB
[runlim] sample:		6109.7 time, 6110.2 real, 1395.6 MB
[runlim] sample:		6119.7 time, 6120.2 real, 1395.6 MB
[runlim] sample:		6129.7 time, 6130.2 real, 1677.5 MB
[runlim] sample:		6139.7 time, 6140.2 real, 1890.9 MB
[runlim] sample:		6149.7 time, 6150.2 real, 1439.4 MB
[runlim] sample:		6159.7 time, 6160.2 real, 1528.3 MB
[runlim] sample:		6169.7 time, 6170.2 real, 1460.3 MB
[runlim] sample:		6179.7 time, 6180.2 real, 1486.6 MB
[runlim] sample:		6189.7 time, 6190.2 real, 1486.6 MB
[runlim] sample:		6199.7 time, 6200.2 real, 1486.6 MB
[runlim] sample:		6209.7 time, 6210.2 real, 1486.6 MB
[runlim] sample:		6219.7 time, 6220.2 real, 1486.6 MB
[runlim] sample:		6229.7 time, 6230.2 real, 1572.9 MB
[runlim] sample:		6239.7 time, 6240.2 real, 1722.2 MB
[runlim] sample:		6249.7 time, 6250.2 real, 2548.9 MB
[runlim] sample:		6259.7 time, 6260.2 real, 2549.4 MB
[runlim] sample:		6269.7 time, 6270.2 real, 1180.9 MB
[runlim] sample:		6279.7 time, 6280.2 real, 1362.9 MB
[runlim] sample:		6289.7 time, 6290.2 real, 1362.9 MB
[runlim] sample:		6299.7 time, 6300.2 real, 1536.3 MB
[runlim] sample:		6309.7 time, 6310.2 real, 1536.3 MB
[runlim] sample:		6319.7 time, 6320.2 real, 1536.3 MB
[runlim] sample:		6329.7 time, 6330.2 real, 1536.3 MB
[runlim] sample:		6339.7 time, 6340.2 real, 1536.3 MB
[runlim] sample:		6349.7 time, 6350.2 real, 2867.1 MB
[runlim] sample:		6359.7 time, 6360.2 real, 1771.4 MB
[runlim] sample:		6369.7 time, 6370.2 real, 1389.1 MB
[runlim] sample:		6379.7 time, 6380.2 real, 1389.1 MB
[runlim] sample:		6389.7 time, 6390.2 real, 1389.1 MB
[runlim] sample:		6399.7 time, 6400.2 real, 1389.1 MB
[runlim] sample:		6409.7 time, 6410.2 real, 1913.2 MB
[runlim] sample:		6419.7 time, 6420.2 real, 1913.2 MB
[runlim] sample:		6429.7 time, 6430.2 real, 1913.2 MB
[runlim] sample:		6439.7 time, 6440.2 real, 2377.7 MB
[runlim] sample:		6449.7 time, 6450.2 real, 1670.3 MB
[runlim] sample:		6459.7 time, 6460.2 real, 1670.3 MB
[runlim] sample:		6469.7 time, 6470.2 real, 1559.3 MB
[runlim] sample:		6479.7 time, 6480.2 real, 1574.4 MB
[runlim] sample:		6489.7 time, 6490.2 real, 1491.5 MB
[runlim] sample:		6499.7 time, 6500.2 real, 1691.7 MB
[runlim] sample:		6509.7 time, 6510.2 real, 1423.1 MB
[runlim] sample:		6519.7 time, 6520.2 real, 1423.1 MB
[runlim] sample:		6529.7 time, 6530.2 real, 1547.9 MB
[runlim] sample:		6539.7 time, 6540.2 real, 1490.5 MB
[runlim] sample:		6549.7 time, 6550.2 real, 1490.5 MB
[runlim] sample:		6559.7 time, 6560.2 real, 1490.5 MB
[runlim] sample:		6569.7 time, 6570.2 real, 1614.7 MB
[runlim] sample:		6579.7 time, 6580.2 real, 1384.0 MB
[runlim] sample:		6589.7 time, 6590.2 real, 1384.0 MB
[runlim] sample:		6599.7 time, 6600.2 real, 1384.0 MB
[runlim] sample:		6609.7 time, 6610.2 real, 1384.0 MB
[runlim] sample:		6619.7 time, 6620.2 real, 1384.0 MB
[runlim] sample:		6629.7 time, 6630.2 real, 2018.3 MB
[runlim] sample:		6639.7 time, 6640.2 real, 2018.3 MB
[runlim] sample:		6649.7 time, 6650.2 real, 2018.3 MB
[runlim] sample:		6659.7 time, 6660.2 real, 2018.3 MB
[runlim] sample:		6669.7 time, 6670.2 real, 2018.3 MB
[runlim] sample:		6679.7 time, 6680.2 real, 2172.3 MB
[runlim] sample:		6689.7 time, 6690.2 real, 2204.7 MB
[runlim] sample:		6699.7 time, 6700.2 real, 2204.7 MB
[runlim] sample:		6709.7 time, 6710.2 real, 2549.6 MB
[runlim] sample:		6719.7 time, 6720.2 real, 1711.5 MB
c	Solving duration: 1061635 ms
c	Answer: 
s SAT (w = 182)
c	Solution check:
p calculated antibandwidth = 182.
c
c
c Antibandwidth problem with w = 183 ( S-sherman4.mtx.rnd ):
c Initializing CaDiCaL (version 1.2.1).
c	Configuring CaDiCaL as --sat (1).
c Initializing a DuplexNSC encoder with n = 546.
c Encoding starts with w = 183:
c	Labels and Vertices aux var: 49140
c	Labels and Vertices constraints:  670488
c	Obj k aux var: 395304
c	Obj k constraints: 3626130
c	Obj k glue staircase constraints: 1944450
c	Encoding duration: 1s
c	Number of clauses: 4296891
c	Number of irredundant clauses: 4295406
c	Number of variables: 742560
c SAT Solving starts:
[runlim] sample:		6729.7 time, 6730.2 real, 1385.1 MB
[runlim] sample:		6739.7 time, 6740.2 real, 1385.1 MB
[runlim] sample:		6749.7 time, 6750.2 real, 1507.2 MB
[runlim] sample:		6759.7 time, 6760.2 real, 1502.9 MB
[runlim] sample:		6769.7 time, 6770.2 real, 1437.8 MB
[runlim] sample:		6779.7 time, 6780.2 real, 1552.5 MB
[runlim] sample:		6789.7 time, 6790.2 real, 1385.1 MB
[runlim] sample:		6799.7 time, 6800.2 real, 1563.8 MB
[runlim] sample:		6809.7 time, 6810.2 real, 1385.1 MB
[runlim] sample:		6819.7 time, 6820.2 real, 1385.1 MB
[runlim] sample:		6829.7 time, 6830.2 real, 1677.1 MB
[runlim] sample:		6839.7 time, 6840.2 real, 1764.6 MB
[runlim] sample:		6849.7 time, 6850.2 real, 1644.5 MB
[runlim] sample:		6859.7 time, 6860.2 real, 1655.1 MB
[runlim] sample:		6869.7 time, 6870.2 real, 1636.2 MB
[runlim] sample:		6879.7 time, 6880.2 real, 1636.2 MB
[runlim] sample:		6889.7 time, 6890.2 real, 1385.1 MB
[runlim] sample:		6899.7 time, 6900.2 real, 1539.3 MB
[runlim] sample:		6909.7 time, 6910.2 real, 1385.1 MB
[runlim] sample:		6919.7 time, 6920.2 real, 1385.1 MB
[runlim] sample:		6929.7 time, 6930.2 real, 1385.1 MB
[runlim] sample:		6939.7 time, 6940.2 real, 1755.4 MB
[runlim] sample:		6949.7 time, 6950.2 real, 1385.1 MB
[runlim] sample:		6959.7 time, 6960.2 real, 1385.1 MB
[runlim] sample:		6969.7 time, 6970.2 real, 1597.5 MB
[runlim] sample:		6979.7 time, 6980.2 real, 1597.6 MB
[runlim] sample:		6989.7 time, 6990.2 real, 1741.3 MB
[runlim] sample:		6999.7 time, 7000.2 real, 1690.6 MB
[runlim] sample:		7009.7 time, 7010.2 real, 1690.6 MB
[runlim] sample:		7019.7 time, 7020.2 real, 1775.6 MB
[runlim] sample:		7029.7 time, 7030.2 real, 1775.6 MB
[runlim] sample:		7039.7 time, 7040.2 real, 1775.6 MB
[runlim] sample:		7049.7 time, 7050.2 real, 1775.6 MB
[runlim] sample:		7059.7 time, 7060.2 real, 1775.6 MB
[runlim] sample:		7069.7 time, 7070.2 real, 1830.2 MB
[runlim] sample:		7079.7 time, 7080.2 real, 2019.8 MB
[runlim] sample:		7089.7 time, 7090.2 real, 1846.2 MB
[runlim] sample:		7099.7 time, 7100.2 real, 1692.8 MB
[runlim] sample:		7109.7 time, 7110.2 real, 1443.0 MB
[runlim] sample:		7119.7 time, 7120.2 real, 1443.0 MB
[runlim] sample:		7129.7 time, 7130.2 real, 1516.6 MB
[runlim] sample:		7139.7 time, 7140.2 real, 1516.6 MB
[runlim] sample:		7149.7 time, 7150.2 real, 1518.2 MB
[runlim] sample:		7159.7 time, 7160.2 real, 1650.3 MB
[runlim] sample:		7169.7 time, 7170.2 real, 1650.3 MB
[runlim] sample:		7179.7 time, 7180.2 real, 1650.3 MB
[runlim] sample:		7189.7 time, 7190.2 real, 1894.8 MB
c Signal interruption.
[runlim] end:			Fri Aug 23 05:09:25 2024
[runlim] status:		out of time
[runlim] result:		2
[runlim] children:		0
[runlim] real:			7200.12 seconds
[runlim] time:			7199.56 seconds
[runlim] space:			5968.4 MB
[runlim] samples:		71999
