[runlim] version:		1.10
[runlim] time limit:		7200 seconds
[runlim] real time limit:	7200 seconds
[runlim] space limit:		30000 MB
[runlim] argv[0]:		./abw_enc_symbreak_max_node
[runlim] argv[1]:		./Benchmarks/V-nos6.mtx.rnd
[runlim] argv[2]:		--duplexNSC
[runlim] argv[3]:		-set-lb
[runlim] argv[4]:		225
[runlim] start:			Fri Aug 23 08:57:53 2024
[runlim] main pid:		6315
[runlim] log captured:
c DuplexEncoder 0.8.
c LB is predefined as 225.
c Solving strategy: from LB to UB.
c LB-w = 326 (LB in Sinnl - A note on computational approaches for the antibandwidth problem).
c UB-w = 337 (UB in Sinnl - A note on computational approaches for the antibandwidth problem).
c LB 326 is overwritten with 225.
c Antibandwidth problem with w = 225 ( V-nos6.mtx.rnd ):
c Initializing CaDiCaL (version 1.2.1).
c	Configuring CaDiCaL as --sat (1).
c Initializing a DuplexNSC encoder with n = 675.
c Encoding starts with w = 225:
c	Labels and Vertices aux var: 67500
c	Labels and Vertices constraints:  1013175
c	Obj k aux var: 604125
c	Obj k constraints: 4885950
c	Obj k glue staircase constraints: 2315550
c	Encoding duration: 1s
c	Number of clauses: 5899462
c	Number of irredundant clauses: 5897628
c	Number of variables: 1127250
c SAT Solving starts:
[runlim] sample:		10.0 time, 10.8 real, 962.1 MB
[runlim] sample:		20.0 time, 20.8 real, 968.1 MB
[runlim] sample:		30.0 time, 30.8 real, 1002.0 MB
[runlim] sample:		40.0 time, 40.8 real, 1004.6 MB
[runlim] sample:		50.0 time, 50.8 real, 953.0 MB
[runlim] sample:		60.0 time, 60.8 real, 977.8 MB
[runlim] sample:		70.0 time, 70.8 real, 929.7 MB
[runlim] sample:		80.0 time, 80.8 real, 976.1 MB
[runlim] sample:		90.0 time, 90.8 real, 978.2 MB
[runlim] sample:		100.0 time, 100.8 real, 1035.9 MB
[runlim] sample:		110.0 time, 110.8 real, 1073.9 MB
[runlim] sample:		120.0 time, 120.8 real, 1206.1 MB
[runlim] sample:		130.0 time, 130.8 real, 1415.7 MB
[runlim] sample:		140.0 time, 140.8 real, 1415.7 MB
[runlim] sample:		150.0 time, 150.8 real, 1475.7 MB
[runlim] sample:		160.0 time, 160.8 real, 1820.1 MB
[runlim] sample:		170.0 time, 170.8 real, 1328.1 MB
[runlim] sample:		180.0 time, 180.8 real, 1328.1 MB
[runlim] sample:		190.0 time, 190.8 real, 1381.0 MB
[runlim] sample:		200.0 time, 200.8 real, 1381.0 MB
[runlim] sample:		210.0 time, 210.8 real, 1381.0 MB
[runlim] sample:		220.0 time, 220.8 real, 1421.7 MB
[runlim] sample:		230.0 time, 230.8 real, 1421.7 MB
[runlim] sample:		240.0 time, 240.8 real, 1136.3 MB
[runlim] sample:		250.0 time, 250.8 real, 1136.3 MB
[runlim] sample:		260.0 time, 260.8 real, 1124.8 MB
[runlim] sample:		270.0 time, 270.8 real, 1124.0 MB
[runlim] sample:		280.0 time, 280.8 real, 1124.0 MB
[runlim] sample:		289.9 time, 290.8 real, 1197.0 MB
[runlim] sample:		299.9 time, 300.8 real, 1149.4 MB
[runlim] sample:		309.9 time, 310.8 real, 1011.8 MB
[runlim] sample:		319.9 time, 320.8 real, 1013.1 MB
[runlim] sample:		329.9 time, 330.8 real, 1030.2 MB
[runlim] sample:		339.9 time, 340.8 real, 1030.2 MB
[runlim] sample:		349.9 time, 350.8 real, 1052.7 MB
[runlim] sample:		359.9 time, 360.8 real, 1161.9 MB
[runlim] sample:		369.9 time, 370.8 real, 1044.6 MB
[runlim] sample:		379.9 time, 380.8 real, 1196.6 MB
[runlim] sample:		389.9 time, 390.8 real, 1022.0 MB
[runlim] sample:		399.9 time, 400.8 real, 1022.0 MB
[runlim] sample:		409.9 time, 410.8 real, 1037.6 MB
c	Solving duration: 412901 ms
c	Answer: 
s SAT (w = 225)
c	Solution check:
p calculated antibandwidth = 225.
c
c
c Antibandwidth problem with w = 226 ( V-nos6.mtx.rnd ):
c Initializing CaDiCaL (version 1.2.1).
c	Configuring CaDiCaL as --sat (1).
c Initializing a DuplexNSC encoder with n = 675.
c Encoding starts with w = 226:
c	Labels and Vertices aux var: 67500
c	Labels and Vertices constraints:  1013175
c	Obj k aux var: 604800
c	Obj k constraints: 4886685
c	Obj k glue staircase constraints: 2314260
c	Encoding duration: 1s
c	Number of clauses: 5900197
c	Number of irredundant clauses: 5898379
c	Number of variables: 1127925
c SAT Solving starts:
[runlim] sample:		419.9 time, 420.8 real, 1009.3 MB
[runlim] sample:		429.9 time, 430.8 real, 1044.6 MB
[runlim] sample:		439.9 time, 440.8 real, 1045.0 MB
[runlim] sample:		449.9 time, 450.8 real, 1100.8 MB
[runlim] sample:		459.9 time, 460.8 real, 1031.2 MB
[runlim] sample:		469.9 time, 470.8 real, 1022.2 MB
[runlim] sample:		479.9 time, 480.8 real, 1040.2 MB
[runlim] sample:		489.9 time, 490.8 real, 1040.4 MB
[runlim] sample:		499.9 time, 500.8 real, 998.5 MB
[runlim] sample:		509.9 time, 510.8 real, 1187.1 MB
[runlim] sample:		519.9 time, 520.8 real, 1068.3 MB
[runlim] sample:		529.9 time, 530.8 real, 1093.4 MB
[runlim] sample:		539.9 time, 540.8 real, 1052.9 MB
[runlim] sample:		549.9 time, 550.8 real, 1068.6 MB
[runlim] sample:		559.9 time, 560.8 real, 1042.6 MB
[runlim] sample:		569.9 time, 570.8 real, 1190.0 MB
[runlim] sample:		579.9 time, 580.8 real, 1039.4 MB
[runlim] sample:		589.9 time, 590.8 real, 1068.5 MB
[runlim] sample:		599.9 time, 600.8 real, 1038.4 MB
[runlim] sample:		609.9 time, 610.8 real, 1050.5 MB
[runlim] sample:		619.9 time, 620.8 real, 1078.8 MB
[runlim] sample:		629.9 time, 630.8 real, 1078.8 MB
[runlim] sample:		639.9 time, 640.8 real, 1261.1 MB
[runlim] sample:		649.9 time, 650.8 real, 1213.6 MB
[runlim] sample:		659.9 time, 660.8 real, 1002.5 MB
[runlim] sample:		669.9 time, 670.8 real, 1002.5 MB
[runlim] sample:		679.9 time, 680.8 real, 1075.1 MB
[runlim] sample:		689.9 time, 690.8 real, 1049.8 MB
[runlim] sample:		699.9 time, 700.8 real, 1048.3 MB
[runlim] sample:		709.9 time, 710.8 real, 1048.3 MB
[runlim] sample:		719.9 time, 720.8 real, 1011.5 MB
[runlim] sample:		729.9 time, 730.8 real, 1160.3 MB
[runlim] sample:		739.9 time, 740.8 real, 1006.6 MB
[runlim] sample:		749.9 time, 750.8 real, 1167.0 MB
[runlim] sample:		759.9 time, 760.8 real, 1235.4 MB
[runlim] sample:		769.9 time, 770.8 real, 1213.3 MB
[runlim] sample:		779.9 time, 780.8 real, 1090.7 MB
[runlim] sample:		789.9 time, 790.8 real, 1090.7 MB
[runlim] sample:		799.9 time, 800.8 real, 1168.1 MB
[runlim] sample:		809.9 time, 810.8 real, 1168.1 MB
[runlim] sample:		819.9 time, 820.8 real, 1218.6 MB
[runlim] sample:		829.9 time, 830.8 real, 1333.3 MB
[runlim] sample:		839.9 time, 840.8 real, 1457.8 MB
[runlim] sample:		849.9 time, 850.8 real, 1586.5 MB
[runlim] sample:		859.9 time, 860.8 real, 1710.2 MB
[runlim] sample:		869.9 time, 870.8 real, 2428.2 MB
[runlim] sample:		879.9 time, 880.8 real, 2492.2 MB
[runlim] sample:		889.9 time, 890.8 real, 2492.2 MB
[runlim] sample:		899.9 time, 900.8 real, 1565.6 MB
[runlim] sample:		909.9 time, 910.8 real, 1565.8 MB
[runlim] sample:		919.9 time, 920.8 real, 1506.7 MB
[runlim] sample:		929.9 time, 930.8 real, 1506.7 MB
[runlim] sample:		939.9 time, 940.8 real, 1506.9 MB
[runlim] sample:		949.9 time, 950.8 real, 1571.7 MB
