[runlim] version:		1.10
[runlim] time limit:		1800 seconds
[runlim] real time limit:	1800 seconds
[runlim] space limit:		30000 MB
[runlim] argv[0]:		/home/hvanh28/AntiBandwidthReconstruct/build/abw_enc
[runlim] argv[1]:		/home/hvanh28/AntiBandwidthReconstruct/build/Benchmarks/A-pores_1.mtx.rnd
[runlim] argv[2]:		--reduced
[runlim] argv[3]:		-symetry-break
[runlim] argv[4]:		l
[runlim] start:			Tue Sep 17 17:49:43 2024
[runlim] main pid:		138295
[runlim] log captured:
c LadderEncoder 1.0.
c Symetry breaking in the lowest degree node.
c Solving strategy: from LB to UB.
c LB-w = 6 (LB in Sinnl - A note on computational approaches for the antibandwidth problem).
c UB-w = 8 (UB in Sinnl - A note on computational approaches for the antibandwidth problem).
c Antibandwidth problem with w = 6 ( A-pores_1.mtx.rnd ):
c Initializing CaDiCaL (version 1.2.1).
c	Configuring CaDiCaL as --sat (1).
c Initializing a Naive-Reduced encoder with n = 30.
c Encoding starts with w = 6:
c	Encode symmetry breaking with option: l.
c	Encoding duration: 0s
c	Number of clauses: 53985
c	Number of irredundant clauses: 52530
c	Number of variables: 900
c SAT Solving starts:
c	Solving duration: 475 ms
c	Answer: 
s SAT (w = 6)
c	Solution check:
p calculated antibandwidth = 6.
c
c
c Antibandwidth problem with w = 7 ( A-pores_1.mtx.rnd ):
c Initializing CaDiCaL (version 1.2.1).
c	Configuring CaDiCaL as --sat (1).
c Initializing a Naive-Reduced encoder with n = 30.
c Encoding starts with w = 7:
c	Encode symmetry breaking with option: l.
c	Encoding duration: 0s
c	Number of clauses: 58929
c	Number of irredundant clauses: 57354
c	Number of variables: 900
c SAT Solving starts:
[runlim] sample:		10.0 time, 10.7 real, 25.3 MB
[runlim] sample:		20.0 time, 20.7 real, 31.5 MB
[runlim] sample:		30.0 time, 30.7 real, 24.9 MB
[runlim] sample:		40.0 time, 40.7 real, 31.1 MB
[runlim] sample:		50.0 time, 50.7 real, 45.5 MB
[runlim] sample:		60.0 time, 60.7 real, 47.0 MB
[runlim] sample:		70.0 time, 70.7 real, 55.8 MB
[runlim] sample:		80.0 time, 80.7 real, 47.1 MB
[runlim] sample:		90.0 time, 90.7 real, 49.7 MB
[runlim] sample:		100.0 time, 100.7 real, 43.0 MB
[runlim] sample:		110.0 time, 110.7 real, 52.5 MB
[runlim] sample:		120.0 time, 120.7 real, 39.0 MB
[runlim] sample:		130.0 time, 130.7 real, 45.4 MB
[runlim] sample:		140.0 time, 140.7 real, 55.2 MB
[runlim] sample:		150.0 time, 150.7 real, 55.2 MB
[runlim] sample:		160.0 time, 160.7 real, 55.9 MB
[runlim] sample:		170.0 time, 170.7 real, 55.9 MB
[runlim] sample:		180.0 time, 180.7 real, 56.2 MB
[runlim] sample:		190.0 time, 190.7 real, 41.4 MB
[runlim] sample:		200.0 time, 200.7 real, 66.3 MB
[runlim] sample:		210.0 time, 210.7 real, 66.3 MB
[runlim] sample:		219.9 time, 220.7 real, 66.3 MB
[runlim] sample:		229.9 time, 230.7 real, 66.3 MB
[runlim] sample:		239.9 time, 240.7 real, 84.3 MB
[runlim] sample:		249.9 time, 250.7 real, 77.8 MB
[runlim] sample:		259.9 time, 260.7 real, 77.8 MB
[runlim] sample:		269.9 time, 270.7 real, 44.9 MB
[runlim] sample:		279.9 time, 280.7 real, 60.7 MB
[runlim] sample:		289.9 time, 290.7 real, 75.2 MB
[runlim] sample:		299.9 time, 300.7 real, 75.2 MB
[runlim] sample:		309.9 time, 310.7 real, 76.2 MB
[runlim] sample:		319.9 time, 320.7 real, 76.2 MB
[runlim] sample:		329.9 time, 330.7 real, 76.2 MB
[runlim] sample:		339.9 time, 340.7 real, 96.0 MB
[runlim] sample:		349.9 time, 350.7 real, 76.3 MB
[runlim] sample:		359.9 time, 360.7 real, 80.8 MB
[runlim] sample:		369.9 time, 370.7 real, 80.8 MB
[runlim] sample:		379.9 time, 380.7 real, 80.8 MB
[runlim] sample:		389.9 time, 390.7 real, 45.9 MB
[runlim] sample:		399.9 time, 400.7 real, 72.2 MB
[runlim] sample:		409.9 time, 410.7 real, 87.2 MB
[runlim] sample:		419.9 time, 420.7 real, 87.2 MB
[runlim] sample:		429.9 time, 430.7 real, 98.0 MB
[runlim] sample:		439.9 time, 440.7 real, 98.0 MB
[runlim] sample:		449.9 time, 450.7 real, 98.0 MB
[runlim] sample:		459.9 time, 460.7 real, 71.0 MB
[runlim] sample:		469.9 time, 470.7 real, 88.0 MB
[runlim] sample:		479.9 time, 480.7 real, 88.0 MB
[runlim] sample:		489.9 time, 490.7 real, 88.0 MB
[runlim] sample:		499.9 time, 500.7 real, 88.0 MB
[runlim] sample:		509.9 time, 510.7 real, 88.0 MB
[runlim] sample:		519.9 time, 520.7 real, 88.0 MB
[runlim] sample:		529.9 time, 530.7 real, 88.0 MB
[runlim] sample:		539.9 time, 540.7 real, 88.0 MB
[runlim] sample:		549.9 time, 550.7 real, 64.4 MB
[runlim] sample:		559.9 time, 560.7 real, 63.1 MB
[runlim] sample:		569.9 time, 570.7 real, 63.1 MB
[runlim] sample:		579.9 time, 580.7 real, 82.6 MB
[runlim] sample:		589.9 time, 590.7 real, 82.6 MB
[runlim] sample:		599.9 time, 600.7 real, 82.6 MB
[runlim] sample:		609.9 time, 610.7 real, 82.6 MB
[runlim] sample:		619.9 time, 620.7 real, 97.4 MB
[runlim] sample:		629.9 time, 630.7 real, 97.4 MB
[runlim] sample:		639.9 time, 640.7 real, 97.4 MB
[runlim] sample:		649.9 time, 650.7 real, 97.4 MB
[runlim] sample:		659.9 time, 660.7 real, 97.4 MB
[runlim] sample:		669.9 time, 670.7 real, 97.4 MB
[runlim] sample:		679.9 time, 680.7 real, 97.4 MB
[runlim] sample:		689.9 time, 690.7 real, 73.2 MB
[runlim] sample:		699.9 time, 700.7 real, 65.2 MB
[runlim] sample:		709.9 time, 710.7 real, 64.4 MB
[runlim] sample:		719.9 time, 720.7 real, 83.1 MB
[runlim] sample:		729.9 time, 730.7 real, 103.6 MB
c	Solving duration: 734063 ms
c	Answer: 
s UNSAT (w = 7)
c
c
[runlim] end:			Tue Sep 17 18:01:58 2024
[runlim] status:		ok
[runlim] result:		0
[runlim] children:		0
[runlim] real:			735.28 seconds
[runlim] time:			734.38 seconds
[runlim] space:			107.7 MB
[runlim] samples:		7345
