[runlim] version:		1.10
[runlim] time limit:		1800 seconds
[runlim] real time limit:	1800 seconds
[runlim] space limit:		30000 MB
[runlim] argv[0]:		/home/truongxuanhieu/AntiBandwidthReconstruct/build/abw_enc
[runlim] argv[1]:		/home/truongxuanhieu/AntiBandwidthReconstruct/build/Benchmarks/C-bcspwr01.mtx.rnd
[runlim] argv[2]:		--duplex
[runlim] argv[3]:		-symetry-break
[runlim] argv[4]:		l
[runlim] start:			Tue Sep 17 17:12:30 2024
[runlim] main pid:		16771
[runlim] log captured:
c LadderEncoder 1.0.
c Symetry breaking in the lowest degree node.
c Solving strategy: from LB to UB.
c LB-w = 16 (LB in Sinnl - A note on computational approaches for the antibandwidth problem).
c UB-w = 17 (UB in Sinnl - A note on computational approaches for the antibandwidth problem).
c Antibandwidth problem with w = 16 ( C-bcspwr01.mtx.rnd ):
c Initializing CaDiCaL (version 1.2.1).
c	Configuring CaDiCaL as --sat (1).
c Initializing a Duplex encoder with n = 39.
c Encoding starts with w = 16:
c	Encode symmetry breaking with option: l.
c	Labels and Vertices aux var: 858
c	Labels and Vertices constraints:  4368
c	Obj k aux var: 3978
c	Obj k constraints: 16861
c	Obj k glue staircase constraints: 4186
c	Encoding duration: 0s
c	Number of clauses: 21248
c	Number of irredundant clauses: 19193
c	Number of variables: 6357
c SAT Solving starts:
c	Solving duration: 85 ms
c	Answer: 
s SAT (w = 16)
c	Solution check:
p calculated antibandwidth = 16.
c
c
c Antibandwidth problem with w = 17 ( C-bcspwr01.mtx.rnd ):
c Initializing CaDiCaL (version 1.2.1).
c	Configuring CaDiCaL as --sat (1).
c Initializing a Duplex encoder with n = 39.
c Encoding starts with w = 17:
c	Encode symmetry breaking with option: l.
c	Labels and Vertices aux var: 858
c	Labels and Vertices constraints:  4368
c	Obj k aux var: 4056
c	Obj k constraints: 16755
c	Obj k glue staircase constraints: 4002
c	Encoding duration: 0s
c	Number of clauses: 21142
c	Number of irredundant clauses: 19169
c	Number of variables: 6435
c SAT Solving starts:
c	Solving duration: 1449 ms
c	Answer: 
s SAT (w = 17)
c	Solution check:
p calculated antibandwidth = 17.
c
c
[runlim] end:			Tue Sep 17 17:12:32 2024
[runlim] status:		ok
[runlim] result:		0
[runlim] children:		0
[runlim] real:			2.46 seconds
[runlim] time:			1.49 seconds
[runlim] space:			14.9 MB
[runlim] samples:		15
