[runlim] version:		1.10
[runlim] time limit:		1800 seconds
[runlim] real time limit:	1800 seconds
[runlim] space limit:		30000 MB
[runlim] argv[0]:		/home/truongxuanhieu/AntiBandwidthReconstruct/build/abw_enc
[runlim] argv[1]:		/home/truongxuanhieu/AntiBandwidthReconstruct/build/Benchmarks/C-bcspwr01.mtx.rnd
[runlim] argv[2]:		--product
[runlim] argv[3]:		-symetry-break
[runlim] argv[4]:		l
[runlim] start:			Wed Sep 18 07:05:09 2024
[runlim] main pid:		45829
[runlim] log captured:
c LadderEncoder 1.0.
c Symetry breaking in the lowest degree node.
c Solving strategy: from LB to UB.
c LB-w = 16 (LB in Sinnl - A note on computational approaches for the antibandwidth problem).
c UB-w = 17 (UB in Sinnl - A note on computational approaches for the antibandwidth problem).
c Antibandwidth problem with w = 16 ( C-bcspwr01.mtx.rnd ):
c Initializing CaDiCaL (version 1.2.1).
c	Configuring CaDiCaL as --sat (1).
c Initializing a 2-Product encoder with n = 39.
c Encoding starts with w = 16:
c	Encode symmetry breaking with option: l.
c	Encoding duration: 0s
c	Number of clauses: 134353
c	Number of irredundant clauses: 133890
c	Number of variables: 37449
c SAT Solving starts:
c	Solving duration: 232 ms
c	Answer: 
s SAT (w = 16)
c	Solution check:
p calculated antibandwidth = 16.
c
c
c Antibandwidth problem with w = 17 ( C-bcspwr01.mtx.rnd ):
c Initializing CaDiCaL (version 1.2.1).
c	Configuring CaDiCaL as --sat (1).
c Initializing a 2-Product encoder with n = 39.
c Encoding starts with w = 17:
c	Encode symmetry breaking with option: l.
c	Encoding duration: 0s
c	Number of clauses: 133433
c	Number of irredundant clauses: 132964
c	Number of variables: 36069
c SAT Solving starts:
[runlim] sample:		10.0 time, 10.1 real, 31.6 MB
[runlim] sample:		20.0 time, 20.1 real, 51.7 MB
[runlim] sample:		30.0 time, 30.1 real, 42.7 MB
[runlim] sample:		40.0 time, 40.1 real, 63.5 MB
[runlim] sample:		50.0 time, 50.1 real, 77.3 MB
[runlim] sample:		60.0 time, 60.1 real, 63.6 MB
[runlim] sample:		70.0 time, 70.1 real, 109.0 MB
[runlim] sample:		80.0 time, 80.1 real, 97.2 MB
[runlim] sample:		90.0 time, 90.1 real, 97.2 MB
[runlim] sample:		100.0 time, 100.1 real, 70.2 MB
c	Solving duration: 99747 ms
c	Answer: 
s SAT (w = 17)
c	Solution check:
p calculated antibandwidth = 17.
c
c
[runlim] end:			Wed Sep 18 07:06:49 2024
[runlim] status:		ok
[runlim] result:		0
[runlim] children:		0
[runlim] real:			100.11 seconds
[runlim] time:			99.99 seconds
[runlim] space:			109.0 MB
[runlim] samples:		1000
