[runlim] version:		1.10
[runlim] time limit:		1800 seconds
[runlim] real time limit:	1800 seconds
[runlim] space limit:		30000 MB
[runlim] argv[0]:		/home/truongxuanhieu/AntiBandwidthReconstruct/build/abw_enc
[runlim] argv[1]:		/home/truongxuanhieu/AntiBandwidthReconstruct/build/Benchmarks/F-curtis54.mtx.rnd
[runlim] argv[2]:		--product
[runlim] argv[3]:		-symetry-break
[runlim] argv[4]:		l
[runlim] start:			Wed Sep 18 07:03:58 2024
[runlim] main pid:		45775
[runlim] log captured:
c LadderEncoder 1.0.
c Symetry breaking in the lowest degree node.
c Solving strategy: from LB to UB.
c LB-w = 12 (LB in Sinnl - A note on computational approaches for the antibandwidth problem).
c UB-w = 13 (UB in Sinnl - A note on computational approaches for the antibandwidth problem).
c Antibandwidth problem with w = 12 ( F-curtis54.mtx.rnd ):
c Initializing CaDiCaL (version 1.2.1).
c	Configuring CaDiCaL as --sat (1).
c Initializing a 2-Product encoder with n = 54.
c Encoding starts with w = 12:
c	Encode symmetry breaking with option: l.
c	Encoding duration: 0s
c	Number of clauses: 509903
c	Number of irredundant clauses: 508736
c	Number of variables: 156856
c SAT Solving starts:
c	Solving duration: 1951 ms
c	Answer: 
s SAT (w = 12)
c	Solution check:
p calculated antibandwidth = 12.
c
c
c Antibandwidth problem with w = 13 ( F-curtis54.mtx.rnd ):
c Initializing CaDiCaL (version 1.2.1).
c	Configuring CaDiCaL as --sat (1).
c Initializing a 2-Product encoder with n = 54.
c Encoding starts with w = 13:
c	Encode symmetry breaking with option: l.
c	Encoding duration: 0s
c	Number of clauses: 529743
c	Number of irredundant clauses: 528516
c	Number of variables: 158592
c SAT Solving starts:
[runlim] sample:		10.0 time, 10.2 real, 132.1 MB
c	Solving duration: 9493 ms
c	Answer: 
s SAT (w = 13)
c	Solution check:
p calculated antibandwidth = 13.
c
c
[runlim] end:			Wed Sep 18 07:04:09 2024
[runlim] status:		ok
[runlim] result:		0
[runlim] children:		0
[runlim] real:			11.96 seconds
[runlim] time:			11.68 seconds
[runlim] space:			141.6 MB
[runlim] samples:		117
