[runlim] version:		1.10
[runlim] time limit:		1800 seconds
[runlim] real time limit:	1800 seconds
[runlim] space limit:		30000 MB
[runlim] argv[0]:		/home/hvanh28/AntiBandwidthReconstruct/build/abw_enc
[runlim] argv[1]:		/home/hvanh28/AntiBandwidthReconstruct/build/Benchmarks/G-will57.mtx.rnd
[runlim] argv[2]:		--seq
[runlim] argv[3]:		-symetry-break
[runlim] argv[4]:		l
[runlim] start:			Tue Sep 17 18:48:09 2024
[runlim] main pid:		139371
[runlim] log captured:
c LadderEncoder 1.0.
c Symetry breaking in the lowest degree node.
c Solving strategy: from LB to UB.
c LB-w = 12 (LB in Sinnl - A note on computational approaches for the antibandwidth problem).
c UB-w = 14 (UB in Sinnl - A note on computational approaches for the antibandwidth problem).
c Antibandwidth problem with w = 12 ( G-will57.mtx.rnd ):
c Initializing CaDiCaL (version 1.2.1).
c	Configuring CaDiCaL as --sat (1).
c Initializing a Sequential encoder with n = 57.
c Encoding starts with w = 12:
c	Encode symmetry breaking with option: l.
c	Encoding duration: 0s
c	Number of clauses: 410480
c	Number of irredundant clauses: 409818
c	Number of variables: 138043
c SAT Solving starts:
c	Solving duration: 3951 ms
c	Answer: 
s SAT (w = 12)
c	Solution check:
p calculated antibandwidth = 12.
c
c
c Antibandwidth problem with w = 13 ( G-will57.mtx.rnd ):
c Initializing CaDiCaL (version 1.2.1).
c	Configuring CaDiCaL as --sat (1).
c Initializing a Sequential encoder with n = 57.
c Encoding starts with w = 13:
c	Encode symmetry breaking with option: l.
c	Encoding duration: 0s
c	Number of clauses: 436261
c	Number of irredundant clauses: 435566
c	Number of variables: 146679
c SAT Solving starts:
[runlim] sample:		10.0 time, 10.6 real, 133.4 MB
c	Solving duration: 13094 ms
c	Answer: 
s SAT (w = 13)
c	Solution check:
p calculated antibandwidth = 13.
c
c
c Antibandwidth problem with w = 14 ( G-will57.mtx.rnd ):
c Initializing CaDiCaL (version 1.2.1).
c	Configuring CaDiCaL as --sat (1).
c Initializing a Sequential encoder with n = 57.
c Encoding starts with w = 14:
c	Encode symmetry breaking with option: l.
c	Encoding duration: 0s
c	Number of clauses: 460518
c	Number of irredundant clauses: 459792
c	Number of variables: 154807
c SAT Solving starts:
[runlim] sample:		20.0 time, 20.6 real, 138.0 MB
[runlim] sample:		30.0 time, 30.6 real, 138.0 MB
[runlim] sample:		40.0 time, 40.6 real, 138.0 MB
c	Solving duration: 22823 ms
c	Answer: 
s UNSAT (w = 14)
c
c
[runlim] end:			Tue Sep 17 18:48:50 2024
[runlim] status:		ok
[runlim] result:		0
[runlim] children:		0
[runlim] real:			41.02 seconds
[runlim] time:			40.29 seconds
[runlim] space:			138.0 MB
[runlim] samples:		403
