[runlim] version:		1.10
[runlim] time limit:		1800 seconds
[runlim] real time limit:	1800 seconds
[runlim] space limit:		30000 MB
[runlim] argv[0]:		/home/truongxuanhieu/AntiBandwidthReconstruct/build/abw_enc
[runlim] argv[1]:		/home/truongxuanhieu/AntiBandwidthReconstruct/build/Benchmarks/G-will57.mtx.rnd
[runlim] argv[2]:		--product
[runlim] argv[3]:		-symetry-break
[runlim] argv[4]:		l
[runlim] start:			Wed Sep 18 07:11:45 2024
[runlim] main pid:		46106
[runlim] log captured:
c LadderEncoder 1.0.
c Symetry breaking in the lowest degree node.
c Solving strategy: from LB to UB.
c LB-w = 12 (LB in Sinnl - A note on computational approaches for the antibandwidth problem).
c UB-w = 14 (UB in Sinnl - A note on computational approaches for the antibandwidth problem).
c Antibandwidth problem with w = 12 ( G-will57.mtx.rnd ):
c Initializing CaDiCaL (version 1.2.1).
c	Configuring CaDiCaL as --sat (1).
c Initializing a 2-Product encoder with n = 57.
c Encoding starts with w = 12:
c	Encode symmetry breaking with option: l.
c	Encoding duration: 0s
c	Number of clauses: 558810
c	Number of irredundant clauses: 558130
c	Number of variables: 171841
c SAT Solving starts:
c	Solving duration: 783 ms
c	Answer: 
s SAT (w = 12)
c	Solution check:
p calculated antibandwidth = 12.
c
c
c Antibandwidth problem with w = 13 ( G-will57.mtx.rnd ):
c Initializing CaDiCaL (version 1.2.1).
c	Configuring CaDiCaL as --sat (1).
c Initializing a 2-Product encoder with n = 57.
c Encoding starts with w = 13:
c	Encode symmetry breaking with option: l.
c	Encoding duration: 0s
c	Number of clauses: 581416
c	Number of irredundant clauses: 580704
c	Number of variables: 174000
c SAT Solving starts:
[runlim] sample:		10.0 time, 10.3 real, 137.7 MB
[runlim] sample:		20.0 time, 20.3 real, 142.7 MB
[runlim] sample:		30.0 time, 30.3 real, 146.6 MB
[runlim] sample:		40.0 time, 40.3 real, 134.1 MB
[runlim] sample:		50.0 time, 50.3 real, 134.6 MB
[runlim] sample:		60.0 time, 60.3 real, 133.5 MB
c	Solving duration: 63189 ms
c	Answer: 
s SAT (w = 13)
c	Solution check:
p calculated antibandwidth = 13.
c
c
c Antibandwidth problem with w = 14 ( G-will57.mtx.rnd ):
c Initializing CaDiCaL (version 1.2.1).
c	Configuring CaDiCaL as --sat (1).
c Initializing a 2-Product encoder with n = 57.
c Encoding starts with w = 14:
c	Encode symmetry breaking with option: l.
c	Encoding duration: 0s
c	Number of clauses: 591322
c	Number of irredundant clauses: 590580
c	Number of variables: 170317
c SAT Solving starts:
[runlim] sample:		70.0 time, 70.3 real, 134.3 MB
[runlim] sample:		80.0 time, 80.3 real, 134.6 MB
c	Solving duration: 19469 ms
c	Answer: 
s UNSAT (w = 14)
c
c
[runlim] end:			Wed Sep 18 07:13:09 2024
[runlim] status:		ok
[runlim] result:		0
[runlim] children:		0
[runlim] real:			84.24 seconds
[runlim] time:			83.78 seconds
[runlim] space:			157.7 MB
[runlim] samples:		838
