[runlim] version:		1.10
[runlim] time limit:		1800 seconds
[runlim] real time limit:	1800 seconds
[runlim] space limit:		30000 MB
[runlim] argv[0]:		/home/truongxuanhieu/AntiBandwidthReconstruct/build/abw_enc
[runlim] argv[1]:		/home/truongxuanhieu/AntiBandwidthReconstruct/build/Benchmarks/H-impcol_b.mtx.rnd
[runlim] argv[2]:		--duplex
[runlim] argv[3]:		-symetry-break
[runlim] argv[4]:		l
[runlim] start:			Tue Sep 17 21:23:04 2024
[runlim] main pid:		36469
[runlim] log captured:
c LadderEncoder 1.0.
c Symetry breaking in the lowest degree node.
c Solving strategy: from LB to UB.
c LB-w = 8 (LB in Sinnl - A note on computational approaches for the antibandwidth problem).
c UB-w = 8 (UB in Sinnl - A note on computational approaches for the antibandwidth problem).
c Antibandwidth problem with w = 8 ( H-impcol_b.mtx.rnd ):
c Initializing CaDiCaL (version 1.2.1).
c	Configuring CaDiCaL as --sat (1).
c Initializing a Duplex encoder with n = 59.
c Encoding starts with w = 8:
c	Encode symmetry breaking with option: l.
c	Labels and Vertices aux var: 1652
c	Labels and Vertices constraints:  10974
c	Obj k aux var: 10974
c	Obj k constraints: 89349
c	Obj k glue staircase constraints: 52828
c	Encoding duration: 0s
c	Number of clauses: 100352
c	Number of irredundant clauses: 94006
c	Number of variables: 16107
c SAT Solving starts:
c	Solving duration: 62 ms
c	Answer: 
s SAT (w = 8)
c	Solution check:
p calculated antibandwidth = 8.
c
c
[runlim] end:			Tue Sep 17 21:23:04 2024
[runlim] status:		ok
[runlim] result:		0
[runlim] children:		0
[runlim] real:			0.94 seconds
[runlim] time:			0.09 seconds
[runlim] space:			18.2 MB
[runlim] samples:		1
