[runlim] version:		1.10
[runlim] time limit:		1800 seconds
[runlim] real time limit:	1800 seconds
[runlim] space limit:		30000 MB
[runlim] argv[0]:		/home/hvanh28/AntiBandwidthReconstruct/build/abw_enc
[runlim] argv[1]:		/home/hvanh28/AntiBandwidthReconstruct/build/Benchmarks/I-ash85.mtx.rnd
[runlim] argv[2]:		--reduced
[runlim] argv[3]:		-symetry-break
[runlim] argv[4]:		l
[runlim] start:			Tue Sep 17 14:38:45 2024
[runlim] main pid:		134102
[runlim] log captured:
c LadderEncoder 1.0.
c Symetry breaking in the lowest degree node.
c Solving strategy: from LB to UB.
c LB-w = 19 (LB in Sinnl - A note on computational approaches for the antibandwidth problem).
c UB-w = 27 (UB in Sinnl - A note on computational approaches for the antibandwidth problem).
c Antibandwidth problem with w = 19 ( I-ash85.mtx.rnd ):
c Initializing CaDiCaL (version 1.2.1).
c	Configuring CaDiCaL as --sat (1).
c Initializing a Naive-Reduced encoder with n = 85.
c Encoding starts with w = 19:
c	Encode symmetry breaking with option: l.
c	Encoding duration: 0s
c	Number of clauses: 1202354
c	Number of irredundant clauses: 1193435
c	Number of variables: 7225
c SAT Solving starts:
c	Solving duration: 579 ms
c	Answer: 
s SAT (w = 19)
c	Solution check:
p calculated antibandwidth = 19.
c
c
c Antibandwidth problem with w = 20 ( I-ash85.mtx.rnd ):
c Initializing CaDiCaL (version 1.2.1).
c	Configuring CaDiCaL as --sat (1).
c Initializing a Naive-Reduced encoder with n = 85.
c Encoding starts with w = 20:
c	Encode symmetry breaking with option: l.
c	Encoding duration: 0s
c	Number of clauses: 1231262
c	Number of irredundant clauses: 1222213
c	Number of variables: 7225
c SAT Solving starts:
[runlim] sample:		10.0 time, 10.5 real, 190.3 MB
[runlim] sample:		20.0 time, 20.5 real, 174.1 MB
c	Solving duration: 20030 ms
c	Answer: 
s SAT (w = 20)
c	Solution check:
p calculated antibandwidth = 20.
c
c
c Antibandwidth problem with w = 21 ( I-ash85.mtx.rnd ):
c Initializing CaDiCaL (version 1.2.1).
c	Configuring CaDiCaL as --sat (1).
c Initializing a Naive-Reduced encoder with n = 85.
c Encoding starts with w = 21:
c	Encode symmetry breaking with option: l.
c	Encoding duration: 0s
c	Number of clauses: 1259732
c	Number of irredundant clauses: 1250555
c	Number of variables: 7225
c SAT Solving starts:
[runlim] sample:		30.0 time, 30.5 real, 214.3 MB
[runlim] sample:		40.0 time, 40.5 real, 178.4 MB
[runlim] sample:		50.0 time, 50.5 real, 206.1 MB
[runlim] sample:		60.0 time, 60.5 real, 209.3 MB
[runlim] sample:		70.0 time, 70.5 real, 213.8 MB
[runlim] sample:		80.0 time, 80.5 real, 210.1 MB
[runlim] sample:		90.0 time, 90.5 real, 226.1 MB
[runlim] sample:		100.0 time, 100.5 real, 219.8 MB
[runlim] sample:		110.0 time, 110.5 real, 219.1 MB
[runlim] sample:		120.0 time, 120.5 real, 228.5 MB
[runlim] sample:		130.0 time, 130.5 real, 227.9 MB
[runlim] sample:		140.0 time, 140.5 real, 216.6 MB
[runlim] sample:		150.0 time, 150.5 real, 236.2 MB
[runlim] sample:		160.0 time, 160.5 real, 237.6 MB
[runlim] sample:		170.0 time, 170.5 real, 235.3 MB
[runlim] sample:		180.0 time, 180.5 real, 240.3 MB
[runlim] sample:		190.0 time, 190.5 real, 234.6 MB
[runlim] sample:		200.0 time, 200.5 real, 241.8 MB
[runlim] sample:		209.9 time, 210.5 real, 236.7 MB
[runlim] sample:		219.9 time, 220.5 real, 236.7 MB
[runlim] sample:		230.0 time, 230.5 real, 262.1 MB
[runlim] sample:		240.0 time, 240.5 real, 270.3 MB
[runlim] sample:		249.9 time, 250.5 real, 269.3 MB
[runlim] sample:		259.9 time, 260.5 real, 255.3 MB
[runlim] sample:		269.9 time, 270.5 real, 265.5 MB
[runlim] sample:		279.9 time, 280.5 real, 269.5 MB
[runlim] sample:		289.9 time, 290.5 real, 269.5 MB
[runlim] sample:		299.9 time, 300.5 real, 335.8 MB
[runlim] sample:		309.9 time, 310.5 real, 264.9 MB
[runlim] sample:		319.9 time, 320.5 real, 283.2 MB
c	Solving duration: 298822 ms
c	Answer: 
s SAT (w = 21)
c	Solution check:
p calculated antibandwidth = 21.
c
c
c Antibandwidth problem with w = 22 ( I-ash85.mtx.rnd ):
c Initializing CaDiCaL (version 1.2.1).
c	Configuring CaDiCaL as --sat (1).
c Initializing a Naive-Reduced encoder with n = 85.
c Encoding starts with w = 22:
c	Encode symmetry breaking with option: l.
c	Encoding duration: 0s
c	Number of clauses: 1287764
c	Number of irredundant clauses: 1278461
c	Number of variables: 7225
c SAT Solving starts:
[runlim] sample:		329.9 time, 330.5 real, 266.3 MB
[runlim] sample:		339.9 time, 340.5 real, 272.6 MB
[runlim] sample:		349.9 time, 350.5 real, 234.1 MB
[runlim] sample:		359.9 time, 360.5 real, 281.5 MB
[runlim] sample:		369.9 time, 370.5 real, 234.1 MB
[runlim] sample:		379.9 time, 380.5 real, 227.5 MB
[runlim] sample:		389.9 time, 390.5 real, 228.6 MB
[runlim] sample:		399.9 time, 400.5 real, 243.1 MB
[runlim] sample:		409.9 time, 410.5 real, 247.7 MB
[runlim] sample:		419.9 time, 420.5 real, 251.8 MB
[runlim] sample:		429.9 time, 430.5 real, 255.0 MB
[runlim] sample:		439.9 time, 440.5 real, 258.1 MB
[runlim] sample:		449.9 time, 450.5 real, 251.4 MB
[runlim] sample:		459.9 time, 460.5 real, 262.0 MB
[runlim] sample:		469.9 time, 470.5 real, 277.0 MB
[runlim] sample:		479.9 time, 480.5 real, 256.1 MB
[runlim] sample:		489.9 time, 490.5 real, 264.8 MB
[runlim] sample:		499.9 time, 500.5 real, 265.2 MB
[runlim] sample:		509.9 time, 510.5 real, 268.7 MB
[runlim] sample:		519.9 time, 520.5 real, 256.0 MB
[runlim] sample:		529.9 time, 530.5 real, 253.4 MB
[runlim] sample:		539.9 time, 540.5 real, 253.4 MB
[runlim] sample:		549.9 time, 550.5 real, 268.0 MB
[runlim] sample:		559.9 time, 560.5 real, 268.0 MB
[runlim] sample:		569.9 time, 570.5 real, 267.9 MB
[runlim] sample:		579.9 time, 580.5 real, 267.9 MB
[runlim] sample:		589.9 time, 590.5 real, 272.8 MB
[runlim] sample:		599.9 time, 600.5 real, 272.4 MB
[runlim] sample:		609.9 time, 610.5 real, 285.8 MB
[runlim] sample:		619.9 time, 620.5 real, 266.1 MB
[runlim] sample:		629.9 time, 630.5 real, 285.4 MB
[runlim] sample:		639.9 time, 640.5 real, 294.7 MB
[runlim] sample:		649.9 time, 650.5 real, 294.7 MB
[runlim] sample:		659.9 time, 660.5 real, 288.0 MB
[runlim] sample:		669.9 time, 670.5 real, 278.7 MB
[runlim] sample:		679.9 time, 680.5 real, 278.7 MB
[runlim] sample:		689.9 time, 690.5 real, 319.1 MB
[runlim] sample:		699.9 time, 700.5 real, 319.1 MB
[runlim] sample:		709.9 time, 710.5 real, 274.3 MB
[runlim] sample:		719.9 time, 720.5 real, 285.4 MB
[runlim] sample:		729.9 time, 730.5 real, 299.3 MB
[runlim] sample:		739.8 time, 740.5 real, 299.3 MB
[runlim] sample:		749.9 time, 750.5 real, 307.3 MB
[runlim] sample:		759.9 time, 760.5 real, 303.0 MB
[runlim] sample:		769.8 time, 770.5 real, 303.0 MB
[runlim] sample:		779.8 time, 780.5 real, 310.7 MB
[runlim] sample:		789.8 time, 790.5 real, 326.9 MB
[runlim] sample:		799.8 time, 800.5 real, 326.9 MB
[runlim] sample:		809.8 time, 810.5 real, 316.0 MB
[runlim] sample:		819.8 time, 820.5 real, 293.1 MB
[runlim] sample:		829.8 time, 830.5 real, 293.1 MB
[runlim] sample:		839.8 time, 840.5 real, 308.1 MB
[runlim] sample:		849.8 time, 850.5 real, 308.1 MB
[runlim] sample:		859.8 time, 860.5 real, 355.8 MB
[runlim] sample:		869.8 time, 870.5 real, 355.8 MB
[runlim] sample:		879.8 time, 880.5 real, 323.1 MB
[runlim] sample:		889.8 time, 890.5 real, 319.0 MB
[runlim] sample:		899.8 time, 900.5 real, 315.3 MB
[runlim] sample:		909.8 time, 910.5 real, 315.3 MB
[runlim] sample:		919.8 time, 920.5 real, 315.3 MB
[runlim] sample:		929.8 time, 930.5 real, 308.9 MB
[runlim] sample:		939.8 time, 940.5 real, 364.8 MB
[runlim] sample:		949.8 time, 950.5 real, 364.8 MB
[runlim] sample:		959.8 time, 960.5 real, 339.9 MB
[runlim] sample:		969.8 time, 970.5 real, 339.9 MB
[runlim] sample:		979.8 time, 980.5 real, 322.3 MB
[runlim] sample:		989.8 time, 990.5 real, 322.3 MB
[runlim] sample:		999.8 time, 1000.5 real, 329.0 MB
[runlim] sample:		1009.8 time, 1010.5 real, 312.8 MB
[runlim] sample:		1019.8 time, 1020.5 real, 312.8 MB
[runlim] sample:		1029.8 time, 1030.5 real, 335.5 MB
[runlim] sample:		1039.8 time, 1040.5 real, 335.5 MB
[runlim] sample:		1049.8 time, 1050.5 real, 341.1 MB
[runlim] sample:		1059.8 time, 1060.5 real, 341.1 MB
[runlim] sample:		1069.8 time, 1070.5 real, 341.5 MB
[runlim] sample:		1079.8 time, 1080.5 real, 341.5 MB
[runlim] sample:		1089.8 time, 1090.5 real, 342.8 MB
[runlim] sample:		1099.8 time, 1100.5 real, 342.8 MB
[runlim] sample:		1109.8 time, 1110.5 real, 347.9 MB
[runlim] sample:		1119.8 time, 1120.5 real, 347.9 MB
[runlim] sample:		1129.8 time, 1130.5 real, 354.8 MB
[runlim] sample:		1139.8 time, 1140.5 real, 354.8 MB
[runlim] sample:		1149.8 time, 1150.5 real, 354.8 MB
[runlim] sample:		1159.8 time, 1160.5 real, 344.8 MB
[runlim] sample:		1169.8 time, 1170.5 real, 344.8 MB
[runlim] sample:		1179.8 time, 1180.5 real, 344.6 MB
[runlim] sample:		1189.8 time, 1190.5 real, 344.6 MB
[runlim] sample:		1199.8 time, 1200.5 real, 350.8 MB
[runlim] sample:		1209.8 time, 1210.5 real, 350.8 MB
[runlim] sample:		1219.8 time, 1220.5 real, 350.8 MB
[runlim] sample:		1229.8 time, 1230.5 real, 350.8 MB
[runlim] sample:		1239.8 time, 1240.5 real, 350.8 MB
[runlim] sample:		1249.8 time, 1250.5 real, 356.3 MB
[runlim] sample:		1259.8 time, 1260.5 real, 357.0 MB
[runlim] sample:		1269.8 time, 1270.5 real, 414.3 MB
[runlim] sample:		1279.8 time, 1280.5 real, 414.3 MB
[runlim] sample:		1289.8 time, 1290.5 real, 337.1 MB
[runlim] sample:		1299.8 time, 1300.5 real, 337.1 MB
[runlim] sample:		1309.8 time, 1310.5 real, 337.1 MB
[runlim] sample:		1319.8 time, 1320.5 real, 365.1 MB
[runlim] sample:		1329.8 time, 1330.5 real, 365.7 MB
[runlim] sample:		1339.8 time, 1340.5 real, 376.1 MB
[runlim] sample:		1349.8 time, 1350.5 real, 376.1 MB
[runlim] sample:		1359.8 time, 1360.5 real, 359.2 MB
[runlim] sample:		1369.8 time, 1370.5 real, 359.2 MB
[runlim] sample:		1379.8 time, 1380.5 real, 478.3 MB
[runlim] sample:		1389.8 time, 1390.5 real, 370.5 MB
[runlim] sample:		1399.8 time, 1400.5 real, 370.5 MB
[runlim] sample:		1409.8 time, 1410.5 real, 364.6 MB
[runlim] sample:		1419.8 time, 1420.5 real, 364.6 MB
[runlim] sample:		1429.8 time, 1430.5 real, 400.4 MB
[runlim] sample:		1439.8 time, 1440.5 real, 400.4 MB
[runlim] sample:		1449.8 time, 1450.5 real, 400.4 MB
[runlim] sample:		1459.8 time, 1460.5 real, 533.7 MB
[runlim] sample:		1469.7 time, 1470.5 real, 384.7 MB
[runlim] sample:		1479.7 time, 1480.5 real, 364.7 MB
[runlim] sample:		1489.7 time, 1490.5 real, 364.7 MB
[runlim] sample:		1499.7 time, 1500.5 real, 364.7 MB
[runlim] sample:		1509.7 time, 1510.5 real, 369.5 MB
[runlim] sample:		1519.7 time, 1520.5 real, 369.5 MB
[runlim] sample:		1529.7 time, 1530.5 real, 383.3 MB
[runlim] sample:		1539.7 time, 1540.5 real, 383.3 MB
[runlim] sample:		1549.7 time, 1550.5 real, 383.3 MB
[runlim] sample:		1559.7 time, 1560.5 real, 385.8 MB
[runlim] sample:		1569.7 time, 1570.5 real, 385.8 MB
[runlim] sample:		1579.7 time, 1580.5 real, 392.8 MB
[runlim] sample:		1589.7 time, 1590.5 real, 392.8 MB
[runlim] sample:		1599.7 time, 1600.5 real, 369.6 MB
[runlim] sample:		1609.7 time, 1610.5 real, 369.6 MB
[runlim] sample:		1619.7 time, 1620.5 real, 369.6 MB
[runlim] sample:		1629.7 time, 1630.5 real, 398.7 MB
[runlim] sample:		1639.7 time, 1640.5 real, 398.7 MB
[runlim] sample:		1649.7 time, 1650.5 real, 398.7 MB
[runlim] sample:		1659.7 time, 1660.5 real, 386.3 MB
[runlim] sample:		1669.7 time, 1670.5 real, 386.3 MB
[runlim] sample:		1679.7 time, 1680.5 real, 399.8 MB
[runlim] sample:		1689.7 time, 1690.5 real, 399.8 MB
[runlim] sample:		1699.7 time, 1700.5 real, 399.8 MB
[runlim] sample:		1709.7 time, 1710.5 real, 386.1 MB
[runlim] sample:		1719.7 time, 1720.5 real, 386.1 MB
[runlim] sample:		1729.7 time, 1730.5 real, 353.1 MB
[runlim] sample:		1739.7 time, 1740.5 real, 353.1 MB
[runlim] sample:		1749.7 time, 1750.5 real, 369.7 MB
[runlim] sample:		1759.7 time, 1760.5 real, 369.7 MB
[runlim] sample:		1769.7 time, 1770.5 real, 369.7 MB
[runlim] sample:		1779.7 time, 1780.5 real, 414.5 MB
[runlim] sample:		1789.7 time, 1790.5 real, 414.5 MB
c Signal interruption.
[runlim] end:			Tue Sep 17 15:08:45 2024
[runlim] status:		out of time
[runlim] result:		2
[runlim] children:		0
[runlim] real:			1800.03 seconds
[runlim] time:			1799.21 seconds
[runlim] space:			547.3 MB
[runlim] samples:		17995
