[runlim] version:		1.10
[runlim] time limit:		1800 seconds
[runlim] real time limit:	1800 seconds
[runlim] space limit:		30000 MB
[runlim] argv[0]:		/home/truongxuanhieu/AntiBandwidthReconstruct/build/abw_enc
[runlim] argv[1]:		/home/truongxuanhieu/AntiBandwidthReconstruct/build/Benchmarks/I-ash85.mtx.rnd
[runlim] argv[2]:		--duplex
[runlim] argv[3]:		-symetry-break
[runlim] argv[4]:		l
[runlim] start:			Tue Sep 17 20:42:36 2024
[runlim] main pid:		32827
[runlim] log captured:
c LadderEncoder 1.0.
c Symetry breaking in the lowest degree node.
c Solving strategy: from LB to UB.
c LB-w = 19 (LB in Sinnl - A note on computational approaches for the antibandwidth problem).
c UB-w = 27 (UB in Sinnl - A note on computational approaches for the antibandwidth problem).
c Antibandwidth problem with w = 19 ( I-ash85.mtx.rnd ):
c Initializing CaDiCaL (version 1.2.1).
c	Configuring CaDiCaL as --sat (1).
c Initializing a Duplex encoder with n = 85.
c Encoding starts with w = 19:
c	Encode symmetry breaking with option: l.
c	Labels and Vertices aux var: 2890
c	Labels and Vertices constraints:  19465
c	Obj k aux var: 22780
c	Obj k constraints: 130148
c	Obj k glue staircase constraints: 56283
c	Encoding duration: 0s
c	Number of clauses: 149655
c	Number of irredundant clauses: 137811
c	Number of variables: 32895
c SAT Solving starts:
c	Solving duration: 68 ms
c	Answer: 
s SAT (w = 19)
c	Solution check:
p calculated antibandwidth = 19.
c
c
c Antibandwidth problem with w = 20 ( I-ash85.mtx.rnd ):
c Initializing CaDiCaL (version 1.2.1).
c	Configuring CaDiCaL as --sat (1).
c Initializing a Duplex encoder with n = 85.
c Encoding starts with w = 20:
c	Encode symmetry breaking with option: l.
c	Labels and Vertices aux var: 2890
c	Labels and Vertices constraints:  19465
c	Obj k aux var: 23290
c	Obj k constraints: 130292
c	Obj k glue staircase constraints: 55407
c	Encoding duration: 0s
c	Number of clauses: 149799
c	Number of irredundant clauses: 138134
c	Number of variables: 33405
c SAT Solving starts:
c	Solving duration: 1512 ms
c	Answer: 
s SAT (w = 20)
c	Solution check:
p calculated antibandwidth = 20.
c
c
c Antibandwidth problem with w = 21 ( I-ash85.mtx.rnd ):
c Initializing CaDiCaL (version 1.2.1).
c	Configuring CaDiCaL as --sat (1).
c Initializing a Duplex encoder with n = 85.
c Encoding starts with w = 21:
c	Encode symmetry breaking with option: l.
c	Labels and Vertices aux var: 2890
c	Labels and Vertices constraints:  19465
c	Obj k aux var: 23800
c	Obj k constraints: 130351
c	Obj k glue staircase constraints: 54531
c	Encoding duration: 0s
c	Number of clauses: 149858
c	Number of irredundant clauses: 138542
c	Number of variables: 33915
c SAT Solving starts:
c	Solving duration: 5340 ms
c	Answer: 
s SAT (w = 21)
c	Solution check:
p calculated antibandwidth = 21.
c
c
c Antibandwidth problem with w = 22 ( I-ash85.mtx.rnd ):
c Initializing CaDiCaL (version 1.2.1).
c	Configuring CaDiCaL as --sat (1).
c Initializing a Duplex encoder with n = 85.
c Encoding starts with w = 22:
c	Encode symmetry breaking with option: l.
c	Labels and Vertices aux var: 2890
c	Labels and Vertices constraints:  19125
c	Obj k aux var: 20910
c	Obj k constraints: 122737
c	Obj k glue staircase constraints: 54312
c	Encoding duration: 0s
c	Number of clauses: 141904
c	Number of irredundant clauses: 130448
c	Number of variables: 31025
c SAT Solving starts:
[runlim] sample:		10.0 time, 10.1 real, 47.6 MB
[runlim] sample:		20.0 time, 20.1 real, 73.5 MB
c	Solving duration: 13209 ms
c	Answer: 
s SAT (w = 22)
c	Solution check:
p calculated antibandwidth = 22.
c
c
c Antibandwidth problem with w = 23 ( I-ash85.mtx.rnd ):
c Initializing CaDiCaL (version 1.2.1).
c	Configuring CaDiCaL as --sat (1).
c Initializing a Duplex encoder with n = 85.
c Encoding starts with w = 23:
c	Encode symmetry breaking with option: l.
c	Labels and Vertices aux var: 2890
c	Labels and Vertices constraints:  19125
c	Obj k aux var: 21250
c	Obj k constraints: 122456
c	Obj k glue staircase constraints: 53436
c	Encoding duration: 0s
c	Number of clauses: 141623
c	Number of irredundant clauses: 130343
c	Number of variables: 31365
c SAT Solving starts:
[runlim] sample:		30.0 time, 30.1 real, 56.7 MB
[runlim] sample:		40.0 time, 40.1 real, 65.8 MB
[runlim] sample:		50.0 time, 50.1 real, 87.1 MB
[runlim] sample:		60.0 time, 60.1 real, 93.8 MB
[runlim] sample:		70.0 time, 70.1 real, 95.9 MB
[runlim] sample:		80.0 time, 80.1 real, 95.9 MB
[runlim] sample:		90.0 time, 90.1 real, 127.9 MB
[runlim] sample:		100.0 time, 100.1 real, 95.9 MB
[runlim] sample:		110.0 time, 110.1 real, 113.4 MB
[runlim] sample:		120.0 time, 120.1 real, 113.4 MB
[runlim] sample:		130.0 time, 130.1 real, 96.5 MB
[runlim] sample:		140.0 time, 140.1 real, 158.3 MB
[runlim] sample:		150.0 time, 150.1 real, 117.1 MB
[runlim] sample:		160.0 time, 160.1 real, 62.8 MB
[runlim] sample:		170.0 time, 170.1 real, 93.4 MB
[runlim] sample:		180.0 time, 180.1 real, 127.6 MB
[runlim] sample:		190.0 time, 190.1 real, 93.6 MB
[runlim] sample:		200.0 time, 200.1 real, 158.3 MB
[runlim] sample:		210.0 time, 210.1 real, 143.7 MB
[runlim] sample:		220.0 time, 220.1 real, 123.4 MB
[runlim] sample:		230.0 time, 230.1 real, 145.0 MB
[runlim] sample:		240.0 time, 240.1 real, 146.5 MB
[runlim] sample:		250.0 time, 250.1 real, 122.6 MB
[runlim] sample:		260.0 time, 260.1 real, 109.7 MB
[runlim] sample:		270.0 time, 270.1 real, 146.2 MB
[runlim] sample:		280.0 time, 280.1 real, 154.3 MB
[runlim] sample:		290.0 time, 290.1 real, 164.8 MB
[runlim] sample:		300.0 time, 300.1 real, 164.8 MB
[runlim] sample:		310.0 time, 310.1 real, 120.6 MB
[runlim] sample:		320.0 time, 320.1 real, 153.1 MB
[runlim] sample:		330.0 time, 330.1 real, 159.6 MB
[runlim] sample:		340.0 time, 340.1 real, 120.8 MB
[runlim] sample:		350.0 time, 350.1 real, 156.6 MB
[runlim] sample:		360.0 time, 360.1 real, 160.3 MB
[runlim] sample:		370.0 time, 370.1 real, 120.8 MB
[runlim] sample:		380.0 time, 380.1 real, 169.4 MB
[runlim] sample:		390.0 time, 390.1 real, 170.3 MB
[runlim] sample:		400.0 time, 400.1 real, 168.4 MB
[runlim] sample:		410.0 time, 410.1 real, 167.5 MB
[runlim] sample:		420.0 time, 420.1 real, 166.4 MB
[runlim] sample:		430.0 time, 430.1 real, 120.8 MB
[runlim] sample:		440.0 time, 440.1 real, 153.5 MB
[runlim] sample:		450.0 time, 450.1 real, 120.8 MB
[runlim] sample:		460.0 time, 460.1 real, 150.4 MB
[runlim] sample:		470.0 time, 470.1 real, 215.4 MB
[runlim] sample:		480.0 time, 480.1 real, 150.5 MB
[runlim] sample:		490.0 time, 490.1 real, 201.7 MB
[runlim] sample:		500.0 time, 500.1 real, 150.5 MB
[runlim] sample:		510.0 time, 510.1 real, 150.5 MB
[runlim] sample:		520.0 time, 520.1 real, 150.5 MB
[runlim] sample:		530.0 time, 530.1 real, 150.5 MB
[runlim] sample:		540.0 time, 540.1 real, 154.3 MB
[runlim] sample:		550.0 time, 550.1 real, 154.3 MB
[runlim] sample:		560.0 time, 560.1 real, 154.3 MB
[runlim] sample:		570.0 time, 570.1 real, 154.3 MB
[runlim] sample:		580.0 time, 580.1 real, 112.9 MB
[runlim] sample:		590.0 time, 590.1 real, 151.7 MB
[runlim] sample:		600.0 time, 600.1 real, 160.8 MB
[runlim] sample:		610.0 time, 610.1 real, 170.5 MB
[runlim] sample:		620.0 time, 620.1 real, 170.5 MB
[runlim] sample:		630.0 time, 630.1 real, 119.1 MB
[runlim] sample:		640.0 time, 640.1 real, 155.6 MB
[runlim] sample:		650.0 time, 650.1 real, 178.5 MB
[runlim] sample:		660.0 time, 660.1 real, 281.4 MB
[runlim] sample:		670.0 time, 670.1 real, 232.8 MB
[runlim] sample:		680.0 time, 680.1 real, 159.1 MB
[runlim] sample:		690.0 time, 690.1 real, 159.1 MB
[runlim] sample:		700.0 time, 700.1 real, 223.7 MB
[runlim] sample:		710.0 time, 710.1 real, 235.2 MB
[runlim] sample:		720.0 time, 720.1 real, 159.3 MB
[runlim] sample:		730.0 time, 730.1 real, 159.3 MB
[runlim] sample:		740.0 time, 740.1 real, 194.5 MB
[runlim] sample:		750.0 time, 750.1 real, 159.4 MB
[runlim] sample:		760.0 time, 760.1 real, 216.0 MB
[runlim] sample:		770.0 time, 770.1 real, 216.0 MB
[runlim] sample:		780.0 time, 780.1 real, 187.4 MB
[runlim] sample:		790.0 time, 790.1 real, 187.4 MB
[runlim] sample:		800.0 time, 800.1 real, 246.7 MB
[runlim] sample:		810.0 time, 810.1 real, 187.5 MB
[runlim] sample:		820.0 time, 820.1 real, 232.3 MB
[runlim] sample:		829.9 time, 830.1 real, 246.9 MB
[runlim] sample:		840.0 time, 840.1 real, 271.6 MB
[runlim] sample:		849.9 time, 850.1 real, 259.4 MB
[runlim] sample:		859.9 time, 860.1 real, 187.5 MB
[runlim] sample:		869.9 time, 870.1 real, 246.8 MB
c	Solving duration: 856757 ms
c	Answer: 
s SAT (w = 23)
c	Solution check:
p calculated antibandwidth = 23.
c
c
c Antibandwidth problem with w = 24 ( I-ash85.mtx.rnd ):
c Initializing CaDiCaL (version 1.2.1).
c	Configuring CaDiCaL as --sat (1).
c Initializing a Duplex encoder with n = 85.
c Encoding starts with w = 24:
c	Encode symmetry breaking with option: l.
c	Labels and Vertices aux var: 2890
c	Labels and Vertices constraints:  19125
c	Obj k aux var: 21590
c	Obj k constraints: 122175
c	Obj k glue staircase constraints: 52560
c	Encoding duration: 0s
c	Number of clauses: 141342
c	Number of irredundant clauses: 130238
c	Number of variables: 31705
c SAT Solving starts:
[runlim] sample:		879.9 time, 880.1 real, 187.5 MB
[runlim] sample:		889.9 time, 890.1 real, 187.5 MB
[runlim] sample:		899.9 time, 900.1 real, 187.5 MB
[runlim] sample:		909.9 time, 910.1 real, 187.5 MB
[runlim] sample:		919.9 time, 920.1 real, 187.5 MB
[runlim] sample:		929.9 time, 930.1 real, 187.5 MB
[runlim] sample:		939.9 time, 940.1 real, 187.5 MB
[runlim] sample:		949.9 time, 950.1 real, 187.5 MB
[runlim] sample:		959.9 time, 960.1 real, 187.5 MB
[runlim] sample:		969.9 time, 970.1 real, 187.5 MB
[runlim] sample:		979.9 time, 980.1 real, 187.5 MB
[runlim] sample:		989.9 time, 990.1 real, 187.5 MB
[runlim] sample:		999.9 time, 1000.1 real, 187.5 MB
[runlim] sample:		1009.9 time, 1010.1 real, 187.5 MB
[runlim] sample:		1019.9 time, 1020.1 real, 187.5 MB
[runlim] sample:		1029.9 time, 1030.1 real, 187.5 MB
[runlim] sample:		1039.9 time, 1040.1 real, 187.5 MB
[runlim] sample:		1049.9 time, 1050.1 real, 187.5 MB
[runlim] sample:		1059.9 time, 1060.1 real, 187.5 MB
[runlim] sample:		1069.9 time, 1070.1 real, 187.5 MB
[runlim] sample:		1079.9 time, 1080.1 real, 187.5 MB
[runlim] sample:		1089.9 time, 1090.1 real, 187.5 MB
[runlim] sample:		1099.9 time, 1100.1 real, 187.5 MB
[runlim] sample:		1109.9 time, 1110.1 real, 187.5 MB
[runlim] sample:		1119.9 time, 1120.1 real, 187.5 MB
[runlim] sample:		1129.9 time, 1130.1 real, 187.5 MB
[runlim] sample:		1139.9 time, 1140.1 real, 187.5 MB
[runlim] sample:		1149.9 time, 1150.1 real, 187.5 MB
[runlim] sample:		1159.9 time, 1160.1 real, 187.5 MB
[runlim] sample:		1169.9 time, 1170.1 real, 187.5 MB
[runlim] sample:		1179.9 time, 1180.1 real, 187.5 MB
[runlim] sample:		1189.9 time, 1190.1 real, 187.5 MB
[runlim] sample:		1199.9 time, 1200.1 real, 187.5 MB
[runlim] sample:		1209.9 time, 1210.1 real, 187.5 MB
[runlim] sample:		1219.9 time, 1220.1 real, 224.4 MB
[runlim] sample:		1229.9 time, 1230.1 real, 222.3 MB
[runlim] sample:		1239.9 time, 1240.1 real, 225.0 MB
[runlim] sample:		1249.9 time, 1250.1 real, 231.8 MB
[runlim] sample:		1259.9 time, 1260.1 real, 232.6 MB
[runlim] sample:		1269.9 time, 1270.1 real, 233.8 MB
[runlim] sample:		1279.9 time, 1280.1 real, 187.5 MB
[runlim] sample:		1289.9 time, 1290.1 real, 226.6 MB
[runlim] sample:		1299.9 time, 1300.1 real, 224.1 MB
[runlim] sample:		1309.9 time, 1310.1 real, 187.5 MB
[runlim] sample:		1319.9 time, 1320.1 real, 187.5 MB
[runlim] sample:		1329.9 time, 1330.1 real, 221.3 MB
[runlim] sample:		1339.9 time, 1340.1 real, 221.3 MB
[runlim] sample:		1349.9 time, 1350.1 real, 187.5 MB
[runlim] sample:		1359.9 time, 1360.1 real, 225.3 MB
[runlim] sample:		1369.9 time, 1370.1 real, 187.5 MB
[runlim] sample:		1379.9 time, 1380.1 real, 187.5 MB
[runlim] sample:		1389.9 time, 1390.1 real, 232.0 MB
[runlim] sample:		1399.9 time, 1400.1 real, 227.0 MB
[runlim] sample:		1409.9 time, 1410.1 real, 225.8 MB
[runlim] sample:		1419.9 time, 1420.1 real, 224.9 MB
[runlim] sample:		1429.9 time, 1430.1 real, 224.0 MB
[runlim] sample:		1439.9 time, 1440.1 real, 187.5 MB
[runlim] sample:		1449.9 time, 1450.1 real, 221.8 MB
[runlim] sample:		1459.9 time, 1460.1 real, 221.8 MB
[runlim] sample:		1469.9 time, 1470.1 real, 220.0 MB
[runlim] sample:		1479.9 time, 1480.1 real, 187.5 MB
[runlim] sample:		1489.9 time, 1490.1 real, 224.3 MB
[runlim] sample:		1499.9 time, 1500.1 real, 187.5 MB
[runlim] sample:		1509.9 time, 1510.1 real, 222.8 MB
[runlim] sample:		1519.9 time, 1520.1 real, 227.4 MB
[runlim] sample:		1529.9 time, 1530.1 real, 225.9 MB
[runlim] sample:		1539.9 time, 1540.1 real, 230.7 MB
[runlim] sample:		1549.9 time, 1550.1 real, 230.7 MB
[runlim] sample:		1559.9 time, 1560.1 real, 224.4 MB
[runlim] sample:		1569.9 time, 1570.1 real, 224.4 MB
[runlim] sample:		1579.9 time, 1580.1 real, 187.5 MB
[runlim] sample:		1589.9 time, 1590.1 real, 231.5 MB
[runlim] sample:		1599.9 time, 1600.1 real, 232.4 MB
[runlim] sample:		1609.9 time, 1610.1 real, 232.4 MB
[runlim] sample:		1619.9 time, 1620.1 real, 233.1 MB
[runlim] sample:		1629.9 time, 1630.1 real, 233.8 MB
[runlim] sample:		1639.9 time, 1640.1 real, 237.3 MB
[runlim] sample:		1649.9 time, 1650.1 real, 232.1 MB
[runlim] sample:		1659.9 time, 1660.1 real, 232.3 MB
[runlim] sample:		1669.9 time, 1670.1 real, 235.2 MB
[runlim] sample:		1679.9 time, 1680.1 real, 233.6 MB
[runlim] sample:		1689.9 time, 1690.1 real, 229.7 MB
[runlim] sample:		1699.9 time, 1700.1 real, 229.7 MB
[runlim] sample:		1709.9 time, 1710.1 real, 226.5 MB
[runlim] sample:		1719.9 time, 1720.1 real, 232.2 MB
[runlim] sample:		1729.9 time, 1730.1 real, 244.1 MB
[runlim] sample:		1739.9 time, 1740.1 real, 244.0 MB
[runlim] sample:		1749.9 time, 1750.1 real, 244.0 MB
[runlim] sample:		1759.9 time, 1760.1 real, 241.3 MB
[runlim] sample:		1769.9 time, 1770.1 real, 236.5 MB
[runlim] sample:		1779.9 time, 1780.1 real, 233.2 MB
[runlim] sample:		1789.9 time, 1790.1 real, 233.2 MB
[runlim] sample:		1799.9 time, 1800.1 real, 233.8 MB
c Signal interruption.
[runlim] end:			Tue Sep 17 21:12:36 2024
[runlim] status:		out of time
[runlim] result:		2
[runlim] children:		0
[runlim] real:			1800.12 seconds
[runlim] time:			1799.91 seconds
[runlim] space:			333.1 MB
[runlim] samples:		18000
