[runlim] version:		1.10
[runlim] time limit:		1800 seconds
[runlim] real time limit:	1800 seconds
[runlim] space limit:		30000 MB
[runlim] argv[0]:		/home/truongxuanhieu/AntiBandwidthReconstruct/build/abw_enc
[runlim] argv[1]:		/home/truongxuanhieu/AntiBandwidthReconstruct/build/Benchmarks/J-nos4.mtx.rnd
[runlim] argv[2]:		--ladder
[runlim] argv[3]:		-symetry-break
[runlim] argv[4]:		l
[runlim] start:			Tue Sep 17 14:58:16 2024
[runlim] main pid:		12400
[runlim] log captured:
c LadderEncoder 1.0.
c Symetry breaking in the lowest degree node.
c Solving strategy: from LB to UB.
c LB-w = 32 (LB in Sinnl - A note on computational approaches for the antibandwidth problem).
c UB-w = 40 (UB in Sinnl - A note on computational approaches for the antibandwidth problem).
c Antibandwidth problem with w = 32 ( J-nos4.mtx.rnd ):
c Initializing CaDiCaL (version 1.2.1).
c	Configuring CaDiCaL as --sat (1).
c Initializing a Ladder encoder with n = 100.
c Encoding starts with w = 32:
c	Encode symmetry breaking with option: l.
c	Labels and Vertices aux var: 3600
c	Labels and Vertices constraints:  25800
c	Obj k aux var: 15600
c	Obj k constraints: 129549
c	Obj k glue staircase constraints: 65949
c	Encoding duration: 0s
c	Number of clauses: 155399
c	Number of irredundant clauses: 155083
c	Number of variables: 29200
c SAT Solving starts:
c	Solving duration: 509 ms
c	Answer: 
s SAT (w = 32)
c	Solution check:
p calculated antibandwidth = 32.
c
c
c Antibandwidth problem with w = 33 ( J-nos4.mtx.rnd ):
c Initializing CaDiCaL (version 1.2.1).
c	Configuring CaDiCaL as --sat (1).
c Initializing a Ladder encoder with n = 100.
c Encoding starts with w = 33:
c	Encode symmetry breaking with option: l.
c	Labels and Vertices aux var: 3600
c	Labels and Vertices constraints:  25800
c	Obj k aux var: 15800
c	Obj k constraints: 129061
c	Obj k glue staircase constraints: 64961
c	Encoding duration: 0s
c	Number of clauses: 154911
c	Number of irredundant clauses: 154594
c	Number of variables: 29400
c SAT Solving starts:
c	Solving duration: 2162 ms
c	Answer: 
s SAT (w = 33)
c	Solution check:
p calculated antibandwidth = 33.
c
c
c Antibandwidth problem with w = 34 ( J-nos4.mtx.rnd ):
c Initializing CaDiCaL (version 1.2.1).
c	Configuring CaDiCaL as --sat (1).
c Initializing a Ladder encoder with n = 100.
c Encoding starts with w = 34:
c	Encode symmetry breaking with option: l.
c	Labels and Vertices aux var: 3600
c	Labels and Vertices constraints:  25500
c	Obj k aux var: 12900
c	Obj k constraints: 119914
c	Obj k glue staircase constraints: 64714
c	Encoding duration: 0s
c	Number of clauses: 145464
c	Number of irredundant clauses: 145186
c	Number of variables: 26500
c SAT Solving starts:
c	Solving duration: 2728 ms
c	Answer: 
s SAT (w = 34)
c	Solution check:
p calculated antibandwidth = 34.
c
c
c Antibandwidth problem with w = 35 ( J-nos4.mtx.rnd ):
c Initializing CaDiCaL (version 1.2.1).
c	Configuring CaDiCaL as --sat (1).
c Initializing a Ladder encoder with n = 100.
c Encoding starts with w = 35:
c	Encode symmetry breaking with option: l.
c	Labels and Vertices aux var: 3600
c	Labels and Vertices constraints:  25500
c	Obj k aux var: 13000
c	Obj k constraints: 119126
c	Obj k glue staircase constraints: 63726
c	Encoding duration: 0s
c	Number of clauses: 144676
c	Number of irredundant clauses: 144399
c	Number of variables: 26600
c SAT Solving starts:
[runlim] sample:		10.0 time, 10.7 real, 47.4 MB
[runlim] sample:		20.0 time, 20.7 real, 44.2 MB
[runlim] sample:		30.0 time, 30.7 real, 96.1 MB
[runlim] sample:		40.0 time, 40.7 real, 96.1 MB
[runlim] sample:		50.0 time, 50.7 real, 131.1 MB
[runlim] sample:		60.0 time, 60.7 real, 96.2 MB
[runlim] sample:		70.0 time, 70.7 real, 135.0 MB
[runlim] sample:		80.0 time, 80.7 real, 105.8 MB
[runlim] sample:		90.0 time, 90.7 real, 115.0 MB
[runlim] sample:		100.0 time, 100.7 real, 115.0 MB
[runlim] sample:		110.0 time, 110.7 real, 115.0 MB
[runlim] sample:		120.0 time, 120.7 real, 122.3 MB
[runlim] sample:		130.0 time, 130.7 real, 122.3 MB
[runlim] sample:		140.0 time, 140.7 real, 122.3 MB
[runlim] sample:		150.0 time, 150.7 real, 176.0 MB
[runlim] sample:		160.0 time, 160.7 real, 135.6 MB
[runlim] sample:		170.0 time, 170.7 real, 171.9 MB
[runlim] sample:		180.0 time, 180.7 real, 135.9 MB
[runlim] sample:		190.0 time, 190.7 real, 136.1 MB
[runlim] sample:		200.0 time, 200.7 real, 155.2 MB
[runlim] sample:		210.0 time, 210.7 real, 119.6 MB
[runlim] sample:		220.0 time, 220.7 real, 154.8 MB
[runlim] sample:		230.0 time, 230.7 real, 159.2 MB
[runlim] sample:		240.0 time, 240.7 real, 161.5 MB
[runlim] sample:		250.0 time, 250.7 real, 139.0 MB
[runlim] sample:		260.0 time, 260.7 real, 173.5 MB
[runlim] sample:		270.0 time, 270.7 real, 210.6 MB
[runlim] sample:		280.0 time, 280.7 real, 180.9 MB
[runlim] sample:		290.0 time, 290.7 real, 146.5 MB
[runlim] sample:		300.0 time, 300.7 real, 146.5 MB
[runlim] sample:		310.0 time, 310.7 real, 156.3 MB
[runlim] sample:		320.0 time, 320.7 real, 256.7 MB
[runlim] sample:		330.0 time, 330.7 real, 272.6 MB
[runlim] sample:		340.0 time, 340.7 real, 126.7 MB
[runlim] sample:		350.0 time, 350.7 real, 127.5 MB
[runlim] sample:		360.0 time, 360.7 real, 230.8 MB
[runlim] sample:		370.0 time, 370.7 real, 170.6 MB
[runlim] sample:		380.0 time, 380.7 real, 169.8 MB
[runlim] sample:		390.0 time, 390.7 real, 179.1 MB
[runlim] sample:		400.0 time, 400.7 real, 162.4 MB
[runlim] sample:		410.0 time, 410.7 real, 189.4 MB
[runlim] sample:		420.0 time, 420.7 real, 197.2 MB
[runlim] sample:		430.0 time, 430.7 real, 179.1 MB
[runlim] sample:		440.0 time, 440.7 real, 171.0 MB
[runlim] sample:		450.0 time, 450.7 real, 176.9 MB
[runlim] sample:		460.0 time, 460.7 real, 227.7 MB
[runlim] sample:		470.0 time, 470.7 real, 166.5 MB
[runlim] sample:		480.0 time, 480.7 real, 163.3 MB
[runlim] sample:		490.0 time, 490.7 real, 167.7 MB
[runlim] sample:		500.0 time, 500.7 real, 179.9 MB
[runlim] sample:		510.0 time, 510.7 real, 167.4 MB
[runlim] sample:		520.0 time, 520.7 real, 180.2 MB
[runlim] sample:		530.0 time, 530.7 real, 188.8 MB
[runlim] sample:		540.0 time, 540.7 real, 192.7 MB
[runlim] sample:		550.0 time, 550.7 real, 135.5 MB
[runlim] sample:		560.0 time, 560.7 real, 180.7 MB
[runlim] sample:		570.0 time, 570.7 real, 138.2 MB
[runlim] sample:		580.0 time, 580.7 real, 205.5 MB
[runlim] sample:		590.0 time, 590.7 real, 161.5 MB
[runlim] sample:		600.0 time, 600.7 real, 204.0 MB
[runlim] sample:		610.0 time, 610.7 real, 161.5 MB
[runlim] sample:		620.0 time, 620.7 real, 177.8 MB
[runlim] sample:		630.0 time, 630.7 real, 240.0 MB
[runlim] sample:		640.0 time, 640.7 real, 177.9 MB
[runlim] sample:		650.0 time, 650.7 real, 177.9 MB
[runlim] sample:		660.0 time, 660.7 real, 241.6 MB
[runlim] sample:		670.0 time, 670.7 real, 241.6 MB
[runlim] sample:		680.0 time, 680.7 real, 269.2 MB
[runlim] sample:		690.0 time, 690.7 real, 246.3 MB
[runlim] sample:		700.0 time, 700.7 real, 245.0 MB
[runlim] sample:		710.0 time, 710.7 real, 276.3 MB
[runlim] sample:		720.0 time, 720.7 real, 177.9 MB
[runlim] sample:		730.0 time, 730.7 real, 246.1 MB
[runlim] sample:		740.0 time, 740.7 real, 246.1 MB
[runlim] sample:		750.0 time, 750.7 real, 331.4 MB
[runlim] sample:		759.9 time, 760.7 real, 335.8 MB
[runlim] sample:		769.9 time, 770.7 real, 261.0 MB
[runlim] sample:		780.0 time, 780.7 real, 240.2 MB
[runlim] sample:		790.0 time, 790.7 real, 255.9 MB
[runlim] sample:		799.9 time, 800.7 real, 307.6 MB
[runlim] sample:		809.9 time, 810.7 real, 307.8 MB
[runlim] sample:		819.9 time, 820.7 real, 384.7 MB
[runlim] sample:		830.0 time, 830.7 real, 299.8 MB
[runlim] sample:		840.0 time, 840.7 real, 299.8 MB
[runlim] sample:		850.0 time, 850.7 real, 300.7 MB
[runlim] sample:		859.9 time, 860.7 real, 262.1 MB
[runlim] sample:		870.0 time, 870.7 real, 276.7 MB
[runlim] sample:		879.9 time, 880.7 real, 276.7 MB
[runlim] sample:		889.9 time, 890.7 real, 315.0 MB
[runlim] sample:		899.9 time, 900.7 real, 282.2 MB
[runlim] sample:		909.9 time, 910.7 real, 282.2 MB
[runlim] sample:		919.9 time, 920.7 real, 237.5 MB
[runlim] sample:		929.9 time, 930.7 real, 240.0 MB
[runlim] sample:		939.9 time, 940.7 real, 235.4 MB
[runlim] sample:		949.9 time, 950.7 real, 253.3 MB
[runlim] sample:		959.9 time, 960.7 real, 293.5 MB
[runlim] sample:		969.9 time, 970.7 real, 235.0 MB
[runlim] sample:		979.9 time, 980.7 real, 264.2 MB
[runlim] sample:		989.9 time, 990.7 real, 292.9 MB
[runlim] sample:		999.9 time, 1000.7 real, 252.1 MB
[runlim] sample:		1009.9 time, 1010.7 real, 318.1 MB
[runlim] sample:		1019.9 time, 1020.7 real, 318.1 MB
[runlim] sample:		1029.9 time, 1030.7 real, 303.7 MB
[runlim] sample:		1039.9 time, 1040.7 real, 293.0 MB
[runlim] sample:		1049.9 time, 1050.7 real, 245.6 MB
[runlim] sample:		1059.9 time, 1060.7 real, 238.1 MB
[runlim] sample:		1069.9 time, 1070.7 real, 283.7 MB
[runlim] sample:		1079.9 time, 1080.7 real, 283.7 MB
[runlim] sample:		1089.9 time, 1090.7 real, 231.1 MB
[runlim] sample:		1099.9 time, 1100.7 real, 199.4 MB
[runlim] sample:		1109.9 time, 1110.7 real, 308.5 MB
[runlim] sample:		1119.9 time, 1120.7 real, 240.2 MB
[runlim] sample:		1129.9 time, 1130.7 real, 300.2 MB
[runlim] sample:		1139.9 time, 1140.7 real, 284.6 MB
[runlim] sample:		1149.9 time, 1150.7 real, 291.6 MB
[runlim] sample:		1159.9 time, 1160.7 real, 256.3 MB
[runlim] sample:		1169.9 time, 1170.7 real, 271.9 MB
[runlim] sample:		1179.9 time, 1180.7 real, 325.8 MB
[runlim] sample:		1189.9 time, 1190.7 real, 202.2 MB
[runlim] sample:		1199.9 time, 1200.7 real, 213.8 MB
[runlim] sample:		1209.9 time, 1210.7 real, 277.0 MB
[runlim] sample:		1219.9 time, 1220.7 real, 290.1 MB
[runlim] sample:		1229.9 time, 1230.7 real, 285.4 MB
[runlim] sample:		1239.9 time, 1240.7 real, 285.9 MB
[runlim] sample:		1249.9 time, 1250.7 real, 285.9 MB
[runlim] sample:		1259.9 time, 1260.7 real, 322.0 MB
[runlim] sample:		1269.9 time, 1270.7 real, 322.0 MB
[runlim] sample:		1279.9 time, 1280.7 real, 316.2 MB
[runlim] sample:		1289.9 time, 1290.7 real, 292.1 MB
[runlim] sample:		1299.9 time, 1300.7 real, 317.3 MB
[runlim] sample:		1309.9 time, 1310.7 real, 317.3 MB
[runlim] sample:		1319.9 time, 1320.7 real, 347.7 MB
[runlim] sample:		1329.9 time, 1330.7 real, 286.4 MB
[runlim] sample:		1339.9 time, 1340.7 real, 291.1 MB
[runlim] sample:		1349.9 time, 1350.7 real, 292.8 MB
[runlim] sample:		1359.9 time, 1360.7 real, 280.8 MB
[runlim] sample:		1369.9 time, 1370.7 real, 213.9 MB
[runlim] sample:		1379.9 time, 1380.7 real, 225.7 MB
[runlim] sample:		1389.9 time, 1390.7 real, 242.9 MB
[runlim] sample:		1399.9 time, 1400.7 real, 306.3 MB
[runlim] sample:		1409.9 time, 1410.7 real, 321.2 MB
[runlim] sample:		1419.9 time, 1420.7 real, 321.2 MB
[runlim] sample:		1429.9 time, 1430.7 real, 345.0 MB
[runlim] sample:		1439.9 time, 1440.7 real, 345.0 MB
[runlim] sample:		1449.9 time, 1450.7 real, 320.5 MB
[runlim] sample:		1459.9 time, 1460.7 real, 285.0 MB
[runlim] sample:		1469.9 time, 1470.7 real, 269.0 MB
[runlim] sample:		1479.9 time, 1480.7 real, 269.0 MB
[runlim] sample:		1489.9 time, 1490.7 real, 238.7 MB
[runlim] sample:		1499.9 time, 1500.7 real, 218.2 MB
[runlim] sample:		1509.9 time, 1510.7 real, 269.2 MB
[runlim] sample:		1519.9 time, 1520.7 real, 283.1 MB
[runlim] sample:		1529.9 time, 1530.7 real, 296.4 MB
[runlim] sample:		1539.9 time, 1540.7 real, 313.6 MB
[runlim] sample:		1549.9 time, 1550.7 real, 313.6 MB
[runlim] sample:		1559.9 time, 1560.7 real, 358.0 MB
[runlim] sample:		1569.9 time, 1570.7 real, 415.9 MB
[runlim] sample:		1579.9 time, 1580.7 real, 253.3 MB
[runlim] sample:		1589.9 time, 1590.7 real, 277.6 MB
[runlim] sample:		1599.9 time, 1600.7 real, 292.8 MB
[runlim] sample:		1609.9 time, 1610.7 real, 433.9 MB
[runlim] sample:		1619.9 time, 1620.7 real, 361.4 MB
[runlim] sample:		1629.9 time, 1630.7 real, 283.3 MB
[runlim] sample:		1639.9 time, 1640.7 real, 281.0 MB
[runlim] sample:		1649.9 time, 1650.7 real, 283.0 MB
[runlim] sample:		1659.9 time, 1660.7 real, 356.7 MB
[runlim] sample:		1669.9 time, 1670.7 real, 356.7 MB
[runlim] sample:		1679.9 time, 1680.7 real, 356.7 MB
[runlim] sample:		1689.9 time, 1690.7 real, 439.4 MB
[runlim] sample:		1699.9 time, 1700.7 real, 439.4 MB
[runlim] sample:		1709.9 time, 1710.7 real, 397.2 MB
[runlim] sample:		1719.9 time, 1720.7 real, 409.0 MB
[runlim] sample:		1729.9 time, 1730.7 real, 492.8 MB
[runlim] sample:		1739.9 time, 1740.7 real, 661.6 MB
[runlim] sample:		1749.9 time, 1750.7 real, 661.6 MB
[runlim] sample:		1759.9 time, 1760.7 real, 588.6 MB
[runlim] sample:		1769.9 time, 1770.7 real, 588.6 MB
[runlim] sample:		1779.9 time, 1780.7 real, 531.6 MB
[runlim] sample:		1789.9 time, 1790.7 real, 531.6 MB
c Signal interruption.
[runlim] end:			Tue Sep 17 15:28:16 2024
[runlim] status:		out of time
[runlim] result:		2
[runlim] children:		0
[runlim] real:			1800.04 seconds
[runlim] time:			1799.20 seconds
[runlim] space:			957.7 MB
[runlim] samples:		17993
