[runlim] version:		1.10
[runlim] time limit:		1800 seconds
[runlim] real time limit:	1800 seconds
[runlim] space limit:		30000 MB
[runlim] argv[0]:		/home/truongxuanhieu/AntiBandwidthReconstruct/build/abw_enc
[runlim] argv[1]:		/home/truongxuanhieu/AntiBandwidthReconstruct/build/Benchmarks/J-nos4.mtx.rnd
[runlim] argv[2]:		--duplex
[runlim] argv[3]:		-symetry-break
[runlim] argv[4]:		l
[runlim] start:			Tue Sep 17 14:58:01 2024
[runlim] main pid:		12304
[runlim] log captured:
c LadderEncoder 1.0.
c Symetry breaking in the lowest degree node.
c Solving strategy: from LB to UB.
c LB-w = 32 (LB in Sinnl - A note on computational approaches for the antibandwidth problem).
c UB-w = 40 (UB in Sinnl - A note on computational approaches for the antibandwidth problem).
c Antibandwidth problem with w = 32 ( J-nos4.mtx.rnd ):
c Initializing CaDiCaL (version 1.2.1).
c	Configuring CaDiCaL as --sat (1).
c Initializing a Duplex encoder with n = 100.
c Encoding starts with w = 32:
c	Encode symmetry breaking with option: l.
c	Labels and Vertices aux var: 3600
c	Labels and Vertices constraints:  25800
c	Obj k aux var: 31600
c	Obj k constraints: 165696
c	Obj k glue staircase constraints: 66196
c	Encoding duration: 0s
c	Number of clauses: 191546
c	Number of irredundant clauses: 177204
c	Number of variables: 45200
c SAT Solving starts:
[runlim] sample:		10.0 time, 10.9 real, 77.9 MB
c	Solving duration: 19503 ms
c	Answer: 
s SAT (w = 32)
c	Solution check:
p calculated antibandwidth = 32.
c
c
c Antibandwidth problem with w = 33 ( J-nos4.mtx.rnd ):
c Initializing CaDiCaL (version 1.2.1).
c	Configuring CaDiCaL as --sat (1).
c Initializing a Duplex encoder with n = 100.
c Encoding starts with w = 33:
c	Encode symmetry breaking with option: l.
c	Labels and Vertices aux var: 3600
c	Labels and Vertices constraints:  25800
c	Obj k aux var: 32000
c	Obj k constraints: 165308
c	Obj k glue staircase constraints: 65208
c	Encoding duration: 0s
c	Number of clauses: 191158
c	Number of irredundant clauses: 177216
c	Number of variables: 45600
c SAT Solving starts:
[runlim] sample:		20.0 time, 20.9 real, 90.7 MB
[runlim] sample:		30.0 time, 30.9 real, 90.7 MB
[runlim] sample:		40.0 time, 40.9 real, 97.2 MB
[runlim] sample:		50.0 time, 50.9 real, 104.4 MB
[runlim] sample:		60.0 time, 60.9 real, 120.5 MB
[runlim] sample:		70.0 time, 70.9 real, 71.7 MB
c	Solving duration: 55511 ms
c	Answer: 
s SAT (w = 33)
c	Solution check:
p calculated antibandwidth = 33.
c
c
c Antibandwidth problem with w = 34 ( J-nos4.mtx.rnd ):
c Initializing CaDiCaL (version 1.2.1).
c	Configuring CaDiCaL as --sat (1).
c Initializing a Duplex encoder with n = 100.
c Encoding starts with w = 34:
c	Encode symmetry breaking with option: l.
c	Labels and Vertices aux var: 3600
c	Labels and Vertices constraints:  25500
c	Obj k aux var: 26000
c	Obj k constraints: 149861
c	Obj k glue staircase constraints: 64961
c	Encoding duration: 0s
c	Number of clauses: 175411
c	Number of irredundant clauses: 161498
c	Number of variables: 39600
c SAT Solving starts:
[runlim] sample:		80.0 time, 80.9 real, 124.5 MB
[runlim] sample:		90.0 time, 90.9 real, 124.5 MB
[runlim] sample:		100.0 time, 100.9 real, 124.5 MB
[runlim] sample:		110.0 time, 110.9 real, 131.0 MB
[runlim] sample:		120.0 time, 120.9 real, 162.1 MB
[runlim] sample:		130.0 time, 130.9 real, 131.2 MB
[runlim] sample:		140.0 time, 140.9 real, 131.2 MB
[runlim] sample:		150.0 time, 150.9 real, 187.6 MB
[runlim] sample:		160.0 time, 160.9 real, 180.2 MB
[runlim] sample:		170.0 time, 170.9 real, 143.4 MB
c	Solving duration: 95000 ms
c	Answer: 
s SAT (w = 34)
c	Solution check:
p calculated antibandwidth = 34.
c
c
c Antibandwidth problem with w = 35 ( J-nos4.mtx.rnd ):
c Initializing CaDiCaL (version 1.2.1).
c	Configuring CaDiCaL as --sat (1).
c Initializing a Duplex encoder with n = 100.
c Encoding starts with w = 35:
c	Encode symmetry breaking with option: l.
c	Labels and Vertices aux var: 3600
c	Labels and Vertices constraints:  25500
c	Obj k aux var: 26200
c	Obj k constraints: 149073
c	Obj k glue staircase constraints: 63973
c	Encoding duration: 0s
c	Number of clauses: 174623
c	Number of irredundant clauses: 160914
c	Number of variables: 39800
c SAT Solving starts:
[runlim] sample:		180.0 time, 180.9 real, 96.8 MB
[runlim] sample:		190.0 time, 190.9 real, 112.9 MB
[runlim] sample:		200.0 time, 200.9 real, 162.3 MB
c	Solving duration: 39098 ms
c	Answer: 
s SAT (w = 35)
c	Solution check:
p calculated antibandwidth = 35.
c
c
c Antibandwidth problem with w = 36 ( J-nos4.mtx.rnd ):
c Initializing CaDiCaL (version 1.2.1).
c	Configuring CaDiCaL as --sat (1).
c Initializing a Duplex encoder with n = 100.
c Encoding starts with w = 36:
c	Encode symmetry breaking with option: l.
c	Labels and Vertices aux var: 3600
c	Labels and Vertices constraints:  25500
c	Obj k aux var: 26400
c	Obj k constraints: 148285
c	Obj k glue staircase constraints: 62985
c	Encoding duration: 0s
c	Number of clauses: 173835
c	Number of irredundant clauses: 160330
c	Number of variables: 40000
c SAT Solving starts:
[runlim] sample:		210.0 time, 210.9 real, 130.1 MB
[runlim] sample:		220.0 time, 220.9 real, 130.1 MB
[runlim] sample:		230.0 time, 230.9 real, 130.1 MB
[runlim] sample:		240.0 time, 240.9 real, 130.1 MB
[runlim] sample:		250.0 time, 250.9 real, 130.1 MB
[runlim] sample:		260.0 time, 260.9 real, 130.1 MB
[runlim] sample:		270.0 time, 270.9 real, 130.1 MB
[runlim] sample:		280.0 time, 280.9 real, 130.1 MB
[runlim] sample:		290.0 time, 290.9 real, 130.1 MB
[runlim] sample:		300.0 time, 300.9 real, 130.1 MB
[runlim] sample:		310.0 time, 310.9 real, 130.1 MB
[runlim] sample:		320.0 time, 320.9 real, 130.1 MB
[runlim] sample:		330.0 time, 330.9 real, 179.0 MB
[runlim] sample:		340.0 time, 340.9 real, 139.9 MB
[runlim] sample:		350.0 time, 350.9 real, 139.9 MB
[runlim] sample:		360.0 time, 360.9 real, 139.9 MB
[runlim] sample:		370.0 time, 370.9 real, 139.9 MB
[runlim] sample:		380.0 time, 380.9 real, 139.9 MB
[runlim] sample:		390.0 time, 390.9 real, 139.9 MB
[runlim] sample:		400.0 time, 400.9 real, 139.9 MB
[runlim] sample:		410.0 time, 410.9 real, 139.9 MB
[runlim] sample:		420.0 time, 420.9 real, 139.9 MB
[runlim] sample:		430.0 time, 430.9 real, 139.9 MB
[runlim] sample:		440.0 time, 440.9 real, 139.9 MB
[runlim] sample:		450.0 time, 450.9 real, 139.9 MB
[runlim] sample:		459.9 time, 460.9 real, 139.9 MB
[runlim] sample:		469.9 time, 470.9 real, 141.2 MB
[runlim] sample:		479.9 time, 480.9 real, 141.2 MB
[runlim] sample:		489.9 time, 490.9 real, 141.2 MB
[runlim] sample:		499.9 time, 500.9 real, 141.2 MB
[runlim] sample:		509.9 time, 510.9 real, 141.2 MB
[runlim] sample:		520.0 time, 520.9 real, 141.2 MB
[runlim] sample:		530.0 time, 530.9 real, 142.0 MB
[runlim] sample:		540.0 time, 540.9 real, 142.0 MB
[runlim] sample:		550.0 time, 550.9 real, 142.0 MB
[runlim] sample:		560.0 time, 560.9 real, 142.1 MB
[runlim] sample:		570.0 time, 570.9 real, 142.1 MB
[runlim] sample:		580.0 time, 580.9 real, 176.3 MB
[runlim] sample:		590.0 time, 590.9 real, 142.1 MB
[runlim] sample:		600.0 time, 600.9 real, 146.9 MB
[runlim] sample:		609.9 time, 610.9 real, 146.9 MB
[runlim] sample:		619.9 time, 620.9 real, 146.9 MB
[runlim] sample:		629.9 time, 630.9 real, 146.9 MB
[runlim] sample:		640.0 time, 640.9 real, 146.9 MB
[runlim] sample:		650.0 time, 650.9 real, 146.9 MB
[runlim] sample:		660.0 time, 660.9 real, 146.9 MB
[runlim] sample:		670.0 time, 670.9 real, 146.9 MB
[runlim] sample:		680.0 time, 680.9 real, 146.9 MB
[runlim] sample:		690.0 time, 690.9 real, 146.9 MB
[runlim] sample:		700.0 time, 700.9 real, 146.9 MB
[runlim] sample:		710.0 time, 710.9 real, 146.9 MB
[runlim] sample:		720.0 time, 720.9 real, 146.9 MB
[runlim] sample:		730.0 time, 730.9 real, 146.9 MB
[runlim] sample:		740.0 time, 740.9 real, 146.9 MB
[runlim] sample:		749.9 time, 750.9 real, 99.1 MB
[runlim] sample:		759.9 time, 760.9 real, 149.4 MB
[runlim] sample:		769.9 time, 770.9 real, 120.6 MB
[runlim] sample:		779.9 time, 780.9 real, 231.2 MB
[runlim] sample:		789.9 time, 790.9 real, 173.0 MB
[runlim] sample:		799.9 time, 800.9 real, 172.4 MB
[runlim] sample:		809.9 time, 810.9 real, 193.2 MB
[runlim] sample:		819.9 time, 820.9 real, 193.2 MB
[runlim] sample:		829.9 time, 830.9 real, 247.4 MB
[runlim] sample:		839.9 time, 840.9 real, 193.6 MB
[runlim] sample:		849.9 time, 850.9 real, 193.6 MB
c	Solving duration: 642699 ms
c	Answer: 
s UNSAT (w = 36)
c
c
[runlim] end:			Tue Sep 17 15:12:14 2024
[runlim] status:		ok
[runlim] result:		0
[runlim] children:		0
[runlim] real:			853.13 seconds
[runlim] time:			852.04 seconds
[runlim] space:			269.0 MB
[runlim] samples:		8521
