[runlim] version:		1.10
[runlim] time limit:		1800 seconds
[runlim] real time limit:	1800 seconds
[runlim] space limit:		30000 MB
[runlim] argv[0]:		/home/truongxuanhieu/AntiBandwidthReconstruct/build/abw_enc
[runlim] argv[1]:		/home/truongxuanhieu/AntiBandwidthReconstruct/build/Benchmarks/K-dwt__234.mtx.rnd
[runlim] argv[2]:		--ladder
[runlim] argv[3]:		-symetry-break
[runlim] argv[4]:		l
[runlim] start:			Tue Sep 17 15:28:16 2024
[runlim] main pid:		12631
[runlim] log captured:
c LadderEncoder 1.0.
c Symetry breaking in the lowest degree node.
c Solving strategy: from LB to UB.
c LB-w = 46 (LB in Sinnl - A note on computational approaches for the antibandwidth problem).
c UB-w = 58 (UB in Sinnl - A note on computational approaches for the antibandwidth problem).
c Antibandwidth problem with w = 46 ( K-dwt__234.mtx.rnd ):
c Initializing CaDiCaL (version 1.2.1).
c	Configuring CaDiCaL as --sat (1).
c Initializing a Ladder encoder with n = 117.
c Encoding starts with w = 46:
c	Encode symmetry breaking with option: l.
c	Labels and Vertices aux var: 4680
c	Labels and Vertices constraints:  34515
c	Obj k aux var: 18486
c	Obj k constraints: 123021
c	Obj k glue staircase constraints: 45684
c	Encoding duration: 0s
c	Number of clauses: 157594
c	Number of irredundant clauses: 157264
c	Number of variables: 36855
c SAT Solving starts:
[runlim] sample:		10.0 time, 10.0 real, 83.1 MB
[runlim] sample:		20.0 time, 20.0 real, 144.6 MB
c	Solving duration: 25170 ms
c	Answer: 
s SAT (w = 46)
c	Solution check:
p calculated antibandwidth = 46.
c
c
c Antibandwidth problem with w = 47 ( K-dwt__234.mtx.rnd ):
c Initializing CaDiCaL (version 1.2.1).
c	Configuring CaDiCaL as --sat (1).
c Initializing a Ladder encoder with n = 117.
c Encoding starts with w = 47:
c	Encode symmetry breaking with option: l.
c	Labels and Vertices aux var: 4680
c	Labels and Vertices constraints:  34515
c	Obj k aux var: 18603
c	Obj k constraints: 122607
c	Obj k glue staircase constraints: 45036
c	Encoding duration: 0s
c	Number of clauses: 157180
c	Number of irredundant clauses: 156848
c	Number of variables: 36972
c SAT Solving starts:
[runlim] sample:		30.0 time, 30.0 real, 117.3 MB
[runlim] sample:		40.0 time, 40.0 real, 168.6 MB
[runlim] sample:		50.0 time, 50.0 real, 129.2 MB
[runlim] sample:		60.0 time, 60.0 real, 166.5 MB
[runlim] sample:		70.0 time, 70.0 real, 129.2 MB
[runlim] sample:		80.0 time, 80.0 real, 129.2 MB
[runlim] sample:		90.0 time, 90.0 real, 129.2 MB
[runlim] sample:		100.0 time, 100.0 real, 129.2 MB
[runlim] sample:		110.0 time, 110.0 real, 129.2 MB
[runlim] sample:		120.0 time, 120.0 real, 129.2 MB
[runlim] sample:		130.0 time, 130.0 real, 129.2 MB
[runlim] sample:		140.0 time, 140.0 real, 136.2 MB
[runlim] sample:		150.0 time, 150.0 real, 122.3 MB
[runlim] sample:		160.0 time, 160.0 real, 189.3 MB
[runlim] sample:		170.0 time, 170.0 real, 129.6 MB
[runlim] sample:		180.0 time, 180.0 real, 174.3 MB
[runlim] sample:		190.0 time, 190.0 real, 154.2 MB
[runlim] sample:		200.0 time, 200.0 real, 187.5 MB
[runlim] sample:		210.0 time, 210.0 real, 279.5 MB
[runlim] sample:		220.0 time, 220.0 real, 276.1 MB
c	Solving duration: 201990 ms
c	Answer: 
s SAT (w = 47)
c	Solution check:
p calculated antibandwidth = 47.
c
c
c Antibandwidth problem with w = 48 ( K-dwt__234.mtx.rnd ):
c Initializing CaDiCaL (version 1.2.1).
c	Configuring CaDiCaL as --sat (1).
c Initializing a Ladder encoder with n = 117.
c Encoding starts with w = 48:
c	Encode symmetry breaking with option: l.
c	Labels and Vertices aux var: 4680
c	Labels and Vertices constraints:  34515
c	Obj k aux var: 18720
c	Obj k constraints: 122193
c	Obj k glue staircase constraints: 44388
c	Encoding duration: 0s
c	Number of clauses: 156766
c	Number of irredundant clauses: 156432
c	Number of variables: 37089
c SAT Solving starts:
[runlim] sample:		230.0 time, 230.0 real, 163.9 MB
[runlim] sample:		240.0 time, 240.0 real, 163.9 MB
[runlim] sample:		250.0 time, 250.0 real, 165.7 MB
[runlim] sample:		260.0 time, 260.0 real, 202.4 MB
[runlim] sample:		270.0 time, 270.0 real, 219.3 MB
[runlim] sample:		280.0 time, 280.0 real, 166.3 MB
[runlim] sample:		290.0 time, 290.0 real, 166.3 MB
[runlim] sample:		300.0 time, 300.0 real, 166.3 MB
[runlim] sample:		310.0 time, 310.0 real, 201.1 MB
[runlim] sample:		320.0 time, 320.0 real, 167.6 MB
[runlim] sample:		330.0 time, 330.0 real, 167.8 MB
[runlim] sample:		340.0 time, 340.0 real, 266.9 MB
[runlim] sample:		350.0 time, 350.0 real, 263.8 MB
[runlim] sample:		360.0 time, 360.0 real, 255.9 MB
[runlim] sample:		370.0 time, 370.0 real, 287.4 MB
[runlim] sample:		380.0 time, 380.0 real, 327.1 MB
[runlim] sample:		390.0 time, 390.0 real, 349.3 MB
[runlim] sample:		400.0 time, 400.0 real, 278.3 MB
[runlim] sample:		410.0 time, 410.0 real, 350.0 MB
[runlim] sample:		420.0 time, 420.0 real, 350.0 MB
[runlim] sample:		430.0 time, 430.0 real, 282.7 MB
[runlim] sample:		440.0 time, 440.0 real, 314.8 MB
[runlim] sample:		450.0 time, 450.0 real, 334.9 MB
c	Solving duration: 231550 ms
c	Answer: 
s SAT (w = 48)
c	Solution check:
p calculated antibandwidth = 48.
c
c
c Antibandwidth problem with w = 49 ( K-dwt__234.mtx.rnd ):
c Initializing CaDiCaL (version 1.2.1).
c	Configuring CaDiCaL as --sat (1).
c Initializing a Ladder encoder with n = 117.
c Encoding starts with w = 49:
c	Encode symmetry breaking with option: l.
c	Labels and Vertices aux var: 4680
c	Labels and Vertices constraints:  34515
c	Obj k aux var: 18837
c	Obj k constraints: 121779
c	Obj k glue staircase constraints: 43740
c	Encoding duration: 0s
c	Number of clauses: 156352
c	Number of irredundant clauses: 156016
c	Number of variables: 37206
c SAT Solving starts:
[runlim] sample:		460.0 time, 460.0 real, 147.6 MB
[runlim] sample:		470.0 time, 470.0 real, 147.6 MB
[runlim] sample:		480.0 time, 480.0 real, 147.6 MB
[runlim] sample:		490.0 time, 490.0 real, 159.9 MB
[runlim] sample:		500.0 time, 500.0 real, 159.9 MB
[runlim] sample:		510.0 time, 510.0 real, 251.8 MB
[runlim] sample:		520.0 time, 520.0 real, 246.8 MB
[runlim] sample:		530.0 time, 530.0 real, 231.9 MB
[runlim] sample:		540.0 time, 540.0 real, 192.5 MB
[runlim] sample:		550.0 time, 550.0 real, 245.9 MB
[runlim] sample:		560.0 time, 560.0 real, 251.8 MB
[runlim] sample:		570.0 time, 570.0 real, 229.8 MB
[runlim] sample:		580.0 time, 580.0 real, 248.1 MB
[runlim] sample:		590.0 time, 590.0 real, 216.6 MB
[runlim] sample:		600.0 time, 600.0 real, 323.0 MB
[runlim] sample:		610.0 time, 610.0 real, 337.4 MB
[runlim] sample:		620.0 time, 620.0 real, 294.8 MB
[runlim] sample:		630.0 time, 630.0 real, 287.3 MB
[runlim] sample:		640.0 time, 640.0 real, 286.3 MB
[runlim] sample:		650.0 time, 650.0 real, 326.8 MB
[runlim] sample:		660.0 time, 660.0 real, 335.2 MB
[runlim] sample:		670.0 time, 670.0 real, 344.7 MB
[runlim] sample:		680.0 time, 680.0 real, 325.6 MB
[runlim] sample:		690.0 time, 690.0 real, 293.3 MB
[runlim] sample:		700.0 time, 700.0 real, 317.6 MB
[runlim] sample:		710.0 time, 710.0 real, 304.9 MB
[runlim] sample:		720.0 time, 720.0 real, 300.6 MB
[runlim] sample:		730.0 time, 730.0 real, 257.2 MB
[runlim] sample:		740.0 time, 740.0 real, 273.1 MB
[runlim] sample:		750.0 time, 750.0 real, 278.5 MB
[runlim] sample:		760.0 time, 760.0 real, 275.0 MB
[runlim] sample:		769.9 time, 770.0 real, 222.5 MB
[runlim] sample:		779.9 time, 780.0 real, 284.9 MB
[runlim] sample:		789.9 time, 790.0 real, 336.0 MB
[runlim] sample:		800.0 time, 800.0 real, 294.5 MB
[runlim] sample:		810.0 time, 810.0 real, 194.6 MB
[runlim] sample:		819.9 time, 820.0 real, 263.6 MB
[runlim] sample:		829.9 time, 830.0 real, 224.3 MB
[runlim] sample:		839.9 time, 840.0 real, 340.6 MB
[runlim] sample:		850.0 time, 850.0 real, 350.4 MB
[runlim] sample:		860.0 time, 860.0 real, 347.2 MB
[runlim] sample:		869.9 time, 870.0 real, 316.9 MB
[runlim] sample:		879.9 time, 880.0 real, 312.5 MB
[runlim] sample:		889.9 time, 890.0 real, 265.0 MB
[runlim] sample:		900.0 time, 900.0 real, 285.4 MB
[runlim] sample:		910.0 time, 910.0 real, 285.8 MB
[runlim] sample:		920.0 time, 920.0 real, 260.3 MB
[runlim] sample:		930.0 time, 930.0 real, 224.3 MB
[runlim] sample:		939.9 time, 940.0 real, 319.5 MB
[runlim] sample:		949.9 time, 950.0 real, 224.3 MB
[runlim] sample:		959.9 time, 960.0 real, 224.3 MB
[runlim] sample:		969.9 time, 970.0 real, 269.7 MB
[runlim] sample:		979.9 time, 980.0 real, 224.3 MB
[runlim] sample:		989.9 time, 990.0 real, 247.8 MB
[runlim] sample:		999.9 time, 1000.0 real, 218.1 MB
[runlim] sample:		1009.9 time, 1010.0 real, 280.9 MB
[runlim] sample:		1019.9 time, 1020.0 real, 252.1 MB
[runlim] sample:		1029.9 time, 1030.0 real, 208.8 MB
[runlim] sample:		1039.9 time, 1040.0 real, 232.8 MB
[runlim] sample:		1049.9 time, 1050.0 real, 203.4 MB
[runlim] sample:		1059.9 time, 1060.0 real, 203.1 MB
[runlim] sample:		1069.9 time, 1070.0 real, 201.8 MB
[runlim] sample:		1079.9 time, 1080.0 real, 209.1 MB
[runlim] sample:		1089.9 time, 1090.0 real, 207.8 MB
[runlim] sample:		1099.9 time, 1100.0 real, 205.4 MB
[runlim] sample:		1109.9 time, 1110.0 real, 203.4 MB
[runlim] sample:		1119.9 time, 1120.0 real, 191.2 MB
[runlim] sample:		1129.9 time, 1130.0 real, 247.0 MB
[runlim] sample:		1139.9 time, 1140.0 real, 211.7 MB
[runlim] sample:		1149.9 time, 1150.0 real, 211.7 MB
[runlim] sample:		1159.9 time, 1160.0 real, 253.7 MB
[runlim] sample:		1169.9 time, 1170.0 real, 245.9 MB
[runlim] sample:		1179.9 time, 1180.0 real, 211.7 MB
[runlim] sample:		1189.9 time, 1190.0 real, 257.5 MB
[runlim] sample:		1199.9 time, 1200.0 real, 211.7 MB
[runlim] sample:		1209.9 time, 1210.0 real, 267.2 MB
[runlim] sample:		1219.9 time, 1220.0 real, 265.7 MB
[runlim] sample:		1229.9 time, 1230.0 real, 211.7 MB
c	Solving duration: 780218 ms
c	Answer: 
s SAT (w = 49)
c	Solution check:
p calculated antibandwidth = 49.
c
c
c Antibandwidth problem with w = 50 ( K-dwt__234.mtx.rnd ):
c Initializing CaDiCaL (version 1.2.1).
c	Configuring CaDiCaL as --sat (1).
c Initializing a Ladder encoder with n = 117.
c Encoding starts with w = 50:
c	Encode symmetry breaking with option: l.
c	Labels and Vertices aux var: 4680
c	Labels and Vertices constraints:  34515
c	Obj k aux var: 18954
c	Obj k constraints: 121365
c	Obj k glue staircase constraints: 43092
c	Encoding duration: 0s
c	Number of clauses: 155938
c	Number of irredundant clauses: 155600
c	Number of variables: 37323
c SAT Solving starts:
[runlim] sample:		1239.9 time, 1240.0 real, 211.7 MB
[runlim] sample:		1249.9 time, 1250.0 real, 211.7 MB
[runlim] sample:		1259.9 time, 1260.0 real, 211.7 MB
[runlim] sample:		1269.9 time, 1270.0 real, 211.7 MB
[runlim] sample:		1279.9 time, 1280.0 real, 211.7 MB
[runlim] sample:		1289.9 time, 1290.0 real, 211.7 MB
[runlim] sample:		1299.9 time, 1300.0 real, 211.7 MB
[runlim] sample:		1309.9 time, 1310.0 real, 272.1 MB
[runlim] sample:		1319.9 time, 1320.0 real, 322.1 MB
[runlim] sample:		1329.9 time, 1330.0 real, 359.5 MB
[runlim] sample:		1339.9 time, 1340.0 real, 280.1 MB
[runlim] sample:		1349.9 time, 1350.0 real, 293.6 MB
[runlim] sample:		1359.9 time, 1360.0 real, 211.7 MB
[runlim] sample:		1369.9 time, 1370.0 real, 211.7 MB
[runlim] sample:		1379.9 time, 1380.0 real, 220.4 MB
[runlim] sample:		1389.9 time, 1390.0 real, 243.5 MB
[runlim] sample:		1399.9 time, 1400.0 real, 211.9 MB
[runlim] sample:		1409.9 time, 1410.0 real, 213.2 MB
[runlim] sample:		1419.9 time, 1420.0 real, 236.3 MB
[runlim] sample:		1429.9 time, 1430.0 real, 203.1 MB
[runlim] sample:		1439.9 time, 1440.0 real, 234.3 MB
[runlim] sample:		1449.9 time, 1450.0 real, 252.2 MB
[runlim] sample:		1459.9 time, 1460.0 real, 228.3 MB
[runlim] sample:		1469.9 time, 1470.0 real, 203.9 MB
[runlim] sample:		1479.9 time, 1480.0 real, 242.7 MB
[runlim] sample:		1489.9 time, 1490.0 real, 197.7 MB
[runlim] sample:		1499.9 time, 1500.0 real, 203.6 MB
[runlim] sample:		1509.9 time, 1510.0 real, 212.0 MB
[runlim] sample:		1519.9 time, 1520.0 real, 189.6 MB
[runlim] sample:		1529.9 time, 1530.0 real, 214.1 MB
[runlim] sample:		1539.9 time, 1540.0 real, 243.4 MB
[runlim] sample:		1549.9 time, 1550.0 real, 162.1 MB
[runlim] sample:		1559.9 time, 1560.0 real, 194.8 MB
[runlim] sample:		1569.9 time, 1570.0 real, 193.3 MB
[runlim] sample:		1579.9 time, 1580.0 real, 221.6 MB
[runlim] sample:		1589.9 time, 1590.0 real, 270.8 MB
[runlim] sample:		1599.9 time, 1600.0 real, 221.6 MB
[runlim] sample:		1609.9 time, 1610.0 real, 272.0 MB
[runlim] sample:		1619.9 time, 1620.0 real, 444.1 MB
[runlim] sample:		1629.9 time, 1630.0 real, 554.1 MB
[runlim] sample:		1639.9 time, 1640.0 real, 554.1 MB
[runlim] sample:		1649.9 time, 1650.0 real, 515.4 MB
[runlim] sample:		1659.9 time, 1660.0 real, 544.4 MB
[runlim] sample:		1669.9 time, 1670.0 real, 544.4 MB
[runlim] sample:		1679.9 time, 1680.0 real, 527.0 MB
[runlim] sample:		1689.9 time, 1690.0 real, 459.4 MB
[runlim] sample:		1699.9 time, 1700.0 real, 443.5 MB
[runlim] sample:		1709.9 time, 1710.0 real, 319.9 MB
[runlim] sample:		1719.9 time, 1720.0 real, 273.4 MB
[runlim] sample:		1729.9 time, 1730.0 real, 310.8 MB
[runlim] sample:		1739.9 time, 1740.0 real, 542.4 MB
[runlim] sample:		1749.9 time, 1750.0 real, 475.2 MB
[runlim] sample:		1759.9 time, 1760.0 real, 475.2 MB
[runlim] sample:		1769.9 time, 1770.0 real, 443.1 MB
[runlim] sample:		1779.9 time, 1780.0 real, 429.4 MB
[runlim] sample:		1789.9 time, 1790.0 real, 431.6 MB
[runlim] sample:		1799.9 time, 1800.0 real, 427.6 MB
c Signal interruption.
[runlim] end:			Tue Sep 17 15:58:16 2024
[runlim] status:		out of time
[runlim] result:		2
[runlim] children:		0
[runlim] real:			1800.07 seconds
[runlim] time:			1799.89 seconds
[runlim] space:			751.8 MB
[runlim] samples:		18000
