[runlim] version:		1.10
[runlim] time limit:		1800 seconds
[runlim] real time limit:	1800 seconds
[runlim] space limit:		30000 MB
[runlim] argv[0]:		/home/truongxuanhieu/AntiBandwidthReconstruct/build/abw_enc
[runlim] argv[1]:		/home/truongxuanhieu/AntiBandwidthReconstruct/build/Benchmarks/K-dwt__234.mtx.rnd
[runlim] argv[2]:		--product
[runlim] argv[3]:		-symetry-break
[runlim] argv[4]:		l
[runlim] start:			Wed Sep 18 05:57:07 2024
[runlim] main pid:		44987
[runlim] log captured:
c LadderEncoder 1.0.
c Symetry breaking in the lowest degree node.
c Solving strategy: from LB to UB.
c LB-w = 46 (LB in Sinnl - A note on computational approaches for the antibandwidth problem).
c UB-w = 58 (UB in Sinnl - A note on computational approaches for the antibandwidth problem).
c Antibandwidth problem with w = 46 ( K-dwt__234.mtx.rnd ):
c Initializing CaDiCaL (version 1.2.1).
c	Configuring CaDiCaL as --sat (1).
c Initializing a 2-Product encoder with n = 117.
c Encoding starts with w = 46:
c	Encode symmetry breaking with option: l.
c	Encoding duration: 0s
c	Number of clauses: 3201592
c	Number of irredundant clauses: 3198036
c	Number of variables: 609057
c SAT Solving starts:
[runlim] sample:		10.0 time, 10.0 real, 541.2 MB
[runlim] sample:		20.0 time, 20.0 real, 525.4 MB
[runlim] sample:		30.0 time, 30.0 real, 526.2 MB
[runlim] sample:		40.0 time, 40.0 real, 562.4 MB
[runlim] sample:		50.0 time, 50.0 real, 558.1 MB
[runlim] sample:		60.0 time, 60.0 real, 554.2 MB
[runlim] sample:		70.0 time, 70.0 real, 555.6 MB
[runlim] sample:		80.0 time, 80.0 real, 573.3 MB
[runlim] sample:		90.0 time, 90.0 real, 565.6 MB
[runlim] sample:		100.0 time, 100.0 real, 554.3 MB
[runlim] sample:		110.0 time, 110.0 real, 559.5 MB
[runlim] sample:		120.0 time, 120.0 real, 560.4 MB
[runlim] sample:		129.9 time, 130.0 real, 560.5 MB
[runlim] sample:		139.9 time, 140.0 real, 566.3 MB
[runlim] sample:		149.9 time, 150.0 real, 566.3 MB
[runlim] sample:		159.9 time, 160.0 real, 605.3 MB
[runlim] sample:		169.9 time, 170.0 real, 577.9 MB
[runlim] sample:		179.9 time, 180.0 real, 591.5 MB
[runlim] sample:		189.9 time, 190.0 real, 591.5 MB
[runlim] sample:		199.9 time, 200.0 real, 578.6 MB
[runlim] sample:		209.9 time, 210.0 real, 596.8 MB
[runlim] sample:		219.9 time, 220.0 real, 583.6 MB
[runlim] sample:		229.9 time, 230.0 real, 590.2 MB
[runlim] sample:		239.9 time, 240.0 real, 590.2 MB
[runlim] sample:		249.9 time, 250.0 real, 585.0 MB
[runlim] sample:		259.9 time, 260.0 real, 585.0 MB
[runlim] sample:		269.9 time, 270.0 real, 585.0 MB
c	Solving duration: 276732 ms
c	Answer: 
s SAT (w = 46)
c	Solution check:
p calculated antibandwidth = 46.
c
c
c Antibandwidth problem with w = 47 ( K-dwt__234.mtx.rnd ):
c Initializing CaDiCaL (version 1.2.1).
c	Configuring CaDiCaL as --sat (1).
c Initializing a 2-Product encoder with n = 117.
c Encoding starts with w = 47:
c	Encode symmetry breaking with option: l.
c	Encoding duration: 0s
c	Number of clauses: 3204184
c	Number of irredundant clauses: 3200604
c	Number of variables: 600957
c SAT Solving starts:
[runlim] sample:		279.9 time, 280.0 real, 520.4 MB
[runlim] sample:		289.9 time, 290.0 real, 540.4 MB
[runlim] sample:		299.9 time, 300.0 real, 541.8 MB
[runlim] sample:		309.9 time, 310.0 real, 549.8 MB
[runlim] sample:		319.9 time, 320.0 real, 561.8 MB
[runlim] sample:		329.9 time, 330.0 real, 564.5 MB
[runlim] sample:		339.9 time, 340.0 real, 579.8 MB
[runlim] sample:		349.9 time, 350.0 real, 569.5 MB
[runlim] sample:		359.9 time, 360.0 real, 568.2 MB
[runlim] sample:		369.9 time, 370.0 real, 571.3 MB
[runlim] sample:		379.9 time, 380.0 real, 577.1 MB
[runlim] sample:		389.9 time, 390.0 real, 572.5 MB
[runlim] sample:		399.9 time, 400.0 real, 574.9 MB
[runlim] sample:		409.9 time, 410.0 real, 600.0 MB
[runlim] sample:		419.9 time, 420.0 real, 600.0 MB
[runlim] sample:		429.9 time, 430.0 real, 582.9 MB
[runlim] sample:		439.9 time, 440.0 real, 582.9 MB
[runlim] sample:		449.9 time, 450.0 real, 618.8 MB
[runlim] sample:		459.9 time, 460.0 real, 586.3 MB
[runlim] sample:		469.9 time, 470.0 real, 601.6 MB
[runlim] sample:		479.9 time, 480.0 real, 587.9 MB
[runlim] sample:		489.9 time, 490.0 real, 586.1 MB
[runlim] sample:		499.9 time, 500.0 real, 679.5 MB
[runlim] sample:		509.9 time, 510.0 real, 576.4 MB
[runlim] sample:		519.9 time, 520.0 real, 576.4 MB
[runlim] sample:		529.9 time, 530.0 real, 624.1 MB
[runlim] sample:		539.9 time, 540.0 real, 624.1 MB
[runlim] sample:		549.9 time, 550.0 real, 648.4 MB
[runlim] sample:		559.9 time, 560.0 real, 648.4 MB
[runlim] sample:		569.9 time, 570.0 real, 621.4 MB
[runlim] sample:		579.9 time, 580.0 real, 588.9 MB
[runlim] sample:		589.9 time, 590.0 real, 588.9 MB
[runlim] sample:		599.9 time, 600.0 real, 588.9 MB
[runlim] sample:		609.9 time, 610.0 real, 588.9 MB
[runlim] sample:		619.9 time, 620.0 real, 668.7 MB
[runlim] sample:		629.9 time, 630.0 real, 668.7 MB
[runlim] sample:		639.9 time, 640.0 real, 670.4 MB
[runlim] sample:		649.9 time, 650.0 real, 742.9 MB
[runlim] sample:		659.9 time, 660.0 real, 742.9 MB
[runlim] sample:		669.9 time, 670.0 real, 623.2 MB
[runlim] sample:		679.9 time, 680.0 real, 623.2 MB
[runlim] sample:		689.9 time, 690.0 real, 667.5 MB
[runlim] sample:		699.9 time, 700.0 real, 667.5 MB
[runlim] sample:		709.9 time, 710.0 real, 643.6 MB
[runlim] sample:		719.9 time, 720.0 real, 643.6 MB
[runlim] sample:		729.9 time, 730.0 real, 636.5 MB
[runlim] sample:		739.9 time, 740.0 real, 617.8 MB
[runlim] sample:		749.9 time, 750.0 real, 617.8 MB
[runlim] sample:		759.9 time, 760.0 real, 617.8 MB
[runlim] sample:		769.9 time, 770.0 real, 594.6 MB
[runlim] sample:		779.9 time, 780.0 real, 633.3 MB
[runlim] sample:		789.9 time, 790.0 real, 633.3 MB
[runlim] sample:		799.9 time, 800.0 real, 636.1 MB
[runlim] sample:		809.9 time, 810.0 real, 636.1 MB
[runlim] sample:		819.9 time, 820.0 real, 635.6 MB
[runlim] sample:		829.9 time, 830.0 real, 635.6 MB
[runlim] sample:		839.9 time, 840.0 real, 635.6 MB
[runlim] sample:		849.9 time, 850.0 real, 713.6 MB
[runlim] sample:		859.9 time, 860.0 real, 713.6 MB
[runlim] sample:		869.9 time, 870.0 real, 714.8 MB
[runlim] sample:		879.9 time, 880.0 real, 757.0 MB
[runlim] sample:		889.9 time, 890.0 real, 757.1 MB
[runlim] sample:		899.9 time, 900.0 real, 675.5 MB
[runlim] sample:		909.9 time, 910.0 real, 656.7 MB
[runlim] sample:		919.9 time, 920.0 real, 725.4 MB
[runlim] sample:		929.9 time, 930.0 real, 685.5 MB
[runlim] sample:		939.9 time, 940.0 real, 685.5 MB
[runlim] sample:		949.9 time, 950.0 real, 685.5 MB
[runlim] sample:		959.9 time, 960.0 real, 701.9 MB
[runlim] sample:		969.9 time, 970.0 real, 845.7 MB
[runlim] sample:		979.9 time, 980.0 real, 680.8 MB
[runlim] sample:		989.9 time, 990.0 real, 680.8 MB
c	Solving duration: 720519 ms
c	Answer: 
s SAT (w = 47)
c	Solution check:
p calculated antibandwidth = 47.
c
c
c Antibandwidth problem with w = 48 ( K-dwt__234.mtx.rnd ):
c Initializing CaDiCaL (version 1.2.1).
c	Configuring CaDiCaL as --sat (1).
c Initializing a 2-Product encoder with n = 117.
c Encoding starts with w = 48:
c	Encode symmetry breaking with option: l.
c	Encoding duration: 0s
c	Number of clauses: 3205480
c	Number of irredundant clauses: 3201878
c	Number of variables: 592857
c SAT Solving starts:
[runlim] sample:		999.9 time, 1000.0 real, 570.6 MB
[runlim] sample:		1009.9 time, 1010.0 real, 596.5 MB
[runlim] sample:		1019.9 time, 1020.0 real, 598.5 MB
[runlim] sample:		1029.9 time, 1030.0 real, 605.5 MB
[runlim] sample:		1039.9 time, 1040.0 real, 610.1 MB
[runlim] sample:		1049.9 time, 1050.0 real, 609.6 MB
[runlim] sample:		1059.9 time, 1060.0 real, 702.8 MB
[runlim] sample:		1069.9 time, 1070.0 real, 629.9 MB
[runlim] sample:		1079.9 time, 1080.0 real, 613.4 MB
[runlim] sample:		1089.9 time, 1090.0 real, 620.5 MB
[runlim] sample:		1099.9 time, 1100.0 real, 620.5 MB
[runlim] sample:		1109.9 time, 1110.0 real, 660.9 MB
[runlim] sample:		1119.9 time, 1120.0 real, 616.8 MB
[runlim] sample:		1129.9 time, 1130.0 real, 616.8 MB
[runlim] sample:		1139.9 time, 1140.0 real, 634.6 MB
[runlim] sample:		1149.9 time, 1150.0 real, 638.1 MB
[runlim] sample:		1159.9 time, 1160.0 real, 629.4 MB
[runlim] sample:		1169.9 time, 1170.0 real, 637.8 MB
[runlim] sample:		1179.9 time, 1180.0 real, 637.8 MB
[runlim] sample:		1189.9 time, 1190.0 real, 632.2 MB
[runlim] sample:		1199.9 time, 1200.0 real, 632.2 MB
[runlim] sample:		1209.9 time, 1210.0 real, 647.1 MB
[runlim] sample:		1219.9 time, 1220.0 real, 625.7 MB
[runlim] sample:		1229.9 time, 1230.0 real, 625.7 MB
[runlim] sample:		1239.9 time, 1240.0 real, 672.5 MB
[runlim] sample:		1249.9 time, 1250.0 real, 626.0 MB
[runlim] sample:		1259.9 time, 1260.0 real, 626.0 MB
[runlim] sample:		1269.9 time, 1270.0 real, 626.0 MB
[runlim] sample:		1279.9 time, 1280.0 real, 642.8 MB
[runlim] sample:		1289.9 time, 1290.0 real, 648.6 MB
[runlim] sample:		1299.9 time, 1300.0 real, 648.6 MB
[runlim] sample:		1309.9 time, 1310.0 real, 651.1 MB
[runlim] sample:		1319.9 time, 1320.0 real, 651.1 MB
[runlim] sample:		1329.9 time, 1330.0 real, 658.7 MB
[runlim] sample:		1339.9 time, 1340.0 real, 658.7 MB
[runlim] sample:		1349.9 time, 1350.0 real, 668.9 MB
[runlim] sample:		1359.9 time, 1360.0 real, 668.9 MB
[runlim] sample:		1369.9 time, 1370.0 real, 647.9 MB
[runlim] sample:		1379.9 time, 1380.0 real, 647.9 MB
[runlim] sample:		1389.9 time, 1390.0 real, 647.9 MB
[runlim] sample:		1399.9 time, 1400.0 real, 673.5 MB
[runlim] sample:		1409.9 time, 1410.0 real, 673.5 MB
[runlim] sample:		1419.9 time, 1420.0 real, 635.0 MB
[runlim] sample:		1429.9 time, 1430.0 real, 635.0 MB
[runlim] sample:		1439.9 time, 1440.0 real, 635.0 MB
[runlim] sample:		1449.9 time, 1450.0 real, 673.2 MB
[runlim] sample:		1459.9 time, 1460.0 real, 673.2 MB
[runlim] sample:		1469.9 time, 1470.0 real, 676.5 MB
[runlim] sample:		1479.9 time, 1480.0 real, 676.5 MB
[runlim] sample:		1489.9 time, 1490.0 real, 655.4 MB
[runlim] sample:		1499.9 time, 1500.0 real, 655.4 MB
[runlim] sample:		1509.9 time, 1510.0 real, 641.0 MB
[runlim] sample:		1519.9 time, 1520.0 real, 641.0 MB
[runlim] sample:		1529.9 time, 1530.0 real, 643.0 MB
[runlim] sample:		1539.9 time, 1540.0 real, 657.4 MB
[runlim] sample:		1549.9 time, 1550.0 real, 657.4 MB
[runlim] sample:		1559.9 time, 1560.0 real, 657.4 MB
[runlim] sample:		1569.9 time, 1570.0 real, 657.4 MB
[runlim] sample:		1579.9 time, 1580.0 real, 657.4 MB
[runlim] sample:		1589.9 time, 1590.0 real, 657.4 MB
[runlim] sample:		1599.9 time, 1600.0 real, 657.4 MB
[runlim] sample:		1609.9 time, 1610.0 real, 778.0 MB
[runlim] sample:		1619.9 time, 1620.0 real, 778.0 MB
[runlim] sample:		1629.9 time, 1630.0 real, 778.0 MB
[runlim] sample:		1639.9 time, 1640.0 real, 778.0 MB
[runlim] sample:		1649.9 time, 1650.0 real, 780.2 MB
[runlim] sample:		1659.9 time, 1660.0 real, 780.2 MB
[runlim] sample:		1669.9 time, 1670.0 real, 780.2 MB
[runlim] sample:		1679.9 time, 1680.0 real, 694.5 MB
[runlim] sample:		1689.9 time, 1690.0 real, 694.5 MB
[runlim] sample:		1699.9 time, 1700.0 real, 694.5 MB
[runlim] sample:		1709.9 time, 1710.0 real, 702.3 MB
[runlim] sample:		1719.9 time, 1720.0 real, 702.3 MB
[runlim] sample:		1729.9 time, 1730.0 real, 686.1 MB
[runlim] sample:		1739.9 time, 1740.0 real, 686.1 MB
[runlim] sample:		1749.9 time, 1750.0 real, 730.1 MB
[runlim] sample:		1759.9 time, 1760.0 real, 730.5 MB
[runlim] sample:		1769.9 time, 1770.0 real, 710.5 MB
[runlim] sample:		1779.9 time, 1780.0 real, 710.5 MB
[runlim] sample:		1789.9 time, 1790.0 real, 710.5 MB
[runlim] sample:		1799.9 time, 1800.0 real, 806.3 MB
c Signal interruption.
[runlim] end:			Wed Sep 18 06:27:07 2024
[runlim] status:		out of time
[runlim] result:		2
[runlim] children:		0
[runlim] real:			1800.06 seconds
[runlim] time:			1799.86 seconds
[runlim] space:			1027.2 MB
[runlim] samples:		18000
