[runlim] version:		1.10
[runlim] time limit:		1800 seconds
[runlim] real time limit:	1800 seconds
[runlim] space limit:		30000 MB
[runlim] argv[0]:		/home/truongxuanhieu/AntiBandwidthReconstruct/build/abw_enc
[runlim] argv[1]:		/home/truongxuanhieu/AntiBandwidthReconstruct/build/Benchmarks/L-bcspwr03.mtx.rnd
[runlim] argv[2]:		--product
[runlim] argv[3]:		-symetry-break
[runlim] argv[4]:		l
[runlim] start:			Wed Sep 18 06:27:07 2024
[runlim] main pid:		45317
[runlim] log captured:
c LadderEncoder 1.0.
c Symetry breaking in the lowest degree node.
c Solving strategy: from LB to UB.
c LB-w = 39 (LB in Sinnl - A note on computational approaches for the antibandwidth problem).
c UB-w = 39 (UB in Sinnl - A note on computational approaches for the antibandwidth problem).
c Antibandwidth problem with w = 39 ( L-bcspwr03.mtx.rnd ):
c Initializing CaDiCaL (version 1.2.1).
c	Configuring CaDiCaL as --sat (1).
c Initializing a 2-Product encoder with n = 118.
c Encoding starts with w = 39:
c	Encode symmetry breaking with option: l.
c	Encoding duration: 0s
c	Number of clauses: 3398999
c	Number of irredundant clauses: 3395584
c	Number of variables: 684916
c SAT Solving starts:
[runlim] sample:		10.0 time, 10.1 real, 537.0 MB
[runlim] sample:		20.0 time, 20.1 real, 543.2 MB
c	Solving duration: 23933 ms
c	Answer: 
s SAT (w = 39)
c	Solution check:
p calculated antibandwidth = 39.
c
c
[runlim] end:			Wed Sep 18 06:27:31 2024
[runlim] status:		ok
[runlim] result:		0
[runlim] children:		0
[runlim] real:			24.89 seconds
[runlim] time:			24.79 seconds
[runlim] space:			673.2 MB
[runlim] samples:		248
