[runlim] version:		1.10
[runlim] time limit:		1800 seconds
[runlim] real time limit:	1800 seconds
[runlim] space limit:		30000 MB
[runlim] argv[0]:		/home/hvanh28/AntiBandwidthReconstruct/build/abw_enc
[runlim] argv[1]:		/home/hvanh28/AntiBandwidthReconstruct/build/Benchmarks/L-bcspwr03.mtx.rnd
[runlim] argv[2]:		--seq
[runlim] argv[3]:		-symetry-break
[runlim] argv[4]:		l
[runlim] start:			Tue Sep 17 19:23:34 2024
[runlim] main pid:		139692
[runlim] log captured:
c LadderEncoder 1.0.
c Symetry breaking in the lowest degree node.
c Solving strategy: from LB to UB.
c LB-w = 39 (LB in Sinnl - A note on computational approaches for the antibandwidth problem).
c UB-w = 39 (UB in Sinnl - A note on computational approaches for the antibandwidth problem).
c Antibandwidth problem with w = 39 ( L-bcspwr03.mtx.rnd ):
c Initializing CaDiCaL (version 1.2.1).
c	Configuring CaDiCaL as --sat (1).
c Initializing a Sequential encoder with n = 118.
c Encoding starts with w = 39:
c	Encode symmetry breaking with option: l.
c	Encoding duration: 1s
c	Number of clauses: 3361939
c	Number of irredundant clauses: 3358546
c	Number of variables: 1129620
c SAT Solving starts:
[runlim] sample:		10.0 time, 10.3 real, 703.8 MB
[runlim] sample:		20.0 time, 20.3 real, 573.7 MB
[runlim] sample:		30.0 time, 30.3 real, 601.8 MB
[runlim] sample:		40.0 time, 40.3 real, 605.3 MB
[runlim] sample:		50.0 time, 50.3 real, 602.6 MB
[runlim] sample:		60.0 time, 60.3 real, 604.9 MB
c	Solving duration: 66573 ms
c	Answer: 
s SAT (w = 39)
c	Solution check:
p calculated antibandwidth = 39.
c
c
[runlim] end:			Tue Sep 17 19:24:42 2024
[runlim] status:		ok
[runlim] result:		0
[runlim] children:		0
[runlim] real:			68.70 seconds
[runlim] time:			68.38 seconds
[runlim] space:			871.8 MB
[runlim] samples:		684
