[runlim] version:		1.10
[runlim] time limit:		1800 seconds
[runlim] real time limit:	1800 seconds
[runlim] space limit:		30000 MB
[runlim] argv[0]:		/home/hvanh28/AntiBandwidthReconstruct/build/abw_enc
[runlim] argv[1]:		/home/hvanh28/AntiBandwidthReconstruct/build/Benchmarks/M-bcsstk06.mtx.rnd
[runlim] argv[2]:		--seq
[runlim] argv[3]:		-symetry-break
[runlim] argv[4]:		l
[runlim] start:			Tue Sep 17 19:57:10 2024
[runlim] main pid:		139875
[runlim] log captured:
c LadderEncoder 1.0.
c Symetry breaking in the lowest degree node.
c Solving strategy: from LB to UB.
c LB-w = 28 (LB in Sinnl - A note on computational approaches for the antibandwidth problem).
c UB-w = 72 (UB in Sinnl - A note on computational approaches for the antibandwidth problem).
c Antibandwidth problem with w = 28 ( M-bcsstk06.mtx.rnd ):
c Initializing CaDiCaL (version 1.2.1).
c	Configuring CaDiCaL as --sat (1).
c Initializing a Sequential encoder with n = 420.
c Encoding starts with w = 28:
c	Encode symmetry breaking with option: l.
[runlim] sample:		10.0 time, 10.1 real, 2876.3 MB
[runlim] sample:		20.0 time, 20.1 real, 5578.9 MB
[runlim] sample:		30.0 time, 30.1 real, 7859.5 MB
[runlim] sample:		40.0 time, 40.1 real, 10834.7 MB
[runlim] sample:		50.0 time, 50.1 real, 13537.4 MB
[runlim] sample:		59.9 time, 60.1 real, 15651.6 MB
[runlim] sample:		69.9 time, 70.1 real, 17612.8 MB
[runlim] sample:		79.9 time, 80.1 real, 21537.8 MB
[runlim] sample:		89.9 time, 90.1 real, 24818.3 MB
[runlim] sample:		99.9 time, 100.1 real, 27019.3 MB
[runlim] sample:		109.9 time, 110.1 real, 29055.6 MB
c Signal interruption.
[runlim] end:			Tue Sep 17 19:59:05 2024
[runlim] status:		out of memory
[runlim] result:		3
[runlim] children:		0
[runlim] real:			115.70 seconds
[runlim] time:			115.51 seconds
[runlim] space:			30009.7 MB
[runlim] samples:		1156
