[runlim] version:		1.10
[runlim] time limit:		1800 seconds
[runlim] real time limit:	1800 seconds
[runlim] space limit:		30000 MB
[runlim] argv[0]:		/home/hvanh28/AntiBandwidthReconstruct/build/abw_enc
[runlim] argv[1]:		/home/hvanh28/AntiBandwidthReconstruct/build/Benchmarks/N-bcsstk07.mtx.rnd
[runlim] argv[2]:		--seq
[runlim] argv[3]:		-symetry-break
[runlim] argv[4]:		l
[runlim] start:			Tue Sep 17 20:01:41 2024
[runlim] main pid:		140044
[runlim] log captured:
c LadderEncoder 1.0.
c Symetry breaking in the lowest degree node.
c Solving strategy: from LB to UB.
c LB-w = 28 (LB in Sinnl - A note on computational approaches for the antibandwidth problem).
c UB-w = 72 (UB in Sinnl - A note on computational approaches for the antibandwidth problem).
c Antibandwidth problem with w = 28 ( N-bcsstk07.mtx.rnd ):
c Initializing CaDiCaL (version 1.2.1).
c	Configuring CaDiCaL as --sat (1).
c Initializing a Sequential encoder with n = 420.
c Encoding starts with w = 28:
c	Encode symmetry breaking with option: l.
[runlim] sample:		10.0 time, 10.6 real, 3634.6 MB
[runlim] sample:		20.0 time, 20.6 real, 7199.9 MB
[runlim] sample:		30.0 time, 30.6 real, 11281.8 MB
[runlim] sample:		40.0 time, 40.6 real, 14304.0 MB
[runlim] sample:		50.0 time, 50.6 real, 17126.4 MB
[runlim] sample:		60.0 time, 60.6 real, 21816.9 MB
[runlim] sample:		70.0 time, 70.6 real, 25656.5 MB
[runlim] sample:		80.0 time, 80.6 real, 28497.9 MB
c Signal interruption.
[runlim] end:			Tue Sep 17 20:03:08 2024
[runlim] status:		out of memory
[runlim] result:		3
[runlim] children:		0
[runlim] real:			87.79 seconds
[runlim] time:			87.18 seconds
[runlim] space:			30017.5 MB
[runlim] samples:		872
