[runlim] version:		1.10
[runlim] time limit:		1800 seconds
[runlim] real time limit:	1800 seconds
[runlim] space limit:		30000 MB
[runlim] argv[0]:		/home/truongxuanhieu/AntiBandwidthReconstruct/build/abw_enc
[runlim] argv[1]:		/home/truongxuanhieu/AntiBandwidthReconstruct/build/Benchmarks/O-impcol_d.mtx.rnd
[runlim] argv[2]:		--duplex
[runlim] argv[3]:		-symetry-break
[runlim] argv[4]:		l
[runlim] start:			Tue Sep 17 16:42:19 2024
[runlim] main pid:		14283
[runlim] log captured:
c LadderEncoder 1.0.
c Symetry breaking in the lowest degree node.
c Solving strategy: from LB to UB.
c LB-w = 91 (LB in Sinnl - A note on computational approaches for the antibandwidth problem).
c UB-w = 173 (UB in Sinnl - A note on computational approaches for the antibandwidth problem).
c Antibandwidth problem with w = 91 ( O-impcol_d.mtx.rnd ):
c Initializing CaDiCaL (version 1.2.1).
c	Configuring CaDiCaL as --sat (1).
c Initializing a Duplex encoder with n = 425.
c Encoding starts with w = 91:
c	Encode symmetry breaking with option: l.
c	Labels and Vertices aux var: 34000
c	Labels and Vertices constraints:  415650
c	Obj k aux var: 586500
c	Obj k constraints: 3576368
c	Obj k glue staircase constraints: 1683843
c	Encoding duration: 1s
c	Number of clauses: 3992230
c	Number of irredundant clauses: 3705124
c	Number of variables: 801125
c SAT Solving starts:
[runlim] sample:		10.0 time, 10.1 real, 717.2 MB
[runlim] sample:		20.0 time, 20.1 real, 672.8 MB
[runlim] sample:		30.0 time, 30.1 real, 713.7 MB
[runlim] sample:		40.0 time, 40.1 real, 709.6 MB
[runlim] sample:		50.0 time, 50.1 real, 715.0 MB
[runlim] sample:		60.0 time, 60.1 real, 696.8 MB
[runlim] sample:		70.0 time, 70.1 real, 784.5 MB
[runlim] sample:		80.0 time, 80.1 real, 759.7 MB
[runlim] sample:		90.0 time, 90.1 real, 789.1 MB
[runlim] sample:		100.0 time, 100.1 real, 693.0 MB
[runlim] sample:		110.0 time, 110.1 real, 698.1 MB
[runlim] sample:		120.0 time, 120.1 real, 701.5 MB
[runlim] sample:		130.0 time, 130.1 real, 749.1 MB
[runlim] sample:		140.0 time, 140.1 real, 726.6 MB
[runlim] sample:		150.0 time, 150.1 real, 680.9 MB
[runlim] sample:		160.0 time, 160.1 real, 727.0 MB
[runlim] sample:		170.0 time, 170.1 real, 678.1 MB
[runlim] sample:		180.0 time, 180.1 real, 678.1 MB
[runlim] sample:		190.0 time, 190.1 real, 825.1 MB
c	Solving duration: 196926 ms
c	Answer: 
s SAT (w = 91)
c	Solution check:
p calculated antibandwidth = 91.
c
c
c Antibandwidth problem with w = 92 ( O-impcol_d.mtx.rnd ):
c Initializing CaDiCaL (version 1.2.1).
c	Configuring CaDiCaL as --sat (1).
c Initializing a Duplex encoder with n = 425.
c Encoding starts with w = 92:
c	Encode symmetry breaking with option: l.
[runlim] sample:		200.0 time, 200.1 real, 682.1 MB
c	Labels and Vertices aux var: 34000
c	Labels and Vertices constraints:  415650
c	Obj k aux var: 589050
c	Obj k constraints: 3576400
c	Obj k glue staircase constraints: 1678775
c	Encoding duration: 1s
c	Number of clauses: 3992262
c	Number of irredundant clauses: 3706015
c	Number of variables: 803675
c SAT Solving starts:
[runlim] sample:		210.0 time, 210.1 real, 718.7 MB
[runlim] sample:		220.0 time, 220.1 real, 719.2 MB
[runlim] sample:		230.0 time, 230.1 real, 755.1 MB
[runlim] sample:		240.0 time, 240.1 real, 753.2 MB
[runlim] sample:		250.0 time, 250.1 real, 752.7 MB
[runlim] sample:		260.0 time, 260.1 real, 773.8 MB
[runlim] sample:		270.0 time, 270.1 real, 721.4 MB
c	Solving duration: 74555 ms
c	Answer: 
s SAT (w = 92)
c	Solution check:
p calculated antibandwidth = 92.
c
c
c Antibandwidth problem with w = 93 ( O-impcol_d.mtx.rnd ):
c Initializing CaDiCaL (version 1.2.1).
c	Configuring CaDiCaL as --sat (1).
c Initializing a Duplex encoder with n = 425.
c Encoding starts with w = 93:
c	Encode symmetry breaking with option: l.
c	Labels and Vertices aux var: 34000
c	Labels and Vertices constraints:  415650
c	Obj k aux var: 591600
c	Obj k constraints: 3576432
c	Obj k glue staircase constraints: 1673707
c	Encoding duration: 1s
c	Number of clauses: 3992294
c	Number of irredundant clauses: 3706906
c	Number of variables: 806225
c SAT Solving starts:
[runlim] sample:		280.0 time, 280.1 real, 706.7 MB
[runlim] sample:		290.0 time, 290.1 real, 709.3 MB
[runlim] sample:		300.0 time, 300.1 real, 732.5 MB
[runlim] sample:		310.0 time, 310.1 real, 748.7 MB
[runlim] sample:		320.0 time, 320.1 real, 748.6 MB
[runlim] sample:		330.0 time, 330.1 real, 893.3 MB
[runlim] sample:		340.0 time, 340.1 real, 797.7 MB
[runlim] sample:		350.0 time, 350.1 real, 759.6 MB
[runlim] sample:		360.0 time, 360.1 real, 811.2 MB
[runlim] sample:		370.0 time, 370.1 real, 764.7 MB
[runlim] sample:		380.0 time, 380.1 real, 855.8 MB
[runlim] sample:		390.0 time, 390.1 real, 861.6 MB
[runlim] sample:		400.0 time, 400.1 real, 787.3 MB
[runlim] sample:		410.0 time, 410.1 real, 859.8 MB
[runlim] sample:		420.0 time, 420.1 real, 756.8 MB
[runlim] sample:		430.0 time, 430.1 real, 712.0 MB
[runlim] sample:		440.0 time, 440.1 real, 738.2 MB
c	Solving duration: 164291 ms
c	Answer: 
s SAT (w = 93)
c	Solution check:
p calculated antibandwidth = 93.
c
c
c Antibandwidth problem with w = 94 ( O-impcol_d.mtx.rnd ):
c Initializing CaDiCaL (version 1.2.1).
c	Configuring CaDiCaL as --sat (1).
c Initializing a Duplex encoder with n = 425.
c Encoding starts with w = 94:
c	Encode symmetry breaking with option: l.
c	Labels and Vertices aux var: 34000
c	Labels and Vertices constraints:  415650
c	Obj k aux var: 594150
c	Obj k constraints: 3576464
c	Obj k glue staircase constraints: 1668639
c	Encoding duration: 1s
c	Number of clauses: 3992326
c	Number of irredundant clauses: 3707797
c	Number of variables: 808775
c SAT Solving starts:
[runlim] sample:		450.0 time, 450.1 real, 736.9 MB
[runlim] sample:		460.0 time, 460.1 real, 717.3 MB
[runlim] sample:		470.0 time, 470.1 real, 718.4 MB
[runlim] sample:		480.0 time, 480.1 real, 755.1 MB
[runlim] sample:		490.0 time, 490.1 real, 806.9 MB
[runlim] sample:		500.0 time, 500.1 real, 761.5 MB
[runlim] sample:		510.0 time, 510.1 real, 760.8 MB
[runlim] sample:		520.0 time, 520.1 real, 809.6 MB
[runlim] sample:		530.0 time, 530.1 real, 808.1 MB
[runlim] sample:		540.0 time, 540.1 real, 716.2 MB
[runlim] sample:		550.0 time, 550.1 real, 751.0 MB
[runlim] sample:		560.0 time, 560.1 real, 717.1 MB
[runlim] sample:		570.0 time, 570.1 real, 738.9 MB
c	Solving duration: 129787 ms
c	Answer: 
s SAT (w = 94)
c	Solution check:
p calculated antibandwidth = 94.
c
c
c Antibandwidth problem with w = 95 ( O-impcol_d.mtx.rnd ):
c Initializing CaDiCaL (version 1.2.1).
c	Configuring CaDiCaL as --sat (1).
c Initializing a Duplex encoder with n = 425.
c Encoding starts with w = 95:
c	Encode symmetry breaking with option: l.
c	Labels and Vertices aux var: 34000
c	Labels and Vertices constraints:  415650
c	Obj k aux var: 596700
c	Obj k constraints: 3576496
c	Obj k glue staircase constraints: 1663571
c	Encoding duration: 1s
c	Number of clauses: 3992358
c	Number of irredundant clauses: 3708688
c	Number of variables: 811325
c SAT Solving starts:
[runlim] sample:		580.0 time, 580.1 real, 776.1 MB
[runlim] sample:		590.0 time, 590.1 real, 738.9 MB
[runlim] sample:		599.9 time, 600.1 real, 769.0 MB
[runlim] sample:		609.9 time, 610.1 real, 779.1 MB
[runlim] sample:		619.9 time, 620.1 real, 775.0 MB
[runlim] sample:		630.0 time, 630.1 real, 777.8 MB
[runlim] sample:		639.9 time, 640.1 real, 786.7 MB
[runlim] sample:		649.9 time, 650.1 real, 742.6 MB
[runlim] sample:		659.9 time, 660.1 real, 768.6 MB
[runlim] sample:		669.9 time, 670.1 real, 925.1 MB
[runlim] sample:		679.9 time, 680.1 real, 783.3 MB
[runlim] sample:		689.9 time, 690.1 real, 738.2 MB
[runlim] sample:		699.9 time, 700.1 real, 739.2 MB
[runlim] sample:		709.9 time, 710.1 real, 739.7 MB
[runlim] sample:		719.9 time, 720.1 real, 742.5 MB
[runlim] sample:		729.9 time, 730.1 real, 744.6 MB
[runlim] sample:		739.9 time, 740.1 real, 894.3 MB
[runlim] sample:		749.9 time, 750.1 real, 828.4 MB
[runlim] sample:		759.9 time, 760.1 real, 802.9 MB
[runlim] sample:		769.9 time, 770.1 real, 802.9 MB
[runlim] sample:		779.9 time, 780.1 real, 980.6 MB
[runlim] sample:		789.9 time, 790.1 real, 873.1 MB
[runlim] sample:		799.9 time, 800.1 real, 871.2 MB
c	Solving duration: 235215 ms
c	Answer: 
s SAT (w = 95)
c	Solution check:
p calculated antibandwidth = 95.
c
c
c Antibandwidth problem with w = 96 ( O-impcol_d.mtx.rnd ):
c Initializing CaDiCaL (version 1.2.1).
c	Configuring CaDiCaL as --sat (1).
c Initializing a Duplex encoder with n = 425.
c Encoding starts with w = 96:
c	Encode symmetry breaking with option: l.
[runlim] sample:		809.9 time, 810.1 real, 661.4 MB
c	Labels and Vertices aux var: 34000
c	Labels and Vertices constraints:  415650
c	Obj k aux var: 599250
c	Obj k constraints: 3576528
c	Obj k glue staircase constraints: 1658503
c	Encoding duration: 1s
c	Number of clauses: 3992390
c	Number of irredundant clauses: 3709579
c	Number of variables: 813875
c SAT Solving starts:
[runlim] sample:		819.9 time, 820.1 real, 864.0 MB
[runlim] sample:		829.9 time, 830.1 real, 877.4 MB
[runlim] sample:		839.9 time, 840.1 real, 785.3 MB
[runlim] sample:		849.9 time, 850.1 real, 766.1 MB
[runlim] sample:		859.9 time, 860.1 real, 765.9 MB
[runlim] sample:		869.9 time, 870.1 real, 844.6 MB
[runlim] sample:		879.9 time, 880.1 real, 791.3 MB
c	Solving duration: 72976 ms
c	Answer: 
s SAT (w = 96)
c	Solution check:
p calculated antibandwidth = 96.
c
c
c Antibandwidth problem with w = 97 ( O-impcol_d.mtx.rnd ):
c Initializing CaDiCaL (version 1.2.1).
c	Configuring CaDiCaL as --sat (1).
c Initializing a Duplex encoder with n = 425.
c Encoding starts with w = 97:
c	Encode symmetry breaking with option: l.
c	Labels and Vertices aux var: 34000
c	Labels and Vertices constraints:  415650
c	Obj k aux var: 601800
c	Obj k constraints: 3576560
c	Obj k glue staircase constraints: 1653435
c	Encoding duration: 1s
c	Number of clauses: 3992422
c	Number of irredundant clauses: 3710470
c	Number of variables: 816425
c SAT Solving starts:
[runlim] sample:		889.9 time, 890.1 real, 721.6 MB
[runlim] sample:		899.9 time, 900.1 real, 725.7 MB
[runlim] sample:		909.9 time, 910.1 real, 734.2 MB
[runlim] sample:		919.9 time, 920.1 real, 763.1 MB
[runlim] sample:		929.9 time, 930.1 real, 764.1 MB
[runlim] sample:		939.9 time, 940.1 real, 767.8 MB
[runlim] sample:		949.9 time, 950.1 real, 862.9 MB
[runlim] sample:		959.9 time, 960.1 real, 794.2 MB
[runlim] sample:		969.9 time, 970.1 real, 726.6 MB
c	Solving duration: 93179 ms
c	Answer: 
s SAT (w = 97)
c	Solution check:
p calculated antibandwidth = 97.
c
c
c Antibandwidth problem with w = 98 ( O-impcol_d.mtx.rnd ):
c Initializing CaDiCaL (version 1.2.1).
c	Configuring CaDiCaL as --sat (1).
c Initializing a Duplex encoder with n = 425.
c Encoding starts with w = 98:
c	Encode symmetry breaking with option: l.
c	Labels and Vertices aux var: 34000
c	Labels and Vertices constraints:  415650
c	Obj k aux var: 604350
c	Obj k constraints: 3576592
c	Obj k glue staircase constraints: 1648367
c	Encoding duration: 1s
c	Number of clauses: 3992454
c	Number of irredundant clauses: 3711361
c	Number of variables: 818975
c SAT Solving starts:
[runlim] sample:		979.9 time, 980.1 real, 683.4 MB
[runlim] sample:		989.9 time, 990.1 real, 743.5 MB
[runlim] sample:		999.9 time, 1000.1 real, 750.6 MB
[runlim] sample:		1009.9 time, 1010.1 real, 829.7 MB
[runlim] sample:		1019.9 time, 1020.1 real, 828.2 MB
[runlim] sample:		1029.9 time, 1030.1 real, 809.4 MB
[runlim] sample:		1039.9 time, 1040.1 real, 782.8 MB
[runlim] sample:		1049.9 time, 1050.1 real, 871.1 MB
[runlim] sample:		1059.9 time, 1060.1 real, 793.5 MB
[runlim] sample:		1069.9 time, 1070.1 real, 780.7 MB
[runlim] sample:		1079.9 time, 1080.1 real, 788.2 MB
[runlim] sample:		1089.9 time, 1090.1 real, 758.8 MB
[runlim] sample:		1099.9 time, 1100.1 real, 746.4 MB
[runlim] sample:		1109.9 time, 1110.1 real, 751.0 MB
[runlim] sample:		1119.9 time, 1120.1 real, 753.0 MB
[runlim] sample:		1129.9 time, 1130.1 real, 869.2 MB
[runlim] sample:		1139.9 time, 1140.1 real, 750.7 MB
[runlim] sample:		1149.9 time, 1150.1 real, 747.6 MB
c	Solving duration: 172940 ms
c	Answer: 
s SAT (w = 98)
c	Solution check:
p calculated antibandwidth = 98.
c
c
c Antibandwidth problem with w = 99 ( O-impcol_d.mtx.rnd ):
c Initializing CaDiCaL (version 1.2.1).
c	Configuring CaDiCaL as --sat (1).
c Initializing a Duplex encoder with n = 425.
c Encoding starts with w = 99:
c	Encode symmetry breaking with option: l.
c	Labels and Vertices aux var: 34000
c	Labels and Vertices constraints:  415650
c	Obj k aux var: 606900
c	Obj k constraints: 3576624
c	Obj k glue staircase constraints: 1643299
c	Encoding duration: 1s
c	Number of clauses: 3992486
c	Number of irredundant clauses: 3712252
c	Number of variables: 821525
c SAT Solving starts:
[runlim] sample:		1159.9 time, 1160.1 real, 801.9 MB
[runlim] sample:		1169.9 time, 1170.1 real, 764.4 MB
[runlim] sample:		1179.9 time, 1180.1 real, 793.4 MB
[runlim] sample:		1189.9 time, 1190.1 real, 796.0 MB
[runlim] sample:		1199.9 time, 1200.1 real, 877.0 MB
[runlim] sample:		1209.9 time, 1210.1 real, 760.4 MB
[runlim] sample:		1219.9 time, 1220.1 real, 803.2 MB
[runlim] sample:		1229.9 time, 1230.1 real, 762.1 MB
[runlim] sample:		1239.9 time, 1240.1 real, 912.8 MB
[runlim] sample:		1249.9 time, 1250.1 real, 816.6 MB
[runlim] sample:		1259.9 time, 1260.1 real, 911.2 MB
[runlim] sample:		1269.9 time, 1270.1 real, 892.1 MB
[runlim] sample:		1279.9 time, 1280.1 real, 797.5 MB
[runlim] sample:		1289.9 time, 1290.1 real, 797.8 MB
[runlim] sample:		1299.9 time, 1300.1 real, 834.7 MB
[runlim] sample:		1309.9 time, 1310.1 real, 803.0 MB
[runlim] sample:		1319.9 time, 1320.1 real, 801.1 MB
[runlim] sample:		1329.9 time, 1330.1 real, 765.0 MB
[runlim] sample:		1339.9 time, 1340.1 real, 764.8 MB
[runlim] sample:		1349.9 time, 1350.1 real, 772.6 MB
[runlim] sample:		1359.9 time, 1360.1 real, 833.9 MB
[runlim] sample:		1369.9 time, 1370.1 real, 853.9 MB
[runlim] sample:		1379.9 time, 1380.1 real, 1088.0 MB
[runlim] sample:		1389.9 time, 1390.1 real, 980.7 MB
[runlim] sample:		1399.9 time, 1400.1 real, 843.4 MB
[runlim] sample:		1409.9 time, 1410.1 real, 799.7 MB
[runlim] sample:		1419.9 time, 1420.1 real, 852.0 MB
[runlim] sample:		1429.9 time, 1430.1 real, 879.9 MB
c	Solving duration: 277213 ms
c	Answer: 
s SAT (w = 99)
c	Solution check:
p calculated antibandwidth = 99.
c
c
c Antibandwidth problem with w = 100 ( O-impcol_d.mtx.rnd ):
c Initializing CaDiCaL (version 1.2.1).
c	Configuring CaDiCaL as --sat (1).
c Initializing a Duplex encoder with n = 425.
c Encoding starts with w = 100:
c	Encode symmetry breaking with option: l.
c	Labels and Vertices aux var: 34000
c	Labels and Vertices constraints:  415650
c	Obj k aux var: 609450
c	Obj k constraints: 3576656
c	Obj k glue staircase constraints: 1638231
c	Encoding duration: 1s
c	Number of clauses: 3992518
c	Number of irredundant clauses: 3713143
c	Number of variables: 824075
c SAT Solving starts:
[runlim] sample:		1439.9 time, 1440.1 real, 800.3 MB
[runlim] sample:		1449.9 time, 1450.1 real, 762.9 MB
[runlim] sample:		1459.9 time, 1460.1 real, 813.8 MB
[runlim] sample:		1469.9 time, 1470.1 real, 848.9 MB
[runlim] sample:		1479.9 time, 1480.1 real, 848.6 MB
[runlim] sample:		1489.9 time, 1490.1 real, 851.9 MB
[runlim] sample:		1499.9 time, 1500.1 real, 850.4 MB
[runlim] sample:		1509.9 time, 1510.1 real, 853.0 MB
[runlim] sample:		1519.9 time, 1520.1 real, 986.4 MB
[runlim] sample:		1529.9 time, 1530.1 real, 854.7 MB
c	Solving duration: 101695 ms
c	Answer: 
s SAT (w = 100)
c	Solution check:
p calculated antibandwidth = 100.
c
c
c Antibandwidth problem with w = 101 ( O-impcol_d.mtx.rnd ):
c Initializing CaDiCaL (version 1.2.1).
c	Configuring CaDiCaL as --sat (1).
c Initializing a Duplex encoder with n = 425.
c Encoding starts with w = 101:
c	Encode symmetry breaking with option: l.
c	Labels and Vertices aux var: 34000
c	Labels and Vertices constraints:  415650
c	Obj k aux var: 612000
c	Obj k constraints: 3576688
c	Obj k glue staircase constraints: 1633163
c	Encoding duration: 1s
c	Number of clauses: 3992550
c	Number of irredundant clauses: 3714034
c	Number of variables: 826625
c SAT Solving starts:
[runlim] sample:		1539.9 time, 1540.1 real, 774.4 MB
[runlim] sample:		1549.9 time, 1550.1 real, 722.7 MB
[runlim] sample:		1559.8 time, 1560.1 real, 811.5 MB
[runlim] sample:		1569.8 time, 1570.1 real, 735.2 MB
[runlim] sample:		1579.8 time, 1580.1 real, 737.0 MB
[runlim] sample:		1589.8 time, 1590.1 real, 793.2 MB
[runlim] sample:		1599.8 time, 1600.1 real, 742.1 MB
[runlim] sample:		1609.8 time, 1610.1 real, 744.6 MB
[runlim] sample:		1619.8 time, 1620.1 real, 732.2 MB
[runlim] sample:		1629.8 time, 1630.1 real, 724.5 MB
[runlim] sample:		1639.8 time, 1640.1 real, 772.0 MB
[runlim] sample:		1649.8 time, 1650.1 real, 799.8 MB
[runlim] sample:		1659.9 time, 1660.1 real, 837.9 MB
[runlim] sample:		1669.8 time, 1670.1 real, 894.0 MB
[runlim] sample:		1679.8 time, 1680.1 real, 840.0 MB
[runlim] sample:		1689.8 time, 1690.1 real, 863.8 MB
[runlim] sample:		1699.8 time, 1700.1 real, 1013.6 MB
c	Solving duration: 165806 ms
c	Answer: 
s SAT (w = 101)
c	Solution check:
p calculated antibandwidth = 101.
c
c
c Antibandwidth problem with w = 102 ( O-impcol_d.mtx.rnd ):
c Initializing CaDiCaL (version 1.2.1).
c	Configuring CaDiCaL as --sat (1).
c Initializing a Duplex encoder with n = 425.
c Encoding starts with w = 102:
c	Encode symmetry breaking with option: l.
c	Labels and Vertices aux var: 34000
c	Labels and Vertices constraints:  415650
c	Obj k aux var: 614550
c	Obj k constraints: 3576720
c	Obj k glue staircase constraints: 1628095
c	Encoding duration: 1s
c	Number of clauses: 3992582
c	Number of irredundant clauses: 3714925
c	Number of variables: 829175
c SAT Solving starts:
[runlim] sample:		1709.8 time, 1710.1 real, 784.4 MB
[runlim] sample:		1719.8 time, 1720.1 real, 764.7 MB
[runlim] sample:		1729.8 time, 1730.1 real, 775.1 MB
[runlim] sample:		1739.8 time, 1740.1 real, 769.4 MB
[runlim] sample:		1749.8 time, 1750.1 real, 768.5 MB
[runlim] sample:		1759.8 time, 1760.1 real, 775.9 MB
[runlim] sample:		1769.8 time, 1770.1 real, 772.4 MB
[runlim] sample:		1779.8 time, 1780.1 real, 771.9 MB
[runlim] sample:		1789.8 time, 1790.1 real, 772.9 MB
[runlim] sample:		1799.8 time, 1800.1 real, 782.0 MB
c Signal interruption.
[runlim] end:			Tue Sep 17 17:12:19 2024
[runlim] status:		out of time
[runlim] result:		2
[runlim] children:		0
[runlim] real:			1800.10 seconds
[runlim] time:			1799.84 seconds
[runlim] space:			1140.5 MB
[runlim] samples:		18000
