[runlim] version:		1.10
[runlim] time limit:		1800 seconds
[runlim] real time limit:	1800 seconds
[runlim] space limit:		30000 MB
[runlim] argv[0]:		/home/truongxuanhieu/AntiBandwidthReconstruct/build/abw_enc
[runlim] argv[1]:		/home/truongxuanhieu/AntiBandwidthReconstruct/build/Benchmarks/P-can__445.mtx.rnd
[runlim] argv[2]:		--duplex
[runlim] argv[3]:		-symetry-break
[runlim] argv[4]:		l
[runlim] start:			Tue Sep 17 15:42:19 2024
[runlim] main pid:		12805
[runlim] log captured:
c LadderEncoder 1.0.
c Symetry breaking in the lowest degree node.
c Solving strategy: from LB to UB.
c LB-w = 78 (LB in Sinnl - A note on computational approaches for the antibandwidth problem).
c UB-w = 120 (UB in Sinnl - A note on computational approaches for the antibandwidth problem).
c Antibandwidth problem with w = 78 ( P-can__445.mtx.rnd ):
c Initializing CaDiCaL (version 1.2.1).
c	Configuring CaDiCaL as --sat (1).
c Initializing a Duplex encoder with n = 445.
c Encoding starts with w = 78:
c	Encode symmetry breaking with option: l.
c	Labels and Vertices aux var: 36490
c	Labels and Vertices constraints:  456570
c	Obj k aux var: 664830
c	Obj k constraints: 4604821
c	Obj k glue staircase constraints: 2452356
c	Encoding duration: 1s
c	Number of clauses: 5061613
c	Number of irredundant clauses: 4730904
c	Number of variables: 899345
c SAT Solving starts:
[runlim] sample:		10.0 time, 10.6 real, 800.5 MB
[runlim] sample:		20.0 time, 20.6 real, 872.9 MB
[runlim] sample:		30.0 time, 30.6 real, 823.0 MB
[runlim] sample:		40.0 time, 40.6 real, 826.6 MB
[runlim] sample:		50.0 time, 50.6 real, 856.1 MB
[runlim] sample:		60.0 time, 60.6 real, 881.0 MB
[runlim] sample:		70.0 time, 70.6 real, 854.8 MB
[runlim] sample:		80.0 time, 80.6 real, 870.4 MB
[runlim] sample:		90.0 time, 90.6 real, 898.5 MB
[runlim] sample:		100.0 time, 100.6 real, 1069.8 MB
[runlim] sample:		110.0 time, 110.6 real, 895.3 MB
[runlim] sample:		120.0 time, 120.6 real, 856.9 MB
[runlim] sample:		130.0 time, 130.6 real, 918.6 MB
[runlim] sample:		140.0 time, 140.6 real, 818.8 MB
[runlim] sample:		150.0 time, 150.6 real, 854.6 MB
[runlim] sample:		160.0 time, 160.6 real, 873.2 MB
[runlim] sample:		170.0 time, 170.6 real, 826.9 MB
[runlim] sample:		180.0 time, 180.6 real, 862.7 MB
[runlim] sample:		190.0 time, 190.6 real, 861.7 MB
[runlim] sample:		200.0 time, 200.6 real, 861.7 MB
[runlim] sample:		210.0 time, 210.6 real, 979.6 MB
[runlim] sample:		220.0 time, 220.6 real, 991.2 MB
[runlim] sample:		230.0 time, 230.6 real, 901.0 MB
[runlim] sample:		240.0 time, 240.6 real, 888.2 MB
[runlim] sample:		249.9 time, 250.6 real, 876.8 MB
[runlim] sample:		259.9 time, 260.6 real, 829.3 MB
[runlim] sample:		269.9 time, 270.6 real, 967.6 MB
[runlim] sample:		279.9 time, 280.6 real, 849.6 MB
[runlim] sample:		289.9 time, 290.6 real, 839.9 MB
[runlim] sample:		299.9 time, 300.6 real, 858.1 MB
[runlim] sample:		309.9 time, 310.6 real, 859.9 MB
[runlim] sample:		319.9 time, 320.6 real, 859.9 MB
[runlim] sample:		329.9 time, 330.6 real, 1019.8 MB
[runlim] sample:		339.9 time, 340.6 real, 1037.5 MB
[runlim] sample:		349.9 time, 350.6 real, 1002.1 MB
[runlim] sample:		359.9 time, 360.6 real, 876.1 MB
[runlim] sample:		369.9 time, 370.6 real, 991.9 MB
[runlim] sample:		379.9 time, 380.6 real, 991.9 MB
[runlim] sample:		389.9 time, 390.6 real, 1179.7 MB
[runlim] sample:		399.9 time, 400.6 real, 1179.7 MB
[runlim] sample:		409.9 time, 410.6 real, 915.7 MB
[runlim] sample:		419.9 time, 420.6 real, 919.0 MB
[runlim] sample:		429.9 time, 430.6 real, 939.8 MB
[runlim] sample:		439.9 time, 440.6 real, 939.8 MB
[runlim] sample:		449.9 time, 450.6 real, 1006.7 MB
[runlim] sample:		459.9 time, 460.6 real, 1006.7 MB
[runlim] sample:		469.9 time, 470.6 real, 928.1 MB
[runlim] sample:		479.9 time, 480.6 real, 900.4 MB
[runlim] sample:		489.9 time, 490.6 real, 1047.5 MB
[runlim] sample:		499.9 time, 500.6 real, 1100.4 MB
[runlim] sample:		509.9 time, 510.6 real, 1074.0 MB
[runlim] sample:		519.9 time, 520.6 real, 1162.6 MB
[runlim] sample:		529.9 time, 530.6 real, 1162.6 MB
[runlim] sample:		539.9 time, 540.6 real, 1162.6 MB
[runlim] sample:		549.9 time, 550.6 real, 1156.1 MB
[runlim] sample:		559.9 time, 560.6 real, 946.3 MB
[runlim] sample:		569.9 time, 570.6 real, 934.6 MB
[runlim] sample:		579.9 time, 580.6 real, 958.5 MB
[runlim] sample:		589.9 time, 590.6 real, 932.1 MB
[runlim] sample:		599.9 time, 600.6 real, 958.2 MB
[runlim] sample:		609.9 time, 610.6 real, 953.7 MB
[runlim] sample:		619.9 time, 620.6 real, 1007.5 MB
[runlim] sample:		629.9 time, 630.6 real, 1032.4 MB
[runlim] sample:		639.9 time, 640.6 real, 1032.4 MB
[runlim] sample:		649.9 time, 650.6 real, 1014.2 MB
[runlim] sample:		659.9 time, 660.6 real, 996.6 MB
[runlim] sample:		669.9 time, 670.6 real, 1013.0 MB
[runlim] sample:		679.9 time, 680.6 real, 1030.3 MB
[runlim] sample:		689.9 time, 690.6 real, 1030.3 MB
[runlim] sample:		699.9 time, 700.6 real, 1030.3 MB
[runlim] sample:		709.9 time, 710.6 real, 1023.2 MB
[runlim] sample:		719.9 time, 720.6 real, 1031.5 MB
[runlim] sample:		729.9 time, 730.6 real, 1056.3 MB
[runlim] sample:		739.9 time, 740.6 real, 1056.3 MB
[runlim] sample:		749.9 time, 750.6 real, 1056.3 MB
[runlim] sample:		759.9 time, 760.6 real, 1111.3 MB
[runlim] sample:		769.9 time, 770.6 real, 1390.8 MB
[runlim] sample:		779.9 time, 780.6 real, 1390.8 MB
[runlim] sample:		789.9 time, 790.6 real, 1228.9 MB
[runlim] sample:		799.9 time, 800.6 real, 1228.9 MB
[runlim] sample:		809.9 time, 810.6 real, 1228.9 MB
[runlim] sample:		819.9 time, 820.6 real, 1261.3 MB
[runlim] sample:		829.9 time, 830.6 real, 1413.0 MB
[runlim] sample:		839.9 time, 840.6 real, 1110.1 MB
[runlim] sample:		849.9 time, 850.6 real, 1110.1 MB
[runlim] sample:		859.9 time, 860.6 real, 1231.6 MB
[runlim] sample:		869.9 time, 870.6 real, 1231.9 MB
[runlim] sample:		879.9 time, 880.6 real, 1279.7 MB
[runlim] sample:		889.9 time, 890.6 real, 1400.7 MB
[runlim] sample:		899.9 time, 900.6 real, 1345.0 MB
[runlim] sample:		909.9 time, 910.6 real, 1345.0 MB
[runlim] sample:		919.9 time, 920.6 real, 1345.0 MB
[runlim] sample:		929.9 time, 930.6 real, 1345.0 MB
[runlim] sample:		939.9 time, 940.6 real, 1425.2 MB
[runlim] sample:		949.9 time, 950.6 real, 1399.2 MB
[runlim] sample:		959.9 time, 960.6 real, 1399.2 MB
[runlim] sample:		969.9 time, 970.6 real, 1187.2 MB
[runlim] sample:		979.9 time, 980.6 real, 1188.7 MB
[runlim] sample:		989.9 time, 990.6 real, 1188.7 MB
[runlim] sample:		999.9 time, 1000.6 real, 1188.7 MB
[runlim] sample:		1009.9 time, 1010.6 real, 1271.3 MB
[runlim] sample:		1019.9 time, 1020.6 real, 1271.3 MB
[runlim] sample:		1029.9 time, 1030.6 real, 1291.7 MB
[runlim] sample:		1039.9 time, 1040.6 real, 1291.7 MB
[runlim] sample:		1049.9 time, 1050.6 real, 1204.1 MB
[runlim] sample:		1059.9 time, 1060.6 real, 1204.1 MB
[runlim] sample:		1069.9 time, 1070.6 real, 1204.1 MB
[runlim] sample:		1079.9 time, 1080.6 real, 1239.2 MB
[runlim] sample:		1089.9 time, 1090.6 real, 1415.8 MB
[runlim] sample:		1099.9 time, 1100.6 real, 2040.9 MB
[runlim] sample:		1109.9 time, 1110.6 real, 2040.9 MB
[runlim] sample:		1119.9 time, 1120.6 real, 1409.9 MB
[runlim] sample:		1129.9 time, 1130.6 real, 1226.7 MB
[runlim] sample:		1139.9 time, 1140.6 real, 1226.7 MB
[runlim] sample:		1149.9 time, 1150.6 real, 1226.7 MB
[runlim] sample:		1159.9 time, 1160.6 real, 1254.7 MB
[runlim] sample:		1169.9 time, 1170.6 real, 1508.2 MB
[runlim] sample:		1179.9 time, 1180.6 real, 1508.2 MB
[runlim] sample:		1189.9 time, 1190.6 real, 1508.2 MB
[runlim] sample:		1199.9 time, 1200.6 real, 1508.2 MB
[runlim] sample:		1209.9 time, 1210.6 real, 1512.0 MB
[runlim] sample:		1219.9 time, 1220.6 real, 1641.7 MB
[runlim] sample:		1229.9 time, 1230.6 real, 1758.2 MB
[runlim] sample:		1239.9 time, 1240.6 real, 1881.2 MB
[runlim] sample:		1249.9 time, 1250.6 real, 1990.8 MB
[runlim] sample:		1259.9 time, 1260.6 real, 2440.7 MB
[runlim] sample:		1269.9 time, 1270.6 real, 2440.7 MB
[runlim] sample:		1279.9 time, 1280.6 real, 2440.7 MB
[runlim] sample:		1289.9 time, 1290.6 real, 2440.7 MB
[runlim] sample:		1299.9 time, 1300.6 real, 2440.7 MB
[runlim] sample:		1309.9 time, 1310.6 real, 2441.0 MB
[runlim] sample:		1319.9 time, 1320.6 real, 2441.3 MB
[runlim] sample:		1329.9 time, 1330.6 real, 2424.5 MB
[runlim] sample:		1339.8 time, 1340.6 real, 3026.2 MB
[runlim] sample:		1349.8 time, 1350.6 real, 2346.8 MB
[runlim] sample:		1359.8 time, 1360.6 real, 1720.3 MB
[runlim] sample:		1369.8 time, 1370.6 real, 1720.3 MB
[runlim] sample:		1379.8 time, 1380.6 real, 1727.2 MB
[runlim] sample:		1389.8 time, 1390.6 real, 1727.2 MB
[runlim] sample:		1399.8 time, 1400.6 real, 1727.2 MB
[runlim] sample:		1409.8 time, 1410.6 real, 1528.6 MB
[runlim] sample:		1419.8 time, 1420.6 real, 1528.6 MB
[runlim] sample:		1429.8 time, 1430.6 real, 1767.2 MB
[runlim] sample:		1439.8 time, 1440.6 real, 1767.2 MB
[runlim] sample:		1449.8 time, 1450.6 real, 1574.9 MB
[runlim] sample:		1459.8 time, 1460.6 real, 1574.9 MB
[runlim] sample:		1469.8 time, 1470.6 real, 1495.0 MB
[runlim] sample:		1479.8 time, 1480.6 real, 1495.0 MB
[runlim] sample:		1489.8 time, 1490.6 real, 1516.7 MB
[runlim] sample:		1499.8 time, 1500.6 real, 1516.7 MB
[runlim] sample:		1509.8 time, 1510.6 real, 1625.8 MB
[runlim] sample:		1519.8 time, 1520.6 real, 1433.7 MB
[runlim] sample:		1529.8 time, 1530.6 real, 1465.9 MB
[runlim] sample:		1539.8 time, 1540.6 real, 1465.9 MB
[runlim] sample:		1549.8 time, 1550.6 real, 1479.4 MB
[runlim] sample:		1559.8 time, 1560.6 real, 1479.4 MB
[runlim] sample:		1569.8 time, 1570.6 real, 1649.6 MB
[runlim] sample:		1579.8 time, 1580.6 real, 1649.6 MB
[runlim] sample:		1589.8 time, 1590.6 real, 1649.6 MB
[runlim] sample:		1599.8 time, 1600.6 real, 1639.4 MB
[runlim] sample:		1609.8 time, 1610.6 real, 1639.6 MB
[runlim] sample:		1619.8 time, 1620.6 real, 2054.1 MB
[runlim] sample:		1629.8 time, 1630.6 real, 2054.1 MB
[runlim] sample:		1639.8 time, 1640.6 real, 2054.1 MB
[runlim] sample:		1649.8 time, 1650.6 real, 2054.1 MB
[runlim] sample:		1659.8 time, 1660.6 real, 2054.1 MB
[runlim] sample:		1669.8 time, 1670.6 real, 2064.0 MB
[runlim] sample:		1679.8 time, 1680.6 real, 2237.0 MB
[runlim] sample:		1689.8 time, 1690.6 real, 2237.0 MB
[runlim] sample:		1699.8 time, 1700.6 real, 2237.0 MB
[runlim] sample:		1709.8 time, 1710.6 real, 2237.0 MB
[runlim] sample:		1719.8 time, 1720.6 real, 2237.0 MB
[runlim] sample:		1729.8 time, 1730.6 real, 2237.0 MB
[runlim] sample:		1739.8 time, 1740.6 real, 2237.0 MB
[runlim] sample:		1749.8 time, 1750.6 real, 2254.5 MB
[runlim] sample:		1759.8 time, 1760.6 real, 2416.9 MB
[runlim] sample:		1769.8 time, 1770.6 real, 2560.8 MB
[runlim] sample:		1779.8 time, 1780.6 real, 2797.0 MB
[runlim] sample:		1789.8 time, 1790.6 real, 2510.4 MB
c Signal interruption.
[runlim] end:			Tue Sep 17 16:12:19 2024
[runlim] status:		out of time
[runlim] result:		2
[runlim] children:		0
[runlim] real:			1800.04 seconds
[runlim] time:			1799.20 seconds
[runlim] space:			4022.3 MB
[runlim] samples:		17994
