[runlim] version:		1.10
[runlim] time limit:		1800 seconds
[runlim] real time limit:	1800 seconds
[runlim] space limit:		30000 MB
[runlim] argv[0]:		/home/hvanh28/AntiBandwidthReconstruct/build/abw_enc
[runlim] argv[1]:		/home/hvanh28/AntiBandwidthReconstruct/build/Benchmarks/P-can__445.mtx.rnd
[runlim] argv[2]:		--seq
[runlim] argv[3]:		-symetry-break
[runlim] argv[4]:		l
[runlim] start:			Tue Sep 17 20:07:09 2024
[runlim] main pid:		140147
[runlim] log captured:
c LadderEncoder 1.0.
c Symetry breaking in the lowest degree node.
c Solving strategy: from LB to UB.
c LB-w = 78 (LB in Sinnl - A note on computational approaches for the antibandwidth problem).
c UB-w = 120 (UB in Sinnl - A note on computational approaches for the antibandwidth problem).
c Antibandwidth problem with w = 78 ( P-can__445.mtx.rnd ):
c Initializing CaDiCaL (version 1.2.1).
c	Configuring CaDiCaL as --sat (1).
c Initializing a Sequential encoder with n = 445.
c Encoding starts with w = 78:
c	Encode symmetry breaking with option: l.
[runlim] sample:		10.0 time, 10.2 real, 3525.4 MB
[runlim] sample:		20.0 time, 20.2 real, 7207.0 MB
[runlim] sample:		30.0 time, 30.2 real, 10760.3 MB
[runlim] sample:		40.0 time, 40.2 real, 13757.5 MB
[runlim] sample:		50.0 time, 50.2 real, 16216.2 MB
[runlim] sample:		60.0 time, 60.2 real, 18432.2 MB
[runlim] sample:		70.0 time, 70.2 real, 24556.0 MB
[runlim] sample:		80.0 time, 80.2 real, 27113.3 MB
[runlim] sample:		90.0 time, 90.2 real, 29404.9 MB
c Signal interruption.
[runlim] end:			Tue Sep 17 20:08:43 2024
[runlim] status:		out of memory
[runlim] result:		3
[runlim] children:		0
[runlim] real:			94.11 seconds
[runlim] time:			93.88 seconds
[runlim] space:			30021.4 MB
[runlim] samples:		939
