[runlim] version:		1.10
[runlim] time limit:		1800 seconds
[runlim] real time limit:	1800 seconds
[runlim] space limit:		30000 MB
[runlim] argv[0]:		/home/hvanh28/AntiBandwidthReconstruct/build/abw_enc
[runlim] argv[1]:		/home/hvanh28/AntiBandwidthReconstruct/build/Benchmarks/T-dwt__592.mtx.rnd
[runlim] argv[2]:		--reduced
[runlim] argv[3]:		-symetry-break
[runlim] argv[4]:		l
[runlim] start:			Tue Sep 17 16:39:49 2024
[runlim] main pid:		136228
[runlim] log captured:
c LadderEncoder 1.0.
c Symetry breaking in the lowest degree node.
c Solving strategy: from LB to UB.
c LB-w = 103 (LB in Sinnl - A note on computational approaches for the antibandwidth problem).
c UB-w = 150 (UB in Sinnl - A note on computational approaches for the antibandwidth problem).
c Antibandwidth problem with w = 103 ( T-dwt__592.mtx.rnd ):
c Initializing CaDiCaL (version 1.2.1).
c	Configuring CaDiCaL as --sat (1).
c Initializing a Naive-Reduced encoder with n = 592.
c Encoding starts with w = 103:
c	Encode symmetry breaking with option: l.
[runlim] sample:		10.0 time, 11.0 real, 2866.3 MB
[runlim] sample:		20.0 time, 21.0 real, 5902.9 MB
[runlim] sample:		30.0 time, 31.0 real, 8996.6 MB
[runlim] sample:		40.0 time, 41.0 real, 11937.9 MB
[runlim] sample:		50.0 time, 51.0 real, 13761.0 MB
[runlim] sample:		60.0 time, 61.0 real, 15662.6 MB
[runlim] sample:		70.0 time, 71.0 real, 17856.9 MB
[runlim] sample:		80.0 time, 81.0 real, 20218.3 MB
[runlim] sample:		90.0 time, 91.0 real, 22867.1 MB
[runlim] sample:		100.0 time, 101.0 real, 25476.3 MB
[runlim] sample:		110.0 time, 111.0 real, 27822.1 MB
c Signal interruption.
[runlim] sample:		120.0 time, 121.0 real, 0.0 MB
[runlim] end:			Tue Sep 17 16:41:51 2024
[runlim] status:		out of memory
[runlim] result:		3
[runlim] children:		0
[runlim] real:			122.53 seconds
[runlim] time:			121.47 seconds
[runlim] space:			30016.3 MB
[runlim] samples:		1215
