[runlim] version:		1.10
[runlim] time limit:		1800 seconds
[runlim] real time limit:	1800 seconds
[runlim] space limit:		30000 MB
[runlim] argv[0]:		/home/truongxuanhieu/AntiBandwidthReconstruct/build/abw_enc
[runlim] argv[1]:		/home/truongxuanhieu/AntiBandwidthReconstruct/build/Benchmarks/U-662_bus.mtx.rnd
[runlim] argv[2]:		--duplex
[runlim] argv[3]:		-symetry-break
[runlim] argv[4]:		l
[runlim] start:			Tue Sep 17 21:12:38 2024
[runlim] main pid:		35629
[runlim] log captured:
c LadderEncoder 1.0.
c Symetry breaking in the lowest degree node.
c Solving strategy: from LB to UB.
c LB-w = 219 (LB in Sinnl - A note on computational approaches for the antibandwidth problem).
c UB-w = 220 (UB in Sinnl - A note on computational approaches for the antibandwidth problem).
c Antibandwidth problem with w = 219 ( U-662_bus.mtx.rnd ):
c Initializing CaDiCaL (version 1.2.1).
c	Configuring CaDiCaL as --sat (1).
c Initializing a Duplex encoder with n = 662.
c Encoding starts with w = 219:
c	Encode symmetry breaking with option: l.
c	Labels and Vertices aux var: 66200
c	Labels and Vertices constraints:  978436
c	Obj k aux var: 1448456
c	Obj k constraints: 6103408
c	Obj k glue staircase constraints: 1601808
c	Encoding duration: 3s
c	Number of clauses: 7082175
c	Number of irredundant clauses: 6490686
c	Number of variables: 1952900
c SAT Solving starts:
[runlim] sample:		10.0 time, 10.1 real, 1286.1 MB
[runlim] sample:		20.0 time, 20.1 real, 1284.8 MB
[runlim] sample:		30.0 time, 30.1 real, 1322.7 MB
[runlim] sample:		40.0 time, 40.1 real, 1323.0 MB
[runlim] sample:		50.0 time, 50.1 real, 1490.4 MB
[runlim] sample:		60.0 time, 60.1 real, 1365.9 MB
[runlim] sample:		70.0 time, 70.1 real, 1365.9 MB
[runlim] sample:		80.0 time, 80.1 real, 1281.8 MB
[runlim] sample:		90.0 time, 90.1 real, 1283.0 MB
[runlim] sample:		100.0 time, 100.1 real, 1283.2 MB
[runlim] sample:		110.0 time, 110.1 real, 1299.2 MB
[runlim] sample:		120.0 time, 120.1 real, 1299.2 MB
[runlim] sample:		130.0 time, 130.1 real, 1301.0 MB
[runlim] sample:		140.0 time, 140.1 real, 1301.3 MB
[runlim] sample:		150.0 time, 150.1 real, 1442.8 MB
[runlim] sample:		160.0 time, 160.1 real, 1305.9 MB
[runlim] sample:		170.0 time, 170.1 real, 1305.9 MB
[runlim] sample:		180.0 time, 180.1 real, 1335.6 MB
[runlim] sample:		190.0 time, 190.1 real, 1485.8 MB
[runlim] sample:		200.0 time, 200.1 real, 1485.8 MB
[runlim] sample:		210.0 time, 210.1 real, 1531.2 MB
[runlim] sample:		220.0 time, 220.1 real, 1394.0 MB
[runlim] sample:		230.0 time, 230.1 real, 1394.0 MB
[runlim] sample:		240.0 time, 240.1 real, 1394.0 MB
[runlim] sample:		250.0 time, 250.1 real, 1296.0 MB
[runlim] sample:		260.0 time, 260.1 real, 1296.0 MB
[runlim] sample:		270.0 time, 270.1 real, 1305.7 MB
[runlim] sample:		280.0 time, 280.1 real, 1298.3 MB
[runlim] sample:		290.0 time, 290.1 real, 1239.6 MB
[runlim] sample:		300.0 time, 300.1 real, 1309.4 MB
[runlim] sample:		310.0 time, 310.1 real, 1309.4 MB
c	Solving duration: 312947 ms
c	Answer: 
s SAT (w = 219)
c	Solution check:
p calculated antibandwidth = 219.
c
c
c Antibandwidth problem with w = 220 ( U-662_bus.mtx.rnd ):
c Initializing CaDiCaL (version 1.2.1).
c	Configuring CaDiCaL as --sat (1).
c Initializing a Duplex encoder with n = 662.
c Encoding starts with w = 220:
c	Encode symmetry breaking with option: l.
[runlim] sample:		320.0 time, 320.1 real, 1074.3 MB
c	Labels and Vertices aux var: 66200
c	Labels and Vertices constraints:  978436
c	Obj k aux var: 1451104
c	Obj k constraints: 6104418
c	Obj k glue staircase constraints: 1598184
c	Encoding duration: 3s
c	Number of clauses: 7083185
c	Number of irredundant clauses: 6493020
c	Number of variables: 1955548
c SAT Solving starts:
[runlim] sample:		330.0 time, 330.1 real, 1397.0 MB
[runlim] sample:		340.0 time, 340.1 real, 1464.2 MB
[runlim] sample:		350.0 time, 350.1 real, 1490.5 MB
[runlim] sample:		360.0 time, 360.1 real, 1437.3 MB
[runlim] sample:		370.0 time, 370.1 real, 1413.8 MB
[runlim] sample:		380.0 time, 380.1 real, 1434.9 MB
[runlim] sample:		389.9 time, 390.1 real, 1434.4 MB
[runlim] sample:		399.9 time, 400.1 real, 1434.5 MB
[runlim] sample:		409.9 time, 410.1 real, 1435.6 MB
[runlim] sample:		419.9 time, 420.1 real, 1437.4 MB
[runlim] sample:		429.9 time, 430.1 real, 1389.6 MB
[runlim] sample:		439.9 time, 440.1 real, 1447.4 MB
[runlim] sample:		449.9 time, 450.1 real, 1450.3 MB
[runlim] sample:		459.9 time, 460.1 real, 1487.3 MB
[runlim] sample:		469.9 time, 470.1 real, 1373.3 MB
[runlim] sample:		479.9 time, 480.1 real, 1432.0 MB
[runlim] sample:		489.9 time, 490.1 real, 1416.2 MB
[runlim] sample:		499.9 time, 500.1 real, 1461.3 MB
[runlim] sample:		509.9 time, 510.1 real, 1462.1 MB
[runlim] sample:		519.9 time, 520.1 real, 1455.1 MB
[runlim] sample:		529.9 time, 530.1 real, 1460.3 MB
[runlim] sample:		539.9 time, 540.1 real, 1460.2 MB
[runlim] sample:		549.9 time, 550.1 real, 1529.0 MB
[runlim] sample:		559.9 time, 560.1 real, 1490.6 MB
[runlim] sample:		569.9 time, 570.1 real, 1515.7 MB
[runlim] sample:		579.9 time, 580.1 real, 1561.7 MB
[runlim] sample:		589.9 time, 590.1 real, 1498.6 MB
[runlim] sample:		599.9 time, 600.1 real, 1502.7 MB
[runlim] sample:		609.9 time, 610.1 real, 1502.7 MB
[runlim] sample:		619.9 time, 620.1 real, 1618.2 MB
c	Solving duration: 304836 ms
c	Answer: 
s SAT (w = 220)
c	Solution check:
p calculated antibandwidth = 220.
c
c
[runlim] end:			Tue Sep 17 21:23:04 2024
[runlim] status:		ok
[runlim] result:		0
[runlim] children:		0
[runlim] real:			626.83 seconds
[runlim] time:			626.58 seconds
[runlim] space:			1822.5 MB
[runlim] samples:		6267
