[runlim] version:		1.10
[runlim] time limit:		1800 seconds
[runlim] real time limit:	1800 seconds
[runlim] space limit:		30000 MB
[runlim] argv[0]:		/home/truongxuanhieu/AntiBandwidthReconstruct/build/abw_enc
[runlim] argv[1]:		/home/truongxuanhieu/AntiBandwidthReconstruct/build/Benchmarks/V-nos6.mtx.rnd
[runlim] argv[2]:		--product
[runlim] argv[3]:		-symetry-break
[runlim] argv[4]:		l
[runlim] start:			Wed Sep 18 07:09:49 2024
[runlim] main pid:		46027
[runlim] log captured:
c LadderEncoder 1.0.
c Symetry breaking in the lowest degree node.
c Solving strategy: from LB to UB.
c LB-w = 326 (LB in Sinnl - A note on computational approaches for the antibandwidth problem).
c UB-w = 337 (UB in Sinnl - A note on computational approaches for the antibandwidth problem).
c Antibandwidth problem with w = 326 ( V-nos6.mtx.rnd ):
c Initializing CaDiCaL (version 1.2.1).
c	Configuring CaDiCaL as --sat (1).
c Initializing a 2-Product encoder with n = 675.
c Encoding starts with w = 326:
c	Encode symmetry breaking with option: l.
[runlim] sample:		10.0 time, 10.7 real, 5197.0 MB
[runlim] sample:		20.0 time, 20.7 real, 10229.3 MB
[runlim] sample:		30.0 time, 30.7 real, 14784.3 MB
[runlim] sample:		40.0 time, 40.7 real, 20734.4 MB
[runlim] sample:		50.0 time, 50.7 real, 25517.3 MB
c Signal interruption.
[runlim] sample:		60.0 time, 60.7 real, 0.0 MB
[runlim] end:			Wed Sep 18 07:10:50 2024
[runlim] status:		out of memory
[runlim] result:		3
[runlim] children:		0
[runlim] real:			61.62 seconds
[runlim] time:			60.86 seconds
[runlim] space:			30042.2 MB
[runlim] samples:		609
