[runlim] version:		1.10
[runlim] time limit:		1800 seconds
[runlim] real time limit:	1800 seconds
[runlim] space limit:		30000 MB
[runlim] argv[0]:		/home/hvanh28/AntiBandwidthReconstruct/build/abw_enc
[runlim] argv[1]:		/home/hvanh28/AntiBandwidthReconstruct/build/Benchmarks/V-nos6.mtx.rnd
[runlim] argv[2]:		--reduced
[runlim] argv[3]:		-symetry-break
[runlim] argv[4]:		l
[runlim] start:			Tue Sep 17 14:35:54 2024
[runlim] main pid:		134052
[runlim] log captured:
c LadderEncoder 1.0.
c Symetry breaking in the lowest degree node.
c Solving strategy: from LB to UB.
c LB-w = 326 (LB in Sinnl - A note on computational approaches for the antibandwidth problem).
c UB-w = 337 (UB in Sinnl - A note on computational approaches for the antibandwidth problem).
c Antibandwidth problem with w = 326 ( V-nos6.mtx.rnd ):
c Initializing CaDiCaL (version 1.2.1).
c	Configuring CaDiCaL as --sat (1).
c Initializing a Naive-Reduced encoder with n = 675.
c Encoding starts with w = 326:
c	Encode symmetry breaking with option: l.
[runlim] sample:		10.0 time, 10.1 real, 1484.5 MB
[runlim] sample:		20.0 time, 20.1 real, 2987.0 MB
[runlim] sample:		30.0 time, 30.1 real, 4521.3 MB
[runlim] sample:		40.0 time, 40.1 real, 5958.2 MB
[runlim] sample:		50.0 time, 50.1 real, 7224.5 MB
[runlim] sample:		60.0 time, 60.1 real, 8634.0 MB
[runlim] sample:		70.0 time, 70.1 real, 11014.6 MB
[runlim] sample:		80.0 time, 80.1 real, 13041.9 MB
[runlim] sample:		90.0 time, 90.1 real, 15027.0 MB
[runlim] sample:		100.0 time, 100.1 real, 17070.7 MB
[runlim] sample:		110.0 time, 110.1 real, 19036.8 MB
[runlim] sample:		120.0 time, 120.1 real, 20853.8 MB
[runlim] sample:		130.0 time, 130.1 real, 21951.4 MB
[runlim] sample:		140.0 time, 140.1 real, 23713.2 MB
[runlim] sample:		149.9 time, 150.1 real, 25882.7 MB
[runlim] sample:		159.9 time, 160.1 real, 28058.5 MB
c Signal interruption.
[runlim] sample:		169.9 time, 170.1 real, 0.0 MB
[runlim] end:			Tue Sep 17 14:38:45 2024
[runlim] status:		out of memory
[runlim] result:		3
[runlim] children:		0
[runlim] real:			171.50 seconds
[runlim] time:			171.24 seconds
[runlim] space:			30005.7 MB
[runlim] samples:		1713
