[runlim] version:		1.10
[runlim] time limit:		1800 seconds
[runlim] real time limit:	1800 seconds
[runlim] space limit:		30000 MB
[runlim] argv[0]:		/home/truongxuanhieu/AntiBandwidthReconstruct/build/abw_enc
[runlim] argv[1]:		/home/truongxuanhieu/AntiBandwidthReconstruct/build/Benchmarks/W-685_bus.mtx.rnd
[runlim] argv[2]:		--duplex
[runlim] argv[3]:		-symetry-break
[runlim] argv[4]:		l
[runlim] start:			Tue Sep 17 17:12:19 2024
[runlim] main pid:		16705
[runlim] log captured:
c LadderEncoder 1.0.
c Symetry breaking in the lowest degree node.
c Solving strategy: from LB to UB.
c LB-w = 136 (LB in Sinnl - A note on computational approaches for the antibandwidth problem).
c UB-w = 136 (UB in Sinnl - A note on computational approaches for the antibandwidth problem).
c Antibandwidth problem with w = 136 ( W-685_bus.mtx.rnd ):
c Initializing CaDiCaL (version 1.2.1).
c	Configuring CaDiCaL as --sat (1).
c Initializing a Duplex encoder with n = 685.
c Encoding starts with w = 136:
c	Encode symmetry breaking with option: l.
c	Labels and Vertices aux var: 69870
c	Labels and Vertices constraints:  1052160
c	Obj k aux var: 1670030
c	Obj k constraints: 8106407
c	Obj k glue staircase constraints: 2802452
c	Encoding duration: 4s
c	Number of clauses: 9158909
c	Number of irredundant clauses: 8402620
c	Number of variables: 2209125
c SAT Solving starts:
c	Solving duration: 5405 ms
c	Answer: 
s SAT (w = 136)
c	Solution check:
p calculated antibandwidth = 136.
[runlim] sample:		10.0 time, 10.8 real, 1608.5 MB
c
c
[runlim] end:			Tue Sep 17 17:12:30 2024
[runlim] status:		ok
[runlim] result:		0
[runlim] children:		0
[runlim] real:			11.90 seconds
[runlim] time:			11.09 seconds
[runlim] space:			1608.5 MB
[runlim] samples:		111
