[runlim] version:		1.10
[runlim] time limit:		1800 seconds
[runlim] real time limit:	1800 seconds
[runlim] space limit:		30000 MB
[runlim] argv[0]:		/home/hvanh28/AntiBandwidthReconstruct/build/abw_enc
[runlim] argv[1]:		/home/hvanh28/AntiBandwidthReconstruct/build/Benchmarks/W-685_bus.mtx.rnd
[runlim] argv[2]:		--reduced
[runlim] argv[3]:		-symetry-break
[runlim] argv[4]:		l
[runlim] start:			Tue Sep 17 14:29:54 2024
[runlim] main pid:		133584
[runlim] log captured:
c LadderEncoder 1.0.
c Symetry breaking in the lowest degree node.
c Solving strategy: from LB to UB.
c LB-w = 136 (LB in Sinnl - A note on computational approaches for the antibandwidth problem).
c UB-w = 136 (UB in Sinnl - A note on computational approaches for the antibandwidth problem).
c Antibandwidth problem with w = 136 ( W-685_bus.mtx.rnd ):
c Initializing CaDiCaL (version 1.2.1).
c	Configuring CaDiCaL as --sat (1).
c Initializing a Naive-Reduced encoder with n = 685.
c Encoding starts with w = 136:
c	Encode symmetry breaking with option: l.
[runlim] sample:		10.0 time, 10.7 real, 2196.7 MB
[runlim] sample:		20.0 time, 20.7 real, 4595.5 MB
[runlim] sample:		30.0 time, 30.7 real, 7008.7 MB
[runlim] sample:		40.0 time, 40.7 real, 9572.8 MB
[runlim] sample:		50.0 time, 50.7 real, 11802.8 MB
[runlim] sample:		60.0 time, 60.7 real, 14303.0 MB
[runlim] sample:		70.0 time, 70.7 real, 16353.1 MB
[runlim] sample:		79.9 time, 80.7 real, 18365.5 MB
[runlim] sample:		89.9 time, 90.7 real, 20481.9 MB
[runlim] sample:		99.9 time, 100.7 real, 21664.3 MB
[runlim] sample:		109.9 time, 110.7 real, 23413.3 MB
[runlim] sample:		119.9 time, 120.7 real, 25451.5 MB
[runlim] sample:		129.9 time, 130.7 real, 27761.3 MB
c Signal interruption.
[runlim] sample:		139.9 time, 140.7 real, 0.0 MB
[runlim] end:			Tue Sep 17 14:32:16 2024
[runlim] status:		out of memory
[runlim] result:		3
[runlim] children:		0
[runlim] real:			142.64 seconds
[runlim] time:			141.81 seconds
[runlim] space:			30020.2 MB
[runlim] samples:		1419
