[runlim] version:		1.10
[runlim] time limit:		1800 seconds
[runlim] real time limit:	1800 seconds
[runlim] space limit:		30000 MB
[runlim] argv[0]:		/home/truongxuanhieu/AntiBandwidthReconstruct/build/abw_enc
[runlim] argv[1]:		/home/truongxuanhieu/AntiBandwidthReconstruct/build/Benchmarks/X-can__715.mtx.rnd
[runlim] argv[2]:		--product
[runlim] argv[3]:		-symetry-break
[runlim] argv[4]:		l
[runlim] start:			Wed Sep 18 07:06:49 2024
[runlim] main pid:		45854
[runlim] log captured:
c LadderEncoder 1.0.
c Symetry breaking in the lowest degree node.
c Solving strategy: from LB to UB.
c LB-w = 112 (LB in Sinnl - A note on computational approaches for the antibandwidth problem).
c UB-w = 142 (UB in Sinnl - A note on computational approaches for the antibandwidth problem).
c Antibandwidth problem with w = 112 ( X-can__715.mtx.rnd ):
c Initializing CaDiCaL (version 1.2.1).
c	Configuring CaDiCaL as --sat (1).
c Initializing a 2-Product encoder with n = 715.
c Encoding starts with w = 112:
c	Encode symmetry breaking with option: l.
[runlim] sample:		10.0 time, 10.1 real, 5617.5 MB
[runlim] sample:		20.0 time, 20.1 real, 11195.1 MB
[runlim] sample:		30.0 time, 30.1 real, 15826.0 MB
[runlim] sample:		40.0 time, 40.1 real, 22202.4 MB
[runlim] sample:		50.0 time, 50.1 real, 26709.2 MB
c Signal interruption.
[runlim] end:			Wed Sep 18 07:07:47 2024
[runlim] status:		out of memory
[runlim] result:		3
[runlim] children:		0
[runlim] real:			58.83 seconds
[runlim] time:			58.69 seconds
[runlim] space:			30012.7 MB
[runlim] samples:		587
