[runlim] version:		1.10
[runlim] time limit:		1800 seconds
[runlim] real time limit:	1800 seconds
[runlim] space limit:		30000 MB
[runlim] argv[0]:		/home/truongxuanhieu/AntiBandwidthReconstruct/build/abw_enc
[runlim] argv[1]:		/home/truongxuanhieu/AntiBandwidthReconstruct/build/Benchmarks/I-ash85.mtx.rnd
[runlim] argv[2]:		--duplexNSC
[runlim] start:			Mon Aug 12 21:04:08 2024
[runlim] main pid:		31894
[runlim] log captured:
c DuplexEncoder 0.8.
c Solving strategy: from LB to UB.
c LB-w = 19 (LB in Sinnl - A note on computational approaches for the antibandwidth problem).
c UB-w = 27 (UB in Sinnl - A note on computational approaches for the antibandwidth problem).
c Antibandwidth problem with w = 19 ( I-ash85.mtx.rnd ):
c Initializing CaDiCaL (version 1.2.1).
c	Configuring CaDiCaL as --sat (1).
c Initializing a DuplexNSC encoder with n = 85.
c Encoding starts with w = 19:
c	Labels and Vertices aux var: 2890
c	Labels and Vertices constraints:  19465
c	Obj k aux var: 11135
c	Obj k constraints: 102389
c	Obj k glue staircase constraints: 56064
c	Encoding duration: 0s
c	Number of clauses: 121854
c	Number of irredundant clauses: 121854
c	Number of variables: 21250
c SAT Solving starts:
c	Solving duration: 758 ms
c	Answer: 
s SAT (w = 19)
c	Solution check:
p calculated antibandwidth = 19.
c
c
c Antibandwidth problem with w = 20 ( I-ash85.mtx.rnd ):
c Initializing CaDiCaL (version 1.2.1).
c	Configuring CaDiCaL as --sat (1).
c Initializing a DuplexNSC encoder with n = 85.
c Encoding starts with w = 20:
c	Labels and Vertices aux var: 2890
c	Labels and Vertices constraints:  19465
c	Obj k aux var: 11390
c	Obj k constraints: 102193
c	Obj k glue staircase constraints: 55188
c	Encoding duration: 0s
c	Number of clauses: 121658
c	Number of irredundant clauses: 121658
c	Number of variables: 21505
c SAT Solving starts:
c	Solving duration: 1407 ms
c	Answer: 
s SAT (w = 20)
c	Solution check:
p calculated antibandwidth = 20.
c
c
c Antibandwidth problem with w = 21 ( I-ash85.mtx.rnd ):
c Initializing CaDiCaL (version 1.2.1).
c	Configuring CaDiCaL as --sat (1).
c Initializing a DuplexNSC encoder with n = 85.
c Encoding starts with w = 21:
c	Labels and Vertices aux var: 2890
c	Labels and Vertices constraints:  19465
c	Obj k aux var: 11645
c	Obj k constraints: 101997
c	Obj k glue staircase constraints: 54312
c	Encoding duration: 0s
c	Number of clauses: 121462
c	Number of irredundant clauses: 121462
c	Number of variables: 21760
c SAT Solving starts:
c	Solving duration: 1342 ms
c	Answer: 
s SAT (w = 21)
c	Solution check:
p calculated antibandwidth = 21.
c
c
c Antibandwidth problem with w = 22 ( I-ash85.mtx.rnd ):
c Initializing CaDiCaL (version 1.2.1).
c	Configuring CaDiCaL as --sat (1).
c Initializing a DuplexNSC encoder with n = 85.
c Encoding starts with w = 22:
c	Labels and Vertices aux var: 2890
c	Labels and Vertices constraints:  19125
c	Obj k aux var: 10285
c	Obj k constraints: 97528
c	Obj k glue staircase constraints: 54093
c	Encoding duration: 0s
c	Number of clauses: 116653
c	Number of irredundant clauses: 116653
c	Number of variables: 20400
c SAT Solving starts:
[runlim] sample:		10.0 time, 10.0 real, 34.5 MB
[runlim] sample:		20.0 time, 20.0 real, 61.5 MB
[runlim] sample:		30.0 time, 30.0 real, 65.3 MB
[runlim] sample:		40.0 time, 40.0 real, 79.9 MB
c	Solving duration: 46138 ms
c	Answer: 
s SAT (w = 22)
c	Solution check:
p calculated antibandwidth = 22.
c
c
c Antibandwidth problem with w = 23 ( I-ash85.mtx.rnd ):
c Initializing CaDiCaL (version 1.2.1).
c	Configuring CaDiCaL as --sat (1).
c Initializing a DuplexNSC encoder with n = 85.
c Encoding starts with w = 23:
c	Labels and Vertices aux var: 2890
c	Labels and Vertices constraints:  19125
c	Obj k aux var: 10455
c	Obj k constraints: 97077
c	Obj k glue staircase constraints: 53217
c	Encoding duration: 0s
c	Number of clauses: 116202
c	Number of irredundant clauses: 116202
c	Number of variables: 20570
c SAT Solving starts:
[runlim] sample:		50.0 time, 50.0 real, 87.4 MB
[runlim] sample:		60.0 time, 60.0 real, 87.4 MB
[runlim] sample:		70.0 time, 70.0 real, 87.4 MB
[runlim] sample:		80.0 time, 80.0 real, 87.4 MB
[runlim] sample:		90.0 time, 90.0 real, 87.7 MB
[runlim] sample:		100.0 time, 100.0 real, 87.7 MB
[runlim] sample:		110.0 time, 110.0 real, 87.7 MB
[runlim] sample:		120.0 time, 120.0 real, 87.7 MB
[runlim] sample:		130.0 time, 130.0 real, 99.2 MB
[runlim] sample:		140.0 time, 140.0 real, 138.9 MB
[runlim] sample:		150.0 time, 150.0 real, 110.3 MB
[runlim] sample:		160.0 time, 160.0 real, 110.3 MB
[runlim] sample:		170.0 time, 170.0 real, 110.3 MB
[runlim] sample:		180.0 time, 180.0 real, 110.3 MB
[runlim] sample:		190.0 time, 190.0 real, 110.6 MB
[runlim] sample:		200.0 time, 200.0 real, 110.6 MB
[runlim] sample:		210.0 time, 210.0 real, 110.6 MB
[runlim] sample:		220.0 time, 220.0 real, 124.9 MB
[runlim] sample:		230.0 time, 230.0 real, 82.5 MB
[runlim] sample:		240.0 time, 240.0 real, 112.4 MB
[runlim] sample:		250.0 time, 250.0 real, 115.7 MB
[runlim] sample:		260.0 time, 260.0 real, 115.7 MB
[runlim] sample:		269.9 time, 270.0 real, 140.3 MB
[runlim] sample:		279.9 time, 280.0 real, 140.3 MB
[runlim] sample:		290.0 time, 290.0 real, 86.7 MB
[runlim] sample:		300.0 time, 300.0 real, 90.5 MB
[runlim] sample:		309.9 time, 310.0 real, 122.8 MB
[runlim] sample:		320.0 time, 320.0 real, 125.3 MB
[runlim] sample:		329.9 time, 330.0 real, 129.8 MB
[runlim] sample:		339.9 time, 340.0 real, 126.2 MB
[runlim] sample:		349.9 time, 350.0 real, 100.8 MB
[runlim] sample:		359.9 time, 360.0 real, 103.3 MB
[runlim] sample:		369.9 time, 370.0 real, 141.6 MB
[runlim] sample:		379.9 time, 380.0 real, 160.7 MB
[runlim] sample:		389.9 time, 390.0 real, 145.2 MB
[runlim] sample:		399.9 time, 400.0 real, 147.6 MB
[runlim] sample:		409.9 time, 410.0 real, 154.1 MB
[runlim] sample:		419.9 time, 420.0 real, 157.6 MB
[runlim] sample:		429.9 time, 430.0 real, 144.3 MB
[runlim] sample:		439.9 time, 440.0 real, 144.6 MB
[runlim] sample:		449.9 time, 450.0 real, 103.3 MB
[runlim] sample:		459.9 time, 460.0 real, 135.3 MB
[runlim] sample:		469.9 time, 470.0 real, 153.7 MB
[runlim] sample:		479.9 time, 480.0 real, 172.0 MB
[runlim] sample:		489.9 time, 490.0 real, 140.3 MB
[runlim] sample:		499.9 time, 500.0 real, 156.7 MB
[runlim] sample:		509.9 time, 510.0 real, 151.7 MB
[runlim] sample:		519.9 time, 520.0 real, 144.4 MB
[runlim] sample:		529.9 time, 530.0 real, 107.2 MB
[runlim] sample:		539.9 time, 540.0 real, 161.2 MB
[runlim] sample:		549.9 time, 550.0 real, 163.5 MB
[runlim] sample:		559.9 time, 560.0 real, 154.8 MB
[runlim] sample:		569.9 time, 570.0 real, 164.0 MB
[runlim] sample:		579.9 time, 580.0 real, 181.3 MB
[runlim] sample:		589.9 time, 590.0 real, 150.4 MB
[runlim] sample:		599.9 time, 600.0 real, 143.0 MB
[runlim] sample:		609.9 time, 610.0 real, 143.9 MB
[runlim] sample:		619.9 time, 620.0 real, 147.7 MB
[runlim] sample:		629.9 time, 630.0 real, 155.1 MB
[runlim] sample:		639.9 time, 640.0 real, 163.7 MB
[runlim] sample:		649.9 time, 650.0 real, 208.0 MB
[runlim] sample:		659.9 time, 660.0 real, 202.0 MB
[runlim] sample:		669.9 time, 670.0 real, 185.9 MB
[runlim] sample:		679.9 time, 680.0 real, 185.9 MB
[runlim] sample:		689.9 time, 690.0 real, 167.3 MB
[runlim] sample:		699.9 time, 700.0 real, 133.3 MB
[runlim] sample:		709.9 time, 710.0 real, 133.7 MB
[runlim] sample:		719.9 time, 720.0 real, 158.0 MB
[runlim] sample:		729.9 time, 730.0 real, 212.0 MB
[runlim] sample:		739.9 time, 740.0 real, 158.0 MB
[runlim] sample:		749.9 time, 750.0 real, 220.8 MB
[runlim] sample:		759.9 time, 760.0 real, 248.7 MB
[runlim] sample:		769.9 time, 770.0 real, 158.0 MB
[runlim] sample:		779.9 time, 780.0 real, 164.3 MB
[runlim] sample:		789.9 time, 790.0 real, 227.1 MB
[runlim] sample:		799.9 time, 800.0 real, 213.7 MB
[runlim] sample:		809.9 time, 810.0 real, 164.4 MB
[runlim] sample:		819.9 time, 820.0 real, 175.2 MB
[runlim] sample:		829.9 time, 830.0 real, 175.2 MB
[runlim] sample:		839.9 time, 840.0 real, 179.2 MB
[runlim] sample:		849.9 time, 850.0 real, 238.1 MB
[runlim] sample:		859.9 time, 860.0 real, 179.4 MB
[runlim] sample:		869.9 time, 870.0 real, 179.9 MB
c	Solving duration: 825927 ms
c	Answer: 
s SAT (w = 23)
c	Solution check:
p calculated antibandwidth = 23.
c
c
c Antibandwidth problem with w = 24 ( I-ash85.mtx.rnd ):
c Initializing CaDiCaL (version 1.2.1).
c	Configuring CaDiCaL as --sat (1).
c Initializing a DuplexNSC encoder with n = 85.
c Encoding starts with w = 24:
c	Labels and Vertices aux var: 2890
c	Labels and Vertices constraints:  19125
c	Obj k aux var: 10625
c	Obj k constraints: 96626
c	Obj k glue staircase constraints: 52341
c	Encoding duration: 0s
c	Number of clauses: 115751
c	Number of irredundant clauses: 115751
c	Number of variables: 20740
c SAT Solving starts:
[runlim] sample:		879.9 time, 880.0 real, 180.1 MB
[runlim] sample:		889.9 time, 890.0 real, 116.4 MB
[runlim] sample:		899.9 time, 900.0 real, 118.0 MB
[runlim] sample:		909.9 time, 910.0 real, 122.0 MB
[runlim] sample:		919.9 time, 920.0 real, 123.6 MB
[runlim] sample:		929.9 time, 930.0 real, 123.6 MB
[runlim] sample:		939.9 time, 940.0 real, 123.6 MB
[runlim] sample:		949.9 time, 950.0 real, 123.6 MB
[runlim] sample:		959.9 time, 960.0 real, 142.1 MB
[runlim] sample:		969.9 time, 970.0 real, 146.3 MB
[runlim] sample:		979.9 time, 980.0 real, 167.5 MB
[runlim] sample:		989.9 time, 990.0 real, 181.3 MB
[runlim] sample:		999.9 time, 1000.0 real, 105.7 MB
[runlim] sample:		1009.9 time, 1010.0 real, 149.8 MB
[runlim] sample:		1019.9 time, 1020.0 real, 151.6 MB
[runlim] sample:		1029.9 time, 1030.0 real, 178.8 MB
[runlim] sample:		1039.9 time, 1040.0 real, 178.8 MB
[runlim] sample:		1049.9 time, 1050.0 real, 184.8 MB
[runlim] sample:		1059.9 time, 1060.0 real, 139.4 MB
[runlim] sample:		1069.9 time, 1070.0 real, 136.2 MB
[runlim] sample:		1079.9 time, 1080.0 real, 164.7 MB
[runlim] sample:		1089.9 time, 1090.0 real, 165.0 MB
[runlim] sample:		1099.9 time, 1100.0 real, 165.2 MB
[runlim] sample:		1109.9 time, 1110.0 real, 165.3 MB
[runlim] sample:		1119.9 time, 1120.0 real, 105.7 MB
[runlim] sample:		1129.9 time, 1130.0 real, 136.8 MB
[runlim] sample:		1139.9 time, 1140.0 real, 173.0 MB
[runlim] sample:		1149.9 time, 1150.0 real, 171.6 MB
[runlim] sample:		1159.9 time, 1160.0 real, 172.9 MB
[runlim] sample:		1169.9 time, 1170.0 real, 175.9 MB
[runlim] sample:		1179.9 time, 1180.0 real, 175.7 MB
[runlim] sample:		1189.9 time, 1190.0 real, 177.2 MB
[runlim] sample:		1199.9 time, 1200.0 real, 178.2 MB
[runlim] sample:		1209.9 time, 1210.0 real, 176.8 MB
[runlim] sample:		1219.9 time, 1220.0 real, 179.1 MB
[runlim] sample:		1229.8 time, 1230.0 real, 177.0 MB
[runlim] sample:		1239.8 time, 1240.0 real, 175.6 MB
[runlim] sample:		1249.9 time, 1250.0 real, 176.2 MB
[runlim] sample:		1259.8 time, 1260.0 real, 177.0 MB
[runlim] sample:		1269.8 time, 1270.0 real, 183.5 MB
[runlim] sample:		1279.8 time, 1280.0 real, 179.5 MB
[runlim] sample:		1289.8 time, 1290.0 real, 187.5 MB
[runlim] sample:		1299.8 time, 1300.0 real, 173.3 MB
[runlim] sample:		1309.8 time, 1310.0 real, 174.2 MB
[runlim] sample:		1319.8 time, 1320.0 real, 179.0 MB
[runlim] sample:		1329.8 time, 1330.0 real, 176.9 MB
[runlim] sample:		1339.8 time, 1340.0 real, 176.4 MB
[runlim] sample:		1349.8 time, 1350.0 real, 197.2 MB
[runlim] sample:		1359.8 time, 1360.0 real, 185.6 MB
[runlim] sample:		1369.8 time, 1370.0 real, 182.6 MB
[runlim] sample:		1379.8 time, 1380.0 real, 185.4 MB
[runlim] sample:		1389.8 time, 1390.0 real, 183.9 MB
[runlim] sample:		1399.8 time, 1400.0 real, 182.7 MB
[runlim] sample:		1409.8 time, 1410.0 real, 181.2 MB
[runlim] sample:		1419.8 time, 1420.0 real, 185.5 MB
[runlim] sample:		1429.8 time, 1430.0 real, 187.5 MB
[runlim] sample:		1439.8 time, 1440.0 real, 187.5 MB
[runlim] sample:		1449.8 time, 1450.0 real, 188.1 MB
[runlim] sample:		1459.8 time, 1460.0 real, 185.6 MB
[runlim] sample:		1469.8 time, 1470.0 real, 199.4 MB
[runlim] sample:		1479.8 time, 1480.0 real, 183.7 MB
[runlim] sample:		1489.8 time, 1490.0 real, 181.6 MB
[runlim] sample:		1499.8 time, 1500.0 real, 173.8 MB
[runlim] sample:		1509.8 time, 1510.0 real, 173.5 MB
[runlim] sample:		1519.8 time, 1520.0 real, 170.9 MB
[runlim] sample:		1529.8 time, 1530.0 real, 181.4 MB
[runlim] sample:		1539.8 time, 1540.0 real, 186.3 MB
[runlim] sample:		1549.8 time, 1550.0 real, 182.1 MB
[runlim] sample:		1559.8 time, 1560.0 real, 184.3 MB
[runlim] sample:		1569.8 time, 1570.0 real, 182.6 MB
[runlim] sample:		1579.8 time, 1580.0 real, 187.1 MB
[runlim] sample:		1589.8 time, 1590.0 real, 192.5 MB
[runlim] sample:		1599.8 time, 1600.0 real, 197.5 MB
[runlim] sample:		1609.8 time, 1610.0 real, 194.0 MB
[runlim] sample:		1619.8 time, 1620.0 real, 193.1 MB
[runlim] sample:		1629.8 time, 1630.0 real, 193.1 MB
[runlim] sample:		1639.8 time, 1640.0 real, 225.0 MB
[runlim] sample:		1649.8 time, 1650.0 real, 195.0 MB
[runlim] sample:		1659.8 time, 1660.0 real, 189.4 MB
[runlim] sample:		1669.8 time, 1670.0 real, 188.5 MB
[runlim] sample:		1679.8 time, 1680.0 real, 189.8 MB
[runlim] sample:		1689.8 time, 1690.0 real, 192.8 MB
[runlim] sample:		1699.8 time, 1700.0 real, 196.7 MB
[runlim] sample:		1709.8 time, 1710.0 real, 196.7 MB
[runlim] sample:		1719.8 time, 1720.0 real, 196.0 MB
[runlim] sample:		1729.8 time, 1730.0 real, 200.2 MB
[runlim] sample:		1739.8 time, 1740.0 real, 197.5 MB
[runlim] sample:		1749.8 time, 1750.0 real, 195.6 MB
[runlim] sample:		1759.8 time, 1760.0 real, 197.0 MB
[runlim] sample:		1769.8 time, 1770.0 real, 194.1 MB
[runlim] sample:		1779.8 time, 1780.0 real, 194.1 MB
[runlim] sample:		1789.8 time, 1790.0 real, 195.4 MB
[runlim] sample:		1799.8 time, 1800.0 real, 201.5 MB
c Signal interruption.
[runlim] end:			Mon Aug 12 21:34:08 2024
[runlim] status:		out of time
[runlim] result:		2
[runlim] children:		0
[runlim] real:			1800.05 seconds
[runlim] time:			1799.79 seconds
[runlim] space:			323.4 MB
[runlim] samples:		18000
