[runlim] version:		1.10
[runlim] time limit:		1800 seconds
[runlim] real time limit:	1800 seconds
[runlim] space limit:		30000 MB
[runlim] argv[0]:		/home/truongxuanhieu/AntiBandwidthReconstruct/build/abw_enc
[runlim] argv[1]:		/home/truongxuanhieu/AntiBandwidthReconstruct/build/Benchmarks/D-bcsstk01.mtx.rnd
[runlim] argv[2]:		--duplexNSC
[runlim] start:			Tue Aug 13 15:38:25 2024
[runlim] main pid:		2134
[runlim] log captured:
c DuplexEncoder 0.8.
c Solving strategy: from LB to UB.
c LB-w = 8 (LB in Sinnl - A note on computational approaches for the antibandwidth problem).
c UB-w = 9 (UB in Sinnl - A note on computational approaches for the antibandwidth problem).
c Antibandwidth problem with w = 8 ( D-bcsstk01.mtx.rnd ):
c Initializing CaDiCaL (version 1.2.1).
c	Configuring CaDiCaL as --sat (1).
c Initializing a DuplexNSC encoder with n = 48.
c Encoding starts with w = 8:
c	Labels and Vertices aux var: 1152
c	Labels and Vertices constraints:  6960
c	Obj k aux var: 3168
c	Obj k constraints: 39472
c	Obj k glue staircase constraints: 25696
c	Encoding duration: 0s
c	Number of clauses: 46456
c	Number of irredundant clauses: 46168
c	Number of variables: 6624
c SAT Solving starts:
c	Solving duration: 7 ms
c	Answer: 
s SAT (w = 8)
c	Solution check:
p calculated antibandwidth = 8.
c
c
c Antibandwidth problem with w = 9 ( D-bcsstk01.mtx.rnd ):
c Initializing CaDiCaL (version 1.2.1).
c	Configuring CaDiCaL as --sat (1).
c Initializing a DuplexNSC encoder with n = 48.
c Encoding starts with w = 9:
c	Labels and Vertices aux var: 1152
c	Labels and Vertices constraints:  6960
c	Obj k aux var: 3360
c	Obj k constraints: 39872
c	Obj k glue staircase constraints: 25520
c	Encoding duration: 0s
c	Number of clauses: 46856
c	Number of irredundant clauses: 46562
c	Number of variables: 6816
c SAT Solving starts:
c	Solving duration: 277 ms
c	Answer: 
s SAT (w = 9)
c	Solution check:
p calculated antibandwidth = 9.
c
c
[runlim] end:			Tue Aug 13 15:38:25 2024
[runlim] status:		ok
[runlim] result:		0
[runlim] children:		0
[runlim] real:			0.55 seconds
[runlim] time:			0.29 seconds
[runlim] space:			13.7 MB
[runlim] samples:		3
