[runlim] version:		1.10
[runlim] time limit:		1800 seconds
[runlim] real time limit:	1800 seconds
[runlim] space limit:		30000 MB
[runlim] argv[0]:		/home/truongxuanhieu/AntiBandwidthReconstruct/build/abw_enc
[runlim] argv[1]:		/home/truongxuanhieu/AntiBandwidthReconstruct/build/Benchmarks/K-dwt__234.mtx.rnd
[runlim] argv[2]:		--duplexNSC
[runlim] start:			Tue Aug 13 15:56:43 2024
[runlim] main pid:		3052
[runlim] log captured:
c DuplexEncoder 0.8.
c Solving strategy: from LB to UB.
c LB-w = 46 (LB in Sinnl - A note on computational approaches for the antibandwidth problem).
c UB-w = 58 (UB in Sinnl - A note on computational approaches for the antibandwidth problem).
c Antibandwidth problem with w = 46 ( K-dwt__234.mtx.rnd ):
c Initializing CaDiCaL (version 1.2.1).
c	Configuring CaDiCaL as --sat (1).
c Initializing a DuplexNSC encoder with n = 117.
c Encoding starts with w = 46:
c	Labels and Vertices aux var: 4680
c	Labels and Vertices constraints:  34515
c	Obj k aux var: 18486
c	Obj k constraints: 123021
c	Obj k glue staircase constraints: 45684
c	Encoding duration: 0s
c	Number of clauses: 157594
c	Number of irredundant clauses: 157236
c	Number of variables: 36855
c SAT Solving starts:
[runlim] sample:		10.0 time, 10.9 real, 94.3 MB
[runlim] sample:		20.0 time, 20.9 real, 61.3 MB
[runlim] sample:		30.0 time, 30.9 real, 97.9 MB
[runlim] sample:		40.0 time, 40.9 real, 97.9 MB
[runlim] sample:		50.0 time, 50.9 real, 97.9 MB
[runlim] sample:		60.0 time, 60.9 real, 118.4 MB
c	Solving duration: 69670 ms
c	Answer: 
s SAT (w = 46)
c	Solution check:
p calculated antibandwidth = 46.
c
c
c Antibandwidth problem with w = 47 ( K-dwt__234.mtx.rnd ):
c Initializing CaDiCaL (version 1.2.1).
c	Configuring CaDiCaL as --sat (1).
c Initializing a DuplexNSC encoder with n = 117.
c Encoding starts with w = 47:
c	Labels and Vertices aux var: 4680
c	Labels and Vertices constraints:  34515
c	Obj k aux var: 18603
c	Obj k constraints: 122607
c	Obj k glue staircase constraints: 45036
c	Encoding duration: 0s
c	Number of clauses: 157180
c	Number of irredundant clauses: 156820
c	Number of variables: 36972
c SAT Solving starts:
[runlim] sample:		70.0 time, 70.9 real, 56.2 MB
[runlim] sample:		80.0 time, 80.9 real, 98.2 MB
[runlim] sample:		90.0 time, 90.9 real, 142.8 MB
[runlim] sample:		100.0 time, 100.9 real, 99.5 MB
[runlim] sample:		110.0 time, 110.9 real, 99.5 MB
[runlim] sample:		120.0 time, 120.9 real, 112.7 MB
[runlim] sample:		130.0 time, 130.9 real, 103.3 MB
[runlim] sample:		140.0 time, 140.9 real, 110.6 MB
[runlim] sample:		150.0 time, 150.9 real, 155.6 MB
[runlim] sample:		160.0 time, 160.9 real, 142.4 MB
[runlim] sample:		170.0 time, 170.9 real, 142.4 MB
[runlim] sample:		180.0 time, 180.9 real, 113.6 MB
[runlim] sample:		190.0 time, 190.9 real, 146.4 MB
[runlim] sample:		200.0 time, 200.9 real, 135.7 MB
[runlim] sample:		210.0 time, 210.9 real, 296.3 MB
[runlim] sample:		220.0 time, 220.9 real, 322.7 MB
[runlim] sample:		230.0 time, 230.9 real, 124.4 MB
[runlim] sample:		239.9 time, 240.9 real, 230.1 MB
[runlim] sample:		249.9 time, 250.9 real, 328.8 MB
[runlim] sample:		259.9 time, 260.9 real, 368.0 MB
[runlim] sample:		270.0 time, 270.9 real, 291.1 MB
[runlim] sample:		280.0 time, 280.9 real, 301.1 MB
[runlim] sample:		290.0 time, 290.9 real, 314.7 MB
[runlim] sample:		300.0 time, 300.9 real, 287.6 MB
[runlim] sample:		309.9 time, 310.9 real, 268.0 MB
[runlim] sample:		319.9 time, 320.9 real, 292.9 MB
[runlim] sample:		329.9 time, 330.9 real, 256.7 MB
c	Solving duration: 262389 ms
c	Answer: 
s SAT (w = 47)
c	Solution check:
p calculated antibandwidth = 47.
c
c
c Antibandwidth problem with w = 48 ( K-dwt__234.mtx.rnd ):
c Initializing CaDiCaL (version 1.2.1).
c	Configuring CaDiCaL as --sat (1).
c Initializing a DuplexNSC encoder with n = 117.
c Encoding starts with w = 48:
c	Labels and Vertices aux var: 4680
c	Labels and Vertices constraints:  34515
c	Obj k aux var: 18720
c	Obj k constraints: 122193
c	Obj k glue staircase constraints: 44388
c	Encoding duration: 0s
c	Number of clauses: 156766
c	Number of irredundant clauses: 156404
c	Number of variables: 37089
c SAT Solving starts:
[runlim] sample:		339.9 time, 340.9 real, 173.0 MB
[runlim] sample:		349.9 time, 350.9 real, 173.0 MB
[runlim] sample:		359.9 time, 360.9 real, 173.0 MB
[runlim] sample:		369.9 time, 370.9 real, 252.7 MB
[runlim] sample:		379.9 time, 380.9 real, 251.9 MB
[runlim] sample:		389.9 time, 390.9 real, 195.7 MB
[runlim] sample:		399.9 time, 400.9 real, 292.4 MB
[runlim] sample:		409.9 time, 410.9 real, 259.1 MB
[runlim] sample:		419.9 time, 420.9 real, 215.2 MB
[runlim] sample:		429.9 time, 430.9 real, 188.0 MB
c	Solving duration: 100945 ms
c	Answer: 
s SAT (w = 48)
c	Solution check:
p calculated antibandwidth = 48.
c
c
c Antibandwidth problem with w = 49 ( K-dwt__234.mtx.rnd ):
c Initializing CaDiCaL (version 1.2.1).
c	Configuring CaDiCaL as --sat (1).
c Initializing a DuplexNSC encoder with n = 117.
c Encoding starts with w = 49:
c	Labels and Vertices aux var: 4680
c	Labels and Vertices constraints:  34515
c	Obj k aux var: 18837
c	Obj k constraints: 121779
c	Obj k glue staircase constraints: 43740
c	Encoding duration: 0s
c	Number of clauses: 156352
c	Number of irredundant clauses: 155988
c	Number of variables: 37206
c SAT Solving starts:
[runlim] sample:		439.9 time, 440.9 real, 188.0 MB
[runlim] sample:		449.9 time, 450.9 real, 188.0 MB
[runlim] sample:		459.9 time, 460.9 real, 188.0 MB
[runlim] sample:		469.9 time, 470.9 real, 232.0 MB
[runlim] sample:		479.9 time, 480.9 real, 244.1 MB
[runlim] sample:		489.9 time, 490.9 real, 252.1 MB
[runlim] sample:		499.9 time, 500.9 real, 188.1 MB
[runlim] sample:		509.9 time, 510.9 real, 188.1 MB
[runlim] sample:		519.9 time, 520.9 real, 188.1 MB
[runlim] sample:		529.9 time, 530.9 real, 188.1 MB
[runlim] sample:		539.9 time, 540.9 real, 192.4 MB
[runlim] sample:		549.9 time, 550.9 real, 302.8 MB
[runlim] sample:		559.9 time, 560.9 real, 192.5 MB
[runlim] sample:		570.0 time, 570.9 real, 291.4 MB
[runlim] sample:		579.9 time, 580.9 real, 315.6 MB
[runlim] sample:		589.9 time, 590.9 real, 192.7 MB
[runlim] sample:		599.9 time, 600.9 real, 295.1 MB
[runlim] sample:		609.9 time, 610.9 real, 199.7 MB
c	Solving duration: 177216 ms
c	Answer: 
s SAT (w = 49)
c	Solution check:
p calculated antibandwidth = 49.
c
c
c Antibandwidth problem with w = 50 ( K-dwt__234.mtx.rnd ):
c Initializing CaDiCaL (version 1.2.1).
c	Configuring CaDiCaL as --sat (1).
c Initializing a DuplexNSC encoder with n = 117.
c Encoding starts with w = 50:
c	Labels and Vertices aux var: 4680
c	Labels and Vertices constraints:  34515
c	Obj k aux var: 18954
c	Obj k constraints: 121365
c	Obj k glue staircase constraints: 43092
c	Encoding duration: 0s
c	Number of clauses: 155938
c	Number of irredundant clauses: 155572
c	Number of variables: 37323
c SAT Solving starts:
[runlim] sample:		619.9 time, 620.9 real, 129.6 MB
[runlim] sample:		629.9 time, 630.9 real, 142.2 MB
[runlim] sample:		639.9 time, 640.9 real, 154.2 MB
[runlim] sample:		649.9 time, 650.9 real, 159.2 MB
[runlim] sample:		659.9 time, 660.9 real, 170.8 MB
[runlim] sample:		669.9 time, 670.9 real, 216.0 MB
[runlim] sample:		679.9 time, 680.9 real, 175.6 MB
[runlim] sample:		689.9 time, 690.9 real, 175.6 MB
[runlim] sample:		699.9 time, 700.9 real, 246.3 MB
[runlim] sample:		709.9 time, 710.9 real, 175.6 MB
[runlim] sample:		719.9 time, 720.9 real, 251.8 MB
[runlim] sample:		729.9 time, 730.9 real, 274.8 MB
[runlim] sample:		739.9 time, 740.9 real, 276.5 MB
[runlim] sample:		749.9 time, 750.9 real, 263.7 MB
[runlim] sample:		759.9 time, 760.9 real, 224.8 MB
[runlim] sample:		769.9 time, 770.9 real, 228.0 MB
[runlim] sample:		779.9 time, 780.9 real, 188.0 MB
[runlim] sample:		789.9 time, 790.9 real, 188.0 MB
[runlim] sample:		799.9 time, 800.9 real, 208.0 MB
[runlim] sample:		809.9 time, 810.9 real, 129.5 MB
[runlim] sample:		819.9 time, 820.9 real, 193.4 MB
[runlim] sample:		829.9 time, 830.9 real, 166.2 MB
[runlim] sample:		839.9 time, 840.9 real, 195.7 MB
[runlim] sample:		849.9 time, 850.9 real, 195.9 MB
[runlim] sample:		859.9 time, 860.9 real, 195.9 MB
[runlim] sample:		869.9 time, 870.9 real, 195.9 MB
[runlim] sample:		879.9 time, 880.9 real, 195.9 MB
[runlim] sample:		889.9 time, 890.9 real, 167.1 MB
[runlim] sample:		899.9 time, 900.9 real, 174.2 MB
[runlim] sample:		909.9 time, 910.9 real, 248.9 MB
[runlim] sample:		919.9 time, 920.9 real, 185.8 MB
[runlim] sample:		929.9 time, 930.9 real, 367.5 MB
[runlim] sample:		939.9 time, 940.9 real, 368.3 MB
[runlim] sample:		949.9 time, 950.9 real, 437.4 MB
[runlim] sample:		959.9 time, 960.9 real, 339.0 MB
[runlim] sample:		969.9 time, 970.9 real, 234.4 MB
[runlim] sample:		979.9 time, 980.9 real, 234.4 MB
[runlim] sample:		989.9 time, 990.9 real, 234.4 MB
[runlim] sample:		999.9 time, 1000.9 real, 182.5 MB
[runlim] sample:		1009.9 time, 1010.9 real, 176.4 MB
[runlim] sample:		1019.9 time, 1020.9 real, 166.6 MB
[runlim] sample:		1029.9 time, 1030.9 real, 170.3 MB
[runlim] sample:		1039.9 time, 1040.9 real, 200.1 MB
[runlim] sample:		1049.9 time, 1050.9 real, 200.1 MB
[runlim] sample:		1059.9 time, 1060.9 real, 160.6 MB
[runlim] sample:		1069.9 time, 1070.9 real, 197.1 MB
[runlim] sample:		1079.9 time, 1080.9 real, 204.2 MB
[runlim] sample:		1089.9 time, 1090.9 real, 206.4 MB
[runlim] sample:		1099.9 time, 1100.9 real, 199.3 MB
[runlim] sample:		1109.9 time, 1110.9 real, 202.9 MB
[runlim] sample:		1119.9 time, 1120.9 real, 209.8 MB
[runlim] sample:		1129.9 time, 1130.9 real, 200.3 MB
[runlim] sample:		1139.9 time, 1140.9 real, 196.4 MB
[runlim] sample:		1149.9 time, 1150.9 real, 210.0 MB
[runlim] sample:		1159.9 time, 1160.9 real, 295.4 MB
[runlim] sample:		1169.9 time, 1170.9 real, 295.6 MB
[runlim] sample:		1179.9 time, 1180.9 real, 383.5 MB
c	Solving duration: 578347 ms
c	Answer: 
s SAT (w = 50)
c	Solution check:
p calculated antibandwidth = 50.
c
c
c Antibandwidth problem with w = 51 ( K-dwt__234.mtx.rnd ):
c Initializing CaDiCaL (version 1.2.1).
c	Configuring CaDiCaL as --sat (1).
c Initializing a DuplexNSC encoder with n = 117.
c Encoding starts with w = 51:
c	Labels and Vertices aux var: 4680
c	Labels and Vertices constraints:  34515
c	Obj k aux var: 19071
c	Obj k constraints: 120951
c	Obj k glue staircase constraints: 42444
c	Encoding duration: 0s
c	Number of clauses: 155524
c	Number of irredundant clauses: 155156
c	Number of variables: 37440
c SAT Solving starts:
[runlim] sample:		1189.9 time, 1190.9 real, 201.9 MB
[runlim] sample:		1199.9 time, 1200.9 real, 201.9 MB
[runlim] sample:		1209.9 time, 1210.9 real, 201.9 MB
[runlim] sample:		1219.9 time, 1220.9 real, 201.9 MB
[runlim] sample:		1229.9 time, 1230.9 real, 201.9 MB
[runlim] sample:		1239.9 time, 1240.9 real, 201.9 MB
[runlim] sample:		1249.9 time, 1250.9 real, 202.1 MB
[runlim] sample:		1259.9 time, 1260.9 real, 202.1 MB
[runlim] sample:		1269.9 time, 1270.9 real, 202.1 MB
[runlim] sample:		1279.9 time, 1280.9 real, 202.1 MB
[runlim] sample:		1289.9 time, 1290.9 real, 205.1 MB
[runlim] sample:		1299.9 time, 1300.9 real, 205.1 MB
[runlim] sample:		1309.9 time, 1310.9 real, 205.1 MB
[runlim] sample:		1319.9 time, 1320.9 real, 220.7 MB
[runlim] sample:		1329.9 time, 1330.9 real, 158.4 MB
[runlim] sample:		1339.9 time, 1340.9 real, 181.2 MB
[runlim] sample:		1349.9 time, 1350.9 real, 181.2 MB
[runlim] sample:		1359.9 time, 1360.9 real, 214.0 MB
[runlim] sample:		1369.9 time, 1370.9 real, 187.2 MB
[runlim] sample:		1379.9 time, 1380.9 real, 211.9 MB
[runlim] sample:		1389.9 time, 1390.9 real, 159.2 MB
[runlim] sample:		1399.9 time, 1400.9 real, 163.7 MB
[runlim] sample:		1409.9 time, 1410.9 real, 166.0 MB
[runlim] sample:		1419.9 time, 1420.9 real, 186.6 MB
[runlim] sample:		1429.9 time, 1430.9 real, 186.6 MB
[runlim] sample:		1439.9 time, 1440.9 real, 201.8 MB
[runlim] sample:		1449.9 time, 1450.9 real, 201.8 MB
[runlim] sample:		1459.9 time, 1460.9 real, 218.1 MB
[runlim] sample:		1469.9 time, 1470.9 real, 218.1 MB
[runlim] sample:		1479.9 time, 1480.9 real, 218.1 MB
[runlim] sample:		1489.9 time, 1490.9 real, 218.1 MB
[runlim] sample:		1499.9 time, 1500.9 real, 186.2 MB
[runlim] sample:		1509.9 time, 1510.9 real, 191.6 MB
[runlim] sample:		1519.9 time, 1520.9 real, 223.8 MB
[runlim] sample:		1529.9 time, 1530.9 real, 212.3 MB
[runlim] sample:		1539.9 time, 1540.9 real, 212.3 MB
[runlim] sample:		1549.9 time, 1550.9 real, 180.0 MB
[runlim] sample:		1559.9 time, 1560.9 real, 171.1 MB
[runlim] sample:		1569.9 time, 1570.9 real, 200.0 MB
[runlim] sample:		1579.9 time, 1580.9 real, 208.9 MB
[runlim] sample:		1589.9 time, 1590.9 real, 208.9 MB
[runlim] sample:		1599.9 time, 1600.9 real, 240.9 MB
[runlim] sample:		1609.9 time, 1610.9 real, 208.9 MB
[runlim] sample:		1619.9 time, 1620.9 real, 208.9 MB
[runlim] sample:		1629.9 time, 1630.9 real, 261.3 MB
[runlim] sample:		1639.9 time, 1640.9 real, 261.3 MB
[runlim] sample:		1649.9 time, 1650.9 real, 247.9 MB
[runlim] sample:		1659.9 time, 1660.9 real, 208.9 MB
[runlim] sample:		1669.9 time, 1670.9 real, 208.9 MB
[runlim] sample:		1679.9 time, 1680.9 real, 208.9 MB
[runlim] sample:		1689.9 time, 1690.9 real, 245.1 MB
[runlim] sample:		1699.9 time, 1700.9 real, 208.9 MB
[runlim] sample:		1709.9 time, 1710.9 real, 248.6 MB
[runlim] sample:		1719.9 time, 1720.9 real, 208.9 MB
[runlim] sample:		1729.9 time, 1730.9 real, 235.1 MB
[runlim] sample:		1739.9 time, 1740.9 real, 235.1 MB
[runlim] sample:		1749.9 time, 1750.9 real, 194.2 MB
[runlim] sample:		1759.9 time, 1760.9 real, 192.0 MB
[runlim] sample:		1769.9 time, 1770.9 real, 189.2 MB
[runlim] sample:		1779.9 time, 1780.9 real, 185.6 MB
[runlim] sample:		1789.9 time, 1790.9 real, 185.6 MB
c Signal interruption.
[runlim] end:			Tue Aug 13 16:26:43 2024
[runlim] status:		out of time
[runlim] result:		2
[runlim] children:		0
[runlim] real:			1800.09 seconds
[runlim] time:			1799.09 seconds
[runlim] space:			583.2 MB
[runlim] samples:		17992
