[runlim] version:		1.10
[runlim] time limit:		1800 seconds
[runlim] real time limit:	1800 seconds
[runlim] space limit:		30000 MB
[runlim] argv[0]:		/home/truongxuanhieu/AntiBandwidthReconstruct/build/abw_enc
[runlim] argv[1]:		/home/truongxuanhieu/AntiBandwidthReconstruct/build/Benchmarks/M-bcsstk06.mtx.rnd
[runlim] argv[2]:		--duplexNSC
[runlim] start:			Tue Aug 13 20:56:57 2024
[runlim] main pid:		16601
[runlim] log captured:
c DuplexEncoder 0.8.
c Solving strategy: from LB to UB.
c LB-w = 28 (LB in Sinnl - A note on computational approaches for the antibandwidth problem).
c UB-w = 72 (UB in Sinnl - A note on computational approaches for the antibandwidth problem).
c Antibandwidth problem with w = 28 ( M-bcsstk06.mtx.rnd ):
c Initializing CaDiCaL (version 1.2.1).
c	Configuring CaDiCaL as --sat (1).
c Initializing a DuplexNSC encoder with n = 420.
c Encoding starts with w = 28:
c	Labels and Vertices aux var: 32760
c	Labels and Vertices constraints:  445200
c	Obj k aux var: 312060
c	Obj k constraints: 6961860
c	Obj k glue staircase constraints: 5680440
c	Encoding duration: 2s
c	Number of clauses: 7407270
c	Number of irredundant clauses: 7405051
c	Number of variables: 521220
c SAT Solving starts:
c	Solving duration: 1543 ms
c	Answer: 
s SAT (w = 28)
c	Solution check:
p calculated antibandwidth = 28.
c
c
c Antibandwidth problem with w = 29 ( M-bcsstk06.mtx.rnd ):
c Initializing CaDiCaL (version 1.2.1).
c	Configuring CaDiCaL as --sat (1).
c Initializing a DuplexNSC encoder with n = 420.
c Encoding starts with w = 29:
c	Labels and Vertices aux var: 32760
c	Labels and Vertices constraints:  445200
c	Obj k aux var: 317520
c	Obj k constraints: 6974520
c	Obj k glue staircase constraints: 5676720
c	Encoding duration: 2s
c	Number of clauses: 7419930
c	Number of irredundant clauses: 7417767
c	Number of variables: 526680
c SAT Solving starts:
[runlim] sample:		10.0 time, 10.1 real, 1134.9 MB
c	Solving duration: 9575 ms
c	Answer: 
s SAT (w = 29)
c	Solution check:
p calculated antibandwidth = 29.
c
c
c Antibandwidth problem with w = 30 ( M-bcsstk06.mtx.rnd ):
c Initializing CaDiCaL (version 1.2.1).
c	Configuring CaDiCaL as --sat (1).
c Initializing a DuplexNSC encoder with n = 420.
c Encoding starts with w = 30:
c	Labels and Vertices aux var: 32760
c	Labels and Vertices constraints:  439320
c	Obj k aux var: 311640
c	Obj k constraints: 6940740
c	Obj k glue staircase constraints: 5661840
c	Encoding duration: 2s
c	Number of clauses: 7380270
c	Number of irredundant clauses: 7378124
c	Number of variables: 520800
c SAT Solving starts:
[runlim] sample:		20.0 time, 20.1 real, 982.8 MB
c	Solving duration: 10360 ms
c	Answer: 
s SAT (w = 30)
c	Solution check:
p calculated antibandwidth = 30.
c
c
c Antibandwidth problem with w = 31 ( M-bcsstk06.mtx.rnd ):
c Initializing CaDiCaL (version 1.2.1).
c	Configuring CaDiCaL as --sat (1).
c Initializing a DuplexNSC encoder with n = 420.
c Encoding starts with w = 31:
[runlim] sample:		30.0 time, 30.1 real, 794.6 MB
c	Labels and Vertices aux var: 32760
c	Labels and Vertices constraints:  439320
c	Obj k aux var: 316680
c	Obj k constraints: 6952140
c	Obj k glue staircase constraints: 5658120
c	Encoding duration: 2s
c	Number of clauses: 7391670
c	Number of irredundant clauses: 7389510
c	Number of variables: 525840
c SAT Solving starts:
[runlim] sample:		40.0 time, 40.1 real, 995.4 MB
[runlim] sample:		50.0 time, 50.1 real, 1185.7 MB
[runlim] sample:		60.0 time, 60.1 real, 1010.9 MB
[runlim] sample:		70.0 time, 70.1 real, 1033.4 MB
[runlim] sample:		80.0 time, 80.1 real, 1024.7 MB
[runlim] sample:		90.0 time, 90.1 real, 1221.3 MB
[runlim] sample:		100.0 time, 100.1 real, 1034.3 MB
[runlim] sample:		110.0 time, 110.1 real, 1072.8 MB
[runlim] sample:		120.0 time, 120.1 real, 1023.6 MB
[runlim] sample:		130.0 time, 130.1 real, 1018.2 MB
[runlim] sample:		140.0 time, 140.1 real, 1055.1 MB
[runlim] sample:		150.0 time, 150.1 real, 1021.3 MB
[runlim] sample:		159.9 time, 160.1 real, 1032.3 MB
[runlim] sample:		169.9 time, 170.1 real, 1025.2 MB
c	Solving duration: 140218 ms
c	Answer: 
s SAT (w = 31)
c	Solution check:
p calculated antibandwidth = 31.
c
c
c Antibandwidth problem with w = 32 ( M-bcsstk06.mtx.rnd ):
c Initializing CaDiCaL (version 1.2.1).
c	Configuring CaDiCaL as --sat (1).
c Initializing a DuplexNSC encoder with n = 420.
c Encoding starts with w = 32:
c	Labels and Vertices aux var: 32760
c	Labels and Vertices constraints:  439320
c	Obj k aux var: 321720
c	Obj k constraints: 6951960
c	Obj k glue staircase constraints: 5643240
c	Encoding duration: 1s
c	Number of clauses: 7391490
c	Number of irredundant clauses: 7389317
c	Number of variables: 530880
c SAT Solving starts:
[runlim] sample:		179.9 time, 180.1 real, 943.5 MB
[runlim] sample:		189.9 time, 190.1 real, 999.4 MB
[runlim] sample:		199.9 time, 200.1 real, 1000.2 MB
[runlim] sample:		209.9 time, 210.1 real, 983.1 MB
[runlim] sample:		219.9 time, 220.1 real, 1008.6 MB
c	Solving duration: 50356 ms
c	Answer: 
s SAT (w = 32)
c	Solution check:
p calculated antibandwidth = 32.
c
c
c Antibandwidth problem with w = 33 ( M-bcsstk06.mtx.rnd ):
c Initializing CaDiCaL (version 1.2.1).
c	Configuring CaDiCaL as --sat (1).
c Initializing a DuplexNSC encoder with n = 420.
c Encoding starts with w = 33:
c	Labels and Vertices aux var: 32760
c	Labels and Vertices constraints:  433860
c	Obj k aux var: 314160
c	Obj k constraints: 6924720
c	Obj k glue staircase constraints: 5639520
c	Encoding duration: 1s
c	Number of clauses: 7358790
c	Number of irredundant clauses: 7356778
c	Number of variables: 523320
c SAT Solving starts:
[runlim] sample:		229.9 time, 230.1 real, 961.8 MB
[runlim] sample:		239.9 time, 240.1 real, 997.8 MB
[runlim] sample:		249.9 time, 250.1 real, 1008.9 MB
[runlim] sample:		259.9 time, 260.1 real, 989.8 MB
[runlim] sample:		269.9 time, 270.1 real, 1000.6 MB
[runlim] sample:		279.9 time, 280.1 real, 1001.1 MB
[runlim] sample:		289.9 time, 290.1 real, 1003.9 MB
[runlim] sample:		299.9 time, 300.1 real, 1015.9 MB
[runlim] sample:		309.9 time, 310.1 real, 1002.7 MB
[runlim] sample:		319.9 time, 320.1 real, 1004.1 MB
[runlim] sample:		329.9 time, 330.1 real, 965.1 MB
[runlim] sample:		339.9 time, 340.1 real, 1013.9 MB
[runlim] sample:		349.9 time, 350.1 real, 1058.3 MB
c	Solving duration: 130921 ms
c	Answer: 
s SAT (w = 33)
c	Solution check:
p calculated antibandwidth = 33.
c
c
c Antibandwidth problem with w = 34 ( M-bcsstk06.mtx.rnd ):
c Initializing CaDiCaL (version 1.2.1).
c	Configuring CaDiCaL as --sat (1).
c Initializing a DuplexNSC encoder with n = 420.
c Encoding starts with w = 34:
c	Labels and Vertices aux var: 32760
c	Labels and Vertices constraints:  433860
c	Obj k aux var: 318780
c	Obj k constraints: 6923280
c	Obj k glue staircase constraints: 5624640
c	Encoding duration: 2s
c	Number of clauses: 7357350
c	Number of irredundant clauses: 7355326
c	Number of variables: 527940
c SAT Solving starts:
[runlim] sample:		359.9 time, 360.1 real, 827.9 MB
[runlim] sample:		369.9 time, 370.1 real, 1149.2 MB
[runlim] sample:		379.9 time, 380.1 real, 1224.3 MB
[runlim] sample:		389.9 time, 390.1 real, 1004.3 MB
[runlim] sample:		399.9 time, 400.1 real, 1005.8 MB
[runlim] sample:		409.9 time, 410.1 real, 1000.1 MB
[runlim] sample:		419.9 time, 420.1 real, 1013.2 MB
[runlim] sample:		429.9 time, 430.1 real, 1019.2 MB
[runlim] sample:		439.9 time, 440.1 real, 1008.4 MB
[runlim] sample:		449.9 time, 450.1 real, 985.7 MB
[runlim] sample:		459.9 time, 460.1 real, 1005.9 MB
[runlim] sample:		469.9 time, 470.1 real, 1008.7 MB
[runlim] sample:		479.9 time, 480.1 real, 1005.6 MB
[runlim] sample:		489.9 time, 490.1 real, 1007.4 MB
[runlim] sample:		499.9 time, 500.1 real, 1013.4 MB
[runlim] sample:		509.9 time, 510.1 real, 964.3 MB
[runlim] sample:		519.9 time, 520.1 real, 1011.4 MB
[runlim] sample:		529.9 time, 530.1 real, 1206.9 MB
[runlim] sample:		539.9 time, 540.1 real, 1024.2 MB
[runlim] sample:		549.9 time, 550.1 real, 963.6 MB
[runlim] sample:		559.9 time, 560.1 real, 966.4 MB
[runlim] sample:		569.9 time, 570.1 real, 1023.9 MB
[runlim] sample:		579.9 time, 580.1 real, 1007.6 MB
[runlim] sample:		589.9 time, 590.1 real, 1022.2 MB
[runlim] sample:		599.9 time, 600.1 real, 1022.1 MB
[runlim] sample:		609.9 time, 610.1 real, 1019.9 MB
[runlim] sample:		619.9 time, 620.1 real, 976.6 MB
[runlim] sample:		629.9 time, 630.1 real, 1019.3 MB
[runlim] sample:		639.9 time, 640.1 real, 1024.2 MB
[runlim] sample:		649.9 time, 650.1 real, 1048.2 MB
[runlim] sample:		659.9 time, 660.1 real, 997.5 MB
[runlim] sample:		669.9 time, 670.1 real, 998.6 MB
[runlim] sample:		679.9 time, 680.1 real, 1000.0 MB
[runlim] sample:		689.9 time, 690.1 real, 1011.9 MB
[runlim] sample:		699.9 time, 700.1 real, 973.9 MB
[runlim] sample:		709.9 time, 710.1 real, 983.6 MB
[runlim] sample:		719.9 time, 720.1 real, 984.7 MB
[runlim] sample:		729.9 time, 730.1 real, 1026.0 MB
[runlim] sample:		739.9 time, 740.1 real, 1026.0 MB
c	Solving duration: 383287 ms
c	Answer: 
s SAT (w = 34)
c	Solution check:
p calculated antibandwidth = 34.
c
c
c Antibandwidth problem with w = 35 ( M-bcsstk06.mtx.rnd ):
c Initializing CaDiCaL (version 1.2.1).
c	Configuring CaDiCaL as --sat (1).
c Initializing a DuplexNSC encoder with n = 420.
c Encoding starts with w = 35:
c	Labels and Vertices aux var: 32760
c	Labels and Vertices constraints:  428820
c	Obj k aux var: 309960
c	Obj k constraints: 6880680
c	Obj k glue staircase constraints: 5609760
c	Encoding duration: 1s
c	Number of clauses: 7309710
c	Number of irredundant clauses: 7307710
c	Number of variables: 519120
c SAT Solving starts:
[runlim] sample:		749.9 time, 750.1 real, 951.8 MB
[runlim] sample:		759.9 time, 760.1 real, 987.5 MB
[runlim] sample:		769.9 time, 770.1 real, 988.4 MB
[runlim] sample:		779.9 time, 780.1 real, 995.7 MB
[runlim] sample:		789.9 time, 790.1 real, 936.9 MB
[runlim] sample:		799.9 time, 800.1 real, 999.4 MB
[runlim] sample:		809.9 time, 810.1 real, 1022.2 MB
[runlim] sample:		819.9 time, 820.1 real, 954.4 MB
[runlim] sample:		829.9 time, 830.1 real, 954.3 MB
[runlim] sample:		839.9 time, 840.1 real, 991.1 MB
[runlim] sample:		849.9 time, 850.1 real, 1029.2 MB
[runlim] sample:		859.9 time, 860.1 real, 961.1 MB
[runlim] sample:		869.9 time, 870.1 real, 1007.5 MB
[runlim] sample:		879.9 time, 880.1 real, 957.3 MB
[runlim] sample:		889.9 time, 890.1 real, 1003.6 MB
[runlim] sample:		899.9 time, 900.1 real, 1007.0 MB
[runlim] sample:		909.9 time, 910.1 real, 957.1 MB
[runlim] sample:		919.9 time, 920.1 real, 1137.1 MB
[runlim] sample:		929.9 time, 930.1 real, 1012.4 MB
[runlim] sample:		939.9 time, 940.1 real, 1005.0 MB
[runlim] sample:		949.9 time, 950.1 real, 1003.3 MB
[runlim] sample:		959.9 time, 960.1 real, 1010.9 MB
[runlim] sample:		969.8 time, 970.1 real, 966.2 MB
[runlim] sample:		979.8 time, 980.1 real, 1007.2 MB
[runlim] sample:		989.8 time, 990.1 real, 1007.2 MB
[runlim] sample:		999.9 time, 1000.1 real, 1008.8 MB
[runlim] sample:		1009.9 time, 1010.1 real, 1001.5 MB
[runlim] sample:		1019.8 time, 1020.1 real, 998.5 MB
[runlim] sample:		1029.8 time, 1030.1 real, 1001.9 MB
[runlim] sample:		1039.8 time, 1040.1 real, 966.0 MB
[runlim] sample:		1049.8 time, 1050.1 real, 963.2 MB
[runlim] sample:		1059.8 time, 1060.1 real, 977.4 MB
[runlim] sample:		1069.8 time, 1070.1 real, 1019.1 MB
[runlim] sample:		1079.8 time, 1080.1 real, 975.3 MB
[runlim] sample:		1089.8 time, 1090.1 real, 1013.3 MB
[runlim] sample:		1099.8 time, 1100.1 real, 1010.3 MB
[runlim] sample:		1109.8 time, 1110.1 real, 1014.7 MB
[runlim] sample:		1119.8 time, 1120.1 real, 1205.3 MB
[runlim] sample:		1129.8 time, 1130.1 real, 1018.7 MB
[runlim] sample:		1139.8 time, 1140.1 real, 1027.6 MB
[runlim] sample:		1149.8 time, 1150.1 real, 1016.6 MB
[runlim] sample:		1159.8 time, 1160.1 real, 974.7 MB
[runlim] sample:		1169.8 time, 1170.1 real, 974.9 MB
[runlim] sample:		1179.8 time, 1180.1 real, 974.4 MB
[runlim] sample:		1189.8 time, 1190.1 real, 1013.1 MB
[runlim] sample:		1199.8 time, 1200.1 real, 1015.1 MB
[runlim] sample:		1209.8 time, 1210.1 real, 1024.1 MB
[runlim] sample:		1219.8 time, 1220.1 real, 1024.1 MB
[runlim] sample:		1229.8 time, 1230.1 real, 1030.2 MB
[runlim] sample:		1239.8 time, 1240.1 real, 1030.2 MB
[runlim] sample:		1249.8 time, 1250.1 real, 1020.2 MB
[runlim] sample:		1259.8 time, 1260.1 real, 1029.5 MB
[runlim] sample:		1269.8 time, 1270.1 real, 1029.5 MB
[runlim] sample:		1279.8 time, 1280.1 real, 1047.3 MB
[runlim] sample:		1289.8 time, 1290.1 real, 1030.8 MB
[runlim] sample:		1299.8 time, 1300.1 real, 1054.3 MB
[runlim] sample:		1309.8 time, 1310.1 real, 1054.3 MB
[runlim] sample:		1319.8 time, 1320.1 real, 1031.5 MB
[runlim] sample:		1329.8 time, 1330.1 real, 1028.0 MB
[runlim] sample:		1339.8 time, 1340.1 real, 1052.0 MB
[runlim] sample:		1349.8 time, 1350.1 real, 983.1 MB
[runlim] sample:		1359.8 time, 1360.1 real, 985.9 MB
[runlim] sample:		1369.8 time, 1370.1 real, 985.9 MB
[runlim] sample:		1379.8 time, 1380.1 real, 1012.4 MB
[runlim] sample:		1389.8 time, 1390.1 real, 1023.1 MB
[runlim] sample:		1399.8 time, 1400.1 real, 1014.1 MB
[runlim] sample:		1409.8 time, 1410.1 real, 1022.9 MB
[runlim] sample:		1419.8 time, 1420.1 real, 1022.9 MB
[runlim] sample:		1429.8 time, 1430.1 real, 1038.8 MB
[runlim] sample:		1439.8 time, 1440.1 real, 1034.6 MB
[runlim] sample:		1449.8 time, 1450.1 real, 1034.6 MB
[runlim] sample:		1459.8 time, 1460.1 real, 1048.4 MB
[runlim] sample:		1469.8 time, 1470.1 real, 1029.0 MB
[runlim] sample:		1479.8 time, 1480.1 real, 1039.4 MB
[runlim] sample:		1489.8 time, 1490.1 real, 1056.2 MB
[runlim] sample:		1499.8 time, 1500.1 real, 1029.6 MB
[runlim] sample:		1509.8 time, 1510.1 real, 1029.6 MB
[runlim] sample:		1519.8 time, 1520.1 real, 1077.4 MB
[runlim] sample:		1529.8 time, 1530.1 real, 1077.4 MB
[runlim] sample:		1539.8 time, 1540.1 real, 1057.0 MB
[runlim] sample:		1549.8 time, 1550.1 real, 1057.0 MB
[runlim] sample:		1559.8 time, 1560.1 real, 1062.2 MB
[runlim] sample:		1569.8 time, 1570.1 real, 1062.2 MB
[runlim] sample:		1579.8 time, 1580.1 real, 1062.1 MB
[runlim] sample:		1589.8 time, 1590.1 real, 1062.1 MB
[runlim] sample:		1599.8 time, 1600.1 real, 1054.0 MB
[runlim] sample:		1609.8 time, 1610.1 real, 1054.0 MB
[runlim] sample:		1619.8 time, 1620.1 real, 1054.0 MB
[runlim] sample:		1629.8 time, 1630.1 real, 1045.5 MB
[runlim] sample:		1639.8 time, 1640.1 real, 1255.1 MB
[runlim] sample:		1649.8 time, 1650.1 real, 1045.1 MB
[runlim] sample:		1659.8 time, 1660.1 real, 1045.1 MB
[runlim] sample:		1669.8 time, 1670.1 real, 1045.1 MB
[runlim] sample:		1679.8 time, 1680.1 real, 1040.0 MB
[runlim] sample:		1689.8 time, 1690.1 real, 1049.9 MB
[runlim] sample:		1699.8 time, 1700.1 real, 1051.0 MB
[runlim] sample:		1709.8 time, 1710.1 real, 1051.0 MB
[runlim] sample:		1719.8 time, 1720.1 real, 1051.0 MB
[runlim] sample:		1729.8 time, 1730.1 real, 1040.8 MB
[runlim] sample:		1739.8 time, 1740.1 real, 1055.8 MB
[runlim] sample:		1749.8 time, 1750.1 real, 1055.7 MB
[runlim] sample:		1759.8 time, 1760.1 real, 1034.6 MB
[runlim] sample:		1769.8 time, 1770.1 real, 1060.6 MB
[runlim] sample:		1779.8 time, 1780.1 real, 1060.6 MB
[runlim] sample:		1789.8 time, 1790.1 real, 1045.3 MB
[runlim] sample:		1799.8 time, 1800.1 real, 1045.3 MB
c Signal interruption.
[runlim] end:			Tue Aug 13 21:26:57 2024
[runlim] status:		out of time
[runlim] result:		2
[runlim] children:		0
[runlim] real:			1800.07 seconds
[runlim] time:			1799.80 seconds
[runlim] space:			1357.0 MB
[runlim] samples:		18000
