[runlim] version:		1.10
[runlim] time limit:		1800 seconds
[runlim] real time limit:	1800 seconds
[runlim] space limit:		30000 MB
[runlim] argv[0]:		/home/truongxuanhieu/AntiBandwidthReconstruct/build/abw_enc
[runlim] argv[1]:		/home/truongxuanhieu/AntiBandwidthReconstruct/build/Benchmarks/N-bcsstk07.mtx.rnd
[runlim] argv[2]:		--duplex
[runlim] start:			Mon Aug 12 20:00:56 2024
[runlim] main pid:		26380
[runlim] log captured:
c DuplexEncoder 0.8.
c Solving strategy: from LB to UB.
c LB-w = 28 (LB in Sinnl - A note on computational approaches for the antibandwidth problem).
c UB-w = 72 (UB in Sinnl - A note on computational approaches for the antibandwidth problem).
c Antibandwidth problem with w = 28 ( N-bcsstk07.mtx.rnd ):
c Initializing CaDiCaL (version 1.2.1).
c	Configuring CaDiCaL as --sat (1).
c Initializing a Duplex encoder with n = 420.
c Encoding starts with w = 28:
c	Labels and Vertices aux var: 32760
c	Labels and Vertices constraints:  445200
c	Obj k aux var: 635040
c	Obj k constraints: 7760700
c	Obj k glue staircase constraints: 5680440
c	Encoding duration: 3s
c	Number of clauses: 8206110
c	Number of irredundant clauses: 7867367
c	Number of variables: 844200
c SAT Solving starts:
[runlim] sample:		10.0 time, 10.8 real, 1086.5 MB
c	Solving duration: 6863 ms
c	Answer: 
s SAT (w = 28)
c	Solution check:
p calculated antibandwidth = 28.
c
c
c Antibandwidth problem with w = 29 ( N-bcsstk07.mtx.rnd ):
c Initializing CaDiCaL (version 1.2.1).
c	Configuring CaDiCaL as --sat (1).
c Initializing a Duplex encoder with n = 420.
c Encoding starts with w = 29:
c	Labels and Vertices aux var: 32760
c	Labels and Vertices constraints:  445200
c	Obj k aux var: 645960
c	Obj k constraints: 7788420
c	Obj k glue staircase constraints: 5680440
c	Encoding duration: 3s
c	Number of clauses: 8233830
c	Number of irredundant clauses: 7894872
c	Number of variables: 855120
c SAT Solving starts:
[runlim] sample:		20.0 time, 20.8 real, 1085.3 MB
[runlim] sample:		30.0 time, 30.8 real, 1144.9 MB
c	Solving duration: 17227 ms
c	Answer: 
s SAT (w = 29)
c	Solution check:
p calculated antibandwidth = 29.
c
c
c Antibandwidth problem with w = 30 ( N-bcsstk07.mtx.rnd ):
c Initializing CaDiCaL (version 1.2.1).
c	Configuring CaDiCaL as --sat (1).
c Initializing a Duplex encoder with n = 420.
c Encoding starts with w = 30:
c	Labels and Vertices aux var: 32760
c	Labels and Vertices constraints:  439320
c	Obj k aux var: 633360
c	Obj k constraints: 7735380
c	Obj k glue staircase constraints: 5661840
c	Encoding duration: 3s
c	Number of clauses: 8174910
c	Number of irredundant clauses: 7836990
c	Number of variables: 842520
c SAT Solving starts:
[runlim] sample:		40.0 time, 40.8 real, 1103.7 MB
[runlim] sample:		50.0 time, 50.8 real, 1146.2 MB
c	Solving duration: 15379 ms
c	Answer: 
s SAT (w = 30)
c	Solution check:
p calculated antibandwidth = 30.
c
c
c Antibandwidth problem with w = 31 ( N-bcsstk07.mtx.rnd ):
c Initializing CaDiCaL (version 1.2.1).
c	Configuring CaDiCaL as --sat (1).
c Initializing a Duplex encoder with n = 420.
c Encoding starts with w = 31:
c	Labels and Vertices aux var: 32760
c	Labels and Vertices constraints:  439320
c	Obj k aux var: 643440
c	Obj k constraints: 7761000
c	Obj k glue staircase constraints: 5661840
c	Encoding duration: 3s
c	Number of clauses: 8200530
c	Number of irredundant clauses: 7862364
c	Number of variables: 852600
c SAT Solving starts:
[runlim] sample:		60.0 time, 60.8 real, 1336.5 MB
[runlim] sample:		70.0 time, 70.8 real, 1168.3 MB
[runlim] sample:		80.0 time, 80.8 real, 1168.3 MB
[runlim] sample:		90.0 time, 90.8 real, 1402.8 MB
[runlim] sample:		100.0 time, 100.8 real, 1171.2 MB
[runlim] sample:		110.0 time, 110.8 real, 1181.6 MB
[runlim] sample:		120.0 time, 120.8 real, 1184.0 MB
[runlim] sample:		130.0 time, 130.8 real, 1177.4 MB
[runlim] sample:		140.0 time, 140.8 real, 1180.8 MB
[runlim] sample:		150.0 time, 150.8 real, 1370.4 MB
c	Solving duration: 99925 ms
c	Answer: 
s SAT (w = 31)
c	Solution check:
p calculated antibandwidth = 31.
c
c
c Antibandwidth problem with w = 32 ( N-bcsstk07.mtx.rnd ):
c Initializing CaDiCaL (version 1.2.1).
c	Configuring CaDiCaL as --sat (1).
c Initializing a Duplex encoder with n = 420.
c Encoding starts with w = 32:
c	Labels and Vertices aux var: 32760
c	Labels and Vertices constraints:  439320
c	Obj k aux var: 653520
c	Obj k constraints: 7770060
c	Obj k glue staircase constraints: 5646960
c	Encoding duration: 3s
c	Number of clauses: 8209590
c	Number of irredundant clauses: 7872505
c	Number of variables: 862680
c SAT Solving starts:
[runlim] sample:		160.0 time, 160.8 real, 1017.1 MB
[runlim] sample:		170.0 time, 170.8 real, 1212.6 MB
[runlim] sample:		180.0 time, 180.8 real, 1217.5 MB
[runlim] sample:		190.0 time, 190.8 real, 1217.5 MB
[runlim] sample:		200.0 time, 200.8 real, 1214.4 MB
[runlim] sample:		210.0 time, 210.8 real, 1190.3 MB
[runlim] sample:		220.0 time, 220.8 real, 1191.8 MB
[runlim] sample:		230.0 time, 230.8 real, 1192.2 MB
[runlim] sample:		240.0 time, 240.8 real, 1192.6 MB
[runlim] sample:		250.0 time, 250.8 real, 1218.0 MB
c	Solving duration: 96609 ms
c	Answer: 
s SAT (w = 32)
c	Solution check:
p calculated antibandwidth = 32.
c
c
c Antibandwidth problem with w = 33 ( N-bcsstk07.mtx.rnd ):
c Initializing CaDiCaL (version 1.2.1).
c	Configuring CaDiCaL as --sat (1).
c Initializing a Duplex encoder with n = 420.
c Encoding starts with w = 33:
c	Labels and Vertices aux var: 32760
c	Labels and Vertices constraints:  433860
c	Obj k aux var: 637560
c	Obj k constraints: 7725180
c	Obj k glue staircase constraints: 5643240
c	Encoding duration: 3s
c	Number of clauses: 8159250
c	Number of irredundant clauses: 7822913
c	Number of variables: 846720
c SAT Solving starts:
[runlim] sample:		260.0 time, 260.8 real, 904.0 MB
[runlim] sample:		270.0 time, 270.8 real, 1087.8 MB
[runlim] sample:		279.9 time, 280.8 real, 1157.9 MB
[runlim] sample:		290.0 time, 290.8 real, 1157.9 MB
[runlim] sample:		299.9 time, 300.8 real, 1155.3 MB
[runlim] sample:		309.9 time, 310.8 real, 1159.0 MB
[runlim] sample:		319.9 time, 320.8 real, 1159.0 MB
[runlim] sample:		329.9 time, 330.8 real, 1160.9 MB
[runlim] sample:		339.9 time, 340.8 real, 1338.5 MB
[runlim] sample:		349.9 time, 350.8 real, 1162.7 MB
[runlim] sample:		359.9 time, 360.8 real, 1160.4 MB
[runlim] sample:		369.9 time, 370.8 real, 1160.4 MB
[runlim] sample:		379.9 time, 380.8 real, 1166.9 MB
[runlim] sample:		389.9 time, 390.8 real, 1163.1 MB
[runlim] sample:		399.9 time, 400.8 real, 1163.1 MB
[runlim] sample:		409.9 time, 410.8 real, 1167.4 MB
[runlim] sample:		419.9 time, 420.8 real, 1162.3 MB
[runlim] sample:		429.9 time, 430.8 real, 1178.7 MB
[runlim] sample:		439.9 time, 440.8 real, 1190.7 MB
[runlim] sample:		449.9 time, 450.8 real, 1169.0 MB
c	Solving duration: 190645 ms
c	Answer: 
s SAT (w = 33)
c	Solution check:
p calculated antibandwidth = 33.
c
c
c Antibandwidth problem with w = 34 ( N-bcsstk07.mtx.rnd ):
c Initializing CaDiCaL (version 1.2.1).
c	Configuring CaDiCaL as --sat (1).
c Initializing a Duplex encoder with n = 420.
c Encoding starts with w = 34:
c	Labels and Vertices aux var: 32760
c	Labels and Vertices constraints:  433860
c	Obj k aux var: 646800
c	Obj k constraints: 7732140
c	Obj k glue staircase constraints: 5628360
c	Encoding duration: 3s
c	Number of clauses: 8166210
c	Number of irredundant clauses: 7830958
c	Number of variables: 855960
c SAT Solving starts:
[runlim] sample:		459.9 time, 460.8 real, 1100.7 MB
[runlim] sample:		469.9 time, 470.8 real, 1371.3 MB
[runlim] sample:		479.9 time, 480.8 real, 1164.2 MB
[runlim] sample:		489.9 time, 490.8 real, 1163.7 MB
[runlim] sample:		499.9 time, 500.8 real, 1163.4 MB
[runlim] sample:		509.9 time, 510.8 real, 1303.2 MB
[runlim] sample:		519.9 time, 520.8 real, 1150.9 MB
[runlim] sample:		529.9 time, 530.8 real, 1162.5 MB
[runlim] sample:		539.9 time, 540.8 real, 1164.1 MB
[runlim] sample:		549.9 time, 550.8 real, 1164.1 MB
[runlim] sample:		559.9 time, 560.8 real, 1165.3 MB
[runlim] sample:		569.9 time, 570.8 real, 1165.1 MB
[runlim] sample:		579.9 time, 580.8 real, 1165.1 MB
[runlim] sample:		589.9 time, 590.8 real, 1167.1 MB
[runlim] sample:		599.9 time, 600.8 real, 1404.5 MB
[runlim] sample:		609.9 time, 610.8 real, 1166.2 MB
[runlim] sample:		619.9 time, 620.8 real, 1167.4 MB
[runlim] sample:		629.9 time, 630.8 real, 1169.3 MB
[runlim] sample:		639.9 time, 640.8 real, 1178.4 MB
[runlim] sample:		649.9 time, 650.8 real, 1178.6 MB
[runlim] sample:		659.9 time, 660.8 real, 1178.5 MB
[runlim] sample:		669.9 time, 670.8 real, 1179.2 MB
[runlim] sample:		679.9 time, 680.8 real, 1178.9 MB
[runlim] sample:		689.8 time, 690.8 real, 1178.9 MB
[runlim] sample:		699.8 time, 700.8 real, 1181.0 MB
[runlim] sample:		709.8 time, 710.8 real, 1180.0 MB
[runlim] sample:		719.8 time, 720.8 real, 1184.4 MB
[runlim] sample:		729.8 time, 730.8 real, 1184.4 MB
[runlim] sample:		739.9 time, 740.8 real, 1182.3 MB
[runlim] sample:		749.8 time, 750.8 real, 1180.9 MB
[runlim] sample:		759.8 time, 760.8 real, 1427.3 MB
[runlim] sample:		769.8 time, 770.8 real, 1184.1 MB
[runlim] sample:		779.8 time, 780.8 real, 1177.7 MB
[runlim] sample:		789.8 time, 790.8 real, 1194.9 MB
[runlim] sample:		799.8 time, 800.8 real, 1194.9 MB
[runlim] sample:		809.8 time, 810.8 real, 1188.4 MB
[runlim] sample:		819.8 time, 820.8 real, 1361.3 MB
[runlim] sample:		829.8 time, 830.8 real, 1168.2 MB
[runlim] sample:		839.8 time, 840.8 real, 1166.4 MB
[runlim] sample:		849.8 time, 850.8 real, 1172.9 MB
[runlim] sample:		859.8 time, 860.8 real, 1367.1 MB
[runlim] sample:		869.8 time, 870.8 real, 1171.5 MB
[runlim] sample:		879.8 time, 880.8 real, 1181.1 MB
c	Solving duration: 432509 ms
c	Answer: 
s SAT (w = 34)
c	Solution check:
p calculated antibandwidth = 34.
c
c
c Antibandwidth problem with w = 35 ( N-bcsstk07.mtx.rnd ):
c Initializing CaDiCaL (version 1.2.1).
c	Configuring CaDiCaL as --sat (1).
c Initializing a Duplex encoder with n = 420.
c Encoding starts with w = 35:
c	Labels and Vertices aux var: 32760
c	Labels and Vertices constraints:  428820
c	Obj k aux var: 628320
c	Obj k constraints: 7664400
c	Obj k glue staircase constraints: 5609760
c	Encoding duration: 3s
c	Number of clauses: 8093430
c	Number of irredundant clauses: 7759021
c	Number of variables: 837480
c SAT Solving starts:
[runlim] sample:		889.8 time, 890.8 real, 909.6 MB
[runlim] sample:		899.8 time, 900.8 real, 1112.5 MB
[runlim] sample:		909.8 time, 910.8 real, 1114.7 MB
[runlim] sample:		919.8 time, 920.8 real, 1101.0 MB
[runlim] sample:		929.8 time, 930.8 real, 1123.1 MB
[runlim] sample:		939.8 time, 940.8 real, 1121.6 MB
[runlim] sample:		949.8 time, 950.8 real, 1101.2 MB
[runlim] sample:		959.8 time, 960.8 real, 1294.6 MB
[runlim] sample:		969.8 time, 970.8 real, 1119.4 MB
[runlim] sample:		979.8 time, 980.8 real, 1358.6 MB
[runlim] sample:		989.8 time, 990.8 real, 1121.8 MB
[runlim] sample:		999.8 time, 1000.8 real, 1120.4 MB
[runlim] sample:		1009.8 time, 1010.8 real, 1121.0 MB
[runlim] sample:		1019.8 time, 1020.8 real, 1121.7 MB
[runlim] sample:		1029.8 time, 1030.8 real, 1079.6 MB
[runlim] sample:		1039.8 time, 1040.8 real, 1102.7 MB
[runlim] sample:		1049.8 time, 1050.8 real, 1114.5 MB
[runlim] sample:		1059.8 time, 1060.8 real, 1121.2 MB
[runlim] sample:		1069.8 time, 1070.8 real, 1288.4 MB
[runlim] sample:		1079.8 time, 1080.8 real, 1105.2 MB
[runlim] sample:		1089.8 time, 1090.8 real, 1106.8 MB
[runlim] sample:		1099.8 time, 1100.8 real, 1107.1 MB
[runlim] sample:		1109.8 time, 1110.8 real, 1107.1 MB
[runlim] sample:		1119.8 time, 1120.8 real, 1107.3 MB
[runlim] sample:		1129.8 time, 1130.8 real, 1109.1 MB
[runlim] sample:		1139.8 time, 1140.8 real, 1130.8 MB
[runlim] sample:		1149.8 time, 1150.8 real, 1130.8 MB
[runlim] sample:		1159.8 time, 1160.8 real, 1127.4 MB
[runlim] sample:		1169.8 time, 1170.8 real, 1157.9 MB
[runlim] sample:		1179.8 time, 1180.8 real, 1157.9 MB
[runlim] sample:		1189.8 time, 1190.8 real, 1143.0 MB
[runlim] sample:		1199.8 time, 1200.8 real, 1122.0 MB
[runlim] sample:		1209.8 time, 1210.8 real, 1132.6 MB
[runlim] sample:		1219.8 time, 1220.8 real, 1132.6 MB
[runlim] sample:		1229.8 time, 1230.8 real, 1137.2 MB
[runlim] sample:		1239.8 time, 1240.8 real, 1130.5 MB
[runlim] sample:		1249.8 time, 1250.8 real, 1128.6 MB
[runlim] sample:		1259.8 time, 1260.8 real, 1127.4 MB
[runlim] sample:		1269.8 time, 1270.8 real, 1316.1 MB
[runlim] sample:		1279.8 time, 1280.8 real, 1131.0 MB
[runlim] sample:		1289.8 time, 1290.8 real, 1115.5 MB
[runlim] sample:		1299.8 time, 1300.8 real, 1112.6 MB
[runlim] sample:		1309.8 time, 1310.8 real, 1112.6 MB
[runlim] sample:		1319.8 time, 1320.8 real, 1113.6 MB
[runlim] sample:		1329.8 time, 1330.8 real, 1142.3 MB
[runlim] sample:		1339.8 time, 1340.8 real, 1094.5 MB
[runlim] sample:		1349.8 time, 1350.8 real, 1121.9 MB
[runlim] sample:		1359.8 time, 1360.8 real, 1121.7 MB
[runlim] sample:		1369.8 time, 1370.8 real, 1121.7 MB
[runlim] sample:		1379.8 time, 1380.8 real, 1094.5 MB
[runlim] sample:		1389.8 time, 1390.8 real, 1094.5 MB
[runlim] sample:		1399.8 time, 1400.8 real, 1132.9 MB
[runlim] sample:		1409.8 time, 1410.8 real, 1132.9 MB
[runlim] sample:		1419.8 time, 1420.8 real, 1134.0 MB
[runlim] sample:		1429.8 time, 1430.8 real, 1134.0 MB
[runlim] sample:		1439.8 time, 1440.8 real, 1134.0 MB
[runlim] sample:		1449.8 time, 1450.8 real, 1134.0 MB
[runlim] sample:		1459.8 time, 1460.8 real, 1172.4 MB
[runlim] sample:		1469.8 time, 1470.8 real, 1421.4 MB
[runlim] sample:		1479.8 time, 1480.8 real, 1156.4 MB
[runlim] sample:		1489.8 time, 1490.8 real, 1427.0 MB
[runlim] sample:		1499.8 time, 1500.8 real, 1163.7 MB
[runlim] sample:		1509.8 time, 1510.8 real, 1163.7 MB
[runlim] sample:		1519.8 time, 1520.8 real, 1162.2 MB
[runlim] sample:		1529.8 time, 1530.8 real, 1144.2 MB
[runlim] sample:		1539.8 time, 1540.8 real, 1144.0 MB
[runlim] sample:		1549.8 time, 1550.8 real, 1144.0 MB
[runlim] sample:		1559.8 time, 1560.8 real, 1144.0 MB
[runlim] sample:		1569.8 time, 1570.8 real, 1148.2 MB
[runlim] sample:		1579.8 time, 1580.8 real, 1155.3 MB
[runlim] sample:		1589.8 time, 1590.8 real, 1155.3 MB
[runlim] sample:		1599.8 time, 1600.8 real, 1187.4 MB
[runlim] sample:		1609.8 time, 1610.8 real, 1187.4 MB
[runlim] sample:		1619.8 time, 1620.8 real, 1153.6 MB
[runlim] sample:		1629.8 time, 1630.8 real, 1146.8 MB
[runlim] sample:		1639.8 time, 1640.8 real, 1146.8 MB
[runlim] sample:		1649.8 time, 1650.8 real, 1123.2 MB
[runlim] sample:		1659.8 time, 1660.8 real, 1159.0 MB
[runlim] sample:		1669.8 time, 1670.8 real, 1351.7 MB
[runlim] sample:		1679.8 time, 1680.8 real, 1132.7 MB
[runlim] sample:		1689.8 time, 1690.8 real, 1132.7 MB
[runlim] sample:		1699.7 time, 1700.8 real, 1423.7 MB
[runlim] sample:		1709.8 time, 1710.8 real, 1172.7 MB
[runlim] sample:		1719.7 time, 1720.8 real, 1141.1 MB
[runlim] sample:		1729.8 time, 1730.8 real, 1132.1 MB
[runlim] sample:		1739.7 time, 1740.8 real, 1132.1 MB
[runlim] sample:		1749.7 time, 1750.8 real, 1148.6 MB
[runlim] sample:		1759.8 time, 1760.8 real, 1156.8 MB
[runlim] sample:		1769.7 time, 1770.8 real, 1148.0 MB
[runlim] sample:		1779.7 time, 1780.8 real, 1143.8 MB
[runlim] sample:		1789.7 time, 1790.8 real, 1143.8 MB
c Signal interruption.
[runlim] end:			Mon Aug 12 20:30:56 2024
[runlim] status:		out of time
[runlim] result:		2
[runlim] children:		0
[runlim] real:			1800.07 seconds
[runlim] time:			1798.94 seconds
[runlim] space:			1725.3 MB
[runlim] samples:		17992
