[runlim] version:		1.10
[runlim] time limit:		1800 seconds
[runlim] real time limit:	1800 seconds
[runlim] space limit:		30000 MB
[runlim] argv[0]:		/home/truongxuanhieu/AntiBandwidthReconstruct/build/abw_enc
[runlim] argv[1]:		/home/truongxuanhieu/AntiBandwidthReconstruct/build/Benchmarks/W-685_bus.mtx.rnd
[runlim] argv[2]:		--duplex
[runlim] start:			Mon Aug 12 17:30:26 2024
[runlim] main pid:		13034
[runlim] log captured:
c DuplexEncoder 0.8.
c Solving strategy: from LB to UB.
c LB-w = 136 (LB in Sinnl - A note on computational approaches for the antibandwidth problem).
c UB-w = 136 (UB in Sinnl - A note on computational approaches for the antibandwidth problem).
c Antibandwidth problem with w = 136 ( W-685_bus.mtx.rnd ):
c Initializing CaDiCaL (version 1.2.1).
c	Configuring CaDiCaL as --sat (1).
c Initializing a Duplex encoder with n = 685.
c Encoding starts with w = 136:
c	Labels and Vertices aux var: 69870
c	Labels and Vertices constraints:  1052160
c	Obj k aux var: 1670030
c	Obj k constraints: 8106407
c	Obj k glue staircase constraints: 2802452
c	Encoding duration: 5s
c	Number of clauses: 9158909
c	Number of irredundant clauses: 8396842
c	Number of variables: 2209125
c SAT Solving starts:
[runlim] sample:		10.0 time, 10.3 real, 1429.3 MB
c	Solving duration: 5710 ms
c	Answer: 
s SAT (w = 136)
c	Solution check:
p calculated antibandwidth = 136.
c
c
[runlim] end:			Mon Aug 12 17:30:39 2024
[runlim] status:		ok
[runlim] result:		0
[runlim] children:		0
[runlim] real:			13.70 seconds
[runlim] time:			13.29 seconds
[runlim] space:			1429.3 MB
[runlim] samples:		133
