[runlim] version:		1.10
[runlim] time limit:		1800 seconds
[runlim] real time limit:	1800 seconds
[runlim] space limit:		10000 MB
[runlim] argv[0]:		/home/hieu/work/StaircaseAMO/cpaior20_duplex_encoder/AntiBandwidthReconstruct/build/abw_enc
[runlim] argv[1]:		/home/hieu/work/StaircaseAMO/cpaior20_duplex_encoder/AntiBandwidthReconstruct/build/Benchmarks/C-bcspwr01.mtx.rnd
[runlim] argv[2]:		--duplexNSC
[runlim] start:			Mon Jul 29 15:56:31 2024
[runlim] main pid:		10573
[runlim] log captured:
c DuplexEncoder 0.8.
c Solving strategy: from LB to UB.
c LB-w = 16 (LB in Sinnl - A note on computational approaches for the antibandwidth problem).
c UB-w = 17 (UB in Sinnl - A note on computational approaches for the antibandwidth problem).
c Antibandwidth problem with w = 16 ( C-bcspwr01.mtx.rnd ):
c Initializing CaDiCaL (version 1.2.1).
c	Configuring CaDiCaL as --sat (1).
c Initializing a DuplexNSC encoder with n = 39.
c Encoding starts with w = 16:
c	Labels and Vertices aux var: 858
c	Labels and Vertices constraints:  4368
c	Obj k aux var: 1950
c	Obj k constraints: 12369
c	Encoding duration: 0s
c	Number of clauses: 16737
c	Number of irredundant clauses: 16737
c	Number of variables: 4329
c SAT Solving starts:
c	Solving duration: 721 ms
c	Answer: 
s SAT (w = 16)
c	Solution check:
p calculated antibandwidth = 16.
c
c
c Antibandwidth problem with w = 17 ( C-bcspwr01.mtx.rnd ):
c Initializing CaDiCaL (version 1.2.1).
c	Configuring CaDiCaL as --sat (1).
c Initializing a DuplexNSC encoder with n = 39.
c Encoding starts with w = 17:
c	Labels and Vertices aux var: 858
c	Labels and Vertices constraints:  4368
c	Obj k aux var: 1989
c	Obj k constraints: 12263
c	Encoding duration: 0s
c	Number of clauses: 16631
c	Number of irredundant clauses: 16631
c	Number of variables: 4368
c SAT Solving starts:
c	Solving duration: 61 ms
c	Answer: 
s SAT (w = 17)
c	Solution check:
p calculated antibandwidth = 17.
c
c
[runlim] end:			Mon Jul 29 15:56:32 2024
[runlim] status:		ok
[runlim] result:		0
[runlim] children:		0
[runlim] real:			1.05 seconds
[runlim] time:			0.70 seconds
[runlim] space:			11.4 MB
[runlim] samples:		7
