[runlim] version:		1.10
[runlim] time limit:		1800 seconds
[runlim] real time limit:	1800 seconds
[runlim] space limit:		10000 MB
[runlim] argv[0]:		/home/hieu/work/StaircaseAMO/cpaior20_duplex_encoder/AntiBandwidthReconstruct/build/abw_enc
[runlim] argv[1]:		/home/hieu/work/StaircaseAMO/cpaior20_duplex_encoder/AntiBandwidthReconstruct/build/Benchmarks/N-bcsstk07.mtx.rnd
[runlim] argv[2]:		--duplex
[runlim] start:			Tue Jul 30 01:44:09 2024
[runlim] main pid:		4513
[runlim] log captured:
c DuplexEncoder 0.8.
c Solving strategy: from LB to UB.
c LB-w = 28 (LB in Sinnl - A note on computational approaches for the antibandwidth problem).
c UB-w = 72 (UB in Sinnl - A note on computational approaches for the antibandwidth problem).
c Antibandwidth problem with w = 28 ( N-bcsstk07.mtx.rnd ):
c Initializing CaDiCaL (version 1.2.1).
c	Configuring CaDiCaL as --sat (1).
c Initializing a Duplex encoder with n = 420.
c Encoding starts with w = 28:
Labels and Vertices aux var: 32760
Labels and Vertices constraints:  445200
Obj k aux var: 635040
Obj k constraints: 7760700
c	Encoding duration: 2s
c	Number of clauses: 8206110
c	Number of irredundant clauses: 7867367
c	Number of variables: 844200
c SAT Solving starts:
c	Solving duration: 5258 ms
c	Answer: 
s SAT (w = 28)
c	Solution check:
p calculated antibandwidth = 28.
c
c
c Antibandwidth problem with w = 29 ( N-bcsstk07.mtx.rnd ):
c Initializing CaDiCaL (version 1.2.1).
c	Configuring CaDiCaL as --sat (1).
c Initializing a Duplex encoder with n = 420.
c Encoding starts with w = 29:
[runlim] sample:		10.0 time, 10.9 real, 901.1 MB
Labels and Vertices aux var: 32760
Labels and Vertices constraints:  445200
Obj k aux var: 645960
Obj k constraints: 7788420
c	Encoding duration: 2s
c	Number of clauses: 8233830
c	Number of irredundant clauses: 7894872
c	Number of variables: 855120
c SAT Solving starts:
[runlim] sample:		20.0 time, 20.9 real, 1153.8 MB
c	Solving duration: 12863 ms
c	Answer: 
s SAT (w = 29)
c	Solution check:
p calculated antibandwidth = 29.
c
c
c Antibandwidth problem with w = 30 ( N-bcsstk07.mtx.rnd ):
c Initializing CaDiCaL (version 1.2.1).
c	Configuring CaDiCaL as --sat (1).
c Initializing a Duplex encoder with n = 420.
c Encoding starts with w = 30:
Labels and Vertices aux var: 32760
Labels and Vertices constraints:  439320
Obj k aux var: 633360
Obj k constraints: 7735380
c	Encoding duration: 2s
c	Number of clauses: 8174910
c	Number of irredundant clauses: 7836990
c	Number of variables: 842520
c SAT Solving starts:
[runlim] sample:		30.0 time, 30.9 real, 1335.7 MB
c	Solving duration: 11550 ms
c	Answer: 
s SAT (w = 30)
c	Solution check:
p calculated antibandwidth = 30.
c
c
c Antibandwidth problem with w = 31 ( N-bcsstk07.mtx.rnd ):
c Initializing CaDiCaL (version 1.2.1).
c	Configuring CaDiCaL as --sat (1).
c Initializing a Duplex encoder with n = 420.
c Encoding starts with w = 31:
Labels and Vertices aux var: 32760
Labels and Vertices constraints:  439320
Obj k aux var: 643440
Obj k constraints: 7761000
c	Encoding duration: 2s
c	Number of clauses: 8200530
c	Number of irredundant clauses: 7862364
c	Number of variables: 852600
c SAT Solving starts:
[runlim] sample:		40.0 time, 40.9 real, 926.6 MB
[runlim] sample:		50.0 time, 50.9 real, 1154.9 MB
[runlim] sample:		60.0 time, 60.9 real, 1212.0 MB
[runlim] sample:		70.0 time, 70.9 real, 1266.0 MB
[runlim] sample:		80.0 time, 80.9 real, 1358.1 MB
[runlim] sample:		90.0 time, 90.9 real, 1172.1 MB
[runlim] sample:		100.0 time, 100.9 real, 1175.5 MB
[runlim] sample:		110.0 time, 110.9 real, 1366.1 MB
c	Solving duration: 70879 ms
c	Answer: 
s SAT (w = 31)
c	Solution check:
p calculated antibandwidth = 31.
c
c
c Antibandwidth problem with w = 32 ( N-bcsstk07.mtx.rnd ):
c Initializing CaDiCaL (version 1.2.1).
c	Configuring CaDiCaL as --sat (1).
c Initializing a Duplex encoder with n = 420.
c Encoding starts with w = 32:
Labels and Vertices aux var: 32760
Labels and Vertices constraints:  439320
Obj k aux var: 653520
Obj k constraints: 7770060
c	Encoding duration: 2s
c	Number of clauses: 8209590
c	Number of irredundant clauses: 7872505
c	Number of variables: 862680
c SAT Solving starts:
[runlim] sample:		120.0 time, 120.9 real, 1147.2 MB
[runlim] sample:		130.0 time, 130.9 real, 1195.3 MB
[runlim] sample:		140.0 time, 140.9 real, 1193.3 MB
[runlim] sample:		150.0 time, 150.9 real, 1196.4 MB
[runlim] sample:		160.0 time, 160.9 real, 1376.7 MB
[runlim] sample:		170.0 time, 170.9 real, 1152.4 MB
c	Solving duration: 66024 ms
c	Answer: 
s SAT (w = 32)
c	Solution check:
p calculated antibandwidth = 32.
c
c
c Antibandwidth problem with w = 33 ( N-bcsstk07.mtx.rnd ):
c Initializing CaDiCaL (version 1.2.1).
c	Configuring CaDiCaL as --sat (1).
c Initializing a Duplex encoder with n = 420.
c Encoding starts with w = 33:
[runlim] sample:		180.0 time, 180.9 real, 837.4 MB
Labels and Vertices aux var: 32760
Labels and Vertices constraints:  433860
Obj k aux var: 637560
Obj k constraints: 7725180
c	Encoding duration: 2s
c	Number of clauses: 8159250
c	Number of irredundant clauses: 7822913
c	Number of variables: 846720
c SAT Solving starts:
[runlim] sample:		190.0 time, 190.9 real, 1137.7 MB
[runlim] sample:		200.0 time, 200.9 real, 1151.5 MB
[runlim] sample:		210.0 time, 210.9 real, 1155.0 MB
[runlim] sample:		220.0 time, 220.9 real, 1331.3 MB
[runlim] sample:		230.0 time, 230.9 real, 1157.5 MB
[runlim] sample:		240.0 time, 240.9 real, 1335.1 MB
[runlim] sample:		250.0 time, 250.9 real, 1157.1 MB
[runlim] sample:		260.0 time, 260.9 real, 1157.1 MB
[runlim] sample:		270.0 time, 270.9 real, 1163.5 MB
[runlim] sample:		280.0 time, 280.9 real, 1159.8 MB
[runlim] sample:		290.0 time, 290.9 real, 1163.9 MB
[runlim] sample:		300.0 time, 300.9 real, 1159.1 MB
[runlim] sample:		310.0 time, 310.9 real, 1175.4 MB
[runlim] sample:		320.0 time, 320.9 real, 1165.6 MB
c	Solving duration: 143185 ms
c	Answer: 
s SAT (w = 33)
c	Solution check:
p calculated antibandwidth = 33.
c
c
c Antibandwidth problem with w = 34 ( N-bcsstk07.mtx.rnd ):
c Initializing CaDiCaL (version 1.2.1).
c	Configuring CaDiCaL as --sat (1).
c Initializing a Duplex encoder with n = 420.
c Encoding starts with w = 34:
Labels and Vertices aux var: 32760
Labels and Vertices constraints:  433860
Obj k aux var: 646800
Obj k constraints: 7732140
c	Encoding duration: 2s
c	Number of clauses: 8166210
c	Number of irredundant clauses: 7830958
c	Number of variables: 855960
c SAT Solving starts:
[runlim] sample:		330.0 time, 330.9 real, 1096.3 MB
[runlim] sample:		340.0 time, 340.9 real, 1361.5 MB
[runlim] sample:		350.0 time, 350.9 real, 1164.6 MB
[runlim] sample:		360.0 time, 360.9 real, 1164.6 MB
[runlim] sample:		370.0 time, 370.9 real, 1163.6 MB
[runlim] sample:		380.0 time, 380.9 real, 1172.4 MB
[runlim] sample:		390.0 time, 390.9 real, 1172.1 MB
[runlim] sample:		400.0 time, 400.9 real, 1149.4 MB
[runlim] sample:		410.0 time, 410.9 real, 1174.8 MB
[runlim] sample:		420.0 time, 420.9 real, 1174.6 MB
[runlim] sample:		429.9 time, 430.9 real, 1174.6 MB
[runlim] sample:		439.9 time, 440.9 real, 1176.9 MB
[runlim] sample:		449.9 time, 450.9 real, 1186.3 MB
[runlim] sample:		459.9 time, 460.9 real, 1177.1 MB
[runlim] sample:		469.9 time, 470.9 real, 1177.0 MB
[runlim] sample:		479.9 time, 480.9 real, 1182.2 MB
[runlim] sample:		489.9 time, 490.9 real, 1370.4 MB
[runlim] sample:		499.9 time, 500.9 real, 1184.0 MB
[runlim] sample:		509.9 time, 510.9 real, 1184.6 MB
[runlim] sample:		520.0 time, 520.9 real, 1184.4 MB
[runlim] sample:		530.0 time, 530.9 real, 1371.2 MB
[runlim] sample:		539.9 time, 540.9 real, 1186.3 MB
[runlim] sample:		550.0 time, 550.9 real, 1185.4 MB
[runlim] sample:		560.0 time, 560.9 real, 1189.8 MB
[runlim] sample:		569.9 time, 570.9 real, 1187.1 MB
[runlim] sample:		579.9 time, 580.9 real, 1185.6 MB
[runlim] sample:		589.9 time, 590.9 real, 1274.3 MB
[runlim] sample:		599.9 time, 600.9 real, 1141.2 MB
[runlim] sample:		609.9 time, 610.9 real, 1158.7 MB
[runlim] sample:		619.9 time, 620.9 real, 1193.9 MB
[runlim] sample:		629.9 time, 630.9 real, 1187.4 MB
[runlim] sample:		639.9 time, 640.9 real, 1191.9 MB
[runlim] sample:		649.9 time, 650.9 real, 1192.1 MB
[runlim] sample:		659.9 time, 660.9 real, 1190.4 MB
[runlim] sample:		669.9 time, 670.9 real, 1196.7 MB
[runlim] sample:		679.9 time, 680.9 real, 1196.6 MB
[runlim] sample:		689.9 time, 690.9 real, 1171.0 MB
[runlim] sample:		699.9 time, 700.9 real, 1180.6 MB
c	Solving duration: 380111 ms
c	Answer: 
s SAT (w = 34)
c	Solution check:
p calculated antibandwidth = 34.
c
c
c Antibandwidth problem with w = 35 ( N-bcsstk07.mtx.rnd ):
c Initializing CaDiCaL (version 1.2.1).
c	Configuring CaDiCaL as --sat (1).
c Initializing a Duplex encoder with n = 420.
c Encoding starts with w = 35:
Labels and Vertices aux var: 32760
Labels and Vertices constraints:  428820
Obj k aux var: 628320
Obj k constraints: 7664400
c	Encoding duration: 2s
c	Number of clauses: 8093430
c	Number of irredundant clauses: 7759021
c	Number of variables: 837480
c SAT Solving starts:
[runlim] sample:		709.9 time, 710.9 real, 906.2 MB
[runlim] sample:		719.9 time, 720.9 real, 1090.9 MB
[runlim] sample:		729.9 time, 730.9 real, 1067.3 MB
[runlim] sample:		739.9 time, 740.9 real, 1089.3 MB
[runlim] sample:		749.9 time, 750.9 real, 1102.2 MB
[runlim] sample:		759.9 time, 760.9 real, 1066.1 MB
[runlim] sample:		769.9 time, 770.9 real, 1101.3 MB
[runlim] sample:		779.9 time, 780.9 real, 1102.1 MB
[runlim] sample:		789.9 time, 790.9 real, 1108.7 MB
[runlim] sample:		799.9 time, 800.9 real, 1103.1 MB
[runlim] sample:		809.9 time, 810.9 real, 1103.8 MB
[runlim] sample:		819.9 time, 820.9 real, 1104.5 MB
[runlim] sample:		829.9 time, 830.9 real, 1092.2 MB
[runlim] sample:		839.9 time, 840.9 real, 1091.7 MB
[runlim] sample:		849.9 time, 850.9 real, 1100.4 MB
[runlim] sample:		859.9 time, 860.9 real, 1098.0 MB
[runlim] sample:		869.9 time, 870.9 real, 1094.2 MB
[runlim] sample:		879.9 time, 880.9 real, 1095.8 MB
[runlim] sample:		889.9 time, 890.9 real, 1096.1 MB
[runlim] sample:		899.9 time, 900.9 real, 1096.3 MB
[runlim] sample:		909.9 time, 910.9 real, 1098.1 MB
[runlim] sample:		919.9 time, 920.9 real, 1099.0 MB
[runlim] sample:		929.9 time, 930.9 real, 1119.8 MB
[runlim] sample:		939.9 time, 940.9 real, 1150.3 MB
[runlim] sample:		949.9 time, 950.9 real, 1150.3 MB
[runlim] sample:		959.9 time, 960.9 real, 1135.5 MB
[runlim] sample:		969.9 time, 970.9 real, 1097.8 MB
[runlim] sample:		979.9 time, 980.9 real, 1099.9 MB
[runlim] sample:		989.9 time, 990.9 real, 1104.2 MB
[runlim] sample:		999.9 time, 1000.9 real, 1104.8 MB
[runlim] sample:		1009.9 time, 1010.9 real, 1102.8 MB
[runlim] sample:		1019.9 time, 1020.9 real, 1101.6 MB
[runlim] sample:		1029.9 time, 1030.9 real, 1105.3 MB
[runlim] sample:		1039.9 time, 1040.9 real, 1079.9 MB
[runlim] sample:		1049.9 time, 1050.9 real, 1100.8 MB
[runlim] sample:		1059.9 time, 1060.9 real, 1100.8 MB
[runlim] sample:		1069.9 time, 1070.9 real, 1101.8 MB
[runlim] sample:		1079.9 time, 1080.9 real, 1152.2 MB
[runlim] sample:		1089.9 time, 1090.9 real, 1087.5 MB
[runlim] sample:		1099.9 time, 1100.9 real, 1111.1 MB
[runlim] sample:		1109.9 time, 1110.9 real, 1111.1 MB
[runlim] sample:		1119.9 time, 1120.9 real, 1107.6 MB
[runlim] sample:		1129.9 time, 1130.9 real, 1107.6 MB
[runlim] sample:		1139.9 time, 1140.9 real, 1122.3 MB
[runlim] sample:		1149.9 time, 1150.9 real, 1123.4 MB
[runlim] sample:		1159.9 time, 1160.9 real, 1123.4 MB
[runlim] sample:		1169.9 time, 1170.9 real, 1123.4 MB
[runlim] sample:		1179.9 time, 1180.9 real, 1123.4 MB
[runlim] sample:		1189.9 time, 1190.9 real, 1194.9 MB
[runlim] sample:		1199.9 time, 1200.9 real, 1408.4 MB
[runlim] sample:		1209.9 time, 1210.9 real, 1143.1 MB
[runlim] sample:		1219.9 time, 1220.9 real, 1150.5 MB
[runlim] sample:		1229.9 time, 1230.9 real, 1150.5 MB
[runlim] sample:		1239.9 time, 1240.9 real, 1149.0 MB
[runlim] sample:		1249.9 time, 1250.9 real, 1131.0 MB
[runlim] sample:		1259.9 time, 1260.9 real, 1130.8 MB
[runlim] sample:		1269.9 time, 1270.9 real, 1130.8 MB
[runlim] sample:		1279.8 time, 1280.9 real, 1135.0 MB
[runlim] sample:		1289.9 time, 1290.9 real, 1142.1 MB
[runlim] sample:		1299.8 time, 1300.9 real, 1142.1 MB
[runlim] sample:		1309.8 time, 1310.9 real, 1174.2 MB
[runlim] sample:		1319.8 time, 1320.9 real, 1174.2 MB
[runlim] sample:		1329.8 time, 1330.9 real, 1140.4 MB
[runlim] sample:		1339.8 time, 1340.9 real, 1133.6 MB
[runlim] sample:		1349.8 time, 1350.9 real, 1112.6 MB
[runlim] sample:		1359.8 time, 1360.9 real, 1136.9 MB
[runlim] sample:		1369.8 time, 1370.9 real, 1154.4 MB
[runlim] sample:		1379.8 time, 1380.9 real, 1128.2 MB
[runlim] sample:		1389.8 time, 1390.9 real, 1128.2 MB
[runlim] sample:		1399.8 time, 1400.9 real, 1168.2 MB
[runlim] sample:		1409.8 time, 1410.9 real, 1136.6 MB
[runlim] sample:		1419.8 time, 1420.9 real, 1136.6 MB
[runlim] sample:		1429.8 time, 1430.9 real, 1127.6 MB
[runlim] sample:		1439.8 time, 1440.9 real, 1127.6 MB
[runlim] sample:		1449.8 time, 1450.9 real, 1144.1 MB
[runlim] sample:		1459.8 time, 1460.9 real, 1143.5 MB
[runlim] sample:		1469.8 time, 1470.9 real, 1139.3 MB
[runlim] sample:		1479.8 time, 1480.9 real, 1139.3 MB
[runlim] sample:		1489.8 time, 1490.9 real, 1135.6 MB
[runlim] sample:		1499.8 time, 1500.9 real, 1135.6 MB
[runlim] sample:		1509.8 time, 1510.9 real, 1155.3 MB
[runlim] sample:		1519.8 time, 1520.9 real, 1155.3 MB
[runlim] sample:		1529.8 time, 1530.9 real, 1178.0 MB
[runlim] sample:		1539.8 time, 1540.9 real, 1178.0 MB
[runlim] sample:		1549.8 time, 1550.9 real, 1178.0 MB
[runlim] sample:		1559.8 time, 1560.9 real, 1199.9 MB
[runlim] sample:		1569.8 time, 1570.9 real, 1199.9 MB
[runlim] sample:		1579.8 time, 1580.9 real, 1101.3 MB
[runlim] sample:		1589.8 time, 1590.9 real, 1125.3 MB
[runlim] sample:		1599.8 time, 1600.9 real, 1389.9 MB
[runlim] sample:		1609.8 time, 1610.9 real, 1123.9 MB
[runlim] sample:		1619.8 time, 1620.9 real, 1108.6 MB
[runlim] sample:		1629.8 time, 1630.9 real, 1108.6 MB
[runlim] sample:		1639.8 time, 1640.9 real, 1106.1 MB
[runlim] sample:		1649.8 time, 1650.9 real, 1106.1 MB
[runlim] sample:		1659.8 time, 1660.9 real, 1112.5 MB
[runlim] sample:		1669.8 time, 1670.9 real, 1137.2 MB
[runlim] sample:		1679.8 time, 1680.9 real, 1137.2 MB
[runlim] sample:		1689.8 time, 1690.9 real, 1121.4 MB
[runlim] sample:		1699.8 time, 1700.9 real, 1139.1 MB
[runlim] sample:		1709.8 time, 1710.9 real, 1149.2 MB
[runlim] sample:		1719.8 time, 1720.9 real, 1149.2 MB
[runlim] sample:		1729.8 time, 1730.9 real, 1149.1 MB
[runlim] sample:		1739.8 time, 1740.9 real, 1149.1 MB
[runlim] sample:		1749.8 time, 1750.9 real, 1134.9 MB
[runlim] sample:		1759.8 time, 1760.9 real, 1134.9 MB
[runlim] sample:		1769.8 time, 1770.9 real, 1149.1 MB
[runlim] sample:		1779.8 time, 1780.9 real, 1149.1 MB
[runlim] sample:		1789.8 time, 1790.9 real, 1120.2 MB
c Signal interruption.
[runlim] end:			Tue Jul 30 02:14:09 2024
[runlim] status:		out of time
[runlim] result:		2
[runlim] children:		0
[runlim] real:			1800.16 seconds
[runlim] time:			1798.97 seconds
[runlim] space:			1725.3 MB
[runlim] samples:		17992
