[runlim] version:		1.10
[runlim] time limit:		1800 seconds
[runlim] real time limit:	1800 seconds
[runlim] space limit:		30000 MB
[runlim] argv[0]:		/home/truongxuanhieu/AntiBandwidthReconstruct/build/abw_enc
[runlim] argv[1]:		/home/truongxuanhieu/AntiBandwidthReconstruct/build/Benchmarks/B-ibm32.mtx.rnd
[runlim] argv[2]:		--reduced
[runlim] argv[3]:		-symetry-break
[runlim] argv[4]:		h
[runlim] start:			Sat Sep 28 16:59:15 2024
[runlim] main pid:		115020
[runlim] log captured:
c LadderEncoder 1.0.
c Symetry breaking in the highest degree node.
c Solving strategy: from LB to UB.
c LB-w = 9 (LB in Sinnl - A note on computational approaches for the antibandwidth problem).
c UB-w = 9 (UB in Sinnl - A note on computational approaches for the antibandwidth problem).
c Antibandwidth problem with w = 9 ( B-ibm32.mtx.rnd ):
c Initializing CaDiCaL (version 1.2.1).
c	Configuring CaDiCaL as --sat (1).
c Initializing a Naive-Reduced encoder with n = 32.
c Encoding starts with w = 9:
c	Encode symmetry breaking with option: h.
c	Encoding duration: 0s
c	Number of clauses: 71424
c	Number of irredundant clauses: 68116
c	Number of variables: 1024
c SAT Solving starts:
[runlim] sample:		10.0 time, 10.1 real, 26.1 MB
c	Solving duration: 18590 ms
c	Answer: 
s SAT (w = 9)
c	Solution check:
p calculated antibandwidth = 9.
c
c
[runlim] end:			Sat Sep 28 16:59:33 2024
[runlim] status:		ok
[runlim] result:		0
[runlim] children:		0
[runlim] real:			18.74 seconds
[runlim] time:			18.59 seconds
[runlim] space:			34.5 MB
[runlim] samples:		186
