[runlim] version:		1.10
[runlim] time limit:		1800 seconds
[runlim] real time limit:	1800 seconds
[runlim] space limit:		30000 MB
[runlim] argv[0]:		/home/truongxuanhieu/AntiBandwidthReconstruct/build/abw_enc
[runlim] argv[1]:		/home/truongxuanhieu/AntiBandwidthReconstruct/build/Benchmarks/C-bcspwr01.mtx.rnd
[runlim] argv[2]:		--reduced
[runlim] argv[3]:		-symetry-break
[runlim] argv[4]:		h
[runlim] start:			Sat Sep 28 16:57:01 2024
[runlim] main pid:		114941
[runlim] log captured:
c LadderEncoder 1.0.
c Symetry breaking in the highest degree node.
c Solving strategy: from LB to UB.
c LB-w = 16 (LB in Sinnl - A note on computational approaches for the antibandwidth problem).
c UB-w = 17 (UB in Sinnl - A note on computational approaches for the antibandwidth problem).
c Antibandwidth problem with w = 16 ( C-bcspwr01.mtx.rnd ):
c Initializing CaDiCaL (version 1.2.1).
c	Configuring CaDiCaL as --sat (1).
c Initializing a Naive-Reduced encoder with n = 39.
c Encoding starts with w = 16:
c	Encode symmetry breaking with option: h.
c	Encoding duration: 0s
c	Number of clauses: 100675
c	Number of irredundant clauses: 97133
c	Number of variables: 1521
c SAT Solving starts:
c	Solving duration: 5335 ms
c	Answer: 
s SAT (w = 16)
c	Solution check:
p calculated antibandwidth = 16.
c
c
c Antibandwidth problem with w = 17 ( C-bcspwr01.mtx.rnd ):
c Initializing CaDiCaL (version 1.2.1).
c	Configuring CaDiCaL as --sat (1).
c Initializing a Naive-Reduced encoder with n = 39.
c Encoding starts with w = 17:
c	Encode symmetry breaking with option: h.
c	Encoding duration: 0s
c	Number of clauses: 102791
c	Number of irredundant clauses: 99139
c	Number of variables: 1521
c SAT Solving starts:
[runlim] sample:		10.0 time, 10.8 real, 39.3 MB
c	Solving duration: 6776 ms
c	Answer: 
s SAT (w = 17)
c	Solution check:
p calculated antibandwidth = 17.
c
c
[runlim] end:			Sat Sep 28 16:57:13 2024
[runlim] status:		ok
[runlim] result:		0
[runlim] children:		0
[runlim] real:			12.97 seconds
[runlim] time:			12.09 seconds
[runlim] space:			40.1 MB
[runlim] samples:		121
