[runlim] version:		1.10
[runlim] time limit:		1800 seconds
[runlim] real time limit:	1800 seconds
[runlim] space limit:		30000 MB
[runlim] argv[0]:		/home/truongxuanhieu/AntiBandwidthReconstruct/build/abw_enc
[runlim] argv[1]:		/home/truongxuanhieu/AntiBandwidthReconstruct/build/Benchmarks/C-bcspwr01.mtx.rnd
[runlim] argv[2]:		--seq
[runlim] argv[3]:		-symetry-break
[runlim] argv[4]:		h
[runlim] start:			Fri Oct  4 10:13:42 2024
[runlim] main pid:		5652
[runlim] log captured:
c LadderEncoder 1.0.
c Symetry breaking in the highest degree node.
c Solving strategy: from LB to UB.
c LB-w = 16 (LB in Sinnl - A note on computational approaches for the antibandwidth problem).
c UB-w = 17 (UB in Sinnl - A note on computational approaches for the antibandwidth problem).
c Antibandwidth problem with w = 16 ( C-bcspwr01.mtx.rnd ):
c Initializing CaDiCaL (version 1.2.1).
c	Configuring CaDiCaL as --sat (1).
c Initializing a Sequential encoder with n = 39.
c Encoding starts with w = 16:
c	Encode symmetry breaking with option: h.
c	Encoding duration: 0s
c	Number of clauses: 109297
c	Number of irredundant clauses: 107443
c	Number of variables: 37527
c SAT Solving starts:
c	Solving duration: 237 ms
c	Answer: 
s SAT (w = 16)
c	Solution check:
p calculated antibandwidth = 16.
c
c
c Antibandwidth problem with w = 17 ( C-bcspwr01.mtx.rnd ):
c Initializing CaDiCaL (version 1.2.1).
c	Configuring CaDiCaL as --sat (1).
c Initializing a Sequential encoder with n = 39.
c Encoding starts with w = 17:
c	Encode symmetry breaking with option: h.
c	Encoding duration: 0s
c	Number of clauses: 111459
c	Number of irredundant clauses: 109574
c	Number of variables: 38263
c SAT Solving starts:
[runlim] sample:		10.0 time, 10.8 real, 35.7 MB
[runlim] sample:		20.0 time, 20.8 real, 45.7 MB
[runlim] sample:		30.0 time, 30.8 real, 41.2 MB
c	Solving duration: 38949 ms
c	Answer: 
s SAT (w = 17)
c	Solution check:
p calculated antibandwidth = 17.
c
c
[runlim] end:			Fri Oct  4 10:14:21 2024
[runlim] status:		ok
[runlim] result:		0
[runlim] children:		0
[runlim] real:			40.00 seconds
[runlim] time:			39.19 seconds
[runlim] space:			58.6 MB
[runlim] samples:		392
