[runlim] version:		1.10
[runlim] time limit:		1800 seconds
[runlim] real time limit:	1800 seconds
[runlim] space limit:		30000 MB
[runlim] argv[0]:		/home/hvanh28/AntiBandwidthReconstruct/build/abw_enc
[runlim] argv[1]:		/home/hvanh28/AntiBandwidthReconstruct/build/Benchmarks/F-curtis54.mtx.rnd
[runlim] argv[2]:		--reduced
[runlim] argv[3]:		-symetry-break
[runlim] argv[4]:		h
[runlim] start:			Fri Sep 27 08:14:49 2024
[runlim] main pid:		101684
[runlim] log captured:
c LadderEncoder 1.0.
c Symetry breaking in the highest degree node.
c Solving strategy: from LB to UB.
c LB-w = 12 (LB in Sinnl - A note on computational approaches for the antibandwidth problem).
c UB-w = 13 (UB in Sinnl - A note on computational approaches for the antibandwidth problem).
c Antibandwidth problem with w = 12 ( F-curtis54.mtx.rnd ):
c Initializing CaDiCaL (version 1.2.1).
c	Configuring CaDiCaL as --sat (1).
c Initializing a Naive-Reduced encoder with n = 54.
c Encoding starts with w = 12:
c	Encode symmetry breaking with option: h.
c	Encoding duration: 0s
c	Number of clauses: 285627
c	Number of irredundant clauses: 275169
c	Number of variables: 2916
c SAT Solving starts:
c	Solving duration: 764 ms
c	Answer: 
s SAT (w = 12)
c	Solution check:
p calculated antibandwidth = 12.
c
c
c Antibandwidth problem with w = 13 ( F-curtis54.mtx.rnd ):
c Initializing CaDiCaL (version 1.2.1).
c	Configuring CaDiCaL as --sat (1).
c Initializing a Naive-Reduced encoder with n = 54.
c Encoding starts with w = 13:
c	Encode symmetry breaking with option: h.
c	Encoding duration: 0s
c	Number of clauses: 296043
c	Number of irredundant clauses: 284955
c	Number of variables: 2916
c SAT Solving starts:
c	Solving duration: 6328 ms
c	Answer: 
s SAT (w = 13)
c	Solution check:
p calculated antibandwidth = 13.
c
c
[runlim] end:			Fri Sep 27 08:14:56 2024
[runlim] status:		ok
[runlim] result:		0
[runlim] children:		0
[runlim] real:			7.90 seconds
[runlim] time:			7.18 seconds
[runlim] space:			59.2 MB
[runlim] samples:		72
