[runlim] version:		1.10
[runlim] time limit:		1800 seconds
[runlim] real time limit:	1800 seconds
[runlim] space limit:		30000 MB
[runlim] argv[0]:		/home/truongxuanhieu/AntiBandwidthReconstruct/build/abw_enc
[runlim] argv[1]:		/home/truongxuanhieu/AntiBandwidthReconstruct/build/Benchmarks/F-curtis54.mtx.rnd
[runlim] argv[2]:		--seq
[runlim] argv[3]:		-symetry-break
[runlim] argv[4]:		h
[runlim] start:			Fri Oct  4 10:12:41 2024
[runlim] main pid:		5601
[runlim] log captured:
c LadderEncoder 1.0.
c Symetry breaking in the highest degree node.
c Solving strategy: from LB to UB.
c LB-w = 12 (LB in Sinnl - A note on computational approaches for the antibandwidth problem).
c UB-w = 13 (UB in Sinnl - A note on computational approaches for the antibandwidth problem).
c Antibandwidth problem with w = 12 ( F-curtis54.mtx.rnd ):
c Initializing CaDiCaL (version 1.2.1).
c	Configuring CaDiCaL as --sat (1).
c Initializing a Sequential encoder with n = 54.
c Encoding starts with w = 12:
c	Encode symmetry breaking with option: h.
c	Encoding duration: 0s
c	Number of clauses: 374335
c	Number of irredundant clauses: 366844
c	Number of variables: 125836
c SAT Solving starts:
c	Solving duration: 1844 ms
c	Answer: 
s SAT (w = 12)
c	Solution check:
p calculated antibandwidth = 12.
c
c
c Antibandwidth problem with w = 13 ( F-curtis54.mtx.rnd ):
c Initializing CaDiCaL (version 1.2.1).
c	Configuring CaDiCaL as --sat (1).
c Initializing a Sequential encoder with n = 54.
c Encoding starts with w = 13:
c	Encode symmetry breaking with option: h.
c	Encoding duration: 0s
c	Number of clauses: 397275
c	Number of irredundant clauses: 389332
c	Number of variables: 133524
c SAT Solving starts:
[runlim] sample:		10.0 time, 10.8 real, 94.2 MB
c	Solving duration: 8279 ms
c	Answer: 
s SAT (w = 13)
c	Solution check:
p calculated antibandwidth = 13.
c
c
[runlim] end:			Fri Oct  4 10:12:52 2024
[runlim] status:		ok
[runlim] result:		0
[runlim] children:		0
[runlim] real:			11.14 seconds
[runlim] time:			10.19 seconds
[runlim] space:			127.0 MB
[runlim] samples:		102
