[runlim] version:		1.10
[runlim] time limit:		1800 seconds
[runlim] real time limit:	1800 seconds
[runlim] space limit:		30000 MB
[runlim] argv[0]:		/home/hvanh28/AntiBandwidthReconstruct/build/abw_enc
[runlim] argv[1]:		/home/hvanh28/AntiBandwidthReconstruct/build/Benchmarks/F-curtis54.mtx.rnd
[runlim] argv[2]:		--duplex
[runlim] argv[3]:		-symetry-break
[runlim] argv[4]:		h
[runlim] start:			Thu Sep 26 11:08:06 2024
[runlim] main pid:		89852
[runlim] log captured:
c LadderEncoder 1.0.
c Symetry breaking in the highest degree node.
c Solving strategy: from LB to UB.
c LB-w = 12 (LB in Sinnl - A note on computational approaches for the antibandwidth problem).
c UB-w = 13 (UB in Sinnl - A note on computational approaches for the antibandwidth problem).
c Antibandwidth problem with w = 12 ( F-curtis54.mtx.rnd ):
c Initializing CaDiCaL (version 1.2.1).
c	Configuring CaDiCaL as --sat (1).
c Initializing a Duplex encoder with n = 54.
c Encoding starts with w = 12:
c	Encode symmetry breaking with option: h.
c	Labels and Vertices aux var: 1404
c	Labels and Vertices constraints:  8370
c	Obj k aux var: 8856
c	Obj k constraints: 48962
c	Obj k glue staircase constraints: 19964
c	Encoding duration: 0s
c	Number of clauses: 57359
c	Number of irredundant clauses: 51566
c	Number of variables: 13176
c SAT Solving starts:
c	Solving duration: 49 ms
c	Answer: 
s SAT (w = 12)
c	Solution check:
p calculated antibandwidth = 12.
c
c
c Antibandwidth problem with w = 13 ( F-curtis54.mtx.rnd ):
c Initializing CaDiCaL (version 1.2.1).
c	Configuring CaDiCaL as --sat (1).
c Initializing a Duplex encoder with n = 54.
c Encoding starts with w = 13:
c	Encode symmetry breaking with option: h.
c	Labels and Vertices aux var: 1404
c	Labels and Vertices constraints:  8370
c	Obj k aux var: 9180
c	Obj k constraints: 49114
c	Obj k glue staircase constraints: 19468
c	Encoding duration: 0s
c	Number of clauses: 57511
c	Number of irredundant clauses: 51939
c	Number of variables: 13500
c SAT Solving starts:
c	Solving duration: 112 ms
c	Answer: 
s SAT (w = 13)
c	Solution check:
p calculated antibandwidth = 13.
c
c
[runlim] end:			Thu Sep 26 11:08:06 2024
[runlim] status:		ok
[runlim] result:		0
[runlim] children:		0
[runlim] real:			0.28 seconds
[runlim] time:			0.19 seconds
[runlim] space:			15.5 MB
[runlim] samples:		2
