[runlim] version:		1.10
[runlim] time limit:		1800 seconds
[runlim] real time limit:	1800 seconds
[runlim] space limit:		30000 MB
[runlim] argv[0]:		/home/hvanh28/AntiBandwidthReconstruct/build/abw_enc
[runlim] argv[1]:		/home/hvanh28/AntiBandwidthReconstruct/build/Benchmarks/I-ash85.mtx.rnd
[runlim] argv[2]:		--reduced
[runlim] argv[3]:		-symetry-break
[runlim] argv[4]:		h
[runlim] start:			Fri Sep 27 06:14:17 2024
[runlim] main pid:		100452
[runlim] log captured:
c LadderEncoder 1.0.
c Symetry breaking in the highest degree node.
c Solving strategy: from LB to UB.
c LB-w = 19 (LB in Sinnl - A note on computational approaches for the antibandwidth problem).
c UB-w = 27 (UB in Sinnl - A note on computational approaches for the antibandwidth problem).
c Antibandwidth problem with w = 19 ( I-ash85.mtx.rnd ):
c Initializing CaDiCaL (version 1.2.1).
c	Configuring CaDiCaL as --sat (1).
c Initializing a Naive-Reduced encoder with n = 85.
c Encoding starts with w = 19:
c	Encode symmetry breaking with option: h.
c	Encoding duration: 0s
c	Number of clauses: 1202354
c	Number of irredundant clauses: 1184048
c	Number of variables: 7225
c SAT Solving starts:
[runlim] sample:		10.0 time, 10.9 real, 175.1 MB
c	Solving duration: 15347 ms
c	Answer: 
s SAT (w = 19)
c	Solution check:
p calculated antibandwidth = 19.
c
c
c Antibandwidth problem with w = 20 ( I-ash85.mtx.rnd ):
c Initializing CaDiCaL (version 1.2.1).
c	Configuring CaDiCaL as --sat (1).
c Initializing a Naive-Reduced encoder with n = 85.
c Encoding starts with w = 20:
c	Encode symmetry breaking with option: h.
c	Encoding duration: 0s
c	Number of clauses: 1231262
c	Number of irredundant clauses: 1212371
c	Number of variables: 7225
c SAT Solving starts:
[runlim] sample:		20.0 time, 20.9 real, 215.7 MB
[runlim] sample:		30.0 time, 30.9 real, 215.7 MB
[runlim] sample:		40.0 time, 40.9 real, 206.3 MB
c	Solving duration: 31185 ms
c	Answer: 
s SAT (w = 20)
c	Solution check:
p calculated antibandwidth = 20.
c
c
c Antibandwidth problem with w = 21 ( I-ash85.mtx.rnd ):
c Initializing CaDiCaL (version 1.2.1).
c	Configuring CaDiCaL as --sat (1).
c Initializing a Naive-Reduced encoder with n = 85.
c Encoding starts with w = 21:
c	Encode symmetry breaking with option: h.
c	Encoding duration: 0s
c	Number of clauses: 1259732
c	Number of irredundant clauses: 1240265
c	Number of variables: 7225
c SAT Solving starts:
[runlim] sample:		50.0 time, 50.9 real, 166.6 MB
[runlim] sample:		60.0 time, 60.9 real, 194.5 MB
[runlim] sample:		70.0 time, 70.9 real, 203.5 MB
[runlim] sample:		80.0 time, 80.9 real, 178.9 MB
[runlim] sample:		90.0 time, 90.9 real, 207.8 MB
[runlim] sample:		100.0 time, 100.9 real, 208.3 MB
[runlim] sample:		110.0 time, 110.9 real, 216.0 MB
[runlim] sample:		120.0 time, 120.9 real, 224.0 MB
[runlim] sample:		130.0 time, 130.9 real, 226.8 MB
[runlim] sample:		140.0 time, 140.9 real, 223.0 MB
[runlim] sample:		150.0 time, 150.9 real, 234.0 MB
[runlim] sample:		160.0 time, 160.9 real, 224.7 MB
[runlim] sample:		170.0 time, 170.9 real, 226.1 MB
[runlim] sample:		180.0 time, 180.9 real, 232.9 MB
[runlim] sample:		190.0 time, 190.9 real, 236.8 MB
[runlim] sample:		200.0 time, 200.9 real, 240.9 MB
c	Solving duration: 155982 ms
c	Answer: 
s SAT (w = 21)
c	Solution check:
p calculated antibandwidth = 21.
c
c
c Antibandwidth problem with w = 22 ( I-ash85.mtx.rnd ):
c Initializing CaDiCaL (version 1.2.1).
c	Configuring CaDiCaL as --sat (1).
c Initializing a Naive-Reduced encoder with n = 85.
c Encoding starts with w = 22:
c	Encode symmetry breaking with option: h.
c	Encoding duration: 0s
c	Number of clauses: 1287764
c	Number of irredundant clauses: 1267730
c	Number of variables: 7225
c SAT Solving starts:
[runlim] sample:		210.0 time, 210.9 real, 240.1 MB
[runlim] sample:		220.0 time, 220.9 real, 205.1 MB
[runlim] sample:		229.9 time, 230.9 real, 205.1 MB
[runlim] sample:		239.9 time, 240.9 real, 249.9 MB
[runlim] sample:		249.9 time, 250.9 real, 205.1 MB
[runlim] sample:		259.9 time, 260.9 real, 205.1 MB
[runlim] sample:		269.9 time, 270.9 real, 196.4 MB
[runlim] sample:		279.9 time, 280.9 real, 217.9 MB
[runlim] sample:		289.9 time, 290.9 real, 262.3 MB
[runlim] sample:		299.9 time, 300.9 real, 216.0 MB
[runlim] sample:		309.9 time, 310.9 real, 212.8 MB
[runlim] sample:		319.9 time, 320.9 real, 227.2 MB
[runlim] sample:		329.9 time, 330.9 real, 229.4 MB
[runlim] sample:		339.9 time, 340.9 real, 221.3 MB
[runlim] sample:		349.9 time, 350.9 real, 220.8 MB
[runlim] sample:		359.9 time, 360.9 real, 229.6 MB
[runlim] sample:		369.9 time, 370.9 real, 227.4 MB
[runlim] sample:		379.9 time, 380.9 real, 226.3 MB
[runlim] sample:		389.9 time, 390.9 real, 237.3 MB
[runlim] sample:		399.9 time, 400.9 real, 244.7 MB
[runlim] sample:		409.9 time, 410.9 real, 235.8 MB
[runlim] sample:		419.9 time, 420.9 real, 242.2 MB
[runlim] sample:		429.9 time, 430.9 real, 242.2 MB
[runlim] sample:		439.9 time, 440.9 real, 233.0 MB
[runlim] sample:		449.9 time, 450.9 real, 247.9 MB
[runlim] sample:		459.9 time, 460.9 real, 240.2 MB
[runlim] sample:		469.9 time, 470.9 real, 247.8 MB
[runlim] sample:		479.9 time, 480.9 real, 247.8 MB
[runlim] sample:		489.9 time, 490.9 real, 280.3 MB
[runlim] sample:		499.9 time, 500.9 real, 280.3 MB
[runlim] sample:		509.9 time, 510.9 real, 278.7 MB
[runlim] sample:		519.9 time, 520.9 real, 299.3 MB
[runlim] sample:		529.9 time, 530.9 real, 278.3 MB
[runlim] sample:		539.9 time, 540.9 real, 288.7 MB
[runlim] sample:		549.9 time, 550.9 real, 301.6 MB
[runlim] sample:		559.9 time, 560.9 real, 301.6 MB
[runlim] sample:		569.9 time, 570.9 real, 336.3 MB
c	Solving duration: 372680 ms
c	Answer: 
s SAT (w = 22)
c	Solution check:
p calculated antibandwidth = 22.
c
c
c Antibandwidth problem with w = 23 ( I-ash85.mtx.rnd ):
c Initializing CaDiCaL (version 1.2.1).
c	Configuring CaDiCaL as --sat (1).
c Initializing a Naive-Reduced encoder with n = 85.
c Encoding starts with w = 23:
c	Encode symmetry breaking with option: h.
c	Encoding duration: 0s
c	Number of clauses: 1315358
c	Number of irredundant clauses: 1294766
c	Number of variables: 7225
c SAT Solving starts:
[runlim] sample:		579.9 time, 580.9 real, 270.9 MB
[runlim] sample:		589.9 time, 590.9 real, 256.4 MB
[runlim] sample:		599.9 time, 600.9 real, 260.2 MB
[runlim] sample:		609.9 time, 610.9 real, 260.2 MB
[runlim] sample:		619.9 time, 620.9 real, 258.5 MB
[runlim] sample:		629.9 time, 630.9 real, 263.1 MB
[runlim] sample:		639.9 time, 640.9 real, 272.3 MB
[runlim] sample:		649.9 time, 650.9 real, 227.1 MB
[runlim] sample:		659.9 time, 660.9 real, 227.1 MB
[runlim] sample:		669.9 time, 670.9 real, 227.1 MB
[runlim] sample:		679.9 time, 680.9 real, 280.5 MB
[runlim] sample:		689.9 time, 690.9 real, 286.9 MB
[runlim] sample:		699.9 time, 700.9 real, 278.4 MB
[runlim] sample:		709.9 time, 710.9 real, 281.7 MB
[runlim] sample:		719.9 time, 720.9 real, 281.7 MB
[runlim] sample:		729.9 time, 730.9 real, 227.1 MB
[runlim] sample:		739.8 time, 740.9 real, 282.8 MB
[runlim] sample:		749.8 time, 750.9 real, 291.6 MB
[runlim] sample:		759.8 time, 760.9 real, 288.1 MB
[runlim] sample:		769.8 time, 770.9 real, 288.7 MB
[runlim] sample:		779.8 time, 780.9 real, 284.9 MB
[runlim] sample:		789.8 time, 790.9 real, 284.9 MB
[runlim] sample:		799.8 time, 800.9 real, 293.7 MB
[runlim] sample:		809.8 time, 810.9 real, 284.7 MB
[runlim] sample:		819.8 time, 820.9 real, 296.6 MB
[runlim] sample:		829.8 time, 830.9 real, 297.8 MB
[runlim] sample:		839.8 time, 840.9 real, 280.3 MB
[runlim] sample:		849.8 time, 850.9 real, 291.6 MB
[runlim] sample:		859.8 time, 860.9 real, 293.9 MB
[runlim] sample:		869.8 time, 870.9 real, 287.2 MB
[runlim] sample:		879.8 time, 880.9 real, 284.2 MB
[runlim] sample:		889.8 time, 890.9 real, 301.1 MB
[runlim] sample:		899.8 time, 900.9 real, 299.0 MB
[runlim] sample:		909.8 time, 910.9 real, 298.4 MB
[runlim] sample:		919.8 time, 920.9 real, 289.8 MB
[runlim] sample:		929.8 time, 930.9 real, 289.8 MB
[runlim] sample:		939.8 time, 940.9 real, 313.7 MB
[runlim] sample:		949.8 time, 950.9 real, 305.7 MB
[runlim] sample:		959.8 time, 960.9 real, 319.8 MB
[runlim] sample:		969.8 time, 970.9 real, 319.8 MB
[runlim] sample:		979.8 time, 980.9 real, 347.3 MB
[runlim] sample:		989.8 time, 990.9 real, 331.8 MB
[runlim] sample:		999.8 time, 1000.9 real, 307.4 MB
[runlim] sample:		1009.8 time, 1010.9 real, 307.4 MB
[runlim] sample:		1019.8 time, 1020.9 real, 321.9 MB
[runlim] sample:		1029.8 time, 1030.9 real, 321.9 MB
[runlim] sample:		1039.8 time, 1040.9 real, 346.1 MB
[runlim] sample:		1049.8 time, 1050.9 real, 313.8 MB
[runlim] sample:		1059.8 time, 1060.9 real, 313.8 MB
[runlim] sample:		1069.8 time, 1070.9 real, 292.8 MB
[runlim] sample:		1079.8 time, 1080.9 real, 304.0 MB
[runlim] sample:		1089.8 time, 1090.9 real, 304.0 MB
[runlim] sample:		1099.8 time, 1100.9 real, 310.9 MB
[runlim] sample:		1109.8 time, 1110.9 real, 321.9 MB
[runlim] sample:		1119.8 time, 1120.9 real, 321.9 MB
[runlim] sample:		1129.8 time, 1130.9 real, 337.8 MB
[runlim] sample:		1139.8 time, 1140.9 real, 337.8 MB
[runlim] sample:		1149.8 time, 1150.9 real, 330.4 MB
[runlim] sample:		1159.8 time, 1160.9 real, 330.4 MB
[runlim] sample:		1169.8 time, 1170.9 real, 322.1 MB
[runlim] sample:		1179.8 time, 1180.9 real, 312.5 MB
[runlim] sample:		1189.8 time, 1190.9 real, 312.5 MB
[runlim] sample:		1199.8 time, 1200.9 real, 311.5 MB
[runlim] sample:		1209.8 time, 1210.9 real, 311.5 MB
[runlim] sample:		1219.8 time, 1220.9 real, 334.3 MB
[runlim] sample:		1229.8 time, 1230.9 real, 334.3 MB
[runlim] sample:		1239.8 time, 1240.9 real, 329.4 MB
[runlim] sample:		1249.8 time, 1250.9 real, 329.4 MB
[runlim] sample:		1259.8 time, 1260.9 real, 334.3 MB
[runlim] sample:		1269.8 time, 1270.9 real, 334.3 MB
[runlim] sample:		1279.8 time, 1280.9 real, 323.3 MB
[runlim] sample:		1289.8 time, 1290.9 real, 323.3 MB
[runlim] sample:		1299.8 time, 1300.9 real, 323.3 MB
[runlim] sample:		1309.8 time, 1310.9 real, 338.8 MB
[runlim] sample:		1319.8 time, 1320.9 real, 328.9 MB
[runlim] sample:		1329.8 time, 1330.9 real, 328.9 MB
[runlim] sample:		1339.8 time, 1340.9 real, 328.9 MB
[runlim] sample:		1349.8 time, 1350.9 real, 339.1 MB
[runlim] sample:		1359.8 time, 1360.9 real, 339.1 MB
[runlim] sample:		1369.8 time, 1370.9 real, 339.3 MB
[runlim] sample:		1379.8 time, 1380.9 real, 339.3 MB
[runlim] sample:		1389.8 time, 1390.9 real, 339.3 MB
[runlim] sample:		1399.8 time, 1400.9 real, 318.8 MB
[runlim] sample:		1409.8 time, 1410.9 real, 318.8 MB
[runlim] sample:		1419.7 time, 1420.9 real, 348.1 MB
[runlim] sample:		1429.7 time, 1430.9 real, 348.1 MB
[runlim] sample:		1439.7 time, 1440.9 real, 348.1 MB
[runlim] sample:		1449.7 time, 1450.9 real, 362.6 MB
[runlim] sample:		1459.7 time, 1460.9 real, 345.0 MB
[runlim] sample:		1469.7 time, 1470.9 real, 345.0 MB
[runlim] sample:		1479.7 time, 1480.9 real, 348.8 MB
[runlim] sample:		1489.7 time, 1490.9 real, 345.0 MB
[runlim] sample:		1499.7 time, 1500.9 real, 345.0 MB
[runlim] sample:		1509.7 time, 1510.9 real, 323.5 MB
[runlim] sample:		1519.7 time, 1520.9 real, 320.7 MB
[runlim] sample:		1529.7 time, 1530.9 real, 320.7 MB
[runlim] sample:		1539.7 time, 1540.9 real, 325.2 MB
[runlim] sample:		1549.7 time, 1550.9 real, 325.2 MB
[runlim] sample:		1559.7 time, 1560.9 real, 325.2 MB
[runlim] sample:		1569.7 time, 1570.9 real, 342.6 MB
[runlim] sample:		1579.7 time, 1580.9 real, 342.6 MB
[runlim] sample:		1589.7 time, 1590.9 real, 342.6 MB
[runlim] sample:		1599.7 time, 1600.9 real, 352.5 MB
[runlim] sample:		1609.7 time, 1610.9 real, 352.5 MB
[runlim] sample:		1619.7 time, 1620.9 real, 338.1 MB
[runlim] sample:		1629.7 time, 1630.9 real, 338.1 MB
[runlim] sample:		1639.7 time, 1640.9 real, 338.1 MB
[runlim] sample:		1649.7 time, 1650.9 real, 338.1 MB
[runlim] sample:		1659.7 time, 1660.9 real, 340.7 MB
[runlim] sample:		1669.7 time, 1670.9 real, 404.7 MB
[runlim] sample:		1679.7 time, 1680.9 real, 345.4 MB
[runlim] sample:		1689.7 time, 1690.9 real, 345.4 MB
[runlim] sample:		1699.7 time, 1700.9 real, 355.4 MB
[runlim] sample:		1709.7 time, 1710.9 real, 355.4 MB
[runlim] sample:		1719.7 time, 1720.9 real, 343.3 MB
[runlim] sample:		1729.7 time, 1730.9 real, 343.3 MB
[runlim] sample:		1739.7 time, 1740.9 real, 343.3 MB
[runlim] sample:		1749.7 time, 1750.9 real, 343.3 MB
[runlim] sample:		1759.7 time, 1760.9 real, 355.0 MB
[runlim] sample:		1769.7 time, 1770.9 real, 355.0 MB
[runlim] sample:		1779.7 time, 1780.9 real, 355.0 MB
[runlim] sample:		1789.7 time, 1790.9 real, 365.6 MB
c Signal interruption.
[runlim] end:			Fri Sep 27 06:44:17 2024
[runlim] status:		out of time
[runlim] result:		2
[runlim] children:		0
[runlim] real:			1800.10 seconds
[runlim] time:			1798.90 seconds
[runlim] space:			506.3 MB
[runlim] samples:		17992
