[runlim] version:		1.10
[runlim] time limit:		1800 seconds
[runlim] real time limit:	1800 seconds
[runlim] space limit:		30000 MB
[runlim] argv[0]:		/home/truongxuanhieu/AntiBandwidthReconstruct/build/abw_enc
[runlim] argv[1]:		/home/truongxuanhieu/AntiBandwidthReconstruct/build/Benchmarks/I-ash85.mtx.rnd
[runlim] argv[2]:		--reduced
[runlim] argv[3]:		-symetry-break
[runlim] argv[4]:		h
[runlim] start:			Sat Sep 28 18:04:25 2024
[runlim] main pid:		116333
[runlim] log captured:
c LadderEncoder 1.0.
c Symetry breaking in the highest degree node.
c Solving strategy: from LB to UB.
c LB-w = 19 (LB in Sinnl - A note on computational approaches for the antibandwidth problem).
c UB-w = 27 (UB in Sinnl - A note on computational approaches for the antibandwidth problem).
c Antibandwidth problem with w = 19 ( I-ash85.mtx.rnd ):
c Initializing CaDiCaL (version 1.2.1).
c	Configuring CaDiCaL as --sat (1).
c Initializing a Naive-Reduced encoder with n = 85.
c Encoding starts with w = 19:
c	Encode symmetry breaking with option: h.
c	Encoding duration: 0s
c	Number of clauses: 1202354
c	Number of irredundant clauses: 1184048
c	Number of variables: 7225
c SAT Solving starts:
c	Solving duration: 7425 ms
c	Answer: 
s SAT (w = 19)
c	Solution check:
p calculated antibandwidth = 19.
c
c
c Antibandwidth problem with w = 20 ( I-ash85.mtx.rnd ):
c Initializing CaDiCaL (version 1.2.1).
c	Configuring CaDiCaL as --sat (1).
c Initializing a Naive-Reduced encoder with n = 85.
c Encoding starts with w = 20:
c	Encode symmetry breaking with option: h.
c	Encoding duration: 0s
c	Number of clauses: 1231262
c	Number of irredundant clauses: 1212371
c	Number of variables: 7225
c SAT Solving starts:
[runlim] sample:		10.0 time, 10.9 real, 215.7 MB
[runlim] sample:		20.0 time, 20.9 real, 206.3 MB
c	Solving duration: 15620 ms
c	Answer: 
s SAT (w = 20)
c	Solution check:
p calculated antibandwidth = 20.
c
c
c Antibandwidth problem with w = 21 ( I-ash85.mtx.rnd ):
c Initializing CaDiCaL (version 1.2.1).
c	Configuring CaDiCaL as --sat (1).
c Initializing a Naive-Reduced encoder with n = 85.
c Encoding starts with w = 21:
c	Encode symmetry breaking with option: h.
c	Encoding duration: 0s
c	Number of clauses: 1259732
c	Number of irredundant clauses: 1240265
c	Number of variables: 7225
c SAT Solving starts:
[runlim] sample:		30.0 time, 30.9 real, 192.4 MB
[runlim] sample:		40.0 time, 40.9 real, 176.8 MB
[runlim] sample:		50.0 time, 50.9 real, 205.4 MB
[runlim] sample:		60.0 time, 60.9 real, 221.9 MB
[runlim] sample:		70.0 time, 70.9 real, 221.0 MB
[runlim] sample:		80.0 time, 80.9 real, 224.2 MB
[runlim] sample:		90.0 time, 90.9 real, 232.5 MB
[runlim] sample:		100.0 time, 100.9 real, 236.3 MB
c	Solving duration: 79704 ms
c	Answer: 
s SAT (w = 21)
c	Solution check:
p calculated antibandwidth = 21.
c
c
c Antibandwidth problem with w = 22 ( I-ash85.mtx.rnd ):
c Initializing CaDiCaL (version 1.2.1).
c	Configuring CaDiCaL as --sat (1).
c Initializing a Naive-Reduced encoder with n = 85.
c Encoding starts with w = 22:
c	Encode symmetry breaking with option: h.
c	Encoding duration: 0s
c	Number of clauses: 1287764
c	Number of irredundant clauses: 1267730
c	Number of variables: 7225
c SAT Solving starts:
[runlim] sample:		110.0 time, 110.9 real, 239.9 MB
[runlim] sample:		120.0 time, 120.9 real, 249.8 MB
[runlim] sample:		130.0 time, 130.9 real, 253.2 MB
[runlim] sample:		140.0 time, 140.9 real, 194.2 MB
[runlim] sample:		150.0 time, 150.9 real, 214.4 MB
[runlim] sample:		160.0 time, 160.9 real, 213.1 MB
[runlim] sample:		170.0 time, 170.9 real, 221.5 MB
[runlim] sample:		180.0 time, 180.9 real, 220.9 MB
[runlim] sample:		190.0 time, 190.9 real, 246.8 MB
[runlim] sample:		200.0 time, 200.9 real, 251.4 MB
[runlim] sample:		210.0 time, 210.9 real, 249.9 MB
[runlim] sample:		219.9 time, 220.9 real, 256.3 MB
[runlim] sample:		230.0 time, 230.9 real, 262.0 MB
[runlim] sample:		240.0 time, 240.9 real, 262.0 MB
[runlim] sample:		250.0 time, 250.9 real, 251.1 MB
[runlim] sample:		260.0 time, 260.9 real, 282.0 MB
[runlim] sample:		270.0 time, 270.9 real, 299.2 MB
[runlim] sample:		280.0 time, 280.9 real, 303.5 MB
[runlim] sample:		290.0 time, 290.9 real, 316.4 MB
c	Solving duration: 195096 ms
c	Answer: 
s SAT (w = 22)
c	Solution check:
p calculated antibandwidth = 22.
c
c
c Antibandwidth problem with w = 23 ( I-ash85.mtx.rnd ):
c Initializing CaDiCaL (version 1.2.1).
c	Configuring CaDiCaL as --sat (1).
c Initializing a Naive-Reduced encoder with n = 85.
c Encoding starts with w = 23:
c	Encode symmetry breaking with option: h.
c	Encoding duration: 0s
c	Number of clauses: 1315358
c	Number of irredundant clauses: 1294766
c	Number of variables: 7225
c SAT Solving starts:
[runlim] sample:		300.0 time, 300.9 real, 274.1 MB
[runlim] sample:		309.9 time, 310.9 real, 261.6 MB
[runlim] sample:		320.0 time, 320.9 real, 261.9 MB
[runlim] sample:		330.0 time, 330.9 real, 260.7 MB
[runlim] sample:		340.0 time, 340.9 real, 272.2 MB
[runlim] sample:		349.9 time, 350.9 real, 272.4 MB
[runlim] sample:		359.9 time, 360.9 real, 277.5 MB
[runlim] sample:		369.9 time, 370.9 real, 283.1 MB
[runlim] sample:		379.9 time, 380.9 real, 274.1 MB
[runlim] sample:		389.9 time, 390.9 real, 287.2 MB
[runlim] sample:		400.0 time, 400.9 real, 281.0 MB
[runlim] sample:		410.0 time, 410.9 real, 276.6 MB
[runlim] sample:		419.9 time, 420.9 real, 290.5 MB
[runlim] sample:		429.9 time, 430.9 real, 287.8 MB
[runlim] sample:		439.9 time, 440.9 real, 279.2 MB
[runlim] sample:		450.0 time, 450.9 real, 295.1 MB
[runlim] sample:		459.9 time, 460.9 real, 309.2 MB
[runlim] sample:		470.0 time, 470.9 real, 336.7 MB
[runlim] sample:		479.9 time, 480.9 real, 296.7 MB
[runlim] sample:		489.9 time, 490.9 real, 311.3 MB
[runlim] sample:		499.9 time, 500.9 real, 335.5 MB
[runlim] sample:		509.9 time, 510.9 real, 303.2 MB
[runlim] sample:		520.0 time, 520.9 real, 293.4 MB
[runlim] sample:		530.0 time, 530.9 real, 300.3 MB
[runlim] sample:		540.0 time, 540.9 real, 311.3 MB
[runlim] sample:		550.0 time, 550.9 real, 327.2 MB
[runlim] sample:		560.0 time, 560.9 real, 319.8 MB
[runlim] sample:		570.0 time, 570.9 real, 312.8 MB
[runlim] sample:		580.0 time, 580.9 real, 302.3 MB
[runlim] sample:		590.0 time, 590.9 real, 302.3 MB
[runlim] sample:		599.9 time, 600.9 real, 325.1 MB
[runlim] sample:		610.0 time, 610.9 real, 320.3 MB
[runlim] sample:		619.9 time, 620.9 real, 325.2 MB
[runlim] sample:		630.0 time, 630.9 real, 325.2 MB
[runlim] sample:		640.0 time, 640.9 real, 314.1 MB
[runlim] sample:		650.0 time, 650.9 real, 314.1 MB
[runlim] sample:		660.0 time, 660.9 real, 314.1 MB
[runlim] sample:		669.9 time, 670.9 real, 329.6 MB
[runlim] sample:		679.9 time, 680.9 real, 329.6 MB
[runlim] sample:		689.9 time, 690.9 real, 319.8 MB
[runlim] sample:		699.9 time, 700.9 real, 319.8 MB
[runlim] sample:		709.9 time, 710.9 real, 329.9 MB
[runlim] sample:		719.9 time, 720.9 real, 329.9 MB
[runlim] sample:		729.9 time, 730.9 real, 330.2 MB
[runlim] sample:		739.9 time, 740.9 real, 330.2 MB
[runlim] sample:		749.9 time, 750.9 real, 309.7 MB
[runlim] sample:		759.9 time, 760.9 real, 309.7 MB
[runlim] sample:		769.9 time, 770.9 real, 339.0 MB
[runlim] sample:		779.9 time, 780.9 real, 353.4 MB
[runlim] sample:		789.9 time, 790.9 real, 335.8 MB
[runlim] sample:		799.9 time, 800.9 real, 347.7 MB
[runlim] sample:		809.9 time, 810.9 real, 322.7 MB
[runlim] sample:		819.9 time, 820.9 real, 319.8 MB
[runlim] sample:		829.9 time, 830.9 real, 324.4 MB
[runlim] sample:		839.9 time, 840.9 real, 324.4 MB
[runlim] sample:		849.9 time, 850.9 real, 341.8 MB
[runlim] sample:		859.9 time, 860.9 real, 351.7 MB
[runlim] sample:		869.9 time, 870.9 real, 337.2 MB
[runlim] sample:		879.9 time, 880.9 real, 337.2 MB
[runlim] sample:		889.9 time, 890.9 real, 404.6 MB
[runlim] sample:		899.9 time, 900.9 real, 345.4 MB
[runlim] sample:		909.9 time, 910.9 real, 456.9 MB
[runlim] sample:		919.9 time, 920.9 real, 343.2 MB
[runlim] sample:		929.9 time, 930.9 real, 343.2 MB
[runlim] sample:		939.9 time, 940.9 real, 354.9 MB
[runlim] sample:		949.9 time, 950.9 real, 354.9 MB
[runlim] sample:		959.9 time, 960.9 real, 365.6 MB
[runlim] sample:		969.9 time, 970.9 real, 366.8 MB
[runlim] sample:		979.9 time, 980.9 real, 388.6 MB
[runlim] sample:		989.9 time, 990.9 real, 388.8 MB
[runlim] sample:		999.9 time, 1000.9 real, 381.9 MB
[runlim] sample:		1009.9 time, 1010.9 real, 360.6 MB
[runlim] sample:		1019.9 time, 1020.9 real, 365.4 MB
[runlim] sample:		1029.9 time, 1030.9 real, 374.9 MB
[runlim] sample:		1039.9 time, 1040.9 real, 374.9 MB
[runlim] sample:		1049.9 time, 1050.9 real, 364.9 MB
[runlim] sample:		1059.9 time, 1060.9 real, 370.7 MB
[runlim] sample:		1069.9 time, 1070.9 real, 370.7 MB
[runlim] sample:		1079.9 time, 1080.9 real, 374.8 MB
[runlim] sample:		1089.9 time, 1090.9 real, 381.3 MB
[runlim] sample:		1099.9 time, 1100.9 real, 381.3 MB
[runlim] sample:		1109.9 time, 1110.9 real, 381.3 MB
[runlim] sample:		1119.9 time, 1120.9 real, 360.9 MB
[runlim] sample:		1129.9 time, 1130.9 real, 396.1 MB
[runlim] sample:		1139.9 time, 1140.9 real, 396.1 MB
[runlim] sample:		1149.9 time, 1150.9 real, 395.4 MB
[runlim] sample:		1159.9 time, 1160.9 real, 395.4 MB
[runlim] sample:		1169.9 time, 1170.9 real, 401.7 MB
[runlim] sample:		1179.9 time, 1180.9 real, 421.6 MB
[runlim] sample:		1189.9 time, 1190.9 real, 405.2 MB
[runlim] sample:		1199.9 time, 1200.9 real, 405.2 MB
[runlim] sample:		1209.9 time, 1210.9 real, 394.4 MB
[runlim] sample:		1219.9 time, 1220.9 real, 394.4 MB
[runlim] sample:		1229.9 time, 1230.9 real, 437.8 MB
[runlim] sample:		1239.9 time, 1240.9 real, 375.2 MB
[runlim] sample:		1249.9 time, 1250.9 real, 375.2 MB
[runlim] sample:		1259.9 time, 1260.9 real, 389.0 MB
[runlim] sample:		1269.9 time, 1270.9 real, 385.6 MB
[runlim] sample:		1279.9 time, 1280.9 real, 385.6 MB
[runlim] sample:		1289.9 time, 1290.9 real, 423.0 MB
[runlim] sample:		1299.9 time, 1300.9 real, 388.9 MB
[runlim] sample:		1309.9 time, 1310.9 real, 388.9 MB
[runlim] sample:		1319.9 time, 1320.9 real, 405.3 MB
[runlim] sample:		1329.9 time, 1330.9 real, 405.3 MB
[runlim] sample:		1339.9 time, 1340.9 real, 405.3 MB
[runlim] sample:		1349.9 time, 1350.9 real, 418.6 MB
[runlim] sample:		1359.9 time, 1360.9 real, 395.9 MB
[runlim] sample:		1369.9 time, 1370.9 real, 395.9 MB
[runlim] sample:		1379.9 time, 1380.9 real, 418.3 MB
[runlim] sample:		1389.9 time, 1390.9 real, 418.3 MB
[runlim] sample:		1399.9 time, 1400.9 real, 412.9 MB
[runlim] sample:		1409.9 time, 1410.9 real, 412.9 MB
[runlim] sample:		1419.9 time, 1420.9 real, 425.3 MB
[runlim] sample:		1429.9 time, 1430.9 real, 425.3 MB
[runlim] sample:		1439.9 time, 1440.9 real, 407.5 MB
[runlim] sample:		1449.9 time, 1450.9 real, 407.5 MB
[runlim] sample:		1459.9 time, 1460.9 real, 391.8 MB
[runlim] sample:		1469.9 time, 1470.9 real, 391.8 MB
[runlim] sample:		1479.9 time, 1480.9 real, 418.4 MB
[runlim] sample:		1489.9 time, 1490.9 real, 418.4 MB
[runlim] sample:		1499.9 time, 1500.9 real, 467.1 MB
[runlim] sample:		1509.9 time, 1510.9 real, 612.4 MB
[runlim] sample:		1519.9 time, 1520.9 real, 612.7 MB
[runlim] sample:		1529.9 time, 1530.9 real, 548.8 MB
[runlim] sample:		1539.9 time, 1540.9 real, 548.8 MB
[runlim] sample:		1549.9 time, 1550.9 real, 548.8 MB
[runlim] sample:		1559.9 time, 1560.9 real, 552.6 MB
[runlim] sample:		1569.9 time, 1570.9 real, 552.6 MB
[runlim] sample:		1579.9 time, 1580.9 real, 552.6 MB
[runlim] sample:		1589.9 time, 1590.9 real, 552.6 MB
[runlim] sample:		1599.9 time, 1600.9 real, 552.6 MB
[runlim] sample:		1609.9 time, 1610.9 real, 625.5 MB
[runlim] sample:		1619.9 time, 1620.9 real, 625.5 MB
[runlim] sample:		1629.9 time, 1630.9 real, 625.5 MB
[runlim] sample:		1639.9 time, 1640.9 real, 580.9 MB
[runlim] sample:		1649.9 time, 1650.9 real, 580.9 MB
[runlim] sample:		1659.9 time, 1660.9 real, 606.8 MB
[runlim] sample:		1669.9 time, 1670.9 real, 606.8 MB
[runlim] sample:		1679.9 time, 1680.9 real, 583.0 MB
[runlim] sample:		1689.9 time, 1690.9 real, 583.0 MB
[runlim] sample:		1699.9 time, 1700.9 real, 583.0 MB
[runlim] sample:		1709.9 time, 1710.9 real, 573.4 MB
[runlim] sample:		1719.9 time, 1720.9 real, 573.4 MB
[runlim] sample:		1729.9 time, 1730.9 real, 573.4 MB
[runlim] sample:		1739.9 time, 1740.9 real, 580.5 MB
[runlim] sample:		1749.9 time, 1750.9 real, 580.5 MB
[runlim] sample:		1759.9 time, 1760.9 real, 521.6 MB
[runlim] sample:		1769.9 time, 1770.9 real, 521.6 MB
[runlim] sample:		1779.9 time, 1780.9 real, 521.6 MB
[runlim] sample:		1789.9 time, 1790.9 real, 531.7 MB
c Signal interruption.
[runlim] end:			Sat Sep 28 18:34:25 2024
[runlim] status:		out of time
[runlim] result:		2
[runlim] children:		0
[runlim] real:			1800.10 seconds
[runlim] time:			1799.11 seconds
[runlim] space:			846.8 MB
[runlim] samples:		17992
