[runlim] version:		1.10
[runlim] time limit:		1800 seconds
[runlim] real time limit:	1800 seconds
[runlim] space limit:		30000 MB
[runlim] argv[0]:		/home/truongxuanhieu/AntiBandwidthReconstruct/build/abw_enc
[runlim] argv[1]:		/home/truongxuanhieu/AntiBandwidthReconstruct/build/Benchmarks/J-nos4.mtx.rnd
[runlim] argv[2]:		--reduced
[runlim] argv[3]:		-symetry-break
[runlim] argv[4]:		h
[runlim] start:			Sat Sep 28 14:25:41 2024
[runlim] main pid:		112469
[runlim] log captured:
c LadderEncoder 1.0.
c Symetry breaking in the highest degree node.
c Solving strategy: from LB to UB.
c LB-w = 32 (LB in Sinnl - A note on computational approaches for the antibandwidth problem).
c UB-w = 40 (UB in Sinnl - A note on computational approaches for the antibandwidth problem).
c Antibandwidth problem with w = 32 ( J-nos4.mtx.rnd ):
c Initializing CaDiCaL (version 1.2.1).
c	Configuring CaDiCaL as --sat (1).
c Initializing a Naive-Reduced encoder with n = 100.
c Encoding starts with w = 32:
c	Encode symmetry breaking with option: h.
c	Encoding duration: 0s
c	Number of clauses: 2276626
c	Number of irredundant clauses: 2252277
c	Number of variables: 10000
c SAT Solving starts:
[runlim] sample:		10.0 time, 10.1 real, 271.1 MB
[runlim] sample:		20.0 time, 20.1 real, 296.7 MB
[runlim] sample:		30.0 time, 30.1 real, 296.5 MB
[runlim] sample:		40.0 time, 40.1 real, 301.3 MB
[runlim] sample:		50.0 time, 50.1 real, 315.1 MB
[runlim] sample:		60.0 time, 60.1 real, 300.3 MB
[runlim] sample:		70.0 time, 70.1 real, 323.4 MB
[runlim] sample:		80.0 time, 80.1 real, 357.5 MB
[runlim] sample:		90.0 time, 90.1 real, 309.6 MB
[runlim] sample:		100.0 time, 100.1 real, 348.3 MB
[runlim] sample:		110.0 time, 110.1 real, 335.0 MB
[runlim] sample:		120.0 time, 120.1 real, 303.7 MB
[runlim] sample:		130.0 time, 130.1 real, 295.2 MB
[runlim] sample:		140.0 time, 140.1 real, 337.4 MB
[runlim] sample:		150.0 time, 150.1 real, 340.1 MB
[runlim] sample:		160.0 time, 160.1 real, 314.9 MB
[runlim] sample:		170.0 time, 170.1 real, 453.4 MB
[runlim] sample:		180.0 time, 180.1 real, 366.4 MB
[runlim] sample:		189.9 time, 190.1 real, 405.4 MB
[runlim] sample:		199.9 time, 200.1 real, 405.4 MB
[runlim] sample:		209.9 time, 210.1 real, 361.6 MB
[runlim] sample:		219.9 time, 220.1 real, 418.4 MB
[runlim] sample:		229.9 time, 230.1 real, 395.5 MB
[runlim] sample:		239.9 time, 240.1 real, 384.1 MB
c	Solving duration: 245681 ms
c	Answer: 
s SAT (w = 32)
c	Solution check:
p calculated antibandwidth = 32.
c
c
c Antibandwidth problem with w = 33 ( J-nos4.mtx.rnd ):
c Initializing CaDiCaL (version 1.2.1).
c	Configuring CaDiCaL as --sat (1).
c Initializing a Naive-Reduced encoder with n = 100.
c Encoding starts with w = 33:
c	Encode symmetry breaking with option: h.
c	Encoding duration: 0s
c	Number of clauses: 2310218
c	Number of irredundant clauses: 2285461
c	Number of variables: 10000
c SAT Solving starts:
[runlim] sample:		249.9 time, 250.1 real, 338.2 MB
[runlim] sample:		259.9 time, 260.1 real, 394.2 MB
[runlim] sample:		269.9 time, 270.1 real, 342.4 MB
[runlim] sample:		279.9 time, 280.1 real, 340.8 MB
[runlim] sample:		289.9 time, 290.1 real, 365.9 MB
[runlim] sample:		299.9 time, 300.1 real, 334.2 MB
[runlim] sample:		309.9 time, 310.1 real, 347.2 MB
[runlim] sample:		319.9 time, 320.1 real, 326.4 MB
[runlim] sample:		329.9 time, 330.1 real, 327.3 MB
[runlim] sample:		339.9 time, 340.1 real, 349.7 MB
[runlim] sample:		349.9 time, 350.1 real, 379.3 MB
[runlim] sample:		359.9 time, 360.1 real, 351.6 MB
[runlim] sample:		369.9 time, 370.1 real, 415.8 MB
[runlim] sample:		379.9 time, 380.1 real, 412.0 MB
[runlim] sample:		389.9 time, 390.1 real, 361.4 MB
[runlim] sample:		399.9 time, 400.1 real, 412.9 MB
[runlim] sample:		409.9 time, 410.1 real, 350.1 MB
[runlim] sample:		419.9 time, 420.1 real, 409.5 MB
[runlim] sample:		429.9 time, 430.1 real, 409.5 MB
[runlim] sample:		439.9 time, 440.1 real, 393.3 MB
[runlim] sample:		449.9 time, 450.1 real, 413.8 MB
[runlim] sample:		459.9 time, 460.1 real, 413.8 MB
[runlim] sample:		469.9 time, 470.1 real, 457.8 MB
[runlim] sample:		479.9 time, 480.1 real, 374.3 MB
[runlim] sample:		489.9 time, 490.1 real, 437.4 MB
[runlim] sample:		499.9 time, 500.1 real, 444.8 MB
[runlim] sample:		509.9 time, 510.1 real, 434.6 MB
[runlim] sample:		519.9 time, 520.1 real, 425.1 MB
[runlim] sample:		529.9 time, 530.1 real, 422.5 MB
[runlim] sample:		539.9 time, 540.1 real, 437.7 MB
[runlim] sample:		549.9 time, 550.1 real, 451.9 MB
[runlim] sample:		559.9 time, 560.1 real, 426.3 MB
[runlim] sample:		569.9 time, 570.1 real, 426.3 MB
[runlim] sample:		579.9 time, 580.1 real, 421.2 MB
[runlim] sample:		589.9 time, 590.1 real, 439.0 MB
[runlim] sample:		599.9 time, 600.1 real, 486.9 MB
[runlim] sample:		609.9 time, 610.1 real, 445.4 MB
[runlim] sample:		619.9 time, 620.1 real, 488.0 MB
[runlim] sample:		629.9 time, 630.1 real, 441.7 MB
[runlim] sample:		639.9 time, 640.1 real, 456.7 MB
[runlim] sample:		649.9 time, 650.1 real, 456.7 MB
[runlim] sample:		659.9 time, 660.1 real, 536.7 MB
[runlim] sample:		669.9 time, 670.1 real, 394.6 MB
[runlim] sample:		679.9 time, 680.1 real, 394.6 MB
[runlim] sample:		689.9 time, 690.1 real, 399.7 MB
[runlim] sample:		699.9 time, 700.1 real, 446.0 MB
[runlim] sample:		709.9 time, 710.1 real, 424.0 MB
[runlim] sample:		719.9 time, 720.1 real, 479.4 MB
[runlim] sample:		729.9 time, 730.1 real, 468.7 MB
[runlim] sample:		739.9 time, 740.1 real, 468.7 MB
[runlim] sample:		749.9 time, 750.1 real, 497.0 MB
[runlim] sample:		759.9 time, 760.1 real, 497.0 MB
[runlim] sample:		769.9 time, 770.1 real, 490.7 MB
[runlim] sample:		779.9 time, 780.1 real, 490.7 MB
[runlim] sample:		789.9 time, 790.1 real, 480.0 MB
[runlim] sample:		799.9 time, 800.1 real, 471.1 MB
[runlim] sample:		809.9 time, 810.1 real, 553.6 MB
[runlim] sample:		819.9 time, 820.1 real, 554.8 MB
[runlim] sample:		829.9 time, 830.1 real, 578.8 MB
[runlim] sample:		839.9 time, 840.1 real, 578.8 MB
[runlim] sample:		849.9 time, 850.1 real, 523.4 MB
[runlim] sample:		859.9 time, 860.1 real, 458.1 MB
[runlim] sample:		869.9 time, 870.1 real, 542.6 MB
[runlim] sample:		879.9 time, 880.1 real, 542.6 MB
[runlim] sample:		889.9 time, 890.1 real, 542.6 MB
[runlim] sample:		899.9 time, 900.1 real, 486.7 MB
[runlim] sample:		909.9 time, 910.1 real, 453.1 MB
[runlim] sample:		919.9 time, 920.1 real, 553.2 MB
[runlim] sample:		929.9 time, 930.1 real, 553.2 MB
[runlim] sample:		939.9 time, 940.1 real, 557.5 MB
[runlim] sample:		949.9 time, 950.1 real, 557.5 MB
[runlim] sample:		959.9 time, 960.1 real, 541.9 MB
[runlim] sample:		969.9 time, 970.1 real, 534.3 MB
[runlim] sample:		979.9 time, 980.1 real, 534.3 MB
[runlim] sample:		989.9 time, 990.1 real, 534.3 MB
[runlim] sample:		999.9 time, 1000.1 real, 745.1 MB
[runlim] sample:		1009.9 time, 1010.1 real, 728.0 MB
[runlim] sample:		1019.9 time, 1020.1 real, 728.0 MB
[runlim] sample:		1029.9 time, 1030.1 real, 685.7 MB
[runlim] sample:		1039.9 time, 1040.1 real, 685.7 MB
[runlim] sample:		1049.9 time, 1050.1 real, 685.7 MB
[runlim] sample:		1059.9 time, 1060.1 real, 665.8 MB
[runlim] sample:		1069.9 time, 1070.1 real, 665.8 MB
[runlim] sample:		1079.9 time, 1080.1 real, 751.1 MB
[runlim] sample:		1089.9 time, 1090.1 real, 751.1 MB
[runlim] sample:		1099.9 time, 1100.1 real, 704.3 MB
[runlim] sample:		1109.9 time, 1110.1 real, 704.3 MB
[runlim] sample:		1119.9 time, 1120.1 real, 704.3 MB
[runlim] sample:		1129.9 time, 1130.1 real, 704.3 MB
[runlim] sample:		1139.9 time, 1140.1 real, 691.9 MB
[runlim] sample:		1149.9 time, 1150.1 real, 588.4 MB
[runlim] sample:		1159.9 time, 1160.1 real, 645.1 MB
[runlim] sample:		1169.9 time, 1170.1 real, 683.4 MB
[runlim] sample:		1179.9 time, 1180.1 real, 683.4 MB
[runlim] sample:		1189.9 time, 1190.1 real, 683.4 MB
[runlim] sample:		1199.9 time, 1200.1 real, 677.6 MB
[runlim] sample:		1209.9 time, 1210.1 real, 684.8 MB
[runlim] sample:		1219.9 time, 1220.1 real, 684.8 MB
[runlim] sample:		1229.9 time, 1230.1 real, 684.8 MB
[runlim] sample:		1239.9 time, 1240.1 real, 726.2 MB
[runlim] sample:		1249.9 time, 1250.1 real, 726.2 MB
[runlim] sample:		1259.9 time, 1260.1 real, 726.2 MB
[runlim] sample:		1269.9 time, 1270.1 real, 718.3 MB
[runlim] sample:		1279.9 time, 1280.1 real, 659.2 MB
[runlim] sample:		1289.9 time, 1290.1 real, 659.2 MB
[runlim] sample:		1299.9 time, 1300.1 real, 659.2 MB
[runlim] sample:		1309.9 time, 1310.1 real, 771.2 MB
[runlim] sample:		1319.9 time, 1320.1 real, 771.2 MB
[runlim] sample:		1329.9 time, 1330.1 real, 771.2 MB
[runlim] sample:		1339.9 time, 1340.1 real, 757.1 MB
[runlim] sample:		1349.9 time, 1350.1 real, 757.1 MB
[runlim] sample:		1359.9 time, 1360.1 real, 757.1 MB
[runlim] sample:		1369.9 time, 1370.1 real, 691.4 MB
[runlim] sample:		1379.9 time, 1380.1 real, 614.9 MB
[runlim] sample:		1389.9 time, 1390.1 real, 614.9 MB
[runlim] sample:		1399.9 time, 1400.1 real, 624.0 MB
[runlim] sample:		1409.9 time, 1410.1 real, 624.0 MB
[runlim] sample:		1419.9 time, 1420.1 real, 624.0 MB
[runlim] sample:		1429.9 time, 1430.1 real, 789.3 MB
[runlim] sample:		1439.9 time, 1440.1 real, 789.3 MB
[runlim] sample:		1449.9 time, 1450.1 real, 789.3 MB
[runlim] sample:		1459.9 time, 1460.1 real, 658.0 MB
[runlim] sample:		1469.9 time, 1470.1 real, 658.0 MB
[runlim] sample:		1479.9 time, 1480.1 real, 658.0 MB
[runlim] sample:		1489.9 time, 1490.1 real, 742.9 MB
[runlim] sample:		1499.9 time, 1500.1 real, 742.9 MB
[runlim] sample:		1509.9 time, 1510.1 real, 742.9 MB
[runlim] sample:		1519.9 time, 1520.1 real, 796.2 MB
[runlim] sample:		1529.9 time, 1530.1 real, 796.2 MB
[runlim] sample:		1539.9 time, 1540.1 real, 796.2 MB
[runlim] sample:		1549.9 time, 1550.1 real, 743.6 MB
[runlim] sample:		1559.9 time, 1560.1 real, 743.6 MB
[runlim] sample:		1569.9 time, 1570.1 real, 743.6 MB
[runlim] sample:		1579.9 time, 1580.1 real, 769.2 MB
[runlim] sample:		1589.9 time, 1590.1 real, 769.2 MB
[runlim] sample:		1599.9 time, 1600.1 real, 769.2 MB
[runlim] sample:		1609.9 time, 1610.1 real, 742.4 MB
[runlim] sample:		1619.9 time, 1620.1 real, 742.4 MB
[runlim] sample:		1629.9 time, 1630.1 real, 751.5 MB
[runlim] sample:		1639.9 time, 1640.1 real, 751.5 MB
[runlim] sample:		1649.9 time, 1650.1 real, 622.4 MB
[runlim] sample:		1659.9 time, 1660.1 real, 622.4 MB
[runlim] sample:		1669.9 time, 1670.1 real, 642.6 MB
[runlim] sample:		1679.9 time, 1680.1 real, 642.6 MB
[runlim] sample:		1689.9 time, 1690.1 real, 662.9 MB
[runlim] sample:		1699.9 time, 1700.1 real, 662.9 MB
[runlim] sample:		1709.9 time, 1710.1 real, 774.5 MB
[runlim] sample:		1719.9 time, 1720.1 real, 698.1 MB
[runlim] sample:		1729.9 time, 1730.1 real, 698.1 MB
[runlim] sample:		1739.9 time, 1740.1 real, 698.1 MB
[runlim] sample:		1749.9 time, 1750.1 real, 698.1 MB
[runlim] sample:		1759.9 time, 1760.1 real, 820.6 MB
[runlim] sample:		1769.9 time, 1770.1 real, 715.7 MB
[runlim] sample:		1779.9 time, 1780.1 real, 715.7 MB
[runlim] sample:		1789.9 time, 1790.1 real, 715.7 MB
[runlim] sample:		1799.9 time, 1800.1 real, 800.5 MB
c Signal interruption.
[runlim] end:			Sat Sep 28 14:55:41 2024
[runlim] status:		out of time
[runlim] result:		2
[runlim] children:		0
[runlim] real:			1800.09 seconds
[runlim] time:			1799.88 seconds
[runlim] space:			1071.3 MB
[runlim] samples:		18000
