[runlim] version:		1.10
[runlim] time limit:		1800 seconds
[runlim] real time limit:	1800 seconds
[runlim] space limit:		30000 MB
[runlim] argv[0]:		/home/truongxuanhieu/AntiBandwidthReconstruct/build/abw_enc
[runlim] argv[1]:		/home/truongxuanhieu/AntiBandwidthReconstruct/build/Benchmarks/K-dwt__234.mtx.rnd
[runlim] argv[2]:		--seq
[runlim] argv[3]:		-symetry-break
[runlim] argv[4]:		h
[runlim] start:			Fri Oct  4 09:37:52 2024
[runlim] main pid:		5423
[runlim] log captured:
c LadderEncoder 1.0.
c Symetry breaking in the highest degree node.
c Solving strategy: from LB to UB.
c LB-w = 46 (LB in Sinnl - A note on computational approaches for the antibandwidth problem).
c UB-w = 58 (UB in Sinnl - A note on computational approaches for the antibandwidth problem).
c Antibandwidth problem with w = 46 ( K-dwt__234.mtx.rnd ):
c Initializing CaDiCaL (version 1.2.1).
c	Configuring CaDiCaL as --sat (1).
c Initializing a Sequential encoder with n = 117.
c Encoding starts with w = 46:
c	Encode symmetry breaking with option: h.
c	Encoding duration: 0s
c	Number of clauses: 3242200
c	Number of irredundant clauses: 3213039
c	Number of variables: 1090359
c SAT Solving starts:
[runlim] sample:		10.0 time, 10.0 real, 553.9 MB
[runlim] sample:		20.0 time, 20.0 real, 627.5 MB
[runlim] sample:		30.0 time, 30.0 real, 565.8 MB
[runlim] sample:		40.0 time, 40.0 real, 569.0 MB
[runlim] sample:		50.0 time, 50.0 real, 570.1 MB
[runlim] sample:		60.0 time, 60.0 real, 571.3 MB
[runlim] sample:		70.0 time, 70.0 real, 582.9 MB
[runlim] sample:		80.0 time, 80.0 real, 598.9 MB
[runlim] sample:		90.0 time, 90.0 real, 578.0 MB
[runlim] sample:		100.0 time, 100.0 real, 573.4 MB
[runlim] sample:		110.0 time, 110.0 real, 575.3 MB
[runlim] sample:		120.0 time, 120.0 real, 589.3 MB
[runlim] sample:		130.0 time, 130.0 real, 601.9 MB
[runlim] sample:		140.0 time, 140.0 real, 601.9 MB
[runlim] sample:		150.0 time, 150.0 real, 614.1 MB
[runlim] sample:		160.0 time, 160.0 real, 638.0 MB
[runlim] sample:		170.0 time, 170.0 real, 577.9 MB
[runlim] sample:		179.9 time, 180.0 real, 594.5 MB
[runlim] sample:		189.9 time, 190.0 real, 681.0 MB
[runlim] sample:		199.9 time, 200.0 real, 597.6 MB
[runlim] sample:		209.9 time, 210.0 real, 596.7 MB
[runlim] sample:		219.9 time, 220.0 real, 596.5 MB
[runlim] sample:		229.9 time, 230.0 real, 584.7 MB
[runlim] sample:		239.9 time, 240.0 real, 620.0 MB
[runlim] sample:		249.9 time, 250.0 real, 620.3 MB
[runlim] sample:		259.9 time, 260.0 real, 615.9 MB
[runlim] sample:		269.9 time, 270.0 real, 611.2 MB
[runlim] sample:		279.9 time, 280.0 real, 643.8 MB
[runlim] sample:		289.9 time, 290.0 real, 643.8 MB
[runlim] sample:		299.9 time, 300.0 real, 628.0 MB
[runlim] sample:		309.9 time, 310.0 real, 617.9 MB
[runlim] sample:		319.9 time, 320.0 real, 618.0 MB
[runlim] sample:		329.9 time, 330.0 real, 620.9 MB
[runlim] sample:		339.9 time, 340.0 real, 620.9 MB
[runlim] sample:		349.9 time, 350.0 real, 636.3 MB
[runlim] sample:		359.9 time, 360.0 real, 636.3 MB
[runlim] sample:		369.9 time, 370.0 real, 641.5 MB
[runlim] sample:		379.9 time, 380.0 real, 612.8 MB
[runlim] sample:		389.9 time, 390.0 real, 614.8 MB
[runlim] sample:		399.9 time, 400.0 real, 614.8 MB
[runlim] sample:		409.9 time, 410.0 real, 649.9 MB
[runlim] sample:		419.9 time, 420.0 real, 649.9 MB
[runlim] sample:		429.9 time, 430.0 real, 660.8 MB
[runlim] sample:		439.9 time, 440.0 real, 651.7 MB
c	Solving duration: 443247 ms
c	Answer: 
s SAT (w = 46)
c	Solution check:
p calculated antibandwidth = 46.
c
c
c Antibandwidth problem with w = 47 ( K-dwt__234.mtx.rnd ):
c Initializing CaDiCaL (version 1.2.1).
c	Configuring CaDiCaL as --sat (1).
c Initializing a Sequential encoder with n = 117.
c Encoding starts with w = 47:
c	Encode symmetry breaking with option: h.
c	Encoding duration: 0s
c	Number of clauses: 3267310
c	Number of irredundant clauses: 3237933
c	Number of variables: 1098783
c SAT Solving starts:
[runlim] sample:		449.9 time, 450.0 real, 733.2 MB
[runlim] sample:		459.9 time, 460.0 real, 568.9 MB
[runlim] sample:		469.9 time, 470.0 real, 572.4 MB
[runlim] sample:		479.9 time, 480.0 real, 572.4 MB
[runlim] sample:		489.9 time, 490.0 real, 578.6 MB
[runlim] sample:		499.9 time, 500.0 real, 583.4 MB
[runlim] sample:		509.9 time, 510.0 real, 584.0 MB
[runlim] sample:		519.9 time, 520.0 real, 576.7 MB
[runlim] sample:		529.9 time, 530.0 real, 580.1 MB
[runlim] sample:		539.9 time, 540.0 real, 615.7 MB
[runlim] sample:		549.9 time, 550.0 real, 560.9 MB
[runlim] sample:		559.9 time, 560.0 real, 569.4 MB
[runlim] sample:		569.9 time, 570.0 real, 579.4 MB
[runlim] sample:		579.9 time, 580.0 real, 590.2 MB
[runlim] sample:		589.9 time, 590.0 real, 607.0 MB
[runlim] sample:		599.9 time, 600.0 real, 622.3 MB
[runlim] sample:		609.9 time, 610.0 real, 599.0 MB
[runlim] sample:		619.9 time, 620.0 real, 577.9 MB
[runlim] sample:		629.9 time, 630.0 real, 599.5 MB
[runlim] sample:		639.9 time, 640.0 real, 619.6 MB
[runlim] sample:		649.9 time, 650.0 real, 595.7 MB
[runlim] sample:		659.9 time, 660.0 real, 594.2 MB
[runlim] sample:		669.9 time, 670.0 real, 584.4 MB
[runlim] sample:		679.9 time, 680.0 real, 599.4 MB
[runlim] sample:		689.9 time, 690.0 real, 599.4 MB
[runlim] sample:		699.9 time, 700.0 real, 604.4 MB
[runlim] sample:		709.9 time, 710.0 real, 602.4 MB
[runlim] sample:		719.9 time, 720.0 real, 602.4 MB
[runlim] sample:		729.9 time, 730.0 real, 618.0 MB
[runlim] sample:		739.9 time, 740.0 real, 666.8 MB
[runlim] sample:		749.9 time, 750.0 real, 666.8 MB
[runlim] sample:		759.9 time, 760.0 real, 648.3 MB
[runlim] sample:		769.9 time, 770.0 real, 605.2 MB
[runlim] sample:		779.9 time, 780.0 real, 596.9 MB
[runlim] sample:		789.9 time, 790.0 real, 596.9 MB
[runlim] sample:		799.9 time, 800.0 real, 625.7 MB
[runlim] sample:		809.9 time, 810.0 real, 625.7 MB
[runlim] sample:		819.9 time, 820.0 real, 586.8 MB
[runlim] sample:		829.9 time, 830.0 real, 592.6 MB
[runlim] sample:		839.9 time, 840.0 real, 592.6 MB
[runlim] sample:		849.9 time, 850.0 real, 667.8 MB
[runlim] sample:		859.9 time, 860.0 real, 636.7 MB
[runlim] sample:		869.9 time, 870.0 real, 636.7 MB
[runlim] sample:		879.9 time, 880.0 real, 605.6 MB
[runlim] sample:		889.9 time, 890.0 real, 605.6 MB
[runlim] sample:		899.9 time, 900.0 real, 612.2 MB
[runlim] sample:		909.9 time, 910.0 real, 612.2 MB
[runlim] sample:		919.9 time, 920.0 real, 605.2 MB
[runlim] sample:		929.9 time, 930.0 real, 613.7 MB
[runlim] sample:		939.9 time, 940.0 real, 613.7 MB
[runlim] sample:		949.9 time, 950.0 real, 640.0 MB
[runlim] sample:		959.9 time, 960.0 real, 640.0 MB
[runlim] sample:		969.9 time, 970.0 real, 640.0 MB
[runlim] sample:		979.9 time, 980.0 real, 704.0 MB
[runlim] sample:		989.9 time, 990.0 real, 704.0 MB
[runlim] sample:		999.9 time, 1000.0 real, 707.8 MB
[runlim] sample:		1009.9 time, 1010.0 real, 707.8 MB
[runlim] sample:		1019.9 time, 1020.0 real, 657.5 MB
[runlim] sample:		1029.9 time, 1030.0 real, 657.5 MB
[runlim] sample:		1039.9 time, 1040.0 real, 657.5 MB
[runlim] sample:		1049.9 time, 1050.0 real, 745.7 MB
[runlim] sample:		1059.9 time, 1060.0 real, 745.7 MB
[runlim] sample:		1069.9 time, 1070.0 real, 705.9 MB
[runlim] sample:		1079.9 time, 1080.0 real, 705.9 MB
[runlim] sample:		1089.9 time, 1090.0 real, 705.9 MB
[runlim] sample:		1099.9 time, 1100.0 real, 724.9 MB
[runlim] sample:		1109.9 time, 1110.0 real, 724.9 MB
[runlim] sample:		1119.9 time, 1120.0 real, 651.7 MB
[runlim] sample:		1129.9 time, 1130.0 real, 651.7 MB
[runlim] sample:		1139.9 time, 1140.0 real, 639.5 MB
[runlim] sample:		1149.9 time, 1150.0 real, 639.5 MB
[runlim] sample:		1159.9 time, 1160.0 real, 647.3 MB
[runlim] sample:		1169.9 time, 1170.0 real, 654.3 MB
[runlim] sample:		1179.9 time, 1180.0 real, 654.3 MB
[runlim] sample:		1189.9 time, 1190.0 real, 663.2 MB
[runlim] sample:		1199.9 time, 1200.0 real, 663.2 MB
[runlim] sample:		1209.9 time, 1210.0 real, 666.2 MB
[runlim] sample:		1219.9 time, 1220.0 real, 647.7 MB
[runlim] sample:		1229.9 time, 1230.0 real, 647.7 MB
[runlim] sample:		1239.9 time, 1240.0 real, 864.9 MB
[runlim] sample:		1249.9 time, 1250.0 real, 730.8 MB
[runlim] sample:		1259.9 time, 1260.0 real, 730.8 MB
[runlim] sample:		1269.9 time, 1270.0 real, 699.9 MB
[runlim] sample:		1279.9 time, 1280.0 real, 699.9 MB
[runlim] sample:		1289.9 time, 1290.0 real, 699.9 MB
[runlim] sample:		1299.9 time, 1300.0 real, 771.0 MB
[runlim] sample:		1309.9 time, 1310.0 real, 771.0 MB
[runlim] sample:		1319.9 time, 1320.0 real, 724.0 MB
[runlim] sample:		1329.9 time, 1330.0 real, 724.0 MB
[runlim] sample:		1339.9 time, 1340.0 real, 696.2 MB
[runlim] sample:		1349.9 time, 1350.0 real, 696.2 MB
[runlim] sample:		1359.9 time, 1360.0 real, 696.2 MB
[runlim] sample:		1369.9 time, 1370.0 real, 698.2 MB
[runlim] sample:		1379.9 time, 1380.0 real, 698.2 MB
[runlim] sample:		1389.9 time, 1390.0 real, 693.5 MB
[runlim] sample:		1399.9 time, 1400.0 real, 693.5 MB
[runlim] sample:		1409.9 time, 1410.0 real, 693.5 MB
[runlim] sample:		1419.9 time, 1420.0 real, 693.5 MB
[runlim] sample:		1429.9 time, 1430.0 real, 704.1 MB
[runlim] sample:		1439.9 time, 1440.0 real, 704.1 MB
[runlim] sample:		1449.9 time, 1450.0 real, 704.1 MB
[runlim] sample:		1459.9 time, 1460.0 real, 717.1 MB
[runlim] sample:		1469.9 time, 1470.0 real, 717.1 MB
[runlim] sample:		1479.9 time, 1480.0 real, 717.1 MB
[runlim] sample:		1489.9 time, 1490.0 real, 704.5 MB
[runlim] sample:		1499.9 time, 1500.0 real, 704.5 MB
[runlim] sample:		1509.9 time, 1510.0 real, 728.3 MB
[runlim] sample:		1519.9 time, 1520.0 real, 728.3 MB
[runlim] sample:		1529.9 time, 1530.0 real, 728.3 MB
[runlim] sample:		1539.9 time, 1540.0 real, 721.6 MB
[runlim] sample:		1549.9 time, 1550.0 real, 721.6 MB
[runlim] sample:		1559.9 time, 1560.0 real, 721.6 MB
[runlim] sample:		1569.9 time, 1570.0 real, 721.6 MB
[runlim] sample:		1579.9 time, 1580.0 real, 722.9 MB
[runlim] sample:		1589.9 time, 1590.0 real, 799.4 MB
[runlim] sample:		1599.9 time, 1600.0 real, 799.4 MB
[runlim] sample:		1609.9 time, 1610.0 real, 851.0 MB
[runlim] sample:		1619.9 time, 1620.0 real, 948.3 MB
[runlim] sample:		1629.9 time, 1630.0 real, 948.8 MB
[runlim] sample:		1639.9 time, 1640.0 real, 948.8 MB
[runlim] sample:		1649.9 time, 1650.0 real, 919.9 MB
[runlim] sample:		1659.9 time, 1660.0 real, 919.9 MB
[runlim] sample:		1669.9 time, 1670.0 real, 891.6 MB
[runlim] sample:		1679.9 time, 1680.0 real, 891.6 MB
[runlim] sample:		1689.9 time, 1690.0 real, 891.6 MB
[runlim] sample:		1699.9 time, 1700.0 real, 891.6 MB
[runlim] sample:		1709.9 time, 1710.0 real, 891.6 MB
[runlim] sample:		1719.9 time, 1720.0 real, 987.1 MB
[runlim] sample:		1729.9 time, 1730.0 real, 987.1 MB
[runlim] sample:		1739.9 time, 1740.0 real, 987.1 MB
[runlim] sample:		1749.9 time, 1750.0 real, 987.1 MB
[runlim] sample:		1759.9 time, 1760.0 real, 962.6 MB
[runlim] sample:		1769.9 time, 1770.0 real, 962.6 MB
[runlim] sample:		1779.9 time, 1780.0 real, 896.8 MB
[runlim] sample:		1789.9 time, 1790.0 real, 896.8 MB
[runlim] sample:		1799.9 time, 1800.0 real, 896.8 MB
c Signal interruption.
[runlim] end:			Fri Oct  4 10:07:52 2024
[runlim] status:		out of time
[runlim] result:		2
[runlim] children:		0
[runlim] real:			1800.07 seconds
[runlim] time:			1799.87 seconds
[runlim] space:			1301.3 MB
[runlim] samples:		18000
