[runlim] version:		1.10
[runlim] time limit:		1800 seconds
[runlim] real time limit:	1800 seconds
[runlim] space limit:		30000 MB
[runlim] argv[0]:		/home/truongxuanhieu/AntiBandwidthReconstruct/build/abw_enc
[runlim] argv[1]:		/home/truongxuanhieu/AntiBandwidthReconstruct/build/Benchmarks/K-dwt__234.mtx.rnd
[runlim] argv[2]:		--ladder
[runlim] argv[3]:		-symetry-break
[runlim] argv[4]:		h
[runlim] start:			Wed Sep 25 15:00:34 2024
[runlim] main pid:		45630
[runlim] log captured:
c LadderEncoder 1.0.
c Symetry breaking in the highest degree node.
c Solving strategy: from LB to UB.
c LB-w = 46 (LB in Sinnl - A note on computational approaches for the antibandwidth problem).
c UB-w = 58 (UB in Sinnl - A note on computational approaches for the antibandwidth problem).
c Antibandwidth problem with w = 46 ( K-dwt__234.mtx.rnd ):
c Initializing CaDiCaL (version 1.2.1).
c	Configuring CaDiCaL as --sat (1).
c Initializing a Ladder encoder with n = 117.
c Encoding starts with w = 46:
c	Encode symmetry breaking with option: h.
c	Labels and Vertices aux var: 4680
c	Labels and Vertices constraints:  34515
c	Obj k aux var: 18486
c	Obj k constraints: 123021
c	Obj k glue staircase constraints: 45684
c	Encoding duration: 0s
c	Number of clauses: 157594
c	Number of irredundant clauses: 157232
c	Number of variables: 36855
c SAT Solving starts:
[runlim] sample:		10.0 time, 10.7 real, 56.1 MB
[runlim] sample:		20.0 time, 20.7 real, 128.5 MB
c	Solving duration: 26943 ms
c	Answer: 
s SAT (w = 46)
c	Solution check:
p calculated antibandwidth = 46.
c
c
c Antibandwidth problem with w = 47 ( K-dwt__234.mtx.rnd ):
c Initializing CaDiCaL (version 1.2.1).
c	Configuring CaDiCaL as --sat (1).
c Initializing a Ladder encoder with n = 117.
c Encoding starts with w = 47:
c	Encode symmetry breaking with option: h.
c	Labels and Vertices aux var: 4680
c	Labels and Vertices constraints:  34515
c	Obj k aux var: 18603
c	Obj k constraints: 122607
c	Obj k glue staircase constraints: 45036
c	Encoding duration: 0s
c	Number of clauses: 157180
c	Number of irredundant clauses: 156816
c	Number of variables: 36972
c SAT Solving starts:
[runlim] sample:		30.0 time, 30.7 real, 71.9 MB
[runlim] sample:		40.0 time, 40.7 real, 127.1 MB
[runlim] sample:		50.0 time, 50.7 real, 73.3 MB
[runlim] sample:		60.0 time, 60.7 real, 143.5 MB
[runlim] sample:		70.0 time, 70.7 real, 178.7 MB
[runlim] sample:		80.0 time, 80.7 real, 138.9 MB
[runlim] sample:		90.0 time, 90.7 real, 149.9 MB
[runlim] sample:		100.0 time, 100.7 real, 241.7 MB
[runlim] sample:		110.0 time, 110.7 real, 262.5 MB
[runlim] sample:		120.0 time, 120.7 real, 275.3 MB
[runlim] sample:		130.0 time, 130.7 real, 274.6 MB
[runlim] sample:		140.0 time, 140.7 real, 281.4 MB
[runlim] sample:		150.0 time, 150.7 real, 287.5 MB
[runlim] sample:		160.0 time, 160.7 real, 267.7 MB
[runlim] sample:		170.0 time, 170.7 real, 222.0 MB
[runlim] sample:		180.0 time, 180.7 real, 187.2 MB
[runlim] sample:		190.0 time, 190.7 real, 175.7 MB
[runlim] sample:		200.0 time, 200.7 real, 264.7 MB
[runlim] sample:		210.0 time, 210.7 real, 193.0 MB
[runlim] sample:		220.0 time, 220.7 real, 193.0 MB
[runlim] sample:		230.0 time, 230.7 real, 193.0 MB
[runlim] sample:		240.0 time, 240.7 real, 150.4 MB
[runlim] sample:		250.0 time, 250.7 real, 103.4 MB
[runlim] sample:		260.0 time, 260.7 real, 177.7 MB
[runlim] sample:		270.0 time, 270.7 real, 124.9 MB
[runlim] sample:		280.0 time, 280.7 real, 177.1 MB
[runlim] sample:		290.0 time, 290.7 real, 157.8 MB
[runlim] sample:		300.0 time, 300.7 real, 129.9 MB
[runlim] sample:		310.0 time, 310.7 real, 162.6 MB
[runlim] sample:		320.0 time, 320.7 real, 235.6 MB
[runlim] sample:		330.0 time, 330.7 real, 477.7 MB
[runlim] sample:		340.0 time, 340.7 real, 374.1 MB
[runlim] sample:		350.0 time, 350.7 real, 347.9 MB
[runlim] sample:		360.0 time, 360.7 real, 398.9 MB
[runlim] sample:		370.0 time, 370.7 real, 268.9 MB
[runlim] sample:		380.0 time, 380.7 real, 268.9 MB
[runlim] sample:		390.0 time, 390.7 real, 362.1 MB
[runlim] sample:		400.0 time, 400.7 real, 334.4 MB
[runlim] sample:		409.9 time, 410.7 real, 269.0 MB
[runlim] sample:		419.9 time, 420.7 real, 269.0 MB
[runlim] sample:		430.0 time, 430.7 real, 475.5 MB
[runlim] sample:		439.9 time, 440.7 real, 269.0 MB
[runlim] sample:		449.9 time, 450.7 real, 269.0 MB
[runlim] sample:		459.9 time, 460.7 real, 269.0 MB
[runlim] sample:		469.9 time, 470.7 real, 269.0 MB
[runlim] sample:		479.9 time, 480.7 real, 415.9 MB
[runlim] sample:		489.9 time, 490.7 real, 269.0 MB
[runlim] sample:		499.9 time, 500.7 real, 311.7 MB
[runlim] sample:		509.9 time, 510.7 real, 269.8 MB
[runlim] sample:		519.9 time, 520.7 real, 270.0 MB
[runlim] sample:		529.9 time, 530.7 real, 270.0 MB
[runlim] sample:		539.9 time, 540.7 real, 270.0 MB
[runlim] sample:		549.9 time, 550.7 real, 371.6 MB
[runlim] sample:		559.9 time, 560.7 real, 442.7 MB
[runlim] sample:		569.9 time, 570.7 real, 311.7 MB
[runlim] sample:		579.9 time, 580.7 real, 317.3 MB
[runlim] sample:		589.9 time, 590.7 real, 321.4 MB
[runlim] sample:		599.9 time, 600.7 real, 270.2 MB
[runlim] sample:		609.9 time, 610.7 real, 573.2 MB
[runlim] sample:		619.9 time, 620.7 real, 574.0 MB
[runlim] sample:		629.9 time, 630.7 real, 567.7 MB
[runlim] sample:		639.9 time, 640.7 real, 349.8 MB
[runlim] sample:		649.9 time, 650.7 real, 452.8 MB
[runlim] sample:		659.9 time, 660.7 real, 349.8 MB
[runlim] sample:		669.9 time, 670.7 real, 500.6 MB
[runlim] sample:		679.9 time, 680.7 real, 500.6 MB
[runlim] sample:		689.9 time, 690.7 real, 438.2 MB
[runlim] sample:		699.9 time, 700.7 real, 349.8 MB
[runlim] sample:		709.9 time, 710.7 real, 349.8 MB
[runlim] sample:		719.9 time, 720.7 real, 349.8 MB
[runlim] sample:		729.9 time, 730.7 real, 479.1 MB
[runlim] sample:		739.9 time, 740.7 real, 451.9 MB
[runlim] sample:		749.9 time, 750.7 real, 349.8 MB
[runlim] sample:		759.9 time, 760.7 real, 428.0 MB
[runlim] sample:		769.9 time, 770.7 real, 349.8 MB
[runlim] sample:		779.9 time, 780.7 real, 349.8 MB
[runlim] sample:		789.9 time, 790.7 real, 349.8 MB
[runlim] sample:		799.9 time, 800.7 real, 349.8 MB
[runlim] sample:		809.9 time, 810.7 real, 410.9 MB
[runlim] sample:		819.9 time, 820.7 real, 349.8 MB
[runlim] sample:		829.9 time, 830.7 real, 312.7 MB
[runlim] sample:		839.9 time, 840.7 real, 313.1 MB
c	Solving duration: 819203 ms
c	Answer: 
s SAT (w = 47)
c	Solution check:
p calculated antibandwidth = 47.
c
c
c Antibandwidth problem with w = 48 ( K-dwt__234.mtx.rnd ):
c Initializing CaDiCaL (version 1.2.1).
c	Configuring CaDiCaL as --sat (1).
c Initializing a Ladder encoder with n = 117.
c Encoding starts with w = 48:
c	Encode symmetry breaking with option: h.
c	Labels and Vertices aux var: 4680
c	Labels and Vertices constraints:  34515
c	Obj k aux var: 18720
c	Obj k constraints: 122193
c	Obj k glue staircase constraints: 44388
c	Encoding duration: 0s
c	Number of clauses: 156766
c	Number of irredundant clauses: 156400
c	Number of variables: 37089
c SAT Solving starts:
[runlim] sample:		849.9 time, 850.7 real, 248.8 MB
[runlim] sample:		859.9 time, 860.7 real, 248.8 MB
c	Solving duration: 18986 ms
c	Answer: 
s SAT (w = 48)
c	Solution check:
p calculated antibandwidth = 48.
c
c
c Antibandwidth problem with w = 49 ( K-dwt__234.mtx.rnd ):
c Initializing CaDiCaL (version 1.2.1).
c	Configuring CaDiCaL as --sat (1).
c Initializing a Ladder encoder with n = 117.
c Encoding starts with w = 49:
c	Encode symmetry breaking with option: h.
c	Labels and Vertices aux var: 4680
c	Labels and Vertices constraints:  34515
c	Obj k aux var: 18837
c	Obj k constraints: 121779
c	Obj k glue staircase constraints: 43740
c	Encoding duration: 0s
c	Number of clauses: 156352
c	Number of irredundant clauses: 155984
c	Number of variables: 37206
c SAT Solving starts:
[runlim] sample:		869.9 time, 870.7 real, 248.8 MB
[runlim] sample:		879.9 time, 880.7 real, 248.8 MB
[runlim] sample:		889.9 time, 890.7 real, 248.8 MB
[runlim] sample:		899.9 time, 900.7 real, 248.8 MB
[runlim] sample:		909.9 time, 910.7 real, 248.8 MB
[runlim] sample:		919.9 time, 920.7 real, 248.8 MB
[runlim] sample:		929.9 time, 930.7 real, 248.8 MB
[runlim] sample:		939.9 time, 940.7 real, 248.8 MB
[runlim] sample:		949.9 time, 950.7 real, 248.8 MB
[runlim] sample:		959.9 time, 960.7 real, 248.8 MB
[runlim] sample:		969.9 time, 970.7 real, 248.8 MB
[runlim] sample:		979.9 time, 980.7 real, 336.9 MB
[runlim] sample:		989.9 time, 990.7 real, 248.8 MB
[runlim] sample:		999.9 time, 1000.7 real, 248.8 MB
[runlim] sample:		1009.9 time, 1010.7 real, 248.8 MB
[runlim] sample:		1019.9 time, 1020.7 real, 248.8 MB
[runlim] sample:		1029.9 time, 1030.7 real, 248.8 MB
[runlim] sample:		1039.9 time, 1040.7 real, 327.5 MB
[runlim] sample:		1049.9 time, 1050.7 real, 347.6 MB
[runlim] sample:		1059.9 time, 1060.7 real, 248.8 MB
[runlim] sample:		1069.9 time, 1070.7 real, 248.8 MB
[runlim] sample:		1079.9 time, 1080.7 real, 248.8 MB
[runlim] sample:		1089.9 time, 1090.7 real, 248.8 MB
[runlim] sample:		1099.9 time, 1100.7 real, 350.9 MB
[runlim] sample:		1109.9 time, 1110.7 real, 381.2 MB
[runlim] sample:		1119.9 time, 1120.7 real, 408.1 MB
[runlim] sample:		1129.9 time, 1130.7 real, 490.5 MB
[runlim] sample:		1139.9 time, 1140.7 real, 272.9 MB
[runlim] sample:		1149.9 time, 1150.7 real, 273.2 MB
[runlim] sample:		1159.9 time, 1160.7 real, 405.5 MB
[runlim] sample:		1169.9 time, 1170.7 real, 405.5 MB
[runlim] sample:		1179.9 time, 1180.7 real, 424.9 MB
[runlim] sample:		1189.9 time, 1190.7 real, 386.9 MB
[runlim] sample:		1199.9 time, 1200.7 real, 386.9 MB
[runlim] sample:		1209.9 time, 1210.7 real, 451.6 MB
[runlim] sample:		1219.9 time, 1220.7 real, 437.6 MB
[runlim] sample:		1229.9 time, 1230.7 real, 402.2 MB
[runlim] sample:		1239.9 time, 1240.7 real, 416.4 MB
[runlim] sample:		1249.9 time, 1250.7 real, 273.2 MB
[runlim] sample:		1259.9 time, 1260.7 real, 273.2 MB
[runlim] sample:		1269.9 time, 1270.7 real, 325.8 MB
[runlim] sample:		1279.9 time, 1280.7 real, 375.5 MB
[runlim] sample:		1289.9 time, 1290.7 real, 383.3 MB
[runlim] sample:		1299.9 time, 1300.7 real, 346.6 MB
[runlim] sample:		1309.9 time, 1310.7 real, 273.2 MB
[runlim] sample:		1319.9 time, 1320.7 real, 273.2 MB
[runlim] sample:		1329.9 time, 1330.7 real, 273.2 MB
[runlim] sample:		1339.9 time, 1340.7 real, 273.2 MB
[runlim] sample:		1349.9 time, 1350.7 real, 273.2 MB
[runlim] sample:		1359.9 time, 1360.7 real, 273.2 MB
[runlim] sample:		1369.9 time, 1370.7 real, 325.4 MB
[runlim] sample:		1379.9 time, 1380.7 real, 353.7 MB
[runlim] sample:		1389.9 time, 1390.7 real, 273.2 MB
[runlim] sample:		1399.9 time, 1400.7 real, 344.4 MB
[runlim] sample:		1409.9 time, 1410.7 real, 417.0 MB
[runlim] sample:		1419.9 time, 1420.7 real, 438.2 MB
[runlim] sample:		1429.9 time, 1430.7 real, 500.4 MB
[runlim] sample:		1439.9 time, 1440.7 real, 500.4 MB
[runlim] sample:		1449.9 time, 1450.7 real, 483.7 MB
[runlim] sample:		1459.9 time, 1460.7 real, 486.9 MB
[runlim] sample:		1469.9 time, 1470.7 real, 428.8 MB
[runlim] sample:		1479.9 time, 1480.7 real, 291.4 MB
[runlim] sample:		1489.9 time, 1490.7 real, 291.4 MB
[runlim] sample:		1499.9 time, 1500.7 real, 338.8 MB
[runlim] sample:		1509.9 time, 1510.7 real, 334.5 MB
[runlim] sample:		1519.9 time, 1520.7 real, 334.3 MB
[runlim] sample:		1529.9 time, 1530.7 real, 325.2 MB
[runlim] sample:		1539.9 time, 1540.7 real, 323.2 MB
[runlim] sample:		1549.9 time, 1550.7 real, 322.7 MB
[runlim] sample:		1559.9 time, 1560.7 real, 349.8 MB
[runlim] sample:		1569.9 time, 1570.7 real, 336.3 MB
[runlim] sample:		1579.9 time, 1580.7 real, 358.9 MB
[runlim] sample:		1589.9 time, 1590.7 real, 362.9 MB
[runlim] sample:		1599.9 time, 1600.7 real, 354.5 MB
[runlim] sample:		1609.9 time, 1610.7 real, 348.6 MB
[runlim] sample:		1619.9 time, 1620.7 real, 365.7 MB
[runlim] sample:		1629.9 time, 1630.7 real, 367.7 MB
[runlim] sample:		1639.9 time, 1640.7 real, 367.7 MB
[runlim] sample:		1649.9 time, 1650.7 real, 371.2 MB
[runlim] sample:		1659.9 time, 1660.7 real, 378.3 MB
[runlim] sample:		1669.9 time, 1670.7 real, 366.5 MB
[runlim] sample:		1679.9 time, 1680.7 real, 381.0 MB
[runlim] sample:		1689.9 time, 1690.7 real, 379.8 MB
[runlim] sample:		1699.9 time, 1700.7 real, 372.6 MB
[runlim] sample:		1709.9 time, 1710.7 real, 358.4 MB
[runlim] sample:		1719.9 time, 1720.7 real, 360.8 MB
[runlim] sample:		1729.9 time, 1730.7 real, 355.8 MB
[runlim] sample:		1739.9 time, 1740.7 real, 355.8 MB
[runlim] sample:		1749.9 time, 1750.7 real, 400.5 MB
[runlim] sample:		1759.9 time, 1760.7 real, 343.8 MB
[runlim] sample:		1769.9 time, 1770.7 real, 343.6 MB
[runlim] sample:		1779.9 time, 1780.7 real, 343.6 MB
[runlim] sample:		1789.9 time, 1790.7 real, 381.9 MB
c Signal interruption.
[runlim] end:			Wed Sep 25 15:30:34 2024
[runlim] status:		out of time
[runlim] result:		2
[runlim] children:		0
[runlim] real:			1800.04 seconds
[runlim] time:			1799.18 seconds
[runlim] space:			672.5 MB
[runlim] samples:		17993
