[runlim] version:		1.10
[runlim] time limit:		1800 seconds
[runlim] real time limit:	1800 seconds
[runlim] space limit:		30000 MB
[runlim] argv[0]:		/home/hvanh28/AntiBandwidthReconstruct/build/abw_enc
[runlim] argv[1]:		/home/hvanh28/AntiBandwidthReconstruct/build/Benchmarks/L-bcspwr03.mtx.rnd
[runlim] argv[2]:		--duplex
[runlim] argv[3]:		-symetry-break
[runlim] argv[4]:		h
[runlim] start:			Thu Sep 26 09:38:05 2024
[runlim] main pid:		88981
[runlim] log captured:
c LadderEncoder 1.0.
c Symetry breaking in the highest degree node.
c Solving strategy: from LB to UB.
c LB-w = 39 (LB in Sinnl - A note on computational approaches for the antibandwidth problem).
c UB-w = 39 (UB in Sinnl - A note on computational approaches for the antibandwidth problem).
c Antibandwidth problem with w = 39 ( L-bcspwr03.mtx.rnd ):
c Initializing CaDiCaL (version 1.2.1).
c	Configuring CaDiCaL as --sat (1).
c Initializing a Duplex encoder with n = 118.
c Encoding starts with w = 39:
c	Encode symmetry breaking with option: h.
c	Labels and Vertices aux var: 4720
c	Labels and Vertices constraints:  35400
c	Obj k aux var: 44840
c	Obj k constraints: 195914
c	Obj k glue staircase constraints: 55848
c	Encoding duration: 0s
c	Number of clauses: 231373
c	Number of irredundant clauses: 211128
c	Number of variables: 63484
c SAT Solving starts:
c	Solving duration: 893 ms
c	Answer: 
s SAT (w = 39)
c	Solution check:
p calculated antibandwidth = 39.
c
c
[runlim] end:			Thu Sep 26 09:38:06 2024
[runlim] status:		ok
[runlim] result:		0
[runlim] children:		0
[runlim] real:			1.16 seconds
[runlim] time:			0.99 seconds
[runlim] space:			56.3 MB
[runlim] samples:		10
