[runlim] version:		1.10
[runlim] time limit:		1800 seconds
[runlim] real time limit:	1800 seconds
[runlim] space limit:		30000 MB
[runlim] argv[0]:		/home/truongxuanhieu/AntiBandwidthReconstruct/build/abw_enc
[runlim] argv[1]:		/home/truongxuanhieu/AntiBandwidthReconstruct/build/Benchmarks/L-bcspwr03.mtx.rnd
[runlim] argv[2]:		--product
[runlim] argv[3]:		-symetry-break
[runlim] argv[4]:		h
[runlim] start:			Thu Sep 26 15:17:46 2024
[runlim] main pid:		61082
[runlim] log captured:
c LadderEncoder 1.0.
c Symetry breaking in the highest degree node.
c Solving strategy: from LB to UB.
c LB-w = 39 (LB in Sinnl - A note on computational approaches for the antibandwidth problem).
c UB-w = 39 (UB in Sinnl - A note on computational approaches for the antibandwidth problem).
c Antibandwidth problem with w = 39 ( L-bcspwr03.mtx.rnd ):
c Initializing CaDiCaL (version 1.2.1).
c	Configuring CaDiCaL as --sat (1).
c Initializing a 2-Product encoder with n = 118.
c Encoding starts with w = 39:
c	Encode symmetry breaking with option: h.
c	Encoding duration: 0s
c	Number of clauses: 3398999
c	Number of irredundant clauses: 3370624
c	Number of variables: 684916
c SAT Solving starts:
[runlim] sample:		10.0 time, 10.1 real, 532.5 MB
c	Solving duration: 16938 ms
c	Answer: 
s SAT (w = 39)
c	Solution check:
p calculated antibandwidth = 39.
c
c
[runlim] end:			Thu Sep 26 15:18:03 2024
[runlim] status:		ok
[runlim] result:		0
[runlim] children:		0
[runlim] real:			17.87 seconds
[runlim] time:			17.69 seconds
[runlim] space:			651.4 MB
[runlim] samples:		177
