[runlim] version:		1.10
[runlim] time limit:		1800 seconds
[runlim] real time limit:	1800 seconds
[runlim] space limit:		30000 MB
[runlim] argv[0]:		/home/truongxuanhieu/AntiBandwidthReconstruct/build/abw_enc
[runlim] argv[1]:		/home/truongxuanhieu/AntiBandwidthReconstruct/build/Benchmarks/O-impcol_d.mtx.rnd
[runlim] argv[2]:		--duplex
[runlim] argv[3]:		-symetry-break
[runlim] argv[4]:		h
[runlim] start:			Fri Sep 27 14:45:45 2024
[runlim] main pid:		81623
[runlim] log captured:
c LadderEncoder 1.0.
c Symetry breaking in the highest degree node.
c Solving strategy: from LB to UB.
c LB-w = 91 (LB in Sinnl - A note on computational approaches for the antibandwidth problem).
c UB-w = 173 (UB in Sinnl - A note on computational approaches for the antibandwidth problem).
c Antibandwidth problem with w = 91 ( O-impcol_d.mtx.rnd ):
c Initializing CaDiCaL (version 1.2.1).
c	Configuring CaDiCaL as --sat (1).
c Initializing a Duplex encoder with n = 425.
c Encoding starts with w = 91:
c	Encode symmetry breaking with option: h.
c	Labels and Vertices aux var: 34000
c	Labels and Vertices constraints:  415650
c	Obj k aux var: 586500
c	Obj k constraints: 3576368
c	Obj k glue staircase constraints: 1683843
c	Encoding duration: 1s
c	Number of clauses: 3992230
c	Number of irredundant clauses: 3698026
c	Number of variables: 801125
c SAT Solving starts:
[runlim] sample:		10.0 time, 10.1 real, 802.7 MB
[runlim] sample:		20.0 time, 20.1 real, 672.0 MB
[runlim] sample:		30.0 time, 30.1 real, 701.7 MB
[runlim] sample:		40.0 time, 40.1 real, 710.5 MB
[runlim] sample:		50.0 time, 50.1 real, 715.2 MB
[runlim] sample:		60.0 time, 60.1 real, 732.6 MB
[runlim] sample:		70.0 time, 70.1 real, 796.8 MB
c	Solving duration: 77729 ms
c	Answer: 
s SAT (w = 91)
c	Solution check:
p calculated antibandwidth = 91.
c
c
c Antibandwidth problem with w = 92 ( O-impcol_d.mtx.rnd ):
c Initializing CaDiCaL (version 1.2.1).
c	Configuring CaDiCaL as --sat (1).
c Initializing a Duplex encoder with n = 425.
c Encoding starts with w = 92:
c	Encode symmetry breaking with option: h.
[runlim] sample:		80.0 time, 80.1 real, 588.9 MB
c	Labels and Vertices aux var: 34000
c	Labels and Vertices constraints:  415650
c	Obj k aux var: 589050
c	Obj k constraints: 3576400
c	Obj k glue staircase constraints: 1678775
c	Encoding duration: 1s
c	Number of clauses: 3992262
c	Number of irredundant clauses: 3699021
c	Number of variables: 803675
c SAT Solving starts:
[runlim] sample:		90.0 time, 90.1 real, 817.4 MB
[runlim] sample:		100.0 time, 100.1 real, 730.7 MB
[runlim] sample:		110.0 time, 110.1 real, 759.3 MB
[runlim] sample:		120.0 time, 120.1 real, 732.2 MB
[runlim] sample:		130.0 time, 130.1 real, 735.2 MB
[runlim] sample:		140.0 time, 140.1 real, 733.5 MB
[runlim] sample:		150.0 time, 150.1 real, 699.0 MB
[runlim] sample:		160.0 time, 160.1 real, 724.9 MB
[runlim] sample:		169.9 time, 170.1 real, 701.5 MB
c	Solving duration: 95549 ms
c	Answer: 
s SAT (w = 92)
c	Solution check:
p calculated antibandwidth = 92.
c
c
c Antibandwidth problem with w = 93 ( O-impcol_d.mtx.rnd ):
c Initializing CaDiCaL (version 1.2.1).
c	Configuring CaDiCaL as --sat (1).
c Initializing a Duplex encoder with n = 425.
c Encoding starts with w = 93:
c	Encode symmetry breaking with option: h.
c	Labels and Vertices aux var: 34000
c	Labels and Vertices constraints:  415650
c	Obj k aux var: 591600
c	Obj k constraints: 3576432
c	Obj k glue staircase constraints: 1673707
c	Encoding duration: 1s
c	Number of clauses: 3992294
c	Number of irredundant clauses: 3700016
c	Number of variables: 806225
c SAT Solving starts:
[runlim] sample:		179.9 time, 180.1 real, 784.9 MB
[runlim] sample:		189.9 time, 190.1 real, 733.0 MB
[runlim] sample:		199.9 time, 200.1 real, 740.6 MB
[runlim] sample:		209.9 time, 210.1 real, 753.6 MB
[runlim] sample:		219.9 time, 220.1 real, 767.1 MB
[runlim] sample:		229.9 time, 230.1 real, 785.4 MB
[runlim] sample:		239.9 time, 240.1 real, 899.2 MB
[runlim] sample:		249.9 time, 250.1 real, 753.3 MB
[runlim] sample:		259.9 time, 260.1 real, 754.1 MB
[runlim] sample:		269.9 time, 270.1 real, 754.9 MB
[runlim] sample:		279.9 time, 280.1 real, 732.0 MB
[runlim] sample:		289.9 time, 290.1 real, 773.1 MB
[runlim] sample:		299.9 time, 300.1 real, 766.5 MB
[runlim] sample:		309.9 time, 310.1 real, 741.3 MB
[runlim] sample:		319.9 time, 320.1 real, 780.8 MB
[runlim] sample:		329.9 time, 330.1 real, 883.0 MB
[runlim] sample:		339.9 time, 340.1 real, 827.9 MB
c	Solving duration: 171801 ms
c	Answer: 
s SAT (w = 93)
c	Solution check:
p calculated antibandwidth = 93.
c
c
c Antibandwidth problem with w = 94 ( O-impcol_d.mtx.rnd ):
c Initializing CaDiCaL (version 1.2.1).
c	Configuring CaDiCaL as --sat (1).
c Initializing a Duplex encoder with n = 425.
c Encoding starts with w = 94:
c	Encode symmetry breaking with option: h.
[runlim] sample:		349.9 time, 350.1 real, 661.0 MB
c	Labels and Vertices aux var: 34000
c	Labels and Vertices constraints:  415650
c	Obj k aux var: 594150
c	Obj k constraints: 3576464
c	Obj k glue staircase constraints: 1668639
c	Encoding duration: 1s
c	Number of clauses: 3992326
c	Number of irredundant clauses: 3701011
c	Number of variables: 808775
c SAT Solving starts:
[runlim] sample:		359.9 time, 360.1 real, 882.7 MB
[runlim] sample:		369.9 time, 370.1 real, 831.5 MB
[runlim] sample:		379.9 time, 380.1 real, 802.8 MB
[runlim] sample:		389.9 time, 390.1 real, 803.3 MB
[runlim] sample:		399.9 time, 400.1 real, 803.9 MB
[runlim] sample:		409.9 time, 410.1 real, 804.5 MB
[runlim] sample:		419.9 time, 420.1 real, 812.8 MB
[runlim] sample:		429.9 time, 430.1 real, 916.1 MB
[runlim] sample:		439.9 time, 440.1 real, 929.9 MB
[runlim] sample:		449.9 time, 450.1 real, 929.9 MB
[runlim] sample:		459.9 time, 460.1 real, 867.8 MB
[runlim] sample:		469.9 time, 470.1 real, 805.4 MB
[runlim] sample:		479.9 time, 480.1 real, 830.8 MB
[runlim] sample:		489.9 time, 490.1 real, 900.7 MB
[runlim] sample:		499.9 time, 500.1 real, 962.2 MB
[runlim] sample:		509.9 time, 510.1 real, 813.7 MB
[runlim] sample:		519.9 time, 520.1 real, 821.1 MB
[runlim] sample:		529.9 time, 530.1 real, 822.4 MB
[runlim] sample:		539.9 time, 540.1 real, 839.2 MB
[runlim] sample:		549.9 time, 550.1 real, 958.2 MB
[runlim] sample:		559.9 time, 560.1 real, 958.2 MB
[runlim] sample:		569.9 time, 570.1 real, 1129.7 MB
c	Solving duration: 222460 ms
c	Answer: 
s SAT (w = 94)
c	Solution check:
p calculated antibandwidth = 94.
c
c
c Antibandwidth problem with w = 95 ( O-impcol_d.mtx.rnd ):
c Initializing CaDiCaL (version 1.2.1).
c	Configuring CaDiCaL as --sat (1).
c Initializing a Duplex encoder with n = 425.
c Encoding starts with w = 95:
c	Encode symmetry breaking with option: h.
c	Labels and Vertices aux var: 34000
c	Labels and Vertices constraints:  415650
c	Obj k aux var: 596700
c	Obj k constraints: 3576496
c	Obj k glue staircase constraints: 1663571
c	Encoding duration: 1s
c	Number of clauses: 3992358
c	Number of irredundant clauses: 3702006
c	Number of variables: 811325
c SAT Solving starts:
[runlim] sample:		579.9 time, 580.1 real, 834.0 MB
[runlim] sample:		589.9 time, 590.1 real, 873.4 MB
[runlim] sample:		599.9 time, 600.1 real, 820.8 MB
[runlim] sample:		609.9 time, 610.1 real, 809.8 MB
[runlim] sample:		619.9 time, 620.1 real, 808.1 MB
[runlim] sample:		629.9 time, 630.1 real, 895.1 MB
[runlim] sample:		639.9 time, 640.1 real, 890.3 MB
[runlim] sample:		649.9 time, 650.1 real, 895.2 MB
[runlim] sample:		659.9 time, 660.1 real, 840.8 MB
[runlim] sample:		669.9 time, 670.1 real, 928.1 MB
[runlim] sample:		679.9 time, 680.1 real, 835.1 MB
[runlim] sample:		689.9 time, 690.1 real, 886.6 MB
[runlim] sample:		699.9 time, 700.1 real, 886.6 MB
[runlim] sample:		709.9 time, 710.1 real, 810.1 MB
[runlim] sample:		719.9 time, 720.1 real, 836.2 MB
[runlim] sample:		729.9 time, 730.1 real, 841.0 MB
[runlim] sample:		739.9 time, 740.1 real, 868.4 MB
[runlim] sample:		749.9 time, 750.1 real, 901.0 MB
[runlim] sample:		759.9 time, 760.1 real, 973.6 MB
c	Solving duration: 185654 ms
c	Answer: 
s SAT (w = 95)
c	Solution check:
p calculated antibandwidth = 95.
c
c
c Antibandwidth problem with w = 96 ( O-impcol_d.mtx.rnd ):
c Initializing CaDiCaL (version 1.2.1).
c	Configuring CaDiCaL as --sat (1).
c Initializing a Duplex encoder with n = 425.
c Encoding starts with w = 96:
c	Encode symmetry breaking with option: h.
c	Labels and Vertices aux var: 34000
c	Labels and Vertices constraints:  415650
c	Obj k aux var: 599250
c	Obj k constraints: 3576528
c	Obj k glue staircase constraints: 1658503
c	Encoding duration: 1s
c	Number of clauses: 3992390
c	Number of irredundant clauses: 3703001
c	Number of variables: 813875
c SAT Solving starts:
[runlim] sample:		769.9 time, 770.1 real, 852.0 MB
[runlim] sample:		779.9 time, 780.1 real, 814.5 MB
[runlim] sample:		789.9 time, 790.1 real, 850.5 MB
[runlim] sample:		799.9 time, 800.1 real, 850.3 MB
[runlim] sample:		809.9 time, 810.1 real, 849.9 MB
[runlim] sample:		819.9 time, 820.1 real, 1005.8 MB
[runlim] sample:		829.9 time, 830.1 real, 815.9 MB
[runlim] sample:		839.9 time, 840.1 real, 815.8 MB
[runlim] sample:		849.9 time, 850.1 real, 870.4 MB
[runlim] sample:		859.9 time, 860.1 real, 877.7 MB
[runlim] sample:		869.9 time, 870.1 real, 886.8 MB
[runlim] sample:		879.9 time, 880.1 real, 866.4 MB
[runlim] sample:		889.9 time, 890.1 real, 841.3 MB
[runlim] sample:		899.9 time, 900.1 real, 853.2 MB
c	Solving duration: 141293 ms
c	Answer: 
s SAT (w = 96)
c	Solution check:
p calculated antibandwidth = 96.
c
c
c Antibandwidth problem with w = 97 ( O-impcol_d.mtx.rnd ):
c Initializing CaDiCaL (version 1.2.1).
c	Configuring CaDiCaL as --sat (1).
c Initializing a Duplex encoder with n = 425.
c Encoding starts with w = 97:
c	Encode symmetry breaking with option: h.
c	Labels and Vertices aux var: 34000
c	Labels and Vertices constraints:  415650
c	Obj k aux var: 601800
c	Obj k constraints: 3576560
c	Obj k glue staircase constraints: 1653435
c	Encoding duration: 1s
c	Number of clauses: 3992422
c	Number of irredundant clauses: 3703996
c	Number of variables: 816425
c SAT Solving starts:
[runlim] sample:		909.9 time, 910.1 real, 850.2 MB
[runlim] sample:		919.9 time, 920.1 real, 809.0 MB
[runlim] sample:		929.9 time, 930.1 real, 844.2 MB
[runlim] sample:		939.9 time, 940.1 real, 850.7 MB
[runlim] sample:		949.9 time, 950.1 real, 928.3 MB
[runlim] sample:		959.9 time, 960.1 real, 871.6 MB
[runlim] sample:		969.9 time, 970.1 real, 934.1 MB
[runlim] sample:		979.9 time, 980.1 real, 870.5 MB
[runlim] sample:		989.9 time, 990.1 real, 982.3 MB
[runlim] sample:		999.9 time, 1000.1 real, 835.0 MB
[runlim] sample:		1009.9 time, 1010.1 real, 812.0 MB
[runlim] sample:		1019.9 time, 1020.1 real, 823.3 MB
[runlim] sample:		1029.9 time, 1030.1 real, 830.1 MB
[runlim] sample:		1039.9 time, 1040.1 real, 835.9 MB
[runlim] sample:		1049.9 time, 1050.1 real, 860.7 MB
[runlim] sample:		1059.9 time, 1060.1 real, 877.7 MB
[runlim] sample:		1069.9 time, 1070.1 real, 955.8 MB
[runlim] sample:		1079.9 time, 1080.1 real, 997.3 MB
[runlim] sample:		1089.9 time, 1090.1 real, 913.4 MB
c	Solving duration: 190683 ms
c	Answer: 
s SAT (w = 97)
c	Solution check:
p calculated antibandwidth = 97.
c
c
c Antibandwidth problem with w = 98 ( O-impcol_d.mtx.rnd ):
c Initializing CaDiCaL (version 1.2.1).
c	Configuring CaDiCaL as --sat (1).
c Initializing a Duplex encoder with n = 425.
c Encoding starts with w = 98:
c	Encode symmetry breaking with option: h.
c	Labels and Vertices aux var: 34000
c	Labels and Vertices constraints:  415650
c	Obj k aux var: 604350
c	Obj k constraints: 3576592
c	Obj k glue staircase constraints: 1648367
c	Encoding duration: 1s
c	Number of clauses: 3992454
c	Number of irredundant clauses: 3704991
c	Number of variables: 818975
c SAT Solving starts:
[runlim] sample:		1099.9 time, 1100.1 real, 931.6 MB
[runlim] sample:		1109.9 time, 1110.1 real, 870.5 MB
[runlim] sample:		1119.9 time, 1120.1 real, 847.6 MB
[runlim] sample:		1129.9 time, 1130.1 real, 848.8 MB
[runlim] sample:		1139.9 time, 1140.1 real, 849.4 MB
[runlim] sample:		1149.9 time, 1150.1 real, 932.6 MB
[runlim] sample:		1159.9 time, 1160.1 real, 851.9 MB
[runlim] sample:		1169.9 time, 1170.1 real, 892.2 MB
[runlim] sample:		1179.9 time, 1180.1 real, 975.8 MB
[runlim] sample:		1189.9 time, 1190.1 real, 975.8 MB
[runlim] sample:		1199.9 time, 1200.1 real, 1047.7 MB
[runlim] sample:		1209.9 time, 1210.1 real, 844.0 MB
[runlim] sample:		1219.9 time, 1220.1 real, 896.3 MB
[runlim] sample:		1229.9 time, 1230.1 real, 938.1 MB
[runlim] sample:		1239.9 time, 1240.1 real, 890.7 MB
[runlim] sample:		1249.9 time, 1250.1 real, 915.2 MB
[runlim] sample:		1259.9 time, 1260.1 real, 964.8 MB
[runlim] sample:		1269.9 time, 1270.1 real, 831.2 MB
[runlim] sample:		1279.9 time, 1280.1 real, 890.4 MB
[runlim] sample:		1289.9 time, 1290.1 real, 832.4 MB
[runlim] sample:		1299.9 time, 1300.1 real, 867.8 MB
[runlim] sample:		1309.9 time, 1310.1 real, 968.9 MB
[runlim] sample:		1319.9 time, 1320.1 real, 930.1 MB
[runlim] sample:		1329.9 time, 1330.1 real, 928.1 MB
[runlim] sample:		1339.9 time, 1340.1 real, 906.7 MB
[runlim] sample:		1349.9 time, 1350.1 real, 1100.4 MB
[runlim] sample:		1359.9 time, 1360.1 real, 1100.4 MB
[runlim] sample:		1369.9 time, 1370.1 real, 1013.7 MB
[runlim] sample:		1379.9 time, 1380.1 real, 954.7 MB
c	Solving duration: 285907 ms
c	Answer: 
s SAT (w = 98)
c	Solution check:
p calculated antibandwidth = 98.
c
c
c Antibandwidth problem with w = 99 ( O-impcol_d.mtx.rnd ):
c Initializing CaDiCaL (version 1.2.1).
c	Configuring CaDiCaL as --sat (1).
c Initializing a Duplex encoder with n = 425.
c Encoding starts with w = 99:
c	Encode symmetry breaking with option: h.
c	Labels and Vertices aux var: 34000
c	Labels and Vertices constraints:  415650
c	Obj k aux var: 606900
c	Obj k constraints: 3576624
c	Obj k glue staircase constraints: 1643299
c	Encoding duration: 1s
c	Number of clauses: 3992486
c	Number of irredundant clauses: 3705986
c	Number of variables: 821525
c SAT Solving starts:
[runlim] sample:		1389.9 time, 1390.1 real, 822.9 MB
[runlim] sample:		1399.9 time, 1400.1 real, 835.9 MB
[runlim] sample:		1409.9 time, 1410.1 real, 907.7 MB
[runlim] sample:		1419.9 time, 1420.1 real, 907.8 MB
[runlim] sample:		1429.9 time, 1430.1 real, 879.2 MB
[runlim] sample:		1439.9 time, 1440.1 real, 889.9 MB
[runlim] sample:		1449.9 time, 1450.1 real, 1062.2 MB
[runlim] sample:		1459.9 time, 1460.1 real, 881.6 MB
[runlim] sample:		1469.9 time, 1470.1 real, 891.4 MB
[runlim] sample:		1479.9 time, 1480.1 real, 939.2 MB
[runlim] sample:		1489.9 time, 1490.1 real, 914.1 MB
[runlim] sample:		1499.9 time, 1500.1 real, 919.9 MB
[runlim] sample:		1509.9 time, 1510.1 real, 920.8 MB
[runlim] sample:		1519.9 time, 1520.1 real, 904.2 MB
[runlim] sample:		1529.9 time, 1530.1 real, 914.6 MB
[runlim] sample:		1539.8 time, 1540.1 real, 850.8 MB
[runlim] sample:		1549.8 time, 1550.1 real, 884.6 MB
[runlim] sample:		1559.9 time, 1560.1 real, 849.3 MB
[runlim] sample:		1569.8 time, 1570.1 real, 846.6 MB
[runlim] sample:		1579.8 time, 1580.1 real, 936.5 MB
[runlim] sample:		1589.8 time, 1590.1 real, 936.5 MB
[runlim] sample:		1599.8 time, 1600.1 real, 1049.2 MB
[runlim] sample:		1609.8 time, 1610.1 real, 873.2 MB
[runlim] sample:		1619.8 time, 1620.1 real, 862.6 MB
[runlim] sample:		1629.9 time, 1630.1 real, 862.9 MB
[runlim] sample:		1639.8 time, 1640.1 real, 1086.7 MB
[runlim] sample:		1649.8 time, 1650.1 real, 1086.7 MB
[runlim] sample:		1659.8 time, 1660.1 real, 1151.1 MB
[runlim] sample:		1669.9 time, 1670.1 real, 1129.0 MB
[runlim] sample:		1679.8 time, 1680.1 real, 912.2 MB
[runlim] sample:		1689.8 time, 1690.1 real, 924.2 MB
[runlim] sample:		1699.8 time, 1700.1 real, 928.0 MB
[runlim] sample:		1709.8 time, 1710.1 real, 930.5 MB
[runlim] sample:		1719.8 time, 1720.1 real, 958.6 MB
[runlim] sample:		1729.8 time, 1730.1 real, 1018.1 MB
[runlim] sample:		1739.8 time, 1740.1 real, 1111.7 MB
[runlim] sample:		1749.8 time, 1750.1 real, 1084.7 MB
[runlim] sample:		1759.8 time, 1760.1 real, 972.6 MB
c	Solving duration: 379827 ms
c	Answer: 
s SAT (w = 99)
c	Solution check:
p calculated antibandwidth = 99.
c
c
c Antibandwidth problem with w = 100 ( O-impcol_d.mtx.rnd ):
c Initializing CaDiCaL (version 1.2.1).
c	Configuring CaDiCaL as --sat (1).
c Initializing a Duplex encoder with n = 425.
c Encoding starts with w = 100:
c	Encode symmetry breaking with option: h.
c	Labels and Vertices aux var: 34000
c	Labels and Vertices constraints:  415650
c	Obj k aux var: 609450
c	Obj k constraints: 3576656
c	Obj k glue staircase constraints: 1638231
c	Encoding duration: 1s
c	Number of clauses: 3992518
c	Number of irredundant clauses: 3706981
c	Number of variables: 824075
c SAT Solving starts:
[runlim] sample:		1769.8 time, 1770.1 real, 904.3 MB
[runlim] sample:		1779.8 time, 1780.1 real, 804.4 MB
[runlim] sample:		1789.8 time, 1790.1 real, 855.1 MB
[runlim] sample:		1799.8 time, 1800.1 real, 896.8 MB
c Signal interruption.
[runlim] end:			Fri Sep 27 15:15:45 2024
[runlim] status:		out of time
[runlim] result:		2
[runlim] children:		0
[runlim] real:			1800.11 seconds
[runlim] time:			1799.85 seconds
[runlim] space:			1701.1 MB
[runlim] samples:		18000
