[runlim] version:		1.10
[runlim] time limit:		1800 seconds
[runlim] real time limit:	1800 seconds
[runlim] space limit:		30000 MB
[runlim] argv[0]:		/home/truongxuanhieu/AntiBandwidthReconstruct/build/abw_enc
[runlim] argv[1]:		/home/truongxuanhieu/AntiBandwidthReconstruct/build/Benchmarks/P-can__445.mtx.rnd
[runlim] argv[2]:		--seq
[runlim] argv[3]:		-symetry-break
[runlim] argv[4]:		h
[runlim] start:			Fri Oct  4 10:08:49 2024
[runlim] main pid:		5521
[runlim] log captured:
c LadderEncoder 1.0.
c Symetry breaking in the highest degree node.
c Solving strategy: from LB to UB.
c LB-w = 78 (LB in Sinnl - A note on computational approaches for the antibandwidth problem).
c UB-w = 120 (UB in Sinnl - A note on computational approaches for the antibandwidth problem).
c Antibandwidth problem with w = 78 ( P-can__445.mtx.rnd ):
c Initializing CaDiCaL (version 1.2.1).
c	Configuring CaDiCaL as --sat (1).
c Initializing a Sequential encoder with n = 445.
c Encoding starts with w = 78:
c	Encode symmetry breaking with option: h.
[runlim] sample:		10.0 time, 10.1 real, 5254.3 MB
[runlim] sample:		20.0 time, 20.1 real, 10146.0 MB
[runlim] sample:		30.0 time, 30.1 real, 16154.6 MB
[runlim] sample:		40.0 time, 40.1 real, 19909.1 MB
[runlim] sample:		50.0 time, 50.1 real, 23727.6 MB
c Signal interruption.
[runlim] end:			Fri Oct  4 10:09:47 2024
[runlim] status:		out of memory
[runlim] result:		3
[runlim] children:		0
[runlim] real:			58.42 seconds
[runlim] time:			58.15 seconds
[runlim] space:			30137.5 MB
[runlim] samples:		582
