[runlim] version:		1.10
[runlim] time limit:		1800 seconds
[runlim] real time limit:	1800 seconds
[runlim] space limit:		30000 MB
[runlim] argv[0]:		/home/truongxuanhieu/AntiBandwidthReconstruct/build/abw_enc
[runlim] argv[1]:		/home/truongxuanhieu/AntiBandwidthReconstruct/build/Benchmarks/Q-494_bus.mtx.rnd
[runlim] argv[2]:		--seq
[runlim] argv[3]:		-symetry-break
[runlim] argv[4]:		h
[runlim] start:			Fri Oct  4 10:09:47 2024
[runlim] main pid:		5547
[runlim] log captured:
c LadderEncoder 1.0.
c Symetry breaking in the highest degree node.
c Solving strategy: from LB to UB.
c LB-w = 219 (LB in Sinnl - A note on computational approaches for the antibandwidth problem).
c UB-w = 246 (UB in Sinnl - A note on computational approaches for the antibandwidth problem).
c Antibandwidth problem with w = 219 ( Q-494_bus.mtx.rnd ):
c Initializing CaDiCaL (version 1.2.1).
c	Configuring CaDiCaL as --sat (1).
c Initializing a Sequential encoder with n = 494.
c Encoding starts with w = 219:
c	Encode symmetry breaking with option: h.
[runlim] sample:		10.0 time, 10.4 real, 6404.4 MB
[runlim] sample:		20.0 time, 20.4 real, 12719.8 MB
[runlim] sample:		30.0 time, 30.4 real, 20554.4 MB
[runlim] sample:		40.0 time, 40.4 real, 25350.7 MB
c	Encoding duration: 44s
c	Number of clauses: 213172935
c	Number of irredundant clauses: 212629056
c	Number of variables: 71247028
c SAT Solving starts:
[runlim] sample:		50.0 time, 50.4 real, 27583.1 MB
[runlim] sample:		60.0 time, 60.4 real, 27854.0 MB
[runlim] sample:		70.0 time, 70.4 real, 27855.6 MB
[runlim] sample:		80.0 time, 80.4 real, 27856.3 MB
[runlim] sample:		90.0 time, 90.4 real, 27856.9 MB
[runlim] sample:		100.0 time, 100.4 real, 27857.4 MB
c Signal interruption.
[runlim] end:			Fri Oct  4 10:11:35 2024
[runlim] status:		out of memory
[runlim] result:		3
[runlim] children:		0
[runlim] real:			108.62 seconds
[runlim] time:			108.08 seconds
[runlim] space:			30005.1 MB
[runlim] samples:		1081
