[runlim] version:		1.10
[runlim] time limit:		1800 seconds
[runlim] real time limit:	1800 seconds
[runlim] space limit:		30000 MB
[runlim] argv[0]:		/home/truongxuanhieu/AntiBandwidthReconstruct/build/abw_enc
[runlim] argv[1]:		/home/truongxuanhieu/AntiBandwidthReconstruct/build/Benchmarks/R-dwt__503.mtx.rnd
[runlim] argv[2]:		--seq
[runlim] argv[3]:		-symetry-break
[runlim] argv[4]:		h
[runlim] start:			Fri Oct  4 10:17:31 2024
[runlim] main pid:		5810
[runlim] log captured:
c LadderEncoder 1.0.
c Symetry breaking in the highest degree node.
c Solving strategy: from LB to UB.
c LB-w = 46 (LB in Sinnl - A note on computational approaches for the antibandwidth problem).
c UB-w = 71 (UB in Sinnl - A note on computational approaches for the antibandwidth problem).
c Antibandwidth problem with w = 46 ( R-dwt__503.mtx.rnd ):
c Initializing CaDiCaL (version 1.2.1).
c	Configuring CaDiCaL as --sat (1).
c Initializing a Sequential encoder with n = 503.
c Encoding starts with w = 46:
c	Encode symmetry breaking with option: h.
[runlim] sample:		10.0 time, 10.5 real, 7146.4 MB
[runlim] sample:		20.0 time, 20.5 real, 14265.4 MB
[runlim] sample:		30.0 time, 30.5 real, 19083.3 MB
[runlim] sample:		40.0 time, 40.5 real, 28393.0 MB
c Signal interruption.
[runlim] end:			Fri Oct  4 10:18:16 2024
[runlim] status:		out of memory
[runlim] result:		3
[runlim] children:		0
[runlim] real:			45.10 seconds
[runlim] time:			44.57 seconds
[runlim] space:			30025.1 MB
[runlim] samples:		446
