[runlim] version:		1.10
[runlim] time limit:		1800 seconds
[runlim] real time limit:	1800 seconds
[runlim] space limit:		30000 MB
[runlim] argv[0]:		/home/truongxuanhieu/AntiBandwidthReconstruct/build/abw_enc
[runlim] argv[1]:		/home/truongxuanhieu/AntiBandwidthReconstruct/build/Benchmarks/S-sherman4.mtx.rnd
[runlim] argv[2]:		--reduced
[runlim] argv[3]:		-symetry-break
[runlim] argv[4]:		h
[runlim] start:			Sat Sep 28 16:59:33 2024
[runlim] main pid:		115072
[runlim] log captured:
c LadderEncoder 1.0.
c Symetry breaking in the highest degree node.
c Solving strategy: from LB to UB.
c LB-w = 256 (LB in Sinnl - A note on computational approaches for the antibandwidth problem).
c UB-w = 272 (UB in Sinnl - A note on computational approaches for the antibandwidth problem).
c Antibandwidth problem with w = 256 ( S-sherman4.mtx.rnd ):
c Initializing CaDiCaL (version 1.2.1).
c	Configuring CaDiCaL as --sat (1).
c Initializing a Naive-Reduced encoder with n = 546.
c Encoding starts with w = 256:
c	Encode symmetry breaking with option: h.
[runlim] sample:		10.0 time, 10.7 real, 6372.7 MB
[runlim] sample:		20.0 time, 20.7 real, 11437.1 MB
[runlim] sample:		30.0 time, 30.7 real, 16114.8 MB
[runlim] sample:		40.0 time, 40.7 real, 21108.7 MB
[runlim] sample:		50.0 time, 50.7 real, 26436.3 MB
c Signal interruption.
[runlim] end:			Sat Sep 28 17:00:32 2024
[runlim] status:		out of memory
[runlim] result:		3
[runlim] children:		0
[runlim] real:			59.82 seconds
[runlim] time:			58.98 seconds
[runlim] space:			30008.6 MB
[runlim] samples:		590
