[runlim] version:		1.10
[runlim] time limit:		1800 seconds
[runlim] real time limit:	1800 seconds
[runlim] space limit:		30000 MB
[runlim] argv[0]:		/home/truongxuanhieu/AntiBandwidthReconstruct/build/abw_enc
[runlim] argv[1]:		/home/truongxuanhieu/AntiBandwidthReconstruct/build/Benchmarks/S-sherman4.mtx.rnd
[runlim] argv[2]:		--product
[runlim] argv[3]:		-symetry-break
[runlim] argv[4]:		h
[runlim] start:			Thu Sep 26 15:56:17 2024
[runlim] main pid:		62109
[runlim] log captured:
c LadderEncoder 1.0.
c Symetry breaking in the highest degree node.
c Solving strategy: from LB to UB.
c LB-w = 256 (LB in Sinnl - A note on computational approaches for the antibandwidth problem).
c UB-w = 272 (UB in Sinnl - A note on computational approaches for the antibandwidth problem).
c Antibandwidth problem with w = 256 ( S-sherman4.mtx.rnd ):
c Initializing CaDiCaL (version 1.2.1).
c	Configuring CaDiCaL as --sat (1).
c Initializing a 2-Product encoder with n = 546.
c Encoding starts with w = 256:
c	Encode symmetry breaking with option: h.
[runlim] sample:		10.0 time, 10.0 real, 5980.7 MB
[runlim] sample:		20.0 time, 20.0 real, 11923.8 MB
[runlim] sample:		30.0 time, 30.0 real, 17177.3 MB
[runlim] sample:		40.0 time, 40.0 real, 23634.5 MB
[runlim] sample:		50.0 time, 50.0 real, 28694.5 MB
c Signal interruption.
[runlim] end:			Thu Sep 26 15:57:11 2024
[runlim] status:		out of memory
[runlim] result:		3
[runlim] children:		0
[runlim] real:			54.40 seconds
[runlim] time:			54.29 seconds
[runlim] space:			30004.2 MB
[runlim] samples:		543
