[runlim] version:		1.10
[runlim] time limit:		1800 seconds
[runlim] real time limit:	1800 seconds
[runlim] space limit:		30000 MB
[runlim] argv[0]:		/home/hvanh28/AntiBandwidthReconstruct/build/abw_enc
[runlim] argv[1]:		/home/hvanh28/AntiBandwidthReconstruct/build/Benchmarks/S-sherman4.mtx.rnd
[runlim] argv[2]:		--reduced
[runlim] argv[3]:		-symetry-break
[runlim] argv[4]:		h
[runlim] start:			Fri Sep 27 08:52:08 2024
[runlim] main pid:		101869
[runlim] log captured:
c LadderEncoder 1.0.
c Symetry breaking in the highest degree node.
c Solving strategy: from LB to UB.
c LB-w = 256 (LB in Sinnl - A note on computational approaches for the antibandwidth problem).
c UB-w = 272 (UB in Sinnl - A note on computational approaches for the antibandwidth problem).
c Antibandwidth problem with w = 256 ( S-sherman4.mtx.rnd ):
c Initializing CaDiCaL (version 1.2.1).
c	Configuring CaDiCaL as --sat (1).
c Initializing a Naive-Reduced encoder with n = 546.
c Encoding starts with w = 256:
c	Encode symmetry breaking with option: h.
[runlim] sample:		10.0 time, 10.4 real, 3467.8 MB
[runlim] sample:		20.0 time, 20.4 real, 6920.9 MB
[runlim] sample:		30.0 time, 30.4 real, 10146.8 MB
[runlim] sample:		40.0 time, 40.4 real, 12444.0 MB
[runlim] sample:		50.0 time, 50.4 real, 15128.9 MB
[runlim] sample:		60.0 time, 60.4 real, 17906.8 MB
[runlim] sample:		70.0 time, 70.4 real, 20379.1 MB
[runlim] sample:		79.9 time, 80.4 real, 23255.3 MB
[runlim] sample:		89.9 time, 90.4 real, 26060.1 MB
[runlim] sample:		99.9 time, 100.4 real, 28911.5 MB
c Signal interruption.
[runlim] end:			Fri Sep 27 08:53:53 2024
[runlim] status:		out of memory
[runlim] result:		3
[runlim] children:		0
[runlim] real:			105.94 seconds
[runlim] time:			105.44 seconds
[runlim] space:			30009.4 MB
[runlim] samples:		1055
