[runlim] version:		1.10
[runlim] time limit:		1800 seconds
[runlim] real time limit:	1800 seconds
[runlim] space limit:		30000 MB
[runlim] argv[0]:		/home/truongxuanhieu/AntiBandwidthReconstruct/build/abw_enc
[runlim] argv[1]:		/home/truongxuanhieu/AntiBandwidthReconstruct/build/Benchmarks/T-dwt__592.mtx.rnd
[runlim] argv[2]:		--seq
[runlim] argv[3]:		-symetry-break
[runlim] argv[4]:		h
[runlim] start:			Fri Oct  4 10:15:08 2024
[runlim] main pid:		5706
[runlim] log captured:
c LadderEncoder 1.0.
c Symetry breaking in the highest degree node.
c Solving strategy: from LB to UB.
c LB-w = 103 (LB in Sinnl - A note on computational approaches for the antibandwidth problem).
c UB-w = 150 (UB in Sinnl - A note on computational approaches for the antibandwidth problem).
c Antibandwidth problem with w = 103 ( T-dwt__592.mtx.rnd ):
c Initializing CaDiCaL (version 1.2.1).
c	Configuring CaDiCaL as --sat (1).
c Initializing a Sequential encoder with n = 592.
c Encoding starts with w = 103:
c	Encode symmetry breaking with option: h.
[runlim] sample:		10.0 time, 10.1 real, 6783.7 MB
[runlim] sample:		20.0 time, 20.1 real, 13394.0 MB
[runlim] sample:		30.0 time, 30.1 real, 19832.6 MB
[runlim] sample:		40.0 time, 40.1 real, 26162.6 MB
c Signal interruption.
[runlim] end:			Fri Oct  4 10:15:51 2024
[runlim] status:		out of memory
[runlim] result:		3
[runlim] children:		0
[runlim] real:			43.13 seconds
[runlim] time:			42.88 seconds
[runlim] space:			30244.7 MB
[runlim] samples:		429
