[runlim] version:		1.10
[runlim] time limit:		1800 seconds
[runlim] real time limit:	1800 seconds
[runlim] space limit:		30000 MB
[runlim] argv[0]:		/home/truongxuanhieu/AntiBandwidthReconstruct/build/abw_enc
[runlim] argv[1]:		/home/truongxuanhieu/AntiBandwidthReconstruct/build/Benchmarks/U-662_bus.mtx.rnd
[runlim] argv[2]:		--product
[runlim] argv[3]:		-symetry-break
[runlim] argv[4]:		h
[runlim] start:			Thu Sep 26 16:34:04 2024
[runlim] main pid:		64068
[runlim] log captured:
c LadderEncoder 1.0.
c Symetry breaking in the highest degree node.
c Solving strategy: from LB to UB.
c LB-w = 219 (LB in Sinnl - A note on computational approaches for the antibandwidth problem).
c UB-w = 220 (UB in Sinnl - A note on computational approaches for the antibandwidth problem).
c Antibandwidth problem with w = 219 ( U-662_bus.mtx.rnd ):
c Initializing CaDiCaL (version 1.2.1).
c	Configuring CaDiCaL as --sat (1).
c Initializing a 2-Product encoder with n = 662.
c Encoding starts with w = 219:
c	Encode symmetry breaking with option: h.
[runlim] sample:		10.0 time, 10.9 real, 4488.8 MB
[runlim] sample:		20.0 time, 20.9 real, 8865.2 MB
[runlim] sample:		30.0 time, 30.9 real, 13780.2 MB
[runlim] sample:		40.0 time, 40.9 real, 17637.3 MB
[runlim] sample:		50.0 time, 50.9 real, 22799.9 MB
[runlim] sample:		60.0 time, 60.9 real, 27192.0 MB
c Signal interruption.
[runlim] end:			Thu Sep 26 16:35:14 2024
[runlim] status:		out of memory
[runlim] result:		3
[runlim] children:		0
[runlim] real:			70.41 seconds
[runlim] time:			69.47 seconds
[runlim] space:			30020.1 MB
[runlim] samples:		695
