[runlim] version:		1.10
[runlim] time limit:		1800 seconds
[runlim] real time limit:	1800 seconds
[runlim] space limit:		30000 MB
[runlim] argv[0]:		/home/truongxuanhieu/AntiBandwidthReconstruct/build/abw_enc
[runlim] argv[1]:		/home/truongxuanhieu/AntiBandwidthReconstruct/build/Benchmarks/V-nos6.mtx.rnd
[runlim] argv[2]:		--seq
[runlim] argv[3]:		-symetry-break
[runlim] argv[4]:		h
[runlim] start:			Fri Oct  4 10:16:40 2024
[runlim] main pid:		5780
[runlim] log captured:
c LadderEncoder 1.0.
c Symetry breaking in the highest degree node.
c Solving strategy: from LB to UB.
c LB-w = 326 (LB in Sinnl - A note on computational approaches for the antibandwidth problem).
c UB-w = 337 (UB in Sinnl - A note on computational approaches for the antibandwidth problem).
c Antibandwidth problem with w = 326 ( V-nos6.mtx.rnd ):
c Initializing CaDiCaL (version 1.2.1).
c	Configuring CaDiCaL as --sat (1).
c Initializing a Sequential encoder with n = 675.
c Encoding starts with w = 326:
c	Encode symmetry breaking with option: h.
[runlim] sample:		10.0 time, 10.1 real, 6413.6 MB
[runlim] sample:		20.0 time, 20.1 real, 12725.3 MB
[runlim] sample:		30.0 time, 30.1 real, 19700.1 MB
[runlim] sample:		40.0 time, 40.1 real, 25357.8 MB
[runlim] sample:		50.0 time, 50.1 real, 30015.5 MB
c Signal interruption.
[runlim] end:			Fri Oct  4 10:17:31 2024
[runlim] status:		out of memory
[runlim] result:		3
[runlim] children:		0
[runlim] real:			51.49 seconds
[runlim] time:			51.28 seconds
[runlim] space:			30015.5 MB
[runlim] samples:		513
