[runlim] version:		1.10
[runlim] time limit:		1800 seconds
[runlim] real time limit:	1800 seconds
[runlim] space limit:		30000 MB
[runlim] argv[0]:		/home/truongxuanhieu/AntiBandwidthReconstruct/build/abw_enc
[runlim] argv[1]:		/home/truongxuanhieu/AntiBandwidthReconstruct/build/Benchmarks/V-nos6.mtx.rnd
[runlim] argv[2]:		--reduced
[runlim] argv[3]:		-symetry-break
[runlim] argv[4]:		h
[runlim] start:			Sat Sep 28 17:00:32 2024
[runlim] main pid:		115098
[runlim] log captured:
c LadderEncoder 1.0.
c Symetry breaking in the highest degree node.
c Solving strategy: from LB to UB.
c LB-w = 326 (LB in Sinnl - A note on computational approaches for the antibandwidth problem).
c UB-w = 337 (UB in Sinnl - A note on computational approaches for the antibandwidth problem).
c Antibandwidth problem with w = 326 ( V-nos6.mtx.rnd ):
c Initializing CaDiCaL (version 1.2.1).
c	Configuring CaDiCaL as --sat (1).
c Initializing a Naive-Reduced encoder with n = 675.
c Encoding starts with w = 326:
c	Encode symmetry breaking with option: h.
[runlim] sample:		10.0 time, 10.8 real, 6244.3 MB
[runlim] sample:		20.0 time, 20.8 real, 12530.5 MB
[runlim] sample:		30.0 time, 30.8 real, 16800.9 MB
[runlim] sample:		40.0 time, 40.8 real, 20740.0 MB
[runlim] sample:		50.0 time, 50.8 real, 23972.5 MB
[runlim] sample:		60.0 time, 60.8 real, 29418.5 MB
c Signal interruption.
[runlim] end:			Sat Sep 28 17:01:36 2024
[runlim] status:		out of memory
[runlim] result:		3
[runlim] children:		0
[runlim] real:			64.20 seconds
[runlim] time:			63.28 seconds
[runlim] space:			30014.7 MB
[runlim] samples:		633
