[runlim] version:		1.10
[runlim] time limit:		1800 seconds
[runlim] real time limit:	1800 seconds
[runlim] space limit:		30000 MB
[runlim] argv[0]:		/home/truongxuanhieu/AntiBandwidthReconstruct/build/abw_enc
[runlim] argv[1]:		/home/truongxuanhieu/AntiBandwidthReconstruct/build/Benchmarks/X-can__715.mtx.rnd
[runlim] argv[2]:		--product
[runlim] argv[3]:		-symetry-break
[runlim] argv[4]:		h
[runlim] start:			Thu Sep 26 15:54:25 2024
[runlim] main pid:		61931
[runlim] log captured:
c LadderEncoder 1.0.
c Symetry breaking in the highest degree node.
c Solving strategy: from LB to UB.
c LB-w = 112 (LB in Sinnl - A note on computational approaches for the antibandwidth problem).
c UB-w = 142 (UB in Sinnl - A note on computational approaches for the antibandwidth problem).
c Antibandwidth problem with w = 112 ( X-can__715.mtx.rnd ):
c Initializing CaDiCaL (version 1.2.1).
c	Configuring CaDiCaL as --sat (1).
c Initializing a 2-Product encoder with n = 715.
c Encoding starts with w = 112:
c	Encode symmetry breaking with option: h.
[runlim] sample:		10.0 time, 10.2 real, 5567.2 MB
[runlim] sample:		20.0 time, 20.2 real, 11132.9 MB
[runlim] sample:		30.0 time, 30.2 real, 17231.8 MB
[runlim] sample:		40.0 time, 40.2 real, 22112.2 MB
[runlim] sample:		50.0 time, 50.2 real, 26897.4 MB
c Signal interruption.
[runlim] end:			Thu Sep 26 15:55:19 2024
[runlim] status:		out of memory
[runlim] result:		3
[runlim] children:		0
[runlim] real:			54.46 seconds
[runlim] time:			54.18 seconds
[runlim] space:			30148.1 MB
[runlim] samples:		542
