[runlim] version:		1.10
[runlim] time limit:		1800 seconds
[runlim] real time limit:	1800 seconds
[runlim] space limit:		30000 MB
[runlim] argv[0]:		/home/truongxuanhieu/AntiBandwidthReconstruct/build/abw_enc
[runlim] argv[1]:		/home/truongxuanhieu/AntiBandwidthReconstruct/build/Benchmarks/X-can__715.mtx.rnd
[runlim] argv[2]:		--ladder
[runlim] argv[3]:		-symetry-break
[runlim] argv[4]:		h
[runlim] start:			Wed Sep 25 17:00:57 2024
[runlim] main pid:		46697
[runlim] log captured:
c LadderEncoder 1.0.
c Symetry breaking in the highest degree node.
c Solving strategy: from LB to UB.
c LB-w = 112 (LB in Sinnl - A note on computational approaches for the antibandwidth problem).
c UB-w = 142 (UB in Sinnl - A note on computational approaches for the antibandwidth problem).
c Antibandwidth problem with w = 112 ( X-can__715.mtx.rnd ):
c Initializing CaDiCaL (version 1.2.1).
c	Configuring CaDiCaL as --sat (1).
c Initializing a Ladder encoder with n = 715.
c Encoding starts with w = 112:
c	Encode symmetry breaking with option: h.
c	Labels and Vertices aux var: 74360
c	Labels and Vertices constraints:  1147575
c	Obj k aux var: 899470
c	Obj k constraints: 10776975
c	Obj k glue staircase constraints: 7134050
c	Encoding duration: 3s
c	Number of clauses: 11924907
c	Number of irredundant clauses: 11920715
c	Number of variables: 1485055
c SAT Solving starts:
[runlim] sample:		10.0 time, 10.3 real, 1741.8 MB
[runlim] sample:		20.0 time, 20.3 real, 1767.3 MB
[runlim] sample:		30.0 time, 30.3 real, 1813.2 MB
[runlim] sample:		40.0 time, 40.3 real, 2141.2 MB
[runlim] sample:		50.0 time, 50.3 real, 1739.9 MB
[runlim] sample:		60.0 time, 60.3 real, 1780.8 MB
[runlim] sample:		70.0 time, 70.3 real, 1749.8 MB
[runlim] sample:		80.0 time, 80.3 real, 1790.0 MB
[runlim] sample:		90.0 time, 90.3 real, 1746.9 MB
[runlim] sample:		100.0 time, 100.3 real, 1758.1 MB
[runlim] sample:		110.0 time, 110.3 real, 1745.3 MB
[runlim] sample:		120.0 time, 120.3 real, 1749.9 MB
[runlim] sample:		130.0 time, 130.3 real, 1950.1 MB
[runlim] sample:		140.0 time, 140.3 real, 2002.6 MB
[runlim] sample:		150.0 time, 150.3 real, 1994.0 MB
[runlim] sample:		160.0 time, 160.3 real, 1956.9 MB
[runlim] sample:		170.0 time, 170.3 real, 1956.9 MB
[runlim] sample:		180.0 time, 180.3 real, 1867.6 MB
[runlim] sample:		190.0 time, 190.3 real, 1918.2 MB
[runlim] sample:		200.0 time, 200.3 real, 1773.0 MB
[runlim] sample:		210.0 time, 210.3 real, 1744.6 MB
[runlim] sample:		220.0 time, 220.3 real, 1746.7 MB
[runlim] sample:		230.0 time, 230.3 real, 1797.2 MB
[runlim] sample:		239.9 time, 240.3 real, 1763.4 MB
[runlim] sample:		249.9 time, 250.3 real, 1812.7 MB
[runlim] sample:		259.9 time, 260.3 real, 1812.7 MB
[runlim] sample:		269.9 time, 270.3 real, 2001.5 MB
[runlim] sample:		279.9 time, 280.3 real, 2046.3 MB
[runlim] sample:		289.9 time, 290.3 real, 2046.3 MB
[runlim] sample:		299.9 time, 300.3 real, 1787.5 MB
[runlim] sample:		309.9 time, 310.3 real, 1779.4 MB
[runlim] sample:		319.9 time, 320.3 real, 1769.9 MB
[runlim] sample:		329.9 time, 330.3 real, 1822.7 MB
[runlim] sample:		339.9 time, 340.3 real, 1822.7 MB
[runlim] sample:		349.9 time, 350.3 real, 1822.7 MB
[runlim] sample:		359.9 time, 360.3 real, 1952.0 MB
[runlim] sample:		369.9 time, 370.3 real, 1822.9 MB
[runlim] sample:		379.9 time, 380.3 real, 1775.4 MB
[runlim] sample:		389.9 time, 390.3 real, 1817.2 MB
[runlim] sample:		399.9 time, 400.3 real, 1812.8 MB
[runlim] sample:		409.9 time, 410.3 real, 1812.8 MB
[runlim] sample:		419.9 time, 420.3 real, 1812.8 MB
[runlim] sample:		429.9 time, 430.3 real, 1877.5 MB
[runlim] sample:		439.9 time, 440.3 real, 2378.5 MB
[runlim] sample:		449.9 time, 450.3 real, 2378.5 MB
[runlim] sample:		459.9 time, 460.3 real, 2132.6 MB
[runlim] sample:		469.9 time, 470.3 real, 1988.9 MB
[runlim] sample:		479.9 time, 480.3 real, 2041.5 MB
[runlim] sample:		489.9 time, 490.3 real, 1859.1 MB
[runlim] sample:		499.9 time, 500.3 real, 1803.4 MB
[runlim] sample:		509.9 time, 510.3 real, 1758.6 MB
[runlim] sample:		519.9 time, 520.3 real, 1858.3 MB
[runlim] sample:		529.9 time, 530.3 real, 1858.3 MB
[runlim] sample:		539.9 time, 540.3 real, 1858.3 MB
[runlim] sample:		549.9 time, 550.3 real, 1915.7 MB
[runlim] sample:		559.9 time, 560.3 real, 2307.6 MB
[runlim] sample:		569.9 time, 570.3 real, 2307.6 MB
[runlim] sample:		579.9 time, 580.3 real, 2307.6 MB
[runlim] sample:		589.9 time, 590.3 real, 2307.6 MB
[runlim] sample:		599.9 time, 600.3 real, 2307.8 MB
[runlim] sample:		609.9 time, 610.3 real, 2374.0 MB
[runlim] sample:		619.9 time, 620.3 real, 2478.7 MB
[runlim] sample:		629.9 time, 630.3 real, 2581.6 MB
[runlim] sample:		639.9 time, 640.3 real, 2681.9 MB
[runlim] sample:		649.9 time, 650.3 real, 2788.4 MB
[runlim] sample:		659.9 time, 660.3 real, 2891.0 MB
[runlim] sample:		669.9 time, 670.3 real, 3001.0 MB
[runlim] sample:		679.9 time, 680.3 real, 3105.6 MB
[runlim] sample:		689.9 time, 690.3 real, 4543.6 MB
[runlim] sample:		699.9 time, 700.3 real, 3846.5 MB
[runlim] sample:		709.9 time, 710.3 real, 3857.7 MB
[runlim] sample:		719.9 time, 720.3 real, 3857.7 MB
[runlim] sample:		729.9 time, 730.3 real, 2973.0 MB
[runlim] sample:		739.9 time, 740.3 real, 2973.0 MB
[runlim] sample:		749.9 time, 750.3 real, 2730.0 MB
[runlim] sample:		759.9 time, 760.3 real, 2409.3 MB
[runlim] sample:		769.9 time, 770.3 real, 2409.3 MB
[runlim] sample:		779.9 time, 780.3 real, 2409.3 MB
[runlim] sample:		789.9 time, 790.3 real, 2409.3 MB
[runlim] sample:		799.9 time, 800.3 real, 3028.7 MB
[runlim] sample:		809.9 time, 810.3 real, 3028.7 MB
[runlim] sample:		819.9 time, 820.3 real, 3127.9 MB
[runlim] sample:		829.9 time, 830.3 real, 2508.4 MB
[runlim] sample:		839.9 time, 840.3 real, 2463.4 MB
[runlim] sample:		849.9 time, 850.3 real, 2636.8 MB
[runlim] sample:		859.9 time, 860.3 real, 2794.7 MB
[runlim] sample:		869.9 time, 870.3 real, 2794.7 MB
[runlim] sample:		879.9 time, 880.3 real, 2818.1 MB
[runlim] sample:		889.9 time, 890.3 real, 2511.1 MB
[runlim] sample:		899.9 time, 900.3 real, 2511.1 MB
[runlim] sample:		909.9 time, 910.3 real, 2361.5 MB
[runlim] sample:		919.9 time, 920.3 real, 2463.4 MB
[runlim] sample:		929.9 time, 930.3 real, 2463.4 MB
[runlim] sample:		939.9 time, 940.3 real, 2463.4 MB
[runlim] sample:		949.9 time, 950.3 real, 3197.5 MB
[runlim] sample:		959.9 time, 960.3 real, 3243.8 MB
[runlim] sample:		969.9 time, 970.3 real, 3243.8 MB
[runlim] sample:		979.9 time, 980.3 real, 2509.6 MB
[runlim] sample:		989.9 time, 990.3 real, 2509.6 MB
[runlim] sample:		999.9 time, 1000.3 real, 2503.6 MB
[runlim] sample:		1009.9 time, 1010.3 real, 2861.2 MB
[runlim] sample:		1019.9 time, 1020.3 real, 2861.2 MB
[runlim] sample:		1029.9 time, 1030.3 real, 2861.2 MB
[runlim] sample:		1039.9 time, 1040.3 real, 2861.2 MB
[runlim] sample:		1049.9 time, 1050.3 real, 2964.4 MB
[runlim] sample:		1059.9 time, 1060.3 real, 2964.4 MB
[runlim] sample:		1069.9 time, 1070.3 real, 2964.4 MB
[runlim] sample:		1079.9 time, 1080.3 real, 3746.8 MB
[runlim] sample:		1089.9 time, 1090.3 real, 3746.8 MB
[runlim] sample:		1099.9 time, 1100.3 real, 3746.8 MB
[runlim] sample:		1109.9 time, 1110.3 real, 2854.2 MB
[runlim] sample:		1119.9 time, 1120.3 real, 2955.3 MB
[runlim] sample:		1129.9 time, 1130.3 real, 2955.3 MB
[runlim] sample:		1139.9 time, 1140.3 real, 2799.0 MB
[runlim] sample:		1149.9 time, 1150.3 real, 2799.0 MB
[runlim] sample:		1159.9 time, 1160.3 real, 2799.0 MB
[runlim] sample:		1169.9 time, 1170.3 real, 2799.0 MB
[runlim] sample:		1179.9 time, 1180.3 real, 2510.2 MB
[runlim] sample:		1189.9 time, 1190.3 real, 2463.0 MB
[runlim] sample:		1199.9 time, 1200.3 real, 2465.0 MB
[runlim] sample:		1209.9 time, 1210.3 real, 2465.0 MB
[runlim] sample:		1219.9 time, 1220.3 real, 2793.5 MB
[runlim] sample:		1229.9 time, 1230.3 real, 2793.5 MB
[runlim] sample:		1239.9 time, 1240.3 real, 2465.0 MB
[runlim] sample:		1249.9 time, 1250.3 real, 2465.0 MB
[runlim] sample:		1259.9 time, 1260.3 real, 2363.1 MB
[runlim] sample:		1269.9 time, 1270.3 real, 2404.9 MB
[runlim] sample:		1279.9 time, 1280.3 real, 2942.2 MB
[runlim] sample:		1289.9 time, 1290.3 real, 2942.2 MB
[runlim] sample:		1299.9 time, 1300.3 real, 2473.1 MB
[runlim] sample:		1309.9 time, 1310.3 real, 2465.0 MB
[runlim] sample:		1319.9 time, 1320.3 real, 2465.0 MB
c	Solving duration: 1317885 ms
c	Answer: 
s SAT (w = 112)
c	Solution check:
p calculated antibandwidth = 112.
c
c
c Antibandwidth problem with w = 113 ( X-can__715.mtx.rnd ):
c Initializing CaDiCaL (version 1.2.1).
c	Configuring CaDiCaL as --sat (1).
c Initializing a Ladder encoder with n = 715.
c Encoding starts with w = 113:
c	Encode symmetry breaking with option: h.
c	Labels and Vertices aux var: 74360
c	Labels and Vertices constraints:  1147575
c	Obj k aux var: 903045
c	Obj k constraints: 10775085
c	Obj k glue staircase constraints: 7122150
c	Encoding duration: 2s
c	Number of clauses: 11923017
c	Number of irredundant clauses: 11918819
c	Number of variables: 1488630
c SAT Solving starts:
[runlim] sample:		1329.9 time, 1330.3 real, 2186.9 MB
[runlim] sample:		1339.9 time, 1340.3 real, 2553.9 MB
[runlim] sample:		1349.9 time, 1350.3 real, 2569.7 MB
[runlim] sample:		1359.9 time, 1360.3 real, 2565.0 MB
[runlim] sample:		1369.8 time, 1370.3 real, 2401.9 MB
[runlim] sample:		1379.8 time, 1380.3 real, 2445.6 MB
[runlim] sample:		1389.9 time, 1390.3 real, 2586.0 MB
[runlim] sample:		1399.9 time, 1400.3 real, 2410.9 MB
[runlim] sample:		1409.8 time, 1410.3 real, 2382.6 MB
[runlim] sample:		1419.9 time, 1420.3 real, 2557.8 MB
[runlim] sample:		1429.8 time, 1430.3 real, 2677.9 MB
[runlim] sample:		1439.8 time, 1440.3 real, 2265.4 MB
[runlim] sample:		1449.8 time, 1450.3 real, 2560.3 MB
[runlim] sample:		1459.8 time, 1460.3 real, 2567.7 MB
[runlim] sample:		1469.9 time, 1470.3 real, 2265.4 MB
[runlim] sample:		1479.8 time, 1480.3 real, 2565.5 MB
[runlim] sample:		1489.8 time, 1490.3 real, 2668.1 MB
[runlim] sample:		1499.8 time, 1500.3 real, 2384.3 MB
[runlim] sample:		1509.9 time, 1510.3 real, 2265.4 MB
[runlim] sample:		1519.8 time, 1520.3 real, 2298.5 MB
[runlim] sample:		1529.8 time, 1530.3 real, 2298.5 MB
[runlim] sample:		1539.8 time, 1540.3 real, 2298.5 MB
[runlim] sample:		1549.9 time, 1550.3 real, 2282.0 MB
[runlim] sample:		1559.9 time, 1560.3 real, 2667.9 MB
[runlim] sample:		1569.8 time, 1570.3 real, 2390.9 MB
[runlim] sample:		1579.8 time, 1580.3 real, 2390.9 MB
[runlim] sample:		1589.8 time, 1590.3 real, 2774.9 MB
[runlim] sample:		1599.8 time, 1600.3 real, 2767.7 MB
[runlim] sample:		1609.9 time, 1610.3 real, 2868.3 MB
[runlim] sample:		1619.9 time, 1620.3 real, 2382.6 MB
[runlim] sample:		1629.8 time, 1630.3 real, 2382.6 MB
[runlim] sample:		1639.8 time, 1640.3 real, 2419.0 MB
[runlim] sample:		1649.8 time, 1650.3 real, 2412.4 MB
[runlim] sample:		1659.8 time, 1660.3 real, 2412.4 MB
[runlim] sample:		1669.8 time, 1670.3 real, 2883.7 MB
[runlim] sample:		1679.8 time, 1680.3 real, 2883.7 MB
[runlim] sample:		1689.8 time, 1690.3 real, 2412.4 MB
[runlim] sample:		1699.8 time, 1700.3 real, 2412.4 MB
[runlim] sample:		1709.8 time, 1710.3 real, 2419.0 MB
[runlim] sample:		1719.8 time, 1720.3 real, 2407.9 MB
[runlim] sample:		1729.8 time, 1730.3 real, 2407.9 MB
[runlim] sample:		1739.8 time, 1740.3 real, 2407.9 MB
[runlim] sample:		1749.8 time, 1750.3 real, 2265.4 MB
[runlim] sample:		1759.8 time, 1760.3 real, 2407.9 MB
[runlim] sample:		1769.8 time, 1770.3 real, 2713.6 MB
[runlim] sample:		1779.8 time, 1780.3 real, 2713.6 MB
[runlim] sample:		1789.8 time, 1790.3 real, 2713.6 MB
c Signal interruption.
[runlim] end:			Wed Sep 25 17:30:57 2024
[runlim] status:		out of time
[runlim] result:		2
[runlim] children:		0
[runlim] real:			1800.16 seconds
[runlim] time:			1799.64 seconds
[runlim] space:			4633.3 MB
[runlim] samples:		17998
