[runlim] version:		1.10
[runlim] time limit:		3600 seconds
[runlim] real time limit:	3600 seconds
[runlim] space limit:		30000 MB
[runlim] argv[0]:		/home/truongxuanhieu/AntiBandwidthReconstruct/build/abw_enc_symbreak_min_node_hybrid_NSC_binomial
[runlim] argv[1]:		/home/truongxuanhieu/AntiBandwidthReconstruct/build/BenchmarksMinNode/M-bcsstk06.mtx.rnd
[runlim] argv[2]:		--duplexNSC
[runlim] start:			Thu Aug 29 20:25:12 2024
[runlim] main pid:		24510
[runlim] log captured:
c DuplexEncoder 0.8.
c Solving strategy: from LB to UB.
c LB-w = 28 (LB in Sinnl - A note on computational approaches for the antibandwidth problem).
c UB-w = 72 (UB in Sinnl - A note on computational approaches for the antibandwidth problem).
c Antibandwidth problem with w = 28 ( M-bcsstk06.mtx.rnd ):
c Initializing CaDiCaL (version 1.2.1).
c	Configuring CaDiCaL as --sat (1).
c Initializing a DuplexNSC encoder with n = 420.
c Encoding starts with w = 28:
c	Labels and Vertices aux var: 32760
c	Labels and Vertices constraints:  445200
c	Obj k aux var: 312060
c	Obj k constraints: 6961860
c	Obj k glue staircase constraints: 5680440
c	Encoding duration: 3s
c	Number of clauses: 7407270
c	Number of irredundant clauses: 7405947
c	Number of variables: 521220
c SAT Solving starts:
c	Solving duration: 3964 ms
c	Answer: 
s SAT (w = 28)
AB is set to 85
Node 37 : 399
Node 381 : 314
AB is set to 70
Node 31 : 414
Node 137 : 344
AB is set to 44
Node 127 : 358
Node 381 : 314
AB is set to 28
Node 127 : 358
Node 318 : 330
c	Solution check:
p calculated antibandwidth = 28.
c
c
c Antibandwidth problem with w = 29 ( M-bcsstk06.mtx.rnd ):
c Initializing CaDiCaL (version 1.2.1).
c	Configuring CaDiCaL as --sat (1).
c Initializing a DuplexNSC encoder with n = 420.
c Encoding starts with w = 29:
c	Labels and Vertices aux var: 32760
c	Labels and Vertices constraints:  445200
c	Obj k aux var: 312060
c	Obj k constraints: 6963600
c	Obj k glue staircase constraints: 5676720
c	Encoding duration: 2s
c	Number of clauses: 7409010
c	Number of irredundant clauses: 7407671
c	Number of variables: 521220
c SAT Solving starts:
[runlim] sample:		10.0 time, 10.1 real, 777.4 MB
[runlim] sample:		20.0 time, 20.1 real, 985.0 MB
c	Solving duration: 11532 ms
c	Answer: 
s SAT (w = 29)
AB is set to 341
Node 37 : 397
Node 381 : 56
AB is set to 253
Node 127 : 338
Node 245 : 85
AB is set to 130
Node 245 : 85
Node 264 : 215
AB is set to 42
Node 31 : 398
Node 137 : 356
AB is set to 29
Node 79 : 367
Node 127 : 338
c	Solution check:
p calculated antibandwidth = 29.
c
c
c Antibandwidth problem with w = 30 ( M-bcsstk06.mtx.rnd ):
c Initializing CaDiCaL (version 1.2.1).
c	Configuring CaDiCaL as --sat (1).
c Initializing a DuplexNSC encoder with n = 420.
c Encoding starts with w = 30:
c	Labels and Vertices aux var: 32760
c	Labels and Vertices constraints:  439320
c	Obj k aux var: 311640
c	Obj k constraints: 6940740
c	Obj k glue staircase constraints: 5661840
c	Encoding duration: 2s
c	Number of clauses: 7380270
c	Number of irredundant clauses: 7378956
c	Number of variables: 520800
c SAT Solving starts:
[runlim] sample:		30.0 time, 30.1 real, 1011.6 MB
c	Solving duration: 10172 ms
c	Answer: 
s SAT (w = 30)
AB is set to 165
Node 37 : 399
Node 381 : 234
AB is set to 57
Node 245 : 84
Node 264 : 141
AB is set to 30
Node 31 : 366
Node 137 : 336
c	Solution check:
p calculated antibandwidth = 30.
c
c
c Antibandwidth problem with w = 31 ( M-bcsstk06.mtx.rnd ):
c Initializing CaDiCaL (version 1.2.1).
c	Configuring CaDiCaL as --sat (1).
c Initializing a DuplexNSC encoder with n = 420.
c Encoding starts with w = 31:
c	Labels and Vertices aux var: 32760
c	Labels and Vertices constraints:  439320
c	Obj k aux var: 311640
c	Obj k constraints: 6942060
c	Obj k glue staircase constraints: 5658120
c	Encoding duration: 1s
c	Number of clauses: 7381590
c	Number of irredundant clauses: 7380254
c	Number of variables: 520800
c SAT Solving starts:
[runlim] sample:		40.0 time, 40.1 real, 1141.3 MB
[runlim] sample:		50.0 time, 50.1 real, 982.1 MB
[runlim] sample:		60.0 time, 60.1 real, 1155.1 MB
[runlim] sample:		70.0 time, 70.1 real, 992.8 MB
[runlim] sample:		80.0 time, 80.1 real, 990.8 MB
[runlim] sample:		90.0 time, 90.1 real, 1005.9 MB
[runlim] sample:		100.0 time, 100.1 real, 1005.8 MB
[runlim] sample:		110.0 time, 110.1 real, 1033.2 MB
c	Solving duration: 80252 ms
c	Answer: 
s SAT (w = 31)
AB is set to 172
Node 37 : 217
Node 381 : 389
AB is set to 37
Node 127 : 325
Node 245 : 288
AB is set to 32
Node 79 : 357
Node 127 : 325
AB is set to 31
Node 362 : 420
Node 381 : 389
c	Solution check:
p calculated antibandwidth = 31.
c
c
c Antibandwidth problem with w = 32 ( M-bcsstk06.mtx.rnd ):
c Initializing CaDiCaL (version 1.2.1).
c	Configuring CaDiCaL as --sat (1).
c Initializing a DuplexNSC encoder with n = 420.
c Encoding starts with w = 32:
c	Labels and Vertices aux var: 32760
c	Labels and Vertices constraints:  439320
c	Obj k aux var: 310800
c	Obj k constraints: 6930120
c	Obj k glue staircase constraints: 5643240
c	Encoding duration: 2s
c	Number of clauses: 7369650
c	Number of irredundant clauses: 7368301
c	Number of variables: 519960
c SAT Solving starts:
[runlim] sample:		120.0 time, 120.1 real, 773.7 MB
[runlim] sample:		130.0 time, 130.1 real, 980.1 MB
[runlim] sample:		140.0 time, 140.1 real, 1161.6 MB
[runlim] sample:		150.0 time, 150.1 real, 995.9 MB
[runlim] sample:		160.0 time, 160.1 real, 1161.3 MB
[runlim] sample:		170.0 time, 170.1 real, 1162.6 MB
[runlim] sample:		180.0 time, 180.1 real, 988.6 MB
[runlim] sample:		190.0 time, 190.1 real, 1165.8 MB
[runlim] sample:		200.0 time, 200.1 real, 997.9 MB
[runlim] sample:		210.0 time, 210.1 real, 999.2 MB
[runlim] sample:		220.0 time, 220.1 real, 1175.1 MB
[runlim] sample:		230.0 time, 230.1 real, 1001.0 MB
[runlim] sample:		240.0 time, 240.1 real, 1001.8 MB
[runlim] sample:		250.0 time, 250.1 real, 998.7 MB
[runlim] sample:		260.0 time, 260.1 real, 1003.1 MB
[runlim] sample:		270.0 time, 270.1 real, 1006.2 MB
[runlim] sample:		280.0 time, 280.1 real, 1184.3 MB
[runlim] sample:		290.0 time, 290.1 real, 969.7 MB
c	Solving duration: 180737 ms
c	Answer: 
s SAT (w = 32)
AB is set to 61
Node 37 : 187
Node 381 : 248
AB is set to 32
Node 31 : 81
Node 127 : 49
c	Solution check:
p calculated antibandwidth = 32.
c
c
c Antibandwidth problem with w = 33 ( M-bcsstk06.mtx.rnd ):
c Initializing CaDiCaL (version 1.2.1).
c	Configuring CaDiCaL as --sat (1).
c Initializing a DuplexNSC encoder with n = 420.
c Encoding starts with w = 33:
[runlim] sample:		300.0 time, 300.1 real, 715.2 MB
c	Labels and Vertices aux var: 32760
c	Labels and Vertices constraints:  433860
c	Obj k aux var: 311220
c	Obj k constraints: 6918840
c	Obj k glue staircase constraints: 5639520
c	Encoding duration: 2s
c	Number of clauses: 7352910
c	Number of irredundant clauses: 7351594
c	Number of variables: 520380
c SAT Solving starts:
[runlim] sample:		310.0 time, 310.1 real, 978.5 MB
[runlim] sample:		320.0 time, 320.1 real, 984.6 MB
[runlim] sample:		330.0 time, 330.1 real, 951.3 MB
[runlim] sample:		340.0 time, 340.1 real, 987.8 MB
[runlim] sample:		350.0 time, 350.1 real, 986.5 MB
[runlim] sample:		360.0 time, 360.1 real, 970.4 MB
[runlim] sample:		370.0 time, 370.1 real, 994.0 MB
[runlim] sample:		380.0 time, 380.1 real, 999.5 MB
[runlim] sample:		390.0 time, 390.1 real, 999.5 MB
[runlim] sample:		400.0 time, 400.1 real, 1178.9 MB
[runlim] sample:		410.0 time, 410.1 real, 996.7 MB
[runlim] sample:		420.0 time, 420.1 real, 996.7 MB
[runlim] sample:		430.0 time, 430.1 real, 1008.7 MB
[runlim] sample:		440.0 time, 440.1 real, 1007.2 MB
[runlim] sample:		450.0 time, 450.1 real, 984.0 MB
[runlim] sample:		460.0 time, 460.1 real, 1077.6 MB
[runlim] sample:		470.0 time, 470.1 real, 1011.2 MB
[runlim] sample:		480.0 time, 480.1 real, 978.0 MB
[runlim] sample:		490.0 time, 490.1 real, 977.3 MB
[runlim] sample:		500.0 time, 500.1 real, 995.2 MB
[runlim] sample:		510.0 time, 510.1 real, 1021.8 MB
[runlim] sample:		520.0 time, 520.1 real, 1000.7 MB
c	Solving duration: 218637 ms
c	Answer: 
s SAT (w = 33)
AB is set to 240
Node 37 : 391
Node 381 : 151
AB is set to 169
Node 37 : 391
Node 362 : 222
AB is set to 165
Node 127 : 185
Node 245 : 350
AB is set to 62
Node 245 : 350
Node 264 : 288
AB is set to 52
Node 31 : 255
Node 137 : 203
AB is set to 34
Node 127 : 185
Node 381 : 151
AB is set to 33
Node 209 : 321
Node 264 : 288
c	Solution check:
p calculated antibandwidth = 33.
c
c
c Antibandwidth problem with w = 34 ( M-bcsstk06.mtx.rnd ):
c Initializing CaDiCaL (version 1.2.1).
c	Configuring CaDiCaL as --sat (1).
c Initializing a DuplexNSC encoder with n = 420.
c Encoding starts with w = 34:
c	Labels and Vertices aux var: 32760
c	Labels and Vertices constraints:  433860
c	Obj k aux var: 310380
c	Obj k constraints: 6906480
c	Obj k glue staircase constraints: 5624640
c	Encoding duration: 2s
c	Number of clauses: 7340550
c	Number of irredundant clauses: 7339222
c	Number of variables: 519540
c SAT Solving starts:
[runlim] sample:		530.0 time, 530.1 real, 984.8 MB
[runlim] sample:		540.0 time, 540.1 real, 1002.8 MB
[runlim] sample:		549.9 time, 550.1 real, 985.6 MB
[runlim] sample:		559.9 time, 560.1 real, 986.4 MB
[runlim] sample:		570.0 time, 570.1 real, 986.4 MB
[runlim] sample:		579.9 time, 580.1 real, 984.9 MB
[runlim] sample:		589.9 time, 590.1 real, 1160.5 MB
[runlim] sample:		599.9 time, 600.1 real, 985.3 MB
[runlim] sample:		609.9 time, 610.1 real, 989.7 MB
[runlim] sample:		619.9 time, 620.1 real, 988.6 MB
[runlim] sample:		629.9 time, 630.1 real, 988.5 MB
[runlim] sample:		639.9 time, 640.1 real, 988.7 MB
[runlim] sample:		649.9 time, 650.1 real, 988.4 MB
[runlim] sample:		659.9 time, 660.1 real, 990.6 MB
[runlim] sample:		669.9 time, 670.1 real, 996.3 MB
[runlim] sample:		679.9 time, 680.1 real, 994.2 MB
[runlim] sample:		689.9 time, 690.1 real, 994.0 MB
[runlim] sample:		699.9 time, 700.1 real, 992.7 MB
[runlim] sample:		709.9 time, 710.1 real, 992.6 MB
[runlim] sample:		719.9 time, 720.1 real, 993.0 MB
[runlim] sample:		729.9 time, 730.1 real, 992.9 MB
[runlim] sample:		739.9 time, 740.1 real, 992.2 MB
[runlim] sample:		749.9 time, 750.1 real, 996.5 MB
[runlim] sample:		759.9 time, 760.1 real, 994.6 MB
[runlim] sample:		769.9 time, 770.1 real, 994.6 MB
[runlim] sample:		779.9 time, 780.1 real, 996.1 MB
[runlim] sample:		789.9 time, 790.1 real, 1006.0 MB
[runlim] sample:		799.9 time, 800.1 real, 1005.9 MB
[runlim] sample:		809.9 time, 810.1 real, 1004.4 MB
[runlim] sample:		819.9 time, 820.1 real, 997.7 MB
[runlim] sample:		829.9 time, 830.1 real, 1002.1 MB
[runlim] sample:		839.9 time, 840.1 real, 997.7 MB
[runlim] sample:		849.9 time, 850.1 real, 997.6 MB
[runlim] sample:		859.9 time, 860.1 real, 998.4 MB
[runlim] sample:		869.9 time, 870.1 real, 1009.4 MB
[runlim] sample:		879.9 time, 880.1 real, 1009.4 MB
[runlim] sample:		889.9 time, 890.1 real, 1033.4 MB
[runlim] sample:		899.9 time, 900.1 real, 1033.3 MB
[runlim] sample:		909.8 time, 910.1 real, 999.9 MB
[runlim] sample:		919.8 time, 920.1 real, 1008.5 MB
[runlim] sample:		929.8 time, 930.1 real, 1210.2 MB
[runlim] sample:		939.8 time, 940.1 real, 1015.9 MB
[runlim] sample:		949.8 time, 950.1 real, 1022.4 MB
[runlim] sample:		959.8 time, 960.1 real, 992.3 MB
[runlim] sample:		969.8 time, 970.1 real, 991.9 MB
[runlim] sample:		979.8 time, 980.1 real, 992.7 MB
[runlim] sample:		989.8 time, 990.1 real, 992.7 MB
[runlim] sample:		999.8 time, 1000.1 real, 1008.6 MB
[runlim] sample:		1009.8 time, 1010.1 real, 1018.7 MB
[runlim] sample:		1019.8 time, 1020.1 real, 1018.6 MB
[runlim] sample:		1029.8 time, 1030.1 real, 1018.4 MB
[runlim] sample:		1039.8 time, 1040.1 real, 1298.1 MB
[runlim] sample:		1049.8 time, 1050.1 real, 1020.4 MB
[runlim] sample:		1059.8 time, 1060.1 real, 1020.4 MB
[runlim] sample:		1069.8 time, 1070.1 real, 1006.1 MB
[runlim] sample:		1079.8 time, 1080.1 real, 1001.1 MB
[runlim] sample:		1089.8 time, 1090.1 real, 1001.0 MB
[runlim] sample:		1099.8 time, 1100.1 real, 1000.8 MB
[runlim] sample:		1109.8 time, 1110.1 real, 996.8 MB
[runlim] sample:		1119.8 time, 1120.1 real, 1011.0 MB
[runlim] sample:		1129.8 time, 1130.1 real, 1011.0 MB
[runlim] sample:		1139.8 time, 1140.1 real, 1014.5 MB
[runlim] sample:		1149.8 time, 1150.1 real, 1010.3 MB
[runlim] sample:		1159.8 time, 1160.1 real, 1198.2 MB
[runlim] sample:		1169.8 time, 1170.1 real, 1022.0 MB
[runlim] sample:		1179.8 time, 1180.1 real, 1012.9 MB
[runlim] sample:		1189.8 time, 1190.1 real, 1214.4 MB
[runlim] sample:		1199.8 time, 1200.1 real, 1011.7 MB
[runlim] sample:		1209.8 time, 1210.1 real, 1017.4 MB
[runlim] sample:		1219.8 time, 1220.1 real, 1017.4 MB
[runlim] sample:		1229.8 time, 1230.1 real, 1018.7 MB
[runlim] sample:		1239.8 time, 1240.1 real, 1018.6 MB
[runlim] sample:		1249.8 time, 1250.1 real, 1040.3 MB
[runlim] sample:		1259.8 time, 1260.1 real, 976.7 MB
[runlim] sample:		1269.8 time, 1270.1 real, 1000.6 MB
[runlim] sample:		1279.8 time, 1280.1 real, 1012.5 MB
[runlim] sample:		1289.8 time, 1290.1 real, 1014.5 MB
[runlim] sample:		1299.8 time, 1300.1 real, 1011.9 MB
[runlim] sample:		1309.8 time, 1310.1 real, 1011.9 MB
[runlim] sample:		1319.8 time, 1320.1 real, 1014.0 MB
[runlim] sample:		1329.8 time, 1330.1 real, 1014.0 MB
[runlim] sample:		1339.8 time, 1340.1 real, 1048.5 MB
c	Solving duration: 819764 ms
c	Answer: 
s SAT (w = 34)
AB is set to 163
Node 37 : 133
Node 381 : 296
AB is set to 71
Node 127 : 367
Node 381 : 296
AB is set to 45
Node 127 : 367
Node 362 : 412
AB is set to 36
Node 127 : 367
Node 264 : 331
AB is set to 35
Node 264 : 331
Node 381 : 296
AB is set to 34
Node 187 : 118
Node 209 : 84
c	Solution check:
p calculated antibandwidth = 34.
c
c
c Antibandwidth problem with w = 35 ( M-bcsstk06.mtx.rnd ):
c Initializing CaDiCaL (version 1.2.1).
c	Configuring CaDiCaL as --sat (1).
c Initializing a DuplexNSC encoder with n = 420.
c Encoding starts with w = 35:
c	Labels and Vertices aux var: 32760
c	Labels and Vertices constraints:  428820
c	Obj k aux var: 309960
c	Obj k constraints: 6880680
c	Obj k glue staircase constraints: 5609760
c	Encoding duration: 1s
c	Number of clauses: 7309710
c	Number of irredundant clauses: 7308414
c	Number of variables: 519120
c SAT Solving starts:
[runlim] sample:		1349.8 time, 1350.1 real, 941.2 MB
[runlim] sample:		1359.8 time, 1360.1 real, 981.0 MB
[runlim] sample:		1369.8 time, 1370.1 real, 981.4 MB
[runlim] sample:		1379.8 time, 1380.1 real, 982.4 MB
[runlim] sample:		1389.8 time, 1390.1 real, 982.8 MB
[runlim] sample:		1399.8 time, 1400.1 real, 983.7 MB
[runlim] sample:		1409.8 time, 1410.1 real, 986.1 MB
[runlim] sample:		1419.8 time, 1420.1 real, 986.0 MB
[runlim] sample:		1429.8 time, 1430.1 real, 1158.1 MB
[runlim] sample:		1439.8 time, 1440.1 real, 988.2 MB
[runlim] sample:		1449.8 time, 1450.1 real, 988.3 MB
[runlim] sample:		1459.8 time, 1460.1 real, 987.5 MB
[runlim] sample:		1469.8 time, 1470.1 real, 988.0 MB
[runlim] sample:		1479.8 time, 1480.1 real, 987.6 MB
[runlim] sample:		1489.8 time, 1490.1 real, 995.4 MB
[runlim] sample:		1499.8 time, 1500.1 real, 988.9 MB
[runlim] sample:		1509.8 time, 1510.1 real, 988.8 MB
[runlim] sample:		1519.8 time, 1520.1 real, 992.1 MB
[runlim] sample:		1529.8 time, 1530.1 real, 992.0 MB
[runlim] sample:		1539.8 time, 1540.1 real, 995.4 MB
[runlim] sample:		1549.8 time, 1550.1 real, 995.4 MB
[runlim] sample:		1559.8 time, 1560.1 real, 992.7 MB
[runlim] sample:		1569.8 time, 1570.1 real, 992.4 MB
[runlim] sample:		1579.8 time, 1580.1 real, 1004.9 MB
[runlim] sample:		1589.8 time, 1590.1 real, 1010.8 MB
[runlim] sample:		1599.8 time, 1600.1 real, 992.1 MB
[runlim] sample:		1609.8 time, 1610.1 real, 1182.5 MB
[runlim] sample:		1619.8 time, 1620.1 real, 1004.3 MB
[runlim] sample:		1629.8 time, 1630.1 real, 997.1 MB
[runlim] sample:		1639.8 time, 1640.1 real, 999.0 MB
[runlim] sample:		1649.8 time, 1650.1 real, 994.7 MB
[runlim] sample:		1659.8 time, 1660.1 real, 1001.2 MB
[runlim] sample:		1669.8 time, 1670.1 real, 1002.2 MB
[runlim] sample:		1679.8 time, 1680.1 real, 1017.4 MB
[runlim] sample:		1689.8 time, 1690.1 real, 957.7 MB
[runlim] sample:		1699.8 time, 1700.1 real, 958.3 MB
[runlim] sample:		1709.8 time, 1710.1 real, 958.3 MB
[runlim] sample:		1719.8 time, 1720.1 real, 1030.7 MB
[runlim] sample:		1729.8 time, 1730.1 real, 1030.7 MB
[runlim] sample:		1739.8 time, 1740.1 real, 1000.3 MB
[runlim] sample:		1749.8 time, 1750.1 real, 1018.0 MB
[runlim] sample:		1759.8 time, 1760.1 real, 1013.8 MB
[runlim] sample:		1769.8 time, 1770.1 real, 1013.8 MB
[runlim] sample:		1779.8 time, 1780.1 real, 1010.7 MB
[runlim] sample:		1789.8 time, 1790.1 real, 1012.7 MB
[runlim] sample:		1799.8 time, 1800.1 real, 1335.5 MB
[runlim] sample:		1809.8 time, 1810.1 real, 1142.2 MB
[runlim] sample:		1819.8 time, 1820.1 real, 1017.6 MB
[runlim] sample:		1829.8 time, 1830.1 real, 1017.6 MB
[runlim] sample:		1839.8 time, 1840.1 real, 1038.0 MB
[runlim] sample:		1849.8 time, 1850.1 real, 1038.0 MB
[runlim] sample:		1859.8 time, 1860.1 real, 1014.4 MB
[runlim] sample:		1869.8 time, 1870.1 real, 1001.7 MB
[runlim] sample:		1879.8 time, 1880.1 real, 1001.6 MB
[runlim] sample:		1889.8 time, 1890.1 real, 986.9 MB
[runlim] sample:		1899.8 time, 1900.1 real, 991.6 MB
[runlim] sample:		1909.8 time, 1910.1 real, 984.1 MB
[runlim] sample:		1919.8 time, 1920.1 real, 984.0 MB
[runlim] sample:		1929.8 time, 1930.1 real, 997.4 MB
[runlim] sample:		1939.8 time, 1940.1 real, 994.9 MB
[runlim] sample:		1949.8 time, 1950.1 real, 994.9 MB
[runlim] sample:		1959.8 time, 1960.1 real, 994.8 MB
[runlim] sample:		1969.8 time, 1970.1 real, 1022.4 MB
[runlim] sample:		1979.8 time, 1980.1 real, 993.7 MB
[runlim] sample:		1989.8 time, 1990.1 real, 991.1 MB
[runlim] sample:		1999.8 time, 2000.1 real, 1183.2 MB
[runlim] sample:		2009.8 time, 2010.1 real, 988.2 MB
[runlim] sample:		2019.8 time, 2020.1 real, 1029.1 MB
[runlim] sample:		2029.8 time, 2030.1 real, 993.2 MB
[runlim] sample:		2039.8 time, 2040.1 real, 997.4 MB
[runlim] sample:		2049.8 time, 2050.1 real, 989.5 MB
[runlim] sample:		2059.8 time, 2060.1 real, 989.5 MB
[runlim] sample:		2069.8 time, 2070.1 real, 1011.2 MB
[runlim] sample:		2079.8 time, 2080.1 real, 1011.2 MB
[runlim] sample:		2089.8 time, 2090.1 real, 1003.0 MB
[runlim] sample:		2099.8 time, 2100.1 real, 1007.6 MB
[runlim] sample:		2109.8 time, 2110.1 real, 1007.6 MB
[runlim] sample:		2119.8 time, 2120.1 real, 1007.6 MB
[runlim] sample:		2129.8 time, 2130.1 real, 1007.6 MB
[runlim] sample:		2139.8 time, 2140.1 real, 997.1 MB
[runlim] sample:		2149.8 time, 2150.1 real, 997.1 MB
[runlim] sample:		2159.8 time, 2160.1 real, 1007.8 MB
[runlim] sample:		2169.8 time, 2170.1 real, 1007.7 MB
[runlim] sample:		2179.8 time, 2180.1 real, 1004.8 MB
[runlim] sample:		2189.8 time, 2190.1 real, 1038.8 MB
[runlim] sample:		2199.8 time, 2200.1 real, 1038.8 MB
[runlim] sample:		2209.8 time, 2210.1 real, 1267.5 MB
[runlim] sample:		2219.8 time, 2220.1 real, 1024.4 MB
[runlim] sample:		2229.8 time, 2230.1 real, 1024.4 MB
[runlim] sample:		2239.8 time, 2240.1 real, 1024.4 MB
[runlim] sample:		2249.8 time, 2250.1 real, 1120.7 MB
[runlim] sample:		2259.8 time, 2260.1 real, 1120.7 MB
[runlim] sample:		2269.8 time, 2270.1 real, 1127.4 MB
[runlim] sample:		2279.8 time, 2280.1 real, 1254.7 MB
[runlim] sample:		2289.8 time, 2290.1 real, 1382.9 MB
[runlim] sample:		2299.8 time, 2300.1 real, 1490.9 MB
[runlim] sample:		2309.8 time, 2310.1 real, 1583.2 MB
[runlim] sample:		2319.8 time, 2320.1 real, 1677.0 MB
[runlim] sample:		2329.8 time, 2330.1 real, 1778.6 MB
[runlim] sample:		2339.8 time, 2340.1 real, 1874.8 MB
[runlim] sample:		2349.8 time, 2350.1 real, 1967.3 MB
[runlim] sample:		2359.8 time, 2360.1 real, 2771.6 MB
[runlim] sample:		2369.8 time, 2370.1 real, 2772.0 MB
[runlim] sample:		2379.8 time, 2380.1 real, 1703.5 MB
[runlim] sample:		2389.8 time, 2390.1 real, 1703.5 MB
[runlim] sample:		2399.8 time, 2400.1 real, 1703.5 MB
[runlim] sample:		2409.8 time, 2410.1 real, 1234.1 MB
[runlim] sample:		2419.8 time, 2420.1 real, 1014.9 MB
[runlim] sample:		2429.8 time, 2430.1 real, 1014.9 MB
[runlim] sample:		2439.8 time, 2440.1 real, 979.4 MB
[runlim] sample:		2449.8 time, 2450.1 real, 979.4 MB
[runlim] sample:		2459.8 time, 2460.1 real, 1003.5 MB
[runlim] sample:		2469.8 time, 2470.1 real, 1003.5 MB
[runlim] sample:		2479.8 time, 2480.1 real, 1005.5 MB
[runlim] sample:		2489.8 time, 2490.1 real, 1007.5 MB
[runlim] sample:		2499.8 time, 2500.1 real, 1226.6 MB
[runlim] sample:		2509.8 time, 2510.1 real, 1018.7 MB
[runlim] sample:		2519.8 time, 2520.1 real, 1025.8 MB
[runlim] sample:		2529.8 time, 2530.1 real, 1025.7 MB
[runlim] sample:		2539.8 time, 2540.1 real, 1025.7 MB
[runlim] sample:		2549.8 time, 2550.1 real, 1025.7 MB
[runlim] sample:		2559.8 time, 2560.1 real, 1036.4 MB
[runlim] sample:		2569.8 time, 2570.1 real, 1005.7 MB
[runlim] sample:		2579.8 time, 2580.1 real, 1005.7 MB
[runlim] sample:		2589.8 time, 2590.1 real, 1026.5 MB
[runlim] sample:		2599.8 time, 2600.1 real, 1047.4 MB
[runlim] sample:		2609.8 time, 2610.1 real, 1047.4 MB
[runlim] sample:		2619.8 time, 2620.1 real, 1041.5 MB
[runlim] sample:		2629.8 time, 2630.1 real, 1041.5 MB
[runlim] sample:		2639.8 time, 2640.1 real, 1017.0 MB
[runlim] sample:		2649.8 time, 2650.1 real, 1016.9 MB
[runlim] sample:		2659.8 time, 2660.1 real, 1021.6 MB
[runlim] sample:		2669.8 time, 2670.1 real, 1021.6 MB
[runlim] sample:		2679.8 time, 2680.1 real, 1070.6 MB
[runlim] sample:		2689.8 time, 2690.1 real, 1070.6 MB
[runlim] sample:		2699.8 time, 2700.1 real, 1036.9 MB
[runlim] sample:		2709.8 time, 2710.1 real, 1036.9 MB
[runlim] sample:		2719.8 time, 2720.1 real, 1030.8 MB
[runlim] sample:		2729.8 time, 2730.1 real, 1030.8 MB
[runlim] sample:		2739.7 time, 2740.1 real, 1048.1 MB
[runlim] sample:		2749.7 time, 2750.1 real, 1048.0 MB
[runlim] sample:		2759.7 time, 2760.1 real, 1048.0 MB
[runlim] sample:		2769.8 time, 2770.1 real, 1026.0 MB
[runlim] sample:		2779.8 time, 2780.1 real, 1026.0 MB
[runlim] sample:		2789.8 time, 2790.1 real, 993.5 MB
[runlim] sample:		2799.7 time, 2800.1 real, 993.4 MB
[runlim] sample:		2809.7 time, 2810.1 real, 993.4 MB
[runlim] sample:		2819.7 time, 2820.1 real, 993.4 MB
[runlim] sample:		2829.7 time, 2830.1 real, 997.6 MB
[runlim] sample:		2839.7 time, 2840.1 real, 997.6 MB
[runlim] sample:		2849.7 time, 2850.1 real, 1007.9 MB
[runlim] sample:		2859.7 time, 2860.1 real, 1007.9 MB
[runlim] sample:		2869.7 time, 2870.1 real, 1006.1 MB
[runlim] sample:		2879.7 time, 2880.1 real, 1006.1 MB
[runlim] sample:		2889.7 time, 2890.1 real, 1016.1 MB
[runlim] sample:		2899.7 time, 2900.1 real, 1016.1 MB
[runlim] sample:		2909.7 time, 2910.1 real, 1019.7 MB
[runlim] sample:		2919.7 time, 2920.1 real, 1019.6 MB
[runlim] sample:		2929.7 time, 2930.1 real, 1031.5 MB
[runlim] sample:		2939.7 time, 2940.1 real, 1031.5 MB
[runlim] sample:		2949.7 time, 2950.1 real, 1008.2 MB
[runlim] sample:		2959.7 time, 2960.1 real, 1008.2 MB
[runlim] sample:		2969.7 time, 2970.1 real, 1029.4 MB
[runlim] sample:		2979.7 time, 2980.1 real, 1050.3 MB
[runlim] sample:		2989.7 time, 2990.1 real, 1050.3 MB
[runlim] sample:		2999.7 time, 3000.1 real, 1062.5 MB
[runlim] sample:		3009.7 time, 3010.1 real, 1062.5 MB
[runlim] sample:		3019.7 time, 3020.1 real, 1027.4 MB
[runlim] sample:		3029.7 time, 3030.1 real, 1027.3 MB
[runlim] sample:		3039.7 time, 3040.1 real, 1055.2 MB
[runlim] sample:		3049.7 time, 3050.1 real, 1055.2 MB
[runlim] sample:		3059.7 time, 3060.1 real, 1076.1 MB
[runlim] sample:		3069.7 time, 3070.1 real, 1076.1 MB
[runlim] sample:		3079.7 time, 3080.1 real, 1076.1 MB
[runlim] sample:		3089.7 time, 3090.1 real, 1060.8 MB
[runlim] sample:		3099.7 time, 3100.1 real, 1060.8 MB
[runlim] sample:		3109.7 time, 3110.1 real, 1060.7 MB
[runlim] sample:		3119.7 time, 3120.1 real, 1022.7 MB
[runlim] sample:		3129.7 time, 3130.1 real, 1026.6 MB
[runlim] sample:		3139.7 time, 3140.1 real, 1026.6 MB
[runlim] sample:		3149.7 time, 3150.1 real, 1026.6 MB
[runlim] sample:		3159.7 time, 3160.1 real, 1049.0 MB
[runlim] sample:		3169.7 time, 3170.1 real, 1048.9 MB
[runlim] sample:		3179.7 time, 3180.1 real, 1048.9 MB
[runlim] sample:		3189.7 time, 3190.1 real, 1048.9 MB
[runlim] sample:		3199.7 time, 3200.1 real, 1048.9 MB
[runlim] sample:		3209.7 time, 3210.1 real, 1116.9 MB
[runlim] sample:		3219.7 time, 3220.1 real, 1116.9 MB
[runlim] sample:		3229.7 time, 3230.1 real, 1116.9 MB
[runlim] sample:		3239.7 time, 3240.1 real, 1121.0 MB
[runlim] sample:		3249.7 time, 3250.1 real, 1121.0 MB
[runlim] sample:		3259.7 time, 3260.1 real, 1121.0 MB
[runlim] sample:		3269.7 time, 3270.1 real, 1121.0 MB
[runlim] sample:		3279.7 time, 3280.1 real, 1120.9 MB
[runlim] sample:		3289.7 time, 3290.1 real, 1167.6 MB
[runlim] sample:		3299.7 time, 3300.1 real, 1167.6 MB
[runlim] sample:		3309.7 time, 3310.1 real, 1167.6 MB
[runlim] sample:		3319.7 time, 3320.1 real, 1487.8 MB
[runlim] sample:		3329.7 time, 3330.1 real, 1155.7 MB
[runlim] sample:		3339.7 time, 3340.1 real, 1155.7 MB
[runlim] sample:		3349.7 time, 3350.1 real, 1410.8 MB
[runlim] sample:		3359.7 time, 3360.1 real, 1078.6 MB
[runlim] sample:		3369.7 time, 3370.1 real, 1078.6 MB
[runlim] sample:		3379.7 time, 3380.1 real, 1078.6 MB
[runlim] sample:		3389.7 time, 3390.1 real, 1078.6 MB
[runlim] sample:		3399.7 time, 3400.1 real, 1116.1 MB
[runlim] sample:		3409.7 time, 3410.1 real, 1116.1 MB
[runlim] sample:		3419.7 time, 3420.1 real, 1116.0 MB
[runlim] sample:		3429.7 time, 3430.1 real, 1029.1 MB
[runlim] sample:		3439.7 time, 3440.1 real, 1029.1 MB
[runlim] sample:		3449.7 time, 3450.1 real, 1029.1 MB
[runlim] sample:		3459.7 time, 3460.1 real, 1107.1 MB
[runlim] sample:		3469.7 time, 3470.1 real, 1114.9 MB
[runlim] sample:		3479.7 time, 3480.1 real, 1114.9 MB
[runlim] sample:		3489.7 time, 3490.1 real, 1125.1 MB
[runlim] sample:		3499.7 time, 3500.1 real, 1309.9 MB
[runlim] sample:		3509.7 time, 3510.1 real, 991.1 MB
[runlim] sample:		3519.7 time, 3520.1 real, 1000.6 MB
[runlim] sample:		3529.7 time, 3530.1 real, 1000.6 MB
[runlim] sample:		3539.7 time, 3540.1 real, 1000.6 MB
[runlim] sample:		3549.7 time, 3550.1 real, 1047.6 MB
[runlim] sample:		3559.7 time, 3560.1 real, 1070.3 MB
[runlim] sample:		3569.7 time, 3570.1 real, 1070.3 MB
[runlim] sample:		3579.7 time, 3580.1 real, 1092.4 MB
[runlim] sample:		3589.7 time, 3590.1 real, 1092.4 MB
[runlim] sample:		3599.7 time, 3600.1 real, 1092.4 MB
c Signal interruption.
[runlim] end:			Thu Aug 29 21:25:12 2024
[runlim] status:		out of time
[runlim] result:		2
[runlim] children:		0
[runlim] real:			3600.10 seconds
[runlim] time:			3599.72 seconds
[runlim] space:			3096.5 MB
[runlim] samples:		36000
