[runlim] version:		1.10
[runlim] time limit:		3600 seconds
[runlim] real time limit:	3600 seconds
[runlim] space limit:		30000 MB
[runlim] argv[0]:		/home/truongxuanhieu/AntiBandwidthReconstruct/build/abw_enc_symbreak_min_node_hybrid_NSC_binomial
[runlim] argv[1]:		/home/truongxuanhieu/AntiBandwidthReconstruct/build/Benchmarks/T-dwt__592.mtx.rnd
[runlim] argv[2]:		--duplexNSC
[runlim] start:			Thu Aug 29 09:24:18 2024
[runlim] main pid:		8282
[runlim] log captured:
c DuplexEncoder 0.8.
c Solving strategy: from LB to UB.
c LB-w = 103 (LB in Sinnl - A note on computational approaches for the antibandwidth problem).
c UB-w = 150 (UB in Sinnl - A note on computational approaches for the antibandwidth problem).
c Antibandwidth problem with w = 103 ( T-dwt__592.mtx.rnd ):
c Initializing CaDiCaL (version 1.2.1).
c	Configuring CaDiCaL as --sat (1).
c Initializing a DuplexNSC encoder with n = 592.
c Encoding starts with w = 103:
c	Labels and Vertices aux var: 55648
c	Labels and Vertices constraints:  792096
c	Obj k aux var: 571872
c	Obj k constraints: 6758880
c	Obj k glue staircase constraints: 4387920
c	Encoding duration: 2s
c	Number of clauses: 7551272
c	Number of irredundant clauses: 7549484
c	Number of variables: 977984
c SAT Solving starts:
[runlim] sample:		10.0 time, 10.3 real, 1149.2 MB
[runlim] sample:		20.0 time, 20.3 real, 1187.0 MB
[runlim] sample:		30.0 time, 30.3 real, 1339.7 MB
[runlim] sample:		40.0 time, 40.3 real, 1194.2 MB
[runlim] sample:		50.0 time, 50.3 real, 1180.8 MB
[runlim] sample:		60.0 time, 60.3 real, 1324.8 MB
[runlim] sample:		70.0 time, 70.3 real, 1175.1 MB
[runlim] sample:		80.0 time, 80.3 real, 1128.7 MB
[runlim] sample:		90.0 time, 90.3 real, 1342.7 MB
[runlim] sample:		100.0 time, 100.3 real, 1159.6 MB
[runlim] sample:		110.0 time, 110.3 real, 1197.0 MB
[runlim] sample:		120.0 time, 120.3 real, 1136.6 MB
[runlim] sample:		130.0 time, 130.3 real, 1140.2 MB
[runlim] sample:		140.0 time, 140.3 real, 1115.2 MB
[runlim] sample:		150.0 time, 150.3 real, 1179.4 MB
[runlim] sample:		160.0 time, 160.3 real, 1134.4 MB
[runlim] sample:		170.0 time, 170.3 real, 1144.8 MB
[runlim] sample:		180.0 time, 180.3 real, 1168.6 MB
[runlim] sample:		190.0 time, 190.3 real, 1186.5 MB
[runlim] sample:		200.0 time, 200.3 real, 1271.6 MB
[runlim] sample:		210.0 time, 210.3 real, 1181.1 MB
[runlim] sample:		220.0 time, 220.3 real, 1181.1 MB
[runlim] sample:		230.0 time, 230.3 real, 1315.4 MB
[runlim] sample:		240.0 time, 240.3 real, 1325.5 MB
[runlim] sample:		250.0 time, 250.3 real, 1325.4 MB
[runlim] sample:		260.0 time, 260.3 real, 1236.6 MB
[runlim] sample:		270.0 time, 270.3 real, 1568.5 MB
[runlim] sample:		280.0 time, 280.3 real, 1323.9 MB
[runlim] sample:		290.0 time, 290.3 real, 1328.3 MB
[runlim] sample:		300.0 time, 300.3 real, 1199.6 MB
[runlim] sample:		310.0 time, 310.3 real, 1199.6 MB
[runlim] sample:		320.0 time, 320.3 real, 1139.5 MB
[runlim] sample:		330.0 time, 330.3 real, 1181.0 MB
[runlim] sample:		340.0 time, 340.3 real, 1149.3 MB
[runlim] sample:		350.0 time, 350.3 real, 1149.2 MB
[runlim] sample:		360.0 time, 360.3 real, 1142.5 MB
[runlim] sample:		370.0 time, 370.3 real, 1142.5 MB
[runlim] sample:		380.0 time, 380.3 real, 1140.3 MB
[runlim] sample:		390.0 time, 390.3 real, 1195.2 MB
[runlim] sample:		400.0 time, 400.3 real, 1195.1 MB
[runlim] sample:		410.0 time, 410.3 real, 1197.1 MB
[runlim] sample:		420.0 time, 420.3 real, 1203.4 MB
[runlim] sample:		430.0 time, 430.3 real, 1156.9 MB
[runlim] sample:		440.0 time, 440.3 real, 1222.8 MB
[runlim] sample:		450.0 time, 450.3 real, 1183.9 MB
[runlim] sample:		460.0 time, 460.3 real, 1183.9 MB
[runlim] sample:		470.0 time, 470.3 real, 1288.5 MB
[runlim] sample:		480.0 time, 480.3 real, 1434.7 MB
[runlim] sample:		490.0 time, 490.3 real, 1928.9 MB
[runlim] sample:		500.0 time, 500.3 real, 1928.9 MB
[runlim] sample:		510.0 time, 510.3 real, 1634.9 MB
[runlim] sample:		520.0 time, 520.3 real, 1592.5 MB
[runlim] sample:		530.0 time, 530.3 real, 1596.6 MB
[runlim] sample:		540.0 time, 540.3 real, 1864.4 MB
[runlim] sample:		550.0 time, 550.3 real, 1440.9 MB
[runlim] sample:		560.0 time, 560.3 real, 1440.9 MB
[runlim] sample:		570.0 time, 570.3 real, 1585.2 MB
[runlim] sample:		580.0 time, 580.3 real, 1619.1 MB
[runlim] sample:		590.0 time, 590.3 real, 1591.1 MB
[runlim] sample:		600.0 time, 600.3 real, 1665.5 MB
[runlim] sample:		610.0 time, 610.3 real, 1543.7 MB
[runlim] sample:		620.0 time, 620.3 real, 1543.7 MB
[runlim] sample:		630.0 time, 630.3 real, 1253.4 MB
[runlim] sample:		640.0 time, 640.3 real, 1254.2 MB
[runlim] sample:		650.0 time, 650.3 real, 1537.1 MB
[runlim] sample:		660.0 time, 660.3 real, 1537.1 MB
[runlim] sample:		670.0 time, 670.3 real, 1537.1 MB
[runlim] sample:		680.0 time, 680.3 real, 1593.2 MB
[runlim] sample:		690.0 time, 690.3 real, 1900.7 MB
[runlim] sample:		700.0 time, 700.3 real, 1799.1 MB
[runlim] sample:		710.0 time, 710.3 real, 1747.8 MB
[runlim] sample:		720.0 time, 720.3 real, 1779.2 MB
[runlim] sample:		730.0 time, 730.3 real, 1779.2 MB
[runlim] sample:		739.9 time, 740.3 real, 1547.1 MB
[runlim] sample:		749.9 time, 750.3 real, 1547.1 MB
[runlim] sample:		759.9 time, 760.3 real, 1589.3 MB
[runlim] sample:		769.9 time, 770.3 real, 1588.4 MB
[runlim] sample:		779.9 time, 780.3 real, 1515.0 MB
[runlim] sample:		789.9 time, 790.3 real, 1515.0 MB
[runlim] sample:		799.9 time, 800.3 real, 1515.0 MB
[runlim] sample:		809.9 time, 810.3 real, 1522.9 MB
[runlim] sample:		819.9 time, 820.3 real, 1522.9 MB
[runlim] sample:		829.9 time, 830.3 real, 1614.6 MB
[runlim] sample:		839.9 time, 840.3 real, 1614.6 MB
[runlim] sample:		849.9 time, 850.3 real, 1574.7 MB
[runlim] sample:		859.9 time, 860.3 real, 1582.2 MB
[runlim] sample:		869.9 time, 870.3 real, 1606.0 MB
[runlim] sample:		879.9 time, 880.3 real, 1786.8 MB
[runlim] sample:		889.9 time, 890.3 real, 1946.9 MB
[runlim] sample:		899.9 time, 900.3 real, 2093.3 MB
[runlim] sample:		909.9 time, 910.3 real, 2217.8 MB
[runlim] sample:		919.9 time, 920.3 real, 2289.7 MB
[runlim] sample:		929.9 time, 930.3 real, 2311.6 MB
[runlim] sample:		939.9 time, 940.3 real, 3296.0 MB
[runlim] sample:		949.9 time, 950.3 real, 3296.0 MB
[runlim] sample:		959.9 time, 960.3 real, 3296.0 MB
[runlim] sample:		969.9 time, 970.3 real, 3296.0 MB
[runlim] sample:		979.9 time, 980.3 real, 3296.0 MB
[runlim] sample:		989.9 time, 990.3 real, 3296.0 MB
[runlim] sample:		999.9 time, 1000.3 real, 3296.0 MB
[runlim] sample:		1009.9 time, 1010.3 real, 3296.0 MB
[runlim] sample:		1019.9 time, 1020.3 real, 3163.9 MB
[runlim] sample:		1029.9 time, 1030.3 real, 3163.9 MB
[runlim] sample:		1039.9 time, 1040.3 real, 3163.9 MB
[runlim] sample:		1049.9 time, 1050.3 real, 3163.9 MB
[runlim] sample:		1059.9 time, 1060.3 real, 3163.9 MB
[runlim] sample:		1069.9 time, 1070.3 real, 3163.9 MB
[runlim] sample:		1079.9 time, 1080.3 real, 3163.9 MB
[runlim] sample:		1089.9 time, 1090.3 real, 3163.9 MB
[runlim] sample:		1099.9 time, 1100.3 real, 3163.9 MB
[runlim] sample:		1109.9 time, 1110.3 real, 3163.9 MB
[runlim] sample:		1119.9 time, 1120.3 real, 3276.2 MB
[runlim] sample:		1129.9 time, 1130.3 real, 3435.4 MB
[runlim] sample:		1139.9 time, 1140.3 real, 3435.4 MB
[runlim] sample:		1149.9 time, 1150.3 real, 3438.5 MB
[runlim] sample:		1159.9 time, 1160.3 real, 2335.9 MB
[runlim] sample:		1169.9 time, 1170.3 real, 2586.9 MB
[runlim] sample:		1179.9 time, 1180.3 real, 2097.2 MB
[runlim] sample:		1189.8 time, 1190.3 real, 2097.2 MB
[runlim] sample:		1199.9 time, 1200.3 real, 2133.1 MB
[runlim] sample:		1209.8 time, 1210.3 real, 2156.8 MB
[runlim] sample:		1219.8 time, 1220.3 real, 2156.8 MB
[runlim] sample:		1229.9 time, 1230.3 real, 2149.6 MB
[runlim] sample:		1239.9 time, 1240.3 real, 2149.6 MB
[runlim] sample:		1249.9 time, 1250.3 real, 2149.6 MB
[runlim] sample:		1259.9 time, 1260.3 real, 2149.6 MB
[runlim] sample:		1269.8 time, 1270.3 real, 2149.6 MB
[runlim] sample:		1279.8 time, 1280.3 real, 2149.6 MB
[runlim] sample:		1289.8 time, 1290.3 real, 2562.8 MB
[runlim] sample:		1299.8 time, 1300.3 real, 2562.8 MB
[runlim] sample:		1309.8 time, 1310.3 real, 2562.8 MB
[runlim] sample:		1319.8 time, 1320.3 real, 2232.5 MB
[runlim] sample:		1329.8 time, 1330.3 real, 2232.5 MB
[runlim] sample:		1339.8 time, 1340.3 real, 2232.5 MB
[runlim] sample:		1349.8 time, 1350.3 real, 2348.8 MB
[runlim] sample:		1359.8 time, 1360.3 real, 2348.8 MB
[runlim] sample:		1369.8 time, 1370.3 real, 2318.2 MB
[runlim] sample:		1379.8 time, 1380.3 real, 2152.9 MB
[runlim] sample:		1389.8 time, 1390.3 real, 2152.9 MB
[runlim] sample:		1399.8 time, 1400.3 real, 2152.9 MB
[runlim] sample:		1409.8 time, 1410.3 real, 2092.3 MB
[runlim] sample:		1419.8 time, 1420.3 real, 2092.3 MB
[runlim] sample:		1429.8 time, 1430.3 real, 2145.6 MB
[runlim] sample:		1439.8 time, 1440.3 real, 2162.5 MB
[runlim] sample:		1449.8 time, 1450.3 real, 2162.5 MB
[runlim] sample:		1459.8 time, 1460.3 real, 2162.5 MB
[runlim] sample:		1469.8 time, 1470.3 real, 2058.5 MB
[runlim] sample:		1479.8 time, 1480.3 real, 2009.0 MB
[runlim] sample:		1489.8 time, 1490.3 real, 2009.0 MB
[runlim] sample:		1499.8 time, 1500.3 real, 2009.0 MB
[runlim] sample:		1509.8 time, 1510.3 real, 1811.3 MB
[runlim] sample:		1519.8 time, 1520.3 real, 1771.4 MB
[runlim] sample:		1529.8 time, 1530.3 real, 2041.5 MB
[runlim] sample:		1539.8 time, 1540.3 real, 2041.5 MB
[runlim] sample:		1549.8 time, 1550.3 real, 2041.5 MB
[runlim] sample:		1559.8 time, 1560.3 real, 1811.2 MB
[runlim] sample:		1569.8 time, 1570.3 real, 1771.4 MB
[runlim] sample:		1579.8 time, 1580.3 real, 1771.4 MB
[runlim] sample:		1589.8 time, 1590.3 real, 1771.4 MB
[runlim] sample:		1599.8 time, 1600.3 real, 1771.4 MB
[runlim] sample:		1609.8 time, 1610.3 real, 2021.3 MB
[runlim] sample:		1619.8 time, 1620.3 real, 2021.5 MB
[runlim] sample:		1629.8 time, 1630.3 real, 2021.5 MB
[runlim] sample:		1639.8 time, 1640.3 real, 2021.5 MB
[runlim] sample:		1649.8 time, 1650.3 real, 2021.5 MB
[runlim] sample:		1659.8 time, 1660.3 real, 2021.5 MB
[runlim] sample:		1669.8 time, 1670.3 real, 2057.3 MB
[runlim] sample:		1679.8 time, 1680.3 real, 2219.7 MB
[runlim] sample:		1689.8 time, 1690.3 real, 2307.4 MB
[runlim] sample:		1699.8 time, 1700.3 real, 3298.6 MB
[runlim] sample:		1709.8 time, 1710.3 real, 2298.4 MB
[runlim] sample:		1719.8 time, 1720.3 real, 2298.4 MB
[runlim] sample:		1729.8 time, 1730.3 real, 2298.4 MB
[runlim] sample:		1739.8 time, 1740.3 real, 2323.1 MB
[runlim] sample:		1749.8 time, 1750.3 real, 2283.3 MB
[runlim] sample:		1759.8 time, 1760.3 real, 2283.3 MB
[runlim] sample:		1769.8 time, 1770.3 real, 2283.3 MB
[runlim] sample:		1779.8 time, 1780.3 real, 2283.3 MB
[runlim] sample:		1789.8 time, 1790.3 real, 2283.3 MB
[runlim] sample:		1799.8 time, 1800.3 real, 2283.3 MB
[runlim] sample:		1809.8 time, 1810.3 real, 2612.1 MB
[runlim] sample:		1819.8 time, 1820.3 real, 2612.1 MB
[runlim] sample:		1829.8 time, 1830.3 real, 2612.1 MB
[runlim] sample:		1839.8 time, 1840.3 real, 2612.1 MB
[runlim] sample:		1849.8 time, 1850.3 real, 2555.3 MB
[runlim] sample:		1859.8 time, 1860.3 real, 2555.3 MB
[runlim] sample:		1869.8 time, 1870.3 real, 2555.3 MB
[runlim] sample:		1879.8 time, 1880.3 real, 2555.3 MB
[runlim] sample:		1889.8 time, 1890.3 real, 2555.3 MB
[runlim] sample:		1899.8 time, 1900.3 real, 2316.8 MB
[runlim] sample:		1909.8 time, 1910.3 real, 2316.8 MB
[runlim] sample:		1919.8 time, 1920.3 real, 2316.8 MB
[runlim] sample:		1929.8 time, 1930.3 real, 2316.8 MB
[runlim] sample:		1939.8 time, 1940.3 real, 2316.8 MB
[runlim] sample:		1949.8 time, 1950.3 real, 2694.2 MB
[runlim] sample:		1959.8 time, 1960.3 real, 2694.2 MB
[runlim] sample:		1969.8 time, 1970.3 real, 2694.2 MB
[runlim] sample:		1979.8 time, 1980.3 real, 2694.2 MB
[runlim] sample:		1989.8 time, 1990.3 real, 2694.2 MB
[runlim] sample:		1999.8 time, 2000.3 real, 2737.2 MB
[runlim] sample:		2009.8 time, 2010.3 real, 2962.0 MB
[runlim] sample:		2019.8 time, 2020.3 real, 2962.0 MB
[runlim] sample:		2029.8 time, 2030.3 real, 2321.7 MB
[runlim] sample:		2039.8 time, 2040.3 real, 2321.7 MB
[runlim] sample:		2049.8 time, 2050.3 real, 2321.7 MB
[runlim] sample:		2059.8 time, 2060.3 real, 2321.7 MB
[runlim] sample:		2069.8 time, 2070.3 real, 2321.7 MB
[runlim] sample:		2079.8 time, 2080.3 real, 2729.4 MB
[runlim] sample:		2089.8 time, 2090.3 real, 2643.1 MB
[runlim] sample:		2099.8 time, 2100.3 real, 2643.1 MB
[runlim] sample:		2109.8 time, 2110.3 real, 2643.1 MB
[runlim] sample:		2119.8 time, 2120.3 real, 2365.3 MB
[runlim] sample:		2129.8 time, 2130.3 real, 2365.3 MB
[runlim] sample:		2139.8 time, 2140.3 real, 2365.3 MB
[runlim] sample:		2149.8 time, 2150.3 real, 2294.0 MB
[runlim] sample:		2159.8 time, 2160.3 real, 2341.7 MB
[runlim] sample:		2169.8 time, 2170.3 real, 2341.7 MB
[runlim] sample:		2179.8 time, 2180.3 real, 2341.7 MB
[runlim] sample:		2189.8 time, 2190.3 real, 2496.9 MB
[runlim] sample:		2199.8 time, 2200.3 real, 2496.9 MB
[runlim] sample:		2209.8 time, 2210.3 real, 2496.9 MB
[runlim] sample:		2219.8 time, 2220.3 real, 2496.9 MB
[runlim] sample:		2229.8 time, 2230.3 real, 2645.1 MB
[runlim] sample:		2239.8 time, 2240.3 real, 2645.1 MB
[runlim] sample:		2249.8 time, 2250.3 real, 2313.5 MB
[runlim] sample:		2259.8 time, 2260.3 real, 2264.7 MB
[runlim] sample:		2269.8 time, 2270.3 real, 2520.8 MB
[runlim] sample:		2279.8 time, 2280.3 real, 2232.4 MB
[runlim] sample:		2289.8 time, 2290.3 real, 2232.4 MB
[runlim] sample:		2299.8 time, 2300.3 real, 2571.8 MB
[runlim] sample:		2309.8 time, 2310.3 real, 2315.9 MB
[runlim] sample:		2319.8 time, 2320.3 real, 2315.9 MB
[runlim] sample:		2329.8 time, 2330.3 real, 1976.3 MB
[runlim] sample:		2339.8 time, 2340.3 real, 1976.3 MB
[runlim] sample:		2349.8 time, 2350.3 real, 1976.3 MB
[runlim] sample:		2359.8 time, 2360.3 real, 2333.2 MB
[runlim] sample:		2369.8 time, 2370.3 real, 2333.2 MB
[runlim] sample:		2379.8 time, 2380.3 real, 2333.2 MB
[runlim] sample:		2389.8 time, 2390.3 real, 2333.2 MB
[runlim] sample:		2399.8 time, 2400.3 real, 2434.9 MB
[runlim] sample:		2409.8 time, 2410.3 real, 2434.9 MB
[runlim] sample:		2419.8 time, 2420.3 real, 1976.3 MB
[runlim] sample:		2429.8 time, 2430.3 real, 1976.3 MB
[runlim] sample:		2439.8 time, 2440.3 real, 1976.3 MB
[runlim] sample:		2449.8 time, 2450.3 real, 2354.6 MB
[runlim] sample:		2459.8 time, 2460.3 real, 2396.6 MB
[runlim] sample:		2469.8 time, 2470.3 real, 1988.9 MB
[runlim] sample:		2479.8 time, 2480.3 real, 1988.9 MB
[runlim] sample:		2489.8 time, 2490.3 real, 1988.9 MB
[runlim] sample:		2499.8 time, 2500.3 real, 2265.5 MB
[runlim] sample:		2509.8 time, 2510.3 real, 1887.1 MB
[runlim] sample:		2519.8 time, 2520.3 real, 1887.1 MB
[runlim] sample:		2529.8 time, 2530.3 real, 1918.5 MB
[runlim] sample:		2539.8 time, 2540.3 real, 1918.5 MB
[runlim] sample:		2549.8 time, 2550.3 real, 1918.5 MB
[runlim] sample:		2559.8 time, 2560.3 real, 1918.5 MB
[runlim] sample:		2569.8 time, 2570.3 real, 1898.0 MB
[runlim] sample:		2579.8 time, 2580.3 real, 1898.0 MB
[runlim] sample:		2589.8 time, 2590.3 real, 1898.0 MB
[runlim] sample:		2599.8 time, 2600.3 real, 1898.0 MB
[runlim] sample:		2609.8 time, 2610.3 real, 1898.0 MB
[runlim] sample:		2619.8 time, 2620.3 real, 1898.0 MB
[runlim] sample:		2629.8 time, 2630.3 real, 1986.5 MB
[runlim] sample:		2639.8 time, 2640.3 real, 2690.6 MB
[runlim] sample:		2649.8 time, 2650.3 real, 2690.6 MB
[runlim] sample:		2659.8 time, 2660.3 real, 2690.6 MB
[runlim] sample:		2669.8 time, 2670.3 real, 2664.6 MB
[runlim] sample:		2679.8 time, 2680.3 real, 2673.9 MB
[runlim] sample:		2689.8 time, 2690.3 real, 2673.9 MB
[runlim] sample:		2699.8 time, 2700.3 real, 2674.4 MB
[runlim] sample:		2709.8 time, 2710.3 real, 2394.7 MB
[runlim] sample:		2719.8 time, 2720.3 real, 2394.7 MB
[runlim] sample:		2729.8 time, 2730.3 real, 2394.7 MB
[runlim] sample:		2739.8 time, 2740.3 real, 1923.6 MB
[runlim] sample:		2749.8 time, 2750.3 real, 1923.6 MB
[runlim] sample:		2759.8 time, 2760.3 real, 1923.6 MB
[runlim] sample:		2769.8 time, 2770.3 real, 1923.6 MB
[runlim] sample:		2779.8 time, 2780.3 real, 1923.6 MB
[runlim] sample:		2789.8 time, 2790.3 real, 1923.6 MB
[runlim] sample:		2799.8 time, 2800.3 real, 1923.6 MB
[runlim] sample:		2809.8 time, 2810.3 real, 1923.6 MB
[runlim] sample:		2819.8 time, 2820.3 real, 1923.6 MB
[runlim] sample:		2829.8 time, 2830.3 real, 1923.6 MB
[runlim] sample:		2839.8 time, 2840.3 real, 1923.6 MB
[runlim] sample:		2849.8 time, 2850.3 real, 2017.2 MB
[runlim] sample:		2859.8 time, 2860.3 real, 2137.9 MB
[runlim] sample:		2869.8 time, 2870.3 real, 2809.3 MB
[runlim] sample:		2879.8 time, 2880.3 real, 2809.3 MB
[runlim] sample:		2889.8 time, 2890.3 real, 2737.5 MB
[runlim] sample:		2899.8 time, 2900.3 real, 2737.5 MB
[runlim] sample:		2909.8 time, 2910.3 real, 2737.5 MB
[runlim] sample:		2919.8 time, 2920.3 real, 2737.5 MB
[runlim] sample:		2929.8 time, 2930.3 real, 2371.8 MB
[runlim] sample:		2939.8 time, 2940.3 real, 2371.8 MB
[runlim] sample:		2949.8 time, 2950.3 real, 2371.8 MB
[runlim] sample:		2959.8 time, 2960.3 real, 2371.8 MB
[runlim] sample:		2969.8 time, 2970.3 real, 1889.3 MB
[runlim] sample:		2979.8 time, 2980.3 real, 1889.3 MB
[runlim] sample:		2989.8 time, 2990.3 real, 1898.9 MB
[runlim] sample:		2999.8 time, 3000.3 real, 1858.6 MB
[runlim] sample:		3009.8 time, 3010.3 real, 1858.6 MB
[runlim] sample:		3019.8 time, 3020.3 real, 1858.6 MB
[runlim] sample:		3029.8 time, 3030.3 real, 2372.7 MB
[runlim] sample:		3039.8 time, 3040.3 real, 2372.7 MB
[runlim] sample:		3049.8 time, 3050.3 real, 2372.7 MB
[runlim] sample:		3059.8 time, 3060.3 real, 2372.7 MB
[runlim] sample:		3069.8 time, 3070.3 real, 2372.7 MB
[runlim] sample:		3079.8 time, 3080.3 real, 2372.7 MB
[runlim] sample:		3089.8 time, 3090.3 real, 2372.7 MB
[runlim] sample:		3099.8 time, 3100.3 real, 2372.7 MB
[runlim] sample:		3109.7 time, 3110.3 real, 2689.1 MB
[runlim] sample:		3119.8 time, 3120.3 real, 2699.9 MB
[runlim] sample:		3129.8 time, 3130.3 real, 2380.3 MB
[runlim] sample:		3139.8 time, 3140.3 real, 2380.3 MB
[runlim] sample:		3149.8 time, 3150.3 real, 2380.3 MB
[runlim] sample:		3159.8 time, 3160.3 real, 2667.4 MB
[runlim] sample:		3169.8 time, 3170.3 real, 1924.9 MB
[runlim] sample:		3179.8 time, 3180.3 real, 1924.9 MB
[runlim] sample:		3189.8 time, 3190.3 real, 2186.0 MB
[runlim] sample:		3199.7 time, 3200.3 real, 1912.1 MB
[runlim] sample:		3209.7 time, 3210.3 real, 1912.1 MB
[runlim] sample:		3219.8 time, 3220.3 real, 1912.1 MB
[runlim] sample:		3229.7 time, 3230.3 real, 1912.1 MB
[runlim] sample:		3239.7 time, 3240.3 real, 2095.2 MB
[runlim] sample:		3249.8 time, 3250.3 real, 2113.2 MB
[runlim] sample:		3259.8 time, 3260.3 real, 2113.2 MB
[runlim] sample:		3269.7 time, 3270.3 real, 1615.8 MB
[runlim] sample:		3279.7 time, 3280.3 real, 1615.8 MB
[runlim] sample:		3289.7 time, 3290.3 real, 1615.8 MB
[runlim] sample:		3299.7 time, 3300.3 real, 1655.6 MB
[runlim] sample:		3309.7 time, 3310.3 real, 1615.8 MB
[runlim] sample:		3319.7 time, 3320.3 real, 1615.8 MB
[runlim] sample:		3329.7 time, 3330.3 real, 2030.8 MB
[runlim] sample:		3339.7 time, 3340.3 real, 2030.8 MB
[runlim] sample:		3349.8 time, 3350.3 real, 2030.8 MB
[runlim] sample:		3359.7 time, 3360.3 real, 2030.8 MB
[runlim] sample:		3369.7 time, 3370.3 real, 2070.6 MB
[runlim] sample:		3379.7 time, 3380.3 real, 2070.6 MB
[runlim] sample:		3389.7 time, 3390.3 real, 2389.0 MB
[runlim] sample:		3399.7 time, 3400.3 real, 2331.1 MB
[runlim] sample:		3409.7 time, 3410.3 real, 1637.7 MB
[runlim] sample:		3419.7 time, 3420.3 real, 1637.7 MB
[runlim] sample:		3429.7 time, 3430.3 real, 1935.6 MB
[runlim] sample:		3439.7 time, 3440.3 real, 1913.5 MB
[runlim] sample:		3449.7 time, 3450.3 real, 1913.5 MB
[runlim] sample:		3459.7 time, 3460.3 real, 1913.5 MB
[runlim] sample:		3469.7 time, 3470.3 real, 1913.5 MB
[runlim] sample:		3479.7 time, 3480.3 real, 1913.5 MB
[runlim] sample:		3489.7 time, 3490.3 real, 1913.5 MB
[runlim] sample:		3499.7 time, 3500.3 real, 1913.5 MB
[runlim] sample:		3509.7 time, 3510.3 real, 1913.5 MB
[runlim] sample:		3519.7 time, 3520.3 real, 1985.9 MB
[runlim] sample:		3529.7 time, 3530.3 real, 2106.6 MB
[runlim] sample:		3539.7 time, 3540.3 real, 3512.1 MB
[runlim] sample:		3549.7 time, 3550.3 real, 2499.9 MB
[runlim] sample:		3559.7 time, 3560.3 real, 2499.9 MB
[runlim] sample:		3569.7 time, 3570.3 real, 2499.9 MB
[runlim] sample:		3579.7 time, 3580.3 real, 2499.9 MB
[runlim] sample:		3589.7 time, 3590.3 real, 2092.1 MB
c Signal interruption.
[runlim] end:			Thu Aug 29 10:24:18 2024
[runlim] status:		out of time
[runlim] result:		2
[runlim] children:		0
[runlim] real:			3600.04 seconds
[runlim] time:			3599.42 seconds
[runlim] space:			4851.7 MB
[runlim] samples:		35997
