[runlim] version:		1.10
[runlim] time limit:		3600 seconds
[runlim] real time limit:	3600 seconds
[runlim] space limit:		30000 MB
[runlim] argv[0]:		./abw_enc_hybrid_NSC_binomial
[runlim] argv[1]:		Benchmarks/K-dwt__234.mtx.rnd
[runlim] argv[2]:		--duplexNSC
[runlim] argv[3]:		-split-size
[runlim] argv[4]:		10
[runlim] start:			Tue Aug 27 09:03:03 2024
[runlim] main pid:		3735
[runlim] log captured:
c DuplexEncoder 0.8.
c Splitting clauses at length 10.
c Solving strategy: from LB to UB.
c LB-w = 46 (LB in Sinnl - A note on computational approaches for the antibandwidth problem).
c UB-w = 58 (UB in Sinnl - A note on computational approaches for the antibandwidth problem).
c Antibandwidth problem with w = 46 ( K-dwt__234.mtx.rnd ):
c Initializing CaDiCaL (version 1.2.1).
c	Configuring CaDiCaL as --sat (1).
c Initializing a DuplexNSC encoder with n = 117.
c Encoding starts with w = 46:
c	Labels and Vertices aux var: 4680
c	Labels and Vertices constraints:  34515
c	Obj k aux var: 16263
c	Obj k constraints: 118575
c	Obj k glue staircase constraints: 45684
c	Encoding duration: 0s
c	Number of clauses: 154786
c	Number of irredundant clauses: 154382
c	Number of variables: 36270
c SAT Solving starts:
c	Solving duration: 5801 ms
c	Answer: 
s SAT (w = 46)
AB is set to 64
Node 28 : 21
Node 115 : 85
AB is set to 46
Node 15 : 93
Node 48 : 47
c	Solution check:
p calculated antibandwidth = 46.
c
c
c Antibandwidth problem with w = 47 ( K-dwt__234.mtx.rnd ):
c Initializing CaDiCaL (version 1.2.1).
c	Configuring CaDiCaL as --sat (1).
c Initializing a DuplexNSC encoder with n = 117.
c Encoding starts with w = 47:
c	Labels and Vertices aux var: 4680
c	Labels and Vertices constraints:  34515
c	Obj k aux var: 16029
c	Obj k constraints: 117459
c	Obj k glue staircase constraints: 45036
c	Encoding duration: 0s
c	Number of clauses: 153670
c	Number of irredundant clauses: 153264
c	Number of variables: 36036
c SAT Solving starts:
[runlim] sample:		10.0 time, 10.7 real, 46.8 MB
[runlim] sample:		20.0 time, 20.7 real, 48.2 MB
[runlim] sample:		30.0 time, 30.7 real, 109.9 MB
[runlim] sample:		40.0 time, 40.7 real, 86.8 MB
[runlim] sample:		50.0 time, 50.7 real, 103.8 MB
[runlim] sample:		60.0 time, 60.7 real, 103.8 MB
[runlim] sample:		70.0 time, 70.7 real, 119.8 MB
[runlim] sample:		80.0 time, 80.7 real, 119.8 MB
[runlim] sample:		90.0 time, 90.7 real, 162.3 MB
[runlim] sample:		100.0 time, 100.7 real, 211.8 MB
[runlim] sample:		110.0 time, 110.7 real, 176.7 MB
[runlim] sample:		120.0 time, 120.7 real, 226.4 MB
[runlim] sample:		130.0 time, 130.7 real, 177.1 MB
[runlim] sample:		140.0 time, 140.7 real, 249.9 MB
[runlim] sample:		150.0 time, 150.7 real, 203.5 MB
c	Solving duration: 152151 ms
c	Answer: 
s SAT (w = 47)
AB is set to 72
Node 28 : 100
Node 115 : 28
AB is set to 67
Node 67 : 92
Node 87 : 25
AB is set to 65
Node 15 : 46
Node 48 : 111
AB is set to 62
Node 4 : 38
Node 28 : 100
AB is set to 58
Node 28 : 100
Node 105 : 42
AB is set to 48
Node 28 : 100
Node 113 : 52
AB is set to 47
Node 32 : 82
Node 72 : 35
c	Solution check:
p calculated antibandwidth = 47.
c
c
c Antibandwidth problem with w = 48 ( K-dwt__234.mtx.rnd ):
c Initializing CaDiCaL (version 1.2.1).
c	Configuring CaDiCaL as --sat (1).
c Initializing a DuplexNSC encoder with n = 117.
c Encoding starts with w = 48:
c	Labels and Vertices aux var: 4680
c	Labels and Vertices constraints:  34515
c	Obj k aux var: 15795
c	Obj k constraints: 116343
c	Obj k glue staircase constraints: 44388
c	Encoding duration: 0s
c	Number of clauses: 152554
c	Number of irredundant clauses: 152146
c	Number of variables: 35802
c SAT Solving starts:
[runlim] sample:		160.0 time, 160.7 real, 203.5 MB
[runlim] sample:		170.0 time, 170.7 real, 203.5 MB
[runlim] sample:		180.0 time, 180.7 real, 203.5 MB
[runlim] sample:		190.0 time, 190.7 real, 203.5 MB
[runlim] sample:		200.0 time, 200.7 real, 268.4 MB
[runlim] sample:		210.0 time, 210.7 real, 149.2 MB
[runlim] sample:		220.0 time, 220.7 real, 171.1 MB
c	Solving duration: 64366 ms
c	Answer: 
s SAT (w = 48)
AB is set to 48
Node 28 : 61
Node 115 : 109
c	Solution check:
p calculated antibandwidth = 48.
c
c
c Antibandwidth problem with w = 49 ( K-dwt__234.mtx.rnd ):
c Initializing CaDiCaL (version 1.2.1).
c	Configuring CaDiCaL as --sat (1).
c Initializing a DuplexNSC encoder with n = 117.
c Encoding starts with w = 49:
c	Labels and Vertices aux var: 4680
c	Labels and Vertices constraints:  34515
c	Obj k aux var: 15561
c	Obj k constraints: 115227
c	Obj k glue staircase constraints: 43740
c	Encoding duration: 0s
c	Number of clauses: 151555
c	Number of irredundant clauses: 151144
c	Number of variables: 35685
c SAT Solving starts:
[runlim] sample:		230.0 time, 230.7 real, 171.1 MB
[runlim] sample:		240.0 time, 240.7 real, 171.1 MB
[runlim] sample:		250.0 time, 250.7 real, 171.1 MB
[runlim] sample:		260.0 time, 260.7 real, 171.1 MB
[runlim] sample:		270.0 time, 270.7 real, 171.1 MB
[runlim] sample:		280.0 time, 280.7 real, 204.1 MB
[runlim] sample:		289.9 time, 290.7 real, 178.9 MB
[runlim] sample:		300.0 time, 300.7 real, 227.8 MB
[runlim] sample:		310.0 time, 310.7 real, 241.4 MB
[runlim] sample:		319.9 time, 320.7 real, 179.0 MB
[runlim] sample:		329.9 time, 330.7 real, 179.0 MB
[runlim] sample:		339.9 time, 340.7 real, 179.0 MB
[runlim] sample:		349.9 time, 350.7 real, 179.0 MB
[runlim] sample:		359.9 time, 360.7 real, 179.0 MB
[runlim] sample:		370.0 time, 370.7 real, 240.7 MB
[runlim] sample:		379.9 time, 380.7 real, 216.8 MB
[runlim] sample:		389.9 time, 390.7 real, 234.7 MB
[runlim] sample:		399.9 time, 400.7 real, 210.7 MB
[runlim] sample:		409.9 time, 410.7 real, 179.6 MB
[runlim] sample:		419.9 time, 420.7 real, 248.0 MB
[runlim] sample:		429.9 time, 430.7 real, 271.0 MB
[runlim] sample:		439.9 time, 440.7 real, 258.4 MB
[runlim] sample:		449.9 time, 450.7 real, 263.7 MB
[runlim] sample:		459.9 time, 460.7 real, 277.5 MB
[runlim] sample:		469.9 time, 470.7 real, 260.7 MB
[runlim] sample:		479.9 time, 480.7 real, 262.5 MB
[runlim] sample:		489.9 time, 490.7 real, 270.7 MB
[runlim] sample:		499.9 time, 500.7 real, 255.5 MB
[runlim] sample:		509.9 time, 510.7 real, 216.2 MB
[runlim] sample:		519.9 time, 520.7 real, 204.8 MB
[runlim] sample:		529.9 time, 530.7 real, 247.6 MB
[runlim] sample:		539.9 time, 540.7 real, 299.5 MB
[runlim] sample:		549.9 time, 550.7 real, 204.9 MB
[runlim] sample:		559.9 time, 560.7 real, 204.9 MB
[runlim] sample:		569.9 time, 570.7 real, 245.9 MB
[runlim] sample:		579.9 time, 580.7 real, 249.9 MB
[runlim] sample:		589.9 time, 590.7 real, 241.1 MB
[runlim] sample:		599.9 time, 600.7 real, 207.5 MB
[runlim] sample:		609.9 time, 610.7 real, 207.5 MB
[runlim] sample:		619.9 time, 620.7 real, 265.0 MB
[runlim] sample:		629.9 time, 630.7 real, 282.2 MB
[runlim] sample:		639.9 time, 640.7 real, 209.6 MB
[runlim] sample:		649.9 time, 650.7 real, 210.9 MB
[runlim] sample:		659.9 time, 660.7 real, 211.1 MB
[runlim] sample:		669.9 time, 670.7 real, 211.1 MB
[runlim] sample:		679.9 time, 680.7 real, 211.1 MB
[runlim] sample:		689.9 time, 690.7 real, 211.1 MB
[runlim] sample:		699.9 time, 700.7 real, 211.1 MB
[runlim] sample:		709.9 time, 710.7 real, 310.2 MB
[runlim] sample:		719.9 time, 720.7 real, 310.2 MB
[runlim] sample:		729.9 time, 730.7 real, 485.2 MB
[runlim] sample:		739.9 time, 740.7 real, 314.1 MB
[runlim] sample:		749.9 time, 750.7 real, 262.4 MB
[runlim] sample:		759.9 time, 760.7 real, 263.4 MB
[runlim] sample:		769.9 time, 770.7 real, 263.4 MB
[runlim] sample:		779.9 time, 780.7 real, 263.4 MB
[runlim] sample:		789.9 time, 790.7 real, 263.4 MB
[runlim] sample:		799.9 time, 800.7 real, 318.1 MB
[runlim] sample:		809.9 time, 810.7 real, 305.2 MB
[runlim] sample:		819.9 time, 820.7 real, 263.5 MB
[runlim] sample:		829.9 time, 830.7 real, 264.0 MB
[runlim] sample:		839.9 time, 840.7 real, 313.9 MB
[runlim] sample:		849.9 time, 850.7 real, 264.0 MB
[runlim] sample:		859.9 time, 860.7 real, 264.0 MB
[runlim] sample:		869.9 time, 870.7 real, 264.0 MB
[runlim] sample:		879.9 time, 880.7 real, 264.0 MB
[runlim] sample:		889.9 time, 890.7 real, 316.4 MB
[runlim] sample:		899.9 time, 900.7 real, 264.0 MB
[runlim] sample:		909.9 time, 910.7 real, 311.2 MB
[runlim] sample:		919.9 time, 920.7 real, 264.0 MB
[runlim] sample:		929.9 time, 930.7 real, 327.6 MB
[runlim] sample:		939.9 time, 940.7 real, 264.0 MB
[runlim] sample:		949.9 time, 950.7 real, 327.4 MB
[runlim] sample:		959.9 time, 960.7 real, 264.0 MB
[runlim] sample:		969.9 time, 970.7 real, 327.9 MB
[runlim] sample:		979.9 time, 980.7 real, 264.0 MB
[runlim] sample:		989.9 time, 990.7 real, 264.0 MB
[runlim] sample:		999.9 time, 1000.7 real, 328.4 MB
[runlim] sample:		1009.9 time, 1010.7 real, 264.0 MB
[runlim] sample:		1019.9 time, 1020.7 real, 264.0 MB
[runlim] sample:		1029.9 time, 1030.7 real, 370.1 MB
[runlim] sample:		1039.9 time, 1040.7 real, 264.0 MB
[runlim] sample:		1049.9 time, 1050.7 real, 342.4 MB
[runlim] sample:		1059.9 time, 1060.7 real, 264.0 MB
[runlim] sample:		1069.9 time, 1070.7 real, 331.9 MB
[runlim] sample:		1079.9 time, 1080.7 real, 264.0 MB
[runlim] sample:		1089.9 time, 1090.7 real, 264.0 MB
[runlim] sample:		1099.9 time, 1100.7 real, 264.0 MB
[runlim] sample:		1109.9 time, 1110.7 real, 264.0 MB
[runlim] sample:		1119.9 time, 1120.7 real, 333.6 MB
[runlim] sample:		1129.9 time, 1130.7 real, 333.6 MB
[runlim] sample:		1139.9 time, 1140.7 real, 264.0 MB
[runlim] sample:		1149.9 time, 1150.7 real, 264.0 MB
[runlim] sample:		1159.9 time, 1160.7 real, 264.0 MB
[runlim] sample:		1169.9 time, 1170.7 real, 324.9 MB
[runlim] sample:		1179.9 time, 1180.7 real, 264.0 MB
[runlim] sample:		1189.9 time, 1190.7 real, 264.0 MB
[runlim] sample:		1199.9 time, 1200.7 real, 323.4 MB
[runlim] sample:		1209.9 time, 1210.7 real, 264.0 MB
[runlim] sample:		1219.9 time, 1220.7 real, 264.0 MB
[runlim] sample:		1229.9 time, 1230.7 real, 534.8 MB
[runlim] sample:		1239.9 time, 1240.7 real, 535.0 MB
[runlim] sample:		1249.9 time, 1250.7 real, 326.2 MB
[runlim] sample:		1259.9 time, 1260.7 real, 326.2 MB
[runlim] sample:		1269.9 time, 1270.7 real, 373.7 MB
[runlim] sample:		1279.9 time, 1280.7 real, 326.2 MB
[runlim] sample:		1289.9 time, 1290.7 real, 392.9 MB
[runlim] sample:		1299.9 time, 1300.7 real, 387.9 MB
[runlim] sample:		1309.9 time, 1310.7 real, 446.2 MB
[runlim] sample:		1319.9 time, 1320.7 real, 366.2 MB
[runlim] sample:		1329.9 time, 1330.7 real, 326.2 MB
[runlim] sample:		1339.9 time, 1340.7 real, 378.4 MB
[runlim] sample:		1349.9 time, 1350.7 real, 326.2 MB
[runlim] sample:		1359.9 time, 1360.7 real, 326.2 MB
[runlim] sample:		1369.9 time, 1370.7 real, 327.8 MB
[runlim] sample:		1379.9 time, 1380.7 real, 423.9 MB
[runlim] sample:		1389.9 time, 1390.7 real, 423.9 MB
[runlim] sample:		1399.9 time, 1400.7 real, 447.0 MB
[runlim] sample:		1409.9 time, 1410.7 real, 412.8 MB
[runlim] sample:		1419.9 time, 1420.7 real, 327.8 MB
[runlim] sample:		1429.9 time, 1430.7 real, 392.9 MB
[runlim] sample:		1439.9 time, 1440.7 real, 536.9 MB
[runlim] sample:		1449.9 time, 1450.7 real, 536.9 MB
[runlim] sample:		1459.9 time, 1460.7 real, 405.1 MB
[runlim] sample:		1469.9 time, 1470.7 real, 488.0 MB
[runlim] sample:		1479.9 time, 1480.7 real, 407.1 MB
[runlim] sample:		1489.9 time, 1490.7 real, 528.4 MB
c	Solving duration: 1267779 ms
c	Answer: 
s SAT (w = 49)
AB is set to 81
Node 28 : 117
Node 115 : 36
AB is set to 55
Node 67 : 116
Node 87 : 61
AB is set to 49
Node 15 : 15
Node 48 : 64
c	Solution check:
p calculated antibandwidth = 49.
c
c
c Antibandwidth problem with w = 50 ( K-dwt__234.mtx.rnd ):
c Initializing CaDiCaL (version 1.2.1).
c	Configuring CaDiCaL as --sat (1).
c Initializing a DuplexNSC encoder with n = 117.
c Encoding starts with w = 50:
c	Labels and Vertices aux var: 4680
c	Labels and Vertices constraints:  34515
c	Obj k aux var: 15327
c	Obj k constraints: 114111
c	Obj k glue staircase constraints: 43092
c	Encoding duration: 0s
c	Number of clauses: 150439
c	Number of irredundant clauses: 150026
c	Number of variables: 35451
c SAT Solving starts:
[runlim] sample:		1499.9 time, 1500.7 real, 327.8 MB
[runlim] sample:		1509.9 time, 1510.7 real, 327.8 MB
[runlim] sample:		1519.9 time, 1520.7 real, 327.8 MB
[runlim] sample:		1529.9 time, 1530.7 real, 327.8 MB
[runlim] sample:		1539.9 time, 1540.7 real, 327.8 MB
[runlim] sample:		1549.9 time, 1550.7 real, 327.8 MB
[runlim] sample:		1559.9 time, 1560.7 real, 327.8 MB
[runlim] sample:		1569.9 time, 1570.7 real, 327.8 MB
[runlim] sample:		1579.9 time, 1580.7 real, 327.8 MB
[runlim] sample:		1589.9 time, 1590.7 real, 327.8 MB
[runlim] sample:		1599.9 time, 1600.7 real, 327.8 MB
[runlim] sample:		1609.9 time, 1610.7 real, 327.8 MB
[runlim] sample:		1619.9 time, 1620.7 real, 327.8 MB
[runlim] sample:		1629.9 time, 1630.7 real, 327.8 MB
[runlim] sample:		1639.9 time, 1640.7 real, 327.8 MB
[runlim] sample:		1649.9 time, 1650.7 real, 376.8 MB
[runlim] sample:		1659.9 time, 1660.7 real, 376.0 MB
[runlim] sample:		1669.9 time, 1670.7 real, 403.7 MB
[runlim] sample:		1679.9 time, 1680.7 real, 327.8 MB
[runlim] sample:		1689.9 time, 1690.7 real, 327.8 MB
[runlim] sample:		1699.9 time, 1700.7 real, 327.8 MB
[runlim] sample:		1709.9 time, 1710.7 real, 327.8 MB
[runlim] sample:		1719.9 time, 1720.7 real, 327.8 MB
[runlim] sample:		1729.9 time, 1730.7 real, 327.8 MB
[runlim] sample:		1739.9 time, 1740.7 real, 327.8 MB
[runlim] sample:		1749.9 time, 1750.7 real, 327.8 MB
[runlim] sample:		1759.9 time, 1760.7 real, 327.8 MB
[runlim] sample:		1769.9 time, 1770.7 real, 327.8 MB
[runlim] sample:		1779.9 time, 1780.7 real, 327.8 MB
[runlim] sample:		1789.9 time, 1790.7 real, 376.8 MB
[runlim] sample:		1799.9 time, 1800.7 real, 327.8 MB
[runlim] sample:		1809.9 time, 1810.7 real, 327.8 MB
[runlim] sample:		1819.9 time, 1820.7 real, 327.8 MB
[runlim] sample:		1829.9 time, 1830.7 real, 327.8 MB
[runlim] sample:		1839.9 time, 1840.7 real, 327.8 MB
[runlim] sample:		1849.9 time, 1850.7 real, 327.8 MB
[runlim] sample:		1859.9 time, 1860.7 real, 327.8 MB
[runlim] sample:		1869.9 time, 1870.7 real, 384.0 MB
[runlim] sample:		1879.9 time, 1880.7 real, 327.8 MB
[runlim] sample:		1889.9 time, 1890.7 real, 327.8 MB
[runlim] sample:		1899.9 time, 1900.7 real, 327.8 MB
[runlim] sample:		1909.9 time, 1910.7 real, 327.8 MB
[runlim] sample:		1919.9 time, 1920.7 real, 374.8 MB
[runlim] sample:		1929.9 time, 1930.7 real, 327.8 MB
[runlim] sample:		1939.9 time, 1940.7 real, 327.8 MB
[runlim] sample:		1949.9 time, 1950.7 real, 327.8 MB
[runlim] sample:		1959.8 time, 1960.7 real, 380.3 MB
[runlim] sample:		1969.8 time, 1970.7 real, 420.7 MB
[runlim] sample:		1979.9 time, 1980.7 real, 473.6 MB
[runlim] sample:		1989.8 time, 1990.7 real, 448.3 MB
[runlim] sample:		1999.9 time, 2000.7 real, 387.5 MB
[runlim] sample:		2009.9 time, 2010.7 real, 327.8 MB
[runlim] sample:		2019.9 time, 2020.7 real, 327.8 MB
[runlim] sample:		2029.8 time, 2030.7 real, 431.9 MB
[runlim] sample:		2039.8 time, 2040.7 real, 327.8 MB
[runlim] sample:		2049.8 time, 2050.7 real, 327.8 MB
[runlim] sample:		2059.8 time, 2060.7 real, 447.9 MB
[runlim] sample:		2069.8 time, 2070.7 real, 450.9 MB
[runlim] sample:		2079.8 time, 2080.7 real, 473.3 MB
[runlim] sample:		2089.8 time, 2090.7 real, 464.4 MB
[runlim] sample:		2099.8 time, 2100.7 real, 484.8 MB
[runlim] sample:		2109.8 time, 2110.7 real, 406.7 MB
[runlim] sample:		2119.8 time, 2120.7 real, 327.8 MB
[runlim] sample:		2129.8 time, 2130.7 real, 381.7 MB
[runlim] sample:		2139.8 time, 2140.7 real, 327.8 MB
[runlim] sample:		2149.8 time, 2150.7 real, 365.5 MB
[runlim] sample:		2159.8 time, 2160.7 real, 327.8 MB
[runlim] sample:		2169.8 time, 2170.7 real, 392.2 MB
[runlim] sample:		2179.8 time, 2180.7 real, 327.8 MB
[runlim] sample:		2189.8 time, 2190.7 real, 327.8 MB
[runlim] sample:		2199.8 time, 2200.7 real, 329.8 MB
[runlim] sample:		2209.8 time, 2210.7 real, 404.5 MB
[runlim] sample:		2219.8 time, 2220.7 real, 404.5 MB
[runlim] sample:		2229.8 time, 2230.7 real, 329.9 MB
[runlim] sample:		2239.8 time, 2240.7 real, 386.4 MB
[runlim] sample:		2249.8 time, 2250.7 real, 329.9 MB
[runlim] sample:		2259.8 time, 2260.7 real, 396.7 MB
[runlim] sample:		2269.8 time, 2270.7 real, 417.5 MB
[runlim] sample:		2279.8 time, 2280.7 real, 417.5 MB
[runlim] sample:		2289.8 time, 2290.7 real, 414.9 MB
[runlim] sample:		2299.8 time, 2300.7 real, 329.9 MB
[runlim] sample:		2309.8 time, 2310.7 real, 379.1 MB
[runlim] sample:		2319.8 time, 2320.7 real, 329.9 MB
[runlim] sample:		2329.8 time, 2330.7 real, 329.9 MB
[runlim] sample:		2339.8 time, 2340.7 real, 329.9 MB
[runlim] sample:		2349.8 time, 2350.7 real, 385.9 MB
[runlim] sample:		2359.8 time, 2360.7 real, 329.9 MB
[runlim] sample:		2369.8 time, 2370.7 real, 329.9 MB
[runlim] sample:		2379.8 time, 2380.7 real, 370.2 MB
[runlim] sample:		2389.8 time, 2390.7 real, 370.2 MB
[runlim] sample:		2399.8 time, 2400.7 real, 329.9 MB
[runlim] sample:		2409.8 time, 2410.7 real, 329.9 MB
[runlim] sample:		2419.8 time, 2420.7 real, 329.9 MB
[runlim] sample:		2429.8 time, 2430.7 real, 378.7 MB
[runlim] sample:		2439.8 time, 2440.7 real, 329.9 MB
[runlim] sample:		2449.8 time, 2450.7 real, 329.9 MB
[runlim] sample:		2459.8 time, 2460.7 real, 433.8 MB
[runlim] sample:		2469.8 time, 2470.7 real, 433.8 MB
[runlim] sample:		2479.8 time, 2480.7 real, 329.9 MB
[runlim] sample:		2489.8 time, 2490.7 real, 329.9 MB
[runlim] sample:		2499.8 time, 2500.7 real, 329.9 MB
[runlim] sample:		2509.8 time, 2510.7 real, 329.9 MB
[runlim] sample:		2519.8 time, 2520.7 real, 329.9 MB
[runlim] sample:		2529.8 time, 2530.7 real, 329.9 MB
[runlim] sample:		2539.8 time, 2540.7 real, 376.7 MB
[runlim] sample:		2549.8 time, 2550.7 real, 329.9 MB
[runlim] sample:		2559.8 time, 2560.7 real, 389.1 MB
[runlim] sample:		2569.8 time, 2570.7 real, 329.9 MB
[runlim] sample:		2579.8 time, 2580.7 real, 387.6 MB
[runlim] sample:		2589.8 time, 2590.7 real, 329.9 MB
[runlim] sample:		2599.8 time, 2600.7 real, 329.9 MB
[runlim] sample:		2609.8 time, 2610.7 real, 394.4 MB
[runlim] sample:		2619.8 time, 2620.7 real, 394.4 MB
[runlim] sample:		2629.8 time, 2630.7 real, 401.3 MB
[runlim] sample:		2639.8 time, 2640.7 real, 407.3 MB
[runlim] sample:		2649.8 time, 2650.7 real, 407.3 MB
[runlim] sample:		2659.8 time, 2660.7 real, 404.5 MB
[runlim] sample:		2669.8 time, 2670.7 real, 404.5 MB
[runlim] sample:		2679.8 time, 2680.7 real, 400.0 MB
[runlim] sample:		2689.8 time, 2690.7 real, 416.7 MB
[runlim] sample:		2699.8 time, 2700.7 real, 416.7 MB
[runlim] sample:		2709.8 time, 2710.7 real, 419.6 MB
[runlim] sample:		2719.8 time, 2720.7 real, 329.9 MB
[runlim] sample:		2729.8 time, 2730.7 real, 329.9 MB
[runlim] sample:		2739.8 time, 2740.7 real, 329.9 MB
[runlim] sample:		2749.8 time, 2750.7 real, 329.9 MB
[runlim] sample:		2759.8 time, 2760.7 real, 329.9 MB
[runlim] sample:		2769.8 time, 2770.7 real, 399.9 MB
[runlim] sample:		2779.8 time, 2780.7 real, 408.2 MB
[runlim] sample:		2789.8 time, 2790.7 real, 408.2 MB
[runlim] sample:		2799.8 time, 2800.7 real, 400.4 MB
[runlim] sample:		2809.8 time, 2810.7 real, 401.1 MB
[runlim] sample:		2819.8 time, 2820.7 real, 401.1 MB
[runlim] sample:		2829.8 time, 2830.7 real, 542.8 MB
[runlim] sample:		2839.8 time, 2840.7 real, 521.4 MB
[runlim] sample:		2849.8 time, 2850.7 real, 521.4 MB
[runlim] sample:		2859.8 time, 2860.7 real, 528.7 MB
[runlim] sample:		2869.8 time, 2870.7 real, 528.7 MB
[runlim] sample:		2879.8 time, 2880.7 real, 542.9 MB
[runlim] sample:		2889.8 time, 2890.7 real, 646.6 MB
[runlim] sample:		2899.8 time, 2900.7 real, 543.0 MB
[runlim] sample:		2909.8 time, 2910.7 real, 543.0 MB
[runlim] sample:		2919.8 time, 2920.7 real, 480.1 MB
[runlim] sample:		2929.8 time, 2930.7 real, 480.1 MB
[runlim] sample:		2939.8 time, 2940.7 real, 569.9 MB
[runlim] sample:		2949.8 time, 2950.7 real, 569.9 MB
[runlim] sample:		2959.8 time, 2960.7 real, 569.9 MB
[runlim] sample:		2969.8 time, 2970.7 real, 563.0 MB
[runlim] sample:		2979.8 time, 2980.7 real, 563.0 MB
[runlim] sample:		2989.8 time, 2990.7 real, 591.6 MB
[runlim] sample:		2999.8 time, 3000.7 real, 591.6 MB
[runlim] sample:		3009.8 time, 3010.7 real, 558.2 MB
[runlim] sample:		3019.8 time, 3020.7 real, 545.2 MB
[runlim] sample:		3029.8 time, 3030.7 real, 545.2 MB
[runlim] sample:		3039.8 time, 3040.7 real, 561.6 MB
[runlim] sample:		3049.8 time, 3050.7 real, 561.6 MB
[runlim] sample:		3059.8 time, 3060.7 real, 552.7 MB
[runlim] sample:		3069.8 time, 3070.7 real, 425.6 MB
[runlim] sample:		3079.8 time, 3080.7 real, 435.9 MB
[runlim] sample:		3089.8 time, 3090.7 real, 435.9 MB
[runlim] sample:		3099.8 time, 3100.7 real, 434.9 MB
[runlim] sample:		3109.8 time, 3110.7 real, 471.6 MB
[runlim] sample:		3119.8 time, 3120.7 real, 471.6 MB
[runlim] sample:		3129.8 time, 3130.7 real, 611.5 MB
[runlim] sample:		3139.8 time, 3140.7 real, 611.5 MB
[runlim] sample:		3149.8 time, 3150.7 real, 602.6 MB
[runlim] sample:		3159.8 time, 3160.7 real, 602.6 MB
[runlim] sample:		3169.8 time, 3170.7 real, 613.0 MB
[runlim] sample:		3179.8 time, 3180.7 real, 673.8 MB
[runlim] sample:		3189.8 time, 3190.7 real, 673.8 MB
[runlim] sample:		3199.8 time, 3200.7 real, 631.9 MB
[runlim] sample:		3209.8 time, 3210.7 real, 631.9 MB
[runlim] sample:		3219.8 time, 3220.7 real, 631.9 MB
[runlim] sample:		3229.8 time, 3230.7 real, 671.9 MB
[runlim] sample:		3239.8 time, 3240.7 real, 671.9 MB
[runlim] sample:		3249.8 time, 3250.7 real, 609.4 MB
[runlim] sample:		3259.8 time, 3260.7 real, 609.4 MB
[runlim] sample:		3269.8 time, 3270.7 real, 642.1 MB
[runlim] sample:		3279.8 time, 3280.7 real, 642.1 MB
[runlim] sample:		3289.8 time, 3290.7 real, 642.1 MB
[runlim] sample:		3299.8 time, 3300.7 real, 644.8 MB
[runlim] sample:		3309.8 time, 3310.7 real, 459.3 MB
[runlim] sample:		3319.8 time, 3320.7 real, 431.6 MB
[runlim] sample:		3329.8 time, 3330.7 real, 431.6 MB
[runlim] sample:		3339.8 time, 3340.7 real, 431.6 MB
[runlim] sample:		3349.8 time, 3350.7 real, 469.3 MB
[runlim] sample:		3359.8 time, 3360.7 real, 469.3 MB
[runlim] sample:		3369.8 time, 3370.7 real, 490.0 MB
[runlim] sample:		3379.8 time, 3380.7 real, 490.0 MB
[runlim] sample:		3389.8 time, 3390.7 real, 473.9 MB
[runlim] sample:		3399.8 time, 3400.7 real, 473.9 MB
[runlim] sample:		3409.8 time, 3410.7 real, 442.7 MB
[runlim] sample:		3419.8 time, 3420.7 real, 442.7 MB
[runlim] sample:		3429.8 time, 3430.7 real, 445.5 MB
[runlim] sample:		3439.8 time, 3440.7 real, 445.5 MB
[runlim] sample:		3449.8 time, 3450.7 real, 465.7 MB
[runlim] sample:		3459.8 time, 3460.7 real, 465.7 MB
[runlim] sample:		3469.8 time, 3470.7 real, 465.7 MB
[runlim] sample:		3479.8 time, 3480.7 real, 481.5 MB
[runlim] sample:		3489.8 time, 3490.7 real, 481.5 MB
[runlim] sample:		3499.8 time, 3500.7 real, 481.6 MB
c	Solving duration: 2016525 ms
c	Answer: 
s SAT (w = 50)
AB is set to 63
Node 28 : 95
Node 115 : 32
AB is set to 57
Node 67 : 77
Node 87 : 20
AB is set to 50
Node 15 : 50
Node 48 : 100
c	Solution check:
p calculated antibandwidth = 50.
c
c
c Antibandwidth problem with w = 51 ( K-dwt__234.mtx.rnd ):
c Initializing CaDiCaL (version 1.2.1).
c	Configuring CaDiCaL as --sat (1).
c Initializing a DuplexNSC encoder with n = 117.
c Encoding starts with w = 51:
c	Labels and Vertices aux var: 4680
c	Labels and Vertices constraints:  34515
c	Obj k aux var: 15093
c	Obj k constraints: 112995
c	Obj k glue staircase constraints: 42444
c	Encoding duration: 0s
c	Number of clauses: 149323
c	Number of irredundant clauses: 148908
c	Number of variables: 35217
c SAT Solving starts:
[runlim] sample:		3509.8 time, 3510.7 real, 373.8 MB
[runlim] sample:		3519.8 time, 3520.7 real, 307.4 MB
[runlim] sample:		3529.8 time, 3530.7 real, 307.4 MB
[runlim] sample:		3539.8 time, 3540.7 real, 307.4 MB
[runlim] sample:		3549.8 time, 3550.7 real, 307.4 MB
[runlim] sample:		3559.8 time, 3560.7 real, 307.4 MB
[runlim] sample:		3569.8 time, 3570.7 real, 307.4 MB
[runlim] sample:		3579.8 time, 3580.7 real, 307.4 MB
[runlim] sample:		3589.8 time, 3590.7 real, 307.4 MB
c Signal interruption.
[runlim] end:			Tue Aug 27 10:03:03 2024
[runlim] status:		out of time
[runlim] result:		2
[runlim] children:		0
[runlim] real:			3600.07 seconds
[runlim] time:			3599.19 seconds
[runlim] space:			931.8 MB
[runlim] samples:		35994
