[runlim] version:		1.10
[runlim] time limit:		3600 seconds
[runlim] real time limit:	3600 seconds
[runlim] space limit:		30000 MB
[runlim] argv[0]:		/home/truongxuanhieu/AntiBandwidthReconstruct/build/abw_enc_hybrid_NSC_binomial
[runlim] argv[1]:		/home/truongxuanhieu/AntiBandwidthReconstruct/build/BenchmarksAdd/R-dwt__503.mtx.rnd
[runlim] argv[2]:		--duplexNSC
[runlim] argv[3]:		-split-size
[runlim] argv[4]:		10
[runlim] start:			Tue Aug 27 22:21:32 2024
[runlim] main pid:		16882
[runlim] log captured:
c DuplexEncoder 0.8.
c Splitting clauses at length 10.
c Solving strategy: from LB to UB.
c LB-w = 46 (LB in Sinnl - A note on computational approaches for the antibandwidth problem).
c UB-w = 71 (UB in Sinnl - A note on computational approaches for the antibandwidth problem).
c Antibandwidth problem with w = 46 ( R-dwt__503.mtx.rnd ):
c Initializing CaDiCaL (version 1.2.1).
c	Configuring CaDiCaL as --sat (1).
c Initializing a DuplexNSC encoder with n = 503.
c Encoding starts with w = 46:
c	Labels and Vertices aux var: 43258
c	Labels and Vertices constraints:  597564
c	Obj k aux var: 446161
c	Obj k constraints: 6802511
c	Obj k glue staircase constraints: 4977124
c	Encoding duration: 2s
c	Number of clauses: 7428494
c	Number of irredundant clauses: 7426044
c	Number of variables: 770596
c SAT Solving starts:
[runlim] sample:		10.0 time, 10.1 real, 995.2 MB
c	Solving duration: 10702 ms
c	Answer: 
s SAT (w = 46)
AB is set to 216
Node 102 : 344
Node 437 : 128
AB is set to 54
Node 82 : 398
Node 102 : 344
AB is set to 52
Node 136 : 319
Node 157 : 371
AB is set to 48
Node 136 : 319
Node 199 : 271
AB is set to 46
Node 268 : 205
Node 329 : 159
c	Solution check:
p calculated antibandwidth = 46.
c
c
c Antibandwidth problem with w = 47 ( R-dwt__503.mtx.rnd ):
c Initializing CaDiCaL (version 1.2.1).
c	Configuring CaDiCaL as --sat (1).
c Initializing a DuplexNSC encoder with n = 503.
c Encoding starts with w = 47:
c	Labels and Vertices aux var: 43258
c	Labels and Vertices constraints:  597564
c	Obj k aux var: 445155
c	Obj k constraints: 6793475
c	Obj k glue staircase constraints: 4966076
c	Encoding duration: 1s
c	Number of clauses: 7419961
c	Number of irredundant clauses: 7417500
c	Number of variables: 770093
c SAT Solving starts:
c	Solving duration: 2225 ms
c	Answer: 
s SAT (w = 47)
AB is set to 291
Node 102 : 336
Node 437 : 45
AB is set to 59
Node 82 : 395
Node 102 : 336
AB is set to 47
Node 385 : 92
Node 437 : 45
c	Solution check:
p calculated antibandwidth = 47.
c
c
c Antibandwidth problem with w = 48 ( R-dwt__503.mtx.rnd ):
c Initializing CaDiCaL (version 1.2.1).
c	Configuring CaDiCaL as --sat (1).
c Initializing a DuplexNSC encoder with n = 503.
c Encoding starts with w = 48:
[runlim] sample:		20.0 time, 20.1 real, 862.2 MB
c	Labels and Vertices aux var: 43258
c	Labels and Vertices constraints:  597564
c	Obj k aux var: 444149
c	Obj k constraints: 6784439
c	Obj k glue staircase constraints: 4955028
c	Encoding duration: 2s
c	Number of clauses: 7411428
c	Number of irredundant clauses: 7408956
c	Number of variables: 769590
c SAT Solving starts:
c	Solving duration: 3765 ms
c	Answer: 
s SAT (w = 48)
AB is set to 121
Node 102 : 374
Node 437 : 495
AB is set to 48
Node 82 : 422
Node 102 : 374
c	Solution check:
p calculated antibandwidth = 48.
c
c
c Antibandwidth problem with w = 49 ( R-dwt__503.mtx.rnd ):
c Initializing CaDiCaL (version 1.2.1).
c	Configuring CaDiCaL as --sat (1).
c Initializing a DuplexNSC encoder with n = 503.
c Encoding starts with w = 49:
c	Labels and Vertices aux var: 43258
c	Labels and Vertices constraints:  597564
c	Obj k aux var: 443143
c	Obj k constraints: 6775403
c	Obj k glue staircase constraints: 4943980
c	Encoding duration: 2s
c	Number of clauses: 7402895
c	Number of irredundant clauses: 7400412
c	Number of variables: 769087
c SAT Solving starts:
[runlim] sample:		30.0 time, 30.1 real, 1037.4 MB
c	Solving duration: 4372 ms
c	Answer: 
s SAT (w = 49)
AB is set to 242
Node 102 : 300
Node 437 : 58
AB is set to 55
Node 82 : 355
Node 102 : 300
AB is set to 49
Node 442 : 71
Node 474 : 22
c	Solution check:
p calculated antibandwidth = 49.
c
c
c Antibandwidth problem with w = 50 ( R-dwt__503.mtx.rnd ):
c Initializing CaDiCaL (version 1.2.1).
c	Configuring CaDiCaL as --sat (1).
c Initializing a DuplexNSC encoder with n = 503.
c Encoding starts with w = 50:
c	Labels and Vertices aux var: 43258
c	Labels and Vertices constraints:  597564
c	Obj k aux var: 442137
c	Obj k constraints: 6766367
c	Obj k glue staircase constraints: 4932932
c	Encoding duration: 2s
c	Number of clauses: 7394865
c	Number of irredundant clauses: 7392371
c	Number of variables: 769087
c SAT Solving starts:
c	Solving duration: 4589 ms
c	Answer: 
s SAT (w = 50)
AB is set to 301
Node 102 : 337
Node 437 : 36
AB is set to 50
Node 82 : 387
Node 102 : 337
c	Solution check:
p calculated antibandwidth = 50.
c
c
c Antibandwidth problem with w = 51 ( R-dwt__503.mtx.rnd ):
c Initializing CaDiCaL (version 1.2.1).
c	Configuring CaDiCaL as --sat (1).
c Initializing a DuplexNSC encoder with n = 503.
c Encoding starts with w = 51:
c	Labels and Vertices aux var: 43258
c	Labels and Vertices constraints:  592534
c	Obj k aux var: 442640
c	Obj k constraints: 6743988
c	Obj k glue staircase constraints: 4930170
c	Encoding duration: 2s
c	Number of clauses: 7364438
c	Number of irredundant clauses: 7361989
c	Number of variables: 766572
c SAT Solving starts:
[runlim] sample:		40.0 time, 40.1 real, 864.3 MB
[runlim] sample:		50.0 time, 50.1 real, 1032.1 MB
c	Solving duration: 10847 ms
c	Answer: 
s SAT (w = 51)
AB is set to 94
Node 102 : 417
Node 437 : 323
AB is set to 56
Node 4 : 473
Node 102 : 417
AB is set to 55
Node 82 : 268
Node 437 : 323
AB is set to 53
Node 17 : 444
Node 442 : 497
AB is set to 51
Node 17 : 444
Node 45 : 393
c	Solution check:
p calculated antibandwidth = 51.
c
c
c Antibandwidth problem with w = 52 ( R-dwt__503.mtx.rnd ):
c Initializing CaDiCaL (version 1.2.1).
c	Configuring CaDiCaL as --sat (1).
c Initializing a DuplexNSC encoder with n = 503.
c Encoding starts with w = 52:
c	Labels and Vertices aux var: 43258
c	Labels and Vertices constraints:  592534
c	Obj k aux var: 441634
c	Obj k constraints: 6734449
c	Obj k glue staircase constraints: 4919122
c	Encoding duration: 2s
c	Number of clauses: 7355402
c	Number of irredundant clauses: 7352943
c	Number of variables: 766069
c SAT Solving starts:
[runlim] sample:		60.0 time, 60.1 real, 1007.9 MB
c	Solving duration: 10534 ms
c	Answer: 
s SAT (w = 52)
AB is set to 206
Node 102 : 337
Node 437 : 131
AB is set to 52
Node 82 : 285
Node 102 : 337
c	Solution check:
p calculated antibandwidth = 52.
c
c
c Antibandwidth problem with w = 53 ( R-dwt__503.mtx.rnd ):
c Initializing CaDiCaL (version 1.2.1).
c	Configuring CaDiCaL as --sat (1).
c Initializing a DuplexNSC encoder with n = 503.
c Encoding starts with w = 53:
c	Labels and Vertices aux var: 43258
c	Labels and Vertices constraints:  592534
c	Obj k aux var: 440628
c	Obj k constraints: 6724910
c	Obj k glue staircase constraints: 4908074
c	Encoding duration: 2s
c	Number of clauses: 7346366
c	Number of irredundant clauses: 7343897
c	Number of variables: 765566
c SAT Solving starts:
[runlim] sample:		70.0 time, 70.1 real, 1031.3 MB
[runlim] sample:		80.0 time, 80.1 real, 1029.9 MB
[runlim] sample:		90.0 time, 90.1 real, 1039.9 MB
[runlim] sample:		100.0 time, 100.1 real, 1048.6 MB
[runlim] sample:		110.0 time, 110.1 real, 1042.6 MB
[runlim] sample:		120.0 time, 120.1 real, 1046.0 MB
c	Solving duration: 61164 ms
c	Answer: 
s SAT (w = 53)
AB is set to 286
Node 102 : 315
Node 437 : 29
AB is set to 53
Node 82 : 368
Node 102 : 315
c	Solution check:
p calculated antibandwidth = 53.
c
c
c Antibandwidth problem with w = 54 ( R-dwt__503.mtx.rnd ):
c Initializing CaDiCaL (version 1.2.1).
c	Configuring CaDiCaL as --sat (1).
c Initializing a DuplexNSC encoder with n = 503.
c Encoding starts with w = 54:
c	Labels and Vertices aux var: 43258
c	Labels and Vertices constraints:  592534
c	Obj k aux var: 439622
c	Obj k constraints: 6715371
c	Obj k glue staircase constraints: 4897026
c	Encoding duration: 2s
c	Number of clauses: 7337833
c	Number of irredundant clauses: 7335353
c	Number of variables: 765566
c SAT Solving starts:
[runlim] sample:		130.0 time, 130.1 real, 822.6 MB
[runlim] sample:		140.0 time, 140.1 real, 1029.0 MB
[runlim] sample:		150.0 time, 150.1 real, 1047.0 MB
[runlim] sample:		160.0 time, 160.1 real, 1045.3 MB
[runlim] sample:		170.0 time, 170.1 real, 1047.4 MB
[runlim] sample:		180.0 time, 180.1 real, 1048.4 MB
[runlim] sample:		190.0 time, 190.1 real, 1044.4 MB
[runlim] sample:		200.0 time, 200.1 real, 1048.1 MB
[runlim] sample:		210.0 time, 210.1 real, 1049.8 MB
c	Solving duration: 83514 ms
c	Answer: 
s SAT (w = 54)
AB is set to 94
Node 102 : 180
Node 437 : 86
AB is set to 60
Node 82 : 240
Node 102 : 180
AB is set to 54
Node 344 : 334
Node 469 : 280
c	Solution check:
p calculated antibandwidth = 54.
c
c
c Antibandwidth problem with w = 55 ( R-dwt__503.mtx.rnd ):
c Initializing CaDiCaL (version 1.2.1).
c	Configuring CaDiCaL as --sat (1).
c Initializing a DuplexNSC encoder with n = 503.
c Encoding starts with w = 55:
c	Labels and Vertices aux var: 43258
c	Labels and Vertices constraints:  592534
c	Obj k aux var: 438616
c	Obj k constraints: 6705832
c	Obj k glue staircase constraints: 4885978
c	Encoding duration: 2s
c	Number of clauses: 7328797
c	Number of irredundant clauses: 7326307
c	Number of variables: 765063
c SAT Solving starts:
[runlim] sample:		220.0 time, 220.1 real, 1166.1 MB
c	Solving duration: 11735 ms
c	Answer: 
s SAT (w = 55)
AB is set to 318
Node 102 : 350
Node 437 : 32
AB is set to 58
Node 82 : 408
Node 102 : 350
AB is set to 55
Node 385 : 87
Node 437 : 32
c	Solution check:
p calculated antibandwidth = 55.
c
c
c Antibandwidth problem with w = 56 ( R-dwt__503.mtx.rnd ):
c Initializing CaDiCaL (version 1.2.1).
c	Configuring CaDiCaL as --sat (1).
c Initializing a DuplexNSC encoder with n = 503.
c Encoding starts with w = 56:
c	Labels and Vertices aux var: 43258
c	Labels and Vertices constraints:  588007
c	Obj k aux var: 438616
c	Obj k constraints: 6680435
c	Obj k glue staircase constraints: 4883216
c	Encoding duration: 2s
c	Number of clauses: 7296358
c	Number of irredundant clauses: 7293113
c	Number of variables: 762548
c SAT Solving starts:
[runlim] sample:		230.0 time, 230.1 real, 850.4 MB
c	Solving duration: 10555 ms
c	Answer: 
s SAT (w = 56)
AB is set to 160
Node 102 : 405
Node 437 : 245
AB is set to 102
Node 82 : 303
Node 102 : 405
AB is set to 66
Node 4 : 471
Node 102 : 405
AB is set to 58
Node 82 : 303
Node 437 : 245
AB is set to 57
Node 157 : 266
Node 344 : 209
AB is set to 56
Node 157 : 266
Node 199 : 322
c	Solution check:
p calculated antibandwidth = 56.
c
c
c Antibandwidth problem with w = 57 ( R-dwt__503.mtx.rnd ):
c Initializing CaDiCaL (version 1.2.1).
c	Configuring CaDiCaL as --sat (1).
c Initializing a DuplexNSC encoder with n = 503.
c Encoding starts with w = 57:
[runlim] sample:		240.0 time, 240.1 real, 792.1 MB
c	Labels and Vertices aux var: 43258
c	Labels and Vertices constraints:  588007
c	Obj k aux var: 438113
c	Obj k constraints: 6670393
c	Obj k glue staircase constraints: 4872168
c	Encoding duration: 2s
c	Number of clauses: 7286819
c	Number of irredundant clauses: 7284569
c	Number of variables: 762548
c SAT Solving starts:
[runlim] sample:		250.0 time, 250.1 real, 1059.9 MB
[runlim] sample:		260.0 time, 260.1 real, 1076.0 MB
[runlim] sample:		270.0 time, 270.1 real, 1064.9 MB
[runlim] sample:		280.0 time, 280.1 real, 1084.1 MB
[runlim] sample:		290.0 time, 290.1 real, 1083.6 MB
c	Solving duration: 57106 ms
c	Answer: 
s SAT (w = 57)
AB is set to 225
Node 102 : 247
Node 437 : 472
AB is set to 93
Node 82 : 340
Node 102 : 247
AB is set to 64
Node 4 : 183
Node 102 : 247
AB is set to 63
Node 136 : 455
Node 329 : 392
AB is set to 58
Node 268 : 172
Node 486 : 230
AB is set to 57
Node 474 : 287
Node 486 : 230
c	Solution check:
p calculated antibandwidth = 57.
c
c
c Antibandwidth problem with w = 58 ( R-dwt__503.mtx.rnd ):
c Initializing CaDiCaL (version 1.2.1).
c	Configuring CaDiCaL as --sat (1).
c Initializing a DuplexNSC encoder with n = 503.
c Encoding starts with w = 58:
[runlim] sample:		300.0 time, 300.1 real, 779.2 MB
c	Labels and Vertices aux var: 43258
c	Labels and Vertices constraints:  588007
c	Obj k aux var: 437107
c	Obj k constraints: 6660351
c	Obj k glue staircase constraints: 4861120
c	Encoding duration: 1s
c	Number of clauses: 7277280
c	Number of irredundant clauses: 7275021
c	Number of variables: 762045
c SAT Solving starts:
[runlim] sample:		310.0 time, 310.1 real, 1055.8 MB
[runlim] sample:		320.0 time, 320.1 real, 1067.9 MB
[runlim] sample:		330.0 time, 330.1 real, 1071.2 MB
[runlim] sample:		340.0 time, 340.1 real, 1071.4 MB
[runlim] sample:		350.0 time, 350.1 real, 1071.1 MB
[runlim] sample:		360.0 time, 360.1 real, 1270.0 MB
c	Solving duration: 60167 ms
c	Answer: 
s SAT (w = 58)
AB is set to 154
Node 102 : 225
Node 437 : 71
AB is set to 139
Node 102 : 225
Node 385 : 364
AB is set to 63
Node 102 : 225
Node 345 : 288
AB is set to 59
Node 4 : 166
Node 102 : 225
AB is set to 58
Node 101 : 461
Node 329 : 403
c	Solution check:
p calculated antibandwidth = 58.
c
c
c Antibandwidth problem with w = 59 ( R-dwt__503.mtx.rnd ):
c Initializing CaDiCaL (version 1.2.1).
c	Configuring CaDiCaL as --sat (1).
c Initializing a DuplexNSC encoder with n = 503.
c Encoding starts with w = 59:
c	Labels and Vertices aux var: 43258
c	Labels and Vertices constraints:  588007
c	Obj k aux var: 436101
c	Obj k constraints: 6650309
c	Obj k glue staircase constraints: 4850072
c	Encoding duration: 1s
c	Number of clauses: 7267741
c	Number of irredundant clauses: 7265473
c	Number of variables: 761542
c SAT Solving starts:
[runlim] sample:		370.0 time, 370.1 real, 1032.8 MB
[runlim] sample:		379.9 time, 380.1 real, 1068.7 MB
[runlim] sample:		389.9 time, 390.1 real, 1244.8 MB
[runlim] sample:		400.0 time, 400.1 real, 1082.8 MB
[runlim] sample:		409.9 time, 410.1 real, 1082.4 MB
[runlim] sample:		419.9 time, 420.1 real, 1085.2 MB
[runlim] sample:		429.9 time, 430.1 real, 1085.2 MB
[runlim] sample:		439.9 time, 440.1 real, 1088.6 MB
[runlim] sample:		449.9 time, 450.1 real, 1052.0 MB
[runlim] sample:		459.9 time, 460.1 real, 1092.7 MB
[runlim] sample:		469.9 time, 470.1 real, 1242.6 MB
[runlim] sample:		479.9 time, 480.1 real, 1054.4 MB
[runlim] sample:		489.9 time, 490.1 real, 1274.0 MB
c	Solving duration: 134459 ms
c	Answer: 
s SAT (w = 59)
AB is set to 164
Node 102 : 390
Node 437 : 226
AB is set to 78
Node 102 : 390
Node 385 : 312
AB is set to 74
Node 3 : 109
Node 344 : 183
AB is set to 62
Node 157 : 470
Node 199 : 408
AB is set to 60
Node 17 : 406
Node 445 : 346
AB is set to 59
Node 4 : 33
Node 82 : 92
c	Solution check:
p calculated antibandwidth = 59.
c
c
c Antibandwidth problem with w = 60 ( R-dwt__503.mtx.rnd ):
c Initializing CaDiCaL (version 1.2.1).
c	Configuring CaDiCaL as --sat (1).
c Initializing a DuplexNSC encoder with n = 503.
c Encoding starts with w = 60:
[runlim] sample:		499.9 time, 500.1 real, 804.9 MB
c	Labels and Vertices aux var: 43258
c	Labels and Vertices constraints:  588007
c	Obj k aux var: 435095
c	Obj k constraints: 6640267
c	Obj k glue staircase constraints: 4839024
c	Encoding duration: 2s
c	Number of clauses: 7258202
c	Number of irredundant clauses: 7255925
c	Number of variables: 761039
c SAT Solving starts:
[runlim] sample:		509.9 time, 510.1 real, 1054.3 MB
[runlim] sample:		519.9 time, 520.1 real, 1082.4 MB
[runlim] sample:		529.9 time, 530.1 real, 1057.4 MB
[runlim] sample:		539.9 time, 540.1 real, 1068.8 MB
[runlim] sample:		549.9 time, 550.1 real, 1074.2 MB
[runlim] sample:		559.9 time, 560.1 real, 1032.2 MB
[runlim] sample:		569.9 time, 570.1 real, 1072.9 MB
[runlim] sample:		579.9 time, 580.1 real, 1080.3 MB
[runlim] sample:		589.9 time, 590.1 real, 1262.9 MB
c	Solving duration: 99027 ms
c	Answer: 
s SAT (w = 60)
AB is set to 174
Node 102 : 116
Node 437 : 290
AB is set to 60
Node 102 : 116
Node 385 : 176
c	Solution check:
p calculated antibandwidth = 60.
c
c
c Antibandwidth problem with w = 61 ( R-dwt__503.mtx.rnd ):
c Initializing CaDiCaL (version 1.2.1).
c	Configuring CaDiCaL as --sat (1).
c Initializing a DuplexNSC encoder with n = 503.
c Encoding starts with w = 61:
[runlim] sample:		599.9 time, 600.1 real, 758.0 MB
c	Labels and Vertices aux var: 43258
c	Labels and Vertices constraints:  588007
c	Obj k aux var: 434089
c	Obj k constraints: 6630225
c	Obj k glue staircase constraints: 4827976
c	Encoding duration: 1s
c	Number of clauses: 7248663
c	Number of irredundant clauses: 7246377
c	Number of variables: 760536
c SAT Solving starts:
[runlim] sample:		609.9 time, 610.1 real, 1025.0 MB
[runlim] sample:		619.9 time, 620.1 real, 1050.9 MB
[runlim] sample:		629.9 time, 630.1 real, 1052.9 MB
[runlim] sample:		639.9 time, 640.1 real, 1059.1 MB
[runlim] sample:		649.9 time, 650.1 real, 1058.5 MB
[runlim] sample:		659.9 time, 660.1 real, 1059.2 MB
[runlim] sample:		669.9 time, 670.1 real, 1060.3 MB
[runlim] sample:		679.9 time, 680.1 real, 1080.2 MB
[runlim] sample:		689.9 time, 690.1 real, 1081.5 MB
[runlim] sample:		699.9 time, 700.1 real, 1039.1 MB
[runlim] sample:		709.9 time, 710.1 real, 1039.1 MB
[runlim] sample:		719.9 time, 720.1 real, 1039.3 MB
[runlim] sample:		729.9 time, 730.1 real, 1038.6 MB
[runlim] sample:		739.9 time, 740.1 real, 1035.5 MB
[runlim] sample:		749.9 time, 750.1 real, 1038.5 MB
[runlim] sample:		759.9 time, 760.1 real, 1075.3 MB
[runlim] sample:		769.9 time, 770.1 real, 1075.3 MB
[runlim] sample:		779.9 time, 780.1 real, 1076.0 MB
[runlim] sample:		789.9 time, 790.1 real, 1078.8 MB
[runlim] sample:		799.9 time, 800.1 real, 1047.0 MB
[runlim] sample:		809.9 time, 810.1 real, 1042.9 MB
[runlim] sample:		819.9 time, 820.1 real, 1045.3 MB
[runlim] sample:		829.9 time, 830.1 real, 1072.2 MB
[runlim] sample:		839.9 time, 840.1 real, 1069.3 MB
[runlim] sample:		849.9 time, 850.1 real, 1040.6 MB
[runlim] sample:		859.9 time, 860.1 real, 1083.8 MB
[runlim] sample:		869.9 time, 870.1 real, 1043.0 MB
[runlim] sample:		879.9 time, 880.1 real, 1050.9 MB
[runlim] sample:		889.9 time, 890.1 real, 1012.1 MB
[runlim] sample:		899.9 time, 900.1 real, 1052.8 MB
[runlim] sample:		909.9 time, 910.1 real, 1057.2 MB
[runlim] sample:		919.9 time, 920.1 real, 1040.3 MB
[runlim] sample:		929.9 time, 930.1 real, 1056.8 MB
[runlim] sample:		939.9 time, 940.1 real, 1076.8 MB
[runlim] sample:		949.9 time, 950.1 real, 1105.5 MB
[runlim] sample:		959.9 time, 960.1 real, 1066.5 MB
[runlim] sample:		969.9 time, 970.1 real, 1066.5 MB
[runlim] sample:		979.9 time, 980.1 real, 1146.1 MB
[runlim] sample:		989.9 time, 990.1 real, 1082.5 MB
[runlim] sample:		999.9 time, 1000.1 real, 1091.8 MB
[runlim] sample:		1009.9 time, 1010.1 real, 1171.2 MB
[runlim] sample:		1019.9 time, 1020.1 real, 1173.4 MB
[runlim] sample:		1029.9 time, 1030.1 real, 1176.7 MB
[runlim] sample:		1039.9 time, 1040.1 real, 1144.0 MB
[runlim] sample:		1049.9 time, 1050.1 real, 1144.0 MB
[runlim] sample:		1059.9 time, 1060.1 real, 1176.7 MB
[runlim] sample:		1069.9 time, 1070.1 real, 1186.5 MB
[runlim] sample:		1079.9 time, 1080.1 real, 1186.5 MB
[runlim] sample:		1089.9 time, 1090.1 real, 1188.3 MB
[runlim] sample:		1099.9 time, 1100.1 real, 1155.5 MB
[runlim] sample:		1109.9 time, 1110.1 real, 1128.3 MB
[runlim] sample:		1119.9 time, 1120.1 real, 1161.1 MB
[runlim] sample:		1129.9 time, 1130.1 real, 1161.1 MB
[runlim] sample:		1139.9 time, 1140.1 real, 1162.8 MB
[runlim] sample:		1149.9 time, 1150.1 real, 1165.4 MB
[runlim] sample:		1159.9 time, 1160.1 real, 1132.7 MB
[runlim] sample:		1169.9 time, 1170.1 real, 1127.4 MB
[runlim] sample:		1179.9 time, 1180.1 real, 1127.4 MB
[runlim] sample:		1189.9 time, 1190.1 real, 1160.2 MB
[runlim] sample:		1199.9 time, 1200.1 real, 1156.9 MB
[runlim] sample:		1209.9 time, 1210.1 real, 1156.9 MB
[runlim] sample:		1219.9 time, 1220.1 real, 1124.1 MB
[runlim] sample:		1229.9 time, 1230.1 real, 1137.8 MB
[runlim] sample:		1239.9 time, 1240.1 real, 1357.2 MB
[runlim] sample:		1249.9 time, 1250.1 real, 1134.2 MB
[runlim] sample:		1259.9 time, 1260.1 real, 1166.9 MB
[runlim] sample:		1269.9 time, 1270.1 real, 1179.3 MB
[runlim] sample:		1279.9 time, 1280.1 real, 1146.6 MB
[runlim] sample:		1289.9 time, 1290.1 real, 1206.6 MB
[runlim] sample:		1299.9 time, 1300.1 real, 1206.6 MB
[runlim] sample:		1309.9 time, 1310.1 real, 1206.6 MB
[runlim] sample:		1319.9 time, 1320.1 real, 1206.6 MB
[runlim] sample:		1329.9 time, 1330.1 real, 1332.5 MB
[runlim] sample:		1339.9 time, 1340.1 real, 1503.5 MB
[runlim] sample:		1349.9 time, 1350.1 real, 1308.2 MB
[runlim] sample:		1359.9 time, 1360.1 real, 1321.2 MB
c	Solving duration: 758736 ms
c	Answer: 
s SAT (w = 61)
AB is set to 247
Node 102 : 338
Node 437 : 91
AB is set to 176
Node 82 : 162
Node 102 : 338
AB is set to 62
Node 102 : 338
Node 385 : 276
AB is set to 61
Node 199 : 389
Node 344 : 450
c	Solution check:
p calculated antibandwidth = 61.
c
c
c Antibandwidth problem with w = 62 ( R-dwt__503.mtx.rnd ):
c Initializing CaDiCaL (version 1.2.1).
c	Configuring CaDiCaL as --sat (1).
c Initializing a DuplexNSC encoder with n = 503.
c Encoding starts with w = 62:
c	Labels and Vertices aux var: 43258
c	Labels and Vertices constraints:  588007
c	Obj k aux var: 433083
c	Obj k constraints: 6620183
c	Obj k glue staircase constraints: 4816928
c	Encoding duration: 1s
c	Number of clauses: 7239124
c	Number of irredundant clauses: 7236829
c	Number of variables: 760033
c SAT Solving starts:
[runlim] sample:		1369.8 time, 1370.1 real, 1167.1 MB
[runlim] sample:		1379.9 time, 1380.1 real, 1231.8 MB
[runlim] sample:		1389.9 time, 1390.1 real, 1407.9 MB
[runlim] sample:		1399.9 time, 1400.1 real, 1195.1 MB
[runlim] sample:		1409.9 time, 1410.1 real, 1236.2 MB
[runlim] sample:		1419.8 time, 1420.1 real, 1196.4 MB
[runlim] sample:		1429.8 time, 1430.1 real, 1236.8 MB
[runlim] sample:		1439.9 time, 1440.1 real, 1238.5 MB
[runlim] sample:		1449.8 time, 1450.1 real, 1238.9 MB
[runlim] sample:		1459.8 time, 1460.1 real, 1253.6 MB
[runlim] sample:		1469.8 time, 1470.1 real, 1253.6 MB
[runlim] sample:		1479.8 time, 1480.1 real, 1212.5 MB
[runlim] sample:		1489.8 time, 1490.1 real, 1215.5 MB
[runlim] sample:		1499.8 time, 1500.1 real, 1256.0 MB
[runlim] sample:		1509.8 time, 1510.1 real, 1395.5 MB
[runlim] sample:		1519.8 time, 1520.1 real, 1217.3 MB
[runlim] sample:		1529.8 time, 1530.1 real, 1217.3 MB
[runlim] sample:		1539.8 time, 1540.1 real, 1258.0 MB
[runlim] sample:		1549.8 time, 1550.1 real, 1259.4 MB
[runlim] sample:		1559.8 time, 1560.1 real, 1220.4 MB
[runlim] sample:		1569.8 time, 1570.1 real, 1220.4 MB
[runlim] sample:		1579.8 time, 1580.1 real, 1267.8 MB
[runlim] sample:		1589.8 time, 1590.1 real, 1268.2 MB
[runlim] sample:		1599.8 time, 1600.1 real, 1229.6 MB
[runlim] sample:		1609.8 time, 1610.1 real, 1229.6 MB
[runlim] sample:		1619.8 time, 1620.1 real, 1228.1 MB
[runlim] sample:		1629.8 time, 1630.1 real, 1228.1 MB
[runlim] sample:		1639.8 time, 1640.1 real, 1228.3 MB
[runlim] sample:		1649.8 time, 1650.1 real, 1191.8 MB
[runlim] sample:		1659.8 time, 1660.1 real, 1191.8 MB
[runlim] sample:		1669.8 time, 1670.1 real, 1193.4 MB
[runlim] sample:		1679.8 time, 1680.1 real, 1234.1 MB
[runlim] sample:		1689.8 time, 1690.1 real, 1190.3 MB
[runlim] sample:		1699.8 time, 1700.1 real, 1190.3 MB
[runlim] sample:		1709.8 time, 1710.1 real, 1189.7 MB
[runlim] sample:		1719.8 time, 1720.1 real, 1275.1 MB
[runlim] sample:		1729.8 time, 1730.1 real, 1431.2 MB
[runlim] sample:		1739.8 time, 1740.1 real, 1238.2 MB
[runlim] sample:		1749.8 time, 1750.1 real, 1262.1 MB
[runlim] sample:		1759.8 time, 1760.1 real, 1270.1 MB
[runlim] sample:		1769.8 time, 1770.1 real, 1273.5 MB
[runlim] sample:		1779.8 time, 1780.1 real, 1270.4 MB
[runlim] sample:		1789.8 time, 1790.1 real, 1317.9 MB
[runlim] sample:		1799.8 time, 1800.1 real, 1285.2 MB
[runlim] sample:		1809.8 time, 1810.1 real, 1280.7 MB
[runlim] sample:		1819.8 time, 1820.1 real, 1280.7 MB
[runlim] sample:		1829.8 time, 1830.1 real, 1280.7 MB
[runlim] sample:		1839.8 time, 1840.1 real, 1313.4 MB
[runlim] sample:		1849.8 time, 1850.1 real, 1311.2 MB
c	Solving duration: 488825 ms
c	Answer: 
s SAT (w = 62)
AB is set to 224
Node 102 : 468
Node 437 : 244
AB is set to 77
Node 82 : 391
Node 102 : 468
AB is set to 62
Node 157 : 154
Node 469 : 216
c	Solution check:
p calculated antibandwidth = 62.
c
c
c Antibandwidth problem with w = 63 ( R-dwt__503.mtx.rnd ):
c Initializing CaDiCaL (version 1.2.1).
c	Configuring CaDiCaL as --sat (1).
c Initializing a DuplexNSC encoder with n = 503.
c Encoding starts with w = 63:
c	Labels and Vertices aux var: 43258
c	Labels and Vertices constraints:  583983
c	Obj k aux var: 433083
c	Obj k constraints: 6590762
c	Obj k glue staircase constraints: 4814166
c	Encoding duration: 1s
c	Number of clauses: 7202661
c	Number of irredundant clauses: 7199522
c	Number of variables: 757015
c SAT Solving starts:
[runlim] sample:		1859.8 time, 1860.1 real, 1108.2 MB
[runlim] sample:		1869.8 time, 1870.1 real, 1124.1 MB
[runlim] sample:		1879.8 time, 1880.1 real, 1210.4 MB
[runlim] sample:		1889.8 time, 1890.1 real, 1209.2 MB
[runlim] sample:		1899.8 time, 1900.1 real, 1210.0 MB
[runlim] sample:		1909.8 time, 1910.1 real, 1209.4 MB
[runlim] sample:		1919.8 time, 1920.1 real, 1252.2 MB
[runlim] sample:		1929.8 time, 1930.1 real, 1212.2 MB
[runlim] sample:		1939.8 time, 1940.1 real, 1213.0 MB
[runlim] sample:		1949.8 time, 1950.1 real, 1254.1 MB
[runlim] sample:		1959.8 time, 1960.1 real, 1257.9 MB
[runlim] sample:		1969.8 time, 1970.1 real, 1219.9 MB
[runlim] sample:		1979.8 time, 1980.1 real, 1222.6 MB
[runlim] sample:		1989.8 time, 1990.1 real, 1220.1 MB
[runlim] sample:		1999.8 time, 2000.1 real, 1264.7 MB
[runlim] sample:		2009.8 time, 2010.1 real, 1223.9 MB
[runlim] sample:		2019.8 time, 2020.1 real, 1222.5 MB
[runlim] sample:		2029.8 time, 2030.1 real, 1444.9 MB
[runlim] sample:		2039.8 time, 2040.1 real, 1265.7 MB
[runlim] sample:		2049.8 time, 2050.1 real, 1230.5 MB
[runlim] sample:		2059.8 time, 2060.1 real, 1416.0 MB
[runlim] sample:		2069.8 time, 2070.1 real, 1231.2 MB
[runlim] sample:		2079.8 time, 2080.1 real, 1266.7 MB
[runlim] sample:		2089.8 time, 2090.1 real, 1226.1 MB
[runlim] sample:		2099.8 time, 2100.1 real, 1183.2 MB
[runlim] sample:		2109.8 time, 2110.1 real, 1190.5 MB
[runlim] sample:		2119.8 time, 2120.1 real, 1191.6 MB
[runlim] sample:		2129.8 time, 2130.1 real, 1236.9 MB
[runlim] sample:		2139.8 time, 2140.1 real, 1192.1 MB
[runlim] sample:		2149.8 time, 2150.1 real, 1191.6 MB
[runlim] sample:		2159.8 time, 2160.1 real, 1207.8 MB
[runlim] sample:		2169.8 time, 2170.1 real, 1225.1 MB
[runlim] sample:		2179.8 time, 2180.1 real, 1358.0 MB
[runlim] sample:		2189.8 time, 2190.1 real, 1358.1 MB
[runlim] sample:		2199.8 time, 2200.1 real, 1330.5 MB
[runlim] sample:		2209.8 time, 2210.1 real, 1332.4 MB
[runlim] sample:		2219.8 time, 2220.1 real, 1332.4 MB
[runlim] sample:		2229.8 time, 2230.1 real, 1366.4 MB
[runlim] sample:		2239.8 time, 2240.1 real, 1370.4 MB
[runlim] sample:		2249.8 time, 2250.1 real, 1567.8 MB
[runlim] sample:		2259.8 time, 2260.1 real, 1341.8 MB
[runlim] sample:		2269.8 time, 2270.1 real, 1594.7 MB
[runlim] sample:		2279.8 time, 2280.1 real, 1349.4 MB
[runlim] sample:		2289.8 time, 2290.1 real, 1344.7 MB
[runlim] sample:		2299.8 time, 2300.1 real, 1339.6 MB
[runlim] sample:		2309.8 time, 2310.1 real, 1370.3 MB
[runlim] sample:		2319.8 time, 2320.1 real, 1387.6 MB
[runlim] sample:		2329.8 time, 2330.1 real, 1387.6 MB
[runlim] sample:		2339.8 time, 2340.1 real, 1400.1 MB
[runlim] sample:		2349.8 time, 2350.1 real, 1358.9 MB
[runlim] sample:		2359.8 time, 2360.1 real, 1389.9 MB
[runlim] sample:		2369.8 time, 2370.1 real, 1359.2 MB
[runlim] sample:		2379.8 time, 2380.1 real, 1354.8 MB
[runlim] sample:		2389.8 time, 2390.1 real, 1354.8 MB
[runlim] sample:		2399.8 time, 2400.1 real, 1354.8 MB
[runlim] sample:		2409.8 time, 2410.1 real, 1367.1 MB
[runlim] sample:		2419.8 time, 2420.1 real, 1397.8 MB
[runlim] sample:		2429.8 time, 2430.1 real, 1377.6 MB
[runlim] sample:		2439.8 time, 2440.1 real, 1351.6 MB
[runlim] sample:		2449.8 time, 2450.1 real, 1351.6 MB
[runlim] sample:		2459.8 time, 2460.1 real, 1367.9 MB
[runlim] sample:		2469.8 time, 2470.1 real, 1398.9 MB
[runlim] sample:		2479.8 time, 2480.1 real, 1383.2 MB
[runlim] sample:		2489.8 time, 2490.1 real, 1352.4 MB
[runlim] sample:		2499.8 time, 2500.1 real, 1376.8 MB
[runlim] sample:		2509.8 time, 2510.1 real, 1376.8 MB
[runlim] sample:		2519.8 time, 2520.1 real, 1388.1 MB
[runlim] sample:		2529.8 time, 2530.1 real, 1388.2 MB
[runlim] sample:		2539.8 time, 2540.1 real, 1353.9 MB
[runlim] sample:		2549.8 time, 2550.1 real, 1354.7 MB
[runlim] sample:		2559.8 time, 2560.1 real, 1350.7 MB
[runlim] sample:		2569.8 time, 2570.1 real, 1381.5 MB
[runlim] sample:		2579.8 time, 2580.1 real, 1350.8 MB
[runlim] sample:		2589.8 time, 2590.1 real, 1352.6 MB
[runlim] sample:		2599.8 time, 2600.1 real, 1352.3 MB
[runlim] sample:		2609.8 time, 2610.1 real, 1352.3 MB
[runlim] sample:		2619.8 time, 2620.1 real, 1352.3 MB
[runlim] sample:		2629.8 time, 2630.1 real, 1381.2 MB
[runlim] sample:		2639.8 time, 2640.1 real, 1381.2 MB
c	Solving duration: 787978 ms
c	Answer: 
s SAT (w = 63)
AB is set to 213
Node 102 : 183
Node 437 : 396
AB is set to 67
Node 82 : 250
Node 102 : 183
AB is set to 66
Node 268 : 168
Node 474 : 102
AB is set to 63
Node 474 : 102
Node 486 : 39
c	Solution check:
p calculated antibandwidth = 63.
c
c
c Antibandwidth problem with w = 64 ( R-dwt__503.mtx.rnd ):
c Initializing CaDiCaL (version 1.2.1).
c	Configuring CaDiCaL as --sat (1).
c Initializing a DuplexNSC encoder with n = 503.
c Encoding starts with w = 64:
c	Labels and Vertices aux var: 43258
c	Labels and Vertices constraints:  583983
c	Obj k aux var: 432580
c	Obj k constraints: 6580217
c	Obj k glue staircase constraints: 4803118
c	Encoding duration: 1s
c	Number of clauses: 7192116
c	Number of irredundant clauses: 7189875
c	Number of variables: 756512
c SAT Solving starts:
[runlim] sample:		2649.8 time, 2650.1 real, 1148.5 MB
[runlim] sample:		2659.8 time, 2660.1 real, 1172.2 MB
[runlim] sample:		2669.8 time, 2670.1 real, 1202.1 MB
[runlim] sample:		2679.8 time, 2680.1 real, 1202.3 MB
[runlim] sample:		2689.8 time, 2690.1 real, 1244.3 MB
[runlim] sample:		2699.8 time, 2700.1 real, 1243.5 MB
[runlim] sample:		2709.8 time, 2710.1 real, 1252.0 MB
[runlim] sample:		2719.8 time, 2720.1 real, 1255.1 MB
[runlim] sample:		2729.8 time, 2730.1 real, 1386.1 MB
[runlim] sample:		2739.8 time, 2740.1 real, 1252.0 MB
[runlim] sample:		2749.8 time, 2750.1 real, 1255.6 MB
[runlim] sample:		2759.8 time, 2760.1 real, 1218.8 MB
[runlim] sample:		2769.8 time, 2770.1 real, 1262.8 MB
[runlim] sample:		2779.8 time, 2780.1 real, 1222.1 MB
[runlim] sample:		2789.8 time, 2790.1 real, 1224.2 MB
[runlim] sample:		2799.8 time, 2800.1 real, 1267.4 MB
[runlim] sample:		2809.8 time, 2810.1 real, 1239.5 MB
[runlim] sample:		2819.8 time, 2820.1 real, 1281.8 MB
[runlim] sample:		2829.8 time, 2830.1 real, 1299.5 MB
c	Solving duration: 187971 ms
c	Answer: 
s SAT (w = 64)
AB is set to 79
Node 102 : 202
Node 437 : 123
AB is set to 64
Node 3 : 370
Node 385 : 306
c	Solution check:
p calculated antibandwidth = 64.
c
c
c Antibandwidth problem with w = 65 ( R-dwt__503.mtx.rnd ):
c Initializing CaDiCaL (version 1.2.1).
c	Configuring CaDiCaL as --sat (1).
c Initializing a DuplexNSC encoder with n = 503.
c Encoding starts with w = 65:
c	Labels and Vertices aux var: 43258
c	Labels and Vertices constraints:  583983
c	Obj k aux var: 431574
c	Obj k constraints: 6569672
c	Obj k glue staircase constraints: 4792070
c	Encoding duration: 1s
c	Number of clauses: 7182074
c	Number of irredundant clauses: 7179825
c	Number of variables: 756009
c SAT Solving starts:
[runlim] sample:		2839.8 time, 2840.1 real, 1146.6 MB
[runlim] sample:		2849.8 time, 2850.1 real, 1170.5 MB
[runlim] sample:		2859.8 time, 2860.1 real, 1228.7 MB
[runlim] sample:		2869.8 time, 2870.1 real, 1229.1 MB
[runlim] sample:		2879.8 time, 2880.1 real, 1229.1 MB
[runlim] sample:		2889.8 time, 2890.1 real, 1232.6 MB
[runlim] sample:		2899.8 time, 2900.1 real, 1231.4 MB
[runlim] sample:		2909.8 time, 2910.1 real, 1405.2 MB
[runlim] sample:		2919.8 time, 2920.1 real, 1249.8 MB
[runlim] sample:		2929.8 time, 2930.1 real, 1209.6 MB
[runlim] sample:		2939.8 time, 2940.1 real, 1210.3 MB
[runlim] sample:		2949.8 time, 2950.1 real, 1252.3 MB
[runlim] sample:		2959.8 time, 2960.1 real, 1254.5 MB
[runlim] sample:		2969.8 time, 2970.1 real, 1171.9 MB
[runlim] sample:		2979.8 time, 2980.1 real, 1171.9 MB
[runlim] sample:		2989.8 time, 2990.1 real, 1255.6 MB
[runlim] sample:		2999.8 time, 3000.1 real, 1178.9 MB
[runlim] sample:		3009.8 time, 3010.1 real, 1399.6 MB
[runlim] sample:		3019.8 time, 3020.1 real, 1219.9 MB
[runlim] sample:		3029.8 time, 3030.1 real, 1204.2 MB
[runlim] sample:		3039.8 time, 3040.1 real, 1265.8 MB
[runlim] sample:		3049.8 time, 3050.1 real, 1222.6 MB
[runlim] sample:		3059.8 time, 3060.1 real, 1183.6 MB
[runlim] sample:		3069.8 time, 3070.1 real, 1410.8 MB
[runlim] sample:		3079.8 time, 3080.1 real, 1180.9 MB
[runlim] sample:		3089.8 time, 3090.1 real, 1199.1 MB
[runlim] sample:		3099.8 time, 3100.1 real, 1261.7 MB
[runlim] sample:		3109.8 time, 3110.1 real, 1272.8 MB
[runlim] sample:		3119.8 time, 3120.1 real, 1232.1 MB
[runlim] sample:		3129.8 time, 3130.1 real, 1273.2 MB
[runlim] sample:		3139.8 time, 3140.1 real, 1212.6 MB
[runlim] sample:		3149.8 time, 3150.1 real, 1465.6 MB
[runlim] sample:		3159.8 time, 3160.1 real, 1270.6 MB
[runlim] sample:		3169.8 time, 3170.1 real, 1468.1 MB
[runlim] sample:		3179.8 time, 3180.1 real, 1284.4 MB
[runlim] sample:		3189.8 time, 3190.1 real, 1282.7 MB
[runlim] sample:		3199.8 time, 3200.1 real, 1361.9 MB
[runlim] sample:		3209.8 time, 3210.1 real, 1366.0 MB
[runlim] sample:		3219.8 time, 3220.1 real, 1335.3 MB
[runlim] sample:		3229.8 time, 3230.1 real, 1335.9 MB
[runlim] sample:		3239.8 time, 3240.1 real, 1366.7 MB
[runlim] sample:		3249.8 time, 3250.1 real, 1369.3 MB
[runlim] sample:		3259.8 time, 3260.1 real, 1340.4 MB
[runlim] sample:		3269.8 time, 3270.1 real, 1343.1 MB
[runlim] sample:		3279.8 time, 3280.1 real, 1374.0 MB
[runlim] sample:		3289.8 time, 3290.1 real, 1352.1 MB
[runlim] sample:		3299.8 time, 3300.1 real, 1341.8 MB
[runlim] sample:		3309.8 time, 3310.1 real, 1348.3 MB
[runlim] sample:		3319.8 time, 3320.1 real, 1379.0 MB
[runlim] sample:		3329.8 time, 3330.1 real, 1373.4 MB
[runlim] sample:		3339.8 time, 3340.1 real, 1342.6 MB
[runlim] sample:		3349.8 time, 3350.1 real, 1359.1 MB
[runlim] sample:		3359.8 time, 3360.1 real, 1366.7 MB
[runlim] sample:		3369.8 time, 3370.1 real, 1366.7 MB
[runlim] sample:		3379.8 time, 3380.1 real, 1366.7 MB
[runlim] sample:		3389.8 time, 3390.1 real, 1348.6 MB
[runlim] sample:		3399.8 time, 3400.1 real, 1354.7 MB
[runlim] sample:		3409.8 time, 3410.1 real, 1354.7 MB
[runlim] sample:		3419.8 time, 3420.1 real, 1379.1 MB
[runlim] sample:		3429.8 time, 3430.1 real, 1379.1 MB
[runlim] sample:		3439.8 time, 3440.1 real, 1646.5 MB
[runlim] sample:		3449.8 time, 3450.1 real, 1622.0 MB
[runlim] sample:		3459.8 time, 3460.1 real, 1354.7 MB
[runlim] sample:		3469.8 time, 3470.1 real, 1354.7 MB
[runlim] sample:		3479.8 time, 3480.1 real, 1360.1 MB
[runlim] sample:		3489.8 time, 3490.1 real, 1390.8 MB
[runlim] sample:		3499.8 time, 3500.1 real, 1386.7 MB
[runlim] sample:		3509.8 time, 3510.1 real, 1386.7 MB
[runlim] sample:		3519.8 time, 3520.1 real, 1356.5 MB
[runlim] sample:		3529.8 time, 3530.1 real, 1434.3 MB
[runlim] sample:		3539.8 time, 3540.1 real, 1434.3 MB
[runlim] sample:		3549.8 time, 3550.1 real, 1365.6 MB
[runlim] sample:		3559.8 time, 3560.1 real, 1376.4 MB
[runlim] sample:		3569.8 time, 3570.1 real, 1639.3 MB
[runlim] sample:		3579.8 time, 3580.1 real, 1392.3 MB
[runlim] sample:		3589.8 time, 3590.1 real, 1404.3 MB
[runlim] sample:		3599.8 time, 3600.1 real, 1404.3 MB
c Signal interruption.
[runlim] end:			Tue Aug 27 23:21:32 2024
[runlim] status:		out of time
[runlim] result:		2
[runlim] children:		0
[runlim] real:			3600.12 seconds
[runlim] time:			3599.77 seconds
[runlim] space:			1682.0 MB
[runlim] samples:		36000
