[runlim] version:		1.10
[runlim] time limit:		3600 seconds
[runlim] real time limit:	3600 seconds
[runlim] space limit:		30000 MB
[runlim] argv[0]:		/home/truongxuanhieu/AntiBandwidthReconstruct/build/abw_enc_symbreak_reverse_max_node
[runlim] argv[1]:		/home/truongxuanhieu/AntiBandwidthReconstruct/build/BenchmarksAdd/R-dwt__503.mtx.rnd
[runlim] argv[2]:		--duplexNSC
[runlim] start:			Wed Aug 21 02:02:43 2024
[runlim] main pid:		7317
[runlim] log captured:
c DuplexEncoder 0.8.
c Solving strategy: from LB to UB.
c LB-w = 46 (LB in Sinnl - A note on computational approaches for the antibandwidth problem).
c UB-w = 71 (UB in Sinnl - A note on computational approaches for the antibandwidth problem).
c Antibandwidth problem with w = 46 ( R-dwt__503.mtx.rnd ):
c Initializing CaDiCaL (version 1.2.1).
c	Configuring CaDiCaL as --sat (1).
c Initializing a DuplexNSC encoder with n = 503.
c Encoding starts with w = 46:
c	Labels and Vertices aux var: 43258
c	Labels and Vertices constraints:  597564
c	Obj k aux var: 446664
c	Obj k constraints: 6803517
c	Obj k glue staircase constraints: 4977124
c	Encoding duration: 2s
c	Number of clauses: 7401332
c	Number of irredundant clauses: 7398841
c	Number of variables: 742931
c SAT Solving starts:
c	Solving duration: 3941 ms
c	Answer: 
s SAT (w = 46)
c	Solution check:
p calculated antibandwidth = 46.
c
c
c Antibandwidth problem with w = 47 ( R-dwt__503.mtx.rnd ):
c Initializing CaDiCaL (version 1.2.1).
c	Configuring CaDiCaL as --sat (1).
c Initializing a DuplexNSC encoder with n = 503.
c Encoding starts with w = 47:
c	Labels and Vertices aux var: 43258
c	Labels and Vertices constraints:  597564
c	Obj k aux var: 451191
c	Obj k constraints: 6805547
c	Obj k glue staircase constraints: 4966076
c	Encoding duration: 1s
c	Number of clauses: 7403362
c	Number of irredundant clauses: 7400871
c	Number of variables: 747458
c SAT Solving starts:
[runlim] sample:		10.0 time, 10.3 real, 881.4 MB
c	Solving duration: 4103 ms
c	Answer: 
s SAT (w = 47)
c	Solution check:
p calculated antibandwidth = 47.
c
c
c Antibandwidth problem with w = 48 ( R-dwt__503.mtx.rnd ):
c Initializing CaDiCaL (version 1.2.1).
c	Configuring CaDiCaL as --sat (1).
c Initializing a DuplexNSC encoder with n = 503.
c Encoding starts with w = 48:
c	Labels and Vertices aux var: 43258
c	Labels and Vertices constraints:  597564
c	Obj k aux var: 455718
c	Obj k constraints: 6807577
c	Obj k glue staircase constraints: 4955028
c	Encoding duration: 1s
c	Number of clauses: 7405392
c	Number of irredundant clauses: 7402901
c	Number of variables: 751985
c SAT Solving starts:
[runlim] sample:		20.0 time, 20.3 real, 1195.3 MB
c	Solving duration: 11513 ms
c	Answer: 
s SAT (w = 48)
c	Solution check:
p calculated antibandwidth = 48.
c
c
c Antibandwidth problem with w = 49 ( R-dwt__503.mtx.rnd ):
c Initializing CaDiCaL (version 1.2.1).
c	Configuring CaDiCaL as --sat (1).
c Initializing a DuplexNSC encoder with n = 503.
c Encoding starts with w = 49:
c	Labels and Vertices aux var: 43258
c	Labels and Vertices constraints:  597564
c	Obj k aux var: 460245
c	Obj k constraints: 6809607
c	Obj k glue staircase constraints: 4943980
c	Encoding duration: 2s
c	Number of clauses: 7407422
c	Number of irredundant clauses: 7404931
c	Number of variables: 756512
c SAT Solving starts:
[runlim] sample:		30.0 time, 30.3 real, 850.5 MB
c	Solving duration: 4372 ms
c	Answer: 
s SAT (w = 49)
c	Solution check:
p calculated antibandwidth = 49.
c
c
c Antibandwidth problem with w = 50 ( R-dwt__503.mtx.rnd ):
c Initializing CaDiCaL (version 1.2.1).
c	Configuring CaDiCaL as --sat (1).
c Initializing a DuplexNSC encoder with n = 503.
c Encoding starts with w = 50:
c	Labels and Vertices aux var: 43258
c	Labels and Vertices constraints:  597564
c	Obj k aux var: 464772
c	Obj k constraints: 6811637
c	Obj k glue staircase constraints: 4932932
c	Encoding duration: 1s
c	Number of clauses: 7409452
c	Number of irredundant clauses: 7406961
c	Number of variables: 761039
c SAT Solving starts:
c	Solving duration: 3985 ms
c	Answer: 
s SAT (w = 50)
c	Solution check:
p calculated antibandwidth = 50.
c
c
c Antibandwidth problem with w = 51 ( R-dwt__503.mtx.rnd ):
c Initializing CaDiCaL (version 1.2.1).
c	Configuring CaDiCaL as --sat (1).
c Initializing a DuplexNSC encoder with n = 503.
c Encoding starts with w = 51:
[runlim] sample:		40.0 time, 40.3 real, 792.6 MB
c	Labels and Vertices aux var: 43258
c	Labels and Vertices constraints:  592534
c	Obj k aux var: 445155
c	Obj k constraints: 6749018
c	Obj k glue staircase constraints: 4930170
c	Encoding duration: 1s
c	Number of clauses: 7341803
c	Number of irredundant clauses: 7339312
c	Number of variables: 741422
c SAT Solving starts:
c	Solving duration: 4128 ms
c	Answer: 
s SAT (w = 51)
c	Solution check:
p calculated antibandwidth = 51.
c
c
c Antibandwidth problem with w = 52 ( R-dwt__503.mtx.rnd ):
c Initializing CaDiCaL (version 1.2.1).
c	Configuring CaDiCaL as --sat (1).
c Initializing a DuplexNSC encoder with n = 503.
c Encoding starts with w = 52:
c	Labels and Vertices aux var: 43258
c	Labels and Vertices constraints:  592534
c	Obj k aux var: 449179
c	Obj k constraints: 6749539
c	Obj k glue staircase constraints: 4919122
c	Encoding duration: 1s
c	Number of clauses: 7342324
c	Number of irredundant clauses: 7339833
c	Number of variables: 745446
c SAT Solving starts:
[runlim] sample:		50.0 time, 50.3 real, 850.0 MB
c	Solving duration: 4031 ms
c	Answer: 
s SAT (w = 52)
c	Solution check:
p calculated antibandwidth = 52.
c
c
c Antibandwidth problem with w = 53 ( R-dwt__503.mtx.rnd ):
c Initializing CaDiCaL (version 1.2.1).
c	Configuring CaDiCaL as --sat (1).
c Initializing a DuplexNSC encoder with n = 503.
c Encoding starts with w = 53:
c	Labels and Vertices aux var: 43258
c	Labels and Vertices constraints:  592534
c	Obj k aux var: 453203
c	Obj k constraints: 6750060
c	Obj k glue staircase constraints: 4908074
c	Encoding duration: 1s
c	Number of clauses: 7342845
c	Number of irredundant clauses: 7340403
c	Number of variables: 749470
c SAT Solving starts:
[runlim] sample:		60.0 time, 60.3 real, 1021.5 MB
c	Solving duration: 11181 ms
c	Answer: 
s SAT (w = 53)
c	Solution check:
p calculated antibandwidth = 53.
c
c
c Antibandwidth problem with w = 54 ( R-dwt__503.mtx.rnd ):
c Initializing CaDiCaL (version 1.2.1).
c	Configuring CaDiCaL as --sat (1).
c Initializing a DuplexNSC encoder with n = 503.
c Encoding starts with w = 54:
c	Labels and Vertices aux var: 43258
c	Labels and Vertices constraints:  592534
c	Obj k aux var: 457227
c	Obj k constraints: 6750581
c	Obj k glue staircase constraints: 4897026
c	Encoding duration: 1s
c	Number of clauses: 7343366
c	Number of irredundant clauses: 7341072
c	Number of variables: 753494
c SAT Solving starts:
[runlim] sample:		70.0 time, 70.3 real, 1033.1 MB
[runlim] sample:		80.0 time, 80.3 real, 1038.4 MB
[runlim] sample:		90.0 time, 90.3 real, 1050.3 MB
[runlim] sample:		100.0 time, 100.3 real, 1052.4 MB
[runlim] sample:		110.0 time, 110.3 real, 1057.2 MB
[runlim] sample:		120.0 time, 120.3 real, 1057.0 MB
[runlim] sample:		130.0 time, 130.3 real, 1054.1 MB
c	Solving duration: 67925 ms
c	Answer: 
s SAT (w = 54)
c	Solution check:
p calculated antibandwidth = 54.
c
c
c Antibandwidth problem with w = 55 ( R-dwt__503.mtx.rnd ):
c Initializing CaDiCaL (version 1.2.1).
c	Configuring CaDiCaL as --sat (1).
c Initializing a DuplexNSC encoder with n = 503.
c Encoding starts with w = 55:
c	Labels and Vertices aux var: 43258
c	Labels and Vertices constraints:  592534
c	Obj k aux var: 461251
c	Obj k constraints: 6751102
c	Obj k glue staircase constraints: 4885978
c	Encoding duration: 2s
c	Number of clauses: 7343887
c	Number of irredundant clauses: 7341593
c	Number of variables: 757518
c SAT Solving starts:
[runlim] sample:		140.0 time, 140.3 real, 825.5 MB
[runlim] sample:		150.0 time, 150.3 real, 1033.0 MB
[runlim] sample:		160.0 time, 160.3 real, 1057.1 MB
[runlim] sample:		170.0 time, 170.3 real, 1050.5 MB
c	Solving duration: 36589 ms
c	Answer: 
s SAT (w = 55)
c	Solution check:
p calculated antibandwidth = 55.
c
c
c Antibandwidth problem with w = 56 ( R-dwt__503.mtx.rnd ):
c Initializing CaDiCaL (version 1.2.1).
c	Configuring CaDiCaL as --sat (1).
c Initializing a DuplexNSC encoder with n = 503.
c Encoding starts with w = 56:
c	Labels and Vertices aux var: 43258
c	Labels and Vertices constraints:  588007
c	Obj k aux var: 438616
c	Obj k constraints: 6679429
c	Obj k glue staircase constraints: 4883216
c	Encoding duration: 1s
c	Number of clauses: 7267687
c	Number of irredundant clauses: 7265393
c	Number of variables: 734883
c SAT Solving starts:
[runlim] sample:		180.0 time, 180.3 real, 1037.6 MB
[runlim] sample:		190.0 time, 190.3 real, 1028.6 MB
[runlim] sample:		200.0 time, 200.3 real, 1200.3 MB
[runlim] sample:		210.0 time, 210.3 real, 1038.1 MB
[runlim] sample:		220.0 time, 220.3 real, 1056.3 MB
[runlim] sample:		230.0 time, 230.3 real, 1321.1 MB
[runlim] sample:		240.0 time, 240.3 real, 1058.9 MB
[runlim] sample:		250.0 time, 250.3 real, 1042.9 MB
[runlim] sample:		260.0 time, 260.3 real, 1021.2 MB
[runlim] sample:		269.9 time, 270.3 real, 1039.1 MB
[runlim] sample:		279.9 time, 280.3 real, 1038.4 MB
[runlim] sample:		289.9 time, 290.3 real, 1027.8 MB
c	Solving duration: 118382 ms
c	Answer: 
s SAT (w = 56)
c	Solution check:
p calculated antibandwidth = 56.
c
c
c Antibandwidth problem with w = 57 ( R-dwt__503.mtx.rnd ):
c Initializing CaDiCaL (version 1.2.1).
c	Configuring CaDiCaL as --sat (1).
c Initializing a DuplexNSC encoder with n = 503.
c Encoding starts with w = 57:
c	Labels and Vertices aux var: 43258
c	Labels and Vertices constraints:  588007
c	Obj k aux var: 442137
c	Obj k constraints: 6678441
c	Obj k glue staircase constraints: 4872168
c	Encoding duration: 1s
c	Number of clauses: 7266699
c	Number of irredundant clauses: 7264405
c	Number of variables: 738404
c SAT Solving starts:
[runlim] sample:		299.9 time, 300.3 real, 1016.2 MB
[runlim] sample:		309.9 time, 310.3 real, 1032.1 MB
c	Solving duration: 22427 ms
c	Answer: 
s SAT (w = 57)
c	Solution check:
p calculated antibandwidth = 57.
c
c
c Antibandwidth problem with w = 58 ( R-dwt__503.mtx.rnd ):
c Initializing CaDiCaL (version 1.2.1).
c	Configuring CaDiCaL as --sat (1).
c Initializing a DuplexNSC encoder with n = 503.
c Encoding starts with w = 58:
[runlim] sample:		319.9 time, 320.3 real, 760.6 MB
c	Labels and Vertices aux var: 43258
c	Labels and Vertices constraints:  588007
c	Obj k aux var: 445658
c	Obj k constraints: 6677453
c	Obj k glue staircase constraints: 4861120
c	Encoding duration: 1s
c	Number of clauses: 7265711
c	Number of irredundant clauses: 7263417
c	Number of variables: 741925
c SAT Solving starts:
[runlim] sample:		329.9 time, 330.3 real, 1027.5 MB
[runlim] sample:		339.9 time, 340.3 real, 1053.6 MB
[runlim] sample:		349.9 time, 350.3 real, 1033.2 MB
[runlim] sample:		359.9 time, 360.3 real, 1057.0 MB
[runlim] sample:		369.9 time, 370.3 real, 1034.9 MB
c	Solving duration: 52713 ms
c	Answer: 
s SAT (w = 58)
c	Solution check:
p calculated antibandwidth = 58.
c
c
c Antibandwidth problem with w = 59 ( R-dwt__503.mtx.rnd ):
c Initializing CaDiCaL (version 1.2.1).
c	Configuring CaDiCaL as --sat (1).
c Initializing a DuplexNSC encoder with n = 503.
c Encoding starts with w = 59:
c	Labels and Vertices aux var: 43258
c	Labels and Vertices constraints:  588007
c	Obj k aux var: 449179
c	Obj k constraints: 6676465
c	Obj k glue staircase constraints: 4850072
c	Encoding duration: 1s
c	Number of clauses: 7264723
c	Number of irredundant clauses: 7262429
c	Number of variables: 745446
c SAT Solving starts:
[runlim] sample:		379.9 time, 380.3 real, 1027.5 MB
[runlim] sample:		389.9 time, 390.3 real, 1027.3 MB
[runlim] sample:		399.9 time, 400.3 real, 1196.9 MB
[runlim] sample:		409.9 time, 410.3 real, 1033.7 MB
[runlim] sample:		419.9 time, 420.3 real, 1032.5 MB
[runlim] sample:		429.9 time, 430.3 real, 1036.6 MB
[runlim] sample:		439.9 time, 440.3 real, 1039.1 MB
[runlim] sample:		449.9 time, 450.3 real, 1038.2 MB
[runlim] sample:		459.9 time, 460.3 real, 1042.8 MB
[runlim] sample:		469.9 time, 470.3 real, 1050.0 MB
[runlim] sample:		479.9 time, 480.3 real, 1043.7 MB
[runlim] sample:		489.9 time, 490.3 real, 1041.4 MB
c	Solving duration: 117835 ms
c	Answer: 
s SAT (w = 59)
c	Solution check:
p calculated antibandwidth = 59.
c
c
c Antibandwidth problem with w = 60 ( R-dwt__503.mtx.rnd ):
c Initializing CaDiCaL (version 1.2.1).
c	Configuring CaDiCaL as --sat (1).
c Initializing a DuplexNSC encoder with n = 503.
c Encoding starts with w = 60:
c	Labels and Vertices aux var: 43258
c	Labels and Vertices constraints:  588007
c	Obj k aux var: 452700
c	Obj k constraints: 6675477
c	Obj k glue staircase constraints: 4839024
c	Encoding duration: 1s
c	Number of clauses: 7263735
c	Number of irredundant clauses: 7261441
c	Number of variables: 748967
c SAT Solving starts:
[runlim] sample:		499.9 time, 500.3 real, 1032.9 MB
[runlim] sample:		509.9 time, 510.3 real, 1027.2 MB
[runlim] sample:		519.9 time, 520.3 real, 1030.6 MB
[runlim] sample:		529.9 time, 530.3 real, 1031.4 MB
[runlim] sample:		539.9 time, 540.3 real, 1030.9 MB
[runlim] sample:		549.9 time, 550.3 real, 1028.4 MB
[runlim] sample:		559.9 time, 560.3 real, 1202.5 MB
[runlim] sample:		569.9 time, 570.3 real, 1037.9 MB
[runlim] sample:		579.9 time, 580.3 real, 1044.1 MB
[runlim] sample:		589.9 time, 590.3 real, 1221.2 MB
[runlim] sample:		599.9 time, 600.3 real, 1049.3 MB
[runlim] sample:		609.9 time, 610.3 real, 1042.8 MB
[runlim] sample:		619.9 time, 620.3 real, 1043.8 MB
[runlim] sample:		629.9 time, 630.3 real, 1223.3 MB
c	Solving duration: 136760 ms
c	Answer: 
s SAT (w = 60)
c	Solution check:
p calculated antibandwidth = 60.
c
c
c Antibandwidth problem with w = 61 ( R-dwt__503.mtx.rnd ):
c Initializing CaDiCaL (version 1.2.1).
c	Configuring CaDiCaL as --sat (1).
c Initializing a DuplexNSC encoder with n = 503.
c Encoding starts with w = 61:
c	Labels and Vertices aux var: 43258
c	Labels and Vertices constraints:  588007
c	Obj k aux var: 456221
c	Obj k constraints: 6674489
c	Obj k glue staircase constraints: 4827976
c	Encoding duration: 1s
c	Number of clauses: 7262747
c	Number of irredundant clauses: 7260453
c	Number of variables: 752488
c SAT Solving starts:
[runlim] sample:		639.9 time, 640.3 real, 1205.6 MB
[runlim] sample:		649.9 time, 650.3 real, 1031.3 MB
[runlim] sample:		659.9 time, 660.3 real, 1033.4 MB
[runlim] sample:		669.9 time, 670.3 real, 1032.3 MB
[runlim] sample:		679.9 time, 680.3 real, 1032.9 MB
[runlim] sample:		689.9 time, 690.3 real, 1018.7 MB
[runlim] sample:		699.9 time, 700.3 real, 1030.1 MB
[runlim] sample:		709.9 time, 710.3 real, 1031.2 MB
[runlim] sample:		719.9 time, 720.3 real, 1044.1 MB
[runlim] sample:		729.9 time, 730.3 real, 1044.0 MB
[runlim] sample:		739.9 time, 740.3 real, 1021.8 MB
[runlim] sample:		749.9 time, 750.3 real, 1042.3 MB
[runlim] sample:		759.9 time, 760.3 real, 1043.4 MB
[runlim] sample:		769.9 time, 770.3 real, 1044.0 MB
[runlim] sample:		779.9 time, 780.3 real, 1022.9 MB
[runlim] sample:		789.9 time, 790.3 real, 1021.8 MB
[runlim] sample:		799.9 time, 800.3 real, 1031.2 MB
[runlim] sample:		809.9 time, 810.3 real, 1049.1 MB
[runlim] sample:		819.9 time, 820.3 real, 1050.5 MB
[runlim] sample:		829.9 time, 830.3 real, 1046.2 MB
[runlim] sample:		839.9 time, 840.3 real, 1047.9 MB
[runlim] sample:		849.9 time, 850.3 real, 1045.7 MB
[runlim] sample:		859.9 time, 860.3 real, 1045.6 MB
[runlim] sample:		869.9 time, 870.3 real, 1054.6 MB
[runlim] sample:		879.9 time, 880.3 real, 1059.4 MB
[runlim] sample:		889.9 time, 890.3 real, 1053.4 MB
[runlim] sample:		899.9 time, 900.3 real, 1238.1 MB
[runlim] sample:		909.9 time, 910.3 real, 1020.8 MB
[runlim] sample:		919.8 time, 920.3 real, 1007.8 MB
[runlim] sample:		929.9 time, 930.3 real, 1007.8 MB
[runlim] sample:		939.8 time, 940.3 real, 1007.8 MB
[runlim] sample:		949.8 time, 950.3 real, 1011.6 MB
[runlim] sample:		959.8 time, 960.3 real, 1003.7 MB
[runlim] sample:		969.8 time, 970.3 real, 1003.7 MB
[runlim] sample:		979.8 time, 980.3 real, 1014.3 MB
[runlim] sample:		989.8 time, 990.3 real, 1006.9 MB
[runlim] sample:		999.8 time, 1000.3 real, 1006.9 MB
[runlim] sample:		1009.8 time, 1010.3 real, 1004.2 MB
[runlim] sample:		1019.8 time, 1020.3 real, 1004.1 MB
[runlim] sample:		1029.8 time, 1030.3 real, 1014.4 MB
[runlim] sample:		1039.8 time, 1040.3 real, 1023.1 MB
[runlim] sample:		1049.8 time, 1050.3 real, 1023.1 MB
[runlim] sample:		1059.8 time, 1060.3 real, 1048.3 MB
[runlim] sample:		1069.8 time, 1070.3 real, 1048.3 MB
c	Solving duration: 435439 ms
c	Answer: 
s SAT (w = 61)
c	Solution check:
p calculated antibandwidth = 61.
c
c
c Antibandwidth problem with w = 62 ( R-dwt__503.mtx.rnd ):
c Initializing CaDiCaL (version 1.2.1).
c	Configuring CaDiCaL as --sat (1).
c Initializing a DuplexNSC encoder with n = 503.
c Encoding starts with w = 62:
c	Labels and Vertices aux var: 43258
c	Labels and Vertices constraints:  588007
c	Obj k aux var: 459742
c	Obj k constraints: 6673501
c	Obj k glue staircase constraints: 4816928
c	Encoding duration: 1s
c	Number of clauses: 7261759
c	Number of irredundant clauses: 7259465
c	Number of variables: 756009
c SAT Solving starts:
[runlim] sample:		1079.8 time, 1080.3 real, 1040.1 MB
[runlim] sample:		1089.8 time, 1090.3 real, 1044.0 MB
[runlim] sample:		1099.8 time, 1100.3 real, 1044.5 MB
[runlim] sample:		1109.8 time, 1110.3 real, 1044.3 MB
[runlim] sample:		1119.8 time, 1120.3 real, 1045.1 MB
[runlim] sample:		1129.8 time, 1130.3 real, 1047.2 MB
[runlim] sample:		1139.8 time, 1140.3 real, 1045.5 MB
[runlim] sample:		1149.8 time, 1150.3 real, 1047.0 MB
[runlim] sample:		1159.8 time, 1160.3 real, 1047.1 MB
[runlim] sample:		1169.8 time, 1170.3 real, 1047.1 MB
[runlim] sample:		1179.8 time, 1180.3 real, 1047.0 MB
[runlim] sample:		1189.8 time, 1190.3 real, 1019.0 MB
[runlim] sample:		1199.8 time, 1200.3 real, 1020.1 MB
[runlim] sample:		1209.8 time, 1210.3 real, 1019.7 MB
[runlim] sample:		1219.8 time, 1220.3 real, 1020.8 MB
[runlim] sample:		1229.8 time, 1230.3 real, 996.9 MB
[runlim] sample:		1239.8 time, 1240.3 real, 998.3 MB
[runlim] sample:		1249.8 time, 1250.3 real, 1230.0 MB
[runlim] sample:		1259.8 time, 1260.3 real, 1036.4 MB
[runlim] sample:		1269.8 time, 1270.3 real, 1037.2 MB
[runlim] sample:		1279.8 time, 1280.3 real, 1034.2 MB
[runlim] sample:		1289.8 time, 1290.3 real, 1034.2 MB
[runlim] sample:		1299.8 time, 1300.3 real, 1038.1 MB
[runlim] sample:		1309.8 time, 1310.3 real, 1039.3 MB
[runlim] sample:		1319.8 time, 1320.3 real, 1037.0 MB
[runlim] sample:		1329.8 time, 1330.3 real, 1037.0 MB
[runlim] sample:		1339.8 time, 1340.3 real, 1040.7 MB
[runlim] sample:		1349.8 time, 1350.3 real, 1038.5 MB
c	Solving duration: 285866 ms
c	Answer: 
s SAT (w = 62)
c	Solution check:
p calculated antibandwidth = 62.
c
c
c Antibandwidth problem with w = 63 ( R-dwt__503.mtx.rnd ):
c Initializing CaDiCaL (version 1.2.1).
c	Configuring CaDiCaL as --sat (1).
c Initializing a DuplexNSC encoder with n = 503.
c Encoding starts with w = 63:
[runlim] sample:		1359.8 time, 1360.3 real, 803.1 MB
c	Labels and Vertices aux var: 43258
c	Labels and Vertices constraints:  583983
c	Obj k aux var: 433083
c	Obj k constraints: 6589756
c	Obj k glue staircase constraints: 4814166
c	Encoding duration: 1s
c	Number of clauses: 7173990
c	Number of irredundant clauses: 7171696
c	Number of variables: 729350
c SAT Solving starts:
[runlim] sample:		1369.8 time, 1370.3 real, 1036.8 MB
[runlim] sample:		1379.8 time, 1380.3 real, 1040.9 MB
[runlim] sample:		1389.8 time, 1390.3 real, 1041.1 MB
[runlim] sample:		1399.8 time, 1400.3 real, 1166.2 MB
[runlim] sample:		1409.8 time, 1410.3 real, 999.9 MB
[runlim] sample:		1419.8 time, 1420.3 real, 1002.2 MB
[runlim] sample:		1429.8 time, 1430.3 real, 1000.6 MB
[runlim] sample:		1439.8 time, 1440.3 real, 1001.4 MB
[runlim] sample:		1449.8 time, 1450.3 real, 1161.4 MB
[runlim] sample:		1459.8 time, 1460.3 real, 1033.9 MB
[runlim] sample:		1469.8 time, 1470.3 real, 1036.4 MB
[runlim] sample:		1479.8 time, 1480.3 real, 1037.0 MB
[runlim] sample:		1489.8 time, 1490.3 real, 1036.7 MB
[runlim] sample:		1499.8 time, 1500.3 real, 1161.8 MB
[runlim] sample:		1509.8 time, 1510.3 real, 1016.2 MB
[runlim] sample:		1519.8 time, 1520.3 real, 1017.0 MB
[runlim] sample:		1529.8 time, 1530.3 real, 993.1 MB
[runlim] sample:		1539.8 time, 1540.3 real, 1000.2 MB
[runlim] sample:		1549.8 time, 1550.3 real, 1165.5 MB
[runlim] sample:		1559.8 time, 1560.3 real, 1193.1 MB
[runlim] sample:		1569.8 time, 1570.3 real, 1016.8 MB
[runlim] sample:		1579.8 time, 1580.3 real, 1026.3 MB
[runlim] sample:		1589.8 time, 1590.3 real, 1018.4 MB
[runlim] sample:		1599.8 time, 1600.3 real, 1058.7 MB
[runlim] sample:		1609.8 time, 1610.3 real, 1062.8 MB
[runlim] sample:		1619.8 time, 1620.3 real, 1039.6 MB
[runlim] sample:		1629.8 time, 1630.3 real, 999.3 MB
[runlim] sample:		1639.8 time, 1640.3 real, 999.3 MB
[runlim] sample:		1649.8 time, 1650.3 real, 1176.3 MB
[runlim] sample:		1659.8 time, 1660.3 real, 1174.7 MB
[runlim] sample:		1669.8 time, 1670.3 real, 1042.5 MB
[runlim] sample:		1679.8 time, 1680.3 real, 1043.9 MB
[runlim] sample:		1689.8 time, 1690.3 real, 1056.7 MB
[runlim] sample:		1699.8 time, 1700.3 real, 1011.7 MB
[runlim] sample:		1709.8 time, 1710.3 real, 1219.6 MB
[runlim] sample:		1719.8 time, 1720.3 real, 999.4 MB
c	Solving duration: 359449 ms
c	Answer: 
s SAT (w = 63)
c	Solution check:
p calculated antibandwidth = 63.
c
c
c Antibandwidth problem with w = 64 ( R-dwt__503.mtx.rnd ):
c Initializing CaDiCaL (version 1.2.1).
c	Configuring CaDiCaL as --sat (1).
c Initializing a DuplexNSC encoder with n = 503.
c Encoding starts with w = 64:
c	Labels and Vertices aux var: 43258
c	Labels and Vertices constraints:  583983
c	Obj k aux var: 436101
c	Obj k constraints: 6587259
c	Obj k glue staircase constraints: 4803118
c	Encoding duration: 1s
c	Number of clauses: 7171493
c	Number of irredundant clauses: 7169396
c	Number of variables: 732368
c SAT Solving starts:
[runlim] sample:		1729.8 time, 1730.3 real, 1037.0 MB
[runlim] sample:		1739.8 time, 1740.3 real, 1037.0 MB
[runlim] sample:		1749.8 time, 1750.3 real, 1035.9 MB
[runlim] sample:		1759.8 time, 1760.3 real, 1036.1 MB
[runlim] sample:		1769.8 time, 1770.3 real, 994.3 MB
[runlim] sample:		1779.8 time, 1780.3 real, 996.1 MB
[runlim] sample:		1789.8 time, 1790.3 real, 990.7 MB
[runlim] sample:		1799.8 time, 1800.3 real, 989.0 MB
[runlim] sample:		1809.8 time, 1810.3 real, 1054.3 MB
[runlim] sample:		1819.8 time, 1820.3 real, 1159.8 MB
[runlim] sample:		1829.8 time, 1830.3 real, 1022.1 MB
[runlim] sample:		1839.8 time, 1840.3 real, 991.6 MB
[runlim] sample:		1849.8 time, 1850.3 real, 1169.3 MB
[runlim] sample:		1859.8 time, 1860.3 real, 1066.7 MB
[runlim] sample:		1869.8 time, 1870.3 real, 990.5 MB
[runlim] sample:		1879.8 time, 1880.3 real, 1038.8 MB
[runlim] sample:		1889.8 time, 1890.3 real, 1066.6 MB
[runlim] sample:		1899.8 time, 1900.3 real, 993.6 MB
[runlim] sample:		1909.8 time, 1910.3 real, 994.8 MB
[runlim] sample:		1919.8 time, 1920.3 real, 993.2 MB
[runlim] sample:		1929.8 time, 1930.3 real, 1017.1 MB
[runlim] sample:		1939.8 time, 1940.3 real, 1020.9 MB
[runlim] sample:		1949.8 time, 1950.3 real, 1020.8 MB
[runlim] sample:		1959.8 time, 1960.3 real, 1033.8 MB
[runlim] sample:		1969.8 time, 1970.3 real, 1021.6 MB
[runlim] sample:		1979.8 time, 1980.3 real, 1020.6 MB
[runlim] sample:		1989.8 time, 1990.3 real, 1016.8 MB
[runlim] sample:		1999.8 time, 2000.3 real, 1012.3 MB
[runlim] sample:		2009.8 time, 2010.3 real, 996.2 MB
[runlim] sample:		2019.8 time, 2020.3 real, 1174.1 MB
[runlim] sample:		2029.8 time, 2030.3 real, 999.1 MB
[runlim] sample:		2039.8 time, 2040.3 real, 1040.8 MB
[runlim] sample:		2049.8 time, 2050.3 real, 1046.6 MB
[runlim] sample:		2059.8 time, 2060.3 real, 1038.7 MB
[runlim] sample:		2069.8 time, 2070.3 real, 1038.7 MB
[runlim] sample:		2079.8 time, 2080.3 real, 1047.4 MB
[runlim] sample:		2089.8 time, 2090.3 real, 1045.5 MB
[runlim] sample:		2099.8 time, 2100.3 real, 1002.7 MB
[runlim] sample:		2109.8 time, 2110.3 real, 1000.7 MB
[runlim] sample:		2119.8 time, 2120.3 real, 1008.2 MB
[runlim] sample:		2129.8 time, 2130.3 real, 1008.1 MB
[runlim] sample:		2139.8 time, 2140.3 real, 1001.3 MB
[runlim] sample:		2149.8 time, 2150.3 real, 1004.5 MB
[runlim] sample:		2159.8 time, 2160.3 real, 1004.8 MB
[runlim] sample:		2169.8 time, 2170.3 real, 1304.8 MB
[runlim] sample:		2179.8 time, 2180.3 real, 1134.3 MB
[runlim] sample:		2189.8 time, 2190.3 real, 1144.1 MB
[runlim] sample:		2199.8 time, 2200.3 real, 1144.1 MB
[runlim] sample:		2209.8 time, 2210.3 real, 1144.0 MB
[runlim] sample:		2219.8 time, 2220.3 real, 1144.1 MB
[runlim] sample:		2229.8 time, 2230.3 real, 1136.1 MB
[runlim] sample:		2239.8 time, 2240.3 real, 1142.2 MB
[runlim] sample:		2249.8 time, 2250.3 real, 1142.2 MB
[runlim] sample:		2259.8 time, 2260.3 real, 1142.2 MB
[runlim] sample:		2269.8 time, 2270.3 real, 1141.3 MB
[runlim] sample:		2279.8 time, 2280.3 real, 1141.5 MB
[runlim] sample:		2289.8 time, 2290.3 real, 1173.6 MB
[runlim] sample:		2299.8 time, 2300.3 real, 1173.6 MB
[runlim] sample:		2309.8 time, 2310.3 real, 1164.4 MB
[runlim] sample:		2319.8 time, 2320.3 real, 1144.2 MB
[runlim] sample:		2329.8 time, 2330.3 real, 1144.2 MB
[runlim] sample:		2339.8 time, 2340.3 real, 1151.9 MB
[runlim] sample:		2349.8 time, 2350.3 real, 1151.9 MB
[runlim] sample:		2359.8 time, 2360.3 real, 1174.3 MB
[runlim] sample:		2369.8 time, 2370.3 real, 1375.0 MB
[runlim] sample:		2379.8 time, 2380.3 real, 1146.9 MB
[runlim] sample:		2389.8 time, 2390.3 real, 1142.7 MB
[runlim] sample:		2399.8 time, 2400.3 real, 1142.7 MB
[runlim] sample:		2409.8 time, 2410.3 real, 1147.6 MB
[runlim] sample:		2419.8 time, 2420.3 real, 1148.4 MB
[runlim] sample:		2429.8 time, 2430.3 real, 1352.0 MB
[runlim] sample:		2439.8 time, 2440.3 real, 1149.7 MB
[runlim] sample:		2449.8 time, 2450.3 real, 1150.4 MB
[runlim] sample:		2459.8 time, 2460.3 real, 1151.1 MB
[runlim] sample:		2469.8 time, 2470.3 real, 1158.9 MB
[runlim] sample:		2479.8 time, 2480.3 real, 1158.8 MB
[runlim] sample:		2489.8 time, 2490.3 real, 1152.2 MB
[runlim] sample:		2499.8 time, 2500.3 real, 1153.7 MB
[runlim] sample:		2509.8 time, 2510.3 real, 1153.7 MB
[runlim] sample:		2519.8 time, 2520.3 real, 1201.3 MB
[runlim] sample:		2529.8 time, 2530.3 real, 1201.3 MB
[runlim] sample:		2539.8 time, 2540.3 real, 1201.3 MB
[runlim] sample:		2549.8 time, 2550.3 real, 1175.8 MB
[runlim] sample:		2559.8 time, 2560.3 real, 1396.9 MB
[runlim] sample:		2569.8 time, 2570.3 real, 1168.7 MB
[runlim] sample:		2579.8 time, 2580.3 real, 1168.7 MB
[runlim] sample:		2589.8 time, 2590.3 real, 1170.8 MB
[runlim] sample:		2599.8 time, 2600.3 real, 1170.8 MB
[runlim] sample:		2609.8 time, 2610.3 real, 1186.7 MB
[runlim] sample:		2619.8 time, 2620.3 real, 1186.7 MB
[runlim] sample:		2629.8 time, 2630.3 real, 1172.8 MB
[runlim] sample:		2639.8 time, 2640.3 real, 1191.0 MB
[runlim] sample:		2649.8 time, 2650.3 real, 1191.0 MB
[runlim] sample:		2659.8 time, 2660.3 real, 1191.0 MB
[runlim] sample:		2669.8 time, 2670.3 real, 1182.8 MB
[runlim] sample:		2679.8 time, 2680.3 real, 1155.2 MB
[runlim] sample:		2689.8 time, 2690.3 real, 1155.2 MB
[runlim] sample:		2699.8 time, 2700.3 real, 1154.2 MB
[runlim] sample:		2709.8 time, 2710.3 real, 1154.1 MB
[runlim] sample:		2719.8 time, 2720.3 real, 1154.1 MB
[runlim] sample:		2729.8 time, 2730.3 real, 1154.1 MB
[runlim] sample:		2739.8 time, 2740.3 real, 1147.2 MB
[runlim] sample:		2749.8 time, 2750.3 real, 1160.4 MB
[runlim] sample:		2759.8 time, 2760.3 real, 1160.4 MB
[runlim] sample:		2769.8 time, 2770.3 real, 1160.3 MB
[runlim] sample:		2779.8 time, 2780.3 real, 1159.7 MB
[runlim] sample:		2789.8 time, 2790.3 real, 1159.7 MB
[runlim] sample:		2799.8 time, 2800.3 real, 1159.2 MB
[runlim] sample:		2809.8 time, 2810.3 real, 1159.2 MB
[runlim] sample:		2819.8 time, 2820.3 real, 1159.1 MB
[runlim] sample:		2829.8 time, 2830.3 real, 1159.1 MB
[runlim] sample:		2839.8 time, 2840.3 real, 1153.8 MB
[runlim] sample:		2849.8 time, 2850.3 real, 1153.8 MB
[runlim] sample:		2859.8 time, 2860.3 real, 1159.2 MB
[runlim] sample:		2869.8 time, 2870.3 real, 1159.2 MB
[runlim] sample:		2879.8 time, 2880.3 real, 1182.1 MB
[runlim] sample:		2889.8 time, 2890.3 real, 1182.1 MB
[runlim] sample:		2899.8 time, 2900.3 real, 1159.4 MB
[runlim] sample:		2909.8 time, 2910.3 real, 1159.4 MB
[runlim] sample:		2919.8 time, 2920.3 real, 1159.9 MB
[runlim] sample:		2929.8 time, 2930.3 real, 1159.8 MB
[runlim] sample:		2939.8 time, 2940.3 real, 1423.0 MB
[runlim] sample:		2949.8 time, 2950.3 real, 1157.9 MB
[runlim] sample:		2959.8 time, 2960.3 real, 1153.9 MB
[runlim] sample:		2969.8 time, 2970.3 real, 1153.9 MB
[runlim] sample:		2979.8 time, 2980.3 real, 1153.9 MB
[runlim] sample:		2989.8 time, 2990.3 real, 1171.4 MB
[runlim] sample:		2999.8 time, 3000.3 real, 1139.6 MB
[runlim] sample:		3009.8 time, 3010.3 real, 1171.4 MB
[runlim] sample:		3019.8 time, 3020.3 real, 1158.6 MB
[runlim] sample:		3029.8 time, 3030.3 real, 1158.6 MB
[runlim] sample:		3039.7 time, 3040.3 real, 1162.4 MB
[runlim] sample:		3049.7 time, 3050.3 real, 1162.9 MB
[runlim] sample:		3059.7 time, 3060.3 real, 1162.9 MB
[runlim] sample:		3069.7 time, 3070.3 real, 1174.0 MB
[runlim] sample:		3079.7 time, 3080.3 real, 1174.0 MB
[runlim] sample:		3089.7 time, 3090.3 real, 1175.1 MB
[runlim] sample:		3099.7 time, 3100.3 real, 1162.9 MB
[runlim] sample:		3109.7 time, 3110.3 real, 1162.9 MB
[runlim] sample:		3119.7 time, 3120.3 real, 1162.9 MB
[runlim] sample:		3129.7 time, 3130.3 real, 1162.8 MB
[runlim] sample:		3139.7 time, 3140.3 real, 1162.8 MB
[runlim] sample:		3149.7 time, 3150.3 real, 1172.5 MB
[runlim] sample:		3159.7 time, 3160.3 real, 1172.5 MB
[runlim] sample:		3169.7 time, 3170.3 real, 1177.2 MB
[runlim] sample:		3179.7 time, 3180.3 real, 1399.8 MB
[runlim] sample:		3189.7 time, 3190.3 real, 1172.3 MB
[runlim] sample:		3199.7 time, 3200.3 real, 1172.3 MB
[runlim] sample:		3209.7 time, 3210.3 real, 1172.3 MB
[runlim] sample:		3219.7 time, 3220.3 real, 1178.4 MB
[runlim] sample:		3229.7 time, 3230.3 real, 1178.4 MB
[runlim] sample:		3239.7 time, 3240.3 real, 1209.2 MB
[runlim] sample:		3249.7 time, 3250.3 real, 1209.2 MB
[runlim] sample:		3259.7 time, 3260.3 real, 1209.2 MB
[runlim] sample:		3269.7 time, 3270.3 real, 1209.2 MB
[runlim] sample:		3279.7 time, 3280.3 real, 1218.0 MB
[runlim] sample:		3289.7 time, 3290.3 real, 1210.8 MB
[runlim] sample:		3299.7 time, 3300.3 real, 1416.9 MB
[runlim] sample:		3309.7 time, 3310.3 real, 1416.9 MB
[runlim] sample:		3319.7 time, 3320.3 real, 1416.9 MB
[runlim] sample:		3329.7 time, 3330.3 real, 1416.9 MB
[runlim] sample:		3339.7 time, 3340.3 real, 1779.0 MB
[runlim] sample:		3349.7 time, 3350.3 real, 1326.2 MB
[runlim] sample:		3359.7 time, 3360.3 real, 1326.2 MB
[runlim] sample:		3369.7 time, 3370.3 real, 1326.2 MB
[runlim] sample:		3379.7 time, 3380.3 real, 1326.2 MB
[runlim] sample:		3389.7 time, 3390.3 real, 1370.8 MB
[runlim] sample:		3399.7 time, 3400.3 real, 1370.7 MB
[runlim] sample:		3409.7 time, 3410.3 real, 1315.5 MB
[runlim] sample:		3419.7 time, 3420.3 real, 1315.5 MB
[runlim] sample:		3429.7 time, 3430.3 real, 1261.1 MB
[runlim] sample:		3439.7 time, 3440.3 real, 1261.0 MB
[runlim] sample:		3449.7 time, 3450.3 real, 1261.0 MB
[runlim] sample:		3459.7 time, 3460.3 real, 1221.7 MB
[runlim] sample:		3469.7 time, 3470.3 real, 1221.6 MB
[runlim] sample:		3479.7 time, 3480.3 real, 1221.6 MB
[runlim] sample:		3489.7 time, 3490.3 real, 1258.4 MB
[runlim] sample:		3499.7 time, 3500.3 real, 1258.4 MB
[runlim] sample:		3509.7 time, 3510.3 real, 1293.8 MB
[runlim] sample:		3519.7 time, 3520.3 real, 1293.8 MB
[runlim] sample:		3529.7 time, 3530.3 real, 1293.7 MB
[runlim] sample:		3539.7 time, 3540.3 real, 1293.7 MB
[runlim] sample:		3549.7 time, 3550.3 real, 1232.6 MB
[runlim] sample:		3559.7 time, 3560.3 real, 1232.6 MB
[runlim] sample:		3569.7 time, 3570.3 real, 1238.0 MB
[runlim] sample:		3579.7 time, 3580.3 real, 1238.0 MB
[runlim] sample:		3589.7 time, 3590.3 real, 1274.3 MB
c Signal interruption.
[runlim] end:			Wed Aug 21 03:02:43 2024
[runlim] status:		out of time
[runlim] result:		2
[runlim] children:		0
[runlim] real:			3600.03 seconds
[runlim] time:			3599.42 seconds
[runlim] space:			1839.7 MB
[runlim] samples:		35997
