[runlim] version:		1.10
[runlim] time limit:		1800 seconds
[runlim] real time limit:	1800 seconds
[runlim] space limit:		30000 MB
[runlim] argv[0]:		/home/truongxuanhieu/AntiBandwidthReconstruct/build/abw_enc_symbreak_max_node_hybrid_NSC_binomial
[runlim] argv[1]:		/home/truongxuanhieu/AntiBandwidthReconstruct/build/Benchmarks/B-ibm32.mtx.rnd
[runlim] argv[2]:		--duplexNSC
[runlim] start:			Sun Sep 29 11:49:15 2024
[runlim] main pid:		14481
[runlim] log captured:
c DuplexEncoder 0.8.
c Solving strategy: from LB to UB.
c LB-w = 9 (LB in Sinnl - A note on computational approaches for the antibandwidth problem).
c UB-w = 9 (UB in Sinnl - A note on computational approaches for the antibandwidth problem).
c Antibandwidth problem with w = 9 ( B-ibm32.mtx.rnd ):
c Initializing CaDiCaL (version 1.2.1).
c	Configuring CaDiCaL as --sat (1).
c Initializing a DuplexNSC encoder with n = 32.
c Encoding starts with w = 9:
c	Labels and Vertices aux var: 640
c	Labels and Vertices constraints:  3136
c	Obj k aux var: 1280
c	Obj k constraints: 13494
c	Obj k glue staircase constraints: 7830
c	Encoding duration: 0s
c	Number of clauses: 16646
c	Number of irredundant clauses: 16367
c	Number of variables: 2944
c SAT Solving starts:
c	Solving duration: 1090 ms
c	Answer: 
s SAT (w = 9)
AB is set to 17
Node 18 : 15
Node 26 : 32
AB is set to 14
Node 16 : 1
Node 18 : 15
AB is set to 13
Node 18 : 15
Node 22 : 28
AB is set to 9
Node 18 : 15
Node 23 : 24
c	Solution check:
p calculated antibandwidth = 9.
c
c
[runlim] end:			Sun Sep 29 11:49:16 2024
[runlim] status:		ok
[runlim] result:		0
[runlim] children:		0
[runlim] real:			1.13 seconds
[runlim] time:			1.00 seconds
[runlim] space:			10.3 MB
[runlim] samples:		10
