[runlim] version:		1.10
[runlim] time limit:		1800 seconds
[runlim] real time limit:	1800 seconds
[runlim] space limit:		30000 MB
[runlim] argv[0]:		/home/truongxuanhieu/AntiBandwidthReconstruct/build/abw_enc_symbreak_max_node_hybrid_NSC_binomial
[runlim] argv[1]:		/home/truongxuanhieu/AntiBandwidthReconstruct/build/Benchmarks/O-impcol_d.mtx.rnd
[runlim] argv[2]:		--duplexNSC
[runlim] start:			Sun Sep 29 10:19:02 2024
[runlim] main pid:		10386
[runlim] log captured:
c DuplexEncoder 0.8.
c Solving strategy: from LB to UB.
c LB-w = 91 (LB in Sinnl - A note on computational approaches for the antibandwidth problem).
c UB-w = 173 (UB in Sinnl - A note on computational approaches for the antibandwidth problem).
c Antibandwidth problem with w = 91 ( O-impcol_d.mtx.rnd ):
c Initializing CaDiCaL (version 1.2.1).
c	Configuring CaDiCaL as --sat (1).
c Initializing a DuplexNSC encoder with n = 425.
c Encoding starts with w = 91:
c	Labels and Vertices aux var: 34000
c	Labels and Vertices constraints:  415650
c	Obj k aux var: 280075
c	Obj k constraints: 2857701
c	Obj k glue staircase constraints: 1682576
c	Encoding duration: 0s
c	Number of clauses: 3273563
c	Number of irredundant clauses: 3272100
c	Number of variables: 494700
c SAT Solving starts:
[runlim] sample:		10.0 time, 10.1 real, 549.3 MB
[runlim] sample:		20.0 time, 20.1 real, 517.7 MB
[runlim] sample:		30.0 time, 30.1 real, 544.8 MB
[runlim] sample:		40.0 time, 40.1 real, 547.1 MB
[runlim] sample:		50.0 time, 50.1 real, 559.6 MB
[runlim] sample:		60.0 time, 60.1 real, 617.6 MB
[runlim] sample:		70.0 time, 70.1 real, 613.8 MB
[runlim] sample:		80.0 time, 80.1 real, 662.1 MB
[runlim] sample:		90.0 time, 90.1 real, 652.3 MB
[runlim] sample:		100.0 time, 100.1 real, 637.4 MB
[runlim] sample:		110.0 time, 110.1 real, 611.4 MB
[runlim] sample:		120.0 time, 120.1 real, 691.2 MB
[runlim] sample:		130.0 time, 130.1 real, 617.3 MB
[runlim] sample:		139.9 time, 140.1 real, 585.0 MB
c	Solving duration: 146307 ms
c	Answer: 
s SAT (w = 91)
AB is set to 121
Node 18 : 240
Node 142 : 361
AB is set to 98
Node 255 : 252
Node 328 : 154
AB is set to 91
Node 164 : 161
Node 255 : 252
c	Solution check:
p calculated antibandwidth = 91.
c
c
c Antibandwidth problem with w = 92 ( O-impcol_d.mtx.rnd ):
c Initializing CaDiCaL (version 1.2.1).
c	Configuring CaDiCaL as --sat (1).
c Initializing a DuplexNSC encoder with n = 425.
c Encoding starts with w = 92:
c	Labels and Vertices aux var: 34000
c	Labels and Vertices constraints:  415650
c	Obj k aux var: 279225
c	Obj k constraints: 2851783
c	Obj k glue staircase constraints: 1677508
c	Encoding duration: 0s
c	Number of clauses: 3267645
c	Number of irredundant clauses: 3266178
c	Number of variables: 493850
c SAT Solving starts:
[runlim] sample:		149.9 time, 150.1 real, 553.7 MB
[runlim] sample:		159.9 time, 160.1 real, 585.5 MB
[runlim] sample:		169.9 time, 170.1 real, 576.4 MB
[runlim] sample:		179.9 time, 180.1 real, 580.3 MB
[runlim] sample:		189.9 time, 190.1 real, 587.3 MB
[runlim] sample:		199.9 time, 200.1 real, 658.5 MB
[runlim] sample:		209.9 time, 210.1 real, 688.1 MB
[runlim] sample:		219.9 time, 220.1 real, 721.5 MB
[runlim] sample:		229.9 time, 230.1 real, 707.0 MB
c	Solving duration: 83382 ms
c	Answer: 
s SAT (w = 92)
AB is set to 106
Node 18 : 248
Node 142 : 142
AB is set to 97
Node 255 : 234
Node 328 : 331
AB is set to 92
Node 142 : 142
Node 255 : 234
c	Solution check:
p calculated antibandwidth = 92.
c
c
c Antibandwidth problem with w = 93 ( O-impcol_d.mtx.rnd ):
c Initializing CaDiCaL (version 1.2.1).
c	Configuring CaDiCaL as --sat (1).
c Initializing a DuplexNSC encoder with n = 425.
c Encoding starts with w = 93:
c	Labels and Vertices aux var: 34000
c	Labels and Vertices constraints:  415650
c	Obj k aux var: 278375
c	Obj k constraints: 2845865
c	Obj k glue staircase constraints: 1672440
c	Encoding duration: 0s
c	Number of clauses: 3261727
c	Number of irredundant clauses: 3260256
c	Number of variables: 493000
c SAT Solving starts:
[runlim] sample:		239.9 time, 240.1 real, 585.6 MB
[runlim] sample:		249.9 time, 250.1 real, 597.2 MB
[runlim] sample:		259.9 time, 260.1 real, 557.1 MB
[runlim] sample:		269.9 time, 270.1 real, 555.7 MB
[runlim] sample:		279.9 time, 280.1 real, 554.2 MB
[runlim] sample:		289.9 time, 290.1 real, 632.4 MB
[runlim] sample:		299.9 time, 300.1 real, 675.5 MB
[runlim] sample:		309.9 time, 310.1 real, 622.5 MB
[runlim] sample:		319.9 time, 320.1 real, 558.0 MB
[runlim] sample:		329.9 time, 330.1 real, 665.2 MB
[runlim] sample:		339.9 time, 340.1 real, 868.3 MB
[runlim] sample:		349.9 time, 350.1 real, 751.4 MB
[runlim] sample:		359.9 time, 360.1 real, 775.8 MB
[runlim] sample:		369.9 time, 370.1 real, 800.7 MB
[runlim] sample:		379.9 time, 380.1 real, 717.1 MB
[runlim] sample:		389.9 time, 390.1 real, 668.2 MB
[runlim] sample:		399.9 time, 400.1 real, 662.9 MB
[runlim] sample:		409.9 time, 410.1 real, 662.9 MB
[runlim] sample:		419.9 time, 420.1 real, 662.9 MB
[runlim] sample:		429.9 time, 430.1 real, 973.1 MB
[runlim] sample:		439.9 time, 440.1 real, 973.1 MB
[runlim] sample:		449.9 time, 450.1 real, 959.6 MB
[runlim] sample:		459.9 time, 460.1 real, 959.6 MB
[runlim] sample:		469.9 time, 470.1 real, 959.6 MB
[runlim] sample:		479.9 time, 480.1 real, 1446.7 MB
c	Solving duration: 252274 ms
c	Answer: 
s SAT (w = 93)
AB is set to 227
Node 18 : 417
Node 142 : 190
AB is set to 109
Node 143 : 392
Node 255 : 283
AB is set to 95
Node 255 : 283
Node 362 : 188
AB is set to 93
Node 142 : 190
Node 255 : 283
c	Solution check:
p calculated antibandwidth = 93.
c
c
c Antibandwidth problem with w = 94 ( O-impcol_d.mtx.rnd ):
c Initializing CaDiCaL (version 1.2.1).
c	Configuring CaDiCaL as --sat (1).
c Initializing a DuplexNSC encoder with n = 425.
c Encoding starts with w = 94:
c	Labels and Vertices aux var: 34000
c	Labels and Vertices constraints:  415650
c	Obj k aux var: 277525
c	Obj k constraints: 2839947
c	Obj k glue staircase constraints: 1667372
c	Encoding duration: 0s
c	Number of clauses: 3255809
c	Number of irredundant clauses: 3254334
c	Number of variables: 492150
c SAT Solving starts:
[runlim] sample:		489.9 time, 490.1 real, 786.8 MB
c	Solving duration: 10058 ms
c	Answer: 
s SAT (w = 94)
AB is set to 310
Node 18 : 365
Node 142 : 55
AB is set to 190
Node 18 : 365
Node 221 : 175
AB is set to 179
Node 18 : 365
Node 28 : 186
AB is set to 129
Node 143 : 164
Node 255 : 293
AB is set to 102
Node 164 : 395
Node 255 : 293
AB is set to 95
Node 7 : 370
Node 130 : 275
AB is set to 94
Node 81 : 241
Node 271 : 335
c	Solution check:
p calculated antibandwidth = 94.
c
c
c Antibandwidth problem with w = 95 ( O-impcol_d.mtx.rnd ):
c Initializing CaDiCaL (version 1.2.1).
c	Configuring CaDiCaL as --sat (1).
c Initializing a DuplexNSC encoder with n = 425.
c Encoding starts with w = 95:
c	Labels and Vertices aux var: 34000
c	Labels and Vertices constraints:  415650
c	Obj k aux var: 276675
c	Obj k constraints: 2834029
c	Obj k glue staircase constraints: 1662304
c	Encoding duration: 0s
c	Number of clauses: 3249891
c	Number of irredundant clauses: 3248412
c	Number of variables: 491300
c SAT Solving starts:
[runlim] sample:		499.9 time, 500.1 real, 786.8 MB
[runlim] sample:		509.9 time, 510.1 real, 786.5 MB
[runlim] sample:		519.9 time, 520.1 real, 787.4 MB
[runlim] sample:		529.9 time, 530.1 real, 789.2 MB
[runlim] sample:		539.9 time, 540.1 real, 788.8 MB
[runlim] sample:		549.9 time, 550.1 real, 791.7 MB
c	Solving duration: 55155 ms
c	Answer: 
s SAT (w = 95)
AB is set to 114
Node 18 : 272
Node 142 : 386
AB is set to 96
Node 18 : 272
Node 28 : 368
AB is set to 95
Node 124 : 328
Node 393 : 233
c	Solution check:
p calculated antibandwidth = 95.
c
c
c Antibandwidth problem with w = 96 ( O-impcol_d.mtx.rnd ):
c Initializing CaDiCaL (version 1.2.1).
c	Configuring CaDiCaL as --sat (1).
c Initializing a DuplexNSC encoder with n = 425.
c Encoding starts with w = 96:
c	Labels and Vertices aux var: 34000
c	Labels and Vertices constraints:  415650
c	Obj k aux var: 275825
c	Obj k constraints: 2828111
c	Obj k glue staircase constraints: 1657236
c	Encoding duration: 0s
c	Number of clauses: 3243973
c	Number of irredundant clauses: 3242490
c	Number of variables: 490450
c SAT Solving starts:
[runlim] sample:		559.9 time, 560.1 real, 818.5 MB
[runlim] sample:		569.9 time, 570.1 real, 710.0 MB
[runlim] sample:		579.9 time, 580.1 real, 710.0 MB
[runlim] sample:		589.9 time, 590.1 real, 816.3 MB
[runlim] sample:		599.9 time, 600.1 real, 794.6 MB
[runlim] sample:		609.9 time, 610.1 real, 825.2 MB
[runlim] sample:		619.9 time, 620.1 real, 969.2 MB
[runlim] sample:		629.9 time, 630.1 real, 877.6 MB
[runlim] sample:		639.9 time, 640.1 real, 710.0 MB
[runlim] sample:		649.9 time, 650.1 real, 710.0 MB
[runlim] sample:		659.9 time, 660.1 real, 741.8 MB
[runlim] sample:		669.9 time, 670.1 real, 798.1 MB
[runlim] sample:		679.9 time, 680.1 real, 741.8 MB
[runlim] sample:		689.9 time, 690.1 real, 710.0 MB
[runlim] sample:		699.9 time, 700.1 real, 717.7 MB
[runlim] sample:		709.9 time, 710.1 real, 756.4 MB
[runlim] sample:		719.9 time, 720.1 real, 886.7 MB
[runlim] sample:		729.9 time, 730.1 real, 886.9 MB
[runlim] sample:		739.9 time, 740.1 real, 756.8 MB
[runlim] sample:		749.9 time, 750.1 real, 855.2 MB
[runlim] sample:		759.9 time, 760.1 real, 759.7 MB
c	Solving duration: 214638 ms
c	Answer: 
s SAT (w = 96)
AB is set to 162
Node 18 : 261
Node 142 : 99
AB is set to 101
Node 18 : 261
Node 221 : 160
AB is set to 100
Node 18 : 261
Node 28 : 361
AB is set to 96
Node 164 : 393
Node 255 : 297
c	Solution check:
p calculated antibandwidth = 96.
c
c
c Antibandwidth problem with w = 97 ( O-impcol_d.mtx.rnd ):
c Initializing CaDiCaL (version 1.2.1).
c	Configuring CaDiCaL as --sat (1).
c Initializing a DuplexNSC encoder with n = 425.
c Encoding starts with w = 97:
c	Labels and Vertices aux var: 34000
c	Labels and Vertices constraints:  415650
c	Obj k aux var: 274975
c	Obj k constraints: 2822193
c	Obj k glue staircase constraints: 1652168
c	Encoding duration: 0s
c	Number of clauses: 3238055
c	Number of irredundant clauses: 3236568
c	Number of variables: 489600
c SAT Solving starts:
[runlim] sample:		769.9 time, 770.1 real, 766.8 MB
[runlim] sample:		779.9 time, 780.1 real, 843.7 MB
[runlim] sample:		789.9 time, 790.1 real, 863.2 MB
[runlim] sample:		799.9 time, 800.1 real, 844.4 MB
[runlim] sample:		809.9 time, 810.1 real, 766.8 MB
[runlim] sample:		819.9 time, 820.1 real, 766.8 MB
[runlim] sample:		829.9 time, 830.1 real, 766.8 MB
[runlim] sample:		839.9 time, 840.1 real, 766.8 MB
[runlim] sample:		849.9 time, 850.1 real, 872.7 MB
[runlim] sample:		859.9 time, 860.1 real, 766.8 MB
[runlim] sample:		869.9 time, 870.1 real, 976.9 MB
[runlim] sample:		879.9 time, 880.1 real, 978.9 MB
[runlim] sample:		889.9 time, 890.1 real, 766.8 MB
[runlim] sample:		899.9 time, 900.1 real, 766.8 MB
[runlim] sample:		909.9 time, 910.1 real, 897.7 MB
[runlim] sample:		919.9 time, 920.1 real, 903.5 MB
[runlim] sample:		929.9 time, 930.1 real, 903.5 MB
[runlim] sample:		939.9 time, 940.1 real, 1111.7 MB
[runlim] sample:		949.9 time, 950.1 real, 1111.7 MB
[runlim] sample:		959.9 time, 960.1 real, 1111.7 MB
[runlim] sample:		969.9 time, 970.1 real, 864.7 MB
c	Solving duration: 211240 ms
c	Answer: 
s SAT (w = 97)
AB is set to 237
Node 18 : 146
Node 142 : 383
AB is set to 175
Node 18 : 146
Node 221 : 321
AB is set to 104
Node 18 : 146
Node 28 : 42
AB is set to 103
Node 143 : 204
Node 255 : 101
AB is set to 101
Node 226 : 217
Node 325 : 318
AB is set to 98
Node 325 : 318
Node 362 : 416
AB is set to 97
Node 130 : 283
Node 205 : 380
c	Solution check:
p calculated antibandwidth = 97.
c
c
c Antibandwidth problem with w = 98 ( O-impcol_d.mtx.rnd ):
c Initializing CaDiCaL (version 1.2.1).
c	Configuring CaDiCaL as --sat (1).
c Initializing a DuplexNSC encoder with n = 425.
c Encoding starts with w = 98:
[runlim] sample:		979.9 time, 980.1 real, 768.8 MB
c	Labels and Vertices aux var: 34000
c	Labels and Vertices constraints:  415650
c	Obj k aux var: 274125
c	Obj k constraints: 2816275
c	Obj k glue staircase constraints: 1647100
c	Encoding duration: 0s
c	Number of clauses: 3232137
c	Number of irredundant clauses: 3230646
c	Number of variables: 488750
c SAT Solving starts:
[runlim] sample:		989.9 time, 990.1 real, 768.8 MB
[runlim] sample:		999.9 time, 1000.1 real, 768.8 MB
[runlim] sample:		1009.9 time, 1010.1 real, 768.8 MB
[runlim] sample:		1019.9 time, 1020.1 real, 768.8 MB
[runlim] sample:		1029.9 time, 1030.1 real, 768.8 MB
[runlim] sample:		1039.9 time, 1040.1 real, 768.8 MB
[runlim] sample:		1049.9 time, 1050.1 real, 851.4 MB
[runlim] sample:		1059.9 time, 1060.1 real, 867.9 MB
[runlim] sample:		1069.9 time, 1070.1 real, 852.4 MB
[runlim] sample:		1079.9 time, 1080.1 real, 768.8 MB
[runlim] sample:		1089.9 time, 1090.1 real, 915.6 MB
[runlim] sample:		1099.9 time, 1100.1 real, 851.6 MB
[runlim] sample:		1109.9 time, 1110.1 real, 856.4 MB
[runlim] sample:		1119.9 time, 1120.1 real, 871.0 MB
[runlim] sample:		1129.9 time, 1130.1 real, 768.8 MB
[runlim] sample:		1139.9 time, 1140.1 real, 996.6 MB
[runlim] sample:		1149.9 time, 1150.1 real, 867.5 MB
[runlim] sample:		1159.9 time, 1160.1 real, 773.1 MB
[runlim] sample:		1169.9 time, 1170.1 real, 773.1 MB
[runlim] sample:		1179.9 time, 1180.1 real, 773.1 MB
c	Solving duration: 202986 ms
c	Answer: 
s SAT (w = 98)
AB is set to 241
Node 18 : 267
Node 142 : 26
AB is set to 98
Node 18 : 267
Node 221 : 365
c	Solution check:
p calculated antibandwidth = 98.
c
c
c Antibandwidth problem with w = 99 ( O-impcol_d.mtx.rnd ):
c Initializing CaDiCaL (version 1.2.1).
c	Configuring CaDiCaL as --sat (1).
c Initializing a DuplexNSC encoder with n = 425.
c Encoding starts with w = 99:
c	Labels and Vertices aux var: 34000
c	Labels and Vertices constraints:  415650
c	Obj k aux var: 273275
c	Obj k constraints: 2810357
c	Obj k glue staircase constraints: 1642032
c	Encoding duration: 0s
c	Number of clauses: 3226219
c	Number of irredundant clauses: 3224724
c	Number of variables: 487900
c SAT Solving starts:
[runlim] sample:		1189.9 time, 1190.1 real, 849.5 MB
[runlim] sample:		1199.9 time, 1200.1 real, 850.6 MB
[runlim] sample:		1209.9 time, 1210.1 real, 851.2 MB
[runlim] sample:		1219.9 time, 1220.1 real, 881.7 MB
[runlim] sample:		1229.9 time, 1230.1 real, 773.1 MB
[runlim] sample:		1239.9 time, 1240.1 real, 1013.7 MB
[runlim] sample:		1249.9 time, 1250.1 real, 1045.5 MB
[runlim] sample:		1259.9 time, 1260.1 real, 1029.8 MB
[runlim] sample:		1269.9 time, 1270.1 real, 966.7 MB
[runlim] sample:		1279.9 time, 1280.1 real, 1024.7 MB
[runlim] sample:		1289.9 time, 1290.1 real, 1024.7 MB
[runlim] sample:		1299.9 time, 1300.1 real, 961.1 MB
[runlim] sample:		1309.9 time, 1310.1 real, 773.1 MB
[runlim] sample:		1319.9 time, 1320.1 real, 773.1 MB
[runlim] sample:		1329.9 time, 1330.1 real, 773.1 MB
c	Solving duration: 145750 ms
c	Answer: 
s SAT (w = 99)
AB is set to 238
Node 18 : 150
Node 142 : 388
AB is set to 102
Node 18 : 150
Node 221 : 48
AB is set to 99
Node 18 : 150
Node 28 : 249
c	Solution check:
p calculated antibandwidth = 99.
c
c
c Antibandwidth problem with w = 100 ( O-impcol_d.mtx.rnd ):
c Initializing CaDiCaL (version 1.2.1).
c	Configuring CaDiCaL as --sat (1).
c Initializing a DuplexNSC encoder with n = 425.
c Encoding starts with w = 100:
c	Labels and Vertices aux var: 34000
c	Labels and Vertices constraints:  415650
c	Obj k aux var: 272425
c	Obj k constraints: 2804439
c	Obj k glue staircase constraints: 1636964
c	Encoding duration: 0s
c	Number of clauses: 3220301
c	Number of irredundant clauses: 3218802
c	Number of variables: 487050
c SAT Solving starts:
[runlim] sample:		1339.9 time, 1340.1 real, 617.4 MB
[runlim] sample:		1349.9 time, 1350.1 real, 618.4 MB
[runlim] sample:		1359.9 time, 1360.1 real, 618.9 MB
[runlim] sample:		1369.9 time, 1370.1 real, 623.0 MB
[runlim] sample:		1379.9 time, 1380.1 real, 619.6 MB
[runlim] sample:		1389.9 time, 1390.1 real, 661.9 MB
[runlim] sample:		1399.9 time, 1400.1 real, 759.2 MB
[runlim] sample:		1409.9 time, 1410.1 real, 780.0 MB
[runlim] sample:		1419.9 time, 1420.1 real, 721.4 MB
[runlim] sample:		1429.9 time, 1430.1 real, 647.3 MB
[runlim] sample:		1439.9 time, 1440.1 real, 632.6 MB
[runlim] sample:		1449.9 time, 1450.1 real, 638.0 MB
[runlim] sample:		1459.9 time, 1460.1 real, 627.9 MB
[runlim] sample:		1469.9 time, 1470.1 real, 637.8 MB
[runlim] sample:		1479.9 time, 1480.1 real, 624.6 MB
c	Solving duration: 149358 ms
c	Answer: 
s SAT (w = 100)
AB is set to 136
Node 18 : 393
Node 142 : 257
AB is set to 121
Node 255 : 360
Node 362 : 239
AB is set to 103
Node 142 : 257
Node 255 : 360
AB is set to 101
Node 362 : 239
Node 423 : 340
AB is set to 100
Node 302 : 139
Node 362 : 239
c	Solution check:
p calculated antibandwidth = 100.
c
c
c Antibandwidth problem with w = 101 ( O-impcol_d.mtx.rnd ):
c Initializing CaDiCaL (version 1.2.1).
c	Configuring CaDiCaL as --sat (1).
c Initializing a DuplexNSC encoder with n = 425.
c Encoding starts with w = 101:
c	Labels and Vertices aux var: 34000
c	Labels and Vertices constraints:  415650
c	Obj k aux var: 271575
c	Obj k constraints: 2798521
c	Obj k glue staircase constraints: 1631896
c	Encoding duration: 0s
c	Number of clauses: 3214383
c	Number of irredundant clauses: 3212880
c	Number of variables: 486200
c SAT Solving starts:
[runlim] sample:		1489.9 time, 1490.1 real, 599.6 MB
[runlim] sample:		1499.9 time, 1500.1 real, 612.9 MB
[runlim] sample:		1509.9 time, 1510.1 real, 601.6 MB
[runlim] sample:		1519.9 time, 1520.1 real, 603.2 MB
[runlim] sample:		1529.9 time, 1530.1 real, 603.0 MB
[runlim] sample:		1539.9 time, 1540.1 real, 603.5 MB
[runlim] sample:		1549.9 time, 1550.1 real, 603.2 MB
[runlim] sample:		1559.9 time, 1560.1 real, 605.4 MB
[runlim] sample:		1569.9 time, 1570.1 real, 607.9 MB
[runlim] sample:		1579.9 time, 1580.1 real, 605.7 MB
[runlim] sample:		1589.9 time, 1590.1 real, 611.2 MB
c	Solving duration: 114037 ms
c	Answer: 
s SAT (w = 101)
AB is set to 160
Node 18 : 347
Node 142 : 187
AB is set to 150
Node 142 : 187
Node 255 : 337
AB is set to 101
Node 325 : 254
Node 415 : 153
c	Solution check:
p calculated antibandwidth = 101.
c
c
c Antibandwidth problem with w = 102 ( O-impcol_d.mtx.rnd ):
c Initializing CaDiCaL (version 1.2.1).
c	Configuring CaDiCaL as --sat (1).
c Initializing a DuplexNSC encoder with n = 425.
c Encoding starts with w = 102:
c	Labels and Vertices aux var: 34000
c	Labels and Vertices constraints:  415650
c	Obj k aux var: 270725
c	Obj k constraints: 2792603
c	Obj k glue staircase constraints: 1626828
c	Encoding duration: 0s
c	Number of clauses: 3208465
c	Number of irredundant clauses: 3206958
c	Number of variables: 485350
c SAT Solving starts:
[runlim] sample:		1599.9 time, 1600.1 real, 596.1 MB
[runlim] sample:		1609.9 time, 1610.1 real, 598.5 MB
[runlim] sample:		1619.9 time, 1620.1 real, 599.6 MB
[runlim] sample:		1629.8 time, 1630.1 real, 603.6 MB
[runlim] sample:		1639.9 time, 1640.1 real, 634.9 MB
[runlim] sample:		1649.9 time, 1650.1 real, 600.2 MB
[runlim] sample:		1659.8 time, 1660.1 real, 608.3 MB
[runlim] sample:		1669.9 time, 1670.1 real, 607.4 MB
[runlim] sample:		1679.9 time, 1680.1 real, 618.0 MB
[runlim] sample:		1689.9 time, 1690.1 real, 630.7 MB
[runlim] sample:		1699.9 time, 1700.1 real, 630.7 MB
[runlim] sample:		1709.9 time, 1710.1 real, 751.1 MB
[runlim] sample:		1719.8 time, 1720.1 real, 1007.0 MB
[runlim] sample:		1729.9 time, 1730.1 real, 727.4 MB
[runlim] sample:		1739.8 time, 1740.1 real, 661.9 MB
[runlim] sample:		1749.8 time, 1750.1 real, 638.4 MB
[runlim] sample:		1759.9 time, 1760.1 real, 678.0 MB
[runlim] sample:		1769.9 time, 1770.1 real, 643.3 MB
[runlim] sample:		1779.8 time, 1780.1 real, 647.8 MB
[runlim] sample:		1789.8 time, 1790.1 real, 825.9 MB
[runlim] sample:		1799.8 time, 1800.1 real, 698.8 MB
c Signal interruption.
[runlim] end:			Sun Sep 29 10:49:02 2024
[runlim] status:		out of time
[runlim] result:		2
[runlim] children:		0
[runlim] real:			1800.08 seconds
[runlim] time:			1799.85 seconds
[runlim] space:			1802.2 MB
[runlim] samples:		18000
