[runlim] version:		1.10
[runlim] time limit:		1800 seconds
[runlim] real time limit:	1800 seconds
[runlim] space limit:		30000 MB
[runlim] argv[0]:		/home/truongxuanhieu/AntiBandwidthReconstruct/build/abw_enc_symbreak_max_node_hybrid_NSC_binomial
[runlim] argv[1]:		/home/truongxuanhieu/AntiBandwidthReconstruct/build/Benchmarks/V-nos6.mtx.rnd
[runlim] argv[2]:		--duplexNSC
[runlim] start:			Sun Sep 29 12:19:16 2024
[runlim] main pid:		15857
[runlim] log captured:
c DuplexEncoder 0.8.
c Solving strategy: from LB to UB.
c LB-w = 326 (LB in Sinnl - A note on computational approaches for the antibandwidth problem).
c UB-w = 337 (UB in Sinnl - A note on computational approaches for the antibandwidth problem).
c Antibandwidth problem with w = 326 ( V-nos6.mtx.rnd ):
c Initializing CaDiCaL (version 1.2.1).
c	Configuring CaDiCaL as --sat (1).
c Initializing a DuplexNSC encoder with n = 675.
c Encoding starts with w = 326:
c	Labels and Vertices aux var: 67500
c	Labels and Vertices constraints:  1013175
c	Obj k aux var: 469125
c	Obj k constraints: 4099335
c	Obj k glue staircase constraints: 1798260
c	Encoding duration: 1s
c	Number of clauses: 5112847
c	Number of irredundant clauses: 5110809
c	Number of variables: 992250
c SAT Solving starts:
[runlim] sample:		10.0 time, 10.1 real, 882.8 MB
[runlim] sample:		20.0 time, 20.1 real, 861.7 MB
[runlim] sample:		30.0 time, 30.1 real, 861.9 MB
[runlim] sample:		40.0 time, 40.1 real, 864.6 MB
[runlim] sample:		50.0 time, 50.1 real, 847.9 MB
[runlim] sample:		60.0 time, 60.1 real, 865.9 MB
[runlim] sample:		70.0 time, 70.1 real, 869.1 MB
[runlim] sample:		80.0 time, 80.1 real, 870.6 MB
[runlim] sample:		90.0 time, 90.1 real, 873.9 MB
[runlim] sample:		100.0 time, 100.1 real, 880.4 MB
[runlim] sample:		110.0 time, 110.1 real, 882.2 MB
[runlim] sample:		120.0 time, 120.1 real, 875.3 MB
[runlim] sample:		129.9 time, 130.1 real, 872.5 MB
[runlim] sample:		139.9 time, 140.1 real, 872.6 MB
[runlim] sample:		149.9 time, 150.1 real, 883.3 MB
[runlim] sample:		159.9 time, 160.1 real, 880.3 MB
[runlim] sample:		169.9 time, 170.1 real, 864.1 MB
[runlim] sample:		179.9 time, 180.1 real, 898.7 MB
[runlim] sample:		189.9 time, 190.1 real, 880.5 MB
[runlim] sample:		199.9 time, 200.1 real, 888.6 MB
[runlim] sample:		209.9 time, 210.1 real, 888.7 MB
[runlim] sample:		219.9 time, 220.1 real, 886.1 MB
[runlim] sample:		229.9 time, 230.1 real, 890.9 MB
[runlim] sample:		239.9 time, 240.1 real, 889.5 MB
[runlim] sample:		249.9 time, 250.1 real, 888.3 MB
[runlim] sample:		259.9 time, 260.1 real, 890.9 MB
[runlim] sample:		269.9 time, 270.1 real, 843.3 MB
[runlim] sample:		279.9 time, 280.1 real, 889.8 MB
[runlim] sample:		289.9 time, 290.1 real, 880.3 MB
[runlim] sample:		299.9 time, 300.1 real, 891.7 MB
[runlim] sample:		309.9 time, 310.1 real, 891.8 MB
[runlim] sample:		319.9 time, 320.1 real, 894.2 MB
[runlim] sample:		329.9 time, 330.1 real, 894.2 MB
[runlim] sample:		339.9 time, 340.1 real, 893.9 MB
[runlim] sample:		349.9 time, 350.1 real, 893.8 MB
[runlim] sample:		359.9 time, 360.1 real, 860.4 MB
[runlim] sample:		369.9 time, 370.1 real, 875.9 MB
[runlim] sample:		379.9 time, 380.1 real, 895.8 MB
[runlim] sample:		389.9 time, 390.1 real, 907.2 MB
[runlim] sample:		399.9 time, 400.1 real, 885.7 MB
[runlim] sample:		409.9 time, 410.1 real, 873.8 MB
[runlim] sample:		419.9 time, 420.1 real, 980.7 MB
[runlim] sample:		429.9 time, 430.1 real, 980.7 MB
[runlim] sample:		439.9 time, 440.1 real, 989.5 MB
[runlim] sample:		449.9 time, 450.1 real, 944.6 MB
[runlim] sample:		459.9 time, 460.1 real, 1001.8 MB
[runlim] sample:		469.9 time, 470.1 real, 1033.4 MB
[runlim] sample:		479.9 time, 480.1 real, 1053.9 MB
[runlim] sample:		489.9 time, 490.1 real, 1053.9 MB
[runlim] sample:		499.9 time, 500.1 real, 1052.6 MB
[runlim] sample:		509.9 time, 510.1 real, 1055.5 MB
[runlim] sample:		519.9 time, 520.1 real, 1031.8 MB
[runlim] sample:		529.9 time, 530.1 real, 1054.4 MB
[runlim] sample:		539.9 time, 540.1 real, 1054.4 MB
[runlim] sample:		549.9 time, 550.1 real, 1054.7 MB
[runlim] sample:		559.9 time, 560.1 real, 1008.5 MB
[runlim] sample:		569.9 time, 570.1 real, 1032.4 MB
[runlim] sample:		579.9 time, 580.1 real, 1028.9 MB
[runlim] sample:		589.9 time, 590.1 real, 1049.8 MB
[runlim] sample:		599.9 time, 600.1 real, 1250.4 MB
[runlim] sample:		609.9 time, 610.1 real, 1051.0 MB
[runlim] sample:		619.9 time, 620.1 real, 1017.1 MB
[runlim] sample:		629.9 time, 630.1 real, 1050.9 MB
[runlim] sample:		639.9 time, 640.1 real, 1057.1 MB
[runlim] sample:		649.9 time, 650.1 real, 1064.9 MB
[runlim] sample:		659.9 time, 660.1 real, 1064.9 MB
[runlim] sample:		669.9 time, 670.1 real, 1033.8 MB
[runlim] sample:		679.9 time, 680.1 real, 1067.6 MB
[runlim] sample:		689.9 time, 690.1 real, 1067.6 MB
[runlim] sample:		699.9 time, 700.1 real, 1075.5 MB
[runlim] sample:		709.9 time, 710.1 real, 1075.5 MB
[runlim] sample:		719.9 time, 720.1 real, 1083.5 MB
[runlim] sample:		729.9 time, 730.1 real, 1083.5 MB
[runlim] sample:		739.9 time, 740.1 real, 1049.6 MB
[runlim] sample:		749.9 time, 750.1 real, 1034.3 MB
[runlim] sample:		759.9 time, 760.1 real, 1034.3 MB
[runlim] sample:		769.9 time, 770.1 real, 1023.2 MB
[runlim] sample:		779.9 time, 780.1 real, 1014.5 MB
[runlim] sample:		789.9 time, 790.1 real, 1027.7 MB
[runlim] sample:		799.9 time, 800.1 real, 1052.7 MB
[runlim] sample:		809.9 time, 810.1 real, 1052.7 MB
[runlim] sample:		819.9 time, 820.1 real, 1035.7 MB
[runlim] sample:		829.9 time, 830.1 real, 1230.6 MB
[runlim] sample:		839.9 time, 840.1 real, 1033.6 MB
[runlim] sample:		849.9 time, 850.1 real, 1028.6 MB
[runlim] sample:		859.9 time, 860.1 real, 1028.6 MB
[runlim] sample:		869.9 time, 870.1 real, 1047.6 MB
[runlim] sample:		879.9 time, 880.1 real, 1017.3 MB
[runlim] sample:		889.9 time, 890.1 real, 1030.7 MB
[runlim] sample:		899.9 time, 900.1 real, 1030.7 MB
[runlim] sample:		909.8 time, 910.1 real, 1030.7 MB
[runlim] sample:		919.9 time, 920.1 real, 1254.6 MB
[runlim] sample:		929.8 time, 930.1 real, 1051.5 MB
[runlim] sample:		939.8 time, 940.1 real, 1038.2 MB
[runlim] sample:		949.8 time, 950.1 real, 1038.2 MB
[runlim] sample:		959.8 time, 960.1 real, 1038.9 MB
[runlim] sample:		969.8 time, 970.1 real, 1040.4 MB
[runlim] sample:		979.8 time, 980.1 real, 1074.2 MB
[runlim] sample:		989.8 time, 990.1 real, 1074.2 MB
[runlim] sample:		999.8 time, 1000.1 real, 1070.4 MB
[runlim] sample:		1009.8 time, 1010.1 real, 1070.4 MB
[runlim] sample:		1019.8 time, 1020.1 real, 1080.0 MB
[runlim] sample:		1029.8 time, 1030.1 real, 1046.2 MB
[runlim] sample:		1039.8 time, 1040.1 real, 1080.0 MB
[runlim] sample:		1049.8 time, 1050.1 real, 1046.2 MB
[runlim] sample:		1059.8 time, 1060.1 real, 1047.1 MB
[runlim] sample:		1069.8 time, 1070.1 real, 1047.1 MB
[runlim] sample:		1079.8 time, 1080.1 real, 1047.1 MB
[runlim] sample:		1089.8 time, 1090.1 real, 1047.6 MB
[runlim] sample:		1099.8 time, 1100.1 real, 1047.6 MB
[runlim] sample:		1109.8 time, 1110.1 real, 1061.7 MB
[runlim] sample:		1119.8 time, 1120.1 real, 1061.7 MB
[runlim] sample:		1129.8 time, 1130.1 real, 1095.5 MB
[runlim] sample:		1139.8 time, 1140.1 real, 1063.7 MB
[runlim] sample:		1149.8 time, 1150.1 real, 1063.7 MB
[runlim] sample:		1159.8 time, 1160.1 real, 1057.5 MB
[runlim] sample:		1169.8 time, 1170.1 real, 1023.8 MB
[runlim] sample:		1179.8 time, 1180.1 real, 1033.0 MB
[runlim] sample:		1189.8 time, 1190.1 real, 1033.0 MB
[runlim] sample:		1199.8 time, 1200.1 real, 1033.0 MB
[runlim] sample:		1209.8 time, 1210.1 real, 1035.1 MB
[runlim] sample:		1219.8 time, 1220.1 real, 1035.1 MB
[runlim] sample:		1229.8 time, 1230.1 real, 1035.1 MB
[runlim] sample:		1239.8 time, 1240.1 real, 1039.2 MB
[runlim] sample:		1249.8 time, 1250.1 real, 1039.2 MB
[runlim] sample:		1259.8 time, 1260.1 real, 1034.0 MB
[runlim] sample:		1269.8 time, 1270.1 real, 1034.0 MB
[runlim] sample:		1279.8 time, 1280.1 real, 1067.8 MB
[runlim] sample:		1289.8 time, 1290.1 real, 1067.8 MB
[runlim] sample:		1299.8 time, 1300.1 real, 1083.8 MB
[runlim] sample:		1309.8 time, 1310.1 real, 1049.9 MB
[runlim] sample:		1319.8 time, 1320.1 real, 1032.7 MB
[runlim] sample:		1329.8 time, 1330.1 real, 1032.7 MB
[runlim] sample:		1339.8 time, 1340.1 real, 1032.7 MB
[runlim] sample:		1349.8 time, 1350.1 real, 1221.6 MB
[runlim] sample:		1359.8 time, 1360.1 real, 1035.4 MB
[runlim] sample:		1369.8 time, 1370.1 real, 1035.4 MB
[runlim] sample:		1379.8 time, 1380.1 real, 1033.3 MB
[runlim] sample:		1389.8 time, 1390.1 real, 1033.3 MB
[runlim] sample:		1399.8 time, 1400.1 real, 1033.3 MB
[runlim] sample:		1409.8 time, 1410.1 real, 1041.4 MB
[runlim] sample:		1419.8 time, 1420.1 real, 1041.4 MB
[runlim] sample:		1429.8 time, 1430.1 real, 1075.2 MB
[runlim] sample:		1439.8 time, 1440.1 real, 1071.7 MB
[runlim] sample:		1449.8 time, 1450.1 real, 1037.9 MB
[runlim] sample:		1459.8 time, 1460.1 real, 1037.9 MB
[runlim] sample:		1469.8 time, 1470.1 real, 1040.8 MB
[runlim] sample:		1479.8 time, 1480.1 real, 1040.8 MB
[runlim] sample:		1489.8 time, 1490.1 real, 1035.1 MB
[runlim] sample:		1499.8 time, 1500.1 real, 1035.1 MB
[runlim] sample:		1509.8 time, 1510.1 real, 1035.1 MB
[runlim] sample:		1519.8 time, 1520.1 real, 1035.1 MB
[runlim] sample:		1529.8 time, 1530.1 real, 1044.7 MB
[runlim] sample:		1539.8 time, 1540.1 real, 1044.7 MB
[runlim] sample:		1549.8 time, 1550.1 real, 1056.2 MB
[runlim] sample:		1559.8 time, 1560.1 real, 1056.2 MB
[runlim] sample:		1569.8 time, 1570.1 real, 1257.9 MB
[runlim] sample:		1579.8 time, 1580.1 real, 1041.2 MB
[runlim] sample:		1589.8 time, 1590.1 real, 1041.2 MB
[runlim] sample:		1599.8 time, 1600.1 real, 1041.2 MB
[runlim] sample:		1609.8 time, 1610.1 real, 1041.2 MB
[runlim] sample:		1619.8 time, 1620.1 real, 1035.7 MB
[runlim] sample:		1629.8 time, 1630.1 real, 1035.7 MB
[runlim] sample:		1639.8 time, 1640.1 real, 1035.7 MB
[runlim] sample:		1649.8 time, 1650.1 real, 1032.2 MB
[runlim] sample:		1659.8 time, 1660.1 real, 1032.2 MB
[runlim] sample:		1669.8 time, 1670.1 real, 1041.3 MB
[runlim] sample:		1679.8 time, 1680.1 real, 1041.3 MB
[runlim] sample:		1689.8 time, 1690.1 real, 1075.1 MB
[runlim] sample:		1699.8 time, 1700.1 real, 1075.1 MB
[runlim] sample:		1709.8 time, 1710.1 real, 1196.7 MB
[runlim] sample:		1719.8 time, 1720.1 real, 1530.4 MB
[runlim] sample:		1729.8 time, 1730.1 real, 1530.4 MB
[runlim] sample:		1739.8 time, 1740.1 real, 1483.5 MB
[runlim] sample:		1749.8 time, 1750.1 real, 1250.6 MB
[runlim] sample:		1759.8 time, 1760.1 real, 1250.6 MB
[runlim] sample:		1769.8 time, 1770.1 real, 1232.5 MB
[runlim] sample:		1779.8 time, 1780.1 real, 1152.3 MB
[runlim] sample:		1789.8 time, 1790.1 real, 1152.3 MB
[runlim] sample:		1799.8 time, 1800.1 real, 1152.3 MB
c Signal interruption.
[runlim] end:			Sun Sep 29 12:49:16 2024
[runlim] status:		out of time
[runlim] result:		2
[runlim] children:		0
[runlim] real:			1800.08 seconds
[runlim] time:			1799.81 seconds
[runlim] space:			1783.9 MB
[runlim] samples:		18000
