[runlim] version:		1.10
[runlim] time limit:		1800 seconds
[runlim] real time limit:	1800 seconds
[runlim] space limit:		30000 MB
[runlim] argv[0]:		/home/truongxuanhieu/AntiBandwidthReconstruct/build/abw_enc_symbreak_max_node_hybrid_NSC_binomial
[runlim] argv[1]:		/home/truongxuanhieu/AntiBandwidthReconstruct/build/Benchmarks/X-can__715.mtx.rnd
[runlim] argv[2]:		--duplexNSC
[runlim] start:			Sun Sep 29 10:49:15 2024
[runlim] main pid:		11801
[runlim] log captured:
c DuplexEncoder 0.8.
c Solving strategy: from LB to UB.
c LB-w = 112 (LB in Sinnl - A note on computational approaches for the antibandwidth problem).
c UB-w = 142 (UB in Sinnl - A note on computational approaches for the antibandwidth problem).
c Antibandwidth problem with w = 112 ( X-can__715.mtx.rnd ):
c Initializing CaDiCaL (version 1.2.1).
c	Configuring CaDiCaL as --sat (1).
c Initializing a DuplexNSC encoder with n = 715.
c Encoding starts with w = 112:
c	Labels and Vertices aux var: 74360
c	Labels and Vertices constraints:  1147575
c	Obj k aux var: 851565
c	Obj k constraints: 10681165
c	Obj k glue staircase constraints: 7134050
c	Encoding duration: 3s
c	Number of clauses: 11829097
c	Number of irredundant clauses: 11824485
c	Number of variables: 1437150
c SAT Solving starts:
[runlim] sample:		10.0 time, 10.4 real, 1729.2 MB
[runlim] sample:		20.0 time, 20.4 real, 1730.0 MB
[runlim] sample:		30.0 time, 30.4 real, 1799.7 MB
[runlim] sample:		40.0 time, 40.4 real, 1775.0 MB
[runlim] sample:		50.0 time, 50.4 real, 1734.6 MB
[runlim] sample:		60.0 time, 60.4 real, 1734.6 MB
[runlim] sample:		70.0 time, 70.4 real, 1758.5 MB
[runlim] sample:		80.0 time, 80.4 real, 1759.9 MB
[runlim] sample:		90.0 time, 90.4 real, 1736.1 MB
[runlim] sample:		100.0 time, 100.4 real, 1735.1 MB
[runlim] sample:		110.0 time, 110.4 real, 2048.7 MB
[runlim] sample:		120.0 time, 120.4 real, 1733.3 MB
[runlim] sample:		130.0 time, 130.4 real, 1733.9 MB
[runlim] sample:		140.0 time, 140.4 real, 1745.4 MB
[runlim] sample:		150.0 time, 150.4 real, 2048.4 MB
[runlim] sample:		160.0 time, 160.4 real, 1781.2 MB
[runlim] sample:		170.0 time, 170.4 real, 1779.4 MB
[runlim] sample:		180.0 time, 180.4 real, 1779.9 MB
[runlim] sample:		190.0 time, 190.4 real, 1783.4 MB
[runlim] sample:		200.0 time, 200.4 real, 1735.7 MB
[runlim] sample:		210.0 time, 210.4 real, 1894.9 MB
[runlim] sample:		220.0 time, 220.4 real, 1894.9 MB
[runlim] sample:		230.0 time, 230.4 real, 1906.1 MB
[runlim] sample:		240.0 time, 240.4 real, 1988.2 MB
[runlim] sample:		250.0 time, 250.4 real, 1954.3 MB
[runlim] sample:		260.0 time, 260.4 real, 1783.7 MB
[runlim] sample:		270.0 time, 270.4 real, 1788.6 MB
[runlim] sample:		280.0 time, 280.4 real, 1791.1 MB
[runlim] sample:		290.0 time, 290.4 real, 1784.7 MB
[runlim] sample:		300.0 time, 300.4 real, 1742.3 MB
[runlim] sample:		310.0 time, 310.4 real, 1735.6 MB
[runlim] sample:		320.0 time, 320.4 real, 1749.3 MB
[runlim] sample:		330.0 time, 330.4 real, 1773.2 MB
[runlim] sample:		340.0 time, 340.4 real, 1773.2 MB
[runlim] sample:		349.9 time, 350.4 real, 1794.8 MB
[runlim] sample:		359.9 time, 360.4 real, 2178.8 MB
[runlim] sample:		369.9 time, 370.4 real, 1884.8 MB
[runlim] sample:		379.9 time, 380.4 real, 1884.8 MB
[runlim] sample:		389.9 time, 390.4 real, 1964.4 MB
[runlim] sample:		399.9 time, 400.4 real, 1964.4 MB
[runlim] sample:		409.9 time, 410.4 real, 1983.6 MB
[runlim] sample:		419.9 time, 420.4 real, 2075.4 MB
[runlim] sample:		429.9 time, 430.4 real, 2091.5 MB
[runlim] sample:		439.9 time, 440.4 real, 2302.7 MB
[runlim] sample:		449.9 time, 450.4 real, 2305.8 MB
[runlim] sample:		459.9 time, 460.4 real, 2307.3 MB
[runlim] sample:		469.9 time, 470.4 real, 2320.0 MB
[runlim] sample:		479.9 time, 480.4 real, 2321.8 MB
[runlim] sample:		489.9 time, 490.4 real, 1951.6 MB
[runlim] sample:		499.9 time, 500.4 real, 1925.8 MB
[runlim] sample:		509.9 time, 510.4 real, 1925.8 MB
[runlim] sample:		519.9 time, 520.4 real, 2227.6 MB
[runlim] sample:		529.9 time, 530.4 real, 2317.3 MB
[runlim] sample:		539.9 time, 540.4 real, 1925.7 MB
[runlim] sample:		549.9 time, 550.4 real, 1882.6 MB
[runlim] sample:		559.9 time, 560.4 real, 1955.9 MB
[runlim] sample:		569.9 time, 570.4 real, 1922.0 MB
[runlim] sample:		579.9 time, 580.4 real, 1922.0 MB
[runlim] sample:		589.9 time, 590.4 real, 1922.0 MB
[runlim] sample:		599.9 time, 600.4 real, 1928.4 MB
[runlim] sample:		609.9 time, 610.4 real, 2317.3 MB
[runlim] sample:		619.9 time, 620.4 real, 2317.3 MB
[runlim] sample:		629.9 time, 630.4 real, 2317.3 MB
[runlim] sample:		639.9 time, 640.4 real, 2167.0 MB
[runlim] sample:		649.9 time, 650.4 real, 2167.0 MB
[runlim] sample:		659.9 time, 660.4 real, 2053.5 MB
[runlim] sample:		669.9 time, 670.4 real, 1892.1 MB
[runlim] sample:		679.9 time, 680.4 real, 1892.1 MB
[runlim] sample:		689.9 time, 690.4 real, 2017.8 MB
[runlim] sample:		699.9 time, 700.4 real, 2064.4 MB
[runlim] sample:		709.9 time, 710.4 real, 1893.5 MB
[runlim] sample:		719.9 time, 720.4 real, 1929.8 MB
[runlim] sample:		729.9 time, 730.4 real, 1929.8 MB
[runlim] sample:		739.9 time, 740.4 real, 1942.7 MB
[runlim] sample:		749.9 time, 750.4 real, 1954.0 MB
[runlim] sample:		759.9 time, 760.4 real, 2041.5 MB
[runlim] sample:		769.9 time, 770.4 real, 2041.5 MB
[runlim] sample:		779.9 time, 780.4 real, 2039.9 MB
[runlim] sample:		789.9 time, 790.4 real, 2040.1 MB
[runlim] sample:		799.9 time, 800.4 real, 2190.2 MB
[runlim] sample:		809.9 time, 810.4 real, 2190.2 MB
[runlim] sample:		819.9 time, 820.4 real, 2190.2 MB
[runlim] sample:		829.9 time, 830.4 real, 2190.2 MB
[runlim] sample:		839.9 time, 840.4 real, 2811.4 MB
[runlim] sample:		849.9 time, 850.4 real, 2350.0 MB
[runlim] sample:		859.9 time, 860.4 real, 2350.0 MB
[runlim] sample:		869.9 time, 870.4 real, 2232.3 MB
[runlim] sample:		879.9 time, 880.4 real, 2225.0 MB
[runlim] sample:		889.9 time, 890.4 real, 2191.1 MB
[runlim] sample:		899.9 time, 900.4 real, 1920.5 MB
[runlim] sample:		909.9 time, 910.4 real, 1920.5 MB
[runlim] sample:		919.9 time, 920.4 real, 2215.8 MB
[runlim] sample:		929.9 time, 930.4 real, 1903.7 MB
[runlim] sample:		939.9 time, 940.4 real, 1952.3 MB
[runlim] sample:		949.9 time, 950.4 real, 1957.8 MB
[runlim] sample:		959.9 time, 960.4 real, 1910.3 MB
[runlim] sample:		969.9 time, 970.4 real, 1901.0 MB
[runlim] sample:		979.9 time, 980.4 real, 1904.1 MB
[runlim] sample:		989.9 time, 990.4 real, 1880.5 MB
[runlim] sample:		999.9 time, 1000.4 real, 1949.0 MB
[runlim] sample:		1009.9 time, 1010.4 real, 1959.9 MB
[runlim] sample:		1019.9 time, 1020.4 real, 1959.9 MB
[runlim] sample:		1029.8 time, 1030.4 real, 1959.9 MB
[runlim] sample:		1039.8 time, 1040.4 real, 2251.1 MB
[runlim] sample:		1049.8 time, 1050.4 real, 2195.3 MB
[runlim] sample:		1059.8 time, 1060.4 real, 2195.3 MB
[runlim] sample:		1069.8 time, 1070.4 real, 2195.3 MB
[runlim] sample:		1079.8 time, 1080.4 real, 2195.3 MB
[runlim] sample:		1089.8 time, 1090.4 real, 2195.3 MB
[runlim] sample:		1099.8 time, 1100.4 real, 2195.3 MB
[runlim] sample:		1109.8 time, 1110.4 real, 2229.3 MB
[runlim] sample:		1119.8 time, 1120.4 real, 2319.0 MB
[runlim] sample:		1129.8 time, 1130.4 real, 2412.6 MB
[runlim] sample:		1139.8 time, 1140.4 real, 2494.1 MB
[runlim] sample:		1149.8 time, 1150.4 real, 2567.6 MB
[runlim] sample:		1159.8 time, 1160.4 real, 2640.5 MB
[runlim] sample:		1169.8 time, 1170.4 real, 2717.1 MB
[runlim] sample:		1179.8 time, 1180.4 real, 2794.7 MB
[runlim] sample:		1189.8 time, 1190.4 real, 2860.2 MB
[runlim] sample:		1199.8 time, 1200.4 real, 2937.0 MB
[runlim] sample:		1209.8 time, 1210.4 real, 3007.6 MB
[runlim] sample:		1219.8 time, 1220.4 real, 4006.4 MB
[runlim] sample:		1229.8 time, 1230.4 real, 3136.3 MB
[runlim] sample:		1239.8 time, 1240.4 real, 3177.5 MB
[runlim] sample:		1249.8 time, 1250.4 real, 3177.5 MB
[runlim] sample:		1259.8 time, 1260.4 real, 1940.9 MB
[runlim] sample:		1269.8 time, 1270.4 real, 2335.0 MB
[runlim] sample:		1279.8 time, 1280.4 real, 1955.6 MB
[runlim] sample:		1289.8 time, 1290.4 real, 1961.9 MB
[runlim] sample:		1299.8 time, 1300.4 real, 1961.9 MB
[runlim] sample:		1309.8 time, 1310.4 real, 1938.2 MB
[runlim] sample:		1319.8 time, 1320.4 real, 2035.9 MB
[runlim] sample:		1329.8 time, 1330.4 real, 2035.9 MB
[runlim] sample:		1339.8 time, 1340.4 real, 1938.2 MB
[runlim] sample:		1349.8 time, 1350.4 real, 1938.7 MB
[runlim] sample:		1359.8 time, 1360.4 real, 1938.7 MB
[runlim] sample:		1369.8 time, 1370.4 real, 1938.7 MB
[runlim] sample:		1379.8 time, 1380.4 real, 1960.3 MB
[runlim] sample:		1389.8 time, 1390.4 real, 2132.1 MB
[runlim] sample:		1399.8 time, 1400.4 real, 2312.6 MB
[runlim] sample:		1409.8 time, 1410.4 real, 2476.3 MB
[runlim] sample:		1419.8 time, 1420.4 real, 2624.0 MB
[runlim] sample:		1429.8 time, 1430.4 real, 2802.0 MB
[runlim] sample:		1439.8 time, 1440.4 real, 2886.5 MB
[runlim] sample:		1449.8 time, 1450.4 real, 4073.3 MB
[runlim] sample:		1459.8 time, 1460.4 real, 4087.2 MB
[runlim] sample:		1469.8 time, 1470.4 real, 4095.4 MB
[runlim] sample:		1479.8 time, 1480.4 real, 4589.0 MB
[runlim] sample:		1489.8 time, 1490.4 real, 3533.2 MB
[runlim] sample:		1499.8 time, 1500.4 real, 2892.3 MB
[runlim] sample:		1509.8 time, 1510.4 real, 2892.3 MB
[runlim] sample:		1519.8 time, 1520.4 real, 3239.5 MB
[runlim] sample:		1529.8 time, 1530.4 real, 2846.8 MB
[runlim] sample:		1539.8 time, 1540.4 real, 2846.8 MB
[runlim] sample:		1549.8 time, 1550.4 real, 2846.8 MB
[runlim] sample:		1559.8 time, 1560.4 real, 3397.6 MB
[runlim] sample:		1569.8 time, 1570.4 real, 3050.3 MB
[runlim] sample:		1579.8 time, 1580.4 real, 3050.3 MB
[runlim] sample:		1589.8 time, 1590.4 real, 3050.3 MB
[runlim] sample:		1599.8 time, 1600.4 real, 3050.3 MB
[runlim] sample:		1609.8 time, 1610.4 real, 2986.6 MB
[runlim] sample:		1619.8 time, 1620.4 real, 2986.6 MB
[runlim] sample:		1629.8 time, 1630.4 real, 3362.8 MB
[runlim] sample:		1639.8 time, 1640.4 real, 2875.8 MB
[runlim] sample:		1649.8 time, 1650.4 real, 3243.0 MB
[runlim] sample:		1659.8 time, 1660.4 real, 2868.5 MB
[runlim] sample:		1669.8 time, 1670.4 real, 2868.5 MB
[runlim] sample:		1679.8 time, 1680.4 real, 2868.5 MB
[runlim] sample:		1689.8 time, 1690.4 real, 2868.5 MB
[runlim] sample:		1699.8 time, 1700.4 real, 2947.5 MB
[runlim] sample:		1709.8 time, 1710.4 real, 2947.5 MB
[runlim] sample:		1719.8 time, 1720.4 real, 2849.6 MB
[runlim] sample:		1729.8 time, 1730.4 real, 2849.6 MB
[runlim] sample:		1739.8 time, 1740.4 real, 2849.6 MB
[runlim] sample:		1749.8 time, 1750.4 real, 2849.6 MB
[runlim] sample:		1759.8 time, 1760.4 real, 2849.6 MB
[runlim] sample:		1769.8 time, 1770.4 real, 2855.8 MB
[runlim] sample:		1779.8 time, 1780.4 real, 2856.7 MB
[runlim] sample:		1789.8 time, 1790.4 real, 3337.8 MB
c Signal interruption.
[runlim] end:			Sun Sep 29 11:19:15 2024
[runlim] status:		out of time
[runlim] result:		2
[runlim] children:		0
[runlim] real:			1800.10 seconds
[runlim] time:			1799.41 seconds
[runlim] space:			5207.6 MB
[runlim] samples:		17996
