[runlim] version:		1.10
[runlim] time limit:		3600 seconds
[runlim] real time limit:	3600 seconds
[runlim] space limit:		30000 MB
[runlim] argv[0]:		/home/truongxuanhieu/AntiBandwidthReconstruct/build/abw_enc_symbreak_min_node_hybrid_NSC_binomial
[runlim] argv[1]:		/home/truongxuanhieu/AntiBandwidthReconstruct/build/Benchmarks/S-sherman4.mtx.rnd
[runlim] argv[2]:		--duplexNSC
[runlim] argv[3]:		-split-size
[runlim] argv[4]:		10
[runlim] start:			Fri Aug 30 09:28:21 2024
[runlim] main pid:		8234
[runlim] log captured:
c DuplexEncoder 0.8.
c Splitting clauses at length 10.
c Solving strategy: from LB to UB.
c LB-w = 256 (LB in Sinnl - A note on computational approaches for the antibandwidth problem).
c UB-w = 272 (UB in Sinnl - A note on computational approaches for the antibandwidth problem).
c Antibandwidth problem with w = 256 ( S-sherman4.mtx.rnd ):
c Initializing CaDiCaL (version 1.2.1).
c	Configuring CaDiCaL as --sat (1).
c Initializing a DuplexNSC encoder with n = 546.
c Encoding starts with w = 256:
c	Labels and Vertices aux var: 49140
c	Labels and Vertices constraints:  670488
c	Obj k aux var: 315042
c	Obj k constraints: 3074034
c	Obj k glue staircase constraints: 1552878
c	Encoding duration: 1s
c	Number of clauses: 3790659
c	Number of irredundant clauses: 3789008
c	Number of variables: 708162
c SAT Solving starts:
[runlim] sample:		10.0 time, 10.8 real, 624.8 MB
[runlim] sample:		20.0 time, 20.8 real, 639.8 MB
[runlim] sample:		30.0 time, 30.8 real, 662.9 MB
[runlim] sample:		40.0 time, 40.8 real, 648.5 MB
[runlim] sample:		50.0 time, 50.8 real, 654.7 MB
[runlim] sample:		60.0 time, 60.8 real, 656.1 MB
[runlim] sample:		70.0 time, 70.8 real, 623.0 MB
[runlim] sample:		80.0 time, 80.8 real, 661.2 MB
[runlim] sample:		90.0 time, 90.8 real, 624.2 MB
[runlim] sample:		100.0 time, 100.8 real, 660.3 MB
[runlim] sample:		110.0 time, 110.8 real, 558.3 MB
[runlim] sample:		120.0 time, 120.8 real, 559.3 MB
[runlim] sample:		130.0 time, 130.8 real, 662.6 MB
[runlim] sample:		140.0 time, 140.8 real, 664.6 MB
[runlim] sample:		150.0 time, 150.8 real, 632.6 MB
[runlim] sample:		160.0 time, 160.8 real, 645.7 MB
[runlim] sample:		170.0 time, 170.8 real, 651.8 MB
[runlim] sample:		180.0 time, 180.8 real, 677.3 MB
[runlim] sample:		190.0 time, 190.8 real, 679.1 MB
[runlim] sample:		200.0 time, 200.8 real, 695.2 MB
[runlim] sample:		210.0 time, 210.8 real, 728.2 MB
[runlim] sample:		220.0 time, 220.8 real, 698.6 MB
[runlim] sample:		230.0 time, 230.8 real, 703.3 MB
[runlim] sample:		240.0 time, 240.8 real, 711.3 MB
[runlim] sample:		250.0 time, 250.8 real, 732.3 MB
[runlim] sample:		260.0 time, 260.8 real, 729.0 MB
[runlim] sample:		270.0 time, 270.8 real, 735.4 MB
[runlim] sample:		280.0 time, 280.8 real, 731.9 MB
[runlim] sample:		290.0 time, 290.8 real, 731.8 MB
[runlim] sample:		300.0 time, 300.8 real, 739.5 MB
[runlim] sample:		310.0 time, 310.8 real, 740.8 MB
[runlim] sample:		320.0 time, 320.8 real, 710.9 MB
[runlim] sample:		330.0 time, 330.8 real, 760.5 MB
[runlim] sample:		340.0 time, 340.8 real, 923.7 MB
[runlim] sample:		350.0 time, 350.8 real, 870.4 MB
[runlim] sample:		360.0 time, 360.8 real, 872.4 MB
[runlim] sample:		370.0 time, 370.8 real, 908.2 MB
[runlim] sample:		380.0 time, 380.8 real, 898.9 MB
[runlim] sample:		390.0 time, 390.8 real, 931.6 MB
[runlim] sample:		400.0 time, 400.8 real, 939.3 MB
[runlim] sample:		410.0 time, 410.8 real, 939.3 MB
[runlim] sample:		420.0 time, 420.8 real, 1142.1 MB
[runlim] sample:		429.9 time, 430.8 real, 962.1 MB
[runlim] sample:		439.9 time, 440.8 real, 972.1 MB
[runlim] sample:		449.9 time, 450.8 real, 972.1 MB
[runlim] sample:		459.9 time, 460.8 real, 954.6 MB
[runlim] sample:		469.9 time, 470.8 real, 956.6 MB
[runlim] sample:		479.9 time, 480.8 real, 941.5 MB
[runlim] sample:		489.9 time, 490.8 real, 934.2 MB
[runlim] sample:		499.9 time, 500.8 real, 936.9 MB
[runlim] sample:		509.9 time, 510.8 real, 936.9 MB
[runlim] sample:		519.9 time, 520.8 real, 937.9 MB
[runlim] sample:		529.9 time, 530.8 real, 925.8 MB
[runlim] sample:		539.9 time, 540.8 real, 936.3 MB
[runlim] sample:		549.9 time, 550.8 real, 936.5 MB
[runlim] sample:		559.9 time, 560.8 real, 955.4 MB
[runlim] sample:		569.9 time, 570.8 real, 955.4 MB
[runlim] sample:		579.9 time, 580.8 real, 960.8 MB
[runlim] sample:		589.9 time, 590.8 real, 960.8 MB
[runlim] sample:		599.9 time, 600.8 real, 965.1 MB
[runlim] sample:		609.9 time, 610.8 real, 965.1 MB
[runlim] sample:		619.9 time, 620.8 real, 958.6 MB
[runlim] sample:		629.9 time, 630.8 real, 958.6 MB
[runlim] sample:		639.9 time, 640.8 real, 953.6 MB
[runlim] sample:		649.9 time, 650.8 real, 953.6 MB
[runlim] sample:		659.9 time, 660.8 real, 973.9 MB
[runlim] sample:		669.9 time, 670.8 real, 973.9 MB
[runlim] sample:		679.9 time, 680.8 real, 950.9 MB
[runlim] sample:		689.9 time, 690.8 real, 950.9 MB
[runlim] sample:		699.9 time, 700.8 real, 950.9 MB
[runlim] sample:		709.9 time, 710.8 real, 938.7 MB
[runlim] sample:		719.9 time, 720.8 real, 939.3 MB
[runlim] sample:		729.9 time, 730.8 real, 959.5 MB
[runlim] sample:		739.9 time, 740.8 real, 969.3 MB
[runlim] sample:		749.9 time, 750.8 real, 969.3 MB
[runlim] sample:		759.9 time, 760.8 real, 957.5 MB
[runlim] sample:		769.9 time, 770.8 real, 957.5 MB
[runlim] sample:		779.9 time, 780.8 real, 962.5 MB
[runlim] sample:		789.9 time, 790.8 real, 962.5 MB
[runlim] sample:		799.9 time, 800.8 real, 962.5 MB
[runlim] sample:		809.9 time, 810.8 real, 962.5 MB
[runlim] sample:		819.9 time, 820.8 real, 1046.3 MB
[runlim] sample:		829.9 time, 830.8 real, 1046.3 MB
[runlim] sample:		839.9 time, 840.8 real, 952.1 MB
[runlim] sample:		849.9 time, 850.8 real, 946.7 MB
[runlim] sample:		859.9 time, 860.8 real, 946.7 MB
[runlim] sample:		869.9 time, 870.8 real, 964.1 MB
[runlim] sample:		879.9 time, 880.8 real, 964.1 MB
[runlim] sample:		889.9 time, 890.8 real, 950.3 MB
[runlim] sample:		899.9 time, 900.8 real, 950.6 MB
[runlim] sample:		909.9 time, 910.8 real, 954.2 MB
[runlim] sample:		919.9 time, 920.8 real, 954.2 MB
[runlim] sample:		929.9 time, 930.8 real, 954.2 MB
[runlim] sample:		939.9 time, 940.8 real, 966.2 MB
[runlim] sample:		949.9 time, 950.8 real, 966.2 MB
[runlim] sample:		959.9 time, 960.8 real, 966.2 MB
[runlim] sample:		969.9 time, 970.8 real, 972.5 MB
[runlim] sample:		979.9 time, 980.8 real, 1179.2 MB
[runlim] sample:		989.9 time, 990.8 real, 973.4 MB
[runlim] sample:		999.9 time, 1000.8 real, 973.4 MB
[runlim] sample:		1009.9 time, 1010.8 real, 973.4 MB
[runlim] sample:		1019.9 time, 1020.8 real, 1192.4 MB
[runlim] sample:		1029.9 time, 1030.8 real, 943.9 MB
[runlim] sample:		1039.9 time, 1040.8 real, 943.9 MB
[runlim] sample:		1049.9 time, 1050.8 real, 978.7 MB
[runlim] sample:		1059.9 time, 1060.8 real, 978.7 MB
[runlim] sample:		1069.9 time, 1070.8 real, 978.7 MB
[runlim] sample:		1079.9 time, 1080.8 real, 960.6 MB
[runlim] sample:		1089.9 time, 1090.8 real, 960.6 MB
[runlim] sample:		1099.9 time, 1100.8 real, 963.3 MB
[runlim] sample:		1109.9 time, 1110.8 real, 1158.8 MB
[runlim] sample:		1119.9 time, 1120.8 real, 962.3 MB
[runlim] sample:		1129.9 time, 1130.8 real, 962.3 MB
[runlim] sample:		1139.9 time, 1140.8 real, 962.3 MB
[runlim] sample:		1149.9 time, 1150.8 real, 1002.2 MB
[runlim] sample:		1159.9 time, 1160.8 real, 1002.2 MB
[runlim] sample:		1169.9 time, 1170.8 real, 997.0 MB
[runlim] sample:		1179.9 time, 1180.8 real, 1031.3 MB
[runlim] sample:		1189.9 time, 1190.8 real, 987.9 MB
[runlim] sample:		1199.9 time, 1200.8 real, 987.9 MB
[runlim] sample:		1209.9 time, 1210.8 real, 987.9 MB
[runlim] sample:		1219.9 time, 1220.8 real, 987.9 MB
[runlim] sample:		1229.9 time, 1230.8 real, 1163.8 MB
[runlim] sample:		1239.9 time, 1240.8 real, 942.6 MB
[runlim] sample:		1249.9 time, 1250.8 real, 942.6 MB
[runlim] sample:		1259.9 time, 1260.8 real, 966.2 MB
[runlim] sample:		1269.9 time, 1270.8 real, 966.2 MB
[runlim] sample:		1279.9 time, 1280.8 real, 970.1 MB
[runlim] sample:		1289.9 time, 1290.8 real, 970.1 MB
[runlim] sample:		1299.9 time, 1300.8 real, 970.1 MB
[runlim] sample:		1309.9 time, 1310.8 real, 970.1 MB
[runlim] sample:		1319.9 time, 1320.8 real, 973.8 MB
[runlim] sample:		1329.9 time, 1330.8 real, 973.8 MB
[runlim] sample:		1339.9 time, 1340.8 real, 970.4 MB
[runlim] sample:		1349.9 time, 1350.8 real, 970.4 MB
[runlim] sample:		1359.9 time, 1360.8 real, 979.3 MB
[runlim] sample:		1369.9 time, 1370.8 real, 979.3 MB
[runlim] sample:		1379.9 time, 1380.8 real, 979.3 MB
[runlim] sample:		1389.9 time, 1390.8 real, 974.2 MB
[runlim] sample:		1399.9 time, 1400.8 real, 974.2 MB
[runlim] sample:		1409.9 time, 1410.8 real, 987.5 MB
[runlim] sample:		1419.9 time, 1420.8 real, 987.5 MB
[runlim] sample:		1429.9 time, 1430.8 real, 993.8 MB
[runlim] sample:		1439.9 time, 1440.8 real, 993.8 MB
[runlim] sample:		1449.9 time, 1450.8 real, 993.8 MB
[runlim] sample:		1459.9 time, 1460.8 real, 984.9 MB
[runlim] sample:		1469.9 time, 1470.8 real, 984.9 MB
[runlim] sample:		1479.9 time, 1480.8 real, 973.5 MB
[runlim] sample:		1489.9 time, 1490.8 real, 973.5 MB
[runlim] sample:		1499.9 time, 1500.8 real, 974.8 MB
[runlim] sample:		1509.9 time, 1510.8 real, 974.8 MB
[runlim] sample:		1519.9 time, 1520.8 real, 974.8 MB
[runlim] sample:		1529.9 time, 1530.8 real, 978.7 MB
[runlim] sample:		1539.9 time, 1540.8 real, 978.7 MB
[runlim] sample:		1549.9 time, 1550.8 real, 972.6 MB
[runlim] sample:		1559.9 time, 1560.8 real, 972.6 MB
[runlim] sample:		1569.9 time, 1570.8 real, 972.6 MB
[runlim] sample:		1579.9 time, 1580.8 real, 988.2 MB
[runlim] sample:		1589.9 time, 1590.8 real, 988.2 MB
[runlim] sample:		1599.9 time, 1600.8 real, 996.5 MB
[runlim] sample:		1609.9 time, 1610.8 real, 1014.7 MB
[runlim] sample:		1619.9 time, 1620.8 real, 1014.7 MB
[runlim] sample:		1629.9 time, 1630.8 real, 1014.7 MB
[runlim] sample:		1639.8 time, 1640.8 real, 1021.1 MB
[runlim] sample:		1649.9 time, 1650.8 real, 1212.3 MB
[runlim] sample:		1659.9 time, 1660.8 real, 971.1 MB
[runlim] sample:		1669.9 time, 1670.8 real, 971.1 MB
[runlim] sample:		1679.9 time, 1680.8 real, 971.1 MB
[runlim] sample:		1689.9 time, 1690.8 real, 981.1 MB
[runlim] sample:		1699.9 time, 1700.8 real, 981.1 MB
[runlim] sample:		1709.9 time, 1710.8 real, 983.8 MB
[runlim] sample:		1719.9 time, 1720.8 real, 983.8 MB
[runlim] sample:		1729.8 time, 1730.8 real, 983.1 MB
[runlim] sample:		1739.8 time, 1740.8 real, 983.1 MB
[runlim] sample:		1749.8 time, 1750.8 real, 983.1 MB
[runlim] sample:		1759.8 time, 1760.8 real, 1186.5 MB
[runlim] sample:		1769.8 time, 1770.8 real, 983.3 MB
[runlim] sample:		1779.8 time, 1780.8 real, 983.3 MB
[runlim] sample:		1789.8 time, 1790.8 real, 1015.3 MB
[runlim] sample:		1799.8 time, 1800.8 real, 1015.3 MB
[runlim] sample:		1809.8 time, 1810.8 real, 1015.3 MB
[runlim] sample:		1819.8 time, 1820.8 real, 1266.1 MB
[runlim] sample:		1829.8 time, 1830.8 real, 1030.8 MB
[runlim] sample:		1839.8 time, 1840.8 real, 1030.8 MB
[runlim] sample:		1849.8 time, 1850.8 real, 1030.8 MB
[runlim] sample:		1859.8 time, 1860.8 real, 1254.9 MB
[runlim] sample:		1869.8 time, 1870.8 real, 1004.0 MB
[runlim] sample:		1879.8 time, 1880.8 real, 1004.0 MB
[runlim] sample:		1889.8 time, 1890.8 real, 1011.5 MB
[runlim] sample:		1899.8 time, 1900.8 real, 1011.5 MB
[runlim] sample:		1909.8 time, 1910.8 real, 1011.5 MB
[runlim] sample:		1919.8 time, 1920.8 real, 1011.5 MB
[runlim] sample:		1929.8 time, 1930.8 real, 1007.5 MB
[runlim] sample:		1939.8 time, 1940.8 real, 1007.5 MB
[runlim] sample:		1949.8 time, 1950.8 real, 1007.5 MB
[runlim] sample:		1959.8 time, 1960.8 real, 1007.5 MB
[runlim] sample:		1969.8 time, 1970.8 real, 1000.4 MB
[runlim] sample:		1979.8 time, 1980.8 real, 1000.4 MB
[runlim] sample:		1989.8 time, 1990.8 real, 1000.4 MB
[runlim] sample:		1999.8 time, 2000.8 real, 1000.4 MB
[runlim] sample:		2009.8 time, 2010.8 real, 1023.6 MB
[runlim] sample:		2019.8 time, 2020.8 real, 1023.6 MB
[runlim] sample:		2029.8 time, 2030.8 real, 1023.6 MB
[runlim] sample:		2039.8 time, 2040.8 real, 1023.6 MB
[runlim] sample:		2049.8 time, 2050.8 real, 1039.6 MB
[runlim] sample:		2059.8 time, 2060.8 real, 1039.6 MB
[runlim] sample:		2069.8 time, 2070.8 real, 1039.6 MB
[runlim] sample:		2079.8 time, 2080.8 real, 1039.6 MB
[runlim] sample:		2089.8 time, 2090.8 real, 1039.6 MB
[runlim] sample:		2099.8 time, 2100.8 real, 1014.0 MB
[runlim] sample:		2109.8 time, 2110.8 real, 1016.2 MB
[runlim] sample:		2119.8 time, 2120.8 real, 1016.2 MB
[runlim] sample:		2129.8 time, 2130.8 real, 1016.2 MB
[runlim] sample:		2139.8 time, 2140.8 real, 1016.2 MB
[runlim] sample:		2149.8 time, 2150.8 real, 1055.2 MB
[runlim] sample:		2159.8 time, 2160.8 real, 1055.2 MB
[runlim] sample:		2169.8 time, 2170.8 real, 1055.2 MB
[runlim] sample:		2179.8 time, 2180.8 real, 1055.2 MB
[runlim] sample:		2189.8 time, 2190.8 real, 1055.2 MB
[runlim] sample:		2199.8 time, 2200.8 real, 1086.5 MB
[runlim] sample:		2209.8 time, 2210.8 real, 1086.5 MB
[runlim] sample:		2219.8 time, 2220.8 real, 1086.5 MB
[runlim] sample:		2229.8 time, 2230.8 real, 1086.5 MB
[runlim] sample:		2239.8 time, 2240.8 real, 1086.5 MB
[runlim] sample:		2249.8 time, 2250.8 real, 1086.5 MB
[runlim] sample:		2259.8 time, 2260.8 real, 1086.5 MB
[runlim] sample:		2269.8 time, 2270.8 real, 1086.5 MB
[runlim] sample:		2279.8 time, 2280.8 real, 1060.0 MB
[runlim] sample:		2289.8 time, 2290.8 real, 1060.0 MB
[runlim] sample:		2299.8 time, 2300.8 real, 1060.0 MB
[runlim] sample:		2309.8 time, 2310.8 real, 1033.5 MB
[runlim] sample:		2319.8 time, 2320.8 real, 1033.5 MB
[runlim] sample:		2329.8 time, 2330.8 real, 1028.1 MB
[runlim] sample:		2339.8 time, 2340.8 real, 1028.1 MB
[runlim] sample:		2349.8 time, 2350.8 real, 1028.1 MB
[runlim] sample:		2359.8 time, 2360.8 real, 1028.1 MB
[runlim] sample:		2369.8 time, 2370.8 real, 1028.1 MB
[runlim] sample:		2379.8 time, 2380.8 real, 1028.1 MB
[runlim] sample:		2389.8 time, 2390.8 real, 1040.3 MB
[runlim] sample:		2399.8 time, 2400.8 real, 1040.3 MB
[runlim] sample:		2409.8 time, 2410.8 real, 1051.3 MB
[runlim] sample:		2419.8 time, 2420.8 real, 1051.3 MB
[runlim] sample:		2429.8 time, 2430.8 real, 1051.3 MB
[runlim] sample:		2439.8 time, 2440.8 real, 1051.3 MB
[runlim] sample:		2449.8 time, 2450.8 real, 1068.9 MB
[runlim] sample:		2459.8 time, 2460.8 real, 1068.9 MB
[runlim] sample:		2469.8 time, 2470.8 real, 1068.9 MB
[runlim] sample:		2479.8 time, 2480.8 real, 1068.9 MB
[runlim] sample:		2489.8 time, 2490.8 real, 1068.9 MB
[runlim] sample:		2499.8 time, 2500.8 real, 1045.1 MB
[runlim] sample:		2509.8 time, 2510.8 real, 1045.1 MB
[runlim] sample:		2519.8 time, 2520.8 real, 1047.1 MB
[runlim] sample:		2529.8 time, 2530.8 real, 1005.2 MB
[runlim] sample:		2539.8 time, 2540.8 real, 1007.2 MB
[runlim] sample:		2549.8 time, 2550.8 real, 1007.2 MB
[runlim] sample:		2559.8 time, 2560.8 real, 999.5 MB
[runlim] sample:		2569.8 time, 2570.8 real, 999.5 MB
[runlim] sample:		2579.8 time, 2580.8 real, 999.5 MB
[runlim] sample:		2589.8 time, 2590.8 real, 999.5 MB
[runlim] sample:		2599.8 time, 2600.8 real, 999.5 MB
[runlim] sample:		2609.8 time, 2610.8 real, 999.5 MB
[runlim] sample:		2619.8 time, 2620.8 real, 996.9 MB
[runlim] sample:		2629.8 time, 2630.8 real, 998.9 MB
[runlim] sample:		2639.8 time, 2640.8 real, 998.9 MB
[runlim] sample:		2649.8 time, 2650.8 real, 998.9 MB
[runlim] sample:		2659.8 time, 2660.8 real, 1003.2 MB
[runlim] sample:		2669.8 time, 2670.8 real, 1003.2 MB
[runlim] sample:		2679.8 time, 2680.8 real, 1002.1 MB
[runlim] sample:		2689.8 time, 2690.8 real, 1002.1 MB
[runlim] sample:		2699.8 time, 2700.8 real, 1002.1 MB
[runlim] sample:		2709.8 time, 2710.8 real, 1002.1 MB
[runlim] sample:		2719.8 time, 2720.8 real, 1002.1 MB
[runlim] sample:		2729.8 time, 2730.8 real, 993.5 MB
[runlim] sample:		2739.8 time, 2740.8 real, 993.5 MB
[runlim] sample:		2749.8 time, 2750.8 real, 993.5 MB
[runlim] sample:		2759.8 time, 2760.8 real, 993.5 MB
[runlim] sample:		2769.8 time, 2770.8 real, 985.1 MB
[runlim] sample:		2779.8 time, 2780.8 real, 985.1 MB
[runlim] sample:		2789.8 time, 2790.8 real, 989.2 MB
[runlim] sample:		2799.8 time, 2800.8 real, 989.2 MB
[runlim] sample:		2809.8 time, 2810.8 real, 989.2 MB
[runlim] sample:		2819.8 time, 2820.8 real, 989.2 MB
[runlim] sample:		2829.8 time, 2830.8 real, 989.2 MB
[runlim] sample:		2839.8 time, 2840.8 real, 1084.4 MB
[runlim] sample:		2849.8 time, 2850.8 real, 1084.4 MB
[runlim] sample:		2859.8 time, 2860.8 real, 1084.4 MB
[runlim] sample:		2869.8 time, 2870.8 real, 1084.4 MB
[runlim] sample:		2879.8 time, 2880.8 real, 1030.4 MB
[runlim] sample:		2889.8 time, 2890.8 real, 1030.4 MB
[runlim] sample:		2899.8 time, 2900.8 real, 1030.4 MB
[runlim] sample:		2909.8 time, 2910.8 real, 1028.6 MB
[runlim] sample:		2919.8 time, 2920.8 real, 1028.6 MB
[runlim] sample:		2929.8 time, 2930.8 real, 1028.6 MB
[runlim] sample:		2939.8 time, 2940.8 real, 1028.6 MB
[runlim] sample:		2949.8 time, 2950.8 real, 1007.4 MB
[runlim] sample:		2959.8 time, 2960.8 real, 1007.4 MB
[runlim] sample:		2969.8 time, 2970.8 real, 1007.4 MB
[runlim] sample:		2979.8 time, 2980.8 real, 1007.4 MB
[runlim] sample:		2989.8 time, 2990.8 real, 1028.0 MB
[runlim] sample:		2999.8 time, 3000.8 real, 1028.0 MB
[runlim] sample:		3009.8 time, 3010.8 real, 1028.0 MB
[runlim] sample:		3019.8 time, 3020.8 real, 1028.0 MB
[runlim] sample:		3029.8 time, 3030.8 real, 1028.0 MB
[runlim] sample:		3039.8 time, 3040.8 real, 1034.1 MB
[runlim] sample:		3049.8 time, 3050.8 real, 1034.1 MB
[runlim] sample:		3059.8 time, 3060.8 real, 1034.1 MB
[runlim] sample:		3069.8 time, 3070.8 real, 1034.1 MB
[runlim] sample:		3079.8 time, 3080.8 real, 998.2 MB
[runlim] sample:		3089.8 time, 3090.8 real, 998.2 MB
[runlim] sample:		3099.8 time, 3100.8 real, 998.2 MB
[runlim] sample:		3109.8 time, 3110.8 real, 1002.1 MB
[runlim] sample:		3119.8 time, 3120.8 real, 1002.1 MB
[runlim] sample:		3129.8 time, 3130.8 real, 1002.1 MB
[runlim] sample:		3139.8 time, 3140.8 real, 1002.1 MB
[runlim] sample:		3149.8 time, 3150.8 real, 1002.1 MB
[runlim] sample:		3159.8 time, 3160.8 real, 1036.3 MB
[runlim] sample:		3169.8 time, 3170.8 real, 1036.3 MB
[runlim] sample:		3179.8 time, 3180.8 real, 1036.3 MB
[runlim] sample:		3189.8 time, 3190.8 real, 1036.3 MB
[runlim] sample:		3199.8 time, 3200.8 real, 1036.3 MB
[runlim] sample:		3209.8 time, 3210.8 real, 1036.3 MB
[runlim] sample:		3219.8 time, 3220.8 real, 1035.0 MB
[runlim] sample:		3229.8 time, 3230.8 real, 1035.0 MB
[runlim] sample:		3239.8 time, 3240.8 real, 1035.0 MB
[runlim] sample:		3249.8 time, 3250.8 real, 1035.0 MB
[runlim] sample:		3259.8 time, 3260.8 real, 1016.3 MB
[runlim] sample:		3269.8 time, 3270.8 real, 1016.3 MB
[runlim] sample:		3279.8 time, 3280.8 real, 1016.3 MB
[runlim] sample:		3289.8 time, 3290.8 real, 1016.9 MB
[runlim] sample:		3299.8 time, 3300.8 real, 1016.9 MB
[runlim] sample:		3309.8 time, 3310.8 real, 1016.9 MB
[runlim] sample:		3319.8 time, 3320.8 real, 1016.9 MB
[runlim] sample:		3329.8 time, 3330.8 real, 1016.9 MB
[runlim] sample:		3339.8 time, 3340.8 real, 1017.5 MB
[runlim] sample:		3349.8 time, 3350.8 real, 1017.5 MB
[runlim] sample:		3359.8 time, 3360.8 real, 992.9 MB
[runlim] sample:		3369.8 time, 3370.8 real, 992.9 MB
[runlim] sample:		3379.8 time, 3380.8 real, 992.9 MB
[runlim] sample:		3389.8 time, 3390.8 real, 1016.6 MB
[runlim] sample:		3399.8 time, 3400.8 real, 1016.6 MB
[runlim] sample:		3409.8 time, 3410.8 real, 1016.6 MB
[runlim] sample:		3419.8 time, 3420.8 real, 1016.6 MB
[runlim] sample:		3429.8 time, 3430.8 real, 1016.6 MB
[runlim] sample:		3439.8 time, 3440.8 real, 1022.3 MB
[runlim] sample:		3449.8 time, 3450.8 real, 1022.3 MB
[runlim] sample:		3459.8 time, 3460.8 real, 995.9 MB
[runlim] sample:		3469.8 time, 3470.8 real, 995.9 MB
[runlim] sample:		3479.8 time, 3480.8 real, 995.9 MB
[runlim] sample:		3489.8 time, 3490.8 real, 995.9 MB
[runlim] sample:		3499.8 time, 3500.8 real, 995.9 MB
[runlim] sample:		3509.8 time, 3510.8 real, 995.9 MB
[runlim] sample:		3519.8 time, 3520.8 real, 1021.2 MB
[runlim] sample:		3529.8 time, 3530.8 real, 1021.2 MB
[runlim] sample:		3539.8 time, 3540.8 real, 1021.2 MB
[runlim] sample:		3549.8 time, 3550.8 real, 1021.2 MB
[runlim] sample:		3559.8 time, 3560.8 real, 1023.2 MB
[runlim] sample:		3569.8 time, 3570.8 real, 1023.2 MB
[runlim] sample:		3579.8 time, 3580.8 real, 1021.3 MB
[runlim] sample:		3589.8 time, 3590.8 real, 1021.3 MB
c Signal interruption.
[runlim] end:			Fri Aug 30 10:28:21 2024
[runlim] status:		out of time
[runlim] result:		2
[runlim] children:		0
[runlim] real:			3600.06 seconds
[runlim] time:			3598.99 seconds
[runlim] space:			1364.6 MB
[runlim] samples:		35992
