[runlim] version:		1.10
[runlim] time limit:		3600 seconds
[runlim] real time limit:	3600 seconds
[runlim] space limit:		30000 MB
[runlim] argv[0]:		/home/truongxuanhieu/AntiBandwidthReconstruct/build/abw_enc_symbreak_first_node_hybrid_NSC_binomial
[runlim] argv[1]:		/home/truongxuanhieu/AntiBandwidthReconstruct/build/BenchmarkAdd/M-bcsstk06.mtx.rnd
[runlim] argv[2]:		--duplexNSC
[runlim] argv[3]:		-split-size
[runlim] argv[4]:		10
[runlim] start:			Mon Sep  9 06:55:08 2024
[runlim] main pid:		12421
[runlim] log captured:
c DuplexEncoder 0.8.
c Splitting clauses at length 10.
c Solving strategy: from LB to UB.
c LB-w = 28 (LB in Sinnl - A note on computational approaches for the antibandwidth problem).
c UB-w = 72 (UB in Sinnl - A note on computational approaches for the antibandwidth problem).
c Antibandwidth problem with w = 28 ( M-bcsstk06.mtx.rnd ):
c Initializing CaDiCaL (version 1.2.1).
c	Configuring CaDiCaL as --sat (1).
c Initializing a DuplexNSC encoder with n = 420.
c Encoding starts with w = 28:
c	Labels and Vertices aux var: 32760
c	Labels and Vertices constraints:  445200
c	Obj k aux var: 312060
c	Obj k constraints: 6961860
c	Obj k glue staircase constraints: 5680440
c	Encoding duration: 2s
c	Number of clauses: 7427010
c	Number of irredundant clauses: 7424791
c	Number of variables: 540960
c SAT Solving starts:
[runlim] sample:		10.0 time, 10.1 real, 997.5 MB
c	Solving duration: 8978 ms
c	Answer: 
s SAT (w = 28)
AB is set to 282
Node 37 : 395
Node 381 : 113
AB is set to 199
Node 127 : 294
Node 245 : 95
AB is set to 57
Node 31 : 396
Node 137 : 339
AB is set to 28
Node 127 : 294
Node 264 : 322
c	Solution check:
p calculated antibandwidth = 28.
c
c
c Antibandwidth problem with w = 29 ( M-bcsstk06.mtx.rnd ):
c Initializing CaDiCaL (version 1.2.1).
c	Configuring CaDiCaL as --sat (1).
c Initializing a DuplexNSC encoder with n = 420.
c Encoding starts with w = 29:
c	Labels and Vertices aux var: 32760
c	Labels and Vertices constraints:  445200
c	Obj k aux var: 312060
c	Obj k constraints: 6963600
c	Obj k glue staircase constraints: 5676720
c	Encoding duration: 1s
c	Number of clauses: 7429170
c	Number of irredundant clauses: 7426934
c	Number of variables: 541380
c SAT Solving starts:
c	Solving duration: 3496 ms
c	Answer: 
s SAT (w = 29)
AB is set to 54
Node 37 : 362
Node 381 : 308
AB is set to 42
Node 31 : 406
Node 137 : 364
AB is set to 35
Node 127 : 343
Node 381 : 308
AB is set to 34
Node 79 : 377
Node 127 : 343
AB is set to 32
Node 105 : 276
Node 381 : 308
AB is set to 29
Node 209 : 146
Node 391 : 175
c	Solution check:
p calculated antibandwidth = 29.
c
c
c Antibandwidth problem with w = 30 ( M-bcsstk06.mtx.rnd ):
c Initializing CaDiCaL (version 1.2.1).
c	Configuring CaDiCaL as --sat (1).
c Initializing a DuplexNSC encoder with n = 420.
c Encoding starts with w = 30:
c	Labels and Vertices aux var: 32760
c	Labels and Vertices constraints:  439320
c	Obj k aux var: 311640
c	Obj k constraints: 6940740
c	Obj k glue staircase constraints: 5661840
c	Encoding duration: 1s
c	Number of clauses: 7400010
c	Number of irredundant clauses: 7397864
c	Number of variables: 540540
c SAT Solving starts:
[runlim] sample:		20.0 time, 20.1 real, 831.6 MB
c	Solving duration: 8428 ms
c	Answer: 
s SAT (w = 30)
AB is set to 317
Node 37 : 395
Node 381 : 78
AB is set to 89
Node 37 : 395
Node 362 : 306
AB is set to 36
Node 127 : 185
Node 245 : 149
AB is set to 32
Node 31 : 337
Node 137 : 305
AB is set to 30
Node 127 : 185
Node 226 : 215
c	Solution check:
p calculated antibandwidth = 30.
c
c
c Antibandwidth problem with w = 31 ( M-bcsstk06.mtx.rnd ):
c Initializing CaDiCaL (version 1.2.1).
c	Configuring CaDiCaL as --sat (1).
c Initializing a DuplexNSC encoder with n = 420.
c Encoding starts with w = 31:
c	Labels and Vertices aux var: 32760
c	Labels and Vertices constraints:  439320
c	Obj k aux var: 311640
c	Obj k constraints: 6942060
c	Obj k glue staircase constraints: 5658120
c	Encoding duration: 1s
c	Number of clauses: 7401750
c	Number of irredundant clauses: 7399517
c	Number of variables: 540960
c SAT Solving starts:
[runlim] sample:		30.0 time, 30.1 real, 829.4 MB
[runlim] sample:		40.0 time, 40.1 real, 998.5 MB
c	Solving duration: 10505 ms
c	Answer: 
s SAT (w = 31)
AB is set to 110
Node 37 : 97
Node 381 : 207
AB is set to 96
Node 37 : 97
Node 362 : 1
AB is set to 33
Node 127 : 304
Node 245 : 271
AB is set to 32
Node 127 : 304
Node 135 : 272
AB is set to 31
Node 79 : 372
Node 209 : 403
c	Solution check:
p calculated antibandwidth = 31.
c
c
c Antibandwidth problem with w = 32 ( M-bcsstk06.mtx.rnd ):
c Initializing CaDiCaL (version 1.2.1).
c	Configuring CaDiCaL as --sat (1).
c Initializing a DuplexNSC encoder with n = 420.
c Encoding starts with w = 32:
c	Labels and Vertices aux var: 32760
c	Labels and Vertices constraints:  439320
c	Obj k aux var: 310800
c	Obj k constraints: 6930120
c	Obj k glue staircase constraints: 5643240
c	Encoding duration: 2s
c	Number of clauses: 7390650
c	Number of irredundant clauses: 7388402
c	Number of variables: 540960
c SAT Solving starts:
[runlim] sample:		50.0 time, 50.1 real, 1008.3 MB
[runlim] sample:		60.0 time, 60.1 real, 971.6 MB
[runlim] sample:		70.0 time, 70.1 real, 1021.2 MB
[runlim] sample:		80.0 time, 80.1 real, 1062.2 MB
[runlim] sample:		90.0 time, 90.1 real, 1253.8 MB
[runlim] sample:		100.0 time, 100.1 real, 1003.1 MB
[runlim] sample:		110.0 time, 110.1 real, 1023.3 MB
[runlim] sample:		120.0 time, 120.1 real, 1049.4 MB
[runlim] sample:		130.0 time, 130.1 real, 1049.4 MB
[runlim] sample:		140.0 time, 140.1 real, 1060.0 MB
[runlim] sample:		150.0 time, 150.1 real, 1025.3 MB
[runlim] sample:		160.0 time, 160.1 real, 1025.5 MB
[runlim] sample:		170.0 time, 170.1 real, 998.2 MB
[runlim] sample:		180.0 time, 180.1 real, 1062.4 MB
[runlim] sample:		190.0 time, 190.1 real, 1288.8 MB
[runlim] sample:		200.0 time, 200.1 real, 1255.7 MB
[runlim] sample:		210.0 time, 210.1 real, 1009.2 MB
[runlim] sample:		220.0 time, 220.1 real, 1021.8 MB
[runlim] sample:		230.0 time, 230.1 real, 1024.4 MB
c	Solving duration: 189395 ms
c	Answer: 
s SAT (w = 32)
AB is set to 312
Node 37 : 357
Node 381 : 45
AB is set to 182
Node 37 : 357
Node 362 : 175
AB is set to 142
Node 127 : 273
Node 245 : 131
AB is set to 76
Node 245 : 131
Node 264 : 207
AB is set to 66
Node 127 : 273
Node 264 : 207
AB is set to 64
Node 127 : 273
Node 226 : 337
AB is set to 32
Node 127 : 273
Node 135 : 305
c	Solution check:
p calculated antibandwidth = 32.
c
c
c Antibandwidth problem with w = 33 ( M-bcsstk06.mtx.rnd ):
c Initializing CaDiCaL (version 1.2.1).
c	Configuring CaDiCaL as --sat (1).
c Initializing a DuplexNSC encoder with n = 420.
c Encoding starts with w = 33:
c	Labels and Vertices aux var: 32760
c	Labels and Vertices constraints:  433860
c	Obj k aux var: 311220
c	Obj k constraints: 6918840
c	Obj k glue staircase constraints: 5639520
c	Encoding duration: 1s
c	Number of clauses: 7372650
c	Number of irredundant clauses: 7370566
c	Number of variables: 540120
c SAT Solving starts:
[runlim] sample:		240.0 time, 240.1 real, 959.2 MB
[runlim] sample:		250.0 time, 250.1 real, 1019.1 MB
[runlim] sample:		260.0 time, 260.1 real, 1012.1 MB
[runlim] sample:		270.0 time, 270.1 real, 1011.5 MB
[runlim] sample:		280.0 time, 280.1 real, 1012.1 MB
[runlim] sample:		290.0 time, 290.1 real, 1013.1 MB
[runlim] sample:		300.0 time, 300.1 real, 1022.6 MB
[runlim] sample:		310.0 time, 310.1 real, 1018.5 MB
[runlim] sample:		320.0 time, 320.1 real, 1018.5 MB
[runlim] sample:		330.0 time, 330.1 real, 1019.8 MB
[runlim] sample:		340.0 time, 340.1 real, 1018.9 MB
[runlim] sample:		350.0 time, 350.1 real, 1021.4 MB
[runlim] sample:		360.0 time, 360.1 real, 1023.1 MB
[runlim] sample:		370.0 time, 370.1 real, 1023.8 MB
[runlim] sample:		380.0 time, 380.1 real, 1030.9 MB
[runlim] sample:		390.0 time, 390.1 real, 1029.0 MB
[runlim] sample:		400.0 time, 400.1 real, 1035.1 MB
[runlim] sample:		410.0 time, 410.1 real, 1035.1 MB
c	Solving duration: 177883 ms
c	Answer: 
s SAT (w = 33)
AB is set to 36
Node 37 : 288
Node 381 : 252
AB is set to 33
Node 127 : 214
Node 163 : 181
c	Solution check:
p calculated antibandwidth = 33.
c
c
c Antibandwidth problem with w = 34 ( M-bcsstk06.mtx.rnd ):
c Initializing CaDiCaL (version 1.2.1).
c	Configuring CaDiCaL as --sat (1).
c Initializing a DuplexNSC encoder with n = 420.
c Encoding starts with w = 34:
c	Labels and Vertices aux var: 32760
c	Labels and Vertices constraints:  433860
c	Obj k aux var: 310380
c	Obj k constraints: 6906480
c	Obj k glue staircase constraints: 5624640
c	Encoding duration: 1s
c	Number of clauses: 7361130
c	Number of irredundant clauses: 7359032
c	Number of variables: 540120
c SAT Solving starts:
[runlim] sample:		420.0 time, 420.1 real, 957.9 MB
[runlim] sample:		430.0 time, 430.1 real, 1009.6 MB
[runlim] sample:		440.0 time, 440.1 real, 1007.2 MB
[runlim] sample:		450.0 time, 450.1 real, 1008.5 MB
[runlim] sample:		460.0 time, 460.1 real, 1008.7 MB
[runlim] sample:		470.0 time, 470.1 real, 1002.6 MB
[runlim] sample:		480.0 time, 480.1 real, 1010.6 MB
[runlim] sample:		490.0 time, 490.1 real, 1012.7 MB
[runlim] sample:		500.0 time, 500.1 real, 1012.7 MB
[runlim] sample:		510.0 time, 510.1 real, 1012.3 MB
[runlim] sample:		520.0 time, 520.1 real, 1013.5 MB
[runlim] sample:		530.0 time, 530.1 real, 1016.5 MB
[runlim] sample:		540.0 time, 540.1 real, 1014.7 MB
[runlim] sample:		550.0 time, 550.1 real, 992.1 MB
[runlim] sample:		560.0 time, 560.1 real, 998.1 MB
[runlim] sample:		570.0 time, 570.1 real, 1181.1 MB
[runlim] sample:		580.0 time, 580.1 real, 1049.2 MB
[runlim] sample:		590.0 time, 590.1 real, 1014.4 MB
[runlim] sample:		600.0 time, 600.1 real, 1013.3 MB
[runlim] sample:		610.0 time, 610.1 real, 1016.4 MB
[runlim] sample:		620.0 time, 620.1 real, 1016.4 MB
[runlim] sample:		630.0 time, 630.1 real, 1020.9 MB
[runlim] sample:		640.0 time, 640.1 real, 1020.7 MB
[runlim] sample:		650.0 time, 650.1 real, 1020.7 MB
[runlim] sample:		660.0 time, 660.1 real, 1024.7 MB
[runlim] sample:		670.0 time, 670.1 real, 1026.7 MB
[runlim] sample:		680.0 time, 680.1 real, 1032.0 MB
[runlim] sample:		690.0 time, 690.1 real, 1027.2 MB
[runlim] sample:		700.0 time, 700.1 real, 984.4 MB
[runlim] sample:		709.9 time, 710.1 real, 1026.6 MB
[runlim] sample:		719.9 time, 720.1 real, 1026.6 MB
[runlim] sample:		729.9 time, 730.1 real, 1006.4 MB
[runlim] sample:		739.9 time, 740.1 real, 996.2 MB
[runlim] sample:		749.9 time, 750.1 real, 996.2 MB
[runlim] sample:		759.9 time, 760.1 real, 1000.1 MB
[runlim] sample:		769.9 time, 770.1 real, 1003.7 MB
[runlim] sample:		779.9 time, 780.1 real, 1004.4 MB
[runlim] sample:		789.9 time, 790.1 real, 1004.4 MB
[runlim] sample:		799.9 time, 800.1 real, 1006.4 MB
[runlim] sample:		809.9 time, 810.1 real, 1000.3 MB
[runlim] sample:		819.9 time, 820.1 real, 1001.6 MB
[runlim] sample:		829.9 time, 830.1 real, 1001.6 MB
[runlim] sample:		839.9 time, 840.1 real, 1010.6 MB
[runlim] sample:		849.9 time, 850.1 real, 1004.5 MB
[runlim] sample:		859.9 time, 860.1 real, 1001.8 MB
[runlim] sample:		869.9 time, 870.1 real, 1001.8 MB
[runlim] sample:		879.9 time, 880.1 real, 1008.0 MB
[runlim] sample:		889.9 time, 890.1 real, 1015.6 MB
[runlim] sample:		899.9 time, 900.1 real, 1023.2 MB
[runlim] sample:		909.9 time, 910.1 real, 988.7 MB
[runlim] sample:		919.9 time, 920.1 real, 990.7 MB
[runlim] sample:		929.9 time, 930.1 real, 984.8 MB
[runlim] sample:		939.9 time, 940.1 real, 986.6 MB
[runlim] sample:		949.9 time, 950.1 real, 1023.1 MB
[runlim] sample:		959.9 time, 960.1 real, 1036.9 MB
[runlim] sample:		969.9 time, 970.1 real, 984.3 MB
[runlim] sample:		979.9 time, 980.1 real, 988.6 MB
[runlim] sample:		989.9 time, 990.1 real, 1022.9 MB
[runlim] sample:		999.9 time, 1000.1 real, 1025.7 MB
[runlim] sample:		1009.9 time, 1010.1 real, 987.5 MB
[runlim] sample:		1019.9 time, 1020.1 real, 987.2 MB
[runlim] sample:		1029.9 time, 1030.1 real, 987.2 MB
[runlim] sample:		1039.9 time, 1040.1 real, 1062.4 MB
[runlim] sample:		1049.9 time, 1050.1 real, 1293.9 MB
[runlim] sample:		1059.9 time, 1060.1 real, 1064.2 MB
[runlim] sample:		1069.9 time, 1070.1 real, 1096.9 MB
[runlim] sample:		1079.9 time, 1080.1 real, 1059.4 MB
[runlim] sample:		1089.9 time, 1090.1 real, 1083.2 MB
c	Solving duration: 683437 ms
c	Answer: 
s SAT (w = 34)
AB is set to 61
Node 37 : 202
Node 381 : 141
AB is set to 34
Node 127 : 5
Node 362 : 39
c	Solution check:
p calculated antibandwidth = 34.
c
c
c Antibandwidth problem with w = 35 ( M-bcsstk06.mtx.rnd ):
c Initializing CaDiCaL (version 1.2.1).
c	Configuring CaDiCaL as --sat (1).
c Initializing a DuplexNSC encoder with n = 420.
c Encoding starts with w = 35:
c	Labels and Vertices aux var: 32760
c	Labels and Vertices constraints:  428820
c	Obj k aux var: 309960
c	Obj k constraints: 6880680
c	Obj k glue staircase constraints: 5609760
c	Encoding duration: 1s
c	Number of clauses: 7329450
c	Number of irredundant clauses: 7327450
c	Number of variables: 538860
c SAT Solving starts:
[runlim] sample:		1099.9 time, 1100.1 real, 850.2 MB
[runlim] sample:		1109.9 time, 1110.1 real, 1019.5 MB
[runlim] sample:		1119.9 time, 1120.1 real, 1021.9 MB
[runlim] sample:		1129.9 time, 1130.1 real, 1023.4 MB
[runlim] sample:		1139.9 time, 1140.1 real, 1197.3 MB
[runlim] sample:		1149.9 time, 1150.1 real, 1023.8 MB
[runlim] sample:		1159.9 time, 1160.1 real, 1025.3 MB
[runlim] sample:		1169.9 time, 1170.1 real, 1025.3 MB
[runlim] sample:		1179.9 time, 1180.1 real, 1027.4 MB
[runlim] sample:		1189.9 time, 1190.1 real, 1028.9 MB
[runlim] sample:		1199.9 time, 1200.1 real, 1071.1 MB
[runlim] sample:		1209.9 time, 1210.1 real, 1032.3 MB
[runlim] sample:		1219.9 time, 1220.1 real, 1216.7 MB
[runlim] sample:		1229.9 time, 1230.1 real, 1031.0 MB
[runlim] sample:		1239.9 time, 1240.1 real, 1037.2 MB
[runlim] sample:		1249.9 time, 1250.1 real, 1031.0 MB
[runlim] sample:		1259.8 time, 1260.1 real, 1218.9 MB
[runlim] sample:		1269.9 time, 1270.1 real, 1036.3 MB
[runlim] sample:		1279.9 time, 1280.1 real, 1042.9 MB
[runlim] sample:		1289.9 time, 1290.1 real, 1037.7 MB
[runlim] sample:		1299.8 time, 1300.1 real, 1040.3 MB
[runlim] sample:		1309.8 time, 1310.1 real, 1041.2 MB
[runlim] sample:		1319.8 time, 1320.1 real, 1045.0 MB
[runlim] sample:		1329.8 time, 1330.1 real, 1042.1 MB
[runlim] sample:		1339.8 time, 1340.1 real, 1042.5 MB
[runlim] sample:		1349.8 time, 1350.1 real, 1042.7 MB
[runlim] sample:		1359.8 time, 1360.1 real, 1043.5 MB
[runlim] sample:		1369.8 time, 1370.1 real, 1036.9 MB
[runlim] sample:		1379.8 time, 1380.1 real, 1044.9 MB
[runlim] sample:		1389.8 time, 1390.1 real, 1056.5 MB
[runlim] sample:		1399.8 time, 1400.1 real, 1059.6 MB
[runlim] sample:		1409.8 time, 1410.1 real, 1058.3 MB
[runlim] sample:		1419.8 time, 1420.1 real, 1058.3 MB
[runlim] sample:		1429.8 time, 1430.1 real, 1062.2 MB
[runlim] sample:		1439.8 time, 1440.1 real, 1110.0 MB
[runlim] sample:		1449.8 time, 1450.1 real, 1311.8 MB
[runlim] sample:		1459.8 time, 1460.1 real, 1056.9 MB
[runlim] sample:		1469.8 time, 1470.1 real, 1059.2 MB
[runlim] sample:		1479.8 time, 1480.1 real, 1059.7 MB
[runlim] sample:		1489.8 time, 1490.1 real, 1062.2 MB
[runlim] sample:		1499.8 time, 1500.1 real, 1062.2 MB
[runlim] sample:		1509.8 time, 1510.1 real, 1066.8 MB
[runlim] sample:		1519.8 time, 1520.1 real, 1060.4 MB
[runlim] sample:		1529.8 time, 1530.1 real, 1068.6 MB
[runlim] sample:		1539.8 time, 1540.1 real, 1050.1 MB
[runlim] sample:		1549.8 time, 1550.1 real, 1048.4 MB
[runlim] sample:		1559.8 time, 1560.1 real, 1058.6 MB
[runlim] sample:		1569.8 time, 1570.1 real, 1058.6 MB
[runlim] sample:		1579.8 time, 1580.1 real, 1065.8 MB
[runlim] sample:		1589.8 time, 1590.1 real, 1054.9 MB
[runlim] sample:		1599.8 time, 1600.1 real, 1068.4 MB
[runlim] sample:		1609.8 time, 1610.1 real, 1068.4 MB
[runlim] sample:		1619.8 time, 1620.1 real, 1055.0 MB
[runlim] sample:		1629.8 time, 1630.1 real, 1055.0 MB
[runlim] sample:		1639.8 time, 1640.1 real, 1057.1 MB
[runlim] sample:		1649.8 time, 1650.1 real, 1058.0 MB
[runlim] sample:		1659.8 time, 1660.1 real, 1068.9 MB
[runlim] sample:		1669.8 time, 1670.1 real, 1068.9 MB
[runlim] sample:		1679.8 time, 1680.1 real, 1068.7 MB
[runlim] sample:		1689.8 time, 1690.1 real, 1068.7 MB
[runlim] sample:		1699.8 time, 1700.1 real, 1278.7 MB
[runlim] sample:		1709.8 time, 1710.1 real, 1058.4 MB
[runlim] sample:		1719.8 time, 1720.1 real, 1058.4 MB
[runlim] sample:		1729.8 time, 1730.1 real, 1058.4 MB
[runlim] sample:		1739.8 time, 1740.1 real, 1089.7 MB
[runlim] sample:		1749.8 time, 1750.1 real, 1081.5 MB
[runlim] sample:		1759.8 time, 1760.1 real, 1062.3 MB
[runlim] sample:		1769.8 time, 1770.1 real, 1072.8 MB
[runlim] sample:		1779.8 time, 1780.1 real, 1072.8 MB
[runlim] sample:		1789.8 time, 1790.1 real, 1301.7 MB
[runlim] sample:		1799.8 time, 1800.1 real, 1081.7 MB
[runlim] sample:		1809.8 time, 1810.1 real, 1069.4 MB
[runlim] sample:		1819.8 time, 1820.1 real, 1069.4 MB
[runlim] sample:		1829.8 time, 1830.1 real, 1294.2 MB
[runlim] sample:		1839.8 time, 1840.1 real, 1076.0 MB
[runlim] sample:		1849.8 time, 1850.1 real, 1091.1 MB
[runlim] sample:		1859.8 time, 1860.1 real, 1343.7 MB
[runlim] sample:		1869.8 time, 1870.1 real, 1103.9 MB
[runlim] sample:		1879.8 time, 1880.1 real, 1105.2 MB
[runlim] sample:		1889.8 time, 1890.1 real, 1117.8 MB
[runlim] sample:		1899.8 time, 1900.1 real, 1109.9 MB
[runlim] sample:		1909.8 time, 1910.1 real, 1109.9 MB
[runlim] sample:		1919.8 time, 1920.1 real, 1099.6 MB
[runlim] sample:		1929.8 time, 1930.1 real, 1088.2 MB
[runlim] sample:		1939.8 time, 1940.1 real, 1065.7 MB
[runlim] sample:		1949.8 time, 1950.1 real, 1065.7 MB
[runlim] sample:		1959.8 time, 1960.1 real, 1079.4 MB
[runlim] sample:		1969.8 time, 1970.1 real, 1280.0 MB
[runlim] sample:		1979.8 time, 1980.1 real, 1091.5 MB
[runlim] sample:		1989.8 time, 1990.1 real, 1082.8 MB
[runlim] sample:		1999.8 time, 2000.1 real, 1082.8 MB
[runlim] sample:		2009.8 time, 2010.1 real, 1113.1 MB
[runlim] sample:		2019.8 time, 2020.1 real, 1120.8 MB
[runlim] sample:		2029.8 time, 2030.1 real, 1120.8 MB
[runlim] sample:		2039.8 time, 2040.1 real, 1118.5 MB
[runlim] sample:		2049.8 time, 2050.1 real, 1118.5 MB
[runlim] sample:		2059.8 time, 2060.1 real, 1125.4 MB
[runlim] sample:		2069.8 time, 2070.1 real, 1125.4 MB
[runlim] sample:		2079.8 time, 2080.1 real, 1094.9 MB
[runlim] sample:		2089.8 time, 2090.1 real, 1085.1 MB
[runlim] sample:		2099.8 time, 2100.1 real, 1085.1 MB
[runlim] sample:		2109.8 time, 2110.1 real, 1092.2 MB
[runlim] sample:		2119.8 time, 2120.1 real, 1092.1 MB
[runlim] sample:		2129.8 time, 2130.1 real, 1095.6 MB
[runlim] sample:		2139.8 time, 2140.1 real, 1095.6 MB
[runlim] sample:		2149.8 time, 2150.1 real, 1122.5 MB
[runlim] sample:		2159.8 time, 2160.1 real, 1122.5 MB
[runlim] sample:		2169.8 time, 2170.1 real, 1122.5 MB
[runlim] sample:		2179.8 time, 2180.1 real, 1198.8 MB
[runlim] sample:		2189.8 time, 2190.1 real, 1125.3 MB
[runlim] sample:		2199.8 time, 2200.1 real, 1125.3 MB
[runlim] sample:		2209.8 time, 2210.1 real, 1115.2 MB
[runlim] sample:		2219.8 time, 2220.1 real, 1150.8 MB
[runlim] sample:		2229.8 time, 2230.1 real, 1088.3 MB
[runlim] sample:		2239.8 time, 2240.1 real, 1095.0 MB
[runlim] sample:		2249.8 time, 2250.1 real, 1095.0 MB
[runlim] sample:		2259.8 time, 2260.1 real, 1114.5 MB
[runlim] sample:		2269.8 time, 2270.1 real, 1086.6 MB
[runlim] sample:		2279.8 time, 2280.1 real, 1086.6 MB
[runlim] sample:		2289.8 time, 2290.1 real, 1120.7 MB
[runlim] sample:		2299.8 time, 2300.1 real, 1120.7 MB
[runlim] sample:		2309.8 time, 2310.1 real, 1135.3 MB
[runlim] sample:		2319.8 time, 2320.1 real, 1135.3 MB
[runlim] sample:		2329.8 time, 2330.1 real, 1138.8 MB
[runlim] sample:		2339.8 time, 2340.1 real, 1138.8 MB
[runlim] sample:		2349.8 time, 2350.1 real, 1168.5 MB
[runlim] sample:		2359.8 time, 2360.1 real, 1168.5 MB
[runlim] sample:		2369.8 time, 2370.1 real, 1102.4 MB
[runlim] sample:		2379.8 time, 2380.1 real, 1132.5 MB
[runlim] sample:		2389.8 time, 2390.1 real, 1113.9 MB
[runlim] sample:		2399.8 time, 2400.1 real, 1112.6 MB
[runlim] sample:		2409.8 time, 2410.1 real, 1112.6 MB
[runlim] sample:		2419.8 time, 2420.1 real, 1143.8 MB
[runlim] sample:		2429.8 time, 2430.1 real, 1144.0 MB
[runlim] sample:		2439.8 time, 2440.1 real, 1144.0 MB
[runlim] sample:		2449.8 time, 2450.1 real, 1144.0 MB
[runlim] sample:		2459.8 time, 2460.1 real, 1126.3 MB
[runlim] sample:		2469.8 time, 2470.1 real, 1126.3 MB
[runlim] sample:		2479.8 time, 2480.1 real, 1145.6 MB
[runlim] sample:		2489.8 time, 2490.1 real, 1415.2 MB
[runlim] sample:		2499.8 time, 2500.1 real, 1180.9 MB
[runlim] sample:		2509.8 time, 2510.1 real, 1144.6 MB
[runlim] sample:		2519.8 time, 2520.1 real, 1144.6 MB
[runlim] sample:		2529.8 time, 2530.1 real, 1144.1 MB
[runlim] sample:		2539.8 time, 2540.1 real, 1144.1 MB
[runlim] sample:		2549.8 time, 2550.1 real, 1148.7 MB
[runlim] sample:		2559.8 time, 2560.1 real, 1148.7 MB
[runlim] sample:		2569.8 time, 2570.1 real, 1160.2 MB
[runlim] sample:		2579.8 time, 2580.1 real, 1160.2 MB
[runlim] sample:		2589.8 time, 2590.1 real, 1160.2 MB
[runlim] sample:		2599.8 time, 2600.1 real, 1085.8 MB
[runlim] sample:		2609.8 time, 2610.1 real, 1085.8 MB
[runlim] sample:		2619.8 time, 2620.1 real, 1108.5 MB
[runlim] sample:		2629.8 time, 2630.1 real, 1108.5 MB
[runlim] sample:		2639.8 time, 2640.1 real, 1108.5 MB
[runlim] sample:		2649.8 time, 2650.1 real, 1144.6 MB
[runlim] sample:		2659.8 time, 2660.1 real, 1144.6 MB
[runlim] sample:		2669.8 time, 2670.1 real, 1192.3 MB
[runlim] sample:		2679.8 time, 2680.1 real, 1192.3 MB
[runlim] sample:		2689.8 time, 2690.1 real, 1187.4 MB
[runlim] sample:		2699.8 time, 2700.1 real, 1187.4 MB
[runlim] sample:		2709.8 time, 2710.1 real, 1384.2 MB
[runlim] sample:		2719.8 time, 2720.1 real, 1209.3 MB
[runlim] sample:		2729.8 time, 2730.1 real, 1209.3 MB
[runlim] sample:		2739.8 time, 2740.1 real, 1209.3 MB
[runlim] sample:		2749.8 time, 2750.1 real, 1227.3 MB
[runlim] sample:		2759.8 time, 2760.1 real, 1227.3 MB
[runlim] sample:		2769.8 time, 2770.1 real, 1206.6 MB
[runlim] sample:		2779.8 time, 2780.1 real, 1132.7 MB
[runlim] sample:		2789.8 time, 2790.1 real, 1132.7 MB
[runlim] sample:		2799.8 time, 2800.1 real, 1132.7 MB
[runlim] sample:		2809.8 time, 2810.1 real, 1135.5 MB
[runlim] sample:		2819.8 time, 2820.1 real, 1135.5 MB
[runlim] sample:		2829.8 time, 2830.1 real, 1135.5 MB
[runlim] sample:		2839.8 time, 2840.1 real, 1157.0 MB
[runlim] sample:		2849.8 time, 2850.1 real, 1233.7 MB
[runlim] sample:		2859.8 time, 2860.1 real, 1233.7 MB
[runlim] sample:		2869.8 time, 2870.1 real, 1233.7 MB
[runlim] sample:		2879.8 time, 2880.1 real, 1161.4 MB
[runlim] sample:		2889.8 time, 2890.1 real, 1161.4 MB
[runlim] sample:		2899.8 time, 2900.1 real, 1202.1 MB
[runlim] sample:		2909.8 time, 2910.1 real, 1154.0 MB
[runlim] sample:		2919.8 time, 2920.1 real, 1154.0 MB
[runlim] sample:		2929.8 time, 2930.1 real, 1187.0 MB
[runlim] sample:		2939.8 time, 2940.1 real, 1187.0 MB
[runlim] sample:		2949.8 time, 2950.1 real, 1187.0 MB
[runlim] sample:		2959.8 time, 2960.1 real, 1174.0 MB
[runlim] sample:		2969.8 time, 2970.1 real, 1174.0 MB
[runlim] sample:		2979.8 time, 2980.1 real, 1174.0 MB
[runlim] sample:		2989.8 time, 2990.1 real, 1174.0 MB
[runlim] sample:		2999.8 time, 3000.1 real, 1176.0 MB
[runlim] sample:		3009.8 time, 3010.1 real, 1170.2 MB
[runlim] sample:		3019.8 time, 3020.1 real, 1188.3 MB
[runlim] sample:		3029.8 time, 3030.1 real, 1188.3 MB
[runlim] sample:		3039.8 time, 3040.1 real, 1170.4 MB
[runlim] sample:		3049.8 time, 3050.1 real, 1170.4 MB
[runlim] sample:		3059.8 time, 3060.1 real, 1170.4 MB
[runlim] sample:		3069.8 time, 3070.1 real, 1131.9 MB
[runlim] sample:		3079.8 time, 3080.1 real, 1126.9 MB
[runlim] sample:		3089.8 time, 3090.1 real, 1126.9 MB
[runlim] sample:		3099.8 time, 3100.1 real, 1139.9 MB
[runlim] sample:		3109.8 time, 3110.1 real, 1139.9 MB
[runlim] sample:		3119.8 time, 3120.1 real, 1133.5 MB
[runlim] sample:		3129.8 time, 3130.1 real, 1133.5 MB
[runlim] sample:		3139.8 time, 3140.1 real, 1133.5 MB
[runlim] sample:		3149.8 time, 3150.1 real, 1133.5 MB
[runlim] sample:		3159.8 time, 3160.1 real, 1164.8 MB
[runlim] sample:		3169.8 time, 3170.1 real, 1174.3 MB
[runlim] sample:		3179.8 time, 3180.1 real, 1161.7 MB
c	Solving duration: 2080407 ms
c	Answer: 
s SAT (w = 35)
AB is set to 55
Node 37 : 350
Node 381 : 405
AB is set to 36
Node 127 : 296
Node 362 : 260
AB is set to 35
Node 209 : 225
Node 362 : 260
c	Solution check:
p calculated antibandwidth = 35.
c
c
c Antibandwidth problem with w = 36 ( M-bcsstk06.mtx.rnd ):
c Initializing CaDiCaL (version 1.2.1).
c	Configuring CaDiCaL as --sat (1).
c Initializing a DuplexNSC encoder with n = 420.
c Encoding starts with w = 36:
c	Labels and Vertices aux var: 32760
c	Labels and Vertices constraints:  428820
c	Obj k aux var: 309960
c	Obj k constraints: 6881160
c	Obj k glue staircase constraints: 5606040
c	Encoding duration: 1s
c	Number of clauses: 7330350
c	Number of irredundant clauses: 7328265
c	Number of variables: 539280
c SAT Solving starts:
[runlim] sample:		3189.8 time, 3190.1 real, 1023.8 MB
[runlim] sample:		3199.8 time, 3200.1 real, 1066.6 MB
[runlim] sample:		3209.8 time, 3210.1 real, 1027.6 MB
[runlim] sample:		3219.8 time, 3220.1 real, 1028.7 MB
[runlim] sample:		3229.8 time, 3230.1 real, 1029.3 MB
[runlim] sample:		3239.8 time, 3240.1 real, 1203.8 MB
[runlim] sample:		3249.8 time, 3250.1 real, 1028.6 MB
[runlim] sample:		3259.8 time, 3260.1 real, 1032.6 MB
[runlim] sample:		3269.8 time, 3270.1 real, 1074.2 MB
[runlim] sample:		3279.8 time, 3280.1 real, 1033.2 MB
[runlim] sample:		3289.8 time, 3290.1 real, 1035.0 MB
[runlim] sample:		3299.8 time, 3300.1 real, 1077.0 MB
[runlim] sample:		3309.8 time, 3310.1 real, 1037.4 MB
[runlim] sample:		3319.8 time, 3320.1 real, 1037.9 MB
[runlim] sample:		3329.8 time, 3330.1 real, 1033.5 MB
[runlim] sample:		3339.8 time, 3340.1 real, 1036.7 MB
[runlim] sample:		3349.8 time, 3350.1 real, 1037.8 MB
[runlim] sample:		3359.8 time, 3360.1 real, 1039.0 MB
[runlim] sample:		3369.8 time, 3370.1 real, 1047.6 MB
[runlim] sample:		3379.8 time, 3380.1 real, 1047.2 MB
[runlim] sample:		3389.8 time, 3390.1 real, 1047.2 MB
[runlim] sample:		3399.8 time, 3400.1 real, 1049.7 MB
[runlim] sample:		3409.8 time, 3410.1 real, 1048.2 MB
[runlim] sample:		3419.8 time, 3420.1 real, 1048.2 MB
[runlim] sample:		3429.8 time, 3430.1 real, 1055.3 MB
[runlim] sample:		3439.8 time, 3440.1 real, 1050.8 MB
[runlim] sample:		3449.7 time, 3450.1 real, 1048.9 MB
[runlim] sample:		3459.8 time, 3460.1 real, 1046.6 MB
[runlim] sample:		3469.8 time, 3470.1 real, 1046.6 MB
[runlim] sample:		3479.8 time, 3480.1 real, 1048.3 MB
[runlim] sample:		3489.8 time, 3490.1 real, 1056.8 MB
[runlim] sample:		3499.7 time, 3500.1 real, 1044.6 MB
[runlim] sample:		3509.7 time, 3510.1 real, 1049.8 MB
[runlim] sample:		3519.7 time, 3520.1 real, 1063.0 MB
[runlim] sample:		3529.7 time, 3530.1 real, 1071.0 MB
[runlim] sample:		3539.7 time, 3540.1 real, 1058.8 MB
[runlim] sample:		3549.7 time, 3550.1 real, 1058.8 MB
[runlim] sample:		3559.7 time, 3560.1 real, 1072.4 MB
[runlim] sample:		3569.7 time, 3570.1 real, 1066.1 MB
[runlim] sample:		3579.7 time, 3580.1 real, 1066.0 MB
[runlim] sample:		3589.7 time, 3590.1 real, 1060.7 MB
[runlim] sample:		3599.7 time, 3600.1 real, 1257.6 MB
c Signal interruption.
[runlim] end:			Mon Sep  9 07:55:08 2024
[runlim] status:		out of time
[runlim] result:		2
[runlim] children:		0
[runlim] real:			3600.10 seconds
[runlim] time:			3599.74 seconds
[runlim] space:			1614.6 MB
[runlim] samples:		36000
