[runlim] version:		1.10
[runlim] time limit:		3600 seconds
[runlim] real time limit:	3600 seconds
[runlim] space limit:		30000 MB
[runlim] argv[0]:		/home/truongxuanhieu/AntiBandwidthReconstruct/build/abw_enc_symbreak_first_node_hybrid_NSC_binomial
[runlim] argv[1]:		/home/truongxuanhieu/AntiBandwidthReconstruct/build/Benchmarks/S-sherman4.mtx.rnd
[runlim] argv[2]:		--duplexNSC
[runlim] argv[3]:		-split-size
[runlim] argv[4]:		10
[runlim] start:			Fri Aug 30 09:24:33 2024
[runlim] main pid:		8172
[runlim] log captured:
c DuplexEncoder 0.8.
c Splitting clauses at length 10.
c Solving strategy: from LB to UB.
c LB-w = 256 (LB in Sinnl - A note on computational approaches for the antibandwidth problem).
c UB-w = 272 (UB in Sinnl - A note on computational approaches for the antibandwidth problem).
c Antibandwidth problem with w = 256 ( S-sherman4.mtx.rnd ):
c Initializing CaDiCaL (version 1.2.1).
c	Configuring CaDiCaL as --sat (1).
c Initializing a DuplexNSC encoder with n = 546.
c Encoding starts with w = 256:
c	Labels and Vertices aux var: 49140
c	Labels and Vertices constraints:  670488
c	Obj k aux var: 315042
c	Obj k constraints: 3074034
c	Obj k glue staircase constraints: 1552878
c	Encoding duration: 1s
c	Number of clauses: 3790659
c	Number of irredundant clauses: 3788976
c	Number of variables: 708162
c SAT Solving starts:
[runlim] sample:		10.0 time, 10.9 real, 684.4 MB
[runlim] sample:		20.0 time, 20.9 real, 684.3 MB
[runlim] sample:		30.0 time, 30.9 real, 696.6 MB
[runlim] sample:		40.0 time, 40.9 real, 772.4 MB
[runlim] sample:		50.0 time, 50.9 real, 697.0 MB
[runlim] sample:		60.0 time, 60.9 real, 701.8 MB
[runlim] sample:		70.0 time, 70.9 real, 705.9 MB
[runlim] sample:		80.0 time, 80.9 real, 805.2 MB
[runlim] sample:		90.0 time, 90.9 real, 705.3 MB
[runlim] sample:		100.0 time, 100.9 real, 809.1 MB
[runlim] sample:		110.0 time, 110.9 real, 655.2 MB
[runlim] sample:		120.0 time, 120.9 real, 713.1 MB
[runlim] sample:		130.0 time, 130.9 real, 718.0 MB
[runlim] sample:		140.0 time, 140.9 real, 717.9 MB
[runlim] sample:		150.0 time, 150.9 real, 649.4 MB
[runlim] sample:		160.0 time, 160.9 real, 662.4 MB
[runlim] sample:		170.0 time, 170.9 real, 664.4 MB
[runlim] sample:		180.0 time, 180.9 real, 660.1 MB
[runlim] sample:		190.0 time, 190.9 real, 683.5 MB
[runlim] sample:		200.0 time, 200.9 real, 687.5 MB
[runlim] sample:		210.0 time, 210.9 real, 717.2 MB
[runlim] sample:		220.0 time, 220.9 real, 718.7 MB
[runlim] sample:		230.0 time, 230.9 real, 718.7 MB
[runlim] sample:		239.9 time, 240.9 real, 750.8 MB
[runlim] sample:		249.9 time, 250.9 real, 826.2 MB
[runlim] sample:		259.9 time, 260.9 real, 725.8 MB
[runlim] sample:		269.9 time, 270.9 real, 727.0 MB
[runlim] sample:		279.9 time, 280.9 real, 756.8 MB
[runlim] sample:		289.9 time, 290.9 real, 764.9 MB
[runlim] sample:		299.9 time, 300.9 real, 734.3 MB
[runlim] sample:		309.9 time, 310.9 real, 764.1 MB
[runlim] sample:		319.9 time, 320.9 real, 878.3 MB
[runlim] sample:		329.9 time, 330.9 real, 822.3 MB
[runlim] sample:		339.9 time, 340.9 real, 840.4 MB
[runlim] sample:		349.9 time, 350.9 real, 855.7 MB
[runlim] sample:		359.9 time, 360.9 real, 856.7 MB
[runlim] sample:		369.9 time, 370.9 real, 860.7 MB
[runlim] sample:		379.9 time, 380.9 real, 862.7 MB
[runlim] sample:		389.9 time, 390.9 real, 869.0 MB
[runlim] sample:		399.9 time, 400.9 real, 879.3 MB
[runlim] sample:		409.9 time, 410.9 real, 846.2 MB
[runlim] sample:		419.9 time, 420.9 real, 894.6 MB
[runlim] sample:		429.9 time, 430.9 real, 894.6 MB
[runlim] sample:		439.9 time, 440.9 real, 892.1 MB
[runlim] sample:		449.9 time, 450.9 real, 905.3 MB
[runlim] sample:		459.9 time, 460.9 real, 908.3 MB
[runlim] sample:		469.9 time, 470.9 real, 908.3 MB
[runlim] sample:		479.9 time, 480.9 real, 908.3 MB
[runlim] sample:		489.9 time, 490.9 real, 893.5 MB
[runlim] sample:		499.9 time, 500.9 real, 902.0 MB
[runlim] sample:		509.9 time, 510.9 real, 899.6 MB
[runlim] sample:		519.9 time, 520.9 real, 899.6 MB
[runlim] sample:		529.9 time, 530.9 real, 899.6 MB
[runlim] sample:		539.9 time, 540.9 real, 912.3 MB
[runlim] sample:		549.9 time, 550.9 real, 891.0 MB
[runlim] sample:		559.9 time, 560.9 real, 905.6 MB
[runlim] sample:		569.9 time, 570.9 real, 905.6 MB
[runlim] sample:		579.9 time, 580.9 real, 903.0 MB
[runlim] sample:		589.9 time, 590.9 real, 903.0 MB
[runlim] sample:		599.9 time, 600.9 real, 908.4 MB
[runlim] sample:		609.9 time, 610.9 real, 908.2 MB
[runlim] sample:		619.9 time, 620.9 real, 908.2 MB
[runlim] sample:		629.9 time, 630.9 real, 890.7 MB
[runlim] sample:		639.9 time, 640.9 real, 902.9 MB
[runlim] sample:		649.9 time, 650.9 real, 902.9 MB
[runlim] sample:		659.9 time, 660.9 real, 916.3 MB
[runlim] sample:		669.9 time, 670.9 real, 916.3 MB
[runlim] sample:		679.9 time, 680.9 real, 916.3 MB
[runlim] sample:		689.9 time, 690.9 real, 940.3 MB
[runlim] sample:		699.9 time, 700.9 real, 916.9 MB
[runlim] sample:		709.9 time, 710.9 real, 916.9 MB
[runlim] sample:		719.9 time, 720.9 real, 918.7 MB
[runlim] sample:		729.9 time, 730.9 real, 918.7 MB
[runlim] sample:		739.9 time, 740.9 real, 922.0 MB
[runlim] sample:		749.9 time, 750.9 real, 922.0 MB
[runlim] sample:		759.9 time, 760.9 real, 922.0 MB
[runlim] sample:		769.9 time, 770.9 real, 905.2 MB
[runlim] sample:		779.9 time, 780.9 real, 905.2 MB
[runlim] sample:		789.9 time, 790.9 real, 918.0 MB
[runlim] sample:		799.9 time, 800.9 real, 918.0 MB
[runlim] sample:		809.9 time, 810.9 real, 912.3 MB
[runlim] sample:		819.9 time, 820.9 real, 912.3 MB
[runlim] sample:		829.9 time, 830.9 real, 903.1 MB
[runlim] sample:		839.9 time, 840.9 real, 903.1 MB
[runlim] sample:		849.9 time, 850.9 real, 902.5 MB
[runlim] sample:		859.9 time, 860.9 real, 905.1 MB
[runlim] sample:		869.9 time, 870.9 real, 905.1 MB
[runlim] sample:		879.9 time, 880.9 real, 905.1 MB
[runlim] sample:		889.9 time, 890.9 real, 910.1 MB
[runlim] sample:		899.9 time, 900.9 real, 910.1 MB
[runlim] sample:		909.9 time, 910.9 real, 943.4 MB
[runlim] sample:		919.9 time, 920.9 real, 925.1 MB
[runlim] sample:		929.9 time, 930.9 real, 925.1 MB
[runlim] sample:		939.9 time, 940.9 real, 928.1 MB
[runlim] sample:		949.9 time, 950.9 real, 928.1 MB
[runlim] sample:		959.9 time, 960.9 real, 928.1 MB
[runlim] sample:		969.9 time, 970.9 real, 915.7 MB
[runlim] sample:		979.9 time, 980.9 real, 900.0 MB
[runlim] sample:		989.9 time, 990.9 real, 900.0 MB
[runlim] sample:		999.9 time, 1000.9 real, 911.6 MB
[runlim] sample:		1009.9 time, 1010.9 real, 911.6 MB
[runlim] sample:		1019.9 time, 1020.9 real, 911.6 MB
[runlim] sample:		1029.9 time, 1030.9 real, 911.6 MB
[runlim] sample:		1039.9 time, 1040.9 real, 911.5 MB
[runlim] sample:		1049.9 time, 1050.9 real, 913.5 MB
[runlim] sample:		1059.9 time, 1060.9 real, 913.5 MB
[runlim] sample:		1069.9 time, 1070.9 real, 913.5 MB
[runlim] sample:		1079.9 time, 1080.9 real, 923.8 MB
[runlim] sample:		1089.9 time, 1090.9 real, 923.8 MB
[runlim] sample:		1099.9 time, 1100.9 real, 923.8 MB
[runlim] sample:		1109.9 time, 1110.9 real, 925.2 MB
[runlim] sample:		1119.9 time, 1120.9 real, 925.2 MB
[runlim] sample:		1129.9 time, 1130.9 real, 910.8 MB
[runlim] sample:		1139.9 time, 1140.9 real, 900.0 MB
[runlim] sample:		1149.9 time, 1150.9 real, 900.0 MB
[runlim] sample:		1159.9 time, 1160.9 real, 900.0 MB
[runlim] sample:		1169.9 time, 1170.9 real, 903.2 MB
[runlim] sample:		1179.9 time, 1180.9 real, 903.2 MB
[runlim] sample:		1189.9 time, 1190.9 real, 914.4 MB
[runlim] sample:		1199.9 time, 1200.9 real, 899.4 MB
[runlim] sample:		1209.9 time, 1210.9 real, 899.4 MB
[runlim] sample:		1219.9 time, 1220.9 real, 899.4 MB
[runlim] sample:		1229.9 time, 1230.9 real, 904.4 MB
[runlim] sample:		1239.9 time, 1240.9 real, 904.4 MB
[runlim] sample:		1249.9 time, 1250.9 real, 912.6 MB
[runlim] sample:		1259.9 time, 1260.9 real, 912.6 MB
[runlim] sample:		1269.9 time, 1270.9 real, 926.2 MB
[runlim] sample:		1279.9 time, 1280.9 real, 926.2 MB
[runlim] sample:		1289.9 time, 1290.9 real, 926.2 MB
[runlim] sample:		1299.9 time, 1300.9 real, 915.1 MB
[runlim] sample:		1309.9 time, 1310.9 real, 915.1 MB
[runlim] sample:		1319.9 time, 1320.9 real, 917.1 MB
[runlim] sample:		1329.9 time, 1330.9 real, 917.1 MB
[runlim] sample:		1339.9 time, 1340.9 real, 917.1 MB
[runlim] sample:		1349.9 time, 1350.9 real, 938.8 MB
[runlim] sample:		1359.9 time, 1360.9 real, 938.8 MB
[runlim] sample:		1369.9 time, 1370.9 real, 977.0 MB
[runlim] sample:		1379.9 time, 1380.9 real, 977.0 MB
[runlim] sample:		1389.9 time, 1390.9 real, 977.0 MB
[runlim] sample:		1399.9 time, 1400.9 real, 922.3 MB
[runlim] sample:		1409.9 time, 1410.9 real, 922.3 MB
[runlim] sample:		1419.9 time, 1420.9 real, 922.3 MB
[runlim] sample:		1429.9 time, 1430.9 real, 922.3 MB
[runlim] sample:		1439.9 time, 1440.9 real, 930.9 MB
[runlim] sample:		1449.9 time, 1450.9 real, 930.9 MB
[runlim] sample:		1459.9 time, 1460.9 real, 932.2 MB
[runlim] sample:		1469.9 time, 1470.9 real, 932.2 MB
[runlim] sample:		1479.9 time, 1480.9 real, 932.2 MB
[runlim] sample:		1489.9 time, 1490.9 real, 932.2 MB
[runlim] sample:		1499.9 time, 1500.9 real, 937.4 MB
[runlim] sample:		1509.9 time, 1510.9 real, 962.3 MB
[runlim] sample:		1519.9 time, 1520.9 real, 962.3 MB
[runlim] sample:		1529.9 time, 1530.9 real, 962.3 MB
[runlim] sample:		1539.9 time, 1540.9 real, 1195.2 MB
[runlim] sample:		1549.9 time, 1550.9 real, 953.4 MB
[runlim] sample:		1559.9 time, 1560.9 real, 953.4 MB
[runlim] sample:		1569.9 time, 1570.9 real, 951.3 MB
[runlim] sample:		1579.9 time, 1580.9 real, 951.3 MB
[runlim] sample:		1589.9 time, 1590.9 real, 951.3 MB
[runlim] sample:		1599.9 time, 1600.9 real, 951.3 MB
[runlim] sample:		1609.9 time, 1610.9 real, 951.3 MB
[runlim] sample:		1619.9 time, 1620.9 real, 1193.4 MB
[runlim] sample:		1629.9 time, 1630.9 real, 962.7 MB
[runlim] sample:		1639.9 time, 1640.9 real, 962.7 MB
[runlim] sample:		1649.9 time, 1650.9 real, 962.7 MB
[runlim] sample:		1659.9 time, 1660.9 real, 962.7 MB
[runlim] sample:		1669.9 time, 1670.9 real, 953.5 MB
[runlim] sample:		1679.9 time, 1680.9 real, 953.5 MB
[runlim] sample:		1689.9 time, 1690.9 real, 934.8 MB
[runlim] sample:		1699.9 time, 1700.9 real, 934.8 MB
[runlim] sample:		1709.9 time, 1710.9 real, 934.8 MB
[runlim] sample:		1719.9 time, 1720.9 real, 934.8 MB
[runlim] sample:		1729.9 time, 1730.9 real, 934.8 MB
[runlim] sample:		1739.9 time, 1740.9 real, 916.9 MB
[runlim] sample:		1749.9 time, 1750.9 real, 916.9 MB
[runlim] sample:		1759.9 time, 1760.9 real, 922.4 MB
[runlim] sample:		1769.9 time, 1770.9 real, 922.4 MB
[runlim] sample:		1779.9 time, 1780.9 real, 922.4 MB
[runlim] sample:		1789.9 time, 1790.9 real, 957.2 MB
[runlim] sample:		1799.9 time, 1800.9 real, 957.2 MB
[runlim] sample:		1809.9 time, 1810.9 real, 957.2 MB
[runlim] sample:		1819.9 time, 1820.9 real, 959.2 MB
[runlim] sample:		1829.9 time, 1830.9 real, 929.1 MB
[runlim] sample:		1839.9 time, 1840.9 real, 929.1 MB
[runlim] sample:		1849.9 time, 1850.9 real, 929.1 MB
[runlim] sample:		1859.9 time, 1860.9 real, 934.1 MB
[runlim] sample:		1869.9 time, 1870.9 real, 934.1 MB
[runlim] sample:		1879.9 time, 1880.9 real, 934.1 MB
[runlim] sample:		1889.9 time, 1890.9 real, 938.8 MB
[runlim] sample:		1899.9 time, 1900.9 real, 938.8 MB
[runlim] sample:		1909.9 time, 1910.9 real, 938.8 MB
[runlim] sample:		1919.9 time, 1920.9 real, 940.8 MB
[runlim] sample:		1929.9 time, 1930.9 real, 940.8 MB
[runlim] sample:		1939.9 time, 1940.9 real, 934.4 MB
[runlim] sample:		1949.9 time, 1950.9 real, 934.4 MB
[runlim] sample:		1959.9 time, 1960.9 real, 931.8 MB
[runlim] sample:		1969.9 time, 1970.9 real, 931.8 MB
[runlim] sample:		1979.9 time, 1980.9 real, 931.8 MB
[runlim] sample:		1989.9 time, 1990.9 real, 931.8 MB
[runlim] sample:		1999.9 time, 2000.9 real, 946.3 MB
[runlim] sample:		2009.9 time, 2010.9 real, 946.3 MB
[runlim] sample:		2019.9 time, 2020.9 real, 946.3 MB
[runlim] sample:		2029.9 time, 2030.9 real, 946.3 MB
[runlim] sample:		2039.9 time, 2040.9 real, 948.3 MB
[runlim] sample:		2049.8 time, 2050.9 real, 904.4 MB
[runlim] sample:		2059.9 time, 2060.9 real, 997.8 MB
[runlim] sample:		2069.8 time, 2070.9 real, 908.3 MB
[runlim] sample:		2079.8 time, 2080.9 real, 904.4 MB
[runlim] sample:		2089.8 time, 2090.9 real, 904.4 MB
[runlim] sample:		2099.8 time, 2100.9 real, 904.4 MB
[runlim] sample:		2109.8 time, 2110.9 real, 906.5 MB
[runlim] sample:		2119.8 time, 2120.9 real, 906.5 MB
[runlim] sample:		2129.8 time, 2130.9 real, 913.2 MB
[runlim] sample:		2139.8 time, 2140.9 real, 913.2 MB
[runlim] sample:		2149.8 time, 2150.9 real, 913.2 MB
[runlim] sample:		2159.8 time, 2160.9 real, 913.2 MB
[runlim] sample:		2169.8 time, 2170.9 real, 946.1 MB
[runlim] sample:		2179.8 time, 2180.9 real, 946.1 MB
[runlim] sample:		2189.8 time, 2190.9 real, 946.1 MB
[runlim] sample:		2199.8 time, 2200.9 real, 946.1 MB
[runlim] sample:		2209.8 time, 2210.9 real, 927.2 MB
[runlim] sample:		2219.8 time, 2220.9 real, 927.2 MB
[runlim] sample:		2229.8 time, 2230.9 real, 927.2 MB
[runlim] sample:		2239.8 time, 2240.9 real, 960.9 MB
[runlim] sample:		2249.8 time, 2250.9 real, 960.9 MB
[runlim] sample:		2259.8 time, 2260.9 real, 940.9 MB
[runlim] sample:		2269.8 time, 2270.9 real, 940.9 MB
[runlim] sample:		2279.8 time, 2280.9 real, 940.9 MB
[runlim] sample:		2289.8 time, 2290.9 real, 940.9 MB
[runlim] sample:		2299.8 time, 2300.9 real, 941.4 MB
[runlim] sample:		2309.8 time, 2310.9 real, 941.4 MB
[runlim] sample:		2319.8 time, 2320.9 real, 941.4 MB
[runlim] sample:		2329.8 time, 2330.9 real, 943.6 MB
[runlim] sample:		2339.8 time, 2340.9 real, 943.6 MB
[runlim] sample:		2349.8 time, 2350.9 real, 929.3 MB
[runlim] sample:		2359.8 time, 2360.9 real, 929.3 MB
[runlim] sample:		2369.8 time, 2370.9 real, 929.3 MB
[runlim] sample:		2379.8 time, 2380.9 real, 929.3 MB
[runlim] sample:		2389.8 time, 2390.9 real, 919.6 MB
[runlim] sample:		2399.8 time, 2400.9 real, 919.6 MB
[runlim] sample:		2409.8 time, 2410.9 real, 1139.8 MB
[runlim] sample:		2419.8 time, 2420.9 real, 935.7 MB
[runlim] sample:		2429.8 time, 2430.9 real, 935.7 MB
[runlim] sample:		2439.8 time, 2440.9 real, 935.7 MB
[runlim] sample:		2449.8 time, 2450.9 real, 943.7 MB
[runlim] sample:		2459.8 time, 2460.9 real, 943.7 MB
[runlim] sample:		2469.8 time, 2470.9 real, 943.7 MB
[runlim] sample:		2479.8 time, 2480.9 real, 943.7 MB
[runlim] sample:		2489.8 time, 2490.9 real, 943.7 MB
[runlim] sample:		2499.8 time, 2500.9 real, 973.0 MB
[runlim] sample:		2509.8 time, 2510.9 real, 973.0 MB
[runlim] sample:		2519.8 time, 2520.9 real, 973.0 MB
[runlim] sample:		2529.8 time, 2530.9 real, 973.0 MB
[runlim] sample:		2539.8 time, 2540.9 real, 973.0 MB
[runlim] sample:		2549.8 time, 2550.9 real, 973.0 MB
[runlim] sample:		2559.8 time, 2560.9 real, 962.4 MB
[runlim] sample:		2569.8 time, 2570.9 real, 962.4 MB
[runlim] sample:		2579.8 time, 2580.9 real, 962.4 MB
[runlim] sample:		2589.8 time, 2590.9 real, 962.4 MB
[runlim] sample:		2599.8 time, 2600.9 real, 1016.8 MB
[runlim] sample:		2609.8 time, 2610.9 real, 1016.8 MB
[runlim] sample:		2619.8 time, 2620.9 real, 1016.8 MB
[runlim] sample:		2629.8 time, 2630.9 real, 1016.8 MB
[runlim] sample:		2639.8 time, 2640.9 real, 1016.8 MB
[runlim] sample:		2649.8 time, 2650.9 real, 978.0 MB
[runlim] sample:		2659.8 time, 2660.9 real, 978.0 MB
[runlim] sample:		2669.8 time, 2670.9 real, 978.0 MB
[runlim] sample:		2679.8 time, 2680.9 real, 978.0 MB
[runlim] sample:		2689.8 time, 2690.9 real, 978.0 MB
[runlim] sample:		2699.8 time, 2700.9 real, 978.0 MB
[runlim] sample:		2709.8 time, 2710.9 real, 966.7 MB
[runlim] sample:		2719.8 time, 2720.9 real, 966.7 MB
[runlim] sample:		2729.8 time, 2730.9 real, 966.7 MB
[runlim] sample:		2739.8 time, 2740.9 real, 966.7 MB
[runlim] sample:		2749.8 time, 2750.9 real, 949.8 MB
[runlim] sample:		2759.8 time, 2760.9 real, 949.8 MB
[runlim] sample:		2769.8 time, 2770.9 real, 949.8 MB
[runlim] sample:		2779.8 time, 2780.9 real, 949.8 MB
[runlim] sample:		2789.8 time, 2790.9 real, 949.8 MB
[runlim] sample:		2799.8 time, 2800.9 real, 1083.3 MB
[runlim] sample:		2809.8 time, 2810.9 real, 951.2 MB
[runlim] sample:		2819.8 time, 2820.9 real, 951.2 MB
[runlim] sample:		2829.8 time, 2830.9 real, 953.2 MB
[runlim] sample:		2839.8 time, 2840.9 real, 953.2 MB
[runlim] sample:		2849.8 time, 2850.9 real, 953.5 MB
[runlim] sample:		2859.8 time, 2860.9 real, 953.5 MB
[runlim] sample:		2869.8 time, 2870.9 real, 953.5 MB
[runlim] sample:		2879.8 time, 2880.9 real, 942.0 MB
[runlim] sample:		2889.8 time, 2890.9 real, 942.0 MB
[runlim] sample:		2899.8 time, 2900.9 real, 942.0 MB
[runlim] sample:		2909.8 time, 2910.9 real, 942.0 MB
[runlim] sample:		2919.8 time, 2920.9 real, 942.0 MB
[runlim] sample:		2929.8 time, 2930.9 real, 942.2 MB
[runlim] sample:		2939.8 time, 2940.9 real, 944.2 MB
[runlim] sample:		2949.8 time, 2950.9 real, 944.2 MB
[runlim] sample:		2959.8 time, 2960.9 real, 927.3 MB
[runlim] sample:		2969.8 time, 2970.9 real, 929.3 MB
[runlim] sample:		2979.8 time, 2980.9 real, 929.3 MB
[runlim] sample:		2989.8 time, 2990.9 real, 929.3 MB
[runlim] sample:		2999.8 time, 3000.9 real, 932.0 MB
[runlim] sample:		3009.8 time, 3010.9 real, 932.0 MB
[runlim] sample:		3019.8 time, 3020.9 real, 932.0 MB
[runlim] sample:		3029.8 time, 3030.9 real, 932.0 MB
[runlim] sample:		3039.8 time, 3040.9 real, 935.4 MB
[runlim] sample:		3049.8 time, 3050.9 real, 935.4 MB
[runlim] sample:		3059.8 time, 3060.9 real, 937.4 MB
[runlim] sample:		3069.8 time, 3070.9 real, 937.4 MB
[runlim] sample:		3079.8 time, 3080.9 real, 965.5 MB
[runlim] sample:		3089.8 time, 3090.9 real, 965.5 MB
[runlim] sample:		3099.8 time, 3100.9 real, 965.5 MB
[runlim] sample:		3109.8 time, 3110.9 real, 965.5 MB
[runlim] sample:		3119.8 time, 3120.9 real, 965.5 MB
[runlim] sample:		3129.8 time, 3130.9 real, 965.8 MB
[runlim] sample:		3139.8 time, 3140.9 real, 965.8 MB
[runlim] sample:		3149.8 time, 3150.9 real, 965.8 MB
[runlim] sample:		3159.8 time, 3160.9 real, 965.8 MB
[runlim] sample:		3169.8 time, 3170.9 real, 965.8 MB
[runlim] sample:		3179.8 time, 3180.9 real, 965.8 MB
[runlim] sample:		3189.8 time, 3190.9 real, 965.8 MB
[runlim] sample:		3199.8 time, 3200.9 real, 962.3 MB
[runlim] sample:		3209.8 time, 3210.9 real, 964.3 MB
[runlim] sample:		3219.8 time, 3220.9 real, 964.3 MB
[runlim] sample:		3229.8 time, 3230.9 real, 964.3 MB
[runlim] sample:		3239.8 time, 3240.9 real, 964.3 MB
[runlim] sample:		3249.8 time, 3250.9 real, 964.3 MB
[runlim] sample:		3259.8 time, 3260.9 real, 964.0 MB
[runlim] sample:		3269.8 time, 3270.9 real, 966.0 MB
[runlim] sample:		3279.8 time, 3280.9 real, 966.0 MB
[runlim] sample:		3289.8 time, 3290.9 real, 966.0 MB
[runlim] sample:		3299.8 time, 3300.9 real, 966.0 MB
[runlim] sample:		3309.8 time, 3310.9 real, 948.5 MB
[runlim] sample:		3319.8 time, 3320.9 real, 948.5 MB
[runlim] sample:		3329.8 time, 3330.9 real, 950.5 MB
[runlim] sample:		3339.8 time, 3340.9 real, 950.5 MB
[runlim] sample:		3349.8 time, 3350.9 real, 950.5 MB
[runlim] sample:		3359.8 time, 3360.9 real, 950.5 MB
[runlim] sample:		3369.8 time, 3370.9 real, 950.5 MB
[runlim] sample:		3379.8 time, 3380.9 real, 950.5 MB
[runlim] sample:		3389.8 time, 3390.9 real, 959.7 MB
[runlim] sample:		3399.8 time, 3400.9 real, 959.7 MB
[runlim] sample:		3409.8 time, 3410.9 real, 959.7 MB
[runlim] sample:		3419.8 time, 3420.9 real, 959.7 MB
[runlim] sample:		3429.8 time, 3430.9 real, 963.1 MB
[runlim] sample:		3439.8 time, 3440.9 real, 963.1 MB
[runlim] sample:		3449.8 time, 3450.9 real, 963.1 MB
[runlim] sample:		3459.8 time, 3460.9 real, 963.1 MB
[runlim] sample:		3469.8 time, 3470.9 real, 963.1 MB
[runlim] sample:		3479.8 time, 3480.9 real, 963.1 MB
[runlim] sample:		3489.8 time, 3490.9 real, 963.1 MB
[runlim] sample:		3499.8 time, 3500.9 real, 963.1 MB
[runlim] sample:		3509.8 time, 3510.9 real, 1160.6 MB
[runlim] sample:		3519.8 time, 3520.9 real, 1160.6 MB
[runlim] sample:		3529.8 time, 3530.9 real, 1160.6 MB
[runlim] sample:		3539.8 time, 3540.9 real, 1160.6 MB
[runlim] sample:		3549.8 time, 3550.9 real, 1160.6 MB
[runlim] sample:		3559.8 time, 3560.9 real, 1160.6 MB
[runlim] sample:		3569.8 time, 3570.9 real, 1160.6 MB
[runlim] sample:		3579.8 time, 3580.9 real, 1160.6 MB
[runlim] sample:		3589.8 time, 3590.9 real, 1014.2 MB
c Signal interruption.
[runlim] end:			Fri Aug 30 10:24:33 2024
[runlim] status:		out of time
[runlim] result:		2
[runlim] children:		0
[runlim] real:			3600.05 seconds
[runlim] time:			3598.89 seconds
[runlim] space:			1461.8 MB
[runlim] samples:		35991
