[runlim] version:		1.10
[runlim] time limit:		3600 seconds
[runlim] real time limit:	3600 seconds
[runlim] space limit:		30000 MB
[runlim] argv[0]:		/home/truongxuanhieu/AntiBandwidthReconstruct/build/abw_enc_symbreak_max_node_hybrid_NSC_binomial
[runlim] argv[1]:		/home/truongxuanhieu/AntiBandwidthReconstruct/build/BenchmarksAdd/M-bcsstk06.mtx.rnd
[runlim] argv[2]:		--duplexNSC
[runlim] start:			Thu Aug 29 07:46:43 2024
[runlim] main pid:		5478
[runlim] log captured:
c DuplexEncoder 0.8.
c Solving strategy: from LB to UB.
c LB-w = 28 (LB in Sinnl - A note on computational approaches for the antibandwidth problem).
c UB-w = 72 (UB in Sinnl - A note on computational approaches for the antibandwidth problem).
c Antibandwidth problem with w = 28 ( M-bcsstk06.mtx.rnd ):
c Initializing CaDiCaL (version 1.2.1).
c	Configuring CaDiCaL as --sat (1).
c Initializing a DuplexNSC encoder with n = 420.
c Encoding starts with w = 28:
c	Labels and Vertices aux var: 32760
c	Labels and Vertices constraints:  445200
c	Obj k aux var: 312060
c	Obj k constraints: 6961860
c	Obj k glue staircase constraints: 5680440
c	Encoding duration: 2s
c	Number of clauses: 7407270
c	Number of irredundant clauses: 7404491
c	Number of variables: 521220
c SAT Solving starts:
[runlim] sample:		10.0 time, 10.2 real, 957.8 MB
c	Solving duration: 10141 ms
c	Answer: 
s SAT (w = 28)
AB is set to 366
Node 37 : 400
Node 381 : 34
AB is set to 112
Node 37 : 400
Node 362 : 288
AB is set to 35
Node 127 : 344
Node 245 : 309
AB is set to 28
Node 127 : 344
Node 135 : 316
c	Solution check:
p calculated antibandwidth = 28.
c
c
c Antibandwidth problem with w = 29 ( M-bcsstk06.mtx.rnd ):
c Initializing CaDiCaL (version 1.2.1).
c	Configuring CaDiCaL as --sat (1).
c Initializing a DuplexNSC encoder with n = 420.
c Encoding starts with w = 29:
c	Labels and Vertices aux var: 32760
c	Labels and Vertices constraints:  445200
c	Obj k aux var: 312060
c	Obj k constraints: 6963600
c	Obj k glue staircase constraints: 5676720
c	Encoding duration: 2s
c	Number of clauses: 7409010
c	Number of irredundant clauses: 7406215
c	Number of variables: 521220
c SAT Solving starts:
[runlim] sample:		20.0 time, 20.2 real, 974.1 MB
[runlim] sample:		30.0 time, 30.2 real, 973.8 MB
[runlim] sample:		40.0 time, 40.2 real, 985.8 MB
[runlim] sample:		50.0 time, 50.2 real, 981.4 MB
[runlim] sample:		60.0 time, 60.2 real, 975.0 MB
[runlim] sample:		70.0 time, 70.2 real, 981.5 MB
[runlim] sample:		80.0 time, 80.2 real, 990.3 MB
[runlim] sample:		90.0 time, 90.2 real, 980.6 MB
[runlim] sample:		100.0 time, 100.2 real, 1007.6 MB
[runlim] sample:		110.0 time, 110.2 real, 1043.2 MB
c	Solving duration: 95683 ms
c	Answer: 
s SAT (w = 29)
AB is set to 88
Node 37 : 391
Node 381 : 303
AB is set to 58
Node 127 : 195
Node 209 : 137
AB is set to 29
Node 127 : 195
Node 264 : 166
c	Solution check:
p calculated antibandwidth = 29.
c
c
c Antibandwidth problem with w = 30 ( M-bcsstk06.mtx.rnd ):
c Initializing CaDiCaL (version 1.2.1).
c	Configuring CaDiCaL as --sat (1).
c Initializing a DuplexNSC encoder with n = 420.
c Encoding starts with w = 30:
c	Labels and Vertices aux var: 32760
c	Labels and Vertices constraints:  439320
c	Obj k aux var: 311640
c	Obj k constraints: 6940740
c	Obj k glue staircase constraints: 5661840
c	Encoding duration: 2s
c	Number of clauses: 7380270
c	Number of irredundant clauses: 7377604
c	Number of variables: 520800
c SAT Solving starts:
[runlim] sample:		120.0 time, 120.2 real, 935.4 MB
[runlim] sample:		130.0 time, 130.2 real, 987.2 MB
[runlim] sample:		140.0 time, 140.2 real, 979.7 MB
c	Solving duration: 27952 ms
c	Answer: 
s SAT (w = 30)
AB is set to 258
Node 37 : 99
Node 381 : 357
AB is set to 74
Node 37 : 99
Node 362 : 173
AB is set to 63
Node 127 : 294
Node 381 : 357
AB is set to 31
Node 127 : 294
Node 209 : 263
AB is set to 30
Node 127 : 294
Node 187 : 324
c	Solution check:
p calculated antibandwidth = 30.
c
c
c Antibandwidth problem with w = 31 ( M-bcsstk06.mtx.rnd ):
c Initializing CaDiCaL (version 1.2.1).
c	Configuring CaDiCaL as --sat (1).
c Initializing a DuplexNSC encoder with n = 420.
c Encoding starts with w = 31:
c	Labels and Vertices aux var: 32760
c	Labels and Vertices constraints:  439320
c	Obj k aux var: 311640
c	Obj k constraints: 6942060
c	Obj k glue staircase constraints: 5658120
c	Encoding duration: 2s
c	Number of clauses: 7381590
c	Number of irredundant clauses: 7378798
c	Number of variables: 520800
c SAT Solving starts:
[runlim] sample:		150.0 time, 150.2 real, 935.0 MB
[runlim] sample:		160.0 time, 160.2 real, 988.8 MB
c	Solving duration: 21110 ms
c	Answer: 
s SAT (w = 31)
AB is set to 261
Node 37 : 395
Node 381 : 134
AB is set to 230
Node 37 : 395
Node 362 : 165
AB is set to 115
Node 127 : 229
Node 245 : 344
AB is set to 31
Node 245 : 344
Node 264 : 313
c	Solution check:
p calculated antibandwidth = 31.
c
c
c Antibandwidth problem with w = 32 ( M-bcsstk06.mtx.rnd ):
c Initializing CaDiCaL (version 1.2.1).
c	Configuring CaDiCaL as --sat (1).
c Initializing a DuplexNSC encoder with n = 420.
c Encoding starts with w = 32:
c	Labels and Vertices aux var: 32760
c	Labels and Vertices constraints:  439320
c	Obj k aux var: 310800
c	Obj k constraints: 6930120
c	Obj k glue staircase constraints: 5643240
c	Encoding duration: 2s
c	Number of clauses: 7369650
c	Number of irredundant clauses: 7366845
c	Number of variables: 519960
c SAT Solving starts:
[runlim] sample:		170.0 time, 170.2 real, 976.1 MB
[runlim] sample:		180.0 time, 180.2 real, 971.5 MB
[runlim] sample:		190.0 time, 190.2 real, 1160.1 MB
[runlim] sample:		200.0 time, 200.2 real, 981.7 MB
[runlim] sample:		210.0 time, 210.2 real, 974.6 MB
[runlim] sample:		220.0 time, 220.2 real, 975.5 MB
[runlim] sample:		230.0 time, 230.2 real, 979.0 MB
c	Solving duration: 68866 ms
c	Answer: 
s SAT (w = 32)
AB is set to 147
Node 37 : 358
Node 381 : 211
AB is set to 46
Node 127 : 296
Node 245 : 250
AB is set to 34
Node 127 : 296
Node 209 : 330
AB is set to 32
Node 187 : 243
Node 381 : 211
c	Solution check:
p calculated antibandwidth = 32.
c
c
c Antibandwidth problem with w = 33 ( M-bcsstk06.mtx.rnd ):
c Initializing CaDiCaL (version 1.2.1).
c	Configuring CaDiCaL as --sat (1).
c Initializing a DuplexNSC encoder with n = 420.
c Encoding starts with w = 33:
c	Labels and Vertices aux var: 32760
c	Labels and Vertices constraints:  433860
c	Obj k aux var: 311220
c	Obj k constraints: 6918840
c	Obj k glue staircase constraints: 5639520
c	Encoding duration: 2s
c	Number of clauses: 7352910
c	Number of irredundant clauses: 7350346
c	Number of variables: 520380
c SAT Solving starts:
[runlim] sample:		240.0 time, 240.2 real, 974.4 MB
[runlim] sample:		250.0 time, 250.2 real, 1124.4 MB
[runlim] sample:		260.0 time, 260.2 real, 1141.9 MB
[runlim] sample:		270.0 time, 270.2 real, 946.2 MB
[runlim] sample:		280.0 time, 280.2 real, 976.7 MB
[runlim] sample:		290.0 time, 290.2 real, 977.4 MB
[runlim] sample:		300.0 time, 300.2 real, 979.1 MB
[runlim] sample:		310.0 time, 310.2 real, 984.0 MB
c	Solving duration: 78140 ms
c	Answer: 
s SAT (w = 33)
AB is set to 169
Node 37 : 38
Node 381 : 207
AB is set to 162
Node 127 : 174
Node 245 : 336
AB is set to 33
Node 127 : 174
Node 381 : 207
c	Solution check:
p calculated antibandwidth = 33.
c
c
c Antibandwidth problem with w = 34 ( M-bcsstk06.mtx.rnd ):
c Initializing CaDiCaL (version 1.2.1).
c	Configuring CaDiCaL as --sat (1).
c Initializing a DuplexNSC encoder with n = 420.
c Encoding starts with w = 34:
c	Labels and Vertices aux var: 32760
c	Labels and Vertices constraints:  433860
c	Obj k aux var: 310380
c	Obj k constraints: 6906480
c	Obj k glue staircase constraints: 5624640
c	Encoding duration: 1s
c	Number of clauses: 7340550
c	Number of irredundant clauses: 7337974
c	Number of variables: 519540
c SAT Solving starts:
[runlim] sample:		320.0 time, 320.2 real, 930.7 MB
[runlim] sample:		330.0 time, 330.2 real, 1115.7 MB
[runlim] sample:		340.0 time, 340.2 real, 1198.0 MB
[runlim] sample:		350.0 time, 350.2 real, 955.5 MB
[runlim] sample:		360.0 time, 360.2 real, 973.0 MB
[runlim] sample:		370.0 time, 370.2 real, 956.3 MB
[runlim] sample:		380.0 time, 380.2 real, 1149.3 MB
[runlim] sample:		390.0 time, 390.2 real, 980.4 MB
[runlim] sample:		400.0 time, 400.2 real, 978.4 MB
[runlim] sample:		410.0 time, 410.2 real, 982.7 MB
[runlim] sample:		420.0 time, 420.2 real, 982.8 MB
[runlim] sample:		430.0 time, 430.2 real, 1163.4 MB
[runlim] sample:		440.0 time, 440.2 real, 984.6 MB
[runlim] sample:		450.0 time, 450.2 real, 988.1 MB
[runlim] sample:		460.0 time, 460.2 real, 990.3 MB
[runlim] sample:		470.0 time, 470.2 real, 988.7 MB
[runlim] sample:		480.0 time, 480.2 real, 988.6 MB
[runlim] sample:		490.0 time, 490.2 real, 1009.2 MB
[runlim] sample:		500.0 time, 500.2 real, 988.6 MB
[runlim] sample:		510.0 time, 510.2 real, 989.3 MB
[runlim] sample:		520.0 time, 520.2 real, 1171.7 MB
[runlim] sample:		530.0 time, 530.2 real, 990.6 MB
[runlim] sample:		540.0 time, 540.2 real, 989.7 MB
[runlim] sample:		550.0 time, 550.2 real, 989.7 MB
[runlim] sample:		560.0 time, 560.2 real, 992.1 MB
[runlim] sample:		570.0 time, 570.2 real, 989.3 MB
[runlim] sample:		580.0 time, 580.2 real, 993.0 MB
[runlim] sample:		590.0 time, 590.2 real, 992.9 MB
[runlim] sample:		600.0 time, 600.2 real, 1010.7 MB
[runlim] sample:		610.0 time, 610.2 real, 1010.6 MB
[runlim] sample:		620.0 time, 620.2 real, 993.4 MB
[runlim] sample:		630.0 time, 630.2 real, 945.8 MB
[runlim] sample:		640.0 time, 640.2 real, 967.2 MB
[runlim] sample:		650.0 time, 650.2 real, 943.7 MB
[runlim] sample:		660.0 time, 660.2 real, 946.1 MB
[runlim] sample:		670.0 time, 670.2 real, 969.9 MB
[runlim] sample:		680.0 time, 680.2 real, 975.4 MB
[runlim] sample:		690.0 time, 690.2 real, 977.0 MB
[runlim] sample:		700.0 time, 700.2 real, 991.7 MB
[runlim] sample:		710.0 time, 710.2 real, 1003.7 MB
c	Solving duration: 392749 ms
c	Answer: 
s SAT (w = 34)
AB is set to 78
Node 37 : 188
Node 381 : 266
AB is set to 34
Node 31 : 114
Node 137 : 148
c	Solution check:
p calculated antibandwidth = 34.
c
c
c Antibandwidth problem with w = 35 ( M-bcsstk06.mtx.rnd ):
c Initializing CaDiCaL (version 1.2.1).
c	Configuring CaDiCaL as --sat (1).
c Initializing a DuplexNSC encoder with n = 420.
c Encoding starts with w = 35:
c	Labels and Vertices aux var: 32760
c	Labels and Vertices constraints:  428820
c	Obj k aux var: 309960
c	Obj k constraints: 6880680
c	Obj k glue staircase constraints: 5609760
c	Encoding duration: 1s
c	Number of clauses: 7309710
c	Number of irredundant clauses: 7307270
c	Number of variables: 519120
c SAT Solving starts:
[runlim] sample:		720.0 time, 720.2 real, 963.7 MB
[runlim] sample:		729.9 time, 730.2 real, 967.7 MB
[runlim] sample:		739.9 time, 740.2 real, 970.3 MB
[runlim] sample:		749.9 time, 750.2 real, 968.7 MB
[runlim] sample:		759.9 time, 760.2 real, 969.7 MB
[runlim] sample:		769.9 time, 770.2 real, 969.4 MB
[runlim] sample:		779.9 time, 780.2 real, 969.3 MB
[runlim] sample:		789.9 time, 790.2 real, 971.4 MB
[runlim] sample:		799.9 time, 800.2 real, 970.9 MB
[runlim] sample:		809.9 time, 810.2 real, 973.9 MB
[runlim] sample:		819.9 time, 820.2 real, 1150.0 MB
[runlim] sample:		829.9 time, 830.2 real, 978.1 MB
[runlim] sample:		839.9 time, 840.2 real, 981.1 MB
[runlim] sample:		849.9 time, 850.2 real, 982.2 MB
[runlim] sample:		859.9 time, 860.2 real, 959.5 MB
[runlim] sample:		869.9 time, 870.2 real, 959.4 MB
[runlim] sample:		879.9 time, 880.2 real, 959.3 MB
[runlim] sample:		889.9 time, 890.2 real, 935.3 MB
[runlim] sample:		899.9 time, 900.2 real, 939.8 MB
[runlim] sample:		909.9 time, 910.2 real, 978.3 MB
[runlim] sample:		919.9 time, 920.2 real, 979.8 MB
[runlim] sample:		929.9 time, 930.2 real, 986.1 MB
[runlim] sample:		939.9 time, 940.2 real, 986.0 MB
[runlim] sample:		949.9 time, 950.2 real, 986.0 MB
[runlim] sample:		959.9 time, 960.2 real, 1071.4 MB
[runlim] sample:		969.9 time, 970.2 real, 936.0 MB
[runlim] sample:		979.9 time, 980.2 real, 989.4 MB
[runlim] sample:		989.9 time, 990.2 real, 989.4 MB
[runlim] sample:		999.9 time, 1000.2 real, 986.5 MB
[runlim] sample:		1009.9 time, 1010.2 real, 939.3 MB
[runlim] sample:		1019.9 time, 1020.2 real, 939.9 MB
[runlim] sample:		1029.9 time, 1030.2 real, 946.2 MB
[runlim] sample:		1039.9 time, 1040.2 real, 987.9 MB
[runlim] sample:		1049.9 time, 1050.2 real, 952.7 MB
[runlim] sample:		1059.9 time, 1060.2 real, 944.6 MB
[runlim] sample:		1069.9 time, 1070.2 real, 957.1 MB
[runlim] sample:		1079.9 time, 1080.2 real, 1004.2 MB
[runlim] sample:		1089.9 time, 1090.2 real, 952.6 MB
[runlim] sample:		1099.8 time, 1100.2 real, 956.0 MB
[runlim] sample:		1109.9 time, 1110.2 real, 951.7 MB
[runlim] sample:		1119.8 time, 1120.2 real, 975.8 MB
[runlim] sample:		1129.8 time, 1130.2 real, 993.4 MB
[runlim] sample:		1139.9 time, 1140.2 real, 985.9 MB
[runlim] sample:		1149.8 time, 1150.2 real, 1001.1 MB
[runlim] sample:		1159.8 time, 1160.2 real, 1001.1 MB
[runlim] sample:		1169.8 time, 1170.2 real, 979.1 MB
[runlim] sample:		1179.8 time, 1180.2 real, 979.1 MB
[runlim] sample:		1189.8 time, 1190.2 real, 1203.2 MB
[runlim] sample:		1199.8 time, 1200.2 real, 952.3 MB
[runlim] sample:		1209.8 time, 1210.2 real, 949.3 MB
[runlim] sample:		1219.8 time, 1220.2 real, 960.3 MB
[runlim] sample:		1229.8 time, 1230.2 real, 966.4 MB
[runlim] sample:		1239.8 time, 1240.2 real, 966.3 MB
[runlim] sample:		1249.8 time, 1250.2 real, 970.4 MB
[runlim] sample:		1259.8 time, 1260.2 real, 956.3 MB
[runlim] sample:		1269.8 time, 1270.2 real, 974.5 MB
[runlim] sample:		1279.8 time, 1280.2 real, 958.3 MB
[runlim] sample:		1289.8 time, 1290.2 real, 958.3 MB
[runlim] sample:		1299.8 time, 1300.2 real, 997.1 MB
[runlim] sample:		1309.8 time, 1310.2 real, 997.9 MB
[runlim] sample:		1319.8 time, 1320.2 real, 997.9 MB
[runlim] sample:		1329.8 time, 1330.2 real, 1009.2 MB
[runlim] sample:		1339.8 time, 1340.2 real, 1009.2 MB
[runlim] sample:		1349.8 time, 1350.2 real, 1007.9 MB
[runlim] sample:		1359.8 time, 1360.2 real, 999.6 MB
[runlim] sample:		1369.8 time, 1370.2 real, 999.6 MB
[runlim] sample:		1379.8 time, 1380.2 real, 999.6 MB
[runlim] sample:		1389.8 time, 1390.2 real, 997.6 MB
[runlim] sample:		1399.8 time, 1400.2 real, 995.8 MB
[runlim] sample:		1409.8 time, 1410.2 real, 996.4 MB
[runlim] sample:		1419.8 time, 1420.2 real, 1002.4 MB
[runlim] sample:		1429.8 time, 1430.2 real, 997.1 MB
[runlim] sample:		1439.8 time, 1440.2 real, 997.1 MB
[runlim] sample:		1449.8 time, 1450.2 real, 1019.9 MB
[runlim] sample:		1459.8 time, 1460.2 real, 1013.3 MB
[runlim] sample:		1469.8 time, 1470.2 real, 1013.3 MB
[runlim] sample:		1479.8 time, 1480.2 real, 1013.3 MB
[runlim] sample:		1489.8 time, 1490.2 real, 1084.7 MB
[runlim] sample:		1499.8 time, 1500.2 real, 1193.0 MB
[runlim] sample:		1509.8 time, 1510.2 real, 1301.8 MB
[runlim] sample:		1519.8 time, 1520.2 real, 1785.6 MB
[runlim] sample:		1529.8 time, 1530.2 real, 1132.3 MB
[runlim] sample:		1539.8 time, 1540.2 real, 1029.0 MB
[runlim] sample:		1549.8 time, 1550.2 real, 950.1 MB
[runlim] sample:		1559.8 time, 1560.2 real, 983.8 MB
[runlim] sample:		1569.8 time, 1570.2 real, 983.7 MB
[runlim] sample:		1579.8 time, 1580.2 real, 990.5 MB
[runlim] sample:		1589.8 time, 1590.2 real, 990.5 MB
[runlim] sample:		1599.8 time, 1600.2 real, 998.1 MB
[runlim] sample:		1609.8 time, 1610.2 real, 1022.1 MB
[runlim] sample:		1619.8 time, 1620.2 real, 1024.1 MB
[runlim] sample:		1629.8 time, 1630.2 real, 1012.7 MB
[runlim] sample:		1639.8 time, 1640.2 real, 1010.7 MB
[runlim] sample:		1649.8 time, 1650.2 real, 1010.6 MB
[runlim] sample:		1659.8 time, 1660.2 real, 1010.6 MB
[runlim] sample:		1669.8 time, 1670.2 real, 1010.9 MB
[runlim] sample:		1679.8 time, 1680.2 real, 1010.8 MB
[runlim] sample:		1689.8 time, 1690.2 real, 1021.6 MB
[runlim] sample:		1699.8 time, 1700.2 real, 1020.6 MB
[runlim] sample:		1709.8 time, 1710.2 real, 1020.6 MB
[runlim] sample:		1719.8 time, 1720.2 real, 1031.8 MB
[runlim] sample:		1729.8 time, 1730.2 real, 1234.7 MB
[runlim] sample:		1739.8 time, 1740.2 real, 1014.0 MB
[runlim] sample:		1749.8 time, 1750.2 real, 1020.1 MB
[runlim] sample:		1759.8 time, 1760.2 real, 1020.1 MB
[runlim] sample:		1769.8 time, 1770.2 real, 1062.2 MB
[runlim] sample:		1779.8 time, 1780.2 real, 1062.2 MB
[runlim] sample:		1789.8 time, 1790.2 real, 1017.6 MB
[runlim] sample:		1799.8 time, 1800.2 real, 1005.5 MB
[runlim] sample:		1809.8 time, 1810.2 real, 1018.9 MB
[runlim] sample:		1819.8 time, 1820.2 real, 1018.9 MB
[runlim] sample:		1829.8 time, 1830.2 real, 1235.9 MB
[runlim] sample:		1839.8 time, 1840.2 real, 1029.0 MB
[runlim] sample:		1849.8 time, 1850.2 real, 1018.7 MB
[runlim] sample:		1859.8 time, 1860.2 real, 1018.7 MB
[runlim] sample:		1869.8 time, 1870.2 real, 971.2 MB
[runlim] sample:		1879.8 time, 1880.2 real, 971.2 MB
[runlim] sample:		1889.8 time, 1890.2 real, 1030.2 MB
[runlim] sample:		1899.8 time, 1900.2 real, 1030.2 MB
[runlim] sample:		1909.8 time, 1910.2 real, 1054.0 MB
[runlim] sample:		1919.8 time, 1920.2 real, 1034.2 MB
[runlim] sample:		1929.8 time, 1930.2 real, 1260.1 MB
[runlim] sample:		1939.8 time, 1940.2 real, 1014.6 MB
[runlim] sample:		1949.8 time, 1950.2 real, 1011.7 MB
[runlim] sample:		1959.8 time, 1960.2 real, 1011.7 MB
[runlim] sample:		1969.8 time, 1970.2 real, 1011.7 MB
[runlim] sample:		1979.8 time, 1980.2 real, 1041.8 MB
[runlim] sample:		1989.8 time, 1990.2 real, 1061.3 MB
[runlim] sample:		1999.8 time, 2000.2 real, 1061.2 MB
[runlim] sample:		2009.8 time, 2010.2 real, 1030.7 MB
[runlim] sample:		2019.8 time, 2020.2 real, 1030.7 MB
[runlim] sample:		2029.8 time, 2030.2 real, 1033.1 MB
[runlim] sample:		2039.8 time, 2040.2 real, 1033.1 MB
[runlim] sample:		2049.8 time, 2050.2 real, 1033.0 MB
[runlim] sample:		2059.8 time, 2060.2 real, 1091.4 MB
[runlim] sample:		2069.8 time, 2070.2 real, 1091.4 MB
[runlim] sample:		2079.8 time, 2080.2 real, 1022.6 MB
[runlim] sample:		2089.8 time, 2090.2 real, 1022.6 MB
[runlim] sample:		2099.8 time, 2100.2 real, 1046.0 MB
[runlim] sample:		2109.8 time, 2110.2 real, 1046.0 MB
[runlim] sample:		2119.8 time, 2120.2 real, 1048.0 MB
[runlim] sample:		2129.8 time, 2130.2 real, 1050.0 MB
[runlim] sample:		2139.8 time, 2140.2 real, 1250.4 MB
[runlim] sample:		2149.8 time, 2150.2 real, 1016.2 MB
[runlim] sample:		2159.8 time, 2160.2 real, 1016.2 MB
[runlim] sample:		2169.8 time, 2170.2 real, 981.5 MB
[runlim] sample:		2179.8 time, 2180.2 real, 1022.4 MB
[runlim] sample:		2189.8 time, 2190.2 real, 1033.1 MB
[runlim] sample:		2199.8 time, 2200.2 real, 1033.1 MB
[runlim] sample:		2209.8 time, 2210.2 real, 1026.4 MB
[runlim] sample:		2219.8 time, 2220.2 real, 1026.4 MB
[runlim] sample:		2229.8 time, 2230.2 real, 1036.1 MB
[runlim] sample:		2239.8 time, 2240.2 real, 1036.1 MB
[runlim] sample:		2249.8 time, 2250.2 real, 1033.7 MB
[runlim] sample:		2259.8 time, 2260.2 real, 1033.7 MB
[runlim] sample:		2269.8 time, 2270.2 real, 1039.3 MB
[runlim] sample:		2279.8 time, 2280.2 real, 1041.8 MB
[runlim] sample:		2289.8 time, 2290.2 real, 1041.8 MB
[runlim] sample:		2299.8 time, 2300.2 real, 1074.5 MB
[runlim] sample:		2309.8 time, 2310.2 real, 1074.5 MB
[runlim] sample:		2319.8 time, 2320.2 real, 1017.7 MB
[runlim] sample:		2329.8 time, 2330.2 real, 1017.7 MB
[runlim] sample:		2339.8 time, 2340.2 real, 1017.6 MB
[runlim] sample:		2349.8 time, 2350.2 real, 1019.0 MB
[runlim] sample:		2359.8 time, 2360.2 real, 1019.0 MB
[runlim] sample:		2369.8 time, 2370.2 real, 1018.4 MB
[runlim] sample:		2379.8 time, 2380.2 real, 1018.4 MB
[runlim] sample:		2389.8 time, 2390.2 real, 1032.4 MB
[runlim] sample:		2399.8 time, 2400.2 real, 1032.4 MB
[runlim] sample:		2409.8 time, 2410.2 real, 984.9 MB
[runlim] sample:		2419.8 time, 2420.2 real, 1026.8 MB
[runlim] sample:		2429.8 time, 2430.2 real, 1026.8 MB
[runlim] sample:		2439.8 time, 2440.2 real, 1039.1 MB
[runlim] sample:		2449.8 time, 2450.2 real, 1255.7 MB
[runlim] sample:		2459.8 time, 2460.2 real, 1027.2 MB
[runlim] sample:		2469.8 time, 2470.2 real, 1027.2 MB
[runlim] sample:		2479.8 time, 2480.2 real, 1035.7 MB
[runlim] sample:		2489.8 time, 2490.2 real, 1035.7 MB
[runlim] sample:		2499.8 time, 2500.2 real, 1063.8 MB
[runlim] sample:		2509.8 time, 2510.2 real, 1063.8 MB
[runlim] sample:		2519.8 time, 2520.2 real, 1063.7 MB
[runlim] sample:		2529.8 time, 2530.2 real, 1051.8 MB
[runlim] sample:		2539.8 time, 2540.2 real, 1021.8 MB
[runlim] sample:		2549.8 time, 2550.2 real, 999.0 MB
[runlim] sample:		2559.8 time, 2560.2 real, 999.0 MB
[runlim] sample:		2569.8 time, 2570.2 real, 1020.4 MB
[runlim] sample:		2579.8 time, 2580.2 real, 1249.6 MB
[runlim] sample:		2589.8 time, 2590.2 real, 1028.4 MB
[runlim] sample:		2599.8 time, 2600.2 real, 1073.9 MB
[runlim] sample:		2609.8 time, 2610.2 real, 1073.9 MB
[runlim] sample:		2619.8 time, 2620.2 real, 1068.7 MB
[runlim] sample:		2629.8 time, 2630.2 real, 1068.7 MB
[runlim] sample:		2639.8 time, 2640.2 real, 1086.6 MB
[runlim] sample:		2649.8 time, 2650.2 real, 1086.6 MB
[runlim] sample:		2659.8 time, 2660.2 real, 1061.7 MB
[runlim] sample:		2669.8 time, 2670.2 real, 1061.7 MB
[runlim] sample:		2679.8 time, 2680.2 real, 1062.0 MB
[runlim] sample:		2689.8 time, 2690.2 real, 1128.2 MB
[runlim] sample:		2699.8 time, 2700.2 real, 1128.2 MB
[runlim] sample:		2709.8 time, 2710.2 real, 1070.8 MB
[runlim] sample:		2719.8 time, 2720.2 real, 1070.8 MB
[runlim] sample:		2729.8 time, 2730.2 real, 1070.8 MB
[runlim] sample:		2739.8 time, 2740.2 real, 1070.8 MB
[runlim] sample:		2749.8 time, 2750.2 real, 1065.8 MB
[runlim] sample:		2759.8 time, 2760.2 real, 1065.8 MB
[runlim] sample:		2769.8 time, 2770.2 real, 1065.8 MB
[runlim] sample:		2779.8 time, 2780.2 real, 1077.3 MB
[runlim] sample:		2789.8 time, 2790.2 real, 1077.3 MB
[runlim] sample:		2799.8 time, 2800.2 real, 1347.9 MB
[runlim] sample:		2809.8 time, 2810.2 real, 1105.7 MB
[runlim] sample:		2819.8 time, 2820.2 real, 1343.3 MB
[runlim] sample:		2829.8 time, 2830.2 real, 1072.8 MB
[runlim] sample:		2839.8 time, 2840.2 real, 1072.8 MB
[runlim] sample:		2849.8 time, 2850.2 real, 1072.8 MB
[runlim] sample:		2859.8 time, 2860.2 real, 1072.8 MB
[runlim] sample:		2869.8 time, 2870.2 real, 1156.7 MB
[runlim] sample:		2879.8 time, 2880.2 real, 1156.7 MB
[runlim] sample:		2889.8 time, 2890.2 real, 1156.7 MB
[runlim] sample:		2899.8 time, 2900.2 real, 1135.5 MB
[runlim] sample:		2909.8 time, 2910.2 real, 1135.5 MB
[runlim] sample:		2919.8 time, 2920.2 real, 1054.6 MB
[runlim] sample:		2929.8 time, 2930.2 real, 1054.6 MB
[runlim] sample:		2939.8 time, 2940.2 real, 1054.6 MB
[runlim] sample:		2949.8 time, 2950.2 real, 1287.7 MB
[runlim] sample:		2959.8 time, 2960.2 real, 1047.0 MB
[runlim] sample:		2969.8 time, 2970.2 real, 1047.0 MB
[runlim] sample:		2979.8 time, 2980.2 real, 1052.8 MB
[runlim] sample:		2989.8 time, 2990.2 real, 1052.8 MB
[runlim] sample:		2999.8 time, 3000.2 real, 1066.6 MB
[runlim] sample:		3009.8 time, 3010.2 real, 1029.7 MB
[runlim] sample:		3019.8 time, 3020.2 real, 1018.6 MB
[runlim] sample:		3029.8 time, 3030.2 real, 1018.6 MB
[runlim] sample:		3039.8 time, 3040.2 real, 1018.6 MB
[runlim] sample:		3049.8 time, 3050.2 real, 1470.3 MB
[runlim] sample:		3059.8 time, 3060.2 real, 1241.6 MB
[runlim] sample:		3069.8 time, 3070.2 real, 1210.2 MB
[runlim] sample:		3079.8 time, 3080.2 real, 1231.5 MB
[runlim] sample:		3089.8 time, 3090.2 real, 1107.1 MB
[runlim] sample:		3099.8 time, 3100.2 real, 1107.1 MB
[runlim] sample:		3109.8 time, 3110.2 real, 1107.1 MB
[runlim] sample:		3119.8 time, 3120.2 real, 1080.5 MB
[runlim] sample:		3129.8 time, 3130.2 real, 1086.3 MB
[runlim] sample:		3139.8 time, 3140.2 real, 1086.3 MB
[runlim] sample:		3149.8 time, 3150.2 real, 1106.6 MB
[runlim] sample:		3159.8 time, 3160.2 real, 1106.6 MB
[runlim] sample:		3169.8 time, 3170.2 real, 1087.8 MB
[runlim] sample:		3179.8 time, 3180.2 real, 1087.8 MB
[runlim] sample:		3189.8 time, 3190.2 real, 1074.5 MB
[runlim] sample:		3199.8 time, 3200.2 real, 1069.6 MB
[runlim] sample:		3209.8 time, 3210.2 real, 1081.7 MB
[runlim] sample:		3219.8 time, 3220.2 real, 1067.0 MB
[runlim] sample:		3229.8 time, 3230.2 real, 1067.0 MB
[runlim] sample:		3239.8 time, 3240.2 real, 1067.0 MB
[runlim] sample:		3249.8 time, 3250.2 real, 1134.8 MB
[runlim] sample:		3259.8 time, 3260.2 real, 1134.8 MB
[runlim] sample:		3269.8 time, 3270.2 real, 1070.4 MB
[runlim] sample:		3279.8 time, 3280.2 real, 1070.4 MB
[runlim] sample:		3289.8 time, 3290.2 real, 1070.4 MB
[runlim] sample:		3299.8 time, 3300.2 real, 1095.7 MB
[runlim] sample:		3309.8 time, 3310.2 real, 1095.7 MB
[runlim] sample:		3319.8 time, 3320.2 real, 1095.7 MB
[runlim] sample:		3329.8 time, 3330.2 real, 1095.7 MB
[runlim] sample:		3339.8 time, 3340.2 real, 1100.3 MB
[runlim] sample:		3349.8 time, 3350.2 real, 1100.3 MB
[runlim] sample:		3359.8 time, 3360.2 real, 1095.2 MB
[runlim] sample:		3369.8 time, 3370.2 real, 1100.1 MB
[runlim] sample:		3379.8 time, 3380.2 real, 1080.7 MB
[runlim] sample:		3389.8 time, 3390.2 real, 1080.7 MB
[runlim] sample:		3399.8 time, 3400.2 real, 1080.7 MB
[runlim] sample:		3409.8 time, 3410.2 real, 1095.0 MB
[runlim] sample:		3419.8 time, 3420.2 real, 1095.0 MB
[runlim] sample:		3429.8 time, 3430.2 real, 1095.0 MB
[runlim] sample:		3439.8 time, 3440.2 real, 1095.0 MB
[runlim] sample:		3449.8 time, 3450.2 real, 1082.6 MB
[runlim] sample:		3459.8 time, 3460.2 real, 1082.6 MB
[runlim] sample:		3469.8 time, 3470.2 real, 1093.8 MB
[runlim] sample:		3479.8 time, 3480.2 real, 1093.8 MB
[runlim] sample:		3489.8 time, 3490.2 real, 1093.3 MB
[runlim] sample:		3499.8 time, 3500.2 real, 1093.3 MB
[runlim] sample:		3509.8 time, 3510.2 real, 1093.3 MB
[runlim] sample:		3519.8 time, 3520.2 real, 1093.3 MB
[runlim] sample:		3529.8 time, 3530.2 real, 1104.3 MB
[runlim] sample:		3539.8 time, 3540.2 real, 1104.3 MB
[runlim] sample:		3549.8 time, 3550.2 real, 1104.3 MB
[runlim] sample:		3559.8 time, 3560.2 real, 1082.5 MB
[runlim] sample:		3569.8 time, 3570.2 real, 1082.5 MB
[runlim] sample:		3579.8 time, 3580.2 real, 1082.5 MB
[runlim] sample:		3589.8 time, 3590.2 real, 1093.6 MB
c Signal interruption.
[runlim] end:			Thu Aug 29 08:46:43 2024
[runlim] status:		out of time
[runlim] result:		2
[runlim] children:		0
[runlim] real:			3600.11 seconds
[runlim] time:			3599.66 seconds
[runlim] space:			2051.5 MB
[runlim] samples:		35999
