[runlim] version:		1.10
[runlim] time limit:		3600 seconds
[runlim] real time limit:	3600 seconds
[runlim] space limit:		30000 MB
[runlim] argv[0]:		/home/truongxuanhieu/AntiBandwidthReconstruct/build/abw_enc_hybrid_NSC_binomial
[runlim] argv[1]:		/home/truongxuanhieu/AntiBandwidthReconstruct/build/Benchmarks/Q-494_bus.mtx.rnd
[runlim] argv[2]:		--duplexNSC
[runlim] start:			Mon Aug 26 10:55:29 2024
[runlim] main pid:		6385
[runlim] log captured:
c DuplexEncoder 0.8.
c Solving strategy: from LB to UB.
c LB-w = 219 (LB in Sinnl - A note on computational approaches for the antibandwidth problem).
c UB-w = 246 (UB in Sinnl - A note on computational approaches for the antibandwidth problem).
c Antibandwidth problem with w = 219 ( Q-494_bus.mtx.rnd ):
c Initializing CaDiCaL (version 1.2.1).
c	Configuring CaDiCaL as --sat (1).
c Initializing a DuplexNSC encoder with n = 494.
c Encoding starts with w = 219:
c	Labels and Vertices aux var: 42484
c	Labels and Vertices constraints:  552292
c	Obj k aux var: 270218
c	Obj k constraints: 1913008
c	Obj k glue staircase constraints: 643428
c	Encoding duration: 0s
c	Number of clauses: 2465547
c	Number of irredundant clauses: 2464042
c	Number of variables: 556738
c SAT Solving starts:
[runlim] sample:		10.0 time, 10.2 real, 461.1 MB
[runlim] sample:		20.0 time, 20.2 real, 462.0 MB
[runlim] sample:		30.0 time, 30.2 real, 469.3 MB
[runlim] sample:		40.0 time, 40.2 real, 461.7 MB
[runlim] sample:		50.0 time, 50.2 real, 474.2 MB
[runlim] sample:		60.0 time, 60.2 real, 470.0 MB
[runlim] sample:		70.0 time, 70.2 real, 497.1 MB
[runlim] sample:		80.0 time, 80.2 real, 496.0 MB
[runlim] sample:		90.0 time, 90.2 real, 478.0 MB
[runlim] sample:		100.0 time, 100.2 real, 492.5 MB
[runlim] sample:		110.0 time, 110.2 real, 474.3 MB
[runlim] sample:		120.0 time, 120.2 real, 506.1 MB
[runlim] sample:		129.9 time, 130.2 real, 516.7 MB
[runlim] sample:		139.9 time, 140.2 real, 483.1 MB
[runlim] sample:		149.9 time, 150.2 real, 502.0 MB
[runlim] sample:		159.9 time, 160.2 real, 491.5 MB
[runlim] sample:		169.9 time, 170.2 real, 452.9 MB
[runlim] sample:		179.9 time, 180.2 real, 622.7 MB
[runlim] sample:		189.9 time, 190.2 real, 529.6 MB
[runlim] sample:		199.9 time, 200.2 real, 506.4 MB
[runlim] sample:		209.9 time, 210.2 real, 553.4 MB
[runlim] sample:		219.9 time, 220.2 real, 552.7 MB
[runlim] sample:		229.9 time, 230.2 real, 552.7 MB
[runlim] sample:		239.9 time, 240.2 real, 513.0 MB
[runlim] sample:		249.9 time, 250.2 real, 544.7 MB
[runlim] sample:		259.9 time, 260.2 real, 585.5 MB
[runlim] sample:		269.9 time, 270.2 real, 593.7 MB
[runlim] sample:		279.9 time, 280.2 real, 593.7 MB
[runlim] sample:		289.9 time, 290.2 real, 640.8 MB
[runlim] sample:		299.9 time, 300.2 real, 550.3 MB
[runlim] sample:		309.9 time, 310.2 real, 582.7 MB
[runlim] sample:		319.9 time, 320.2 real, 575.5 MB
[runlim] sample:		329.9 time, 330.2 real, 565.7 MB
[runlim] sample:		339.9 time, 340.2 real, 689.4 MB
[runlim] sample:		349.9 time, 350.2 real, 576.1 MB
[runlim] sample:		359.9 time, 360.2 real, 576.1 MB
[runlim] sample:		369.9 time, 370.2 real, 571.4 MB
[runlim] sample:		379.9 time, 380.2 real, 573.4 MB
[runlim] sample:		389.9 time, 390.2 real, 605.4 MB
[runlim] sample:		399.9 time, 400.2 real, 596.3 MB
[runlim] sample:		409.9 time, 410.2 real, 537.3 MB
[runlim] sample:		419.9 time, 420.2 real, 560.1 MB
[runlim] sample:		429.9 time, 430.2 real, 569.9 MB
[runlim] sample:		439.9 time, 440.2 real, 586.6 MB
[runlim] sample:		449.9 time, 450.2 real, 576.5 MB
[runlim] sample:		459.9 time, 460.2 real, 589.8 MB
[runlim] sample:		469.9 time, 470.2 real, 596.8 MB
[runlim] sample:		479.9 time, 480.2 real, 595.4 MB
[runlim] sample:		489.9 time, 490.2 real, 634.4 MB
[runlim] sample:		499.9 time, 500.2 real, 634.4 MB
[runlim] sample:		509.9 time, 510.2 real, 676.9 MB
[runlim] sample:		519.9 time, 520.2 real, 585.7 MB
[runlim] sample:		529.9 time, 530.2 real, 583.8 MB
[runlim] sample:		539.9 time, 540.2 real, 583.8 MB
[runlim] sample:		549.9 time, 550.2 real, 658.2 MB
[runlim] sample:		559.9 time, 560.2 real, 658.2 MB
[runlim] sample:		569.9 time, 570.2 real, 646.0 MB
[runlim] sample:		579.9 time, 580.2 real, 638.1 MB
[runlim] sample:		589.9 time, 590.2 real, 607.6 MB
[runlim] sample:		599.9 time, 600.2 real, 563.8 MB
[runlim] sample:		609.9 time, 610.2 real, 571.8 MB
[runlim] sample:		619.9 time, 620.2 real, 595.0 MB
[runlim] sample:		629.9 time, 630.2 real, 588.7 MB
[runlim] sample:		639.9 time, 640.2 real, 561.1 MB
[runlim] sample:		649.9 time, 650.2 real, 563.1 MB
[runlim] sample:		659.9 time, 660.2 real, 591.0 MB
[runlim] sample:		669.9 time, 670.2 real, 609.2 MB
[runlim] sample:		679.9 time, 680.2 real, 611.2 MB
[runlim] sample:		689.9 time, 690.2 real, 604.7 MB
[runlim] sample:		699.9 time, 700.2 real, 604.7 MB
[runlim] sample:		709.9 time, 710.2 real, 611.9 MB
[runlim] sample:		719.9 time, 720.2 real, 611.9 MB
[runlim] sample:		729.9 time, 730.2 real, 657.3 MB
[runlim] sample:		739.9 time, 740.2 real, 657.3 MB
[runlim] sample:		749.9 time, 750.2 real, 703.6 MB
[runlim] sample:		759.9 time, 760.2 real, 838.2 MB
[runlim] sample:		769.9 time, 770.2 real, 838.2 MB
[runlim] sample:		779.9 time, 780.2 real, 723.9 MB
[runlim] sample:		789.9 time, 790.2 real, 731.5 MB
[runlim] sample:		799.9 time, 800.2 real, 721.2 MB
[runlim] sample:		809.9 time, 810.2 real, 721.2 MB
[runlim] sample:		819.9 time, 820.2 real, 739.4 MB
[runlim] sample:		829.9 time, 830.2 real, 752.0 MB
[runlim] sample:		839.9 time, 840.2 real, 739.1 MB
[runlim] sample:		849.9 time, 850.2 real, 697.3 MB
[runlim] sample:		859.9 time, 860.2 real, 614.4 MB
[runlim] sample:		869.9 time, 870.2 real, 614.4 MB
[runlim] sample:		879.9 time, 880.2 real, 601.8 MB
[runlim] sample:		889.9 time, 890.2 real, 603.8 MB
[runlim] sample:		899.9 time, 900.2 real, 597.0 MB
[runlim] sample:		909.9 time, 910.2 real, 597.0 MB
[runlim] sample:		919.9 time, 920.2 real, 651.1 MB
[runlim] sample:		929.9 time, 930.2 real, 651.1 MB
[runlim] sample:		939.9 time, 940.2 real, 609.5 MB
[runlim] sample:		949.9 time, 950.2 real, 609.5 MB
[runlim] sample:		959.9 time, 960.2 real, 609.5 MB
[runlim] sample:		969.9 time, 970.2 real, 646.5 MB
[runlim] sample:		979.9 time, 980.2 real, 646.5 MB
[runlim] sample:		989.9 time, 990.2 real, 726.6 MB
[runlim] sample:		999.9 time, 1000.2 real, 726.6 MB
[runlim] sample:		1009.9 time, 1010.2 real, 700.2 MB
[runlim] sample:		1019.9 time, 1020.2 real, 663.8 MB
[runlim] sample:		1029.9 time, 1030.2 real, 631.7 MB
[runlim] sample:		1039.9 time, 1040.2 real, 631.7 MB
[runlim] sample:		1049.9 time, 1050.2 real, 617.4 MB
[runlim] sample:		1059.9 time, 1060.2 real, 617.4 MB
[runlim] sample:		1069.9 time, 1070.2 real, 650.4 MB
[runlim] sample:		1079.9 time, 1080.2 real, 594.3 MB
[runlim] sample:		1089.9 time, 1090.2 real, 594.3 MB
[runlim] sample:		1099.9 time, 1100.2 real, 661.5 MB
[runlim] sample:		1109.9 time, 1110.2 real, 663.5 MB
[runlim] sample:		1119.9 time, 1120.2 real, 809.0 MB
[runlim] sample:		1129.9 time, 1130.2 real, 638.0 MB
[runlim] sample:		1139.9 time, 1140.2 real, 638.0 MB
[runlim] sample:		1149.9 time, 1150.2 real, 727.0 MB
[runlim] sample:		1159.9 time, 1160.2 real, 727.0 MB
[runlim] sample:		1169.9 time, 1170.2 real, 752.9 MB
[runlim] sample:		1179.9 time, 1180.2 real, 793.7 MB
[runlim] sample:		1189.9 time, 1190.2 real, 767.8 MB
[runlim] sample:		1199.9 time, 1200.2 real, 687.1 MB
[runlim] sample:		1209.9 time, 1210.2 real, 687.1 MB
[runlim] sample:		1219.9 time, 1220.2 real, 741.9 MB
[runlim] sample:		1229.9 time, 1230.2 real, 692.1 MB
[runlim] sample:		1239.9 time, 1240.2 real, 692.1 MB
[runlim] sample:		1249.9 time, 1250.2 real, 776.4 MB
[runlim] sample:		1259.9 time, 1260.2 real, 776.4 MB
[runlim] sample:		1269.9 time, 1270.2 real, 752.5 MB
[runlim] sample:		1279.9 time, 1280.2 real, 757.6 MB
[runlim] sample:		1289.9 time, 1290.2 real, 757.6 MB
[runlim] sample:		1299.9 time, 1300.2 real, 685.0 MB
[runlim] sample:		1309.9 time, 1310.2 real, 685.0 MB
[runlim] sample:		1319.9 time, 1320.2 real, 743.3 MB
[runlim] sample:		1329.9 time, 1330.2 real, 719.5 MB
[runlim] sample:		1339.9 time, 1340.2 real, 719.5 MB
[runlim] sample:		1349.9 time, 1350.2 real, 738.9 MB
[runlim] sample:		1359.9 time, 1360.2 real, 738.9 MB
[runlim] sample:		1369.9 time, 1370.2 real, 744.2 MB
[runlim] sample:		1379.9 time, 1380.2 real, 781.0 MB
[runlim] sample:		1389.9 time, 1390.2 real, 781.0 MB
[runlim] sample:		1399.9 time, 1400.2 real, 783.8 MB
[runlim] sample:		1409.9 time, 1410.2 real, 783.8 MB
[runlim] sample:		1419.9 time, 1420.2 real, 754.7 MB
[runlim] sample:		1429.9 time, 1430.2 real, 772.7 MB
[runlim] sample:		1439.9 time, 1440.2 real, 827.4 MB
[runlim] sample:		1449.9 time, 1450.2 real, 788.5 MB
[runlim] sample:		1459.9 time, 1460.2 real, 788.5 MB
[runlim] sample:		1469.9 time, 1470.2 real, 788.5 MB
[runlim] sample:		1479.9 time, 1480.2 real, 859.9 MB
[runlim] sample:		1489.9 time, 1490.2 real, 859.9 MB
[runlim] sample:		1499.9 time, 1500.2 real, 748.7 MB
[runlim] sample:		1509.9 time, 1510.2 real, 727.6 MB
[runlim] sample:		1519.9 time, 1520.2 real, 695.2 MB
[runlim] sample:		1529.9 time, 1530.2 real, 695.2 MB
[runlim] sample:		1539.9 time, 1540.2 real, 695.2 MB
[runlim] sample:		1549.9 time, 1550.2 real, 737.2 MB
[runlim] sample:		1559.9 time, 1560.2 real, 737.2 MB
[runlim] sample:		1569.9 time, 1570.2 real, 743.1 MB
[runlim] sample:		1579.9 time, 1580.2 real, 917.9 MB
[runlim] sample:		1589.9 time, 1590.2 real, 917.9 MB
[runlim] sample:		1599.9 time, 1600.2 real, 917.9 MB
[runlim] sample:		1609.9 time, 1610.2 real, 839.8 MB
[runlim] sample:		1619.9 time, 1620.2 real, 839.8 MB
[runlim] sample:		1629.9 time, 1630.2 real, 813.9 MB
[runlim] sample:		1639.9 time, 1640.2 real, 813.9 MB
[runlim] sample:		1649.9 time, 1650.2 real, 813.9 MB
[runlim] sample:		1659.9 time, 1660.2 real, 1048.5 MB
[runlim] sample:		1669.9 time, 1670.2 real, 838.7 MB
[runlim] sample:		1679.9 time, 1680.2 real, 838.7 MB
[runlim] sample:		1689.9 time, 1690.2 real, 838.7 MB
[runlim] sample:		1699.9 time, 1700.2 real, 895.7 MB
[runlim] sample:		1709.9 time, 1710.2 real, 895.7 MB
[runlim] sample:		1719.9 time, 1720.2 real, 815.8 MB
[runlim] sample:		1729.9 time, 1730.2 real, 815.8 MB
[runlim] sample:		1739.9 time, 1740.2 real, 828.1 MB
[runlim] sample:		1749.9 time, 1750.2 real, 879.5 MB
[runlim] sample:		1759.9 time, 1760.2 real, 880.7 MB
[runlim] sample:		1769.9 time, 1770.2 real, 880.7 MB
[runlim] sample:		1779.9 time, 1780.2 real, 880.7 MB
[runlim] sample:		1789.9 time, 1790.2 real, 860.4 MB
[runlim] sample:		1799.9 time, 1800.2 real, 860.4 MB
[runlim] sample:		1809.9 time, 1810.2 real, 844.9 MB
[runlim] sample:		1819.9 time, 1820.2 real, 844.9 MB
[runlim] sample:		1829.9 time, 1830.2 real, 844.9 MB
[runlim] sample:		1839.9 time, 1840.2 real, 844.9 MB
[runlim] sample:		1849.9 time, 1850.2 real, 985.4 MB
[runlim] sample:		1859.9 time, 1860.2 real, 882.5 MB
[runlim] sample:		1869.9 time, 1870.2 real, 801.9 MB
[runlim] sample:		1879.9 time, 1880.2 real, 801.9 MB
[runlim] sample:		1889.9 time, 1890.2 real, 801.9 MB
[runlim] sample:		1899.9 time, 1900.2 real, 840.5 MB
[runlim] sample:		1909.9 time, 1910.2 real, 840.5 MB
[runlim] sample:		1919.9 time, 1920.2 real, 763.1 MB
[runlim] sample:		1929.9 time, 1930.2 real, 763.1 MB
[runlim] sample:		1939.9 time, 1940.2 real, 847.7 MB
[runlim] sample:		1949.9 time, 1950.2 real, 847.7 MB
[runlim] sample:		1959.9 time, 1960.2 real, 847.7 MB
[runlim] sample:		1969.9 time, 1970.2 real, 888.2 MB
[runlim] sample:		1979.9 time, 1980.2 real, 888.2 MB
[runlim] sample:		1989.9 time, 1990.2 real, 888.2 MB
[runlim] sample:		1999.9 time, 2000.2 real, 787.7 MB
[runlim] sample:		2009.9 time, 2010.2 real, 787.7 MB
[runlim] sample:		2019.9 time, 2020.2 real, 787.7 MB
[runlim] sample:		2029.9 time, 2030.2 real, 1018.3 MB
[runlim] sample:		2039.9 time, 2040.2 real, 786.5 MB
[runlim] sample:		2049.9 time, 2050.2 real, 786.5 MB
[runlim] sample:		2059.9 time, 2060.2 real, 786.5 MB
[runlim] sample:		2069.9 time, 2070.2 real, 786.5 MB
[runlim] sample:		2079.9 time, 2080.2 real, 786.5 MB
[runlim] sample:		2089.9 time, 2090.2 real, 917.0 MB
[runlim] sample:		2099.9 time, 2100.2 real, 917.0 MB
[runlim] sample:		2109.9 time, 2110.2 real, 737.4 MB
[runlim] sample:		2119.9 time, 2120.2 real, 689.3 MB
[runlim] sample:		2129.9 time, 2130.2 real, 721.8 MB
[runlim] sample:		2139.9 time, 2140.2 real, 721.8 MB
[runlim] sample:		2149.8 time, 2150.2 real, 721.8 MB
[runlim] sample:		2159.8 time, 2160.2 real, 796.9 MB
[runlim] sample:		2169.8 time, 2170.2 real, 796.9 MB
[runlim] sample:		2179.8 time, 2180.2 real, 796.9 MB
[runlim] sample:		2189.8 time, 2190.2 real, 791.4 MB
[runlim] sample:		2199.8 time, 2200.2 real, 791.4 MB
[runlim] sample:		2209.8 time, 2210.2 real, 802.6 MB
[runlim] sample:		2219.8 time, 2220.2 real, 802.6 MB
[runlim] sample:		2229.8 time, 2230.2 real, 802.6 MB
[runlim] sample:		2239.8 time, 2240.2 real, 802.6 MB
[runlim] sample:		2249.8 time, 2250.2 real, 869.3 MB
[runlim] sample:		2259.8 time, 2260.2 real, 869.3 MB
[runlim] sample:		2269.8 time, 2270.2 real, 869.3 MB
[runlim] sample:		2279.8 time, 2280.2 real, 869.3 MB
[runlim] sample:		2289.8 time, 2290.2 real, 812.2 MB
[runlim] sample:		2299.8 time, 2300.2 real, 812.2 MB
[runlim] sample:		2309.8 time, 2310.2 real, 812.2 MB
[runlim] sample:		2319.8 time, 2320.2 real, 865.1 MB
[runlim] sample:		2329.8 time, 2330.2 real, 865.1 MB
[runlim] sample:		2339.8 time, 2340.2 real, 865.1 MB
[runlim] sample:		2349.8 time, 2350.2 real, 865.1 MB
[runlim] sample:		2359.8 time, 2360.2 real, 924.2 MB
[runlim] sample:		2369.8 time, 2370.2 real, 809.7 MB
[runlim] sample:		2379.8 time, 2380.2 real, 757.0 MB
[runlim] sample:		2389.8 time, 2390.2 real, 757.0 MB
[runlim] sample:		2399.8 time, 2400.2 real, 757.0 MB
[runlim] sample:		2409.8 time, 2410.2 real, 857.2 MB
[runlim] sample:		2419.8 time, 2420.2 real, 857.2 MB
[runlim] sample:		2429.8 time, 2430.2 real, 872.7 MB
[runlim] sample:		2439.8 time, 2440.2 real, 912.0 MB
[runlim] sample:		2449.8 time, 2450.2 real, 912.0 MB
[runlim] sample:		2459.8 time, 2460.2 real, 912.0 MB
[runlim] sample:		2469.8 time, 2470.2 real, 877.7 MB
[runlim] sample:		2479.8 time, 2480.2 real, 877.7 MB
[runlim] sample:		2489.8 time, 2490.2 real, 877.7 MB
[runlim] sample:		2499.8 time, 2500.2 real, 786.0 MB
[runlim] sample:		2509.8 time, 2510.2 real, 786.0 MB
[runlim] sample:		2519.8 time, 2520.2 real, 786.0 MB
[runlim] sample:		2529.8 time, 2530.2 real, 786.0 MB
[runlim] sample:		2539.8 time, 2540.2 real, 786.0 MB
[runlim] sample:		2549.8 time, 2550.2 real, 1042.2 MB
[runlim] sample:		2559.8 time, 2560.2 real, 1042.2 MB
[runlim] sample:		2569.8 time, 2570.2 real, 1042.2 MB
[runlim] sample:		2579.8 time, 2580.2 real, 778.8 MB
[runlim] sample:		2589.8 time, 2590.2 real, 778.8 MB
[runlim] sample:		2599.8 time, 2600.2 real, 795.4 MB
[runlim] sample:		2609.8 time, 2610.2 real, 795.4 MB
[runlim] sample:		2619.8 time, 2620.2 real, 795.4 MB
[runlim] sample:		2629.8 time, 2630.2 real, 824.3 MB
[runlim] sample:		2639.8 time, 2640.2 real, 824.3 MB
[runlim] sample:		2649.8 time, 2650.2 real, 824.3 MB
[runlim] sample:		2659.8 time, 2660.2 real, 999.9 MB
[runlim] sample:		2669.8 time, 2670.2 real, 907.2 MB
[runlim] sample:		2679.8 time, 2680.2 real, 907.2 MB
[runlim] sample:		2689.8 time, 2690.2 real, 907.2 MB
[runlim] sample:		2699.8 time, 2700.2 real, 907.2 MB
[runlim] sample:		2709.8 time, 2710.2 real, 945.6 MB
[runlim] sample:		2719.8 time, 2720.2 real, 945.6 MB
[runlim] sample:		2729.8 time, 2730.2 real, 945.6 MB
[runlim] sample:		2739.8 time, 2740.2 real, 967.4 MB
[runlim] sample:		2749.8 time, 2750.2 real, 1298.4 MB
[runlim] sample:		2759.8 time, 2760.2 real, 1069.8 MB
[runlim] sample:		2769.8 time, 2770.2 real, 1069.8 MB
[runlim] sample:		2779.8 time, 2780.2 real, 1043.4 MB
[runlim] sample:		2789.8 time, 2790.2 real, 1199.0 MB
[runlim] sample:		2799.8 time, 2800.2 real, 944.2 MB
[runlim] sample:		2809.8 time, 2810.2 real, 944.2 MB
[runlim] sample:		2819.8 time, 2820.2 real, 944.2 MB
[runlim] sample:		2829.8 time, 2830.2 real, 944.2 MB
[runlim] sample:		2839.8 time, 2840.2 real, 961.1 MB
[runlim] sample:		2849.8 time, 2850.2 real, 961.1 MB
[runlim] sample:		2859.8 time, 2860.2 real, 961.1 MB
[runlim] sample:		2869.8 time, 2870.2 real, 961.1 MB
[runlim] sample:		2879.8 time, 2880.2 real, 988.5 MB
[runlim] sample:		2889.8 time, 2890.2 real, 988.5 MB
[runlim] sample:		2899.8 time, 2900.2 real, 1033.7 MB
[runlim] sample:		2909.8 time, 2910.2 real, 1033.7 MB
[runlim] sample:		2919.8 time, 2920.2 real, 1012.8 MB
[runlim] sample:		2929.8 time, 2930.2 real, 1012.8 MB
[runlim] sample:		2939.8 time, 2940.2 real, 1012.8 MB
[runlim] sample:		2949.8 time, 2950.2 real, 1012.8 MB
[runlim] sample:		2959.8 time, 2960.2 real, 1025.0 MB
[runlim] sample:		2969.8 time, 2970.2 real, 1025.0 MB
[runlim] sample:		2979.8 time, 2980.2 real, 1025.0 MB
[runlim] sample:		2989.8 time, 2990.2 real, 1025.0 MB
[runlim] sample:		2999.8 time, 3000.2 real, 1369.4 MB
[runlim] sample:		3009.8 time, 3010.2 real, 1044.6 MB
[runlim] sample:		3019.8 time, 3020.2 real, 1044.6 MB
[runlim] sample:		3029.8 time, 3030.2 real, 1044.6 MB
[runlim] sample:		3039.8 time, 3040.2 real, 1042.6 MB
[runlim] sample:		3049.8 time, 3050.2 real, 1042.6 MB
[runlim] sample:		3059.8 time, 3060.2 real, 899.0 MB
[runlim] sample:		3069.8 time, 3070.2 real, 899.0 MB
[runlim] sample:		3079.8 time, 3080.2 real, 899.0 MB
[runlim] sample:		3089.8 time, 3090.2 real, 899.0 MB
[runlim] sample:		3099.8 time, 3100.2 real, 899.0 MB
[runlim] sample:		3109.8 time, 3110.2 real, 921.2 MB
[runlim] sample:		3119.8 time, 3120.2 real, 1160.8 MB
[runlim] sample:		3129.8 time, 3130.2 real, 1160.8 MB
[runlim] sample:		3139.8 time, 3140.2 real, 1160.8 MB
[runlim] sample:		3149.8 time, 3150.2 real, 1160.8 MB
[runlim] sample:		3159.8 time, 3160.2 real, 1053.0 MB
[runlim] sample:		3169.8 time, 3170.2 real, 1053.0 MB
[runlim] sample:		3179.8 time, 3180.2 real, 1053.0 MB
[runlim] sample:		3189.8 time, 3190.2 real, 1168.0 MB
[runlim] sample:		3199.8 time, 3200.2 real, 1168.0 MB
[runlim] sample:		3209.8 time, 3210.2 real, 1044.1 MB
[runlim] sample:		3219.8 time, 3220.2 real, 1063.3 MB
[runlim] sample:		3229.8 time, 3230.2 real, 1063.3 MB
[runlim] sample:		3239.8 time, 3240.2 real, 922.0 MB
[runlim] sample:		3249.8 time, 3250.2 real, 922.0 MB
[runlim] sample:		3259.8 time, 3260.2 real, 922.0 MB
[runlim] sample:		3269.8 time, 3270.2 real, 922.0 MB
[runlim] sample:		3279.8 time, 3280.2 real, 1006.4 MB
[runlim] sample:		3289.8 time, 3290.2 real, 1006.4 MB
[runlim] sample:		3299.8 time, 3300.2 real, 1006.4 MB
[runlim] sample:		3309.8 time, 3310.2 real, 1027.2 MB
[runlim] sample:		3319.8 time, 3320.2 real, 1013.1 MB
[runlim] sample:		3329.8 time, 3330.2 real, 1013.1 MB
[runlim] sample:		3339.8 time, 3340.2 real, 1013.1 MB
[runlim] sample:		3349.8 time, 3350.2 real, 1013.1 MB
[runlim] sample:		3359.8 time, 3360.2 real, 1013.1 MB
[runlim] sample:		3369.8 time, 3370.2 real, 1025.1 MB
[runlim] sample:		3379.8 time, 3380.2 real, 1025.1 MB
[runlim] sample:		3389.8 time, 3390.2 real, 1025.1 MB
[runlim] sample:		3399.8 time, 3400.2 real, 1010.0 MB
[runlim] sample:		3409.8 time, 3410.2 real, 1015.8 MB
[runlim] sample:		3419.8 time, 3420.2 real, 968.9 MB
[runlim] sample:		3429.8 time, 3430.2 real, 968.9 MB
[runlim] sample:		3439.8 time, 3440.2 real, 968.9 MB
[runlim] sample:		3449.8 time, 3450.2 real, 1009.8 MB
[runlim] sample:		3459.8 time, 3460.2 real, 1009.8 MB
[runlim] sample:		3469.8 time, 3470.2 real, 1009.8 MB
[runlim] sample:		3479.8 time, 3480.2 real, 1009.8 MB
[runlim] sample:		3489.8 time, 3490.2 real, 1020.7 MB
[runlim] sample:		3499.8 time, 3500.2 real, 1020.7 MB
[runlim] sample:		3509.8 time, 3510.2 real, 1020.7 MB
[runlim] sample:		3519.8 time, 3520.2 real, 1020.7 MB
[runlim] sample:		3529.8 time, 3530.2 real, 1041.7 MB
[runlim] sample:		3539.8 time, 3540.2 real, 1147.6 MB
[runlim] sample:		3549.8 time, 3550.2 real, 1252.8 MB
[runlim] sample:		3559.8 time, 3560.2 real, 1492.2 MB
[runlim] sample:		3569.8 time, 3570.2 real, 801.7 MB
[runlim] sample:		3579.8 time, 3580.2 real, 801.7 MB
[runlim] sample:		3589.8 time, 3590.2 real, 801.7 MB
c Signal interruption.
[runlim] end:			Mon Aug 26 11:55:29 2024
[runlim] status:		out of time
[runlim] result:		2
[runlim] children:		0
[runlim] real:			3600.08 seconds
[runlim] time:			3599.70 seconds
[runlim] space:			1920.6 MB
[runlim] samples:		35999
