[runlim] version:		1.10
[runlim] time limit:		3600 seconds
[runlim] real time limit:	3600 seconds
[runlim] space limit:		30000 MB
[runlim] argv[0]:		/home/truongxuanhieu/AntiBandwidthReconstruct/build/abw_enc_hybrid_NSC_binomial
[runlim] argv[1]:		/home/truongxuanhieu/AntiBandwidthReconstruct/build/Benchmarks/X-can__715.mtx.rnd
[runlim] argv[2]:		--duplexNSC
[runlim] start:			Mon Aug 26 12:55:42 2024
[runlim] main pid:		7199
[runlim] log captured:
c DuplexEncoder 0.8.
c Solving strategy: from LB to UB.
c LB-w = 112 (LB in Sinnl - A note on computational approaches for the antibandwidth problem).
c UB-w = 142 (UB in Sinnl - A note on computational approaches for the antibandwidth problem).
c Antibandwidth problem with w = 112 ( X-can__715.mtx.rnd ):
c Initializing CaDiCaL (version 1.2.1).
c	Configuring CaDiCaL as --sat (1).
c Initializing a DuplexNSC encoder with n = 715.
c Encoding starts with w = 112:
c	Labels and Vertices aux var: 74360
c	Labels and Vertices constraints:  1147575
c	Obj k aux var: 851565
c	Obj k constraints: 10681165
c	Obj k glue staircase constraints: 7134050
c	Encoding duration: 3s
c	Number of clauses: 11829097
c	Number of irredundant clauses: 11824485
c	Number of variables: 1437150
c SAT Solving starts:
[runlim] sample:		10.0 time, 11.0 real, 1728.6 MB
[runlim] sample:		20.0 time, 21.0 real, 1729.4 MB
[runlim] sample:		30.0 time, 31.0 real, 1765.3 MB
[runlim] sample:		40.0 time, 41.0 real, 1708.1 MB
[runlim] sample:		50.0 time, 51.0 real, 1777.3 MB
[runlim] sample:		60.0 time, 61.0 real, 1736.0 MB
[runlim] sample:		70.0 time, 71.0 real, 1736.0 MB
[runlim] sample:		80.0 time, 81.0 real, 1759.7 MB
[runlim] sample:		90.0 time, 91.0 real, 1737.4 MB
[runlim] sample:		100.0 time, 101.0 real, 1736.9 MB
[runlim] sample:		110.0 time, 111.0 real, 1787.4 MB
[runlim] sample:		120.0 time, 121.0 real, 1770.5 MB
[runlim] sample:		130.0 time, 131.0 real, 1632.7 MB
[runlim] sample:		140.0 time, 141.0 real, 1735.6 MB
[runlim] sample:		150.0 time, 151.0 real, 1747.1 MB
[runlim] sample:		160.0 time, 161.0 real, 2050.3 MB
[runlim] sample:		170.0 time, 171.0 real, 1783.0 MB
[runlim] sample:		180.0 time, 181.0 real, 1781.2 MB
[runlim] sample:		189.9 time, 191.0 real, 1815.2 MB
[runlim] sample:		199.9 time, 201.0 real, 1784.7 MB
[runlim] sample:		209.9 time, 211.0 real, 1737.1 MB
[runlim] sample:		220.0 time, 221.0 real, 2176.2 MB
[runlim] sample:		230.0 time, 231.0 real, 1896.3 MB
[runlim] sample:		240.0 time, 241.0 real, 1896.3 MB
[runlim] sample:		249.9 time, 251.0 real, 1907.8 MB
[runlim] sample:		259.9 time, 261.0 real, 1955.6 MB
[runlim] sample:		269.9 time, 271.0 real, 1853.6 MB
[runlim] sample:		279.9 time, 281.0 real, 1785.0 MB
[runlim] sample:		290.0 time, 291.0 real, 1933.8 MB
[runlim] sample:		300.0 time, 301.0 real, 1792.7 MB
[runlim] sample:		309.9 time, 311.0 real, 1786.0 MB
[runlim] sample:		319.9 time, 321.0 real, 1744.1 MB
[runlim] sample:		329.9 time, 331.0 real, 1737.3 MB
[runlim] sample:		339.9 time, 341.0 real, 1751.1 MB
[runlim] sample:		349.9 time, 351.0 real, 1774.9 MB
[runlim] sample:		359.9 time, 361.0 real, 1774.9 MB
[runlim] sample:		369.9 time, 371.0 real, 1796.1 MB
[runlim] sample:		379.9 time, 381.0 real, 1796.1 MB
[runlim] sample:		389.9 time, 391.0 real, 1886.0 MB
[runlim] sample:		399.9 time, 401.0 real, 1886.0 MB
[runlim] sample:		409.9 time, 411.0 real, 2348.9 MB
[runlim] sample:		419.9 time, 421.0 real, 1965.7 MB
[runlim] sample:		429.9 time, 431.0 real, 1965.7 MB
[runlim] sample:		439.9 time, 441.0 real, 1965.7 MB
[runlim] sample:		449.9 time, 451.0 real, 2071.7 MB
[runlim] sample:		459.9 time, 461.0 real, 2130.3 MB
[runlim] sample:		469.9 time, 471.0 real, 2304.0 MB
[runlim] sample:		479.9 time, 481.0 real, 2304.0 MB
[runlim] sample:		489.9 time, 491.0 real, 2304.0 MB
[runlim] sample:		499.9 time, 501.0 real, 2304.0 MB
[runlim] sample:		509.9 time, 511.0 real, 2316.7 MB
[runlim] sample:		519.9 time, 521.0 real, 2316.7 MB
[runlim] sample:		529.9 time, 531.0 real, 1938.6 MB
[runlim] sample:		539.9 time, 541.0 real, 1897.0 MB
[runlim] sample:		549.9 time, 551.0 real, 1920.7 MB
[runlim] sample:		559.9 time, 561.0 real, 1920.7 MB
[runlim] sample:		569.9 time, 571.0 real, 1913.1 MB
[runlim] sample:		579.9 time, 581.0 real, 2242.1 MB
[runlim] sample:		589.9 time, 591.0 real, 1920.6 MB
[runlim] sample:		599.9 time, 601.0 real, 1896.7 MB
[runlim] sample:		609.9 time, 611.0 real, 1871.7 MB
[runlim] sample:		619.9 time, 621.0 real, 1920.5 MB
[runlim] sample:		629.9 time, 631.0 real, 1920.5 MB
[runlim] sample:		639.9 time, 641.0 real, 1921.2 MB
[runlim] sample:		649.9 time, 651.0 real, 1921.2 MB
[runlim] sample:		659.9 time, 661.0 real, 1921.2 MB
[runlim] sample:		669.9 time, 671.0 real, 2316.6 MB
[runlim] sample:		679.9 time, 681.0 real, 2316.6 MB
[runlim] sample:		689.9 time, 691.0 real, 2316.6 MB
[runlim] sample:		699.9 time, 701.0 real, 2316.6 MB
[runlim] sample:		709.9 time, 711.0 real, 2166.3 MB
[runlim] sample:		719.9 time, 721.0 real, 2166.3 MB
[runlim] sample:		729.9 time, 731.0 real, 2155.1 MB
[runlim] sample:		739.9 time, 741.0 real, 2121.3 MB
[runlim] sample:		749.9 time, 751.0 real, 1891.3 MB
[runlim] sample:		759.9 time, 761.0 real, 1891.3 MB
[runlim] sample:		769.9 time, 771.0 real, 2017.0 MB
[runlim] sample:		779.9 time, 781.0 real, 2063.6 MB
[runlim] sample:		789.9 time, 791.0 real, 1893.1 MB
[runlim] sample:		799.9 time, 801.0 real, 1929.1 MB
[runlim] sample:		809.9 time, 811.0 real, 1929.1 MB
[runlim] sample:		819.9 time, 821.0 real, 1941.9 MB
[runlim] sample:		829.9 time, 831.0 real, 1941.9 MB
[runlim] sample:		839.9 time, 841.0 real, 1953.6 MB
[runlim] sample:		849.9 time, 851.0 real, 2041.2 MB
[runlim] sample:		859.9 time, 861.0 real, 2041.2 MB
[runlim] sample:		869.9 time, 871.0 real, 2041.2 MB
[runlim] sample:		879.9 time, 881.0 real, 2039.5 MB
[runlim] sample:		889.9 time, 891.0 real, 2039.7 MB
[runlim] sample:		899.9 time, 901.0 real, 2189.8 MB
[runlim] sample:		909.9 time, 911.0 real, 2189.8 MB
[runlim] sample:		919.9 time, 921.0 real, 2189.8 MB
[runlim] sample:		929.9 time, 931.0 real, 2189.8 MB
[runlim] sample:		939.9 time, 941.0 real, 2191.0 MB
[runlim] sample:		949.9 time, 951.0 real, 2349.2 MB
[runlim] sample:		959.9 time, 961.0 real, 2349.2 MB
[runlim] sample:		969.9 time, 971.0 real, 2349.2 MB
[runlim] sample:		979.9 time, 981.0 real, 2231.6 MB
[runlim] sample:		989.9 time, 991.0 real, 2190.3 MB
[runlim] sample:		999.9 time, 1001.0 real, 2190.3 MB
[runlim] sample:		1009.9 time, 1011.0 real, 1919.7 MB
[runlim] sample:		1019.9 time, 1021.0 real, 1919.7 MB
[runlim] sample:		1029.8 time, 1031.0 real, 1919.7 MB
[runlim] sample:		1039.8 time, 1041.0 real, 1903.0 MB
[runlim] sample:		1049.8 time, 1051.0 real, 1948.1 MB
[runlim] sample:		1059.8 time, 1061.0 real, 1948.1 MB
[runlim] sample:		1069.8 time, 1071.0 real, 1953.5 MB
[runlim] sample:		1079.8 time, 1081.0 real, 1906.1 MB
[runlim] sample:		1089.8 time, 1091.0 real, 1897.3 MB
[runlim] sample:		1099.8 time, 1101.0 real, 2192.3 MB
[runlim] sample:		1109.8 time, 1111.0 real, 1945.9 MB
[runlim] sample:		1119.8 time, 1121.0 real, 1945.9 MB
[runlim] sample:		1129.8 time, 1131.0 real, 1945.9 MB
[runlim] sample:		1139.8 time, 1141.0 real, 1956.7 MB
[runlim] sample:		1149.8 time, 1151.0 real, 1956.7 MB
[runlim] sample:		1159.8 time, 1161.0 real, 1956.7 MB
[runlim] sample:		1169.8 time, 1171.0 real, 1956.7 MB
[runlim] sample:		1179.8 time, 1181.0 real, 2192.2 MB
[runlim] sample:		1189.8 time, 1191.0 real, 2192.2 MB
[runlim] sample:		1199.8 time, 1201.0 real, 2192.2 MB
[runlim] sample:		1209.8 time, 1211.0 real, 2192.2 MB
[runlim] sample:		1219.8 time, 1221.0 real, 2192.2 MB
[runlim] sample:		1229.8 time, 1231.0 real, 2192.2 MB
[runlim] sample:		1239.8 time, 1241.0 real, 2192.2 MB
[runlim] sample:		1249.8 time, 1251.0 real, 2216.1 MB
[runlim] sample:		1259.8 time, 1261.0 real, 2292.9 MB
[runlim] sample:		1269.8 time, 1271.0 real, 2377.0 MB
[runlim] sample:		1279.8 time, 1281.0 real, 2454.6 MB
[runlim] sample:		1289.8 time, 1291.0 real, 2523.4 MB
[runlim] sample:		1299.8 time, 1301.0 real, 2592.0 MB
[runlim] sample:		1309.8 time, 1311.0 real, 2659.6 MB
[runlim] sample:		1319.8 time, 1321.0 real, 2731.7 MB
[runlim] sample:		1329.8 time, 1331.0 real, 2800.8 MB
[runlim] sample:		1339.8 time, 1341.0 real, 2863.0 MB
[runlim] sample:		1349.8 time, 1351.0 real, 2934.1 MB
[runlim] sample:		1359.8 time, 1361.0 real, 3001.7 MB
[runlim] sample:		1369.8 time, 1371.0 real, 3640.8 MB
[runlim] sample:		1379.8 time, 1381.0 real, 3029.2 MB
[runlim] sample:		1389.8 time, 1391.0 real, 3174.3 MB
[runlim] sample:		1399.8 time, 1401.0 real, 3174.3 MB
[runlim] sample:		1409.8 time, 1411.0 real, 3174.3 MB
[runlim] sample:		1419.8 time, 1421.0 real, 1937.7 MB
[runlim] sample:		1429.8 time, 1431.0 real, 2219.4 MB
[runlim] sample:		1439.8 time, 1441.0 real, 1952.4 MB
[runlim] sample:		1449.8 time, 1451.0 real, 1958.8 MB
[runlim] sample:		1459.8 time, 1461.0 real, 1958.8 MB
[runlim] sample:		1469.8 time, 1471.0 real, 1956.5 MB
[runlim] sample:		1479.8 time, 1481.0 real, 1935.1 MB
[runlim] sample:		1489.8 time, 1491.0 real, 2032.7 MB
[runlim] sample:		1499.8 time, 1501.0 real, 2032.7 MB
[runlim] sample:		1509.8 time, 1511.0 real, 1935.1 MB
[runlim] sample:		1519.8 time, 1521.0 real, 1935.1 MB
[runlim] sample:		1529.8 time, 1531.0 real, 1935.1 MB
[runlim] sample:		1539.8 time, 1541.0 real, 1935.1 MB
[runlim] sample:		1549.8 time, 1551.0 real, 1935.1 MB
[runlim] sample:		1559.8 time, 1561.0 real, 1949.8 MB
[runlim] sample:		1569.8 time, 1571.0 real, 2102.9 MB
[runlim] sample:		1579.8 time, 1581.0 real, 2245.7 MB
[runlim] sample:		1589.8 time, 1591.0 real, 2397.3 MB
[runlim] sample:		1599.8 time, 1601.0 real, 2527.0 MB
[runlim] sample:		1609.8 time, 1611.0 real, 2653.3 MB
[runlim] sample:		1619.8 time, 1621.0 real, 2799.4 MB
[runlim] sample:		1629.8 time, 1631.0 real, 2883.8 MB
[runlim] sample:		1639.8 time, 1641.0 real, 4070.5 MB
[runlim] sample:		1649.8 time, 1651.0 real, 4070.5 MB
[runlim] sample:		1659.8 time, 1661.0 real, 3983.1 MB
[runlim] sample:		1669.8 time, 1671.0 real, 4121.0 MB
[runlim] sample:		1679.8 time, 1681.0 real, 5207.3 MB
[runlim] sample:		1689.8 time, 1691.0 real, 3536.2 MB
[runlim] sample:		1699.8 time, 1701.0 real, 2895.4 MB
[runlim] sample:		1709.8 time, 1711.0 real, 2895.4 MB
[runlim] sample:		1719.8 time, 1721.0 real, 2895.4 MB
[runlim] sample:		1729.8 time, 1731.0 real, 2797.4 MB
[runlim] sample:		1739.8 time, 1741.0 real, 2850.0 MB
[runlim] sample:		1749.8 time, 1751.0 real, 2850.0 MB
[runlim] sample:		1759.8 time, 1761.0 real, 2850.0 MB
[runlim] sample:		1769.8 time, 1771.0 real, 2850.0 MB
[runlim] sample:		1779.8 time, 1781.0 real, 3053.5 MB
[runlim] sample:		1789.8 time, 1791.0 real, 3053.5 MB
[runlim] sample:		1799.8 time, 1801.0 real, 3053.5 MB
[runlim] sample:		1809.8 time, 1811.0 real, 3053.5 MB
[runlim] sample:		1819.8 time, 1821.0 real, 2989.7 MB
[runlim] sample:		1829.8 time, 1831.0 real, 2989.7 MB
[runlim] sample:		1839.8 time, 1841.0 real, 2989.7 MB
[runlim] sample:		1849.8 time, 1851.0 real, 3365.9 MB
[runlim] sample:		1859.8 time, 1861.0 real, 2879.0 MB
[runlim] sample:		1869.8 time, 1871.0 real, 2879.0 MB
[runlim] sample:		1879.8 time, 1881.0 real, 2871.3 MB
[runlim] sample:		1889.8 time, 1891.0 real, 2871.3 MB
[runlim] sample:		1899.8 time, 1901.0 real, 2871.3 MB
[runlim] sample:		1909.8 time, 1911.0 real, 2871.3 MB
[runlim] sample:		1919.8 time, 1921.0 real, 2871.3 MB
[runlim] sample:		1929.8 time, 1931.0 real, 2950.3 MB
[runlim] sample:		1939.8 time, 1941.0 real, 2950.3 MB
[runlim] sample:		1949.8 time, 1951.0 real, 2950.3 MB
[runlim] sample:		1959.8 time, 1961.0 real, 2852.5 MB
[runlim] sample:		1969.8 time, 1971.0 real, 2852.5 MB
[runlim] sample:		1979.8 time, 1981.0 real, 2852.5 MB
[runlim] sample:		1989.8 time, 1991.0 real, 2852.5 MB
[runlim] sample:		1999.8 time, 2001.0 real, 2852.5 MB
[runlim] sample:		2009.8 time, 2011.0 real, 2852.6 MB
[runlim] sample:		2019.8 time, 2021.0 real, 2918.6 MB
[runlim] sample:		2029.8 time, 2031.0 real, 2858.7 MB
[runlim] sample:		2039.8 time, 2041.0 real, 3339.8 MB
[runlim] sample:		2049.8 time, 2051.0 real, 3339.8 MB
[runlim] sample:		2059.8 time, 2061.0 real, 3339.8 MB
[runlim] sample:		2069.8 time, 2071.0 real, 2868.0 MB
[runlim] sample:		2079.8 time, 2081.0 real, 2868.0 MB
[runlim] sample:		2089.8 time, 2091.0 real, 3215.7 MB
[runlim] sample:		2099.8 time, 2101.0 real, 2915.8 MB
[runlim] sample:		2109.8 time, 2111.0 real, 2858.0 MB
[runlim] sample:		2119.8 time, 2121.0 real, 2858.0 MB
[runlim] sample:		2129.8 time, 2131.0 real, 2858.0 MB
[runlim] sample:		2139.8 time, 2141.0 real, 2858.0 MB
[runlim] sample:		2149.8 time, 2151.0 real, 2858.4 MB
[runlim] sample:		2159.8 time, 2161.0 real, 2858.4 MB
[runlim] sample:		2169.8 time, 2171.0 real, 3643.9 MB
[runlim] sample:		2179.8 time, 2181.0 real, 3296.3 MB
[runlim] sample:		2189.8 time, 2191.0 real, 3296.3 MB
[runlim] sample:		2199.8 time, 2201.0 real, 3737.7 MB
[runlim] sample:		2209.8 time, 2211.0 real, 2952.2 MB
[runlim] sample:		2219.8 time, 2221.0 real, 3010.1 MB
[runlim] sample:		2229.8 time, 2231.0 real, 3318.2 MB
[runlim] sample:		2239.8 time, 2241.0 real, 2876.8 MB
[runlim] sample:		2249.8 time, 2251.0 real, 2876.8 MB
[runlim] sample:		2259.8 time, 2261.0 real, 2876.8 MB
[runlim] sample:		2269.8 time, 2271.0 real, 2876.8 MB
[runlim] sample:		2279.8 time, 2281.0 real, 2876.8 MB
[runlim] sample:		2289.8 time, 2291.0 real, 2876.8 MB
[runlim] sample:		2299.8 time, 2301.0 real, 2876.8 MB
[runlim] sample:		2309.8 time, 2311.0 real, 2876.8 MB
[runlim] sample:		2319.8 time, 2321.0 real, 3634.3 MB
[runlim] sample:		2329.8 time, 2331.0 real, 3634.3 MB
[runlim] sample:		2339.8 time, 2341.0 real, 3634.3 MB
[runlim] sample:		2349.8 time, 2351.0 real, 3634.3 MB
[runlim] sample:		2359.8 time, 2361.0 real, 3634.3 MB
[runlim] sample:		2369.8 time, 2371.0 real, 3634.3 MB
[runlim] sample:		2379.8 time, 2381.0 real, 3634.3 MB
[runlim] sample:		2389.8 time, 2391.0 real, 3634.3 MB
[runlim] sample:		2399.8 time, 2401.0 real, 3634.3 MB
[runlim] sample:		2409.8 time, 2411.0 real, 3634.3 MB
[runlim] sample:		2419.8 time, 2421.0 real, 3634.3 MB
[runlim] sample:		2429.8 time, 2431.0 real, 3634.3 MB
[runlim] sample:		2439.8 time, 2441.0 real, 3692.1 MB
[runlim] sample:		2449.8 time, 2451.0 real, 3807.8 MB
[runlim] sample:		2459.8 time, 2461.0 real, 3807.8 MB
[runlim] sample:		2469.8 time, 2471.0 real, 4203.1 MB
[runlim] sample:		2479.8 time, 2481.0 real, 2965.9 MB
[runlim] sample:		2489.8 time, 2491.0 real, 2965.9 MB
[runlim] sample:		2499.8 time, 2501.0 real, 2965.9 MB
[runlim] sample:		2509.8 time, 2511.0 real, 2965.9 MB
[runlim] sample:		2519.8 time, 2521.0 real, 2965.9 MB
[runlim] sample:		2529.8 time, 2531.0 real, 3171.2 MB
[runlim] sample:		2539.8 time, 2541.0 real, 3171.2 MB
[runlim] sample:		2549.8 time, 2551.0 real, 3171.2 MB
[runlim] sample:		2559.8 time, 2561.0 real, 3171.2 MB
[runlim] sample:		2569.8 time, 2571.0 real, 3113.4 MB
[runlim] sample:		2579.8 time, 2581.0 real, 3113.4 MB
[runlim] sample:		2589.8 time, 2591.0 real, 3115.0 MB
[runlim] sample:		2599.8 time, 2601.0 real, 3115.0 MB
[runlim] sample:		2609.8 time, 2611.0 real, 3115.0 MB
[runlim] sample:		2619.8 time, 2621.0 real, 3115.0 MB
[runlim] sample:		2629.8 time, 2631.0 real, 3115.0 MB
[runlim] sample:		2639.8 time, 2641.0 real, 2962.0 MB
[runlim] sample:		2649.8 time, 2651.0 real, 3019.9 MB
[runlim] sample:		2659.8 time, 2661.0 real, 2962.0 MB
[runlim] sample:		2669.8 time, 2671.0 real, 2962.0 MB
[runlim] sample:		2679.8 time, 2681.0 real, 2930.2 MB
[runlim] sample:		2689.8 time, 2691.0 real, 2930.2 MB
[runlim] sample:		2699.8 time, 2701.0 real, 2891.0 MB
[runlim] sample:		2709.8 time, 2711.0 real, 2891.0 MB
[runlim] sample:		2719.8 time, 2721.0 real, 2891.0 MB
[runlim] sample:		2729.8 time, 2731.0 real, 2891.0 MB
[runlim] sample:		2739.8 time, 2741.0 real, 2914.8 MB
[runlim] sample:		2749.8 time, 2751.0 real, 2914.8 MB
[runlim] sample:		2759.8 time, 2761.0 real, 2914.8 MB
[runlim] sample:		2769.8 time, 2771.0 real, 2914.8 MB
[runlim] sample:		2779.8 time, 2781.0 real, 3159.7 MB
[runlim] sample:		2789.8 time, 2791.0 real, 3159.7 MB
[runlim] sample:		2799.8 time, 2801.0 real, 3159.7 MB
[runlim] sample:		2809.8 time, 2811.0 real, 3159.7 MB
[runlim] sample:		2819.8 time, 2821.0 real, 3159.7 MB
[runlim] sample:		2829.8 time, 2831.0 real, 3159.7 MB
[runlim] sample:		2839.8 time, 2841.0 real, 3159.7 MB
[runlim] sample:		2849.8 time, 2851.0 real, 3195.2 MB
[runlim] sample:		2859.8 time, 2861.0 real, 3938.9 MB
[runlim] sample:		2869.8 time, 2871.0 real, 3938.9 MB
[runlim] sample:		2879.8 time, 2881.0 real, 3938.9 MB
[runlim] sample:		2889.8 time, 2891.0 real, 3938.9 MB
[runlim] sample:		2899.8 time, 2901.0 real, 3938.9 MB
[runlim] sample:		2909.8 time, 2911.0 real, 3938.9 MB
[runlim] sample:		2919.8 time, 2921.0 real, 4339.2 MB
c	Solving duration: 2922083 ms
c	Answer: 
s SAT (w = 112)
AB is set to 387
Node 9 : 456
Node 80 : 69
AB is set to 247
Node 9 : 456
Node 224 : 703
AB is set to 115
Node 9 : 456
Node 275 : 571
AB is set to 114
Node 3 : 342
Node 9 : 456
AB is set to 113
Node 9 : 456
Node 61 : 569
AB is set to 112
Node 28 : 478
Node 351 : 590
c	Solution check:
p calculated antibandwidth = 112.
c
c
c Antibandwidth problem with w = 113 ( X-can__715.mtx.rnd ):
c Initializing CaDiCaL (version 1.2.1).
c	Configuring CaDiCaL as --sat (1).
c Initializing a DuplexNSC encoder with n = 715.
c Encoding starts with w = 113:
c	Labels and Vertices aux var: 74360
c	Labels and Vertices constraints:  1147575
c	Obj k aux var: 850135
c	Obj k constraints: 10669265
c	Obj k glue staircase constraints: 7122150
c	Encoding duration: 3s
c	Number of clauses: 11817197
c	Number of irredundant clauses: 11812579
c	Number of variables: 1435720
c SAT Solving starts:
[runlim] sample:		2929.8 time, 2931.0 real, 2299.2 MB
[runlim] sample:		2939.8 time, 2941.0 real, 2574.0 MB
[runlim] sample:		2949.8 time, 2951.0 real, 2621.6 MB
[runlim] sample:		2959.8 time, 2961.0 real, 2723.5 MB
[runlim] sample:		2969.8 time, 2971.0 real, 2896.1 MB
[runlim] sample:		2979.7 time, 2981.0 real, 2621.7 MB
[runlim] sample:		2989.7 time, 2991.0 real, 2621.7 MB
[runlim] sample:		2999.7 time, 3001.0 real, 2722.9 MB
[runlim] sample:		3009.7 time, 3011.0 real, 2727.2 MB
[runlim] sample:		3019.7 time, 3021.0 real, 2732.9 MB
[runlim] sample:		3029.7 time, 3031.0 real, 2610.7 MB
[runlim] sample:		3039.7 time, 3041.0 real, 2612.9 MB
[runlim] sample:		3049.7 time, 3051.0 real, 2612.9 MB
[runlim] sample:		3059.7 time, 3061.0 real, 2782.5 MB
[runlim] sample:		3069.7 time, 3071.0 real, 2581.7 MB
[runlim] sample:		3079.7 time, 3081.0 real, 2584.4 MB
[runlim] sample:		3089.7 time, 3091.0 real, 2584.4 MB
[runlim] sample:		3099.7 time, 3101.0 real, 2582.2 MB
[runlim] sample:		3109.7 time, 3111.0 real, 2618.7 MB
[runlim] sample:		3119.7 time, 3121.0 real, 2686.9 MB
[runlim] sample:		3129.7 time, 3131.0 real, 2686.9 MB
[runlim] sample:		3139.7 time, 3141.0 real, 2633.0 MB
[runlim] sample:		3149.7 time, 3151.0 real, 2633.0 MB
[runlim] sample:		3159.7 time, 3161.0 real, 2633.0 MB
[runlim] sample:		3169.7 time, 3171.0 real, 2633.0 MB
[runlim] sample:		3179.7 time, 3181.0 real, 2869.4 MB
[runlim] sample:		3189.7 time, 3191.0 real, 2905.3 MB
[runlim] sample:		3199.7 time, 3201.0 real, 2905.3 MB
[runlim] sample:		3209.7 time, 3211.0 real, 2615.7 MB
[runlim] sample:		3219.7 time, 3221.0 real, 2677.8 MB
[runlim] sample:		3229.7 time, 3231.0 real, 2677.8 MB
[runlim] sample:		3239.7 time, 3241.0 real, 2642.0 MB
[runlim] sample:		3249.7 time, 3251.0 real, 2686.8 MB
[runlim] sample:		3259.7 time, 3261.0 real, 2686.8 MB
[runlim] sample:		3269.7 time, 3271.0 real, 2904.0 MB
[runlim] sample:		3279.7 time, 3281.0 real, 2905.5 MB
[runlim] sample:		3289.7 time, 3291.0 real, 2630.7 MB
[runlim] sample:		3299.7 time, 3301.0 real, 2651.5 MB
[runlim] sample:		3309.7 time, 3311.0 real, 2754.1 MB
[runlim] sample:		3319.7 time, 3321.0 real, 2652.2 MB
[runlim] sample:		3329.7 time, 3331.0 real, 2754.1 MB
[runlim] sample:		3339.7 time, 3341.0 real, 3034.6 MB
[runlim] sample:		3349.7 time, 3351.0 real, 2728.8 MB
[runlim] sample:		3359.7 time, 3361.0 real, 2732.3 MB
[runlim] sample:		3369.7 time, 3371.0 real, 2583.3 MB
[runlim] sample:		3379.7 time, 3381.0 real, 2625.2 MB
[runlim] sample:		3389.7 time, 3391.0 real, 2625.1 MB
[runlim] sample:		3399.7 time, 3401.0 real, 2625.1 MB
[runlim] sample:		3409.7 time, 3411.0 real, 2625.1 MB
[runlim] sample:		3419.7 time, 3421.0 real, 2625.1 MB
[runlim] sample:		3429.7 time, 3431.0 real, 2625.1 MB
[runlim] sample:		3439.7 time, 3441.0 real, 2978.6 MB
[runlim] sample:		3449.7 time, 3451.0 real, 2978.6 MB
[runlim] sample:		3459.7 time, 3461.0 real, 2635.2 MB
[runlim] sample:		3469.7 time, 3471.0 real, 2635.2 MB
[runlim] sample:		3479.7 time, 3481.0 real, 2635.2 MB
[runlim] sample:		3489.7 time, 3491.0 real, 2635.2 MB
[runlim] sample:		3499.7 time, 3501.0 real, 2636.0 MB
[runlim] sample:		3509.7 time, 3511.0 real, 2636.0 MB
[runlim] sample:		3519.7 time, 3521.0 real, 2721.7 MB
[runlim] sample:		3529.7 time, 3531.0 real, 2721.7 MB
[runlim] sample:		3539.7 time, 3541.0 real, 2721.7 MB
[runlim] sample:		3549.7 time, 3551.0 real, 2721.7 MB
[runlim] sample:		3559.7 time, 3561.0 real, 2745.7 MB
[runlim] sample:		3569.7 time, 3571.0 real, 2848.2 MB
[runlim] sample:		3579.7 time, 3581.0 real, 2745.7 MB
[runlim] sample:		3589.7 time, 3591.0 real, 2745.7 MB
c Signal interruption.
[runlim] end:			Mon Aug 26 13:55:42 2024
[runlim] status:		out of time
[runlim] result:		2
[runlim] children:		0
[runlim] real:			3600.12 seconds
[runlim] time:			3598.76 seconds
[runlim] space:			5207.3 MB
[runlim] samples:		35991
