[runlim] version:		1.10
[runlim] time limit:		900 seconds
[runlim] real time limit:	900 seconds
[runlim] space limit:		30000 MB
[runlim] argv[0]:		/home/truongxuanhieu/AntiBandwidthReconstruct/build/abw_enc
[runlim] argv[1]:		/home/truongxuanhieu/AntiBandwidthReconstruct/build/Benchmarks/M-bcsstk06.mtx.rnd
[runlim] argv[2]:		--duplexNSC
[runlim] start:			Wed Aug 14 05:59:37 2024
[runlim] main pid:		5988
[runlim] log captured:
c DuplexEncoder 0.8.
c Solving strategy: from LB to UB.
c LB-w = 28 (LB in Sinnl - A note on computational approaches for the antibandwidth problem).
c UB-w = 72 (UB in Sinnl - A note on computational approaches for the antibandwidth problem).
c Antibandwidth problem with w = 28 ( M-bcsstk06.mtx.rnd ):
c Initializing CaDiCaL (version 1.2.1).
c	Configuring CaDiCaL as --sat (1).
c Initializing a DuplexNSC encoder with n = 420.
c Encoding starts with w = 28:
c	Labels and Vertices aux var: 32760
c	Labels and Vertices constraints:  445200
c	Obj k aux var: 312060
c	Obj k constraints: 6961860
c	Obj k glue staircase constraints: 5680440
c	Encoding duration: 2s
c	Number of clauses: 7407270
c	Number of irredundant clauses: 7405051
c	Number of variables: 521220
c SAT Solving starts:
c	Solving duration: 1578 ms
c	Answer: 
s SAT (w = 28)
c	Solution check:
p calculated antibandwidth = 28.
c
c
c Antibandwidth problem with w = 29 ( M-bcsstk06.mtx.rnd ):
c Initializing CaDiCaL (version 1.2.1).
c	Configuring CaDiCaL as --sat (1).
c Initializing a DuplexNSC encoder with n = 420.
c Encoding starts with w = 29:
c	Labels and Vertices aux var: 32760
c	Labels and Vertices constraints:  445200
c	Obj k aux var: 317520
c	Obj k constraints: 6974520
c	Obj k glue staircase constraints: 5676720
c	Encoding duration: 2s
c	Number of clauses: 7419930
c	Number of irredundant clauses: 7417767
c	Number of variables: 526680
c SAT Solving starts:
[runlim] sample:		10.0 time, 10.0 real, 1134.9 MB
c	Solving duration: 9869 ms
c	Answer: 
s SAT (w = 29)
c	Solution check:
p calculated antibandwidth = 29.
c
c
c Antibandwidth problem with w = 30 ( M-bcsstk06.mtx.rnd ):
c Initializing CaDiCaL (version 1.2.1).
c	Configuring CaDiCaL as --sat (1).
c Initializing a DuplexNSC encoder with n = 420.
c Encoding starts with w = 30:
c	Labels and Vertices aux var: 32760
c	Labels and Vertices constraints:  439320
c	Obj k aux var: 311640
c	Obj k constraints: 6940740
c	Obj k glue staircase constraints: 5661840
c	Encoding duration: 2s
c	Number of clauses: 7380270
c	Number of irredundant clauses: 7378124
c	Number of variables: 520800
c SAT Solving starts:
[runlim] sample:		20.0 time, 20.0 real, 825.5 MB
[runlim] sample:		30.0 time, 30.0 real, 990.6 MB
c	Solving duration: 11855 ms
c	Answer: 
s SAT (w = 30)
c	Solution check:
p calculated antibandwidth = 30.
c
c
c Antibandwidth problem with w = 31 ( M-bcsstk06.mtx.rnd ):
c Initializing CaDiCaL (version 1.2.1).
c	Configuring CaDiCaL as --sat (1).
c Initializing a DuplexNSC encoder with n = 420.
c Encoding starts with w = 31:
c	Labels and Vertices aux var: 32760
c	Labels and Vertices constraints:  439320
c	Obj k aux var: 316680
c	Obj k constraints: 6952140
c	Obj k glue staircase constraints: 5658120
c	Encoding duration: 2s
c	Number of clauses: 7391670
c	Number of irredundant clauses: 7389510
c	Number of variables: 525840
c SAT Solving starts:
[runlim] sample:		40.0 time, 40.0 real, 971.5 MB
[runlim] sample:		50.0 time, 50.0 real, 1011.3 MB
[runlim] sample:		60.0 time, 60.0 real, 1011.1 MB
[runlim] sample:		70.0 time, 70.0 real, 1010.8 MB
[runlim] sample:		80.0 time, 80.0 real, 1033.4 MB
[runlim] sample:		90.0 time, 90.0 real, 1024.7 MB
[runlim] sample:		100.0 time, 100.0 real, 1036.0 MB
[runlim] sample:		110.0 time, 110.0 real, 1034.3 MB
[runlim] sample:		120.0 time, 120.0 real, 1072.8 MB
[runlim] sample:		130.0 time, 130.0 real, 1257.0 MB
[runlim] sample:		140.0 time, 140.0 real, 1018.2 MB
[runlim] sample:		150.0 time, 150.0 real, 1015.3 MB
[runlim] sample:		160.0 time, 160.0 real, 1021.3 MB
[runlim] sample:		170.0 time, 170.0 real, 1032.3 MB
[runlim] sample:		180.0 time, 180.0 real, 1025.2 MB
c	Solving duration: 151233 ms
c	Answer: 
s SAT (w = 31)
c	Solution check:
p calculated antibandwidth = 31.
c
c
c Antibandwidth problem with w = 32 ( M-bcsstk06.mtx.rnd ):
c Initializing CaDiCaL (version 1.2.1).
c	Configuring CaDiCaL as --sat (1).
c Initializing a DuplexNSC encoder with n = 420.
c Encoding starts with w = 32:
c	Labels and Vertices aux var: 32760
c	Labels and Vertices constraints:  439320
c	Obj k aux var: 321720
c	Obj k constraints: 6951960
c	Obj k glue staircase constraints: 5643240
c	Encoding duration: 2s
c	Number of clauses: 7391490
c	Number of irredundant clauses: 7389317
c	Number of variables: 530880
c SAT Solving starts:
[runlim] sample:		190.0 time, 190.0 real, 967.6 MB
[runlim] sample:		200.0 time, 200.0 real, 999.4 MB
[runlim] sample:		209.9 time, 210.0 real, 1000.2 MB
[runlim] sample:		219.9 time, 220.0 real, 983.2 MB
[runlim] sample:		229.9 time, 230.0 real, 1006.4 MB
c	Solving duration: 50961 ms
c	Answer: 
s SAT (w = 32)
c	Solution check:
p calculated antibandwidth = 32.
c
c
c Antibandwidth problem with w = 33 ( M-bcsstk06.mtx.rnd ):
c Initializing CaDiCaL (version 1.2.1).
c	Configuring CaDiCaL as --sat (1).
c Initializing a DuplexNSC encoder with n = 420.
c Encoding starts with w = 33:
c	Labels and Vertices aux var: 32760
c	Labels and Vertices constraints:  433860
c	Obj k aux var: 314160
c	Obj k constraints: 6924720
c	Obj k glue staircase constraints: 5639520
c	Encoding duration: 1s
c	Number of clauses: 7358790
c	Number of irredundant clauses: 7356778
c	Number of variables: 523320
c SAT Solving starts:
[runlim] sample:		239.9 time, 240.0 real, 787.6 MB
[runlim] sample:		249.9 time, 250.0 real, 993.7 MB
[runlim] sample:		259.9 time, 260.0 real, 998.8 MB
[runlim] sample:		269.9 time, 270.0 real, 999.9 MB
[runlim] sample:		279.9 time, 280.0 real, 1000.0 MB
[runlim] sample:		289.9 time, 290.0 real, 1001.2 MB
[runlim] sample:		299.9 time, 300.0 real, 1231.7 MB
[runlim] sample:		309.9 time, 310.0 real, 1003.9 MB
[runlim] sample:		319.9 time, 320.0 real, 1015.9 MB
[runlim] sample:		329.9 time, 330.0 real, 1002.7 MB
[runlim] sample:		339.9 time, 340.0 real, 1004.1 MB
[runlim] sample:		349.9 time, 350.0 real, 1004.9 MB
[runlim] sample:		359.9 time, 360.0 real, 1013.9 MB
[runlim] sample:		369.9 time, 370.0 real, 1058.4 MB
c	Solving duration: 139508 ms
c	Answer: 
s SAT (w = 33)
c	Solution check:
p calculated antibandwidth = 33.
c
c
c Antibandwidth problem with w = 34 ( M-bcsstk06.mtx.rnd ):
c Initializing CaDiCaL (version 1.2.1).
c	Configuring CaDiCaL as --sat (1).
c Initializing a DuplexNSC encoder with n = 420.
c Encoding starts with w = 34:
[runlim] sample:		379.9 time, 380.0 real, 769.8 MB
c	Labels and Vertices aux var: 32760
c	Labels and Vertices constraints:  433860
c	Obj k aux var: 318780
c	Obj k constraints: 6923280
c	Obj k glue staircase constraints: 5624640
c	Encoding duration: 2s
c	Number of clauses: 7357350
c	Number of irredundant clauses: 7355326
c	Number of variables: 527940
c SAT Solving starts:
[runlim] sample:		389.9 time, 390.0 real, 980.9 MB
[runlim] sample:		399.9 time, 400.0 real, 996.8 MB
[runlim] sample:		409.9 time, 410.0 real, 1004.4 MB
[runlim] sample:		419.9 time, 420.0 real, 1005.1 MB
[runlim] sample:		429.9 time, 430.0 real, 984.2 MB
[runlim] sample:		439.9 time, 440.0 real, 1006.7 MB
[runlim] sample:		449.9 time, 450.0 real, 1019.3 MB
[runlim] sample:		459.9 time, 460.0 real, 1019.2 MB
[runlim] sample:		469.9 time, 470.0 real, 1011.0 MB
[runlim] sample:		479.9 time, 480.0 real, 985.6 MB
[runlim] sample:		489.9 time, 490.0 real, 1005.9 MB
[runlim] sample:		499.9 time, 500.0 real, 1008.3 MB
[runlim] sample:		509.9 time, 510.0 real, 1186.3 MB
[runlim] sample:		519.9 time, 520.0 real, 1010.1 MB
[runlim] sample:		529.9 time, 530.0 real, 1013.4 MB
[runlim] sample:		539.9 time, 540.0 real, 964.3 MB
[runlim] sample:		549.9 time, 550.0 real, 1011.4 MB
[runlim] sample:		559.9 time, 560.0 real, 1206.9 MB
[runlim] sample:		569.9 time, 570.0 real, 1024.2 MB
[runlim] sample:		579.9 time, 580.0 real, 963.6 MB
[runlim] sample:		589.9 time, 590.0 real, 966.4 MB
[runlim] sample:		599.9 time, 600.0 real, 1023.9 MB
[runlim] sample:		609.9 time, 610.0 real, 1200.7 MB
[runlim] sample:		619.9 time, 620.0 real, 1022.2 MB
[runlim] sample:		629.9 time, 630.0 real, 1022.1 MB
[runlim] sample:		639.9 time, 640.0 real, 1020.0 MB
[runlim] sample:		649.9 time, 650.0 real, 976.6 MB
[runlim] sample:		659.9 time, 660.0 real, 1019.3 MB
[runlim] sample:		669.9 time, 670.0 real, 1019.3 MB
[runlim] sample:		679.9 time, 680.0 real, 1024.1 MB
[runlim] sample:		689.9 time, 690.0 real, 973.7 MB
[runlim] sample:		699.9 time, 700.0 real, 998.6 MB
[runlim] sample:		709.9 time, 710.0 real, 998.6 MB
[runlim] sample:		719.9 time, 720.0 real, 1011.9 MB
[runlim] sample:		729.9 time, 730.0 real, 1052.5 MB
[runlim] sample:		739.9 time, 740.0 real, 1227.0 MB
[runlim] sample:		749.9 time, 750.0 real, 983.6 MB
[runlim] sample:		759.9 time, 760.0 real, 1031.0 MB
[runlim] sample:		769.9 time, 770.0 real, 1025.9 MB
[runlim] sample:		779.9 time, 780.0 real, 1025.9 MB
c	Solving duration: 399219 ms
c	Answer: 
s SAT (w = 34)
c	Solution check:
p calculated antibandwidth = 34.
c
c
c Antibandwidth problem with w = 35 ( M-bcsstk06.mtx.rnd ):
c Initializing CaDiCaL (version 1.2.1).
c	Configuring CaDiCaL as --sat (1).
c Initializing a DuplexNSC encoder with n = 420.
c Encoding starts with w = 35:
c	Labels and Vertices aux var: 32760
c	Labels and Vertices constraints:  428820
c	Obj k aux var: 309960
c	Obj k constraints: 6880680
c	Obj k glue staircase constraints: 5609760
c	Encoding duration: 1s
c	Number of clauses: 7309710
c	Number of irredundant clauses: 7307710
c	Number of variables: 519120
c SAT Solving starts:
[runlim] sample:		789.9 time, 790.0 real, 987.5 MB
[runlim] sample:		799.9 time, 800.0 real, 1157.4 MB
[runlim] sample:		809.9 time, 810.0 real, 976.4 MB
[runlim] sample:		819.9 time, 820.0 real, 1166.1 MB
[runlim] sample:		829.9 time, 830.0 real, 976.7 MB
[runlim] sample:		839.9 time, 840.0 real, 1033.6 MB
[runlim] sample:		849.9 time, 850.0 real, 1022.2 MB
[runlim] sample:		859.9 time, 860.0 real, 954.4 MB
[runlim] sample:		869.9 time, 870.0 real, 1023.2 MB
[runlim] sample:		879.9 time, 880.0 real, 955.3 MB
[runlim] sample:		889.9 time, 890.0 real, 992.1 MB
[runlim] sample:		899.9 time, 900.0 real, 961.1 MB
c Signal interruption.
[runlim] end:			Wed Aug 14 06:14:37 2024
[runlim] status:		out of time
[runlim] result:		2
[runlim] children:		0
[runlim] real:			900.07 seconds
[runlim] time:			899.90 seconds
[runlim] space:			1324.1 MB
[runlim] samples:		9000
