[runlim] version:		1.10
[runlim] time limit:		900 seconds
[runlim] real time limit:	900 seconds
[runlim] space limit:		30000 MB
[runlim] argv[0]:		/home/truongxuanhieu/AntiBandwidthReconstruct/build/abw_enc
[runlim] argv[1]:		/home/truongxuanhieu/AntiBandwidthReconstruct/build/Benchmarks/R-dwt__503.mtx.rnd
[runlim] argv[2]:		--duplex
[runlim] start:			Wed Aug 14 05:23:21 2024
[runlim] main pid:		4223
[runlim] log captured:
c DuplexEncoder 0.8.
c Solving strategy: from LB to UB.
c LB-w = 46 (LB in Sinnl - A note on computational approaches for the antibandwidth problem).
c UB-w = 71 (UB in Sinnl - A note on computational approaches for the antibandwidth problem).
c Antibandwidth problem with w = 46 ( R-dwt__503.mtx.rnd ):
c Initializing CaDiCaL (version 1.2.1).
c	Configuring CaDiCaL as --sat (1).
c Initializing a Duplex encoder with n = 503.
c Encoding starts with w = 46:
c	Labels and Vertices aux var: 43258
c	Labels and Vertices constraints:  597564
c	Obj k aux var: 902382
c	Obj k constraints: 7925957
c	Obj k glue staircase constraints: 4979886
c	Encoding duration: 3s
c	Number of clauses: 8523772
c	Number of irredundant clauses: 8052304
c	Number of variables: 1198649
c SAT Solving starts:
c	Solving duration: 2923 ms
c	Answer: 
s SAT (w = 46)
c	Solution check:
p calculated antibandwidth = 46.
c
c
c Antibandwidth problem with w = 47 ( R-dwt__503.mtx.rnd ):
c Initializing CaDiCaL (version 1.2.1).
c	Configuring CaDiCaL as --sat (1).
c Initializing a Duplex encoder with n = 503.
c Encoding starts with w = 47:
c	Labels and Vertices aux var: 43258
c	Labels and Vertices constraints:  597564
c	Obj k aux var: 911436
c	Obj k constraints: 7936035
c	Obj k glue staircase constraints: 4968838
c	Encoding duration: 2s
c	Number of clauses: 8533850
c	Number of irredundant clauses: 8063562
c	Number of variables: 1207703
c SAT Solving starts:
[runlim] sample:		10.0 time, 10.1 real, 1120.0 MB
c	Solving duration: 7988 ms
c	Answer: 
s SAT (w = 47)
c	Solution check:
p calculated antibandwidth = 47.
c
c
c Antibandwidth problem with w = 48 ( R-dwt__503.mtx.rnd ):
c Initializing CaDiCaL (version 1.2.1).
c	Configuring CaDiCaL as --sat (1).
c Initializing a Duplex encoder with n = 503.
c Encoding starts with w = 48:
[runlim] sample:		20.0 time, 20.1 real, 1184.6 MB
c	Labels and Vertices aux var: 43258
c	Labels and Vertices constraints:  597564
c	Obj k aux var: 920490
c	Obj k constraints: 7946113
c	Obj k glue staircase constraints: 4957790
c	Encoding duration: 2s
c	Number of clauses: 8543928
c	Number of irredundant clauses: 8074820
c	Number of variables: 1216757
c SAT Solving starts:
c	Solving duration: 7438 ms
c	Answer: 
s SAT (w = 48)
c	Solution check:
p calculated antibandwidth = 48.
c
c
c Antibandwidth problem with w = 49 ( R-dwt__503.mtx.rnd ):
c Initializing CaDiCaL (version 1.2.1).
c	Configuring CaDiCaL as --sat (1).
c Initializing a Duplex encoder with n = 503.
c Encoding starts with w = 49:
[runlim] sample:		30.0 time, 30.1 real, 1128.6 MB
c	Labels and Vertices aux var: 43258
c	Labels and Vertices constraints:  597564
c	Obj k aux var: 929544
c	Obj k constraints: 7956191
c	Obj k glue staircase constraints: 4946742
c	Encoding duration: 2s
c	Number of clauses: 8554006
c	Number of irredundant clauses: 8086078
c	Number of variables: 1225811
c SAT Solving starts:
[runlim] sample:		40.0 time, 40.1 real, 1510.6 MB
c	Solving duration: 17029 ms
c	Answer: 
s SAT (w = 49)
c	Solution check:
p calculated antibandwidth = 49.
c
c
c Antibandwidth problem with w = 50 ( R-dwt__503.mtx.rnd ):
c Initializing CaDiCaL (version 1.2.1).
c	Configuring CaDiCaL as --sat (1).
c Initializing a Duplex encoder with n = 503.
c Encoding starts with w = 50:
[runlim] sample:		50.0 time, 50.1 real, 1049.2 MB
c	Labels and Vertices aux var: 43258
c	Labels and Vertices constraints:  597564
c	Obj k aux var: 938598
c	Obj k constraints: 7966269
c	Obj k glue staircase constraints: 4935694
c	Encoding duration: 2s
c	Number of clauses: 8564084
c	Number of irredundant clauses: 8097336
c	Number of variables: 1234865
c SAT Solving starts:
[runlim] sample:		60.0 time, 60.1 real, 1338.1 MB
[runlim] sample:		70.0 time, 70.1 real, 1376.3 MB
[runlim] sample:		80.0 time, 80.1 real, 1400.3 MB
[runlim] sample:		90.0 time, 90.1 real, 1398.6 MB
[runlim] sample:		100.0 time, 100.1 real, 1423.5 MB
[runlim] sample:		110.0 time, 110.1 real, 1443.4 MB
[runlim] sample:		120.0 time, 120.1 real, 1416.8 MB
[runlim] sample:		130.0 time, 130.1 real, 1416.4 MB
[runlim] sample:		140.0 time, 140.1 real, 1418.8 MB
[runlim] sample:		150.0 time, 150.1 real, 1408.9 MB
[runlim] sample:		160.0 time, 160.1 real, 1459.6 MB
[runlim] sample:		170.0 time, 170.1 real, 1527.5 MB
[runlim] sample:		180.0 time, 180.1 real, 1527.5 MB
[runlim] sample:		190.0 time, 190.1 real, 1528.4 MB
[runlim] sample:		200.0 time, 200.1 real, 1553.0 MB
c	Solving duration: 148128 ms
c	Answer: 
s SAT (w = 50)
c	Solution check:
p calculated antibandwidth = 50.
c
c
c Antibandwidth problem with w = 51 ( R-dwt__503.mtx.rnd ):
c Initializing CaDiCaL (version 1.2.1).
c	Configuring CaDiCaL as --sat (1).
c Initializing a Duplex encoder with n = 503.
c Encoding starts with w = 51:
c	Labels and Vertices aux var: 43258
c	Labels and Vertices constraints:  592534
c	Obj k aux var: 898358
c	Obj k constraints: 7861398
c	Obj k glue staircase constraints: 4932932
c	Encoding duration: 2s
c	Number of clauses: 8454183
c	Number of irredundant clauses: 7986740
c	Number of variables: 1194625
c SAT Solving starts:
[runlim] sample:		210.0 time, 210.1 real, 1375.6 MB
c	Solving duration: 9344 ms
c	Answer: 
s SAT (w = 51)
c	Solution check:
p calculated antibandwidth = 51.
c
c
c Antibandwidth problem with w = 52 ( R-dwt__503.mtx.rnd ):
c Initializing CaDiCaL (version 1.2.1).
c	Configuring CaDiCaL as --sat (1).
c Initializing a Duplex encoder with n = 503.
c Encoding starts with w = 52:
c	Labels and Vertices aux var: 43258
c	Labels and Vertices constraints:  592534
c	Obj k aux var: 906406
c	Obj k constraints: 7868961
c	Obj k glue staircase constraints: 4921884
c	Encoding duration: 2s
c	Number of clauses: 8461746
c	Number of irredundant clauses: 7995456
c	Number of variables: 1202673
c SAT Solving starts:
[runlim] sample:		220.0 time, 220.1 real, 1341.4 MB
c	Solving duration: 8208 ms
c	Answer: 
s SAT (w = 52)
c	Solution check:
p calculated antibandwidth = 52.
c
c
c Antibandwidth problem with w = 53 ( R-dwt__503.mtx.rnd ):
c Initializing CaDiCaL (version 1.2.1).
c	Configuring CaDiCaL as --sat (1).
c Initializing a Duplex encoder with n = 503.
c Encoding starts with w = 53:
c	Labels and Vertices aux var: 43258
c	Labels and Vertices constraints:  592534
c	Obj k aux var: 914454
c	Obj k constraints: 7876524
c	Obj k glue staircase constraints: 4910836
c	Encoding duration: 2s
c	Number of clauses: 8469309
c	Number of irredundant clauses: 8004172
c	Number of variables: 1210721
c SAT Solving starts:
[runlim] sample:		230.0 time, 230.1 real, 1163.8 MB
[runlim] sample:		240.0 time, 240.1 real, 1331.7 MB
[runlim] sample:		250.0 time, 250.1 real, 1323.6 MB
[runlim] sample:		260.0 time, 260.1 real, 1339.8 MB
c	Solving duration: 33543 ms
c	Answer: 
s SAT (w = 53)
c	Solution check:
p calculated antibandwidth = 53.
c
c
c Antibandwidth problem with w = 54 ( R-dwt__503.mtx.rnd ):
c Initializing CaDiCaL (version 1.2.1).
c	Configuring CaDiCaL as --sat (1).
c Initializing a Duplex encoder with n = 503.
c Encoding starts with w = 54:
c	Labels and Vertices aux var: 43258
c	Labels and Vertices constraints:  592534
c	Obj k aux var: 922502
c	Obj k constraints: 7884087
c	Obj k glue staircase constraints: 4899788
c	Encoding duration: 2s
c	Number of clauses: 8476872
c	Number of irredundant clauses: 8012888
c	Number of variables: 1218769
c SAT Solving starts:
[runlim] sample:		270.0 time, 270.1 real, 1562.3 MB
[runlim] sample:		280.0 time, 280.1 real, 1364.3 MB
c	Solving duration: 16884 ms
c	Answer: 
s SAT (w = 54)
c	Solution check:
p calculated antibandwidth = 54.
c
c
c Antibandwidth problem with w = 55 ( R-dwt__503.mtx.rnd ):
c Initializing CaDiCaL (version 1.2.1).
c	Configuring CaDiCaL as --sat (1).
c Initializing a Duplex encoder with n = 503.
c Encoding starts with w = 55:
c	Labels and Vertices aux var: 43258
c	Labels and Vertices constraints:  592534
c	Obj k aux var: 930550
c	Obj k constraints: 7891650
c	Obj k glue staircase constraints: 4888740
c	Encoding duration: 2s
c	Number of clauses: 8484435
c	Number of irredundant clauses: 8021604
c	Number of variables: 1226817
c SAT Solving starts:
[runlim] sample:		290.0 time, 290.1 real, 1514.5 MB
c	Solving duration: 9078 ms
c	Answer: 
s SAT (w = 55)
c	Solution check:
p calculated antibandwidth = 55.
c
c
c Antibandwidth problem with w = 56 ( R-dwt__503.mtx.rnd ):
c Initializing CaDiCaL (version 1.2.1).
c	Configuring CaDiCaL as --sat (1).
c Initializing a Duplex encoder with n = 503.
c Encoding starts with w = 56:
c	Labels and Vertices aux var: 43258
c	Labels and Vertices constraints:  588007
c	Obj k aux var: 884274
c	Obj k constraints: 7771186
c	Obj k glue staircase constraints: 4885978
c	Encoding duration: 2s
c	Number of clauses: 8359444
c	Number of irredundant clauses: 7897950
c	Number of variables: 1180541
c SAT Solving starts:
[runlim] sample:		300.0 time, 300.1 real, 1244.3 MB
[runlim] sample:		310.0 time, 310.1 real, 1357.3 MB
[runlim] sample:		320.0 time, 320.1 real, 1359.3 MB
[runlim] sample:		330.0 time, 330.1 real, 1361.6 MB
[runlim] sample:		340.0 time, 340.1 real, 1349.2 MB
[runlim] sample:		350.0 time, 350.1 real, 1349.6 MB
[runlim] sample:		360.0 time, 360.1 real, 1368.7 MB
c	Solving duration: 72803 ms
c	Answer: 
s SAT (w = 56)
c	Solution check:
p calculated antibandwidth = 56.
[runlim] sample:		370.0 time, 370.1 real, 1368.7 MB
c
c
c Antibandwidth problem with w = 57 ( R-dwt__503.mtx.rnd ):
c Initializing CaDiCaL (version 1.2.1).
c	Configuring CaDiCaL as --sat (1).
c Initializing a Duplex encoder with n = 503.
c Encoding starts with w = 57:
c	Labels and Vertices aux var: 43258
c	Labels and Vertices constraints:  588007
c	Obj k aux var: 891316
c	Obj k constraints: 7776737
c	Obj k glue staircase constraints: 4874930
c	Encoding duration: 2s
c	Number of clauses: 8364995
c	Number of irredundant clauses: 7904155
c	Number of variables: 1187583
c SAT Solving starts:
[runlim] sample:		380.0 time, 380.1 real, 1328.0 MB
[runlim] sample:		390.0 time, 390.1 real, 1376.1 MB
[runlim] sample:		400.0 time, 400.1 real, 1378.1 MB
[runlim] sample:		410.0 time, 410.1 real, 1377.2 MB
[runlim] sample:		420.0 time, 420.1 real, 1369.2 MB
[runlim] sample:		430.0 time, 430.1 real, 1369.6 MB
[runlim] sample:		440.0 time, 440.1 real, 1369.3 MB
[runlim] sample:		450.0 time, 450.1 real, 1375.3 MB
[runlim] sample:		460.0 time, 460.1 real, 1375.0 MB
[runlim] sample:		470.0 time, 470.1 real, 1377.9 MB
[runlim] sample:		480.0 time, 480.1 real, 1378.0 MB
[runlim] sample:		490.0 time, 490.1 real, 1381.3 MB
[runlim] sample:		500.0 time, 500.1 real, 1384.7 MB
c	Solving duration: 131566 ms
c	Answer: 
s SAT (w = 57)
c	Solution check:
p calculated antibandwidth = 57.
c
c
c Antibandwidth problem with w = 58 ( R-dwt__503.mtx.rnd ):
c Initializing CaDiCaL (version 1.2.1).
c	Configuring CaDiCaL as --sat (1).
c Initializing a Duplex encoder with n = 503.
c Encoding starts with w = 58:
c	Labels and Vertices aux var: 43258
c	Labels and Vertices constraints:  588007
c	Obj k aux var: 898358
c	Obj k constraints: 7781785
c	Obj k glue staircase constraints: 4863882
c	Encoding duration: 2s
c	Number of clauses: 8370043
c	Number of irredundant clauses: 7910360
c	Number of variables: 1194625
c SAT Solving starts:
[runlim] sample:		510.0 time, 510.1 real, 1150.1 MB
[runlim] sample:		520.0 time, 520.1 real, 1364.7 MB
[runlim] sample:		530.0 time, 530.1 real, 1366.9 MB
[runlim] sample:		540.0 time, 540.1 real, 1367.6 MB
[runlim] sample:		550.0 time, 550.1 real, 1369.4 MB
[runlim] sample:		560.0 time, 560.1 real, 1378.5 MB
[runlim] sample:		570.0 time, 570.1 real, 1379.0 MB
c	Solving duration: 67391 ms
c	Answer: 
s SAT (w = 58)
c	Solution check:
p calculated antibandwidth = 58.
c
c
c Antibandwidth problem with w = 59 ( R-dwt__503.mtx.rnd ):
c Initializing CaDiCaL (version 1.2.1).
c	Configuring CaDiCaL as --sat (1).
c Initializing a Duplex encoder with n = 503.
c Encoding starts with w = 59:
c	Labels and Vertices aux var: 43258
c	Labels and Vertices constraints:  588007
c	Obj k aux var: 905400
c	Obj k constraints: 7786833
c	Obj k glue staircase constraints: 4852834
c	Encoding duration: 2s
c	Number of clauses: 8375091
c	Number of irredundant clauses: 7916565
c	Number of variables: 1201667
c SAT Solving starts:
[runlim] sample:		580.0 time, 580.1 real, 1186.3 MB
[runlim] sample:		590.0 time, 590.1 real, 1341.9 MB
[runlim] sample:		600.0 time, 600.1 real, 1343.8 MB
[runlim] sample:		610.0 time, 610.1 real, 1345.3 MB
[runlim] sample:		620.0 time, 620.1 real, 1342.0 MB
[runlim] sample:		630.0 time, 630.1 real, 1364.1 MB
[runlim] sample:		640.0 time, 640.1 real, 1362.9 MB
[runlim] sample:		650.0 time, 650.1 real, 1359.4 MB
[runlim] sample:		660.0 time, 660.1 real, 1362.6 MB
[runlim] sample:		670.0 time, 670.1 real, 1363.0 MB
[runlim] sample:		680.0 time, 680.1 real, 1370.4 MB
[runlim] sample:		690.0 time, 690.1 real, 1370.4 MB
[runlim] sample:		700.0 time, 700.1 real, 1373.4 MB
[runlim] sample:		710.0 time, 710.1 real, 1374.4 MB
[runlim] sample:		719.9 time, 720.1 real, 1334.8 MB
[runlim] sample:		729.9 time, 730.1 real, 1371.3 MB
[runlim] sample:		739.9 time, 740.1 real, 1372.2 MB
[runlim] sample:		749.9 time, 750.1 real, 1372.2 MB
[runlim] sample:		759.9 time, 760.1 real, 1557.1 MB
[runlim] sample:		769.9 time, 770.1 real, 1381.3 MB
[runlim] sample:		779.9 time, 780.1 real, 1390.2 MB
[runlim] sample:		789.9 time, 790.1 real, 1355.7 MB
[runlim] sample:		799.9 time, 800.1 real, 1342.3 MB
[runlim] sample:		809.9 time, 810.1 real, 1342.7 MB
[runlim] sample:		819.9 time, 820.1 real, 1342.7 MB
[runlim] sample:		829.9 time, 830.1 real, 1351.0 MB
[runlim] sample:		839.9 time, 840.1 real, 1316.1 MB
[runlim] sample:		849.9 time, 850.1 real, 1325.0 MB
[runlim] sample:		859.9 time, 860.1 real, 1325.0 MB
[runlim] sample:		869.9 time, 870.1 real, 1419.1 MB
c	Solving duration: 291912 ms
c	Answer: 
s SAT (w = 59)
c	Solution check:
p calculated antibandwidth = 59.
c
c
c Antibandwidth problem with w = 60 ( R-dwt__503.mtx.rnd ):
c Initializing CaDiCaL (version 1.2.1).
c	Configuring CaDiCaL as --sat (1).
c Initializing a Duplex encoder with n = 503.
c Encoding starts with w = 60:
c	Labels and Vertices aux var: 43258
c	Labels and Vertices constraints:  588007
c	Obj k aux var: 912442
c	Obj k constraints: 7791881
c	Obj k glue staircase constraints: 4841786
c	Encoding duration: 2s
c	Number of clauses: 8380139
c	Number of irredundant clauses: 7922770
c	Number of variables: 1208709
c SAT Solving starts:
[runlim] sample:		879.9 time, 880.1 real, 1293.8 MB
[runlim] sample:		889.9 time, 890.1 real, 1459.9 MB
c Signal interruption.
[runlim] end:			Wed Aug 14 05:38:21 2024
[runlim] status:		out of time
[runlim] result:		2
[runlim] children:		0
[runlim] real:			900.03 seconds
[runlim] time:			899.80 seconds
[runlim] space:			1901.6 MB
[runlim] samples:		8999
