[runlim] version:		1.10
[runlim] time limit:		900 seconds
[runlim] real time limit:	900 seconds
[runlim] space limit:		30000 MB
[runlim] argv[0]:		/home/truongxuanhieu/AntiBandwidthReconstruct/build/abw_enc
[runlim] argv[1]:		/home/truongxuanhieu/AntiBandwidthReconstruct/build/Benchmarks/X-can__715.mtx.rnd
[runlim] argv[2]:		--duplexNSC
[runlim] start:			Wed Aug 14 04:29:35 2024
[runlim] main pid:		3800
[runlim] log captured:
c DuplexEncoder 0.8.
c Solving strategy: from LB to UB.
c LB-w = 112 (LB in Sinnl - A note on computational approaches for the antibandwidth problem).
c UB-w = 142 (UB in Sinnl - A note on computational approaches for the antibandwidth problem).
c Antibandwidth problem with w = 112 ( X-can__715.mtx.rnd ):
c Initializing CaDiCaL (version 1.2.1).
c	Configuring CaDiCaL as --sat (1).
c Initializing a DuplexNSC encoder with n = 715.
c Encoding starts with w = 112:
c	Labels and Vertices aux var: 74360
c	Labels and Vertices constraints:  1147575
c	Obj k aux var: 899470
c	Obj k constraints: 10776975
c	Obj k glue staircase constraints: 7134050
c	Encoding duration: 4s
c	Number of clauses: 11924907
c	Number of irredundant clauses: 11922635
c	Number of variables: 1485055
c SAT Solving starts:
[runlim] sample:		10.0 time, 10.9 real, 1811.4 MB
[runlim] sample:		20.0 time, 20.9 real, 1834.8 MB
[runlim] sample:		30.0 time, 30.9 real, 2212.4 MB
[runlim] sample:		40.0 time, 40.9 real, 1894.7 MB
[runlim] sample:		50.0 time, 50.9 real, 2127.4 MB
[runlim] sample:		60.0 time, 60.9 real, 1874.9 MB
[runlim] sample:		70.0 time, 70.9 real, 1886.7 MB
[runlim] sample:		80.0 time, 80.9 real, 1886.7 MB
[runlim] sample:		90.0 time, 90.9 real, 2146.8 MB
[runlim] sample:		100.0 time, 100.9 real, 1834.5 MB
[runlim] sample:		110.0 time, 110.9 real, 1857.9 MB
[runlim] sample:		120.0 time, 120.9 real, 1864.9 MB
[runlim] sample:		130.0 time, 130.9 real, 1866.8 MB
[runlim] sample:		140.0 time, 140.9 real, 1858.1 MB
[runlim] sample:		150.0 time, 150.9 real, 1858.1 MB
[runlim] sample:		160.0 time, 160.9 real, 1860.8 MB
[runlim] sample:		170.0 time, 170.9 real, 1862.9 MB
[runlim] sample:		180.0 time, 180.9 real, 1868.5 MB
[runlim] sample:		190.0 time, 190.9 real, 1823.2 MB
[runlim] sample:		200.0 time, 200.9 real, 1865.2 MB
[runlim] sample:		210.0 time, 210.9 real, 1859.0 MB
[runlim] sample:		220.0 time, 220.9 real, 1811.4 MB
[runlim] sample:		230.0 time, 230.9 real, 2141.9 MB
[runlim] sample:		240.0 time, 240.9 real, 1819.1 MB
[runlim] sample:		250.0 time, 250.9 real, 2211.2 MB
[runlim] sample:		260.0 time, 260.9 real, 1835.1 MB
[runlim] sample:		270.0 time, 270.9 real, 1814.1 MB
[runlim] sample:		280.0 time, 280.9 real, 1855.9 MB
[runlim] sample:		290.0 time, 290.9 real, 1855.9 MB
[runlim] sample:		300.0 time, 300.9 real, 1883.7 MB
[runlim] sample:		310.0 time, 310.9 real, 1856.6 MB
[runlim] sample:		320.0 time, 320.9 real, 1814.8 MB
[runlim] sample:		330.0 time, 330.9 real, 1856.6 MB
[runlim] sample:		340.0 time, 340.9 real, 1859.1 MB
[runlim] sample:		350.0 time, 350.9 real, 1817.3 MB
[runlim] sample:		360.0 time, 360.9 real, 1816.3 MB
[runlim] sample:		370.0 time, 370.9 real, 1823.7 MB
[runlim] sample:		380.0 time, 380.9 real, 1823.7 MB
[runlim] sample:		390.0 time, 390.9 real, 1839.1 MB
[runlim] sample:		400.0 time, 400.9 real, 1839.1 MB
[runlim] sample:		410.0 time, 410.9 real, 1839.1 MB
[runlim] sample:		420.0 time, 420.9 real, 1841.0 MB
[runlim] sample:		430.0 time, 430.9 real, 1833.5 MB
[runlim] sample:		440.0 time, 440.9 real, 1865.8 MB
[runlim] sample:		450.0 time, 450.9 real, 1762.0 MB
[runlim] sample:		460.0 time, 460.9 real, 2151.5 MB
[runlim] sample:		470.0 time, 470.9 real, 1866.6 MB
[runlim] sample:		480.0 time, 480.9 real, 1879.7 MB
[runlim] sample:		490.0 time, 490.9 real, 1879.7 MB
[runlim] sample:		500.0 time, 500.9 real, 1879.7 MB
[runlim] sample:		510.0 time, 510.9 real, 1909.7 MB
[runlim] sample:		520.0 time, 520.9 real, 1909.7 MB
[runlim] sample:		530.0 time, 530.9 real, 1853.6 MB
[runlim] sample:		540.0 time, 540.9 real, 1951.6 MB
[runlim] sample:		550.0 time, 550.9 real, 1984.6 MB
[runlim] sample:		560.0 time, 560.9 real, 1901.6 MB
[runlim] sample:		570.0 time, 570.9 real, 1907.4 MB
[runlim] sample:		580.0 time, 580.9 real, 1907.4 MB
[runlim] sample:		590.0 time, 590.9 real, 1907.4 MB
[runlim] sample:		600.0 time, 600.9 real, 1941.3 MB
[runlim] sample:		610.0 time, 610.9 real, 1893.6 MB
[runlim] sample:		620.0 time, 620.9 real, 1940.8 MB
[runlim] sample:		630.0 time, 630.9 real, 2260.9 MB
[runlim] sample:		640.0 time, 640.9 real, 1900.6 MB
[runlim] sample:		650.0 time, 650.9 real, 1900.6 MB
[runlim] sample:		660.0 time, 660.9 real, 1853.5 MB
[runlim] sample:		670.0 time, 670.9 real, 1922.0 MB
[runlim] sample:		680.0 time, 680.9 real, 1922.0 MB
[runlim] sample:		689.9 time, 690.9 real, 1967.2 MB
[runlim] sample:		699.9 time, 700.9 real, 1967.2 MB
[runlim] sample:		709.9 time, 710.9 real, 1924.4 MB
[runlim] sample:		719.9 time, 720.9 real, 1872.4 MB
[runlim] sample:		729.9 time, 730.9 real, 1874.8 MB
[runlim] sample:		739.9 time, 740.9 real, 1874.8 MB
[runlim] sample:		749.9 time, 750.9 real, 1874.8 MB
[runlim] sample:		759.9 time, 760.9 real, 1874.8 MB
[runlim] sample:		769.9 time, 770.9 real, 2145.7 MB
c	Solving duration: 774738 ms
c	Answer: 
s SAT (w = 112)
c	Solution check:
p calculated antibandwidth = 112.
c
c
c Antibandwidth problem with w = 113 ( X-can__715.mtx.rnd ):
c Initializing CaDiCaL (version 1.2.1).
c	Configuring CaDiCaL as --sat (1).
c Initializing a DuplexNSC encoder with n = 715.
c Encoding starts with w = 113:
[runlim] sample:		779.9 time, 780.9 real, 1259.6 MB
c	Labels and Vertices aux var: 74360
c	Labels and Vertices constraints:  1147575
c	Obj k aux var: 903045
c	Obj k constraints: 10775085
c	Obj k glue staircase constraints: 7122150
c	Encoding duration: 3s
c	Number of clauses: 11923017
c	Number of irredundant clauses: 11920739
c	Number of variables: 1488630
c SAT Solving starts:
[runlim] sample:		789.9 time, 790.9 real, 1959.1 MB
[runlim] sample:		799.9 time, 800.9 real, 1893.1 MB
[runlim] sample:		809.9 time, 810.9 real, 1915.5 MB
[runlim] sample:		819.9 time, 820.9 real, 1963.4 MB
[runlim] sample:		829.9 time, 830.9 real, 1911.4 MB
[runlim] sample:		839.9 time, 840.9 real, 1914.4 MB
[runlim] sample:		849.9 time, 850.9 real, 1914.4 MB
[runlim] sample:		859.9 time, 860.9 real, 1913.5 MB
[runlim] sample:		869.9 time, 870.9 real, 2286.2 MB
[runlim] sample:		879.9 time, 880.9 real, 1917.3 MB
[runlim] sample:		889.9 time, 890.9 real, 1922.5 MB
c Signal interruption.
[runlim] end:			Wed Aug 14 04:44:35 2024
[runlim] status:		out of time
[runlim] result:		2
[runlim] children:		0
[runlim] real:			900.17 seconds
[runlim] time:			899.09 seconds
[runlim] space:			2530.1 MB
[runlim] samples:		8992
