[runlim] version:		1.10
[runlim] time limit:		3600 seconds
[runlim] real time limit:	3600 seconds
[runlim] space limit:		30000 MB
[runlim] argv[0]:		/home/truongxuanhieu/AntiBandwidthReconstruct/build/abw_enc_symbreak_first_node_hybrid_NSC_binomial
[runlim] argv[1]:		/home/truongxuanhieu/AntiBandwidthReconstruct/build/BenchmarksFirstNode/E-bcspwr02.mtx.rnd
[runlim] argv[2]:		--duplexNSC
[runlim] start:			Thu Aug 29 20:24:11 2024
[runlim] main pid:		24335
[runlim] log captured:
c DuplexEncoder 0.8.
c Solving strategy: from LB to UB.
c LB-w = 21 (LB in Sinnl - A note on computational approaches for the antibandwidth problem).
c UB-w = 22 (UB in Sinnl - A note on computational approaches for the antibandwidth problem).
c Antibandwidth problem with w = 21 ( E-bcspwr02.mtx.rnd ):
c Initializing CaDiCaL (version 1.2.1).
c	Configuring CaDiCaL as --sat (1).
c Initializing a DuplexNSC encoder with n = 49.
c Encoding starts with w = 21:
c	Labels and Vertices aux var: 1176
c	Labels and Vertices constraints:  6615
c	Obj k aux var: 2597
c	Obj k constraints: 18593
c	Obj k glue staircase constraints: 6490
c	Encoding duration: 0s
c	Number of clauses: 25232
c	Number of irredundant clauses: 25080
c	Number of variables: 6174
c SAT Solving starts:
[runlim] sample:		10.0 time, 10.4 real, 34.4 MB
c	Solving duration: 11190 ms
c	Answer: 
s SAT (w = 21)
AB is set to 23
Node 1 : 18
Node 29 : 41
AB is set to 21
Node 29 : 41
Node 31 : 20
c	Solution check:
p calculated antibandwidth = 21.
c
c
c Antibandwidth problem with w = 22 ( E-bcspwr02.mtx.rnd ):
c Initializing CaDiCaL (version 1.2.1).
c	Configuring CaDiCaL as --sat (1).
c Initializing a DuplexNSC encoder with n = 49.
c Encoding starts with w = 22:
c	Labels and Vertices aux var: 1176
c	Labels and Vertices constraints:  6615
c	Obj k aux var: 2499
c	Obj k constraints: 18161
c	Obj k glue staircase constraints: 6254
c	Encoding duration: 0s
c	Number of clauses: 24800
c	Number of irredundant clauses: 24646
c	Number of variables: 6076
c SAT Solving starts:
c	Solving duration: 1487 ms
c	Answer: 
s UNSAT (w = 22)
c
c
[runlim] end:			Thu Aug 29 20:24:24 2024
[runlim] status:		ok
[runlim] result:		0
[runlim] children:		0
[runlim] real:			13.14 seconds
[runlim] time:			12.60 seconds
[runlim] space:			34.5 MB
[runlim] samples:		126
