[runlim] version:		1.10
[runlim] time limit:		3600 seconds
[runlim] real time limit:	3600 seconds
[runlim] space limit:		30000 MB
[runlim] argv[0]:		/home/truongxuanhieu/AntiBandwidthReconstruct/build/abw_enc_symbreak_first_node_hybrid_NSC_binomial
[runlim] argv[1]:		/home/truongxuanhieu/AntiBandwidthReconstruct/build/Benchmarks/O-impcol_d.mtx.rnd
[runlim] argv[2]:		--duplexNSC
[runlim] start:			Thu Aug 29 08:14:43 2024
[runlim] main pid:		7192
[runlim] log captured:
c DuplexEncoder 0.8.
c Solving strategy: from LB to UB.
c LB-w = 91 (LB in Sinnl - A note on computational approaches for the antibandwidth problem).
c UB-w = 173 (UB in Sinnl - A note on computational approaches for the antibandwidth problem).
c Antibandwidth problem with w = 91 ( O-impcol_d.mtx.rnd ):
c Initializing CaDiCaL (version 1.2.1).
c	Configuring CaDiCaL as --sat (1).
c Initializing a DuplexNSC encoder with n = 425.
c Encoding starts with w = 91:
c	Labels and Vertices aux var: 34000
c	Labels and Vertices constraints:  415650
c	Obj k aux var: 280075
c	Obj k constraints: 2857701
c	Obj k glue staircase constraints: 1682576
c	Encoding duration: 1s
c	Number of clauses: 3273563
c	Number of irredundant clauses: 3272228
c	Number of variables: 494700
c SAT Solving starts:
[runlim] sample:		10.0 time, 10.1 real, 565.2 MB
[runlim] sample:		20.0 time, 20.1 real, 557.9 MB
[runlim] sample:		30.0 time, 30.1 real, 551.9 MB
[runlim] sample:		40.0 time, 40.1 real, 661.1 MB
[runlim] sample:		50.0 time, 50.1 real, 550.2 MB
[runlim] sample:		60.0 time, 60.1 real, 604.2 MB
[runlim] sample:		70.0 time, 70.1 real, 553.5 MB
[runlim] sample:		80.0 time, 80.1 real, 551.6 MB
[runlim] sample:		90.0 time, 90.1 real, 556.8 MB
[runlim] sample:		100.0 time, 100.1 real, 558.6 MB
c	Solving duration: 101478 ms
c	Answer: 
s SAT (w = 91)
AB is set to 104
Node 18 : 309
Node 142 : 205
AB is set to 94
Node 18 : 309
Node 221 : 215
AB is set to 93
Node 130 : 119
Node 205 : 26
AB is set to 92
Node 81 : 235
Node 412 : 143
AB is set to 91
Node 269 : 362
Node 302 : 271
c	Solution check:
p calculated antibandwidth = 91.
c
c
c Antibandwidth problem with w = 92 ( O-impcol_d.mtx.rnd ):
c Initializing CaDiCaL (version 1.2.1).
c	Configuring CaDiCaL as --sat (1).
c Initializing a DuplexNSC encoder with n = 425.
c Encoding starts with w = 92:
c	Labels and Vertices aux var: 34000
c	Labels and Vertices constraints:  415650
c	Obj k aux var: 279225
c	Obj k constraints: 2851783
c	Obj k glue staircase constraints: 1677508
c	Encoding duration: 0s
c	Number of clauses: 3267645
c	Number of irredundant clauses: 3266306
c	Number of variables: 493850
c SAT Solving starts:
[runlim] sample:		110.0 time, 110.1 real, 598.0 MB
[runlim] sample:		120.0 time, 120.1 real, 604.9 MB
[runlim] sample:		130.0 time, 130.1 real, 598.5 MB
[runlim] sample:		140.0 time, 140.1 real, 558.9 MB
[runlim] sample:		150.0 time, 150.1 real, 630.2 MB
c	Solving duration: 47725 ms
c	Answer: 
s SAT (w = 92)
AB is set to 224
Node 18 : 63
Node 142 : 287
AB is set to 144
Node 18 : 63
Node 221 : 207
AB is set to 116
Node 325 : 176
Node 415 : 292
AB is set to 92
Node 325 : 176
Node 362 : 268
c	Solution check:
p calculated antibandwidth = 92.
c
c
c Antibandwidth problem with w = 93 ( O-impcol_d.mtx.rnd ):
c Initializing CaDiCaL (version 1.2.1).
c	Configuring CaDiCaL as --sat (1).
c Initializing a DuplexNSC encoder with n = 425.
c Encoding starts with w = 93:
c	Labels and Vertices aux var: 34000
c	Labels and Vertices constraints:  415650
c	Obj k aux var: 278375
c	Obj k constraints: 2845865
c	Obj k glue staircase constraints: 1672440
c	Encoding duration: 0s
c	Number of clauses: 3261727
c	Number of irredundant clauses: 3260384
c	Number of variables: 493000
c SAT Solving starts:
[runlim] sample:		160.0 time, 160.1 real, 561.3 MB
[runlim] sample:		170.0 time, 170.1 real, 567.5 MB
[runlim] sample:		180.0 time, 180.1 real, 565.0 MB
[runlim] sample:		190.0 time, 190.1 real, 563.9 MB
[runlim] sample:		200.0 time, 200.1 real, 560.8 MB
[runlim] sample:		210.0 time, 210.1 real, 581.6 MB
[runlim] sample:		220.0 time, 220.1 real, 636.5 MB
[runlim] sample:		230.0 time, 230.1 real, 554.5 MB
[runlim] sample:		240.0 time, 240.1 real, 570.9 MB
[runlim] sample:		250.0 time, 250.1 real, 673.3 MB
[runlim] sample:		260.0 time, 260.1 real, 685.4 MB
[runlim] sample:		270.0 time, 270.1 real, 650.9 MB
[runlim] sample:		280.0 time, 280.1 real, 730.6 MB
[runlim] sample:		290.0 time, 290.1 real, 766.5 MB
[runlim] sample:		300.0 time, 300.1 real, 671.4 MB
[runlim] sample:		310.0 time, 310.1 real, 612.8 MB
[runlim] sample:		320.0 time, 320.1 real, 738.6 MB
c	Solving duration: 170618 ms
c	Answer: 
s SAT (w = 93)
AB is set to 102
Node 18 : 302
Node 142 : 200
AB is set to 95
Node 164 : 290
Node 255 : 385
AB is set to 93
Node 29 : 225
Node 81 : 318
c	Solution check:
p calculated antibandwidth = 93.
c
c
c Antibandwidth problem with w = 94 ( O-impcol_d.mtx.rnd ):
c Initializing CaDiCaL (version 1.2.1).
c	Configuring CaDiCaL as --sat (1).
c Initializing a DuplexNSC encoder with n = 425.
c Encoding starts with w = 94:
c	Labels and Vertices aux var: 34000
c	Labels and Vertices constraints:  415650
c	Obj k aux var: 277525
c	Obj k constraints: 2839947
c	Obj k glue staircase constraints: 1667372
c	Encoding duration: 0s
c	Number of clauses: 3255809
c	Number of irredundant clauses: 3254462
c	Number of variables: 492150
c SAT Solving starts:
[runlim] sample:		330.0 time, 330.1 real, 617.6 MB
[runlim] sample:		340.0 time, 340.1 real, 617.6 MB
[runlim] sample:		350.0 time, 350.1 real, 618.0 MB
[runlim] sample:		360.0 time, 360.1 real, 619.4 MB
[runlim] sample:		370.0 time, 370.1 real, 620.4 MB
[runlim] sample:		380.0 time, 380.1 real, 621.4 MB
[runlim] sample:		390.0 time, 390.1 real, 620.2 MB
[runlim] sample:		400.0 time, 400.1 real, 625.6 MB
c	Solving duration: 80547 ms
c	Answer: 
s SAT (w = 94)
AB is set to 106
Node 18 : 68
Node 142 : 174
AB is set to 102
Node 255 : 62
Node 328 : 164
AB is set to 98
Node 230 : 206
Node 423 : 304
AB is set to 96
Node 130 : 195
Node 250 : 291
AB is set to 94
Node 27 : 233
Node 299 : 327
c	Solution check:
p calculated antibandwidth = 94.
c
c
c Antibandwidth problem with w = 95 ( O-impcol_d.mtx.rnd ):
c Initializing CaDiCaL (version 1.2.1).
c	Configuring CaDiCaL as --sat (1).
c Initializing a DuplexNSC encoder with n = 425.
c Encoding starts with w = 95:
c	Labels and Vertices aux var: 34000
c	Labels and Vertices constraints:  415650
c	Obj k aux var: 276675
c	Obj k constraints: 2834029
c	Obj k glue staircase constraints: 1662304
c	Encoding duration: 0s
c	Number of clauses: 3249891
c	Number of irredundant clauses: 3248540
c	Number of variables: 491300
c SAT Solving starts:
[runlim] sample:		410.0 time, 410.1 real, 593.9 MB
[runlim] sample:		420.0 time, 420.1 real, 618.2 MB
[runlim] sample:		430.0 time, 430.1 real, 609.3 MB
[runlim] sample:		440.0 time, 440.1 real, 631.7 MB
[runlim] sample:		450.0 time, 450.1 real, 614.4 MB
[runlim] sample:		460.0 time, 460.1 real, 646.4 MB
[runlim] sample:		470.0 time, 470.1 real, 595.9 MB
[runlim] sample:		480.0 time, 480.1 real, 651.6 MB
[runlim] sample:		490.0 time, 490.1 real, 596.5 MB
[runlim] sample:		500.0 time, 500.1 real, 599.6 MB
[runlim] sample:		510.0 time, 510.1 real, 603.2 MB
[runlim] sample:		520.0 time, 520.1 real, 611.4 MB
[runlim] sample:		530.0 time, 530.1 real, 618.0 MB
[runlim] sample:		540.0 time, 540.1 real, 620.4 MB
[runlim] sample:		550.0 time, 550.1 real, 674.2 MB
c	Solving duration: 152941 ms
c	Answer: 
s SAT (w = 95)
AB is set to 114
Node 18 : 151
Node 142 : 37
AB is set to 96
Node 255 : 146
Node 328 : 242
AB is set to 95
Node 130 : 133
Node 250 : 38
c	Solution check:
p calculated antibandwidth = 95.
c
c
c Antibandwidth problem with w = 96 ( O-impcol_d.mtx.rnd ):
c Initializing CaDiCaL (version 1.2.1).
c	Configuring CaDiCaL as --sat (1).
c Initializing a DuplexNSC encoder with n = 425.
c Encoding starts with w = 96:
c	Labels and Vertices aux var: 34000
c	Labels and Vertices constraints:  415650
c	Obj k aux var: 275825
c	Obj k constraints: 2828111
c	Obj k glue staircase constraints: 1657236
c	Encoding duration: 0s
c	Number of clauses: 3243973
c	Number of irredundant clauses: 3242618
c	Number of variables: 490450
c SAT Solving starts:
[runlim] sample:		560.0 time, 560.1 real, 497.3 MB
[runlim] sample:		570.0 time, 570.1 real, 614.3 MB
[runlim] sample:		580.0 time, 580.1 real, 574.1 MB
[runlim] sample:		590.0 time, 590.1 real, 575.6 MB
[runlim] sample:		600.0 time, 600.1 real, 575.4 MB
[runlim] sample:		610.0 time, 610.1 real, 600.3 MB
[runlim] sample:		620.0 time, 620.1 real, 642.0 MB
[runlim] sample:		630.0 time, 630.1 real, 575.8 MB
[runlim] sample:		640.0 time, 640.1 real, 600.0 MB
[runlim] sample:		650.0 time, 650.1 real, 595.5 MB
[runlim] sample:		660.0 time, 660.1 real, 616.9 MB
[runlim] sample:		670.0 time, 670.1 real, 590.7 MB
[runlim] sample:		680.0 time, 680.1 real, 582.0 MB
[runlim] sample:		690.0 time, 690.1 real, 605.1 MB
[runlim] sample:		700.0 time, 700.1 real, 723.9 MB
[runlim] sample:		710.0 time, 710.1 real, 749.0 MB
[runlim] sample:		720.0 time, 720.1 real, 767.1 MB
[runlim] sample:		730.0 time, 730.1 real, 904.9 MB
[runlim] sample:		740.0 time, 740.1 real, 880.1 MB
[runlim] sample:		750.0 time, 750.1 real, 858.1 MB
c	Solving duration: 199797 ms
c	Answer: 
s SAT (w = 96)
AB is set to 120
Node 18 : 356
Node 142 : 236
AB is set to 106
Node 255 : 362
Node 328 : 256
AB is set to 101
Node 243 : 109
Node 325 : 8
AB is set to 97
Node 380 : 347
Node 423 : 250
AB is set to 96
Node 27 : 425
Node 299 : 329
c	Solution check:
p calculated antibandwidth = 96.
c
c
c Antibandwidth problem with w = 97 ( O-impcol_d.mtx.rnd ):
c Initializing CaDiCaL (version 1.2.1).
c	Configuring CaDiCaL as --sat (1).
c Initializing a DuplexNSC encoder with n = 425.
c Encoding starts with w = 97:
[runlim] sample:		760.0 time, 760.1 real, 602.5 MB
c	Labels and Vertices aux var: 34000
c	Labels and Vertices constraints:  415650
c	Obj k aux var: 274975
c	Obj k constraints: 2822193
c	Obj k glue staircase constraints: 1652168
c	Encoding duration: 0s
c	Number of clauses: 3238055
c	Number of irredundant clauses: 3236696
c	Number of variables: 489600
c SAT Solving starts:
[runlim] sample:		770.0 time, 770.1 real, 704.1 MB
[runlim] sample:		780.0 time, 780.1 real, 798.0 MB
[runlim] sample:		790.0 time, 790.1 real, 705.4 MB
[runlim] sample:		799.9 time, 800.1 real, 708.3 MB
[runlim] sample:		809.9 time, 810.1 real, 730.3 MB
[runlim] sample:		819.9 time, 820.1 real, 710.4 MB
[runlim] sample:		829.9 time, 830.1 real, 869.4 MB
[runlim] sample:		839.9 time, 840.1 real, 707.8 MB
[runlim] sample:		849.9 time, 850.1 real, 707.8 MB
[runlim] sample:		859.9 time, 860.1 real, 819.3 MB
[runlim] sample:		869.9 time, 870.1 real, 710.3 MB
[runlim] sample:		879.9 time, 880.1 real, 706.7 MB
[runlim] sample:		889.9 time, 890.1 real, 719.1 MB
[runlim] sample:		899.9 time, 900.1 real, 767.9 MB
[runlim] sample:		909.9 time, 910.1 real, 708.9 MB
[runlim] sample:		919.9 time, 920.1 real, 710.9 MB
[runlim] sample:		929.9 time, 930.1 real, 717.3 MB
[runlim] sample:		939.9 time, 940.1 real, 715.5 MB
[runlim] sample:		949.9 time, 950.1 real, 753.2 MB
[runlim] sample:		959.9 time, 960.1 real, 753.2 MB
[runlim] sample:		969.9 time, 970.1 real, 942.4 MB
[runlim] sample:		979.9 time, 980.1 real, 705.8 MB
[runlim] sample:		989.9 time, 990.1 real, 697.4 MB
[runlim] sample:		999.9 time, 1000.1 real, 697.4 MB
[runlim] sample:		1009.9 time, 1010.1 real, 864.3 MB
[runlim] sample:		1019.9 time, 1020.1 real, 864.3 MB
[runlim] sample:		1029.9 time, 1030.1 real, 913.7 MB
[runlim] sample:		1039.9 time, 1040.1 real, 925.5 MB
[runlim] sample:		1049.9 time, 1050.1 real, 925.5 MB
[runlim] sample:		1059.9 time, 1060.1 real, 925.5 MB
[runlim] sample:		1069.9 time, 1070.1 real, 925.5 MB
[runlim] sample:		1079.9 time, 1080.1 real, 1036.4 MB
c	Solving duration: 324128 ms
c	Answer: 
s SAT (w = 97)
AB is set to 303
Node 18 : 89
Node 142 : 392
AB is set to 120
Node 18 : 89
Node 221 : 209
AB is set to 98
Node 143 : 251
Node 255 : 153
AB is set to 97
Node 163 : 160
Node 269 : 63
c	Solution check:
p calculated antibandwidth = 97.
c
c
c Antibandwidth problem with w = 98 ( O-impcol_d.mtx.rnd ):
c Initializing CaDiCaL (version 1.2.1).
c	Configuring CaDiCaL as --sat (1).
c Initializing a DuplexNSC encoder with n = 425.
c Encoding starts with w = 98:
c	Labels and Vertices aux var: 34000
c	Labels and Vertices constraints:  415650
c	Obj k aux var: 274125
c	Obj k constraints: 2816275
c	Obj k glue staircase constraints: 1647100
c	Encoding duration: 0s
c	Number of clauses: 3232137
c	Number of irredundant clauses: 3230774
c	Number of variables: 488750
c SAT Solving starts:
[runlim] sample:		1089.9 time, 1090.1 real, 694.5 MB
[runlim] sample:		1099.9 time, 1100.1 real, 697.7 MB
[runlim] sample:		1109.9 time, 1110.1 real, 725.1 MB
[runlim] sample:		1119.9 time, 1120.1 real, 695.2 MB
[runlim] sample:		1129.9 time, 1130.1 real, 696.8 MB
[runlim] sample:		1139.9 time, 1140.1 real, 702.0 MB
[runlim] sample:		1149.9 time, 1150.1 real, 704.6 MB
[runlim] sample:		1159.9 time, 1160.1 real, 699.4 MB
[runlim] sample:		1169.9 time, 1170.1 real, 698.4 MB
[runlim] sample:		1179.9 time, 1180.1 real, 700.9 MB
[runlim] sample:		1189.9 time, 1190.1 real, 698.2 MB
[runlim] sample:		1199.9 time, 1200.1 real, 700.8 MB
[runlim] sample:		1209.9 time, 1210.1 real, 700.8 MB
[runlim] sample:		1219.9 time, 1220.1 real, 700.8 MB
[runlim] sample:		1229.9 time, 1230.1 real, 713.3 MB
[runlim] sample:		1239.9 time, 1240.1 real, 802.5 MB
[runlim] sample:		1249.9 time, 1250.1 real, 1217.8 MB
[runlim] sample:		1259.9 time, 1260.1 real, 1175.9 MB
[runlim] sample:		1269.9 time, 1270.1 real, 978.8 MB
[runlim] sample:		1279.9 time, 1280.1 real, 879.8 MB
[runlim] sample:		1289.9 time, 1290.1 real, 889.3 MB
[runlim] sample:		1299.9 time, 1300.1 real, 829.5 MB
[runlim] sample:		1309.9 time, 1310.1 real, 835.7 MB
[runlim] sample:		1319.9 time, 1320.1 real, 751.1 MB
[runlim] sample:		1329.9 time, 1330.1 real, 751.1 MB
[runlim] sample:		1339.9 time, 1340.1 real, 886.2 MB
[runlim] sample:		1349.9 time, 1350.1 real, 1361.6 MB
[runlim] sample:		1359.9 time, 1360.1 real, 1361.6 MB
[runlim] sample:		1369.9 time, 1370.1 real, 1126.1 MB
[runlim] sample:		1379.9 time, 1380.1 real, 841.8 MB
[runlim] sample:		1389.9 time, 1390.1 real, 985.8 MB
[runlim] sample:		1399.9 time, 1400.1 real, 985.8 MB
[runlim] sample:		1409.9 time, 1410.1 real, 847.8 MB
[runlim] sample:		1419.9 time, 1420.1 real, 857.8 MB
[runlim] sample:		1429.9 time, 1430.1 real, 857.8 MB
[runlim] sample:		1439.9 time, 1440.1 real, 857.8 MB
[runlim] sample:		1449.9 time, 1450.1 real, 857.8 MB
[runlim] sample:		1459.9 time, 1460.1 real, 857.8 MB
[runlim] sample:		1469.9 time, 1470.1 real, 1038.3 MB
[runlim] sample:		1479.9 time, 1480.1 real, 857.8 MB
c	Solving duration: 399555 ms
c	Answer: 
s SAT (w = 98)
AB is set to 121
Node 18 : 278
Node 142 : 157
AB is set to 111
Node 7 : 141
Node 27 : 252
AB is set to 104
Node 302 : 304
Node 400 : 408
AB is set to 98
Node 302 : 304
Node 412 : 206
c	Solution check:
p calculated antibandwidth = 98.
c
c
c Antibandwidth problem with w = 99 ( O-impcol_d.mtx.rnd ):
c Initializing CaDiCaL (version 1.2.1).
c	Configuring CaDiCaL as --sat (1).
c Initializing a DuplexNSC encoder with n = 425.
c Encoding starts with w = 99:
c	Labels and Vertices aux var: 34000
c	Labels and Vertices constraints:  415650
c	Obj k aux var: 273275
c	Obj k constraints: 2810357
c	Obj k glue staircase constraints: 1642032
c	Encoding duration: 0s
c	Number of clauses: 3226219
c	Number of irredundant clauses: 3224852
c	Number of variables: 487900
c SAT Solving starts:
[runlim] sample:		1489.9 time, 1490.1 real, 894.8 MB
[runlim] sample:		1499.9 time, 1500.1 real, 902.2 MB
[runlim] sample:		1509.9 time, 1510.1 real, 895.3 MB
[runlim] sample:		1519.9 time, 1520.1 real, 895.9 MB
[runlim] sample:		1529.9 time, 1530.1 real, 895.6 MB
[runlim] sample:		1539.9 time, 1540.1 real, 901.6 MB
c	Solving duration: 62201 ms
c	Answer: 
s SAT (w = 99)
AB is set to 126
Node 18 : 353
Node 142 : 227
AB is set to 109
Node 255 : 344
Node 328 : 235
AB is set to 107
Node 226 : 292
Node 325 : 399
AB is set to 101
Node 81 : 311
Node 412 : 210
AB is set to 99
Node 29 : 410
Node 81 : 311
c	Solution check:
p calculated antibandwidth = 99.
c
c
c Antibandwidth problem with w = 100 ( O-impcol_d.mtx.rnd ):
c Initializing CaDiCaL (version 1.2.1).
c	Configuring CaDiCaL as --sat (1).
c Initializing a DuplexNSC encoder with n = 425.
c Encoding starts with w = 100:
c	Labels and Vertices aux var: 34000
c	Labels and Vertices constraints:  415650
c	Obj k aux var: 272425
c	Obj k constraints: 2804439
c	Obj k glue staircase constraints: 1636964
c	Encoding duration: 0s
c	Number of clauses: 3220301
c	Number of irredundant clauses: 3218930
c	Number of variables: 487050
c SAT Solving starts:
[runlim] sample:		1549.9 time, 1550.1 real, 818.7 MB
[runlim] sample:		1559.9 time, 1560.1 real, 894.7 MB
[runlim] sample:		1569.9 time, 1570.1 real, 818.7 MB
[runlim] sample:		1579.9 time, 1580.1 real, 818.7 MB
[runlim] sample:		1589.9 time, 1590.1 real, 901.8 MB
[runlim] sample:		1599.9 time, 1600.1 real, 818.7 MB
[runlim] sample:		1609.9 time, 1610.1 real, 818.7 MB
[runlim] sample:		1619.8 time, 1620.1 real, 818.7 MB
[runlim] sample:		1629.9 time, 1630.1 real, 980.5 MB
[runlim] sample:		1639.9 time, 1640.1 real, 818.7 MB
[runlim] sample:		1649.9 time, 1650.1 real, 978.8 MB
[runlim] sample:		1659.9 time, 1660.1 real, 900.8 MB
[runlim] sample:		1669.9 time, 1670.1 real, 818.7 MB
[runlim] sample:		1679.8 time, 1680.1 real, 906.5 MB
[runlim] sample:		1689.8 time, 1690.1 real, 922.6 MB
[runlim] sample:		1699.9 time, 1700.1 real, 922.6 MB
[runlim] sample:		1709.8 time, 1710.1 real, 818.7 MB
[runlim] sample:		1719.8 time, 1720.1 real, 818.7 MB
[runlim] sample:		1729.8 time, 1730.1 real, 1078.7 MB
[runlim] sample:		1739.8 time, 1740.1 real, 961.5 MB
[runlim] sample:		1749.8 time, 1750.1 real, 946.2 MB
[runlim] sample:		1759.8 time, 1760.1 real, 946.2 MB
[runlim] sample:		1769.8 time, 1770.1 real, 946.2 MB
[runlim] sample:		1779.8 time, 1780.1 real, 1282.1 MB
[runlim] sample:		1789.8 time, 1790.1 real, 1015.6 MB
[runlim] sample:		1799.8 time, 1800.1 real, 942.1 MB
[runlim] sample:		1809.8 time, 1810.1 real, 942.1 MB
[runlim] sample:		1819.8 time, 1820.1 real, 942.1 MB
[runlim] sample:		1829.8 time, 1830.1 real, 942.1 MB
[runlim] sample:		1839.8 time, 1840.1 real, 1149.6 MB
[runlim] sample:		1849.8 time, 1850.1 real, 995.7 MB
c	Solving duration: 310018 ms
c	Answer: 
s SAT (w = 100)
AB is set to 321
Node 18 : 31
Node 142 : 352
AB is set to 205
Node 18 : 31
Node 221 : 236
AB is set to 116
Node 18 : 31
Node 362 : 147
AB is set to 106
Node 255 : 41
Node 362 : 147
AB is set to 104
Node 130 : 43
Node 362 : 147
AB is set to 102
Node 81 : 45
Node 362 : 147
AB is set to 100
Node 27 : 46
Node 387 : 146
c	Solution check:
p calculated antibandwidth = 100.
c
c
c Antibandwidth problem with w = 101 ( O-impcol_d.mtx.rnd ):
c Initializing CaDiCaL (version 1.2.1).
c	Configuring CaDiCaL as --sat (1).
c Initializing a DuplexNSC encoder with n = 425.
c Encoding starts with w = 101:
[runlim] sample:		1859.8 time, 1860.1 real, 843.7 MB
c	Labels and Vertices aux var: 34000
c	Labels and Vertices constraints:  415650
c	Obj k aux var: 271575
c	Obj k constraints: 2798521
c	Obj k glue staircase constraints: 1631896
c	Encoding duration: 0s
c	Number of clauses: 3214383
c	Number of irredundant clauses: 3213008
c	Number of variables: 486200
c SAT Solving starts:
[runlim] sample:		1869.8 time, 1870.1 real, 919.9 MB
[runlim] sample:		1879.8 time, 1880.1 real, 843.7 MB
[runlim] sample:		1889.8 time, 1890.1 real, 935.8 MB
[runlim] sample:		1899.8 time, 1900.1 real, 921.3 MB
[runlim] sample:		1909.8 time, 1910.1 real, 843.7 MB
[runlim] sample:		1919.8 time, 1920.1 real, 922.4 MB
[runlim] sample:		1929.8 time, 1930.1 real, 961.2 MB
[runlim] sample:		1939.8 time, 1940.1 real, 843.7 MB
[runlim] sample:		1949.8 time, 1950.1 real, 843.7 MB
[runlim] sample:		1959.8 time, 1960.1 real, 923.9 MB
[runlim] sample:		1969.8 time, 1970.1 real, 931.3 MB
[runlim] sample:		1979.8 time, 1980.1 real, 964.0 MB
[runlim] sample:		1989.8 time, 1990.1 real, 843.7 MB
[runlim] sample:		1999.8 time, 2000.1 real, 958.0 MB
[runlim] sample:		2009.8 time, 2010.1 real, 843.7 MB
[runlim] sample:		2019.8 time, 2020.1 real, 937.0 MB
[runlim] sample:		2029.8 time, 2030.1 real, 1108.1 MB
[runlim] sample:		2039.8 time, 2040.1 real, 843.7 MB
[runlim] sample:		2049.8 time, 2050.1 real, 956.5 MB
[runlim] sample:		2059.8 time, 2060.1 real, 843.7 MB
[runlim] sample:		2069.8 time, 2070.1 real, 1142.9 MB
[runlim] sample:		2079.8 time, 2080.1 real, 1142.9 MB
[runlim] sample:		2089.8 time, 2090.1 real, 1142.9 MB
[runlim] sample:		2099.8 time, 2100.1 real, 1142.9 MB
[runlim] sample:		2109.8 time, 2110.1 real, 1255.8 MB
[runlim] sample:		2119.8 time, 2120.1 real, 1438.4 MB
[runlim] sample:		2129.8 time, 2130.1 real, 1438.4 MB
[runlim] sample:		2139.8 time, 2140.1 real, 1438.4 MB
[runlim] sample:		2149.8 time, 2150.1 real, 1477.9 MB
[runlim] sample:		2159.8 time, 2160.1 real, 1919.6 MB
[runlim] sample:		2169.8 time, 2170.1 real, 1077.8 MB
[runlim] sample:		2179.8 time, 2180.1 real, 1002.4 MB
[runlim] sample:		2189.8 time, 2190.1 real, 1002.4 MB
[runlim] sample:		2199.8 time, 2200.1 real, 1106.5 MB
c	Solving duration: 348179 ms
c	Answer: 
s SAT (w = 101)
AB is set to 247
Node 18 : 93
Node 142 : 340
AB is set to 170
Node 18 : 93
Node 362 : 263
AB is set to 118
Node 143 : 220
Node 255 : 102
AB is set to 102
Node 226 : 154
Node 325 : 52
AB is set to 101
Node 269 : 223
Node 302 : 122
c	Solution check:
p calculated antibandwidth = 101.
c
c
c Antibandwidth problem with w = 102 ( O-impcol_d.mtx.rnd ):
c Initializing CaDiCaL (version 1.2.1).
c	Configuring CaDiCaL as --sat (1).
c Initializing a DuplexNSC encoder with n = 425.
c Encoding starts with w = 102:
c	Labels and Vertices aux var: 34000
c	Labels and Vertices constraints:  415650
c	Obj k aux var: 270725
c	Obj k constraints: 2792603
c	Obj k glue staircase constraints: 1626828
c	Encoding duration: 0s
c	Number of clauses: 3208465
c	Number of irredundant clauses: 3207086
c	Number of variables: 485350
c SAT Solving starts:
[runlim] sample:		2209.8 time, 2210.1 real, 838.1 MB
[runlim] sample:		2219.8 time, 2220.1 real, 914.7 MB
[runlim] sample:		2229.8 time, 2230.1 real, 838.1 MB
[runlim] sample:		2239.8 time, 2240.1 real, 838.1 MB
[runlim] sample:		2249.8 time, 2250.1 real, 918.0 MB
[runlim] sample:		2259.8 time, 2260.1 real, 838.1 MB
[runlim] sample:		2269.8 time, 2270.1 real, 838.1 MB
[runlim] sample:		2279.8 time, 2280.1 real, 925.3 MB
[runlim] sample:		2289.8 time, 2290.1 real, 926.0 MB
[runlim] sample:		2299.8 time, 2300.1 real, 838.1 MB
[runlim] sample:		2309.8 time, 2310.1 real, 929.5 MB
[runlim] sample:		2319.8 time, 2320.1 real, 838.1 MB
[runlim] sample:		2329.8 time, 2330.1 real, 951.7 MB
[runlim] sample:		2339.8 time, 2340.1 real, 838.1 MB
[runlim] sample:		2349.8 time, 2350.1 real, 838.1 MB
[runlim] sample:		2359.8 time, 2360.1 real, 838.1 MB
[runlim] sample:		2369.8 time, 2370.1 real, 919.5 MB
[runlim] sample:		2379.8 time, 2380.1 real, 930.5 MB
[runlim] sample:		2389.8 time, 2390.1 real, 930.5 MB
[runlim] sample:		2399.8 time, 2400.1 real, 929.5 MB
[runlim] sample:		2409.8 time, 2410.1 real, 838.1 MB
[runlim] sample:		2419.8 time, 2420.1 real, 919.9 MB
[runlim] sample:		2429.8 time, 2430.1 real, 973.5 MB
[runlim] sample:		2439.8 time, 2440.1 real, 976.0 MB
[runlim] sample:		2449.8 time, 2450.1 real, 838.1 MB
[runlim] sample:		2459.8 time, 2460.1 real, 838.1 MB
[runlim] sample:		2469.8 time, 2470.1 real, 838.1 MB
[runlim] sample:		2479.8 time, 2480.1 real, 943.7 MB
c	Solving duration: 279150 ms
c	Answer: 
s SAT (w = 102)
AB is set to 129
Node 18 : 270
Node 142 : 141
AB is set to 118
Node 18 : 270
Node 362 : 388
AB is set to 103
Node 164 : 347
Node 255 : 244
AB is set to 102
Node 325 : 269
Node 415 : 167
c	Solution check:
p calculated antibandwidth = 102.
c
c
c Antibandwidth problem with w = 103 ( O-impcol_d.mtx.rnd ):
c Initializing CaDiCaL (version 1.2.1).
c	Configuring CaDiCaL as --sat (1).
c Initializing a DuplexNSC encoder with n = 425.
c Encoding starts with w = 103:
c	Labels and Vertices aux var: 34000
c	Labels and Vertices constraints:  415650
c	Obj k aux var: 269875
c	Obj k constraints: 2786685
c	Obj k glue staircase constraints: 1621760
c	Encoding duration: 0s
c	Number of clauses: 3202547
c	Number of irredundant clauses: 3201164
c	Number of variables: 484500
c SAT Solving starts:
[runlim] sample:		2489.8 time, 2490.1 real, 838.1 MB
[runlim] sample:		2499.8 time, 2500.1 real, 838.1 MB
[runlim] sample:		2509.8 time, 2510.1 real, 914.1 MB
[runlim] sample:		2519.8 time, 2520.1 real, 838.1 MB
[runlim] sample:		2529.8 time, 2530.1 real, 838.1 MB
[runlim] sample:		2539.8 time, 2540.1 real, 838.1 MB
[runlim] sample:		2549.8 time, 2550.1 real, 953.8 MB
[runlim] sample:		2559.8 time, 2560.1 real, 838.1 MB
[runlim] sample:		2569.8 time, 2570.1 real, 1016.9 MB
[runlim] sample:		2579.8 time, 2580.1 real, 838.1 MB
[runlim] sample:		2589.8 time, 2590.1 real, 926.0 MB
[runlim] sample:		2599.8 time, 2600.1 real, 931.5 MB
[runlim] sample:		2609.8 time, 2610.1 real, 838.1 MB
[runlim] sample:		2619.8 time, 2620.1 real, 921.8 MB
[runlim] sample:		2629.8 time, 2630.1 real, 928.1 MB
[runlim] sample:		2639.8 time, 2640.1 real, 838.1 MB
[runlim] sample:		2649.8 time, 2650.1 real, 919.5 MB
[runlim] sample:		2659.8 time, 2660.1 real, 845.7 MB
[runlim] sample:		2669.8 time, 2670.1 real, 838.1 MB
[runlim] sample:		2679.8 time, 2680.1 real, 936.7 MB
[runlim] sample:		2689.8 time, 2690.1 real, 936.7 MB
[runlim] sample:		2699.8 time, 2700.1 real, 943.0 MB
[runlim] sample:		2709.8 time, 2710.1 real, 840.7 MB
[runlim] sample:		2719.8 time, 2720.1 real, 938.6 MB
[runlim] sample:		2729.8 time, 2730.1 real, 967.7 MB
[runlim] sample:		2739.8 time, 2740.1 real, 967.7 MB
[runlim] sample:		2749.8 time, 2750.1 real, 840.7 MB
[runlim] sample:		2759.8 time, 2760.1 real, 840.7 MB
[runlim] sample:		2769.8 time, 2770.1 real, 990.8 MB
[runlim] sample:		2779.8 time, 2780.1 real, 840.7 MB
[runlim] sample:		2789.8 time, 2790.1 real, 840.7 MB
[runlim] sample:		2799.8 time, 2800.1 real, 961.3 MB
[runlim] sample:		2809.8 time, 2810.1 real, 840.7 MB
[runlim] sample:		2819.8 time, 2820.1 real, 968.0 MB
[runlim] sample:		2829.8 time, 2830.1 real, 1055.2 MB
[runlim] sample:		2839.8 time, 2840.1 real, 1055.2 MB
[runlim] sample:		2849.8 time, 2850.1 real, 1062.8 MB
[runlim] sample:		2859.8 time, 2860.1 real, 840.7 MB
[runlim] sample:		2869.8 time, 2870.1 real, 1033.1 MB
[runlim] sample:		2879.8 time, 2880.1 real, 840.7 MB
[runlim] sample:		2889.8 time, 2890.1 real, 840.7 MB
[runlim] sample:		2899.8 time, 2900.1 real, 840.7 MB
[runlim] sample:		2909.8 time, 2910.1 real, 840.7 MB
[runlim] sample:		2919.8 time, 2920.1 real, 840.7 MB
[runlim] sample:		2929.8 time, 2930.1 real, 868.6 MB
[runlim] sample:		2939.8 time, 2940.1 real, 945.7 MB
[runlim] sample:		2949.8 time, 2950.1 real, 1389.1 MB
[runlim] sample:		2959.8 time, 2960.1 real, 1389.1 MB
c	Solving duration: 478983 ms
c	Answer: 
s SAT (w = 103)
AB is set to 271
Node 18 : 129
Node 142 : 400
AB is set to 123
Node 18 : 129
Node 221 : 252
AB is set to 121
Node 18 : 129
Node 362 : 8
AB is set to 111
Node 142 : 400
Node 255 : 289
AB is set to 103
Node 325 : 320
Node 415 : 423
c	Solution check:
p calculated antibandwidth = 103.
c
c
c Antibandwidth problem with w = 104 ( O-impcol_d.mtx.rnd ):
c Initializing CaDiCaL (version 1.2.1).
c	Configuring CaDiCaL as --sat (1).
c Initializing a DuplexNSC encoder with n = 425.
c Encoding starts with w = 104:
c	Labels and Vertices aux var: 34000
c	Labels and Vertices constraints:  415650
c	Obj k aux var: 269025
c	Obj k constraints: 2780767
c	Obj k glue staircase constraints: 1616692
c	Encoding duration: 0s
c	Number of clauses: 3196629
c	Number of irredundant clauses: 3195242
c	Number of variables: 483650
c SAT Solving starts:
[runlim] sample:		2969.8 time, 2970.1 real, 792.2 MB
[runlim] sample:		2979.8 time, 2980.1 real, 815.3 MB
[runlim] sample:		2989.8 time, 2990.1 real, 815.3 MB
[runlim] sample:		2999.8 time, 3000.1 real, 815.3 MB
[runlim] sample:		3009.8 time, 3010.1 real, 815.3 MB
[runlim] sample:		3019.8 time, 3020.1 real, 923.8 MB
[runlim] sample:		3029.8 time, 3030.1 real, 891.8 MB
[runlim] sample:		3039.8 time, 3040.1 real, 815.3 MB
[runlim] sample:		3049.8 time, 3050.1 real, 913.3 MB
[runlim] sample:		3059.8 time, 3060.1 real, 893.2 MB
[runlim] sample:		3069.8 time, 3070.1 real, 815.3 MB
[runlim] sample:		3079.8 time, 3080.1 real, 815.3 MB
[runlim] sample:		3089.8 time, 3090.1 real, 815.3 MB
[runlim] sample:		3099.8 time, 3100.1 real, 821.3 MB
[runlim] sample:		3109.8 time, 3110.1 real, 821.3 MB
[runlim] sample:		3119.8 time, 3120.1 real, 910.9 MB
[runlim] sample:		3129.8 time, 3130.1 real, 1009.3 MB
[runlim] sample:		3139.8 time, 3140.1 real, 1009.3 MB
[runlim] sample:		3149.8 time, 3150.1 real, 824.3 MB
[runlim] sample:		3159.8 time, 3160.1 real, 913.5 MB
[runlim] sample:		3169.8 time, 3170.1 real, 824.3 MB
[runlim] sample:		3179.8 time, 3180.1 real, 1032.2 MB
[runlim] sample:		3189.8 time, 3190.1 real, 824.3 MB
[runlim] sample:		3199.8 time, 3200.1 real, 824.3 MB
[runlim] sample:		3209.8 time, 3210.1 real, 824.3 MB
[runlim] sample:		3219.8 time, 3220.1 real, 949.2 MB
[runlim] sample:		3229.8 time, 3230.1 real, 1041.7 MB
[runlim] sample:		3239.8 time, 3240.1 real, 1041.7 MB
[runlim] sample:		3249.8 time, 3250.1 real, 824.3 MB
[runlim] sample:		3259.8 time, 3260.1 real, 824.3 MB
[runlim] sample:		3269.8 time, 3270.1 real, 1201.4 MB
[runlim] sample:		3279.8 time, 3280.1 real, 824.3 MB
[runlim] sample:		3289.8 time, 3290.1 real, 988.0 MB
[runlim] sample:		3299.8 time, 3300.1 real, 1026.0 MB
[runlim] sample:		3309.8 time, 3310.1 real, 1026.0 MB
[runlim] sample:		3319.8 time, 3320.1 real, 824.3 MB
[runlim] sample:		3329.8 time, 3330.1 real, 954.6 MB
[runlim] sample:		3339.8 time, 3340.1 real, 954.6 MB
[runlim] sample:		3349.8 time, 3350.1 real, 824.3 MB
[runlim] sample:		3359.8 time, 3360.1 real, 966.6 MB
[runlim] sample:		3369.8 time, 3370.1 real, 1062.6 MB
[runlim] sample:		3379.8 time, 3380.1 real, 1062.6 MB
[runlim] sample:		3389.8 time, 3390.1 real, 1062.6 MB
[runlim] sample:		3399.8 time, 3400.1 real, 1136.5 MB
[runlim] sample:		3409.8 time, 3410.1 real, 832.7 MB
[runlim] sample:		3419.8 time, 3420.1 real, 1001.1 MB
[runlim] sample:		3429.8 time, 3430.1 real, 832.7 MB
[runlim] sample:		3439.8 time, 3440.1 real, 832.7 MB
[runlim] sample:		3449.8 time, 3450.1 real, 1058.1 MB
[runlim] sample:		3459.8 time, 3460.1 real, 1058.1 MB
[runlim] sample:		3469.8 time, 3470.1 real, 1057.5 MB
[runlim] sample:		3479.8 time, 3480.1 real, 1009.3 MB
[runlim] sample:		3489.8 time, 3490.1 real, 834.7 MB
[runlim] sample:		3499.8 time, 3500.1 real, 954.1 MB
[runlim] sample:		3509.8 time, 3510.1 real, 1059.5 MB
[runlim] sample:		3519.8 time, 3520.1 real, 1059.5 MB
[runlim] sample:		3529.8 time, 3530.1 real, 1059.5 MB
[runlim] sample:		3539.8 time, 3540.1 real, 1061.5 MB
[runlim] sample:		3549.8 time, 3550.1 real, 1221.6 MB
[runlim] sample:		3559.8 time, 3560.1 real, 1361.5 MB
[runlim] sample:		3569.8 time, 3570.1 real, 1494.3 MB
[runlim] sample:		3579.8 time, 3580.1 real, 1633.3 MB
[runlim] sample:		3589.8 time, 3590.1 real, 2550.0 MB
c Signal interruption.
[runlim] end:			Thu Aug 29 09:14:43 2024
[runlim] status:		out of time
[runlim] result:		2
[runlim] children:		0
[runlim] real:			3600.07 seconds
[runlim] time:			3599.69 seconds
[runlim] space:			2774.7 MB
[runlim] samples:		35999
