[runlim] version:		1.10
[runlim] time limit:		1800 seconds
[runlim] real time limit:	1800 seconds
[runlim] space limit:		30000 MB
[runlim] argv[0]:		/home/truongxuanhieu/AntiBandwidthReconstruct/build/abw_enc_symbreak_first_node_hybrid_NSC_binomial
[runlim] argv[1]:		/home/truongxuanhieu/AntiBandwidthReconstruct/build/Benchmarks/R-dwt__503.mtx.rnd
[runlim] argv[2]:		--duplexNSC
[runlim] start:			Sun Sep 29 19:24:03 2024
[runlim] main pid:		32896
[runlim] log captured:
c DuplexEncoder 0.8.
c Solving strategy: from LB to UB.
c LB-w = 46 (LB in Sinnl - A note on computational approaches for the antibandwidth problem).
c UB-w = 71 (UB in Sinnl - A note on computational approaches for the antibandwidth problem).
c Antibandwidth problem with w = 46 ( R-dwt__503.mtx.rnd ):
c Initializing CaDiCaL (version 1.2.1).
c	Configuring CaDiCaL as --sat (1).
c Initializing a DuplexNSC encoder with n = 503.
c Encoding starts with w = 46:
c	Labels and Vertices aux var: 43258
c	Labels and Vertices constraints:  597564
c	Obj k aux var: 446161
c	Obj k constraints: 6802511
c	Obj k glue staircase constraints: 4977124
c	Encoding duration: 2s
c	Number of clauses: 7400326
c	Number of irredundant clauses: 7398276
c	Number of variables: 742428
c SAT Solving starts:
c	Solving duration: 3728 ms
c	Answer: 
s SAT (w = 46)
AB is set to 261
Node 102 : 306
Node 437 : 45
AB is set to 55
Node 82 : 361
Node 102 : 306
AB is set to 47
Node 442 : 11
Node 474 : 58
AB is set to 46
Node 403 : 12
Node 474 : 58
c	Solution check:
p calculated antibandwidth = 46.
c
c
c Antibandwidth problem with w = 47 ( R-dwt__503.mtx.rnd ):
c Initializing CaDiCaL (version 1.2.1).
c	Configuring CaDiCaL as --sat (1).
c Initializing a DuplexNSC encoder with n = 503.
c Encoding starts with w = 47:
c	Labels and Vertices aux var: 43258
c	Labels and Vertices constraints:  597564
c	Obj k aux var: 445155
c	Obj k constraints: 6793475
c	Obj k glue staircase constraints: 4966076
c	Encoding duration: 1s
c	Number of clauses: 7391290
c	Number of irredundant clauses: 7389230
c	Number of variables: 741422
c SAT Solving starts:
[runlim] sample:		10.0 time, 10.1 real, 828.8 MB
c	Solving duration: 3795 ms
c	Answer: 
s SAT (w = 47)
AB is set to 188
Node 102 : 327
Node 437 : 139
AB is set to 77
Node 82 : 404
Node 102 : 327
AB is set to 47
Node 254 : 92
Node 437 : 139
c	Solution check:
p calculated antibandwidth = 47.
c
c
c Antibandwidth problem with w = 48 ( R-dwt__503.mtx.rnd ):
c Initializing CaDiCaL (version 1.2.1).
c	Configuring CaDiCaL as --sat (1).
c Initializing a DuplexNSC encoder with n = 503.
c Encoding starts with w = 48:
c	Labels and Vertices aux var: 43258
c	Labels and Vertices constraints:  597564
c	Obj k aux var: 444149
c	Obj k constraints: 6784439
c	Obj k glue staircase constraints: 4955028
c	Encoding duration: 1s
c	Number of clauses: 7382254
c	Number of irredundant clauses: 7380184
c	Number of variables: 740416
c SAT Solving starts:
[runlim] sample:		20.0 time, 20.1 real, 1049.8 MB
c	Solving duration: 11550 ms
c	Answer: 
s SAT (w = 48)
AB is set to 404
Node 102 : 457
Node 437 : 53
AB is set to 124
Node 82 : 333
Node 102 : 457
AB is set to 75
Node 4 : 382
Node 102 : 457
AB is set to 71
Node 385 : 124
Node 437 : 53
AB is set to 61
Node 157 : 108
Node 329 : 47
AB is set to 53
Node 17 : 433
Node 45 : 380
AB is set to 52
Node 7 : 488
Node 27 : 436
AB is set to 49
Node 4 : 382
Node 82 : 333
AB is set to 48
Node 251 : 229
Node 254 : 181
c	Solution check:
p calculated antibandwidth = 48.
c
c
c Antibandwidth problem with w = 49 ( R-dwt__503.mtx.rnd ):
c Initializing CaDiCaL (version 1.2.1).
c	Configuring CaDiCaL as --sat (1).
c Initializing a DuplexNSC encoder with n = 503.
c Encoding starts with w = 49:
c	Labels and Vertices aux var: 43258
c	Labels and Vertices constraints:  597564
c	Obj k aux var: 443143
c	Obj k constraints: 6775403
c	Obj k glue staircase constraints: 4943980
c	Encoding duration: 1s
c	Number of clauses: 7373218
c	Number of irredundant clauses: 7371138
c	Number of variables: 739410
c SAT Solving starts:
[runlim] sample:		30.0 time, 30.1 real, 855.9 MB
c	Solving duration: 10815 ms
c	Answer: 
s SAT (w = 49)
AB is set to 112
Node 102 : 152
Node 437 : 40
AB is set to 49
Node 82 : 103
Node 102 : 152
c	Solution check:
p calculated antibandwidth = 49.
c
c
c Antibandwidth problem with w = 50 ( R-dwt__503.mtx.rnd ):
c Initializing CaDiCaL (version 1.2.1).
c	Configuring CaDiCaL as --sat (1).
c Initializing a DuplexNSC encoder with n = 503.
c Encoding starts with w = 50:
[runlim] sample:		40.0 time, 40.1 real, 880.6 MB
c	Labels and Vertices aux var: 43258
c	Labels and Vertices constraints:  597564
c	Obj k aux var: 442137
c	Obj k constraints: 6766367
c	Obj k glue staircase constraints: 4932932
c	Encoding duration: 1s
c	Number of clauses: 7364182
c	Number of irredundant clauses: 7362093
c	Number of variables: 738404
c SAT Solving starts:
c	Solving duration: 3856 ms
c	Answer: 
s SAT (w = 50)
AB is set to 385
Node 102 : 428
Node 437 : 43
AB is set to 101
Node 82 : 327
Node 102 : 428
AB is set to 65
Node 4 : 493
Node 102 : 428
AB is set to 50
Node 136 : 319
Node 157 : 269
c	Solution check:
p calculated antibandwidth = 50.
c
c
c Antibandwidth problem with w = 51 ( R-dwt__503.mtx.rnd ):
c Initializing CaDiCaL (version 1.2.1).
c	Configuring CaDiCaL as --sat (1).
c Initializing a DuplexNSC encoder with n = 503.
c Encoding starts with w = 51:
c	Labels and Vertices aux var: 43258
c	Labels and Vertices constraints:  592534
c	Obj k aux var: 442640
c	Obj k constraints: 6743988
c	Obj k glue staircase constraints: 4930170
c	Encoding duration: 1s
c	Number of clauses: 7336773
c	Number of irredundant clauses: 7334724
c	Number of variables: 738907
c SAT Solving starts:
[runlim] sample:		50.0 time, 50.1 real, 1129.6 MB
c	Solving duration: 5315 ms
c	Answer: 
s SAT (w = 51)
AB is set to 63
Node 102 : 196
Node 437 : 133
AB is set to 52
Node 82 : 248
Node 102 : 196
AB is set to 51
Node 344 : 39
Node 469 : 90
c	Solution check:
p calculated antibandwidth = 51.
c
c
c Antibandwidth problem with w = 52 ( R-dwt__503.mtx.rnd ):
c Initializing CaDiCaL (version 1.2.1).
c	Configuring CaDiCaL as --sat (1).
c Initializing a DuplexNSC encoder with n = 503.
c Encoding starts with w = 52:
c	Labels and Vertices aux var: 43258
c	Labels and Vertices constraints:  592534
c	Obj k aux var: 441634
c	Obj k constraints: 6734449
c	Obj k glue staircase constraints: 4919122
c	Encoding duration: 1s
c	Number of clauses: 7327234
c	Number of irredundant clauses: 7325176
c	Number of variables: 737901
c SAT Solving starts:
c	Solving duration: 4283 ms
c	Answer: 
s SAT (w = 52)
AB is set to 329
Node 102 : 356
Node 437 : 27
AB is set to 73
Node 82 : 429
Node 102 : 356
AB is set to 53
Node 385 : 80
Node 437 : 27
AB is set to 52
Node 268 : 175
Node 474 : 123
c	Solution check:
p calculated antibandwidth = 52.
c
c
c Antibandwidth problem with w = 53 ( R-dwt__503.mtx.rnd ):
c Initializing CaDiCaL (version 1.2.1).
c	Configuring CaDiCaL as --sat (1).
c Initializing a DuplexNSC encoder with n = 503.
c Encoding starts with w = 53:
[runlim] sample:		60.0 time, 60.1 real, 890.6 MB
c	Labels and Vertices aux var: 43258
c	Labels and Vertices constraints:  592534
c	Obj k aux var: 440628
c	Obj k constraints: 6724910
c	Obj k glue staircase constraints: 4908074
c	Encoding duration: 1s
c	Number of clauses: 7317695
c	Number of irredundant clauses: 7315628
c	Number of variables: 736895
c SAT Solving starts:
[runlim] sample:		70.0 time, 70.1 real, 1075.2 MB
c	Solving duration: 11478 ms
c	Answer: 
s SAT (w = 53)
AB is set to 246
Node 102 : 288
Node 437 : 42
AB is set to 132
Node 82 : 420
Node 102 : 288
AB is set to 102
Node 102 : 288
Node 385 : 186
AB is set to 53
Node 102 : 288
Node 345 : 341
c	Solution check:
p calculated antibandwidth = 53.
c
c
c Antibandwidth problem with w = 54 ( R-dwt__503.mtx.rnd ):
c Initializing CaDiCaL (version 1.2.1).
c	Configuring CaDiCaL as --sat (1).
c Initializing a DuplexNSC encoder with n = 503.
c Encoding starts with w = 54:
c	Labels and Vertices aux var: 43258
c	Labels and Vertices constraints:  592534
c	Obj k aux var: 439622
c	Obj k constraints: 6715371
c	Obj k glue staircase constraints: 4897026
c	Encoding duration: 1s
c	Number of clauses: 7308156
c	Number of irredundant clauses: 7306080
c	Number of variables: 735889
c SAT Solving starts:
[runlim] sample:		80.0 time, 80.1 real, 1074.9 MB
[runlim] sample:		90.0 time, 90.1 real, 1076.7 MB
[runlim] sample:		100.0 time, 100.1 real, 1039.5 MB
[runlim] sample:		110.0 time, 110.1 real, 1025.4 MB
[runlim] sample:		120.0 time, 120.1 real, 1086.0 MB
c	Solving duration: 52656 ms
c	Answer: 
s SAT (w = 54)
AB is set to 105
Node 102 : 85
Node 437 : 190
AB is set to 92
Node 385 : 282
Node 437 : 190
AB is set to 79
Node 254 : 111
Node 437 : 190
AB is set to 58
Node 136 : 397
Node 199 : 455
AB is set to 54
Node 442 : 78
Node 474 : 24
c	Solution check:
p calculated antibandwidth = 54.
c
c
c Antibandwidth problem with w = 55 ( R-dwt__503.mtx.rnd ):
c Initializing CaDiCaL (version 1.2.1).
c	Configuring CaDiCaL as --sat (1).
c Initializing a DuplexNSC encoder with n = 503.
c Encoding starts with w = 55:
c	Labels and Vertices aux var: 43258
c	Labels and Vertices constraints:  592534
c	Obj k aux var: 438616
c	Obj k constraints: 6705832
c	Obj k glue staircase constraints: 4885978
c	Encoding duration: 1s
c	Number of clauses: 7298617
c	Number of irredundant clauses: 7296532
c	Number of variables: 734883
c SAT Solving starts:
[runlim] sample:		130.0 time, 130.1 real, 905.2 MB
[runlim] sample:		140.0 time, 140.1 real, 1059.9 MB
[runlim] sample:		150.0 time, 150.1 real, 1035.9 MB
[runlim] sample:		160.0 time, 160.1 real, 1077.3 MB
[runlim] sample:		170.0 time, 170.1 real, 1249.1 MB
[runlim] sample:		180.0 time, 180.1 real, 1078.5 MB
[runlim] sample:		189.9 time, 190.1 real, 1078.9 MB
c	Solving duration: 61691 ms
c	Answer: 
s SAT (w = 55)
AB is set to 353
Node 102 : 109
Node 437 : 462
AB is set to 294
Node 82 : 403
Node 102 : 109
AB is set to 76
Node 102 : 109
Node 385 : 185
AB is set to 59
Node 82 : 403
Node 437 : 462
AB is set to 55
Node 164 : 410
Node 442 : 355
c	Solution check:
p calculated antibandwidth = 55.
c
c
c Antibandwidth problem with w = 56 ( R-dwt__503.mtx.rnd ):
c Initializing CaDiCaL (version 1.2.1).
c	Configuring CaDiCaL as --sat (1).
c Initializing a DuplexNSC encoder with n = 503.
c Encoding starts with w = 56:
c	Labels and Vertices aux var: 43258
c	Labels and Vertices constraints:  588007
c	Obj k aux var: 438616
c	Obj k constraints: 6680435
c	Obj k glue staircase constraints: 4883216
c	Encoding duration: 1s
c	Number of clauses: 7268693
c	Number of irredundant clauses: 7265768
c	Number of variables: 734883
c SAT Solving starts:
c	Solving duration: 4252 ms
c	Answer: 
s SAT (w = 56)
AB is set to 71
Node 102 : 339
Node 437 : 268
AB is set to 56
Node 254 : 194
Node 469 : 250
c	Solution check:
p calculated antibandwidth = 56.
c
c
c Antibandwidth problem with w = 57 ( R-dwt__503.mtx.rnd ):
c Initializing CaDiCaL (version 1.2.1).
c	Configuring CaDiCaL as --sat (1).
c Initializing a DuplexNSC encoder with n = 503.
c Encoding starts with w = 57:
c	Labels and Vertices aux var: 43258
c	Labels and Vertices constraints:  588007
c	Obj k aux var: 438113
c	Obj k constraints: 6670393
c	Obj k glue staircase constraints: 4872168
c	Encoding duration: 1s
c	Number of clauses: 7258651
c	Number of irredundant clauses: 7256722
c	Number of variables: 734380
c SAT Solving starts:
[runlim] sample:		199.9 time, 200.1 real, 864.5 MB
[runlim] sample:		209.9 time, 210.1 real, 1164.2 MB
[runlim] sample:		219.9 time, 220.1 real, 1040.2 MB
[runlim] sample:		229.9 time, 230.1 real, 1082.8 MB
[runlim] sample:		239.9 time, 240.1 real, 1091.0 MB
[runlim] sample:		249.9 time, 250.1 real, 1082.5 MB
[runlim] sample:		259.9 time, 260.1 real, 1082.4 MB
[runlim] sample:		269.9 time, 270.1 real, 1116.7 MB
[runlim] sample:		279.9 time, 280.1 real, 1412.7 MB
[runlim] sample:		289.9 time, 290.1 real, 1205.3 MB
[runlim] sample:		299.9 time, 300.1 real, 1114.4 MB
c	Solving duration: 102858 ms
c	Answer: 
s SAT (w = 57)
AB is set to 121
Node 102 : 48
Node 437 : 169
AB is set to 57
Node 3 : 402
Node 385 : 345
c	Solution check:
p calculated antibandwidth = 57.
c
c
c Antibandwidth problem with w = 58 ( R-dwt__503.mtx.rnd ):
c Initializing CaDiCaL (version 1.2.1).
c	Configuring CaDiCaL as --sat (1).
c Initializing a DuplexNSC encoder with n = 503.
c Encoding starts with w = 58:
c	Labels and Vertices aux var: 43258
c	Labels and Vertices constraints:  588007
c	Obj k aux var: 437107
c	Obj k constraints: 6660351
c	Obj k glue staircase constraints: 4861120
c	Encoding duration: 1s
c	Number of clauses: 7248609
c	Number of irredundant clauses: 7246672
c	Number of variables: 733374
c SAT Solving starts:
[runlim] sample:		309.9 time, 310.1 real, 1004.1 MB
[runlim] sample:		319.9 time, 320.1 real, 1071.5 MB
[runlim] sample:		329.9 time, 330.1 real, 1073.2 MB
[runlim] sample:		339.9 time, 340.1 real, 1072.9 MB
[runlim] sample:		349.9 time, 350.1 real, 1074.0 MB
[runlim] sample:		359.9 time, 360.1 real, 1073.3 MB
[runlim] sample:		369.9 time, 370.1 real, 1075.6 MB
[runlim] sample:		379.9 time, 380.1 real, 1089.0 MB
c	Solving duration: 79620 ms
c	Answer: 
s SAT (w = 58)
AB is set to 174
Node 102 : 234
Node 437 : 408
AB is set to 76
Node 102 : 234
Node 385 : 158
AB is set to 61
Node 3 : 87
Node 469 : 148
AB is set to 58
Node 17 : 393
Node 45 : 451
c	Solution check:
p calculated antibandwidth = 58.
c
c
c Antibandwidth problem with w = 59 ( R-dwt__503.mtx.rnd ):
c Initializing CaDiCaL (version 1.2.1).
c	Configuring CaDiCaL as --sat (1).
c Initializing a DuplexNSC encoder with n = 503.
c Encoding starts with w = 59:
c	Labels and Vertices aux var: 43258
c	Labels and Vertices constraints:  588007
c	Obj k aux var: 436101
c	Obj k constraints: 6650309
c	Obj k glue staircase constraints: 4850072
c	Encoding duration: 1s
c	Number of clauses: 7238567
c	Number of irredundant clauses: 7236622
c	Number of variables: 732368
c SAT Solving starts:
[runlim] sample:		389.9 time, 390.1 real, 1254.2 MB
[runlim] sample:		399.9 time, 400.1 real, 1070.1 MB
[runlim] sample:		409.9 time, 410.1 real, 1073.6 MB
[runlim] sample:		419.9 time, 420.1 real, 1075.4 MB
[runlim] sample:		429.9 time, 430.1 real, 1074.3 MB
[runlim] sample:		439.9 time, 440.1 real, 1079.1 MB
[runlim] sample:		449.9 time, 450.1 real, 1081.9 MB
[runlim] sample:		459.9 time, 460.1 real, 1092.5 MB
[runlim] sample:		469.9 time, 470.1 real, 1092.5 MB
[runlim] sample:		479.9 time, 480.1 real, 1310.0 MB
[runlim] sample:		489.9 time, 490.1 real, 1081.2 MB
c	Solving duration: 112014 ms
c	Answer: 
s SAT (w = 59)
AB is set to 390
Node 102 : 451
Node 437 : 61
AB is set to 307
Node 82 : 144
Node 102 : 451
AB is set to 246
Node 102 : 451
Node 385 : 205
AB is set to 175
Node 102 : 451
Node 345 : 276
AB is set to 83
Node 82 : 144
Node 437 : 61
AB is set to 63
Node 3 : 268
Node 385 : 205
AB is set to 61
Node 82 : 144
Node 385 : 205
AB is set to 60
Node 82 : 144
Node 245 : 84
AB is set to 59
Node 169 : 398
Node 468 : 339
c	Solution check:
p calculated antibandwidth = 59.
c
c
c Antibandwidth problem with w = 60 ( R-dwt__503.mtx.rnd ):
c Initializing CaDiCaL (version 1.2.1).
c	Configuring CaDiCaL as --sat (1).
c Initializing a DuplexNSC encoder with n = 503.
c Encoding starts with w = 60:
c	Labels and Vertices aux var: 43258
c	Labels and Vertices constraints:  588007
c	Obj k aux var: 435095
c	Obj k constraints: 6640267
c	Obj k glue staircase constraints: 4839024
c	Encoding duration: 1s
c	Number of clauses: 7228525
c	Number of irredundant clauses: 7226572
c	Number of variables: 731362
c SAT Solving starts:
[runlim] sample:		499.9 time, 500.1 real, 858.8 MB
[runlim] sample:		509.9 time, 510.1 real, 1060.1 MB
[runlim] sample:		519.9 time, 520.1 real, 1037.1 MB
[runlim] sample:		529.9 time, 530.1 real, 1073.5 MB
[runlim] sample:		539.9 time, 540.1 real, 1074.3 MB
[runlim] sample:		549.9 time, 550.1 real, 1075.6 MB
[runlim] sample:		559.9 time, 560.1 real, 1075.3 MB
[runlim] sample:		569.9 time, 570.1 real, 1032.0 MB
[runlim] sample:		579.9 time, 580.1 real, 1085.8 MB
[runlim] sample:		589.9 time, 590.1 real, 1089.2 MB
[runlim] sample:		599.9 time, 600.1 real, 1107.0 MB
[runlim] sample:		609.9 time, 610.1 real, 995.4 MB
[runlim] sample:		619.9 time, 620.1 real, 1175.4 MB
[runlim] sample:		629.9 time, 630.1 real, 1044.6 MB
[runlim] sample:		639.9 time, 640.1 real, 1040.7 MB
[runlim] sample:		649.9 time, 650.1 real, 1049.9 MB
[runlim] sample:		659.9 time, 660.1 real, 1007.6 MB
[runlim] sample:		669.9 time, 670.1 real, 1007.6 MB
[runlim] sample:		679.9 time, 680.1 real, 1191.4 MB
[runlim] sample:		689.9 time, 690.1 real, 1010.9 MB
[runlim] sample:		699.9 time, 700.1 real, 1036.2 MB
[runlim] sample:		709.9 time, 710.1 real, 996.9 MB
[runlim] sample:		719.9 time, 720.1 real, 1014.4 MB
[runlim] sample:		729.9 time, 730.1 real, 1014.4 MB
[runlim] sample:		739.9 time, 740.1 real, 1015.2 MB
[runlim] sample:		749.9 time, 750.1 real, 1008.6 MB
[runlim] sample:		759.9 time, 760.1 real, 1005.4 MB
[runlim] sample:		769.9 time, 770.1 real, 1018.3 MB
[runlim] sample:		779.9 time, 780.1 real, 1018.3 MB
c	Solving duration: 284116 ms
c	Answer: 
s SAT (w = 60)
AB is set to 81
Node 102 : 294
Node 437 : 375
AB is set to 76
Node 82 : 451
Node 437 : 375
AB is set to 75
Node 254 : 300
Node 437 : 375
AB is set to 60
Node 254 : 300
Node 469 : 240
c	Solution check:
p calculated antibandwidth = 60.
c
c
c Antibandwidth problem with w = 61 ( R-dwt__503.mtx.rnd ):
c Initializing CaDiCaL (version 1.2.1).
c	Configuring CaDiCaL as --sat (1).
c Initializing a DuplexNSC encoder with n = 503.
c Encoding starts with w = 61:
c	Labels and Vertices aux var: 43258
c	Labels and Vertices constraints:  588007
c	Obj k aux var: 434089
c	Obj k constraints: 6630225
c	Obj k glue staircase constraints: 4827976
c	Encoding duration: 1s
c	Number of clauses: 7218483
c	Number of irredundant clauses: 7216522
c	Number of variables: 730356
c SAT Solving starts:
[runlim] sample:		789.9 time, 790.1 real, 1156.6 MB
[runlim] sample:		799.9 time, 800.1 real, 1049.9 MB
[runlim] sample:		809.9 time, 810.1 real, 1070.8 MB
[runlim] sample:		819.9 time, 820.1 real, 1071.5 MB
[runlim] sample:		829.9 time, 830.1 real, 1241.3 MB
[runlim] sample:		839.9 time, 840.1 real, 1073.0 MB
[runlim] sample:		849.9 time, 850.1 real, 1072.8 MB
[runlim] sample:		859.9 time, 860.1 real, 1073.0 MB
[runlim] sample:		869.9 time, 870.1 real, 1077.0 MB
[runlim] sample:		879.9 time, 880.1 real, 1078.8 MB
[runlim] sample:		889.9 time, 890.1 real, 995.0 MB
[runlim] sample:		899.9 time, 900.1 real, 1037.5 MB
[runlim] sample:		909.9 time, 910.1 real, 1037.0 MB
[runlim] sample:		919.9 time, 920.1 real, 1038.2 MB
[runlim] sample:		929.9 time, 930.1 real, 1044.1 MB
[runlim] sample:		939.9 time, 940.1 real, 1068.1 MB
[runlim] sample:		949.9 time, 950.1 real, 1054.6 MB
[runlim] sample:		959.9 time, 960.1 real, 1134.4 MB
[runlim] sample:		969.9 time, 970.1 real, 1002.2 MB
[runlim] sample:		979.9 time, 980.1 real, 998.3 MB
[runlim] sample:		989.9 time, 990.1 real, 998.5 MB
[runlim] sample:		999.9 time, 1000.1 real, 1001.7 MB
[runlim] sample:		1009.9 time, 1010.1 real, 1001.7 MB
[runlim] sample:		1019.9 time, 1020.1 real, 1001.4 MB
[runlim] sample:		1029.9 time, 1030.1 real, 999.4 MB
[runlim] sample:		1039.9 time, 1040.1 real, 1039.2 MB
[runlim] sample:		1049.9 time, 1050.1 real, 1044.6 MB
[runlim] sample:		1059.9 time, 1060.1 real, 1049.7 MB
[runlim] sample:		1069.9 time, 1070.1 real, 1049.7 MB
[runlim] sample:		1079.9 time, 1080.1 real, 1051.7 MB
[runlim] sample:		1089.9 time, 1090.1 real, 1088.7 MB
[runlim] sample:		1099.9 time, 1100.1 real, 1088.7 MB
[runlim] sample:		1109.9 time, 1110.1 real, 1088.7 MB
[runlim] sample:		1119.9 time, 1120.1 real, 1088.7 MB
[runlim] sample:		1129.9 time, 1130.1 real, 1262.5 MB
[runlim] sample:		1139.9 time, 1140.1 real, 1262.5 MB
[runlim] sample:		1149.9 time, 1150.1 real, 1049.8 MB
[runlim] sample:		1159.9 time, 1160.1 real, 1055.7 MB
[runlim] sample:		1169.9 time, 1170.1 real, 1053.3 MB
[runlim] sample:		1179.9 time, 1180.1 real, 1053.2 MB
[runlim] sample:		1189.8 time, 1190.1 real, 1010.7 MB
[runlim] sample:		1199.9 time, 1200.1 real, 1056.9 MB
[runlim] sample:		1209.9 time, 1210.1 real, 1056.9 MB
[runlim] sample:		1219.8 time, 1220.1 real, 1057.9 MB
[runlim] sample:		1229.8 time, 1230.1 real, 1057.9 MB
[runlim] sample:		1239.8 time, 1240.1 real, 1057.9 MB
[runlim] sample:		1249.9 time, 1250.1 real, 1094.0 MB
[runlim] sample:		1259.8 time, 1260.1 real, 1244.3 MB
[runlim] sample:		1269.9 time, 1270.1 real, 1726.5 MB
[runlim] sample:		1279.9 time, 1280.1 real, 1524.6 MB
[runlim] sample:		1289.8 time, 1290.1 real, 1572.4 MB
[runlim] sample:		1299.8 time, 1300.1 real, 1572.4 MB
[runlim] sample:		1309.8 time, 1310.1 real, 1496.8 MB
[runlim] sample:		1319.8 time, 1320.1 real, 1496.8 MB
[runlim] sample:		1329.8 time, 1330.1 real, 1496.8 MB
[runlim] sample:		1339.8 time, 1340.1 real, 1496.8 MB
[runlim] sample:		1349.8 time, 1350.1 real, 1496.8 MB
[runlim] sample:		1359.8 time, 1360.1 real, 1496.8 MB
[runlim] sample:		1369.8 time, 1370.1 real, 1855.0 MB
c	Solving duration: 588547 ms
c	Answer: 
s SAT (w = 61)
AB is set to 62
Node 102 : 173
Node 437 : 235
AB is set to 61
Node 3 : 85
Node 254 : 146
c	Solution check:
p calculated antibandwidth = 61.
c
c
c Antibandwidth problem with w = 62 ( R-dwt__503.mtx.rnd ):
c Initializing CaDiCaL (version 1.2.1).
c	Configuring CaDiCaL as --sat (1).
c Initializing a DuplexNSC encoder with n = 503.
c Encoding starts with w = 62:
c	Labels and Vertices aux var: 43258
c	Labels and Vertices constraints:  588007
c	Obj k aux var: 433083
c	Obj k constraints: 6620183
c	Obj k glue staircase constraints: 4816928
c	Encoding duration: 1s
c	Number of clauses: 7208441
c	Number of irredundant clauses: 7206472
c	Number of variables: 729350
c SAT Solving starts:
[runlim] sample:		1379.8 time, 1380.1 real, 1119.5 MB
[runlim] sample:		1389.8 time, 1390.1 real, 1274.6 MB
[runlim] sample:		1399.8 time, 1400.1 real, 1275.7 MB
[runlim] sample:		1409.8 time, 1410.1 real, 1106.0 MB
[runlim] sample:		1419.8 time, 1420.1 real, 1275.8 MB
[runlim] sample:		1429.8 time, 1430.1 real, 1284.3 MB
[runlim] sample:		1439.8 time, 1440.1 real, 1113.7 MB
[runlim] sample:		1449.8 time, 1450.1 real, 1113.7 MB
[runlim] sample:		1459.8 time, 1460.1 real, 1171.6 MB
[runlim] sample:		1469.8 time, 1470.1 real, 1345.0 MB
[runlim] sample:		1479.8 time, 1480.1 real, 1124.0 MB
[runlim] sample:		1489.8 time, 1490.1 real, 1348.9 MB
[runlim] sample:		1499.8 time, 1500.1 real, 1127.0 MB
[runlim] sample:		1509.8 time, 1510.1 real, 1127.0 MB
[runlim] sample:		1519.8 time, 1520.1 real, 1303.6 MB
[runlim] sample:		1529.8 time, 1530.1 real, 1303.6 MB
[runlim] sample:		1539.8 time, 1540.1 real, 1301.9 MB
[runlim] sample:		1549.8 time, 1550.1 real, 1349.6 MB
[runlim] sample:		1559.8 time, 1560.1 real, 1302.1 MB
[runlim] sample:		1569.8 time, 1570.1 real, 1257.2 MB
[runlim] sample:		1579.8 time, 1580.1 real, 1260.3 MB
[runlim] sample:		1589.8 time, 1590.1 real, 1296.4 MB
[runlim] sample:		1599.8 time, 1600.1 real, 1118.0 MB
[runlim] sample:		1609.8 time, 1610.1 real, 1298.0 MB
[runlim] sample:		1619.8 time, 1620.1 real, 1298.0 MB
[runlim] sample:		1629.8 time, 1630.1 real, 1118.0 MB
[runlim] sample:		1639.8 time, 1640.1 real, 1302.0 MB
[runlim] sample:		1649.8 time, 1650.1 real, 1118.0 MB
[runlim] sample:		1659.8 time, 1660.1 real, 1118.0 MB
[runlim] sample:		1669.8 time, 1670.1 real, 1118.0 MB
c	Solving duration: 301565 ms
c	Answer: 
s SAT (w = 62)
AB is set to 410
Node 102 : 472
Node 437 : 62
AB is set to 309
Node 82 : 163
Node 102 : 472
AB is set to 227
Node 102 : 472
Node 385 : 245
AB is set to 71
Node 4 : 401
Node 102 : 472
AB is set to 65
Node 3 : 310
Node 385 : 245
AB is set to 62
Node 136 : 185
Node 157 : 123
c	Solution check:
p calculated antibandwidth = 62.
c
c
c Antibandwidth problem with w = 63 ( R-dwt__503.mtx.rnd ):
c Initializing CaDiCaL (version 1.2.1).
c	Configuring CaDiCaL as --sat (1).
c Initializing a DuplexNSC encoder with n = 503.
c Encoding starts with w = 63:
c	Labels and Vertices aux var: 43258
c	Labels and Vertices constraints:  583983
c	Obj k aux var: 433083
c	Obj k constraints: 6590762
c	Obj k glue staircase constraints: 4814166
c	Encoding duration: 1s
c	Number of clauses: 7174996
c	Number of irredundant clauses: 7172137
c	Number of variables: 729350
c SAT Solving starts:
[runlim] sample:		1679.8 time, 1680.1 real, 1062.3 MB
[runlim] sample:		1689.8 time, 1690.1 real, 1382.8 MB
[runlim] sample:		1699.8 time, 1700.1 real, 1272.3 MB
[runlim] sample:		1709.8 time, 1710.1 real, 1152.5 MB
[runlim] sample:		1719.8 time, 1720.1 real, 1105.3 MB
[runlim] sample:		1729.8 time, 1730.1 real, 1273.4 MB
[runlim] sample:		1739.8 time, 1740.1 real, 1105.3 MB
[runlim] sample:		1749.8 time, 1750.1 real, 1128.9 MB
[runlim] sample:		1759.8 time, 1760.1 real, 1128.9 MB
[runlim] sample:		1769.8 time, 1770.1 real, 1250.8 MB
[runlim] sample:		1779.8 time, 1780.1 real, 1250.4 MB
[runlim] sample:		1789.8 time, 1790.1 real, 1292.3 MB
[runlim] sample:		1799.8 time, 1800.1 real, 1293.7 MB
c Signal interruption.
[runlim] end:			Sun Sep 29 19:54:03 2024
[runlim] status:		out of time
[runlim] result:		2
[runlim] children:		0
[runlim] real:			1800.10 seconds
[runlim] time:			1799.82 seconds
[runlim] space:			2236.8 MB
[runlim] samples:		18000
