[runlim] version:		1.10
[runlim] time limit:		1800 seconds
[runlim] real time limit:	1800 seconds
[runlim] space limit:		30000 MB
[runlim] argv[0]:		/home/truongxuanhieu/AntiBandwidthReconstruct/build/abw_enc_symbreak_first_node_hybrid_NSC_binomial
[runlim] argv[1]:		/home/truongxuanhieu/AntiBandwidthReconstruct/build/BenchmarkR/R-dwt__503.mtx.rnd
[runlim] argv[2]:		--duplexNSC
[runlim] start:			Tue Sep 24 08:58:05 2024
[runlim] main pid:		2612
[runlim] log captured:
c DuplexEncoder 0.8.
c Solving strategy: from LB to UB.
c LB-w = 46 (LB in Sinnl - A note on computational approaches for the antibandwidth problem).
c UB-w = 71 (UB in Sinnl - A note on computational approaches for the antibandwidth problem).
c Antibandwidth problem with w = 46 ( R-dwt__503.mtx.rnd ):
c Initializing CaDiCaL (version 1.2.1).
c	Configuring CaDiCaL as --sat (1).
c Initializing a DuplexNSC encoder with n = 503.
c Encoding starts with w = 46:
c	Labels and Vertices aux var: 43258
c	Labels and Vertices constraints:  597564
c	Obj k aux var: 446161
c	Obj k constraints: 6802511
c	Obj k glue staircase constraints: 4977124
c	Encoding duration: 2s
c	Number of clauses: 7400326
c	Number of irredundant clauses: 7398276
c	Number of variables: 742428
c SAT Solving starts:
c	Solving duration: 4318 ms
c	Answer: 
s SAT (w = 46)
AB is set to 261
Node 102 : 306
Node 437 : 45
AB is set to 55
Node 82 : 361
Node 102 : 306
AB is set to 47
Node 442 : 11
Node 474 : 58
AB is set to 46
Node 403 : 12
Node 474 : 58
c	Solution check:
p calculated antibandwidth = 46.
c
c
c Antibandwidth problem with w = 47 ( R-dwt__503.mtx.rnd ):
c Initializing CaDiCaL (version 1.2.1).
c	Configuring CaDiCaL as --sat (1).
c Initializing a DuplexNSC encoder with n = 503.
c Encoding starts with w = 47:
c	Labels and Vertices aux var: 43258
c	Labels and Vertices constraints:  597564
c	Obj k aux var: 445155
c	Obj k constraints: 6793475
c	Obj k glue staircase constraints: 4966076
c	Encoding duration: 2s
c	Number of clauses: 7391290
c	Number of irredundant clauses: 7389230
c	Number of variables: 741422
c SAT Solving starts:
[runlim] sample:		10.0 time, 10.7 real, 829.8 MB
c	Solving duration: 4316 ms
c	Answer: 
s SAT (w = 47)
AB is set to 188
Node 102 : 327
Node 437 : 139
AB is set to 77
Node 82 : 404
Node 102 : 327
AB is set to 47
Node 254 : 92
Node 437 : 139
c	Solution check:
p calculated antibandwidth = 47.
c
c
c Antibandwidth problem with w = 48 ( R-dwt__503.mtx.rnd ):
c Initializing CaDiCaL (version 1.2.1).
c	Configuring CaDiCaL as --sat (1).
c Initializing a DuplexNSC encoder with n = 503.
c Encoding starts with w = 48:
c	Labels and Vertices aux var: 43258
c	Labels and Vertices constraints:  597564
c	Obj k aux var: 444149
c	Obj k constraints: 6784439
c	Obj k glue staircase constraints: 4955028
c	Encoding duration: 2s
c	Number of clauses: 7382254
c	Number of irredundant clauses: 7380184
c	Number of variables: 740416
c SAT Solving starts:
[runlim] sample:		20.0 time, 20.7 real, 1049.8 MB
c	Solving duration: 13127 ms
c	Answer: 
s SAT (w = 48)
AB is set to 404
Node 102 : 457
Node 437 : 53
AB is set to 124
Node 82 : 333
Node 102 : 457
AB is set to 75
Node 4 : 382
Node 102 : 457
AB is set to 71
Node 385 : 124
Node 437 : 53
AB is set to 61
Node 157 : 108
Node 329 : 47
AB is set to 53
Node 17 : 433
Node 45 : 380
AB is set to 52
Node 7 : 488
Node 27 : 436
AB is set to 49
Node 4 : 382
Node 82 : 333
AB is set to 48
Node 251 : 229
Node 254 : 181
c	Solution check:
p calculated antibandwidth = 48.
c
c
c Antibandwidth problem with w = 49 ( R-dwt__503.mtx.rnd ):
c Initializing CaDiCaL (version 1.2.1).
c	Configuring CaDiCaL as --sat (1).
c Initializing a DuplexNSC encoder with n = 503.
c Encoding starts with w = 49:
[runlim] sample:		30.0 time, 30.7 real, 795.8 MB
c	Labels and Vertices aux var: 43258
c	Labels and Vertices constraints:  597564
c	Obj k aux var: 443143
c	Obj k constraints: 6775403
c	Obj k glue staircase constraints: 4943980
c	Encoding duration: 2s
c	Number of clauses: 7373218
c	Number of irredundant clauses: 7371138
c	Number of variables: 739410
c SAT Solving starts:
[runlim] sample:		40.0 time, 40.7 real, 1073.1 MB
c	Solving duration: 11785 ms
c	Answer: 
s SAT (w = 49)
AB is set to 112
Node 102 : 152
Node 437 : 40
AB is set to 49
Node 82 : 103
Node 102 : 152
c	Solution check:
p calculated antibandwidth = 49.
c
c
c Antibandwidth problem with w = 50 ( R-dwt__503.mtx.rnd ):
c Initializing CaDiCaL (version 1.2.1).
c	Configuring CaDiCaL as --sat (1).
c Initializing a DuplexNSC encoder with n = 503.
c Encoding starts with w = 50:
c	Labels and Vertices aux var: 43258
c	Labels and Vertices constraints:  597564
c	Obj k aux var: 442137
c	Obj k constraints: 6766367
c	Obj k glue staircase constraints: 4932932
c	Encoding duration: 2s
c	Number of clauses: 7364182
c	Number of irredundant clauses: 7362093
c	Number of variables: 738404
c SAT Solving starts:
c	Solving duration: 4154 ms
c	Answer: 
s SAT (w = 50)
AB is set to 385
Node 102 : 428
Node 437 : 43
AB is set to 101
Node 82 : 327
Node 102 : 428
AB is set to 65
Node 4 : 493
Node 102 : 428
AB is set to 50
Node 136 : 319
Node 157 : 269
c	Solution check:
p calculated antibandwidth = 50.
c
c
c Antibandwidth problem with w = 51 ( R-dwt__503.mtx.rnd ):
c Initializing CaDiCaL (version 1.2.1).
c	Configuring CaDiCaL as --sat (1).
c Initializing a DuplexNSC encoder with n = 503.
c Encoding starts with w = 51:
[runlim] sample:		50.0 time, 50.7 real, 796.8 MB
c	Labels and Vertices aux var: 43258
c	Labels and Vertices constraints:  592534
c	Obj k aux var: 442640
c	Obj k constraints: 6743988
c	Obj k glue staircase constraints: 4930170
c	Encoding duration: 2s
c	Number of clauses: 7336773
c	Number of irredundant clauses: 7334724
c	Number of variables: 738907
c SAT Solving starts:
c	Solving duration: 6297 ms
c	Answer: 
s SAT (w = 51)
AB is set to 63
Node 102 : 196
Node 437 : 133
AB is set to 52
Node 82 : 248
Node 102 : 196
AB is set to 51
Node 344 : 39
Node 469 : 90
c	Solution check:
p calculated antibandwidth = 51.
c
c
c Antibandwidth problem with w = 52 ( R-dwt__503.mtx.rnd ):
c Initializing CaDiCaL (version 1.2.1).
c	Configuring CaDiCaL as --sat (1).
c Initializing a DuplexNSC encoder with n = 503.
c Encoding starts with w = 52:
[runlim] sample:		60.0 time, 60.7 real, 886.6 MB
c	Labels and Vertices aux var: 43258
c	Labels and Vertices constraints:  592534
c	Obj k aux var: 441634
c	Obj k constraints: 6734449
c	Obj k glue staircase constraints: 4919122
c	Encoding duration: 2s
c	Number of clauses: 7327234
c	Number of irredundant clauses: 7325176
c	Number of variables: 737901
c SAT Solving starts:
c	Solving duration: 4952 ms
c	Answer: 
s SAT (w = 52)
AB is set to 329
Node 102 : 356
Node 437 : 27
AB is set to 73
Node 82 : 429
Node 102 : 356
AB is set to 53
Node 385 : 80
Node 437 : 27
AB is set to 52
Node 268 : 175
Node 474 : 123
c	Solution check:
p calculated antibandwidth = 52.
c
c
c Antibandwidth problem with w = 53 ( R-dwt__503.mtx.rnd ):
c Initializing CaDiCaL (version 1.2.1).
c	Configuring CaDiCaL as --sat (1).
c Initializing a DuplexNSC encoder with n = 503.
c Encoding starts with w = 53:
c	Labels and Vertices aux var: 43258
c	Labels and Vertices constraints:  592534
c	Obj k aux var: 440628
c	Obj k constraints: 6724910
c	Obj k glue staircase constraints: 4908074
c	Encoding duration: 2s
c	Number of clauses: 7317695
c	Number of irredundant clauses: 7315628
c	Number of variables: 736895
c SAT Solving starts:
[runlim] sample:		70.0 time, 70.7 real, 901.8 MB
[runlim] sample:		80.0 time, 80.7 real, 1075.2 MB
c	Solving duration: 13456 ms
c	Answer: 
s SAT (w = 53)
AB is set to 246
Node 102 : 288
Node 437 : 42
AB is set to 132
Node 82 : 420
Node 102 : 288
AB is set to 102
Node 102 : 288
Node 385 : 186
AB is set to 53
Node 102 : 288
Node 345 : 341
c	Solution check:
p calculated antibandwidth = 53.
c
c
c Antibandwidth problem with w = 54 ( R-dwt__503.mtx.rnd ):
c Initializing CaDiCaL (version 1.2.1).
c	Configuring CaDiCaL as --sat (1).
c Initializing a DuplexNSC encoder with n = 503.
c Encoding starts with w = 54:
c	Labels and Vertices aux var: 43258
c	Labels and Vertices constraints:  592534
c	Obj k aux var: 439622
c	Obj k constraints: 6715371
c	Obj k glue staircase constraints: 4897026
c	Encoding duration: 2s
c	Number of clauses: 7308156
c	Number of irredundant clauses: 7306080
c	Number of variables: 735889
c SAT Solving starts:
[runlim] sample:		90.0 time, 90.7 real, 1074.9 MB
[runlim] sample:		100.0 time, 100.7 real, 1076.8 MB
[runlim] sample:		110.0 time, 110.7 real, 1210.4 MB
[runlim] sample:		120.0 time, 120.7 real, 1073.3 MB
[runlim] sample:		130.0 time, 130.7 real, 1077.2 MB
[runlim] sample:		140.0 time, 140.7 real, 1085.9 MB
c	Solving duration: 62651 ms
c	Answer: 
s SAT (w = 54)
AB is set to 105
Node 102 : 85
Node 437 : 190
AB is set to 92
Node 385 : 282
Node 437 : 190
AB is set to 79
Node 254 : 111
Node 437 : 190
AB is set to 58
Node 136 : 397
Node 199 : 455
AB is set to 54
Node 442 : 78
Node 474 : 24
c	Solution check:
p calculated antibandwidth = 54.
c
c
c Antibandwidth problem with w = 55 ( R-dwt__503.mtx.rnd ):
c Initializing CaDiCaL (version 1.2.1).
c	Configuring CaDiCaL as --sat (1).
c Initializing a DuplexNSC encoder with n = 503.
c Encoding starts with w = 55:
c	Labels and Vertices aux var: 43258
c	Labels and Vertices constraints:  592534
c	Obj k aux var: 438616
c	Obj k constraints: 6705832
c	Obj k glue staircase constraints: 4885978
c	Encoding duration: 1s
c	Number of clauses: 7298617
c	Number of irredundant clauses: 7296532
c	Number of variables: 734883
c SAT Solving starts:
[runlim] sample:		150.0 time, 150.7 real, 905.2 MB
[runlim] sample:		160.0 time, 160.7 real, 1059.9 MB
[runlim] sample:		170.0 time, 170.7 real, 1003.7 MB
[runlim] sample:		180.0 time, 180.7 real, 1094.5 MB
[runlim] sample:		190.0 time, 190.7 real, 1029.5 MB
[runlim] sample:		200.0 time, 200.7 real, 1078.9 MB
[runlim] sample:		210.0 time, 210.7 real, 1079.0 MB
c	Solving duration: 69522 ms
c	Answer: 
s SAT (w = 55)
AB is set to 353
Node 102 : 109
Node 437 : 462
AB is set to 294
Node 82 : 403
Node 102 : 109
AB is set to 76
Node 102 : 109
Node 385 : 185
AB is set to 59
Node 82 : 403
Node 437 : 462
AB is set to 55
Node 164 : 410
Node 442 : 355
c	Solution check:
p calculated antibandwidth = 55.
c
c
c Antibandwidth problem with w = 56 ( R-dwt__503.mtx.rnd ):
c Initializing CaDiCaL (version 1.2.1).
c	Configuring CaDiCaL as --sat (1).
c Initializing a DuplexNSC encoder with n = 503.
c Encoding starts with w = 56:
[runlim] sample:		220.0 time, 220.7 real, 844.3 MB
c	Labels and Vertices aux var: 43258
c	Labels and Vertices constraints:  588007
c	Obj k aux var: 438616
c	Obj k constraints: 6680435
c	Obj k glue staircase constraints: 4883216
c	Encoding duration: 2s
c	Number of clauses: 7268693
c	Number of irredundant clauses: 7265768
c	Number of variables: 734883
c SAT Solving starts:
c	Solving duration: 4640 ms
c	Answer: 
s SAT (w = 56)
AB is set to 71
Node 102 : 339
Node 437 : 268
AB is set to 56
Node 254 : 194
Node 469 : 250
c	Solution check:
p calculated antibandwidth = 56.
c
c
c Antibandwidth problem with w = 57 ( R-dwt__503.mtx.rnd ):
c Initializing CaDiCaL (version 1.2.1).
c	Configuring CaDiCaL as --sat (1).
c Initializing a DuplexNSC encoder with n = 503.
c Encoding starts with w = 57:
c	Labels and Vertices aux var: 43258
c	Labels and Vertices constraints:  588007
c	Obj k aux var: 438113
c	Obj k constraints: 6670393
c	Obj k glue staircase constraints: 4872168
c	Encoding duration: 1s
c	Number of clauses: 7258651
c	Number of irredundant clauses: 7256722
c	Number of variables: 734380
c SAT Solving starts:
[runlim] sample:		230.0 time, 230.7 real, 1027.0 MB
[runlim] sample:		240.0 time, 240.7 real, 1061.0 MB
[runlim] sample:		250.0 time, 250.7 real, 1039.0 MB
[runlim] sample:		260.0 time, 260.7 real, 1082.7 MB
[runlim] sample:		270.0 time, 270.7 real, 1082.9 MB
[runlim] sample:		280.0 time, 280.7 real, 1090.9 MB
[runlim] sample:		290.0 time, 290.7 real, 1082.4 MB
[runlim] sample:		300.0 time, 300.7 real, 1082.4 MB
[runlim] sample:		310.0 time, 310.7 real, 1116.7 MB
[runlim] sample:		320.0 time, 320.7 real, 1119.2 MB
[runlim] sample:		330.0 time, 330.7 real, 1205.3 MB
[runlim] sample:		340.0 time, 340.7 real, 1205.3 MB
c	Solving duration: 121855 ms
c	Answer: 
s SAT (w = 57)
AB is set to 121
Node 102 : 48
Node 437 : 169
AB is set to 57
Node 3 : 402
Node 385 : 345
c	Solution check:
p calculated antibandwidth = 57.
c
c
c Antibandwidth problem with w = 58 ( R-dwt__503.mtx.rnd ):
c Initializing CaDiCaL (version 1.2.1).
c	Configuring CaDiCaL as --sat (1).
c Initializing a DuplexNSC encoder with n = 503.
c Encoding starts with w = 58:
[runlim] sample:		350.0 time, 350.7 real, 758.4 MB
c	Labels and Vertices aux var: 43258
c	Labels and Vertices constraints:  588007
c	Obj k aux var: 437107
c	Obj k constraints: 6660351
c	Obj k glue staircase constraints: 4861120
c	Encoding duration: 2s
c	Number of clauses: 7248609
c	Number of irredundant clauses: 7246672
c	Number of variables: 733374
c SAT Solving starts:
[runlim] sample:		360.0 time, 360.7 real, 1036.1 MB
[runlim] sample:		370.0 time, 370.7 real, 1067.9 MB
[runlim] sample:		380.0 time, 380.7 real, 1207.3 MB
[runlim] sample:		390.0 time, 390.7 real, 1073.4 MB
[runlim] sample:		400.0 time, 400.7 real, 1073.7 MB
[runlim] sample:		410.0 time, 410.7 real, 1073.8 MB
[runlim] sample:		420.0 time, 420.7 real, 1073.8 MB
[runlim] sample:		430.0 time, 430.7 real, 1095.0 MB
[runlim] sample:		440.0 time, 440.7 real, 1080.5 MB
c	Solving duration: 98002 ms
c	Answer: 
s SAT (w = 58)
AB is set to 174
Node 102 : 234
Node 437 : 408
AB is set to 76
Node 102 : 234
Node 385 : 158
AB is set to 61
Node 3 : 87
Node 469 : 148
AB is set to 58
Node 17 : 393
Node 45 : 451
c	Solution check:
p calculated antibandwidth = 58.
c
c
c Antibandwidth problem with w = 59 ( R-dwt__503.mtx.rnd ):
c Initializing CaDiCaL (version 1.2.1).
c	Configuring CaDiCaL as --sat (1).
c Initializing a DuplexNSC encoder with n = 503.
c Encoding starts with w = 59:
[runlim] sample:		450.0 time, 450.7 real, 758.2 MB
c	Labels and Vertices aux var: 43258
c	Labels and Vertices constraints:  588007
c	Obj k aux var: 436101
c	Obj k constraints: 6650309
c	Obj k glue staircase constraints: 4850072
c	Encoding duration: 1s
c	Number of clauses: 7238567
c	Number of irredundant clauses: 7236622
c	Number of variables: 732368
c SAT Solving starts:
[runlim] sample:		460.0 time, 460.7 real, 1054.2 MB
[runlim] sample:		470.0 time, 470.7 real, 1070.1 MB
[runlim] sample:		480.0 time, 480.7 real, 1073.7 MB
[runlim] sample:		490.0 time, 490.7 real, 1075.4 MB
[runlim] sample:		500.0 time, 500.7 real, 1073.5 MB
[runlim] sample:		510.0 time, 510.7 real, 1074.3 MB
[runlim] sample:		520.0 time, 520.7 real, 1079.1 MB
[runlim] sample:		530.0 time, 530.7 real, 1082.0 MB
[runlim] sample:		540.0 time, 540.7 real, 1082.7 MB
[runlim] sample:		550.0 time, 550.7 real, 1092.5 MB
[runlim] sample:		560.0 time, 560.7 real, 1092.5 MB
[runlim] sample:		570.0 time, 570.7 real, 1081.3 MB
[runlim] sample:		580.0 time, 580.7 real, 1081.2 MB
[runlim] sample:		590.0 time, 590.7 real, 1082.0 MB
c	Solving duration: 139113 ms
c	Answer: 
s SAT (w = 59)
AB is set to 390
Node 102 : 451
Node 437 : 61
AB is set to 307
Node 82 : 144
Node 102 : 451
AB is set to 246
Node 102 : 451
Node 385 : 205
AB is set to 175
Node 102 : 451
Node 345 : 276
AB is set to 83
Node 82 : 144
Node 437 : 61
AB is set to 63
Node 3 : 268
Node 385 : 205
AB is set to 61
Node 82 : 144
Node 385 : 205
AB is set to 60
Node 82 : 144
Node 245 : 84
AB is set to 59
Node 169 : 398
Node 468 : 339
c	Solution check:
p calculated antibandwidth = 59.
c
c
c Antibandwidth problem with w = 60 ( R-dwt__503.mtx.rnd ):
c Initializing CaDiCaL (version 1.2.1).
c	Configuring CaDiCaL as --sat (1).
c Initializing a DuplexNSC encoder with n = 503.
c Encoding starts with w = 60:
c	Labels and Vertices aux var: 43258
c	Labels and Vertices constraints:  588007
c	Obj k aux var: 435095
c	Obj k constraints: 6640267
c	Obj k glue staircase constraints: 4839024
c	Encoding duration: 2s
c	Number of clauses: 7228525
c	Number of irredundant clauses: 7226572
c	Number of variables: 731362
c SAT Solving starts:
[runlim] sample:		600.0 time, 600.7 real, 1029.3 MB
[runlim] sample:		610.0 time, 610.7 real, 1060.1 MB
[runlim] sample:		620.0 time, 620.7 real, 1037.1 MB
[runlim] sample:		630.0 time, 630.7 real, 1073.6 MB
[runlim] sample:		640.0 time, 640.7 real, 1074.4 MB
[runlim] sample:		650.0 time, 650.7 real, 1075.3 MB
[runlim] sample:		660.0 time, 660.7 real, 1075.6 MB
[runlim] sample:		670.0 time, 670.7 real, 1075.4 MB
[runlim] sample:		680.0 time, 680.7 real, 1076.8 MB
[runlim] sample:		690.0 time, 690.7 real, 1085.8 MB
[runlim] sample:		700.0 time, 700.7 real, 1085.8 MB
[runlim] sample:		710.0 time, 710.7 real, 1091.1 MB
[runlim] sample:		720.0 time, 720.7 real, 1107.0 MB
[runlim] sample:		730.0 time, 730.7 real, 995.4 MB
[runlim] sample:		740.0 time, 740.7 real, 997.9 MB
[runlim] sample:		750.0 time, 750.7 real, 996.8 MB
[runlim] sample:		760.0 time, 760.7 real, 996.8 MB
[runlim] sample:		770.0 time, 770.7 real, 1040.7 MB
[runlim] sample:		779.9 time, 780.7 real, 1049.9 MB
[runlim] sample:		789.9 time, 790.7 real, 1055.5 MB
[runlim] sample:		799.9 time, 800.7 real, 1007.6 MB
[runlim] sample:		809.9 time, 810.7 real, 1188.1 MB
[runlim] sample:		819.9 time, 820.7 real, 999.7 MB
[runlim] sample:		829.9 time, 830.7 real, 1010.9 MB
[runlim] sample:		839.9 time, 840.7 real, 1010.9 MB
[runlim] sample:		849.9 time, 850.7 real, 1036.3 MB
[runlim] sample:		859.9 time, 860.7 real, 996.9 MB
[runlim] sample:		869.9 time, 870.7 real, 996.9 MB
[runlim] sample:		879.9 time, 880.7 real, 1014.4 MB
[runlim] sample:		889.9 time, 890.7 real, 1015.2 MB
[runlim] sample:		899.9 time, 900.7 real, 1015.2 MB
[runlim] sample:		909.9 time, 910.7 real, 1008.6 MB
[runlim] sample:		919.9 time, 920.7 real, 1005.4 MB
[runlim] sample:		929.9 time, 930.7 real, 1005.4 MB
[runlim] sample:		939.9 time, 940.7 real, 1018.3 MB
[runlim] sample:		949.9 time, 950.7 real, 1018.3 MB
c	Solving duration: 359461 ms
c	Answer: 
s SAT (w = 60)
AB is set to 81
Node 102 : 294
Node 437 : 375
AB is set to 76
Node 82 : 451
Node 437 : 375
AB is set to 75
Node 254 : 300
Node 437 : 375
AB is set to 60
Node 254 : 300
Node 469 : 240
c	Solution check:
p calculated antibandwidth = 60.
c
c
c Antibandwidth problem with w = 61 ( R-dwt__503.mtx.rnd ):
c Initializing CaDiCaL (version 1.2.1).
c	Configuring CaDiCaL as --sat (1).
c Initializing a DuplexNSC encoder with n = 503.
c Encoding starts with w = 61:
c	Labels and Vertices aux var: 43258
c	Labels and Vertices constraints:  588007
c	Obj k aux var: 434089
c	Obj k constraints: 6630225
c	Obj k glue staircase constraints: 4827976
c	Encoding duration: 1s
c	Number of clauses: 7218483
c	Number of irredundant clauses: 7216522
c	Number of variables: 730356
c SAT Solving starts:
[runlim] sample:		959.9 time, 960.7 real, 987.6 MB
[runlim] sample:		969.9 time, 970.7 real, 1049.4 MB
[runlim] sample:		979.9 time, 980.7 real, 1069.9 MB
[runlim] sample:		989.9 time, 990.7 real, 1241.5 MB
[runlim] sample:		999.9 time, 1000.7 real, 1241.4 MB
[runlim] sample:		1009.9 time, 1010.7 real, 1071.7 MB
[runlim] sample:		1019.9 time, 1020.7 real, 1073.0 MB
[runlim] sample:		1029.9 time, 1030.7 real, 1072.9 MB
[runlim] sample:		1039.9 time, 1040.7 real, 1073.2 MB
[runlim] sample:		1049.9 time, 1050.7 real, 1077.0 MB
[runlim] sample:		1059.9 time, 1060.7 real, 1251.8 MB
[runlim] sample:		1069.9 time, 1070.7 real, 1078.8 MB
[runlim] sample:		1079.9 time, 1080.7 real, 1119.3 MB
[runlim] sample:		1089.9 time, 1090.7 real, 1037.6 MB
[runlim] sample:		1099.9 time, 1100.7 real, 1037.1 MB
[runlim] sample:		1109.8 time, 1110.7 real, 1037.1 MB
[runlim] sample:		1119.9 time, 1120.7 real, 1038.2 MB
[runlim] sample:		1129.8 time, 1130.7 real, 1044.1 MB
[runlim] sample:		1139.8 time, 1140.7 real, 1046.0 MB
[runlim] sample:		1149.8 time, 1150.7 real, 1068.1 MB
[runlim] sample:		1159.8 time, 1160.7 real, 1054.6 MB
[runlim] sample:		1169.8 time, 1170.7 real, 1009.8 MB
[runlim] sample:		1179.8 time, 1180.7 real, 1002.3 MB
[runlim] sample:		1189.8 time, 1190.7 real, 998.3 MB
[runlim] sample:		1199.8 time, 1200.7 real, 1179.6 MB
[runlim] sample:		1209.8 time, 1210.7 real, 998.5 MB
[runlim] sample:		1219.8 time, 1220.7 real, 1001.7 MB
[runlim] sample:		1229.8 time, 1230.7 real, 1001.7 MB
[runlim] sample:		1239.8 time, 1240.7 real, 1001.5 MB
[runlim] sample:		1249.8 time, 1250.7 real, 999.4 MB
[runlim] sample:		1259.8 time, 1260.7 real, 1039.2 MB
[runlim] sample:		1269.8 time, 1270.7 real, 1039.2 MB
[runlim] sample:		1279.8 time, 1280.7 real, 1044.6 MB
[runlim] sample:		1289.8 time, 1290.7 real, 1049.8 MB
[runlim] sample:		1299.8 time, 1300.7 real, 1049.8 MB
[runlim] sample:		1309.8 time, 1310.7 real, 1051.7 MB
[runlim] sample:		1319.8 time, 1320.7 real, 1051.7 MB
[runlim] sample:		1329.8 time, 1330.7 real, 1088.7 MB
[runlim] sample:		1339.8 time, 1340.7 real, 1088.7 MB
[runlim] sample:		1349.8 time, 1350.7 real, 1088.7 MB
[runlim] sample:		1359.8 time, 1360.7 real, 1088.7 MB
[runlim] sample:		1369.8 time, 1370.7 real, 1088.7 MB
[runlim] sample:		1379.8 time, 1380.7 real, 1262.5 MB
[runlim] sample:		1389.8 time, 1390.7 real, 1262.5 MB
[runlim] sample:		1399.8 time, 1400.7 real, 1450.1 MB
[runlim] sample:		1409.8 time, 1410.7 real, 1049.8 MB
[runlim] sample:		1419.8 time, 1420.7 real, 1055.8 MB
[runlim] sample:		1429.8 time, 1430.7 real, 1243.9 MB
[runlim] sample:		1439.8 time, 1440.7 real, 1053.4 MB
[runlim] sample:		1449.8 time, 1450.7 real, 1053.3 MB
[runlim] sample:		1459.8 time, 1460.7 real, 1010.8 MB
[runlim] sample:		1469.8 time, 1470.7 real, 1057.0 MB
[runlim] sample:		1479.8 time, 1480.7 real, 1057.0 MB
[runlim] sample:		1489.8 time, 1490.7 real, 1057.9 MB
[runlim] sample:		1499.8 time, 1500.7 real, 1057.9 MB
[runlim] sample:		1509.8 time, 1510.7 real, 1057.9 MB
[runlim] sample:		1519.8 time, 1520.7 real, 1057.9 MB
[runlim] sample:		1529.8 time, 1530.7 real, 1106.4 MB
[runlim] sample:		1539.8 time, 1540.7 real, 1240.7 MB
[runlim] sample:		1549.8 time, 1550.7 real, 1770.5 MB
[runlim] sample:		1559.8 time, 1560.7 real, 1726.8 MB
[runlim] sample:		1569.8 time, 1570.7 real, 1572.4 MB
[runlim] sample:		1579.8 time, 1580.7 real, 1572.4 MB
[runlim] sample:		1589.8 time, 1590.7 real, 1572.4 MB
[runlim] sample:		1599.8 time, 1600.7 real, 1496.8 MB
[runlim] sample:		1609.8 time, 1610.7 real, 1496.8 MB
[runlim] sample:		1619.8 time, 1620.7 real, 1496.8 MB
[runlim] sample:		1629.8 time, 1630.7 real, 1496.8 MB
[runlim] sample:		1639.8 time, 1640.7 real, 1496.8 MB
[runlim] sample:		1649.8 time, 1650.7 real, 1496.8 MB
[runlim] sample:		1659.8 time, 1660.7 real, 1496.8 MB
[runlim] sample:		1669.8 time, 1670.7 real, 1496.8 MB
[runlim] sample:		1679.8 time, 1680.7 real, 1855.0 MB
c	Solving duration: 727337 ms
c	Answer: 
s SAT (w = 61)
AB is set to 62
Node 102 : 173
Node 437 : 235
AB is set to 61
Node 3 : 85
Node 254 : 146
c	Solution check:
p calculated antibandwidth = 61.
c
c
c Antibandwidth problem with w = 62 ( R-dwt__503.mtx.rnd ):
c Initializing CaDiCaL (version 1.2.1).
c	Configuring CaDiCaL as --sat (1).
c Initializing a DuplexNSC encoder with n = 503.
c Encoding starts with w = 62:
c	Labels and Vertices aux var: 43258
c	Labels and Vertices constraints:  588007
c	Obj k aux var: 433083
c	Obj k constraints: 6620183
c	Obj k glue staircase constraints: 4816928
c	Encoding duration: 1s
c	Number of clauses: 7208441
c	Number of irredundant clauses: 7206472
c	Number of variables: 729350
c SAT Solving starts:
[runlim] sample:		1689.8 time, 1690.7 real, 1288.0 MB
[runlim] sample:		1699.8 time, 1700.7 real, 1274.6 MB
[runlim] sample:		1709.8 time, 1710.7 real, 1106.1 MB
[runlim] sample:		1719.8 time, 1720.7 real, 1106.1 MB
[runlim] sample:		1729.8 time, 1730.7 real, 1275.8 MB
[runlim] sample:		1739.8 time, 1740.7 real, 1106.1 MB
[runlim] sample:		1749.8 time, 1750.7 real, 1284.3 MB
[runlim] sample:		1759.8 time, 1760.7 real, 1113.8 MB
[runlim] sample:		1769.8 time, 1770.7 real, 1113.8 MB
[runlim] sample:		1779.8 time, 1780.7 real, 1171.6 MB
[runlim] sample:		1789.8 time, 1790.7 real, 1345.1 MB
c Signal interruption.
[runlim] end:			Tue Sep 24 09:28:05 2024
[runlim] status:		out of time
[runlim] result:		2
[runlim] children:		0
[runlim] real:			1800.10 seconds
[runlim] time:			1799.21 seconds
[runlim] space:			2236.8 MB
[runlim] samples:		17994
