[runlim] version:		1.10
[runlim] time limit:		1800 seconds
[runlim] real time limit:	1800 seconds
[runlim] space limit:		60000 MB
[runlim] argv[0]:		/home/vanh/Documents/ABP/AntibandwidthExtend/anti-bandwidth-scl-extend/build/abw_enc
[runlim] argv[1]:		/home/vanh/Documents/ABP/AntibandwidthExtend/anti-bandwidth-scl-extend/build/BenchmarkA/F-curtis54.mtx.rnd
[runlim] argv[2]:		--ladder
[runlim] argv[3]:		-symmetry-break
[runlim] argv[4]:		h
[runlim] argv[5]:		-split-size
[runlim] argv[6]:		5
[runlim] start:			Thu Nov 28 21:39:17 2024
[runlim] main pid:		13078
[runlim] log captured:
c LadderEncoder 1.0.
c Symetry breaking in the highest degree node.
c Splitting clauses at length 5.
c Solving strategy: from LB to UB.
c LB-w = 12 (LB in Sinnl - A note on computational approaches for the antibandwidth problem).
c UB-w = 13 (UB in Sinnl - A note on computational approaches for the antibandwidth problem).
c Antibandwidth problem with w = 12 ( F-curtis54.mtx.rnd ):
c Initializing CaDiCaL (version 1.2.1).
c	Configuring CaDiCaL as --sat (1).
c Initializing a Ladder encoder with n = 54.
c Encoding starts with w = 12:
c	Encode symmetry breaking with option: h.
c	Labels and Vertices aux var: 1404
c	Labels and Vertices constraints:  7830
c	Obj k aux var: 4266
c	Obj k constraints: 37876
c	Obj k glue staircase constraints: 19840
c	Encoding duration: 0s
c	Number of clauses: 46435
c	Number of irredundant clauses: 46091
c	Number of variables: 9288
c SAT Solving starts:
c	Solving duration: 159 ms
c	Answer: 
s SAT (w = 12)
c	Solution check:
p calculated antibandwidth = 12.
c
c
c Antibandwidth problem with w = 13 ( F-curtis54.mtx.rnd ):
c Initializing CaDiCaL (version 1.2.1).
c	Configuring CaDiCaL as --sat (1).
c Initializing a Ladder encoder with n = 54.
c Encoding starts with w = 13:
c	Encode symmetry breaking with option: h.
c	Labels and Vertices aux var: 1404
c	Labels and Vertices constraints:  7830
c	Obj k aux var: 4428
c	Obj k constraints: 37812
c	Obj k glue staircase constraints: 19344
c	Encoding duration: 0s
c	Number of clauses: 46371
c	Number of irredundant clauses: 46023
c	Number of variables: 9450
c SAT Solving starts:
c	Solving duration: 209 ms
c	Answer: 
s SAT (w = 13)
c	Solution check:
p calculated antibandwidth = 13.
c
c
[runlim] end:			Thu Nov 28 21:39:18 2024
[runlim] status:		ok
[runlim] result:		0
[runlim] children:		0
[runlim] real:			1.41 seconds
[runlim] time:			0.40 seconds
[runlim] space:			14.0 MB
[runlim] samples:		4
