[runlim] version:		1.10
[runlim] time limit:		1800 seconds
[runlim] real time limit:	1800 seconds
[runlim] space limit:		60000 MB
[runlim] argv[0]:		/home/vanh/Documents/ABP/AntibandwidthExtend/anti-bandwidth-scl-extend/build/abw_enc
[runlim] argv[1]:		/home/vanh/Documents/ABP/AntibandwidthExtend/anti-bandwidth-scl-extend/build/BenchmarkA/G-will57.mtx.rnd
[runlim] argv[2]:		--ladder
[runlim] argv[3]:		-symmetry-break
[runlim] argv[4]:		h
[runlim] argv[5]:		-split-size
[runlim] argv[6]:		5
[runlim] start:			Thu Nov 28 21:09:13 2024
[runlim] main pid:		11062
[runlim] log captured:
c LadderEncoder 1.0.
c Symetry breaking in the highest degree node.
c Splitting clauses at length 5.
c Solving strategy: from LB to UB.
c LB-w = 12 (LB in Sinnl - A note on computational approaches for the antibandwidth problem).
c UB-w = 14 (UB in Sinnl - A note on computational approaches for the antibandwidth problem).
c Antibandwidth problem with w = 12 ( G-will57.mtx.rnd ):
c Initializing CaDiCaL (version 1.2.1).
c	Configuring CaDiCaL as --sat (1).
c Initializing a Ladder encoder with n = 57.
c Encoding starts with w = 12:
c	Encode symmetry breaking with option: h.
c	Labels and Vertices aux var: 1596
c	Labels and Vertices constraints:  8778
c	Obj k aux var: 4674
c	Obj k constraints: 41737
c	Obj k glue staircase constraints: 21844
c	Encoding duration: 0s
c	Number of clauses: 51284
c	Number of irredundant clauses: 50997
c	Number of variables: 10260
c SAT Solving starts:
c	Solving duration: 68 ms
c	Answer: 
s SAT (w = 12)
c	Solution check:
p calculated antibandwidth = 12.
c
c
c Antibandwidth problem with w = 13 ( G-will57.mtx.rnd ):
c Initializing CaDiCaL (version 1.2.1).
c	Configuring CaDiCaL as --sat (1).
c Initializing a Ladder encoder with n = 57.
c Encoding starts with w = 13:
c	Encode symmetry breaking with option: h.
c	Labels and Vertices aux var: 1596
c	Labels and Vertices constraints:  8778
c	Obj k aux var: 4845
c	Obj k constraints: 41685
c	Obj k glue staircase constraints: 21336
c	Encoding duration: 0s
c	Number of clauses: 51232
c	Number of irredundant clauses: 50941
c	Number of variables: 10431
c SAT Solving starts:
c	Solving duration: 986 ms
c	Answer: 
s SAT (w = 13)
c	Solution check:
p calculated antibandwidth = 13.
c
c
c Antibandwidth problem with w = 14 ( G-will57.mtx.rnd ):
c Initializing CaDiCaL (version 1.2.1).
c	Configuring CaDiCaL as --sat (1).
c Initializing a Ladder encoder with n = 57.
c Encoding starts with w = 14:
c	Encode symmetry breaking with option: h.
c	Labels and Vertices aux var: 1596
c	Labels and Vertices constraints:  8778
c	Obj k aux var: 5016
c	Obj k constraints: 41633
c	Obj k glue staircase constraints: 20828
c	Encoding duration: 0s
c	Number of clauses: 51180
c	Number of irredundant clauses: 50908
c	Number of variables: 10602
c SAT Solving starts:
c	Solving duration: 12 ms
c	Answer: 
s UNSAT (w = 14)
c
c
[runlim] end:			Thu Nov 28 21:09:14 2024
[runlim] status:		ok
[runlim] result:		0
[runlim] children:		0
[runlim] real:			1.72 seconds
[runlim] time:			1.10 seconds
[runlim] space:			16.4 MB
[runlim] samples:		11
