[runlim] version:		1.10
[runlim] time limit:		1800 seconds
[runlim] real time limit:	1800 seconds
[runlim] space limit:		60000 MB
[runlim] argv[0]:		/home/vanh/Documents/ABP/AntibandwidthExtend/anti-bandwidth-scl-extend/build/abw_enc
[runlim] argv[1]:		/home/vanh/Documents/ABP/AntibandwidthExtend/anti-bandwidth-scl-extend/build/BenchmarkA/J-nos4.mtx.rnd
[runlim] argv[2]:		--ladder
[runlim] argv[3]:		-symmetry-break
[runlim] argv[4]:		h
[runlim] argv[5]:		-split-size
[runlim] argv[6]:		5
[runlim] start:			Thu Nov 28 21:09:14 2024
[runlim] main pid:		11065
[runlim] log captured:
c LadderEncoder 1.0.
c Symetry breaking in the highest degree node.
c Splitting clauses at length 5.
c Solving strategy: from LB to UB.
c LB-w = 32 (LB in Sinnl - A note on computational approaches for the antibandwidth problem).
c UB-w = 40 (UB in Sinnl - A note on computational approaches for the antibandwidth problem).
c Antibandwidth problem with w = 32 ( J-nos4.mtx.rnd ):
c Initializing CaDiCaL (version 1.2.1).
c	Configuring CaDiCaL as --sat (1).
c Initializing a Ladder encoder with n = 100.
c Encoding starts with w = 32:
c	Encode symmetry breaking with option: h.
c	Labels and Vertices aux var: 3600
c	Labels and Vertices constraints:  25200
c	Obj k aux var: 15600
c	Obj k constraints: 129549
c	Obj k glue staircase constraints: 65949
c	Encoding duration: 0s
c	Number of clauses: 157199
c	Number of irredundant clauses: 156823
c	Number of variables: 31600
c SAT Solving starts:
[runlim] sample:		10.0 time, 10.7 real, 62.4 MB
[runlim] sample:		20.0 time, 20.7 real, 102.6 MB
[runlim] sample:		30.0 time, 30.7 real, 107.0 MB
[runlim] sample:		40.0 time, 40.7 real, 110.5 MB
[runlim] sample:		50.0 time, 50.7 real, 111.0 MB
[runlim] sample:		60.0 time, 60.7 real, 132.6 MB
[runlim] sample:		69.9 time, 70.7 real, 99.9 MB
c	Solving duration: 78714 ms
c	Answer: 
s SAT (w = 32)
c	Solution check:
p calculated antibandwidth = 32.
c
c
c Antibandwidth problem with w = 33 ( J-nos4.mtx.rnd ):
c Initializing CaDiCaL (version 1.2.1).
c	Configuring CaDiCaL as --sat (1).
c Initializing a Ladder encoder with n = 100.
c Encoding starts with w = 33:
c	Encode symmetry breaking with option: h.
c	Labels and Vertices aux var: 3600
c	Labels and Vertices constraints:  25200
c	Obj k aux var: 15800
c	Obj k constraints: 129061
c	Obj k glue staircase constraints: 64961
c	Encoding duration: 0s
c	Number of clauses: 156711
c	Number of irredundant clauses: 156347
c	Number of variables: 31800
c SAT Solving starts:
[runlim] sample:		80.0 time, 80.7 real, 99.9 MB
[runlim] sample:		90.0 time, 90.7 real, 113.8 MB
c	Solving duration: 12841 ms
c	Answer: 
s SAT (w = 33)
c	Solution check:
p calculated antibandwidth = 33.
c
c
c Antibandwidth problem with w = 34 ( J-nos4.mtx.rnd ):
c Initializing CaDiCaL (version 1.2.1).
c	Configuring CaDiCaL as --sat (1).
c Initializing a Ladder encoder with n = 100.
c Encoding starts with w = 34:
c	Encode symmetry breaking with option: h.
c	Labels and Vertices aux var: 3600
c	Labels and Vertices constraints:  25200
c	Obj k aux var: 12900
c	Obj k constraints: 119914
c	Obj k glue staircase constraints: 64714
c	Encoding duration: 0s
c	Number of clauses: 147564
c	Number of irredundant clauses: 147256
c	Number of variables: 28900
c SAT Solving starts:
[runlim] sample:		99.9 time, 100.7 real, 113.8 MB
[runlim] sample:		109.9 time, 110.7 real, 113.8 MB
[runlim] sample:		119.9 time, 120.7 real, 126.0 MB
[runlim] sample:		129.9 time, 130.7 real, 127.8 MB
[runlim] sample:		139.9 time, 140.7 real, 127.8 MB
[runlim] sample:		149.9 time, 150.7 real, 105.6 MB
[runlim] sample:		159.9 time, 160.7 real, 116.1 MB
c	Solving duration: 76926 ms
c	Answer: 
s SAT (w = 34)
c	Solution check:
p calculated antibandwidth = 34.
c
c
c Antibandwidth problem with w = 35 ( J-nos4.mtx.rnd ):
c Initializing CaDiCaL (version 1.2.1).
c	Configuring CaDiCaL as --sat (1).
c Initializing a Ladder encoder with n = 100.
c Encoding starts with w = 35:
c	Encode symmetry breaking with option: h.
c	Labels and Vertices aux var: 3600
c	Labels and Vertices constraints:  25200
c	Obj k aux var: 13000
c	Obj k constraints: 119126
c	Obj k glue staircase constraints: 63726
c	Encoding duration: 0s
c	Number of clauses: 146776
c	Number of irredundant clauses: 146479
c	Number of variables: 29000
c SAT Solving starts:
[runlim] sample:		169.9 time, 170.7 real, 130.6 MB
[runlim] sample:		179.9 time, 180.7 real, 91.2 MB
[runlim] sample:		189.9 time, 190.7 real, 116.0 MB
[runlim] sample:		199.9 time, 200.7 real, 116.0 MB
[runlim] sample:		209.9 time, 210.7 real, 121.2 MB
[runlim] sample:		219.9 time, 220.7 real, 215.7 MB
[runlim] sample:		229.9 time, 230.7 real, 134.3 MB
[runlim] sample:		239.9 time, 240.7 real, 85.3 MB
[runlim] sample:		249.9 time, 250.7 real, 117.4 MB
[runlim] sample:		259.9 time, 260.7 real, 101.8 MB
[runlim] sample:		269.9 time, 270.7 real, 158.5 MB
[runlim] sample:		279.9 time, 280.7 real, 141.9 MB
[runlim] sample:		289.9 time, 290.7 real, 149.6 MB
[runlim] sample:		299.9 time, 300.7 real, 150.2 MB
[runlim] sample:		309.9 time, 310.7 real, 112.3 MB
[runlim] sample:		319.9 time, 320.7 real, 168.7 MB
[runlim] sample:		329.9 time, 330.7 real, 157.7 MB
[runlim] sample:		339.9 time, 340.7 real, 148.8 MB
[runlim] sample:		349.9 time, 350.7 real, 152.7 MB
[runlim] sample:		359.9 time, 360.7 real, 123.4 MB
[runlim] sample:		369.9 time, 370.7 real, 123.4 MB
[runlim] sample:		379.9 time, 380.7 real, 123.5 MB
[runlim] sample:		389.9 time, 390.7 real, 162.2 MB
[runlim] sample:		399.9 time, 400.7 real, 140.4 MB
[runlim] sample:		409.9 time, 410.7 real, 116.1 MB
[runlim] sample:		419.9 time, 420.7 real, 116.2 MB
[runlim] sample:		429.9 time, 430.7 real, 166.4 MB
[runlim] sample:		439.9 time, 440.7 real, 197.0 MB
[runlim] sample:		449.9 time, 450.7 real, 188.1 MB
[runlim] sample:		459.9 time, 460.7 real, 179.2 MB
[runlim] sample:		469.9 time, 470.7 real, 131.6 MB
[runlim] sample:		479.9 time, 480.7 real, 181.2 MB
[runlim] sample:		489.9 time, 490.7 real, 189.5 MB
[runlim] sample:		499.9 time, 500.7 real, 168.7 MB
[runlim] sample:		509.9 time, 510.7 real, 180.5 MB
[runlim] sample:		519.9 time, 520.7 real, 189.2 MB
[runlim] sample:		529.9 time, 530.7 real, 166.6 MB
[runlim] sample:		539.9 time, 540.7 real, 131.5 MB
[runlim] sample:		549.8 time, 550.7 real, 154.2 MB
[runlim] sample:		559.8 time, 560.7 real, 154.2 MB
[runlim] sample:		569.8 time, 570.7 real, 154.3 MB
[runlim] sample:		579.8 time, 580.7 real, 154.3 MB
[runlim] sample:		589.8 time, 590.7 real, 195.2 MB
[runlim] sample:		599.8 time, 600.7 real, 241.5 MB
[runlim] sample:		609.8 time, 610.7 real, 232.7 MB
[runlim] sample:		619.8 time, 620.7 real, 235.4 MB
[runlim] sample:		629.8 time, 630.7 real, 213.2 MB
[runlim] sample:		639.8 time, 640.7 real, 204.1 MB
[runlim] sample:		649.8 time, 650.7 real, 187.6 MB
[runlim] sample:		659.8 time, 660.7 real, 190.0 MB
[runlim] sample:		669.8 time, 670.7 real, 201.8 MB
[runlim] sample:		679.8 time, 680.7 real, 213.8 MB
[runlim] sample:		689.8 time, 690.7 real, 220.8 MB
[runlim] sample:		699.8 time, 700.7 real, 212.5 MB
[runlim] sample:		709.8 time, 710.7 real, 221.8 MB
[runlim] sample:		719.8 time, 720.7 real, 235.4 MB
[runlim] sample:		729.8 time, 730.7 real, 235.4 MB
[runlim] sample:		739.8 time, 740.7 real, 208.0 MB
[runlim] sample:		749.8 time, 750.7 real, 187.2 MB
[runlim] sample:		759.8 time, 760.7 real, 214.6 MB
[runlim] sample:		769.8 time, 770.7 real, 244.6 MB
[runlim] sample:		779.8 time, 780.7 real, 244.6 MB
[runlim] sample:		789.8 time, 790.7 real, 245.9 MB
[runlim] sample:		799.8 time, 800.7 real, 224.7 MB
[runlim] sample:		809.8 time, 810.7 real, 198.6 MB
[runlim] sample:		819.8 time, 820.7 real, 221.0 MB
[runlim] sample:		829.8 time, 830.7 real, 265.5 MB
[runlim] sample:		839.8 time, 840.7 real, 388.1 MB
[runlim] sample:		849.8 time, 850.7 real, 388.1 MB
[runlim] sample:		859.7 time, 860.7 real, 359.8 MB
[runlim] sample:		869.7 time, 870.7 real, 303.9 MB
[runlim] sample:		879.7 time, 880.7 real, 271.6 MB
[runlim] sample:		889.7 time, 890.7 real, 293.7 MB
[runlim] sample:		899.7 time, 900.7 real, 341.0 MB
[runlim] sample:		909.7 time, 910.7 real, 343.1 MB
[runlim] sample:		919.7 time, 920.7 real, 216.9 MB
[runlim] sample:		929.7 time, 930.7 real, 216.9 MB
[runlim] sample:		939.7 time, 940.7 real, 287.4 MB
[runlim] sample:		949.7 time, 950.7 real, 310.2 MB
[runlim] sample:		959.7 time, 960.7 real, 267.5 MB
[runlim] sample:		969.7 time, 970.7 real, 217.0 MB
[runlim] sample:		979.7 time, 980.7 real, 217.0 MB
[runlim] sample:		989.7 time, 990.7 real, 181.2 MB
[runlim] sample:		999.7 time, 1000.7 real, 195.1 MB
[runlim] sample:		1009.7 time, 1010.7 real, 250.6 MB
[runlim] sample:		1019.7 time, 1020.7 real, 291.8 MB
[runlim] sample:		1029.7 time, 1030.7 real, 252.3 MB
[runlim] sample:		1039.7 time, 1040.7 real, 263.4 MB
[runlim] sample:		1049.7 time, 1050.7 real, 246.8 MB
[runlim] sample:		1059.7 time, 1060.7 real, 198.7 MB
[runlim] sample:		1069.7 time, 1070.7 real, 170.7 MB
[runlim] sample:		1079.7 time, 1080.7 real, 255.2 MB
[runlim] sample:		1089.7 time, 1090.7 real, 199.6 MB
[runlim] sample:		1099.7 time, 1100.7 real, 142.9 MB
[runlim] sample:		1109.7 time, 1110.7 real, 183.1 MB
[runlim] sample:		1119.7 time, 1120.7 real, 232.9 MB
[runlim] sample:		1129.7 time, 1130.7 real, 232.9 MB
[runlim] sample:		1139.7 time, 1140.7 real, 186.0 MB
[runlim] sample:		1149.7 time, 1150.7 real, 202.0 MB
[runlim] sample:		1159.7 time, 1160.7 real, 220.0 MB
[runlim] sample:		1169.7 time, 1170.7 real, 214.1 MB
[runlim] sample:		1179.7 time, 1180.7 real, 202.3 MB
[runlim] sample:		1189.7 time, 1190.7 real, 259.6 MB
[runlim] sample:		1199.7 time, 1200.7 real, 228.2 MB
[runlim] sample:		1209.7 time, 1210.7 real, 314.4 MB
[runlim] sample:		1219.7 time, 1220.7 real, 208.2 MB
[runlim] sample:		1229.7 time, 1230.7 real, 166.8 MB
[runlim] sample:		1239.7 time, 1240.7 real, 180.6 MB
[runlim] sample:		1249.7 time, 1250.7 real, 203.5 MB
[runlim] sample:		1259.7 time, 1260.7 real, 263.8 MB
[runlim] sample:		1269.7 time, 1270.7 real, 253.1 MB
[runlim] sample:		1279.7 time, 1280.7 real, 205.7 MB
[runlim] sample:		1289.7 time, 1290.7 real, 205.7 MB
[runlim] sample:		1299.7 time, 1300.7 real, 250.0 MB
[runlim] sample:		1309.7 time, 1310.7 real, 253.3 MB
[runlim] sample:		1319.6 time, 1320.7 real, 278.2 MB
[runlim] sample:		1329.6 time, 1330.7 real, 278.4 MB
[runlim] sample:		1339.6 time, 1340.7 real, 186.4 MB
[runlim] sample:		1349.7 time, 1350.7 real, 289.9 MB
[runlim] sample:		1359.7 time, 1360.7 real, 227.8 MB
[runlim] sample:		1369.6 time, 1370.7 real, 267.7 MB
[runlim] sample:		1379.6 time, 1380.7 real, 288.3 MB
[runlim] sample:		1389.6 time, 1390.7 real, 278.1 MB
[runlim] sample:		1399.6 time, 1400.7 real, 281.1 MB
[runlim] sample:		1409.6 time, 1410.7 real, 269.9 MB
[runlim] sample:		1419.6 time, 1420.7 real, 269.9 MB
[runlim] sample:		1429.6 time, 1430.7 real, 269.7 MB
[runlim] sample:		1439.6 time, 1440.7 real, 284.3 MB
[runlim] sample:		1449.6 time, 1450.7 real, 186.4 MB
[runlim] sample:		1459.6 time, 1460.7 real, 186.4 MB
[runlim] sample:		1469.6 time, 1470.7 real, 261.9 MB
[runlim] sample:		1479.6 time, 1480.7 real, 261.9 MB
[runlim] sample:		1489.6 time, 1490.7 real, 331.1 MB
[runlim] sample:		1499.6 time, 1500.7 real, 331.1 MB
[runlim] sample:		1509.6 time, 1510.7 real, 414.1 MB
[runlim] sample:		1519.6 time, 1520.7 real, 414.1 MB
[runlim] sample:		1529.6 time, 1530.7 real, 340.2 MB
[runlim] sample:		1539.6 time, 1540.7 real, 340.2 MB
[runlim] sample:		1549.6 time, 1550.7 real, 293.2 MB
[runlim] sample:		1559.6 time, 1560.7 real, 279.7 MB
[runlim] sample:		1569.6 time, 1570.7 real, 279.7 MB
[runlim] sample:		1579.6 time, 1580.7 real, 293.4 MB
[runlim] sample:		1589.6 time, 1590.7 real, 293.4 MB
[runlim] sample:		1599.6 time, 1600.7 real, 327.4 MB
[runlim] sample:		1609.6 time, 1610.7 real, 230.3 MB
[runlim] sample:		1619.6 time, 1620.7 real, 230.2 MB
[runlim] sample:		1629.6 time, 1630.7 real, 266.0 MB
[runlim] sample:		1639.6 time, 1640.7 real, 296.5 MB
[runlim] sample:		1649.6 time, 1650.7 real, 334.5 MB
[runlim] sample:		1659.6 time, 1660.7 real, 319.9 MB
[runlim] sample:		1669.6 time, 1670.7 real, 319.9 MB
[runlim] sample:		1679.5 time, 1680.7 real, 436.6 MB
[runlim] sample:		1689.5 time, 1690.7 real, 436.5 MB
[runlim] sample:		1699.5 time, 1700.7 real, 376.4 MB
[runlim] sample:		1709.5 time, 1710.7 real, 376.5 MB
[runlim] sample:		1719.5 time, 1720.7 real, 368.6 MB
[runlim] sample:		1729.5 time, 1730.7 real, 368.6 MB
[runlim] sample:		1739.5 time, 1740.7 real, 393.2 MB
[runlim] sample:		1749.5 time, 1750.7 real, 393.2 MB
[runlim] sample:		1759.4 time, 1760.7 real, 436.4 MB
[runlim] sample:		1769.4 time, 1770.7 real, 436.4 MB
[runlim] sample:		1779.4 time, 1780.7 real, 401.2 MB
[runlim] sample:		1789.4 time, 1790.7 real, 385.4 MB
c Signal interruption.
[runlim] end:			Thu Nov 28 21:39:14 2024
[runlim] status:		out of time
[runlim] result:		2
[runlim] children:		0
[runlim] real:			1800.08 seconds
[runlim] time:			1798.69 seconds
[runlim] space:			577.6 MB
[runlim] samples:		17993
