[runlim] version:		1.10
[runlim] time limit:		1800 seconds
[runlim] real time limit:	1800 seconds
[runlim] space limit:		60000 MB
[runlim] argv[0]:		/home/vanh/Documents/ABP/AntibandwidthExtend/anti-bandwidth-scl-extend/build/abw_enc
[runlim] argv[1]:		/home/vanh/Documents/ABP/AntibandwidthExtend/anti-bandwidth-scl-extend/build/BenchmarkA/K-dwt__234.mtx.rnd
[runlim] argv[2]:		--ladder
[runlim] argv[3]:		-symmetry-break
[runlim] argv[4]:		h
[runlim] argv[5]:		-split-size
[runlim] argv[6]:		5
[runlim] start:			Thu Nov 28 20:39:13 2024
[runlim] main pid:		6061
[runlim] log captured:
c LadderEncoder 1.0.
c Symetry breaking in the highest degree node.
c Splitting clauses at length 5.
c Solving strategy: from LB to UB.
c LB-w = 46 (LB in Sinnl - A note on computational approaches for the antibandwidth problem).
c UB-w = 58 (UB in Sinnl - A note on computational approaches for the antibandwidth problem).
c Antibandwidth problem with w = 46 ( K-dwt__234.mtx.rnd ):
c Initializing CaDiCaL (version 1.2.1).
c	Configuring CaDiCaL as --sat (1).
c Initializing a Ladder encoder with n = 117.
c Encoding starts with w = 46:
c	Encode symmetry breaking with option: h.
c	Labels and Vertices aux var: 4680
c	Labels and Vertices constraints:  34164
c	Obj k aux var: 18486
c	Obj k constraints: 123021
c	Obj k glue staircase constraints: 45684
c	Encoding duration: 0s
c	Number of clauses: 160519
c	Number of irredundant clauses: 160157
c	Number of variables: 40131
c SAT Solving starts:
[runlim] sample:		10.0 time, 10.8 real, 56.1 MB
[runlim] sample:		20.0 time, 20.8 real, 90.2 MB
[runlim] sample:		30.0 time, 30.8 real, 95.5 MB
c	Solving duration: 39837 ms
c	Answer: 
s SAT (w = 46)
c	Solution check:
p calculated antibandwidth = 46.
c
c
c Antibandwidth problem with w = 47 ( K-dwt__234.mtx.rnd ):
c Initializing CaDiCaL (version 1.2.1).
c	Configuring CaDiCaL as --sat (1).
c Initializing a Ladder encoder with n = 117.
c Encoding starts with w = 47:
c	Encode symmetry breaking with option: h.
c	Labels and Vertices aux var: 4680
c	Labels and Vertices constraints:  34164
c	Obj k aux var: 18603
c	Obj k constraints: 122607
c	Obj k glue staircase constraints: 45036
c	Encoding duration: 0s
c	Number of clauses: 160105
c	Number of irredundant clauses: 159741
c	Number of variables: 40248
c SAT Solving starts:
[runlim] sample:		40.0 time, 40.8 real, 100.6 MB
[runlim] sample:		50.0 time, 50.8 real, 101.0 MB
[runlim] sample:		60.0 time, 60.8 real, 106.0 MB
[runlim] sample:		70.0 time, 70.8 real, 106.1 MB
[runlim] sample:		80.0 time, 80.9 real, 142.2 MB
c	Solving duration: 47529 ms
c	Answer: 
s SAT (w = 47)
c	Solution check:
p calculated antibandwidth = 47.
c
c
c Antibandwidth problem with w = 48 ( K-dwt__234.mtx.rnd ):
c Initializing CaDiCaL (version 1.2.1).
c	Configuring CaDiCaL as --sat (1).
c Initializing a Ladder encoder with n = 117.
c Encoding starts with w = 48:
c	Encode symmetry breaking with option: h.
c	Labels and Vertices aux var: 4680
c	Labels and Vertices constraints:  34164
c	Obj k aux var: 18720
c	Obj k constraints: 122193
c	Obj k glue staircase constraints: 44388
c	Encoding duration: 0s
c	Number of clauses: 159691
c	Number of irredundant clauses: 159325
c	Number of variables: 40365
c SAT Solving starts:
[runlim] sample:		90.0 time, 90.8 real, 114.4 MB
[runlim] sample:		100.0 time, 100.8 real, 114.4 MB
[runlim] sample:		110.0 time, 110.8 real, 114.4 MB
[runlim] sample:		120.0 time, 120.8 real, 114.4 MB
[runlim] sample:		130.0 time, 130.8 real, 155.8 MB
[runlim] sample:		140.0 time, 140.8 real, 169.6 MB
[runlim] sample:		150.0 time, 150.9 real, 114.4 MB
[runlim] sample:		160.0 time, 160.8 real, 129.9 MB
[runlim] sample:		169.9 time, 170.8 real, 147.4 MB
[runlim] sample:		179.9 time, 180.8 real, 147.4 MB
[runlim] sample:		189.9 time, 190.8 real, 130.4 MB
c	Solving duration: 105355 ms
c	Answer: 
s SAT (w = 48)
c	Solution check:
p calculated antibandwidth = 48.
c
c
c Antibandwidth problem with w = 49 ( K-dwt__234.mtx.rnd ):
c Initializing CaDiCaL (version 1.2.1).
c	Configuring CaDiCaL as --sat (1).
c Initializing a Ladder encoder with n = 117.
c Encoding starts with w = 49:
c	Encode symmetry breaking with option: h.
c	Labels and Vertices aux var: 4680
c	Labels and Vertices constraints:  34164
c	Obj k aux var: 18837
c	Obj k constraints: 121779
c	Obj k glue staircase constraints: 43740
c	Encoding duration: 0s
c	Number of clauses: 159277
c	Number of irredundant clauses: 158909
c	Number of variables: 40482
c SAT Solving starts:
[runlim] sample:		199.9 time, 200.8 real, 130.7 MB
[runlim] sample:		209.9 time, 210.9 real, 130.7 MB
[runlim] sample:		219.9 time, 220.8 real, 130.7 MB
[runlim] sample:		229.9 time, 230.9 real, 175.3 MB
[runlim] sample:		239.9 time, 240.8 real, 130.6 MB
[runlim] sample:		249.9 time, 250.8 real, 127.9 MB
[runlim] sample:		259.9 time, 260.8 real, 121.8 MB
[runlim] sample:		269.9 time, 270.8 real, 96.4 MB
[runlim] sample:		279.9 time, 280.8 real, 131.5 MB
[runlim] sample:		289.9 time, 290.9 real, 139.4 MB
[runlim] sample:		299.9 time, 300.8 real, 161.3 MB
[runlim] sample:		309.9 time, 310.8 real, 165.8 MB
[runlim] sample:		319.9 time, 320.9 real, 231.9 MB
[runlim] sample:		329.9 time, 330.8 real, 165.8 MB
[runlim] sample:		339.9 time, 340.8 real, 197.0 MB
[runlim] sample:		349.9 time, 350.8 real, 288.4 MB
[runlim] sample:		359.9 time, 360.8 real, 243.5 MB
[runlim] sample:		369.9 time, 370.9 real, 239.5 MB
[runlim] sample:		379.9 time, 380.8 real, 200.5 MB
[runlim] sample:		389.9 time, 390.8 real, 202.8 MB
[runlim] sample:		399.9 time, 400.8 real, 231.6 MB
[runlim] sample:		409.9 time, 410.8 real, 166.3 MB
[runlim] sample:		419.9 time, 420.9 real, 176.3 MB
[runlim] sample:		429.9 time, 430.8 real, 283.4 MB
[runlim] sample:		439.8 time, 440.8 real, 283.0 MB
[runlim] sample:		449.8 time, 450.8 real, 273.4 MB
[runlim] sample:		459.8 time, 460.8 real, 245.0 MB
[runlim] sample:		469.8 time, 470.8 real, 243.0 MB
[runlim] sample:		479.8 time, 480.8 real, 257.5 MB
[runlim] sample:		489.8 time, 490.8 real, 256.4 MB
[runlim] sample:		499.8 time, 500.8 real, 220.0 MB
[runlim] sample:		509.8 time, 510.8 real, 219.7 MB
[runlim] sample:		519.8 time, 520.8 real, 176.5 MB
[runlim] sample:		529.8 time, 530.8 real, 202.9 MB
[runlim] sample:		539.8 time, 540.8 real, 245.5 MB
[runlim] sample:		549.8 time, 550.8 real, 202.9 MB
[runlim] sample:		559.8 time, 560.8 real, 202.9 MB
[runlim] sample:		569.8 time, 570.8 real, 202.8 MB
[runlim] sample:		579.8 time, 580.8 real, 202.8 MB
[runlim] sample:		589.8 time, 590.8 real, 211.8 MB
[runlim] sample:		599.8 time, 600.8 real, 211.8 MB
[runlim] sample:		609.8 time, 610.8 real, 187.3 MB
[runlim] sample:		619.8 time, 620.8 real, 197.2 MB
[runlim] sample:		629.8 time, 630.8 real, 190.6 MB
[runlim] sample:		639.8 time, 640.8 real, 192.3 MB
[runlim] sample:		649.8 time, 650.8 real, 204.9 MB
[runlim] sample:		659.8 time, 660.8 real, 179.5 MB
[runlim] sample:		669.8 time, 670.8 real, 222.2 MB
[runlim] sample:		679.8 time, 680.8 real, 394.8 MB
[runlim] sample:		689.8 time, 690.8 real, 415.6 MB
[runlim] sample:		699.8 time, 700.8 real, 343.1 MB
[runlim] sample:		709.8 time, 710.8 real, 313.3 MB
[runlim] sample:		719.8 time, 720.8 real, 279.9 MB
[runlim] sample:		729.8 time, 730.8 real, 282.7 MB
[runlim] sample:		739.8 time, 740.8 real, 234.7 MB
[runlim] sample:		749.8 time, 750.8 real, 234.7 MB
[runlim] sample:		759.8 time, 760.8 real, 280.3 MB
[runlim] sample:		769.8 time, 770.8 real, 295.2 MB
[runlim] sample:		779.8 time, 780.9 real, 332.9 MB
[runlim] sample:		789.7 time, 790.8 real, 234.6 MB
[runlim] sample:		799.7 time, 800.8 real, 234.6 MB
[runlim] sample:		809.7 time, 810.8 real, 234.6 MB
[runlim] sample:		819.7 time, 820.8 real, 234.6 MB
[runlim] sample:		829.7 time, 830.8 real, 273.9 MB
[runlim] sample:		839.7 time, 840.8 real, 290.1 MB
[runlim] sample:		849.7 time, 850.8 real, 360.5 MB
[runlim] sample:		859.7 time, 860.8 real, 359.1 MB
[runlim] sample:		869.6 time, 870.8 real, 362.0 MB
[runlim] sample:		879.6 time, 880.8 real, 362.0 MB
[runlim] sample:		889.6 time, 890.8 real, 362.1 MB
[runlim] sample:		899.6 time, 900.9 real, 379.7 MB
[runlim] sample:		909.6 time, 910.8 real, 293.9 MB
[runlim] sample:		919.4 time, 920.8 real, 276.3 MB
[runlim] sample:		929.4 time, 930.9 real, 276.3 MB
[runlim] sample:		939.4 time, 940.9 real, 211.3 MB
[runlim] sample:		949.4 time, 950.8 real, 214.2 MB
[runlim] sample:		959.4 time, 960.8 real, 213.9 MB
[runlim] sample:		969.4 time, 970.8 real, 198.8 MB
[runlim] sample:		979.4 time, 980.8 real, 204.4 MB
[runlim] sample:		989.4 time, 990.8 real, 241.3 MB
[runlim] sample:		999.4 time, 1000.8 real, 241.3 MB
[runlim] sample:		1009.4 time, 1010.8 real, 241.1 MB
[runlim] sample:		1019.4 time, 1020.8 real, 241.1 MB
[runlim] sample:		1029.4 time, 1030.8 real, 251.6 MB
[runlim] sample:		1039.3 time, 1040.9 real, 247.1 MB
[runlim] sample:		1049.3 time, 1050.9 real, 241.7 MB
[runlim] sample:		1059.3 time, 1060.9 real, 211.2 MB
[runlim] sample:		1069.3 time, 1070.8 real, 213.5 MB
[runlim] sample:		1079.3 time, 1080.8 real, 219.9 MB
[runlim] sample:		1089.2 time, 1090.8 real, 202.6 MB
[runlim] sample:		1099.2 time, 1100.9 real, 202.6 MB
[runlim] sample:		1109.2 time, 1110.9 real, 198.9 MB
[runlim] sample:		1119.2 time, 1120.9 real, 209.3 MB
[runlim] sample:		1129.2 time, 1130.9 real, 235.7 MB
[runlim] sample:		1139.2 time, 1140.8 real, 406.2 MB
[runlim] sample:		1149.2 time, 1150.8 real, 273.4 MB
[runlim] sample:		1159.2 time, 1160.8 real, 282.9 MB
[runlim] sample:		1169.2 time, 1170.8 real, 365.4 MB
[runlim] sample:		1179.2 time, 1180.8 real, 284.3 MB
[runlim] sample:		1189.2 time, 1190.8 real, 277.4 MB
[runlim] sample:		1199.2 time, 1200.8 real, 287.6 MB
[runlim] sample:		1209.2 time, 1210.9 real, 287.6 MB
[runlim] sample:		1219.2 time, 1220.8 real, 396.6 MB
[runlim] sample:		1229.2 time, 1230.9 real, 373.1 MB
[runlim] sample:		1239.2 time, 1240.9 real, 282.8 MB
[runlim] sample:		1249.2 time, 1250.9 real, 282.4 MB
[runlim] sample:		1259.2 time, 1260.9 real, 287.1 MB
[runlim] sample:		1269.2 time, 1270.9 real, 364.3 MB
[runlim] sample:		1279.2 time, 1280.8 real, 380.8 MB
[runlim] sample:		1289.2 time, 1290.9 real, 278.6 MB
[runlim] sample:		1299.2 time, 1300.9 real, 279.6 MB
[runlim] sample:		1309.2 time, 1310.8 real, 271.7 MB
[runlim] sample:		1319.2 time, 1320.8 real, 271.8 MB
[runlim] sample:		1327.9 time, 1330.9 real, 494.0 MB
[runlim] sample:		1337.9 time, 1340.8 real, 356.4 MB
[runlim] sample:		1347.9 time, 1350.8 real, 329.9 MB
[runlim] sample:		1357.9 time, 1360.8 real, 276.9 MB
[runlim] sample:		1367.9 time, 1370.9 real, 343.9 MB
[runlim] sample:		1377.9 time, 1380.9 real, 276.8 MB
[runlim] sample:		1387.9 time, 1390.9 real, 373.8 MB
[runlim] sample:		1397.8 time, 1400.9 real, 278.9 MB
[runlim] sample:		1407.8 time, 1410.9 real, 278.9 MB
[runlim] sample:		1417.8 time, 1420.9 real, 329.0 MB
[runlim] sample:		1427.8 time, 1430.9 real, 329.0 MB
[runlim] sample:		1437.7 time, 1440.9 real, 465.4 MB
[runlim] sample:		1447.7 time, 1450.8 real, 465.4 MB
[runlim] sample:		1457.7 time, 1460.8 real, 482.9 MB
[runlim] sample:		1467.7 time, 1470.8 real, 574.9 MB
[runlim] sample:		1477.6 time, 1480.9 real, 813.9 MB
[runlim] sample:		1487.6 time, 1490.8 real, 814.1 MB
[runlim] sample:		1497.6 time, 1500.9 real, 719.8 MB
[runlim] sample:		1507.6 time, 1510.9 real, 407.8 MB
[runlim] sample:		1517.6 time, 1520.9 real, 407.8 MB
[runlim] sample:		1527.6 time, 1530.9 real, 299.9 MB
[runlim] sample:		1537.6 time, 1540.8 real, 295.5 MB
[runlim] sample:		1547.6 time, 1550.9 real, 295.5 MB
[runlim] sample:		1557.5 time, 1560.9 real, 296.0 MB
c	Solving duration: 1370483 ms
c	Answer: 
s SAT (w = 49)
c	Solution check:
p calculated antibandwidth = 49.
c
c
c Antibandwidth problem with w = 50 ( K-dwt__234.mtx.rnd ):
c Initializing CaDiCaL (version 1.2.1).
c	Configuring CaDiCaL as --sat (1).
c Initializing a Ladder encoder with n = 117.
c Encoding starts with w = 50:
c	Encode symmetry breaking with option: h.
c	Labels and Vertices aux var: 4680
c	Labels and Vertices constraints:  34164
c	Obj k aux var: 18954
c	Obj k constraints: 121365
c	Obj k glue staircase constraints: 43092
c	Encoding duration: 0s
c	Number of clauses: 158863
c	Number of irredundant clauses: 158493
c	Number of variables: 40599
c SAT Solving starts:
[runlim] sample:		1567.5 time, 1570.9 real, 237.2 MB
[runlim] sample:		1577.4 time, 1580.9 real, 235.5 MB
[runlim] sample:		1587.4 time, 1590.9 real, 233.2 MB
[runlim] sample:		1597.4 time, 1600.8 real, 233.1 MB
[runlim] sample:		1607.2 time, 1610.8 real, 231.6 MB
[runlim] sample:		1617.1 time, 1620.9 real, 230.0 MB
[runlim] sample:		1627.0 time, 1630.8 real, 230.5 MB
[runlim] sample:		1637.0 time, 1640.8 real, 230.5 MB
[runlim] sample:		1647.0 time, 1650.9 real, 279.9 MB
[runlim] sample:		1657.0 time, 1660.8 real, 232.3 MB
[runlim] sample:		1667.0 time, 1670.9 real, 232.3 MB
[runlim] sample:		1677.0 time, 1680.9 real, 232.3 MB
[runlim] sample:		1687.0 time, 1690.8 real, 232.3 MB
[runlim] sample:		1697.0 time, 1700.9 real, 232.3 MB
[runlim] sample:		1707.0 time, 1710.8 real, 232.3 MB
[runlim] sample:		1717.0 time, 1720.8 real, 233.0 MB
[runlim] sample:		1727.0 time, 1730.8 real, 233.0 MB
[runlim] sample:		1737.0 time, 1740.8 real, 233.0 MB
[runlim] sample:		1747.0 time, 1750.8 real, 233.0 MB
[runlim] sample:		1757.0 time, 1760.8 real, 233.4 MB
[runlim] sample:		1767.0 time, 1770.8 real, 233.4 MB
[runlim] sample:		1777.0 time, 1780.8 real, 233.4 MB
[runlim] sample:		1787.0 time, 1790.8 real, 233.4 MB
c Signal interruption.
[runlim] end:			Thu Nov 28 21:09:13 2024
[runlim] status:		out of time
[runlim] result:		2
[runlim] children:		0
[runlim] real:			1800.09 seconds
[runlim] time:			1796.15 seconds
[runlim] space:			1001.3 MB
[runlim] samples:		17992
