[runlim] version:		1.10
[runlim] time limit:		1800 seconds
[runlim] real time limit:	1800 seconds
[runlim] space limit:		30000 MB
[runlim] argv[0]:		/home/truongxuanhieu/AntiBandwidthReconstruct/build/abw_enc_symbreak_max_node_hybrid_NSC_binomial
[runlim] argv[1]:		/home/truongxuanhieu/AntiBandwidthReconstruct/build/Benchmarks/P-can__445.mtx.rnd
[runlim] argv[2]:		--duplexNSC
[runlim] start:			Sun Sep 29 09:19:02 2024
[runlim] main pid:		7568
[runlim] log captured:
c DuplexEncoder 0.8.
c Solving strategy: from LB to UB.
c LB-w = 78 (LB in Sinnl - A note on computational approaches for the antibandwidth problem).
c UB-w = 120 (UB in Sinnl - A note on computational approaches for the antibandwidth problem).
c Antibandwidth problem with w = 78 ( P-can__445.mtx.rnd ):
c Initializing CaDiCaL (version 1.2.1).
c	Configuring CaDiCaL as --sat (1).
c Initializing a DuplexNSC encoder with n = 445.
c Encoding starts with w = 78:
c	Labels and Vertices aux var: 36490
c	Labels and Vertices constraints:  456570
c	Obj k aux var: 321290
c	Obj k constraints: 3786119
c	Obj k glue staircase constraints: 2450674
c	Encoding duration: 1s
c	Number of clauses: 4242911
c	Number of irredundant clauses: 4241329
c	Number of variables: 555805
c SAT Solving starts:
[runlim] sample:		10.0 time, 10.6 real, 690.2 MB
[runlim] sample:		20.0 time, 20.6 real, 671.8 MB
[runlim] sample:		30.0 time, 30.6 real, 694.5 MB
[runlim] sample:		40.0 time, 40.6 real, 724.0 MB
[runlim] sample:		50.0 time, 50.6 real, 733.3 MB
[runlim] sample:		60.0 time, 60.6 real, 749.8 MB
[runlim] sample:		70.0 time, 70.6 real, 741.7 MB
[runlim] sample:		80.0 time, 80.6 real, 752.4 MB
[runlim] sample:		90.0 time, 90.6 real, 786.7 MB
[runlim] sample:		100.0 time, 100.6 real, 805.0 MB
[runlim] sample:		110.0 time, 110.6 real, 776.4 MB
[runlim] sample:		120.0 time, 120.6 real, 709.7 MB
[runlim] sample:		130.0 time, 130.6 real, 743.8 MB
[runlim] sample:		140.0 time, 140.6 real, 840.6 MB
[runlim] sample:		150.0 time, 150.6 real, 888.2 MB
[runlim] sample:		160.0 time, 160.6 real, 909.0 MB
[runlim] sample:		170.0 time, 170.6 real, 958.4 MB
[runlim] sample:		180.0 time, 180.6 real, 995.2 MB
[runlim] sample:		190.0 time, 190.6 real, 945.4 MB
[runlim] sample:		200.0 time, 200.6 real, 1007.8 MB
[runlim] sample:		210.0 time, 210.6 real, 1007.6 MB
[runlim] sample:		220.0 time, 220.6 real, 1008.1 MB
[runlim] sample:		230.0 time, 230.6 real, 1083.6 MB
[runlim] sample:		240.0 time, 240.6 real, 1157.6 MB
[runlim] sample:		250.0 time, 250.6 real, 1160.0 MB
[runlim] sample:		260.0 time, 260.6 real, 1200.2 MB
[runlim] sample:		270.0 time, 270.6 real, 1132.6 MB
[runlim] sample:		280.0 time, 280.6 real, 1054.7 MB
[runlim] sample:		290.0 time, 290.6 real, 966.9 MB
[runlim] sample:		300.0 time, 300.6 real, 904.0 MB
[runlim] sample:		310.0 time, 310.6 real, 822.5 MB
[runlim] sample:		320.0 time, 320.6 real, 807.0 MB
[runlim] sample:		329.9 time, 330.6 real, 969.7 MB
[runlim] sample:		339.9 time, 340.6 real, 945.8 MB
[runlim] sample:		349.9 time, 350.6 real, 858.5 MB
[runlim] sample:		359.9 time, 360.6 real, 858.5 MB
[runlim] sample:		369.9 time, 370.6 real, 879.2 MB
[runlim] sample:		379.9 time, 380.6 real, 862.3 MB
[runlim] sample:		389.9 time, 390.6 real, 808.4 MB
[runlim] sample:		399.9 time, 400.6 real, 746.7 MB
[runlim] sample:		409.9 time, 410.6 real, 755.0 MB
[runlim] sample:		419.9 time, 420.6 real, 801.7 MB
[runlim] sample:		429.9 time, 430.6 real, 805.4 MB
[runlim] sample:		439.9 time, 440.6 real, 805.4 MB
[runlim] sample:		449.9 time, 450.6 real, 843.1 MB
[runlim] sample:		459.9 time, 460.6 real, 794.5 MB
[runlim] sample:		469.9 time, 470.6 real, 797.7 MB
[runlim] sample:		479.9 time, 480.6 real, 800.7 MB
[runlim] sample:		489.9 time, 490.6 real, 795.3 MB
[runlim] sample:		499.9 time, 500.6 real, 817.7 MB
[runlim] sample:		509.9 time, 510.6 real, 817.7 MB
[runlim] sample:		519.9 time, 520.6 real, 907.1 MB
[runlim] sample:		529.9 time, 530.6 real, 799.7 MB
[runlim] sample:		539.9 time, 540.6 real, 815.8 MB
[runlim] sample:		549.9 time, 550.6 real, 892.9 MB
[runlim] sample:		559.9 time, 560.6 real, 892.9 MB
[runlim] sample:		569.9 time, 570.6 real, 917.5 MB
[runlim] sample:		579.9 time, 580.6 real, 817.3 MB
[runlim] sample:		589.9 time, 590.6 real, 848.7 MB
[runlim] sample:		599.9 time, 600.6 real, 777.9 MB
[runlim] sample:		609.9 time, 610.6 real, 812.6 MB
[runlim] sample:		619.9 time, 620.6 real, 812.6 MB
[runlim] sample:		629.9 time, 630.6 real, 975.5 MB
[runlim] sample:		639.9 time, 640.6 real, 792.3 MB
[runlim] sample:		649.9 time, 650.6 real, 783.1 MB
[runlim] sample:		659.9 time, 660.6 real, 783.1 MB
[runlim] sample:		669.9 time, 670.6 real, 802.1 MB
[runlim] sample:		679.9 time, 680.6 real, 826.3 MB
[runlim] sample:		689.9 time, 690.6 real, 960.1 MB
[runlim] sample:		699.9 time, 700.6 real, 1103.2 MB
[runlim] sample:		709.9 time, 710.6 real, 1564.5 MB
[runlim] sample:		719.9 time, 720.6 real, 1564.8 MB
[runlim] sample:		729.9 time, 730.6 real, 1565.8 MB
[runlim] sample:		739.9 time, 740.6 real, 1566.0 MB
[runlim] sample:		749.9 time, 750.6 real, 1525.6 MB
[runlim] sample:		759.9 time, 760.6 real, 1203.1 MB
[runlim] sample:		769.9 time, 770.6 real, 1203.1 MB
[runlim] sample:		779.9 time, 780.6 real, 1141.1 MB
[runlim] sample:		789.9 time, 790.6 real, 1273.8 MB
[runlim] sample:		799.9 time, 800.6 real, 1130.4 MB
[runlim] sample:		809.9 time, 810.6 real, 1142.2 MB
[runlim] sample:		819.9 time, 820.6 real, 1127.9 MB
[runlim] sample:		829.9 time, 830.6 real, 1127.9 MB
c	Solving duration: 830499 ms
c	Answer: 
s SAT (w = 78)
AB is set to 78
Node 127 : 337
Node 361 : 415
c	Solution check:
p calculated antibandwidth = 78.
c
c
c Antibandwidth problem with w = 79 ( P-can__445.mtx.rnd ):
c Initializing CaDiCaL (version 1.2.1).
c	Configuring CaDiCaL as --sat (1).
c Initializing a DuplexNSC encoder with n = 445.
c Encoding starts with w = 79:
c	Labels and Vertices aux var: 36490
c	Labels and Vertices constraints:  456570
c	Obj k aux var: 320400
c	Obj k constraints: 3778946
c	Obj k glue staircase constraints: 2443946
c	Encoding duration: 1s
c	Number of clauses: 4235738
c	Number of irredundant clauses: 4234151
c	Number of variables: 554915
c SAT Solving starts:
[runlim] sample:		839.9 time, 840.6 real, 925.1 MB
[runlim] sample:		849.9 time, 850.6 real, 925.1 MB
[runlim] sample:		859.9 time, 860.6 real, 1073.9 MB
[runlim] sample:		869.9 time, 870.6 real, 948.3 MB
[runlim] sample:		879.9 time, 880.6 real, 1051.2 MB
[runlim] sample:		889.9 time, 890.6 real, 948.3 MB
[runlim] sample:		899.9 time, 900.6 real, 1109.5 MB
[runlim] sample:		909.9 time, 910.6 real, 948.3 MB
[runlim] sample:		919.9 time, 920.6 real, 948.3 MB
[runlim] sample:		929.9 time, 930.6 real, 1260.5 MB
[runlim] sample:		939.9 time, 940.6 real, 1154.9 MB
[runlim] sample:		949.9 time, 950.6 real, 948.3 MB
[runlim] sample:		959.9 time, 960.6 real, 948.3 MB
[runlim] sample:		969.9 time, 970.6 real, 948.3 MB
[runlim] sample:		979.9 time, 980.6 real, 948.3 MB
[runlim] sample:		989.9 time, 990.6 real, 1094.9 MB
[runlim] sample:		999.9 time, 1000.6 real, 1094.9 MB
[runlim] sample:		1009.9 time, 1010.6 real, 948.3 MB
[runlim] sample:		1019.9 time, 1020.6 real, 995.1 MB
[runlim] sample:		1029.9 time, 1030.6 real, 1114.1 MB
[runlim] sample:		1039.9 time, 1040.6 real, 1229.6 MB
[runlim] sample:		1049.9 time, 1050.6 real, 948.3 MB
[runlim] sample:		1059.9 time, 1060.6 real, 995.1 MB
[runlim] sample:		1069.9 time, 1070.6 real, 1216.6 MB
[runlim] sample:		1079.9 time, 1080.6 real, 1216.6 MB
[runlim] sample:		1089.9 time, 1090.6 real, 1321.6 MB
[runlim] sample:		1099.9 time, 1100.6 real, 1274.6 MB
[runlim] sample:		1109.9 time, 1110.6 real, 1157.4 MB
[runlim] sample:		1119.9 time, 1120.6 real, 1152.8 MB
[runlim] sample:		1129.9 time, 1130.6 real, 1152.8 MB
[runlim] sample:		1139.9 time, 1140.6 real, 1353.5 MB
[runlim] sample:		1149.9 time, 1150.6 real, 1353.5 MB
[runlim] sample:		1159.9 time, 1160.6 real, 1099.8 MB
[runlim] sample:		1169.9 time, 1170.6 real, 1143.9 MB
[runlim] sample:		1179.9 time, 1180.6 real, 1143.9 MB
[runlim] sample:		1189.9 time, 1190.6 real, 1468.3 MB
[runlim] sample:		1199.9 time, 1200.6 real, 1421.6 MB
[runlim] sample:		1209.9 time, 1210.6 real, 1210.9 MB
[runlim] sample:		1219.9 time, 1220.6 real, 1210.9 MB
[runlim] sample:		1229.9 time, 1230.6 real, 1068.0 MB
[runlim] sample:		1239.9 time, 1240.6 real, 995.4 MB
[runlim] sample:		1249.9 time, 1250.6 real, 1241.5 MB
[runlim] sample:		1259.9 time, 1260.6 real, 1241.5 MB
[runlim] sample:		1269.9 time, 1270.6 real, 1241.5 MB
[runlim] sample:		1279.9 time, 1280.6 real, 1365.4 MB
[runlim] sample:		1289.9 time, 1290.6 real, 1365.4 MB
[runlim] sample:		1299.9 time, 1300.6 real, 1365.4 MB
[runlim] sample:		1309.9 time, 1310.6 real, 1350.2 MB
[runlim] sample:		1319.9 time, 1320.6 real, 1171.5 MB
[runlim] sample:		1329.9 time, 1330.6 real, 1171.5 MB
[runlim] sample:		1339.9 time, 1340.6 real, 1637.9 MB
[runlim] sample:		1349.9 time, 1350.6 real, 1456.2 MB
[runlim] sample:		1359.9 time, 1360.6 real, 1409.2 MB
[runlim] sample:		1369.9 time, 1370.6 real, 1205.7 MB
[runlim] sample:		1379.9 time, 1380.6 real, 1118.6 MB
[runlim] sample:		1389.9 time, 1390.6 real, 1118.6 MB
[runlim] sample:		1399.8 time, 1400.6 real, 1486.1 MB
[runlim] sample:		1409.8 time, 1410.6 real, 1433.4 MB
[runlim] sample:		1419.9 time, 1420.6 real, 1178.7 MB
[runlim] sample:		1429.8 time, 1430.6 real, 1178.7 MB
[runlim] sample:		1439.8 time, 1440.6 real, 1178.7 MB
[runlim] sample:		1449.8 time, 1450.6 real, 1221.4 MB
[runlim] sample:		1459.8 time, 1460.6 real, 1092.9 MB
[runlim] sample:		1469.8 time, 1470.6 real, 1261.9 MB
[runlim] sample:		1479.8 time, 1480.6 real, 1090.8 MB
[runlim] sample:		1489.8 time, 1490.6 real, 1090.8 MB
[runlim] sample:		1499.8 time, 1500.6 real, 1073.7 MB
[runlim] sample:		1509.8 time, 1510.6 real, 1068.4 MB
[runlim] sample:		1519.8 time, 1520.6 real, 1068.4 MB
[runlim] sample:		1529.8 time, 1530.6 real, 1068.4 MB
[runlim] sample:		1539.8 time, 1540.6 real, 1068.9 MB
[runlim] sample:		1549.8 time, 1550.6 real, 1105.5 MB
[runlim] sample:		1559.8 time, 1560.6 real, 1105.5 MB
[runlim] sample:		1569.8 time, 1570.6 real, 1135.7 MB
[runlim] sample:		1579.8 time, 1580.6 real, 1135.7 MB
[runlim] sample:		1589.8 time, 1590.6 real, 1088.5 MB
[runlim] sample:		1599.8 time, 1600.6 real, 1061.7 MB
[runlim] sample:		1609.8 time, 1610.6 real, 1070.7 MB
[runlim] sample:		1619.8 time, 1620.6 real, 1061.4 MB
[runlim] sample:		1629.8 time, 1630.6 real, 1203.7 MB
[runlim] sample:		1639.8 time, 1640.6 real, 1259.9 MB
[runlim] sample:		1649.8 time, 1650.6 real, 1117.5 MB
[runlim] sample:		1659.8 time, 1660.6 real, 1063.8 MB
[runlim] sample:		1669.8 time, 1670.6 real, 1063.8 MB
[runlim] sample:		1679.8 time, 1680.6 real, 1070.2 MB
[runlim] sample:		1689.8 time, 1690.6 real, 1070.2 MB
[runlim] sample:		1699.8 time, 1700.6 real, 1070.2 MB
[runlim] sample:		1709.8 time, 1710.6 real, 1071.4 MB
[runlim] sample:		1719.8 time, 1720.6 real, 1071.4 MB
[runlim] sample:		1729.8 time, 1730.6 real, 1063.9 MB
[runlim] sample:		1739.8 time, 1740.6 real, 1063.9 MB
[runlim] sample:		1749.8 time, 1750.6 real, 1215.0 MB
[runlim] sample:		1759.8 time, 1760.6 real, 1117.1 MB
[runlim] sample:		1769.8 time, 1770.6 real, 1117.1 MB
[runlim] sample:		1779.8 time, 1780.6 real, 1117.1 MB
[runlim] sample:		1789.8 time, 1790.6 real, 1275.9 MB
c Signal interruption.
[runlim] end:			Sun Sep 29 09:49:02 2024
[runlim] status:		out of time
[runlim] result:		2
[runlim] children:		0
[runlim] real:			1800.03 seconds
[runlim] time:			1799.23 seconds
[runlim] space:			2156.3 MB
[runlim] samples:		17994
