[runlim] version:		1.10
[runlim] time limit:		1800 seconds
[runlim] real time limit:	1800 seconds
[runlim] space limit:		30000 MB
[runlim] argv[0]:		/home/truongxuanhieu/AntiBandwidthReconstruct/build/abw_enc_symbreak_max_node_hybrid_NSC_binomial
[runlim] argv[1]:		/home/truongxuanhieu/AntiBandwidthReconstruct/build/BenchmarkR/R-dwt__503.mtx.rnd
[runlim] argv[2]:		--duplexNSC
[runlim] start:			Wed Sep 25 04:57:02 2024
[runlim] main pid:		29362
[runlim] log captured:
c DuplexEncoder 0.8.
c Solving strategy: from LB to UB.
c LB-w = 46 (LB in Sinnl - A note on computational approaches for the antibandwidth problem).
c UB-w = 71 (UB in Sinnl - A note on computational approaches for the antibandwidth problem).
c Antibandwidth problem with w = 46 ( R-dwt__503.mtx.rnd ):
c Initializing CaDiCaL (version 1.2.1).
c	Configuring CaDiCaL as --sat (1).
c Initializing a DuplexNSC encoder with n = 503.
c Encoding starts with w = 46:
c	Labels and Vertices aux var: 43258
c	Labels and Vertices constraints:  597564
c	Obj k aux var: 446161
c	Obj k constraints: 6802511
c	Obj k glue staircase constraints: 4977124
c	Encoding duration: 2s
c	Number of clauses: 7400326
c	Number of irredundant clauses: 7397876
c	Number of variables: 742428
c SAT Solving starts:
c	Solving duration: 3907 ms
c	Answer: 
s SAT (w = 46)
AB is set to 293
Node 102 : 358
Node 437 : 65
AB is set to 46
Node 82 : 404
Node 102 : 358
c	Solution check:
p calculated antibandwidth = 46.
c
c
c Antibandwidth problem with w = 47 ( R-dwt__503.mtx.rnd ):
c Initializing CaDiCaL (version 1.2.1).
c	Configuring CaDiCaL as --sat (1).
c Initializing a DuplexNSC encoder with n = 503.
c Encoding starts with w = 47:
c	Labels and Vertices aux var: 43258
c	Labels and Vertices constraints:  597564
c	Obj k aux var: 445155
c	Obj k constraints: 6793475
c	Obj k glue staircase constraints: 4966076
c	Encoding duration: 1s
c	Number of clauses: 7391290
c	Number of irredundant clauses: 7388830
c	Number of variables: 741422
c SAT Solving starts:
[runlim] sample:		10.0 time, 10.7 real, 913.3 MB
c	Solving duration: 3793 ms
c	Answer: 
s SAT (w = 47)
AB is set to 403
Node 102 : 435
Node 437 : 32
AB is set to 51
Node 82 : 384
Node 102 : 435
AB is set to 47
Node 385 : 79
Node 437 : 32
c	Solution check:
p calculated antibandwidth = 47.
c
c
c Antibandwidth problem with w = 48 ( R-dwt__503.mtx.rnd ):
c Initializing CaDiCaL (version 1.2.1).
c	Configuring CaDiCaL as --sat (1).
c Initializing a DuplexNSC encoder with n = 503.
c Encoding starts with w = 48:
c	Labels and Vertices aux var: 43258
c	Labels and Vertices constraints:  597564
c	Obj k aux var: 444149
c	Obj k constraints: 6784439
c	Obj k glue staircase constraints: 4955028
c	Encoding duration: 1s
c	Number of clauses: 7382254
c	Number of irredundant clauses: 7379784
c	Number of variables: 740416
c SAT Solving starts:
c	Solving duration: 4548 ms
c	Answer: 
s SAT (w = 48)
AB is set to 293
Node 102 : 328
Node 437 : 35
AB is set to 48
Node 82 : 376
Node 102 : 328
c	Solution check:
p calculated antibandwidth = 48.
c
c
c Antibandwidth problem with w = 49 ( R-dwt__503.mtx.rnd ):
c Initializing CaDiCaL (version 1.2.1).
c	Configuring CaDiCaL as --sat (1).
c Initializing a DuplexNSC encoder with n = 503.
c Encoding starts with w = 49:
[runlim] sample:		20.0 time, 20.7 real, 835.4 MB
c	Labels and Vertices aux var: 43258
c	Labels and Vertices constraints:  597564
c	Obj k aux var: 443143
c	Obj k constraints: 6775403
c	Obj k glue staircase constraints: 4943980
c	Encoding duration: 1s
c	Number of clauses: 7373218
c	Number of irredundant clauses: 7370738
c	Number of variables: 739410
c SAT Solving starts:
c	Solving duration: 9540 ms
c	Answer: 
s SAT (w = 49)
AB is set to 197
Node 102 : 235
Node 437 : 38
AB is set to 51
Node 82 : 286
Node 102 : 235
AB is set to 49
Node 403 : 34
Node 474 : 83
c	Solution check:
p calculated antibandwidth = 49.
[runlim] sample:		30.0 time, 30.7 real, 813.5 MB
c
c
c Antibandwidth problem with w = 50 ( R-dwt__503.mtx.rnd ):
c Initializing CaDiCaL (version 1.2.1).
c	Configuring CaDiCaL as --sat (1).
c Initializing a DuplexNSC encoder with n = 503.
c Encoding starts with w = 50:
c	Labels and Vertices aux var: 43258
c	Labels and Vertices constraints:  597564
c	Obj k aux var: 442137
c	Obj k constraints: 6766367
c	Obj k glue staircase constraints: 4932932
c	Encoding duration: 1s
c	Number of clauses: 7364182
c	Number of irredundant clauses: 7361693
c	Number of variables: 738404
c SAT Solving starts:
c	Solving duration: 3428 ms
c	Answer: 
s SAT (w = 50)
AB is set to 244
Node 102 : 290
Node 437 : 46
AB is set to 50
Node 82 : 340
Node 102 : 290
c	Solution check:
p calculated antibandwidth = 50.
c
c
c Antibandwidth problem with w = 51 ( R-dwt__503.mtx.rnd ):
c Initializing CaDiCaL (version 1.2.1).
c	Configuring CaDiCaL as --sat (1).
c Initializing a DuplexNSC encoder with n = 503.
c Encoding starts with w = 51:
c	Labels and Vertices aux var: 43258
c	Labels and Vertices constraints:  592534
c	Obj k aux var: 442640
c	Obj k constraints: 6743988
c	Obj k glue staircase constraints: 4930170
c	Encoding duration: 1s
c	Number of clauses: 7336773
c	Number of irredundant clauses: 7334324
c	Number of variables: 738907
c SAT Solving starts:
[runlim] sample:		40.0 time, 40.7 real, 1012.5 MB
c	Solving duration: 9662 ms
c	Answer: 
s SAT (w = 51)
AB is set to 96
Node 102 : 306
Node 437 : 210
AB is set to 62
Node 82 : 368
Node 102 : 306
AB is set to 56
Node 344 : 187
Node 469 : 131
AB is set to 51
Node 442 : 127
Node 474 : 76
c	Solution check:
p calculated antibandwidth = 51.
c
c
c Antibandwidth problem with w = 52 ( R-dwt__503.mtx.rnd ):
c Initializing CaDiCaL (version 1.2.1).
c	Configuring CaDiCaL as --sat (1).
c Initializing a DuplexNSC encoder with n = 503.
c Encoding starts with w = 52:
c	Labels and Vertices aux var: 43258
c	Labels and Vertices constraints:  592534
c	Obj k aux var: 441634
c	Obj k constraints: 6734449
c	Obj k glue staircase constraints: 4919122
c	Encoding duration: 1s
c	Number of clauses: 7327234
c	Number of irredundant clauses: 7324776
c	Number of variables: 737901
c SAT Solving starts:
[runlim] sample:		50.0 time, 50.7 real, 839.3 MB
c	Solving duration: 10265 ms
c	Answer: 
s SAT (w = 52)
AB is set to 299
Node 102 : 337
Node 437 : 38
AB is set to 52
Node 82 : 285
Node 102 : 337
c	Solution check:
p calculated antibandwidth = 52.
c
c
c Antibandwidth problem with w = 53 ( R-dwt__503.mtx.rnd ):
c Initializing CaDiCaL (version 1.2.1).
c	Configuring CaDiCaL as --sat (1).
c Initializing a DuplexNSC encoder with n = 503.
c Encoding starts with w = 53:
[runlim] sample:		60.0 time, 60.7 real, 799.4 MB
c	Labels and Vertices aux var: 43258
c	Labels and Vertices constraints:  592534
c	Obj k aux var: 440628
c	Obj k constraints: 6724910
c	Obj k glue staircase constraints: 4908074
c	Encoding duration: 1s
c	Number of clauses: 7317695
c	Number of irredundant clauses: 7315228
c	Number of variables: 736895
c SAT Solving starts:
c	Solving duration: 4030 ms
c	Answer: 
s SAT (w = 53)
AB is set to 378
Node 102 : 422
Node 437 : 44
AB is set to 109
Node 82 : 313
Node 102 : 422
AB is set to 53
Node 4 : 475
Node 102 : 422
c	Solution check:
p calculated antibandwidth = 53.
c
c
c Antibandwidth problem with w = 54 ( R-dwt__503.mtx.rnd ):
c Initializing CaDiCaL (version 1.2.1).
c	Configuring CaDiCaL as --sat (1).
c Initializing a DuplexNSC encoder with n = 503.
c Encoding starts with w = 54:
c	Labels and Vertices aux var: 43258
c	Labels and Vertices constraints:  592534
c	Obj k aux var: 439622
c	Obj k constraints: 6715371
c	Obj k glue staircase constraints: 4897026
c	Encoding duration: 1s
c	Number of clauses: 7308156
c	Number of irredundant clauses: 7305680
c	Number of variables: 735889
c SAT Solving starts:
[runlim] sample:		70.0 time, 70.7 real, 1081.8 MB
c	Solving duration: 10698 ms
c	Answer: 
s SAT (w = 54)
AB is set to 272
Node 102 : 294
Node 437 : 22
AB is set to 55
Node 82 : 349
Node 102 : 294
AB is set to 54
Node 385 : 76
Node 437 : 22
c	Solution check:
p calculated antibandwidth = 54.
c
c
c Antibandwidth problem with w = 55 ( R-dwt__503.mtx.rnd ):
c Initializing CaDiCaL (version 1.2.1).
c	Configuring CaDiCaL as --sat (1).
c Initializing a DuplexNSC encoder with n = 503.
c Encoding starts with w = 55:
c	Labels and Vertices aux var: 43258
c	Labels and Vertices constraints:  592534
c	Obj k aux var: 438616
c	Obj k constraints: 6705832
c	Obj k glue staircase constraints: 4885978
c	Encoding duration: 1s
c	Number of clauses: 7298617
c	Number of irredundant clauses: 7296132
c	Number of variables: 734883
c SAT Solving starts:
[runlim] sample:		80.0 time, 80.7 real, 854.6 MB
[runlim] sample:		90.0 time, 90.7 real, 1031.5 MB
c	Solving duration: 10884 ms
c	Answer: 
s SAT (w = 55)
AB is set to 290
Node 102 : 331
Node 437 : 41
AB is set to 214
Node 82 : 117
Node 102 : 331
AB is set to 96
Node 102 : 331
Node 385 : 427
AB is set to 57
Node 4 : 274
Node 102 : 331
AB is set to 55
Node 344 : 51
Node 469 : 106
c	Solution check:
p calculated antibandwidth = 55.
c
c
c Antibandwidth problem with w = 56 ( R-dwt__503.mtx.rnd ):
c Initializing CaDiCaL (version 1.2.1).
c	Configuring CaDiCaL as --sat (1).
c Initializing a DuplexNSC encoder with n = 503.
c Encoding starts with w = 56:
c	Labels and Vertices aux var: 43258
c	Labels and Vertices constraints:  588007
c	Obj k aux var: 438616
c	Obj k constraints: 6680435
c	Obj k glue staircase constraints: 4883216
c	Encoding duration: 1s
c	Number of clauses: 7268693
c	Number of irredundant clauses: 7265448
c	Number of variables: 734883
c SAT Solving starts:
[runlim] sample:		100.0 time, 100.7 real, 1021.7 MB
[runlim] sample:		110.0 time, 110.7 real, 1021.8 MB
[runlim] sample:		120.0 time, 120.7 real, 1022.2 MB
[runlim] sample:		130.0 time, 130.7 real, 1025.8 MB
[runlim] sample:		140.0 time, 140.7 real, 985.7 MB
[runlim] sample:		150.0 time, 150.7 real, 1026.6 MB
[runlim] sample:		160.0 time, 160.7 real, 1310.8 MB
[runlim] sample:		170.0 time, 170.7 real, 1129.8 MB
c	Solving duration: 87037 ms
c	Answer: 
s SAT (w = 56)
AB is set to 62
Node 102 : 285
Node 437 : 347
AB is set to 58
Node 344 : 283
Node 469 : 225
AB is set to 56
Node 136 : 216
Node 403 : 272
c	Solution check:
p calculated antibandwidth = 56.
[runlim] sample:		180.0 time, 180.7 real, 800.7 MB
c
c
c Antibandwidth problem with w = 57 ( R-dwt__503.mtx.rnd ):
c Initializing CaDiCaL (version 1.2.1).
c	Configuring CaDiCaL as --sat (1).
c Initializing a DuplexNSC encoder with n = 503.
c Encoding starts with w = 57:
c	Labels and Vertices aux var: 43258
c	Labels and Vertices constraints:  588007
c	Obj k aux var: 438113
c	Obj k constraints: 6670393
c	Obj k glue staircase constraints: 4872168
c	Encoding duration: 1s
c	Number of clauses: 7258651
c	Number of irredundant clauses: 7256402
c	Number of variables: 734380
c SAT Solving starts:
[runlim] sample:		190.0 time, 190.7 real, 1020.2 MB
[runlim] sample:		200.0 time, 200.7 real, 1104.9 MB
[runlim] sample:		210.0 time, 210.7 real, 1010.8 MB
[runlim] sample:		220.0 time, 220.7 real, 1026.5 MB
[runlim] sample:		230.0 time, 230.7 real, 1027.1 MB
[runlim] sample:		240.0 time, 240.7 real, 1031.5 MB
[runlim] sample:		249.9 time, 250.7 real, 1028.4 MB
c	Solving duration: 77676 ms
c	Answer: 
s SAT (w = 57)
AB is set to 260
Node 102 : 330
Node 437 : 70
AB is set to 131
Node 82 : 461
Node 102 : 330
AB is set to 122
Node 102 : 330
Node 385 : 208
AB is set to 74
Node 4 : 404
Node 102 : 330
AB is set to 62
Node 3 : 270
Node 385 : 208
AB is set to 57
Node 344 : 405
Node 469 : 348
c	Solution check:
p calculated antibandwidth = 57.
c
c
c Antibandwidth problem with w = 58 ( R-dwt__503.mtx.rnd ):
c Initializing CaDiCaL (version 1.2.1).
c	Configuring CaDiCaL as --sat (1).
c Initializing a DuplexNSC encoder with n = 503.
c Encoding starts with w = 58:
[runlim] sample:		260.0 time, 260.7 real, 795.7 MB
c	Labels and Vertices aux var: 43258
c	Labels and Vertices constraints:  588007
c	Obj k aux var: 437107
c	Obj k constraints: 6660351
c	Obj k glue staircase constraints: 4861120
c	Encoding duration: 1s
c	Number of clauses: 7248609
c	Number of irredundant clauses: 7246352
c	Number of variables: 733374
c SAT Solving starts:
[runlim] sample:		269.9 time, 270.7 real, 1018.6 MB
[runlim] sample:		279.9 time, 280.7 real, 1020.4 MB
c	Solving duration: 18937 ms
c	Answer: 
s SAT (w = 58)
AB is set to 307
Node 102 : 452
Node 437 : 145
AB is set to 166
Node 82 : 286
Node 102 : 452
AB is set to 62
Node 102 : 452
Node 385 : 390
AB is set to 58
Node 136 : 449
Node 157 : 391
c	Solution check:
p calculated antibandwidth = 58.
c
c
c Antibandwidth problem with w = 59 ( R-dwt__503.mtx.rnd ):
c Initializing CaDiCaL (version 1.2.1).
c	Configuring CaDiCaL as --sat (1).
c Initializing a DuplexNSC encoder with n = 503.
c Encoding starts with w = 59:
c	Labels and Vertices aux var: 43258
c	Labels and Vertices constraints:  588007
c	Obj k aux var: 436101
c	Obj k constraints: 6650309
c	Obj k glue staircase constraints: 4850072
c	Encoding duration: 1s
c	Number of clauses: 7238567
c	Number of irredundant clauses: 7236302
c	Number of variables: 732368
c SAT Solving starts:
[runlim] sample:		289.9 time, 290.7 real, 1029.5 MB
[runlim] sample:		299.9 time, 300.7 real, 1029.5 MB
[runlim] sample:		309.9 time, 310.7 real, 1035.1 MB
[runlim] sample:		319.9 time, 320.7 real, 1036.6 MB
[runlim] sample:		329.9 time, 330.7 real, 1036.4 MB
[runlim] sample:		339.9 time, 340.7 real, 1036.5 MB
[runlim] sample:		349.9 time, 350.7 real, 1044.5 MB
[runlim] sample:		359.9 time, 360.7 real, 1216.7 MB
[runlim] sample:		369.9 time, 370.7 real, 1046.6 MB
c	Solving duration: 95257 ms
c	Answer: 
s SAT (w = 59)
AB is set to 190
Node 102 : 40
Node 437 : 230
AB is set to 74
Node 102 : 40
Node 385 : 114
AB is set to 61
Node 102 : 40
Node 345 : 101
AB is set to 59
Node 9 : 388
Node 490 : 447
c	Solution check:
p calculated antibandwidth = 59.
c
c
c Antibandwidth problem with w = 60 ( R-dwt__503.mtx.rnd ):
c Initializing CaDiCaL (version 1.2.1).
c	Configuring CaDiCaL as --sat (1).
c Initializing a DuplexNSC encoder with n = 503.
c Encoding starts with w = 60:
c	Labels and Vertices aux var: 43258
c	Labels and Vertices constraints:  588007
c	Obj k aux var: 435095
c	Obj k constraints: 6640267
c	Obj k glue staircase constraints: 4839024
c	Encoding duration: 1s
c	Number of clauses: 7228525
c	Number of irredundant clauses: 7226252
c	Number of variables: 731362
c SAT Solving starts:
[runlim] sample:		379.9 time, 380.7 real, 810.3 MB
[runlim] sample:		389.9 time, 390.7 real, 1016.7 MB
[runlim] sample:		399.9 time, 400.7 real, 1016.9 MB
[runlim] sample:		409.9 time, 410.7 real, 1006.1 MB
[runlim] sample:		419.9 time, 420.7 real, 1023.8 MB
[runlim] sample:		429.9 time, 430.7 real, 1007.2 MB
[runlim] sample:		439.9 time, 440.7 real, 1032.9 MB
[runlim] sample:		449.9 time, 450.7 real, 1030.7 MB
[runlim] sample:		459.9 time, 460.7 real, 1204.3 MB
[runlim] sample:		469.9 time, 470.7 real, 1015.9 MB
[runlim] sample:		479.9 time, 480.7 real, 1025.8 MB
[runlim] sample:		489.9 time, 490.7 real, 1031.5 MB
[runlim] sample:		499.9 time, 500.7 real, 1028.1 MB
[runlim] sample:		509.9 time, 510.7 real, 1188.7 MB
[runlim] sample:		519.9 time, 520.7 real, 1022.2 MB
[runlim] sample:		529.9 time, 530.7 real, 1042.6 MB
[runlim] sample:		539.9 time, 540.7 real, 1038.2 MB
c	Solving duration: 167273 ms
c	Answer: 
s SAT (w = 60)
AB is set to 346
Node 102 : 407
Node 437 : 61
AB is set to 61
Node 82 : 468
Node 102 : 407
AB is set to 60
Node 4 : 84
Node 449 : 24
c	Solution check:
p calculated antibandwidth = 60.
c
c
c Antibandwidth problem with w = 61 ( R-dwt__503.mtx.rnd ):
c Initializing CaDiCaL (version 1.2.1).
c	Configuring CaDiCaL as --sat (1).
c Initializing a DuplexNSC encoder with n = 503.
c Encoding starts with w = 61:
c	Labels and Vertices aux var: 43258
c	Labels and Vertices constraints:  588007
c	Obj k aux var: 434089
c	Obj k constraints: 6630225
c	Obj k glue staircase constraints: 4827976
c	Encoding duration: 1s
c	Number of clauses: 7218483
c	Number of irredundant clauses: 7216202
c	Number of variables: 730356
c SAT Solving starts:
[runlim] sample:		549.9 time, 550.7 real, 807.5 MB
[runlim] sample:		559.9 time, 560.7 real, 1011.8 MB
[runlim] sample:		569.9 time, 570.7 real, 1012.9 MB
[runlim] sample:		579.9 time, 580.7 real, 1023.6 MB
[runlim] sample:		589.9 time, 590.7 real, 1026.3 MB
c	Solving duration: 50673 ms
c	Answer: 
s SAT (w = 61)
AB is set to 67
Node 102 : 210
Node 437 : 277
AB is set to 63
Node 254 : 111
Node 469 : 174
AB is set to 62
Node 251 : 394
Node 344 : 456
AB is set to 61
Node 199 : 333
Node 251 : 394
c	Solution check:
p calculated antibandwidth = 61.
c
c
c Antibandwidth problem with w = 62 ( R-dwt__503.mtx.rnd ):
c Initializing CaDiCaL (version 1.2.1).
c	Configuring CaDiCaL as --sat (1).
c Initializing a DuplexNSC encoder with n = 503.
c Encoding starts with w = 62:
[runlim] sample:		599.9 time, 600.7 real, 774.5 MB
c	Labels and Vertices aux var: 43258
c	Labels and Vertices constraints:  588007
c	Obj k aux var: 433083
c	Obj k constraints: 6620183
c	Obj k glue staircase constraints: 4816928
c	Encoding duration: 1s
c	Number of clauses: 7208441
c	Number of irredundant clauses: 7206152
c	Number of variables: 729350
c SAT Solving starts:
[runlim] sample:		609.9 time, 610.7 real, 1010.4 MB
[runlim] sample:		619.9 time, 620.7 real, 1010.9 MB
[runlim] sample:		629.9 time, 630.7 real, 1018.0 MB
[runlim] sample:		639.9 time, 640.7 real, 1019.1 MB
[runlim] sample:		649.9 time, 650.7 real, 1000.4 MB
[runlim] sample:		659.9 time, 660.7 real, 1017.3 MB
[runlim] sample:		669.9 time, 670.7 real, 1038.7 MB
[runlim] sample:		679.9 time, 680.7 real, 976.9 MB
[runlim] sample:		689.9 time, 690.7 real, 1005.6 MB
[runlim] sample:		699.9 time, 700.7 real, 1026.1 MB
[runlim] sample:		709.9 time, 710.7 real, 1025.7 MB
[runlim] sample:		719.9 time, 720.7 real, 1040.7 MB
[runlim] sample:		729.9 time, 730.7 real, 980.6 MB
[runlim] sample:		739.9 time, 740.7 real, 986.4 MB
[runlim] sample:		749.9 time, 750.7 real, 1036.1 MB
[runlim] sample:		759.9 time, 760.7 real, 1030.6 MB
[runlim] sample:		769.9 time, 770.7 real, 1030.5 MB
[runlim] sample:		779.9 time, 780.7 real, 1030.5 MB
[runlim] sample:		789.9 time, 790.7 real, 1418.6 MB
[runlim] sample:		799.9 time, 800.7 real, 1045.0 MB
c	Solving duration: 203710 ms
c	Answer: 
s SAT (w = 62)
AB is set to 266
Node 102 : 125
Node 437 : 391
AB is set to 151
Node 82 : 276
Node 102 : 125
AB is set to 88
Node 102 : 125
Node 345 : 37
AB is set to 62
Node 385 : 453
Node 437 : 391
c	Solution check:
p calculated antibandwidth = 62.
c
c
c Antibandwidth problem with w = 63 ( R-dwt__503.mtx.rnd ):
c Initializing CaDiCaL (version 1.2.1).
c	Configuring CaDiCaL as --sat (1).
c Initializing a DuplexNSC encoder with n = 503.
c Encoding starts with w = 63:
c	Labels and Vertices aux var: 43258
c	Labels and Vertices constraints:  583983
c	Obj k aux var: 433083
c	Obj k constraints: 6590762
c	Obj k glue staircase constraints: 4814166
c	Encoding duration: 1s
c	Number of clauses: 7174996
c	Number of irredundant clauses: 7171857
c	Number of variables: 729350
c SAT Solving starts:
[runlim] sample:		809.9 time, 810.7 real, 1018.7 MB
[runlim] sample:		819.9 time, 820.7 real, 1025.3 MB
[runlim] sample:		829.9 time, 830.7 real, 1235.7 MB
[runlim] sample:		839.9 time, 840.7 real, 996.4 MB
[runlim] sample:		849.9 time, 850.7 real, 996.8 MB
[runlim] sample:		859.9 time, 860.7 real, 1183.7 MB
[runlim] sample:		869.9 time, 870.7 real, 1018.5 MB
[runlim] sample:		879.9 time, 880.7 real, 1019.0 MB
[runlim] sample:		889.9 time, 890.7 real, 982.3 MB
[runlim] sample:		899.9 time, 900.7 real, 976.4 MB
[runlim] sample:		909.9 time, 910.7 real, 1020.0 MB
[runlim] sample:		919.9 time, 920.7 real, 1021.0 MB
[runlim] sample:		929.9 time, 930.7 real, 1021.9 MB
[runlim] sample:		939.9 time, 940.7 real, 1020.6 MB
[runlim] sample:		949.9 time, 950.7 real, 933.0 MB
[runlim] sample:		959.9 time, 960.7 real, 977.6 MB
[runlim] sample:		969.9 time, 970.7 real, 981.3 MB
[runlim] sample:		979.9 time, 980.7 real, 978.1 MB
[runlim] sample:		989.9 time, 990.7 real, 979.6 MB
[runlim] sample:		999.9 time, 1000.7 real, 979.5 MB
[runlim] sample:		1009.9 time, 1010.7 real, 980.3 MB
[runlim] sample:		1019.9 time, 1020.7 real, 980.8 MB
[runlim] sample:		1029.9 time, 1030.7 real, 980.3 MB
[runlim] sample:		1039.9 time, 1040.7 real, 1048.8 MB
[runlim] sample:		1049.9 time, 1050.7 real, 979.8 MB
[runlim] sample:		1059.9 time, 1060.7 real, 980.5 MB
[runlim] sample:		1069.8 time, 1070.7 real, 982.3 MB
[runlim] sample:		1079.8 time, 1080.7 real, 978.3 MB
[runlim] sample:		1089.8 time, 1090.7 real, 1051.1 MB
[runlim] sample:		1099.8 time, 1100.7 real, 1150.9 MB
[runlim] sample:		1109.8 time, 1110.7 real, 1023.4 MB
[runlim] sample:		1119.9 time, 1120.7 real, 983.4 MB
[runlim] sample:		1129.8 time, 1130.7 real, 986.4 MB
[runlim] sample:		1139.8 time, 1140.7 real, 992.5 MB
[runlim] sample:		1149.8 time, 1150.7 real, 1021.6 MB
[runlim] sample:		1159.8 time, 1160.7 real, 1261.6 MB
[runlim] sample:		1169.8 time, 1170.7 real, 1203.2 MB
[runlim] sample:		1179.8 time, 1180.7 real, 1057.5 MB
[runlim] sample:		1189.8 time, 1190.7 real, 1110.8 MB
[runlim] sample:		1199.8 time, 1200.7 real, 1112.7 MB
[runlim] sample:		1209.8 time, 1210.7 real, 1130.6 MB
[runlim] sample:		1219.8 time, 1220.7 real, 1130.5 MB
[runlim] sample:		1229.8 time, 1230.7 real, 1119.0 MB
[runlim] sample:		1239.8 time, 1240.7 real, 1120.4 MB
[runlim] sample:		1249.8 time, 1250.7 real, 1122.7 MB
[runlim] sample:		1259.8 time, 1260.7 real, 1090.8 MB
[runlim] sample:		1269.8 time, 1270.7 real, 1122.6 MB
[runlim] sample:		1279.8 time, 1280.7 real, 1316.6 MB
[runlim] sample:		1289.8 time, 1290.7 real, 1119.7 MB
[runlim] sample:		1299.8 time, 1300.7 real, 1141.1 MB
[runlim] sample:		1309.8 time, 1310.7 real, 1126.5 MB
[runlim] sample:		1319.8 time, 1320.7 real, 1120.6 MB
[runlim] sample:		1329.8 time, 1330.7 real, 1126.4 MB
[runlim] sample:		1339.8 time, 1340.7 real, 1392.3 MB
[runlim] sample:		1349.8 time, 1350.7 real, 1131.2 MB
[runlim] sample:		1359.8 time, 1360.7 real, 1131.2 MB
[runlim] sample:		1369.8 time, 1370.7 real, 1141.3 MB
[runlim] sample:		1379.8 time, 1380.7 real, 1127.6 MB
[runlim] sample:		1389.8 time, 1390.7 real, 1138.7 MB
[runlim] sample:		1399.8 time, 1400.7 real, 1138.7 MB
[runlim] sample:		1409.8 time, 1410.7 real, 1392.1 MB
[runlim] sample:		1419.8 time, 1420.7 real, 1124.9 MB
[runlim] sample:		1429.8 time, 1430.7 real, 1127.4 MB
[runlim] sample:		1439.8 time, 1440.7 real, 1127.4 MB
[runlim] sample:		1449.8 time, 1450.7 real, 1128.1 MB
[runlim] sample:		1459.8 time, 1460.7 real, 1134.1 MB
[runlim] sample:		1469.8 time, 1470.7 real, 1131.1 MB
[runlim] sample:		1479.8 time, 1480.7 real, 1131.1 MB
[runlim] sample:		1489.8 time, 1490.7 real, 1145.3 MB
[runlim] sample:		1499.8 time, 1500.7 real, 1145.3 MB
[runlim] sample:		1509.8 time, 1510.7 real, 1139.6 MB
c	Solving duration: 711427 ms
c	Answer: 
s SAT (w = 63)
AB is set to 102
Node 102 : 386
Node 437 : 284
AB is set to 91
Node 82 : 193
Node 437 : 284
AB is set to 66
Node 3 : 37
Node 385 : 103
AB is set to 64
Node 199 : 382
Node 469 : 318
AB is set to 63
Node 199 : 382
Node 251 : 319
c	Solution check:
p calculated antibandwidth = 63.
c
c
c Antibandwidth problem with w = 64 ( R-dwt__503.mtx.rnd ):
c Initializing CaDiCaL (version 1.2.1).
c	Configuring CaDiCaL as --sat (1).
c Initializing a DuplexNSC encoder with n = 503.
c Encoding starts with w = 64:
c	Labels and Vertices aux var: 43258
c	Labels and Vertices constraints:  583983
c	Obj k aux var: 432580
c	Obj k constraints: 6580217
c	Obj k glue staircase constraints: 4803118
c	Encoding duration: 1s
c	Number of clauses: 7164451
c	Number of irredundant clauses: 7162210
c	Number of variables: 728847
c SAT Solving starts:
[runlim] sample:		1519.8 time, 1520.7 real, 813.2 MB
[runlim] sample:		1529.8 time, 1530.7 real, 1167.3 MB
[runlim] sample:		1539.8 time, 1540.7 real, 1018.1 MB
[runlim] sample:		1549.8 time, 1550.7 real, 1021.4 MB
[runlim] sample:		1559.8 time, 1560.7 real, 1018.2 MB
[runlim] sample:		1569.8 time, 1570.7 real, 1019.2 MB
[runlim] sample:		1579.8 time, 1580.7 real, 978.0 MB
[runlim] sample:		1589.8 time, 1590.7 real, 977.3 MB
[runlim] sample:		1599.8 time, 1600.7 real, 977.6 MB
[runlim] sample:		1609.8 time, 1610.7 real, 978.4 MB
[runlim] sample:		1619.8 time, 1620.7 real, 978.6 MB
[runlim] sample:		1629.8 time, 1630.7 real, 980.1 MB
[runlim] sample:		1639.8 time, 1640.7 real, 971.4 MB
[runlim] sample:		1649.8 time, 1650.7 real, 970.4 MB
[runlim] sample:		1659.8 time, 1660.7 real, 1140.6 MB
[runlim] sample:		1669.8 time, 1670.7 real, 970.5 MB
[runlim] sample:		1679.8 time, 1680.7 real, 970.5 MB
[runlim] sample:		1689.8 time, 1690.7 real, 976.8 MB
[runlim] sample:		1699.8 time, 1700.7 real, 972.3 MB
[runlim] sample:		1709.8 time, 1710.7 real, 982.3 MB
[runlim] sample:		1719.8 time, 1720.7 real, 973.1 MB
[runlim] sample:		1729.8 time, 1730.7 real, 976.8 MB
[runlim] sample:		1739.8 time, 1740.7 real, 974.6 MB
[runlim] sample:		1749.8 time, 1750.7 real, 992.5 MB
[runlim] sample:		1759.8 time, 1760.7 real, 974.9 MB
[runlim] sample:		1769.8 time, 1770.7 real, 973.4 MB
[runlim] sample:		1779.8 time, 1780.7 real, 975.2 MB
[runlim] sample:		1789.8 time, 1790.7 real, 1016.0 MB
c Signal interruption.
[runlim] end:			Wed Sep 25 05:27:02 2024
[runlim] status:		out of time
[runlim] result:		2
[runlim] children:		0
[runlim] real:			1800.06 seconds
[runlim] time:			1799.12 seconds
[runlim] space:			1473.8 MB
[runlim] samples:		17993
