[runlim] version:		1.10
[runlim] time limit:		3600 seconds
[runlim] real time limit:	3600 seconds
[runlim] space limit:		30000 MB
[runlim] argv[0]:		./abw_enc_symbreak_max_node
[runlim] argv[1]:		./Benchmarks/S-sherman4.mtx.rnd
[runlim] argv[2]:		--duplexNSC
[runlim] argv[3]:		-set-lb
[runlim] argv[4]:		137
[runlim] argv[5]:		-set-ub
[runlim] argv[6]:		150
[runlim] start:			Thu Aug 22 08:41:48 2024
[runlim] main pid:		4625
[runlim] log captured:
c DuplexEncoder 0.8.
c LB is predefined as 137.
c UB is predefined as 150.
c Solving strategy: from LB to UB.
c LB-w = 256 (LB in Sinnl - A note on computational approaches for the antibandwidth problem).
c UB-w = 272 (UB in Sinnl - A note on computational approaches for the antibandwidth problem).
c LB 256 is overwritten with 137.
c UB 272 is overwritten with 150.
c Antibandwidth problem with w = 137 ( S-sherman4.mtx.rnd ):
c Initializing CaDiCaL (version 1.2.1).
c	Configuring CaDiCaL as --sat (1).
c Initializing a DuplexNSC encoder with n = 546.
c Encoding starts with w = 137:
c	Labels and Vertices aux var: 49140
c	Labels and Vertices constraints:  672126
c	Obj k aux var: 443352
c	Obj k constraints: 4038657
c	Obj k glue staircase constraints: 2187171
c	Encoding duration: 1s
c	Number of clauses: 4711056
c	Number of irredundant clauses: 4709474
c	Number of variables: 790608
c SAT Solving starts:
[runlim] sample:		10.0 time, 10.5 real, 914.2 MB
[runlim] sample:		20.0 time, 20.5 real, 771.6 MB
[runlim] sample:		30.0 time, 30.5 real, 753.4 MB
c	Solving duration: 30277 ms
c	Answer: 
s SAT (w = 137)
c	Solution check:
p calculated antibandwidth = 137.
c
c
c Antibandwidth problem with w = 138 ( S-sherman4.mtx.rnd ):
c Initializing CaDiCaL (version 1.2.1).
c	Configuring CaDiCaL as --sat (1).
c Initializing a DuplexNSC encoder with n = 546.
c Encoding starts with w = 138:
c	Labels and Vertices aux var: 49140
c	Labels and Vertices constraints:  672126
c	Obj k aux var: 444444
c	Obj k constraints: 4036023
c	Obj k glue staircase constraints: 2181807
c	Encoding duration: 1s
c	Number of clauses: 4708422
c	Number of irredundant clauses: 4706836
c	Number of variables: 791700
c SAT Solving starts:
[runlim] sample:		40.0 time, 40.5 real, 811.0 MB
[runlim] sample:		50.0 time, 50.5 real, 923.5 MB
[runlim] sample:		60.0 time, 60.5 real, 834.7 MB
[runlim] sample:		70.0 time, 70.5 real, 833.6 MB
[runlim] sample:		80.0 time, 80.5 real, 774.4 MB
[runlim] sample:		90.0 time, 90.5 real, 796.5 MB
[runlim] sample:		100.0 time, 100.5 real, 810.6 MB
[runlim] sample:		110.0 time, 110.5 real, 890.6 MB
[runlim] sample:		120.0 time, 120.5 real, 886.3 MB
[runlim] sample:		130.0 time, 130.5 real, 886.3 MB
[runlim] sample:		140.0 time, 140.5 real, 904.3 MB
[runlim] sample:		150.0 time, 150.5 real, 878.0 MB
[runlim] sample:		160.0 time, 160.5 real, 942.4 MB
[runlim] sample:		170.0 time, 170.5 real, 832.2 MB
c	Solving duration: 137922 ms
c	Answer: 
s SAT (w = 138)
c	Solution check:
p calculated antibandwidth = 138.
c
c
c Antibandwidth problem with w = 139 ( S-sherman4.mtx.rnd ):
c Initializing CaDiCaL (version 1.2.1).
c	Configuring CaDiCaL as --sat (1).
c Initializing a DuplexNSC encoder with n = 546.
c Encoding starts with w = 139:
c	Labels and Vertices aux var: 49140
c	Labels and Vertices constraints:  672126
c	Obj k aux var: 445536
c	Obj k constraints: 4033389
c	Obj k glue staircase constraints: 2176443
c	Encoding duration: 1s
c	Number of clauses: 4705788
c	Number of irredundant clauses: 4704199
c	Number of variables: 792792
c SAT Solving starts:
[runlim] sample:		180.0 time, 180.5 real, 838.4 MB
[runlim] sample:		190.0 time, 190.5 real, 838.5 MB
[runlim] sample:		200.0 time, 200.5 real, 854.7 MB
[runlim] sample:		209.9 time, 210.5 real, 878.9 MB
[runlim] sample:		219.9 time, 220.5 real, 916.6 MB
[runlim] sample:		229.9 time, 230.5 real, 885.0 MB
[runlim] sample:		239.9 time, 240.5 real, 905.4 MB
[runlim] sample:		249.9 time, 250.5 real, 950.1 MB
[runlim] sample:		259.9 time, 260.5 real, 841.9 MB
[runlim] sample:		269.9 time, 270.5 real, 852.8 MB
[runlim] sample:		279.9 time, 280.5 real, 819.4 MB
[runlim] sample:		289.9 time, 290.5 real, 821.6 MB
[runlim] sample:		299.9 time, 300.5 real, 861.6 MB
[runlim] sample:		309.9 time, 310.5 real, 819.0 MB
[runlim] sample:		319.9 time, 320.5 real, 819.0 MB
[runlim] sample:		329.9 time, 330.5 real, 932.2 MB
[runlim] sample:		339.9 time, 340.5 real, 991.0 MB
[runlim] sample:		349.9 time, 350.5 real, 1204.9 MB
[runlim] sample:		359.9 time, 360.5 real, 1045.8 MB
c	Solving duration: 193493 ms
c	Answer: 
s SAT (w = 139)
c	Solution check:
p calculated antibandwidth = 139.
c
c
c Antibandwidth problem with w = 140 ( S-sherman4.mtx.rnd ):
c Initializing CaDiCaL (version 1.2.1).
c	Configuring CaDiCaL as --sat (1).
c Initializing a DuplexNSC encoder with n = 546.
c Encoding starts with w = 140:
c	Labels and Vertices aux var: 49140
c	Labels and Vertices constraints:  672126
c	Obj k aux var: 446628
c	Obj k constraints: 4030755
c	Obj k glue staircase constraints: 2171079
c	Encoding duration: 1s
c	Number of clauses: 4703154
c	Number of irredundant clauses: 4701562
c	Number of variables: 793884
c SAT Solving starts:
[runlim] sample:		369.9 time, 370.5 real, 934.3 MB
[runlim] sample:		379.9 time, 380.5 real, 969.1 MB
[runlim] sample:		389.9 time, 390.5 real, 965.5 MB
[runlim] sample:		399.9 time, 400.5 real, 1093.8 MB
[runlim] sample:		409.9 time, 410.5 real, 904.4 MB
[runlim] sample:		419.9 time, 420.5 real, 944.3 MB
[runlim] sample:		429.9 time, 430.5 real, 905.6 MB
[runlim] sample:		439.9 time, 440.5 real, 971.6 MB
[runlim] sample:		449.9 time, 450.5 real, 1011.6 MB
[runlim] sample:		459.9 time, 460.5 real, 941.8 MB
[runlim] sample:		469.9 time, 470.5 real, 941.3 MB
[runlim] sample:		479.9 time, 480.5 real, 922.6 MB
[runlim] sample:		489.9 time, 490.5 real, 986.9 MB
[runlim] sample:		499.9 time, 500.5 real, 1027.0 MB
[runlim] sample:		509.9 time, 510.5 real, 978.0 MB
[runlim] sample:		519.9 time, 520.5 real, 978.8 MB
[runlim] sample:		529.9 time, 530.5 real, 1032.3 MB
[runlim] sample:		539.9 time, 540.5 real, 1032.3 MB
[runlim] sample:		549.9 time, 550.5 real, 959.3 MB
[runlim] sample:		559.9 time, 560.5 real, 913.3 MB
c	Solving duration: 192446 ms
c	Answer: 
s SAT (w = 140)
c	Solution check:
p calculated antibandwidth = 140.
c
c
c Antibandwidth problem with w = 141 ( S-sherman4.mtx.rnd ):
c Initializing CaDiCaL (version 1.2.1).
c	Configuring CaDiCaL as --sat (1).
c Initializing a DuplexNSC encoder with n = 546.
c Encoding starts with w = 141:
c	Labels and Vertices aux var: 49140
c	Labels and Vertices constraints:  672126
c	Obj k aux var: 447720
c	Obj k constraints: 4028121
c	Obj k glue staircase constraints: 2165715
c	Encoding duration: 1s
c	Number of clauses: 4700520
c	Number of irredundant clauses: 4698925
c	Number of variables: 794976
c SAT Solving starts:
[runlim] sample:		569.9 time, 570.5 real, 948.5 MB
[runlim] sample:		579.9 time, 580.5 real, 1080.6 MB
[runlim] sample:		589.9 time, 590.5 real, 1023.4 MB
[runlim] sample:		599.9 time, 600.5 real, 949.2 MB
[runlim] sample:		609.9 time, 610.5 real, 903.0 MB
[runlim] sample:		619.9 time, 620.5 real, 927.5 MB
[runlim] sample:		629.9 time, 630.5 real, 928.5 MB
[runlim] sample:		639.9 time, 640.5 real, 927.8 MB
[runlim] sample:		649.9 time, 650.5 real, 1058.8 MB
[runlim] sample:		659.9 time, 660.5 real, 1076.2 MB
[runlim] sample:		669.9 time, 670.5 real, 1189.2 MB
[runlim] sample:		679.9 time, 680.5 real, 1157.2 MB
[runlim] sample:		689.9 time, 690.5 real, 945.7 MB
[runlim] sample:		699.9 time, 700.5 real, 910.3 MB
[runlim] sample:		709.9 time, 710.5 real, 1201.0 MB
[runlim] sample:		719.9 time, 720.5 real, 904.3 MB
[runlim] sample:		729.9 time, 730.5 real, 1005.2 MB
[runlim] sample:		739.9 time, 740.5 real, 954.7 MB
c	Solving duration: 188357 ms
c	Answer: 
s SAT (w = 141)
c	Solution check:
p calculated antibandwidth = 141.
[runlim] sample:		749.9 time, 750.5 real, 754.0 MB
c
c
c Antibandwidth problem with w = 142 ( S-sherman4.mtx.rnd ):
c Initializing CaDiCaL (version 1.2.1).
c	Configuring CaDiCaL as --sat (1).
c Initializing a DuplexNSC encoder with n = 546.
c Encoding starts with w = 142:
c	Labels and Vertices aux var: 49140
c	Labels and Vertices constraints:  672126
c	Obj k aux var: 448812
c	Obj k constraints: 4025487
c	Obj k glue staircase constraints: 2160351
c	Encoding duration: 1s
c	Number of clauses: 4697886
c	Number of irredundant clauses: 4696288
c	Number of variables: 796068
c SAT Solving starts:
[runlim] sample:		759.9 time, 760.5 real, 903.0 MB
[runlim] sample:		769.9 time, 770.5 real, 903.4 MB
[runlim] sample:		779.9 time, 780.5 real, 1018.7 MB
[runlim] sample:		789.9 time, 790.5 real, 969.2 MB
[runlim] sample:		799.9 time, 800.5 real, 1000.0 MB
[runlim] sample:		809.9 time, 810.5 real, 1010.6 MB
[runlim] sample:		819.9 time, 820.5 real, 978.0 MB
[runlim] sample:		829.9 time, 830.5 real, 933.7 MB
[runlim] sample:		839.9 time, 840.5 real, 988.8 MB
[runlim] sample:		849.9 time, 850.5 real, 914.6 MB
[runlim] sample:		859.9 time, 860.5 real, 906.6 MB
[runlim] sample:		869.9 time, 870.5 real, 954.3 MB
[runlim] sample:		879.9 time, 880.5 real, 1131.1 MB
c	Solving duration: 136863 ms
c	Answer: 
s SAT (w = 142)
c	Solution check:
p calculated antibandwidth = 142.
c
c
c Antibandwidth problem with w = 143 ( S-sherman4.mtx.rnd ):
c Initializing CaDiCaL (version 1.2.1).
c	Configuring CaDiCaL as --sat (1).
c Initializing a DuplexNSC encoder with n = 546.
c Encoding starts with w = 143:
c	Labels and Vertices aux var: 49140
c	Labels and Vertices constraints:  672126
c	Obj k aux var: 449904
c	Obj k constraints: 4022853
c	Obj k glue staircase constraints: 2154987
c	Encoding duration: 1s
c	Number of clauses: 4695252
c	Number of irredundant clauses: 4693651
c	Number of variables: 797160
c SAT Solving starts:
[runlim] sample:		889.9 time, 890.5 real, 835.6 MB
[runlim] sample:		899.9 time, 900.5 real, 859.5 MB
[runlim] sample:		909.9 time, 910.5 real, 861.8 MB
[runlim] sample:		919.9 time, 920.5 real, 846.5 MB
[runlim] sample:		929.9 time, 930.5 real, 846.5 MB
[runlim] sample:		939.9 time, 940.5 real, 847.8 MB
[runlim] sample:		949.9 time, 950.5 real, 864.4 MB
[runlim] sample:		959.9 time, 960.5 real, 948.9 MB
[runlim] sample:		969.9 time, 970.5 real, 868.0 MB
[runlim] sample:		979.9 time, 980.5 real, 855.0 MB
[runlim] sample:		989.9 time, 990.5 real, 916.4 MB
[runlim] sample:		999.9 time, 1000.5 real, 1024.6 MB
[runlim] sample:		1009.9 time, 1010.5 real, 862.4 MB
[runlim] sample:		1019.9 time, 1020.5 real, 871.4 MB
[runlim] sample:		1029.9 time, 1030.5 real, 872.1 MB
[runlim] sample:		1039.9 time, 1040.5 real, 872.1 MB
[runlim] sample:		1049.9 time, 1050.5 real, 926.3 MB
[runlim] sample:		1059.9 time, 1060.5 real, 926.3 MB
[runlim] sample:		1069.9 time, 1070.5 real, 1081.5 MB
[runlim] sample:		1079.9 time, 1080.5 real, 1344.2 MB
[runlim] sample:		1089.9 time, 1090.5 real, 968.6 MB
c	Solving duration: 201998 ms
c	Answer: 
s SAT (w = 143)
c	Solution check:
p calculated antibandwidth = 143.
c
c
c Antibandwidth problem with w = 144 ( S-sherman4.mtx.rnd ):
c Initializing CaDiCaL (version 1.2.1).
c	Configuring CaDiCaL as --sat (1).
c Initializing a DuplexNSC encoder with n = 546.
c Encoding starts with w = 144:
c	Labels and Vertices aux var: 49140
c	Labels and Vertices constraints:  672126
c	Obj k aux var: 450996
c	Obj k constraints: 4020219
c	Obj k glue staircase constraints: 2149623
c	Encoding duration: 1s
c	Number of clauses: 4692618
c	Number of irredundant clauses: 4691014
c	Number of variables: 798252
c SAT Solving starts:
[runlim] sample:		1099.9 time, 1100.5 real, 865.2 MB
[runlim] sample:		1109.9 time, 1110.5 real, 821.6 MB
[runlim] sample:		1119.9 time, 1120.5 real, 870.2 MB
[runlim] sample:		1129.9 time, 1130.5 real, 866.4 MB
[runlim] sample:		1139.9 time, 1140.5 real, 863.7 MB
[runlim] sample:		1149.9 time, 1150.5 real, 820.8 MB
[runlim] sample:		1159.9 time, 1160.5 real, 845.6 MB
[runlim] sample:		1169.9 time, 1170.5 real, 909.1 MB
[runlim] sample:		1179.9 time, 1180.5 real, 914.2 MB
[runlim] sample:		1189.9 time, 1190.5 real, 851.0 MB
[runlim] sample:		1199.9 time, 1200.5 real, 936.6 MB
[runlim] sample:		1209.9 time, 1210.5 real, 885.0 MB
[runlim] sample:		1219.9 time, 1220.5 real, 852.6 MB
[runlim] sample:		1229.9 time, 1230.5 real, 852.6 MB
[runlim] sample:		1239.9 time, 1240.5 real, 1000.6 MB
[runlim] sample:		1249.9 time, 1250.5 real, 1059.3 MB
[runlim] sample:		1259.9 time, 1260.5 real, 1006.6 MB
[runlim] sample:		1269.9 time, 1270.5 real, 1559.7 MB
[runlim] sample:		1279.9 time, 1280.5 real, 1253.5 MB
[runlim] sample:		1289.9 time, 1290.5 real, 1110.7 MB
[runlim] sample:		1299.9 time, 1300.5 real, 1110.7 MB
[runlim] sample:		1309.9 time, 1310.5 real, 1143.6 MB
[runlim] sample:		1319.9 time, 1320.5 real, 1143.6 MB
[runlim] sample:		1329.9 time, 1330.5 real, 1141.9 MB
[runlim] sample:		1339.9 time, 1340.5 real, 1141.9 MB
[runlim] sample:		1349.9 time, 1350.5 real, 1025.1 MB
[runlim] sample:		1359.9 time, 1360.5 real, 945.2 MB
[runlim] sample:		1369.9 time, 1370.5 real, 975.5 MB
[runlim] sample:		1379.9 time, 1380.5 real, 1017.5 MB
[runlim] sample:		1389.9 time, 1390.5 real, 981.6 MB
[runlim] sample:		1399.9 time, 1400.5 real, 910.0 MB
[runlim] sample:		1409.9 time, 1410.5 real, 957.5 MB
[runlim] sample:		1419.9 time, 1420.5 real, 1026.0 MB
[runlim] sample:		1429.9 time, 1430.5 real, 1397.2 MB
[runlim] sample:		1439.9 time, 1440.5 real, 1125.2 MB
[runlim] sample:		1449.9 time, 1450.5 real, 1125.2 MB
[runlim] sample:		1459.9 time, 1460.5 real, 1192.8 MB
[runlim] sample:		1469.9 time, 1470.5 real, 1192.8 MB
[runlim] sample:		1479.9 time, 1480.5 real, 1192.8 MB
[runlim] sample:		1489.9 time, 1490.5 real, 1406.3 MB
[runlim] sample:		1499.8 time, 1500.5 real, 1406.3 MB
[runlim] sample:		1509.9 time, 1510.5 real, 1406.3 MB
[runlim] sample:		1519.9 time, 1520.5 real, 1442.4 MB
[runlim] sample:		1529.8 time, 1530.5 real, 1537.8 MB
[runlim] sample:		1539.9 time, 1540.5 real, 1628.0 MB
[runlim] sample:		1549.9 time, 1550.5 real, 1713.6 MB
[runlim] sample:		1559.8 time, 1560.5 real, 1804.4 MB
[runlim] sample:		1569.8 time, 1570.5 real, 2118.5 MB
[runlim] sample:		1579.8 time, 1580.5 real, 2118.5 MB
[runlim] sample:		1589.8 time, 1590.5 real, 2118.5 MB
[runlim] sample:		1599.8 time, 1600.5 real, 1862.8 MB
[runlim] sample:		1609.8 time, 1610.5 real, 1907.9 MB
[runlim] sample:		1619.8 time, 1620.5 real, 2050.7 MB
[runlim] sample:		1629.8 time, 1630.5 real, 2424.5 MB
[runlim] sample:		1639.8 time, 1640.5 real, 2424.5 MB
c	Solving duration: 548455 ms
c	Answer: 
s SAT (w = 144)
c	Solution check:
p calculated antibandwidth = 144.
c
c
c Antibandwidth problem with w = 145 ( S-sherman4.mtx.rnd ):
c Initializing CaDiCaL (version 1.2.1).
c	Configuring CaDiCaL as --sat (1).
c Initializing a DuplexNSC encoder with n = 546.
c Encoding starts with w = 145:
c	Labels and Vertices aux var: 49140
c	Labels and Vertices constraints:  672126
c	Obj k aux var: 452088
c	Obj k constraints: 4017585
c	Obj k glue staircase constraints: 2144259
c	Encoding duration: 1s
c	Number of clauses: 4689984
c	Number of irredundant clauses: 4688377
c	Number of variables: 799344
c SAT Solving starts:
[runlim] sample:		1649.8 time, 1650.5 real, 1076.8 MB
[runlim] sample:		1659.8 time, 1660.5 real, 1026.1 MB
[runlim] sample:		1669.8 time, 1670.5 real, 1040.1 MB
[runlim] sample:		1679.8 time, 1680.5 real, 1074.6 MB
[runlim] sample:		1689.8 time, 1690.5 real, 1072.8 MB
[runlim] sample:		1699.8 time, 1700.5 real, 1072.7 MB
[runlim] sample:		1709.8 time, 1710.5 real, 1075.2 MB
[runlim] sample:		1719.8 time, 1720.5 real, 1201.7 MB
[runlim] sample:		1729.8 time, 1730.5 real, 1079.0 MB
[runlim] sample:		1739.8 time, 1740.5 real, 1082.0 MB
[runlim] sample:		1749.8 time, 1750.5 real, 1081.1 MB
[runlim] sample:		1759.8 time, 1760.5 real, 1081.0 MB
[runlim] sample:		1769.8 time, 1770.5 real, 1128.0 MB
[runlim] sample:		1779.8 time, 1780.5 real, 1035.1 MB
[runlim] sample:		1789.8 time, 1790.5 real, 1029.6 MB
[runlim] sample:		1799.8 time, 1800.5 real, 1165.4 MB
[runlim] sample:		1809.8 time, 1810.5 real, 1074.6 MB
[runlim] sample:		1819.8 time, 1820.5 real, 1074.5 MB
[runlim] sample:		1829.8 time, 1830.5 real, 1068.6 MB
[runlim] sample:		1839.8 time, 1840.5 real, 1099.7 MB
[runlim] sample:		1849.8 time, 1850.5 real, 1145.5 MB
[runlim] sample:		1859.8 time, 1860.5 real, 1079.6 MB
[runlim] sample:		1869.8 time, 1870.5 real, 1091.0 MB
[runlim] sample:		1879.8 time, 1880.5 real, 1091.0 MB
[runlim] sample:		1889.8 time, 1890.5 real, 1091.0 MB
[runlim] sample:		1899.8 time, 1900.5 real, 1577.3 MB
[runlim] sample:		1909.8 time, 1910.5 real, 1186.1 MB
[runlim] sample:		1919.8 time, 1920.5 real, 1186.0 MB
[runlim] sample:		1929.8 time, 1930.5 real, 1173.0 MB
[runlim] sample:		1939.8 time, 1940.5 real, 1135.9 MB
[runlim] sample:		1949.8 time, 1950.5 real, 1150.2 MB
c	Solving duration: 316974 ms
c	Answer: 
s SAT (w = 145)
c	Solution check:
p calculated antibandwidth = 145.
[runlim] sample:		1959.8 time, 1960.5 real, 921.7 MB
c
c
c Antibandwidth problem with w = 146 ( S-sherman4.mtx.rnd ):
c Initializing CaDiCaL (version 1.2.1).
c	Configuring CaDiCaL as --sat (1).
c Initializing a DuplexNSC encoder with n = 546.
c Encoding starts with w = 146:
c	Labels and Vertices aux var: 49140
c	Labels and Vertices constraints:  672126
c	Obj k aux var: 453180
c	Obj k constraints: 4014951
c	Obj k glue staircase constraints: 2138895
c	Encoding duration: 1s
c	Number of clauses: 4687350
c	Number of irredundant clauses: 4685740
c	Number of variables: 800436
c SAT Solving starts:
[runlim] sample:		1969.8 time, 1970.5 real, 1069.3 MB
[runlim] sample:		1979.8 time, 1980.5 real, 1047.3 MB
[runlim] sample:		1989.8 time, 1990.5 real, 1186.8 MB
[runlim] sample:		1999.8 time, 2000.5 real, 1059.9 MB
[runlim] sample:		2009.8 time, 2010.5 real, 1050.5 MB
[runlim] sample:		2019.8 time, 2020.5 real, 1097.7 MB
[runlim] sample:		2029.8 time, 2030.5 real, 1075.5 MB
[runlim] sample:		2039.8 time, 2040.5 real, 1149.5 MB
[runlim] sample:		2049.8 time, 2050.5 real, 1117.3 MB
[runlim] sample:		2059.8 time, 2060.5 real, 1045.5 MB
[runlim] sample:		2069.8 time, 2070.5 real, 1096.5 MB
c	Solving duration: 118347 ms
c	Answer: 
s SAT (w = 146)
c	Solution check:
p calculated antibandwidth = 146.
c
c
c Antibandwidth problem with w = 147 ( S-sherman4.mtx.rnd ):
c Initializing CaDiCaL (version 1.2.1).
c	Configuring CaDiCaL as --sat (1).
c Initializing a DuplexNSC encoder with n = 546.
c Encoding starts with w = 147:
[runlim] sample:		2079.8 time, 2080.5 real, 824.7 MB
c	Labels and Vertices aux var: 49140
c	Labels and Vertices constraints:  672126
c	Obj k aux var: 454272
c	Obj k constraints: 4012317
c	Obj k glue staircase constraints: 2133531
c	Encoding duration: 1s
c	Number of clauses: 4684716
c	Number of irredundant clauses: 4683103
c	Number of variables: 801528
c SAT Solving starts:
[runlim] sample:		2089.8 time, 2090.5 real, 1153.4 MB
[runlim] sample:		2099.8 time, 2100.5 real, 1052.4 MB
[runlim] sample:		2109.8 time, 2110.5 real, 1079.0 MB
[runlim] sample:		2119.8 time, 2120.5 real, 1297.9 MB
[runlim] sample:		2129.8 time, 2130.5 real, 1081.1 MB
[runlim] sample:		2139.8 time, 2140.5 real, 1117.2 MB
[runlim] sample:		2149.8 time, 2150.5 real, 1070.9 MB
[runlim] sample:		2159.8 time, 2160.5 real, 1072.2 MB
[runlim] sample:		2169.8 time, 2170.5 real, 1104.5 MB
[runlim] sample:		2179.8 time, 2180.5 real, 1153.5 MB
[runlim] sample:		2189.8 time, 2190.5 real, 1196.1 MB
[runlim] sample:		2199.8 time, 2200.5 real, 1020.6 MB
[runlim] sample:		2209.8 time, 2210.5 real, 1020.6 MB
[runlim] sample:		2219.8 time, 2220.5 real, 1025.1 MB
[runlim] sample:		2229.8 time, 2230.5 real, 1190.5 MB
[runlim] sample:		2239.8 time, 2240.5 real, 1073.7 MB
[runlim] sample:		2249.8 time, 2250.5 real, 1081.9 MB
[runlim] sample:		2259.8 time, 2260.5 real, 1081.9 MB
[runlim] sample:		2269.8 time, 2270.5 real, 1332.1 MB
[runlim] sample:		2279.8 time, 2280.5 real, 1113.5 MB
[runlim] sample:		2289.8 time, 2290.5 real, 1028.6 MB
[runlim] sample:		2299.8 time, 2300.5 real, 1108.6 MB
[runlim] sample:		2309.8 time, 2310.5 real, 1108.6 MB
[runlim] sample:		2319.8 time, 2320.5 real, 1357.9 MB
c	Solving duration: 247391 ms
c	Answer: 
s SAT (w = 147)
c	Solution check:
p calculated antibandwidth = 147.
c
c
c Antibandwidth problem with w = 148 ( S-sherman4.mtx.rnd ):
c Initializing CaDiCaL (version 1.2.1).
c	Configuring CaDiCaL as --sat (1).
c Initializing a DuplexNSC encoder with n = 546.
c Encoding starts with w = 148:
c	Labels and Vertices aux var: 49140
c	Labels and Vertices constraints:  672126
c	Obj k aux var: 455364
c	Obj k constraints: 4009683
c	Obj k glue staircase constraints: 2128167
c	Encoding duration: 1s
c	Number of clauses: 4682082
c	Number of irredundant clauses: 4680466
c	Number of variables: 802620
c SAT Solving starts:
[runlim] sample:		2329.8 time, 2330.5 real, 875.4 MB
[runlim] sample:		2339.8 time, 2340.5 real, 1071.3 MB
[runlim] sample:		2349.8 time, 2350.5 real, 1089.7 MB
[runlim] sample:		2359.8 time, 2360.5 real, 1041.9 MB
[runlim] sample:		2369.8 time, 2370.5 real, 1089.4 MB
[runlim] sample:		2379.8 time, 2380.5 real, 1123.0 MB
[runlim] sample:		2389.8 time, 2390.5 real, 1026.1 MB
[runlim] sample:		2399.8 time, 2400.5 real, 1035.0 MB
[runlim] sample:		2409.8 time, 2410.5 real, 1103.7 MB
[runlim] sample:		2419.8 time, 2420.5 real, 1145.1 MB
[runlim] sample:		2429.8 time, 2430.5 real, 1210.1 MB
[runlim] sample:		2439.8 time, 2440.5 real, 1319.3 MB
[runlim] sample:		2449.8 time, 2450.5 real, 1119.6 MB
[runlim] sample:		2459.8 time, 2460.5 real, 1270.4 MB
[runlim] sample:		2469.8 time, 2470.5 real, 1171.9 MB
[runlim] sample:		2479.8 time, 2480.5 real, 1171.8 MB
[runlim] sample:		2489.8 time, 2490.5 real, 1173.3 MB
c	Solving duration: 166005 ms
c	Answer: 
s SAT (w = 148)
c	Solution check:
p calculated antibandwidth = 148.
c
c
c Antibandwidth problem with w = 149 ( S-sherman4.mtx.rnd ):
c Initializing CaDiCaL (version 1.2.1).
c	Configuring CaDiCaL as --sat (1).
c Initializing a DuplexNSC encoder with n = 546.
c Encoding starts with w = 149:
c	Labels and Vertices aux var: 49140
c	Labels and Vertices constraints:  672126
c	Obj k aux var: 456456
c	Obj k constraints: 4007049
c	Obj k glue staircase constraints: 2122803
c	Encoding duration: 1s
c	Number of clauses: 4679448
c	Number of irredundant clauses: 4677829
c	Number of variables: 803712
c SAT Solving starts:
[runlim] sample:		2499.8 time, 2500.5 real, 1181.0 MB
[runlim] sample:		2509.8 time, 2510.5 real, 1062.8 MB
[runlim] sample:		2519.8 time, 2520.5 real, 1078.2 MB
[runlim] sample:		2529.8 time, 2530.5 real, 1063.8 MB
[runlim] sample:		2539.8 time, 2540.5 real, 1071.7 MB
[runlim] sample:		2549.8 time, 2550.5 real, 1064.7 MB
[runlim] sample:		2559.8 time, 2560.5 real, 1065.2 MB
[runlim] sample:		2569.8 time, 2570.5 real, 1159.7 MB
[runlim] sample:		2579.8 time, 2580.5 real, 1163.3 MB
[runlim] sample:		2589.8 time, 2590.5 real, 1078.2 MB
[runlim] sample:		2599.8 time, 2600.5 real, 1074.4 MB
[runlim] sample:		2609.8 time, 2610.5 real, 1102.0 MB
[runlim] sample:		2619.8 time, 2620.5 real, 1073.6 MB
[runlim] sample:		2629.8 time, 2630.5 real, 1096.6 MB
[runlim] sample:		2639.8 time, 2640.5 real, 1175.1 MB
[runlim] sample:		2649.8 time, 2650.5 real, 1072.0 MB
[runlim] sample:		2659.8 time, 2660.5 real, 1212.4 MB
[runlim] sample:		2669.8 time, 2670.5 real, 1085.0 MB
[runlim] sample:		2679.8 time, 2680.5 real, 1077.5 MB
[runlim] sample:		2689.8 time, 2690.5 real, 1176.1 MB
[runlim] sample:		2699.8 time, 2700.5 real, 1176.1 MB
[runlim] sample:		2709.8 time, 2710.5 real, 1176.9 MB
[runlim] sample:		2719.8 time, 2720.5 real, 1445.5 MB
[runlim] sample:		2729.8 time, 2730.5 real, 1445.5 MB
[runlim] sample:		2739.8 time, 2740.5 real, 1397.8 MB
c	Solving duration: 247510 ms
c	Answer: 
s SAT (w = 149)
c	Solution check:
p calculated antibandwidth = 149.
c
c
c Antibandwidth problem with w = 150 ( S-sherman4.mtx.rnd ):
c Initializing CaDiCaL (version 1.2.1).
c	Configuring CaDiCaL as --sat (1).
c Initializing a DuplexNSC encoder with n = 546.
c Encoding starts with w = 150:
c	Labels and Vertices aux var: 49140
c	Labels and Vertices constraints:  672126
c	Obj k aux var: 457548
c	Obj k constraints: 4004415
c	Obj k glue staircase constraints: 2117439
c	Encoding duration: 1s
c	Number of clauses: 4676814
c	Number of irredundant clauses: 4675192
c	Number of variables: 804804
c SAT Solving starts:
[runlim] sample:		2749.8 time, 2750.5 real, 1022.8 MB
[runlim] sample:		2759.8 time, 2760.5 real, 1069.3 MB
[runlim] sample:		2769.8 time, 2770.5 real, 1062.7 MB
[runlim] sample:		2779.8 time, 2780.5 real, 1053.2 MB
[runlim] sample:		2789.8 time, 2790.5 real, 1029.0 MB
[runlim] sample:		2799.8 time, 2800.5 real, 984.1 MB
[runlim] sample:		2809.8 time, 2810.5 real, 1056.9 MB
[runlim] sample:		2819.8 time, 2820.5 real, 1056.9 MB
[runlim] sample:		2829.8 time, 2830.5 real, 1118.6 MB
[runlim] sample:		2839.8 time, 2840.5 real, 1120.4 MB
[runlim] sample:		2849.8 time, 2850.5 real, 1013.1 MB
[runlim] sample:		2859.8 time, 2860.5 real, 1143.1 MB
c	Solving duration: 122453 ms
c	Answer: 
s SAT (w = 150)
c	Solution check:
p calculated antibandwidth = 150.
c
c
[runlim] end:			Thu Aug 22 09:29:37 2024
[runlim] status:		ok
[runlim] result:		0
[runlim] children:		0
[runlim] real:			2869.20 seconds
[runlim] time:			2868.46 seconds
[runlim] space:			3615.4 MB
[runlim] samples:		28687
