[runlim] version:		1.10
[runlim] time limit:		3600 seconds
[runlim] real time limit:	3600 seconds
[runlim] space limit:		30000 MB
[runlim] argv[0]:		./abw_enc_symbreak_max_node
[runlim] argv[1]:		./Benchmarks/S-sherman4.mtx.rnd
[runlim] argv[2]:		--duplexNSC
[runlim] argv[3]:		-set-lb
[runlim] argv[4]:		151
[runlim] start:			Thu Aug 22 09:33:37 2024
[runlim] main pid:		7789
[runlim] log captured:
c DuplexEncoder 0.8.
c LB is predefined as 151.
c Solving strategy: from LB to UB.
c LB-w = 256 (LB in Sinnl - A note on computational approaches for the antibandwidth problem).
c UB-w = 272 (UB in Sinnl - A note on computational approaches for the antibandwidth problem).
c LB 256 is overwritten with 151.
c Antibandwidth problem with w = 151 ( S-sherman4.mtx.rnd ):
c Initializing CaDiCaL (version 1.2.1).
c	Configuring CaDiCaL as --sat (1).
c Initializing a DuplexNSC encoder with n = 546.
c Encoding starts with w = 151:
c	Labels and Vertices aux var: 49140
c	Labels and Vertices constraints:  672126
c	Obj k aux var: 458640
c	Obj k constraints: 4001781
c	Obj k glue staircase constraints: 2112075
c	Encoding duration: 1s
c	Number of clauses: 4674180
c	Number of irredundant clauses: 4672555
c	Number of variables: 805896
c SAT Solving starts:
[runlim] sample:		10.0 time, 10.8 real, 912.7 MB
[runlim] sample:		20.0 time, 20.8 real, 769.1 MB
[runlim] sample:		30.0 time, 30.8 real, 778.1 MB
[runlim] sample:		40.0 time, 40.8 real, 754.4 MB
[runlim] sample:		50.0 time, 50.8 real, 776.1 MB
[runlim] sample:		60.0 time, 60.8 real, 784.9 MB
[runlim] sample:		70.0 time, 70.8 real, 754.7 MB
[runlim] sample:		80.0 time, 80.8 real, 776.1 MB
[runlim] sample:		90.0 time, 90.8 real, 753.0 MB
[runlim] sample:		100.0 time, 100.8 real, 783.0 MB
[runlim] sample:		110.0 time, 110.8 real, 909.6 MB
[runlim] sample:		120.0 time, 120.8 real, 781.6 MB
[runlim] sample:		130.0 time, 130.8 real, 797.7 MB
[runlim] sample:		140.0 time, 140.8 real, 746.0 MB
[runlim] sample:		150.0 time, 150.8 real, 791.2 MB
[runlim] sample:		159.9 time, 160.8 real, 738.2 MB
[runlim] sample:		170.0 time, 170.8 real, 922.8 MB
[runlim] sample:		179.9 time, 180.8 real, 896.8 MB
[runlim] sample:		189.9 time, 190.8 real, 781.5 MB
[runlim] sample:		199.9 time, 200.8 real, 775.7 MB
[runlim] sample:		209.9 time, 210.8 real, 838.5 MB
[runlim] sample:		219.9 time, 220.8 real, 1018.4 MB
[runlim] sample:		229.9 time, 230.8 real, 1054.2 MB
[runlim] sample:		239.9 time, 240.8 real, 1173.6 MB
[runlim] sample:		249.9 time, 250.8 real, 1189.3 MB
[runlim] sample:		259.9 time, 260.8 real, 983.0 MB
[runlim] sample:		269.9 time, 270.8 real, 950.1 MB
[runlim] sample:		279.9 time, 280.8 real, 1016.6 MB
[runlim] sample:		289.9 time, 290.8 real, 1056.8 MB
[runlim] sample:		299.9 time, 300.8 real, 1478.7 MB
c	Solving duration: 304661 ms
c	Answer: 
s SAT (w = 151)
c	Solution check:
p calculated antibandwidth = 151.
c
c
c Antibandwidth problem with w = 152 ( S-sherman4.mtx.rnd ):
c Initializing CaDiCaL (version 1.2.1).
c	Configuring CaDiCaL as --sat (1).
c Initializing a DuplexNSC encoder with n = 546.
c Encoding starts with w = 152:
c	Labels and Vertices aux var: 49140
c	Labels and Vertices constraints:  672126
c	Obj k aux var: 459732
c	Obj k constraints: 3999147
c	Obj k glue staircase constraints: 2106711
c	Encoding duration: 1s
c	Number of clauses: 4671546
c	Number of irredundant clauses: 4669918
c	Number of variables: 806988
c SAT Solving starts:
[runlim] sample:		309.9 time, 310.8 real, 910.0 MB
[runlim] sample:		319.9 time, 320.8 real, 966.8 MB
[runlim] sample:		329.9 time, 330.8 real, 956.9 MB
[runlim] sample:		339.9 time, 340.8 real, 983.6 MB
[runlim] sample:		349.9 time, 350.8 real, 945.2 MB
[runlim] sample:		359.9 time, 360.8 real, 941.3 MB
[runlim] sample:		369.9 time, 370.8 real, 906.9 MB
[runlim] sample:		379.9 time, 380.8 real, 878.6 MB
[runlim] sample:		389.9 time, 390.8 real, 936.2 MB
[runlim] sample:		399.9 time, 400.8 real, 1129.3 MB
[runlim] sample:		409.9 time, 410.8 real, 1123.7 MB
[runlim] sample:		419.9 time, 420.8 real, 1028.4 MB
[runlim] sample:		429.9 time, 430.8 real, 1035.4 MB
[runlim] sample:		439.9 time, 440.8 real, 1212.4 MB
[runlim] sample:		449.9 time, 450.8 real, 1005.8 MB
[runlim] sample:		459.9 time, 460.8 real, 975.2 MB
[runlim] sample:		469.9 time, 470.8 real, 956.3 MB
[runlim] sample:		479.9 time, 480.8 real, 980.5 MB
[runlim] sample:		489.9 time, 490.8 real, 948.5 MB
[runlim] sample:		499.9 time, 500.8 real, 948.5 MB
[runlim] sample:		509.9 time, 510.8 real, 1109.9 MB
[runlim] sample:		519.9 time, 520.8 real, 1125.5 MB
[runlim] sample:		529.9 time, 530.8 real, 1222.1 MB
[runlim] sample:		539.9 time, 540.8 real, 1210.1 MB
[runlim] sample:		549.9 time, 550.8 real, 1132.7 MB
[runlim] sample:		559.9 time, 560.8 real, 1132.7 MB
[runlim] sample:		569.9 time, 570.8 real, 1218.5 MB
[runlim] sample:		579.9 time, 580.8 real, 1218.5 MB
[runlim] sample:		589.9 time, 590.8 real, 1268.1 MB
[runlim] sample:		599.9 time, 600.8 real, 1805.6 MB
[runlim] sample:		609.9 time, 610.8 real, 1394.1 MB
[runlim] sample:		619.9 time, 620.8 real, 1338.2 MB
[runlim] sample:		629.9 time, 630.8 real, 1379.7 MB
[runlim] sample:		639.9 time, 640.8 real, 1400.0 MB
c	Solving duration: 342182 ms
c	Answer: 
s SAT (w = 152)
c	Solution check:
p calculated antibandwidth = 152.
[runlim] sample:		649.9 time, 650.8 real, 804.4 MB
c
c
c Antibandwidth problem with w = 153 ( S-sherman4.mtx.rnd ):
c Initializing CaDiCaL (version 1.2.1).
c	Configuring CaDiCaL as --sat (1).
c Initializing a DuplexNSC encoder with n = 546.
c Encoding starts with w = 153:
c	Labels and Vertices aux var: 49140
c	Labels and Vertices constraints:  672126
c	Obj k aux var: 460824
c	Obj k constraints: 3996513
c	Obj k glue staircase constraints: 2101347
c	Encoding duration: 1s
c	Number of clauses: 4668912
c	Number of irredundant clauses: 4667281
c	Number of variables: 808080
c SAT Solving starts:
[runlim] sample:		659.9 time, 660.8 real, 1121.2 MB
[runlim] sample:		669.9 time, 670.8 real, 949.6 MB
[runlim] sample:		679.9 time, 680.8 real, 1008.2 MB
[runlim] sample:		689.9 time, 690.8 real, 996.2 MB
[runlim] sample:		699.9 time, 700.8 real, 1033.7 MB
[runlim] sample:		709.9 time, 710.8 real, 997.9 MB
[runlim] sample:		719.9 time, 720.8 real, 987.3 MB
[runlim] sample:		729.9 time, 730.8 real, 998.5 MB
[runlim] sample:		739.9 time, 740.8 real, 1044.6 MB
[runlim] sample:		749.9 time, 750.8 real, 956.1 MB
[runlim] sample:		759.9 time, 760.8 real, 1018.1 MB
[runlim] sample:		769.9 time, 770.8 real, 1005.4 MB
[runlim] sample:		779.9 time, 780.8 real, 1005.4 MB
[runlim] sample:		789.9 time, 790.8 real, 1011.2 MB
[runlim] sample:		799.9 time, 800.8 real, 1011.2 MB
[runlim] sample:		809.9 time, 810.8 real, 1016.7 MB
[runlim] sample:		819.9 time, 820.8 real, 1001.3 MB
c	Solving duration: 172507 ms
c	Answer: 
s SAT (w = 153)
c	Solution check:
p calculated antibandwidth = 153.
c
c
c Antibandwidth problem with w = 154 ( S-sherman4.mtx.rnd ):
c Initializing CaDiCaL (version 1.2.1).
c	Configuring CaDiCaL as --sat (1).
c Initializing a DuplexNSC encoder with n = 546.
c Encoding starts with w = 154:
c	Labels and Vertices aux var: 49140
c	Labels and Vertices constraints:  672126
c	Obj k aux var: 461916
c	Obj k constraints: 3993879
c	Obj k glue staircase constraints: 2095983
c	Encoding duration: 1s
c	Number of clauses: 4666278
c	Number of irredundant clauses: 4664644
c	Number of variables: 809172
c SAT Solving starts:
[runlim] sample:		829.9 time, 830.8 real, 997.4 MB
[runlim] sample:		839.9 time, 840.8 real, 951.0 MB
[runlim] sample:		849.9 time, 850.8 real, 1006.4 MB
[runlim] sample:		859.9 time, 860.8 real, 985.0 MB
[runlim] sample:		869.9 time, 870.8 real, 993.7 MB
[runlim] sample:		879.9 time, 880.8 real, 995.5 MB
[runlim] sample:		889.9 time, 890.8 real, 995.9 MB
[runlim] sample:		899.9 time, 900.8 real, 1093.7 MB
[runlim] sample:		909.9 time, 910.8 real, 1073.9 MB
[runlim] sample:		919.9 time, 920.8 real, 996.6 MB
[runlim] sample:		929.9 time, 930.8 real, 997.8 MB
[runlim] sample:		939.9 time, 940.8 real, 944.9 MB
[runlim] sample:		949.9 time, 950.8 real, 988.1 MB
[runlim] sample:		959.9 time, 960.8 real, 1101.3 MB
[runlim] sample:		969.9 time, 970.8 real, 1101.3 MB
[runlim] sample:		979.9 time, 980.8 real, 1154.1 MB
[runlim] sample:		989.9 time, 990.8 real, 1247.3 MB
[runlim] sample:		999.9 time, 1000.8 real, 1247.3 MB
[runlim] sample:		1009.9 time, 1010.8 real, 1247.3 MB
[runlim] sample:		1019.9 time, 1020.8 real, 1226.2 MB
c	Solving duration: 201492 ms
c	Answer: 
s SAT (w = 154)
c	Solution check:
p calculated antibandwidth = 154.
c
c
c Antibandwidth problem with w = 155 ( S-sherman4.mtx.rnd ):
c Initializing CaDiCaL (version 1.2.1).
c	Configuring CaDiCaL as --sat (1).
c Initializing a DuplexNSC encoder with n = 546.
c Encoding starts with w = 155:
c	Labels and Vertices aux var: 49140
c	Labels and Vertices constraints:  672126
c	Obj k aux var: 463008
c	Obj k constraints: 3991245
c	Obj k glue staircase constraints: 2090619
c	Encoding duration: 1s
c	Number of clauses: 4663644
c	Number of irredundant clauses: 4662007
c	Number of variables: 810264
c SAT Solving starts:
[runlim] sample:		1029.9 time, 1030.8 real, 840.5 MB
[runlim] sample:		1039.9 time, 1040.8 real, 997.6 MB
[runlim] sample:		1049.9 time, 1050.8 real, 995.4 MB
[runlim] sample:		1059.9 time, 1060.8 real, 839.3 MB
[runlim] sample:		1069.9 time, 1070.8 real, 839.3 MB
[runlim] sample:		1079.9 time, 1080.8 real, 881.1 MB
[runlim] sample:		1089.9 time, 1090.8 real, 994.3 MB
[runlim] sample:		1099.9 time, 1100.8 real, 1062.6 MB
[runlim] sample:		1109.9 time, 1110.8 real, 881.2 MB
[runlim] sample:		1119.9 time, 1120.8 real, 996.5 MB
[runlim] sample:		1129.9 time, 1130.8 real, 1004.2 MB
[runlim] sample:		1139.9 time, 1140.8 real, 1007.0 MB
[runlim] sample:		1149.9 time, 1150.8 real, 978.6 MB
[runlim] sample:		1159.9 time, 1160.8 real, 839.3 MB
[runlim] sample:		1169.9 time, 1170.8 real, 987.8 MB
[runlim] sample:		1179.9 time, 1180.8 real, 987.9 MB
[runlim] sample:		1189.9 time, 1190.8 real, 1092.3 MB
[runlim] sample:		1199.9 time, 1200.8 real, 1024.0 MB
[runlim] sample:		1209.9 time, 1210.8 real, 1024.0 MB
[runlim] sample:		1219.9 time, 1220.8 real, 1187.2 MB
[runlim] sample:		1229.9 time, 1230.8 real, 1145.3 MB
[runlim] sample:		1239.9 time, 1240.8 real, 1222.1 MB
[runlim] sample:		1249.9 time, 1250.8 real, 1479.9 MB
[runlim] sample:		1259.9 time, 1260.8 real, 1194.4 MB
[runlim] sample:		1269.9 time, 1270.8 real, 1214.2 MB
[runlim] sample:		1279.9 time, 1280.8 real, 1212.5 MB
[runlim] sample:		1289.9 time, 1290.8 real, 1219.1 MB
[runlim] sample:		1299.9 time, 1300.8 real, 1412.7 MB
[runlim] sample:		1309.9 time, 1310.8 real, 1412.7 MB
[runlim] sample:		1319.9 time, 1320.8 real, 1157.3 MB
[runlim] sample:		1329.9 time, 1330.8 real, 1192.5 MB
[runlim] sample:		1339.9 time, 1340.8 real, 1122.8 MB
[runlim] sample:		1349.9 time, 1350.8 real, 972.6 MB
[runlim] sample:		1359.9 time, 1360.8 real, 1050.6 MB
[runlim] sample:		1369.9 time, 1370.8 real, 1018.7 MB
[runlim] sample:		1379.9 time, 1380.8 real, 1099.3 MB
[runlim] sample:		1389.9 time, 1390.8 real, 1649.7 MB
[runlim] sample:		1399.9 time, 1400.8 real, 1649.7 MB
[runlim] sample:		1409.9 time, 1410.8 real, 1649.9 MB
[runlim] sample:		1419.9 time, 1420.8 real, 1666.9 MB
[runlim] sample:		1429.9 time, 1430.8 real, 1746.9 MB
[runlim] sample:		1439.9 time, 1440.8 real, 1827.1 MB
[runlim] sample:		1449.9 time, 1450.8 real, 1905.2 MB
[runlim] sample:		1459.9 time, 1460.8 real, 1984.8 MB
[runlim] sample:		1469.9 time, 1470.8 real, 2058.6 MB
[runlim] sample:		1479.9 time, 1480.8 real, 2137.2 MB
[runlim] sample:		1489.9 time, 1490.8 real, 2736.3 MB
[runlim] sample:		1499.9 time, 1500.8 real, 2197.9 MB
[runlim] sample:		1509.9 time, 1510.8 real, 2197.9 MB
[runlim] sample:		1519.9 time, 1520.8 real, 2197.9 MB
[runlim] sample:		1529.9 time, 1530.8 real, 2197.9 MB
[runlim] sample:		1539.9 time, 1540.8 real, 2245.7 MB
[runlim] sample:		1549.9 time, 1550.8 real, 2245.7 MB
[runlim] sample:		1559.9 time, 1560.8 real, 2256.2 MB
[runlim] sample:		1569.9 time, 1570.8 real, 2371.7 MB
[runlim] sample:		1579.9 time, 1580.8 real, 2828.5 MB
[runlim] sample:		1589.9 time, 1590.8 real, 2864.4 MB
[runlim] sample:		1599.9 time, 1600.8 real, 1948.9 MB
[runlim] sample:		1609.9 time, 1610.8 real, 1948.9 MB
[runlim] sample:		1619.9 time, 1620.8 real, 1520.1 MB
[runlim] sample:		1629.9 time, 1630.8 real, 1520.1 MB
[runlim] sample:		1639.9 time, 1640.8 real, 1531.8 MB
[runlim] sample:		1649.9 time, 1650.8 real, 1720.3 MB
[runlim] sample:		1659.9 time, 1660.8 real, 1720.3 MB
[runlim] sample:		1669.9 time, 1670.8 real, 1720.3 MB
[runlim] sample:		1679.9 time, 1680.8 real, 1720.3 MB
[runlim] sample:		1689.9 time, 1690.8 real, 1720.3 MB
[runlim] sample:		1699.9 time, 1700.8 real, 1720.3 MB
[runlim] sample:		1709.9 time, 1710.8 real, 1720.3 MB
[runlim] sample:		1719.9 time, 1720.8 real, 1772.1 MB
[runlim] sample:		1729.9 time, 1730.8 real, 2475.3 MB
[runlim] sample:		1739.9 time, 1740.8 real, 1803.9 MB
[runlim] sample:		1749.9 time, 1750.8 real, 1545.2 MB
[runlim] sample:		1759.9 time, 1760.8 real, 1545.2 MB
[runlim] sample:		1769.9 time, 1770.8 real, 1545.2 MB
[runlim] sample:		1779.9 time, 1780.8 real, 1627.1 MB
[runlim] sample:		1789.9 time, 1790.8 real, 1627.1 MB
[runlim] sample:		1799.9 time, 1800.8 real, 1627.1 MB
[runlim] sample:		1809.9 time, 1810.8 real, 1627.1 MB
[runlim] sample:		1819.9 time, 1820.8 real, 1651.8 MB
[runlim] sample:		1829.9 time, 1830.8 real, 1660.1 MB
[runlim] sample:		1839.9 time, 1840.8 real, 1660.1 MB
[runlim] sample:		1849.9 time, 1850.8 real, 1660.1 MB
[runlim] sample:		1859.9 time, 1860.8 real, 1660.1 MB
[runlim] sample:		1869.8 time, 1870.8 real, 1683.6 MB
[runlim] sample:		1879.8 time, 1880.8 real, 1756.5 MB
[runlim] sample:		1889.8 time, 1890.8 real, 1756.5 MB
c	Solving duration: 863087 ms
c	Answer: 
s SAT (w = 155)
c	Solution check:
p calculated antibandwidth = 155.
c
c
c Antibandwidth problem with w = 156 ( S-sherman4.mtx.rnd ):
c Initializing CaDiCaL (version 1.2.1).
c	Configuring CaDiCaL as --sat (1).
c Initializing a DuplexNSC encoder with n = 546.
c Encoding starts with w = 156:
c	Labels and Vertices aux var: 49140
c	Labels and Vertices constraints:  672126
c	Obj k aux var: 464100
c	Obj k constraints: 3988611
c	Obj k glue staircase constraints: 2085255
c	Encoding duration: 1s
c	Number of clauses: 4661010
c	Number of irredundant clauses: 4659370
c	Number of variables: 811356
c SAT Solving starts:
[runlim] sample:		1899.8 time, 1900.8 real, 1177.9 MB
[runlim] sample:		1909.8 time, 1910.8 real, 1212.2 MB
[runlim] sample:		1919.8 time, 1920.8 real, 1213.2 MB
[runlim] sample:		1929.8 time, 1930.8 real, 1217.3 MB
[runlim] sample:		1939.8 time, 1940.8 real, 1226.8 MB
[runlim] sample:		1949.8 time, 1950.8 real, 1222.5 MB
[runlim] sample:		1959.8 time, 1960.8 real, 1223.6 MB
[runlim] sample:		1969.8 time, 1970.8 real, 1314.6 MB
[runlim] sample:		1979.8 time, 1980.8 real, 1256.4 MB
[runlim] sample:		1989.8 time, 1990.8 real, 1369.1 MB
[runlim] sample:		1999.8 time, 2000.8 real, 1337.3 MB
[runlim] sample:		2009.8 time, 2010.8 real, 1337.3 MB
[runlim] sample:		2019.8 time, 2020.8 real, 1305.0 MB
[runlim] sample:		2029.8 time, 2030.8 real, 1305.0 MB
[runlim] sample:		2039.8 time, 2040.8 real, 1057.7 MB
[runlim] sample:		2049.8 time, 2050.8 real, 1093.6 MB
[runlim] sample:		2059.8 time, 2060.8 real, 1104.1 MB
[runlim] sample:		2069.8 time, 2070.8 real, 1247.4 MB
[runlim] sample:		2079.8 time, 2080.8 real, 1247.4 MB
[runlim] sample:		2089.8 time, 2090.8 real, 1244.6 MB
[runlim] sample:		2099.8 time, 2100.8 real, 1244.6 MB
[runlim] sample:		2109.8 time, 2110.8 real, 1567.8 MB
[runlim] sample:		2119.8 time, 2120.8 real, 1263.1 MB
[runlim] sample:		2129.8 time, 2130.8 real, 1221.9 MB
[runlim] sample:		2139.8 time, 2140.8 real, 1104.1 MB
[runlim] sample:		2149.8 time, 2150.8 real, 1222.4 MB
[runlim] sample:		2159.8 time, 2160.8 real, 1222.4 MB
c	Solving duration: 275370 ms
c	Answer: 
s SAT (w = 156)
c	Solution check:
p calculated antibandwidth = 156.
c
c
c Antibandwidth problem with w = 157 ( S-sherman4.mtx.rnd ):
c Initializing CaDiCaL (version 1.2.1).
c	Configuring CaDiCaL as --sat (1).
c Initializing a DuplexNSC encoder with n = 546.
c Encoding starts with w = 157:
c	Labels and Vertices aux var: 49140
c	Labels and Vertices constraints:  672126
c	Obj k aux var: 465192
c	Obj k constraints: 3985977
c	Obj k glue staircase constraints: 2079891
c	Encoding duration: 1s
c	Number of clauses: 4658376
c	Number of irredundant clauses: 4656733
c	Number of variables: 812448
c SAT Solving starts:
[runlim] sample:		2169.8 time, 2170.8 real, 999.1 MB
[runlim] sample:		2179.8 time, 2180.8 real, 1140.7 MB
[runlim] sample:		2189.8 time, 2190.8 real, 1177.5 MB
[runlim] sample:		2199.8 time, 2200.8 real, 1066.6 MB
[runlim] sample:		2209.8 time, 2210.8 real, 1178.0 MB
[runlim] sample:		2219.8 time, 2220.8 real, 1178.2 MB
[runlim] sample:		2229.8 time, 2230.8 real, 1176.5 MB
[runlim] sample:		2239.8 time, 2240.8 real, 1067.1 MB
[runlim] sample:		2249.8 time, 2250.8 real, 1208.4 MB
[runlim] sample:		2259.8 time, 2260.8 real, 1252.1 MB
[runlim] sample:		2269.8 time, 2270.8 real, 1179.8 MB
[runlim] sample:		2279.8 time, 2280.8 real, 1234.0 MB
[runlim] sample:		2289.8 time, 2290.8 real, 1067.1 MB
[runlim] sample:		2299.8 time, 2300.8 real, 1184.9 MB
[runlim] sample:		2309.8 time, 2310.8 real, 1067.1 MB
[runlim] sample:		2319.8 time, 2320.8 real, 1067.1 MB
[runlim] sample:		2329.8 time, 2330.8 real, 1206.4 MB
[runlim] sample:		2339.8 time, 2340.8 real, 1185.5 MB
[runlim] sample:		2349.8 time, 2350.8 real, 1067.1 MB
[runlim] sample:		2359.8 time, 2360.8 real, 1216.7 MB
[runlim] sample:		2369.8 time, 2370.8 real, 1067.1 MB
[runlim] sample:		2379.8 time, 2380.8 real, 1067.1 MB
[runlim] sample:		2389.8 time, 2390.8 real, 1067.1 MB
[runlim] sample:		2399.8 time, 2400.8 real, 1067.1 MB
[runlim] sample:		2409.8 time, 2410.8 real, 1119.6 MB
[runlim] sample:		2419.8 time, 2420.8 real, 1554.9 MB
[runlim] sample:		2429.8 time, 2430.8 real, 1554.9 MB
[runlim] sample:		2439.8 time, 2440.8 real, 1554.9 MB
[runlim] sample:		2449.8 time, 2450.8 real, 1625.1 MB
[runlim] sample:		2459.8 time, 2460.8 real, 1625.1 MB
[runlim] sample:		2469.8 time, 2470.8 real, 1625.1 MB
[runlim] sample:		2479.8 time, 2480.8 real, 1625.7 MB
[runlim] sample:		2489.8 time, 2490.8 real, 1603.7 MB
[runlim] sample:		2499.8 time, 2500.8 real, 1603.7 MB
[runlim] sample:		2509.8 time, 2510.8 real, 1603.7 MB
[runlim] sample:		2519.8 time, 2520.8 real, 1560.2 MB
[runlim] sample:		2529.8 time, 2530.8 real, 1560.2 MB
[runlim] sample:		2539.8 time, 2540.8 real, 1560.2 MB
[runlim] sample:		2549.8 time, 2550.8 real, 1560.2 MB
[runlim] sample:		2559.8 time, 2560.8 real, 1596.3 MB
[runlim] sample:		2569.8 time, 2570.8 real, 1783.4 MB
[runlim] sample:		2579.8 time, 2580.8 real, 1783.4 MB
[runlim] sample:		2589.8 time, 2590.8 real, 1775.8 MB
[runlim] sample:		2599.8 time, 2600.8 real, 1775.8 MB
[runlim] sample:		2609.8 time, 2610.8 real, 1775.8 MB
[runlim] sample:		2619.8 time, 2620.8 real, 2154.0 MB
[runlim] sample:		2629.8 time, 2630.8 real, 2154.0 MB
[runlim] sample:		2639.8 time, 2640.8 real, 1667.8 MB
c	Solving duration: 474232 ms
c	Answer: 
s SAT (w = 157)
c	Solution check:
p calculated antibandwidth = 157.
c
c
c Antibandwidth problem with w = 158 ( S-sherman4.mtx.rnd ):
c Initializing CaDiCaL (version 1.2.1).
c	Configuring CaDiCaL as --sat (1).
c Initializing a DuplexNSC encoder with n = 546.
c Encoding starts with w = 158:
c	Labels and Vertices aux var: 49140
c	Labels and Vertices constraints:  672126
c	Obj k aux var: 466284
c	Obj k constraints: 3983343
c	Obj k glue staircase constraints: 2074527
c	Encoding duration: 1s
c	Number of clauses: 4655742
c	Number of irredundant clauses: 4654096
c	Number of variables: 813540
c SAT Solving starts:
[runlim] sample:		2649.8 time, 2650.8 real, 1182.8 MB
[runlim] sample:		2659.8 time, 2660.8 real, 1169.8 MB
[runlim] sample:		2669.8 time, 2670.8 real, 1178.0 MB
[runlim] sample:		2679.8 time, 2680.8 real, 1126.8 MB
[runlim] sample:		2689.8 time, 2690.8 real, 1238.9 MB
[runlim] sample:		2699.8 time, 2700.8 real, 1132.2 MB
[runlim] sample:		2709.8 time, 2710.8 real, 1135.3 MB
[runlim] sample:		2719.8 time, 2720.8 real, 1241.0 MB
[runlim] sample:		2729.8 time, 2730.8 real, 1133.6 MB
[runlim] sample:		2739.8 time, 2740.8 real, 1207.9 MB
[runlim] sample:		2749.8 time, 2750.8 real, 1320.3 MB
[runlim] sample:		2759.8 time, 2760.8 real, 1196.4 MB
[runlim] sample:		2769.8 time, 2770.8 real, 1196.7 MB
[runlim] sample:		2779.8 time, 2780.8 real, 1156.3 MB
[runlim] sample:		2789.8 time, 2790.8 real, 1159.8 MB
[runlim] sample:		2799.8 time, 2800.8 real, 1163.3 MB
[runlim] sample:		2809.8 time, 2810.8 real, 1163.3 MB
[runlim] sample:		2819.8 time, 2820.8 real, 1379.6 MB
[runlim] sample:		2829.8 time, 2830.8 real, 1211.8 MB
[runlim] sample:		2839.8 time, 2840.8 real, 1211.8 MB
[runlim] sample:		2849.8 time, 2850.8 real, 1191.5 MB
[runlim] sample:		2859.8 time, 2860.8 real, 1265.9 MB
[runlim] sample:		2869.8 time, 2870.8 real, 1152.0 MB
[runlim] sample:		2879.8 time, 2880.8 real, 1225.2 MB
[runlim] sample:		2889.8 time, 2890.8 real, 1145.5 MB
[runlim] sample:		2899.8 time, 2900.8 real, 1145.5 MB
[runlim] sample:		2909.8 time, 2910.8 real, 1199.9 MB
[runlim] sample:		2919.8 time, 2920.8 real, 1452.8 MB
[runlim] sample:		2929.8 time, 2930.8 real, 1331.9 MB
[runlim] sample:		2939.8 time, 2940.8 real, 1201.3 MB
[runlim] sample:		2949.8 time, 2950.8 real, 1149.2 MB
[runlim] sample:		2959.8 time, 2960.8 real, 1336.9 MB
[runlim] sample:		2969.8 time, 2970.8 real, 1336.9 MB
[runlim] sample:		2979.8 time, 2980.8 real, 1336.9 MB
[runlim] sample:		2989.8 time, 2990.8 real, 1336.9 MB
[runlim] sample:		2999.8 time, 3000.8 real, 1415.6 MB
[runlim] sample:		3009.8 time, 3010.8 real, 1601.8 MB
[runlim] sample:		3019.8 time, 3020.8 real, 1582.8 MB
[runlim] sample:		3029.8 time, 3030.8 real, 1790.4 MB
[runlim] sample:		3039.8 time, 3040.8 real, 1790.4 MB
[runlim] sample:		3049.8 time, 3050.8 real, 1164.4 MB
[runlim] sample:		3059.8 time, 3060.8 real, 1149.5 MB
c	Solving duration: 424305 ms
c	Answer: 
s SAT (w = 158)
c	Solution check:
p calculated antibandwidth = 158.
c
c
c Antibandwidth problem with w = 159 ( S-sherman4.mtx.rnd ):
c Initializing CaDiCaL (version 1.2.1).
c	Configuring CaDiCaL as --sat (1).
c Initializing a DuplexNSC encoder with n = 546.
c Encoding starts with w = 159:
[runlim] sample:		3069.8 time, 3070.8 real, 980.4 MB
c	Labels and Vertices aux var: 49140
c	Labels and Vertices constraints:  672126
c	Obj k aux var: 467376
c	Obj k constraints: 3980709
c	Obj k glue staircase constraints: 2069163
c	Encoding duration: 1s
c	Number of clauses: 4653108
c	Number of irredundant clauses: 4651459
c	Number of variables: 814632
c SAT Solving starts:
[runlim] sample:		3079.8 time, 3080.8 real, 1090.9 MB
[runlim] sample:		3089.8 time, 3090.8 real, 1040.9 MB
[runlim] sample:		3099.8 time, 3100.8 real, 1064.2 MB
[runlim] sample:		3109.8 time, 3110.8 real, 1173.7 MB
[runlim] sample:		3119.8 time, 3120.8 real, 1174.3 MB
[runlim] sample:		3129.8 time, 3130.8 real, 1063.9 MB
[runlim] sample:		3139.8 time, 3140.8 real, 1116.2 MB
[runlim] sample:		3149.8 time, 3150.8 real, 1063.9 MB
[runlim] sample:		3159.8 time, 3160.8 real, 1269.1 MB
[runlim] sample:		3169.8 time, 3170.8 real, 1269.1 MB
[runlim] sample:		3179.8 time, 3180.8 real, 1521.1 MB
c	Solving duration: 109774 ms
c	Answer: 
s SAT (w = 159)
c	Solution check:
p calculated antibandwidth = 159.
c
c
c Antibandwidth problem with w = 160 ( S-sherman4.mtx.rnd ):
c Initializing CaDiCaL (version 1.2.1).
c	Configuring CaDiCaL as --sat (1).
c Initializing a DuplexNSC encoder with n = 546.
c Encoding starts with w = 160:
c	Labels and Vertices aux var: 49140
c	Labels and Vertices constraints:  672126
c	Obj k aux var: 468468
c	Obj k constraints: 3978075
c	Obj k glue staircase constraints: 2063799
c	Encoding duration: 1s
c	Number of clauses: 4650474
c	Number of irredundant clauses: 4648822
c	Number of variables: 815724
c SAT Solving starts:
[runlim] sample:		3189.8 time, 3190.8 real, 1298.2 MB
[runlim] sample:		3199.8 time, 3200.8 real, 1172.3 MB
[runlim] sample:		3209.8 time, 3210.8 real, 1237.6 MB
[runlim] sample:		3219.8 time, 3220.8 real, 1174.1 MB
[runlim] sample:		3229.8 time, 3230.8 real, 1173.7 MB
[runlim] sample:		3239.8 time, 3240.8 real, 1225.7 MB
[runlim] sample:		3249.8 time, 3250.8 real, 1255.3 MB
[runlim] sample:		3259.8 time, 3260.8 real, 1221.1 MB
[runlim] sample:		3269.8 time, 3270.8 real, 1174.6 MB
[runlim] sample:		3279.8 time, 3280.8 real, 1178.4 MB
[runlim] sample:		3289.8 time, 3290.8 real, 1178.4 MB
[runlim] sample:		3299.8 time, 3300.8 real, 1180.4 MB
[runlim] sample:		3309.8 time, 3310.8 real, 1180.7 MB
[runlim] sample:		3319.8 time, 3320.8 real, 1180.9 MB
[runlim] sample:		3329.8 time, 3330.8 real, 1232.9 MB
c	Solving duration: 155285 ms
c	Answer: 
s SAT (w = 160)
c	Solution check:
p calculated antibandwidth = 160.
c
c
c Antibandwidth problem with w = 161 ( S-sherman4.mtx.rnd ):
c Initializing CaDiCaL (version 1.2.1).
c	Configuring CaDiCaL as --sat (1).
c Initializing a DuplexNSC encoder with n = 546.
c Encoding starts with w = 161:
c	Labels and Vertices aux var: 49140
c	Labels and Vertices constraints:  672126
c	Obj k aux var: 469560
c	Obj k constraints: 3975441
c	Obj k glue staircase constraints: 2058435
c	Encoding duration: 1s
c	Number of clauses: 4647840
c	Number of irredundant clauses: 4646185
c	Number of variables: 816816
c SAT Solving starts:
[runlim] sample:		3339.8 time, 3340.8 real, 980.1 MB
[runlim] sample:		3349.8 time, 3350.8 real, 1175.6 MB
[runlim] sample:		3359.8 time, 3360.8 real, 1218.8 MB
[runlim] sample:		3369.8 time, 3370.8 real, 1091.8 MB
[runlim] sample:		3379.8 time, 3380.8 real, 1115.0 MB
[runlim] sample:		3389.8 time, 3390.8 real, 1124.6 MB
[runlim] sample:		3399.8 time, 3400.8 real, 1117.3 MB
[runlim] sample:		3409.8 time, 3410.8 real, 1121.9 MB
[runlim] sample:		3419.8 time, 3420.8 real, 1240.8 MB
[runlim] sample:		3429.8 time, 3430.8 real, 1128.9 MB
[runlim] sample:		3439.8 time, 3440.8 real, 1174.9 MB
[runlim] sample:		3449.8 time, 3450.8 real, 1054.4 MB
[runlim] sample:		3459.8 time, 3460.8 real, 1077.6 MB
[runlim] sample:		3469.8 time, 3470.8 real, 1077.6 MB
[runlim] sample:		3479.8 time, 3480.8 real, 1196.5 MB
[runlim] sample:		3489.8 time, 3490.8 real, 1145.0 MB
[runlim] sample:		3499.8 time, 3500.8 real, 1145.0 MB
[runlim] sample:		3509.8 time, 3510.8 real, 1261.1 MB
[runlim] sample:		3519.8 time, 3520.8 real, 1261.1 MB
[runlim] sample:		3529.8 time, 3530.8 real, 1321.2 MB
[runlim] sample:		3539.8 time, 3540.8 real, 1460.8 MB
[runlim] sample:		3549.8 time, 3550.8 real, 1748.1 MB
[runlim] sample:		3559.8 time, 3560.8 real, 1312.2 MB
[runlim] sample:		3569.8 time, 3570.8 real, 1295.4 MB
[runlim] sample:		3579.8 time, 3580.8 real, 1295.4 MB
[runlim] sample:		3589.8 time, 3590.8 real, 1435.6 MB
c Signal interruption.
[runlim] end:			Thu Aug 22 10:33:37 2024
[runlim] status:		out of time
[runlim] result:		2
[runlim] children:		0
[runlim] real:			3600.04 seconds
[runlim] time:			3599.00 seconds
[runlim] space:			4169.6 MB
[runlim] samples:		35992
