[runlim] version:		1.10
[runlim] time limit:		1800 seconds
[runlim] real time limit:	1800 seconds
[runlim] space limit:		60000 MB
[runlim] argv[0]:		/home/vanh/Documents/ABP/AntibandwidthExtend/anti-bandwidth-scl-extend/build/abw_enc
[runlim] argv[1]:		/home/vanh/Documents/ABP/AntibandwidthExtend/anti-bandwidth-scl-extend/build/BenchmarkA/C-bcspwr01.mtx.rnd
[runlim] argv[2]:		--ladder
[runlim] argv[3]:		-symmetry-break
[runlim] argv[4]:		h
[runlim] start:			Thu Nov 28 03:10:46 2024
[runlim] main pid:		14717
[runlim] log captured:
c LadderEncoder 1.0.
c Symetry breaking in the highest degree node.
c Solving strategy: from LB to UB.
c LB-w = 16 (LB in Sinnl - A note on computational approaches for the antibandwidth problem).
c UB-w = 17 (UB in Sinnl - A note on computational approaches for the antibandwidth problem).
c Antibandwidth problem with w = 16 ( C-bcspwr01.mtx.rnd ):
c Initializing CaDiCaL (version 1.2.1).
c	Configuring CaDiCaL as --sat (1).
c Initializing a Ladder encoder with n = 39.
c Encoding starts with w = 16:
c	Encode symmetry breaking with option: h.
c	Labels and Vertices aux var: 858
c	Labels and Vertices constraints:  4251
c	Obj k aux var: 1950
c	Obj k constraints: 12369
c	Obj k glue staircase constraints: 4140
c	Encoding duration: 0s
c	Number of clauses: 16639
c	Number of irredundant clauses: 16509
c	Number of variables: 4329
c SAT Solving starts:
c	Solving duration: 56 ms
c	Answer: 
s SAT (w = 16)
c	Solution check:
p calculated antibandwidth = 16.
c
c
c Antibandwidth problem with w = 17 ( C-bcspwr01.mtx.rnd ):
c Initializing CaDiCaL (version 1.2.1).
c	Configuring CaDiCaL as --sat (1).
c Initializing a Ladder encoder with n = 39.
c Encoding starts with w = 17:
c	Encode symmetry breaking with option: h.
c	Labels and Vertices aux var: 858
c	Labels and Vertices constraints:  4251
c	Obj k aux var: 1989
c	Obj k constraints: 12263
c	Obj k glue staircase constraints: 3956
c	Encoding duration: 0s
c	Number of clauses: 16533
c	Number of irredundant clauses: 16401
c	Number of variables: 4368
c SAT Solving starts:
c	Solving duration: 441 ms
c	Answer: 
s SAT (w = 17)
c	Solution check:
p calculated antibandwidth = 17.
c
c
[runlim] end:			Thu Nov 28 03:10:46 2024
[runlim] status:		ok
[runlim] result:		0
[runlim] children:		0
[runlim] real:			0.82 seconds
[runlim] time:			0.49 seconds
[runlim] space:			9.6 MB
[runlim] samples:		5
