[runlim] version:		1.10
[runlim] time limit:		1800 seconds
[runlim] real time limit:	1800 seconds
[runlim] space limit:		30000 MB
[runlim] argv[0]:		/home/hvanh28/AntiBandwidthReconstruct/build/abw_enc
[runlim] argv[1]:		/home/hvanh28/AntiBandwidthReconstruct/build/Benchmarks/A-pores_1.mtx.rnd
[runlim] argv[2]:		--seq
[runlim] argv[3]:		-symetry-break
[runlim] argv[4]:		f
[runlim] start:			Tue Sep 17 16:06:37 2024
[runlim] main pid:		135850
[runlim] log captured:
c LadderEncoder 1.0.
c Symetry breaking in the first node.
c Solving strategy: from LB to UB.
c LB-w = 6 (LB in Sinnl - A note on computational approaches for the antibandwidth problem).
c UB-w = 8 (UB in Sinnl - A note on computational approaches for the antibandwidth problem).
c Antibandwidth problem with w = 6 ( A-pores_1.mtx.rnd ):
c Initializing CaDiCaL (version 1.2.1).
c	Configuring CaDiCaL as --sat (1).
c Initializing a Sequential encoder with n = 30.
c Encoding starts with w = 6:
c	Encode symmetry breaking with option: f.
c	Encoding duration: 0s
c	Number of clauses: 85000
c	Number of irredundant clauses: 83946
c	Number of variables: 28330
c SAT Solving starts:
c	Solving duration: 397 ms
c	Answer: 
s SAT (w = 6)
c	Solution check:
p calculated antibandwidth = 6.
c
c
c Antibandwidth problem with w = 7 ( A-pores_1.mtx.rnd ):
c Initializing CaDiCaL (version 1.2.1).
c	Configuring CaDiCaL as --sat (1).
c Initializing a Sequential encoder with n = 30.
c Encoding starts with w = 7:
c	Encode symmetry breaking with option: f.
c	Encoding duration: 0s
c	Number of clauses: 96639
c	Number of irredundant clauses: 95452
c	Number of variables: 32244
c SAT Solving starts:
[runlim] sample:		10.0 time, 10.3 real, 34.2 MB
[runlim] sample:		20.0 time, 20.3 real, 42.6 MB
[runlim] sample:		30.0 time, 30.3 real, 37.9 MB
[runlim] sample:		40.0 time, 40.3 real, 38.3 MB
[runlim] sample:		50.0 time, 50.3 real, 39.9 MB
[runlim] sample:		60.0 time, 60.3 real, 49.7 MB
[runlim] sample:		70.0 time, 70.3 real, 47.5 MB
[runlim] sample:		80.0 time, 80.3 real, 47.5 MB
[runlim] sample:		90.0 time, 90.3 real, 54.5 MB
[runlim] sample:		100.0 time, 100.3 real, 54.5 MB
[runlim] sample:		110.0 time, 110.3 real, 54.5 MB
[runlim] sample:		120.0 time, 120.3 real, 44.5 MB
[runlim] sample:		130.0 time, 130.3 real, 44.5 MB
[runlim] sample:		140.0 time, 140.3 real, 54.0 MB
[runlim] sample:		150.0 time, 150.3 real, 59.6 MB
[runlim] sample:		160.0 time, 160.3 real, 59.6 MB
[runlim] sample:		170.0 time, 170.3 real, 65.6 MB
[runlim] sample:		180.0 time, 180.3 real, 65.6 MB
[runlim] sample:		190.0 time, 190.3 real, 49.0 MB
c	Solving duration: 198599 ms
c	Answer: 
s UNSAT (w = 7)
c
c
[runlim] end:			Tue Sep 17 16:09:56 2024
[runlim] status:		ok
[runlim] result:		0
[runlim] children:		0
[runlim] real:			199.39 seconds
[runlim] time:			198.96 seconds
[runlim] space:			78.6 MB
[runlim] samples:		1990
