[runlim] version:		1.10
[runlim] time limit:		1800 seconds
[runlim] real time limit:	1800 seconds
[runlim] space limit:		30000 MB
[runlim] argv[0]:		/home/hvanh28/AntiBandwidthReconstruct/build/abw_enc
[runlim] argv[1]:		/home/hvanh28/AntiBandwidthReconstruct/build/Benchmarks/A-pores_1.mtx.rnd
[runlim] argv[2]:		--reduced
[runlim] argv[3]:		-symetry-break
[runlim] argv[4]:		f
[runlim] start:			Tue Sep 17 10:12:34 2024
[runlim] main pid:		131185
[runlim] log captured:
c LadderEncoder 1.0.
c Symetry breaking in the first node.
c Solving strategy: from LB to UB.
c LB-w = 6 (LB in Sinnl - A note on computational approaches for the antibandwidth problem).
c UB-w = 8 (UB in Sinnl - A note on computational approaches for the antibandwidth problem).
c Antibandwidth problem with w = 6 ( A-pores_1.mtx.rnd ):
c Initializing CaDiCaL (version 1.2.1).
c	Configuring CaDiCaL as --sat (1).
c Initializing a Naive-Reduced encoder with n = 30.
c Encoding starts with w = 6:
c	Encode symmetry breaking with option: f.
c	Encoding duration: 0s
c	Number of clauses: 53985
c	Number of irredundant clauses: 52260
c	Number of variables: 900
c SAT Solving starts:
c	Solving duration: 473 ms
c	Answer: 
s SAT (w = 6)
c	Solution check:
p calculated antibandwidth = 6.
c
c
c Antibandwidth problem with w = 7 ( A-pores_1.mtx.rnd ):
c Initializing CaDiCaL (version 1.2.1).
c	Configuring CaDiCaL as --sat (1).
c Initializing a Naive-Reduced encoder with n = 30.
c Encoding starts with w = 7:
c	Encode symmetry breaking with option: f.
c	Encoding duration: 0s
c	Number of clauses: 58929
c	Number of irredundant clauses: 57036
c	Number of variables: 900
c SAT Solving starts:
[runlim] sample:		10.0 time, 10.6 real, 22.2 MB
[runlim] sample:		20.0 time, 20.6 real, 30.6 MB
[runlim] sample:		30.0 time, 30.6 real, 34.4 MB
[runlim] sample:		40.0 time, 40.6 real, 33.2 MB
[runlim] sample:		50.0 time, 50.6 real, 41.6 MB
[runlim] sample:		60.0 time, 60.6 real, 42.9 MB
[runlim] sample:		70.0 time, 70.6 real, 28.5 MB
[runlim] sample:		80.0 time, 80.6 real, 48.1 MB
[runlim] sample:		90.0 time, 90.6 real, 59.5 MB
[runlim] sample:		100.0 time, 100.6 real, 61.0 MB
[runlim] sample:		110.0 time, 110.6 real, 51.0 MB
[runlim] sample:		120.0 time, 120.6 real, 64.6 MB
[runlim] sample:		130.0 time, 130.6 real, 54.6 MB
[runlim] sample:		140.0 time, 140.6 real, 67.4 MB
[runlim] sample:		150.0 time, 150.6 real, 42.3 MB
[runlim] sample:		160.0 time, 160.6 real, 66.0 MB
[runlim] sample:		170.0 time, 170.6 real, 66.0 MB
[runlim] sample:		180.0 time, 180.6 real, 66.0 MB
c	Solving duration: 183128 ms
c	Answer: 
s UNSAT (w = 7)
c
c
[runlim] end:			Tue Sep 17 10:15:38 2024
[runlim] status:		ok
[runlim] result:		0
[runlim] children:		0
[runlim] real:			184.19 seconds
[runlim] time:			183.57 seconds
[runlim] space:			67.4 MB
[runlim] samples:		1836
