[runlim] version:		1.10
[runlim] time limit:		1800 seconds
[runlim] real time limit:	1800 seconds
[runlim] space limit:		30000 MB
[runlim] argv[0]:		/home/hvanh28/AntiBandwidthReconstruct/build/abw_enc
[runlim] argv[1]:		/home/hvanh28/AntiBandwidthReconstruct/build/Benchmarks/D-bcsstk01.mtx.rnd
[runlim] argv[2]:		--reduced
[runlim] argv[3]:		-symetry-break
[runlim] argv[4]:		f
[runlim] start:			Tue Sep 17 06:59:11 2024
[runlim] main pid:		129207
[runlim] log captured:
c LadderEncoder 1.0.
c Symetry breaking in the first node.
c Solving strategy: from LB to UB.
c LB-w = 8 (LB in Sinnl - A note on computational approaches for the antibandwidth problem).
c UB-w = 9 (UB in Sinnl - A note on computational approaches for the antibandwidth problem).
c Antibandwidth problem with w = 8 ( D-bcsstk01.mtx.rnd ):
c Initializing CaDiCaL (version 1.2.1).
c	Configuring CaDiCaL as --sat (1).
c Initializing a Naive-Reduced encoder with n = 48.
c Encoding starts with w = 8:
c	Encode symmetry breaking with option: f.
c	Encoding duration: 0s
c	Number of clauses: 216824
c	Number of irredundant clauses: 212664
c	Number of variables: 2304
c SAT Solving starts:
c	Solving duration: 193 ms
c	Answer: 
s SAT (w = 8)
c	Solution check:
p calculated antibandwidth = 8.
c
c
c Antibandwidth problem with w = 9 ( D-bcsstk01.mtx.rnd ):
c Initializing CaDiCaL (version 1.2.1).
c	Configuring CaDiCaL as --sat (1).
c Initializing a Naive-Reduced encoder with n = 48.
c Encoding starts with w = 9:
c	Encode symmetry breaking with option: f.
c	Encoding duration: 0s
c	Number of clauses: 230904
c	Number of irredundant clauses: 226464
c	Number of variables: 2304
c SAT Solving starts:
c	Solving duration: 8684 ms
c	Answer: 
s SAT (w = 9)
c	Solution check:
p calculated antibandwidth = 9.
c
c
[runlim] end:			Tue Sep 17 06:59:20 2024
[runlim] status:		ok
[runlim] result:		0
[runlim] children:		0
[runlim] real:			9.44 seconds
[runlim] time:			8.99 seconds
[runlim] space:			47.3 MB
[runlim] samples:		90
