[runlim] version:		1.10
[runlim] time limit:		1800 seconds
[runlim] real time limit:	1800 seconds
[runlim] space limit:		30000 MB
[runlim] argv[0]:		/home/hvanh28/AntiBandwidthReconstruct/build/abw_enc
[runlim] argv[1]:		/home/hvanh28/AntiBandwidthReconstruct/build/Benchmarks/D-bcsstk01.mtx.rnd
[runlim] argv[2]:		--seq
[runlim] argv[3]:		-symetry-break
[runlim] argv[4]:		f
[runlim] start:			Tue Sep 17 14:51:15 2024
[runlim] main pid:		134646
[runlim] log captured:
c LadderEncoder 1.0.
c Symetry breaking in the first node.
c Solving strategy: from LB to UB.
c LB-w = 8 (LB in Sinnl - A note on computational approaches for the antibandwidth problem).
c UB-w = 9 (UB in Sinnl - A note on computational approaches for the antibandwidth problem).
c Antibandwidth problem with w = 8 ( D-bcsstk01.mtx.rnd ):
c Initializing CaDiCaL (version 1.2.1).
c	Configuring CaDiCaL as --sat (1).
c Initializing a Sequential encoder with n = 48.
c Encoding starts with w = 8:
c	Encode symmetry breaking with option: f.
c	Encoding duration: 0s
c	Number of clauses: 323752
c	Number of irredundant clauses: 321456
c	Number of variables: 107744
c SAT Solving starts:
c	Solving duration: 747 ms
c	Answer: 
s SAT (w = 8)
c	Solution check:
p calculated antibandwidth = 8.
c
c
c Antibandwidth problem with w = 9 ( D-bcsstk01.mtx.rnd ):
c Initializing CaDiCaL (version 1.2.1).
c	Configuring CaDiCaL as --sat (1).
c Initializing a Sequential encoder with n = 48.
c Encoding starts with w = 9:
c	Encode symmetry breaking with option: f.
c	Encoding duration: 0s
c	Number of clauses: 358424
c	Number of irredundant clauses: 355897
c	Number of variables: 119360
c SAT Solving starts:
[runlim] sample:		10.0 time, 10.6 real, 107.1 MB
[runlim] sample:		20.0 time, 20.6 real, 107.1 MB
c	Solving duration: 23682 ms
c	Answer: 
s SAT (w = 9)
c	Solution check:
p calculated antibandwidth = 9.
c
c
[runlim] end:			Tue Sep 17 14:51:40 2024
[runlim] status:		ok
[runlim] result:		0
[runlim] children:		0
[runlim] real:			25.31 seconds
[runlim] time:			24.69 seconds
[runlim] space:			112.8 MB
[runlim] samples:		247
