[runlim] version:		1.10
[runlim] time limit:		1800 seconds
[runlim] real time limit:	1800 seconds
[runlim] space limit:		30000 MB
[runlim] argv[0]:		/home/hvanh28/AntiBandwidthReconstruct/build/abw_enc
[runlim] argv[1]:		/home/hvanh28/AntiBandwidthReconstruct/build/Benchmarks/E-bcspwr02.mtx.rnd
[runlim] argv[2]:		--reduced
[runlim] argv[3]:		-symetry-break
[runlim] argv[4]:		f
[runlim] start:			Tue Sep 17 07:31:16 2024
[runlim] main pid:		129958
[runlim] log captured:
c LadderEncoder 1.0.
c Symetry breaking in the first node.
c Solving strategy: from LB to UB.
c LB-w = 21 (LB in Sinnl - A note on computational approaches for the antibandwidth problem).
c UB-w = 22 (UB in Sinnl - A note on computational approaches for the antibandwidth problem).
c Antibandwidth problem with w = 21 ( E-bcspwr02.mtx.rnd ):
c Initializing CaDiCaL (version 1.2.1).
c	Configuring CaDiCaL as --sat (1).
c Initializing a Naive-Reduced encoder with n = 49.
c Encoding starts with w = 21:
c	Encode symmetry breaking with option: f.
c	Encoding duration: 0s
c	Number of clauses: 206230
c	Number of irredundant clauses: 203428
c	Number of variables: 2401
c SAT Solving starts:
[runlim] sample:		10.0 time, 10.0 real, 38.6 MB
[runlim] sample:		20.0 time, 20.0 real, 59.2 MB
[runlim] sample:		30.0 time, 30.0 real, 60.3 MB
c	Solving duration: 37480 ms
c	Answer: 
s SAT (w = 21)
c	Solution check:
p calculated antibandwidth = 21.
c
c
c Antibandwidth problem with w = 22 ( E-bcspwr02.mtx.rnd ):
c Initializing CaDiCaL (version 1.2.1).
c	Configuring CaDiCaL as --sat (1).
c Initializing a Naive-Reduced encoder with n = 49.
c Encoding starts with w = 22:
c	Encode symmetry breaking with option: f.
c	Encoding duration: 0s
c	Number of clauses: 209534
c	Number of irredundant clauses: 206705
c	Number of variables: 2401
c SAT Solving starts:
[runlim] sample:		40.0 time, 40.0 real, 69.0 MB
[runlim] sample:		50.0 time, 50.0 real, 69.0 MB
c	Solving duration: 16142 ms
c	Answer: 
s UNSAT (w = 22)
c
c
[runlim] end:			Tue Sep 17 07:32:09 2024
[runlim] status:		ok
[runlim] result:		0
[runlim] children:		0
[runlim] real:			53.77 seconds
[runlim] time:			53.68 seconds
[runlim] space:			79.8 MB
[runlim] samples:		537
