[runlim] version:		1.10
[runlim] time limit:		1800 seconds
[runlim] real time limit:	1800 seconds
[runlim] space limit:		30000 MB
[runlim] argv[0]:		/home/truongxuanhieu/AntiBandwidthReconstruct/build/abw_enc
[runlim] argv[1]:		/home/truongxuanhieu/AntiBandwidthReconstruct/build/Benchmarks/E-bcspwr02.mtx.rnd
[runlim] argv[2]:		--product
[runlim] argv[3]:		-symetry-break
[runlim] argv[4]:		f
[runlim] start:			Wed Sep 18 04:50:12 2024
[runlim] main pid:		43402
[runlim] log captured:
c LadderEncoder 1.0.
c Symetry breaking in the first node.
c Solving strategy: from LB to UB.
c LB-w = 21 (LB in Sinnl - A note on computational approaches for the antibandwidth problem).
c UB-w = 22 (UB in Sinnl - A note on computational approaches for the antibandwidth problem).
c Antibandwidth problem with w = 21 ( E-bcspwr02.mtx.rnd ):
c Initializing CaDiCaL (version 1.2.1).
c	Configuring CaDiCaL as --sat (1).
c Initializing a 2-Product encoder with n = 49.
c Encoding starts with w = 21:
c	Encode symmetry breaking with option: f.
c	Encoding duration: 0s
c	Number of clauses: 259352
c	Number of irredundant clauses: 258644
c	Number of variables: 68113
c SAT Solving starts:
[runlim] sample:		10.0 time, 10.8 real, 60.7 MB
c	Solving duration: 12374 ms
c	Answer: 
s SAT (w = 21)
c	Solution check:
p calculated antibandwidth = 21.
c
c
c Antibandwidth problem with w = 22 ( E-bcspwr02.mtx.rnd ):
c Initializing CaDiCaL (version 1.2.1).
c	Configuring CaDiCaL as --sat (1).
c Initializing a 2-Product encoder with n = 49.
c Encoding starts with w = 22:
c	Encode symmetry breaking with option: f.
c	Encoding duration: 0s
c	Number of clauses: 274102
c	Number of irredundant clauses: 273388
c	Number of variables: 75901
c SAT Solving starts:
[runlim] sample:		20.0 time, 20.8 real, 59.2 MB
c	Solving duration: 14981 ms
c	Answer: 
s UNSAT (w = 22)
c
c
[runlim] end:			Wed Sep 18 04:50:40 2024
[runlim] status:		ok
[runlim] result:		0
[runlim] children:		0
[runlim] real:			28.25 seconds
[runlim] time:			27.39 seconds
[runlim] space:			77.3 MB
[runlim] samples:		274
