[runlim] version:		1.10
[runlim] time limit:		1800 seconds
[runlim] real time limit:	1800 seconds
[runlim] space limit:		30000 MB
[runlim] argv[0]:		/home/hvanh28/AntiBandwidthReconstruct/build/abw_enc
[runlim] argv[1]:		/home/hvanh28/AntiBandwidthReconstruct/build/Benchmarks/I-ash85.mtx.rnd
[runlim] argv[2]:		--reduced
[runlim] argv[3]:		-symetry-break
[runlim] argv[4]:		f
[runlim] start:			Tue Sep 17 07:01:16 2024
[runlim] main pid:		129298
[runlim] log captured:
c LadderEncoder 1.0.
c Symetry breaking in the first node.
c Solving strategy: from LB to UB.
c LB-w = 19 (LB in Sinnl - A note on computational approaches for the antibandwidth problem).
c UB-w = 27 (UB in Sinnl - A note on computational approaches for the antibandwidth problem).
c Antibandwidth problem with w = 19 ( I-ash85.mtx.rnd ):
c Initializing CaDiCaL (version 1.2.1).
c	Configuring CaDiCaL as --sat (1).
c Initializing a Naive-Reduced encoder with n = 85.
c Encoding starts with w = 19:
c	Encode symmetry breaking with option: f.
c	Encoding duration: 0s
c	Number of clauses: 1202354
c	Number of irredundant clauses: 1189412
c	Number of variables: 7225
c SAT Solving starts:
[runlim] sample:		10.0 time, 10.6 real, 178.3 MB
c	Solving duration: 17137 ms
c	Answer: 
s SAT (w = 19)
c	Solution check:
p calculated antibandwidth = 19.
c
c
c Antibandwidth problem with w = 20 ( I-ash85.mtx.rnd ):
c Initializing CaDiCaL (version 1.2.1).
c	Configuring CaDiCaL as --sat (1).
c Initializing a Naive-Reduced encoder with n = 85.
c Encoding starts with w = 20:
c	Encode symmetry breaking with option: f.
c	Encoding duration: 0s
c	Number of clauses: 1231262
c	Number of irredundant clauses: 1217995
c	Number of variables: 7225
c SAT Solving starts:
[runlim] sample:		20.0 time, 20.6 real, 215.4 MB
[runlim] sample:		30.0 time, 30.6 real, 215.5 MB
c	Solving duration: 15532 ms
c	Answer: 
s SAT (w = 20)
c	Solution check:
p calculated antibandwidth = 20.
c
c
c Antibandwidth problem with w = 21 ( I-ash85.mtx.rnd ):
c Initializing CaDiCaL (version 1.2.1).
c	Configuring CaDiCaL as --sat (1).
c Initializing a Naive-Reduced encoder with n = 85.
c Encoding starts with w = 21:
c	Encode symmetry breaking with option: f.
c	Encoding duration: 0s
c	Number of clauses: 1259732
c	Number of irredundant clauses: 1246145
c	Number of variables: 7225
c SAT Solving starts:
[runlim] sample:		40.0 time, 40.6 real, 217.2 MB
[runlim] sample:		50.0 time, 50.6 real, 166.1 MB
[runlim] sample:		60.0 time, 60.6 real, 208.2 MB
[runlim] sample:		70.0 time, 70.6 real, 218.7 MB
[runlim] sample:		80.0 time, 80.6 real, 220.0 MB
[runlim] sample:		90.0 time, 90.6 real, 214.1 MB
[runlim] sample:		100.0 time, 100.6 real, 226.6 MB
[runlim] sample:		110.0 time, 110.6 real, 286.3 MB
[runlim] sample:		120.0 time, 120.6 real, 228.4 MB
[runlim] sample:		130.0 time, 130.6 real, 225.6 MB
[runlim] sample:		140.0 time, 140.6 real, 232.3 MB
[runlim] sample:		150.0 time, 150.6 real, 220.7 MB
[runlim] sample:		160.0 time, 160.6 real, 238.8 MB
[runlim] sample:		170.0 time, 170.6 real, 248.1 MB
[runlim] sample:		180.0 time, 180.6 real, 236.4 MB
[runlim] sample:		190.0 time, 190.6 real, 236.0 MB
c	Solving duration: 163850 ms
c	Answer: 
s SAT (w = 21)
c	Solution check:
p calculated antibandwidth = 21.
c
c
c Antibandwidth problem with w = 22 ( I-ash85.mtx.rnd ):
c Initializing CaDiCaL (version 1.2.1).
c	Configuring CaDiCaL as --sat (1).
c Initializing a Naive-Reduced encoder with n = 85.
c Encoding starts with w = 22:
c	Encode symmetry breaking with option: f.
c	Encoding duration: 0s
c	Number of clauses: 1287764
c	Number of irredundant clauses: 1273862
c	Number of variables: 7225
c SAT Solving starts:
[runlim] sample:		200.0 time, 200.6 real, 217.5 MB
[runlim] sample:		210.0 time, 210.6 real, 218.0 MB
[runlim] sample:		220.0 time, 220.6 real, 260.5 MB
[runlim] sample:		230.0 time, 230.6 real, 258.8 MB
[runlim] sample:		240.0 time, 240.6 real, 220.9 MB
[runlim] sample:		250.0 time, 250.6 real, 204.0 MB
[runlim] sample:		260.0 time, 260.6 real, 228.6 MB
[runlim] sample:		270.0 time, 270.6 real, 237.2 MB
[runlim] sample:		279.9 time, 280.6 real, 231.5 MB
[runlim] sample:		290.0 time, 290.6 real, 235.6 MB
[runlim] sample:		299.9 time, 300.6 real, 233.5 MB
[runlim] sample:		309.9 time, 310.6 real, 234.4 MB
[runlim] sample:		319.9 time, 320.6 real, 244.3 MB
[runlim] sample:		329.9 time, 330.6 real, 231.3 MB
[runlim] sample:		339.9 time, 340.6 real, 245.0 MB
[runlim] sample:		349.9 time, 350.6 real, 245.0 MB
[runlim] sample:		359.9 time, 360.6 real, 240.0 MB
[runlim] sample:		369.9 time, 370.6 real, 244.8 MB
[runlim] sample:		379.9 time, 380.6 real, 243.1 MB
[runlim] sample:		389.9 time, 390.6 real, 245.1 MB
[runlim] sample:		399.9 time, 400.6 real, 248.8 MB
[runlim] sample:		409.9 time, 410.6 real, 245.5 MB
[runlim] sample:		419.9 time, 420.6 real, 250.1 MB
[runlim] sample:		429.9 time, 430.6 real, 244.8 MB
[runlim] sample:		439.9 time, 440.6 real, 247.3 MB
[runlim] sample:		449.9 time, 450.6 real, 248.9 MB
[runlim] sample:		459.9 time, 460.6 real, 244.2 MB
[runlim] sample:		469.9 time, 470.6 real, 266.2 MB
[runlim] sample:		479.9 time, 480.6 real, 287.6 MB
[runlim] sample:		489.9 time, 490.6 real, 287.6 MB
[runlim] sample:		499.9 time, 500.6 real, 313.8 MB
[runlim] sample:		509.9 time, 510.6 real, 284.9 MB
[runlim] sample:		519.9 time, 520.6 real, 282.9 MB
[runlim] sample:		529.9 time, 530.6 real, 299.7 MB
[runlim] sample:		539.9 time, 540.6 real, 299.7 MB
[runlim] sample:		549.9 time, 550.6 real, 324.0 MB
[runlim] sample:		559.9 time, 560.6 real, 324.0 MB
[runlim] sample:		569.9 time, 570.6 real, 318.5 MB
[runlim] sample:		579.9 time, 580.6 real, 287.8 MB
[runlim] sample:		589.9 time, 590.6 real, 288.9 MB
[runlim] sample:		599.9 time, 600.6 real, 293.7 MB
[runlim] sample:		609.9 time, 610.6 real, 295.3 MB
[runlim] sample:		619.9 time, 620.6 real, 295.3 MB
[runlim] sample:		629.9 time, 630.6 real, 297.7 MB
[runlim] sample:		639.9 time, 640.6 real, 290.4 MB
[runlim] sample:		649.9 time, 650.6 real, 286.5 MB
[runlim] sample:		659.9 time, 660.6 real, 286.5 MB
[runlim] sample:		669.9 time, 670.6 real, 282.7 MB
[runlim] sample:		679.9 time, 680.6 real, 289.5 MB
[runlim] sample:		689.9 time, 690.6 real, 308.7 MB
[runlim] sample:		699.9 time, 700.6 real, 308.7 MB
[runlim] sample:		709.9 time, 710.6 real, 307.9 MB
[runlim] sample:		719.9 time, 720.6 real, 306.8 MB
[runlim] sample:		729.9 time, 730.6 real, 306.8 MB
[runlim] sample:		739.9 time, 740.6 real, 322.3 MB
[runlim] sample:		749.9 time, 750.6 real, 322.3 MB
[runlim] sample:		759.9 time, 760.6 real, 322.3 MB
[runlim] sample:		769.9 time, 770.6 real, 342.6 MB
[runlim] sample:		779.9 time, 780.6 real, 342.6 MB
[runlim] sample:		789.9 time, 790.6 real, 300.4 MB
[runlim] sample:		799.9 time, 800.6 real, 310.8 MB
[runlim] sample:		809.9 time, 810.6 real, 310.8 MB
[runlim] sample:		819.9 time, 820.6 real, 318.6 MB
[runlim] sample:		829.9 time, 830.6 real, 318.6 MB
[runlim] sample:		839.9 time, 840.6 real, 335.5 MB
[runlim] sample:		849.9 time, 850.6 real, 335.5 MB
[runlim] sample:		859.9 time, 860.6 real, 335.5 MB
[runlim] sample:		869.8 time, 870.6 real, 343.0 MB
[runlim] sample:		879.9 time, 880.6 real, 328.6 MB
[runlim] sample:		889.8 time, 890.6 real, 365.1 MB
[runlim] sample:		899.8 time, 900.6 real, 365.1 MB
[runlim] sample:		909.8 time, 910.6 real, 365.1 MB
[runlim] sample:		919.8 time, 920.6 real, 349.4 MB
[runlim] sample:		929.8 time, 930.6 real, 357.1 MB
[runlim] sample:		939.8 time, 940.6 real, 361.6 MB
[runlim] sample:		949.8 time, 950.6 real, 361.6 MB
[runlim] sample:		959.8 time, 960.6 real, 361.6 MB
[runlim] sample:		969.8 time, 970.6 real, 389.4 MB
[runlim] sample:		979.8 time, 980.6 real, 354.9 MB
[runlim] sample:		989.8 time, 990.6 real, 354.9 MB
[runlim] sample:		999.8 time, 1000.6 real, 354.9 MB
[runlim] sample:		1009.8 time, 1010.6 real, 364.8 MB
[runlim] sample:		1019.8 time, 1020.6 real, 364.8 MB
[runlim] sample:		1029.8 time, 1030.6 real, 355.3 MB
[runlim] sample:		1039.8 time, 1040.6 real, 355.3 MB
[runlim] sample:		1049.8 time, 1050.6 real, 367.3 MB
[runlim] sample:		1059.8 time, 1060.6 real, 367.3 MB
[runlim] sample:		1069.8 time, 1070.6 real, 367.3 MB
[runlim] sample:		1079.8 time, 1080.6 real, 400.0 MB
[runlim] sample:		1089.8 time, 1090.6 real, 322.6 MB
[runlim] sample:		1099.8 time, 1100.6 real, 322.6 MB
[runlim] sample:		1109.8 time, 1110.6 real, 356.9 MB
[runlim] sample:		1119.8 time, 1120.6 real, 356.9 MB
[runlim] sample:		1129.8 time, 1130.6 real, 364.9 MB
[runlim] sample:		1139.8 time, 1140.6 real, 364.9 MB
[runlim] sample:		1149.8 time, 1150.6 real, 364.9 MB
[runlim] sample:		1159.8 time, 1160.6 real, 364.9 MB
[runlim] sample:		1169.8 time, 1170.6 real, 371.2 MB
[runlim] sample:		1179.8 time, 1180.6 real, 371.2 MB
[runlim] sample:		1189.8 time, 1190.6 real, 349.4 MB
[runlim] sample:		1199.8 time, 1200.6 real, 349.4 MB
[runlim] sample:		1209.8 time, 1210.6 real, 375.0 MB
[runlim] sample:		1219.8 time, 1220.6 real, 375.0 MB
[runlim] sample:		1229.8 time, 1230.6 real, 375.0 MB
[runlim] sample:		1239.8 time, 1240.6 real, 375.0 MB
[runlim] sample:		1249.8 time, 1250.6 real, 389.1 MB
[runlim] sample:		1259.8 time, 1260.6 real, 389.1 MB
[runlim] sample:		1269.8 time, 1270.6 real, 389.1 MB
[runlim] sample:		1279.8 time, 1280.6 real, 389.1 MB
[runlim] sample:		1289.8 time, 1290.6 real, 389.1 MB
[runlim] sample:		1299.8 time, 1300.6 real, 389.1 MB
[runlim] sample:		1309.8 time, 1310.6 real, 386.9 MB
[runlim] sample:		1319.8 time, 1320.6 real, 386.9 MB
[runlim] sample:		1329.8 time, 1330.6 real, 386.9 MB
[runlim] sample:		1339.8 time, 1340.6 real, 355.0 MB
[runlim] sample:		1349.8 time, 1350.6 real, 355.0 MB
[runlim] sample:		1359.8 time, 1360.6 real, 355.0 MB
[runlim] sample:		1369.8 time, 1370.6 real, 355.0 MB
[runlim] sample:		1379.8 time, 1380.6 real, 373.9 MB
[runlim] sample:		1389.8 time, 1390.6 real, 373.9 MB
[runlim] sample:		1399.8 time, 1400.6 real, 373.9 MB
[runlim] sample:		1409.8 time, 1410.6 real, 373.9 MB
[runlim] sample:		1419.8 time, 1420.6 real, 386.1 MB
[runlim] sample:		1429.8 time, 1430.6 real, 386.1 MB
[runlim] sample:		1439.8 time, 1440.6 real, 386.1 MB
[runlim] sample:		1449.8 time, 1450.6 real, 386.1 MB
[runlim] sample:		1459.8 time, 1460.6 real, 362.9 MB
[runlim] sample:		1469.8 time, 1470.6 real, 344.8 MB
[runlim] sample:		1479.8 time, 1480.6 real, 344.8 MB
[runlim] sample:		1489.8 time, 1490.6 real, 347.8 MB
[runlim] sample:		1499.8 time, 1500.6 real, 347.8 MB
[runlim] sample:		1509.8 time, 1510.6 real, 370.4 MB
[runlim] sample:		1519.8 time, 1520.6 real, 370.4 MB
[runlim] sample:		1529.8 time, 1530.6 real, 370.4 MB
[runlim] sample:		1539.8 time, 1540.6 real, 370.4 MB
[runlim] sample:		1549.8 time, 1550.6 real, 370.4 MB
[runlim] sample:		1559.8 time, 1560.6 real, 423.4 MB
[runlim] sample:		1569.8 time, 1570.6 real, 423.4 MB
[runlim] sample:		1579.8 time, 1580.6 real, 423.4 MB
[runlim] sample:		1589.8 time, 1590.6 real, 417.7 MB
[runlim] sample:		1599.8 time, 1600.6 real, 417.7 MB
[runlim] sample:		1609.8 time, 1610.6 real, 417.7 MB
[runlim] sample:		1619.8 time, 1620.6 real, 417.7 MB
[runlim] sample:		1629.8 time, 1630.6 real, 417.7 MB
[runlim] sample:		1639.7 time, 1640.6 real, 467.6 MB
[runlim] sample:		1649.7 time, 1650.6 real, 467.9 MB
[runlim] sample:		1659.7 time, 1660.6 real, 467.9 MB
[runlim] sample:		1669.7 time, 1670.6 real, 394.9 MB
[runlim] sample:		1679.7 time, 1680.6 real, 394.9 MB
[runlim] sample:		1689.7 time, 1690.6 real, 391.7 MB
[runlim] sample:		1699.7 time, 1700.6 real, 391.7 MB
[runlim] sample:		1709.7 time, 1710.6 real, 391.7 MB
[runlim] sample:		1719.7 time, 1720.6 real, 464.7 MB
[runlim] sample:		1729.7 time, 1730.6 real, 464.7 MB
[runlim] sample:		1739.7 time, 1740.6 real, 464.7 MB
[runlim] sample:		1749.7 time, 1750.6 real, 429.7 MB
[runlim] sample:		1759.7 time, 1760.6 real, 429.7 MB
[runlim] sample:		1769.7 time, 1770.6 real, 429.7 MB
[runlim] sample:		1779.7 time, 1780.6 real, 429.7 MB
[runlim] sample:		1789.7 time, 1790.6 real, 456.1 MB
c Signal interruption.
[runlim] end:			Tue Sep 17 07:31:16 2024
[runlim] status:		out of time
[runlim] result:		2
[runlim] children:		0
[runlim] real:			1800.02 seconds
[runlim] time:			1799.12 seconds
[runlim] space:			612.2 MB
[runlim] samples:		17994
