[runlim] version:		1.10
[runlim] time limit:		1800 seconds
[runlim] real time limit:	1800 seconds
[runlim] space limit:		30000 MB
[runlim] argv[0]:		/home/hvanh28/AntiBandwidthReconstruct/build/abw_enc
[runlim] argv[1]:		/home/hvanh28/AntiBandwidthReconstruct/build/Benchmarks/J-nos4.mtx.rnd
[runlim] argv[2]:		--reduced
[runlim] argv[3]:		-symetry-break
[runlim] argv[4]:		f
[runlim] start:			Tue Sep 17 10:47:38 2024
[runlim] main pid:		131441
[runlim] log captured:
c LadderEncoder 1.0.
c Symetry breaking in the first node.
c Solving strategy: from LB to UB.
c LB-w = 32 (LB in Sinnl - A note on computational approaches for the antibandwidth problem).
c UB-w = 40 (UB in Sinnl - A note on computational approaches for the antibandwidth problem).
c Antibandwidth problem with w = 32 ( J-nos4.mtx.rnd ):
c Initializing CaDiCaL (version 1.2.1).
c	Configuring CaDiCaL as --sat (1).
c Initializing a Naive-Reduced encoder with n = 100.
c Encoding starts with w = 32:
c	Encode symmetry breaking with option: f.
c	Encoding duration: 0s
c	Number of clauses: 2276626
c	Number of irredundant clauses: 2252277
c	Number of variables: 10000
c SAT Solving starts:
[runlim] sample:		10.0 time, 10.4 real, 268.8 MB
[runlim] sample:		20.0 time, 20.4 real, 270.9 MB
[runlim] sample:		30.0 time, 30.4 real, 296.9 MB
[runlim] sample:		40.0 time, 40.4 real, 296.9 MB
[runlim] sample:		50.0 time, 50.4 real, 294.9 MB
[runlim] sample:		60.0 time, 60.4 real, 296.8 MB
[runlim] sample:		70.0 time, 70.4 real, 294.2 MB
[runlim] sample:		80.0 time, 80.4 real, 301.6 MB
[runlim] sample:		90.0 time, 90.4 real, 301.6 MB
[runlim] sample:		100.0 time, 100.4 real, 315.2 MB
[runlim] sample:		110.0 time, 110.4 real, 300.5 MB
[runlim] sample:		120.0 time, 120.4 real, 300.5 MB
[runlim] sample:		130.0 time, 130.4 real, 305.3 MB
[runlim] sample:		140.0 time, 140.4 real, 323.6 MB
[runlim] sample:		150.0 time, 150.4 real, 357.6 MB
[runlim] sample:		160.0 time, 160.4 real, 433.3 MB
[runlim] sample:		170.0 time, 170.4 real, 316.6 MB
[runlim] sample:		180.0 time, 180.4 real, 312.2 MB
[runlim] sample:		190.0 time, 190.4 real, 312.2 MB
[runlim] sample:		200.0 time, 200.4 real, 358.3 MB
[runlim] sample:		210.0 time, 210.4 real, 348.1 MB
[runlim] sample:		220.0 time, 220.4 real, 347.2 MB
[runlim] sample:		230.0 time, 230.4 real, 284.9 MB
[runlim] sample:		240.0 time, 240.4 real, 303.8 MB
[runlim] sample:		250.0 time, 250.4 real, 295.3 MB
[runlim] sample:		260.0 time, 260.4 real, 329.7 MB
[runlim] sample:		270.0 time, 270.4 real, 297.1 MB
[runlim] sample:		280.0 time, 280.4 real, 337.6 MB
[runlim] sample:		289.9 time, 290.4 real, 337.9 MB
[runlim] sample:		299.9 time, 300.4 real, 340.2 MB
[runlim] sample:		309.9 time, 310.4 real, 308.8 MB
[runlim] sample:		319.9 time, 320.4 real, 314.9 MB
[runlim] sample:		329.9 time, 330.4 real, 355.4 MB
[runlim] sample:		339.9 time, 340.4 real, 439.3 MB
[runlim] sample:		349.9 time, 350.4 real, 363.0 MB
[runlim] sample:		359.9 time, 360.4 real, 366.5 MB
[runlim] sample:		369.9 time, 370.4 real, 369.8 MB
[runlim] sample:		379.9 time, 380.4 real, 405.6 MB
[runlim] sample:		389.9 time, 390.4 real, 405.6 MB
[runlim] sample:		399.9 time, 400.4 real, 405.6 MB
[runlim] sample:		409.9 time, 410.4 real, 394.2 MB
[runlim] sample:		419.9 time, 420.4 real, 394.2 MB
[runlim] sample:		429.9 time, 430.4 real, 361.7 MB
[runlim] sample:		439.9 time, 440.4 real, 356.8 MB
[runlim] sample:		449.9 time, 450.4 real, 356.8 MB
[runlim] sample:		459.9 time, 460.4 real, 418.6 MB
[runlim] sample:		469.9 time, 470.4 real, 418.6 MB
[runlim] sample:		479.9 time, 480.4 real, 422.2 MB
[runlim] sample:		489.9 time, 490.4 real, 384.3 MB
[runlim] sample:		499.9 time, 500.4 real, 386.3 MB
c	Solving duration: 503699 ms
c	Answer: 
s SAT (w = 32)
c	Solution check:
p calculated antibandwidth = 32.
c
c
c Antibandwidth problem with w = 33 ( J-nos4.mtx.rnd ):
c Initializing CaDiCaL (version 1.2.1).
c	Configuring CaDiCaL as --sat (1).
c Initializing a Naive-Reduced encoder with n = 100.
c Encoding starts with w = 33:
c	Encode symmetry breaking with option: f.
c	Encoding duration: 0s
c	Number of clauses: 2310218
c	Number of irredundant clauses: 2285461
c	Number of variables: 10000
c SAT Solving starts:
[runlim] sample:		509.8 time, 510.4 real, 338.4 MB
[runlim] sample:		519.8 time, 520.4 real, 338.4 MB
[runlim] sample:		529.9 time, 530.4 real, 351.0 MB
[runlim] sample:		539.9 time, 540.4 real, 377.2 MB
[runlim] sample:		549.8 time, 550.4 real, 343.6 MB
[runlim] sample:		559.8 time, 560.4 real, 342.9 MB
[runlim] sample:		569.8 time, 570.4 real, 334.0 MB
[runlim] sample:		579.8 time, 580.4 real, 364.9 MB
[runlim] sample:		589.8 time, 590.4 real, 367.1 MB
[runlim] sample:		599.8 time, 600.4 real, 364.3 MB
[runlim] sample:		609.8 time, 610.4 real, 334.5 MB
[runlim] sample:		619.8 time, 620.4 real, 337.1 MB
[runlim] sample:		629.8 time, 630.4 real, 346.3 MB
[runlim] sample:		639.8 time, 640.4 real, 332.6 MB
[runlim] sample:		649.8 time, 650.4 real, 310.5 MB
[runlim] sample:		659.8 time, 660.4 real, 326.1 MB
[runlim] sample:		669.8 time, 670.4 real, 327.2 MB
[runlim] sample:		679.8 time, 680.4 real, 345.7 MB
[runlim] sample:		689.8 time, 690.4 real, 347.6 MB
[runlim] sample:		699.8 time, 700.4 real, 367.0 MB
[runlim] sample:		709.8 time, 710.4 real, 380.6 MB
[runlim] sample:		719.8 time, 720.4 real, 380.6 MB
[runlim] sample:		729.8 time, 730.4 real, 354.9 MB
[runlim] sample:		739.8 time, 740.4 real, 354.9 MB
[runlim] sample:		749.8 time, 750.4 real, 417.1 MB
[runlim] sample:		759.8 time, 760.4 real, 413.3 MB
[runlim] sample:		769.8 time, 770.4 real, 348.8 MB
[runlim] sample:		779.8 time, 780.4 real, 362.7 MB
[runlim] sample:		789.8 time, 790.4 real, 362.7 MB
[runlim] sample:		799.8 time, 800.4 real, 414.2 MB
[runlim] sample:		809.8 time, 810.4 real, 390.2 MB
[runlim] sample:		819.8 time, 820.4 real, 351.3 MB
[runlim] sample:		829.8 time, 830.4 real, 374.1 MB
[runlim] sample:		839.8 time, 840.4 real, 411.2 MB
[runlim] sample:		849.8 time, 850.4 real, 411.2 MB
[runlim] sample:		859.8 time, 860.4 real, 471.0 MB
[runlim] sample:		869.8 time, 870.4 real, 471.0 MB
[runlim] sample:		879.8 time, 880.4 real, 378.3 MB
[runlim] sample:		889.8 time, 890.4 real, 500.8 MB
[runlim] sample:		899.8 time, 900.4 real, 415.4 MB
[runlim] sample:		909.8 time, 910.4 real, 415.4 MB
[runlim] sample:		919.8 time, 920.4 real, 415.4 MB
[runlim] sample:		929.8 time, 930.4 real, 457.7 MB
[runlim] sample:		939.8 time, 940.4 real, 448.1 MB
[runlim] sample:		949.8 time, 950.4 real, 374.2 MB
[runlim] sample:		959.8 time, 960.4 real, 437.3 MB
[runlim] sample:		969.8 time, 970.4 real, 437.3 MB
[runlim] sample:		979.8 time, 980.4 real, 406.9 MB
[runlim] sample:		989.8 time, 990.4 real, 446.1 MB
[runlim] sample:		999.8 time, 1000.4 real, 435.9 MB
[runlim] sample:		1009.8 time, 1010.4 real, 474.8 MB
[runlim] sample:		1019.8 time, 1020.4 real, 474.8 MB
[runlim] sample:		1029.8 time, 1030.4 real, 426.4 MB
[runlim] sample:		1039.8 time, 1040.4 real, 436.2 MB
[runlim] sample:		1049.8 time, 1050.4 real, 436.2 MB
[runlim] sample:		1059.8 time, 1060.4 real, 423.7 MB
[runlim] sample:		1069.8 time, 1070.4 real, 423.7 MB
[runlim] sample:		1079.8 time, 1080.4 real, 439.0 MB
[runlim] sample:		1089.8 time, 1090.4 real, 439.0 MB
[runlim] sample:		1099.8 time, 1100.4 real, 439.0 MB
[runlim] sample:		1109.8 time, 1110.4 real, 439.0 MB
[runlim] sample:		1119.8 time, 1120.4 real, 453.2 MB
[runlim] sample:		1129.8 time, 1130.4 real, 445.4 MB
[runlim] sample:		1139.8 time, 1140.4 real, 427.6 MB
[runlim] sample:		1149.8 time, 1150.4 real, 427.6 MB
[runlim] sample:		1159.8 time, 1160.4 real, 427.6 MB
[runlim] sample:		1169.8 time, 1170.4 real, 485.3 MB
[runlim] sample:		1179.8 time, 1180.4 real, 422.5 MB
[runlim] sample:		1189.8 time, 1190.4 real, 523.5 MB
[runlim] sample:		1199.8 time, 1200.4 real, 438.2 MB
[runlim] sample:		1209.8 time, 1210.4 real, 488.2 MB
[runlim] sample:		1219.8 time, 1220.4 real, 488.2 MB
[runlim] sample:		1229.8 time, 1230.4 real, 488.2 MB
[runlim] sample:		1239.8 time, 1240.4 real, 446.7 MB
[runlim] sample:		1249.8 time, 1250.4 real, 446.7 MB
[runlim] sample:		1259.8 time, 1260.4 real, 489.3 MB
[runlim] sample:		1269.8 time, 1270.4 real, 443.0 MB
[runlim] sample:		1279.8 time, 1280.4 real, 443.0 MB
[runlim] sample:		1289.8 time, 1290.4 real, 458.0 MB
[runlim] sample:		1299.8 time, 1300.4 real, 458.0 MB
[runlim] sample:		1309.8 time, 1310.4 real, 458.0 MB
[runlim] sample:		1319.7 time, 1320.4 real, 458.0 MB
[runlim] sample:		1329.8 time, 1330.4 real, 538.0 MB
[runlim] sample:		1339.8 time, 1340.4 real, 476.6 MB
[runlim] sample:		1349.8 time, 1350.4 real, 418.9 MB
[runlim] sample:		1359.8 time, 1360.4 real, 397.7 MB
[runlim] sample:		1369.7 time, 1370.4 real, 397.7 MB
[runlim] sample:		1379.7 time, 1380.4 real, 402.8 MB
[runlim] sample:		1389.7 time, 1390.4 real, 402.8 MB
[runlim] sample:		1399.7 time, 1400.4 real, 449.0 MB
[runlim] sample:		1409.7 time, 1410.4 real, 449.0 MB
[runlim] sample:		1419.7 time, 1420.4 real, 427.1 MB
[runlim] sample:		1429.7 time, 1430.4 real, 427.1 MB
[runlim] sample:		1439.7 time, 1440.4 real, 482.4 MB
[runlim] sample:		1449.7 time, 1450.4 real, 482.4 MB
[runlim] sample:		1459.7 time, 1460.4 real, 482.4 MB
[runlim] sample:		1469.7 time, 1470.4 real, 471.8 MB
[runlim] sample:		1479.7 time, 1480.4 real, 471.8 MB
[runlim] sample:		1489.7 time, 1490.4 real, 471.8 MB
[runlim] sample:		1499.7 time, 1500.4 real, 497.1 MB
[runlim] sample:		1509.7 time, 1510.4 real, 497.1 MB
[runlim] sample:		1519.7 time, 1520.4 real, 497.1 MB
[runlim] sample:		1529.7 time, 1530.4 real, 490.8 MB
[runlim] sample:		1539.7 time, 1540.4 real, 490.8 MB
[runlim] sample:		1549.7 time, 1550.4 real, 490.8 MB
[runlim] sample:		1559.7 time, 1560.4 real, 490.8 MB
[runlim] sample:		1569.7 time, 1570.4 real, 480.1 MB
[runlim] sample:		1579.7 time, 1580.4 real, 480.1 MB
[runlim] sample:		1589.7 time, 1590.4 real, 471.2 MB
[runlim] sample:		1599.7 time, 1600.4 real, 471.2 MB
[runlim] sample:		1609.7 time, 1610.4 real, 716.8 MB
[runlim] sample:		1619.7 time, 1620.4 real, 553.9 MB
[runlim] sample:		1629.7 time, 1630.4 real, 555.0 MB
[runlim] sample:		1639.7 time, 1640.4 real, 555.0 MB
[runlim] sample:		1649.7 time, 1650.4 real, 579.0 MB
[runlim] sample:		1659.7 time, 1660.4 real, 579.0 MB
[runlim] sample:		1669.7 time, 1670.4 real, 579.0 MB
[runlim] sample:		1679.7 time, 1680.4 real, 579.0 MB
[runlim] sample:		1689.7 time, 1690.4 real, 523.5 MB
[runlim] sample:		1699.7 time, 1700.4 real, 458.2 MB
[runlim] sample:		1709.7 time, 1710.4 real, 458.2 MB
[runlim] sample:		1719.7 time, 1720.4 real, 542.8 MB
[runlim] sample:		1729.7 time, 1730.4 real, 542.8 MB
[runlim] sample:		1739.7 time, 1740.4 real, 542.8 MB
[runlim] sample:		1749.7 time, 1750.4 real, 542.8 MB
[runlim] sample:		1759.7 time, 1760.4 real, 542.8 MB
[runlim] sample:		1769.7 time, 1770.4 real, 542.8 MB
[runlim] sample:		1779.7 time, 1780.4 real, 542.8 MB
[runlim] sample:		1789.7 time, 1790.4 real, 542.8 MB
c Signal interruption.
[runlim] end:			Tue Sep 17 11:17:38 2024
[runlim] status:		out of time
[runlim] result:		2
[runlim] children:		0
[runlim] real:			1800.02 seconds
[runlim] time:			1799.28 seconds
[runlim] space:			790.1 MB
[runlim] samples:		17996
