[runlim] version:		1.10
[runlim] time limit:		1800 seconds
[runlim] real time limit:	1800 seconds
[runlim] space limit:		30000 MB
[runlim] argv[0]:		/home/truongxuanhieu/AntiBandwidthReconstruct/build/abw_enc
[runlim] argv[1]:		/home/truongxuanhieu/AntiBandwidthReconstruct/build/Benchmarks/J-nos4.mtx.rnd
[runlim] argv[2]:		--duplex
[runlim] start:			Mon Aug 12 15:18:41 2024
[runlim] main pid:		2071
[runlim] log captured:
c DuplexEncoder 0.8.
c Solving strategy: from LB to UB.
c LB-w = 32 (LB in Sinnl - A note on computational approaches for the antibandwidth problem).
c UB-w = 40 (UB in Sinnl - A note on computational approaches for the antibandwidth problem).
c Antibandwidth problem with w = 32 ( J-nos4.mtx.rnd ):
c Initializing CaDiCaL (version 1.2.1).
c	Configuring CaDiCaL as --sat (1).
c Initializing a Duplex encoder with n = 100.
c Encoding starts with w = 32:
c	Labels and Vertices aux var: 3600
c	Labels and Vertices constraints:  25800
c	Obj k aux var: 31600
c	Obj k constraints: 165696
c	Obj k glue staircase constraints: 66196
c	Encoding duration: 0s
c	Number of clauses: 191546
c	Number of irredundant clauses: 176664
c	Number of variables: 45200
c SAT Solving starts:
[runlim] sample:		10.0 time, 10.4 real, 55.8 MB
c	Solving duration: 10182 ms
c	Answer: 
s SAT (w = 32)
c	Solution check:
p calculated antibandwidth = 32.
c
c
c Antibandwidth problem with w = 33 ( J-nos4.mtx.rnd ):
c Initializing CaDiCaL (version 1.2.1).
c	Configuring CaDiCaL as --sat (1).
c Initializing a Duplex encoder with n = 100.
c Encoding starts with w = 33:
c	Labels and Vertices aux var: 3600
c	Labels and Vertices constraints:  25800
c	Obj k aux var: 32000
c	Obj k constraints: 165308
c	Obj k glue staircase constraints: 65208
c	Encoding duration: 0s
c	Number of clauses: 191158
c	Number of irredundant clauses: 176706
c	Number of variables: 45600
c SAT Solving starts:
[runlim] sample:		20.0 time, 20.4 real, 59.0 MB
[runlim] sample:		30.0 time, 30.4 real, 70.3 MB
[runlim] sample:		40.0 time, 40.4 real, 91.7 MB
[runlim] sample:		50.0 time, 50.4 real, 91.8 MB
[runlim] sample:		60.0 time, 60.4 real, 110.9 MB
c	Solving duration: 49776 ms
c	Answer: 
s SAT (w = 33)
c	Solution check:
p calculated antibandwidth = 33.
c
c
c Antibandwidth problem with w = 34 ( J-nos4.mtx.rnd ):
c Initializing CaDiCaL (version 1.2.1).
c	Configuring CaDiCaL as --sat (1).
c Initializing a Duplex encoder with n = 100.
c Encoding starts with w = 34:
c	Labels and Vertices aux var: 3600
c	Labels and Vertices constraints:  25500
c	Obj k aux var: 26000
c	Obj k constraints: 149861
c	Obj k glue staircase constraints: 64961
c	Encoding duration: 0s
c	Number of clauses: 175411
c	Number of irredundant clauses: 161003
c	Number of variables: 39600
c SAT Solving starts:
[runlim] sample:		70.0 time, 70.4 real, 110.9 MB
[runlim] sample:		80.0 time, 80.4 real, 111.2 MB
[runlim] sample:		90.0 time, 90.4 real, 111.4 MB
[runlim] sample:		100.0 time, 100.4 real, 111.4 MB
[runlim] sample:		110.0 time, 110.4 real, 62.5 MB
[runlim] sample:		120.0 time, 120.4 real, 139.5 MB
[runlim] sample:		130.0 time, 130.4 real, 130.2 MB
[runlim] sample:		140.0 time, 140.4 real, 116.7 MB
[runlim] sample:		150.0 time, 150.4 real, 144.4 MB
[runlim] sample:		160.0 time, 160.4 real, 116.8 MB
[runlim] sample:		170.0 time, 170.4 real, 153.0 MB
[runlim] sample:		180.0 time, 180.4 real, 128.8 MB
[runlim] sample:		190.0 time, 190.4 real, 79.4 MB
[runlim] sample:		200.0 time, 200.4 real, 155.9 MB
[runlim] sample:		210.0 time, 210.4 real, 124.1 MB
[runlim] sample:		220.0 time, 220.4 real, 124.1 MB
[runlim] sample:		230.0 time, 230.4 real, 133.1 MB
c	Solving duration: 179411 ms
c	Answer: 
s SAT (w = 34)
c	Solution check:
p calculated antibandwidth = 34.
c
c
c Antibandwidth problem with w = 35 ( J-nos4.mtx.rnd ):
c Initializing CaDiCaL (version 1.2.1).
c	Configuring CaDiCaL as --sat (1).
c Initializing a Duplex encoder with n = 100.
c Encoding starts with w = 35:
c	Labels and Vertices aux var: 3600
c	Labels and Vertices constraints:  25500
c	Obj k aux var: 26200
c	Obj k constraints: 149073
c	Obj k glue staircase constraints: 63973
c	Encoding duration: 0s
c	Number of clauses: 174623
c	Number of irredundant clauses: 160449
c	Number of variables: 39800
c SAT Solving starts:
[runlim] sample:		239.9 time, 240.4 real, 94.7 MB
[runlim] sample:		249.9 time, 250.4 real, 94.7 MB
[runlim] sample:		259.9 time, 260.4 real, 98.8 MB
c	Solving duration: 30174 ms
c	Answer: 
s SAT (w = 35)
c	Solution check:
p calculated antibandwidth = 35.
c
c
c Antibandwidth problem with w = 36 ( J-nos4.mtx.rnd ):
c Initializing CaDiCaL (version 1.2.1).
c	Configuring CaDiCaL as --sat (1).
c Initializing a Duplex encoder with n = 100.
c Encoding starts with w = 36:
[runlim] sample:		269.9 time, 270.4 real, 103.6 MB
c	Labels and Vertices aux var: 3600
c	Labels and Vertices constraints:  25500
c	Obj k aux var: 26400
c	Obj k constraints: 148285
c	Obj k glue staircase constraints: 62985
c	Encoding duration: 0s
c	Number of clauses: 173835
c	Number of irredundant clauses: 159895
c	Number of variables: 40000
c SAT Solving starts:
[runlim] sample:		279.9 time, 280.4 real, 103.6 MB
[runlim] sample:		289.9 time, 290.4 real, 103.6 MB
[runlim] sample:		299.9 time, 300.4 real, 103.6 MB
[runlim] sample:		309.9 time, 310.4 real, 103.6 MB
[runlim] sample:		319.9 time, 320.4 real, 103.6 MB
[runlim] sample:		329.9 time, 330.4 real, 103.6 MB
[runlim] sample:		339.9 time, 340.4 real, 103.6 MB
[runlim] sample:		349.9 time, 350.4 real, 104.9 MB
[runlim] sample:		359.9 time, 360.4 real, 106.5 MB
[runlim] sample:		369.9 time, 370.4 real, 115.3 MB
[runlim] sample:		379.9 time, 380.4 real, 115.3 MB
[runlim] sample:		389.9 time, 390.4 real, 115.3 MB
[runlim] sample:		399.9 time, 400.4 real, 115.3 MB
[runlim] sample:		409.9 time, 410.4 real, 115.3 MB
[runlim] sample:		419.9 time, 420.4 real, 115.4 MB
[runlim] sample:		429.9 time, 430.4 real, 115.4 MB
[runlim] sample:		439.9 time, 440.4 real, 115.4 MB
[runlim] sample:		449.9 time, 450.4 real, 115.4 MB
[runlim] sample:		459.9 time, 460.4 real, 115.4 MB
[runlim] sample:		469.9 time, 470.4 real, 115.4 MB
[runlim] sample:		479.9 time, 480.4 real, 115.4 MB
[runlim] sample:		489.9 time, 490.4 real, 115.4 MB
[runlim] sample:		499.9 time, 500.4 real, 115.4 MB
[runlim] sample:		509.9 time, 510.4 real, 115.4 MB
[runlim] sample:		519.9 time, 520.4 real, 120.7 MB
[runlim] sample:		529.9 time, 530.4 real, 120.7 MB
[runlim] sample:		539.9 time, 540.4 real, 120.7 MB
[runlim] sample:		549.9 time, 550.4 real, 120.7 MB
[runlim] sample:		559.9 time, 560.4 real, 120.7 MB
[runlim] sample:		569.9 time, 570.4 real, 120.7 MB
[runlim] sample:		579.9 time, 580.4 real, 120.7 MB
[runlim] sample:		589.9 time, 590.4 real, 120.8 MB
[runlim] sample:		599.9 time, 600.4 real, 120.8 MB
[runlim] sample:		609.9 time, 610.4 real, 130.6 MB
[runlim] sample:		619.9 time, 620.4 real, 130.6 MB
[runlim] sample:		629.9 time, 630.4 real, 130.6 MB
[runlim] sample:		639.9 time, 640.4 real, 130.6 MB
[runlim] sample:		649.9 time, 650.4 real, 130.6 MB
[runlim] sample:		659.9 time, 660.4 real, 130.6 MB
[runlim] sample:		669.9 time, 670.4 real, 130.6 MB
[runlim] sample:		679.9 time, 680.4 real, 130.6 MB
[runlim] sample:		689.9 time, 690.4 real, 130.6 MB
[runlim] sample:		699.9 time, 700.4 real, 130.6 MB
c	Solving duration: 433556 ms
c	Answer: 
s UNSAT (w = 36)
c
c
[runlim] end:			Mon Aug 12 15:30:24 2024
[runlim] status:		ok
[runlim] result:		0
[runlim] children:		0
[runlim] real:			704.00 seconds
[runlim] time:			703.50 seconds
[runlim] space:			214.8 MB
[runlim] samples:		7036
