[runlim] version:		1.10
[runlim] time limit:		1800 seconds
[runlim] real time limit:	1800 seconds
[runlim] space limit:		30000 MB
[runlim] argv[0]:		/home/truongxuanhieu/AntiBandwidthReconstruct/build/abw_enc
[runlim] argv[1]:		/home/truongxuanhieu/AntiBandwidthReconstruct/build/Benchmarks/M-bcsstk06.mtx.rnd
[runlim] argv[2]:		--product
[runlim] argv[3]:		-symetry-break
[runlim] argv[4]:		f
[runlim] start:			Wed Sep 18 04:51:32 2024
[runlim] main pid:		43481
[runlim] log captured:
c LadderEncoder 1.0.
c Symetry breaking in the first node.
c Solving strategy: from LB to UB.
c LB-w = 28 (LB in Sinnl - A note on computational approaches for the antibandwidth problem).
c UB-w = 72 (UB in Sinnl - A note on computational approaches for the antibandwidth problem).
c Antibandwidth problem with w = 28 ( M-bcsstk06.mtx.rnd ):
c Initializing CaDiCaL (version 1.2.1).
c	Configuring CaDiCaL as --sat (1).
c Initializing a 2-Product encoder with n = 420.
c Encoding starts with w = 28:
c	Encode symmetry breaking with option: f.
[runlim] sample:		10.0 time, 10.8 real, 5656.4 MB
[runlim] sample:		20.0 time, 20.8 real, 11315.2 MB
[runlim] sample:		30.0 time, 30.8 real, 17906.8 MB
[runlim] sample:		40.0 time, 40.8 real, 22393.2 MB
[runlim] sample:		50.0 time, 50.8 real, 29684.8 MB
c Signal interruption.
[runlim] end:			Wed Sep 18 04:52:24 2024
[runlim] status:		out of memory
[runlim] result:		3
[runlim] children:		0
[runlim] real:			52.37 seconds
[runlim] time:			51.48 seconds
[runlim] space:			30112.8 MB
[runlim] samples:		515
