[runlim] version:		1.10
[runlim] time limit:		1800 seconds
[runlim] real time limit:	1800 seconds
[runlim] space limit:		30000 MB
[runlim] argv[0]:		/home/hvanh28/AntiBandwidthReconstruct/build/abw_enc
[runlim] argv[1]:		/home/hvanh28/AntiBandwidthReconstruct/build/Benchmarks/M-bcsstk06.mtx.rnd
[runlim] argv[2]:		--seq
[runlim] argv[3]:		-symetry-break
[runlim] argv[4]:		f
[runlim] start:			Tue Sep 17 15:56:43 2024
[runlim] main pid:		135545
[runlim] log captured:
c LadderEncoder 1.0.
c Symetry breaking in the first node.
c Solving strategy: from LB to UB.
c LB-w = 28 (LB in Sinnl - A note on computational approaches for the antibandwidth problem).
c UB-w = 72 (UB in Sinnl - A note on computational approaches for the antibandwidth problem).
c Antibandwidth problem with w = 28 ( M-bcsstk06.mtx.rnd ):
c Initializing CaDiCaL (version 1.2.1).
c	Configuring CaDiCaL as --sat (1).
c Initializing a Sequential encoder with n = 420.
c Encoding starts with w = 28:
c	Encode symmetry breaking with option: f.
[runlim] sample:		10.0 time, 10.0 real, 2737.5 MB
[runlim] sample:		20.0 time, 20.0 real, 5517.3 MB
[runlim] sample:		30.0 time, 30.0 real, 8201.9 MB
[runlim] sample:		40.0 time, 40.0 real, 10277.8 MB
[runlim] sample:		50.0 time, 50.0 real, 14168.2 MB
[runlim] sample:		60.0 time, 60.0 real, 16245.4 MB
[runlim] sample:		70.0 time, 70.0 real, 18123.2 MB
[runlim] sample:		80.0 time, 80.0 real, 20329.2 MB
[runlim] sample:		90.0 time, 90.0 real, 25311.5 MB
[runlim] sample:		100.0 time, 100.0 real, 27998.0 MB
c Signal interruption.
[runlim] sample:		109.9 time, 110.0 real, 0.0 MB
[runlim] end:			Tue Sep 17 15:58:33 2024
[runlim] status:		out of memory
[runlim] result:		3
[runlim] children:		0
[runlim] real:			110.34 seconds
[runlim] time:			110.24 seconds
[runlim] space:			30014.0 MB
[runlim] samples:		1103
