[runlim] version:		1.10
[runlim] time limit:		1800 seconds
[runlim] real time limit:	1800 seconds
[runlim] space limit:		30000 MB
[runlim] argv[0]:		/home/hvanh28/AntiBandwidthReconstruct/build/abw_enc
[runlim] argv[1]:		/home/hvanh28/AntiBandwidthReconstruct/build/Benchmarks/N-bcsstk07.mtx.rnd
[runlim] argv[2]:		--seq
[runlim] argv[3]:		-symetry-break
[runlim] argv[4]:		f
[runlim] start:			Tue Sep 17 16:00:34 2024
[runlim] main pid:		135691
[runlim] log captured:
c LadderEncoder 1.0.
c Symetry breaking in the first node.
c Solving strategy: from LB to UB.
c LB-w = 28 (LB in Sinnl - A note on computational approaches for the antibandwidth problem).
c UB-w = 72 (UB in Sinnl - A note on computational approaches for the antibandwidth problem).
c Antibandwidth problem with w = 28 ( N-bcsstk07.mtx.rnd ):
c Initializing CaDiCaL (version 1.2.1).
c	Configuring CaDiCaL as --sat (1).
c Initializing a Sequential encoder with n = 420.
c Encoding starts with w = 28:
c	Encode symmetry breaking with option: f.
[runlim] sample:		10.0 time, 10.9 real, 3702.5 MB
[runlim] sample:		20.0 time, 20.9 real, 7429.1 MB
[runlim] sample:		30.0 time, 30.9 real, 10147.3 MB
[runlim] sample:		40.0 time, 40.9 real, 14855.9 MB
[runlim] sample:		50.0 time, 50.9 real, 17624.2 MB
[runlim] sample:		60.0 time, 60.9 real, 20310.2 MB
[runlim] sample:		70.0 time, 70.9 real, 26912.9 MB
[runlim] sample:		80.0 time, 80.9 real, 29750.4 MB
c Signal interruption.
[runlim] end:			Tue Sep 17 16:01:57 2024
[runlim] status:		out of memory
[runlim] result:		3
[runlim] children:		0
[runlim] real:			83.04 seconds
[runlim] time:			82.07 seconds
[runlim] space:			30062.4 MB
[runlim] samples:		821
