[runlim] version:		1.10
[runlim] time limit:		1800 seconds
[runlim] real time limit:	1800 seconds
[runlim] space limit:		30000 MB
[runlim] argv[0]:		/home/truongxuanhieu/AntiBandwidthReconstruct/build/abw_enc
[runlim] argv[1]:		/home/truongxuanhieu/AntiBandwidthReconstruct/build/Benchmarks/R-dwt__503.mtx.rnd
[runlim] argv[2]:		--product
[runlim] argv[3]:		-symetry-break
[runlim] argv[4]:		f
[runlim] start:			Wed Sep 18 04:47:50 2024
[runlim] main pid:		43230
[runlim] log captured:
c LadderEncoder 1.0.
c Symetry breaking in the first node.
c Solving strategy: from LB to UB.
c LB-w = 46 (LB in Sinnl - A note on computational approaches for the antibandwidth problem).
c UB-w = 71 (UB in Sinnl - A note on computational approaches for the antibandwidth problem).
c Antibandwidth problem with w = 46 ( R-dwt__503.mtx.rnd ):
c Initializing CaDiCaL (version 1.2.1).
c	Configuring CaDiCaL as --sat (1).
c Initializing a 2-Product encoder with n = 503.
c Encoding starts with w = 46:
c	Encode symmetry breaking with option: f.
[runlim] sample:		10.0 time, 10.3 real, 5947.9 MB
[runlim] sample:		20.0 time, 20.3 real, 11981.5 MB
[runlim] sample:		30.0 time, 30.3 real, 16524.1 MB
[runlim] sample:		40.0 time, 40.3 real, 23666.2 MB
[runlim] sample:		50.0 time, 50.3 real, 28535.8 MB
c Signal interruption.
[runlim] end:			Wed Sep 18 04:48:45 2024
[runlim] status:		out of memory
[runlim] result:		3
[runlim] children:		0
[runlim] real:			55.49 seconds
[runlim] time:			55.19 seconds
[runlim] space:			30009.6 MB
[runlim] samples:		552
