[runlim] version:		1.10
[runlim] time limit:		1800 seconds
[runlim] real time limit:	1800 seconds
[runlim] space limit:		30000 MB
[runlim] argv[0]:		/home/hvanh28/AntiBandwidthReconstruct/build/abw_enc
[runlim] argv[1]:		/home/hvanh28/AntiBandwidthReconstruct/build/Benchmarks/R-dwt__503.mtx.rnd
[runlim] argv[2]:		--seq
[runlim] argv[3]:		-symetry-break
[runlim] argv[4]:		f
[runlim] start:			Tue Sep 17 16:01:57 2024
[runlim] main pid:		135720
[runlim] log captured:
c LadderEncoder 1.0.
c Symetry breaking in the first node.
c Solving strategy: from LB to UB.
c LB-w = 46 (LB in Sinnl - A note on computational approaches for the antibandwidth problem).
c UB-w = 71 (UB in Sinnl - A note on computational approaches for the antibandwidth problem).
c Antibandwidth problem with w = 46 ( R-dwt__503.mtx.rnd ):
c Initializing CaDiCaL (version 1.2.1).
c	Configuring CaDiCaL as --sat (1).
c Initializing a Sequential encoder with n = 503.
c Encoding starts with w = 46:
c	Encode symmetry breaking with option: f.
[runlim] sample:		10.0 time, 10.1 real, 4047.3 MB
[runlim] sample:		20.0 time, 20.1 real, 8102.3 MB
[runlim] sample:		30.0 time, 30.1 real, 10818.3 MB
[runlim] sample:		40.0 time, 40.1 real, 15919.1 MB
[runlim] sample:		50.0 time, 50.1 real, 18712.8 MB
[runlim] sample:		60.0 time, 60.1 real, 21397.5 MB
[runlim] sample:		70.0 time, 70.1 real, 24190.8 MB
c Signal interruption.
[runlim] end:			Tue Sep 17 16:03:15 2024
[runlim] status:		out of memory
[runlim] result:		3
[runlim] children:		0
[runlim] real:			78.95 seconds
[runlim] time:			78.88 seconds
[runlim] space:			30013.9 MB
[runlim] samples:		789
