[runlim] version:		1.10
[runlim] time limit:		1800 seconds
[runlim] real time limit:	1800 seconds
[runlim] space limit:		30000 MB
[runlim] argv[0]:		/home/truongxuanhieu/AntiBandwidthReconstruct/build/abw_enc
[runlim] argv[1]:		/home/truongxuanhieu/AntiBandwidthReconstruct/build/Benchmarks/T-dwt__592.mtx.rnd
[runlim] argv[2]:		--product
[runlim] argv[3]:		-symetry-break
[runlim] argv[4]:		f
[runlim] start:			Wed Sep 18 04:44:38 2024
[runlim] main pid:		42988
[runlim] log captured:
c LadderEncoder 1.0.
c Symetry breaking in the first node.
c Solving strategy: from LB to UB.
c LB-w = 103 (LB in Sinnl - A note on computational approaches for the antibandwidth problem).
c UB-w = 150 (UB in Sinnl - A note on computational approaches for the antibandwidth problem).
c Antibandwidth problem with w = 103 ( T-dwt__592.mtx.rnd ):
c Initializing CaDiCaL (version 1.2.1).
c	Configuring CaDiCaL as --sat (1).
c Initializing a 2-Product encoder with n = 592.
c Encoding starts with w = 103:
c	Encode symmetry breaking with option: f.
[runlim] sample:		10.0 time, 10.9 real, 5580.5 MB
[runlim] sample:		20.0 time, 20.9 real, 10957.9 MB
[runlim] sample:		30.0 time, 30.9 real, 17358.9 MB
[runlim] sample:		40.0 time, 40.9 real, 21476.7 MB
[runlim] sample:		50.0 time, 50.9 real, 25961.0 MB
c Signal interruption.
[runlim] sample:		60.0 time, 60.9 real, 0.0 MB
[runlim] end:			Wed Sep 18 04:45:39 2024
[runlim] status:		out of memory
[runlim] result:		3
[runlim] children:		0
[runlim] real:			61.67 seconds
[runlim] time:			60.68 seconds
[runlim] space:			30011.3 MB
[runlim] samples:		607
