[runlim] version:		1.10
[runlim] time limit:		1800 seconds
[runlim] real time limit:	1800 seconds
[runlim] space limit:		30000 MB
[runlim] argv[0]:		/home/hvanh28/AntiBandwidthReconstruct/build/abw_enc
[runlim] argv[1]:		/home/hvanh28/AntiBandwidthReconstruct/build/Benchmarks/T-dwt__592.mtx.rnd
[runlim] argv[2]:		--reduced
[runlim] argv[3]:		-symetry-break
[runlim] argv[4]:		f
[runlim] start:			Tue Sep 17 09:02:20 2024
[runlim] main pid:		130624
[runlim] log captured:
c LadderEncoder 1.0.
c Symetry breaking in the first node.
c Solving strategy: from LB to UB.
c LB-w = 103 (LB in Sinnl - A note on computational approaches for the antibandwidth problem).
c UB-w = 150 (UB in Sinnl - A note on computational approaches for the antibandwidth problem).
c Antibandwidth problem with w = 103 ( T-dwt__592.mtx.rnd ):
c Initializing CaDiCaL (version 1.2.1).
c	Configuring CaDiCaL as --sat (1).
c Initializing a Naive-Reduced encoder with n = 592.
c Encoding starts with w = 103:
c	Encode symmetry breaking with option: f.
[runlim] sample:		10.0 time, 10.5 real, 3294.7 MB
[runlim] sample:		20.0 time, 20.5 real, 6602.8 MB
[runlim] sample:		30.0 time, 30.5 real, 9862.4 MB
[runlim] sample:		40.0 time, 40.5 real, 12621.8 MB
[runlim] sample:		50.0 time, 50.5 real, 14887.1 MB
[runlim] sample:		60.0 time, 60.5 real, 17125.7 MB
[runlim] sample:		70.0 time, 70.5 real, 19837.1 MB
[runlim] sample:		80.0 time, 80.5 real, 22460.3 MB
[runlim] sample:		90.0 time, 90.5 real, 25161.8 MB
[runlim] sample:		100.0 time, 100.5 real, 27696.5 MB
c Signal interruption.
[runlim] sample:		110.0 time, 110.5 real, 0.0 MB
[runlim] end:			Tue Sep 17 09:04:11 2024
[runlim] status:		out of memory
[runlim] result:		3
[runlim] children:		0
[runlim] real:			111.22 seconds
[runlim] time:			110.57 seconds
[runlim] space:			30029.9 MB
[runlim] samples:		1106
