[runlim] version:		1.10
[runlim] time limit:		1800 seconds
[runlim] real time limit:	1800 seconds
[runlim] space limit:		30000 MB
[runlim] argv[0]:		/home/hvanh28/AntiBandwidthReconstruct/build/abw_enc
[runlim] argv[1]:		/home/hvanh28/AntiBandwidthReconstruct/build/Benchmarks/W-685_bus.mtx.rnd
[runlim] argv[2]:		--reduced
[runlim] argv[3]:		-symetry-break
[runlim] argv[4]:		f
[runlim] start:			Tue Sep 17 06:53:45 2024
[runlim] main pid:		128930
[runlim] log captured:
c LadderEncoder 1.0.
c Symetry breaking in the first node.
c Solving strategy: from LB to UB.
c LB-w = 136 (LB in Sinnl - A note on computational approaches for the antibandwidth problem).
c UB-w = 136 (UB in Sinnl - A note on computational approaches for the antibandwidth problem).
c Antibandwidth problem with w = 136 ( W-685_bus.mtx.rnd ):
c Initializing CaDiCaL (version 1.2.1).
c	Configuring CaDiCaL as --sat (1).
c Initializing a Naive-Reduced encoder with n = 685.
c Encoding starts with w = 136:
c	Encode symmetry breaking with option: f.
[runlim] sample:		10.0 time, 10.1 real, 2915.5 MB
[runlim] sample:		20.0 time, 20.1 real, 5369.1 MB
[runlim] sample:		30.0 time, 30.1 real, 7736.1 MB
[runlim] sample:		40.0 time, 40.1 real, 10298.3 MB
[runlim] sample:		50.0 time, 50.1 real, 12723.8 MB
[runlim] sample:		60.0 time, 60.1 real, 14724.1 MB
[runlim] sample:		70.0 time, 70.1 real, 16782.2 MB
[runlim] sample:		80.0 time, 80.1 real, 18752.1 MB
[runlim] sample:		90.0 time, 90.1 real, 20829.4 MB
[runlim] sample:		100.0 time, 100.1 real, 22075.6 MB
[runlim] sample:		110.0 time, 110.1 real, 23935.3 MB
[runlim] sample:		120.0 time, 120.1 real, 25964.8 MB
[runlim] sample:		129.9 time, 130.1 real, 28312.4 MB
c Signal interruption.
[runlim] sample:		139.9 time, 140.1 real, 0.0 MB
[runlim] end:			Tue Sep 17 06:56:05 2024
[runlim] status:		out of memory
[runlim] result:		3
[runlim] children:		0
[runlim] real:			140.61 seconds
[runlim] time:			140.45 seconds
[runlim] space:			30009.4 MB
[runlim] samples:		1405
