[runlim] version:		1.10
[runlim] time limit:		1800 seconds
[runlim] real time limit:	1800 seconds
[runlim] space limit:		30000 MB
[runlim] argv[0]:		/home/hvanh28/AntiBandwidthReconstruct/build/abw_enc
[runlim] argv[1]:		/home/hvanh28/AntiBandwidthReconstruct/build/Benchmarks/X-can__715.mtx.rnd
[runlim] argv[2]:		--reduced
[runlim] argv[3]:		-symetry-break
[runlim] argv[4]:		f
[runlim] start:			Tue Sep 17 10:45:39 2024
[runlim] main pid:		131406
[runlim] log captured:
c LadderEncoder 1.0.
c Symetry breaking in the first node.
c Solving strategy: from LB to UB.
c LB-w = 112 (LB in Sinnl - A note on computational approaches for the antibandwidth problem).
c UB-w = 142 (UB in Sinnl - A note on computational approaches for the antibandwidth problem).
c Antibandwidth problem with w = 112 ( X-can__715.mtx.rnd ):
c Initializing CaDiCaL (version 1.2.1).
c	Configuring CaDiCaL as --sat (1).
c Initializing a Naive-Reduced encoder with n = 715.
c Encoding starts with w = 112:
c	Encode symmetry breaking with option: f.
[runlim] sample:		10.0 time, 10.4 real, 2861.5 MB
[runlim] sample:		20.0 time, 20.4 real, 5485.3 MB
[runlim] sample:		30.0 time, 30.4 real, 8339.6 MB
[runlim] sample:		40.0 time, 40.4 real, 11173.3 MB
[runlim] sample:		50.0 time, 50.4 real, 14530.5 MB
[runlim] sample:		60.0 time, 60.4 real, 17108.0 MB
[runlim] sample:		70.0 time, 70.4 real, 19640.1 MB
[runlim] sample:		80.0 time, 80.4 real, 21794.9 MB
[runlim] sample:		90.0 time, 90.4 real, 24130.0 MB
[runlim] sample:		100.0 time, 100.4 real, 25796.8 MB
[runlim] sample:		110.0 time, 110.4 real, 28034.3 MB
c Signal interruption.
[runlim] end:			Tue Sep 17 10:47:38 2024
[runlim] status:		out of memory
[runlim] result:		3
[runlim] children:		0
[runlim] real:			119.39 seconds
[runlim] time:			118.97 seconds
[runlim] space:			30006.1 MB
[runlim] samples:		1190
