[runlim] version:		1.10
[runlim] time limit:		1800 seconds
[runlim] real time limit:	1800 seconds
[runlim] space limit:		30000 MB
[runlim] argv[0]:		/home/truongxuanhieu/AntiBandwidthReconstruct/build/abw_enc_symbreak_max_node_hybrid_NSC_binomial
[runlim] argv[1]:		/home/truongxuanhieu/AntiBandwidthReconstruct/build/BenchmarkR/R-dwt__503.mtx.rnd
[runlim] argv[2]:		--duplexNSC
[runlim] argv[3]:		-split-size
[runlim] argv[4]:		10
[runlim] start:			Tue Sep 24 09:52:03 2024
[runlim] main pid:		3059
[runlim] log captured:
c DuplexEncoder 0.8.
c Splitting clauses at length 10.
c Solving strategy: from LB to UB.
c LB-w = 46 (LB in Sinnl - A note on computational approaches for the antibandwidth problem).
c UB-w = 71 (UB in Sinnl - A note on computational approaches for the antibandwidth problem).
c Antibandwidth problem with w = 46 ( R-dwt__503.mtx.rnd ):
c Initializing CaDiCaL (version 1.2.1).
c	Configuring CaDiCaL as --sat (1).
c Initializing a DuplexNSC encoder with n = 503.
c Encoding starts with w = 46:
c	Labels and Vertices aux var: 43258
c	Labels and Vertices constraints:  597564
c	Obj k aux var: 446161
c	Obj k constraints: 6802511
c	Obj k glue staircase constraints: 4977124
c	Encoding duration: 2s
c	Number of clauses: 7428494
c	Number of irredundant clauses: 7426044
c	Number of variables: 770596
c SAT Solving starts:
[runlim] sample:		10.0 time, 11.0 real, 1012.9 MB
c	Solving duration: 12513 ms
c	Answer: 
s SAT (w = 46)
AB is set to 216
Node 102 : 344
Node 437 : 128
AB is set to 54
Node 82 : 398
Node 102 : 344
AB is set to 52
Node 136 : 319
Node 157 : 371
AB is set to 48
Node 136 : 319
Node 199 : 271
AB is set to 46
Node 268 : 205
Node 329 : 159
c	Solution check:
p calculated antibandwidth = 46.
c
c
c Antibandwidth problem with w = 47 ( R-dwt__503.mtx.rnd ):
c Initializing CaDiCaL (version 1.2.1).
c	Configuring CaDiCaL as --sat (1).
c Initializing a DuplexNSC encoder with n = 503.
c Encoding starts with w = 47:
c	Labels and Vertices aux var: 43258
c	Labels and Vertices constraints:  597564
c	Obj k aux var: 445155
c	Obj k constraints: 6793475
c	Obj k glue staircase constraints: 4966076
c	Encoding duration: 2s
c	Number of clauses: 7419961
c	Number of irredundant clauses: 7417500
c	Number of variables: 770093
c SAT Solving starts:
[runlim] sample:		20.0 time, 21.0 real, 865.2 MB
c	Solving duration: 2631 ms
c	Answer: 
s SAT (w = 47)
AB is set to 291
Node 102 : 336
Node 437 : 45
AB is set to 59
Node 82 : 395
Node 102 : 336
AB is set to 47
Node 385 : 92
Node 437 : 45
c	Solution check:
p calculated antibandwidth = 47.
c
c
c Antibandwidth problem with w = 48 ( R-dwt__503.mtx.rnd ):
c Initializing CaDiCaL (version 1.2.1).
c	Configuring CaDiCaL as --sat (1).
c Initializing a DuplexNSC encoder with n = 503.
c Encoding starts with w = 48:
c	Labels and Vertices aux var: 43258
c	Labels and Vertices constraints:  597564
c	Obj k aux var: 444149
c	Obj k constraints: 6784439
c	Obj k glue staircase constraints: 4955028
c	Encoding duration: 2s
c	Number of clauses: 7411428
c	Number of irredundant clauses: 7408956
c	Number of variables: 769590
c SAT Solving starts:
c	Solving duration: 4256 ms
c	Answer: 
s SAT (w = 48)
AB is set to 121
Node 102 : 374
Node 437 : 495
AB is set to 48
Node 82 : 422
Node 102 : 374
c	Solution check:
p calculated antibandwidth = 48.
c
c
c Antibandwidth problem with w = 49 ( R-dwt__503.mtx.rnd ):
c Initializing CaDiCaL (version 1.2.1).
c	Configuring CaDiCaL as --sat (1).
c Initializing a DuplexNSC encoder with n = 503.
c Encoding starts with w = 49:
c	Labels and Vertices aux var: 43258
c	Labels and Vertices constraints:  597564
c	Obj k aux var: 443143
c	Obj k constraints: 6775403
c	Obj k glue staircase constraints: 4943980
c	Encoding duration: 2s
c	Number of clauses: 7402895
c	Number of irredundant clauses: 7400412
c	Number of variables: 769087
c SAT Solving starts:
[runlim] sample:		30.0 time, 31.0 real, 866.6 MB
c	Solving duration: 4553 ms
c	Answer: 
s SAT (w = 49)
AB is set to 242
Node 102 : 300
Node 437 : 58
AB is set to 55
Node 82 : 355
Node 102 : 300
AB is set to 49
Node 442 : 71
Node 474 : 22
c	Solution check:
p calculated antibandwidth = 49.
c
c
c Antibandwidth problem with w = 50 ( R-dwt__503.mtx.rnd ):
c Initializing CaDiCaL (version 1.2.1).
c	Configuring CaDiCaL as --sat (1).
c Initializing a DuplexNSC encoder with n = 503.
c Encoding starts with w = 50:
c	Labels and Vertices aux var: 43258
c	Labels and Vertices constraints:  597564
c	Obj k aux var: 442137
c	Obj k constraints: 6766367
c	Obj k glue staircase constraints: 4932932
c	Encoding duration: 2s
c	Number of clauses: 7394865
c	Number of irredundant clauses: 7392371
c	Number of variables: 769087
c SAT Solving starts:
[runlim] sample:		40.0 time, 41.0 real, 1037.4 MB
c	Solving duration: 5020 ms
c	Answer: 
s SAT (w = 50)
AB is set to 301
Node 102 : 337
Node 437 : 36
AB is set to 50
Node 82 : 387
Node 102 : 337
c	Solution check:
p calculated antibandwidth = 50.
c
c
c Antibandwidth problem with w = 51 ( R-dwt__503.mtx.rnd ):
c Initializing CaDiCaL (version 1.2.1).
c	Configuring CaDiCaL as --sat (1).
c Initializing a DuplexNSC encoder with n = 503.
c Encoding starts with w = 51:
c	Labels and Vertices aux var: 43258
c	Labels and Vertices constraints:  592534
c	Obj k aux var: 442640
c	Obj k constraints: 6743988
c	Obj k glue staircase constraints: 4930170
c	Encoding duration: 2s
c	Number of clauses: 7364438
c	Number of irredundant clauses: 7361989
c	Number of variables: 766572
c SAT Solving starts:
[runlim] sample:		50.0 time, 51.0 real, 1037.8 MB
c	Solving duration: 12190 ms
c	Answer: 
s SAT (w = 51)
AB is set to 94
Node 102 : 417
Node 437 : 323
AB is set to 56
Node 4 : 473
Node 102 : 417
AB is set to 55
Node 82 : 268
Node 437 : 323
AB is set to 53
Node 17 : 444
Node 442 : 497
AB is set to 51
Node 17 : 444
Node 45 : 393
c	Solution check:
p calculated antibandwidth = 51.
c
c
c Antibandwidth problem with w = 52 ( R-dwt__503.mtx.rnd ):
c Initializing CaDiCaL (version 1.2.1).
c	Configuring CaDiCaL as --sat (1).
c Initializing a DuplexNSC encoder with n = 503.
c Encoding starts with w = 52:
c	Labels and Vertices aux var: 43258
c	Labels and Vertices constraints:  592534
c	Obj k aux var: 441634
c	Obj k constraints: 6734449
c	Obj k glue staircase constraints: 4919122
c	Encoding duration: 2s
c	Number of clauses: 7355402
c	Number of irredundant clauses: 7352943
c	Number of variables: 766069
c SAT Solving starts:
[runlim] sample:		60.0 time, 61.0 real, 863.3 MB
[runlim] sample:		70.0 time, 71.0 real, 1034.1 MB
c	Solving duration: 12346 ms
c	Answer: 
s SAT (w = 52)
AB is set to 206
Node 102 : 337
Node 437 : 131
AB is set to 52
Node 82 : 285
Node 102 : 337
c	Solution check:
p calculated antibandwidth = 52.
c
c
c Antibandwidth problem with w = 53 ( R-dwt__503.mtx.rnd ):
c Initializing CaDiCaL (version 1.2.1).
c	Configuring CaDiCaL as --sat (1).
c Initializing a DuplexNSC encoder with n = 503.
c Encoding starts with w = 53:
c	Labels and Vertices aux var: 43258
c	Labels and Vertices constraints:  592534
c	Obj k aux var: 440628
c	Obj k constraints: 6724910
c	Obj k glue staircase constraints: 4908074
c	Encoding duration: 2s
c	Number of clauses: 7346366
c	Number of irredundant clauses: 7343897
c	Number of variables: 765566
c SAT Solving starts:
[runlim] sample:		80.0 time, 81.0 real, 1204.7 MB
[runlim] sample:		90.0 time, 91.0 real, 1032.1 MB
[runlim] sample:		100.0 time, 101.0 real, 1040.1 MB
[runlim] sample:		110.0 time, 111.0 real, 1048.8 MB
[runlim] sample:		120.0 time, 121.0 real, 1059.0 MB
[runlim] sample:		130.0 time, 131.0 real, 1046.3 MB
[runlim] sample:		140.0 time, 141.0 real, 1046.4 MB
c	Solving duration: 68906 ms
c	Answer: 
s SAT (w = 53)
AB is set to 286
Node 102 : 315
Node 437 : 29
AB is set to 53
Node 82 : 368
Node 102 : 315
c	Solution check:
p calculated antibandwidth = 53.
c
c
c Antibandwidth problem with w = 54 ( R-dwt__503.mtx.rnd ):
c Initializing CaDiCaL (version 1.2.1).
c	Configuring CaDiCaL as --sat (1).
c Initializing a DuplexNSC encoder with n = 503.
c Encoding starts with w = 54:
c	Labels and Vertices aux var: 43258
c	Labels and Vertices constraints:  592534
c	Obj k aux var: 439622
c	Obj k constraints: 6715371
c	Obj k glue staircase constraints: 4897026
c	Encoding duration: 2s
c	Number of clauses: 7337833
c	Number of irredundant clauses: 7335353
c	Number of variables: 765566
c SAT Solving starts:
[runlim] sample:		150.0 time, 151.0 real, 994.2 MB
[runlim] sample:		160.0 time, 161.0 real, 1207.8 MB
[runlim] sample:		170.0 time, 171.0 real, 1044.9 MB
[runlim] sample:		180.0 time, 181.0 real, 1002.8 MB
[runlim] sample:		190.0 time, 191.0 real, 1046.5 MB
[runlim] sample:		200.0 time, 201.0 real, 1047.6 MB
[runlim] sample:		210.0 time, 211.0 real, 1220.1 MB
[runlim] sample:		220.0 time, 221.0 real, 1043.5 MB
[runlim] sample:		230.0 time, 231.0 real, 1047.2 MB
c	Solving duration: 93393 ms
c	Answer: 
s SAT (w = 54)
AB is set to 94
Node 102 : 180
Node 437 : 86
AB is set to 60
Node 82 : 240
Node 102 : 180
AB is set to 54
Node 344 : 334
Node 469 : 280
c	Solution check:
p calculated antibandwidth = 54.
c
c
c Antibandwidth problem with w = 55 ( R-dwt__503.mtx.rnd ):
c Initializing CaDiCaL (version 1.2.1).
c	Configuring CaDiCaL as --sat (1).
c Initializing a DuplexNSC encoder with n = 503.
c Encoding starts with w = 55:
[runlim] sample:		240.0 time, 241.0 real, 721.4 MB
c	Labels and Vertices aux var: 43258
c	Labels and Vertices constraints:  592534
c	Obj k aux var: 438616
c	Obj k constraints: 6705832
c	Obj k glue staircase constraints: 4885978
c	Encoding duration: 2s
c	Number of clauses: 7328797
c	Number of irredundant clauses: 7326307
c	Number of variables: 765063
c SAT Solving starts:
[runlim] sample:		250.0 time, 251.0 real, 1039.2 MB
c	Solving duration: 13799 ms
c	Answer: 
s SAT (w = 55)
AB is set to 318
Node 102 : 350
Node 437 : 32
AB is set to 58
Node 82 : 408
Node 102 : 350
AB is set to 55
Node 385 : 87
Node 437 : 32
c	Solution check:
p calculated antibandwidth = 55.
c
c
c Antibandwidth problem with w = 56 ( R-dwt__503.mtx.rnd ):
c Initializing CaDiCaL (version 1.2.1).
c	Configuring CaDiCaL as --sat (1).
c Initializing a DuplexNSC encoder with n = 503.
c Encoding starts with w = 56:
c	Labels and Vertices aux var: 43258
c	Labels and Vertices constraints:  588007
c	Obj k aux var: 438616
c	Obj k constraints: 6680435
c	Obj k glue staircase constraints: 4883216
c	Encoding duration: 2s
c	Number of clauses: 7296358
c	Number of irredundant clauses: 7293113
c	Number of variables: 762548
c SAT Solving starts:
[runlim] sample:		260.0 time, 261.0 real, 850.5 MB
[runlim] sample:		270.0 time, 271.0 real, 1060.1 MB
c	Solving duration: 12403 ms
c	Answer: 
s SAT (w = 56)
AB is set to 160
Node 102 : 405
Node 437 : 245
AB is set to 102
Node 82 : 303
Node 102 : 405
AB is set to 66
Node 4 : 471
Node 102 : 405
AB is set to 58
Node 82 : 303
Node 437 : 245
AB is set to 57
Node 157 : 266
Node 344 : 209
AB is set to 56
Node 157 : 266
Node 199 : 322
c	Solution check:
p calculated antibandwidth = 56.
c
c
c Antibandwidth problem with w = 57 ( R-dwt__503.mtx.rnd ):
c Initializing CaDiCaL (version 1.2.1).
c	Configuring CaDiCaL as --sat (1).
c Initializing a DuplexNSC encoder with n = 503.
c Encoding starts with w = 57:
c	Labels and Vertices aux var: 43258
c	Labels and Vertices constraints:  588007
c	Obj k aux var: 438113
c	Obj k constraints: 6670393
c	Obj k glue staircase constraints: 4872168
c	Encoding duration: 2s
c	Number of clauses: 7286819
c	Number of irredundant clauses: 7284569
c	Number of variables: 762548
c SAT Solving starts:
[runlim] sample:		280.0 time, 281.0 real, 1018.1 MB
[runlim] sample:		290.0 time, 291.0 real, 1076.2 MB
[runlim] sample:		300.0 time, 301.0 real, 1062.4 MB
[runlim] sample:		310.0 time, 311.0 real, 1083.1 MB
[runlim] sample:		320.0 time, 321.0 real, 1084.3 MB
[runlim] sample:		330.0 time, 331.0 real, 1083.9 MB
c	Solving duration: 65408 ms
c	Answer: 
s SAT (w = 57)
AB is set to 225
Node 102 : 247
Node 437 : 472
AB is set to 93
Node 82 : 340
Node 102 : 247
AB is set to 64
Node 4 : 183
Node 102 : 247
AB is set to 63
Node 136 : 455
Node 329 : 392
AB is set to 58
Node 268 : 172
Node 486 : 230
AB is set to 57
Node 474 : 287
Node 486 : 230
c	Solution check:
p calculated antibandwidth = 57.
c
c
c Antibandwidth problem with w = 58 ( R-dwt__503.mtx.rnd ):
c Initializing CaDiCaL (version 1.2.1).
c	Configuring CaDiCaL as --sat (1).
c Initializing a DuplexNSC encoder with n = 503.
c Encoding starts with w = 58:
[runlim] sample:		340.0 time, 341.0 real, 794.5 MB
c	Labels and Vertices aux var: 43258
c	Labels and Vertices constraints:  588007
c	Obj k aux var: 437107
c	Obj k constraints: 6660351
c	Obj k glue staircase constraints: 4861120
c	Encoding duration: 2s
c	Number of clauses: 7277280
c	Number of irredundant clauses: 7275021
c	Number of variables: 762045
c SAT Solving starts:
[runlim] sample:		350.0 time, 351.0 real, 1033.2 MB
[runlim] sample:		360.0 time, 361.0 real, 1057.0 MB
[runlim] sample:		370.0 time, 371.0 real, 1243.4 MB
[runlim] sample:		380.0 time, 381.0 real, 1074.3 MB
[runlim] sample:		390.0 time, 391.0 real, 1074.4 MB
[runlim] sample:		400.0 time, 401.0 real, 1074.1 MB
c	Solving duration: 68792 ms
c	Answer: 
s SAT (w = 58)
AB is set to 154
Node 102 : 225
Node 437 : 71
AB is set to 139
Node 102 : 225
Node 385 : 364
AB is set to 63
Node 102 : 225
Node 345 : 288
AB is set to 59
Node 4 : 166
Node 102 : 225
AB is set to 58
Node 101 : 461
Node 329 : 403
c	Solution check:
p calculated antibandwidth = 58.
[runlim] sample:		410.0 time, 411.0 real, 843.0 MB
c
c
c Antibandwidth problem with w = 59 ( R-dwt__503.mtx.rnd ):
c Initializing CaDiCaL (version 1.2.1).
c	Configuring CaDiCaL as --sat (1).
c Initializing a DuplexNSC encoder with n = 503.
c Encoding starts with w = 59:
c	Labels and Vertices aux var: 43258
c	Labels and Vertices constraints:  588007
c	Obj k aux var: 436101
c	Obj k constraints: 6650309
c	Obj k glue staircase constraints: 4850072
c	Encoding duration: 2s
c	Number of clauses: 7267741
c	Number of irredundant clauses: 7265473
c	Number of variables: 761542
c SAT Solving starts:
[runlim] sample:		420.0 time, 421.0 real, 1033.1 MB
[runlim] sample:		430.0 time, 431.0 real, 1065.0 MB
[runlim] sample:		440.0 time, 441.0 real, 1185.5 MB
[runlim] sample:		450.0 time, 451.0 real, 1085.2 MB
[runlim] sample:		460.0 time, 461.0 real, 1085.1 MB
[runlim] sample:		469.9 time, 471.0 real, 1084.6 MB
[runlim] sample:		480.0 time, 481.0 real, 1087.4 MB
[runlim] sample:		490.0 time, 491.0 real, 1087.4 MB
[runlim] sample:		500.0 time, 501.0 real, 1090.8 MB
[runlim] sample:		509.9 time, 511.0 real, 1090.5 MB
[runlim] sample:		520.0 time, 521.0 real, 1095.0 MB
[runlim] sample:		530.0 time, 531.0 real, 1095.0 MB
[runlim] sample:		540.0 time, 541.0 real, 1296.8 MB
[runlim] sample:		550.0 time, 551.0 real, 1053.6 MB
[runlim] sample:		560.0 time, 561.0 real, 1095.4 MB
[runlim] sample:		570.0 time, 571.0 real, 1048.6 MB
c	Solving duration: 162123 ms
c	Answer: 
s SAT (w = 59)
AB is set to 164
Node 102 : 390
Node 437 : 226
AB is set to 78
Node 102 : 390
Node 385 : 312
AB is set to 74
Node 3 : 109
Node 344 : 183
AB is set to 62
Node 157 : 470
Node 199 : 408
AB is set to 60
Node 17 : 406
Node 445 : 346
AB is set to 59
Node 4 : 33
Node 82 : 92
c	Solution check:
p calculated antibandwidth = 59.
c
c
c Antibandwidth problem with w = 60 ( R-dwt__503.mtx.rnd ):
c Initializing CaDiCaL (version 1.2.1).
c	Configuring CaDiCaL as --sat (1).
c Initializing a DuplexNSC encoder with n = 503.
c Encoding starts with w = 60:
c	Labels and Vertices aux var: 43258
c	Labels and Vertices constraints:  588007
c	Obj k aux var: 435095
c	Obj k constraints: 6640267
c	Obj k glue staircase constraints: 4839024
c	Encoding duration: 2s
c	Number of clauses: 7258202
c	Number of irredundant clauses: 7255925
c	Number of variables: 761039
c SAT Solving starts:
[runlim] sample:		580.0 time, 581.0 real, 988.9 MB
[runlim] sample:		590.0 time, 591.0 real, 1055.6 MB
[runlim] sample:		599.9 time, 601.0 real, 1085.5 MB
[runlim] sample:		610.0 time, 611.0 real, 1059.3 MB
[runlim] sample:		620.0 time, 621.0 real, 1072.5 MB
[runlim] sample:		629.9 time, 631.0 real, 1075.9 MB
[runlim] sample:		639.9 time, 641.0 real, 1077.3 MB
[runlim] sample:		649.9 time, 651.0 real, 1076.0 MB
[runlim] sample:		659.9 time, 661.0 real, 1076.0 MB
[runlim] sample:		669.9 time, 671.0 real, 1081.5 MB
[runlim] sample:		679.9 time, 681.0 real, 1081.4 MB
[runlim] sample:		689.9 time, 691.0 real, 1151.4 MB
c	Solving duration: 122180 ms
c	Answer: 
s SAT (w = 60)
AB is set to 174
Node 102 : 116
Node 437 : 290
AB is set to 60
Node 102 : 116
Node 385 : 176
c	Solution check:
p calculated antibandwidth = 60.
c
c
c Antibandwidth problem with w = 61 ( R-dwt__503.mtx.rnd ):
c Initializing CaDiCaL (version 1.2.1).
c	Configuring CaDiCaL as --sat (1).
c Initializing a DuplexNSC encoder with n = 503.
c Encoding starts with w = 61:
[runlim] sample:		699.9 time, 701.0 real, 758.0 MB
c	Labels and Vertices aux var: 43258
c	Labels and Vertices constraints:  588007
c	Obj k aux var: 434089
c	Obj k constraints: 6630225
c	Obj k glue staircase constraints: 4827976
c	Encoding duration: 2s
c	Number of clauses: 7248663
c	Number of irredundant clauses: 7246377
c	Number of variables: 760536
c SAT Solving starts:
[runlim] sample:		709.9 time, 711.0 real, 983.4 MB
[runlim] sample:		719.9 time, 721.0 real, 1051.1 MB
[runlim] sample:		729.9 time, 731.0 real, 1223.4 MB
[runlim] sample:		739.9 time, 741.0 real, 1055.2 MB
[runlim] sample:		749.9 time, 751.0 real, 1061.3 MB
[runlim] sample:		759.9 time, 761.0 real, 1060.8 MB
[runlim] sample:		769.9 time, 771.0 real, 1061.5 MB
[runlim] sample:		779.9 time, 781.0 real, 1062.5 MB
[runlim] sample:		789.9 time, 791.0 real, 1062.5 MB
[runlim] sample:		799.9 time, 801.0 real, 1080.6 MB
[runlim] sample:		809.9 time, 811.0 real, 1081.8 MB
[runlim] sample:		819.9 time, 821.0 real, 1038.2 MB
[runlim] sample:		829.9 time, 831.0 real, 1038.2 MB
[runlim] sample:		839.9 time, 841.0 real, 1038.4 MB
[runlim] sample:		849.9 time, 851.0 real, 1038.9 MB
[runlim] sample:		859.9 time, 861.0 real, 1038.9 MB
[runlim] sample:		869.9 time, 871.0 real, 1035.7 MB
[runlim] sample:		879.9 time, 881.0 real, 1038.8 MB
[runlim] sample:		889.9 time, 891.0 real, 1039.8 MB
[runlim] sample:		899.9 time, 901.0 real, 1033.8 MB
[runlim] sample:		909.9 time, 911.0 real, 1075.6 MB
[runlim] sample:		919.9 time, 921.0 real, 1077.1 MB
[runlim] sample:		929.9 time, 931.0 real, 1079.1 MB
[runlim] sample:		939.9 time, 941.0 real, 1046.2 MB
[runlim] sample:		949.9 time, 951.0 real, 1045.2 MB
[runlim] sample:		959.9 time, 961.0 real, 1047.7 MB
[runlim] sample:		969.9 time, 971.0 real, 1050.6 MB
[runlim] sample:		979.8 time, 981.0 real, 1074.4 MB
[runlim] sample:		989.9 time, 991.0 real, 1071.6 MB
[runlim] sample:		999.8 time, 1001.0 real, 1041.8 MB
[runlim] sample:		1009.8 time, 1011.0 real, 1086.1 MB
[runlim] sample:		1019.8 time, 1021.0 real, 1044.2 MB
[runlim] sample:		1029.8 time, 1031.0 real, 1052.1 MB
[runlim] sample:		1039.8 time, 1041.0 real, 1052.1 MB
[runlim] sample:		1049.8 time, 1051.0 real, 1055.1 MB
[runlim] sample:		1059.8 time, 1061.0 real, 1055.1 MB
[runlim] sample:		1069.8 time, 1071.0 real, 1041.5 MB
[runlim] sample:		1079.8 time, 1081.0 real, 1041.5 MB
[runlim] sample:		1089.8 time, 1091.0 real, 1058.0 MB
[runlim] sample:		1099.8 time, 1101.0 real, 1119.8 MB
[runlim] sample:		1109.8 time, 1111.0 real, 1105.8 MB
[runlim] sample:		1119.8 time, 1121.0 real, 1065.4 MB
[runlim] sample:		1129.8 time, 1131.0 real, 1065.7 MB
[runlim] sample:		1139.8 time, 1141.0 real, 1081.7 MB
[runlim] sample:		1149.8 time, 1151.0 real, 1035.3 MB
[runlim] sample:		1159.8 time, 1161.0 real, 1083.8 MB
[runlim] sample:		1169.8 time, 1171.0 real, 1169.4 MB
[runlim] sample:		1179.8 time, 1181.0 real, 1169.4 MB
[runlim] sample:		1189.8 time, 1191.0 real, 1171.7 MB
[runlim] sample:		1199.8 time, 1201.0 real, 1175.0 MB
[runlim] sample:		1209.8 time, 1211.0 real, 1143.2 MB
[runlim] sample:		1219.8 time, 1221.0 real, 1175.0 MB
[runlim] sample:		1229.8 time, 1231.0 real, 1175.0 MB
[runlim] sample:		1239.8 time, 1241.0 real, 1184.8 MB
[runlim] sample:		1249.8 time, 1251.0 real, 1184.8 MB
[runlim] sample:		1259.8 time, 1261.0 real, 1186.6 MB
[runlim] sample:		1269.8 time, 1271.0 real, 1186.6 MB
[runlim] sample:		1279.8 time, 1281.0 real, 1145.9 MB
[runlim] sample:		1289.8 time, 1291.0 real, 1127.5 MB
[runlim] sample:		1299.8 time, 1301.0 real, 1159.3 MB
[runlim] sample:		1309.8 time, 1311.0 real, 1159.3 MB
[runlim] sample:		1319.8 time, 1321.0 real, 1161.1 MB
[runlim] sample:		1329.8 time, 1331.0 real, 1161.1 MB
[runlim] sample:		1339.8 time, 1341.0 real, 1163.7 MB
[runlim] sample:		1349.8 time, 1351.0 real, 1131.9 MB
[runlim] sample:		1359.8 time, 1361.0 real, 1126.6 MB
[runlim] sample:		1369.8 time, 1371.0 real, 1158.4 MB
[runlim] sample:		1379.8 time, 1381.0 real, 1158.4 MB
[runlim] sample:		1389.8 time, 1391.0 real, 1155.2 MB
[runlim] sample:		1399.8 time, 1401.0 real, 1155.2 MB
[runlim] sample:		1409.8 time, 1411.0 real, 1123.3 MB
[runlim] sample:		1419.8 time, 1421.0 real, 1137.0 MB
[runlim] sample:		1429.8 time, 1431.0 real, 1137.0 MB
[runlim] sample:		1439.8 time, 1441.0 real, 1133.3 MB
[runlim] sample:		1449.8 time, 1451.0 real, 1165.1 MB
[runlim] sample:		1459.8 time, 1461.0 real, 1165.1 MB
[runlim] sample:		1469.8 time, 1471.0 real, 1145.8 MB
[runlim] sample:		1479.8 time, 1481.0 real, 1145.8 MB
[runlim] sample:		1489.8 time, 1491.0 real, 1205.8 MB
[runlim] sample:		1499.8 time, 1501.0 real, 1205.8 MB
[runlim] sample:		1509.8 time, 1511.0 real, 1205.8 MB
[runlim] sample:		1519.8 time, 1521.0 real, 1205.8 MB
[runlim] sample:		1529.8 time, 1531.0 real, 1205.8 MB
[runlim] sample:		1539.8 time, 1541.0 real, 1332.6 MB
[runlim] sample:		1549.8 time, 1551.0 real, 1505.8 MB
[runlim] sample:		1559.8 time, 1561.0 real, 1329.1 MB
[runlim] sample:		1569.8 time, 1571.0 real, 1319.5 MB
c	Solving duration: 872581 ms
c	Answer: 
s SAT (w = 61)
AB is set to 247
Node 102 : 338
Node 437 : 91
AB is set to 176
Node 82 : 162
Node 102 : 338
AB is set to 62
Node 102 : 338
Node 385 : 276
AB is set to 61
Node 199 : 389
Node 344 : 450
c	Solution check:
p calculated antibandwidth = 61.
c
c
c Antibandwidth problem with w = 62 ( R-dwt__503.mtx.rnd ):
c Initializing CaDiCaL (version 1.2.1).
c	Configuring CaDiCaL as --sat (1).
c Initializing a DuplexNSC encoder with n = 503.
c Encoding starts with w = 62:
c	Labels and Vertices aux var: 43258
c	Labels and Vertices constraints:  588007
c	Obj k aux var: 433083
c	Obj k constraints: 6620183
c	Obj k glue staircase constraints: 4816928
c	Encoding duration: 2s
c	Number of clauses: 7239124
c	Number of irredundant clauses: 7236829
c	Number of variables: 760033
c SAT Solving starts:
[runlim] sample:		1579.8 time, 1581.0 real, 1212.8 MB
[runlim] sample:		1589.8 time, 1591.0 real, 1168.3 MB
[runlim] sample:		1599.8 time, 1601.0 real, 1168.3 MB
[runlim] sample:		1609.8 time, 1611.0 real, 1236.1 MB
[runlim] sample:		1619.8 time, 1621.0 real, 1194.3 MB
[runlim] sample:		1629.8 time, 1631.0 real, 1236.6 MB
[runlim] sample:		1639.8 time, 1641.0 real, 1195.6 MB
[runlim] sample:		1649.8 time, 1651.0 real, 1237.0 MB
[runlim] sample:		1659.8 time, 1661.0 real, 1237.0 MB
[runlim] sample:		1669.8 time, 1671.0 real, 1240.7 MB
[runlim] sample:		1679.8 time, 1681.0 real, 1242.6 MB
[runlim] sample:		1689.8 time, 1691.0 real, 1255.9 MB
[runlim] sample:		1699.8 time, 1701.0 real, 1214.1 MB
[runlim] sample:		1709.8 time, 1711.0 real, 1213.7 MB
[runlim] sample:		1719.8 time, 1721.0 real, 1216.7 MB
[runlim] sample:		1729.8 time, 1731.0 real, 1258.5 MB
[runlim] sample:		1739.8 time, 1741.0 real, 1216.4 MB
[runlim] sample:		1749.8 time, 1751.0 real, 1217.3 MB
[runlim] sample:		1759.8 time, 1761.0 real, 1218.5 MB
[runlim] sample:		1769.8 time, 1771.0 real, 1218.5 MB
[runlim] sample:		1779.8 time, 1781.0 real, 1260.3 MB
[runlim] sample:		1789.8 time, 1791.0 real, 1441.9 MB
c Signal interruption.
[runlim] end:			Tue Sep 24 10:22:03 2024
[runlim] status:		out of time
[runlim] result:		2
[runlim] children:		0
[runlim] real:			1800.11 seconds
[runlim] time:			1798.88 seconds
[runlim] space:			1681.1 MB
[runlim] samples:		17991
