[runlim] version:		1.10
[runlim] time limit:		1800 seconds
[runlim] real time limit:	1800 seconds
[runlim] space limit:		30000 MB
[runlim] argv[0]:		/home/truongxuanhieu/AntiBandwidthReconstruct/build/abw_enc_symbreak_max_node_hybrid_NSC_binomial
[runlim] argv[1]:		/home/truongxuanhieu/AntiBandwidthReconstruct/build/BenchmarkR/R-dwt__503.mtx.rnd
[runlim] argv[2]:		--duplexNSC
[runlim] argv[3]:		-split-size
[runlim] argv[4]:		10
[runlim] start:			Wed Sep 25 04:19:02 2024
[runlim] main pid:		28111
[runlim] log captured:
c DuplexEncoder 0.8.
c Splitting clauses at length 10.
c Solving strategy: from LB to UB.
c LB-w = 46 (LB in Sinnl - A note on computational approaches for the antibandwidth problem).
c UB-w = 71 (UB in Sinnl - A note on computational approaches for the antibandwidth problem).
c Antibandwidth problem with w = 46 ( R-dwt__503.mtx.rnd ):
c Initializing CaDiCaL (version 1.2.1).
c	Configuring CaDiCaL as --sat (1).
c Initializing a DuplexNSC encoder with n = 503.
c Encoding starts with w = 46:
c	Labels and Vertices aux var: 43258
c	Labels and Vertices constraints:  597564
c	Obj k aux var: 446161
c	Obj k constraints: 6802511
c	Obj k glue staircase constraints: 4977124
c	Encoding duration: 2s
c	Number of clauses: 7428494
c	Number of irredundant clauses: 7426044
c	Number of variables: 770596
c SAT Solving starts:
[runlim] sample:		10.0 time, 10.6 real, 1031.4 MB
c	Solving duration: 9696 ms
c	Answer: 
s SAT (w = 46)
AB is set to 216
Node 102 : 344
Node 437 : 128
AB is set to 54
Node 82 : 398
Node 102 : 344
AB is set to 52
Node 136 : 319
Node 157 : 371
AB is set to 48
Node 136 : 319
Node 199 : 271
AB is set to 46
Node 268 : 205
Node 329 : 159
c	Solution check:
p calculated antibandwidth = 46.
c
c
c Antibandwidth problem with w = 47 ( R-dwt__503.mtx.rnd ):
c Initializing CaDiCaL (version 1.2.1).
c	Configuring CaDiCaL as --sat (1).
c Initializing a DuplexNSC encoder with n = 503.
c Encoding starts with w = 47:
c	Labels and Vertices aux var: 43258
c	Labels and Vertices constraints:  597564
c	Obj k aux var: 445155
c	Obj k constraints: 6793475
c	Obj k glue staircase constraints: 4966076
c	Encoding duration: 1s
c	Number of clauses: 7419961
c	Number of irredundant clauses: 7417500
c	Number of variables: 770093
c SAT Solving starts:
c	Solving duration: 2099 ms
c	Answer: 
s SAT (w = 47)
AB is set to 291
Node 102 : 336
Node 437 : 45
AB is set to 59
Node 82 : 395
Node 102 : 336
AB is set to 47
Node 385 : 92
Node 437 : 45
c	Solution check:
p calculated antibandwidth = 47.
c
c
c Antibandwidth problem with w = 48 ( R-dwt__503.mtx.rnd ):
c Initializing CaDiCaL (version 1.2.1).
c	Configuring CaDiCaL as --sat (1).
c Initializing a DuplexNSC encoder with n = 503.
c Encoding starts with w = 48:
c	Labels and Vertices aux var: 43258
c	Labels and Vertices constraints:  597564
c	Obj k aux var: 444149
c	Obj k constraints: 6784439
c	Obj k glue staircase constraints: 4955028
c	Encoding duration: 1s
c	Number of clauses: 7411428
c	Number of irredundant clauses: 7408956
c	Number of variables: 769590
c SAT Solving starts:
[runlim] sample:		20.0 time, 20.6 real, 865.7 MB
c	Solving duration: 3404 ms
c	Answer: 
s SAT (w = 48)
AB is set to 121
Node 102 : 374
Node 437 : 495
AB is set to 48
Node 82 : 422
Node 102 : 374
c	Solution check:
p calculated antibandwidth = 48.
c
c
c Antibandwidth problem with w = 49 ( R-dwt__503.mtx.rnd ):
c Initializing CaDiCaL (version 1.2.1).
c	Configuring CaDiCaL as --sat (1).
c Initializing a DuplexNSC encoder with n = 503.
c Encoding starts with w = 49:
c	Labels and Vertices aux var: 43258
c	Labels and Vertices constraints:  597564
c	Obj k aux var: 443143
c	Obj k constraints: 6775403
c	Obj k glue staircase constraints: 4943980
c	Encoding duration: 1s
c	Number of clauses: 7402895
c	Number of irredundant clauses: 7400412
c	Number of variables: 769087
c SAT Solving starts:
c	Solving duration: 3904 ms
c	Answer: 
s SAT (w = 49)
AB is set to 242
Node 102 : 300
Node 437 : 58
AB is set to 55
Node 82 : 355
Node 102 : 300
AB is set to 49
Node 442 : 71
Node 474 : 22
c	Solution check:
p calculated antibandwidth = 49.
c
c
c Antibandwidth problem with w = 50 ( R-dwt__503.mtx.rnd ):
c Initializing CaDiCaL (version 1.2.1).
c	Configuring CaDiCaL as --sat (1).
c Initializing a DuplexNSC encoder with n = 503.
c Encoding starts with w = 50:
[runlim] sample:		30.0 time, 30.6 real, 858.6 MB
c	Labels and Vertices aux var: 43258
c	Labels and Vertices constraints:  597564
c	Obj k aux var: 442137
c	Obj k constraints: 6766367
c	Obj k glue staircase constraints: 4932932
c	Encoding duration: 1s
c	Number of clauses: 7394865
c	Number of irredundant clauses: 7392371
c	Number of variables: 769087
c SAT Solving starts:
c	Solving duration: 4208 ms
c	Answer: 
s SAT (w = 50)
AB is set to 301
Node 102 : 337
Node 437 : 36
AB is set to 50
Node 82 : 387
Node 102 : 337
c	Solution check:
p calculated antibandwidth = 50.
c
c
c Antibandwidth problem with w = 51 ( R-dwt__503.mtx.rnd ):
c Initializing CaDiCaL (version 1.2.1).
c	Configuring CaDiCaL as --sat (1).
c Initializing a DuplexNSC encoder with n = 503.
c Encoding starts with w = 51:
c	Labels and Vertices aux var: 43258
c	Labels and Vertices constraints:  592534
c	Obj k aux var: 442640
c	Obj k constraints: 6743988
c	Obj k glue staircase constraints: 4930170
c	Encoding duration: 1s
c	Number of clauses: 7364438
c	Number of irredundant clauses: 7361989
c	Number of variables: 766572
c SAT Solving starts:
[runlim] sample:		40.0 time, 40.6 real, 1038.1 MB
c	Solving duration: 9784 ms
c	Answer: 
s SAT (w = 51)
AB is set to 94
Node 102 : 417
Node 437 : 323
AB is set to 56
Node 4 : 473
Node 102 : 417
AB is set to 55
Node 82 : 268
Node 437 : 323
AB is set to 53
Node 17 : 444
Node 442 : 497
AB is set to 51
Node 17 : 444
Node 45 : 393
c	Solution check:
p calculated antibandwidth = 51.
c
c
c Antibandwidth problem with w = 52 ( R-dwt__503.mtx.rnd ):
c Initializing CaDiCaL (version 1.2.1).
c	Configuring CaDiCaL as --sat (1).
c Initializing a DuplexNSC encoder with n = 503.
c Encoding starts with w = 52:
c	Labels and Vertices aux var: 43258
c	Labels and Vertices constraints:  592534
c	Obj k aux var: 441634
c	Obj k constraints: 6734449
c	Obj k glue staircase constraints: 4919122
c	Encoding duration: 1s
c	Number of clauses: 7355402
c	Number of irredundant clauses: 7352943
c	Number of variables: 766069
c SAT Solving starts:
[runlim] sample:		50.0 time, 50.6 real, 863.0 MB
c	Solving duration: 9453 ms
c	Answer: 
s SAT (w = 52)
AB is set to 206
Node 102 : 337
Node 437 : 131
AB is set to 52
Node 82 : 285
Node 102 : 337
c	Solution check:
p calculated antibandwidth = 52.
c
c
c Antibandwidth problem with w = 53 ( R-dwt__503.mtx.rnd ):
c Initializing CaDiCaL (version 1.2.1).
c	Configuring CaDiCaL as --sat (1).
c Initializing a DuplexNSC encoder with n = 503.
c Encoding starts with w = 53:
[runlim] sample:		60.0 time, 60.6 real, 857.2 MB
c	Labels and Vertices aux var: 43258
c	Labels and Vertices constraints:  592534
c	Obj k aux var: 440628
c	Obj k constraints: 6724910
c	Obj k glue staircase constraints: 4908074
c	Encoding duration: 1s
c	Number of clauses: 7346366
c	Number of irredundant clauses: 7343897
c	Number of variables: 765566
c SAT Solving starts:
[runlim] sample:		70.0 time, 70.6 real, 1032.0 MB
[runlim] sample:		80.0 time, 80.6 real, 1061.7 MB
[runlim] sample:		90.0 time, 90.6 real, 1048.7 MB
[runlim] sample:		100.0 time, 100.6 real, 1042.8 MB
[runlim] sample:		110.0 time, 110.6 real, 1223.9 MB
c	Solving duration: 54770 ms
c	Answer: 
s SAT (w = 53)
AB is set to 286
Node 102 : 315
Node 437 : 29
AB is set to 53
Node 82 : 368
Node 102 : 315
c	Solution check:
p calculated antibandwidth = 53.
c
c
c Antibandwidth problem with w = 54 ( R-dwt__503.mtx.rnd ):
c Initializing CaDiCaL (version 1.2.1).
c	Configuring CaDiCaL as --sat (1).
c Initializing a DuplexNSC encoder with n = 503.
c Encoding starts with w = 54:
c	Labels and Vertices aux var: 43258
c	Labels and Vertices constraints:  592534
c	Obj k aux var: 439622
c	Obj k constraints: 6715371
c	Obj k glue staircase constraints: 4897026
c	Encoding duration: 1s
c	Number of clauses: 7337833
c	Number of irredundant clauses: 7335353
c	Number of variables: 765566
c SAT Solving starts:
[runlim] sample:		120.0 time, 120.6 real, 1049.9 MB
[runlim] sample:		130.0 time, 130.6 real, 1030.0 MB
[runlim] sample:		140.0 time, 140.6 real, 1203.6 MB
[runlim] sample:		150.0 time, 150.6 real, 1222.0 MB
[runlim] sample:		160.0 time, 160.6 real, 1047.6 MB
[runlim] sample:		170.0 time, 170.6 real, 1043.6 MB
[runlim] sample:		180.0 time, 180.6 real, 1221.5 MB
[runlim] sample:		190.0 time, 190.6 real, 1049.0 MB
c	Solving duration: 75334 ms
c	Answer: 
s SAT (w = 54)
AB is set to 94
Node 102 : 180
Node 437 : 86
AB is set to 60
Node 82 : 240
Node 102 : 180
AB is set to 54
Node 344 : 334
Node 469 : 280
c	Solution check:
p calculated antibandwidth = 54.
c
c
c Antibandwidth problem with w = 55 ( R-dwt__503.mtx.rnd ):
c Initializing CaDiCaL (version 1.2.1).
c	Configuring CaDiCaL as --sat (1).
c Initializing a DuplexNSC encoder with n = 503.
c Encoding starts with w = 55:
c	Labels and Vertices aux var: 43258
c	Labels and Vertices constraints:  592534
c	Obj k aux var: 438616
c	Obj k constraints: 6705832
c	Obj k glue staircase constraints: 4885978
c	Encoding duration: 1s
c	Number of clauses: 7328797
c	Number of irredundant clauses: 7326307
c	Number of variables: 765063
c SAT Solving starts:
[runlim] sample:		200.0 time, 200.6 real, 1014.3 MB
c	Solving duration: 10796 ms
c	Answer: 
s SAT (w = 55)
AB is set to 318
Node 102 : 350
Node 437 : 32
AB is set to 58
Node 82 : 408
Node 102 : 350
AB is set to 55
Node 385 : 87
Node 437 : 32
c	Solution check:
p calculated antibandwidth = 55.
c
c
c Antibandwidth problem with w = 56 ( R-dwt__503.mtx.rnd ):
c Initializing CaDiCaL (version 1.2.1).
c	Configuring CaDiCaL as --sat (1).
c Initializing a DuplexNSC encoder with n = 503.
c Encoding starts with w = 56:
c	Labels and Vertices aux var: 43258
c	Labels and Vertices constraints:  588007
c	Obj k aux var: 438616
c	Obj k constraints: 6680435
c	Obj k glue staircase constraints: 4883216
c	Encoding duration: 1s
c	Number of clauses: 7296358
c	Number of irredundant clauses: 7293113
c	Number of variables: 762548
c SAT Solving starts:
[runlim] sample:		210.0 time, 210.6 real, 1019.5 MB
c	Solving duration: 9736 ms
c	Answer: 
s SAT (w = 56)
AB is set to 160
Node 102 : 405
Node 437 : 245
AB is set to 102
Node 82 : 303
Node 102 : 405
AB is set to 66
Node 4 : 471
Node 102 : 405
AB is set to 58
Node 82 : 303
Node 437 : 245
AB is set to 57
Node 157 : 266
Node 344 : 209
AB is set to 56
Node 157 : 266
Node 199 : 322
c	Solution check:
p calculated antibandwidth = 56.
c
c
c Antibandwidth problem with w = 57 ( R-dwt__503.mtx.rnd ):
c Initializing CaDiCaL (version 1.2.1).
c	Configuring CaDiCaL as --sat (1).
c Initializing a DuplexNSC encoder with n = 503.
c Encoding starts with w = 57:
c	Labels and Vertices aux var: 43258
c	Labels and Vertices constraints:  588007
c	Obj k aux var: 438113
c	Obj k constraints: 6670393
c	Obj k glue staircase constraints: 4872168
c	Encoding duration: 1s
c	Number of clauses: 7286819
c	Number of irredundant clauses: 7284569
c	Number of variables: 762548
c SAT Solving starts:
[runlim] sample:		220.0 time, 220.6 real, 848.1 MB
[runlim] sample:		230.0 time, 230.6 real, 1060.3 MB
[runlim] sample:		240.0 time, 240.6 real, 1062.3 MB
[runlim] sample:		250.0 time, 250.6 real, 1083.0 MB
[runlim] sample:		260.0 time, 260.6 real, 1084.3 MB
[runlim] sample:		270.0 time, 270.6 real, 1083.4 MB
c	Solving duration: 50747 ms
c	Answer: 
s SAT (w = 57)
AB is set to 225
Node 102 : 247
Node 437 : 472
AB is set to 93
Node 82 : 340
Node 102 : 247
AB is set to 64
Node 4 : 183
Node 102 : 247
AB is set to 63
Node 136 : 455
Node 329 : 392
AB is set to 58
Node 268 : 172
Node 486 : 230
AB is set to 57
Node 474 : 287
Node 486 : 230
c	Solution check:
p calculated antibandwidth = 57.
c
c
c Antibandwidth problem with w = 58 ( R-dwt__503.mtx.rnd ):
c Initializing CaDiCaL (version 1.2.1).
c	Configuring CaDiCaL as --sat (1).
c Initializing a DuplexNSC encoder with n = 503.
c Encoding starts with w = 58:
c	Labels and Vertices aux var: 43258
c	Labels and Vertices constraints:  588007
c	Obj k aux var: 437107
c	Obj k constraints: 6660351
c	Obj k glue staircase constraints: 4861120
c	Encoding duration: 1s
c	Number of clauses: 7277280
c	Number of irredundant clauses: 7275021
c	Number of variables: 762045
c SAT Solving starts:
[runlim] sample:		280.0 time, 280.6 real, 1056.4 MB
[runlim] sample:		290.0 time, 290.6 real, 1070.3 MB
[runlim] sample:		300.0 time, 300.6 real, 1071.6 MB
[runlim] sample:		310.0 time, 310.6 real, 1073.7 MB
[runlim] sample:		320.0 time, 320.6 real, 1073.4 MB
c	Solving duration: 54112 ms
c	Answer: 
s SAT (w = 58)
AB is set to 154
Node 102 : 225
Node 437 : 71
AB is set to 139
Node 102 : 225
Node 385 : 364
AB is set to 63
Node 102 : 225
Node 345 : 288
AB is set to 59
Node 4 : 166
Node 102 : 225
AB is set to 58
Node 101 : 461
Node 329 : 403
c	Solution check:
p calculated antibandwidth = 58.
c
c
c Antibandwidth problem with w = 59 ( R-dwt__503.mtx.rnd ):
c Initializing CaDiCaL (version 1.2.1).
c	Configuring CaDiCaL as --sat (1).
c Initializing a DuplexNSC encoder with n = 503.
c Encoding starts with w = 59:
c	Labels and Vertices aux var: 43258
c	Labels and Vertices constraints:  588007
c	Obj k aux var: 436101
c	Obj k constraints: 6650309
c	Obj k glue staircase constraints: 4850072
c	Encoding duration: 1s
c	Number of clauses: 7267741
c	Number of irredundant clauses: 7265473
c	Number of variables: 761542
c SAT Solving starts:
[runlim] sample:		330.0 time, 330.6 real, 858.0 MB
[runlim] sample:		340.0 time, 340.6 real, 1217.6 MB
[runlim] sample:		350.0 time, 350.6 real, 1243.1 MB
[runlim] sample:		359.9 time, 360.6 real, 1258.8 MB
[runlim] sample:		369.9 time, 370.6 real, 1084.7 MB
[runlim] sample:		379.9 time, 380.6 real, 1087.4 MB
[runlim] sample:		389.9 time, 390.6 real, 1200.0 MB
[runlim] sample:		399.9 time, 400.6 real, 1269.7 MB
[runlim] sample:		409.9 time, 410.6 real, 1094.9 MB
[runlim] sample:		419.9 time, 420.6 real, 1053.1 MB
[runlim] sample:		429.9 time, 430.6 real, 1053.5 MB
[runlim] sample:		439.9 time, 440.6 real, 1095.3 MB
c	Solving duration: 118873 ms
c	Answer: 
s SAT (w = 59)
AB is set to 164
Node 102 : 390
Node 437 : 226
AB is set to 78
Node 102 : 390
Node 385 : 312
AB is set to 74
Node 3 : 109
Node 344 : 183
AB is set to 62
Node 157 : 470
Node 199 : 408
AB is set to 60
Node 17 : 406
Node 445 : 346
AB is set to 59
Node 4 : 33
Node 82 : 92
c	Solution check:
p calculated antibandwidth = 59.
c
c
c Antibandwidth problem with w = 60 ( R-dwt__503.mtx.rnd ):
c Initializing CaDiCaL (version 1.2.1).
c	Configuring CaDiCaL as --sat (1).
c Initializing a DuplexNSC encoder with n = 503.
c Encoding starts with w = 60:
c	Labels and Vertices aux var: 43258
c	Labels and Vertices constraints:  588007
c	Obj k aux var: 435095
c	Obj k constraints: 6640267
c	Obj k glue staircase constraints: 4839024
c	Encoding duration: 1s
c	Number of clauses: 7258202
c	Number of irredundant clauses: 7255925
c	Number of variables: 761039
c SAT Solving starts:
[runlim] sample:		449.9 time, 450.6 real, 819.3 MB
[runlim] sample:		459.9 time, 460.6 real, 1054.9 MB
[runlim] sample:		469.9 time, 470.6 real, 1046.4 MB
[runlim] sample:		479.9 time, 480.6 real, 1071.8 MB
[runlim] sample:		489.9 time, 490.6 real, 1075.2 MB
[runlim] sample:		499.9 time, 500.6 real, 1076.5 MB
[runlim] sample:		509.9 time, 510.6 real, 1075.3 MB
[runlim] sample:		519.9 time, 520.6 real, 1080.7 MB
[runlim] sample:		529.9 time, 530.6 real, 1043.4 MB
c	Solving duration: 86059 ms
c	Answer: 
s SAT (w = 60)
AB is set to 174
Node 102 : 116
Node 437 : 290
AB is set to 60
Node 102 : 116
Node 385 : 176
c	Solution check:
p calculated antibandwidth = 60.
c
c
c Antibandwidth problem with w = 61 ( R-dwt__503.mtx.rnd ):
c Initializing CaDiCaL (version 1.2.1).
c	Configuring CaDiCaL as --sat (1).
c Initializing a DuplexNSC encoder with n = 503.
c Encoding starts with w = 61:
c	Labels and Vertices aux var: 43258
c	Labels and Vertices constraints:  588007
c	Obj k aux var: 434089
c	Obj k constraints: 6630225
c	Obj k glue staircase constraints: 4827976
c	Encoding duration: 1s
c	Number of clauses: 7248663
c	Number of irredundant clauses: 7246377
c	Number of variables: 760536
c SAT Solving starts:
[runlim] sample:		539.9 time, 540.6 real, 983.4 MB
[runlim] sample:		549.9 time, 550.6 real, 1051.1 MB
[runlim] sample:		559.9 time, 560.6 real, 1053.5 MB
[runlim] sample:		569.9 time, 570.6 real, 1061.3 MB
[runlim] sample:		579.9 time, 580.6 real, 1060.8 MB
[runlim] sample:		589.9 time, 590.6 real, 1062.5 MB
[runlim] sample:		599.9 time, 600.6 real, 1062.5 MB
[runlim] sample:		609.9 time, 610.6 real, 1080.5 MB
[runlim] sample:		619.9 time, 620.6 real, 1026.3 MB
[runlim] sample:		629.9 time, 630.6 real, 1038.2 MB
[runlim] sample:		639.9 time, 640.6 real, 1219.9 MB
[runlim] sample:		649.9 time, 650.6 real, 997.0 MB
[runlim] sample:		659.9 time, 660.6 real, 1035.7 MB
[runlim] sample:		669.9 time, 670.6 real, 1039.8 MB
[runlim] sample:		679.9 time, 680.6 real, 1033.7 MB
[runlim] sample:		689.9 time, 690.6 real, 1076.3 MB
[runlim] sample:		699.9 time, 700.6 real, 1046.2 MB
[runlim] sample:		709.9 time, 710.6 real, 1116.1 MB
[runlim] sample:		719.9 time, 720.6 real, 1047.6 MB
[runlim] sample:		729.9 time, 730.6 real, 1074.4 MB
[runlim] sample:		739.9 time, 740.6 real, 1262.8 MB
[runlim] sample:		749.9 time, 750.6 real, 1083.5 MB
[runlim] sample:		759.9 time, 760.6 real, 1086.0 MB
[runlim] sample:		769.9 time, 770.6 real, 1052.1 MB
[runlim] sample:		779.9 time, 780.6 real, 1013.2 MB
[runlim] sample:		789.9 time, 790.6 real, 1055.0 MB
[runlim] sample:		799.9 time, 800.6 real, 1083.3 MB
[runlim] sample:		809.9 time, 810.6 real, 1041.5 MB
[runlim] sample:		819.9 time, 820.6 real, 1033.1 MB
[runlim] sample:		829.9 time, 830.6 real, 1105.8 MB
[runlim] sample:		839.9 time, 840.6 real, 1268.1 MB
[runlim] sample:		849.9 time, 850.6 real, 1284.5 MB
[runlim] sample:		859.9 time, 860.6 real, 1035.3 MB
[runlim] sample:		869.9 time, 870.6 real, 1086.1 MB
[runlim] sample:		879.9 time, 880.6 real, 1169.4 MB
[runlim] sample:		889.9 time, 890.6 real, 1171.7 MB
[runlim] sample:		899.9 time, 900.6 real, 1175.0 MB
[runlim] sample:		909.9 time, 910.6 real, 1143.1 MB
[runlim] sample:		919.9 time, 920.6 real, 1174.9 MB
[runlim] sample:		929.9 time, 930.6 real, 1184.8 MB
[runlim] sample:		939.9 time, 940.6 real, 1184.8 MB
[runlim] sample:		949.9 time, 950.6 real, 1186.6 MB
[runlim] sample:		959.9 time, 960.6 real, 1145.8 MB
[runlim] sample:		969.9 time, 970.6 real, 1159.3 MB
[runlim] sample:		979.9 time, 980.6 real, 1159.3 MB
[runlim] sample:		989.9 time, 990.6 real, 1161.1 MB
[runlim] sample:		999.9 time, 1000.6 real, 1131.8 MB
[runlim] sample:		1009.9 time, 1010.6 real, 1131.8 MB
[runlim] sample:		1019.9 time, 1020.6 real, 1126.6 MB
[runlim] sample:		1029.9 time, 1030.6 real, 1158.4 MB
[runlim] sample:		1039.9 time, 1040.6 real, 1155.2 MB
[runlim] sample:		1049.9 time, 1050.6 real, 1123.3 MB
[runlim] sample:		1059.9 time, 1060.6 real, 1137.0 MB
[runlim] sample:		1069.9 time, 1070.6 real, 1133.3 MB
[runlim] sample:		1079.9 time, 1080.6 real, 1133.3 MB
[runlim] sample:		1089.9 time, 1090.6 real, 1165.1 MB
[runlim] sample:		1099.9 time, 1100.6 real, 1145.7 MB
[runlim] sample:		1109.9 time, 1110.6 real, 1438.0 MB
[runlim] sample:		1119.9 time, 1120.6 real, 1205.8 MB
[runlim] sample:		1129.9 time, 1130.6 real, 1205.8 MB
[runlim] sample:		1139.9 time, 1140.6 real, 1229.3 MB
[runlim] sample:		1149.9 time, 1150.6 real, 1395.9 MB
[runlim] sample:		1159.9 time, 1160.6 real, 1328.4 MB
[runlim] sample:		1169.9 time, 1170.6 real, 1319.5 MB
c	Solving duration: 632518 ms
c	Answer: 
s SAT (w = 61)
AB is set to 247
Node 102 : 338
Node 437 : 91
AB is set to 176
Node 82 : 162
Node 102 : 338
AB is set to 62
Node 102 : 338
Node 385 : 276
AB is set to 61
Node 199 : 389
Node 344 : 450
c	Solution check:
p calculated antibandwidth = 61.
c
c
c Antibandwidth problem with w = 62 ( R-dwt__503.mtx.rnd ):
c Initializing CaDiCaL (version 1.2.1).
c	Configuring CaDiCaL as --sat (1).
c Initializing a DuplexNSC encoder with n = 503.
c Encoding starts with w = 62:
c	Labels and Vertices aux var: 43258
c	Labels and Vertices constraints:  588007
c	Obj k aux var: 433083
c	Obj k constraints: 6620183
c	Obj k glue staircase constraints: 4816928
c	Encoding duration: 1s
c	Number of clauses: 7239124
c	Number of irredundant clauses: 7236829
c	Number of variables: 760033
c SAT Solving starts:
[runlim] sample:		1179.9 time, 1180.6 real, 1168.3 MB
[runlim] sample:		1189.9 time, 1190.6 real, 1168.3 MB
[runlim] sample:		1199.9 time, 1200.6 real, 1236.1 MB
[runlim] sample:		1209.9 time, 1210.6 real, 1236.0 MB
[runlim] sample:		1219.9 time, 1220.6 real, 1368.6 MB
[runlim] sample:		1229.9 time, 1230.6 real, 1195.2 MB
[runlim] sample:		1239.9 time, 1240.6 real, 1198.9 MB
[runlim] sample:		1249.9 time, 1250.6 real, 1213.8 MB
[runlim] sample:		1259.9 time, 1260.6 real, 1255.8 MB
[runlim] sample:		1269.9 time, 1270.6 real, 1213.7 MB
[runlim] sample:		1279.9 time, 1280.6 real, 1258.5 MB
[runlim] sample:		1289.9 time, 1290.6 real, 1258.2 MB
[runlim] sample:		1299.9 time, 1300.6 real, 1217.2 MB
[runlim] sample:		1309.9 time, 1310.6 real, 1218.4 MB
[runlim] sample:		1319.9 time, 1320.6 real, 1260.2 MB
[runlim] sample:		1329.9 time, 1330.6 real, 1261.7 MB
[runlim] sample:		1339.9 time, 1340.6 real, 1221.6 MB
[runlim] sample:		1349.9 time, 1350.6 real, 1268.1 MB
[runlim] sample:		1359.9 time, 1360.6 real, 1268.5 MB
[runlim] sample:		1369.9 time, 1370.6 real, 1228.8 MB
[runlim] sample:		1379.9 time, 1380.6 real, 1228.4 MB
[runlim] sample:		1389.9 time, 1390.6 real, 1228.3 MB
[runlim] sample:		1399.9 time, 1400.6 real, 1228.6 MB
[runlim] sample:		1409.9 time, 1410.6 real, 1191.0 MB
[runlim] sample:		1419.9 time, 1420.6 real, 1383.6 MB
[runlim] sample:		1429.9 time, 1430.6 real, 1234.3 MB
[runlim] sample:		1439.9 time, 1440.6 real, 1231.3 MB
[runlim] sample:		1449.9 time, 1450.6 real, 1189.4 MB
[runlim] sample:		1459.9 time, 1460.6 real, 1188.8 MB
[runlim] sample:		1469.9 time, 1470.6 real, 1233.7 MB
[runlim] sample:		1479.9 time, 1480.6 real, 1239.3 MB
[runlim] sample:		1489.9 time, 1490.6 real, 1263.3 MB
[runlim] sample:		1499.9 time, 1500.6 real, 1271.3 MB
[runlim] sample:		1509.9 time, 1510.6 real, 1238.8 MB
[runlim] sample:		1519.9 time, 1520.6 real, 1280.9 MB
[runlim] sample:		1529.9 time, 1530.6 real, 1286.3 MB
[runlim] sample:		1539.9 time, 1540.6 real, 1281.9 MB
[runlim] sample:		1549.9 time, 1550.6 real, 1281.8 MB
[runlim] sample:		1559.9 time, 1560.6 real, 1281.8 MB
[runlim] sample:		1569.9 time, 1570.6 real, 1313.6 MB
c	Solving duration: 404004 ms
c	Answer: 
s SAT (w = 62)
AB is set to 224
Node 102 : 468
Node 437 : 244
AB is set to 77
Node 82 : 391
Node 102 : 468
AB is set to 62
Node 157 : 154
Node 469 : 216
c	Solution check:
p calculated antibandwidth = 62.
c
c
c Antibandwidth problem with w = 63 ( R-dwt__503.mtx.rnd ):
c Initializing CaDiCaL (version 1.2.1).
c	Configuring CaDiCaL as --sat (1).
c Initializing a DuplexNSC encoder with n = 503.
c Encoding starts with w = 63:
c	Labels and Vertices aux var: 43258
c	Labels and Vertices constraints:  583983
c	Obj k aux var: 433083
c	Obj k constraints: 6590762
c	Obj k glue staircase constraints: 4814166
c	Encoding duration: 1s
c	Number of clauses: 7202661
c	Number of irredundant clauses: 7199522
c	Number of variables: 757015
c SAT Solving starts:
[runlim] sample:		1579.9 time, 1580.6 real, 1107.6 MB
[runlim] sample:		1589.9 time, 1590.6 real, 1165.9 MB
[runlim] sample:		1599.9 time, 1600.6 real, 1251.4 MB
[runlim] sample:		1609.9 time, 1610.6 real, 1208.4 MB
[runlim] sample:		1619.9 time, 1620.6 real, 1208.6 MB
[runlim] sample:		1629.9 time, 1630.6 real, 1210.6 MB
[runlim] sample:		1639.9 time, 1640.6 real, 1211.4 MB
[runlim] sample:		1649.8 time, 1650.6 real, 1213.4 MB
[runlim] sample:		1659.8 time, 1660.6 real, 1214.5 MB
[runlim] sample:		1669.9 time, 1670.6 real, 1260.1 MB
[runlim] sample:		1679.9 time, 1680.6 real, 1400.5 MB
[runlim] sample:		1689.9 time, 1690.6 real, 1223.8 MB
[runlim] sample:		1699.9 time, 1700.6 real, 1221.3 MB
[runlim] sample:		1709.9 time, 1710.6 real, 1225.1 MB
[runlim] sample:		1719.9 time, 1720.6 real, 1401.2 MB
[runlim] sample:		1729.8 time, 1730.6 real, 1265.5 MB
[runlim] sample:		1739.8 time, 1740.6 real, 1267.9 MB
[runlim] sample:		1749.8 time, 1750.6 real, 1231.7 MB
[runlim] sample:		1759.8 time, 1760.6 real, 1243.4 MB
[runlim] sample:		1769.8 time, 1770.6 real, 1274.2 MB
[runlim] sample:		1779.8 time, 1780.6 real, 1411.5 MB
[runlim] sample:		1789.8 time, 1790.6 real, 1182.4 MB
c Signal interruption.
[runlim] end:			Wed Sep 25 04:49:02 2024
[runlim] status:		out of time
[runlim] result:		2
[runlim] children:		0
[runlim] real:			1800.06 seconds
[runlim] time:			1799.24 seconds
[runlim] space:			1680.3 MB
[runlim] samples:		17994
