[runlim] version:		1.10
[runlim] time limit:		1800 seconds
[runlim] real time limit:	1800 seconds
[runlim] space limit:		30000 MB
[runlim] argv[0]:		/home/truongxuanhieu/AntiBandwidthReconstruct/build/abw_enc_symbreak_first_node
[runlim] argv[1]:		/home/truongxuanhieu/AntiBandwidthReconstruct/build/BenchmarkR/R-dwt__503.mtx.rnd
[runlim] argv[2]:		--duplexNSC
[runlim] start:			Tue Sep 24 08:15:54 2024
[runlim] main pid:		1908
[runlim] log captured:
c DuplexEncoder 0.8.
c Solving strategy: from LB to UB.
c LB-w = 46 (LB in Sinnl - A note on computational approaches for the antibandwidth problem).
c UB-w = 71 (UB in Sinnl - A note on computational approaches for the antibandwidth problem).
c Antibandwidth problem with w = 46 ( R-dwt__503.mtx.rnd ):
c Initializing CaDiCaL (version 1.2.1).
c	Configuring CaDiCaL as --sat (1).
c Initializing a DuplexNSC encoder with n = 503.
c Encoding starts with w = 46:
c	Labels and Vertices aux var: 43258
c	Labels and Vertices constraints:  597564
c	Obj k aux var: 446664
c	Obj k constraints: 6803517
c	Obj k glue staircase constraints: 4977124
c	Encoding duration: 2s
c	Number of clauses: 7401332
c	Number of irredundant clauses: 7399342
c	Number of variables: 742931
c SAT Solving starts:
c	Solving duration: 4158 ms
c	Answer: 
s SAT (w = 46)
c	Solution check:
p calculated antibandwidth = 46.
c
c
c Antibandwidth problem with w = 47 ( R-dwt__503.mtx.rnd ):
c Initializing CaDiCaL (version 1.2.1).
c	Configuring CaDiCaL as --sat (1).
c Initializing a DuplexNSC encoder with n = 503.
c Encoding starts with w = 47:
c	Labels and Vertices aux var: 43258
c	Labels and Vertices constraints:  597564
c	Obj k aux var: 451191
c	Obj k constraints: 6805547
c	Obj k glue staircase constraints: 4966076
c	Encoding duration: 2s
c	Number of clauses: 7403362
c	Number of irredundant clauses: 7401362
c	Number of variables: 747458
c SAT Solving starts:
[runlim] sample:		10.0 time, 10.7 real, 831.3 MB
c	Solving duration: 4431 ms
c	Answer: 
s SAT (w = 47)
c	Solution check:
p calculated antibandwidth = 47.
c
c
c Antibandwidth problem with w = 48 ( R-dwt__503.mtx.rnd ):
c Initializing CaDiCaL (version 1.2.1).
c	Configuring CaDiCaL as --sat (1).
c Initializing a DuplexNSC encoder with n = 503.
c Encoding starts with w = 48:
c	Labels and Vertices aux var: 43258
c	Labels and Vertices constraints:  597564
c	Obj k aux var: 455718
c	Obj k constraints: 6807577
c	Obj k glue staircase constraints: 4955028
c	Encoding duration: 2s
c	Number of clauses: 7405392
c	Number of irredundant clauses: 7403382
c	Number of variables: 751985
c SAT Solving starts:
[runlim] sample:		20.0 time, 20.7 real, 1005.1 MB
c	Solving duration: 6135 ms
c	Answer: 
s SAT (w = 48)
c	Solution check:
p calculated antibandwidth = 48.
c
c
c Antibandwidth problem with w = 49 ( R-dwt__503.mtx.rnd ):
c Initializing CaDiCaL (version 1.2.1).
c	Configuring CaDiCaL as --sat (1).
c Initializing a DuplexNSC encoder with n = 503.
c Encoding starts with w = 49:
c	Labels and Vertices aux var: 43258
c	Labels and Vertices constraints:  597564
c	Obj k aux var: 460245
c	Obj k constraints: 6809607
c	Obj k glue staircase constraints: 4943980
c	Encoding duration: 2s
c	Number of clauses: 7407422
c	Number of irredundant clauses: 7405402
c	Number of variables: 756512
c SAT Solving starts:
c	Solving duration: 4954 ms
c	Answer: 
s SAT (w = 49)
c	Solution check:
p calculated antibandwidth = 49.
c
c
c Antibandwidth problem with w = 50 ( R-dwt__503.mtx.rnd ):
c Initializing CaDiCaL (version 1.2.1).
c	Configuring CaDiCaL as --sat (1).
c Initializing a DuplexNSC encoder with n = 503.
c Encoding starts with w = 50:
[runlim] sample:		30.0 time, 30.7 real, 823.3 MB
c	Labels and Vertices aux var: 43258
c	Labels and Vertices constraints:  597564
c	Obj k aux var: 464772
c	Obj k constraints: 6811637
c	Obj k glue staircase constraints: 4932932
c	Encoding duration: 2s
c	Number of clauses: 7409452
c	Number of irredundant clauses: 7407422
c	Number of variables: 761039
c SAT Solving starts:
[runlim] sample:		40.0 time, 40.7 real, 1051.1 MB
[runlim] sample:		50.0 time, 50.7 real, 1103.0 MB
c	Solving duration: 23420 ms
c	Answer: 
s SAT (w = 50)
c	Solution check:
p calculated antibandwidth = 50.
c
c
c Antibandwidth problem with w = 51 ( R-dwt__503.mtx.rnd ):
c Initializing CaDiCaL (version 1.2.1).
c	Configuring CaDiCaL as --sat (1).
c Initializing a DuplexNSC encoder with n = 503.
c Encoding starts with w = 51:
c	Labels and Vertices aux var: 43258
c	Labels and Vertices constraints:  592534
c	Obj k aux var: 445155
c	Obj k constraints: 6749018
c	Obj k glue staircase constraints: 4930170
c	Encoding duration: 1s
c	Number of clauses: 7341803
c	Number of irredundant clauses: 7339814
c	Number of variables: 741422
c SAT Solving starts:
[runlim] sample:		60.0 time, 60.7 real, 1049.6 MB
c	Solving duration: 4127 ms
c	Answer: 
s SAT (w = 51)
c	Solution check:
p calculated antibandwidth = 51.
c
c
c Antibandwidth problem with w = 52 ( R-dwt__503.mtx.rnd ):
c Initializing CaDiCaL (version 1.2.1).
c	Configuring CaDiCaL as --sat (1).
c Initializing a DuplexNSC encoder with n = 503.
c Encoding starts with w = 52:
c	Labels and Vertices aux var: 43258
c	Labels and Vertices constraints:  592534
c	Obj k aux var: 449179
c	Obj k constraints: 6749539
c	Obj k glue staircase constraints: 4919122
c	Encoding duration: 2s
c	Number of clauses: 7342324
c	Number of irredundant clauses: 7340326
c	Number of variables: 745446
c SAT Solving starts:
[runlim] sample:		70.0 time, 70.7 real, 1050.3 MB
c	Solving duration: 13321 ms
c	Answer: 
s SAT (w = 52)
c	Solution check:
p calculated antibandwidth = 52.
c
c
c Antibandwidth problem with w = 53 ( R-dwt__503.mtx.rnd ):
c Initializing CaDiCaL (version 1.2.1).
c	Configuring CaDiCaL as --sat (1).
c Initializing a DuplexNSC encoder with n = 503.
c Encoding starts with w = 53:
c	Labels and Vertices aux var: 43258
c	Labels and Vertices constraints:  592534
c	Obj k aux var: 453203
c	Obj k constraints: 6750060
c	Obj k glue staircase constraints: 4908074
c	Encoding duration: 2s
c	Number of clauses: 7342845
c	Number of irredundant clauses: 7340838
c	Number of variables: 749470
c SAT Solving starts:
[runlim] sample:		80.0 time, 80.7 real, 854.9 MB
[runlim] sample:		90.0 time, 90.7 real, 1073.1 MB
[runlim] sample:		100.0 time, 100.7 real, 1089.0 MB
[runlim] sample:		110.0 time, 110.7 real, 1074.0 MB
[runlim] sample:		120.0 time, 120.7 real, 1073.7 MB
[runlim] sample:		130.0 time, 130.7 real, 1099.6 MB
[runlim] sample:		140.0 time, 140.7 real, 1330.9 MB
[runlim] sample:		150.0 time, 150.7 real, 1090.7 MB
[runlim] sample:		160.0 time, 160.7 real, 1118.6 MB
[runlim] sample:		170.0 time, 170.7 real, 1189.8 MB
[runlim] sample:		180.0 time, 180.7 real, 1098.5 MB
[runlim] sample:		190.0 time, 190.7 real, 1136.0 MB
c	Solving duration: 111984 ms
c	Answer: 
s SAT (w = 53)
c	Solution check:
p calculated antibandwidth = 53.
c
c
c Antibandwidth problem with w = 54 ( R-dwt__503.mtx.rnd ):
c Initializing CaDiCaL (version 1.2.1).
c	Configuring CaDiCaL as --sat (1).
c Initializing a DuplexNSC encoder with n = 503.
c Encoding starts with w = 54:
c	Labels and Vertices aux var: 43258
c	Labels and Vertices constraints:  592534
c	Obj k aux var: 457227
c	Obj k constraints: 6750581
c	Obj k glue staircase constraints: 4897026
c	Encoding duration: 2s
c	Number of clauses: 7343366
c	Number of irredundant clauses: 7341350
c	Number of variables: 753494
c SAT Solving starts:
c	Solving duration: 5308 ms
c	Answer: 
s SAT (w = 54)
c	Solution check:
p calculated antibandwidth = 54.
c
c
c Antibandwidth problem with w = 55 ( R-dwt__503.mtx.rnd ):
c Initializing CaDiCaL (version 1.2.1).
c	Configuring CaDiCaL as --sat (1).
c Initializing a DuplexNSC encoder with n = 503.
c Encoding starts with w = 55:
[runlim] sample:		200.0 time, 200.7 real, 756.1 MB
c	Labels and Vertices aux var: 43258
c	Labels and Vertices constraints:  592534
c	Obj k aux var: 461251
c	Obj k constraints: 6751102
c	Obj k glue staircase constraints: 4885978
c	Encoding duration: 2s
c	Number of clauses: 7343887
c	Number of irredundant clauses: 7341862
c	Number of variables: 757518
c SAT Solving starts:
[runlim] sample:		210.0 time, 210.7 real, 1016.7 MB
[runlim] sample:		220.0 time, 220.7 real, 1087.2 MB
[runlim] sample:		230.0 time, 230.7 real, 1217.4 MB
c	Solving duration: 35718 ms
c	Answer: 
s SAT (w = 55)
c	Solution check:
p calculated antibandwidth = 55.
c
c
c Antibandwidth problem with w = 56 ( R-dwt__503.mtx.rnd ):
c Initializing CaDiCaL (version 1.2.1).
c	Configuring CaDiCaL as --sat (1).
c Initializing a DuplexNSC encoder with n = 503.
c Encoding starts with w = 56:
c	Labels and Vertices aux var: 43258
c	Labels and Vertices constraints:  588007
c	Obj k aux var: 438616
c	Obj k constraints: 6679429
c	Obj k glue staircase constraints: 4883216
c	Encoding duration: 2s
c	Number of clauses: 7267687
c	Number of irredundant clauses: 7265768
c	Number of variables: 734883
c SAT Solving starts:
[runlim] sample:		240.0 time, 240.7 real, 863.5 MB
c	Solving duration: 5177 ms
c	Answer: 
s SAT (w = 56)
c	Solution check:
p calculated antibandwidth = 56.
c
c
c Antibandwidth problem with w = 57 ( R-dwt__503.mtx.rnd ):
c Initializing CaDiCaL (version 1.2.1).
c	Configuring CaDiCaL as --sat (1).
c Initializing a DuplexNSC encoder with n = 503.
c Encoding starts with w = 57:
c	Labels and Vertices aux var: 43258
c	Labels and Vertices constraints:  588007
c	Obj k aux var: 442137
c	Obj k constraints: 6678441
c	Obj k glue staircase constraints: 4872168
c	Encoding duration: 2s
c	Number of clauses: 7266699
c	Number of irredundant clauses: 7264830
c	Number of variables: 738404
c SAT Solving starts:
[runlim] sample:		250.0 time, 250.7 real, 911.5 MB
[runlim] sample:		260.0 time, 260.7 real, 1066.0 MB
[runlim] sample:		270.0 time, 270.7 real, 1080.0 MB
[runlim] sample:		279.9 time, 280.7 real, 1077.1 MB
[runlim] sample:		290.0 time, 290.7 real, 1077.2 MB
[runlim] sample:		299.9 time, 300.7 real, 1078.8 MB
[runlim] sample:		309.9 time, 310.7 real, 1077.9 MB
c	Solving duration: 69842 ms
c	Answer: 
s SAT (w = 57)
c	Solution check:
p calculated antibandwidth = 57.
c
c
c Antibandwidth problem with w = 58 ( R-dwt__503.mtx.rnd ):
c Initializing CaDiCaL (version 1.2.1).
c	Configuring CaDiCaL as --sat (1).
c Initializing a DuplexNSC encoder with n = 503.
c Encoding starts with w = 58:
c	Labels and Vertices aux var: 43258
c	Labels and Vertices constraints:  588007
c	Obj k aux var: 445658
c	Obj k constraints: 6677453
c	Obj k glue staircase constraints: 4861120
c	Encoding duration: 2s
c	Number of clauses: 7265711
c	Number of irredundant clauses: 7263834
c	Number of variables: 741925
c SAT Solving starts:
[runlim] sample:		319.9 time, 320.7 real, 860.0 MB
[runlim] sample:		329.9 time, 330.7 real, 1068.2 MB
[runlim] sample:		339.9 time, 340.7 real, 1082.2 MB
[runlim] sample:		349.9 time, 350.7 real, 1074.7 MB
[runlim] sample:		359.9 time, 360.7 real, 1079.1 MB
[runlim] sample:		369.9 time, 370.7 real, 1081.8 MB
c	Solving duration: 52256 ms
c	Answer: 
s SAT (w = 58)
c	Solution check:
p calculated antibandwidth = 58.
c
c
c Antibandwidth problem with w = 59 ( R-dwt__503.mtx.rnd ):
c Initializing CaDiCaL (version 1.2.1).
c	Configuring CaDiCaL as --sat (1).
c Initializing a DuplexNSC encoder with n = 503.
c Encoding starts with w = 59:
c	Labels and Vertices aux var: 43258
c	Labels and Vertices constraints:  588007
c	Obj k aux var: 449179
c	Obj k constraints: 6676465
c	Obj k glue staircase constraints: 4850072
c	Encoding duration: 1s
c	Number of clauses: 7264723
c	Number of irredundant clauses: 7262838
c	Number of variables: 745446
c SAT Solving starts:
[runlim] sample:		379.9 time, 380.7 real, 1005.7 MB
[runlim] sample:		389.9 time, 390.7 real, 1060.7 MB
[runlim] sample:		399.9 time, 400.7 real, 1036.8 MB
[runlim] sample:		409.9 time, 410.7 real, 1084.0 MB
[runlim] sample:		419.9 time, 420.7 real, 1084.6 MB
[runlim] sample:		429.9 time, 430.7 real, 1312.6 MB
[runlim] sample:		439.9 time, 440.7 real, 1083.3 MB
[runlim] sample:		449.9 time, 450.7 real, 1091.8 MB
[runlim] sample:		459.9 time, 460.7 real, 1092.7 MB
c	Solving duration: 85857 ms
c	Answer: 
s SAT (w = 59)
c	Solution check:
p calculated antibandwidth = 59.
c
c
c Antibandwidth problem with w = 60 ( R-dwt__503.mtx.rnd ):
c Initializing CaDiCaL (version 1.2.1).
c	Configuring CaDiCaL as --sat (1).
c Initializing a DuplexNSC encoder with n = 503.
c Encoding starts with w = 60:
c	Labels and Vertices aux var: 43258
c	Labels and Vertices constraints:  588007
c	Obj k aux var: 452700
c	Obj k constraints: 6675477
c	Obj k glue staircase constraints: 4839024
c	Encoding duration: 1s
c	Number of clauses: 7263735
c	Number of irredundant clauses: 7261842
c	Number of variables: 748967
c SAT Solving starts:
[runlim] sample:		469.9 time, 470.7 real, 1060.6 MB
[runlim] sample:		479.9 time, 480.7 real, 1074.6 MB
[runlim] sample:		489.9 time, 490.7 real, 1073.8 MB
[runlim] sample:		499.9 time, 500.7 real, 1074.8 MB
[runlim] sample:		509.9 time, 510.7 real, 1076.1 MB
[runlim] sample:		519.9 time, 520.7 real, 1076.4 MB
[runlim] sample:		529.9 time, 530.7 real, 1076.4 MB
[runlim] sample:		539.9 time, 540.7 real, 1080.1 MB
[runlim] sample:		549.9 time, 550.7 real, 1032.7 MB
[runlim] sample:		559.9 time, 560.7 real, 1080.5 MB
[runlim] sample:		569.9 time, 570.7 real, 1078.5 MB
[runlim] sample:		579.9 time, 580.7 real, 1088.2 MB
[runlim] sample:		589.9 time, 590.7 real, 1036.6 MB
[runlim] sample:		599.9 time, 600.7 real, 1037.2 MB
[runlim] sample:		609.9 time, 610.7 real, 1041.4 MB
[runlim] sample:		619.9 time, 620.7 real, 1047.3 MB
[runlim] sample:		629.9 time, 630.7 real, 1050.5 MB
[runlim] sample:		639.9 time, 640.7 real, 1064.6 MB
[runlim] sample:		649.9 time, 650.7 real, 1106.4 MB
[runlim] sample:		659.9 time, 660.7 real, 1049.5 MB
[runlim] sample:		669.9 time, 670.7 real, 1047.9 MB
[runlim] sample:		679.9 time, 680.7 real, 1047.9 MB
[runlim] sample:		689.9 time, 690.7 real, 1046.1 MB
[runlim] sample:		699.9 time, 700.7 real, 1044.6 MB
[runlim] sample:		709.9 time, 710.7 real, 1044.6 MB
[runlim] sample:		719.9 time, 720.7 real, 1048.7 MB
[runlim] sample:		729.9 time, 730.7 real, 1042.6 MB
[runlim] sample:		739.9 time, 740.7 real, 1042.6 MB
[runlim] sample:		749.9 time, 750.7 real, 1050.8 MB
[runlim] sample:		759.9 time, 760.7 real, 1051.1 MB
[runlim] sample:		769.9 time, 770.7 real, 1051.1 MB
[runlim] sample:		779.9 time, 780.7 real, 1051.1 MB
[runlim] sample:		789.9 time, 790.7 real, 1063.9 MB
[runlim] sample:		799.9 time, 800.7 real, 1065.4 MB
[runlim] sample:		809.9 time, 810.7 real, 1065.4 MB
[runlim] sample:		819.9 time, 820.7 real, 1026.9 MB
[runlim] sample:		829.9 time, 830.7 real, 1071.8 MB
[runlim] sample:		839.8 time, 840.7 real, 1119.6 MB
c	Solving duration: 387080 ms
c	Answer: 
s SAT (w = 60)
c	Solution check:
p calculated antibandwidth = 60.
c
c
c Antibandwidth problem with w = 61 ( R-dwt__503.mtx.rnd ):
c Initializing CaDiCaL (version 1.2.1).
c	Configuring CaDiCaL as --sat (1).
c Initializing a DuplexNSC encoder with n = 503.
c Encoding starts with w = 61:
[runlim] sample:		849.8 time, 850.7 real, 760.3 MB
c	Labels and Vertices aux var: 43258
c	Labels and Vertices constraints:  588007
c	Obj k aux var: 456221
c	Obj k constraints: 6674489
c	Obj k glue staircase constraints: 4827976
c	Encoding duration: 1s
c	Number of clauses: 7262747
c	Number of irredundant clauses: 7260846
c	Number of variables: 752488
c SAT Solving starts:
[runlim] sample:		859.9 time, 860.7 real, 1037.6 MB
[runlim] sample:		869.8 time, 870.7 real, 1025.3 MB
[runlim] sample:		879.9 time, 880.7 real, 1038.8 MB
[runlim] sample:		889.8 time, 890.7 real, 1084.3 MB
[runlim] sample:		899.8 time, 900.7 real, 1084.0 MB
[runlim] sample:		909.8 time, 910.7 real, 1084.6 MB
[runlim] sample:		919.8 time, 920.7 real, 1084.6 MB
[runlim] sample:		929.8 time, 930.7 real, 1085.1 MB
[runlim] sample:		939.9 time, 940.7 real, 1089.5 MB
[runlim] sample:		949.9 time, 950.7 real, 1044.6 MB
[runlim] sample:		959.8 time, 960.7 real, 1049.8 MB
[runlim] sample:		969.8 time, 970.7 real, 1043.8 MB
[runlim] sample:		979.8 time, 980.7 real, 1079.6 MB
[runlim] sample:		989.8 time, 990.7 real, 1081.2 MB
[runlim] sample:		999.8 time, 1000.7 real, 1083.3 MB
[runlim] sample:		1009.8 time, 1010.7 real, 1082.9 MB
[runlim] sample:		1019.8 time, 1020.7 real, 1082.8 MB
[runlim] sample:		1029.8 time, 1030.7 real, 1081.2 MB
[runlim] sample:		1039.8 time, 1040.7 real, 1085.6 MB
[runlim] sample:		1049.8 time, 1050.7 real, 1096.5 MB
[runlim] sample:		1059.8 time, 1060.7 real, 1096.5 MB
[runlim] sample:		1069.8 time, 1070.7 real, 1060.6 MB
[runlim] sample:		1079.8 time, 1080.7 real, 1048.1 MB
[runlim] sample:		1089.8 time, 1090.7 real, 1048.0 MB
[runlim] sample:		1099.8 time, 1100.7 real, 1046.5 MB
[runlim] sample:		1109.8 time, 1110.7 real, 1049.4 MB
[runlim] sample:		1119.8 time, 1120.7 real, 1001.6 MB
[runlim] sample:		1129.8 time, 1130.7 real, 1006.6 MB
[runlim] sample:		1139.8 time, 1140.7 real, 1015.2 MB
[runlim] sample:		1149.8 time, 1150.7 real, 1005.4 MB
[runlim] sample:		1159.8 time, 1160.7 real, 1047.3 MB
[runlim] sample:		1169.8 time, 1170.7 real, 1266.9 MB
[runlim] sample:		1179.8 time, 1180.7 real, 1082.2 MB
[runlim] sample:		1189.8 time, 1190.7 real, 1110.9 MB
[runlim] sample:		1199.8 time, 1200.7 real, 1110.9 MB
[runlim] sample:		1209.8 time, 1210.7 real, 1053.8 MB
[runlim] sample:		1219.8 time, 1220.7 real, 1053.8 MB
c	Solving duration: 377673 ms
c	Answer: 
s SAT (w = 61)
c	Solution check:
p calculated antibandwidth = 61.
c
c
c Antibandwidth problem with w = 62 ( R-dwt__503.mtx.rnd ):
c Initializing CaDiCaL (version 1.2.1).
c	Configuring CaDiCaL as --sat (1).
c Initializing a DuplexNSC encoder with n = 503.
c Encoding starts with w = 62:
[runlim] sample:		1229.8 time, 1230.7 real, 805.7 MB
c	Labels and Vertices aux var: 43258
c	Labels and Vertices constraints:  588007
c	Obj k aux var: 459742
c	Obj k constraints: 6673501
c	Obj k glue staircase constraints: 4816928
c	Encoding duration: 1s
c	Number of clauses: 7261759
c	Number of irredundant clauses: 7259850
c	Number of variables: 756009
c SAT Solving starts:
[runlim] sample:		1239.8 time, 1240.7 real, 1062.3 MB
[runlim] sample:		1249.8 time, 1250.7 real, 1076.2 MB
[runlim] sample:		1259.8 time, 1260.7 real, 1083.5 MB
[runlim] sample:		1269.8 time, 1270.7 real, 1037.3 MB
[runlim] sample:		1279.8 time, 1280.7 real, 1036.9 MB
[runlim] sample:		1289.8 time, 1290.7 real, 1207.5 MB
[runlim] sample:		1299.8 time, 1300.7 real, 1037.0 MB
[runlim] sample:		1309.8 time, 1310.7 real, 1037.5 MB
[runlim] sample:		1319.8 time, 1320.7 real, 1039.6 MB
[runlim] sample:		1329.8 time, 1330.7 real, 1042.5 MB
[runlim] sample:		1339.8 time, 1340.7 real, 1043.5 MB
[runlim] sample:		1349.8 time, 1350.7 real, 1043.9 MB
[runlim] sample:		1359.8 time, 1360.7 real, 1111.4 MB
[runlim] sample:		1369.8 time, 1370.7 real, 1030.4 MB
[runlim] sample:		1379.8 time, 1380.7 real, 1054.5 MB
[runlim] sample:		1389.8 time, 1390.7 real, 1033.3 MB
[runlim] sample:		1399.8 time, 1400.7 real, 1033.3 MB
[runlim] sample:		1409.8 time, 1410.7 real, 1045.2 MB
[runlim] sample:		1419.8 time, 1420.7 real, 1044.8 MB
[runlim] sample:		1429.8 time, 1430.7 real, 1046.9 MB
[runlim] sample:		1439.8 time, 1440.7 real, 1083.9 MB
[runlim] sample:		1449.8 time, 1450.7 real, 1012.2 MB
[runlim] sample:		1459.8 time, 1460.7 real, 1011.2 MB
[runlim] sample:		1469.8 time, 1470.7 real, 1082.7 MB
[runlim] sample:		1479.8 time, 1480.7 real, 1034.9 MB
[runlim] sample:		1489.8 time, 1490.7 real, 1032.7 MB
[runlim] sample:		1499.8 time, 1500.7 real, 1038.7 MB
[runlim] sample:		1509.8 time, 1510.7 real, 1041.9 MB
[runlim] sample:		1519.8 time, 1520.7 real, 1040.6 MB
[runlim] sample:		1529.8 time, 1530.7 real, 1042.0 MB
[runlim] sample:		1539.8 time, 1540.7 real, 1042.0 MB
[runlim] sample:		1549.8 time, 1550.7 real, 1042.7 MB
[runlim] sample:		1559.8 time, 1560.7 real, 1043.8 MB
[runlim] sample:		1569.8 time, 1570.7 real, 1043.8 MB
[runlim] sample:		1579.8 time, 1580.7 real, 1043.8 MB
[runlim] sample:		1589.8 time, 1590.7 real, 1046.2 MB
[runlim] sample:		1599.8 time, 1600.7 real, 1230.4 MB
[runlim] sample:		1609.8 time, 1610.7 real, 1046.4 MB
[runlim] sample:		1619.8 time, 1620.7 real, 1046.4 MB
[runlim] sample:		1629.8 time, 1630.7 real, 1046.4 MB
[runlim] sample:		1639.8 time, 1640.7 real, 1010.3 MB
[runlim] sample:		1649.8 time, 1650.7 real, 1058.1 MB
[runlim] sample:		1659.8 time, 1660.7 real, 1058.1 MB
[runlim] sample:		1669.8 time, 1670.7 real, 1048.9 MB
[runlim] sample:		1679.8 time, 1680.7 real, 1179.0 MB
[runlim] sample:		1689.8 time, 1690.7 real, 1125.9 MB
[runlim] sample:		1699.8 time, 1700.7 real, 1048.7 MB
[runlim] sample:		1709.8 time, 1710.7 real, 1048.7 MB
[runlim] sample:		1719.8 time, 1720.7 real, 1050.0 MB
[runlim] sample:		1729.8 time, 1730.7 real, 1038.0 MB
[runlim] sample:		1739.8 time, 1740.7 real, 1038.2 MB
[runlim] sample:		1749.8 time, 1750.7 real, 1098.5 MB
[runlim] sample:		1759.8 time, 1760.7 real, 1098.5 MB
[runlim] sample:		1769.8 time, 1770.7 real, 1135.0 MB
[runlim] sample:		1779.8 time, 1780.7 real, 1135.0 MB
[runlim] sample:		1789.8 time, 1790.7 real, 1211.6 MB
c Signal interruption.
[runlim] end:			Tue Sep 24 08:45:54 2024
[runlim] status:		out of time
[runlim] result:		2
[runlim] children:		0
[runlim] real:			1800.04 seconds
[runlim] time:			1799.10 seconds
[runlim] space:			1387.5 MB
[runlim] samples:		17993
