[runlim] version:		1.10
[runlim] time limit:		1800 seconds
[runlim] real time limit:	1800 seconds
[runlim] space limit:		30000 MB
[runlim] argv[0]:		/home/truongxuanhieu/AntiBandwidthReconstruct/build/abw_enc
[runlim] argv[1]:		/home/truongxuanhieu/AntiBandwidthReconstruct/build/Benchmarks/A-pores_1.mtx.rnd
[runlim] argv[2]:		--reduced
[runlim] argv[3]:		-symetry-break
[runlim] argv[4]:		l
[runlim] start:			Sat Sep 28 09:09:20 2024
[runlim] main pid:		110254
[runlim] log captured:
c LadderEncoder 1.0.
c Symetry breaking in the lowest degree node.
c Solving strategy: from LB to UB.
c LB-w = 6 (LB in Sinnl - A note on computational approaches for the antibandwidth problem).
c UB-w = 8 (UB in Sinnl - A note on computational approaches for the antibandwidth problem).
c Antibandwidth problem with w = 6 ( A-pores_1.mtx.rnd ):
c Initializing CaDiCaL (version 1.2.1).
c	Configuring CaDiCaL as --sat (1).
c Initializing a Naive-Reduced encoder with n = 30.
c Encoding starts with w = 6:
c	Encode symmetry breaking with option: l.
c	Encoding duration: 0s
c	Number of clauses: 53985
c	Number of irredundant clauses: 52530
c	Number of variables: 900
c SAT Solving starts:
c	Solving duration: 285 ms
c	Answer: 
s SAT (w = 6)
c	Solution check:
p calculated antibandwidth = 6.
c
c
c Antibandwidth problem with w = 7 ( A-pores_1.mtx.rnd ):
c Initializing CaDiCaL (version 1.2.1).
c	Configuring CaDiCaL as --sat (1).
c Initializing a Naive-Reduced encoder with n = 30.
c Encoding starts with w = 7:
c	Encode symmetry breaking with option: l.
c	Encoding duration: 0s
c	Number of clauses: 58929
c	Number of irredundant clauses: 57354
c	Number of variables: 900
c SAT Solving starts:
[runlim] sample:		10.0 time, 10.1 real, 30.3 MB
[runlim] sample:		20.0 time, 20.1 real, 29.3 MB
[runlim] sample:		30.0 time, 30.1 real, 38.9 MB
[runlim] sample:		40.0 time, 40.1 real, 46.9 MB
[runlim] sample:		50.0 time, 50.1 real, 47.0 MB
[runlim] sample:		60.0 time, 60.1 real, 42.8 MB
[runlim] sample:		70.0 time, 70.1 real, 39.3 MB
[runlim] sample:		80.0 time, 80.1 real, 45.3 MB
[runlim] sample:		90.0 time, 90.1 real, 55.1 MB
[runlim] sample:		100.0 time, 100.1 real, 55.8 MB
[runlim] sample:		110.0 time, 110.1 real, 56.1 MB
[runlim] sample:		120.0 time, 120.1 real, 66.1 MB
[runlim] sample:		130.0 time, 130.1 real, 66.1 MB
[runlim] sample:		140.0 time, 140.1 real, 84.1 MB
[runlim] sample:		150.0 time, 150.1 real, 77.7 MB
[runlim] sample:		160.0 time, 160.1 real, 44.7 MB
[runlim] sample:		170.0 time, 170.1 real, 75.0 MB
[runlim] sample:		180.0 time, 180.1 real, 75.0 MB
[runlim] sample:		190.0 time, 190.1 real, 76.0 MB
[runlim] sample:		200.0 time, 200.1 real, 95.8 MB
[runlim] sample:		210.0 time, 210.1 real, 80.7 MB
[runlim] sample:		220.0 time, 220.1 real, 80.7 MB
[runlim] sample:		230.0 time, 230.1 real, 55.7 MB
[runlim] sample:		240.0 time, 240.1 real, 87.1 MB
[runlim] sample:		250.0 time, 250.1 real, 97.9 MB
[runlim] sample:		260.0 time, 260.1 real, 97.9 MB
[runlim] sample:		270.0 time, 270.1 real, 87.8 MB
[runlim] sample:		280.0 time, 280.1 real, 87.8 MB
[runlim] sample:		290.0 time, 290.1 real, 87.8 MB
[runlim] sample:		300.0 time, 300.1 real, 63.0 MB
[runlim] sample:		310.0 time, 310.1 real, 82.5 MB
[runlim] sample:		320.0 time, 320.1 real, 97.2 MB
[runlim] sample:		330.0 time, 330.1 real, 97.2 MB
[runlim] sample:		340.0 time, 340.1 real, 97.2 MB
[runlim] sample:		350.0 time, 350.1 real, 97.2 MB
[runlim] sample:		360.0 time, 360.1 real, 64.2 MB
[runlim] sample:		370.0 time, 370.1 real, 83.2 MB
c	Solving duration: 376018 ms
c	Answer: 
s UNSAT (w = 7)
c
c
[runlim] end:			Sat Sep 28 09:15:36 2024
[runlim] status:		ok
[runlim] result:		0
[runlim] children:		0
[runlim] real:			376.38 seconds
[runlim] time:			376.27 seconds
[runlim] space:			103.4 MB
[runlim] samples:		3763
