[runlim] version:		1.10
[runlim] time limit:		1800 seconds
[runlim] real time limit:	1800 seconds
[runlim] space limit:		30000 MB
[runlim] argv[0]:		/home/truongxuanhieu/AntiBandwidthReconstruct/build/abw_enc
[runlim] argv[1]:		/home/truongxuanhieu/AntiBandwidthReconstruct/build/Benchmarks/D-bcsstk01.mtx.rnd
[runlim] argv[2]:		--duplex
[runlim] argv[3]:		-symetry-break
[runlim] argv[4]:		l
[runlim] start:			Fri Sep 27 19:25:34 2024
[runlim] main pid:		91893
[runlim] log captured:
c LadderEncoder 1.0.
c Symetry breaking in the lowest degree node.
c Solving strategy: from LB to UB.
c LB-w = 8 (LB in Sinnl - A note on computational approaches for the antibandwidth problem).
c UB-w = 9 (UB in Sinnl - A note on computational approaches for the antibandwidth problem).
c Antibandwidth problem with w = 8 ( D-bcsstk01.mtx.rnd ):
c Initializing CaDiCaL (version 1.2.1).
c	Configuring CaDiCaL as --sat (1).
c Initializing a Duplex encoder with n = 48.
c Encoding starts with w = 8:
c	Encode symmetry breaking with option: l.
c	Labels and Vertices aux var: 1152
c	Labels and Vertices constraints:  6960
c	Obj k aux var: 6720
c	Obj k constraints: 48112
c	Obj k glue staircase constraints: 25696
c	Encoding duration: 0s
c	Number of clauses: 55096
c	Number of irredundant clauses: 50907
c	Number of variables: 10176
c SAT Solving starts:
c	Solving duration: 7 ms
c	Answer: 
s SAT (w = 8)
c	Solution check:
p calculated antibandwidth = 8.
c
c
c Antibandwidth problem with w = 9 ( D-bcsstk01.mtx.rnd ):
c Initializing CaDiCaL (version 1.2.1).
c	Configuring CaDiCaL as --sat (1).
c Initializing a Duplex encoder with n = 48.
c Encoding starts with w = 9:
c	Encode symmetry breaking with option: l.
c	Labels and Vertices aux var: 1152
c	Labels and Vertices constraints:  6960
c	Obj k aux var: 7104
c	Obj k constraints: 49120
c	Obj k glue staircase constraints: 25696
c	Encoding duration: 0s
c	Number of clauses: 56104
c	Number of irredundant clauses: 51873
c	Number of variables: 10560
c SAT Solving starts:
c	Solving duration: 58 ms
c	Answer: 
s SAT (w = 9)
c	Solution check:
p calculated antibandwidth = 9.
c
c
[runlim] end:			Fri Sep 27 19:25:34 2024
[runlim] status:		ok
[runlim] result:		0
[runlim] children:		0
[runlim] real:			0.31 seconds
[runlim] time:			0.09 seconds
[runlim] space:			15.6 MB
[runlim] samples:		1
