[runlim] version:		1.10
[runlim] time limit:		1800 seconds
[runlim] real time limit:	1800 seconds
[runlim] space limit:		30000 MB
[runlim] argv[0]:		/home/truongxuanhieu/AntiBandwidthReconstruct/build/abw_enc
[runlim] argv[1]:		/home/truongxuanhieu/AntiBandwidthReconstruct/build/Benchmarks/F-curtis54.mtx.rnd
[runlim] argv[2]:		--ladder
[runlim] argv[3]:		-symetry-break
[runlim] argv[4]:		l
[runlim] start:			Thu Sep 26 01:34:30 2024
[runlim] main pid:		50604
[runlim] log captured:
c LadderEncoder 1.0.
c Symetry breaking in the lowest degree node.
c Solving strategy: from LB to UB.
c LB-w = 12 (LB in Sinnl - A note on computational approaches for the antibandwidth problem).
c UB-w = 13 (UB in Sinnl - A note on computational approaches for the antibandwidth problem).
c Antibandwidth problem with w = 12 ( F-curtis54.mtx.rnd ):
c Initializing CaDiCaL (version 1.2.1).
c	Configuring CaDiCaL as --sat (1).
c Initializing a Ladder encoder with n = 54.
c Encoding starts with w = 12:
c	Encode symmetry breaking with option: l.
c	Labels and Vertices aux var: 1404
c	Labels and Vertices constraints:  8370
c	Obj k aux var: 4266
c	Obj k constraints: 37876
c	Obj k glue staircase constraints: 19840
c	Encoding duration: 0s
c	Number of clauses: 46273
c	Number of irredundant clauses: 46085
c	Number of variables: 8586
c SAT Solving starts:
c	Solving duration: 33 ms
c	Answer: 
s SAT (w = 12)
c	Solution check:
p calculated antibandwidth = 12.
c
c
c Antibandwidth problem with w = 13 ( F-curtis54.mtx.rnd ):
c Initializing CaDiCaL (version 1.2.1).
c	Configuring CaDiCaL as --sat (1).
c Initializing a Ladder encoder with n = 54.
c Encoding starts with w = 13:
c	Encode symmetry breaking with option: l.
c	Labels and Vertices aux var: 1404
c	Labels and Vertices constraints:  8370
c	Obj k aux var: 4428
c	Obj k constraints: 37812
c	Obj k glue staircase constraints: 19344
c	Encoding duration: 0s
c	Number of clauses: 46209
c	Number of irredundant clauses: 46013
c	Number of variables: 8748
c SAT Solving starts:
c	Solving duration: 56 ms
c	Answer: 
s SAT (w = 13)
c	Solution check:
p calculated antibandwidth = 13.
c
c
[runlim] end:			Thu Sep 26 01:34:30 2024
[runlim] status:		ok
[runlim] result:		0
[runlim] children:		0
[runlim] real:			0.23 seconds
[runlim] time:			0.09 seconds
[runlim] space:			12.5 MB
[runlim] samples:		1
