[runlim] version:		1.10
[runlim] time limit:		1800 seconds
[runlim] real time limit:	1800 seconds
[runlim] space limit:		30000 MB
[runlim] argv[0]:		/home/truongxuanhieu/AntiBandwidthReconstruct/build/abw_enc
[runlim] argv[1]:		/home/truongxuanhieu/AntiBandwidthReconstruct/build/Benchmarks/J-nos4.mtx.rnd
[runlim] argv[2]:		--ladder
[runlim] argv[3]:		-symetry-break
[runlim] argv[4]:		l
[runlim] start:			Wed Sep 25 23:04:29 2024
[runlim] main pid:		48607
[runlim] log captured:
c LadderEncoder 1.0.
c Symetry breaking in the lowest degree node.
c Solving strategy: from LB to UB.
c LB-w = 32 (LB in Sinnl - A note on computational approaches for the antibandwidth problem).
c UB-w = 40 (UB in Sinnl - A note on computational approaches for the antibandwidth problem).
c Antibandwidth problem with w = 32 ( J-nos4.mtx.rnd ):
c Initializing CaDiCaL (version 1.2.1).
c	Configuring CaDiCaL as --sat (1).
c Initializing a Ladder encoder with n = 100.
c Encoding starts with w = 32:
c	Encode symmetry breaking with option: l.
c	Labels and Vertices aux var: 3600
c	Labels and Vertices constraints:  25800
c	Obj k aux var: 15600
c	Obj k constraints: 129549
c	Obj k glue staircase constraints: 65949
c	Encoding duration: 0s
c	Number of clauses: 155399
c	Number of irredundant clauses: 155083
c	Number of variables: 29200
c SAT Solving starts:
c	Solving duration: 420 ms
c	Answer: 
s SAT (w = 32)
c	Solution check:
p calculated antibandwidth = 32.
c
c
c Antibandwidth problem with w = 33 ( J-nos4.mtx.rnd ):
c Initializing CaDiCaL (version 1.2.1).
c	Configuring CaDiCaL as --sat (1).
c Initializing a Ladder encoder with n = 100.
c Encoding starts with w = 33:
c	Encode symmetry breaking with option: l.
c	Labels and Vertices aux var: 3600
c	Labels and Vertices constraints:  25800
c	Obj k aux var: 15800
c	Obj k constraints: 129061
c	Obj k glue staircase constraints: 64961
c	Encoding duration: 0s
c	Number of clauses: 154911
c	Number of irredundant clauses: 154594
c	Number of variables: 29400
c SAT Solving starts:
c	Solving duration: 1816 ms
c	Answer: 
s SAT (w = 33)
c	Solution check:
p calculated antibandwidth = 33.
c
c
c Antibandwidth problem with w = 34 ( J-nos4.mtx.rnd ):
c Initializing CaDiCaL (version 1.2.1).
c	Configuring CaDiCaL as --sat (1).
c Initializing a Ladder encoder with n = 100.
c Encoding starts with w = 34:
c	Encode symmetry breaking with option: l.
c	Labels and Vertices aux var: 3600
c	Labels and Vertices constraints:  25500
c	Obj k aux var: 12900
c	Obj k constraints: 119914
c	Obj k glue staircase constraints: 64714
c	Encoding duration: 0s
c	Number of clauses: 145464
c	Number of irredundant clauses: 145186
c	Number of variables: 26500
c SAT Solving starts:
c	Solving duration: 2238 ms
c	Answer: 
s SAT (w = 34)
c	Solution check:
p calculated antibandwidth = 34.
c
c
c Antibandwidth problem with w = 35 ( J-nos4.mtx.rnd ):
c Initializing CaDiCaL (version 1.2.1).
c	Configuring CaDiCaL as --sat (1).
c Initializing a Ladder encoder with n = 100.
c Encoding starts with w = 35:
c	Encode symmetry breaking with option: l.
c	Labels and Vertices aux var: 3600
c	Labels and Vertices constraints:  25500
c	Obj k aux var: 13000
c	Obj k constraints: 119126
c	Obj k glue staircase constraints: 63726
c	Encoding duration: 0s
c	Number of clauses: 144676
c	Number of irredundant clauses: 144399
c	Number of variables: 26600
c SAT Solving starts:
[runlim] sample:		10.0 time, 10.4 real, 35.0 MB
[runlim] sample:		20.0 time, 20.4 real, 77.4 MB
[runlim] sample:		30.0 time, 30.4 real, 96.1 MB
[runlim] sample:		40.0 time, 40.4 real, 96.1 MB
[runlim] sample:		50.0 time, 50.4 real, 96.2 MB
[runlim] sample:		60.0 time, 60.4 real, 135.0 MB
[runlim] sample:		70.0 time, 70.4 real, 90.2 MB
[runlim] sample:		80.0 time, 80.4 real, 115.0 MB
[runlim] sample:		90.0 time, 90.4 real, 115.0 MB
[runlim] sample:		100.0 time, 100.4 real, 122.3 MB
[runlim] sample:		110.0 time, 110.4 real, 122.3 MB
[runlim] sample:		120.0 time, 120.4 real, 122.3 MB
[runlim] sample:		130.0 time, 130.4 real, 176.0 MB
[runlim] sample:		140.0 time, 140.4 real, 189.3 MB
[runlim] sample:		150.0 time, 150.4 real, 136.0 MB
[runlim] sample:		160.0 time, 160.4 real, 136.1 MB
[runlim] sample:		170.0 time, 170.4 real, 155.2 MB
[runlim] sample:		180.0 time, 180.4 real, 115.6 MB
[runlim] sample:		190.0 time, 190.4 real, 116.0 MB
[runlim] sample:		200.0 time, 200.4 real, 161.5 MB
[runlim] sample:		210.0 time, 210.4 real, 138.8 MB
[runlim] sample:		220.0 time, 220.4 real, 173.6 MB
[runlim] sample:		230.0 time, 230.4 real, 210.6 MB
[runlim] sample:		240.0 time, 240.4 real, 180.9 MB
[runlim] sample:		250.0 time, 250.4 real, 146.5 MB
[runlim] sample:		260.0 time, 260.4 real, 146.5 MB
[runlim] sample:		270.0 time, 270.4 real, 256.4 MB
[runlim] sample:		280.0 time, 280.4 real, 272.6 MB
[runlim] sample:		290.0 time, 290.4 real, 126.7 MB
[runlim] sample:		300.0 time, 300.4 real, 127.5 MB
[runlim] sample:		310.0 time, 310.4 real, 204.5 MB
[runlim] sample:		320.0 time, 320.4 real, 170.6 MB
[runlim] sample:		330.0 time, 330.4 real, 185.3 MB
[runlim] sample:		340.0 time, 340.4 real, 168.1 MB
[runlim] sample:		350.0 time, 350.4 real, 189.4 MB
[runlim] sample:		360.0 time, 360.4 real, 197.2 MB
[runlim] sample:		370.0 time, 370.4 real, 188.0 MB
[runlim] sample:		380.0 time, 380.4 real, 171.0 MB
[runlim] sample:		390.0 time, 390.4 real, 176.9 MB
[runlim] sample:		400.0 time, 400.4 real, 174.9 MB
[runlim] sample:		410.0 time, 410.4 real, 130.5 MB
[runlim] sample:		420.0 time, 420.4 real, 130.5 MB
[runlim] sample:		430.0 time, 430.4 real, 189.9 MB
[runlim] sample:		440.0 time, 440.4 real, 167.5 MB
[runlim] sample:		450.0 time, 450.4 real, 180.2 MB
[runlim] sample:		460.0 time, 460.4 real, 188.8 MB
[runlim] sample:		470.0 time, 470.4 real, 202.2 MB
[runlim] sample:		480.0 time, 480.4 real, 171.7 MB
[runlim] sample:		489.9 time, 490.4 real, 176.1 MB
[runlim] sample:		500.0 time, 500.4 real, 205.4 MB
[runlim] sample:		509.9 time, 510.4 real, 161.5 MB
[runlim] sample:		520.0 time, 520.4 real, 204.3 MB
[runlim] sample:		530.0 time, 530.4 real, 177.8 MB
[runlim] sample:		539.9 time, 540.4 real, 240.0 MB
[runlim] sample:		549.9 time, 550.4 real, 177.9 MB
[runlim] sample:		559.9 time, 560.4 real, 177.9 MB
[runlim] sample:		569.9 time, 570.4 real, 241.6 MB
[runlim] sample:		579.9 time, 580.4 real, 269.2 MB
[runlim] sample:		589.9 time, 590.4 real, 246.3 MB
[runlim] sample:		599.9 time, 600.4 real, 246.3 MB
[runlim] sample:		610.0 time, 610.4 real, 177.9 MB
[runlim] sample:		619.9 time, 620.4 real, 246.1 MB
[runlim] sample:		629.9 time, 630.4 real, 246.1 MB
[runlim] sample:		639.9 time, 640.4 real, 331.4 MB
[runlim] sample:		650.0 time, 650.4 real, 350.7 MB
[runlim] sample:		659.9 time, 660.4 real, 246.3 MB
[runlim] sample:		669.9 time, 670.4 real, 255.9 MB
[runlim] sample:		679.9 time, 680.4 real, 307.6 MB
[runlim] sample:		689.9 time, 690.4 real, 307.6 MB
[runlim] sample:		699.9 time, 700.4 real, 384.7 MB
[runlim] sample:		709.9 time, 710.4 real, 299.8 MB
[runlim] sample:		719.9 time, 720.4 real, 300.6 MB
[runlim] sample:		729.9 time, 730.4 real, 262.1 MB
[runlim] sample:		739.9 time, 740.4 real, 276.7 MB
[runlim] sample:		749.9 time, 750.4 real, 276.7 MB
[runlim] sample:		759.9 time, 760.4 real, 314.9 MB
[runlim] sample:		769.9 time, 770.4 real, 282.2 MB
[runlim] sample:		779.9 time, 780.4 real, 257.5 MB
[runlim] sample:		789.9 time, 790.4 real, 240.0 MB
[runlim] sample:		799.9 time, 800.4 real, 235.4 MB
[runlim] sample:		809.9 time, 810.4 real, 253.3 MB
[runlim] sample:		819.9 time, 820.4 real, 266.8 MB
[runlim] sample:		829.9 time, 830.4 real, 235.0 MB
[runlim] sample:		839.9 time, 840.4 real, 292.9 MB
[runlim] sample:		849.9 time, 850.4 real, 252.1 MB
[runlim] sample:		859.9 time, 860.4 real, 318.1 MB
[runlim] sample:		869.9 time, 870.4 real, 303.7 MB
[runlim] sample:		879.9 time, 880.4 real, 293.0 MB
[runlim] sample:		889.9 time, 890.4 real, 283.0 MB
[runlim] sample:		899.9 time, 900.4 real, 197.1 MB
[runlim] sample:		909.9 time, 910.4 real, 238.1 MB
[runlim] sample:		919.9 time, 920.4 real, 283.7 MB
[runlim] sample:		929.9 time, 930.4 real, 231.1 MB
[runlim] sample:		939.9 time, 940.4 real, 203.2 MB
[runlim] sample:		949.9 time, 950.4 real, 241.4 MB
[runlim] sample:		959.9 time, 960.4 real, 301.4 MB
[runlim] sample:		969.9 time, 970.4 real, 285.8 MB
[runlim] sample:		979.9 time, 980.4 real, 292.8 MB
[runlim] sample:		989.9 time, 990.4 real, 327.1 MB
[runlim] sample:		999.9 time, 1000.4 real, 273.1 MB
[runlim] sample:		1009.9 time, 1010.4 real, 255.0 MB
[runlim] sample:		1019.9 time, 1020.4 real, 213.7 MB
[runlim] sample:		1029.9 time, 1030.4 real, 276.9 MB
[runlim] sample:		1039.9 time, 1040.4 real, 290.1 MB
[runlim] sample:		1049.9 time, 1050.4 real, 285.4 MB
[runlim] sample:		1059.9 time, 1060.4 real, 285.9 MB
[runlim] sample:		1069.9 time, 1070.4 real, 285.9 MB
[runlim] sample:		1079.9 time, 1080.4 real, 322.0 MB
[runlim] sample:		1089.9 time, 1090.4 real, 316.2 MB
[runlim] sample:		1099.9 time, 1100.4 real, 292.1 MB
[runlim] sample:		1109.9 time, 1110.4 real, 317.3 MB
[runlim] sample:		1119.9 time, 1120.4 real, 347.7 MB
[runlim] sample:		1129.9 time, 1130.4 real, 286.4 MB
[runlim] sample:		1139.9 time, 1140.4 real, 291.1 MB
[runlim] sample:		1149.9 time, 1150.4 real, 292.8 MB
[runlim] sample:		1159.9 time, 1160.4 real, 213.9 MB
[runlim] sample:		1169.9 time, 1170.4 real, 237.2 MB
[runlim] sample:		1179.9 time, 1180.4 real, 242.9 MB
[runlim] sample:		1189.9 time, 1190.4 real, 306.3 MB
[runlim] sample:		1199.9 time, 1200.4 real, 321.2 MB
[runlim] sample:		1209.9 time, 1210.4 real, 345.0 MB
[runlim] sample:		1219.9 time, 1220.4 real, 345.0 MB
[runlim] sample:		1229.9 time, 1230.4 real, 320.5 MB
[runlim] sample:		1239.9 time, 1240.4 real, 285.0 MB
[runlim] sample:		1249.9 time, 1250.4 real, 269.0 MB
[runlim] sample:		1259.9 time, 1260.4 real, 251.3 MB
[runlim] sample:		1269.9 time, 1270.4 real, 218.2 MB
[runlim] sample:		1279.9 time, 1280.4 real, 269.2 MB
[runlim] sample:		1289.9 time, 1290.4 real, 283.1 MB
[runlim] sample:		1299.9 time, 1300.4 real, 296.4 MB
[runlim] sample:		1309.9 time, 1310.4 real, 313.6 MB
[runlim] sample:		1319.9 time, 1320.4 real, 358.0 MB
[runlim] sample:		1329.9 time, 1330.4 real, 415.9 MB
[runlim] sample:		1339.9 time, 1340.4 real, 253.3 MB
[runlim] sample:		1349.9 time, 1350.4 real, 277.6 MB
[runlim] sample:		1359.9 time, 1360.4 real, 435.3 MB
[runlim] sample:		1369.9 time, 1370.4 real, 517.0 MB
[runlim] sample:		1379.9 time, 1380.4 real, 284.6 MB
[runlim] sample:		1389.9 time, 1390.4 real, 282.3 MB
[runlim] sample:		1399.9 time, 1400.4 real, 284.3 MB
[runlim] sample:		1409.9 time, 1410.4 real, 358.0 MB
[runlim] sample:		1419.9 time, 1420.4 real, 358.0 MB
[runlim] sample:		1429.9 time, 1430.4 real, 440.8 MB
[runlim] sample:		1439.9 time, 1440.4 real, 440.8 MB
[runlim] sample:		1449.9 time, 1450.4 real, 398.5 MB
[runlim] sample:		1459.9 time, 1460.4 real, 410.9 MB
[runlim] sample:		1469.9 time, 1470.4 real, 810.8 MB
[runlim] sample:		1479.9 time, 1480.4 real, 660.1 MB
[runlim] sample:		1489.9 time, 1490.4 real, 587.1 MB
[runlim] sample:		1499.9 time, 1500.4 real, 587.1 MB
[runlim] sample:		1509.9 time, 1510.4 real, 530.1 MB
[runlim] sample:		1519.9 time, 1520.4 real, 530.1 MB
[runlim] sample:		1529.9 time, 1530.4 real, 535.5 MB
[runlim] sample:		1539.9 time, 1540.4 real, 535.5 MB
[runlim] sample:		1549.9 time, 1550.4 real, 581.0 MB
[runlim] sample:		1559.9 time, 1560.4 real, 581.0 MB
[runlim] sample:		1569.9 time, 1570.4 real, 507.6 MB
[runlim] sample:		1579.9 time, 1580.4 real, 507.6 MB
[runlim] sample:		1589.9 time, 1590.4 real, 507.6 MB
[runlim] sample:		1599.9 time, 1600.4 real, 549.0 MB
[runlim] sample:		1609.9 time, 1610.4 real, 549.0 MB
[runlim] sample:		1619.9 time, 1620.4 real, 549.0 MB
[runlim] sample:		1629.9 time, 1630.4 real, 633.3 MB
[runlim] sample:		1639.9 time, 1640.4 real, 559.6 MB
[runlim] sample:		1649.9 time, 1650.4 real, 460.7 MB
[runlim] sample:		1659.9 time, 1660.4 real, 426.4 MB
[runlim] sample:		1669.9 time, 1670.4 real, 458.4 MB
[runlim] sample:		1679.9 time, 1680.4 real, 458.4 MB
[runlim] sample:		1689.9 time, 1690.4 real, 456.9 MB
[runlim] sample:		1699.9 time, 1700.4 real, 456.9 MB
[runlim] sample:		1709.9 time, 1710.4 real, 476.1 MB
[runlim] sample:		1719.9 time, 1720.4 real, 476.1 MB
[runlim] sample:		1729.9 time, 1730.4 real, 476.1 MB
[runlim] sample:		1739.9 time, 1740.4 real, 709.3 MB
[runlim] sample:		1749.9 time, 1750.4 real, 709.3 MB
c	Solving duration: 1749845 ms
c	Answer: 
s SAT (w = 35)
c	Solution check:
p calculated antibandwidth = 35.
c
c
c Antibandwidth problem with w = 36 ( J-nos4.mtx.rnd ):
c Initializing CaDiCaL (version 1.2.1).
c	Configuring CaDiCaL as --sat (1).
c Initializing a Ladder encoder with n = 100.
c Encoding starts with w = 36:
c	Encode symmetry breaking with option: l.
c	Labels and Vertices aux var: 3600
c	Labels and Vertices constraints:  25500
c	Obj k aux var: 13100
c	Obj k constraints: 118338
c	Obj k glue staircase constraints: 62738
c	Encoding duration: 0s
c	Number of clauses: 143888
c	Number of irredundant clauses: 143609
c	Number of variables: 26700
c SAT Solving starts:
[runlim] sample:		1759.9 time, 1760.4 real, 387.8 MB
[runlim] sample:		1769.9 time, 1770.4 real, 387.8 MB
[runlim] sample:		1779.9 time, 1780.4 real, 387.8 MB
[runlim] sample:		1789.9 time, 1790.4 real, 387.8 MB
c Signal interruption.
[runlim] end:			Wed Sep 25 23:34:29 2024
[runlim] status:		out of time
[runlim] result:		2
[runlim] children:		0
[runlim] real:			1800.08 seconds
[runlim] time:			1799.57 seconds
[runlim] space:			956.2 MB
[runlim] samples:		17997
