[runlim] version:		1.10
[runlim] time limit:		1800 seconds
[runlim] real time limit:	1800 seconds
[runlim] space limit:		30000 MB
[runlim] argv[0]:		/home/truongxuanhieu/AntiBandwidthReconstruct/build/abw_enc
[runlim] argv[1]:		/home/truongxuanhieu/AntiBandwidthReconstruct/build/Benchmarks/L-bcspwr03.mtx.rnd
[runlim] argv[2]:		--seq
[runlim] argv[3]:		-symetry-break
[runlim] argv[4]:		l
[runlim] start:			Mon Oct  7 02:24:52 2024
[runlim] main pid:		40631
[runlim] log captured:
c LadderEncoder 1.0.
c Symetry breaking in the lowest degree node.
c Solving strategy: from LB to UB.
c LB-w = 39 (LB in Sinnl - A note on computational approaches for the antibandwidth problem).
c UB-w = 39 (UB in Sinnl - A note on computational approaches for the antibandwidth problem).
c Antibandwidth problem with w = 39 ( L-bcspwr03.mtx.rnd ):
c Initializing CaDiCaL (version 1.2.1).
c	Configuring CaDiCaL as --sat (1).
c Initializing a Sequential encoder with n = 118.
c Encoding starts with w = 39:
c	Encode symmetry breaking with option: l.
c	Encoding duration: 0s
c	Number of clauses: 3361939
c	Number of irredundant clauses: 3358546
c	Number of variables: 1129620
c SAT Solving starts:
[runlim] sample:		10.0 time, 10.0 real, 572.3 MB
[runlim] sample:		20.0 time, 20.0 real, 602.2 MB
[runlim] sample:		30.0 time, 30.0 real, 674.7 MB
c	Solving duration: 35595 ms
c	Answer: 
s SAT (w = 39)
c	Solution check:
p calculated antibandwidth = 39.
c
c
[runlim] end:			Mon Oct  7 02:25:28 2024
[runlim] status:		ok
[runlim] result:		0
[runlim] children:		0
[runlim] real:			36.46 seconds
[runlim] time:			36.38 seconds
[runlim] space:			873.6 MB
[runlim] samples:		364
