[runlim] version:		1.10
[runlim] time limit:		1800 seconds
[runlim] real time limit:	1800 seconds
[runlim] space limit:		30000 MB
[runlim] argv[0]:		/home/hvanh28/AntiBandwidthReconstruct/build/abw_enc
[runlim] argv[1]:		/home/hvanh28/AntiBandwidthReconstruct/build/Benchmarks/M-bcsstk06.mtx.rnd
[runlim] argv[2]:		--duplex
[runlim] argv[3]:		-symetry-break
[runlim] argv[4]:		l
[runlim] start:			Wed Sep 25 20:15:41 2024
[runlim] main pid:		83765
[runlim] log captured:
c LadderEncoder 1.0.
c Symetry breaking in the lowest degree node.
c Solving strategy: from LB to UB.
c LB-w = 28 (LB in Sinnl - A note on computational approaches for the antibandwidth problem).
c UB-w = 72 (UB in Sinnl - A note on computational approaches for the antibandwidth problem).
c Antibandwidth problem with w = 28 ( M-bcsstk06.mtx.rnd ):
c Initializing CaDiCaL (version 1.2.1).
c	Configuring CaDiCaL as --sat (1).
c Initializing a Duplex encoder with n = 420.
c Encoding starts with w = 28:
c	Encode symmetry breaking with option: l.
c	Labels and Vertices aux var: 32760
c	Labels and Vertices constraints:  445200
c	Obj k aux var: 635040
c	Obj k constraints: 7760700
c	Obj k glue staircase constraints: 5680440
c	Encoding duration: 4s
c	Number of clauses: 8206110
c	Number of irredundant clauses: 7879159
c	Number of variables: 844200
c SAT Solving starts:
[runlim] sample:		10.0 time, 10.0 real, 1182.5 MB
[runlim] sample:		20.0 time, 20.0 real, 1197.8 MB
c	Solving duration: 17331 ms
c	Answer: 
s SAT (w = 28)
c	Solution check:
p calculated antibandwidth = 28.
c
c
c Antibandwidth problem with w = 29 ( M-bcsstk06.mtx.rnd ):
c Initializing CaDiCaL (version 1.2.1).
c	Configuring CaDiCaL as --sat (1).
c Initializing a Duplex encoder with n = 420.
c Encoding starts with w = 29:
c	Encode symmetry breaking with option: l.
c	Labels and Vertices aux var: 32760
c	Labels and Vertices constraints:  445200
c	Obj k aux var: 645960
c	Obj k constraints: 7788420
c	Obj k glue staircase constraints: 5680440
c	Encoding duration: 3s
c	Number of clauses: 8233830
c	Number of irredundant clauses: 7906440
c	Number of variables: 855120
c SAT Solving starts:
[runlim] sample:		30.0 time, 30.0 real, 1178.2 MB
[runlim] sample:		40.0 time, 40.0 real, 1217.9 MB
c	Solving duration: 16826 ms
c	Answer: 
s SAT (w = 29)
c	Solution check:
p calculated antibandwidth = 29.
c
c
c Antibandwidth problem with w = 30 ( M-bcsstk06.mtx.rnd ):
c Initializing CaDiCaL (version 1.2.1).
c	Configuring CaDiCaL as --sat (1).
c Initializing a Duplex encoder with n = 420.
c Encoding starts with w = 30:
c	Encode symmetry breaking with option: l.
c	Labels and Vertices aux var: 32760
c	Labels and Vertices constraints:  439320
c	Obj k aux var: 633360
c	Obj k constraints: 7735380
c	Obj k glue staircase constraints: 5661840
c	Encoding duration: 3s
c	Number of clauses: 8174910
c	Number of irredundant clauses: 7849166
c	Number of variables: 842520
c SAT Solving starts:
[runlim] sample:		50.0 time, 50.0 real, 1149.9 MB
[runlim] sample:		60.0 time, 60.0 real, 1186.6 MB
[runlim] sample:		70.0 time, 70.0 real, 1190.3 MB
[runlim] sample:		80.0 time, 80.0 real, 1190.3 MB
[runlim] sample:		90.0 time, 90.0 real, 1198.6 MB
[runlim] sample:		100.0 time, 100.0 real, 1207.4 MB
[runlim] sample:		110.0 time, 110.0 real, 1207.3 MB
[runlim] sample:		120.0 time, 120.0 real, 1216.7 MB
[runlim] sample:		130.0 time, 130.0 real, 1201.4 MB
[runlim] sample:		140.0 time, 140.0 real, 1212.6 MB
[runlim] sample:		150.0 time, 150.0 real, 1200.7 MB
[runlim] sample:		160.0 time, 160.0 real, 1457.3 MB
[runlim] sample:		170.0 time, 170.0 real, 1256.5 MB
[runlim] sample:		180.0 time, 180.0 real, 1299.4 MB
[runlim] sample:		189.9 time, 190.0 real, 1299.4 MB
c	Solving duration: 152549 ms
c	Answer: 
s SAT (w = 30)
c	Solution check:
p calculated antibandwidth = 30.
[runlim] sample:		200.0 time, 200.0 real, 966.3 MB
c
c
c Antibandwidth problem with w = 31 ( M-bcsstk06.mtx.rnd ):
c Initializing CaDiCaL (version 1.2.1).
c	Configuring CaDiCaL as --sat (1).
c Initializing a Duplex encoder with n = 420.
c Encoding starts with w = 31:
c	Encode symmetry breaking with option: l.
c	Labels and Vertices aux var: 32760
c	Labels and Vertices constraints:  439320
c	Obj k aux var: 643440
c	Obj k constraints: 7761000
c	Obj k glue staircase constraints: 5661840
c	Encoding duration: 3s
c	Number of clauses: 8200530
c	Number of irredundant clauses: 7874348
c	Number of variables: 852600
c SAT Solving starts:
[runlim] sample:		209.9 time, 210.0 real, 1155.2 MB
[runlim] sample:		219.9 time, 220.0 real, 1218.9 MB
[runlim] sample:		229.9 time, 230.0 real, 1221.5 MB
[runlim] sample:		239.9 time, 240.0 real, 1222.1 MB
[runlim] sample:		249.9 time, 250.0 real, 1222.3 MB
[runlim] sample:		259.9 time, 260.0 real, 1234.2 MB
[runlim] sample:		269.9 time, 270.0 real, 1254.5 MB
[runlim] sample:		279.9 time, 280.0 real, 1478.7 MB
[runlim] sample:		289.9 time, 290.0 real, 1245.0 MB
[runlim] sample:		299.9 time, 300.0 real, 1236.8 MB
c	Solving duration: 97711 ms
c	Answer: 
s SAT (w = 31)
c	Solution check:
p calculated antibandwidth = 31.
c
c
c Antibandwidth problem with w = 32 ( M-bcsstk06.mtx.rnd ):
c Initializing CaDiCaL (version 1.2.1).
c	Configuring CaDiCaL as --sat (1).
c Initializing a Duplex encoder with n = 420.
c Encoding starts with w = 32:
c	Encode symmetry breaking with option: l.
c	Labels and Vertices aux var: 32760
c	Labels and Vertices constraints:  439320
c	Obj k aux var: 653520
c	Obj k constraints: 7770060
c	Obj k glue staircase constraints: 5646960
c	Encoding duration: 3s
c	Number of clauses: 8209590
c	Number of irredundant clauses: 7884233
c	Number of variables: 862680
c SAT Solving starts:
[runlim] sample:		309.9 time, 310.0 real, 1382.5 MB
[runlim] sample:		319.9 time, 320.0 real, 1217.8 MB
[runlim] sample:		329.9 time, 330.0 real, 1217.8 MB
[runlim] sample:		339.9 time, 340.0 real, 1394.1 MB
[runlim] sample:		349.9 time, 350.0 real, 1216.9 MB
[runlim] sample:		359.9 time, 360.0 real, 1192.7 MB
[runlim] sample:		369.9 time, 370.0 real, 1217.9 MB
c	Solving duration: 73084 ms
c	Answer: 
s SAT (w = 32)
c	Solution check:
p calculated antibandwidth = 32.
c
c
c Antibandwidth problem with w = 33 ( M-bcsstk06.mtx.rnd ):
c Initializing CaDiCaL (version 1.2.1).
c	Configuring CaDiCaL as --sat (1).
c Initializing a Duplex encoder with n = 420.
c Encoding starts with w = 33:
c	Encode symmetry breaking with option: l.
[runlim] sample:		379.9 time, 380.0 real, 920.0 MB
c	Labels and Vertices aux var: 32760
c	Labels and Vertices constraints:  433860
c	Obj k aux var: 637560
c	Obj k constraints: 7725180
c	Obj k glue staircase constraints: 5643240
c	Encoding duration: 3s
c	Number of clauses: 8159250
c	Number of irredundant clauses: 7834433
c	Number of variables: 846720
c SAT Solving starts:
[runlim] sample:		389.9 time, 390.0 real, 1157.9 MB
[runlim] sample:		399.9 time, 400.0 real, 1352.8 MB
[runlim] sample:		409.9 time, 410.0 real, 1210.6 MB
[runlim] sample:		419.9 time, 420.0 real, 1208.1 MB
[runlim] sample:		429.9 time, 430.0 real, 1208.1 MB
[runlim] sample:		439.9 time, 440.0 real, 1209.4 MB
[runlim] sample:		449.9 time, 450.0 real, 1209.6 MB
[runlim] sample:		459.9 time, 460.0 real, 1209.6 MB
[runlim] sample:		469.9 time, 470.0 real, 1210.3 MB
[runlim] sample:		479.9 time, 480.0 real, 1221.5 MB
[runlim] sample:		489.9 time, 490.0 real, 1252.8 MB
[runlim] sample:		499.9 time, 500.0 real, 1252.8 MB
[runlim] sample:		509.9 time, 510.0 real, 1209.8 MB
[runlim] sample:		519.9 time, 520.0 real, 1189.0 MB
[runlim] sample:		529.9 time, 530.0 real, 1213.3 MB
[runlim] sample:		539.9 time, 540.0 real, 1216.9 MB
[runlim] sample:		549.9 time, 550.0 real, 1214.8 MB
[runlim] sample:		559.8 time, 560.0 real, 1403.8 MB
[runlim] sample:		569.8 time, 570.0 real, 1196.3 MB
[runlim] sample:		579.8 time, 580.0 real, 1216.5 MB
[runlim] sample:		589.8 time, 590.0 real, 1216.3 MB
[runlim] sample:		599.8 time, 600.0 real, 1221.1 MB
[runlim] sample:		609.8 time, 610.0 real, 1262.7 MB
[runlim] sample:		619.8 time, 620.0 real, 1237.0 MB
[runlim] sample:		629.8 time, 630.0 real, 1236.8 MB
[runlim] sample:		639.8 time, 640.0 real, 1243.6 MB
[runlim] sample:		649.8 time, 650.0 real, 1241.0 MB
[runlim] sample:		659.8 time, 660.0 real, 1240.8 MB
[runlim] sample:		669.8 time, 670.0 real, 1239.8 MB
[runlim] sample:		679.8 time, 680.0 real, 1239.8 MB
[runlim] sample:		689.8 time, 690.0 real, 1242.5 MB
c	Solving duration: 307319 ms
c	Answer: 
s SAT (w = 33)
c	Solution check:
p calculated antibandwidth = 33.
c
c
c Antibandwidth problem with w = 34 ( M-bcsstk06.mtx.rnd ):
c Initializing CaDiCaL (version 1.2.1).
c	Configuring CaDiCaL as --sat (1).
c Initializing a Duplex encoder with n = 420.
c Encoding starts with w = 34:
c	Encode symmetry breaking with option: l.
c	Labels and Vertices aux var: 32760
c	Labels and Vertices constraints:  433860
c	Obj k aux var: 646800
c	Obj k constraints: 7732140
c	Obj k glue staircase constraints: 5628360
c	Encoding duration: 3s
c	Number of clauses: 8166210
c	Number of irredundant clauses: 7842222
c	Number of variables: 855960
c SAT Solving starts:
[runlim] sample:		699.8 time, 700.0 real, 1185.6 MB
[runlim] sample:		709.8 time, 710.0 real, 1369.2 MB
[runlim] sample:		719.8 time, 720.0 real, 1401.9 MB
[runlim] sample:		729.8 time, 730.0 real, 1224.2 MB
[runlim] sample:		739.8 time, 740.0 real, 1456.7 MB
[runlim] sample:		749.8 time, 750.0 real, 1224.8 MB
[runlim] sample:		759.8 time, 760.0 real, 1227.1 MB
[runlim] sample:		769.8 time, 770.0 real, 1229.2 MB
[runlim] sample:		779.8 time, 780.0 real, 1228.9 MB
[runlim] sample:		789.8 time, 790.0 real, 1232.4 MB
[runlim] sample:		799.8 time, 800.0 real, 1298.2 MB
[runlim] sample:		809.8 time, 810.0 real, 1231.5 MB
[runlim] sample:		819.8 time, 820.0 real, 1256.0 MB
[runlim] sample:		829.8 time, 830.0 real, 1257.4 MB
[runlim] sample:		839.8 time, 840.0 real, 1233.8 MB
[runlim] sample:		849.8 time, 850.0 real, 1233.8 MB
[runlim] sample:		859.8 time, 860.0 real, 1233.5 MB
[runlim] sample:		869.8 time, 870.0 real, 1239.2 MB
[runlim] sample:		879.8 time, 880.0 real, 1244.0 MB
[runlim] sample:		889.8 time, 890.0 real, 1269.1 MB
[runlim] sample:		899.8 time, 900.0 real, 1233.5 MB
[runlim] sample:		909.8 time, 910.0 real, 1233.5 MB
[runlim] sample:		919.8 time, 920.0 real, 1236.9 MB
[runlim] sample:		929.8 time, 930.0 real, 1236.9 MB
[runlim] sample:		939.8 time, 940.0 real, 1233.5 MB
[runlim] sample:		949.8 time, 950.0 real, 1233.5 MB
[runlim] sample:		959.8 time, 960.0 real, 1235.9 MB
[runlim] sample:		969.8 time, 970.0 real, 1243.1 MB
[runlim] sample:		979.8 time, 980.0 real, 1243.1 MB
[runlim] sample:		989.8 time, 990.0 real, 1262.7 MB
[runlim] sample:		999.8 time, 1000.0 real, 1265.9 MB
[runlim] sample:		1009.8 time, 1010.0 real, 1241.3 MB
[runlim] sample:		1019.8 time, 1020.0 real, 1244.1 MB
[runlim] sample:		1029.8 time, 1030.0 real, 1244.1 MB
[runlim] sample:		1039.8 time, 1040.0 real, 1243.6 MB
[runlim] sample:		1049.8 time, 1050.0 real, 1244.4 MB
[runlim] sample:		1059.8 time, 1060.0 real, 1244.4 MB
[runlim] sample:		1069.7 time, 1070.0 real, 1241.5 MB
[runlim] sample:		1079.7 time, 1080.0 real, 1241.5 MB
[runlim] sample:		1089.7 time, 1090.0 real, 1261.7 MB
[runlim] sample:		1099.7 time, 1100.0 real, 1237.0 MB
[runlim] sample:		1109.7 time, 1110.0 real, 1249.3 MB
[runlim] sample:		1119.7 time, 1120.0 real, 1249.3 MB
[runlim] sample:		1129.7 time, 1130.0 real, 1248.7 MB
[runlim] sample:		1139.7 time, 1140.0 real, 1248.7 MB
[runlim] sample:		1149.7 time, 1150.0 real, 1442.9 MB
[runlim] sample:		1159.7 time, 1160.0 real, 1245.8 MB
[runlim] sample:		1169.7 time, 1170.0 real, 1257.4 MB
[runlim] sample:		1179.7 time, 1180.0 real, 1257.4 MB
[runlim] sample:		1189.7 time, 1190.0 real, 1267.5 MB
[runlim] sample:		1199.7 time, 1200.0 real, 1267.5 MB
[runlim] sample:		1209.7 time, 1210.0 real, 1226.3 MB
[runlim] sample:		1219.7 time, 1220.0 real, 1250.8 MB
[runlim] sample:		1229.7 time, 1230.0 real, 1254.6 MB
[runlim] sample:		1239.7 time, 1240.0 real, 1221.5 MB
[runlim] sample:		1249.7 time, 1250.0 real, 1221.5 MB
[runlim] sample:		1259.7 time, 1260.0 real, 1227.0 MB
[runlim] sample:		1269.7 time, 1270.0 real, 1251.5 MB
[runlim] sample:		1279.7 time, 1280.0 real, 1249.7 MB
[runlim] sample:		1289.7 time, 1290.0 real, 1249.7 MB
[runlim] sample:		1299.7 time, 1300.0 real, 1264.5 MB
[runlim] sample:		1309.7 time, 1310.0 real, 1264.5 MB
[runlim] sample:		1319.7 time, 1320.0 real, 1470.2 MB
[runlim] sample:		1329.7 time, 1330.0 real, 1236.0 MB
[runlim] sample:		1339.7 time, 1340.0 real, 1260.5 MB
[runlim] sample:		1349.7 time, 1350.0 real, 1265.4 MB
[runlim] sample:		1359.7 time, 1360.0 real, 1265.4 MB
[runlim] sample:		1369.7 time, 1370.0 real, 1286.8 MB
[runlim] sample:		1379.7 time, 1380.0 real, 1286.8 MB
[runlim] sample:		1389.7 time, 1390.0 real, 1286.8 MB
[runlim] sample:		1399.7 time, 1400.0 real, 1262.3 MB
[runlim] sample:		1409.7 time, 1410.0 real, 1271.5 MB
[runlim] sample:		1419.7 time, 1420.0 real, 1240.8 MB
[runlim] sample:		1429.7 time, 1430.0 real, 1240.8 MB
[runlim] sample:		1439.7 time, 1440.0 real, 1487.2 MB
[runlim] sample:		1449.7 time, 1450.0 real, 1276.7 MB
[runlim] sample:		1459.7 time, 1460.0 real, 1276.7 MB
[runlim] sample:		1469.7 time, 1470.0 real, 1276.7 MB
[runlim] sample:		1479.7 time, 1480.0 real, 1323.5 MB
c	Solving duration: 794394 ms
c	Answer: 
s SAT (w = 34)
c	Solution check:
p calculated antibandwidth = 34.
c
c
c Antibandwidth problem with w = 35 ( M-bcsstk06.mtx.rnd ):
c Initializing CaDiCaL (version 1.2.1).
c	Configuring CaDiCaL as --sat (1).
c Initializing a Duplex encoder with n = 420.
c Encoding starts with w = 35:
c	Encode symmetry breaking with option: l.
[runlim] sample:		1489.7 time, 1490.0 real, 957.3 MB
c	Labels and Vertices aux var: 32760
c	Labels and Vertices constraints:  428820
c	Obj k aux var: 628320
c	Obj k constraints: 7664400
c	Obj k glue staircase constraints: 5609760
c	Encoding duration: 3s
c	Number of clauses: 8093430
c	Number of irredundant clauses: 7771085
c	Number of variables: 837480
c SAT Solving starts:
[runlim] sample:		1499.7 time, 1500.0 real, 1155.5 MB
[runlim] sample:		1509.7 time, 1510.0 real, 1191.4 MB
[runlim] sample:		1519.7 time, 1520.0 real, 1188.4 MB
[runlim] sample:		1529.7 time, 1530.0 real, 1189.4 MB
[runlim] sample:		1539.7 time, 1540.0 real, 1189.8 MB
[runlim] sample:		1549.7 time, 1550.0 real, 1155.1 MB
[runlim] sample:		1559.7 time, 1560.0 real, 1181.1 MB
[runlim] sample:		1569.7 time, 1570.0 real, 1178.1 MB
[runlim] sample:		1579.7 time, 1580.0 real, 1183.4 MB
[runlim] sample:		1589.7 time, 1590.0 real, 1358.8 MB
[runlim] sample:		1599.7 time, 1600.0 real, 1179.8 MB
[runlim] sample:		1609.7 time, 1610.0 real, 1183.0 MB
[runlim] sample:		1619.7 time, 1620.0 real, 1183.3 MB
[runlim] sample:		1629.7 time, 1630.0 real, 1156.5 MB
[runlim] sample:		1639.7 time, 1640.0 real, 1184.8 MB
[runlim] sample:		1649.7 time, 1650.0 real, 1184.8 MB
[runlim] sample:		1659.7 time, 1660.0 real, 1187.4 MB
[runlim] sample:		1669.7 time, 1670.0 real, 1197.6 MB
[runlim] sample:		1679.7 time, 1680.0 real, 1197.6 MB
[runlim] sample:		1689.7 time, 1690.0 real, 1432.5 MB
[runlim] sample:		1699.7 time, 1700.0 real, 1195.9 MB
[runlim] sample:		1709.7 time, 1710.0 real, 1196.1 MB
[runlim] sample:		1719.7 time, 1720.0 real, 1196.1 MB
[runlim] sample:		1729.7 time, 1730.0 real, 1198.3 MB
[runlim] sample:		1739.7 time, 1740.0 real, 1198.3 MB
[runlim] sample:		1749.7 time, 1750.0 real, 1196.5 MB
[runlim] sample:		1759.7 time, 1760.0 real, 1199.8 MB
[runlim] sample:		1769.7 time, 1770.0 real, 1199.8 MB
[runlim] sample:		1779.7 time, 1780.0 real, 1202.6 MB
[runlim] sample:		1789.7 time, 1790.0 real, 1203.1 MB
[runlim] sample:		1799.7 time, 1800.0 real, 1203.6 MB
c Signal interruption.
[runlim] end:			Wed Sep 25 20:45:41 2024
[runlim] status:		out of time
[runlim] result:		2
[runlim] children:		0
[runlim] real:			1800.06 seconds
[runlim] time:			1799.65 seconds
[runlim] space:			1587.7 MB
[runlim] samples:		18000
