[runlim] version:		1.10
[runlim] time limit:		1800 seconds
[runlim] real time limit:	1800 seconds
[runlim] space limit:		30000 MB
[runlim] argv[0]:		/home/truongxuanhieu/AntiBandwidthReconstruct/build/abw_enc
[runlim] argv[1]:		/home/truongxuanhieu/AntiBandwidthReconstruct/build/Benchmarks/M-bcsstk06.mtx.rnd
[runlim] argv[2]:		--reduced
[runlim] argv[3]:		-symetry-break
[runlim] argv[4]:		l
[runlim] start:			Sat Sep 28 08:09:19 2024
[runlim] main pid:		108740
[runlim] log captured:
c LadderEncoder 1.0.
c Symetry breaking in the lowest degree node.
c Solving strategy: from LB to UB.
c LB-w = 28 (LB in Sinnl - A note on computational approaches for the antibandwidth problem).
c UB-w = 72 (UB in Sinnl - A note on computational approaches for the antibandwidth problem).
c Antibandwidth problem with w = 28 ( M-bcsstk06.mtx.rnd ):
c Initializing CaDiCaL (version 1.2.1).
c	Configuring CaDiCaL as --sat (1).
c Initializing a Naive-Reduced encoder with n = 420.
c Encoding starts with w = 28:
c	Encode symmetry breaking with option: l.
[runlim] sample:		10.0 time, 10.9 real, 5780.6 MB
[runlim] sample:		20.0 time, 20.9 real, 11426.6 MB
c	Encoding duration: 20s
c	Number of clauses: 155469930
c	Number of irredundant clauses: 155304723
c	Number of variables: 176400
c SAT Solving starts:
[runlim] sample:		30.0 time, 30.9 real, 13154.3 MB
[runlim] sample:		40.0 time, 40.9 real, 15420.2 MB
[runlim] sample:		50.0 time, 50.9 real, 15430.2 MB
[runlim] sample:		60.0 time, 60.9 real, 15625.8 MB
[runlim] sample:		70.0 time, 70.9 real, 15694.2 MB
[runlim] sample:		80.0 time, 80.9 real, 15694.2 MB
[runlim] sample:		90.0 time, 90.9 real, 15698.6 MB
[runlim] sample:		100.0 time, 100.9 real, 15705.7 MB
[runlim] sample:		110.0 time, 110.9 real, 15707.0 MB
[runlim] sample:		120.0 time, 120.9 real, 15819.4 MB
[runlim] sample:		130.0 time, 130.9 real, 19406.6 MB
[runlim] sample:		140.0 time, 140.9 real, 18209.3 MB
[runlim] sample:		150.0 time, 150.9 real, 15905.9 MB
[runlim] sample:		160.0 time, 160.9 real, 15905.9 MB
[runlim] sample:		170.0 time, 170.9 real, 15905.9 MB
[runlim] sample:		180.0 time, 180.9 real, 15905.9 MB
[runlim] sample:		190.0 time, 190.9 real, 15910.0 MB
[runlim] sample:		200.0 time, 200.9 real, 19495.5 MB
[runlim] sample:		210.0 time, 210.9 real, 15914.7 MB
[runlim] sample:		220.0 time, 220.9 real, 15914.7 MB
[runlim] sample:		230.0 time, 230.9 real, 15923.2 MB
[runlim] sample:		240.0 time, 240.9 real, 20700.3 MB
[runlim] sample:		250.0 time, 250.9 real, 19527.1 MB
[runlim] sample:		260.0 time, 260.9 real, 15935.2 MB
c	Solving duration: 246131 ms
c	Answer: 
s SAT (w = 28)
c	Solution check:
p calculated antibandwidth = 28.
c
c
c Antibandwidth problem with w = 29 ( M-bcsstk06.mtx.rnd ):
c Initializing CaDiCaL (version 1.2.1).
c	Configuring CaDiCaL as --sat (1).
c Initializing a Naive-Reduced encoder with n = 420.
c Encoding starts with w = 29:
c	Encode symmetry breaking with option: l.
[runlim] sample:		269.9 time, 270.9 real, 11151.6 MB
[runlim] sample:		280.0 time, 280.9 real, 12233.2 MB
c	Encoding duration: 16s
c	Number of clauses: 158386410
c	Number of irredundant clauses: 158220811
c	Number of variables: 176400
c SAT Solving starts:
[runlim] sample:		289.9 time, 290.9 real, 12809.5 MB
[runlim] sample:		299.9 time, 300.9 real, 16437.3 MB
[runlim] sample:		309.9 time, 310.9 real, 16437.4 MB
[runlim] sample:		319.9 time, 320.9 real, 16437.6 MB
[runlim] sample:		329.9 time, 330.9 real, 16451.5 MB
[runlim] sample:		339.9 time, 340.9 real, 16451.5 MB
[runlim] sample:		349.9 time, 350.9 real, 21290.2 MB
[runlim] sample:		359.9 time, 360.9 real, 20093.7 MB
[runlim] sample:		369.9 time, 370.9 real, 16462.6 MB
[runlim] sample:		379.9 time, 380.9 real, 16463.3 MB
[runlim] sample:		389.9 time, 390.9 real, 20111.5 MB
[runlim] sample:		399.9 time, 400.9 real, 20175.8 MB
[runlim] sample:		409.9 time, 410.9 real, 16473.2 MB
[runlim] sample:		419.9 time, 420.9 real, 16473.2 MB
[runlim] sample:		429.9 time, 430.9 real, 16473.2 MB
[runlim] sample:		439.9 time, 440.9 real, 16473.2 MB
[runlim] sample:		449.9 time, 450.9 real, 16473.2 MB
[runlim] sample:		459.9 time, 460.9 real, 16473.2 MB
[runlim] sample:		469.9 time, 470.9 real, 21185.4 MB
[runlim] sample:		479.9 time, 480.9 real, 16479.0 MB
[runlim] sample:		489.9 time, 490.9 real, 16479.0 MB
[runlim] sample:		499.9 time, 500.9 real, 20133.6 MB
[runlim] sample:		509.9 time, 510.9 real, 16480.2 MB
[runlim] sample:		519.9 time, 520.9 real, 16486.2 MB
[runlim] sample:		529.9 time, 530.9 real, 16486.2 MB
[runlim] sample:		539.9 time, 540.9 real, 16486.2 MB
[runlim] sample:		549.9 time, 550.9 real, 16489.1 MB
[runlim] sample:		559.9 time, 560.9 real, 20157.6 MB
[runlim] sample:		569.9 time, 570.9 real, 16518.9 MB
[runlim] sample:		579.9 time, 580.9 real, 16520.5 MB
[runlim] sample:		589.9 time, 590.9 real, 16520.5 MB
[runlim] sample:		599.9 time, 600.9 real, 16520.5 MB
[runlim] sample:		609.9 time, 610.9 real, 16520.5 MB
c	Solving duration: 329360 ms
c	Answer: 
s SAT (w = 29)
c	Solution check:
p calculated antibandwidth = 29.
c
c
c Antibandwidth problem with w = 30 ( M-bcsstk06.mtx.rnd ):
c Initializing CaDiCaL (version 1.2.1).
c	Configuring CaDiCaL as --sat (1).
c Initializing a Naive-Reduced encoder with n = 420.
c Encoding starts with w = 30:
c	Encode symmetry breaking with option: l.
[runlim] sample:		619.9 time, 620.9 real, 12158.3 MB
c	Encoding duration: 16s
c	Number of clauses: 161295450
c	Number of irredundant clauses: 161129460
c	Number of variables: 176400
c SAT Solving starts:
[runlim] sample:		629.9 time, 630.9 real, 13392.1 MB
[runlim] sample:		639.9 time, 640.9 real, 15496.3 MB
[runlim] sample:		649.9 time, 650.9 real, 17108.3 MB
[runlim] sample:		659.9 time, 660.9 real, 17108.4 MB
[runlim] sample:		669.9 time, 670.9 real, 17115.7 MB
[runlim] sample:		679.9 time, 680.9 real, 17143.5 MB
[runlim] sample:		689.9 time, 690.9 real, 17145.8 MB
[runlim] sample:		699.9 time, 700.9 real, 22074.8 MB
[runlim] sample:		709.9 time, 710.9 real, 20857.8 MB
[runlim] sample:		719.9 time, 720.9 real, 17158.2 MB
[runlim] sample:		729.9 time, 730.9 real, 17164.4 MB
[runlim] sample:		739.9 time, 740.9 real, 20877.0 MB
[runlim] sample:		749.9 time, 750.9 real, 18573.9 MB
[runlim] sample:		759.9 time, 760.9 real, 17169.5 MB
[runlim] sample:		769.9 time, 770.9 real, 17169.8 MB
[runlim] sample:		779.9 time, 780.9 real, 17169.8 MB
[runlim] sample:		789.9 time, 790.9 real, 17169.8 MB
[runlim] sample:		799.9 time, 800.9 real, 17169.8 MB
[runlim] sample:		809.9 time, 810.9 real, 17169.8 MB
[runlim] sample:		819.9 time, 820.9 real, 20897.1 MB
[runlim] sample:		829.9 time, 830.9 real, 17184.7 MB
[runlim] sample:		839.9 time, 840.9 real, 17184.7 MB
[runlim] sample:		849.9 time, 850.9 real, 18128.9 MB
[runlim] sample:		859.9 time, 860.9 real, 17177.9 MB
[runlim] sample:		869.9 time, 870.9 real, 22135.6 MB
[runlim] sample:		879.9 time, 880.9 real, 17185.9 MB
[runlim] sample:		889.9 time, 890.9 real, 17185.9 MB
[runlim] sample:		899.9 time, 900.9 real, 17185.9 MB
[runlim] sample:		909.9 time, 910.9 real, 17832.8 MB
[runlim] sample:		919.9 time, 920.9 real, 17188.0 MB
[runlim] sample:		929.9 time, 930.9 real, 17188.0 MB
[runlim] sample:		939.9 time, 940.9 real, 17188.0 MB
[runlim] sample:		949.9 time, 950.9 real, 17188.0 MB
[runlim] sample:		959.9 time, 960.9 real, 17188.0 MB
[runlim] sample:		969.9 time, 970.9 real, 20937.6 MB
[runlim] sample:		979.9 time, 980.9 real, 17208.0 MB
[runlim] sample:		989.9 time, 990.9 real, 17208.0 MB
[runlim] sample:		999.9 time, 1000.9 real, 17208.0 MB
[runlim] sample:		1009.9 time, 1010.9 real, 17208.0 MB
[runlim] sample:		1019.9 time, 1020.9 real, 20958.4 MB
[runlim] sample:		1029.9 time, 1030.9 real, 17208.0 MB
[runlim] sample:		1039.9 time, 1040.9 real, 22186.0 MB
[runlim] sample:		1049.9 time, 1050.9 real, 17206.0 MB
[runlim] sample:		1059.9 time, 1060.9 real, 17206.0 MB
[runlim] sample:		1069.9 time, 1070.9 real, 17910.6 MB
[runlim] sample:		1079.9 time, 1080.9 real, 17229.1 MB
c	Solving duration: 451068 ms
c	Answer: 
s SAT (w = 30)
c	Solution check:
p calculated antibandwidth = 30.
c
c
c Antibandwidth problem with w = 31 ( M-bcsstk06.mtx.rnd ):
c Initializing CaDiCaL (version 1.2.1).
c	Configuring CaDiCaL as --sat (1).
c Initializing a Naive-Reduced encoder with n = 420.
c Encoding starts with w = 31:
c	Encode symmetry breaking with option: l.
[runlim] sample:		1089.9 time, 1090.9 real, 12682.1 MB
c	Encoding duration: 16s
c	Number of clauses: 164197050
c	Number of irredundant clauses: 164030670
c	Number of variables: 176400
c SAT Solving starts:
[runlim] sample:		1099.9 time, 1100.9 real, 13577.6 MB
[runlim] sample:		1109.9 time, 1110.9 real, 16610.3 MB
[runlim] sample:		1119.9 time, 1120.9 real, 17351.9 MB
[runlim] sample:		1129.9 time, 1130.9 real, 17352.0 MB
[runlim] sample:		1139.9 time, 1140.9 real, 17366.7 MB
[runlim] sample:		1149.9 time, 1150.9 real, 17368.5 MB
[runlim] sample:		1159.9 time, 1160.9 real, 21136.2 MB
[runlim] sample:		1169.9 time, 1170.9 real, 19671.6 MB
[runlim] sample:		1179.9 time, 1180.9 real, 17381.0 MB
[runlim] sample:		1189.9 time, 1190.9 real, 17381.0 MB
[runlim] sample:		1199.9 time, 1200.9 real, 17381.7 MB
[runlim] sample:		1209.9 time, 1210.9 real, 21162.2 MB
[runlim] sample:		1219.9 time, 1220.9 real, 19892.5 MB
[runlim] sample:		1229.9 time, 1230.9 real, 17389.6 MB
[runlim] sample:		1239.9 time, 1240.9 real, 17389.6 MB
[runlim] sample:		1249.9 time, 1250.9 real, 17389.6 MB
[runlim] sample:		1259.9 time, 1260.9 real, 17389.6 MB
[runlim] sample:		1269.9 time, 1270.9 real, 17389.6 MB
[runlim] sample:		1279.9 time, 1280.9 real, 21173.7 MB
[runlim] sample:		1289.9 time, 1290.9 real, 17393.7 MB
[runlim] sample:		1299.9 time, 1300.9 real, 17393.7 MB
[runlim] sample:		1309.9 time, 1310.9 real, 17393.7 MB
[runlim] sample:		1319.9 time, 1320.9 real, 21187.6 MB
[runlim] sample:		1329.9 time, 1330.9 real, 21203.2 MB
[runlim] sample:		1339.9 time, 1340.9 real, 17409.4 MB
[runlim] sample:		1349.9 time, 1350.9 real, 17409.4 MB
[runlim] sample:		1359.9 time, 1360.9 real, 17409.4 MB
[runlim] sample:		1369.9 time, 1370.9 real, 17409.4 MB
[runlim] sample:		1379.9 time, 1380.9 real, 21211.6 MB
[runlim] sample:		1389.9 time, 1390.9 real, 17411.8 MB
[runlim] sample:		1399.9 time, 1400.9 real, 17411.8 MB
[runlim] sample:		1409.9 time, 1410.9 real, 17411.8 MB
[runlim] sample:		1419.9 time, 1420.9 real, 17411.8 MB
[runlim] sample:		1429.8 time, 1430.9 real, 17411.8 MB
[runlim] sample:		1439.8 time, 1440.9 real, 21235.1 MB
[runlim] sample:		1449.9 time, 1450.9 real, 17432.8 MB
[runlim] sample:		1459.9 time, 1460.9 real, 17432.8 MB
[runlim] sample:		1469.9 time, 1470.9 real, 17432.8 MB
[runlim] sample:		1479.9 time, 1480.9 real, 17432.8 MB
[runlim] sample:		1489.8 time, 1490.9 real, 21261.4 MB
[runlim] sample:		1499.8 time, 1500.9 real, 19084.4 MB
[runlim] sample:		1509.8 time, 1510.9 real, 17432.7 MB
[runlim] sample:		1519.8 time, 1520.9 real, 17432.7 MB
[runlim] sample:		1529.8 time, 1530.9 real, 17432.7 MB
[runlim] sample:		1539.8 time, 1540.9 real, 21259.1 MB
[runlim] sample:		1549.8 time, 1550.9 real, 18320.2 MB
[runlim] sample:		1559.8 time, 1560.9 real, 17437.0 MB
[runlim] sample:		1569.8 time, 1570.9 real, 17437.0 MB
[runlim] sample:		1579.8 time, 1580.9 real, 17437.0 MB
[runlim] sample:		1589.8 time, 1590.9 real, 17437.0 MB
[runlim] sample:		1599.8 time, 1600.9 real, 17437.0 MB
[runlim] sample:		1609.8 time, 1610.9 real, 18582.2 MB
[runlim] sample:		1619.8 time, 1620.9 real, 22533.9 MB
[runlim] sample:		1629.8 time, 1630.9 real, 17455.0 MB
[runlim] sample:		1639.8 time, 1640.9 real, 17455.0 MB
[runlim] sample:		1649.8 time, 1650.9 real, 21278.7 MB
[runlim] sample:		1659.8 time, 1660.9 real, 17436.9 MB
[runlim] sample:		1669.8 time, 1670.9 real, 22520.7 MB
[runlim] sample:		1679.8 time, 1680.9 real, 17441.8 MB
[runlim] sample:		1689.8 time, 1690.9 real, 17441.8 MB
[runlim] sample:		1699.8 time, 1700.9 real, 17441.8 MB
[runlim] sample:		1709.8 time, 1710.9 real, 17441.8 MB
[runlim] sample:		1719.8 time, 1720.9 real, 21275.1 MB
[runlim] sample:		1729.8 time, 1730.9 real, 17442.9 MB
[runlim] sample:		1739.8 time, 1740.9 real, 17442.9 MB
[runlim] sample:		1749.8 time, 1750.9 real, 17442.9 MB
[runlim] sample:		1759.8 time, 1760.9 real, 17442.9 MB
[runlim] sample:		1769.8 time, 1770.9 real, 17442.9 MB
[runlim] sample:		1779.8 time, 1780.9 real, 21299.4 MB
[runlim] sample:		1789.8 time, 1790.9 real, 17466.2 MB
c Signal interruption.
[runlim] sample:		1799.8 time, 1800.9 real, 0.0 MB
[runlim] end:			Sat Sep 28 08:39:20 2024
[runlim] status:		out of time
[runlim] result:		2
[runlim] children:		0
[runlim] real:			1801.12 seconds
[runlim] time:			1800.03 seconds
[runlim] space:			22551.1 MB
[runlim] samples:		18002
