[runlim] version:		1.10
[runlim] time limit:		1800 seconds
[runlim] real time limit:	1800 seconds
[runlim] space limit:		30000 MB
[runlim] argv[0]:		/home/truongxuanhieu/AntiBandwidthReconstruct/build/abw_enc
[runlim] argv[1]:		/home/truongxuanhieu/AntiBandwidthReconstruct/build/BenchmarksAdd/N-bcsstk07.mtx.rnd
[runlim] argv[2]:		--ladder
[runlim] argv[3]:		-symetry-break
[runlim] argv[4]:		l
[runlim] start:			Thu Sep 26 04:15:37 2024
[runlim] main pid:		55342
[runlim] log captured:
c LadderEncoder 1.0.
c Symetry breaking in the lowest degree node.
c Solving strategy: from LB to UB.
c LB-w = 28 (LB in Sinnl - A note on computational approaches for the antibandwidth problem).
c UB-w = 72 (UB in Sinnl - A note on computational approaches for the antibandwidth problem).
c Antibandwidth problem with w = 28 ( N-bcsstk07.mtx.rnd ):
c Initializing CaDiCaL (version 1.2.1).
c	Configuring CaDiCaL as --sat (1).
c Initializing a Ladder encoder with n = 420.
c Encoding starts with w = 28:
c	Encode symmetry breaking with option: l.
c	Labels and Vertices aux var: 32760
c	Labels and Vertices constraints:  445200
c	Obj k aux var: 312060
c	Obj k constraints: 6961860
c	Obj k glue staircase constraints: 5680440
c	Encoding duration: 1s
c	Number of clauses: 7407270
c	Number of irredundant clauses: 7405947
c	Number of variables: 521220
c SAT Solving starts:
c	Solving duration: 3099 ms
c	Answer: 
s SAT (w = 28)
c	Solution check:
p calculated antibandwidth = 28.
c
c
c Antibandwidth problem with w = 29 ( N-bcsstk07.mtx.rnd ):
c Initializing CaDiCaL (version 1.2.1).
c	Configuring CaDiCaL as --sat (1).
c Initializing a Ladder encoder with n = 420.
c Encoding starts with w = 29:
c	Encode symmetry breaking with option: l.
c	Labels and Vertices aux var: 32760
c	Labels and Vertices constraints:  445200
c	Obj k aux var: 317520
c	Obj k constraints: 6974520
c	Obj k glue staircase constraints: 5676720
c	Encoding duration: 1s
c	Number of clauses: 7419930
c	Number of irredundant clauses: 7418599
c	Number of variables: 526680
c SAT Solving starts:
[runlim] sample:		10.0 time, 10.2 real, 1131.7 MB
c	Solving duration: 9012 ms
c	Answer: 
s SAT (w = 29)
c	Solution check:
p calculated antibandwidth = 29.
c
c
c Antibandwidth problem with w = 30 ( N-bcsstk07.mtx.rnd ):
c Initializing CaDiCaL (version 1.2.1).
c	Configuring CaDiCaL as --sat (1).
c Initializing a Ladder encoder with n = 420.
c Encoding starts with w = 30:
c	Encode symmetry breaking with option: l.
c	Labels and Vertices aux var: 32760
c	Labels and Vertices constraints:  439320
c	Obj k aux var: 311640
c	Obj k constraints: 6940740
c	Obj k glue staircase constraints: 5661840
c	Encoding duration: 1s
c	Number of clauses: 7380270
c	Number of irredundant clauses: 7378956
c	Number of variables: 520800
c SAT Solving starts:
[runlim] sample:		20.0 time, 20.2 real, 1049.3 MB
c	Solving duration: 7922 ms
c	Answer: 
s SAT (w = 30)
c	Solution check:
p calculated antibandwidth = 30.
c
c
c Antibandwidth problem with w = 31 ( N-bcsstk07.mtx.rnd ):
c Initializing CaDiCaL (version 1.2.1).
c	Configuring CaDiCaL as --sat (1).
c Initializing a Ladder encoder with n = 420.
c Encoding starts with w = 31:
c	Encode symmetry breaking with option: l.
c	Labels and Vertices aux var: 32760
c	Labels and Vertices constraints:  439320
c	Obj k aux var: 316680
c	Obj k constraints: 6952140
c	Obj k glue staircase constraints: 5658120
c	Encoding duration: 1s
c	Number of clauses: 7391670
c	Number of irredundant clauses: 7390342
c	Number of variables: 525840
c SAT Solving starts:
[runlim] sample:		30.0 time, 30.2 real, 987.7 MB
[runlim] sample:		40.0 time, 40.2 real, 992.2 MB
[runlim] sample:		50.0 time, 50.2 real, 1012.8 MB
[runlim] sample:		60.0 time, 60.2 real, 999.4 MB
[runlim] sample:		70.0 time, 70.2 real, 997.9 MB
c	Solving duration: 42746 ms
c	Answer: 
s SAT (w = 31)
c	Solution check:
p calculated antibandwidth = 31.
c
c
c Antibandwidth problem with w = 32 ( N-bcsstk07.mtx.rnd ):
c Initializing CaDiCaL (version 1.2.1).
c	Configuring CaDiCaL as --sat (1).
c Initializing a Ladder encoder with n = 420.
c Encoding starts with w = 32:
c	Encode symmetry breaking with option: l.
c	Labels and Vertices aux var: 32760
c	Labels and Vertices constraints:  439320
c	Obj k aux var: 321720
c	Obj k constraints: 6951960
c	Obj k glue staircase constraints: 5643240
c	Encoding duration: 1s
c	Number of clauses: 7391490
c	Number of irredundant clauses: 7390149
c	Number of variables: 530880
c SAT Solving starts:
[runlim] sample:		80.0 time, 80.2 real, 992.4 MB
[runlim] sample:		90.0 time, 90.2 real, 995.4 MB
[runlim] sample:		100.0 time, 100.2 real, 1005.7 MB
[runlim] sample:		110.0 time, 110.2 real, 992.7 MB
[runlim] sample:		120.0 time, 120.2 real, 996.6 MB
[runlim] sample:		130.0 time, 130.2 real, 998.4 MB
[runlim] sample:		140.0 time, 140.2 real, 999.2 MB
[runlim] sample:		150.0 time, 150.2 real, 1007.2 MB
[runlim] sample:		160.0 time, 160.2 real, 999.2 MB
c	Solving duration: 96599 ms
c	Answer: 
s SAT (w = 32)
c	Solution check:
p calculated antibandwidth = 32.
c
c
c Antibandwidth problem with w = 33 ( N-bcsstk07.mtx.rnd ):
c Initializing CaDiCaL (version 1.2.1).
c	Configuring CaDiCaL as --sat (1).
c Initializing a Ladder encoder with n = 420.
c Encoding starts with w = 33:
c	Encode symmetry breaking with option: l.
[runlim] sample:		170.0 time, 170.2 real, 801.0 MB
c	Labels and Vertices aux var: 32760
c	Labels and Vertices constraints:  433860
c	Obj k aux var: 314160
c	Obj k constraints: 6924720
c	Obj k glue staircase constraints: 5639520
c	Encoding duration: 1s
c	Number of clauses: 7358790
c	Number of irredundant clauses: 7357482
c	Number of variables: 523320
c SAT Solving starts:
[runlim] sample:		180.0 time, 180.2 real, 1154.3 MB
[runlim] sample:		190.0 time, 190.2 real, 1003.0 MB
[runlim] sample:		200.0 time, 200.2 real, 998.2 MB
[runlim] sample:		210.0 time, 210.2 real, 1169.5 MB
[runlim] sample:		220.0 time, 220.2 real, 998.5 MB
[runlim] sample:		230.0 time, 230.2 real, 1003.1 MB
[runlim] sample:		240.0 time, 240.2 real, 1005.1 MB
[runlim] sample:		250.0 time, 250.2 real, 1002.1 MB
[runlim] sample:		260.0 time, 260.2 real, 1002.1 MB
[runlim] sample:		269.9 time, 270.2 real, 1005.1 MB
[runlim] sample:		279.9 time, 280.2 real, 1004.1 MB
[runlim] sample:		289.9 time, 290.2 real, 1006.3 MB
[runlim] sample:		299.9 time, 300.2 real, 1011.7 MB
[runlim] sample:		309.9 time, 310.2 real, 1006.6 MB
[runlim] sample:		319.9 time, 320.2 real, 1183.8 MB
[runlim] sample:		329.9 time, 330.2 real, 1007.9 MB
[runlim] sample:		339.9 time, 340.2 real, 1005.3 MB
[runlim] sample:		349.9 time, 350.2 real, 1016.9 MB
[runlim] sample:		359.9 time, 360.2 real, 1009.1 MB
[runlim] sample:		369.9 time, 370.2 real, 1006.3 MB
c	Solving duration: 199451 ms
c	Answer: 
s SAT (w = 33)
c	Solution check:
p calculated antibandwidth = 33.
c
c
c Antibandwidth problem with w = 34 ( N-bcsstk07.mtx.rnd ):
c Initializing CaDiCaL (version 1.2.1).
c	Configuring CaDiCaL as --sat (1).
c Initializing a Ladder encoder with n = 420.
c Encoding starts with w = 34:
c	Encode symmetry breaking with option: l.
c	Labels and Vertices aux var: 32760
c	Labels and Vertices constraints:  433860
c	Obj k aux var: 318780
c	Obj k constraints: 6923280
c	Obj k glue staircase constraints: 5624640
c	Encoding duration: 1s
c	Number of clauses: 7357350
c	Number of irredundant clauses: 7356030
c	Number of variables: 527940
c SAT Solving starts:
[runlim] sample:		379.9 time, 380.2 real, 975.5 MB
[runlim] sample:		389.9 time, 390.2 real, 993.5 MB
[runlim] sample:		399.9 time, 400.2 real, 1000.6 MB
[runlim] sample:		409.9 time, 410.2 real, 1001.2 MB
[runlim] sample:		419.9 time, 420.2 real, 979.7 MB
[runlim] sample:		429.9 time, 430.2 real, 1007.3 MB
[runlim] sample:		439.9 time, 440.2 real, 1181.3 MB
[runlim] sample:		449.9 time, 450.2 real, 1006.9 MB
[runlim] sample:		459.9 time, 460.2 real, 1009.2 MB
[runlim] sample:		469.9 time, 470.2 real, 984.4 MB
[runlim] sample:		479.9 time, 480.2 real, 983.5 MB
[runlim] sample:		489.9 time, 490.2 real, 1167.5 MB
[runlim] sample:		499.9 time, 500.2 real, 1002.5 MB
[runlim] sample:		509.9 time, 510.2 real, 1007.0 MB
[runlim] sample:		519.9 time, 520.2 real, 1009.1 MB
[runlim] sample:		529.9 time, 530.2 real, 986.5 MB
[runlim] sample:		539.9 time, 540.2 real, 988.4 MB
[runlim] sample:		549.9 time, 550.2 real, 1051.1 MB
[runlim] sample:		559.9 time, 560.2 real, 1011.7 MB
[runlim] sample:		569.9 time, 570.2 real, 1030.3 MB
[runlim] sample:		579.9 time, 580.2 real, 991.5 MB
[runlim] sample:		589.9 time, 590.2 real, 1191.7 MB
[runlim] sample:		599.9 time, 600.2 real, 1030.1 MB
[runlim] sample:		609.9 time, 610.2 real, 1024.2 MB
[runlim] sample:		619.9 time, 620.2 real, 994.7 MB
[runlim] sample:		629.9 time, 630.2 real, 994.6 MB
[runlim] sample:		639.9 time, 640.2 real, 998.9 MB
[runlim] sample:		649.9 time, 650.2 real, 1045.4 MB
[runlim] sample:		659.9 time, 660.2 real, 997.2 MB
[runlim] sample:		669.9 time, 670.2 real, 995.0 MB
[runlim] sample:		679.9 time, 680.2 real, 995.0 MB
[runlim] sample:		689.9 time, 690.2 real, 996.5 MB
[runlim] sample:		699.9 time, 700.2 real, 1022.5 MB
c	Solving duration: 329630 ms
c	Answer: 
s SAT (w = 34)
c	Solution check:
p calculated antibandwidth = 34.
c
c
c Antibandwidth problem with w = 35 ( N-bcsstk07.mtx.rnd ):
c Initializing CaDiCaL (version 1.2.1).
c	Configuring CaDiCaL as --sat (1).
c Initializing a Ladder encoder with n = 420.
c Encoding starts with w = 35:
c	Encode symmetry breaking with option: l.
c	Labels and Vertices aux var: 32760
c	Labels and Vertices constraints:  428820
c	Obj k aux var: 309960
c	Obj k constraints: 6880680
c	Obj k glue staircase constraints: 5609760
c	Encoding duration: 1s
c	Number of clauses: 7309710
c	Number of irredundant clauses: 7308414
c	Number of variables: 519120
c SAT Solving starts:
[runlim] sample:		709.9 time, 710.2 real, 971.2 MB
[runlim] sample:		719.9 time, 720.2 real, 987.8 MB
[runlim] sample:		729.9 time, 730.2 real, 1159.0 MB
[runlim] sample:		739.9 time, 740.2 real, 989.0 MB
[runlim] sample:		749.9 time, 750.2 real, 991.1 MB
[runlim] sample:		759.9 time, 760.2 real, 992.3 MB
[runlim] sample:		769.9 time, 770.2 real, 991.6 MB
[runlim] sample:		779.9 time, 780.2 real, 991.6 MB
[runlim] sample:		789.9 time, 790.2 real, 990.8 MB
[runlim] sample:		799.9 time, 800.2 real, 991.4 MB
[runlim] sample:		809.9 time, 810.2 real, 998.8 MB
[runlim] sample:		819.9 time, 820.2 real, 992.2 MB
[runlim] sample:		829.9 time, 830.2 real, 993.6 MB
[runlim] sample:		839.9 time, 840.2 real, 995.4 MB
[runlim] sample:		849.9 time, 850.2 real, 998.7 MB
[runlim] sample:		859.9 time, 860.2 real, 995.4 MB
[runlim] sample:		869.9 time, 870.2 real, 995.4 MB
[runlim] sample:		879.9 time, 880.2 real, 1007.5 MB
[runlim] sample:		889.9 time, 890.2 real, 996.8 MB
[runlim] sample:		899.9 time, 900.2 real, 995.7 MB
[runlim] sample:		909.9 time, 910.2 real, 1006.9 MB
[runlim] sample:		919.9 time, 920.2 real, 999.6 MB
[runlim] sample:		929.9 time, 930.2 real, 997.3 MB
[runlim] sample:		939.9 time, 940.2 real, 1003.8 MB
[runlim] sample:		949.9 time, 950.2 real, 1004.8 MB
[runlim] sample:		959.9 time, 960.2 real, 1192.7 MB
[runlim] sample:		969.9 time, 970.2 real, 1008.0 MB
[runlim] sample:		979.9 time, 980.2 real, 1204.4 MB
[runlim] sample:		989.9 time, 990.2 real, 1034.1 MB
[runlim] sample:		999.9 time, 1000.2 real, 1003.6 MB
[runlim] sample:		1009.9 time, 1010.2 real, 1021.4 MB
[runlim] sample:		1019.9 time, 1020.2 real, 1017.1 MB
[runlim] sample:		1029.9 time, 1030.2 real, 1014.0 MB
[runlim] sample:		1039.9 time, 1040.2 real, 1016.0 MB
[runlim] sample:		1049.9 time, 1050.2 real, 1145.3 MB
[runlim] sample:		1059.9 time, 1060.2 real, 1020.6 MB
[runlim] sample:		1069.9 time, 1070.2 real, 1020.6 MB
[runlim] sample:		1079.9 time, 1080.2 real, 1041.1 MB
[runlim] sample:		1089.9 time, 1090.2 real, 1017.4 MB
[runlim] sample:		1099.9 time, 1100.2 real, 1004.7 MB
[runlim] sample:		1109.9 time, 1110.2 real, 989.9 MB
[runlim] sample:		1119.9 time, 1120.2 real, 994.6 MB
[runlim] sample:		1129.9 time, 1130.2 real, 987.0 MB
[runlim] sample:		1139.9 time, 1140.2 real, 987.0 MB
[runlim] sample:		1149.9 time, 1150.2 real, 997.9 MB
[runlim] sample:		1159.9 time, 1160.2 real, 997.8 MB
[runlim] sample:		1169.9 time, 1170.2 real, 1025.3 MB
[runlim] sample:		1179.9 time, 1180.2 real, 996.7 MB
[runlim] sample:		1189.9 time, 1190.2 real, 1015.0 MB
[runlim] sample:		1199.9 time, 1200.2 real, 1012.0 MB
[runlim] sample:		1209.9 time, 1210.2 real, 1052.9 MB
[runlim] sample:		1219.9 time, 1220.2 real, 1052.9 MB
[runlim] sample:		1229.9 time, 1230.2 real, 1013.4 MB
[runlim] sample:		1239.9 time, 1240.2 real, 1013.4 MB
[runlim] sample:		1249.9 time, 1250.2 real, 1035.0 MB
[runlim] sample:		1259.9 time, 1260.2 real, 1026.8 MB
[runlim] sample:		1269.9 time, 1270.2 real, 1031.5 MB
[runlim] sample:		1279.9 time, 1280.2 real, 1031.5 MB
[runlim] sample:		1289.9 time, 1290.2 real, 1206.2 MB
[runlim] sample:		1299.9 time, 1300.2 real, 1020.9 MB
[runlim] sample:		1309.9 time, 1310.2 real, 1031.6 MB
[runlim] sample:		1319.9 time, 1320.2 real, 1028.6 MB
[runlim] sample:		1329.9 time, 1330.2 real, 1028.6 MB
[runlim] sample:		1339.9 time, 1340.2 real, 1062.7 MB
[runlim] sample:		1349.9 time, 1350.2 real, 1048.3 MB
[runlim] sample:		1359.9 time, 1360.2 real, 1048.3 MB
[runlim] sample:		1369.9 time, 1370.2 real, 1048.3 MB
[runlim] sample:		1379.9 time, 1380.2 real, 1144.5 MB
[runlim] sample:		1389.9 time, 1390.2 real, 1156.3 MB
[runlim] sample:		1399.9 time, 1400.2 real, 1356.1 MB
[runlim] sample:		1409.9 time, 1410.2 real, 1509.3 MB
[runlim] sample:		1419.9 time, 1420.2 real, 1648.8 MB
[runlim] sample:		1429.9 time, 1430.2 real, 1786.2 MB
[runlim] sample:		1439.9 time, 1440.2 real, 1924.9 MB
[runlim] sample:		1449.9 time, 1450.2 real, 2771.0 MB
[runlim] sample:		1459.9 time, 1460.2 real, 2741.7 MB
[runlim] sample:		1469.9 time, 1470.2 real, 1011.4 MB
[runlim] sample:		1479.9 time, 1480.2 real, 1024.1 MB
[runlim] sample:		1489.9 time, 1490.2 real, 1022.9 MB
[runlim] sample:		1499.9 time, 1500.2 real, 1023.0 MB
[runlim] sample:		1509.9 time, 1510.2 real, 1029.4 MB
[runlim] sample:		1519.9 time, 1520.2 real, 1029.7 MB
[runlim] sample:		1529.9 time, 1530.2 real, 1058.2 MB
[runlim] sample:		1539.9 time, 1540.2 real, 984.5 MB
[runlim] sample:		1549.9 time, 1550.2 real, 997.7 MB
[runlim] sample:		1559.9 time, 1560.2 real, 997.7 MB
[runlim] sample:		1569.9 time, 1570.2 real, 1018.7 MB
[runlim] sample:		1579.9 time, 1580.2 real, 1040.7 MB
[runlim] sample:		1589.9 time, 1590.2 real, 1051.3 MB
[runlim] sample:		1599.9 time, 1600.2 real, 1020.6 MB
[runlim] sample:		1609.9 time, 1610.2 real, 1020.6 MB
[runlim] sample:		1619.9 time, 1620.2 real, 1051.8 MB
[runlim] sample:		1629.9 time, 1630.2 real, 1051.8 MB
[runlim] sample:		1639.9 time, 1640.2 real, 1045.8 MB
[runlim] sample:		1649.9 time, 1650.2 real, 1021.3 MB
[runlim] sample:		1659.9 time, 1660.2 real, 1026.0 MB
[runlim] sample:		1669.9 time, 1670.2 real, 1026.0 MB
[runlim] sample:		1679.9 time, 1680.2 real, 1074.9 MB
[runlim] sample:		1689.9 time, 1690.2 real, 1074.9 MB
[runlim] sample:		1699.9 time, 1700.2 real, 1041.3 MB
[runlim] sample:		1709.9 time, 1710.2 real, 1035.1 MB
[runlim] sample:		1719.9 time, 1720.2 real, 1052.4 MB
[runlim] sample:		1729.9 time, 1730.2 real, 1016.4 MB
[runlim] sample:		1739.9 time, 1740.2 real, 1030.4 MB
[runlim] sample:		1749.9 time, 1750.2 real, 1030.4 MB
[runlim] sample:		1759.9 time, 1760.2 real, 1018.8 MB
[runlim] sample:		1769.9 time, 1770.2 real, 1018.8 MB
[runlim] sample:		1779.9 time, 1780.2 real, 1018.8 MB
[runlim] sample:		1789.9 time, 1790.2 real, 1022.9 MB
c Signal interruption.
[runlim] end:			Thu Sep 26 04:45:37 2024
[runlim] status:		out of time
[runlim] result:		2
[runlim] children:		0
[runlim] real:			1800.08 seconds
[runlim] time:			1799.76 seconds
[runlim] space:			3096.0 MB
[runlim] samples:		17999
