[runlim] version:		1.10
[runlim] time limit:		1800 seconds
[runlim] real time limit:	1800 seconds
[runlim] space limit:		30000 MB
[runlim] argv[0]:		/home/truongxuanhieu/AntiBandwidthReconstruct/build/abw_enc
[runlim] argv[1]:		/home/truongxuanhieu/AntiBandwidthReconstruct/build/Benchmarks/P-can__445.mtx.rnd
[runlim] argv[2]:		--seq
[runlim] argv[3]:		-symetry-break
[runlim] argv[4]:		l
[runlim] start:			Mon Oct  7 02:25:28 2024
[runlim] main pid:		40662
[runlim] log captured:
c LadderEncoder 1.0.
c Symetry breaking in the lowest degree node.
c Solving strategy: from LB to UB.
c LB-w = 78 (LB in Sinnl - A note on computational approaches for the antibandwidth problem).
c UB-w = 120 (UB in Sinnl - A note on computational approaches for the antibandwidth problem).
c Antibandwidth problem with w = 78 ( P-can__445.mtx.rnd ):
c Initializing CaDiCaL (version 1.2.1).
c	Configuring CaDiCaL as --sat (1).
c Initializing a Sequential encoder with n = 445.
c Encoding starts with w = 78:
c	Encode symmetry breaking with option: l.
[runlim] sample:		10.0 time, 10.5 real, 5513.7 MB
[runlim] sample:		20.0 time, 20.5 real, 9644.2 MB
[runlim] sample:		30.0 time, 30.5 real, 14982.6 MB
[runlim] sample:		40.0 time, 40.5 real, 18739.5 MB
[runlim] sample:		50.0 time, 50.5 real, 25871.1 MB
[runlim] sample:		60.0 time, 60.5 real, 29545.5 MB
c Signal interruption.
[runlim] end:			Mon Oct  7 02:26:31 2024
[runlim] status:		out of memory
[runlim] result:		3
[runlim] children:		0
[runlim] real:			63.05 seconds
[runlim] time:			62.45 seconds
[runlim] space:			30026.5 MB
[runlim] samples:		625
