[runlim] version:		1.10
[runlim] time limit:		1800 seconds
[runlim] real time limit:	1800 seconds
[runlim] space limit:		30000 MB
[runlim] argv[0]:		/home/hvanh28/AntiBandwidthReconstruct/build/abw_enc
[runlim] argv[1]:		/home/hvanh28/AntiBandwidthReconstruct/build/Benchmarks/P-can__445.mtx.rnd
[runlim] argv[2]:		--duplex
[runlim] argv[3]:		-symetry-break
[runlim] argv[4]:		l
[runlim] start:			Wed Sep 25 22:45:42 2024
[runlim] main pid:		84491
[runlim] log captured:
c LadderEncoder 1.0.
c Symetry breaking in the lowest degree node.
c Solving strategy: from LB to UB.
c LB-w = 78 (LB in Sinnl - A note on computational approaches for the antibandwidth problem).
c UB-w = 120 (UB in Sinnl - A note on computational approaches for the antibandwidth problem).
c Antibandwidth problem with w = 78 ( P-can__445.mtx.rnd ):
c Initializing CaDiCaL (version 1.2.1).
c	Configuring CaDiCaL as --sat (1).
c Initializing a Duplex encoder with n = 445.
c Encoding starts with w = 78:
c	Encode symmetry breaking with option: l.
c	Labels and Vertices aux var: 36490
c	Labels and Vertices constraints:  456570
c	Obj k aux var: 664830
c	Obj k constraints: 4604821
c	Obj k glue staircase constraints: 2452356
c	Encoding duration: 2s
c	Number of clauses: 5061613
c	Number of irredundant clauses: 4730904
c	Number of variables: 899345
c SAT Solving starts:
[runlim] sample:		10.0 time, 10.1 real, 869.3 MB
[runlim] sample:		20.0 time, 20.1 real, 874.9 MB
[runlim] sample:		30.0 time, 30.1 real, 875.4 MB
[runlim] sample:		40.0 time, 40.1 real, 823.6 MB
[runlim] sample:		50.0 time, 50.1 real, 863.0 MB
[runlim] sample:		60.0 time, 60.1 real, 863.0 MB
[runlim] sample:		70.0 time, 70.1 real, 870.3 MB
[runlim] sample:		80.0 time, 80.1 real, 819.0 MB
[runlim] sample:		90.0 time, 90.1 real, 859.4 MB
[runlim] sample:		100.0 time, 100.1 real, 869.9 MB
[runlim] sample:		110.0 time, 110.1 real, 823.9 MB
[runlim] sample:		120.0 time, 120.1 real, 934.5 MB
[runlim] sample:		129.9 time, 130.1 real, 894.7 MB
[runlim] sample:		139.9 time, 140.1 real, 895.2 MB
[runlim] sample:		149.9 time, 150.1 real, 856.9 MB
[runlim] sample:		159.9 time, 160.1 real, 918.5 MB
[runlim] sample:		169.9 time, 170.1 real, 868.4 MB
[runlim] sample:		179.9 time, 180.1 real, 854.5 MB
[runlim] sample:		189.9 time, 190.1 real, 873.2 MB
[runlim] sample:		199.9 time, 200.1 real, 880.6 MB
[runlim] sample:		209.9 time, 210.1 real, 862.6 MB
[runlim] sample:		219.9 time, 220.1 real, 863.8 MB
[runlim] sample:		229.9 time, 230.1 real, 862.8 MB
[runlim] sample:		239.9 time, 240.1 real, 862.8 MB
[runlim] sample:		249.9 time, 250.1 real, 862.8 MB
[runlim] sample:		259.9 time, 260.1 real, 980.6 MB
[runlim] sample:		269.9 time, 270.1 real, 992.2 MB
[runlim] sample:		279.9 time, 280.1 real, 902.1 MB
[runlim] sample:		289.9 time, 290.1 real, 889.2 MB
[runlim] sample:		299.9 time, 300.1 real, 877.9 MB
[runlim] sample:		309.9 time, 310.1 real, 830.4 MB
[runlim] sample:		319.9 time, 320.1 real, 834.1 MB
[runlim] sample:		329.9 time, 330.1 real, 850.7 MB
[runlim] sample:		339.9 time, 340.1 real, 850.7 MB
[runlim] sample:		349.9 time, 350.1 real, 840.4 MB
[runlim] sample:		359.9 time, 360.1 real, 857.8 MB
[runlim] sample:		369.9 time, 370.1 real, 859.6 MB
[runlim] sample:		379.9 time, 380.1 real, 859.6 MB
[runlim] sample:		389.9 time, 390.1 real, 859.6 MB
[runlim] sample:		399.9 time, 400.1 real, 1019.9 MB
[runlim] sample:		409.9 time, 410.1 real, 1019.9 MB
[runlim] sample:		419.9 time, 420.1 real, 1002.9 MB
[runlim] sample:		429.9 time, 430.1 real, 877.0 MB
[runlim] sample:		439.9 time, 440.1 real, 877.0 MB
[runlim] sample:		449.9 time, 450.1 real, 992.2 MB
[runlim] sample:		459.9 time, 460.1 real, 992.2 MB
[runlim] sample:		469.9 time, 470.1 real, 992.4 MB
[runlim] sample:		479.9 time, 480.1 real, 1134.1 MB
[runlim] sample:		489.9 time, 490.1 real, 1180.1 MB
[runlim] sample:		499.9 time, 500.1 real, 1152.3 MB
[runlim] sample:		509.9 time, 510.1 real, 1033.8 MB
[runlim] sample:		519.9 time, 520.1 real, 919.4 MB
[runlim] sample:		529.9 time, 530.1 real, 940.2 MB
[runlim] sample:		539.9 time, 540.1 real, 940.2 MB
[runlim] sample:		549.9 time, 550.1 real, 892.6 MB
[runlim] sample:		559.9 time, 560.1 real, 1007.0 MB
[runlim] sample:		569.9 time, 570.1 real, 1007.0 MB
[runlim] sample:		579.9 time, 580.1 real, 880.8 MB
[runlim] sample:		589.9 time, 590.1 real, 900.8 MB
[runlim] sample:		599.9 time, 600.1 real, 900.8 MB
[runlim] sample:		609.9 time, 610.1 real, 1047.9 MB
[runlim] sample:		619.9 time, 620.1 real, 1047.9 MB
[runlim] sample:		629.9 time, 630.1 real, 1074.4 MB
[runlim] sample:		639.9 time, 640.1 real, 1074.4 MB
[runlim] sample:		649.8 time, 650.1 real, 1163.0 MB
[runlim] sample:		659.8 time, 660.1 real, 1163.0 MB
[runlim] sample:		669.8 time, 670.1 real, 1163.0 MB
[runlim] sample:		679.8 time, 680.1 real, 1163.0 MB
[runlim] sample:		689.8 time, 690.1 real, 1156.1 MB
[runlim] sample:		699.8 time, 700.1 real, 1156.1 MB
[runlim] sample:		709.8 time, 710.1 real, 964.5 MB
[runlim] sample:		719.8 time, 720.1 real, 1105.6 MB
[runlim] sample:		729.8 time, 730.1 real, 958.6 MB
[runlim] sample:		739.8 time, 740.1 real, 956.3 MB
[runlim] sample:		749.8 time, 750.1 real, 944.3 MB
[runlim] sample:		759.8 time, 760.1 real, 1046.3 MB
[runlim] sample:		769.8 time, 770.1 real, 955.0 MB
[runlim] sample:		779.8 time, 780.1 real, 1008.8 MB
[runlim] sample:		789.8 time, 790.1 real, 1206.4 MB
[runlim] sample:		799.8 time, 800.1 real, 1033.6 MB
[runlim] sample:		809.8 time, 810.1 real, 1033.6 MB
[runlim] sample:		819.8 time, 820.1 real, 1015.5 MB
[runlim] sample:		829.8 time, 830.1 real, 974.1 MB
[runlim] sample:		839.8 time, 840.1 real, 995.9 MB
[runlim] sample:		849.8 time, 850.1 real, 1012.3 MB
[runlim] sample:		859.8 time, 860.1 real, 1012.3 MB
[runlim] sample:		869.8 time, 870.1 real, 1029.6 MB
[runlim] sample:		879.8 time, 880.1 real, 1029.6 MB
[runlim] sample:		889.8 time, 890.1 real, 1029.6 MB
[runlim] sample:		899.8 time, 900.1 real, 1022.5 MB
[runlim] sample:		909.8 time, 910.1 real, 1022.5 MB
[runlim] sample:		919.8 time, 920.1 real, 1030.8 MB
[runlim] sample:		929.8 time, 930.1 real, 1209.2 MB
[runlim] sample:		939.8 time, 940.1 real, 1055.6 MB
[runlim] sample:		949.8 time, 950.1 real, 1055.6 MB
[runlim] sample:		959.8 time, 960.1 real, 1055.9 MB
[runlim] sample:		969.8 time, 970.1 real, 1055.9 MB
[runlim] sample:		979.8 time, 980.1 real, 1111.0 MB
[runlim] sample:		989.8 time, 990.1 real, 1390.6 MB
[runlim] sample:		999.8 time, 1000.1 real, 1390.6 MB
[runlim] sample:		1009.8 time, 1010.1 real, 1390.6 MB
[runlim] sample:		1019.8 time, 1020.1 real, 1228.7 MB
[runlim] sample:		1029.8 time, 1030.1 real, 1228.7 MB
[runlim] sample:		1039.8 time, 1040.1 real, 1228.7 MB
[runlim] sample:		1049.8 time, 1050.1 real, 1228.7 MB
[runlim] sample:		1059.8 time, 1060.1 real, 1228.7 MB
[runlim] sample:		1069.8 time, 1070.1 real, 1262.3 MB
[runlim] sample:		1079.8 time, 1080.1 real, 1413.5 MB
[runlim] sample:		1089.8 time, 1090.1 real, 1413.5 MB
[runlim] sample:		1099.8 time, 1100.1 real, 1110.7 MB
[runlim] sample:		1109.8 time, 1110.1 real, 1110.7 MB
[runlim] sample:		1119.8 time, 1120.1 real, 1186.6 MB
[runlim] sample:		1129.8 time, 1130.1 real, 1233.4 MB
[runlim] sample:		1139.8 time, 1140.1 real, 1233.4 MB
[runlim] sample:		1149.8 time, 1150.1 real, 1233.4 MB
[runlim] sample:		1159.8 time, 1160.1 real, 1233.4 MB
[runlim] sample:		1169.8 time, 1170.1 real, 1402.4 MB
[runlim] sample:		1179.8 time, 1180.1 real, 1402.4 MB
[runlim] sample:		1189.8 time, 1190.1 real, 1402.4 MB
[runlim] sample:		1199.8 time, 1200.1 real, 1346.7 MB
[runlim] sample:		1209.8 time, 1210.1 real, 1346.7 MB
[runlim] sample:		1219.8 time, 1220.1 real, 1346.7 MB
[runlim] sample:		1229.8 time, 1230.1 real, 1346.7 MB
[runlim] sample:		1239.8 time, 1240.1 real, 1346.7 MB
[runlim] sample:		1249.8 time, 1250.1 real, 1424.5 MB
[runlim] sample:		1259.8 time, 1260.1 real, 1424.5 MB
[runlim] sample:		1269.8 time, 1270.1 real, 1424.5 MB
[runlim] sample:		1279.8 time, 1280.1 real, 1398.5 MB
[runlim] sample:		1289.8 time, 1290.1 real, 1486.9 MB
[runlim] sample:		1299.8 time, 1300.1 real, 1186.4 MB
[runlim] sample:		1309.8 time, 1310.1 real, 1186.4 MB
[runlim] sample:		1319.8 time, 1320.1 real, 1187.9 MB
[runlim] sample:		1329.8 time, 1330.1 real, 1187.9 MB
[runlim] sample:		1339.8 time, 1340.1 real, 1187.9 MB
[runlim] sample:		1349.8 time, 1350.1 real, 1187.9 MB
[runlim] sample:		1359.8 time, 1360.1 real, 1270.6 MB
[runlim] sample:		1369.8 time, 1370.1 real, 1270.6 MB
[runlim] sample:		1379.8 time, 1380.1 real, 1270.6 MB
[runlim] sample:		1389.7 time, 1390.1 real, 1291.0 MB
[runlim] sample:		1399.7 time, 1400.1 real, 1291.0 MB
[runlim] sample:		1409.7 time, 1410.1 real, 1291.0 MB
[runlim] sample:		1419.7 time, 1420.1 real, 1203.4 MB
[runlim] sample:		1429.7 time, 1430.1 real, 1203.4 MB
[runlim] sample:		1439.7 time, 1440.1 real, 1203.4 MB
[runlim] sample:		1449.7 time, 1450.1 real, 1203.4 MB
[runlim] sample:		1459.7 time, 1460.1 real, 1203.4 MB
[runlim] sample:		1469.7 time, 1470.1 real, 1250.6 MB
[runlim] sample:		1479.7 time, 1480.1 real, 1365.3 MB
[runlim] sample:		1489.7 time, 1490.1 real, 1469.2 MB
[runlim] sample:		1499.7 time, 1500.1 real, 2041.0 MB
[runlim] sample:		1509.7 time, 1510.1 real, 2041.0 MB
[runlim] sample:		1519.7 time, 1520.1 real, 2041.0 MB
[runlim] sample:		1529.7 time, 1530.1 real, 1409.9 MB
[runlim] sample:		1539.7 time, 1540.1 real, 1226.0 MB
[runlim] sample:		1549.7 time, 1550.1 real, 1226.0 MB
[runlim] sample:		1559.7 time, 1560.1 real, 1226.0 MB
[runlim] sample:		1569.7 time, 1570.1 real, 1226.0 MB
[runlim] sample:		1579.7 time, 1580.1 real, 1226.0 MB
[runlim] sample:		1589.7 time, 1590.1 real, 1263.3 MB
[runlim] sample:		1599.7 time, 1600.1 real, 1508.2 MB
[runlim] sample:		1609.7 time, 1610.1 real, 1508.2 MB
[runlim] sample:		1619.7 time, 1620.1 real, 1508.2 MB
[runlim] sample:		1629.7 time, 1630.1 real, 1508.2 MB
[runlim] sample:		1639.7 time, 1640.1 real, 1508.2 MB
[runlim] sample:		1649.7 time, 1650.1 real, 1508.2 MB
[runlim] sample:		1659.7 time, 1660.1 real, 1508.2 MB
[runlim] sample:		1669.7 time, 1670.1 real, 1567.8 MB
[runlim] sample:		1679.7 time, 1680.1 real, 1644.6 MB
[runlim] sample:		1689.7 time, 1690.1 real, 1718.6 MB
[runlim] sample:		1699.7 time, 1700.1 real, 1787.9 MB
[runlim] sample:		1709.7 time, 1710.1 real, 1858.6 MB
[runlim] sample:		1719.7 time, 1720.1 real, 1929.7 MB
[runlim] sample:		1729.7 time, 1730.1 real, 1997.8 MB
[runlim] sample:		1739.7 time, 1740.1 real, 2440.8 MB
[runlim] sample:		1749.7 time, 1750.1 real, 2440.8 MB
[runlim] sample:		1759.7 time, 1760.1 real, 2440.8 MB
[runlim] sample:		1769.7 time, 1770.1 real, 2440.8 MB
[runlim] sample:		1779.7 time, 1780.1 real, 2440.8 MB
[runlim] sample:		1789.7 time, 1790.1 real, 2440.8 MB
[runlim] sample:		1799.7 time, 1800.1 real, 2440.8 MB
c Signal interruption.
[runlim] end:			Wed Sep 25 23:15:42 2024
[runlim] status:		out of time
[runlim] result:		2
[runlim] children:		0
[runlim] real:			1800.12 seconds
[runlim] time:			1799.69 seconds
[runlim] space:			2920.5 MB
[runlim] samples:		18000
