[runlim] version:		1.10
[runlim] time limit:		1800 seconds
[runlim] real time limit:	1800 seconds
[runlim] space limit:		30000 MB
[runlim] argv[0]:		/home/truongxuanhieu/AntiBandwidthReconstruct/build/abw_enc
[runlim] argv[1]:		/home/truongxuanhieu/AntiBandwidthReconstruct/build/Benchmarks/P-can__445.mtx.rnd
[runlim] argv[2]:		--product
[runlim] argv[3]:		-symetry-break
[runlim] argv[4]:		l
[runlim] start:			Thu Sep 26 07:25:43 2024
[runlim] main pid:		58180
[runlim] log captured:
c LadderEncoder 1.0.
c Symetry breaking in the lowest degree node.
c Solving strategy: from LB to UB.
c LB-w = 78 (LB in Sinnl - A note on computational approaches for the antibandwidth problem).
c UB-w = 120 (UB in Sinnl - A note on computational approaches for the antibandwidth problem).
c Antibandwidth problem with w = 78 ( P-can__445.mtx.rnd ):
c Initializing CaDiCaL (version 1.2.1).
c	Configuring CaDiCaL as --sat (1).
c Initializing a 2-Product encoder with n = 445.
c Encoding starts with w = 78:
c	Encode symmetry breaking with option: l.
[runlim] sample:		10.0 time, 10.8 real, 5864.5 MB
[runlim] sample:		20.0 time, 20.8 real, 11858.7 MB
[runlim] sample:		30.0 time, 30.8 real, 16867.1 MB
[runlim] sample:		40.0 time, 40.8 real, 23914.3 MB
c	Encoding duration: 45s
c	Number of clauses: 253490280
c	Number of irredundant clauses: 253403292
c	Number of variables: 34948791
c SAT Solving starts:
[runlim] sample:		50.0 time, 50.8 real, 26674.7 MB
[runlim] sample:		60.0 time, 60.8 real, 27044.3 MB
[runlim] sample:		70.0 time, 70.8 real, 27051.7 MB
c Signal interruption.
[runlim] end:			Thu Sep 26 07:26:59 2024
[runlim] status:		out of memory
[runlim] result:		3
[runlim] children:		0
[runlim] real:			76.56 seconds
[runlim] time:			75.69 seconds
[runlim] space:			30011.6 MB
[runlim] samples:		757
