[runlim] version:		1.10
[runlim] time limit:		1800 seconds
[runlim] real time limit:	1800 seconds
[runlim] space limit:		30000 MB
[runlim] argv[0]:		/home/truongxuanhieu/AntiBandwidthReconstruct/build/abw_enc
[runlim] argv[1]:		/home/truongxuanhieu/AntiBandwidthReconstruct/build/Benchmarks/Q-494_bus.mtx.rnd
[runlim] argv[2]:		--reduced
[runlim] argv[3]:		-symetry-break
[runlim] argv[4]:		l
[runlim] start:			Sat Sep 28 06:30:57 2024
[runlim] main pid:		105774
[runlim] log captured:
c LadderEncoder 1.0.
c Symetry breaking in the lowest degree node.
c Solving strategy: from LB to UB.
c LB-w = 219 (LB in Sinnl - A note on computational approaches for the antibandwidth problem).
c UB-w = 246 (UB in Sinnl - A note on computational approaches for the antibandwidth problem).
c Antibandwidth problem with w = 219 ( Q-494_bus.mtx.rnd ):
c Initializing CaDiCaL (version 1.2.1).
c	Configuring CaDiCaL as --sat (1).
c Initializing a Naive-Reduced encoder with n = 494.
c Encoding starts with w = 219:
c	Encode symmetry breaking with option: l.
[runlim] sample:		10.0 time, 10.2 real, 5672.0 MB
[runlim] sample:		20.0 time, 20.2 real, 11774.2 MB
c	Encoding duration: 27s
c	Number of clauses: 218549195
c	Number of irredundant clauses: 218251966
c	Number of variables: 244036
c SAT Solving starts:
[runlim] sample:		30.0 time, 30.2 real, 16508.8 MB
[runlim] sample:		40.0 time, 40.2 real, 17779.6 MB
[runlim] sample:		50.0 time, 50.2 real, 22423.8 MB
[runlim] sample:		60.0 time, 60.2 real, 22424.8 MB
[runlim] sample:		70.0 time, 70.2 real, 22425.8 MB
[runlim] sample:		80.0 time, 80.2 real, 22549.1 MB
[runlim] sample:		90.0 time, 90.2 real, 22749.7 MB
[runlim] sample:		100.0 time, 100.2 real, 22771.8 MB
[runlim] sample:		110.0 time, 110.2 real, 22771.8 MB
[runlim] sample:		120.0 time, 120.2 real, 27778.2 MB
[runlim] sample:		130.0 time, 130.2 real, 27785.5 MB
[runlim] sample:		140.0 time, 140.2 real, 22779.5 MB
[runlim] sample:		150.0 time, 150.2 real, 22782.1 MB
[runlim] sample:		160.0 time, 160.2 real, 22804.0 MB
[runlim] sample:		170.0 time, 170.2 real, 22825.4 MB
[runlim] sample:		180.0 time, 180.2 real, 27840.4 MB
[runlim] sample:		190.0 time, 190.2 real, 25486.2 MB
[runlim] sample:		200.0 time, 200.2 real, 22832.7 MB
[runlim] sample:		210.0 time, 210.2 real, 22842.2 MB
[runlim] sample:		220.0 time, 220.2 real, 22842.2 MB
[runlim] sample:		230.0 time, 230.2 real, 22842.2 MB
[runlim] sample:		240.0 time, 240.2 real, 22842.2 MB
[runlim] sample:		250.0 time, 250.2 real, 22842.5 MB
[runlim] sample:		260.0 time, 260.2 real, 22843.8 MB
[runlim] sample:		270.0 time, 270.2 real, 22843.8 MB
[runlim] sample:		280.0 time, 280.2 real, 27865.1 MB
[runlim] sample:		290.0 time, 290.2 real, 22853.6 MB
[runlim] sample:		300.0 time, 300.2 real, 22853.6 MB
[runlim] sample:		310.0 time, 310.2 real, 22854.4 MB
[runlim] sample:		320.0 time, 320.2 real, 24879.1 MB
[runlim] sample:		330.0 time, 330.2 real, 29552.1 MB
[runlim] sample:		340.0 time, 340.2 real, 22866.7 MB
[runlim] sample:		350.0 time, 350.2 real, 24146.3 MB
[runlim] sample:		360.0 time, 360.2 real, 29575.2 MB
[runlim] sample:		370.0 time, 370.2 real, 22877.6 MB
[runlim] sample:		380.0 time, 380.2 real, 22877.6 MB
[runlim] sample:		390.0 time, 390.2 real, 22877.6 MB
[runlim] sample:		400.0 time, 400.2 real, 27920.2 MB
[runlim] sample:		410.0 time, 410.2 real, 29585.8 MB
[runlim] sample:		419.9 time, 420.2 real, 22877.2 MB
[runlim] sample:		429.9 time, 430.2 real, 22877.2 MB
[runlim] sample:		439.9 time, 440.2 real, 22877.2 MB
[runlim] sample:		449.9 time, 450.2 real, 22877.2 MB
[runlim] sample:		459.9 time, 460.2 real, 22877.2 MB
[runlim] sample:		469.9 time, 470.2 real, 22877.2 MB
[runlim] sample:		479.9 time, 480.2 real, 27930.4 MB
[runlim] sample:		489.9 time, 490.2 real, 22887.6 MB
[runlim] sample:		499.9 time, 500.2 real, 22887.6 MB
[runlim] sample:		509.9 time, 510.2 real, 22887.6 MB
[runlim] sample:		520.0 time, 520.2 real, 22887.6 MB
[runlim] sample:		530.0 time, 530.2 real, 22887.6 MB
[runlim] sample:		540.0 time, 540.2 real, 26201.2 MB
[runlim] sample:		549.9 time, 550.2 real, 29630.2 MB
[runlim] sample:		559.9 time, 560.2 real, 27974.5 MB
[runlim] sample:		570.0 time, 570.2 real, 22897.3 MB
[runlim] sample:		580.0 time, 580.2 real, 22897.3 MB
[runlim] sample:		590.0 time, 590.2 real, 22897.3 MB
[runlim] sample:		599.9 time, 600.2 real, 22897.3 MB
[runlim] sample:		609.9 time, 610.2 real, 22897.3 MB
[runlim] sample:		619.9 time, 620.2 real, 22897.3 MB
[runlim] sample:		629.9 time, 630.2 real, 22897.3 MB
[runlim] sample:		639.9 time, 640.2 real, 22897.3 MB
[runlim] sample:		649.9 time, 650.2 real, 22897.3 MB
[runlim] sample:		659.9 time, 660.2 real, 22897.3 MB
[runlim] sample:		669.9 time, 670.2 real, 22897.3 MB
[runlim] sample:		679.9 time, 680.2 real, 28167.6 MB
[runlim] sample:		689.9 time, 690.2 real, 29833.0 MB
[runlim] sample:		699.9 time, 700.2 real, 23105.0 MB
[runlim] sample:		709.9 time, 710.2 real, 23105.0 MB
[runlim] sample:		719.9 time, 720.2 real, 28223.1 MB
[runlim] sample:		729.9 time, 730.2 real, 22952.8 MB
[runlim] sample:		739.9 time, 740.2 real, 22952.8 MB
[runlim] sample:		749.9 time, 750.2 real, 22952.8 MB
[runlim] sample:		759.9 time, 760.2 real, 22952.8 MB
[runlim] sample:		769.9 time, 770.2 real, 28049.4 MB
[runlim] sample:		779.9 time, 780.2 real, 29715.1 MB
[runlim] sample:		789.9 time, 790.2 real, 22931.7 MB
[runlim] sample:		799.9 time, 800.2 real, 22931.7 MB
[runlim] sample:		809.9 time, 810.2 real, 28041.1 MB
[runlim] sample:		819.9 time, 820.2 real, 22944.0 MB
[runlim] sample:		829.9 time, 830.2 real, 22944.0 MB
[runlim] sample:		839.9 time, 840.2 real, 22944.0 MB
[runlim] sample:		849.9 time, 850.2 real, 22944.0 MB
[runlim] sample:		859.9 time, 860.2 real, 22944.0 MB
[runlim] sample:		869.9 time, 870.2 real, 22944.0 MB
[runlim] sample:		879.9 time, 880.2 real, 22944.0 MB
[runlim] sample:		889.9 time, 890.2 real, 22944.0 MB
[runlim] sample:		899.9 time, 900.2 real, 22944.0 MB
[runlim] sample:		909.9 time, 910.2 real, 22944.0 MB
[runlim] sample:		919.9 time, 920.2 real, 28018.0 MB
[runlim] sample:		929.9 time, 930.2 real, 29683.7 MB
[runlim] sample:		939.9 time, 940.2 real, 22909.0 MB
[runlim] sample:		949.9 time, 950.2 real, 27998.5 MB
[runlim] sample:		959.9 time, 960.2 real, 22924.1 MB
[runlim] sample:		969.9 time, 970.2 real, 22924.1 MB
[runlim] sample:		979.9 time, 980.2 real, 22924.1 MB
[runlim] sample:		989.9 time, 990.2 real, 22924.1 MB
[runlim] sample:		999.9 time, 1000.2 real, 22924.1 MB
[runlim] sample:		1009.9 time, 1010.2 real, 22924.1 MB
[runlim] sample:		1019.9 time, 1020.2 real, 28011.5 MB
[runlim] sample:		1029.9 time, 1030.2 real, 22922.1 MB
[runlim] sample:		1039.9 time, 1040.2 real, 28052.0 MB
[runlim] sample:		1049.9 time, 1050.2 real, 22964.5 MB
[runlim] sample:		1059.9 time, 1060.2 real, 22914.4 MB
[runlim] sample:		1069.9 time, 1070.2 real, 22914.4 MB
[runlim] sample:		1079.9 time, 1080.2 real, 22914.4 MB
[runlim] sample:		1089.9 time, 1090.2 real, 22914.4 MB
[runlim] sample:		1099.9 time, 1100.2 real, 22914.4 MB
[runlim] sample:		1109.9 time, 1110.2 real, 22914.4 MB
[runlim] sample:		1119.9 time, 1120.2 real, 22914.4 MB
[runlim] sample:		1129.9 time, 1130.2 real, 22914.4 MB
[runlim] sample:		1139.9 time, 1140.2 real, 22914.4 MB
[runlim] sample:		1149.9 time, 1150.2 real, 22914.4 MB
[runlim] sample:		1159.9 time, 1160.2 real, 28114.8 MB
[runlim] sample:		1169.9 time, 1170.2 real, 22984.9 MB
[runlim] sample:		1179.9 time, 1180.2 real, 22984.9 MB
[runlim] sample:		1189.9 time, 1190.2 real, 22984.9 MB
[runlim] sample:		1199.9 time, 1200.2 real, 28090.3 MB
[runlim] sample:		1209.9 time, 1210.2 real, 22889.9 MB
[runlim] sample:		1219.9 time, 1220.2 real, 22889.9 MB
[runlim] sample:		1229.9 time, 1230.2 real, 22889.9 MB
[runlim] sample:		1239.9 time, 1240.2 real, 22889.9 MB
[runlim] sample:		1249.9 time, 1250.2 real, 22889.9 MB
[runlim] sample:		1259.9 time, 1260.2 real, 28994.5 MB
[runlim] sample:		1269.9 time, 1270.2 real, 22932.7 MB
[runlim] sample:		1279.9 time, 1280.2 real, 22932.7 MB
[runlim] sample:		1289.9 time, 1290.2 real, 22963.2 MB
[runlim] sample:		1299.9 time, 1300.2 real, 29664.1 MB
[runlim] sample:		1309.9 time, 1310.2 real, 22798.7 MB
[runlim] sample:		1319.9 time, 1320.2 real, 22798.7 MB
[runlim] sample:		1329.9 time, 1330.2 real, 22798.7 MB
[runlim] sample:		1339.9 time, 1340.2 real, 22798.7 MB
[runlim] sample:		1349.9 time, 1350.2 real, 22798.7 MB
[runlim] sample:		1359.9 time, 1360.2 real, 22798.7 MB
[runlim] sample:		1369.9 time, 1370.2 real, 22798.7 MB
[runlim] sample:		1379.9 time, 1380.2 real, 22798.7 MB
[runlim] sample:		1389.9 time, 1390.2 real, 22798.7 MB
[runlim] sample:		1399.9 time, 1400.2 real, 22798.7 MB
[runlim] sample:		1409.9 time, 1410.2 real, 27878.9 MB
[runlim] sample:		1419.9 time, 1420.2 real, 22812.9 MB
[runlim] sample:		1429.9 time, 1430.2 real, 22812.9 MB
[runlim] sample:		1439.9 time, 1440.2 real, 22812.9 MB
[runlim] sample:		1449.9 time, 1450.2 real, 22812.9 MB
[runlim] sample:		1459.9 time, 1460.2 real, 22812.9 MB
[runlim] sample:		1469.9 time, 1470.2 real, 27917.8 MB
[runlim] sample:		1479.9 time, 1480.2 real, 22837.6 MB
[runlim] sample:		1489.9 time, 1490.2 real, 22837.6 MB
[runlim] sample:		1499.9 time, 1500.2 real, 22837.6 MB
[runlim] sample:		1509.9 time, 1510.2 real, 22837.6 MB
[runlim] sample:		1519.9 time, 1520.2 real, 28123.5 MB
[runlim] sample:		1529.9 time, 1530.2 real, 28123.9 MB
[runlim] sample:		1539.9 time, 1540.2 real, 23019.0 MB
[runlim] sample:		1549.9 time, 1550.2 real, 23019.0 MB
[runlim] sample:		1559.9 time, 1560.2 real, 23019.0 MB
[runlim] sample:		1569.9 time, 1570.2 real, 23019.0 MB
[runlim] sample:		1579.9 time, 1580.2 real, 23019.0 MB
[runlim] sample:		1589.9 time, 1590.2 real, 28239.2 MB
[runlim] sample:		1599.9 time, 1600.2 real, 22953.0 MB
[runlim] sample:		1609.9 time, 1610.2 real, 22953.0 MB
[runlim] sample:		1619.9 time, 1620.2 real, 22953.0 MB
[runlim] sample:		1629.9 time, 1630.2 real, 22953.1 MB
[runlim] sample:		1639.9 time, 1640.2 real, 28176.3 MB
[runlim] sample:		1649.9 time, 1650.2 real, 22956.0 MB
[runlim] sample:		1659.9 time, 1660.2 real, 22956.0 MB
[runlim] sample:		1669.9 time, 1670.2 real, 22956.0 MB
[runlim] sample:		1679.9 time, 1680.2 real, 22956.0 MB
[runlim] sample:		1689.9 time, 1690.2 real, 22956.0 MB
[runlim] sample:		1699.9 time, 1700.2 real, 25948.7 MB
[runlim] sample:		1709.9 time, 1710.2 real, 28180.9 MB
[runlim] sample:		1719.9 time, 1720.2 real, 22957.7 MB
[runlim] sample:		1729.9 time, 1730.2 real, 26503.3 MB
[runlim] sample:		1739.9 time, 1740.2 real, 28153.0 MB
[runlim] sample:		1749.9 time, 1750.2 real, 22928.2 MB
[runlim] sample:		1759.9 time, 1760.2 real, 22928.2 MB
[runlim] sample:		1769.9 time, 1770.2 real, 22928.2 MB
[runlim] sample:		1779.9 time, 1780.2 real, 22928.2 MB
[runlim] sample:		1789.9 time, 1790.2 real, 22928.2 MB
c Signal interruption.
[runlim] sample:		1799.9 time, 1800.2 real, 0.0 MB
[runlim] end:			Sat Sep 28 07:00:58 2024
[runlim] status:		out of time
[runlim] result:		2
[runlim] children:		0
[runlim] real:			1801.30 seconds
[runlim] time:			1800.98 seconds
[runlim] space:			29904.8 MB
[runlim] samples:		18011
