[runlim] version:		1.10
[runlim] time limit:		1800 seconds
[runlim] real time limit:	1800 seconds
[runlim] space limit:		30000 MB
[runlim] argv[0]:		/home/hvanh28/AntiBandwidthReconstruct/build/abw_enc
[runlim] argv[1]:		/home/hvanh28/AntiBandwidthReconstruct/build/Benchmarks/R-dwt__503.mtx.rnd
[runlim] argv[2]:		--duplex
[runlim] argv[3]:		-symetry-break
[runlim] argv[4]:		l
[runlim] start:			Wed Sep 25 21:45:42 2024
[runlim] main pid:		84245
[runlim] log captured:
c LadderEncoder 1.0.
c Symetry breaking in the lowest degree node.
c Solving strategy: from LB to UB.
c LB-w = 46 (LB in Sinnl - A note on computational approaches for the antibandwidth problem).
c UB-w = 71 (UB in Sinnl - A note on computational approaches for the antibandwidth problem).
c Antibandwidth problem with w = 46 ( R-dwt__503.mtx.rnd ):
c Initializing CaDiCaL (version 1.2.1).
c	Configuring CaDiCaL as --sat (1).
c Initializing a Duplex encoder with n = 503.
c Encoding starts with w = 46:
c	Encode symmetry breaking with option: l.
c	Labels and Vertices aux var: 43258
c	Labels and Vertices constraints:  597564
c	Obj k aux var: 902382
c	Obj k constraints: 7925957
c	Obj k glue staircase constraints: 4979886
c	Encoding duration: 4s
c	Number of clauses: 8523772
c	Number of irredundant clauses: 8061709
c	Number of variables: 1198649
c SAT Solving starts:
c	Solving duration: 3476 ms
c	Answer: 
s SAT (w = 46)
c	Solution check:
p calculated antibandwidth = 46.
c
c
c Antibandwidth problem with w = 47 ( R-dwt__503.mtx.rnd ):
c Initializing CaDiCaL (version 1.2.1).
c	Configuring CaDiCaL as --sat (1).
c Initializing a Duplex encoder with n = 503.
c Encoding starts with w = 47:
c	Encode symmetry breaking with option: l.
[runlim] sample:		10.0 time, 10.1 real, 942.7 MB
c	Labels and Vertices aux var: 43258
c	Labels and Vertices constraints:  597564
c	Obj k aux var: 911436
c	Obj k constraints: 7936035
c	Obj k glue staircase constraints: 4968838
c	Encoding duration: 3s
c	Number of clauses: 8533850
c	Number of irredundant clauses: 8072813
c	Number of variables: 1207703
c SAT Solving starts:
[runlim] sample:		20.0 time, 20.1 real, 1554.9 MB
c	Solving duration: 9779 ms
c	Answer: 
s SAT (w = 47)
c	Solution check:
p calculated antibandwidth = 47.
c
c
c Antibandwidth problem with w = 48 ( R-dwt__503.mtx.rnd ):
c Initializing CaDiCaL (version 1.2.1).
c	Configuring CaDiCaL as --sat (1).
c Initializing a Duplex encoder with n = 503.
c Encoding starts with w = 48:
c	Encode symmetry breaking with option: l.
c	Labels and Vertices aux var: 43258
c	Labels and Vertices constraints:  597564
c	Obj k aux var: 920490
c	Obj k constraints: 7946113
c	Obj k glue staircase constraints: 4957790
c	Encoding duration: 3s
c	Number of clauses: 8543928
c	Number of irredundant clauses: 8083917
c	Number of variables: 1216757
c SAT Solving starts:
[runlim] sample:		30.0 time, 30.1 real, 1204.5 MB
c	Solving duration: 9833 ms
c	Answer: 
s SAT (w = 48)
c	Solution check:
p calculated antibandwidth = 48.
c
c
c Antibandwidth problem with w = 49 ( R-dwt__503.mtx.rnd ):
c Initializing CaDiCaL (version 1.2.1).
c	Configuring CaDiCaL as --sat (1).
c Initializing a Duplex encoder with n = 503.
c Encoding starts with w = 49:
c	Encode symmetry breaking with option: l.
[runlim] sample:		40.0 time, 40.1 real, 1153.7 MB
c	Labels and Vertices aux var: 43258
c	Labels and Vertices constraints:  597564
c	Obj k aux var: 929544
c	Obj k constraints: 7956191
c	Obj k glue staircase constraints: 4946742
c	Encoding duration: 3s
c	Number of clauses: 8554006
c	Number of irredundant clauses: 8095021
c	Number of variables: 1225811
c SAT Solving starts:
[runlim] sample:		50.0 time, 50.1 real, 1480.5 MB
[runlim] sample:		60.0 time, 60.1 real, 1451.3 MB
c	Solving duration: 20791 ms
c	Answer: 
s SAT (w = 49)
c	Solution check:
p calculated antibandwidth = 49.
c
c
c Antibandwidth problem with w = 50 ( R-dwt__503.mtx.rnd ):
c Initializing CaDiCaL (version 1.2.1).
c	Configuring CaDiCaL as --sat (1).
c Initializing a Duplex encoder with n = 503.
c Encoding starts with w = 50:
c	Encode symmetry breaking with option: l.
c	Labels and Vertices aux var: 43258
c	Labels and Vertices constraints:  597564
c	Obj k aux var: 938598
c	Obj k constraints: 7966269
c	Obj k glue staircase constraints: 4935694
c	Encoding duration: 3s
c	Number of clauses: 8564084
c	Number of irredundant clauses: 8106125
c	Number of variables: 1234865
c SAT Solving starts:
[runlim] sample:		70.0 time, 70.1 real, 1208.8 MB
c	Solving duration: 10281 ms
c	Answer: 
s SAT (w = 50)
c	Solution check:
p calculated antibandwidth = 50.
c
c
c Antibandwidth problem with w = 51 ( R-dwt__503.mtx.rnd ):
c Initializing CaDiCaL (version 1.2.1).
c	Configuring CaDiCaL as --sat (1).
c Initializing a Duplex encoder with n = 503.
c Encoding starts with w = 51:
c	Encode symmetry breaking with option: l.
[runlim] sample:		80.0 time, 80.1 real, 1165.2 MB
c	Labels and Vertices aux var: 43258
c	Labels and Vertices constraints:  592534
c	Obj k aux var: 898358
c	Obj k constraints: 7861398
c	Obj k glue staircase constraints: 4932932
c	Encoding duration: 3s
c	Number of clauses: 8454183
c	Number of irredundant clauses: 7996497
c	Number of variables: 1194625
c SAT Solving starts:
[runlim] sample:		90.0 time, 90.1 real, 1421.1 MB
[runlim] sample:		100.0 time, 100.1 real, 1444.3 MB
[runlim] sample:		110.0 time, 110.1 real, 1444.3 MB
[runlim] sample:		120.0 time, 120.1 real, 1573.0 MB
[runlim] sample:		130.0 time, 130.1 real, 1453.1 MB
[runlim] sample:		140.0 time, 140.1 real, 1473.4 MB
[runlim] sample:		150.0 time, 150.1 real, 1550.6 MB
c	Solving duration: 76257 ms
c	Answer: 
s SAT (w = 51)
c	Solution check:
p calculated antibandwidth = 51.
c
c
c Antibandwidth problem with w = 52 ( R-dwt__503.mtx.rnd ):
c Initializing CaDiCaL (version 1.2.1).
c	Configuring CaDiCaL as --sat (1).
c Initializing a Duplex encoder with n = 503.
c Encoding starts with w = 52:
c	Encode symmetry breaking with option: l.
[runlim] sample:		160.0 time, 160.1 real, 1150.5 MB
c	Labels and Vertices aux var: 43258
c	Labels and Vertices constraints:  592534
c	Obj k aux var: 906406
c	Obj k constraints: 7868961
c	Obj k glue staircase constraints: 4921884
c	Encoding duration: 3s
c	Number of clauses: 8461746
c	Number of irredundant clauses: 8005081
c	Number of variables: 1202673
c SAT Solving starts:
[runlim] sample:		170.0 time, 170.1 real, 1564.9 MB
[runlim] sample:		180.0 time, 180.1 real, 1422.1 MB
[runlim] sample:		190.0 time, 190.1 real, 1460.1 MB
[runlim] sample:		200.0 time, 200.1 real, 1460.1 MB
c	Solving duration: 43799 ms
c	Answer: 
s SAT (w = 52)
c	Solution check:
p calculated antibandwidth = 52.
c
c
c Antibandwidth problem with w = 53 ( R-dwt__503.mtx.rnd ):
c Initializing CaDiCaL (version 1.2.1).
c	Configuring CaDiCaL as --sat (1).
c Initializing a Duplex encoder with n = 503.
c Encoding starts with w = 53:
c	Encode symmetry breaking with option: l.
[runlim] sample:		210.0 time, 210.1 real, 1132.6 MB
c	Labels and Vertices aux var: 43258
c	Labels and Vertices constraints:  592534
c	Obj k aux var: 914454
c	Obj k constraints: 7876524
c	Obj k glue staircase constraints: 4910836
c	Encoding duration: 3s
c	Number of clauses: 8469309
c	Number of irredundant clauses: 8013665
c	Number of variables: 1210721
c SAT Solving starts:
[runlim] sample:		220.0 time, 220.1 real, 1447.5 MB
c	Solving duration: 10005 ms
c	Answer: 
s SAT (w = 53)
c	Solution check:
p calculated antibandwidth = 53.
c
c
c Antibandwidth problem with w = 54 ( R-dwt__503.mtx.rnd ):
c Initializing CaDiCaL (version 1.2.1).
c	Configuring CaDiCaL as --sat (1).
c Initializing a Duplex encoder with n = 503.
c Encoding starts with w = 54:
c	Encode symmetry breaking with option: l.
c	Labels and Vertices aux var: 43258
c	Labels and Vertices constraints:  592534
c	Obj k aux var: 922502
c	Obj k constraints: 7884087
c	Obj k glue staircase constraints: 4899788
c	Encoding duration: 3s
c	Number of clauses: 8476872
c	Number of irredundant clauses: 8022249
c	Number of variables: 1218769
c SAT Solving starts:
[runlim] sample:		229.9 time, 230.1 real, 1201.0 MB
[runlim] sample:		239.9 time, 240.1 real, 1455.7 MB
[runlim] sample:		249.9 time, 250.1 real, 1590.8 MB
[runlim] sample:		259.9 time, 260.1 real, 1437.8 MB
[runlim] sample:		269.9 time, 270.1 real, 1448.3 MB
[runlim] sample:		279.9 time, 280.1 real, 1449.5 MB
c	Solving duration: 57973 ms
c	Answer: 
s SAT (w = 54)
c	Solution check:
p calculated antibandwidth = 54.
c
c
c Antibandwidth problem with w = 55 ( R-dwt__503.mtx.rnd ):
c Initializing CaDiCaL (version 1.2.1).
c	Configuring CaDiCaL as --sat (1).
c Initializing a Duplex encoder with n = 503.
c Encoding starts with w = 55:
c	Encode symmetry breaking with option: l.
c	Labels and Vertices aux var: 43258
c	Labels and Vertices constraints:  592534
c	Obj k aux var: 930550
c	Obj k constraints: 7891650
c	Obj k glue staircase constraints: 4888740
c	Encoding duration: 3s
c	Number of clauses: 8484435
c	Number of irredundant clauses: 8030833
c	Number of variables: 1226817
c SAT Solving starts:
[runlim] sample:		289.9 time, 290.1 real, 1195.2 MB
[runlim] sample:		299.9 time, 300.1 real, 1604.7 MB
c	Solving duration: 11706 ms
c	Answer: 
s SAT (w = 55)
c	Solution check:
p calculated antibandwidth = 55.
c
c
c Antibandwidth problem with w = 56 ( R-dwt__503.mtx.rnd ):
c Initializing CaDiCaL (version 1.2.1).
c	Configuring CaDiCaL as --sat (1).
c Initializing a Duplex encoder with n = 503.
c Encoding starts with w = 56:
c	Encode symmetry breaking with option: l.
c	Labels and Vertices aux var: 43258
c	Labels and Vertices constraints:  588007
c	Obj k aux var: 884274
c	Obj k constraints: 7771186
c	Obj k glue staircase constraints: 4885978
c	Encoding duration: 3s
c	Number of clauses: 8359444
c	Number of irredundant clauses: 7907080
c	Number of variables: 1180541
c SAT Solving starts:
[runlim] sample:		309.9 time, 310.1 real, 1369.2 MB
[runlim] sample:		319.9 time, 320.1 real, 1419.3 MB
[runlim] sample:		329.9 time, 330.1 real, 1444.5 MB
[runlim] sample:		339.9 time, 340.1 real, 1444.5 MB
[runlim] sample:		349.9 time, 350.1 real, 1447.7 MB
[runlim] sample:		359.9 time, 360.1 real, 1444.0 MB
[runlim] sample:		369.9 time, 370.1 real, 1477.8 MB
[runlim] sample:		379.9 time, 380.1 real, 1444.2 MB
[runlim] sample:		389.9 time, 390.1 real, 1450.4 MB
[runlim] sample:		399.9 time, 400.1 real, 1461.7 MB
[runlim] sample:		409.9 time, 410.1 real, 1479.5 MB
c	Solving duration: 113090 ms
c	Answer: 
s SAT (w = 56)
c	Solution check:
p calculated antibandwidth = 56.
c
c
c Antibandwidth problem with w = 57 ( R-dwt__503.mtx.rnd ):
c Initializing CaDiCaL (version 1.2.1).
c	Configuring CaDiCaL as --sat (1).
c Initializing a Duplex encoder with n = 503.
c Encoding starts with w = 57:
c	Encode symmetry breaking with option: l.
[runlim] sample:		419.9 time, 420.1 real, 1112.5 MB
c	Labels and Vertices aux var: 43258
c	Labels and Vertices constraints:  588007
c	Obj k aux var: 891316
c	Obj k constraints: 7776737
c	Obj k glue staircase constraints: 4874930
c	Encoding duration: 3s
c	Number of clauses: 8364995
c	Number of irredundant clauses: 7913153
c	Number of variables: 1187583
c SAT Solving starts:
[runlim] sample:		429.9 time, 430.1 real, 1382.1 MB
[runlim] sample:		439.9 time, 440.1 real, 1403.9 MB
[runlim] sample:		449.9 time, 450.1 real, 1439.9 MB
[runlim] sample:		459.9 time, 460.1 real, 1614.8 MB
[runlim] sample:		469.9 time, 470.1 real, 1438.5 MB
[runlim] sample:		479.9 time, 480.1 real, 1420.7 MB
[runlim] sample:		489.9 time, 490.1 real, 1476.4 MB
[runlim] sample:		499.9 time, 500.1 real, 1440.5 MB
[runlim] sample:		509.9 time, 510.1 real, 1457.5 MB
[runlim] sample:		519.9 time, 520.1 real, 1484.9 MB
[runlim] sample:		529.9 time, 530.1 real, 1695.7 MB
[runlim] sample:		539.9 time, 540.1 real, 1442.0 MB
[runlim] sample:		549.9 time, 550.1 real, 1446.3 MB
[runlim] sample:		559.9 time, 560.1 real, 1496.9 MB
[runlim] sample:		569.9 time, 570.1 real, 1496.9 MB
[runlim] sample:		579.9 time, 580.1 real, 1450.5 MB
[runlim] sample:		589.9 time, 590.1 real, 1478.6 MB
[runlim] sample:		599.9 time, 600.1 real, 1620.3 MB
[runlim] sample:		609.9 time, 610.1 real, 1438.4 MB
[runlim] sample:		619.9 time, 620.1 real, 1442.1 MB
[runlim] sample:		629.9 time, 630.1 real, 1450.0 MB
[runlim] sample:		639.9 time, 640.1 real, 1485.8 MB
[runlim] sample:		649.8 time, 650.1 real, 1485.8 MB
c	Solving duration: 232526 ms
c	Answer: 
s SAT (w = 57)
c	Solution check:
p calculated antibandwidth = 57.
c
c
c Antibandwidth problem with w = 58 ( R-dwt__503.mtx.rnd ):
c Initializing CaDiCaL (version 1.2.1).
c	Configuring CaDiCaL as --sat (1).
c Initializing a Duplex encoder with n = 503.
c Encoding starts with w = 58:
c	Encode symmetry breaking with option: l.
c	Labels and Vertices aux var: 43258
c	Labels and Vertices constraints:  588007
c	Obj k aux var: 898358
c	Obj k constraints: 7781785
c	Obj k glue staircase constraints: 4863882
c	Encoding duration: 3s
c	Number of clauses: 8370043
c	Number of irredundant clauses: 7919226
c	Number of variables: 1194625
c SAT Solving starts:
[runlim] sample:		659.8 time, 660.1 real, 1113.9 MB
[runlim] sample:		669.8 time, 670.1 real, 1419.8 MB
[runlim] sample:		679.8 time, 680.1 real, 1633.3 MB
[runlim] sample:		689.8 time, 690.1 real, 1558.5 MB
[runlim] sample:		699.8 time, 700.1 real, 1476.4 MB
[runlim] sample:		709.8 time, 710.1 real, 1499.6 MB
[runlim] sample:		719.8 time, 720.1 real, 1501.1 MB
[runlim] sample:		729.8 time, 730.1 real, 1464.9 MB
[runlim] sample:		739.8 time, 740.1 real, 1465.5 MB
[runlim] sample:		749.8 time, 750.1 real, 1503.2 MB
[runlim] sample:		759.8 time, 760.1 real, 1467.4 MB
[runlim] sample:		769.8 time, 770.1 real, 1479.0 MB
[runlim] sample:		779.8 time, 780.1 real, 1479.0 MB
[runlim] sample:		789.8 time, 790.1 real, 1613.3 MB
[runlim] sample:		799.8 time, 800.1 real, 1613.3 MB
[runlim] sample:		809.8 time, 810.1 real, 1465.8 MB
[runlim] sample:		819.8 time, 820.1 real, 1470.2 MB
[runlim] sample:		829.8 time, 830.1 real, 1472.9 MB
[runlim] sample:		839.8 time, 840.1 real, 1468.7 MB
[runlim] sample:		849.8 time, 850.1 real, 1466.7 MB
c	Solving duration: 192382 ms
c	Answer: 
s SAT (w = 58)
c	Solution check:
p calculated antibandwidth = 58.
c
c
c Antibandwidth problem with w = 59 ( R-dwt__503.mtx.rnd ):
c Initializing CaDiCaL (version 1.2.1).
c	Configuring CaDiCaL as --sat (1).
c Initializing a Duplex encoder with n = 503.
c Encoding starts with w = 59:
c	Encode symmetry breaking with option: l.
c	Labels and Vertices aux var: 43258
c	Labels and Vertices constraints:  588007
c	Obj k aux var: 905400
c	Obj k constraints: 7786833
c	Obj k glue staircase constraints: 4852834
c	Encoding duration: 3s
c	Number of clauses: 8375091
c	Number of irredundant clauses: 7925299
c	Number of variables: 1201667
c SAT Solving starts:
[runlim] sample:		859.8 time, 860.1 real, 1361.8 MB
[runlim] sample:		869.8 time, 870.1 real, 1449.0 MB
[runlim] sample:		879.8 time, 880.1 real, 1451.1 MB
[runlim] sample:		889.8 time, 890.1 real, 1452.2 MB
[runlim] sample:		899.8 time, 900.1 real, 1452.2 MB
[runlim] sample:		909.8 time, 910.1 real, 1510.7 MB
[runlim] sample:		919.8 time, 920.1 real, 1476.0 MB
[runlim] sample:		929.8 time, 930.1 real, 1473.8 MB
[runlim] sample:		939.8 time, 940.1 real, 1505.5 MB
[runlim] sample:		949.8 time, 950.1 real, 1473.1 MB
[runlim] sample:		959.8 time, 960.1 real, 1470.0 MB
[runlim] sample:		969.8 time, 970.1 real, 1476.4 MB
[runlim] sample:		979.8 time, 980.1 real, 1476.4 MB
[runlim] sample:		989.8 time, 990.1 real, 1474.0 MB
[runlim] sample:		999.8 time, 1000.1 real, 1468.7 MB
[runlim] sample:		1009.8 time, 1010.1 real, 1510.3 MB
[runlim] sample:		1019.8 time, 1020.1 real, 1476.1 MB
[runlim] sample:		1029.8 time, 1030.1 real, 1479.4 MB
[runlim] sample:		1039.8 time, 1040.1 real, 1485.1 MB
[runlim] sample:		1049.8 time, 1050.1 real, 1485.1 MB
[runlim] sample:		1059.8 time, 1060.1 real, 1520.9 MB
[runlim] sample:		1069.7 time, 1070.1 real, 1479.5 MB
[runlim] sample:		1079.7 time, 1080.1 real, 1479.5 MB
[runlim] sample:		1089.7 time, 1090.1 real, 1828.2 MB
[runlim] sample:		1099.7 time, 1100.1 real, 1645.3 MB
[runlim] sample:		1109.7 time, 1110.1 real, 1645.3 MB
[runlim] sample:		1119.7 time, 1120.1 real, 1645.3 MB
[runlim] sample:		1129.7 time, 1130.1 real, 1630.6 MB
[runlim] sample:		1139.7 time, 1140.1 real, 1594.9 MB
[runlim] sample:		1149.7 time, 1150.1 real, 1467.9 MB
[runlim] sample:		1159.7 time, 1160.1 real, 1471.3 MB
[runlim] sample:		1169.7 time, 1170.1 real, 1471.3 MB
[runlim] sample:		1179.7 time, 1180.1 real, 1490.8 MB
[runlim] sample:		1189.7 time, 1190.1 real, 1454.9 MB
[runlim] sample:		1199.7 time, 1200.1 real, 1478.8 MB
[runlim] sample:		1209.7 time, 1210.1 real, 1459.0 MB
[runlim] sample:		1219.7 time, 1220.1 real, 1459.0 MB
[runlim] sample:		1229.7 time, 1230.1 real, 1459.0 MB
[runlim] sample:		1239.7 time, 1240.1 real, 1477.0 MB
c	Solving duration: 387588 ms
c	Answer: 
s SAT (w = 59)
c	Solution check:
p calculated antibandwidth = 59.
c
c
c Antibandwidth problem with w = 60 ( R-dwt__503.mtx.rnd ):
c Initializing CaDiCaL (version 1.2.1).
c	Configuring CaDiCaL as --sat (1).
c Initializing a Duplex encoder with n = 503.
c Encoding starts with w = 60:
c	Encode symmetry breaking with option: l.
c	Labels and Vertices aux var: 43258
c	Labels and Vertices constraints:  588007
c	Obj k aux var: 912442
c	Obj k constraints: 7791881
c	Obj k glue staircase constraints: 4841786
c	Encoding duration: 3s
c	Number of clauses: 8380139
c	Number of irredundant clauses: 7931372
c	Number of variables: 1208709
c SAT Solving starts:
[runlim] sample:		1249.7 time, 1250.1 real, 1125.6 MB
[runlim] sample:		1259.7 time, 1260.1 real, 1491.5 MB
[runlim] sample:		1269.7 time, 1270.1 real, 1457.7 MB
[runlim] sample:		1279.7 time, 1280.1 real, 1457.7 MB
[runlim] sample:		1289.7 time, 1290.1 real, 1502.6 MB
[runlim] sample:		1299.7 time, 1300.1 real, 1507.6 MB
[runlim] sample:		1309.7 time, 1310.1 real, 1507.9 MB
c	Solving duration: 63390 ms
c	Answer: 
s SAT (w = 60)
c	Solution check:
p calculated antibandwidth = 60.
c
c
c Antibandwidth problem with w = 61 ( R-dwt__503.mtx.rnd ):
c Initializing CaDiCaL (version 1.2.1).
c	Configuring CaDiCaL as --sat (1).
c Initializing a Duplex encoder with n = 503.
c Encoding starts with w = 61:
c	Encode symmetry breaking with option: l.
c	Labels and Vertices aux var: 43258
c	Labels and Vertices constraints:  588007
c	Obj k aux var: 919484
c	Obj k constraints: 7796929
c	Obj k glue staircase constraints: 4830738
c	Encoding duration: 3s
c	Number of clauses: 8385187
c	Number of irredundant clauses: 7937445
c	Number of variables: 1215751
c SAT Solving starts:
[runlim] sample:		1319.7 time, 1320.1 real, 1365.4 MB
[runlim] sample:		1329.7 time, 1330.1 real, 1397.3 MB
[runlim] sample:		1339.7 time, 1340.1 real, 1441.5 MB
[runlim] sample:		1349.7 time, 1350.1 real, 1441.1 MB
[runlim] sample:		1359.7 time, 1360.1 real, 1436.6 MB
[runlim] sample:		1369.7 time, 1370.1 real, 1479.3 MB
[runlim] sample:		1379.7 time, 1380.1 real, 1443.8 MB
[runlim] sample:		1389.7 time, 1390.1 real, 1474.2 MB
[runlim] sample:		1399.7 time, 1400.1 real, 1474.3 MB
[runlim] sample:		1409.7 time, 1410.1 real, 1441.0 MB
[runlim] sample:		1419.7 time, 1420.1 real, 1440.8 MB
[runlim] sample:		1429.7 time, 1430.1 real, 1435.1 MB
[runlim] sample:		1439.7 time, 1440.1 real, 1435.1 MB
[runlim] sample:		1449.7 time, 1450.1 real, 1436.5 MB
[runlim] sample:		1459.7 time, 1460.1 real, 1435.3 MB
[runlim] sample:		1469.7 time, 1470.1 real, 1446.7 MB
[runlim] sample:		1479.7 time, 1480.1 real, 1485.1 MB
[runlim] sample:		1489.7 time, 1490.1 real, 1449.4 MB
[runlim] sample:		1499.7 time, 1500.1 real, 1468.5 MB
c	Solving duration: 187865 ms
c	Answer: 
s SAT (w = 61)
c	Solution check:
p calculated antibandwidth = 61.
c
c
c Antibandwidth problem with w = 62 ( R-dwt__503.mtx.rnd ):
c Initializing CaDiCaL (version 1.2.1).
c	Configuring CaDiCaL as --sat (1).
c Initializing a Duplex encoder with n = 503.
c Encoding starts with w = 62:
c	Encode symmetry breaking with option: l.
c	Labels and Vertices aux var: 43258
c	Labels and Vertices constraints:  588007
c	Obj k aux var: 926526
c	Obj k constraints: 7801977
c	Obj k glue staircase constraints: 4819690
c	Encoding duration: 3s
c	Number of clauses: 8390235
c	Number of irredundant clauses: 7943518
c	Number of variables: 1222793
c SAT Solving starts:
[runlim] sample:		1509.7 time, 1510.1 real, 1216.9 MB
[runlim] sample:		1519.7 time, 1520.1 real, 1393.9 MB
[runlim] sample:		1529.7 time, 1530.1 real, 1425.5 MB
[runlim] sample:		1539.7 time, 1540.1 real, 1427.5 MB
[runlim] sample:		1549.7 time, 1550.1 real, 1457.5 MB
[runlim] sample:		1559.7 time, 1560.1 real, 1462.8 MB
[runlim] sample:		1569.7 time, 1570.1 real, 1462.8 MB
[runlim] sample:		1579.7 time, 1580.1 real, 1427.9 MB
[runlim] sample:		1589.7 time, 1590.1 real, 1430.4 MB
[runlim] sample:		1599.7 time, 1600.1 real, 1429.7 MB
[runlim] sample:		1609.7 time, 1610.1 real, 1428.6 MB
[runlim] sample:		1619.7 time, 1620.1 real, 1427.2 MB
[runlim] sample:		1629.7 time, 1630.1 real, 1407.2 MB
[runlim] sample:		1639.7 time, 1640.1 real, 1443.1 MB
[runlim] sample:		1649.7 time, 1650.1 real, 1407.3 MB
[runlim] sample:		1659.7 time, 1660.1 real, 1407.6 MB
[runlim] sample:		1669.7 time, 1670.1 real, 1407.2 MB
[runlim] sample:		1679.7 time, 1680.1 real, 1430.6 MB
[runlim] sample:		1689.7 time, 1690.1 real, 1430.8 MB
[runlim] sample:		1699.7 time, 1700.1 real, 1431.8 MB
[runlim] sample:		1709.7 time, 1710.1 real, 1432.2 MB
[runlim] sample:		1719.7 time, 1720.1 real, 1432.2 MB
[runlim] sample:		1729.7 time, 1730.1 real, 1432.2 MB
[runlim] sample:		1739.7 time, 1740.1 real, 1434.6 MB
[runlim] sample:		1749.7 time, 1750.1 real, 1439.4 MB
[runlim] sample:		1759.7 time, 1760.1 real, 1439.4 MB
[runlim] sample:		1769.7 time, 1770.1 real, 1440.1 MB
[runlim] sample:		1779.7 time, 1780.1 real, 1474.0 MB
[runlim] sample:		1789.7 time, 1790.1 real, 1437.7 MB
c Signal interruption.
[runlim] end:			Wed Sep 25 22:15:42 2024
[runlim] status:		out of time
[runlim] result:		2
[runlim] children:		0
[runlim] real:			1800.04 seconds
[runlim] time:			1799.55 seconds
[runlim] space:			1955.3 MB
[runlim] samples:		17999
