[runlim] version:		1.10
[runlim] time limit:		1800 seconds
[runlim] real time limit:	1800 seconds
[runlim] space limit:		30000 MB
[runlim] argv[0]:		/home/truongxuanhieu/AntiBandwidthReconstruct/build/abw_enc
[runlim] argv[1]:		/home/truongxuanhieu/AntiBandwidthReconstruct/build/Benchmarks/R-dwt__503.mtx.rnd
[runlim] argv[2]:		--product
[runlim] argv[3]:		-symetry-break
[runlim] argv[4]:		l
[runlim] start:			Thu Sep 26 08:06:29 2024
[runlim] main pid:		58702
[runlim] log captured:
c LadderEncoder 1.0.
c Symetry breaking in the lowest degree node.
c Solving strategy: from LB to UB.
c LB-w = 46 (LB in Sinnl - A note on computational approaches for the antibandwidth problem).
c UB-w = 71 (UB in Sinnl - A note on computational approaches for the antibandwidth problem).
c Antibandwidth problem with w = 46 ( R-dwt__503.mtx.rnd ):
c Initializing CaDiCaL (version 1.2.1).
c	Configuring CaDiCaL as --sat (1).
c Initializing a 2-Product encoder with n = 503.
c Encoding starts with w = 46:
c	Encode symmetry breaking with option: l.
[runlim] sample:		10.0 time, 10.2 real, 6351.2 MB
[runlim] sample:		20.0 time, 20.2 real, 12638.0 MB
[runlim] sample:		30.0 time, 30.2 real, 19997.2 MB
[runlim] sample:		40.0 time, 40.2 real, 25135.8 MB
c Signal interruption.
[runlim] sample:		50.0 time, 50.2 real, 0.0 MB
[runlim] end:			Thu Sep 26 08:07:20 2024
[runlim] status:		out of memory
[runlim] result:		3
[runlim] children:		0
[runlim] real:			51.12 seconds
[runlim] time:			50.89 seconds
[runlim] space:			30458.2 MB
[runlim] samples:		509
