[runlim] version:		1.10
[runlim] time limit:		1800 seconds
[runlim] real time limit:	1800 seconds
[runlim] space limit:		30000 MB
[runlim] argv[0]:		/home/hvanh28/AntiBandwidthReconstruct/build/abw_enc
[runlim] argv[1]:		/home/hvanh28/AntiBandwidthReconstruct/build/Benchmarks/S-sherman4.mtx.rnd
[runlim] argv[2]:		--reduced
[runlim] argv[3]:		-symetry-break
[runlim] argv[4]:		l
[runlim] start:			Fri Sep 27 19:20:43 2024
[runlim] main pid:		105361
[runlim] log captured:
c LadderEncoder 1.0.
c Symetry breaking in the lowest degree node.
c Solving strategy: from LB to UB.
c LB-w = 256 (LB in Sinnl - A note on computational approaches for the antibandwidth problem).
c UB-w = 272 (UB in Sinnl - A note on computational approaches for the antibandwidth problem).
c Antibandwidth problem with w = 256 ( S-sherman4.mtx.rnd ):
c Initializing CaDiCaL (version 1.2.1).
c	Configuring CaDiCaL as --sat (1).
c Initializing a Naive-Reduced encoder with n = 546.
c Encoding starts with w = 256:
c	Encode symmetry breaking with option: l.
[runlim] sample:		10.0 time, 10.2 real, 3467.9 MB
[runlim] sample:		20.0 time, 20.2 real, 6942.3 MB
[runlim] sample:		30.0 time, 30.2 real, 10209.1 MB
[runlim] sample:		40.0 time, 40.2 real, 12502.1 MB
[runlim] sample:		50.0 time, 50.2 real, 15215.5 MB
[runlim] sample:		60.0 time, 60.2 real, 18022.6 MB
[runlim] sample:		70.0 time, 70.2 real, 20540.7 MB
[runlim] sample:		80.0 time, 80.2 real, 23395.9 MB
[runlim] sample:		90.0 time, 90.2 real, 26246.0 MB
[runlim] sample:		100.0 time, 100.2 real, 29123.6 MB
c Signal interruption.
[runlim] end:			Fri Sep 27 19:22:28 2024
[runlim] status:		out of memory
[runlim] result:		3
[runlim] children:		0
[runlim] real:			105.09 seconds
[runlim] time:			104.78 seconds
[runlim] space:			30005.8 MB
[runlim] samples:		1048
