[runlim] version:		1.10
[runlim] time limit:		1800 seconds
[runlim] real time limit:	1800 seconds
[runlim] space limit:		30000 MB
[runlim] argv[0]:		/home/hvanh28/AntiBandwidthReconstruct/build/abw_enc
[runlim] argv[1]:		/home/hvanh28/AntiBandwidthReconstruct/build/Benchmarks/T-dwt__592.mtx.rnd
[runlim] argv[2]:		--duplex
[runlim] argv[3]:		-symetry-break
[runlim] argv[4]:		l
[runlim] start:			Wed Sep 25 20:45:42 2024
[runlim] main pid:		83892
[runlim] log captured:
c LadderEncoder 1.0.
c Symetry breaking in the lowest degree node.
c Solving strategy: from LB to UB.
c LB-w = 103 (LB in Sinnl - A note on computational approaches for the antibandwidth problem).
c UB-w = 150 (UB in Sinnl - A note on computational approaches for the antibandwidth problem).
c Antibandwidth problem with w = 103 ( T-dwt__592.mtx.rnd ):
c Initializing CaDiCaL (version 1.2.1).
c	Configuring CaDiCaL as --sat (1).
c Initializing a Duplex encoder with n = 592.
c Encoding starts with w = 103:
c	Encode symmetry breaking with option: l.
c	Labels and Vertices aux var: 55648
c	Labels and Vertices constraints:  792096
c	Obj k aux var: 1176896
c	Obj k constraints: 8201472
c	Obj k glue staircase constraints: 4390176
c	Encoding duration: 4s
c	Number of clauses: 8993864
c	Number of irredundant clauses: 8409436
c	Number of variables: 1583008
c SAT Solving starts:
[runlim] sample:		10.0 time, 10.2 real, 1528.7 MB
[runlim] sample:		20.0 time, 20.2 real, 1467.6 MB
[runlim] sample:		30.0 time, 30.2 real, 1642.1 MB
[runlim] sample:		40.0 time, 40.2 real, 1473.9 MB
[runlim] sample:		50.0 time, 50.2 real, 1478.7 MB
[runlim] sample:		60.0 time, 60.2 real, 1504.6 MB
[runlim] sample:		70.0 time, 70.2 real, 1504.7 MB
[runlim] sample:		80.0 time, 80.2 real, 1497.7 MB
[runlim] sample:		90.0 time, 90.2 real, 1497.7 MB
[runlim] sample:		100.0 time, 100.2 real, 1476.6 MB
[runlim] sample:		110.0 time, 110.2 real, 1489.6 MB
[runlim] sample:		119.9 time, 120.2 real, 1488.0 MB
[runlim] sample:		129.9 time, 130.2 real, 1478.9 MB
[runlim] sample:		139.9 time, 140.2 real, 1478.6 MB
[runlim] sample:		149.9 time, 150.2 real, 1478.6 MB
[runlim] sample:		159.9 time, 160.2 real, 1492.8 MB
[runlim] sample:		169.9 time, 170.2 real, 1495.8 MB
[runlim] sample:		179.9 time, 180.2 real, 1784.9 MB
[runlim] sample:		189.9 time, 190.2 real, 1521.7 MB
[runlim] sample:		199.9 time, 200.2 real, 1479.2 MB
[runlim] sample:		209.9 time, 210.2 real, 1477.9 MB
[runlim] sample:		219.9 time, 220.2 real, 1480.2 MB
[runlim] sample:		229.9 time, 230.2 real, 1481.7 MB
[runlim] sample:		239.9 time, 240.2 real, 1485.7 MB
[runlim] sample:		249.9 time, 250.2 real, 1486.0 MB
[runlim] sample:		259.9 time, 260.2 real, 1486.1 MB
[runlim] sample:		269.9 time, 270.2 real, 1485.4 MB
[runlim] sample:		279.9 time, 280.2 real, 1485.3 MB
[runlim] sample:		289.9 time, 290.2 real, 1685.4 MB
[runlim] sample:		299.9 time, 300.2 real, 1492.8 MB
[runlim] sample:		309.9 time, 310.2 real, 1492.8 MB
[runlim] sample:		319.9 time, 320.2 real, 1492.8 MB
[runlim] sample:		329.9 time, 330.2 real, 1490.3 MB
[runlim] sample:		339.9 time, 340.2 real, 1490.3 MB
[runlim] sample:		349.9 time, 350.2 real, 1524.9 MB
[runlim] sample:		359.9 time, 360.2 real, 1535.5 MB
[runlim] sample:		369.9 time, 370.2 real, 1525.3 MB
[runlim] sample:		379.9 time, 380.2 real, 1502.2 MB
[runlim] sample:		389.9 time, 390.2 real, 1502.2 MB
[runlim] sample:		399.9 time, 400.2 real, 1489.0 MB
[runlim] sample:		409.9 time, 410.2 real, 1489.0 MB
[runlim] sample:		419.9 time, 420.2 real, 1526.3 MB
[runlim] sample:		429.9 time, 430.2 real, 1502.5 MB
[runlim] sample:		439.9 time, 440.2 real, 1502.4 MB
[runlim] sample:		449.8 time, 450.2 real, 1479.1 MB
[runlim] sample:		459.8 time, 460.2 real, 1479.1 MB
[runlim] sample:		469.8 time, 470.2 real, 1466.3 MB
[runlim] sample:		479.8 time, 480.2 real, 1475.4 MB
[runlim] sample:		489.8 time, 490.2 real, 1499.9 MB
[runlim] sample:		499.8 time, 500.2 real, 1499.9 MB
[runlim] sample:		509.8 time, 510.2 real, 1498.0 MB
[runlim] sample:		519.8 time, 520.2 real, 1498.0 MB
[runlim] sample:		529.8 time, 530.2 real, 1498.0 MB
[runlim] sample:		539.8 time, 540.2 real, 1498.0 MB
[runlim] sample:		549.8 time, 550.2 real, 1689.0 MB
[runlim] sample:		559.8 time, 560.2 real, 1689.0 MB
[runlim] sample:		569.8 time, 570.2 real, 1690.1 MB
[runlim] sample:		579.8 time, 580.2 real, 1678.5 MB
[runlim] sample:		589.8 time, 590.2 real, 1510.1 MB
[runlim] sample:		599.8 time, 600.2 real, 1510.1 MB
[runlim] sample:		609.8 time, 610.2 real, 1510.1 MB
[runlim] sample:		619.8 time, 620.2 real, 1510.1 MB
[runlim] sample:		629.8 time, 630.2 real, 1510.1 MB
[runlim] sample:		639.8 time, 640.2 real, 1510.1 MB
[runlim] sample:		649.8 time, 650.2 real, 1799.5 MB
[runlim] sample:		659.8 time, 660.2 real, 1799.5 MB
[runlim] sample:		669.8 time, 670.2 real, 1799.5 MB
[runlim] sample:		679.8 time, 680.2 real, 1799.5 MB
[runlim] sample:		689.8 time, 690.2 real, 1808.5 MB
[runlim] sample:		699.8 time, 700.2 real, 1651.3 MB
[runlim] sample:		709.8 time, 710.2 real, 1653.6 MB
[runlim] sample:		719.8 time, 720.2 real, 1606.4 MB
[runlim] sample:		729.8 time, 730.2 real, 1606.4 MB
[runlim] sample:		739.8 time, 740.2 real, 1480.6 MB
[runlim] sample:		749.8 time, 750.2 real, 1690.0 MB
[runlim] sample:		759.8 time, 760.2 real, 1505.9 MB
[runlim] sample:		769.8 time, 770.2 real, 1497.4 MB
[runlim] sample:		779.8 time, 780.2 real, 1483.7 MB
[runlim] sample:		789.8 time, 790.2 real, 1435.8 MB
[runlim] sample:		799.8 time, 800.2 real, 1435.8 MB
[runlim] sample:		809.8 time, 810.2 real, 1435.4 MB
[runlim] sample:		819.8 time, 820.2 real, 1435.4 MB
[runlim] sample:		829.8 time, 830.2 real, 1450.6 MB
[runlim] sample:		839.8 time, 840.2 real, 1756.6 MB
[runlim] sample:		849.8 time, 850.2 real, 1556.1 MB
[runlim] sample:		859.8 time, 860.2 real, 1556.1 MB
[runlim] sample:		869.8 time, 870.2 real, 1602.4 MB
[runlim] sample:		879.8 time, 880.2 real, 1596.8 MB
[runlim] sample:		889.8 time, 890.2 real, 1596.8 MB
[runlim] sample:		899.8 time, 900.2 real, 1752.8 MB
[runlim] sample:		909.8 time, 910.2 real, 1752.8 MB
[runlim] sample:		919.8 time, 920.2 real, 1752.8 MB
[runlim] sample:		929.8 time, 930.2 real, 1553.2 MB
[runlim] sample:		939.8 time, 940.2 real, 1535.0 MB
[runlim] sample:		949.8 time, 950.2 real, 1535.0 MB
[runlim] sample:		959.8 time, 960.2 real, 1829.7 MB
[runlim] sample:		969.8 time, 970.2 real, 1590.7 MB
[runlim] sample:		979.8 time, 980.2 real, 1610.7 MB
[runlim] sample:		989.8 time, 990.2 real, 1558.1 MB
[runlim] sample:		999.8 time, 1000.2 real, 1515.9 MB
[runlim] sample:		1009.8 time, 1010.2 real, 1564.5 MB
[runlim] sample:		1019.8 time, 1020.2 real, 1564.5 MB
[runlim] sample:		1029.7 time, 1030.2 real, 1581.0 MB
[runlim] sample:		1039.7 time, 1040.2 real, 1835.6 MB
[runlim] sample:		1049.7 time, 1050.2 real, 1715.0 MB
[runlim] sample:		1059.7 time, 1060.2 real, 1597.9 MB
[runlim] sample:		1069.7 time, 1070.2 real, 1597.9 MB
[runlim] sample:		1079.7 time, 1080.2 real, 1656.8 MB
[runlim] sample:		1089.7 time, 1090.2 real, 1656.8 MB
[runlim] sample:		1099.7 time, 1100.2 real, 1656.8 MB
[runlim] sample:		1109.7 time, 1110.2 real, 1655.5 MB
[runlim] sample:		1119.7 time, 1120.2 real, 1655.5 MB
[runlim] sample:		1129.7 time, 1130.2 real, 1655.5 MB
[runlim] sample:		1139.7 time, 1140.2 real, 1676.3 MB
[runlim] sample:		1149.7 time, 1150.2 real, 1626.1 MB
[runlim] sample:		1159.7 time, 1160.2 real, 1656.2 MB
[runlim] sample:		1169.7 time, 1170.2 real, 1626.1 MB
[runlim] sample:		1179.7 time, 1180.2 real, 1626.1 MB
[runlim] sample:		1189.7 time, 1190.2 real, 1592.9 MB
[runlim] sample:		1199.7 time, 1200.2 real, 1592.9 MB
[runlim] sample:		1209.7 time, 1210.2 real, 1592.9 MB
[runlim] sample:		1219.7 time, 1220.2 real, 1688.3 MB
[runlim] sample:		1229.7 time, 1230.2 real, 1688.3 MB
[runlim] sample:		1239.7 time, 1240.2 real, 1688.3 MB
[runlim] sample:		1249.7 time, 1250.2 real, 1688.3 MB
[runlim] sample:		1259.7 time, 1260.2 real, 1688.3 MB
[runlim] sample:		1269.7 time, 1270.2 real, 1688.3 MB
[runlim] sample:		1279.7 time, 1280.2 real, 1692.8 MB
[runlim] sample:		1289.7 time, 1290.2 real, 1692.8 MB
[runlim] sample:		1299.7 time, 1300.2 real, 1821.8 MB
[runlim] sample:		1309.7 time, 1310.2 real, 1821.8 MB
[runlim] sample:		1319.7 time, 1320.2 real, 1821.8 MB
[runlim] sample:		1329.7 time, 1330.2 real, 1662.0 MB
[runlim] sample:		1339.7 time, 1340.2 real, 1662.0 MB
[runlim] sample:		1349.7 time, 1350.2 real, 1663.3 MB
[runlim] sample:		1359.7 time, 1360.2 real, 1651.4 MB
[runlim] sample:		1369.7 time, 1370.2 real, 1651.4 MB
[runlim] sample:		1379.7 time, 1380.2 real, 1651.4 MB
[runlim] sample:		1389.7 time, 1390.2 real, 1956.5 MB
[runlim] sample:		1399.7 time, 1400.2 real, 1658.1 MB
[runlim] sample:		1409.7 time, 1410.2 real, 1658.1 MB
[runlim] sample:		1419.7 time, 1420.2 real, 1572.8 MB
[runlim] sample:		1429.7 time, 1430.2 real, 1572.8 MB
[runlim] sample:		1439.7 time, 1440.2 real, 1572.8 MB
[runlim] sample:		1449.7 time, 1450.2 real, 1616.6 MB
[runlim] sample:		1459.7 time, 1460.2 real, 1616.6 MB
[runlim] sample:		1469.7 time, 1470.2 real, 1616.6 MB
[runlim] sample:		1479.7 time, 1480.2 real, 1616.6 MB
[runlim] sample:		1489.7 time, 1490.2 real, 1616.6 MB
[runlim] sample:		1499.7 time, 1500.2 real, 1616.6 MB
[runlim] sample:		1509.7 time, 1510.2 real, 1799.5 MB
[runlim] sample:		1519.7 time, 1520.2 real, 1846.7 MB
[runlim] sample:		1529.7 time, 1530.2 real, 1581.5 MB
[runlim] sample:		1539.7 time, 1540.2 real, 1581.5 MB
[runlim] sample:		1549.7 time, 1550.2 real, 1581.5 MB
[runlim] sample:		1559.7 time, 1560.2 real, 1581.5 MB
[runlim] sample:		1569.7 time, 1570.2 real, 1581.5 MB
[runlim] sample:		1579.7 time, 1580.2 real, 1581.5 MB
[runlim] sample:		1589.7 time, 1590.2 real, 1585.1 MB
[runlim] sample:		1599.7 time, 1600.2 real, 1668.1 MB
[runlim] sample:		1609.7 time, 1610.2 real, 2112.3 MB
[runlim] sample:		1619.7 time, 1620.2 real, 2112.3 MB
[runlim] sample:		1629.7 time, 1630.2 real, 2112.3 MB
[runlim] sample:		1639.7 time, 1640.2 real, 2112.3 MB
[runlim] sample:		1649.7 time, 1650.2 real, 2112.3 MB
[runlim] sample:		1659.7 time, 1660.2 real, 2112.3 MB
[runlim] sample:		1669.7 time, 1670.2 real, 2112.3 MB
[runlim] sample:		1679.7 time, 1680.2 real, 2136.5 MB
[runlim] sample:		1689.7 time, 1690.2 real, 2214.6 MB
[runlim] sample:		1699.7 time, 1700.2 real, 2290.1 MB
[runlim] sample:		1709.7 time, 1710.2 real, 2366.2 MB
[runlim] sample:		1719.6 time, 1720.2 real, 2400.7 MB
[runlim] sample:		1729.7 time, 1730.2 real, 2419.8 MB
[runlim] sample:		1739.7 time, 1740.2 real, 2704.0 MB
[runlim] sample:		1749.7 time, 1750.2 real, 2704.0 MB
[runlim] sample:		1759.7 time, 1760.2 real, 2704.0 MB
[runlim] sample:		1769.6 time, 1770.2 real, 1758.7 MB
[runlim] sample:		1779.6 time, 1780.2 real, 1758.7 MB
[runlim] sample:		1789.6 time, 1790.2 real, 1758.7 MB
c Signal interruption.
[runlim] end:			Wed Sep 25 21:15:42 2024
[runlim] status:		out of time
[runlim] result:		2
[runlim] children:		0
[runlim] real:			1800.13 seconds
[runlim] time:			1799.54 seconds
[runlim] space:			3372.0 MB
[runlim] samples:		17999
