[runlim] version:		1.10
[runlim] time limit:		1800 seconds
[runlim] real time limit:	1800 seconds
[runlim] space limit:		30000 MB
[runlim] argv[0]:		/home/truongxuanhieu/AntiBandwidthReconstruct/build/abw_enc
[runlim] argv[1]:		/home/truongxuanhieu/AntiBandwidthReconstruct/build/Benchmarks/T-dwt__592.mtx.rnd
[runlim] argv[2]:		--product
[runlim] argv[3]:		-symetry-break
[runlim] argv[4]:		l
[runlim] start:			Thu Sep 26 08:03:44 2024
[runlim] main pid:		58568
[runlim] log captured:
c LadderEncoder 1.0.
c Symetry breaking in the lowest degree node.
c Solving strategy: from LB to UB.
c LB-w = 103 (LB in Sinnl - A note on computational approaches for the antibandwidth problem).
c UB-w = 150 (UB in Sinnl - A note on computational approaches for the antibandwidth problem).
c Antibandwidth problem with w = 103 ( T-dwt__592.mtx.rnd ):
c Initializing CaDiCaL (version 1.2.1).
c	Configuring CaDiCaL as --sat (1).
c Initializing a 2-Product encoder with n = 592.
c Encoding starts with w = 103:
c	Encode symmetry breaking with option: l.
[runlim] sample:		10.0 time, 10.4 real, 6114.7 MB
[runlim] sample:		20.0 time, 20.4 real, 12170.2 MB
[runlim] sample:		30.0 time, 30.4 real, 17223.1 MB
[runlim] sample:		40.0 time, 40.4 real, 24251.3 MB
[runlim] sample:		50.0 time, 50.4 real, 29219.8 MB
c Signal interruption.
[runlim] end:			Thu Sep 26 08:04:37 2024
[runlim] status:		out of memory
[runlim] result:		3
[runlim] children:		0
[runlim] real:			53.80 seconds
[runlim] time:			53.29 seconds
[runlim] space:			30042.8 MB
[runlim] samples:		533
