[runlim] version:		1.10
[runlim] time limit:		1800 seconds
[runlim] real time limit:	1800 seconds
[runlim] space limit:		30000 MB
[runlim] argv[0]:		/home/hvanh28/AntiBandwidthReconstruct/build/abw_enc
[runlim] argv[1]:		/home/hvanh28/AntiBandwidthReconstruct/build/Benchmarks/U-662_bus.mtx.rnd
[runlim] argv[2]:		--reduced
[runlim] argv[3]:		-symetry-break
[runlim] argv[4]:		l
[runlim] start:			Fri Sep 27 16:38:16 2024
[runlim] main pid:		104328
[runlim] log captured:
c LadderEncoder 1.0.
c Symetry breaking in the lowest degree node.
c Solving strategy: from LB to UB.
c LB-w = 219 (LB in Sinnl - A note on computational approaches for the antibandwidth problem).
c UB-w = 220 (UB in Sinnl - A note on computational approaches for the antibandwidth problem).
c Antibandwidth problem with w = 219 ( U-662_bus.mtx.rnd ):
c Initializing CaDiCaL (version 1.2.1).
c	Configuring CaDiCaL as --sat (1).
c Initializing a Naive-Reduced encoder with n = 662.
c Encoding starts with w = 219:
c	Encode symmetry breaking with option: l.
[runlim] sample:		10.0 time, 10.7 real, 3368.5 MB
[runlim] sample:		20.0 time, 20.7 real, 5674.6 MB
[runlim] sample:		30.0 time, 30.7 real, 9150.7 MB
[runlim] sample:		40.0 time, 40.7 real, 12300.7 MB
[runlim] sample:		50.0 time, 50.7 real, 14815.0 MB
[runlim] sample:		60.0 time, 60.7 real, 17344.7 MB
[runlim] sample:		70.0 time, 70.7 real, 19706.0 MB
[runlim] sample:		80.0 time, 80.7 real, 21274.2 MB
[runlim] sample:		90.0 time, 90.7 real, 23810.5 MB
[runlim] sample:		100.0 time, 100.7 real, 26702.0 MB
[runlim] sample:		110.0 time, 110.7 real, 29254.0 MB
c Signal interruption.
[runlim] end:			Fri Sep 27 16:40:11 2024
[runlim] status:		out of memory
[runlim] result:		3
[runlim] children:		0
[runlim] real:			115.11 seconds
[runlim] time:			114.37 seconds
[runlim] space:			30012.0 MB
[runlim] samples:		1144
