[runlim] version:		1.10
[runlim] time limit:		1800 seconds
[runlim] real time limit:	1800 seconds
[runlim] space limit:		30000 MB
[runlim] argv[0]:		/home/truongxuanhieu/AntiBandwidthReconstruct/build/abw_enc
[runlim] argv[1]:		/home/truongxuanhieu/AntiBandwidthReconstruct/build/Benchmarks/W-685_bus.mtx.rnd
[runlim] argv[2]:		--product
[runlim] argv[3]:		-symetry-break
[runlim] argv[4]:		l
[runlim] start:			Thu Sep 26 08:00:37 2024
[runlim] main pid:		58477
[runlim] log captured:
c LadderEncoder 1.0.
c Symetry breaking in the lowest degree node.
c Solving strategy: from LB to UB.
c LB-w = 136 (LB in Sinnl - A note on computational approaches for the antibandwidth problem).
c UB-w = 136 (UB in Sinnl - A note on computational approaches for the antibandwidth problem).
c Antibandwidth problem with w = 136 ( W-685_bus.mtx.rnd ):
c Initializing CaDiCaL (version 1.2.1).
c	Configuring CaDiCaL as --sat (1).
c Initializing a 2-Product encoder with n = 685.
c Encoding starts with w = 136:
c	Encode symmetry breaking with option: l.
[runlim] sample:		10.0 time, 10.5 real, 6073.0 MB
[runlim] sample:		20.0 time, 20.5 real, 11994.7 MB
[runlim] sample:		30.0 time, 30.5 real, 18463.7 MB
[runlim] sample:		40.0 time, 40.5 real, 23863.2 MB
[runlim] sample:		50.0 time, 50.5 real, 29119.6 MB
c Signal interruption.
[runlim] end:			Thu Sep 26 08:01:31 2024
[runlim] status:		out of memory
[runlim] result:		3
[runlim] children:		0
[runlim] real:			54.01 seconds
[runlim] time:			53.48 seconds
[runlim] space:			30387.7 MB
[runlim] samples:		535
