[runlim] version:		1.10
[runlim] time limit:		1800 seconds
[runlim] real time limit:	1800 seconds
[runlim] space limit:		30000 MB
[runlim] argv[0]:		/home/truongxuanhieu/AntiBandwidthReconstruct/build/abw_enc
[runlim] argv[1]:		/home/truongxuanhieu/AntiBandwidthReconstruct/build/Benchmarks/X-can__715.mtx.rnd
[runlim] argv[2]:		--seq
[runlim] argv[3]:		-symetry-break
[runlim] argv[4]:		l
[runlim] start:			Mon Oct  7 02:30:15 2024
[runlim] main pid:		40858
[runlim] log captured:
c LadderEncoder 1.0.
c Symetry breaking in the lowest degree node.
c Solving strategy: from LB to UB.
c LB-w = 112 (LB in Sinnl - A note on computational approaches for the antibandwidth problem).
c UB-w = 142 (UB in Sinnl - A note on computational approaches for the antibandwidth problem).
c Antibandwidth problem with w = 112 ( X-can__715.mtx.rnd ):
c Initializing CaDiCaL (version 1.2.1).
c	Configuring CaDiCaL as --sat (1).
c Initializing a Sequential encoder with n = 715.
c Encoding starts with w = 112:
c	Encode symmetry breaking with option: l.
[runlim] sample:		10.0 time, 10.3 real, 6717.8 MB
[runlim] sample:		20.0 time, 20.3 real, 13426.6 MB
[runlim] sample:		30.0 time, 30.3 real, 20063.1 MB
[runlim] sample:		40.0 time, 40.3 real, 26483.3 MB
c Signal interruption.
[runlim] end:			Mon Oct  7 02:31:04 2024
[runlim] status:		out of memory
[runlim] result:		3
[runlim] children:		0
[runlim] real:			49.23 seconds
[runlim] time:			48.89 seconds
[runlim] space:			30013.1 MB
[runlim] samples:		489
