[runlim] version:		1.10
[runlim] time limit:		3600 seconds
[runlim] real time limit:	3600 seconds
[runlim] space limit:		30000 MB
[runlim] argv[0]:		./abw_enc_symbreak_max_node
[runlim] argv[1]:		./Benchmarks/U-662_bus.mtx.rnd
[runlim] argv[2]:		--duplexNSC
[runlim] argv[3]:		-set-lb
[runlim] argv[4]:		221
[runlim] argv[5]:		-set-ub
[runlim] argv[6]:		250
[runlim] start:			Fri Aug 23 08:01:04 2024
[runlim] main pid:		5254
[runlim] log captured:
c DuplexEncoder 0.8.
c LB is predefined as 221.
c UB is predefined as 250.
c Solving strategy: from LB to UB.
c LB-w = 219 (LB in Sinnl - A note on computational approaches for the antibandwidth problem).
c UB-w = 220 (UB in Sinnl - A note on computational approaches for the antibandwidth problem).
c LB 219 is overwritten with 221.
c UB 220 is overwritten with 250.
c Antibandwidth problem with w = 221 ( U-662_bus.mtx.rnd ):
c Initializing CaDiCaL (version 1.2.1).
c	Configuring CaDiCaL as --sat (1).
c Initializing a DuplexNSC encoder with n = 662.
c Encoding starts with w = 221:
c	Labels and Vertices aux var: 66200
c	Labels and Vertices constraints:  976450
c	Obj k aux var: 581236
c	Obj k constraints: 4069604
c	Obj k glue staircase constraints: 1596372
c	Encoding duration: 1s
c	Number of clauses: 5046385
c	Number of irredundant clauses: 5044542
c	Number of variables: 1085680
c SAT Solving starts:
c	Solving duration: 344 ms
c	Answer: 
s UNSAT (w = 221)
c
c
[runlim] end:			Fri Aug 23 08:01:06 2024
[runlim] status:		ok
[runlim] result:		0
[runlim] children:		0
[runlim] real:			2.99 seconds
[runlim] time:			2.29 seconds
[runlim] space:			675.5 MB
[runlim] samples:		23
