[runlim] version:		1.10
[runlim] time limit:		3600 seconds
[runlim] real time limit:	3600 seconds
[runlim] space limit:		30000 MB
[runlim] argv[0]:		./abw_enc_symbreak_max_node
[runlim] argv[1]:		./Benchmarks/W-685_bus.mtx.rnd
[runlim] argv[2]:		--duplexNSC
[runlim] argv[3]:		-set-lb
[runlim] argv[4]:		137
[runlim] argv[5]:		-set-ub
[runlim] argv[6]:		150
[runlim] start:			Fri Aug 23 07:59:04 2024
[runlim] main pid:		4843
[runlim] log captured:
c DuplexEncoder 0.8.
c LB is predefined as 137.
c UB is predefined as 150.
c Solving strategy: from LB to UB.
c LB-w = 136 (LB in Sinnl - A note on computational approaches for the antibandwidth problem).
c UB-w = 136 (UB in Sinnl - A note on computational approaches for the antibandwidth problem).
c LB 136 is overwritten with 137.
c UB 136 is overwritten with 150.
c Antibandwidth problem with w = 137 ( W-685_bus.mtx.rnd ):
c Initializing CaDiCaL (version 1.2.1).
c	Configuring CaDiCaL as --sat (1).
c Initializing a DuplexNSC encoder with n = 685.
c Encoding starts with w = 137:
c	Labels and Vertices aux var: 69870
c	Labels and Vertices constraints:  1048735
c	Obj k aux var: 743225
c	Obj k constraints: 5870322
c	Obj k glue staircase constraints: 2796042
c	Encoding duration: 2s
c	Number of clauses: 6919399
c	Number of irredundant clauses: 6917282
c	Number of variables: 1282320
c SAT Solving starts:
c	Solving duration: 905 ms
c	Answer: 
s UNSAT (w = 137)
c
c
[runlim] end:			Fri Aug 23 07:59:09 2024
[runlim] status:		ok
[runlim] result:		0
[runlim] children:		0
[runlim] real:			5.00 seconds
[runlim] time:			4.18 seconds
[runlim] space:			899.5 MB
[runlim] samples:		42
