[runlim] version:		1.10
[runlim] time limit:		3600 seconds
[runlim] real time limit:	3600 seconds
[runlim] space limit:		30000 MB
[runlim] argv[0]:		/home/truongxuanhieu/AntiBandwidthReconstruct/build/abw_enc_symbreak_max_node
[runlim] argv[1]:		/home/truongxuanhieu/AntiBandwidthReconstruct/build/BenchmarksAdd/N-bcsstk07.mtx.rnd
[runlim] argv[2]:		--duplexNSC
[runlim] start:			Mon Aug 19 03:10:01 2024
[runlim] main pid:		10103
[runlim] log captured:
c DuplexEncoder 0.8.
c Solving strategy: from LB to UB.
c LB-w = 28 (LB in Sinnl - A note on computational approaches for the antibandwidth problem).
c UB-w = 72 (UB in Sinnl - A note on computational approaches for the antibandwidth problem).
c Antibandwidth problem with w = 28 ( N-bcsstk07.mtx.rnd ):
c Initializing CaDiCaL (version 1.2.1).
c	Configuring CaDiCaL as --sat (1).
c Initializing a DuplexNSC encoder with n = 420.
c Encoding starts with w = 28:
c	Labels and Vertices aux var: 32760
c	Labels and Vertices constraints:  445200
c	Obj k aux var: 312060
c	Obj k constraints: 6961860
c	Obj k glue staircase constraints: 5680440
c	Encoding duration: 2s
c	Number of clauses: 7407270
c	Number of irredundant clauses: 7404491
c	Number of variables: 521220
c SAT Solving starts:
[runlim] sample:		10.0 time, 10.8 real, 961.1 MB
c	Solving duration: 9833 ms
c	Answer: 
s SAT (w = 28)
c	Solution check:
p calculated antibandwidth = 28.
c
c
c Antibandwidth problem with w = 29 ( N-bcsstk07.mtx.rnd ):
c Initializing CaDiCaL (version 1.2.1).
c	Configuring CaDiCaL as --sat (1).
c Initializing a DuplexNSC encoder with n = 420.
c Encoding starts with w = 29:
c	Labels and Vertices aux var: 32760
c	Labels and Vertices constraints:  445200
c	Obj k aux var: 317520
c	Obj k constraints: 6974520
c	Obj k glue staircase constraints: 5676720
c	Encoding duration: 2s
c	Number of clauses: 7419930
c	Number of irredundant clauses: 7417247
c	Number of variables: 526680
c SAT Solving starts:
[runlim] sample:		20.0 time, 20.8 real, 974.3 MB
[runlim] sample:		30.0 time, 30.8 real, 983.6 MB
[runlim] sample:		40.0 time, 40.8 real, 964.0 MB
[runlim] sample:		50.0 time, 50.8 real, 981.3 MB
[runlim] sample:		60.0 time, 60.8 real, 1014.6 MB
[runlim] sample:		70.0 time, 70.8 real, 1015.6 MB
[runlim] sample:		80.0 time, 80.8 real, 1026.2 MB
c	Solving duration: 71405 ms
c	Answer: 
s SAT (w = 29)
c	Solution check:
p calculated antibandwidth = 29.
c
c
c Antibandwidth problem with w = 30 ( N-bcsstk07.mtx.rnd ):
c Initializing CaDiCaL (version 1.2.1).
c	Configuring CaDiCaL as --sat (1).
c Initializing a DuplexNSC encoder with n = 420.
c Encoding starts with w = 30:
c	Labels and Vertices aux var: 32760
c	Labels and Vertices constraints:  439320
c	Obj k aux var: 311640
c	Obj k constraints: 6940740
c	Obj k glue staircase constraints: 5661840
c	Encoding duration: 1s
c	Number of clauses: 7380270
c	Number of irredundant clauses: 7377604
c	Number of variables: 520800
c SAT Solving starts:
[runlim] sample:		90.0 time, 90.8 real, 941.4 MB
[runlim] sample:		100.0 time, 100.8 real, 958.8 MB
[runlim] sample:		110.0 time, 110.8 real, 984.1 MB
c	Solving duration: 25661 ms
c	Answer: 
s SAT (w = 30)
c	Solution check:
p calculated antibandwidth = 30.
c
c
c Antibandwidth problem with w = 31 ( N-bcsstk07.mtx.rnd ):
c Initializing CaDiCaL (version 1.2.1).
c	Configuring CaDiCaL as --sat (1).
c Initializing a DuplexNSC encoder with n = 420.
c Encoding starts with w = 31:
c	Labels and Vertices aux var: 32760
c	Labels and Vertices constraints:  439320
c	Obj k aux var: 316680
c	Obj k constraints: 6952140
c	Obj k glue staircase constraints: 5658120
c	Encoding duration: 2s
c	Number of clauses: 7391670
c	Number of irredundant clauses: 7388990
c	Number of variables: 525840
c SAT Solving starts:
[runlim] sample:		120.0 time, 120.8 real, 1155.1 MB
[runlim] sample:		130.0 time, 130.8 real, 979.8 MB
[runlim] sample:		140.0 time, 140.8 real, 999.0 MB
[runlim] sample:		150.0 time, 150.8 real, 983.1 MB
[runlim] sample:		160.0 time, 160.8 real, 1007.1 MB
[runlim] sample:		169.9 time, 170.8 real, 1033.8 MB
[runlim] sample:		180.0 time, 180.8 real, 971.0 MB
[runlim] sample:		190.0 time, 190.8 real, 994.0 MB
[runlim] sample:		200.0 time, 200.8 real, 994.0 MB
[runlim] sample:		209.9 time, 210.8 real, 1003.5 MB
c	Solving duration: 93899 ms
c	Answer: 
s SAT (w = 31)
c	Solution check:
p calculated antibandwidth = 31.
c
c
c Antibandwidth problem with w = 32 ( N-bcsstk07.mtx.rnd ):
c Initializing CaDiCaL (version 1.2.1).
c	Configuring CaDiCaL as --sat (1).
c Initializing a DuplexNSC encoder with n = 420.
c Encoding starts with w = 32:
c	Labels and Vertices aux var: 32760
c	Labels and Vertices constraints:  439320
c	Obj k aux var: 321720
c	Obj k constraints: 6951960
c	Obj k glue staircase constraints: 5643240
c	Encoding duration: 2s
c	Number of clauses: 7391490
c	Number of irredundant clauses: 7388797
c	Number of variables: 530880
c SAT Solving starts:
[runlim] sample:		219.9 time, 220.8 real, 980.4 MB
[runlim] sample:		229.9 time, 230.8 real, 959.8 MB
[runlim] sample:		239.9 time, 240.8 real, 1159.5 MB
[runlim] sample:		249.9 time, 250.8 real, 985.4 MB
[runlim] sample:		259.9 time, 260.8 real, 1203.7 MB
[runlim] sample:		269.9 time, 270.8 real, 1181.0 MB
[runlim] sample:		279.9 time, 280.8 real, 1017.5 MB
[runlim] sample:		289.9 time, 290.8 real, 1016.4 MB
c	Solving duration: 87247 ms
c	Answer: 
s SAT (w = 32)
c	Solution check:
p calculated antibandwidth = 32.
c
c
c Antibandwidth problem with w = 33 ( N-bcsstk07.mtx.rnd ):
c Initializing CaDiCaL (version 1.2.1).
c	Configuring CaDiCaL as --sat (1).
c Initializing a DuplexNSC encoder with n = 420.
c Encoding starts with w = 33:
[runlim] sample:		299.9 time, 300.8 real, 731.7 MB
c	Labels and Vertices aux var: 32760
c	Labels and Vertices constraints:  433860
c	Obj k aux var: 314160
c	Obj k constraints: 6924720
c	Obj k glue staircase constraints: 5639520
c	Encoding duration: 1s
c	Number of clauses: 7358790
c	Number of irredundant clauses: 7356338
c	Number of variables: 523320
c SAT Solving starts:
[runlim] sample:		309.9 time, 310.8 real, 971.1 MB
[runlim] sample:		319.9 time, 320.8 real, 971.1 MB
[runlim] sample:		329.9 time, 330.8 real, 971.9 MB
[runlim] sample:		339.9 time, 340.8 real, 977.7 MB
[runlim] sample:		349.9 time, 350.8 real, 977.7 MB
[runlim] sample:		359.9 time, 360.8 real, 953.1 MB
[runlim] sample:		369.9 time, 370.8 real, 978.9 MB
[runlim] sample:		379.9 time, 380.8 real, 1089.9 MB
[runlim] sample:		389.9 time, 390.8 real, 1155.3 MB
[runlim] sample:		399.9 time, 400.8 real, 953.2 MB
[runlim] sample:		409.9 time, 410.8 real, 983.0 MB
[runlim] sample:		419.9 time, 420.8 real, 981.5 MB
[runlim] sample:		429.9 time, 430.8 real, 1215.9 MB
[runlim] sample:		439.9 time, 440.8 real, 990.6 MB
[runlim] sample:		449.9 time, 450.8 real, 989.6 MB
[runlim] sample:		459.9 time, 460.8 real, 989.6 MB
[runlim] sample:		469.9 time, 470.8 real, 988.7 MB
[runlim] sample:		479.9 time, 480.8 real, 988.4 MB
[runlim] sample:		489.9 time, 490.8 real, 1012.9 MB
[runlim] sample:		499.9 time, 500.8 real, 992.4 MB
[runlim] sample:		509.9 time, 510.8 real, 1057.8 MB
[runlim] sample:		519.9 time, 520.8 real, 992.9 MB
[runlim] sample:		529.9 time, 530.8 real, 992.9 MB
[runlim] sample:		539.9 time, 540.8 real, 1001.1 MB
[runlim] sample:		549.9 time, 550.8 real, 1001.1 MB
[runlim] sample:		559.9 time, 560.8 real, 996.5 MB
[runlim] sample:		569.9 time, 570.8 real, 972.6 MB
[runlim] sample:		579.9 time, 580.8 real, 1100.6 MB
[runlim] sample:		589.9 time, 590.8 real, 1004.6 MB
[runlim] sample:		599.9 time, 600.8 real, 1202.5 MB
[runlim] sample:		609.9 time, 610.8 real, 1014.8 MB
[runlim] sample:		619.9 time, 620.8 real, 1004.5 MB
c	Solving duration: 328162 ms
c	Answer: 
s SAT (w = 33)
c	Solution check:
p calculated antibandwidth = 33.
[runlim] sample:		629.9 time, 630.8 real, 1004.5 MB
c
c
c Antibandwidth problem with w = 34 ( N-bcsstk07.mtx.rnd ):
c Initializing CaDiCaL (version 1.2.1).
c	Configuring CaDiCaL as --sat (1).
c Initializing a DuplexNSC encoder with n = 420.
c Encoding starts with w = 34:
c	Labels and Vertices aux var: 32760
c	Labels and Vertices constraints:  433860
c	Obj k aux var: 318780
c	Obj k constraints: 6923280
c	Obj k glue staircase constraints: 5624640
c	Encoding duration: 2s
c	Number of clauses: 7357350
c	Number of irredundant clauses: 7354886
c	Number of variables: 527940
c SAT Solving starts:
[runlim] sample:		639.9 time, 640.8 real, 975.1 MB
[runlim] sample:		649.9 time, 650.8 real, 990.9 MB
[runlim] sample:		659.9 time, 660.8 real, 1146.9 MB
[runlim] sample:		669.9 time, 670.8 real, 976.0 MB
[runlim] sample:		679.9 time, 680.8 real, 951.7 MB
[runlim] sample:		689.9 time, 690.8 real, 977.6 MB
[runlim] sample:		699.9 time, 700.8 real, 977.6 MB
[runlim] sample:		709.9 time, 710.8 real, 981.3 MB
[runlim] sample:		719.9 time, 720.8 real, 978.6 MB
[runlim] sample:		729.9 time, 730.8 real, 994.4 MB
[runlim] sample:		739.9 time, 740.8 real, 986.6 MB
[runlim] sample:		749.9 time, 750.8 real, 985.5 MB
[runlim] sample:		759.9 time, 760.8 real, 985.5 MB
[runlim] sample:		769.9 time, 770.8 real, 990.5 MB
[runlim] sample:		779.9 time, 780.8 real, 984.2 MB
[runlim] sample:		789.9 time, 790.8 real, 985.5 MB
[runlim] sample:		799.9 time, 800.8 real, 986.6 MB
[runlim] sample:		809.9 time, 810.8 real, 987.2 MB
[runlim] sample:		819.9 time, 820.8 real, 1170.2 MB
[runlim] sample:		829.9 time, 830.8 real, 991.2 MB
[runlim] sample:		839.9 time, 840.8 real, 995.3 MB
[runlim] sample:		849.9 time, 850.8 real, 970.6 MB
[runlim] sample:		859.9 time, 860.8 real, 995.4 MB
[runlim] sample:		869.9 time, 870.8 real, 995.4 MB
[runlim] sample:		879.9 time, 880.8 real, 1002.6 MB
[runlim] sample:		889.9 time, 890.8 real, 1000.1 MB
[runlim] sample:		899.9 time, 900.8 real, 1005.6 MB
[runlim] sample:		909.9 time, 910.8 real, 1005.6 MB
[runlim] sample:		919.9 time, 920.8 real, 1007.8 MB
[runlim] sample:		929.9 time, 930.8 real, 996.7 MB
[runlim] sample:		939.9 time, 940.8 real, 999.3 MB
[runlim] sample:		949.9 time, 950.8 real, 1243.7 MB
[runlim] sample:		959.9 time, 960.8 real, 1000.0 MB
[runlim] sample:		969.9 time, 970.8 real, 1005.0 MB
[runlim] sample:		979.9 time, 980.8 real, 1019.3 MB
[runlim] sample:		989.9 time, 990.8 real, 1019.3 MB
[runlim] sample:		999.9 time, 1000.8 real, 1020.6 MB
[runlim] sample:		1009.9 time, 1010.8 real, 1031.0 MB
[runlim] sample:		1019.9 time, 1020.8 real, 1203.0 MB
[runlim] sample:		1029.9 time, 1030.8 real, 1015.1 MB
[runlim] sample:		1039.9 time, 1040.8 real, 1008.9 MB
[runlim] sample:		1049.9 time, 1050.8 real, 1013.1 MB
[runlim] sample:		1059.9 time, 1060.8 real, 1013.1 MB
[runlim] sample:		1069.9 time, 1070.8 real, 1014.3 MB
[runlim] sample:		1079.9 time, 1080.8 real, 1028.7 MB
[runlim] sample:		1089.9 time, 1090.8 real, 1028.7 MB
[runlim] sample:		1099.9 time, 1100.8 real, 1028.2 MB
[runlim] sample:		1109.9 time, 1110.8 real, 1016.4 MB
[runlim] sample:		1119.9 time, 1120.8 real, 1018.7 MB
[runlim] sample:		1129.9 time, 1130.8 real, 1018.7 MB
[runlim] sample:		1139.9 time, 1140.8 real, 1018.7 MB
[runlim] sample:		1149.9 time, 1150.8 real, 1048.0 MB
[runlim] sample:		1159.9 time, 1160.8 real, 1017.3 MB
[runlim] sample:		1169.9 time, 1170.8 real, 1028.4 MB
[runlim] sample:		1179.9 time, 1180.8 real, 1028.4 MB
[runlim] sample:		1189.9 time, 1190.8 real, 1029.9 MB
c	Solving duration: 558573 ms
c	Answer: 
s SAT (w = 34)
c	Solution check:
p calculated antibandwidth = 34.
c
c
c Antibandwidth problem with w = 35 ( N-bcsstk07.mtx.rnd ):
c Initializing CaDiCaL (version 1.2.1).
c	Configuring CaDiCaL as --sat (1).
c Initializing a DuplexNSC encoder with n = 420.
c Encoding starts with w = 35:
c	Labels and Vertices aux var: 32760
c	Labels and Vertices constraints:  428820
c	Obj k aux var: 309960
c	Obj k constraints: 6880680
c	Obj k glue staircase constraints: 5609760
c	Encoding duration: 1s
c	Number of clauses: 7309710
c	Number of irredundant clauses: 7307270
c	Number of variables: 519120
c SAT Solving starts:
[runlim] sample:		1199.9 time, 1200.8 real, 977.2 MB
[runlim] sample:		1209.9 time, 1210.8 real, 1086.6 MB
[runlim] sample:		1219.9 time, 1220.8 real, 995.4 MB
[runlim] sample:		1229.9 time, 1230.8 real, 993.8 MB
[runlim] sample:		1239.9 time, 1240.8 real, 994.8 MB
[runlim] sample:		1249.9 time, 1250.8 real, 1000.2 MB
[runlim] sample:		1259.9 time, 1260.8 real, 1000.2 MB
[runlim] sample:		1269.9 time, 1270.8 real, 1001.3 MB
[runlim] sample:		1279.9 time, 1280.8 real, 1001.5 MB
[runlim] sample:		1289.9 time, 1290.8 real, 1000.8 MB
[runlim] sample:		1299.9 time, 1300.8 real, 1003.7 MB
[runlim] sample:		1309.9 time, 1310.8 real, 1181.5 MB
[runlim] sample:		1319.9 time, 1320.8 real, 980.4 MB
[runlim] sample:		1329.9 time, 1330.8 real, 981.2 MB
[runlim] sample:		1339.9 time, 1340.8 real, 958.2 MB
[runlim] sample:		1349.9 time, 1350.8 real, 958.0 MB
[runlim] sample:		1359.9 time, 1360.8 real, 993.8 MB
[runlim] sample:		1369.9 time, 1370.8 real, 998.2 MB
[runlim] sample:		1379.9 time, 1380.8 real, 991.9 MB
[runlim] sample:		1389.9 time, 1390.8 real, 991.9 MB
[runlim] sample:		1399.9 time, 1400.8 real, 998.2 MB
[runlim] sample:		1409.9 time, 1410.8 real, 998.2 MB
[runlim] sample:		1419.9 time, 1420.8 real, 998.2 MB
[runlim] sample:		1429.9 time, 1430.8 real, 1083.5 MB
[runlim] sample:		1439.9 time, 1440.8 real, 1180.1 MB
[runlim] sample:		1449.9 time, 1450.8 real, 1003.0 MB
[runlim] sample:		1459.9 time, 1460.8 real, 1000.1 MB
[runlim] sample:		1469.9 time, 1470.8 real, 1184.3 MB
[runlim] sample:		1479.9 time, 1480.8 real, 1001.9 MB
[runlim] sample:		1489.9 time, 1490.8 real, 1001.9 MB
[runlim] sample:		1499.9 time, 1500.8 real, 1008.1 MB
[runlim] sample:		1509.9 time, 1510.8 real, 1011.1 MB
[runlim] sample:		1519.9 time, 1520.8 real, 1009.5 MB
[runlim] sample:		1529.9 time, 1530.8 real, 1009.5 MB
[runlim] sample:		1539.9 time, 1540.8 real, 1023.4 MB
[runlim] sample:		1549.9 time, 1550.8 real, 1025.4 MB
[runlim] sample:		1559.9 time, 1560.8 real, 1211.8 MB
[runlim] sample:		1569.9 time, 1570.8 real, 1022.2 MB
[runlim] sample:		1579.9 time, 1580.8 real, 1018.0 MB
[runlim] sample:		1589.9 time, 1590.8 real, 1017.9 MB
[runlim] sample:		1599.9 time, 1600.8 real, 1199.3 MB
[runlim] sample:		1609.9 time, 1610.8 real, 1010.4 MB
[runlim] sample:		1619.9 time, 1620.8 real, 1025.5 MB
[runlim] sample:		1629.9 time, 1630.8 real, 1241.9 MB
[runlim] sample:		1639.9 time, 1640.8 real, 1045.4 MB
[runlim] sample:		1649.9 time, 1650.8 real, 1296.3 MB
[runlim] sample:		1659.9 time, 1660.8 real, 1018.5 MB
[runlim] sample:		1669.9 time, 1670.8 real, 993.8 MB
[runlim] sample:		1679.9 time, 1680.8 real, 1015.6 MB
[runlim] sample:		1689.9 time, 1690.8 real, 1026.6 MB
[runlim] sample:		1699.9 time, 1700.8 real, 1032.7 MB
[runlim] sample:		1709.9 time, 1710.8 real, 1032.7 MB
[runlim] sample:		1719.9 time, 1720.8 real, 1036.6 MB
[runlim] sample:		1729.9 time, 1730.8 real, 1022.6 MB
[runlim] sample:		1739.9 time, 1740.8 real, 1040.8 MB
[runlim] sample:		1749.9 time, 1750.8 real, 1024.6 MB
[runlim] sample:		1759.9 time, 1760.8 real, 1202.5 MB
[runlim] sample:		1769.9 time, 1770.8 real, 1027.6 MB
[runlim] sample:		1779.9 time, 1780.8 real, 1028.3 MB
[runlim] sample:		1789.9 time, 1790.8 real, 1039.7 MB
[runlim] sample:		1799.9 time, 1800.8 real, 1039.7 MB
[runlim] sample:		1809.9 time, 1810.8 real, 1038.3 MB
[runlim] sample:		1819.8 time, 1820.8 real, 1030.1 MB
[runlim] sample:		1829.8 time, 1830.8 real, 1030.1 MB
[runlim] sample:		1839.9 time, 1840.8 real, 1030.1 MB
[runlim] sample:		1849.9 time, 1850.8 real, 1030.0 MB
[runlim] sample:		1859.9 time, 1860.8 real, 1030.0 MB
[runlim] sample:		1869.9 time, 1870.8 real, 1028.2 MB
[runlim] sample:		1879.9 time, 1880.8 real, 1028.9 MB
[runlim] sample:		1889.9 time, 1890.8 real, 1023.6 MB
[runlim] sample:		1899.9 time, 1900.8 real, 1023.6 MB
[runlim] sample:		1909.8 time, 1910.8 real, 1046.3 MB
[runlim] sample:		1919.8 time, 1920.8 real, 1046.3 MB
[runlim] sample:		1929.9 time, 1930.8 real, 1039.7 MB
[runlim] sample:		1939.9 time, 1940.8 real, 1039.7 MB
[runlim] sample:		1949.9 time, 1950.8 real, 1044.1 MB
[runlim] sample:		1959.8 time, 1960.8 real, 1157.5 MB
[runlim] sample:		1969.8 time, 1970.8 real, 1273.3 MB
[runlim] sample:		1979.9 time, 1980.8 real, 1785.6 MB
[runlim] sample:		1989.8 time, 1990.8 real, 1785.6 MB
[runlim] sample:		1999.9 time, 2000.8 real, 993.2 MB
[runlim] sample:		2009.8 time, 2010.8 real, 971.6 MB
[runlim] sample:		2019.8 time, 2020.8 real, 971.6 MB
[runlim] sample:		2029.8 time, 2030.8 real, 1005.3 MB
[runlim] sample:		2039.8 time, 2040.8 real, 1232.9 MB
[runlim] sample:		2049.8 time, 2050.8 real, 1012.0 MB
[runlim] sample:		2059.8 time, 2060.8 real, 1225.1 MB
[runlim] sample:		2069.8 time, 2070.8 real, 997.4 MB
[runlim] sample:		2079.8 time, 2080.8 real, 1032.4 MB
[runlim] sample:		2089.8 time, 2090.8 real, 1027.8 MB
[runlim] sample:		2099.8 time, 2100.8 real, 1027.8 MB
[runlim] sample:		2109.8 time, 2110.8 real, 1025.7 MB
[runlim] sample:		2119.8 time, 2120.8 real, 1025.7 MB
[runlim] sample:		2129.8 time, 2130.8 real, 1025.7 MB
[runlim] sample:		2139.8 time, 2140.8 real, 1025.9 MB
[runlim] sample:		2149.8 time, 2150.8 real, 1036.6 MB
[runlim] sample:		2159.8 time, 2160.8 real, 1036.6 MB
[runlim] sample:		2169.8 time, 2170.8 real, 1035.6 MB
[runlim] sample:		2179.8 time, 2180.8 real, 1035.6 MB
[runlim] sample:		2189.8 time, 2190.8 real, 1046.8 MB
[runlim] sample:		2199.8 time, 2200.8 real, 1029.0 MB
[runlim] sample:		2209.8 time, 2210.8 real, 1035.2 MB
[runlim] sample:		2219.8 time, 2220.8 real, 1035.2 MB
[runlim] sample:		2229.8 time, 2230.8 real, 1035.2 MB
[runlim] sample:		2239.8 time, 2240.8 real, 1077.2 MB
[runlim] sample:		2249.8 time, 2250.8 real, 1032.6 MB
[runlim] sample:		2259.8 time, 2260.8 real, 1032.6 MB
[runlim] sample:		2269.8 time, 2270.8 real, 1020.5 MB
[runlim] sample:		2279.8 time, 2280.8 real, 1033.9 MB
[runlim] sample:		2289.8 time, 2290.8 real, 1033.9 MB
[runlim] sample:		2299.8 time, 2300.8 real, 1043.0 MB
[runlim] sample:		2309.8 time, 2310.8 real, 1043.0 MB
[runlim] sample:		2319.8 time, 2320.8 real, 1032.7 MB
[runlim] sample:		2329.8 time, 2330.8 real, 1032.7 MB
[runlim] sample:		2339.8 time, 2340.8 real, 1037.9 MB
[runlim] sample:		2349.8 time, 2350.8 real, 1037.9 MB
[runlim] sample:		2359.8 time, 2360.8 real, 1096.8 MB
[runlim] sample:		2369.8 time, 2370.8 real, 1096.8 MB
[runlim] sample:		2379.8 time, 2380.8 real, 1096.8 MB
[runlim] sample:		2389.8 time, 2390.8 real, 1077.0 MB
[runlim] sample:		2399.8 time, 2400.8 real, 1057.3 MB
[runlim] sample:		2409.8 time, 2410.8 real, 1057.3 MB
[runlim] sample:		2419.8 time, 2420.8 real, 1031.2 MB
[runlim] sample:		2429.8 time, 2430.8 real, 1031.2 MB
[runlim] sample:		2439.8 time, 2440.8 real, 1061.3 MB
[runlim] sample:		2449.8 time, 2450.8 real, 1061.3 MB
[runlim] sample:		2459.8 time, 2460.8 real, 1080.8 MB
[runlim] sample:		2469.8 time, 2470.8 real, 1080.8 MB
[runlim] sample:		2479.8 time, 2480.8 real, 1050.2 MB
[runlim] sample:		2489.8 time, 2490.8 real, 1050.2 MB
[runlim] sample:		2499.8 time, 2500.8 real, 1052.6 MB
[runlim] sample:		2509.8 time, 2510.8 real, 1052.6 MB
[runlim] sample:		2519.8 time, 2520.8 real, 1052.6 MB
[runlim] sample:		2529.8 time, 2530.8 real, 1110.9 MB
[runlim] sample:		2539.8 time, 2540.8 real, 1042.1 MB
[runlim] sample:		2549.8 time, 2550.8 real, 1042.1 MB
[runlim] sample:		2559.8 time, 2560.8 real, 1065.6 MB
[runlim] sample:		2569.8 time, 2570.8 real, 1065.6 MB
[runlim] sample:		2579.8 time, 2580.8 real, 1067.6 MB
[runlim] sample:		2589.8 time, 2590.8 real, 1067.6 MB
[runlim] sample:		2599.8 time, 2600.8 real, 1071.6 MB
[runlim] sample:		2609.8 time, 2610.8 real, 1037.7 MB
[runlim] sample:		2619.8 time, 2620.8 real, 1037.7 MB
[runlim] sample:		2629.8 time, 2630.8 real, 990.6 MB
[runlim] sample:		2639.8 time, 2640.8 real, 1041.0 MB
[runlim] sample:		2649.8 time, 2650.8 real, 1041.0 MB
[runlim] sample:		2659.8 time, 2660.8 real, 1051.6 MB
[runlim] sample:		2669.8 time, 2670.8 real, 1051.6 MB
[runlim] sample:		2679.8 time, 2680.8 real, 1044.9 MB
[runlim] sample:		2689.8 time, 2690.8 real, 1044.9 MB
[runlim] sample:		2699.8 time, 2700.8 real, 1054.6 MB
[runlim] sample:		2709.8 time, 2710.8 real, 1052.2 MB
[runlim] sample:		2719.8 time, 2720.8 real, 1052.2 MB
[runlim] sample:		2729.8 time, 2730.8 real, 1052.2 MB
[runlim] sample:		2739.8 time, 2740.8 real, 1057.8 MB
[runlim] sample:		2749.8 time, 2750.8 real, 1057.8 MB
[runlim] sample:		2759.8 time, 2760.8 real, 1090.3 MB
[runlim] sample:		2769.8 time, 2770.8 real, 1090.3 MB
[runlim] sample:		2779.8 time, 2780.8 real, 1090.3 MB
[runlim] sample:		2789.8 time, 2790.8 real, 1033.6 MB
[runlim] sample:		2799.8 time, 2800.8 real, 1033.6 MB
[runlim] sample:		2809.8 time, 2810.8 real, 1033.6 MB
[runlim] sample:		2819.8 time, 2820.8 real, 1034.9 MB
[runlim] sample:		2829.8 time, 2830.8 real, 1034.9 MB
[runlim] sample:		2839.8 time, 2840.8 real, 1034.3 MB
[runlim] sample:		2849.8 time, 2850.8 real, 1034.3 MB
[runlim] sample:		2859.8 time, 2860.8 real, 1048.4 MB
[runlim] sample:		2869.8 time, 2870.8 real, 1052.7 MB
[runlim] sample:		2879.8 time, 2880.8 real, 1029.6 MB
[runlim] sample:		2889.8 time, 2890.8 real, 1029.6 MB
[runlim] sample:		2899.8 time, 2900.8 real, 1029.6 MB
[runlim] sample:		2909.8 time, 2910.8 real, 1041.8 MB
[runlim] sample:		2919.8 time, 2920.8 real, 1041.8 MB
[runlim] sample:		2929.8 time, 2930.8 real, 1030.0 MB
[runlim] sample:		2939.8 time, 2940.8 real, 1030.0 MB
[runlim] sample:		2949.8 time, 2950.8 real, 1038.4 MB
[runlim] sample:		2959.8 time, 2960.8 real, 1038.4 MB
[runlim] sample:		2969.8 time, 2970.8 real, 1066.5 MB
[runlim] sample:		2979.8 time, 2980.8 real, 1066.5 MB
[runlim] sample:		2989.8 time, 2990.8 real, 1066.5 MB
[runlim] sample:		2999.8 time, 3000.8 real, 1043.4 MB
[runlim] sample:		3009.8 time, 3010.8 real, 1114.9 MB
[runlim] sample:		3019.8 time, 3020.8 real, 1020.0 MB
[runlim] sample:		3029.8 time, 3030.8 real, 1020.0 MB
[runlim] sample:		3039.8 time, 3040.8 real, 1041.4 MB
[runlim] sample:		3049.8 time, 3050.8 real, 1041.4 MB
[runlim] sample:		3059.8 time, 3060.8 real, 1049.4 MB
[runlim] sample:		3069.8 time, 3070.8 real, 1092.1 MB
[runlim] sample:		3079.8 time, 3080.8 real, 1092.1 MB
[runlim] sample:		3089.8 time, 3090.8 real, 1087.0 MB
[runlim] sample:		3099.8 time, 3100.8 real, 1087.0 MB
[runlim] sample:		3109.8 time, 3110.8 real, 1104.9 MB
[runlim] sample:		3119.8 time, 3120.8 real, 1104.9 MB
[runlim] sample:		3129.8 time, 3130.8 real, 1080.0 MB
[runlim] sample:		3139.8 time, 3140.8 real, 1080.0 MB
[runlim] sample:		3149.8 time, 3150.8 real, 1080.0 MB
[runlim] sample:		3159.8 time, 3160.8 real, 1146.1 MB
[runlim] sample:		3169.8 time, 3170.8 real, 1146.1 MB
[runlim] sample:		3179.8 time, 3180.8 real, 1088.7 MB
[runlim] sample:		3189.8 time, 3190.8 real, 1088.7 MB
[runlim] sample:		3199.8 time, 3200.8 real, 1088.7 MB
[runlim] sample:		3209.8 time, 3210.8 real, 1088.7 MB
[runlim] sample:		3219.8 time, 3220.8 real, 1088.7 MB
[runlim] sample:		3229.8 time, 3230.8 real, 1083.7 MB
[runlim] sample:		3239.8 time, 3240.8 real, 1083.7 MB
[runlim] sample:		3249.8 time, 3250.8 real, 1095.2 MB
[runlim] sample:		3259.8 time, 3260.8 real, 1095.2 MB
[runlim] sample:		3269.8 time, 3270.8 real, 1095.2 MB
[runlim] sample:		3279.8 time, 3280.8 real, 1123.6 MB
[runlim] sample:		3289.8 time, 3290.8 real, 1123.6 MB
[runlim] sample:		3299.8 time, 3300.8 real, 1090.7 MB
[runlim] sample:		3309.8 time, 3310.8 real, 1090.7 MB
[runlim] sample:		3319.8 time, 3320.8 real, 1090.7 MB
[runlim] sample:		3329.8 time, 3330.8 real, 1090.7 MB
[runlim] sample:		3339.8 time, 3340.8 real, 1090.7 MB
[runlim] sample:		3349.8 time, 3350.8 real, 1176.5 MB
[runlim] sample:		3359.8 time, 3360.8 real, 1176.5 MB
[runlim] sample:		3369.8 time, 3370.8 real, 1176.5 MB
[runlim] sample:		3379.8 time, 3380.8 real, 1178.6 MB
[runlim] sample:		3389.8 time, 3390.8 real, 1178.6 MB
[runlim] sample:		3399.8 time, 3400.8 real, 1476.2 MB
[runlim] sample:		3409.8 time, 3410.8 real, 1097.8 MB
[runlim] sample:		3419.8 time, 3420.8 real, 1097.8 MB
[runlim] sample:		3429.8 time, 3430.8 real, 1097.8 MB
[runlim] sample:		3439.8 time, 3440.8 real, 1091.0 MB
[runlim] sample:		3449.8 time, 3450.8 real, 1091.0 MB
[runlim] sample:		3459.8 time, 3460.8 real, 1096.9 MB
[runlim] sample:		3469.8 time, 3470.8 real, 1096.9 MB
[runlim] sample:		3479.8 time, 3480.8 real, 1096.9 MB
[runlim] sample:		3489.8 time, 3490.8 real, 1096.9 MB
[runlim] sample:		3499.8 time, 3500.8 real, 1039.2 MB
[runlim] sample:		3509.8 time, 3510.8 real, 1039.2 MB
[runlim] sample:		3519.8 time, 3520.8 real, 1039.2 MB
[runlim] sample:		3529.8 time, 3530.8 real, 1079.8 MB
[runlim] sample:		3539.8 time, 3540.8 real, 1259.7 MB
[runlim] sample:		3549.8 time, 3550.8 real, 1259.7 MB
[runlim] sample:		3559.8 time, 3560.8 real, 1259.7 MB
[runlim] sample:		3569.8 time, 3570.8 real, 1263.3 MB
[runlim] sample:		3579.8 time, 3580.8 real, 1127.0 MB
[runlim] sample:		3589.8 time, 3590.8 real, 1127.0 MB
c Signal interruption.
[runlim] end:			Mon Aug 19 04:10:01 2024
[runlim] status:		out of time
[runlim] result:		2
[runlim] children:		0
[runlim] real:			3600.10 seconds
[runlim] time:			3599.09 seconds
[runlim] space:			2051.6 MB
[runlim] samples:		35993
