[runlim] version:		1.10
[runlim] time limit:		3600 seconds
[runlim] real time limit:	3600 seconds
[runlim] space limit:		30000 MB
[runlim] argv[0]:		/home/truongxuanhieu/AntiBandwidthReconstruct/build/abw_enc_symbreak_max_node
[runlim] argv[1]:		/home/truongxuanhieu/AntiBandwidthReconstruct/build/BenchmarksAdd/P-can__445.mtx.rnd
[runlim] argv[2]:		--duplexNSC
[runlim] argv[3]:		-split-size
[runlim] argv[4]:		10
[runlim] start:			Wed Aug 28 09:26:16 2024
[runlim] main pid:		4887
[runlim] log captured:
c DuplexEncoder 0.8.
c Splitting clauses at length 10.
c Solving strategy: from LB to UB.
c LB-w = 78 (LB in Sinnl - A note on computational approaches for the antibandwidth problem).
c UB-w = 120 (UB in Sinnl - A note on computational approaches for the antibandwidth problem).
c Antibandwidth problem with w = 78 ( P-can__445.mtx.rnd ):
c Initializing CaDiCaL (version 1.2.1).
c	Configuring CaDiCaL as --sat (1).
c Initializing a DuplexNSC encoder with n = 445.
c Encoding starts with w = 78:
c	Labels and Vertices aux var: 36490
c	Labels and Vertices constraints:  456570
c	Obj k aux var: 330635
c	Obj k constraints: 3804809
c	Obj k glue staircase constraints: 2450674
c	Encoding duration: 1s
c	Number of clauses: 4283406
c	Number of irredundant clauses: 4281876
c	Number of variables: 586955
c SAT Solving starts:
[runlim] sample:		10.0 time, 10.8 real, 708.1 MB
[runlim] sample:		20.0 time, 20.8 real, 718.1 MB
[runlim] sample:		30.0 time, 30.8 real, 725.0 MB
[runlim] sample:		40.0 time, 40.8 real, 827.0 MB
[runlim] sample:		50.0 time, 50.8 real, 702.2 MB
[runlim] sample:		60.0 time, 60.8 real, 702.9 MB
[runlim] sample:		70.0 time, 70.8 real, 730.1 MB
[runlim] sample:		80.0 time, 80.8 real, 682.7 MB
[runlim] sample:		90.0 time, 90.8 real, 683.3 MB
[runlim] sample:		100.0 time, 100.8 real, 791.0 MB
[runlim] sample:		110.0 time, 110.8 real, 684.9 MB
[runlim] sample:		120.0 time, 120.8 real, 689.8 MB
[runlim] sample:		130.0 time, 130.8 real, 689.3 MB
[runlim] sample:		140.0 time, 140.8 real, 736.9 MB
[runlim] sample:		150.0 time, 150.8 real, 818.3 MB
[runlim] sample:		159.9 time, 160.8 real, 770.6 MB
[runlim] sample:		169.9 time, 170.8 real, 686.5 MB
[runlim] sample:		179.9 time, 180.8 real, 704.7 MB
[runlim] sample:		189.9 time, 190.8 real, 714.3 MB
[runlim] sample:		199.9 time, 200.8 real, 730.8 MB
[runlim] sample:		209.9 time, 210.8 real, 744.5 MB
[runlim] sample:		219.9 time, 220.8 real, 713.7 MB
[runlim] sample:		229.9 time, 230.8 real, 749.4 MB
[runlim] sample:		239.9 time, 240.8 real, 764.2 MB
[runlim] sample:		249.9 time, 250.8 real, 761.6 MB
[runlim] sample:		259.9 time, 260.8 real, 761.6 MB
[runlim] sample:		269.9 time, 270.8 real, 746.4 MB
[runlim] sample:		279.9 time, 280.8 real, 917.9 MB
[runlim] sample:		289.9 time, 290.8 real, 794.6 MB
[runlim] sample:		299.9 time, 300.8 real, 764.0 MB
[runlim] sample:		309.9 time, 310.8 real, 761.7 MB
[runlim] sample:		319.9 time, 320.8 real, 798.1 MB
[runlim] sample:		329.9 time, 330.8 real, 798.1 MB
[runlim] sample:		339.9 time, 340.8 real, 763.3 MB
[runlim] sample:		349.9 time, 350.8 real, 787.9 MB
[runlim] sample:		359.9 time, 360.8 real, 780.6 MB
[runlim] sample:		369.9 time, 370.8 real, 780.7 MB
[runlim] sample:		379.9 time, 380.8 real, 971.6 MB
[runlim] sample:		389.9 time, 390.8 real, 785.7 MB
[runlim] sample:		399.9 time, 400.8 real, 800.9 MB
[runlim] sample:		409.9 time, 410.8 real, 800.9 MB
[runlim] sample:		419.9 time, 420.8 real, 798.0 MB
[runlim] sample:		429.9 time, 430.8 real, 764.7 MB
[runlim] sample:		439.9 time, 440.8 real, 793.9 MB
[runlim] sample:		449.9 time, 450.8 real, 805.7 MB
[runlim] sample:		459.9 time, 460.8 real, 810.3 MB
[runlim] sample:		469.9 time, 470.8 real, 893.5 MB
[runlim] sample:		479.9 time, 480.8 real, 847.2 MB
[runlim] sample:		489.9 time, 490.8 real, 809.3 MB
[runlim] sample:		499.9 time, 500.8 real, 804.5 MB
[runlim] sample:		509.9 time, 510.8 real, 814.0 MB
[runlim] sample:		519.9 time, 520.8 real, 769.8 MB
[runlim] sample:		529.9 time, 530.8 real, 834.4 MB
[runlim] sample:		539.9 time, 540.8 real, 802.7 MB
[runlim] sample:		549.9 time, 550.8 real, 840.2 MB
[runlim] sample:		559.9 time, 560.8 real, 840.2 MB
[runlim] sample:		569.9 time, 570.8 real, 1002.6 MB
[runlim] sample:		579.9 time, 580.8 real, 805.5 MB
[runlim] sample:		589.9 time, 590.8 real, 892.2 MB
[runlim] sample:		599.9 time, 600.8 real, 892.2 MB
[runlim] sample:		609.9 time, 610.8 real, 898.0 MB
[runlim] sample:		619.9 time, 620.8 real, 887.8 MB
[runlim] sample:		629.9 time, 630.8 real, 804.3 MB
[runlim] sample:		639.9 time, 640.8 real, 808.9 MB
[runlim] sample:		649.9 time, 650.8 real, 808.9 MB
[runlim] sample:		659.9 time, 660.8 real, 831.4 MB
[runlim] sample:		669.9 time, 670.8 real, 831.4 MB
[runlim] sample:		679.9 time, 680.8 real, 1170.2 MB
[runlim] sample:		689.9 time, 690.8 real, 1071.4 MB
[runlim] sample:		699.9 time, 700.8 real, 1071.4 MB
[runlim] sample:		709.9 time, 710.8 real, 1084.0 MB
[runlim] sample:		719.9 time, 720.8 real, 1169.3 MB
[runlim] sample:		729.9 time, 730.8 real, 1265.8 MB
[runlim] sample:		739.9 time, 740.8 real, 1255.8 MB
[runlim] sample:		749.9 time, 750.8 real, 1255.8 MB
[runlim] sample:		759.9 time, 760.8 real, 1100.8 MB
[runlim] sample:		769.9 time, 770.8 real, 1100.8 MB
[runlim] sample:		779.9 time, 780.8 real, 1208.1 MB
[runlim] sample:		789.9 time, 790.8 real, 1208.1 MB
[runlim] sample:		799.9 time, 800.8 real, 1208.1 MB
[runlim] sample:		809.9 time, 810.8 real, 1055.4 MB
[runlim] sample:		819.9 time, 820.8 real, 1055.4 MB
[runlim] sample:		829.9 time, 830.8 real, 1057.0 MB
[runlim] sample:		839.9 time, 840.8 real, 1352.2 MB
[runlim] sample:		849.9 time, 850.8 real, 1352.2 MB
[runlim] sample:		859.9 time, 860.8 real, 1352.2 MB
[runlim] sample:		869.9 time, 870.8 real, 1170.2 MB
[runlim] sample:		879.8 time, 880.8 real, 1170.2 MB
[runlim] sample:		889.9 time, 890.8 real, 930.4 MB
[runlim] sample:		899.8 time, 900.8 real, 983.2 MB
[runlim] sample:		909.8 time, 910.8 real, 983.2 MB
[runlim] sample:		919.8 time, 920.8 real, 983.2 MB
[runlim] sample:		929.8 time, 930.8 real, 1003.4 MB
[runlim] sample:		939.8 time, 940.8 real, 1003.4 MB
[runlim] sample:		949.8 time, 950.8 real, 992.3 MB
[runlim] sample:		959.8 time, 960.8 real, 992.3 MB
[runlim] sample:		969.8 time, 970.8 real, 992.3 MB
[runlim] sample:		979.8 time, 980.8 real, 1035.9 MB
[runlim] sample:		989.8 time, 990.8 real, 937.5 MB
[runlim] sample:		999.8 time, 1000.8 real, 937.5 MB
[runlim] sample:		1009.8 time, 1010.8 real, 1115.5 MB
[runlim] sample:		1019.8 time, 1020.8 real, 930.6 MB
[runlim] sample:		1029.8 time, 1030.8 real, 976.4 MB
[runlim] sample:		1039.8 time, 1040.8 real, 926.6 MB
[runlim] sample:		1049.8 time, 1050.8 real, 926.6 MB
[runlim] sample:		1059.8 time, 1060.8 real, 951.0 MB
[runlim] sample:		1069.8 time, 1070.8 real, 963.3 MB
[runlim] sample:		1079.8 time, 1080.8 real, 963.3 MB
[runlim] sample:		1089.8 time, 1090.8 real, 1007.1 MB
[runlim] sample:		1099.8 time, 1100.8 real, 1007.1 MB
[runlim] sample:		1109.8 time, 1110.8 real, 1007.1 MB
[runlim] sample:		1119.8 time, 1120.8 real, 993.2 MB
[runlim] sample:		1129.8 time, 1130.8 real, 953.4 MB
[runlim] sample:		1139.8 time, 1140.8 real, 953.4 MB
[runlim] sample:		1149.8 time, 1150.8 real, 1041.9 MB
[runlim] sample:		1159.8 time, 1160.8 real, 1041.9 MB
[runlim] sample:		1169.8 time, 1170.8 real, 1245.7 MB
[runlim] sample:		1179.8 time, 1180.8 real, 977.8 MB
[runlim] sample:		1189.8 time, 1190.8 real, 977.8 MB
[runlim] sample:		1199.8 time, 1200.8 real, 1029.2 MB
[runlim] sample:		1209.8 time, 1210.8 real, 1236.1 MB
[runlim] sample:		1219.8 time, 1220.8 real, 1006.8 MB
[runlim] sample:		1229.8 time, 1230.8 real, 1006.3 MB
[runlim] sample:		1239.8 time, 1240.8 real, 1006.3 MB
[runlim] sample:		1249.8 time, 1250.8 real, 1006.3 MB
[runlim] sample:		1259.8 time, 1260.8 real, 1038.6 MB
[runlim] sample:		1269.8 time, 1270.8 real, 1124.2 MB
[runlim] sample:		1279.8 time, 1280.8 real, 1124.2 MB
[runlim] sample:		1289.8 time, 1290.8 real, 1124.2 MB
[runlim] sample:		1299.8 time, 1300.8 real, 1124.2 MB
[runlim] sample:		1309.8 time, 1310.8 real, 1138.6 MB
[runlim] sample:		1319.8 time, 1320.8 real, 1281.9 MB
[runlim] sample:		1329.8 time, 1330.8 real, 1523.2 MB
[runlim] sample:		1339.8 time, 1340.8 real, 1523.2 MB
[runlim] sample:		1349.8 time, 1350.8 real, 1244.8 MB
[runlim] sample:		1359.8 time, 1360.8 real, 1224.1 MB
[runlim] sample:		1369.8 time, 1370.8 real, 1224.1 MB
[runlim] sample:		1379.8 time, 1380.8 real, 1224.1 MB
[runlim] sample:		1389.8 time, 1390.8 real, 1165.4 MB
[runlim] sample:		1399.8 time, 1400.8 real, 1165.4 MB
[runlim] sample:		1409.8 time, 1410.8 real, 1165.4 MB
[runlim] sample:		1419.8 time, 1420.8 real, 1165.4 MB
[runlim] sample:		1429.8 time, 1430.8 real, 1165.4 MB
[runlim] sample:		1439.8 time, 1440.8 real, 1466.1 MB
[runlim] sample:		1449.8 time, 1450.8 real, 1466.1 MB
[runlim] sample:		1459.8 time, 1460.8 real, 1273.9 MB
[runlim] sample:		1469.8 time, 1470.8 real, 1273.9 MB
[runlim] sample:		1479.8 time, 1480.8 real, 1273.9 MB
[runlim] sample:		1489.8 time, 1490.8 real, 1207.8 MB
[runlim] sample:		1499.8 time, 1500.8 real, 1207.8 MB
[runlim] sample:		1509.8 time, 1510.8 real, 1207.8 MB
[runlim] sample:		1519.8 time, 1520.8 real, 1207.8 MB
[runlim] sample:		1529.8 time, 1530.8 real, 1434.3 MB
[runlim] sample:		1539.8 time, 1540.8 real, 1434.3 MB
[runlim] sample:		1549.8 time, 1550.8 real, 1434.3 MB
[runlim] sample:		1559.8 time, 1560.8 real, 1276.4 MB
[runlim] sample:		1569.8 time, 1570.8 real, 1276.4 MB
[runlim] sample:		1579.8 time, 1580.8 real, 1276.4 MB
[runlim] sample:		1589.8 time, 1590.8 real, 1281.7 MB
[runlim] sample:		1599.8 time, 1600.8 real, 1281.7 MB
[runlim] sample:		1609.8 time, 1610.8 real, 1337.8 MB
[runlim] sample:		1619.8 time, 1620.8 real, 1337.8 MB
[runlim] sample:		1629.8 time, 1630.8 real, 1337.8 MB
[runlim] sample:		1639.8 time, 1640.8 real, 1337.8 MB
[runlim] sample:		1649.8 time, 1650.8 real, 1385.3 MB
[runlim] sample:		1659.8 time, 1660.8 real, 1385.3 MB
[runlim] sample:		1669.8 time, 1670.8 real, 1385.3 MB
[runlim] sample:		1679.8 time, 1680.8 real, 1532.8 MB
[runlim] sample:		1689.8 time, 1690.8 real, 1532.8 MB
[runlim] sample:		1699.8 time, 1700.8 real, 1532.8 MB
[runlim] sample:		1709.8 time, 1710.8 real, 1532.8 MB
[runlim] sample:		1719.8 time, 1720.8 real, 1532.8 MB
[runlim] sample:		1729.8 time, 1730.8 real, 1289.6 MB
[runlim] sample:		1739.8 time, 1740.8 real, 1289.6 MB
[runlim] sample:		1749.8 time, 1750.8 real, 1289.6 MB
[runlim] sample:		1759.8 time, 1760.8 real, 1289.6 MB
[runlim] sample:		1769.8 time, 1770.8 real, 1339.7 MB
[runlim] sample:		1779.8 time, 1780.8 real, 1339.7 MB
[runlim] sample:		1789.8 time, 1790.8 real, 1661.2 MB
[runlim] sample:		1799.8 time, 1800.8 real, 1296.4 MB
[runlim] sample:		1809.8 time, 1810.8 real, 1296.4 MB
[runlim] sample:		1819.8 time, 1820.8 real, 1296.4 MB
[runlim] sample:		1829.8 time, 1830.8 real, 1219.2 MB
[runlim] sample:		1839.8 time, 1840.8 real, 1219.2 MB
[runlim] sample:		1849.8 time, 1850.8 real, 1219.2 MB
[runlim] sample:		1859.8 time, 1860.8 real, 1260.2 MB
[runlim] sample:		1869.8 time, 1870.8 real, 1260.2 MB
[runlim] sample:		1879.8 time, 1880.8 real, 1293.9 MB
[runlim] sample:		1889.8 time, 1890.8 real, 1293.9 MB
[runlim] sample:		1899.8 time, 1900.8 real, 1191.8 MB
[runlim] sample:		1909.8 time, 1910.8 real, 1229.2 MB
[runlim] sample:		1919.8 time, 1920.8 real, 1244.8 MB
[runlim] sample:		1929.7 time, 1930.8 real, 1506.9 MB
[runlim] sample:		1939.7 time, 1940.8 real, 1506.9 MB
[runlim] sample:		1949.7 time, 1950.8 real, 1506.9 MB
[runlim] sample:		1959.7 time, 1960.8 real, 1252.9 MB
[runlim] sample:		1969.7 time, 1970.8 real, 1252.9 MB
[runlim] sample:		1979.7 time, 1980.8 real, 1252.9 MB
[runlim] sample:		1989.7 time, 1990.8 real, 1295.2 MB
[runlim] sample:		1999.7 time, 2000.8 real, 1502.7 MB
[runlim] sample:		2009.7 time, 2010.8 real, 1502.7 MB
[runlim] sample:		2019.7 time, 2020.8 real, 1502.7 MB
[runlim] sample:		2029.7 time, 2030.8 real, 1502.7 MB
[runlim] sample:		2039.7 time, 2040.8 real, 1393.7 MB
[runlim] sample:		2049.7 time, 2050.8 real, 1393.7 MB
[runlim] sample:		2059.7 time, 2060.8 real, 1393.7 MB
[runlim] sample:		2069.7 time, 2070.8 real, 1462.9 MB
[runlim] sample:		2079.7 time, 2080.8 real, 1474.7 MB
[runlim] sample:		2089.7 time, 2090.8 real, 1474.7 MB
[runlim] sample:		2099.7 time, 2100.8 real, 1239.4 MB
[runlim] sample:		2109.7 time, 2110.8 real, 1239.4 MB
[runlim] sample:		2119.7 time, 2120.8 real, 1239.7 MB
[runlim] sample:		2129.7 time, 2130.8 real, 1532.4 MB
[runlim] sample:		2139.7 time, 2140.8 real, 1259.5 MB
[runlim] sample:		2149.7 time, 2150.8 real, 1259.5 MB
[runlim] sample:		2159.7 time, 2160.8 real, 1249.7 MB
[runlim] sample:		2169.7 time, 2170.8 real, 1249.7 MB
[runlim] sample:		2179.7 time, 2180.8 real, 1249.7 MB
[runlim] sample:		2189.7 time, 2190.8 real, 1317.7 MB
[runlim] sample:		2199.7 time, 2200.8 real, 1263.7 MB
[runlim] sample:		2209.7 time, 2210.8 real, 1151.8 MB
[runlim] sample:		2219.7 time, 2220.8 real, 1124.0 MB
[runlim] sample:		2229.7 time, 2230.8 real, 1124.0 MB
[runlim] sample:		2239.7 time, 2240.8 real, 1151.5 MB
[runlim] sample:		2249.7 time, 2250.8 real, 1151.5 MB
[runlim] sample:		2259.7 time, 2260.8 real, 1151.5 MB
[runlim] sample:		2269.7 time, 2270.8 real, 1151.5 MB
[runlim] sample:		2279.7 time, 2280.8 real, 1327.8 MB
[runlim] sample:		2289.7 time, 2290.8 real, 1327.8 MB
[runlim] sample:		2299.7 time, 2300.8 real, 1327.8 MB
[runlim] sample:		2309.7 time, 2310.8 real, 1348.6 MB
[runlim] sample:		2319.7 time, 2320.8 real, 1553.0 MB
[runlim] sample:		2329.7 time, 2330.8 real, 1130.9 MB
[runlim] sample:		2339.7 time, 2340.8 real, 1113.0 MB
[runlim] sample:		2349.7 time, 2350.8 real, 1376.2 MB
[runlim] sample:		2359.7 time, 2360.8 real, 1132.6 MB
[runlim] sample:		2369.7 time, 2370.8 real, 1132.6 MB
[runlim] sample:		2379.7 time, 2380.8 real, 1132.6 MB
[runlim] sample:		2389.7 time, 2390.8 real, 1132.6 MB
[runlim] sample:		2399.7 time, 2400.8 real, 1176.2 MB
[runlim] sample:		2409.7 time, 2410.8 real, 1624.9 MB
[runlim] sample:		2419.7 time, 2420.8 real, 1657.0 MB
[runlim] sample:		2429.7 time, 2430.8 real, 1289.2 MB
[runlim] sample:		2439.7 time, 2440.8 real, 1289.2 MB
[runlim] sample:		2449.7 time, 2450.8 real, 1290.0 MB
[runlim] sample:		2459.7 time, 2460.8 real, 1285.1 MB
[runlim] sample:		2469.7 time, 2470.8 real, 1285.1 MB
[runlim] sample:		2479.7 time, 2480.8 real, 1224.0 MB
[runlim] sample:		2489.7 time, 2490.8 real, 1224.0 MB
[runlim] sample:		2499.7 time, 2500.8 real, 1224.0 MB
[runlim] sample:		2509.7 time, 2510.8 real, 1308.4 MB
[runlim] sample:		2519.7 time, 2520.8 real, 1308.4 MB
[runlim] sample:		2529.7 time, 2530.8 real, 1308.4 MB
[runlim] sample:		2539.7 time, 2540.8 real, 1401.9 MB
[runlim] sample:		2549.7 time, 2550.8 real, 1401.9 MB
[runlim] sample:		2559.7 time, 2560.8 real, 1401.9 MB
[runlim] sample:		2569.7 time, 2570.8 real, 1227.7 MB
[runlim] sample:		2579.7 time, 2580.8 real, 1227.7 MB
[runlim] sample:		2589.7 time, 2590.8 real, 1227.7 MB
[runlim] sample:		2599.7 time, 2600.8 real, 1451.6 MB
[runlim] sample:		2609.7 time, 2610.8 real, 1451.6 MB
[runlim] sample:		2619.7 time, 2620.8 real, 1451.6 MB
[runlim] sample:		2629.7 time, 2630.8 real, 1451.6 MB
[runlim] sample:		2639.7 time, 2640.8 real, 1455.5 MB
[runlim] sample:		2649.7 time, 2650.8 real, 1990.1 MB
[runlim] sample:		2659.7 time, 2660.8 real, 1990.1 MB
[runlim] sample:		2669.7 time, 2670.8 real, 1959.6 MB
[runlim] sample:		2679.7 time, 2680.8 real, 1959.6 MB
[runlim] sample:		2689.7 time, 2690.8 real, 1959.6 MB
[runlim] sample:		2699.7 time, 2700.8 real, 1959.6 MB
[runlim] sample:		2709.7 time, 2710.8 real, 1959.6 MB
[runlim] sample:		2719.7 time, 2720.8 real, 1961.6 MB
[runlim] sample:		2729.7 time, 2730.8 real, 2061.8 MB
[runlim] sample:		2739.7 time, 2740.8 real, 2192.5 MB
[runlim] sample:		2749.7 time, 2750.8 real, 2319.3 MB
[runlim] sample:		2759.7 time, 2760.8 real, 2442.1 MB
[runlim] sample:		2769.7 time, 2770.8 real, 2880.8 MB
[runlim] sample:		2779.7 time, 2780.8 real, 2880.8 MB
[runlim] sample:		2789.7 time, 2790.8 real, 1835.9 MB
[runlim] sample:		2799.7 time, 2800.8 real, 1837.1 MB
[runlim] sample:		2809.7 time, 2810.8 real, 1837.1 MB
[runlim] sample:		2819.7 time, 2820.8 real, 1837.4 MB
[runlim] sample:		2829.7 time, 2830.8 real, 1837.4 MB
[runlim] sample:		2839.7 time, 2840.8 real, 2158.2 MB
[runlim] sample:		2849.7 time, 2850.8 real, 1668.3 MB
[runlim] sample:		2859.7 time, 2860.8 real, 1668.3 MB
[runlim] sample:		2869.7 time, 2870.8 real, 1898.2 MB
[runlim] sample:		2879.7 time, 2880.8 real, 1898.2 MB
[runlim] sample:		2889.7 time, 2890.8 real, 1898.2 MB
[runlim] sample:		2899.7 time, 2900.8 real, 1898.2 MB
[runlim] sample:		2909.7 time, 2910.8 real, 1898.2 MB
[runlim] sample:		2919.7 time, 2920.8 real, 1898.2 MB
[runlim] sample:		2929.7 time, 2930.8 real, 1898.2 MB
[runlim] sample:		2939.7 time, 2940.8 real, 1898.2 MB
[runlim] sample:		2949.7 time, 2950.8 real, 1898.2 MB
[runlim] sample:		2959.7 time, 2960.8 real, 1946.9 MB
[runlim] sample:		2969.7 time, 2970.8 real, 3066.9 MB
[runlim] sample:		2979.7 time, 2980.8 real, 3066.9 MB
[runlim] sample:		2989.7 time, 2990.8 real, 3066.9 MB
[runlim] sample:		2999.7 time, 3000.8 real, 2971.8 MB
[runlim] sample:		3009.7 time, 3010.8 real, 2971.8 MB
[runlim] sample:		3019.7 time, 3020.8 real, 2971.8 MB
[runlim] sample:		3029.7 time, 3030.8 real, 3882.1 MB
[runlim] sample:		3039.7 time, 3040.8 real, 2245.4 MB
[runlim] sample:		3049.7 time, 3050.8 real, 1662.6 MB
[runlim] sample:		3059.7 time, 3060.8 real, 1662.6 MB
[runlim] sample:		3069.7 time, 3070.8 real, 1618.3 MB
[runlim] sample:		3079.7 time, 3080.8 real, 1859.8 MB
[runlim] sample:		3089.7 time, 3090.8 real, 1859.8 MB
[runlim] sample:		3099.7 time, 3100.8 real, 1618.3 MB
[runlim] sample:		3109.7 time, 3110.8 real, 1618.3 MB
[runlim] sample:		3119.7 time, 3120.8 real, 1618.3 MB
[runlim] sample:		3129.7 time, 3130.8 real, 2060.8 MB
[runlim] sample:		3139.6 time, 3140.8 real, 2060.8 MB
[runlim] sample:		3149.7 time, 3150.8 real, 2081.0 MB
[runlim] sample:		3159.7 time, 3160.8 real, 2081.0 MB
[runlim] sample:		3169.7 time, 3170.8 real, 2081.0 MB
[runlim] sample:		3179.7 time, 3180.8 real, 2081.0 MB
[runlim] sample:		3189.7 time, 3190.8 real, 2081.0 MB
[runlim] sample:		3199.6 time, 3200.8 real, 2081.0 MB
[runlim] sample:		3209.6 time, 3210.8 real, 2081.0 MB
[runlim] sample:		3219.6 time, 3220.8 real, 2808.9 MB
[runlim] sample:		3229.6 time, 3230.8 real, 2808.9 MB
[runlim] sample:		3239.6 time, 3240.8 real, 2808.9 MB
[runlim] sample:		3249.6 time, 3250.8 real, 2808.9 MB
[runlim] sample:		3259.6 time, 3260.8 real, 1907.7 MB
[runlim] sample:		3269.6 time, 3270.8 real, 1907.7 MB
[runlim] sample:		3279.6 time, 3280.8 real, 1894.2 MB
[runlim] sample:		3289.6 time, 3290.8 real, 1894.2 MB
[runlim] sample:		3299.6 time, 3300.8 real, 1872.6 MB
[runlim] sample:		3309.6 time, 3310.8 real, 1872.6 MB
[runlim] sample:		3319.6 time, 3320.8 real, 1872.6 MB
[runlim] sample:		3329.6 time, 3330.8 real, 1872.6 MB
[runlim] sample:		3339.6 time, 3340.8 real, 1876.9 MB
[runlim] sample:		3349.6 time, 3350.8 real, 1876.9 MB
[runlim] sample:		3359.6 time, 3360.8 real, 1876.9 MB
[runlim] sample:		3369.6 time, 3370.8 real, 1876.9 MB
[runlim] sample:		3379.6 time, 3380.8 real, 2084.3 MB
[runlim] sample:		3389.6 time, 3390.8 real, 2084.3 MB
[runlim] sample:		3399.6 time, 3400.8 real, 2084.3 MB
[runlim] sample:		3409.6 time, 3410.8 real, 2006.3 MB
[runlim] sample:		3419.6 time, 3420.8 real, 2006.3 MB
[runlim] sample:		3429.6 time, 3430.8 real, 2006.3 MB
[runlim] sample:		3439.6 time, 3440.8 real, 2006.3 MB
[runlim] sample:		3449.6 time, 3450.8 real, 2006.3 MB
[runlim] sample:		3459.6 time, 3460.8 real, 1931.9 MB
[runlim] sample:		3469.6 time, 3470.8 real, 1931.9 MB
[runlim] sample:		3479.6 time, 3480.8 real, 1931.9 MB
[runlim] sample:		3489.6 time, 3490.8 real, 1931.9 MB
[runlim] sample:		3499.6 time, 3500.8 real, 2243.2 MB
[runlim] sample:		3509.6 time, 3510.8 real, 2243.2 MB
[runlim] sample:		3519.6 time, 3520.8 real, 1853.6 MB
[runlim] sample:		3529.6 time, 3530.8 real, 1853.6 MB
[runlim] sample:		3539.6 time, 3540.8 real, 1853.6 MB
[runlim] sample:		3549.6 time, 3550.8 real, 1853.6 MB
[runlim] sample:		3559.6 time, 3560.8 real, 1924.4 MB
[runlim] sample:		3569.6 time, 3570.8 real, 1924.4 MB
[runlim] sample:		3579.6 time, 3580.8 real, 1924.4 MB
[runlim] sample:		3589.6 time, 3590.8 real, 1924.4 MB
c Signal interruption.
[runlim] end:			Wed Aug 28 10:26:16 2024
[runlim] status:		out of time
[runlim] result:		2
[runlim] children:		0
[runlim] real:			3600.11 seconds
[runlim] time:			3598.92 seconds
[runlim] space:			4608.5 MB
[runlim] samples:		35993
