[runlim] version:		1.10
[runlim] time limit:		3600 seconds
[runlim] real time limit:	3600 seconds
[runlim] space limit:		30000 MB
[runlim] argv[0]:		/home/truongxuanhieu/AntiBandwidthReconstruct/build/abw_enc_symbreak_max_node
[runlim] argv[1]:		/home/truongxuanhieu/AntiBandwidthReconstruct/build/BenchmarksAdd/U-662_bus.mtx.rnd
[runlim] argv[2]:		--duplexNSC
[runlim] argv[3]:		-split-size
[runlim] argv[4]:		10
[runlim] start:			Wed Aug 28 22:29:49 2024
[runlim] main pid:		26090
[runlim] log captured:
c DuplexEncoder 0.8.
c Splitting clauses at length 10.
c Solving strategy: from LB to UB.
c LB-w = 219 (LB in Sinnl - A note on computational approaches for the antibandwidth problem).
c UB-w = 220 (UB in Sinnl - A note on computational approaches for the antibandwidth problem).
c Antibandwidth problem with w = 219 ( U-662_bus.mtx.rnd ):
c Initializing CaDiCaL (version 1.2.1).
c	Configuring CaDiCaL as --sat (1).
c Initializing a DuplexNSC encoder with n = 662.
c Encoding starts with w = 219:
c	Labels and Vertices aux var: 66200
c	Labels and Vertices constraints:  978436
c	Obj k aux var: 722904
c	Obj k constraints: 4501124
c	Obj k glue staircase constraints: 1600902
c	Encoding duration: 2s
c	Number of clauses: 5528217
c	Number of irredundant clauses: 5526120
c	Number of variables: 1275674
c SAT Solving starts:
[runlim] sample:		10.0 time, 10.2 real, 1077.7 MB
[runlim] sample:		20.0 time, 20.2 real, 1016.8 MB
[runlim] sample:		30.0 time, 30.2 real, 1058.1 MB
[runlim] sample:		40.0 time, 40.2 real, 1098.0 MB
c	Solving duration: 38712 ms
c	Answer: 
s SAT (w = 219)
c	Solution check:
p calculated antibandwidth = 219.
c
c
c Antibandwidth problem with w = 220 ( U-662_bus.mtx.rnd ):
c Initializing CaDiCaL (version 1.2.1).
c	Configuring CaDiCaL as --sat (1).
c Initializing a DuplexNSC encoder with n = 662.
c Encoding starts with w = 220:
c	Labels and Vertices aux var: 66200
c	Labels and Vertices constraints:  978436
c	Obj k aux var: 724228
c	Obj k constraints: 4500810
c	Obj k glue staircase constraints: 1597278
c	Encoding duration: 1s
c	Number of clauses: 5527903
c	Number of irredundant clauses: 5525800
c	Number of variables: 1276998
c SAT Solving starts:
[runlim] sample:		50.0 time, 50.2 real, 1346.7 MB
[runlim] sample:		60.0 time, 60.2 real, 1038.7 MB
[runlim] sample:		70.0 time, 70.2 real, 999.0 MB
[runlim] sample:		80.0 time, 80.2 real, 1070.5 MB
[runlim] sample:		90.0 time, 90.2 real, 1097.5 MB
[runlim] sample:		100.0 time, 100.2 real, 1100.6 MB
[runlim] sample:		110.0 time, 110.2 real, 1107.0 MB
[runlim] sample:		120.0 time, 120.2 real, 1119.8 MB
[runlim] sample:		130.0 time, 130.2 real, 1121.8 MB
[runlim] sample:		140.0 time, 140.2 real, 1121.8 MB
[runlim] sample:		150.0 time, 150.2 real, 1127.0 MB
[runlim] sample:		160.0 time, 160.2 real, 1129.0 MB
[runlim] sample:		170.0 time, 170.2 real, 1268.3 MB
[runlim] sample:		180.0 time, 180.2 real, 1116.7 MB
[runlim] sample:		190.0 time, 190.2 real, 1139.8 MB
[runlim] sample:		200.0 time, 200.2 real, 1131.9 MB
[runlim] sample:		210.0 time, 210.2 real, 1137.3 MB
[runlim] sample:		220.0 time, 220.2 real, 1088.4 MB
[runlim] sample:		230.0 time, 230.2 real, 1135.9 MB
[runlim] sample:		240.0 time, 240.2 real, 1289.3 MB
[runlim] sample:		250.0 time, 250.2 real, 1140.1 MB
[runlim] sample:		260.0 time, 260.2 real, 1157.1 MB
[runlim] sample:		270.0 time, 270.2 real, 1122.9 MB
[runlim] sample:		280.0 time, 280.2 real, 1144.5 MB
[runlim] sample:		290.0 time, 290.2 real, 1365.4 MB
[runlim] sample:		300.0 time, 300.2 real, 1196.0 MB
[runlim] sample:		310.0 time, 310.2 real, 1273.6 MB
[runlim] sample:		320.0 time, 320.2 real, 1276.0 MB
[runlim] sample:		330.0 time, 330.2 real, 1276.0 MB
[runlim] sample:		340.0 time, 340.2 real, 1215.3 MB
[runlim] sample:		350.0 time, 350.2 real, 1196.6 MB
[runlim] sample:		360.0 time, 360.2 real, 1242.9 MB
[runlim] sample:		369.9 time, 370.2 real, 1213.2 MB
c	Solving duration: 335647 ms
c	Answer: 
s SAT (w = 220)
c	Solution check:
p calculated antibandwidth = 220.
c
c
[runlim] end:			Wed Aug 28 22:36:08 2024
[runlim] status:		ok
[runlim] result:		0
[runlim] children:		0
[runlim] real:			379.39 seconds
[runlim] time:			379.16 seconds
[runlim] space:			1470.9 MB
[runlim] samples:		3792
