[runlim] version:		1.10
[runlim] time limit:		1800 seconds
[runlim] real time limit:	1800 seconds
[runlim] space limit:		30000 MB
[runlim] argv[0]:		/home/truongxuanhieu/AntiBandwidthReconstruct/build/abw_enc_symbreak_max_node
[runlim] argv[1]:		/home/truongxuanhieu/AntiBandwidthReconstruct/build/BenchmarkR/R-dwt__503.mtx.rnd
[runlim] argv[2]:		--duplexNSC
[runlim] start:			Tue Sep 24 08:17:13 2024
[runlim] main pid:		2126
[runlim] log captured:
c DuplexEncoder 0.8.
c Solving strategy: from LB to UB.
c LB-w = 46 (LB in Sinnl - A note on computational approaches for the antibandwidth problem).
c UB-w = 71 (UB in Sinnl - A note on computational approaches for the antibandwidth problem).
c Antibandwidth problem with w = 46 ( R-dwt__503.mtx.rnd ):
c Initializing CaDiCaL (version 1.2.1).
c	Configuring CaDiCaL as --sat (1).
c Initializing a DuplexNSC encoder with n = 503.
c Encoding starts with w = 46:
c	Labels and Vertices aux var: 43258
c	Labels and Vertices constraints:  597564
c	Obj k aux var: 446664
c	Obj k constraints: 6803517
c	Obj k glue staircase constraints: 4977124
c	Encoding duration: 2s
c	Number of clauses: 7401332
c	Number of irredundant clauses: 7398982
c	Number of variables: 742931
c SAT Solving starts:
c	Solving duration: 3851 ms
c	Answer: 
s SAT (w = 46)
c	Solution check:
p calculated antibandwidth = 46.
c
c
c Antibandwidth problem with w = 47 ( R-dwt__503.mtx.rnd ):
c Initializing CaDiCaL (version 1.2.1).
c	Configuring CaDiCaL as --sat (1).
c Initializing a DuplexNSC encoder with n = 503.
c Encoding starts with w = 47:
c	Labels and Vertices aux var: 43258
c	Labels and Vertices constraints:  597564
c	Obj k aux var: 451191
c	Obj k constraints: 6805547
c	Obj k glue staircase constraints: 4966076
c	Encoding duration: 2s
c	Number of clauses: 7403362
c	Number of irredundant clauses: 7401002
c	Number of variables: 747458
c SAT Solving starts:
[runlim] sample:		10.0 time, 11.0 real, 831.7 MB
c	Solving duration: 4158 ms
c	Answer: 
s SAT (w = 47)
c	Solution check:
p calculated antibandwidth = 47.
c
c
c Antibandwidth problem with w = 48 ( R-dwt__503.mtx.rnd ):
c Initializing CaDiCaL (version 1.2.1).
c	Configuring CaDiCaL as --sat (1).
c Initializing a DuplexNSC encoder with n = 503.
c Encoding starts with w = 48:
c	Labels and Vertices aux var: 43258
c	Labels and Vertices constraints:  597564
c	Obj k aux var: 455718
c	Obj k constraints: 6807577
c	Obj k glue staircase constraints: 4955028
c	Encoding duration: 2s
c	Number of clauses: 7405392
c	Number of irredundant clauses: 7403022
c	Number of variables: 751985
c SAT Solving starts:
[runlim] sample:		20.0 time, 21.0 real, 1004.7 MB
c	Solving duration: 4955 ms
c	Answer: 
s SAT (w = 48)
c	Solution check:
p calculated antibandwidth = 48.
c
c
c Antibandwidth problem with w = 49 ( R-dwt__503.mtx.rnd ):
c Initializing CaDiCaL (version 1.2.1).
c	Configuring CaDiCaL as --sat (1).
c Initializing a DuplexNSC encoder with n = 503.
c Encoding starts with w = 49:
c	Labels and Vertices aux var: 43258
c	Labels and Vertices constraints:  597564
c	Obj k aux var: 460245
c	Obj k constraints: 6809607
c	Obj k glue staircase constraints: 4943980
c	Encoding duration: 1s
c	Number of clauses: 7407422
c	Number of irredundant clauses: 7405042
c	Number of variables: 756512
c SAT Solving starts:
c	Solving duration: 4258 ms
c	Answer: 
s SAT (w = 49)
c	Solution check:
p calculated antibandwidth = 49.
c
c
c Antibandwidth problem with w = 50 ( R-dwt__503.mtx.rnd ):
c Initializing CaDiCaL (version 1.2.1).
c	Configuring CaDiCaL as --sat (1).
c Initializing a DuplexNSC encoder with n = 503.
c Encoding starts with w = 50:
c	Labels and Vertices aux var: 43258
c	Labels and Vertices constraints:  597564
c	Obj k aux var: 464772
c	Obj k constraints: 6811637
c	Obj k glue staircase constraints: 4932932
c	Encoding duration: 1s
c	Number of clauses: 7409452
c	Number of irredundant clauses: 7407062
c	Number of variables: 761039
c SAT Solving starts:
[runlim] sample:		30.0 time, 31.0 real, 875.2 MB
[runlim] sample:		40.0 time, 41.0 real, 1063.5 MB
c	Solving duration: 12454 ms
c	Answer: 
s SAT (w = 50)
c	Solution check:
p calculated antibandwidth = 50.
c
c
c Antibandwidth problem with w = 51 ( R-dwt__503.mtx.rnd ):
c Initializing CaDiCaL (version 1.2.1).
c	Configuring CaDiCaL as --sat (1).
c Initializing a DuplexNSC encoder with n = 503.
c Encoding starts with w = 51:
c	Labels and Vertices aux var: 43258
c	Labels and Vertices constraints:  592534
c	Obj k aux var: 445155
c	Obj k constraints: 6749018
c	Obj k glue staircase constraints: 4930170
c	Encoding duration: 2s
c	Number of clauses: 7341803
c	Number of irredundant clauses: 7339454
c	Number of variables: 741422
c SAT Solving starts:
[runlim] sample:		50.0 time, 51.0 real, 1062.1 MB
[runlim] sample:		60.0 time, 61.0 real, 1056.1 MB
c	Solving duration: 25817 ms
c	Answer: 
s SAT (w = 51)
c	Solution check:
p calculated antibandwidth = 51.
c
c
c Antibandwidth problem with w = 52 ( R-dwt__503.mtx.rnd ):
c Initializing CaDiCaL (version 1.2.1).
c	Configuring CaDiCaL as --sat (1).
c Initializing a DuplexNSC encoder with n = 503.
c Encoding starts with w = 52:
[runlim] sample:		70.0 time, 71.0 real, 785.9 MB
c	Labels and Vertices aux var: 43258
c	Labels and Vertices constraints:  592534
c	Obj k aux var: 449179
c	Obj k constraints: 6749539
c	Obj k glue staircase constraints: 4919122
c	Encoding duration: 2s
c	Number of clauses: 7342324
c	Number of irredundant clauses: 7339966
c	Number of variables: 745446
c SAT Solving starts:
[runlim] sample:		80.0 time, 81.0 real, 1027.6 MB
[runlim] sample:		90.0 time, 91.0 real, 1063.4 MB
c	Solving duration: 22549 ms
c	Answer: 
s SAT (w = 52)
c	Solution check:
p calculated antibandwidth = 52.
c
c
c Antibandwidth problem with w = 53 ( R-dwt__503.mtx.rnd ):
c Initializing CaDiCaL (version 1.2.1).
c	Configuring CaDiCaL as --sat (1).
c Initializing a DuplexNSC encoder with n = 503.
c Encoding starts with w = 53:
c	Labels and Vertices aux var: 43258
c	Labels and Vertices constraints:  592534
c	Obj k aux var: 453203
c	Obj k constraints: 6750060
c	Obj k glue staircase constraints: 4908074
c	Encoding duration: 1s
c	Number of clauses: 7342845
c	Number of irredundant clauses: 7340478
c	Number of variables: 749470
c SAT Solving starts:
[runlim] sample:		100.0 time, 101.0 real, 1067.2 MB
[runlim] sample:		110.0 time, 111.0 real, 1051.3 MB
[runlim] sample:		120.0 time, 121.0 real, 1051.3 MB
c	Solving duration: 26797 ms
c	Answer: 
s SAT (w = 53)
c	Solution check:
p calculated antibandwidth = 53.
c
c
c Antibandwidth problem with w = 54 ( R-dwt__503.mtx.rnd ):
c Initializing CaDiCaL (version 1.2.1).
c	Configuring CaDiCaL as --sat (1).
c Initializing a DuplexNSC encoder with n = 503.
c Encoding starts with w = 54:
c	Labels and Vertices aux var: 43258
c	Labels and Vertices constraints:  592534
c	Obj k aux var: 457227
c	Obj k constraints: 6750581
c	Obj k glue staircase constraints: 4897026
c	Encoding duration: 2s
c	Number of clauses: 7343366
c	Number of irredundant clauses: 7340990
c	Number of variables: 753494
c SAT Solving starts:
[runlim] sample:		130.0 time, 131.0 real, 1051.1 MB
c	Solving duration: 4552 ms
c	Answer: 
s SAT (w = 54)
c	Solution check:
p calculated antibandwidth = 54.
c
c
c Antibandwidth problem with w = 55 ( R-dwt__503.mtx.rnd ):
c Initializing CaDiCaL (version 1.2.1).
c	Configuring CaDiCaL as --sat (1).
c Initializing a DuplexNSC encoder with n = 503.
c Encoding starts with w = 55:
c	Labels and Vertices aux var: 43258
c	Labels and Vertices constraints:  592534
c	Obj k aux var: 461251
c	Obj k constraints: 6751102
c	Obj k glue staircase constraints: 4885978
c	Encoding duration: 2s
c	Number of clauses: 7343887
c	Number of irredundant clauses: 7341502
c	Number of variables: 757518
c SAT Solving starts:
c	Solving duration: 6437 ms
c	Answer: 
s SAT (w = 55)
c	Solution check:
p calculated antibandwidth = 55.
c
c
c Antibandwidth problem with w = 56 ( R-dwt__503.mtx.rnd ):
c Initializing CaDiCaL (version 1.2.1).
c	Configuring CaDiCaL as --sat (1).
c Initializing a DuplexNSC encoder with n = 503.
c Encoding starts with w = 56:
[runlim] sample:		140.0 time, 141.0 real, 822.8 MB
c	Labels and Vertices aux var: 43258
c	Labels and Vertices constraints:  588007
c	Obj k aux var: 438616
c	Obj k constraints: 6679429
c	Obj k glue staircase constraints: 4883216
c	Encoding duration: 1s
c	Number of clauses: 7267687
c	Number of irredundant clauses: 7265448
c	Number of variables: 734883
c SAT Solving starts:
[runlim] sample:		150.0 time, 151.0 real, 1054.5 MB
[runlim] sample:		160.0 time, 161.0 real, 1070.6 MB
[runlim] sample:		170.0 time, 171.0 real, 1059.1 MB
[runlim] sample:		180.0 time, 181.0 real, 1058.9 MB
[runlim] sample:		190.0 time, 191.0 real, 1058.5 MB
[runlim] sample:		200.0 time, 201.0 real, 1060.2 MB
[runlim] sample:		210.0 time, 211.0 real, 1059.4 MB
[runlim] sample:		220.0 time, 221.0 real, 1070.1 MB
[runlim] sample:		230.0 time, 231.0 real, 1162.6 MB
[runlim] sample:		240.0 time, 241.0 real, 1162.6 MB
[runlim] sample:		250.0 time, 251.0 real, 1072.1 MB
c	Solving duration: 111120 ms
c	Answer: 
s SAT (w = 56)
c	Solution check:
p calculated antibandwidth = 56.
c
c
c Antibandwidth problem with w = 57 ( R-dwt__503.mtx.rnd ):
c Initializing CaDiCaL (version 1.2.1).
c	Configuring CaDiCaL as --sat (1).
c Initializing a DuplexNSC encoder with n = 503.
c Encoding starts with w = 57:
c	Labels and Vertices aux var: 43258
c	Labels and Vertices constraints:  588007
c	Obj k aux var: 442137
c	Obj k constraints: 6678441
c	Obj k glue staircase constraints: 4872168
c	Encoding duration: 2s
c	Number of clauses: 7266699
c	Number of irredundant clauses: 7264550
c	Number of variables: 738404
c SAT Solving starts:
[runlim] sample:		260.0 time, 261.0 real, 1228.2 MB
[runlim] sample:		270.0 time, 271.0 real, 1042.6 MB
[runlim] sample:		280.0 time, 281.0 real, 1227.4 MB
[runlim] sample:		290.0 time, 291.0 real, 1058.5 MB
[runlim] sample:		300.0 time, 301.0 real, 1058.7 MB
[runlim] sample:		310.0 time, 311.0 real, 1061.7 MB
[runlim] sample:		320.0 time, 321.0 real, 1231.8 MB
[runlim] sample:		330.0 time, 331.0 real, 1061.8 MB
[runlim] sample:		340.0 time, 341.0 real, 1061.0 MB
[runlim] sample:		350.0 time, 351.0 real, 1063.6 MB
c	Solving duration: 98183 ms
c	Answer: 
s SAT (w = 57)
c	Solution check:
p calculated antibandwidth = 57.
c
c
c Antibandwidth problem with w = 58 ( R-dwt__503.mtx.rnd ):
c Initializing CaDiCaL (version 1.2.1).
c	Configuring CaDiCaL as --sat (1).
c Initializing a DuplexNSC encoder with n = 503.
c Encoding starts with w = 58:
c	Labels and Vertices aux var: 43258
c	Labels and Vertices constraints:  588007
c	Obj k aux var: 445658
c	Obj k constraints: 6677453
c	Obj k glue staircase constraints: 4861120
c	Encoding duration: 2s
c	Number of clauses: 7265711
c	Number of irredundant clauses: 7263554
c	Number of variables: 741925
c SAT Solving starts:
[runlim] sample:		360.0 time, 361.0 real, 1059.9 MB
[runlim] sample:		370.0 time, 371.0 real, 1209.0 MB
[runlim] sample:		380.0 time, 381.0 real, 1212.9 MB
[runlim] sample:		390.0 time, 391.0 real, 1213.1 MB
[runlim] sample:		400.0 time, 401.0 real, 1213.4 MB
[runlim] sample:		410.0 time, 411.0 real, 1223.7 MB
[runlim] sample:		420.0 time, 421.0 real, 1053.8 MB
[runlim] sample:		430.0 time, 431.0 real, 1055.3 MB
[runlim] sample:		440.0 time, 441.0 real, 1056.8 MB
[runlim] sample:		450.0 time, 451.0 real, 1062.8 MB
[runlim] sample:		460.0 time, 461.0 real, 1065.6 MB
[runlim] sample:		470.0 time, 471.0 real, 1068.6 MB
[runlim] sample:		480.0 time, 481.0 real, 1073.7 MB
[runlim] sample:		490.0 time, 491.0 real, 1067.3 MB
[runlim] sample:		500.0 time, 501.0 real, 1074.5 MB
c	Solving duration: 144649 ms
c	Answer: 
s SAT (w = 58)
c	Solution check:
p calculated antibandwidth = 58.
c
c
c Antibandwidth problem with w = 59 ( R-dwt__503.mtx.rnd ):
c Initializing CaDiCaL (version 1.2.1).
c	Configuring CaDiCaL as --sat (1).
c Initializing a DuplexNSC encoder with n = 503.
c Encoding starts with w = 59:
c	Labels and Vertices aux var: 43258
c	Labels and Vertices constraints:  588007
c	Obj k aux var: 449179
c	Obj k constraints: 6676465
c	Obj k glue staircase constraints: 4850072
c	Encoding duration: 1s
c	Number of clauses: 7264723
c	Number of irredundant clauses: 7262558
c	Number of variables: 745446
c SAT Solving starts:
[runlim] sample:		510.0 time, 511.0 real, 1017.1 MB
[runlim] sample:		520.0 time, 521.0 real, 1068.9 MB
[runlim] sample:		530.0 time, 531.0 real, 1040.9 MB
[runlim] sample:		540.0 time, 541.0 real, 1063.9 MB
[runlim] sample:		550.0 time, 551.0 real, 1046.2 MB
[runlim] sample:		560.0 time, 561.0 real, 1046.1 MB
[runlim] sample:		570.0 time, 571.0 real, 1054.2 MB
[runlim] sample:		580.0 time, 581.0 real, 1056.8 MB
[runlim] sample:		590.0 time, 591.0 real, 1055.2 MB
[runlim] sample:		600.0 time, 601.0 real, 1073.1 MB
[runlim] sample:		610.0 time, 611.0 real, 1247.4 MB
[runlim] sample:		620.0 time, 621.0 real, 1069.1 MB
[runlim] sample:		630.0 time, 631.0 real, 1071.4 MB
[runlim] sample:		639.9 time, 641.0 real, 1078.6 MB
[runlim] sample:		650.0 time, 651.0 real, 1073.1 MB
[runlim] sample:		660.0 time, 661.0 real, 1025.5 MB
[runlim] sample:		670.0 time, 671.0 real, 1204.2 MB
[runlim] sample:		679.9 time, 681.0 real, 1046.0 MB
[runlim] sample:		689.9 time, 691.0 real, 1046.0 MB
[runlim] sample:		699.9 time, 701.0 real, 1075.2 MB
[runlim] sample:		709.9 time, 711.0 real, 1136.1 MB
[runlim] sample:		719.9 time, 721.0 real, 1033.1 MB
[runlim] sample:		729.9 time, 731.0 real, 1027.8 MB
[runlim] sample:		739.9 time, 741.0 real, 1063.6 MB
[runlim] sample:		749.9 time, 751.0 real, 1075.3 MB
[runlim] sample:		759.9 time, 761.0 real, 1124.7 MB
[runlim] sample:		769.9 time, 771.0 real, 1124.6 MB
c	Solving duration: 272106 ms
c	Answer: 
s SAT (w = 59)
c	Solution check:
p calculated antibandwidth = 59.
c
c
c Antibandwidth problem with w = 60 ( R-dwt__503.mtx.rnd ):
c Initializing CaDiCaL (version 1.2.1).
c	Configuring CaDiCaL as --sat (1).
c Initializing a DuplexNSC encoder with n = 503.
c Encoding starts with w = 60:
c	Labels and Vertices aux var: 43258
c	Labels and Vertices constraints:  588007
c	Obj k aux var: 452700
c	Obj k constraints: 6675477
c	Obj k glue staircase constraints: 4839024
c	Encoding duration: 2s
c	Number of clauses: 7263735
c	Number of irredundant clauses: 7261562
c	Number of variables: 748967
c SAT Solving starts:
[runlim] sample:		779.9 time, 781.0 real, 1053.2 MB
[runlim] sample:		789.9 time, 791.0 real, 1040.7 MB
[runlim] sample:		799.9 time, 801.0 real, 1042.7 MB
[runlim] sample:		809.9 time, 811.0 real, 1054.2 MB
[runlim] sample:		819.9 time, 821.0 real, 1054.9 MB
[runlim] sample:		829.9 time, 831.0 real, 1057.4 MB
[runlim] sample:		839.9 time, 841.0 real, 1055.6 MB
[runlim] sample:		849.9 time, 851.0 real, 1055.6 MB
[runlim] sample:		859.9 time, 861.0 real, 1059.4 MB
[runlim] sample:		869.9 time, 871.0 real, 1061.3 MB
[runlim] sample:		879.9 time, 881.0 real, 1043.3 MB
[runlim] sample:		889.9 time, 891.0 real, 1068.8 MB
[runlim] sample:		899.9 time, 901.0 real, 1066.0 MB
[runlim] sample:		909.9 time, 911.0 real, 1057.6 MB
[runlim] sample:		919.9 time, 921.0 real, 1068.2 MB
[runlim] sample:		929.9 time, 931.0 real, 1068.2 MB
[runlim] sample:		939.9 time, 941.0 real, 1071.8 MB
[runlim] sample:		949.9 time, 951.0 real, 1071.8 MB
[runlim] sample:		959.9 time, 961.0 real, 1070.8 MB
[runlim] sample:		969.9 time, 971.0 real, 1073.3 MB
[runlim] sample:		979.9 time, 981.0 real, 1083.2 MB
[runlim] sample:		989.9 time, 991.0 real, 1066.0 MB
[runlim] sample:		999.9 time, 1001.0 real, 1068.6 MB
[runlim] sample:		1009.9 time, 1011.0 real, 1074.0 MB
[runlim] sample:		1019.9 time, 1021.0 real, 1230.1 MB
[runlim] sample:		1029.9 time, 1031.0 real, 1073.5 MB
[runlim] sample:		1039.9 time, 1041.0 real, 1080.2 MB
[runlim] sample:		1049.9 time, 1051.0 real, 1080.2 MB
[runlim] sample:		1059.9 time, 1061.0 real, 1080.7 MB
[runlim] sample:		1069.9 time, 1071.0 real, 1081.8 MB
[runlim] sample:		1079.9 time, 1081.0 real, 1074.4 MB
[runlim] sample:		1089.8 time, 1091.0 real, 1074.4 MB
[runlim] sample:		1099.8 time, 1101.0 real, 1060.4 MB
[runlim] sample:		1109.8 time, 1111.0 real, 1060.4 MB
[runlim] sample:		1119.8 time, 1121.0 real, 1060.4 MB
[runlim] sample:		1129.8 time, 1131.0 real, 1057.7 MB
[runlim] sample:		1139.8 time, 1141.0 real, 1057.7 MB
[runlim] sample:		1149.8 time, 1151.0 real, 1106.7 MB
[runlim] sample:		1159.8 time, 1161.0 real, 1064.8 MB
[runlim] sample:		1169.8 time, 1171.0 real, 1097.9 MB
[runlim] sample:		1179.8 time, 1181.0 real, 1097.9 MB
c	Solving duration: 403421 ms
c	Answer: 
s SAT (w = 60)
c	Solution check:
p calculated antibandwidth = 60.
c
c
c Antibandwidth problem with w = 61 ( R-dwt__503.mtx.rnd ):
c Initializing CaDiCaL (version 1.2.1).
c	Configuring CaDiCaL as --sat (1).
c Initializing a DuplexNSC encoder with n = 503.
c Encoding starts with w = 61:
c	Labels and Vertices aux var: 43258
c	Labels and Vertices constraints:  588007
c	Obj k aux var: 456221
c	Obj k constraints: 6674489
c	Obj k glue staircase constraints: 4827976
c	Encoding duration: 1s
c	Number of clauses: 7262747
c	Number of irredundant clauses: 7260566
c	Number of variables: 752488
c SAT Solving starts:
[runlim] sample:		1189.8 time, 1191.0 real, 1076.1 MB
[runlim] sample:		1199.8 time, 1201.0 real, 1076.1 MB
[runlim] sample:		1209.8 time, 1211.0 real, 1208.4 MB
[runlim] sample:		1219.8 time, 1221.0 real, 1039.9 MB
[runlim] sample:		1229.8 time, 1231.0 real, 1041.9 MB
[runlim] sample:		1239.8 time, 1241.0 real, 1043.1 MB
[runlim] sample:		1249.8 time, 1251.0 real, 1042.1 MB
[runlim] sample:		1259.8 time, 1261.0 real, 1042.6 MB
[runlim] sample:		1269.8 time, 1271.0 real, 1044.6 MB
[runlim] sample:		1279.8 time, 1281.0 real, 1044.0 MB
[runlim] sample:		1289.8 time, 1291.0 real, 1044.0 MB
[runlim] sample:		1299.8 time, 1301.0 real, 1045.9 MB
[runlim] sample:		1309.8 time, 1311.0 real, 1100.3 MB
[runlim] sample:		1319.8 time, 1321.0 real, 1037.2 MB
[runlim] sample:		1329.8 time, 1331.0 real, 1032.9 MB
[runlim] sample:		1339.8 time, 1341.0 real, 1034.9 MB
[runlim] sample:		1349.8 time, 1351.0 real, 1081.2 MB
[runlim] sample:		1359.8 time, 1361.0 real, 1037.6 MB
[runlim] sample:		1369.8 time, 1371.0 real, 1037.6 MB
[runlim] sample:		1379.8 time, 1381.0 real, 1037.6 MB
[runlim] sample:		1389.8 time, 1391.0 real, 1137.9 MB
[runlim] sample:		1399.8 time, 1401.0 real, 1051.4 MB
[runlim] sample:		1409.8 time, 1411.0 real, 1051.4 MB
[runlim] sample:		1419.8 time, 1421.0 real, 1047.3 MB
[runlim] sample:		1429.8 time, 1431.0 real, 1043.4 MB
[runlim] sample:		1439.8 time, 1441.0 real, 1043.4 MB
[runlim] sample:		1449.8 time, 1451.0 real, 1044.6 MB
[runlim] sample:		1459.8 time, 1461.0 real, 1044.6 MB
[runlim] sample:		1469.8 time, 1471.0 real, 1050.0 MB
[runlim] sample:		1479.8 time, 1481.0 real, 1040.8 MB
[runlim] sample:		1489.8 time, 1491.0 real, 1040.8 MB
c	Solving duration: 309719 ms
c	Answer: 
s SAT (w = 61)
c	Solution check:
p calculated antibandwidth = 61.
c
c
c Antibandwidth problem with w = 62 ( R-dwt__503.mtx.rnd ):
c Initializing CaDiCaL (version 1.2.1).
c	Configuring CaDiCaL as --sat (1).
c Initializing a DuplexNSC encoder with n = 503.
c Encoding starts with w = 62:
c	Labels and Vertices aux var: 43258
c	Labels and Vertices constraints:  588007
c	Obj k aux var: 459742
c	Obj k constraints: 6673501
c	Obj k glue staircase constraints: 4816928
c	Encoding duration: 1s
c	Number of clauses: 7261759
c	Number of irredundant clauses: 7259570
c	Number of variables: 756009
c SAT Solving starts:
[runlim] sample:		1499.8 time, 1501.0 real, 1199.9 MB
[runlim] sample:		1509.8 time, 1511.0 real, 1075.8 MB
[runlim] sample:		1519.8 time, 1521.0 real, 1036.8 MB
[runlim] sample:		1529.8 time, 1531.0 real, 1128.9 MB
[runlim] sample:		1539.8 time, 1541.0 real, 1065.2 MB
[runlim] sample:		1549.8 time, 1551.0 real, 1039.9 MB
[runlim] sample:		1559.8 time, 1561.0 real, 1039.3 MB
[runlim] sample:		1569.8 time, 1571.0 real, 1039.3 MB
[runlim] sample:		1579.8 time, 1581.0 real, 1039.0 MB
[runlim] sample:		1589.8 time, 1591.0 real, 1041.8 MB
[runlim] sample:		1599.8 time, 1601.0 real, 989.9 MB
[runlim] sample:		1609.8 time, 1611.0 real, 988.5 MB
[runlim] sample:		1619.8 time, 1621.0 real, 991.1 MB
[runlim] sample:		1629.8 time, 1631.0 real, 991.1 MB
[runlim] sample:		1639.8 time, 1641.0 real, 1013.3 MB
[runlim] sample:		1649.8 time, 1651.0 real, 1016.2 MB
[runlim] sample:		1659.8 time, 1661.0 real, 1019.9 MB
[runlim] sample:		1669.8 time, 1671.0 real, 1102.3 MB
[runlim] sample:		1679.8 time, 1681.0 real, 996.1 MB
[runlim] sample:		1689.8 time, 1691.0 real, 990.2 MB
[runlim] sample:		1699.8 time, 1701.0 real, 1171.2 MB
[runlim] sample:		1709.8 time, 1711.0 real, 1017.6 MB
[runlim] sample:		1719.8 time, 1721.0 real, 1020.3 MB
[runlim] sample:		1729.8 time, 1731.0 real, 1016.8 MB
[runlim] sample:		1739.8 time, 1741.0 real, 1016.8 MB
[runlim] sample:		1749.8 time, 1751.0 real, 1016.8 MB
[runlim] sample:		1759.8 time, 1761.0 real, 1016.4 MB
[runlim] sample:		1769.8 time, 1771.0 real, 1028.8 MB
[runlim] sample:		1779.8 time, 1781.0 real, 1204.5 MB
[runlim] sample:		1789.8 time, 1791.0 real, 1029.6 MB
c Signal interruption.
[runlim] end:			Tue Sep 24 08:47:13 2024
[runlim] status:		out of time
[runlim] result:		2
[runlim] children:		0
[runlim] real:			1800.10 seconds
[runlim] time:			1798.94 seconds
[runlim] space:			1401.0 MB
[runlim] samples:		17991
