[runlim] version:		1.10
[runlim] time limit:		1800 seconds
[runlim] real time limit:	1800 seconds
[runlim] space limit:		30000 MB
[runlim] argv[0]:		/home/truongxuanhieu/AntiBandwidthReconstruct/build/abw_enc
[runlim] argv[1]:		/home/truongxuanhieu/AntiBandwidthReconstruct/build/Benchmarks/N-bcsstk07.mtx.rnd
[runlim] argv[2]:		--duplexNSC
[runlim] start:			Mon Aug 12 20:04:08 2024
[runlim] main pid:		26713
[runlim] log captured:
c DuplexEncoder 0.8.
c Solving strategy: from LB to UB.
c LB-w = 28 (LB in Sinnl - A note on computational approaches for the antibandwidth problem).
c UB-w = 72 (UB in Sinnl - A note on computational approaches for the antibandwidth problem).
c Antibandwidth problem with w = 28 ( N-bcsstk07.mtx.rnd ):
c Initializing CaDiCaL (version 1.2.1).
c	Configuring CaDiCaL as --sat (1).
c Initializing a DuplexNSC encoder with n = 420.
c Encoding starts with w = 28:
c	Labels and Vertices aux var: 32760
c	Labels and Vertices constraints:  445200
c	Obj k aux var: 312060
c	Obj k constraints: 6961860
c	Obj k glue staircase constraints: 5680440
c	Encoding duration: 3s
c	Number of clauses: 7407060
c	Number of irredundant clauses: 7407060
c	Number of variables: 521220
c SAT Solving starts:
c	Solving duration: 4016 ms
c	Answer: 
s SAT (w = 28)
c	Solution check:
p calculated antibandwidth = 28.
c
c
c Antibandwidth problem with w = 29 ( N-bcsstk07.mtx.rnd ):
c Initializing CaDiCaL (version 1.2.1).
c	Configuring CaDiCaL as --sat (1).
c Initializing a DuplexNSC encoder with n = 420.
c Encoding starts with w = 29:
[runlim] sample:		10.0 time, 10.6 real, 732.8 MB
c	Labels and Vertices aux var: 32760
c	Labels and Vertices constraints:  445200
c	Obj k aux var: 317520
c	Obj k constraints: 6974520
c	Obj k glue staircase constraints: 5676720
c	Encoding duration: 3s
c	Number of clauses: 7419720
c	Number of irredundant clauses: 7419720
c	Number of variables: 526680
c SAT Solving starts:
[runlim] sample:		20.0 time, 20.6 real, 1013.6 MB
c	Solving duration: 12261 ms
c	Answer: 
s SAT (w = 29)
c	Solution check:
p calculated antibandwidth = 29.
c
c
c Antibandwidth problem with w = 30 ( N-bcsstk07.mtx.rnd ):
c Initializing CaDiCaL (version 1.2.1).
c	Configuring CaDiCaL as --sat (1).
c Initializing a DuplexNSC encoder with n = 420.
c Encoding starts with w = 30:
c	Labels and Vertices aux var: 32760
c	Labels and Vertices constraints:  439320
c	Obj k aux var: 311640
c	Obj k constraints: 6940740
c	Obj k glue staircase constraints: 5661840
c	Encoding duration: 3s
c	Number of clauses: 7380060
c	Number of irredundant clauses: 7380060
c	Number of variables: 520800
c SAT Solving starts:
[runlim] sample:		30.0 time, 30.6 real, 1011.9 MB
c	Solving duration: 12434 ms
c	Answer: 
s SAT (w = 30)
c	Solution check:
p calculated antibandwidth = 30.
c
c
c Antibandwidth problem with w = 31 ( N-bcsstk07.mtx.rnd ):
c Initializing CaDiCaL (version 1.2.1).
c	Configuring CaDiCaL as --sat (1).
c Initializing a DuplexNSC encoder with n = 420.
c Encoding starts with w = 31:
[runlim] sample:		40.0 time, 40.6 real, 716.6 MB
c	Labels and Vertices aux var: 32760
c	Labels and Vertices constraints:  439320
c	Obj k aux var: 316680
c	Obj k constraints: 6952140
c	Obj k glue staircase constraints: 5658120
c	Encoding duration: 3s
c	Number of clauses: 7391460
c	Number of irredundant clauses: 7391460
c	Number of variables: 525840
c SAT Solving starts:
[runlim] sample:		50.0 time, 50.6 real, 969.2 MB
[runlim] sample:		60.0 time, 60.6 real, 1005.1 MB
[runlim] sample:		70.0 time, 70.6 real, 1178.8 MB
[runlim] sample:		80.0 time, 80.6 real, 1006.5 MB
[runlim] sample:		90.0 time, 90.6 real, 1006.4 MB
[runlim] sample:		100.0 time, 100.6 real, 1006.6 MB
[runlim] sample:		110.0 time, 110.6 real, 1011.1 MB
[runlim] sample:		120.0 time, 120.6 real, 1011.0 MB
[runlim] sample:		130.0 time, 130.6 real, 1048.8 MB
[runlim] sample:		140.0 time, 140.6 real, 1041.9 MB
[runlim] sample:		150.0 time, 150.6 real, 1074.1 MB
[runlim] sample:		160.0 time, 160.6 real, 1078.1 MB
[runlim] sample:		170.0 time, 170.6 real, 1292.9 MB
[runlim] sample:		180.0 time, 180.6 real, 1019.5 MB
[runlim] sample:		190.0 time, 190.6 real, 1067.5 MB
[runlim] sample:		200.0 time, 200.6 real, 1020.5 MB
c	Solving duration: 160711 ms
c	Answer: 
s SAT (w = 31)
c	Solution check:
p calculated antibandwidth = 31.
c
c
c Antibandwidth problem with w = 32 ( N-bcsstk07.mtx.rnd ):
c Initializing CaDiCaL (version 1.2.1).
c	Configuring CaDiCaL as --sat (1).
c Initializing a DuplexNSC encoder with n = 420.
c Encoding starts with w = 32:
c	Labels and Vertices aux var: 32760
c	Labels and Vertices constraints:  439320
c	Obj k aux var: 321720
c	Obj k constraints: 6951960
c	Obj k glue staircase constraints: 5643240
c	Encoding duration: 3s
c	Number of clauses: 7391280
c	Number of irredundant clauses: 7391280
c	Number of variables: 530880
c SAT Solving starts:
[runlim] sample:		210.0 time, 210.6 real, 1071.9 MB
[runlim] sample:		220.0 time, 220.6 real, 1142.9 MB
[runlim] sample:		229.9 time, 230.6 real, 1007.1 MB
[runlim] sample:		240.0 time, 240.6 real, 1006.0 MB
[runlim] sample:		249.9 time, 250.6 real, 1009.6 MB
[runlim] sample:		260.0 time, 260.6 real, 1010.0 MB
[runlim] sample:		269.9 time, 270.6 real, 1012.1 MB
[runlim] sample:		279.9 time, 280.6 real, 1013.6 MB
[runlim] sample:		289.9 time, 290.6 real, 1189.8 MB
[runlim] sample:		299.9 time, 300.6 real, 1011.7 MB
[runlim] sample:		309.9 time, 310.6 real, 1011.7 MB
[runlim] sample:		319.9 time, 320.6 real, 1034.2 MB
[runlim] sample:		329.9 time, 330.6 real, 1034.2 MB
[runlim] sample:		339.9 time, 340.6 real, 1170.1 MB
[runlim] sample:		349.9 time, 350.6 real, 1170.1 MB
[runlim] sample:		359.9 time, 360.6 real, 1087.8 MB
[runlim] sample:		369.9 time, 370.6 real, 1030.9 MB
[runlim] sample:		379.9 time, 380.6 real, 1239.8 MB
[runlim] sample:		389.9 time, 390.6 real, 1006.6 MB
[runlim] sample:		399.9 time, 400.6 real, 1039.7 MB
[runlim] sample:		409.9 time, 410.6 real, 1039.7 MB
[runlim] sample:		419.9 time, 420.6 real, 1047.3 MB
[runlim] sample:		429.9 time, 430.6 real, 1174.8 MB
[runlim] sample:		439.9 time, 440.6 real, 1162.2 MB
[runlim] sample:		449.9 time, 450.6 real, 1166.4 MB
c	Solving duration: 249166 ms
c	Answer: 
s SAT (w = 32)
c	Solution check:
p calculated antibandwidth = 32.
c
c
c Antibandwidth problem with w = 33 ( N-bcsstk07.mtx.rnd ):
c Initializing CaDiCaL (version 1.2.1).
c	Configuring CaDiCaL as --sat (1).
c Initializing a DuplexNSC encoder with n = 420.
c Encoding starts with w = 33:
c	Labels and Vertices aux var: 32760
c	Labels and Vertices constraints:  433860
c	Obj k aux var: 314160
c	Obj k constraints: 6924720
c	Obj k glue staircase constraints: 5639520
c	Encoding duration: 2s
c	Number of clauses: 7358580
c	Number of irredundant clauses: 7358580
c	Number of variables: 523320
c SAT Solving starts:
[runlim] sample:		459.9 time, 460.6 real, 786.2 MB
[runlim] sample:		469.9 time, 470.6 real, 967.0 MB
[runlim] sample:		479.9 time, 480.6 real, 945.5 MB
[runlim] sample:		489.9 time, 490.6 real, 944.6 MB
[runlim] sample:		499.9 time, 500.6 real, 945.2 MB
[runlim] sample:		509.9 time, 510.6 real, 945.6 MB
[runlim] sample:		519.9 time, 520.6 real, 946.9 MB
[runlim] sample:		529.9 time, 530.6 real, 946.8 MB
[runlim] sample:		539.9 time, 540.6 real, 949.2 MB
[runlim] sample:		549.9 time, 550.6 real, 954.3 MB
[runlim] sample:		559.9 time, 560.6 real, 1135.0 MB
[runlim] sample:		569.9 time, 570.6 real, 952.6 MB
[runlim] sample:		579.9 time, 580.6 real, 952.0 MB
[runlim] sample:		589.9 time, 590.6 real, 951.8 MB
[runlim] sample:		599.9 time, 600.6 real, 962.3 MB
[runlim] sample:		609.9 time, 610.6 real, 953.8 MB
[runlim] sample:		619.9 time, 620.6 real, 986.0 MB
[runlim] sample:		629.9 time, 630.6 real, 952.2 MB
[runlim] sample:		639.9 time, 640.6 real, 952.2 MB
[runlim] sample:		649.9 time, 650.6 real, 1133.5 MB
[runlim] sample:		659.9 time, 660.6 real, 954.1 MB
c	Solving duration: 205672 ms
c	Answer: 
s SAT (w = 33)
c	Solution check:
p calculated antibandwidth = 33.
c
c
c Antibandwidth problem with w = 34 ( N-bcsstk07.mtx.rnd ):
c Initializing CaDiCaL (version 1.2.1).
c	Configuring CaDiCaL as --sat (1).
c Initializing a DuplexNSC encoder with n = 420.
c Encoding starts with w = 34:
c	Labels and Vertices aux var: 32760
c	Labels and Vertices constraints:  433860
c	Obj k aux var: 318780
c	Obj k constraints: 6923280
c	Obj k glue staircase constraints: 5624640
c	Encoding duration: 2s
c	Number of clauses: 7357140
c	Number of irredundant clauses: 7357140
c	Number of variables: 527940
c SAT Solving starts:
[runlim] sample:		669.9 time, 670.6 real, 820.5 MB
[runlim] sample:		679.9 time, 680.6 real, 1002.3 MB
[runlim] sample:		689.9 time, 690.6 real, 1004.3 MB
[runlim] sample:		699.9 time, 700.6 real, 1024.1 MB
[runlim] sample:		709.9 time, 710.6 real, 1026.0 MB
[runlim] sample:		719.9 time, 720.6 real, 1008.3 MB
[runlim] sample:		729.9 time, 730.6 real, 1008.5 MB
[runlim] sample:		739.9 time, 740.6 real, 1008.5 MB
[runlim] sample:		749.9 time, 750.6 real, 1187.4 MB
[runlim] sample:		759.9 time, 760.6 real, 1015.4 MB
[runlim] sample:		769.9 time, 770.6 real, 1015.4 MB
[runlim] sample:		779.9 time, 780.6 real, 1014.9 MB
[runlim] sample:		789.9 time, 790.6 real, 1002.9 MB
[runlim] sample:		799.9 time, 800.6 real, 1002.9 MB
[runlim] sample:		809.9 time, 810.6 real, 1002.7 MB
[runlim] sample:		819.9 time, 820.6 real, 1001.2 MB
[runlim] sample:		829.9 time, 830.6 real, 1003.3 MB
[runlim] sample:		839.9 time, 840.6 real, 1002.0 MB
[runlim] sample:		849.9 time, 850.6 real, 1013.4 MB
[runlim] sample:		859.9 time, 860.6 real, 1005.6 MB
[runlim] sample:		869.9 time, 870.6 real, 957.6 MB
[runlim] sample:		879.9 time, 880.6 real, 1004.5 MB
[runlim] sample:		889.9 time, 890.6 real, 1004.5 MB
[runlim] sample:		899.9 time, 900.6 real, 1008.2 MB
[runlim] sample:		909.8 time, 910.6 real, 1008.2 MB
[runlim] sample:		919.8 time, 920.6 real, 1192.6 MB
[runlim] sample:		929.8 time, 930.6 real, 1011.9 MB
[runlim] sample:		939.8 time, 940.6 real, 1012.1 MB
[runlim] sample:		949.8 time, 950.6 real, 1008.7 MB
[runlim] sample:		959.8 time, 960.6 real, 1008.7 MB
[runlim] sample:		969.8 time, 970.6 real, 1011.5 MB
[runlim] sample:		979.8 time, 980.6 real, 1016.7 MB
[runlim] sample:		989.8 time, 990.6 real, 1016.7 MB
[runlim] sample:		999.8 time, 1000.6 real, 1019.4 MB
[runlim] sample:		1009.8 time, 1010.6 real, 1019.4 MB
[runlim] sample:		1019.8 time, 1020.6 real, 1015.1 MB
[runlim] sample:		1029.8 time, 1030.6 real, 1030.8 MB
[runlim] sample:		1039.8 time, 1040.6 real, 1030.8 MB
[runlim] sample:		1049.8 time, 1050.6 real, 964.7 MB
[runlim] sample:		1059.8 time, 1060.6 real, 1016.1 MB
[runlim] sample:		1069.8 time, 1070.6 real, 1016.1 MB
[runlim] sample:		1079.8 time, 1080.6 real, 1015.1 MB
[runlim] sample:		1089.8 time, 1090.6 real, 1017.6 MB
[runlim] sample:		1099.8 time, 1100.6 real, 1017.5 MB
[runlim] sample:		1109.8 time, 1110.6 real, 1213.6 MB
[runlim] sample:		1119.8 time, 1120.6 real, 1020.6 MB
[runlim] sample:		1129.8 time, 1130.6 real, 1020.6 MB
[runlim] sample:		1139.8 time, 1140.6 real, 1038.5 MB
[runlim] sample:		1149.8 time, 1150.6 real, 1183.3 MB
[runlim] sample:		1159.8 time, 1160.6 real, 1016.9 MB
[runlim] sample:		1169.8 time, 1170.6 real, 1016.9 MB
[runlim] sample:		1179.8 time, 1180.6 real, 1023.1 MB
[runlim] sample:		1189.8 time, 1190.6 real, 1021.7 MB
c	Solving duration: 530086 ms
c	Answer: 
s SAT (w = 34)
c	Solution check:
p calculated antibandwidth = 34.
c
c
c Antibandwidth problem with w = 35 ( N-bcsstk07.mtx.rnd ):
c Initializing CaDiCaL (version 1.2.1).
c	Configuring CaDiCaL as --sat (1).
c Initializing a DuplexNSC encoder with n = 420.
c Encoding starts with w = 35:
[runlim] sample:		1199.8 time, 1200.6 real, 720.4 MB
c	Labels and Vertices aux var: 32760
c	Labels and Vertices constraints:  428820
c	Obj k aux var: 309960
c	Obj k constraints: 6880680
c	Obj k glue staircase constraints: 5609760
c	Encoding duration: 2s
c	Number of clauses: 7309500
c	Number of irredundant clauses: 7309500
c	Number of variables: 519120
c SAT Solving starts:
[runlim] sample:		1209.8 time, 1210.6 real, 926.1 MB
[runlim] sample:		1219.8 time, 1220.6 real, 926.1 MB
[runlim] sample:		1229.8 time, 1230.6 real, 944.9 MB
[runlim] sample:		1239.8 time, 1240.6 real, 945.5 MB
[runlim] sample:		1249.8 time, 1250.6 real, 946.2 MB
[runlim] sample:		1259.8 time, 1260.6 real, 946.3 MB
[runlim] sample:		1269.8 time, 1270.6 real, 945.4 MB
[runlim] sample:		1279.8 time, 1280.6 real, 946.8 MB
[runlim] sample:		1289.8 time, 1290.6 real, 947.4 MB
[runlim] sample:		1299.8 time, 1300.6 real, 1121.4 MB
[runlim] sample:		1309.7 time, 1310.6 real, 951.0 MB
[runlim] sample:		1319.7 time, 1320.6 real, 955.7 MB
[runlim] sample:		1329.7 time, 1330.6 real, 953.5 MB
[runlim] sample:		1339.7 time, 1340.6 real, 955.7 MB
[runlim] sample:		1349.7 time, 1350.6 real, 952.7 MB
[runlim] sample:		1359.7 time, 1360.6 real, 953.5 MB
[runlim] sample:		1369.7 time, 1370.6 real, 953.5 MB
[runlim] sample:		1379.7 time, 1380.6 real, 954.6 MB
[runlim] sample:		1389.7 time, 1390.6 real, 954.6 MB
[runlim] sample:		1399.7 time, 1400.6 real, 951.8 MB
[runlim] sample:		1409.7 time, 1410.6 real, 960.5 MB
[runlim] sample:		1419.7 time, 1420.6 real, 958.6 MB
[runlim] sample:		1429.7 time, 1430.6 real, 1112.8 MB
[runlim] sample:		1439.7 time, 1440.6 real, 943.5 MB
[runlim] sample:		1449.7 time, 1450.6 real, 943.5 MB
[runlim] sample:		1459.7 time, 1460.6 real, 942.8 MB
[runlim] sample:		1469.7 time, 1470.6 real, 976.3 MB
[runlim] sample:		1479.7 time, 1480.6 real, 957.0 MB
[runlim] sample:		1489.7 time, 1490.6 real, 957.0 MB
[runlim] sample:		1499.7 time, 1500.6 real, 967.7 MB
[runlim] sample:		1509.7 time, 1510.6 real, 967.7 MB
[runlim] sample:		1519.7 time, 1520.6 real, 959.5 MB
[runlim] sample:		1529.7 time, 1530.6 real, 965.2 MB
[runlim] sample:		1539.7 time, 1540.6 real, 965.2 MB
[runlim] sample:		1549.7 time, 1550.6 real, 972.5 MB
[runlim] sample:		1559.7 time, 1560.6 real, 1210.9 MB
[runlim] sample:		1569.7 time, 1570.6 real, 965.5 MB
[runlim] sample:		1579.7 time, 1580.6 real, 1142.9 MB
[runlim] sample:		1589.7 time, 1590.6 real, 958.6 MB
[runlim] sample:		1599.7 time, 1600.6 real, 963.8 MB
[runlim] sample:		1609.7 time, 1610.6 real, 969.6 MB
[runlim] sample:		1619.7 time, 1620.6 real, 968.8 MB
[runlim] sample:		1629.7 time, 1630.6 real, 968.8 MB
[runlim] sample:		1639.7 time, 1640.6 real, 973.4 MB
[runlim] sample:		1649.7 time, 1650.6 real, 973.4 MB
[runlim] sample:		1659.7 time, 1660.6 real, 977.8 MB
[runlim] sample:		1669.7 time, 1670.6 real, 985.6 MB
[runlim] sample:		1679.7 time, 1680.6 real, 985.6 MB
[runlim] sample:		1689.7 time, 1690.6 real, 971.3 MB
[runlim] sample:		1699.7 time, 1700.6 real, 971.3 MB
[runlim] sample:		1709.7 time, 1710.6 real, 967.1 MB
[runlim] sample:		1719.7 time, 1720.6 real, 981.9 MB
[runlim] sample:		1729.7 time, 1730.6 real, 981.9 MB
[runlim] sample:		1739.7 time, 1740.6 real, 1255.9 MB
[runlim] sample:		1749.7 time, 1750.6 real, 997.7 MB
[runlim] sample:		1759.7 time, 1760.6 real, 989.7 MB
[runlim] sample:		1769.7 time, 1770.6 real, 968.6 MB
[runlim] sample:		1779.7 time, 1780.6 real, 968.6 MB
[runlim] sample:		1789.7 time, 1790.6 real, 966.5 MB
c Signal interruption.
[runlim] end:			Mon Aug 12 20:34:08 2024
[runlim] status:		out of time
[runlim] result:		2
[runlim] children:		0
[runlim] real:			1800.10 seconds
[runlim] time:			1799.19 seconds
[runlim] space:			1548.8 MB
[runlim] samples:		17995
