[runlim] version:		1.10
[runlim] time limit:		1800 seconds
[runlim] real time limit:	1800 seconds
[runlim] space limit:		30000 MB
[runlim] argv[0]:		/home/truongxuanhieu/AntiBandwidthReconstruct/build/abw_enc
[runlim] argv[1]:		/home/truongxuanhieu/AntiBandwidthReconstruct/build/Benchmarks/T-dwt__592.mtx.rnd
[runlim] argv[2]:		--duplexNSC
[runlim] start:			Mon Aug 12 18:04:04 2024
[runlim] main pid:		16088
[runlim] log captured:
c DuplexEncoder 0.8.
c Solving strategy: from LB to UB.
c LB-w = 103 (LB in Sinnl - A note on computational approaches for the antibandwidth problem).
c UB-w = 150 (UB in Sinnl - A note on computational approaches for the antibandwidth problem).
c Antibandwidth problem with w = 103 ( T-dwt__592.mtx.rnd ):
c Initializing CaDiCaL (version 1.2.1).
c	Configuring CaDiCaL as --sat (1).
c Initializing a DuplexNSC encoder with n = 592.
c Encoding starts with w = 103:
c	Labels and Vertices aux var: 55648
c	Labels and Vertices constraints:  792096
c	Obj k aux var: 586080
c	Obj k constraints: 6787296
c	Obj k glue staircase constraints: 4387920
c	Encoding duration: 3s
c	Number of clauses: 7579392
c	Number of irredundant clauses: 7579392
c	Number of variables: 992192
c SAT Solving starts:
[runlim] sample:		10.0 time, 10.1 real, 1054.4 MB
[runlim] sample:		20.0 time, 20.1 real, 1278.7 MB
[runlim] sample:		30.0 time, 30.1 real, 1108.7 MB
[runlim] sample:		40.0 time, 40.1 real, 1104.7 MB
[runlim] sample:		50.0 time, 50.1 real, 1086.1 MB
[runlim] sample:		60.0 time, 60.1 real, 1089.1 MB
[runlim] sample:		70.0 time, 70.1 real, 1089.3 MB
[runlim] sample:		80.0 time, 80.1 real, 1104.4 MB
[runlim] sample:		90.0 time, 90.1 real, 1130.3 MB
[runlim] sample:		100.0 time, 100.1 real, 1130.2 MB
[runlim] sample:		110.0 time, 110.1 real, 1280.4 MB
[runlim] sample:		120.0 time, 120.1 real, 1055.4 MB
[runlim] sample:		130.0 time, 130.1 real, 1066.4 MB
[runlim] sample:		140.0 time, 140.1 real, 1108.2 MB
[runlim] sample:		150.0 time, 150.1 real, 1150.4 MB
[runlim] sample:		160.0 time, 160.1 real, 1108.5 MB
[runlim] sample:		170.0 time, 170.1 real, 1162.7 MB
[runlim] sample:		180.0 time, 180.1 real, 1207.9 MB
[runlim] sample:		190.0 time, 190.1 real, 1082.3 MB
[runlim] sample:		200.0 time, 200.1 real, 1058.5 MB
[runlim] sample:		210.0 time, 210.1 real, 1057.3 MB
[runlim] sample:		220.0 time, 220.1 real, 1102.6 MB
[runlim] sample:		230.0 time, 230.1 real, 1102.6 MB
[runlim] sample:		239.9 time, 240.1 real, 1109.4 MB
[runlim] sample:		250.0 time, 250.1 real, 1111.5 MB
[runlim] sample:		260.0 time, 260.1 real, 1160.1 MB
[runlim] sample:		270.0 time, 270.1 real, 1110.6 MB
[runlim] sample:		279.9 time, 280.1 real, 1099.0 MB
[runlim] sample:		289.9 time, 290.1 real, 1099.0 MB
[runlim] sample:		299.9 time, 300.1 real, 1099.0 MB
[runlim] sample:		309.9 time, 310.1 real, 1104.2 MB
[runlim] sample:		319.9 time, 320.1 real, 1101.0 MB
[runlim] sample:		329.9 time, 330.1 real, 1140.0 MB
[runlim] sample:		339.9 time, 340.1 real, 1254.1 MB
[runlim] sample:		349.9 time, 350.1 real, 1065.8 MB
[runlim] sample:		359.9 time, 360.1 real, 1067.8 MB
[runlim] sample:		369.9 time, 370.1 real, 1067.8 MB
[runlim] sample:		379.9 time, 380.1 real, 1178.9 MB
[runlim] sample:		389.9 time, 390.1 real, 1178.9 MB
[runlim] sample:		399.9 time, 400.1 real, 1164.6 MB
[runlim] sample:		409.9 time, 410.1 real, 1209.4 MB
[runlim] sample:		419.9 time, 420.1 real, 1209.4 MB
[runlim] sample:		429.9 time, 430.1 real, 1209.4 MB
[runlim] sample:		439.9 time, 440.1 real, 1255.7 MB
[runlim] sample:		449.9 time, 450.1 real, 1255.7 MB
[runlim] sample:		459.9 time, 460.1 real, 1255.7 MB
[runlim] sample:		469.9 time, 470.1 real, 1243.6 MB
[runlim] sample:		479.9 time, 480.1 real, 1230.4 MB
[runlim] sample:		489.9 time, 490.1 real, 1198.7 MB
[runlim] sample:		499.9 time, 500.1 real, 1073.9 MB
[runlim] sample:		509.9 time, 510.1 real, 1073.9 MB
[runlim] sample:		519.9 time, 520.1 real, 1080.0 MB
[runlim] sample:		529.9 time, 530.1 real, 1080.0 MB
[runlim] sample:		539.9 time, 540.1 real, 1131.8 MB
[runlim] sample:		549.9 time, 550.1 real, 1131.8 MB
[runlim] sample:		559.9 time, 560.1 real, 1131.8 MB
[runlim] sample:		569.9 time, 570.1 real, 1131.8 MB
[runlim] sample:		579.9 time, 580.1 real, 1176.2 MB
[runlim] sample:		589.9 time, 590.1 real, 1302.6 MB
[runlim] sample:		599.9 time, 600.1 real, 1340.7 MB
[runlim] sample:		609.9 time, 610.1 real, 1337.0 MB
[runlim] sample:		619.9 time, 620.1 real, 1451.8 MB
[runlim] sample:		629.9 time, 630.1 real, 2239.0 MB
[runlim] sample:		639.9 time, 640.1 real, 1986.0 MB
[runlim] sample:		649.9 time, 650.1 real, 1579.3 MB
[runlim] sample:		659.9 time, 660.1 real, 1438.5 MB
[runlim] sample:		669.9 time, 670.1 real, 1379.5 MB
[runlim] sample:		679.9 time, 680.1 real, 1379.5 MB
[runlim] sample:		689.9 time, 690.1 real, 1379.5 MB
[runlim] sample:		699.9 time, 700.1 real, 1319.1 MB
[runlim] sample:		709.9 time, 710.1 real, 1319.1 MB
[runlim] sample:		719.9 time, 720.1 real, 1352.9 MB
[runlim] sample:		729.9 time, 730.1 real, 1226.6 MB
[runlim] sample:		739.9 time, 740.1 real, 1274.6 MB
[runlim] sample:		749.9 time, 750.1 real, 1289.4 MB
[runlim] sample:		759.9 time, 760.1 real, 1289.4 MB
[runlim] sample:		769.9 time, 770.1 real, 1289.4 MB
[runlim] sample:		779.9 time, 780.1 real, 1287.8 MB
[runlim] sample:		789.9 time, 790.1 real, 1287.8 MB
[runlim] sample:		799.9 time, 800.1 real, 1287.8 MB
[runlim] sample:		809.9 time, 810.1 real, 1251.3 MB
[runlim] sample:		819.9 time, 820.1 real, 1312.2 MB
[runlim] sample:		829.9 time, 830.1 real, 1360.1 MB
[runlim] sample:		839.9 time, 840.1 real, 1555.1 MB
[runlim] sample:		849.9 time, 850.1 real, 1501.4 MB
[runlim] sample:		859.9 time, 860.1 real, 1271.4 MB
[runlim] sample:		869.9 time, 870.1 real, 1271.4 MB
[runlim] sample:		879.9 time, 880.1 real, 1271.4 MB
[runlim] sample:		889.9 time, 890.1 real, 1392.4 MB
[runlim] sample:		899.9 time, 900.1 real, 1353.7 MB
[runlim] sample:		909.9 time, 910.1 real, 1308.7 MB
[runlim] sample:		919.9 time, 920.1 real, 1308.7 MB
[runlim] sample:		929.9 time, 930.1 real, 1339.8 MB
[runlim] sample:		939.9 time, 940.1 real, 1309.3 MB
[runlim] sample:		949.9 time, 950.1 real, 1600.3 MB
[runlim] sample:		959.9 time, 960.1 real, 1503.8 MB
[runlim] sample:		969.9 time, 970.1 real, 1470.3 MB
[runlim] sample:		979.9 time, 980.1 real, 1470.4 MB
[runlim] sample:		989.9 time, 990.1 real, 1347.8 MB
[runlim] sample:		999.9 time, 1000.1 real, 1346.2 MB
[runlim] sample:		1009.9 time, 1010.1 real, 1384.9 MB
[runlim] sample:		1019.8 time, 1020.1 real, 1322.9 MB
[runlim] sample:		1029.8 time, 1030.1 real, 1373.1 MB
[runlim] sample:		1039.8 time, 1040.1 real, 1353.6 MB
[runlim] sample:		1049.8 time, 1050.1 real, 1353.6 MB
[runlim] sample:		1059.8 time, 1060.1 real, 1353.6 MB
[runlim] sample:		1069.8 time, 1070.1 real, 1353.6 MB
[runlim] sample:		1079.8 time, 1080.1 real, 1684.3 MB
[runlim] sample:		1089.8 time, 1090.1 real, 1441.1 MB
[runlim] sample:		1099.8 time, 1100.1 real, 1479.9 MB
[runlim] sample:		1109.8 time, 1110.1 real, 1479.9 MB
[runlim] sample:		1119.8 time, 1120.1 real, 1406.7 MB
[runlim] sample:		1129.8 time, 1130.1 real, 1393.0 MB
[runlim] sample:		1139.8 time, 1140.1 real, 1393.0 MB
[runlim] sample:		1149.8 time, 1150.1 real, 1393.0 MB
[runlim] sample:		1159.8 time, 1160.1 real, 1393.1 MB
[runlim] sample:		1169.8 time, 1170.1 real, 1411.0 MB
[runlim] sample:		1179.8 time, 1180.1 real, 1449.7 MB
[runlim] sample:		1189.8 time, 1190.1 real, 1449.7 MB
[runlim] sample:		1199.8 time, 1200.1 real, 1381.2 MB
[runlim] sample:		1209.8 time, 1210.1 real, 1342.5 MB
[runlim] sample:		1219.8 time, 1220.1 real, 1343.0 MB
[runlim] sample:		1229.8 time, 1230.1 real, 1343.0 MB
[runlim] sample:		1239.8 time, 1240.1 real, 1343.0 MB
[runlim] sample:		1249.8 time, 1250.1 real, 1343.0 MB
[runlim] sample:		1259.8 time, 1260.1 real, 1383.9 MB
[runlim] sample:		1269.8 time, 1270.1 real, 1383.9 MB
[runlim] sample:		1279.8 time, 1280.1 real, 1423.1 MB
[runlim] sample:		1289.8 time, 1290.1 real, 1423.1 MB
[runlim] sample:		1299.8 time, 1300.1 real, 1335.4 MB
[runlim] sample:		1309.8 time, 1310.1 real, 1380.1 MB
[runlim] sample:		1319.7 time, 1320.1 real, 1380.1 MB
[runlim] sample:		1329.7 time, 1330.1 real, 1409.1 MB
[runlim] sample:		1339.7 time, 1340.1 real, 1447.9 MB
[runlim] sample:		1349.7 time, 1350.1 real, 1367.2 MB
[runlim] sample:		1359.7 time, 1360.1 real, 1344.2 MB
[runlim] sample:		1369.7 time, 1370.1 real, 1344.2 MB
[runlim] sample:		1379.7 time, 1380.1 real, 1344.7 MB
[runlim] sample:		1389.7 time, 1390.1 real, 1573.3 MB
[runlim] sample:		1399.7 time, 1400.1 real, 1573.3 MB
[runlim] sample:		1409.7 time, 1410.1 real, 1573.3 MB
[runlim] sample:		1419.7 time, 1420.1 real, 1664.8 MB
[runlim] sample:		1429.7 time, 1430.1 real, 1805.5 MB
[runlim] sample:		1439.7 time, 1440.1 real, 1918.5 MB
[runlim] sample:		1449.7 time, 1450.1 real, 2965.7 MB
[runlim] sample:		1459.7 time, 1460.1 real, 2501.1 MB
[runlim] sample:		1469.7 time, 1470.1 real, 2501.1 MB
[runlim] sample:		1479.7 time, 1480.1 real, 2501.3 MB
[runlim] sample:		1489.7 time, 1490.1 real, 2501.6 MB
[runlim] sample:		1499.7 time, 1500.1 real, 2501.6 MB
[runlim] sample:		1509.7 time, 1510.1 real, 2529.3 MB
[runlim] sample:		1519.7 time, 1520.1 real, 2585.0 MB
[runlim] sample:		1529.7 time, 1530.1 real, 2585.0 MB
[runlim] sample:		1539.7 time, 1540.1 real, 2585.2 MB
[runlim] sample:		1549.7 time, 1550.1 real, 2465.6 MB
[runlim] sample:		1559.7 time, 1560.1 real, 2465.6 MB
[runlim] sample:		1569.7 time, 1570.1 real, 2465.6 MB
[runlim] sample:		1579.7 time, 1580.1 real, 1836.0 MB
[runlim] sample:		1589.7 time, 1590.1 real, 2084.6 MB
[runlim] sample:		1599.7 time, 1600.1 real, 1774.7 MB
[runlim] sample:		1609.7 time, 1610.1 real, 1774.7 MB
[runlim] sample:		1619.7 time, 1620.1 real, 1774.7 MB
[runlim] sample:		1629.7 time, 1630.1 real, 1774.7 MB
[runlim] sample:		1639.7 time, 1640.1 real, 1691.4 MB
[runlim] sample:		1649.7 time, 1650.1 real, 1710.7 MB
[runlim] sample:		1659.7 time, 1660.1 real, 1710.7 MB
[runlim] sample:		1669.7 time, 1670.1 real, 1710.7 MB
[runlim] sample:		1679.7 time, 1680.1 real, 1710.7 MB
[runlim] sample:		1689.7 time, 1690.1 real, 1710.7 MB
[runlim] sample:		1699.7 time, 1700.1 real, 1710.7 MB
[runlim] sample:		1709.7 time, 1710.1 real, 1710.7 MB
[runlim] sample:		1719.7 time, 1720.1 real, 1714.8 MB
[runlim] sample:		1729.7 time, 1730.1 real, 1799.6 MB
[runlim] sample:		1739.7 time, 1740.1 real, 2371.9 MB
[runlim] sample:		1749.7 time, 1750.1 real, 1784.4 MB
[runlim] sample:		1759.7 time, 1760.1 real, 1784.4 MB
[runlim] sample:		1769.7 time, 1770.1 real, 1784.4 MB
[runlim] sample:		1779.7 time, 1780.1 real, 2178.8 MB
[runlim] sample:		1789.7 time, 1790.1 real, 1787.6 MB
c Signal interruption.
[runlim] end:			Mon Aug 12 18:34:04 2024
[runlim] status:		out of time
[runlim] result:		2
[runlim] children:		0
[runlim] real:			1800.04 seconds
[runlim] time:			1799.57 seconds
[runlim] space:			3599.0 MB
[runlim] samples:		17999
