[runlim] version:		1.10
[runlim] time limit:		1800 seconds
[runlim] real time limit:	1800 seconds
[runlim] space limit:		30000 MB
[runlim] argv[0]:		/home/truongxuanhieu/AntiBandwidthReconstruct/build/abw_enc
[runlim] argv[1]:		/home/truongxuanhieu/AntiBandwidthReconstruct/build/Benchmarks/U-662_bus.mtx.rnd
[runlim] argv[2]:		--duplexNSC
[runlim] start:			Mon Aug 12 21:34:13 2024
[runlim] main pid:		34525
[runlim] log captured:
c DuplexEncoder 0.8.
c Solving strategy: from LB to UB.
c LB-w = 219 (LB in Sinnl - A note on computational approaches for the antibandwidth problem).
c UB-w = 220 (UB in Sinnl - A note on computational approaches for the antibandwidth problem).
c Antibandwidth problem with w = 219 ( U-662_bus.mtx.rnd ):
c Initializing CaDiCaL (version 1.2.1).
c	Configuring CaDiCaL as --sat (1).
c Initializing a DuplexNSC encoder with n = 662.
c Encoding starts with w = 219:
c	Labels and Vertices aux var: 66200
c	Labels and Vertices constraints:  978436
c	Obj k aux var: 722904
c	Obj k constraints: 4501124
c	Obj k glue staircase constraints: 1600902
c	Encoding duration: 2s
c	Number of clauses: 5479560
c	Number of irredundant clauses: 5479560
c	Number of variables: 1227348
c SAT Solving starts:
[runlim] sample:		10.0 time, 10.5 real, 1109.1 MB
[runlim] sample:		20.0 time, 20.5 real, 1029.6 MB
[runlim] sample:		30.0 time, 30.5 real, 1061.0 MB
[runlim] sample:		40.0 time, 40.5 real, 1064.1 MB
[runlim] sample:		50.0 time, 50.5 real, 1106.2 MB
[runlim] sample:		60.0 time, 60.5 real, 1135.8 MB
[runlim] sample:		70.0 time, 70.5 real, 1097.7 MB
[runlim] sample:		80.0 time, 80.5 real, 1127.4 MB
[runlim] sample:		90.0 time, 90.5 real, 1035.0 MB
[runlim] sample:		100.0 time, 100.5 real, 1037.7 MB
[runlim] sample:		110.0 time, 110.5 real, 1159.9 MB
[runlim] sample:		120.0 time, 120.5 real, 1037.2 MB
[runlim] sample:		130.0 time, 130.5 real, 1079.9 MB
[runlim] sample:		140.0 time, 140.5 real, 1083.8 MB
[runlim] sample:		150.0 time, 150.5 real, 1185.5 MB
[runlim] sample:		160.0 time, 160.5 real, 1203.7 MB
[runlim] sample:		170.0 time, 170.5 real, 1149.5 MB
[runlim] sample:		180.0 time, 180.5 real, 1149.5 MB
[runlim] sample:		190.0 time, 190.5 real, 1138.9 MB
[runlim] sample:		200.0 time, 200.5 real, 1138.9 MB
[runlim] sample:		210.0 time, 210.5 real, 1143.4 MB
[runlim] sample:		220.0 time, 220.5 real, 1179.9 MB
[runlim] sample:		230.0 time, 230.5 real, 1143.4 MB
[runlim] sample:		239.9 time, 240.5 real, 1315.8 MB
[runlim] sample:		250.0 time, 250.5 real, 1270.6 MB
[runlim] sample:		260.0 time, 260.5 real, 1270.6 MB
[runlim] sample:		269.9 time, 270.5 real, 1265.2 MB
[runlim] sample:		279.9 time, 280.5 real, 1118.3 MB
[runlim] sample:		289.9 time, 290.5 real, 1118.3 MB
[runlim] sample:		299.9 time, 300.5 real, 1170.8 MB
[runlim] sample:		309.9 time, 310.5 real, 1170.8 MB
c	Solving duration: 308738 ms
c	Answer: 
s SAT (w = 219)
c	Solution check:
p calculated antibandwidth = 219.
c
c
c Antibandwidth problem with w = 220 ( U-662_bus.mtx.rnd ):
c Initializing CaDiCaL (version 1.2.1).
c	Configuring CaDiCaL as --sat (1).
c Initializing a DuplexNSC encoder with n = 662.
c Encoding starts with w = 220:
c	Labels and Vertices aux var: 66200
c	Labels and Vertices constraints:  978436
c	Obj k aux var: 724228
c	Obj k constraints: 4500810
c	Obj k glue staircase constraints: 1597278
c	Encoding duration: 2s
c	Number of clauses: 5479246
c	Number of irredundant clauses: 5479246
c	Number of variables: 1228672
c SAT Solving starts:
[runlim] sample:		319.9 time, 320.5 real, 1090.3 MB
[runlim] sample:		329.9 time, 330.5 real, 1128.1 MB
[runlim] sample:		339.9 time, 340.5 real, 1097.3 MB
c	Solving duration: 31236 ms
c	Answer: 
s SAT (w = 220)
c	Solution check:
p calculated antibandwidth = 220.
c
c
[runlim] end:			Mon Aug 12 21:40:00 2024
[runlim] status:		ok
[runlim] result:		0
[runlim] children:		0
[runlim] real:			347.21 seconds
[runlim] time:			346.64 seconds
[runlim] space:			1659.8 MB
[runlim] samples:		3467
