[runlim] version:		1.10
[runlim] time limit:		3600 seconds
[runlim] real time limit:	3600 seconds
[runlim] space limit:		30000 MB
[runlim] argv[0]:		/home/truongxuanhieu/AntiBandwidthReconstruct/build/abw_enc_symbreak_first_node_hybrid_NSC_binomial
[runlim] argv[1]:		/home/truongxuanhieu/AntiBandwidthReconstruct/build/Benchmarks/J-nos4.mtx.rnd
[runlim] argv[2]:		--duplexNSC
[runlim] argv[3]:		-split-size
[runlim] argv[4]:		10
[runlim] start:			Fri Aug 30 03:15:51 2024
[runlim] main pid:		1551
[runlim] log captured:
c DuplexEncoder 0.8.
c Splitting clauses at length 10.
c Solving strategy: from LB to UB.
c LB-w = 32 (LB in Sinnl - A note on computational approaches for the antibandwidth problem).
c UB-w = 40 (UB in Sinnl - A note on computational approaches for the antibandwidth problem).
c Antibandwidth problem with w = 32 ( J-nos4.mtx.rnd ):
c Initializing CaDiCaL (version 1.2.1).
c	Configuring CaDiCaL as --sat (1).
c Initializing a DuplexNSC encoder with n = 100.
c Encoding starts with w = 32:
c	Labels and Vertices aux var: 3600
c	Labels and Vertices constraints:  25800
c	Obj k aux var: 13000
c	Obj k constraints: 124349
c	Obj k glue staircase constraints: 65949
c	Encoding duration: 0s
c	Number of clauses: 151499
c	Number of irredundant clauses: 151092
c	Number of variables: 27900
c SAT Solving starts:
c	Solving duration: 610 ms
c	Answer: 
s SAT (w = 32)
AB is set to 95
Node 5 : 4
Node 55 : 99
AB is set to 67
Node 5 : 4
Node 67 : 71
AB is set to 35
Node 5 : 4
Node 47 : 39
AB is set to 34
Node 55 : 99
Node 100 : 65
AB is set to 32
Node 21 : 18
Node 75 : 50
c	Solution check:
p calculated antibandwidth = 32.
c
c
c Antibandwidth problem with w = 33 ( J-nos4.mtx.rnd ):
c Initializing CaDiCaL (version 1.2.1).
c	Configuring CaDiCaL as --sat (1).
c Initializing a DuplexNSC encoder with n = 100.
c Encoding starts with w = 33:
c	Labels and Vertices aux var: 3600
c	Labels and Vertices constraints:  25800
c	Obj k aux var: 12800
c	Obj k constraints: 123061
c	Obj k glue staircase constraints: 64961
c	Encoding duration: 0s
c	Number of clauses: 150211
c	Number of irredundant clauses: 149819
c	Number of variables: 27700
c SAT Solving starts:
[runlim] sample:		10.0 time, 10.7 real, 62.2 MB
[runlim] sample:		20.0 time, 20.7 real, 77.7 MB
c	Solving duration: 28348 ms
c	Answer: 
s SAT (w = 33)
AB is set to 33
Node 5 : 35
Node 55 : 2
c	Solution check:
p calculated antibandwidth = 33.
c
c
c Antibandwidth problem with w = 34 ( J-nos4.mtx.rnd ):
c Initializing CaDiCaL (version 1.2.1).
c	Configuring CaDiCaL as --sat (1).
c Initializing a DuplexNSC encoder with n = 100.
c Encoding starts with w = 34:
c	Labels and Vertices aux var: 3600
c	Labels and Vertices constraints:  25500
c	Obj k aux var: 12900
c	Obj k constraints: 119914
c	Obj k glue staircase constraints: 64714
c	Encoding duration: 0s
c	Number of clauses: 146464
c	Number of irredundant clauses: 146141
c	Number of variables: 27500
c SAT Solving starts:
[runlim] sample:		30.0 time, 30.7 real, 96.8 MB
[runlim] sample:		40.0 time, 40.7 real, 96.8 MB
[runlim] sample:		50.0 time, 50.7 real, 96.8 MB
[runlim] sample:		60.0 time, 60.7 real, 98.3 MB
[runlim] sample:		70.0 time, 70.7 real, 98.7 MB
[runlim] sample:		80.0 time, 80.7 real, 106.6 MB
[runlim] sample:		90.0 time, 90.7 real, 153.6 MB
[runlim] sample:		100.0 time, 100.7 real, 106.6 MB
[runlim] sample:		110.0 time, 110.7 real, 147.3 MB
[runlim] sample:		120.0 time, 120.7 real, 170.8 MB
[runlim] sample:		130.0 time, 130.7 real, 127.6 MB
[runlim] sample:		140.0 time, 140.7 real, 159.8 MB
[runlim] sample:		150.0 time, 150.7 real, 127.6 MB
[runlim] sample:		160.0 time, 160.7 real, 202.3 MB
[runlim] sample:		170.0 time, 170.7 real, 160.0 MB
[runlim] sample:		180.0 time, 180.7 real, 214.7 MB
[runlim] sample:		190.0 time, 190.7 real, 231.2 MB
[runlim] sample:		200.0 time, 200.7 real, 160.2 MB
c	Solving duration: 171353 ms
c	Answer: 
s SAT (w = 34)
AB is set to 35
Node 5 : 95
Node 55 : 60
AB is set to 34
Node 47 : 26
Node 55 : 60
c	Solution check:
p calculated antibandwidth = 34.
c
c
c Antibandwidth problem with w = 35 ( J-nos4.mtx.rnd ):
c Initializing CaDiCaL (version 1.2.1).
c	Configuring CaDiCaL as --sat (1).
c Initializing a DuplexNSC encoder with n = 100.
c Encoding starts with w = 35:
c	Labels and Vertices aux var: 3600
c	Labels and Vertices constraints:  25500
c	Obj k aux var: 12700
c	Obj k constraints: 118526
c	Obj k glue staircase constraints: 63726
c	Encoding duration: 0s
c	Number of clauses: 145076
c	Number of irredundant clauses: 144751
c	Number of variables: 27300
c SAT Solving starts:
[runlim] sample:		210.0 time, 210.7 real, 160.2 MB
[runlim] sample:		220.0 time, 220.7 real, 160.2 MB
[runlim] sample:		230.0 time, 230.7 real, 160.2 MB
[runlim] sample:		240.0 time, 240.7 real, 160.2 MB
[runlim] sample:		250.0 time, 250.7 real, 160.2 MB
[runlim] sample:		260.0 time, 260.7 real, 205.2 MB
[runlim] sample:		270.0 time, 270.7 real, 160.2 MB
[runlim] sample:		280.0 time, 280.7 real, 160.2 MB
[runlim] sample:		290.0 time, 290.7 real, 160.2 MB
[runlim] sample:		300.0 time, 300.7 real, 160.2 MB
[runlim] sample:		310.0 time, 310.7 real, 160.2 MB
[runlim] sample:		320.0 time, 320.7 real, 160.2 MB
[runlim] sample:		330.0 time, 330.7 real, 160.2 MB
[runlim] sample:		340.0 time, 340.7 real, 160.2 MB
[runlim] sample:		350.0 time, 350.7 real, 160.2 MB
[runlim] sample:		360.0 time, 360.7 real, 160.2 MB
[runlim] sample:		370.0 time, 370.7 real, 160.2 MB
[runlim] sample:		380.0 time, 380.7 real, 160.2 MB
c	Solving duration: 188794 ms
c	Answer: 
s SAT (w = 35)
AB is set to 75
Node 5 : 100
Node 55 : 25
AB is set to 41
Node 5 : 100
Node 67 : 59
AB is set to 40
Node 5 : 100
Node 47 : 60
AB is set to 35
Node 5 : 100
Node 75 : 65
c	Solution check:
p calculated antibandwidth = 35.
c
c
c Antibandwidth problem with w = 36 ( J-nos4.mtx.rnd ):
c Initializing CaDiCaL (version 1.2.1).
c	Configuring CaDiCaL as --sat (1).
c Initializing a DuplexNSC encoder with n = 100.
c Encoding starts with w = 36:
c	Labels and Vertices aux var: 3600
c	Labels and Vertices constraints:  25500
c	Obj k aux var: 12500
c	Obj k constraints: 117138
c	Obj k glue staircase constraints: 62738
c	Encoding duration: 0s
c	Number of clauses: 143688
c	Number of irredundant clauses: 143361
c	Number of variables: 27100
c SAT Solving starts:
[runlim] sample:		390.0 time, 390.7 real, 160.2 MB
[runlim] sample:		400.0 time, 400.7 real, 160.2 MB
[runlim] sample:		410.0 time, 410.7 real, 160.2 MB
[runlim] sample:		420.0 time, 420.7 real, 160.2 MB
[runlim] sample:		430.0 time, 430.7 real, 160.2 MB
[runlim] sample:		440.0 time, 440.7 real, 160.2 MB
[runlim] sample:		450.0 time, 450.7 real, 160.2 MB
[runlim] sample:		460.0 time, 460.7 real, 160.2 MB
[runlim] sample:		470.0 time, 470.7 real, 160.2 MB
[runlim] sample:		480.0 time, 480.7 real, 160.2 MB
[runlim] sample:		490.0 time, 490.7 real, 160.2 MB
[runlim] sample:		500.0 time, 500.7 real, 160.2 MB
[runlim] sample:		510.0 time, 510.7 real, 160.2 MB
c	Solving duration: 122780 ms
c	Answer: 
s UNSAT (w = 36)
c
c
[runlim] end:			Fri Aug 30 03:24:23 2024
[runlim] status:		ok
[runlim] result:		0
[runlim] children:		0
[runlim] real:			512.86 seconds
[runlim] time:			512.06 seconds
[runlim] space:			282.1 MB
[runlim] samples:		5121
