[runlim] version:		1.10
[runlim] time limit:		3600 seconds
[runlim] real time limit:	3600 seconds
[runlim] space limit:		30000 MB
[runlim] argv[0]:		/home/truongxuanhieu/AntiBandwidthReconstruct/build/abw_enc_symbreak_first_node_hybrid_NSC_binomial
[runlim] argv[1]:		/home/truongxuanhieu/AntiBandwidthReconstruct/build/Benchmarks/X-can__715.mtx.rnd
[runlim] argv[2]:		--duplexNSC
[runlim] argv[3]:		-split-size
[runlim] argv[4]:		10
[runlim] start:			Fri Aug 30 07:24:33 2024
[runlim] main pid:		6319
[runlim] log captured:
c DuplexEncoder 0.8.
c Splitting clauses at length 10.
c Solving strategy: from LB to UB.
c LB-w = 112 (LB in Sinnl - A note on computational approaches for the antibandwidth problem).
c UB-w = 142 (UB in Sinnl - A note on computational approaches for the antibandwidth problem).
c Antibandwidth problem with w = 112 ( X-can__715.mtx.rnd ):
c Initializing CaDiCaL (version 1.2.1).
c	Configuring CaDiCaL as --sat (1).
c Initializing a DuplexNSC encoder with n = 715.
c Encoding starts with w = 112:
c	Labels and Vertices aux var: 74360
c	Labels and Vertices constraints:  1147575
c	Obj k aux var: 851565
c	Obj k constraints: 10681165
c	Obj k glue staircase constraints: 7134050
c	Encoding duration: 4s
c	Number of clauses: 11890587
c	Number of irredundant clauses: 11888272
c	Number of variables: 1498640
c SAT Solving starts:
[runlim] sample:		10.0 time, 10.7 real, 1807.6 MB
[runlim] sample:		20.0 time, 20.7 real, 1806.5 MB
[runlim] sample:		30.0 time, 30.7 real, 1855.6 MB
[runlim] sample:		40.0 time, 40.7 real, 1901.5 MB
[runlim] sample:		50.0 time, 50.7 real, 2142.0 MB
[runlim] sample:		60.0 time, 60.7 real, 1815.7 MB
[runlim] sample:		70.0 time, 70.7 real, 1688.8 MB
[runlim] sample:		80.0 time, 80.7 real, 1911.1 MB
[runlim] sample:		90.0 time, 90.7 real, 1865.1 MB
[runlim] sample:		100.0 time, 100.7 real, 1815.5 MB
[runlim] sample:		110.0 time, 110.7 real, 1814.9 MB
[runlim] sample:		120.0 time, 120.7 real, 1892.6 MB
[runlim] sample:		130.0 time, 130.7 real, 2134.7 MB
[runlim] sample:		140.0 time, 140.7 real, 1849.9 MB
[runlim] sample:		150.0 time, 150.7 real, 1817.8 MB
[runlim] sample:		160.0 time, 160.7 real, 1823.4 MB
[runlim] sample:		170.0 time, 170.7 real, 1735.2 MB
[runlim] sample:		180.0 time, 180.7 real, 2164.5 MB
[runlim] sample:		190.0 time, 190.7 real, 1872.4 MB
[runlim] sample:		200.0 time, 200.7 real, 1872.4 MB
[runlim] sample:		210.0 time, 210.7 real, 1825.8 MB
[runlim] sample:		220.0 time, 220.7 real, 1825.8 MB
[runlim] sample:		230.0 time, 230.7 real, 1824.7 MB
[runlim] sample:		240.0 time, 240.7 real, 1824.7 MB
[runlim] sample:		250.0 time, 250.7 real, 1826.9 MB
[runlim] sample:		260.0 time, 260.7 real, 1826.2 MB
[runlim] sample:		270.0 time, 270.7 real, 1708.4 MB
[runlim] sample:		280.0 time, 280.7 real, 1869.8 MB
[runlim] sample:		290.0 time, 290.7 real, 1905.3 MB
[runlim] sample:		300.0 time, 300.7 real, 1879.5 MB
[runlim] sample:		310.0 time, 310.7 real, 1929.3 MB
[runlim] sample:		320.0 time, 320.7 real, 1929.3 MB
[runlim] sample:		330.0 time, 330.7 real, 1929.3 MB
[runlim] sample:		340.0 time, 340.7 real, 1929.3 MB
[runlim] sample:		350.0 time, 350.7 real, 1882.9 MB
[runlim] sample:		359.9 time, 360.7 real, 1976.5 MB
[runlim] sample:		369.9 time, 370.7 real, 2579.9 MB
[runlim] sample:		379.9 time, 380.7 real, 2097.9 MB
[runlim] sample:		389.9 time, 390.7 real, 2097.9 MB
[runlim] sample:		399.9 time, 400.7 real, 2019.4 MB
[runlim] sample:		409.9 time, 410.7 real, 1835.5 MB
[runlim] sample:		419.9 time, 420.7 real, 1835.5 MB
[runlim] sample:		429.9 time, 430.7 real, 1877.4 MB
[runlim] sample:		439.9 time, 440.7 real, 1877.4 MB
[runlim] sample:		449.9 time, 450.7 real, 1882.0 MB
[runlim] sample:		459.9 time, 460.7 real, 1892.1 MB
[runlim] sample:		469.9 time, 470.7 real, 1779.8 MB
[runlim] sample:		479.9 time, 480.7 real, 1840.3 MB
[runlim] sample:		489.9 time, 490.7 real, 1901.0 MB
[runlim] sample:		499.9 time, 500.7 real, 1838.8 MB
[runlim] sample:		509.9 time, 510.7 real, 1835.3 MB
[runlim] sample:		519.9 time, 520.7 real, 1953.4 MB
[runlim] sample:		529.9 time, 530.7 real, 1846.6 MB
[runlim] sample:		539.9 time, 540.7 real, 1848.6 MB
[runlim] sample:		549.9 time, 550.7 real, 1872.5 MB
[runlim] sample:		559.9 time, 560.7 real, 1915.0 MB
[runlim] sample:		569.9 time, 570.7 real, 1872.5 MB
[runlim] sample:		579.9 time, 580.7 real, 1960.7 MB
[runlim] sample:		589.9 time, 590.7 real, 1875.9 MB
[runlim] sample:		599.9 time, 600.7 real, 1853.4 MB
[runlim] sample:		609.9 time, 610.7 real, 1857.0 MB
[runlim] sample:		619.9 time, 620.7 real, 1891.7 MB
[runlim] sample:		629.9 time, 630.7 real, 1891.7 MB
[runlim] sample:		639.9 time, 640.7 real, 1933.5 MB
[runlim] sample:		649.9 time, 650.7 real, 1944.6 MB
[runlim] sample:		659.9 time, 660.7 real, 1930.8 MB
[runlim] sample:		669.9 time, 670.7 real, 1930.8 MB
[runlim] sample:		679.9 time, 680.7 real, 1930.8 MB
[runlim] sample:		689.9 time, 690.7 real, 1884.8 MB
[runlim] sample:		699.9 time, 700.7 real, 1919.5 MB
[runlim] sample:		709.9 time, 710.7 real, 2015.2 MB
[runlim] sample:		719.9 time, 720.7 real, 2376.1 MB
[runlim] sample:		729.9 time, 730.7 real, 1896.0 MB
[runlim] sample:		739.9 time, 740.7 real, 1932.0 MB
[runlim] sample:		749.9 time, 750.7 real, 1889.1 MB
[runlim] sample:		759.9 time, 760.7 real, 1853.1 MB
[runlim] sample:		769.9 time, 770.7 real, 1940.9 MB
[runlim] sample:		779.9 time, 780.7 real, 2215.9 MB
[runlim] sample:		789.9 time, 790.7 real, 1903.7 MB
[runlim] sample:		799.9 time, 800.7 real, 1903.7 MB
[runlim] sample:		809.9 time, 810.7 real, 1903.9 MB
[runlim] sample:		819.9 time, 820.7 real, 1869.0 MB
[runlim] sample:		829.9 time, 830.7 real, 1904.8 MB
[runlim] sample:		839.9 time, 840.7 real, 1904.8 MB
[runlim] sample:		849.9 time, 850.7 real, 1904.8 MB
[runlim] sample:		859.9 time, 860.7 real, 2237.9 MB
[runlim] sample:		869.9 time, 870.7 real, 1903.6 MB
[runlim] sample:		879.9 time, 880.7 real, 2267.0 MB
[runlim] sample:		889.9 time, 890.7 real, 1898.0 MB
[runlim] sample:		899.9 time, 900.7 real, 1917.0 MB
[runlim] sample:		909.9 time, 910.7 real, 2272.2 MB
[runlim] sample:		919.9 time, 920.7 real, 1920.8 MB
[runlim] sample:		929.9 time, 930.7 real, 1920.8 MB
[runlim] sample:		939.9 time, 940.7 real, 1909.8 MB
[runlim] sample:		949.9 time, 950.7 real, 1909.8 MB
[runlim] sample:		959.9 time, 960.7 real, 1872.2 MB
[runlim] sample:		969.9 time, 970.7 real, 1950.9 MB
[runlim] sample:		979.9 time, 980.7 real, 1961.6 MB
[runlim] sample:		989.9 time, 990.7 real, 1938.3 MB
[runlim] sample:		999.9 time, 1000.7 real, 1991.1 MB
[runlim] sample:		1009.9 time, 1010.7 real, 2013.9 MB
[runlim] sample:		1019.8 time, 1020.7 real, 2005.6 MB
[runlim] sample:		1029.8 time, 1030.7 real, 2005.6 MB
[runlim] sample:		1039.8 time, 1040.7 real, 2420.6 MB
[runlim] sample:		1049.8 time, 1050.7 real, 1980.7 MB
[runlim] sample:		1059.8 time, 1060.7 real, 2111.9 MB
[runlim] sample:		1069.8 time, 1070.7 real, 2036.1 MB
[runlim] sample:		1079.8 time, 1080.7 real, 2034.1 MB
[runlim] sample:		1089.8 time, 1090.7 real, 2034.1 MB
[runlim] sample:		1099.8 time, 1100.7 real, 2036.9 MB
[runlim] sample:		1109.8 time, 1110.7 real, 2036.9 MB
[runlim] sample:		1119.8 time, 1120.7 real, 1974.8 MB
[runlim] sample:		1129.8 time, 1130.7 real, 1974.8 MB
[runlim] sample:		1139.8 time, 1140.7 real, 1974.8 MB
[runlim] sample:		1149.8 time, 1150.7 real, 1974.8 MB
[runlim] sample:		1159.8 time, 1160.7 real, 1974.8 MB
[runlim] sample:		1169.8 time, 1170.7 real, 2183.9 MB
[runlim] sample:		1179.8 time, 1180.7 real, 2231.4 MB
[runlim] sample:		1189.8 time, 1190.7 real, 2231.4 MB
[runlim] sample:		1199.8 time, 1200.7 real, 2231.4 MB
[runlim] sample:		1209.8 time, 1210.7 real, 2069.0 MB
[runlim] sample:		1219.8 time, 1220.7 real, 2021.5 MB
[runlim] sample:		1229.8 time, 1230.7 real, 2021.5 MB
[runlim] sample:		1239.8 time, 1240.7 real, 1997.6 MB
[runlim] sample:		1249.8 time, 1250.7 real, 1997.6 MB
[runlim] sample:		1259.8 time, 1260.7 real, 1997.6 MB
[runlim] sample:		1269.8 time, 1270.7 real, 2045.4 MB
[runlim] sample:		1279.8 time, 1280.7 real, 2045.4 MB
[runlim] sample:		1289.8 time, 1290.7 real, 2045.4 MB
[runlim] sample:		1299.8 time, 1300.7 real, 2326.7 MB
[runlim] sample:		1309.8 time, 1310.7 real, 2326.7 MB
[runlim] sample:		1319.8 time, 1320.7 real, 2059.5 MB
[runlim] sample:		1329.8 time, 1330.7 real, 2064.3 MB
[runlim] sample:		1339.8 time, 1340.7 real, 2064.3 MB
[runlim] sample:		1349.8 time, 1350.7 real, 2064.3 MB
[runlim] sample:		1359.8 time, 1360.7 real, 2078.0 MB
[runlim] sample:		1369.8 time, 1370.7 real, 2078.0 MB
[runlim] sample:		1379.8 time, 1380.7 real, 2078.0 MB
[runlim] sample:		1389.8 time, 1390.7 real, 2083.9 MB
[runlim] sample:		1399.8 time, 1400.7 real, 2083.9 MB
[runlim] sample:		1409.8 time, 1410.7 real, 2064.5 MB
[runlim] sample:		1419.8 time, 1420.7 real, 2064.4 MB
[runlim] sample:		1429.8 time, 1430.7 real, 2120.3 MB
[runlim] sample:		1439.8 time, 1440.7 real, 2008.6 MB
[runlim] sample:		1449.8 time, 1450.7 real, 2064.4 MB
[runlim] sample:		1459.8 time, 1460.7 real, 2063.3 MB
[runlim] sample:		1469.8 time, 1470.7 real, 2063.3 MB
[runlim] sample:		1479.8 time, 1480.7 real, 2054.2 MB
[runlim] sample:		1489.8 time, 1490.7 real, 2054.1 MB
[runlim] sample:		1499.8 time, 1500.7 real, 2054.1 MB
[runlim] sample:		1509.8 time, 1510.7 real, 2054.1 MB
[runlim] sample:		1519.8 time, 1520.7 real, 2776.7 MB
[runlim] sample:		1529.8 time, 1530.7 real, 2340.9 MB
[runlim] sample:		1539.8 time, 1540.7 real, 2288.1 MB
[runlim] sample:		1549.8 time, 1550.7 real, 2245.6 MB
[runlim] sample:		1559.8 time, 1560.7 real, 2301.4 MB
[runlim] sample:		1569.8 time, 1570.7 real, 2098.7 MB
[runlim] sample:		1579.8 time, 1580.7 real, 2132.9 MB
[runlim] sample:		1589.8 time, 1590.7 real, 2132.9 MB
[runlim] sample:		1599.8 time, 1600.7 real, 2062.3 MB
[runlim] sample:		1609.8 time, 1610.7 real, 2047.9 MB
[runlim] sample:		1619.8 time, 1620.7 real, 2000.3 MB
[runlim] sample:		1629.8 time, 1630.7 real, 2000.3 MB
[runlim] sample:		1639.8 time, 1640.7 real, 2000.3 MB
[runlim] sample:		1649.8 time, 1650.7 real, 2000.3 MB
[runlim] sample:		1659.8 time, 1660.7 real, 2060.2 MB
[runlim] sample:		1669.8 time, 1670.7 real, 2060.2 MB
[runlim] sample:		1679.8 time, 1680.7 real, 2050.4 MB
[runlim] sample:		1689.8 time, 1690.7 real, 2050.4 MB
[runlim] sample:		1699.8 time, 1700.7 real, 2050.4 MB
[runlim] sample:		1709.8 time, 1710.7 real, 2002.8 MB
[runlim] sample:		1719.8 time, 1720.7 real, 2018.5 MB
[runlim] sample:		1729.8 time, 1730.7 real, 2277.5 MB
[runlim] sample:		1739.8 time, 1740.7 real, 2289.3 MB
[runlim] sample:		1749.8 time, 1750.7 real, 2289.2 MB
[runlim] sample:		1759.8 time, 1760.7 real, 2077.5 MB
[runlim] sample:		1769.8 time, 1770.7 real, 2112.5 MB
[runlim] sample:		1779.8 time, 1780.7 real, 2112.5 MB
[runlim] sample:		1789.8 time, 1790.7 real, 2064.7 MB
[runlim] sample:		1799.8 time, 1800.7 real, 2100.6 MB
[runlim] sample:		1809.8 time, 1810.7 real, 2100.6 MB
[runlim] sample:		1819.8 time, 1820.7 real, 2072.5 MB
[runlim] sample:		1829.8 time, 1830.7 real, 2072.5 MB
[runlim] sample:		1839.8 time, 1840.7 real, 2536.7 MB
[runlim] sample:		1849.8 time, 1850.7 real, 2081.4 MB
[runlim] sample:		1859.8 time, 1860.7 real, 2081.4 MB
[runlim] sample:		1869.8 time, 1870.7 real, 2081.4 MB
[runlim] sample:		1879.8 time, 1880.7 real, 2081.4 MB
[runlim] sample:		1889.8 time, 1890.7 real, 2200.9 MB
[runlim] sample:		1899.8 time, 1900.7 real, 2200.9 MB
[runlim] sample:		1909.8 time, 1910.7 real, 2201.0 MB
[runlim] sample:		1919.8 time, 1920.7 real, 2153.2 MB
[runlim] sample:		1929.8 time, 1930.7 real, 2153.2 MB
[runlim] sample:		1939.8 time, 1940.7 real, 2043.0 MB
[runlim] sample:		1949.8 time, 1950.7 real, 2043.0 MB
[runlim] sample:		1959.8 time, 1960.7 real, 2043.0 MB
[runlim] sample:		1969.8 time, 1970.7 real, 2064.5 MB
[runlim] sample:		1979.8 time, 1980.7 real, 2112.0 MB
[runlim] sample:		1989.8 time, 1990.7 real, 2112.0 MB
[runlim] sample:		1999.8 time, 2000.7 real, 2112.0 MB
[runlim] sample:		2009.8 time, 2010.7 real, 2120.3 MB
[runlim] sample:		2019.8 time, 2020.7 real, 2072.5 MB
[runlim] sample:		2029.8 time, 2030.7 real, 2055.3 MB
[runlim] sample:		2039.8 time, 2040.7 real, 2111.1 MB
[runlim] sample:		2049.8 time, 2050.7 real, 2086.3 MB
[runlim] sample:		2059.8 time, 2060.7 real, 2086.3 MB
[runlim] sample:		2069.8 time, 2070.7 real, 2086.2 MB
[runlim] sample:		2079.8 time, 2080.7 real, 2086.2 MB
[runlim] sample:		2089.8 time, 2090.7 real, 2075.8 MB
[runlim] sample:		2099.8 time, 2100.7 real, 2075.8 MB
[runlim] sample:		2109.8 time, 2110.7 real, 2071.5 MB
[runlim] sample:		2119.8 time, 2120.7 real, 2032.7 MB
[runlim] sample:		2129.8 time, 2130.7 real, 2068.5 MB
[runlim] sample:		2139.8 time, 2140.7 real, 2068.5 MB
[runlim] sample:		2149.8 time, 2150.7 real, 2068.5 MB
[runlim] sample:		2159.8 time, 2160.7 real, 2068.5 MB
[runlim] sample:		2169.8 time, 2170.7 real, 2194.2 MB
[runlim] sample:		2179.8 time, 2180.7 real, 2194.2 MB
[runlim] sample:		2189.8 time, 2190.7 real, 2069.8 MB
[runlim] sample:		2199.8 time, 2200.7 real, 2069.8 MB
[runlim] sample:		2209.8 time, 2210.7 real, 2033.8 MB
[runlim] sample:		2219.8 time, 2220.7 real, 2069.7 MB
[runlim] sample:		2229.8 time, 2230.7 real, 2076.2 MB
[runlim] sample:		2239.8 time, 2240.7 real, 2088.1 MB
[runlim] sample:		2249.8 time, 2250.7 real, 2088.1 MB
[runlim] sample:		2259.8 time, 2260.7 real, 2088.1 MB
[runlim] sample:		2269.8 time, 2270.7 real, 2078.4 MB
[runlim] sample:		2279.8 time, 2280.7 real, 2078.4 MB
[runlim] sample:		2289.8 time, 2290.7 real, 2078.4 MB
[runlim] sample:		2299.8 time, 2300.7 real, 2110.4 MB
[runlim] sample:		2309.8 time, 2310.7 real, 2110.3 MB
[runlim] sample:		2319.8 time, 2320.7 real, 2062.5 MB
[runlim] sample:		2329.8 time, 2330.7 real, 2062.5 MB
[runlim] sample:		2339.8 time, 2340.7 real, 2086.3 MB
[runlim] sample:		2349.8 time, 2350.7 real, 2532.7 MB
[runlim] sample:		2359.8 time, 2360.7 real, 2050.9 MB
[runlim] sample:		2369.8 time, 2370.7 real, 2050.9 MB
[runlim] sample:		2379.8 time, 2380.7 real, 2093.4 MB
[runlim] sample:		2389.8 time, 2390.7 real, 2093.4 MB
[runlim] sample:		2399.8 time, 2400.7 real, 2117.3 MB
[runlim] sample:		2409.8 time, 2410.7 real, 2091.7 MB
[runlim] sample:		2419.8 time, 2420.7 real, 2043.7 MB
[runlim] sample:		2429.8 time, 2430.7 real, 2085.9 MB
[runlim] sample:		2439.8 time, 2440.7 real, 2085.9 MB
[runlim] sample:		2449.8 time, 2450.7 real, 2114.5 MB
[runlim] sample:		2459.8 time, 2460.7 real, 2114.5 MB
[runlim] sample:		2469.8 time, 2470.7 real, 2114.5 MB
[runlim] sample:		2479.8 time, 2480.7 real, 2114.5 MB
[runlim] sample:		2489.8 time, 2490.7 real, 2114.5 MB
[runlim] sample:		2499.8 time, 2500.7 real, 2208.9 MB
[runlim] sample:		2509.8 time, 2510.7 real, 2665.3 MB
[runlim] sample:		2519.8 time, 2520.7 real, 2708.5 MB
[runlim] sample:		2529.8 time, 2530.7 real, 2708.5 MB
[runlim] sample:		2539.8 time, 2540.7 real, 2708.5 MB
[runlim] sample:		2549.8 time, 2550.7 real, 2035.5 MB
[runlim] sample:		2559.8 time, 2560.7 real, 2091.0 MB
[runlim] sample:		2569.8 time, 2570.7 real, 2091.0 MB
[runlim] sample:		2579.8 time, 2580.7 real, 2091.0 MB
[runlim] sample:		2589.8 time, 2590.7 real, 2091.0 MB
[runlim] sample:		2599.8 time, 2600.7 real, 2125.2 MB
[runlim] sample:		2609.8 time, 2610.7 real, 2125.2 MB
[runlim] sample:		2619.8 time, 2620.7 real, 2125.1 MB
[runlim] sample:		2629.8 time, 2630.7 real, 2125.1 MB
[runlim] sample:		2639.8 time, 2640.7 real, 2125.1 MB
[runlim] sample:		2649.8 time, 2650.7 real, 2300.7 MB
[runlim] sample:		2659.8 time, 2660.7 real, 2300.7 MB
[runlim] sample:		2669.8 time, 2670.7 real, 2300.7 MB
[runlim] sample:		2679.8 time, 2680.7 real, 2300.7 MB
[runlim] sample:		2689.8 time, 2690.7 real, 2300.7 MB
[runlim] sample:		2699.8 time, 2700.7 real, 2363.1 MB
[runlim] sample:		2709.8 time, 2710.7 real, 2363.0 MB
[runlim] sample:		2719.8 time, 2720.7 real, 2251.4 MB
[runlim] sample:		2729.8 time, 2730.7 real, 2307.2 MB
[runlim] sample:		2739.8 time, 2740.7 real, 2307.2 MB
[runlim] sample:		2749.8 time, 2750.7 real, 2307.2 MB
[runlim] sample:		2759.8 time, 2760.7 real, 2072.7 MB
[runlim] sample:		2769.8 time, 2770.7 real, 2072.7 MB
[runlim] sample:		2779.8 time, 2780.7 real, 2072.7 MB
[runlim] sample:		2789.8 time, 2790.7 real, 2099.0 MB
[runlim] sample:		2799.8 time, 2800.7 real, 2099.0 MB
[runlim] sample:		2809.8 time, 2810.7 real, 2098.9 MB
[runlim] sample:		2819.8 time, 2820.7 real, 2098.9 MB
[runlim] sample:		2829.8 time, 2830.7 real, 2140.3 MB
[runlim] sample:		2839.8 time, 2840.7 real, 2078.4 MB
[runlim] sample:		2849.8 time, 2850.7 real, 2078.3 MB
[runlim] sample:		2859.8 time, 2860.7 real, 2078.3 MB
[runlim] sample:		2869.8 time, 2870.7 real, 2083.8 MB
[runlim] sample:		2879.8 time, 2880.7 real, 2083.8 MB
[runlim] sample:		2889.8 time, 2890.7 real, 2083.8 MB
[runlim] sample:		2899.8 time, 2900.7 real, 2083.8 MB
[runlim] sample:		2909.8 time, 2910.7 real, 2800.2 MB
[runlim] sample:		2919.8 time, 2920.7 real, 2416.2 MB
[runlim] sample:		2929.8 time, 2930.7 real, 2416.1 MB
[runlim] sample:		2939.8 time, 2940.7 real, 2416.1 MB
[runlim] sample:		2949.8 time, 2950.7 real, 2416.2 MB
[runlim] sample:		2959.8 time, 2960.7 real, 2450.0 MB
[runlim] sample:		2969.8 time, 2970.7 real, 3037.4 MB
[runlim] sample:		2979.8 time, 2980.7 real, 2249.4 MB
[runlim] sample:		2989.8 time, 2990.7 real, 2147.3 MB
[runlim] sample:		2999.8 time, 3000.7 real, 2147.3 MB
[runlim] sample:		3009.8 time, 3010.7 real, 2147.3 MB
[runlim] sample:		3019.8 time, 3020.7 real, 2147.3 MB
[runlim] sample:		3029.8 time, 3030.7 real, 2147.2 MB
[runlim] sample:		3039.8 time, 3040.7 real, 2203.2 MB
[runlim] sample:		3049.8 time, 3050.7 real, 2203.2 MB
[runlim] sample:		3059.8 time, 3060.7 real, 2203.2 MB
[runlim] sample:		3069.8 time, 3070.7 real, 2155.2 MB
[runlim] sample:		3079.8 time, 3080.7 real, 2201.7 MB
[runlim] sample:		3089.8 time, 3090.7 real, 2155.2 MB
[runlim] sample:		3099.8 time, 3100.7 real, 2155.2 MB
[runlim] sample:		3109.8 time, 3110.7 real, 2227.0 MB
[runlim] sample:		3119.8 time, 3120.7 real, 2385.6 MB
[runlim] sample:		3129.8 time, 3130.7 real, 2535.4 MB
[runlim] sample:		3139.8 time, 3140.7 real, 2679.5 MB
[runlim] sample:		3149.8 time, 3150.7 real, 4130.8 MB
[runlim] sample:		3159.8 time, 3160.7 real, 3589.8 MB
[runlim] sample:		3169.8 time, 3170.7 real, 3589.8 MB
[runlim] sample:		3179.8 time, 3180.7 real, 3589.8 MB
[runlim] sample:		3189.8 time, 3190.7 real, 3589.8 MB
[runlim] sample:		3199.8 time, 3200.7 real, 3589.8 MB
[runlim] sample:		3209.8 time, 3210.7 real, 3509.0 MB
[runlim] sample:		3219.8 time, 3220.7 real, 3123.6 MB
[runlim] sample:		3229.8 time, 3230.7 real, 3123.6 MB
[runlim] sample:		3239.8 time, 3240.7 real, 3123.6 MB
[runlim] sample:		3249.8 time, 3250.7 real, 2787.0 MB
[runlim] sample:		3259.7 time, 3260.7 real, 2668.4 MB
[runlim] sample:		3269.7 time, 3270.7 real, 2668.4 MB
[runlim] sample:		3279.7 time, 3280.7 real, 2668.4 MB
[runlim] sample:		3289.7 time, 3290.7 real, 2668.4 MB
[runlim] sample:		3299.8 time, 3300.7 real, 2726.6 MB
[runlim] sample:		3309.8 time, 3310.7 real, 2726.6 MB
[runlim] sample:		3319.8 time, 3320.7 real, 2773.6 MB
[runlim] sample:		3329.8 time, 3330.7 real, 2773.6 MB
[runlim] sample:		3339.7 time, 3340.7 real, 2773.6 MB
[runlim] sample:		3349.7 time, 3350.7 real, 2773.6 MB
[runlim] sample:		3359.7 time, 3360.7 real, 2773.6 MB
[runlim] sample:		3369.7 time, 3370.7 real, 2773.6 MB
[runlim] sample:		3379.7 time, 3380.7 real, 2773.6 MB
[runlim] sample:		3389.7 time, 3390.7 real, 2779.2 MB
[runlim] sample:		3399.7 time, 3400.7 real, 2879.2 MB
[runlim] sample:		3409.7 time, 3410.7 real, 2979.8 MB
[runlim] sample:		3419.7 time, 3420.7 real, 3841.0 MB
[runlim] sample:		3429.7 time, 3430.7 real, 3841.0 MB
[runlim] sample:		3439.7 time, 3440.7 real, 3841.0 MB
[runlim] sample:		3449.7 time, 3450.7 real, 3841.0 MB
[runlim] sample:		3459.7 time, 3460.7 real, 3841.0 MB
[runlim] sample:		3469.7 time, 3470.7 real, 3841.0 MB
[runlim] sample:		3479.7 time, 3480.7 real, 3308.1 MB
[runlim] sample:		3489.7 time, 3490.7 real, 2968.3 MB
[runlim] sample:		3499.7 time, 3500.7 real, 2968.3 MB
[runlim] sample:		3509.7 time, 3510.7 real, 2968.3 MB
[runlim] sample:		3519.7 time, 3520.7 real, 2968.3 MB
[runlim] sample:		3529.7 time, 3530.7 real, 2968.3 MB
[runlim] sample:		3539.7 time, 3540.7 real, 2521.2 MB
[runlim] sample:		3549.7 time, 3550.7 real, 2521.2 MB
[runlim] sample:		3559.7 time, 3560.7 real, 2521.2 MB
[runlim] sample:		3569.7 time, 3570.7 real, 2521.2 MB
[runlim] sample:		3579.7 time, 3580.7 real, 2543.0 MB
[runlim] sample:		3589.7 time, 3590.7 real, 2543.0 MB
c Signal interruption.
[runlim] end:			Fri Aug 30 08:24:33 2024
[runlim] status:		out of time
[runlim] result:		2
[runlim] children:		0
[runlim] real:			3600.08 seconds
[runlim] time:			3599.04 seconds
[runlim] space:			4823.5 MB
[runlim] samples:		35993
