[runlim] version:		1.10
[runlim] time limit:		3600 seconds
[runlim] real time limit:	3600 seconds
[runlim] space limit:		30000 MB
[runlim] argv[0]:		/home/truongxuanhieu/AntiBandwidthReconstruct/build/abw_enc_symbreak_min_node
[runlim] argv[1]:		/home/truongxuanhieu/AntiBandwidthReconstruct/build/BenchmarksAdd/O-impcol_d.mtx.rnd
[runlim] argv[2]:		--duplexNSC
[runlim] start:			Wed Aug 21 19:45:31 2024
[runlim] main pid:		2033
[runlim] log captured:
c DuplexEncoder 0.8.
c Solving strategy: from LB to UB.
c LB-w = 91 (LB in Sinnl - A note on computational approaches for the antibandwidth problem).
c UB-w = 173 (UB in Sinnl - A note on computational approaches for the antibandwidth problem).
c Antibandwidth problem with w = 91 ( O-impcol_d.mtx.rnd ):
c Initializing CaDiCaL (version 1.2.1).
c	Configuring CaDiCaL as --sat (1).
c Initializing a DuplexNSC encoder with n = 425.
c Encoding starts with w = 91:
c	Labels and Vertices aux var: 34000
c	Labels and Vertices constraints:  415650
c	Obj k aux var: 291975
c	Obj k constraints: 2881501
c	Obj k glue staircase constraints: 1682576
c	Encoding duration: 1s
c	Number of clauses: 3297363
c	Number of irredundant clauses: 3296120
c	Number of variables: 506600
c SAT Solving starts:
[runlim] sample:		10.0 time, 10.0 real, 579.5 MB
[runlim] sample:		20.0 time, 20.0 real, 565.1 MB
[runlim] sample:		30.0 time, 30.0 real, 518.8 MB
[runlim] sample:		40.0 time, 40.0 real, 549.7 MB
[runlim] sample:		50.0 time, 50.0 real, 551.8 MB
[runlim] sample:		60.0 time, 60.0 real, 550.3 MB
[runlim] sample:		70.0 time, 70.0 real, 525.9 MB
[runlim] sample:		80.0 time, 80.0 real, 525.9 MB
[runlim] sample:		90.0 time, 90.0 real, 594.1 MB
[runlim] sample:		100.0 time, 100.0 real, 558.0 MB
[runlim] sample:		110.0 time, 110.0 real, 524.1 MB
[runlim] sample:		120.0 time, 120.0 real, 549.8 MB
[runlim] sample:		130.0 time, 130.0 real, 536.9 MB
[runlim] sample:		140.0 time, 140.0 real, 687.6 MB
[runlim] sample:		150.0 time, 150.0 real, 583.8 MB
c	Solving duration: 149774 ms
c	Answer: 
s SAT (w = 91)
c	Solution check:
p calculated antibandwidth = 91.
c
c
c Antibandwidth problem with w = 92 ( O-impcol_d.mtx.rnd ):
c Initializing CaDiCaL (version 1.2.1).
c	Configuring CaDiCaL as --sat (1).
c Initializing a DuplexNSC encoder with n = 425.
c Encoding starts with w = 92:
c	Labels and Vertices aux var: 34000
c	Labels and Vertices constraints:  415650
c	Obj k aux var: 293250
c	Obj k constraints: 2879833
c	Obj k glue staircase constraints: 1677508
c	Encoding duration: 0s
c	Number of clauses: 3295695
c	Number of irredundant clauses: 3294448
c	Number of variables: 507875
c SAT Solving starts:
[runlim] sample:		160.0 time, 160.0 real, 558.3 MB
[runlim] sample:		170.0 time, 170.0 real, 572.1 MB
[runlim] sample:		180.0 time, 180.0 real, 566.4 MB
[runlim] sample:		190.0 time, 190.0 real, 601.4 MB
[runlim] sample:		200.0 time, 200.0 real, 564.4 MB
[runlim] sample:		210.0 time, 210.0 real, 534.8 MB
[runlim] sample:		220.0 time, 220.0 real, 567.3 MB
[runlim] sample:		230.0 time, 230.0 real, 576.5 MB
[runlim] sample:		240.0 time, 240.0 real, 567.6 MB
[runlim] sample:		250.0 time, 250.0 real, 660.3 MB
[runlim] sample:		260.0 time, 260.0 real, 615.9 MB
[runlim] sample:		270.0 time, 270.0 real, 612.6 MB
[runlim] sample:		280.0 time, 280.0 real, 578.7 MB
[runlim] sample:		290.0 time, 290.0 real, 699.6 MB
c	Solving duration: 145125 ms
c	Answer: 
s SAT (w = 92)
c	Solution check:
p calculated antibandwidth = 92.
c
c
c Antibandwidth problem with w = 93 ( O-impcol_d.mtx.rnd ):
c Initializing CaDiCaL (version 1.2.1).
c	Configuring CaDiCaL as --sat (1).
c Initializing a DuplexNSC encoder with n = 425.
c Encoding starts with w = 93:
c	Labels and Vertices aux var: 34000
c	Labels and Vertices constraints:  415650
c	Obj k aux var: 294525
c	Obj k constraints: 2878165
c	Obj k glue staircase constraints: 1672440
c	Encoding duration: 0s
c	Number of clauses: 3294027
c	Number of irredundant clauses: 3292776
c	Number of variables: 509150
c SAT Solving starts:
[runlim] sample:		300.0 time, 300.0 real, 601.1 MB
[runlim] sample:		310.0 time, 310.0 real, 601.8 MB
c	Solving duration: 13559 ms
c	Answer: 
s SAT (w = 93)
c	Solution check:
p calculated antibandwidth = 93.
c
c
c Antibandwidth problem with w = 94 ( O-impcol_d.mtx.rnd ):
c Initializing CaDiCaL (version 1.2.1).
c	Configuring CaDiCaL as --sat (1).
c Initializing a DuplexNSC encoder with n = 425.
c Encoding starts with w = 94:
c	Labels and Vertices aux var: 34000
c	Labels and Vertices constraints:  415650
c	Obj k aux var: 295800
c	Obj k constraints: 2876497
c	Obj k glue staircase constraints: 1667372
c	Encoding duration: 0s
c	Number of clauses: 3292359
c	Number of irredundant clauses: 3291104
c	Number of variables: 510425
c SAT Solving starts:
[runlim] sample:		320.0 time, 320.0 real, 596.1 MB
[runlim] sample:		330.0 time, 330.0 real, 609.9 MB
[runlim] sample:		340.0 time, 340.0 real, 609.0 MB
[runlim] sample:		350.0 time, 350.0 real, 610.7 MB
[runlim] sample:		360.0 time, 360.0 real, 691.9 MB
[runlim] sample:		370.0 time, 370.0 real, 613.1 MB
[runlim] sample:		380.0 time, 380.0 real, 693.7 MB
[runlim] sample:		390.0 time, 390.0 real, 616.7 MB
c	Solving duration: 77988 ms
c	Answer: 
s SAT (w = 94)
c	Solution check:
p calculated antibandwidth = 94.
c
c
c Antibandwidth problem with w = 95 ( O-impcol_d.mtx.rnd ):
c Initializing CaDiCaL (version 1.2.1).
c	Configuring CaDiCaL as --sat (1).
c Initializing a DuplexNSC encoder with n = 425.
c Encoding starts with w = 95:
c	Labels and Vertices aux var: 34000
c	Labels and Vertices constraints:  415650
c	Obj k aux var: 297075
c	Obj k constraints: 2874829
c	Obj k glue staircase constraints: 1662304
c	Encoding duration: 0s
c	Number of clauses: 3290691
c	Number of irredundant clauses: 3289432
c	Number of variables: 511700
c SAT Solving starts:
[runlim] sample:		400.0 time, 400.0 real, 628.9 MB
[runlim] sample:		410.0 time, 410.0 real, 613.1 MB
[runlim] sample:		420.0 time, 420.0 real, 610.3 MB
[runlim] sample:		429.9 time, 430.0 real, 688.5 MB
c	Solving duration: 42750 ms
c	Answer: 
s SAT (w = 95)
c	Solution check:
p calculated antibandwidth = 95.
c
c
c Antibandwidth problem with w = 96 ( O-impcol_d.mtx.rnd ):
c Initializing CaDiCaL (version 1.2.1).
c	Configuring CaDiCaL as --sat (1).
c Initializing a DuplexNSC encoder with n = 425.
c Encoding starts with w = 96:
c	Labels and Vertices aux var: 34000
c	Labels and Vertices constraints:  415650
c	Obj k aux var: 298350
c	Obj k constraints: 2873161
c	Obj k glue staircase constraints: 1657236
c	Encoding duration: 0s
c	Number of clauses: 3289023
c	Number of irredundant clauses: 3287760
c	Number of variables: 512975
c SAT Solving starts:
[runlim] sample:		439.9 time, 440.0 real, 606.9 MB
[runlim] sample:		449.9 time, 450.0 real, 595.6 MB
[runlim] sample:		459.9 time, 460.0 real, 608.5 MB
[runlim] sample:		469.9 time, 470.0 real, 613.3 MB
[runlim] sample:		479.9 time, 480.0 real, 611.2 MB
[runlim] sample:		489.9 time, 490.0 real, 663.1 MB
[runlim] sample:		499.9 time, 500.0 real, 750.4 MB
[runlim] sample:		509.9 time, 510.0 real, 714.9 MB
[runlim] sample:		519.9 time, 520.0 real, 679.6 MB
[runlim] sample:		529.9 time, 530.0 real, 617.1 MB
[runlim] sample:		539.9 time, 540.0 real, 591.9 MB
[runlim] sample:		549.9 time, 550.0 real, 598.4 MB
[runlim] sample:		559.9 time, 560.0 real, 600.3 MB
[runlim] sample:		569.9 time, 570.0 real, 597.1 MB
[runlim] sample:		579.9 time, 580.0 real, 680.4 MB
c	Solving duration: 153830 ms
c	Answer: 
s SAT (w = 96)
c	Solution check:
p calculated antibandwidth = 96.
c
c
c Antibandwidth problem with w = 97 ( O-impcol_d.mtx.rnd ):
c Initializing CaDiCaL (version 1.2.1).
c	Configuring CaDiCaL as --sat (1).
c Initializing a DuplexNSC encoder with n = 425.
c Encoding starts with w = 97:
[runlim] sample:		589.9 time, 590.0 real, 454.3 MB
c	Labels and Vertices aux var: 34000
c	Labels and Vertices constraints:  415650
c	Obj k aux var: 299625
c	Obj k constraints: 2871493
c	Obj k glue staircase constraints: 1652168
c	Encoding duration: 0s
c	Number of clauses: 3287355
c	Number of irredundant clauses: 3286088
c	Number of variables: 514250
c SAT Solving starts:
[runlim] sample:		599.9 time, 600.0 real, 607.6 MB
[runlim] sample:		609.9 time, 610.0 real, 606.1 MB
[runlim] sample:		619.9 time, 620.0 real, 606.6 MB
[runlim] sample:		629.9 time, 630.0 real, 608.3 MB
[runlim] sample:		639.9 time, 640.0 real, 634.1 MB
[runlim] sample:		649.9 time, 650.0 real, 609.8 MB
[runlim] sample:		659.9 time, 660.0 real, 610.0 MB
c	Solving duration: 79592 ms
c	Answer: 
s SAT (w = 97)
c	Solution check:
p calculated antibandwidth = 97.
[runlim] sample:		669.9 time, 670.0 real, 503.7 MB
c
c
c Antibandwidth problem with w = 98 ( O-impcol_d.mtx.rnd ):
c Initializing CaDiCaL (version 1.2.1).
c	Configuring CaDiCaL as --sat (1).
c Initializing a DuplexNSC encoder with n = 425.
c Encoding starts with w = 98:
c	Labels and Vertices aux var: 34000
c	Labels and Vertices constraints:  415650
c	Obj k aux var: 300900
c	Obj k constraints: 2869825
c	Obj k glue staircase constraints: 1647100
c	Encoding duration: 0s
c	Number of clauses: 3285687
c	Number of irredundant clauses: 3284416
c	Number of variables: 515525
c SAT Solving starts:
[runlim] sample:		679.9 time, 680.0 real, 607.4 MB
[runlim] sample:		689.9 time, 690.0 real, 602.5 MB
[runlim] sample:		699.9 time, 700.0 real, 605.0 MB
[runlim] sample:		709.9 time, 710.0 real, 603.2 MB
[runlim] sample:		719.9 time, 720.0 real, 606.5 MB
[runlim] sample:		729.9 time, 730.0 real, 607.8 MB
[runlim] sample:		739.9 time, 740.0 real, 708.7 MB
[runlim] sample:		749.9 time, 750.0 real, 635.3 MB
[runlim] sample:		759.9 time, 760.0 real, 671.8 MB
[runlim] sample:		769.9 time, 770.0 real, 738.3 MB
[runlim] sample:		779.9 time, 780.0 real, 712.2 MB
[runlim] sample:		789.9 time, 790.0 real, 631.1 MB
[runlim] sample:		799.9 time, 800.0 real, 625.3 MB
[runlim] sample:		809.9 time, 810.0 real, 637.6 MB
[runlim] sample:		819.9 time, 820.0 real, 599.0 MB
c	Solving duration: 153207 ms
c	Answer: 
s SAT (w = 98)
c	Solution check:
p calculated antibandwidth = 98.
c
c
c Antibandwidth problem with w = 99 ( O-impcol_d.mtx.rnd ):
c Initializing CaDiCaL (version 1.2.1).
c	Configuring CaDiCaL as --sat (1).
c Initializing a DuplexNSC encoder with n = 425.
c Encoding starts with w = 99:
c	Labels and Vertices aux var: 34000
c	Labels and Vertices constraints:  415650
c	Obj k aux var: 302175
c	Obj k constraints: 2868157
c	Obj k glue staircase constraints: 1642032
c	Encoding duration: 0s
c	Number of clauses: 3284019
c	Number of irredundant clauses: 3282744
c	Number of variables: 516800
c SAT Solving starts:
[runlim] sample:		829.9 time, 830.0 real, 612.0 MB
[runlim] sample:		839.9 time, 840.0 real, 612.1 MB
[runlim] sample:		849.9 time, 850.0 real, 611.5 MB
[runlim] sample:		859.9 time, 860.0 real, 613.6 MB
[runlim] sample:		869.9 time, 870.0 real, 612.6 MB
[runlim] sample:		879.9 time, 880.0 real, 626.6 MB
[runlim] sample:		889.9 time, 890.0 real, 615.9 MB
[runlim] sample:		899.9 time, 900.0 real, 613.6 MB
[runlim] sample:		909.9 time, 910.0 real, 614.1 MB
[runlim] sample:		919.9 time, 920.0 real, 614.0 MB
[runlim] sample:		929.9 time, 930.0 real, 582.0 MB
[runlim] sample:		939.9 time, 940.0 real, 611.8 MB
[runlim] sample:		949.9 time, 950.0 real, 613.8 MB
[runlim] sample:		959.9 time, 960.0 real, 714.7 MB
[runlim] sample:		969.9 time, 970.0 real, 685.3 MB
[runlim] sample:		979.9 time, 980.0 real, 629.6 MB
[runlim] sample:		989.9 time, 990.0 real, 714.2 MB
[runlim] sample:		999.9 time, 1000.0 real, 650.3 MB
[runlim] sample:		1009.9 time, 1010.0 real, 750.9 MB
[runlim] sample:		1019.9 time, 1020.0 real, 650.3 MB
[runlim] sample:		1029.9 time, 1030.0 real, 655.9 MB
[runlim] sample:		1039.9 time, 1040.0 real, 951.1 MB
[runlim] sample:		1049.9 time, 1050.0 real, 951.1 MB
[runlim] sample:		1059.9 time, 1060.0 real, 951.1 MB
[runlim] sample:		1069.9 time, 1070.0 real, 987.4 MB
[runlim] sample:		1079.9 time, 1080.0 real, 1190.3 MB
[runlim] sample:		1089.9 time, 1090.0 real, 954.6 MB
c	Solving duration: 266571 ms
c	Answer: 
s SAT (w = 99)
c	Solution check:
p calculated antibandwidth = 99.
c
c
c Antibandwidth problem with w = 100 ( O-impcol_d.mtx.rnd ):
c Initializing CaDiCaL (version 1.2.1).
c	Configuring CaDiCaL as --sat (1).
c Initializing a DuplexNSC encoder with n = 425.
c Encoding starts with w = 100:
c	Labels and Vertices aux var: 34000
c	Labels and Vertices constraints:  415650
c	Obj k aux var: 303450
c	Obj k constraints: 2866489
c	Obj k glue staircase constraints: 1636964
c	Encoding duration: 0s
c	Number of clauses: 3282351
c	Number of irredundant clauses: 3281072
c	Number of variables: 518075
c SAT Solving starts:
[runlim] sample:		1099.9 time, 1100.0 real, 614.9 MB
[runlim] sample:		1109.9 time, 1110.0 real, 615.1 MB
[runlim] sample:		1119.9 time, 1120.0 real, 623.8 MB
[runlim] sample:		1129.9 time, 1130.0 real, 617.5 MB
[runlim] sample:		1139.9 time, 1140.0 real, 618.1 MB
[runlim] sample:		1149.9 time, 1150.0 real, 622.2 MB
[runlim] sample:		1159.9 time, 1160.0 real, 731.4 MB
[runlim] sample:		1169.9 time, 1170.0 real, 714.7 MB
[runlim] sample:		1179.9 time, 1180.0 real, 641.3 MB
[runlim] sample:		1189.9 time, 1190.0 real, 681.0 MB
[runlim] sample:		1199.9 time, 1200.0 real, 611.0 MB
[runlim] sample:		1209.9 time, 1210.0 real, 619.3 MB
[runlim] sample:		1219.9 time, 1220.0 real, 642.2 MB
[runlim] sample:		1229.9 time, 1230.0 real, 639.2 MB
[runlim] sample:		1239.9 time, 1240.0 real, 750.0 MB
[runlim] sample:		1249.9 time, 1250.0 real, 649.6 MB
[runlim] sample:		1259.9 time, 1260.0 real, 616.8 MB
[runlim] sample:		1269.9 time, 1270.0 real, 622.4 MB
[runlim] sample:		1279.9 time, 1280.0 real, 968.0 MB
[runlim] sample:		1289.9 time, 1290.0 real, 636.8 MB
[runlim] sample:		1299.9 time, 1300.0 real, 619.9 MB
[runlim] sample:		1309.9 time, 1310.0 real, 626.7 MB
[runlim] sample:		1319.9 time, 1320.0 real, 649.8 MB
c	Solving duration: 228226 ms
c	Answer: 
s SAT (w = 100)
c	Solution check:
p calculated antibandwidth = 100.
c
c
c Antibandwidth problem with w = 101 ( O-impcol_d.mtx.rnd ):
c Initializing CaDiCaL (version 1.2.1).
c	Configuring CaDiCaL as --sat (1).
c Initializing a DuplexNSC encoder with n = 425.
c Encoding starts with w = 101:
c	Labels and Vertices aux var: 34000
c	Labels and Vertices constraints:  415650
c	Obj k aux var: 304725
c	Obj k constraints: 2864821
c	Obj k glue staircase constraints: 1631896
c	Encoding duration: 0s
c	Number of clauses: 3280683
c	Number of irredundant clauses: 3279400
c	Number of variables: 519350
c SAT Solving starts:
[runlim] sample:		1329.9 time, 1330.0 real, 618.0 MB
[runlim] sample:		1339.9 time, 1340.0 real, 623.4 MB
[runlim] sample:		1349.9 time, 1350.0 real, 618.7 MB
[runlim] sample:		1359.9 time, 1360.0 real, 618.0 MB
[runlim] sample:		1369.9 time, 1370.0 real, 648.5 MB
[runlim] sample:		1379.9 time, 1380.0 real, 685.7 MB
[runlim] sample:		1389.9 time, 1390.0 real, 668.3 MB
[runlim] sample:		1399.9 time, 1400.0 real, 634.8 MB
[runlim] sample:		1409.9 time, 1410.0 real, 631.0 MB
[runlim] sample:		1419.9 time, 1420.0 real, 653.7 MB
[runlim] sample:		1429.9 time, 1430.0 real, 634.2 MB
[runlim] sample:		1439.9 time, 1440.0 real, 626.6 MB
[runlim] sample:		1449.9 time, 1450.0 real, 628.5 MB
[runlim] sample:		1459.9 time, 1460.0 real, 788.8 MB
[runlim] sample:		1469.9 time, 1470.0 real, 659.7 MB
[runlim] sample:		1479.9 time, 1480.0 real, 644.3 MB
[runlim] sample:		1489.9 time, 1490.0 real, 644.6 MB
[runlim] sample:		1499.9 time, 1500.0 real, 700.9 MB
[runlim] sample:		1509.9 time, 1510.0 real, 655.3 MB
[runlim] sample:		1519.9 time, 1520.0 real, 662.3 MB
[runlim] sample:		1529.9 time, 1530.0 real, 686.3 MB
[runlim] sample:		1539.9 time, 1540.0 real, 716.8 MB
[runlim] sample:		1549.9 time, 1550.0 real, 988.4 MB
[runlim] sample:		1559.9 time, 1560.0 real, 874.8 MB
c	Solving duration: 244810 ms
c	Answer: 
s SAT (w = 101)
c	Solution check:
p calculated antibandwidth = 101.
c
c
c Antibandwidth problem with w = 102 ( O-impcol_d.mtx.rnd ):
c Initializing CaDiCaL (version 1.2.1).
c	Configuring CaDiCaL as --sat (1).
c Initializing a DuplexNSC encoder with n = 425.
c Encoding starts with w = 102:
c	Labels and Vertices aux var: 34000
c	Labels and Vertices constraints:  415650
c	Obj k aux var: 306000
c	Obj k constraints: 2863153
c	Obj k glue staircase constraints: 1626828
c	Encoding duration: 0s
c	Number of clauses: 3279015
c	Number of irredundant clauses: 3277728
c	Number of variables: 520625
c SAT Solving starts:
[runlim] sample:		1569.9 time, 1570.0 real, 594.6 MB
[runlim] sample:		1579.9 time, 1580.0 real, 691.1 MB
[runlim] sample:		1589.9 time, 1590.0 real, 619.4 MB
[runlim] sample:		1599.9 time, 1600.0 real, 620.5 MB
[runlim] sample:		1609.9 time, 1610.0 real, 742.8 MB
[runlim] sample:		1619.9 time, 1620.0 real, 657.8 MB
[runlim] sample:		1629.9 time, 1630.0 real, 939.1 MB
[runlim] sample:		1639.9 time, 1640.0 real, 740.4 MB
[runlim] sample:		1649.9 time, 1650.0 real, 659.2 MB
[runlim] sample:		1659.9 time, 1660.0 real, 665.1 MB
[runlim] sample:		1669.9 time, 1670.0 real, 761.1 MB
[runlim] sample:		1679.9 time, 1680.0 real, 705.5 MB
[runlim] sample:		1689.9 time, 1690.0 real, 763.6 MB
[runlim] sample:		1699.9 time, 1700.0 real, 763.6 MB
[runlim] sample:		1709.9 time, 1710.0 real, 860.1 MB
[runlim] sample:		1719.9 time, 1720.0 real, 708.0 MB
[runlim] sample:		1729.9 time, 1730.0 real, 701.2 MB
[runlim] sample:		1739.9 time, 1740.0 real, 714.7 MB
[runlim] sample:		1749.9 time, 1750.0 real, 747.4 MB
[runlim] sample:		1759.9 time, 1760.0 real, 860.6 MB
[runlim] sample:		1769.9 time, 1770.0 real, 733.1 MB
[runlim] sample:		1779.9 time, 1780.0 real, 735.0 MB
[runlim] sample:		1789.9 time, 1790.0 real, 766.4 MB
[runlim] sample:		1799.9 time, 1800.0 real, 685.2 MB
[runlim] sample:		1809.9 time, 1810.0 real, 725.2 MB
[runlim] sample:		1819.9 time, 1820.0 real, 715.2 MB
[runlim] sample:		1829.9 time, 1830.0 real, 691.3 MB
[runlim] sample:		1839.9 time, 1840.0 real, 706.9 MB
c	Solving duration: 278000 ms
c	Answer: 
s SAT (w = 102)
c	Solution check:
p calculated antibandwidth = 102.
c
c
c Antibandwidth problem with w = 103 ( O-impcol_d.mtx.rnd ):
c Initializing CaDiCaL (version 1.2.1).
c	Configuring CaDiCaL as --sat (1).
c Initializing a DuplexNSC encoder with n = 425.
c Encoding starts with w = 103:
c	Labels and Vertices aux var: 34000
c	Labels and Vertices constraints:  415650
c	Obj k aux var: 307275
c	Obj k constraints: 2861485
c	Obj k glue staircase constraints: 1621760
c	Encoding duration: 0s
c	Number of clauses: 3277347
c	Number of irredundant clauses: 3276056
c	Number of variables: 521900
c SAT Solving starts:
[runlim] sample:		1849.9 time, 1850.0 real, 662.1 MB
[runlim] sample:		1859.9 time, 1860.0 real, 680.0 MB
[runlim] sample:		1869.9 time, 1870.0 real, 774.1 MB
[runlim] sample:		1879.9 time, 1880.0 real, 665.8 MB
[runlim] sample:		1889.9 time, 1890.0 real, 665.7 MB
[runlim] sample:		1899.9 time, 1900.0 real, 667.9 MB
[runlim] sample:		1909.9 time, 1910.0 real, 747.9 MB
[runlim] sample:		1919.9 time, 1920.0 real, 683.1 MB
[runlim] sample:		1929.9 time, 1930.0 real, 681.6 MB
[runlim] sample:		1939.9 time, 1940.0 real, 766.2 MB
[runlim] sample:		1949.9 time, 1950.0 real, 668.7 MB
[runlim] sample:		1959.9 time, 1960.0 real, 796.4 MB
[runlim] sample:		1969.9 time, 1970.0 real, 724.0 MB
[runlim] sample:		1979.9 time, 1980.0 real, 725.9 MB
[runlim] sample:		1989.9 time, 1990.0 real, 661.2 MB
[runlim] sample:		1999.9 time, 2000.0 real, 671.6 MB
[runlim] sample:		2009.9 time, 2010.0 real, 798.9 MB
[runlim] sample:		2019.9 time, 2020.0 real, 798.9 MB
[runlim] sample:		2029.9 time, 2030.0 real, 840.3 MB
[runlim] sample:		2039.9 time, 2040.0 real, 681.0 MB
[runlim] sample:		2049.9 time, 2050.0 real, 701.2 MB
[runlim] sample:		2059.9 time, 2060.0 real, 690.3 MB
[runlim] sample:		2069.9 time, 2070.0 real, 690.4 MB
[runlim] sample:		2079.9 time, 2080.0 real, 798.5 MB
[runlim] sample:		2089.9 time, 2090.0 real, 695.5 MB
[runlim] sample:		2099.9 time, 2100.0 real, 702.7 MB
[runlim] sample:		2109.9 time, 2110.0 real, 725.9 MB
[runlim] sample:		2119.9 time, 2120.0 real, 698.5 MB
[runlim] sample:		2129.9 time, 2130.0 real, 714.7 MB
[runlim] sample:		2139.9 time, 2140.0 real, 699.0 MB
[runlim] sample:		2149.9 time, 2150.0 real, 747.6 MB
c	Solving duration: 304723 ms
c	Answer: 
s SAT (w = 103)
c	Solution check:
p calculated antibandwidth = 103.
c
c
c Antibandwidth problem with w = 104 ( O-impcol_d.mtx.rnd ):
c Initializing CaDiCaL (version 1.2.1).
c	Configuring CaDiCaL as --sat (1).
c Initializing a DuplexNSC encoder with n = 425.
c Encoding starts with w = 104:
c	Labels and Vertices aux var: 34000
c	Labels and Vertices constraints:  415650
c	Obj k aux var: 308550
c	Obj k constraints: 2859817
c	Obj k glue staircase constraints: 1616692
c	Encoding duration: 0s
c	Number of clauses: 3275679
c	Number of irredundant clauses: 3274384
c	Number of variables: 523175
c SAT Solving starts:
[runlim] sample:		2159.9 time, 2160.0 real, 657.9 MB
[runlim] sample:		2169.9 time, 2170.0 real, 617.9 MB
[runlim] sample:		2179.9 time, 2180.0 real, 674.0 MB
[runlim] sample:		2189.9 time, 2190.0 real, 649.6 MB
[runlim] sample:		2199.9 time, 2200.0 real, 645.3 MB
[runlim] sample:		2209.9 time, 2210.0 real, 660.0 MB
[runlim] sample:		2219.9 time, 2220.0 real, 650.0 MB
[runlim] sample:		2229.9 time, 2230.0 real, 649.9 MB
[runlim] sample:		2239.9 time, 2240.0 real, 797.8 MB
[runlim] sample:		2249.8 time, 2250.0 real, 834.8 MB
[runlim] sample:		2259.9 time, 2260.0 real, 712.7 MB
[runlim] sample:		2269.9 time, 2270.0 real, 676.6 MB
[runlim] sample:		2279.8 time, 2280.0 real, 714.4 MB
[runlim] sample:		2289.9 time, 2290.0 real, 690.7 MB
[runlim] sample:		2299.8 time, 2300.0 real, 660.3 MB
[runlim] sample:		2309.8 time, 2310.0 real, 673.4 MB
[runlim] sample:		2319.9 time, 2320.0 real, 655.6 MB
[runlim] sample:		2329.9 time, 2330.0 real, 704.4 MB
[runlim] sample:		2339.9 time, 2340.0 real, 702.9 MB
[runlim] sample:		2349.9 time, 2350.0 real, 722.3 MB
[runlim] sample:		2359.9 time, 2360.0 real, 672.9 MB
[runlim] sample:		2369.8 time, 2370.0 real, 687.9 MB
[runlim] sample:		2379.8 time, 2380.0 real, 739.4 MB
[runlim] sample:		2389.8 time, 2390.0 real, 732.4 MB
[runlim] sample:		2399.9 time, 2400.0 real, 827.2 MB
[runlim] sample:		2409.9 time, 2410.0 real, 827.2 MB
[runlim] sample:		2419.9 time, 2420.0 real, 723.9 MB
[runlim] sample:		2429.9 time, 2430.0 real, 831.0 MB
[runlim] sample:		2439.8 time, 2440.0 real, 709.1 MB
[runlim] sample:		2449.9 time, 2450.0 real, 723.1 MB
[runlim] sample:		2459.8 time, 2460.0 real, 836.1 MB
[runlim] sample:		2469.8 time, 2470.0 real, 714.8 MB
[runlim] sample:		2479.8 time, 2480.0 real, 723.9 MB
[runlim] sample:		2489.8 time, 2490.0 real, 737.1 MB
[runlim] sample:		2499.8 time, 2500.0 real, 761.0 MB
[runlim] sample:		2509.8 time, 2510.0 real, 719.7 MB
[runlim] sample:		2519.8 time, 2520.0 real, 796.3 MB
[runlim] sample:		2529.8 time, 2530.0 real, 754.2 MB
[runlim] sample:		2539.8 time, 2540.0 real, 723.7 MB
[runlim] sample:		2549.8 time, 2550.0 real, 763.9 MB
[runlim] sample:		2559.8 time, 2560.0 real, 763.9 MB
[runlim] sample:		2569.8 time, 2570.0 real, 726.7 MB
[runlim] sample:		2579.8 time, 2580.0 real, 726.7 MB
[runlim] sample:		2589.8 time, 2590.0 real, 777.8 MB
[runlim] sample:		2599.8 time, 2600.0 real, 744.0 MB
[runlim] sample:		2609.8 time, 2610.0 real, 744.0 MB
[runlim] sample:		2619.8 time, 2620.0 real, 872.8 MB
[runlim] sample:		2629.8 time, 2630.0 real, 735.1 MB
[runlim] sample:		2639.8 time, 2640.0 real, 796.1 MB
[runlim] sample:		2649.8 time, 2650.0 real, 724.5 MB
[runlim] sample:		2659.8 time, 2660.0 real, 731.8 MB
[runlim] sample:		2669.8 time, 2670.0 real, 746.8 MB
[runlim] sample:		2679.8 time, 2680.0 real, 733.6 MB
[runlim] sample:		2689.8 time, 2690.0 real, 800.9 MB
[runlim] sample:		2699.8 time, 2700.0 real, 800.9 MB
[runlim] sample:		2709.8 time, 2710.0 real, 768.7 MB
[runlim] sample:		2719.8 time, 2720.0 real, 962.8 MB
[runlim] sample:		2729.8 time, 2730.0 real, 962.8 MB
[runlim] sample:		2739.8 time, 2740.0 real, 986.1 MB
[runlim] sample:		2749.8 time, 2750.0 real, 986.1 MB
[runlim] sample:		2759.8 time, 2760.0 real, 825.2 MB
[runlim] sample:		2769.8 time, 2770.0 real, 829.5 MB
c	Solving duration: 622062 ms
c	Answer: 
s SAT (w = 104)
c	Solution check:
p calculated antibandwidth = 104.
c
c
c Antibandwidth problem with w = 105 ( O-impcol_d.mtx.rnd ):
c Initializing CaDiCaL (version 1.2.1).
c	Configuring CaDiCaL as --sat (1).
c Initializing a DuplexNSC encoder with n = 425.
c Encoding starts with w = 105:
c	Labels and Vertices aux var: 34000
c	Labels and Vertices constraints:  415650
c	Obj k aux var: 309825
c	Obj k constraints: 2858149
c	Obj k glue staircase constraints: 1611624
c	Encoding duration: 0s
c	Number of clauses: 3274011
c	Number of irredundant clauses: 3272712
c	Number of variables: 524450
c SAT Solving starts:
[runlim] sample:		2779.8 time, 2780.0 real, 718.8 MB
[runlim] sample:		2789.8 time, 2790.0 real, 722.2 MB
[runlim] sample:		2799.8 time, 2800.0 real, 716.6 MB
[runlim] sample:		2809.8 time, 2810.0 real, 799.4 MB
[runlim] sample:		2819.8 time, 2820.0 real, 725.5 MB
[runlim] sample:		2829.8 time, 2830.0 real, 774.5 MB
[runlim] sample:		2839.8 time, 2840.0 real, 727.1 MB
[runlim] sample:		2849.8 time, 2850.0 real, 728.9 MB
[runlim] sample:		2859.8 time, 2860.0 real, 757.9 MB
[runlim] sample:		2869.8 time, 2870.0 real, 739.1 MB
[runlim] sample:		2879.8 time, 2880.0 real, 756.4 MB
[runlim] sample:		2889.8 time, 2890.0 real, 722.4 MB
[runlim] sample:		2899.8 time, 2900.0 real, 783.6 MB
[runlim] sample:		2909.8 time, 2910.0 real, 723.9 MB
[runlim] sample:		2919.8 time, 2920.0 real, 726.5 MB
[runlim] sample:		2929.8 time, 2930.0 real, 750.2 MB
[runlim] sample:		2939.8 time, 2940.0 real, 749.2 MB
[runlim] sample:		2949.8 time, 2950.0 real, 881.1 MB
[runlim] sample:		2959.8 time, 2960.0 real, 752.4 MB
[runlim] sample:		2969.8 time, 2970.0 real, 752.4 MB
[runlim] sample:		2979.8 time, 2980.0 real, 768.3 MB
[runlim] sample:		2989.8 time, 2990.0 real, 1186.6 MB
[runlim] sample:		2999.8 time, 3000.0 real, 900.5 MB
[runlim] sample:		3009.8 time, 3010.0 real, 900.5 MB
[runlim] sample:		3019.8 time, 3020.0 real, 928.8 MB
[runlim] sample:		3029.8 time, 3030.0 real, 1252.1 MB
[runlim] sample:		3039.8 time, 3040.0 real, 1252.1 MB
[runlim] sample:		3049.8 time, 3050.0 real, 1051.6 MB
[runlim] sample:		3059.8 time, 3060.0 real, 919.3 MB
[runlim] sample:		3069.8 time, 3070.0 real, 847.6 MB
[runlim] sample:		3079.8 time, 3080.0 real, 859.6 MB
[runlim] sample:		3089.8 time, 3090.0 real, 958.3 MB
[runlim] sample:		3099.8 time, 3100.0 real, 848.4 MB
[runlim] sample:		3109.8 time, 3110.0 real, 880.3 MB
[runlim] sample:		3119.8 time, 3120.0 real, 860.0 MB
[runlim] sample:		3129.8 time, 3130.0 real, 867.1 MB
[runlim] sample:		3139.8 time, 3140.0 real, 873.3 MB
[runlim] sample:		3149.8 time, 3150.0 real, 857.4 MB
[runlim] sample:		3159.8 time, 3160.0 real, 851.4 MB
[runlim] sample:		3169.8 time, 3170.0 real, 908.1 MB
[runlim] sample:		3179.8 time, 3180.0 real, 912.9 MB
[runlim] sample:		3189.8 time, 3190.0 real, 904.7 MB
[runlim] sample:		3199.8 time, 3200.0 real, 1069.8 MB
[runlim] sample:		3209.8 time, 3210.0 real, 894.2 MB
[runlim] sample:		3219.8 time, 3220.0 real, 894.2 MB
[runlim] sample:		3229.8 time, 3230.0 real, 858.9 MB
[runlim] sample:		3239.8 time, 3240.0 real, 869.2 MB
[runlim] sample:		3249.8 time, 3250.0 real, 1031.0 MB
[runlim] sample:		3259.8 time, 3260.0 real, 860.6 MB
[runlim] sample:		3269.8 time, 3270.0 real, 860.6 MB
[runlim] sample:		3279.8 time, 3280.0 real, 847.4 MB
[runlim] sample:		3289.8 time, 3290.0 real, 876.7 MB
[runlim] sample:		3299.8 time, 3300.0 real, 876.7 MB
[runlim] sample:		3309.8 time, 3310.0 real, 876.7 MB
[runlim] sample:		3319.8 time, 3320.0 real, 926.6 MB
[runlim] sample:		3329.8 time, 3330.0 real, 926.6 MB
[runlim] sample:		3339.8 time, 3340.0 real, 946.0 MB
c	Solving duration: 569875 ms
c	Answer: 
s SAT (w = 105)
c	Solution check:
p calculated antibandwidth = 105.
c
c
c Antibandwidth problem with w = 106 ( O-impcol_d.mtx.rnd ):
c Initializing CaDiCaL (version 1.2.1).
c	Configuring CaDiCaL as --sat (1).
c Initializing a DuplexNSC encoder with n = 425.
c Encoding starts with w = 106:
c	Labels and Vertices aux var: 34000
c	Labels and Vertices constraints:  415650
c	Obj k aux var: 311100
c	Obj k constraints: 2856481
c	Obj k glue staircase constraints: 1606556
c	Encoding duration: 0s
c	Number of clauses: 3272343
c	Number of irredundant clauses: 3271043
c	Number of variables: 525725
c SAT Solving starts:
[runlim] sample:		3349.8 time, 3350.0 real, 782.1 MB
[runlim] sample:		3359.8 time, 3360.0 real, 778.2 MB
[runlim] sample:		3369.8 time, 3370.0 real, 782.6 MB
[runlim] sample:		3379.8 time, 3380.0 real, 826.0 MB
[runlim] sample:		3389.8 time, 3390.0 real, 750.7 MB
[runlim] sample:		3399.8 time, 3400.0 real, 820.1 MB
[runlim] sample:		3409.8 time, 3410.0 real, 844.8 MB
[runlim] sample:		3419.8 time, 3420.0 real, 757.8 MB
[runlim] sample:		3429.8 time, 3430.0 real, 759.8 MB
[runlim] sample:		3439.8 time, 3440.0 real, 783.8 MB
[runlim] sample:		3449.8 time, 3450.0 real, 749.4 MB
[runlim] sample:		3459.8 time, 3460.0 real, 761.3 MB
[runlim] sample:		3469.8 time, 3470.0 real, 751.7 MB
[runlim] sample:		3479.8 time, 3480.0 real, 761.9 MB
[runlim] sample:		3489.8 time, 3490.0 real, 782.3 MB
[runlim] sample:		3499.8 time, 3500.0 real, 819.2 MB
[runlim] sample:		3509.8 time, 3510.0 real, 767.5 MB
[runlim] sample:		3519.8 time, 3520.0 real, 861.7 MB
[runlim] sample:		3529.8 time, 3530.0 real, 861.7 MB
[runlim] sample:		3539.8 time, 3540.0 real, 892.6 MB
[runlim] sample:		3549.8 time, 3550.0 real, 885.4 MB
[runlim] sample:		3559.8 time, 3560.0 real, 780.3 MB
[runlim] sample:		3569.8 time, 3570.0 real, 780.4 MB
[runlim] sample:		3579.8 time, 3580.0 real, 811.4 MB
[runlim] sample:		3589.8 time, 3590.0 real, 811.4 MB
[runlim] sample:		3599.8 time, 3600.0 real, 845.7 MB
c Signal interruption.
[runlim] end:			Wed Aug 21 20:45:31 2024
[runlim] status:		out of time
[runlim] result:		2
[runlim] children:		0
[runlim] real:			3600.06 seconds
[runlim] time:			3599.80 seconds
[runlim] space:			1795.4 MB
[runlim] samples:		36000
