[runlim] version:		1.10
[runlim] time limit:		900 seconds
[runlim] real time limit:	900 seconds
[runlim] space limit:		30000 MB
[runlim] argv[0]:		/home/truongxuanhieu/AntiBandwidthReconstruct/build/abw_enc
[runlim] argv[1]:		/home/truongxuanhieu/AntiBandwidthReconstruct/build/Benchmarks/C-bcspwr01.mtx.rnd
[runlim] argv[2]:		--duplexNSC
[runlim] start:			Wed Aug 14 04:29:32 2024
[runlim] main pid:		3776
[runlim] log captured:
c DuplexEncoder 0.8.
c Solving strategy: from LB to UB.
c LB-w = 16 (LB in Sinnl - A note on computational approaches for the antibandwidth problem).
c UB-w = 17 (UB in Sinnl - A note on computational approaches for the antibandwidth problem).
c Antibandwidth problem with w = 16 ( C-bcspwr01.mtx.rnd ):
c Initializing CaDiCaL (version 1.2.1).
c	Configuring CaDiCaL as --sat (1).
c Initializing a DuplexNSC encoder with n = 39.
c Encoding starts with w = 16:
c	Labels and Vertices aux var: 858
c	Labels and Vertices constraints:  4368
c	Obj k aux var: 1950
c	Obj k constraints: 12369
c	Obj k glue staircase constraints: 4140
c	Encoding duration: 0s
c	Number of clauses: 16756
c	Number of irredundant clauses: 16638
c	Number of variables: 4329
c SAT Solving starts:
c	Solving duration: 139 ms
c	Answer: 
s SAT (w = 16)
c	Solution check:
p calculated antibandwidth = 16.
c
c
c Antibandwidth problem with w = 17 ( C-bcspwr01.mtx.rnd ):
c Initializing CaDiCaL (version 1.2.1).
c	Configuring CaDiCaL as --sat (1).
c Initializing a DuplexNSC encoder with n = 39.
c Encoding starts with w = 17:
c	Labels and Vertices aux var: 858
c	Labels and Vertices constraints:  4368
c	Obj k aux var: 1989
c	Obj k constraints: 12263
c	Obj k glue staircase constraints: 3956
c	Encoding duration: 0s
c	Number of clauses: 16650
c	Number of irredundant clauses: 16530
c	Number of variables: 4368
c SAT Solving starts:
c	Solving duration: 3647 ms
c	Answer: 
s SAT (w = 17)
c	Solution check:
p calculated antibandwidth = 17.
c
c
[runlim] end:			Wed Aug 14 04:29:35 2024
[runlim] status:		ok
[runlim] result:		0
[runlim] children:		0
[runlim] real:			3.89 seconds
[runlim] time:			3.79 seconds
[runlim] space:			15.9 MB
[runlim] samples:		38
