[runlim] version:		1.10
[runlim] time limit:		900 seconds
[runlim] real time limit:	900 seconds
[runlim] space limit:		30000 MB
[runlim] argv[0]:		/home/truongxuanhieu/AntiBandwidthReconstruct/build/abw_enc
[runlim] argv[1]:		/home/truongxuanhieu/AntiBandwidthReconstruct/build/Benchmarks/I-ash85.mtx.rnd
[runlim] argv[2]:		--duplexNSC
[runlim] start:			Wed Aug 14 06:14:37 2024
[runlim] main pid:		7334
[runlim] log captured:
c DuplexEncoder 0.8.
c Solving strategy: from LB to UB.
c LB-w = 19 (LB in Sinnl - A note on computational approaches for the antibandwidth problem).
c UB-w = 27 (UB in Sinnl - A note on computational approaches for the antibandwidth problem).
c Antibandwidth problem with w = 19 ( I-ash85.mtx.rnd ):
c Initializing CaDiCaL (version 1.2.1).
c	Configuring CaDiCaL as --sat (1).
c Initializing a DuplexNSC encoder with n = 85.
c Encoding starts with w = 19:
c	Labels and Vertices aux var: 2890
c	Labels and Vertices constraints:  19465
c	Obj k aux var: 11135
c	Obj k constraints: 102389
c	Obj k glue staircase constraints: 56064
c	Encoding duration: 0s
c	Number of clauses: 121896
c	Number of irredundant clauses: 121585
c	Number of variables: 21250
c SAT Solving starts:
c	Solving duration: 574 ms
c	Answer: 
s SAT (w = 19)
c	Solution check:
p calculated antibandwidth = 19.
c
c
c Antibandwidth problem with w = 20 ( I-ash85.mtx.rnd ):
c Initializing CaDiCaL (version 1.2.1).
c	Configuring CaDiCaL as --sat (1).
c Initializing a DuplexNSC encoder with n = 85.
c Encoding starts with w = 20:
c	Labels and Vertices aux var: 2890
c	Labels and Vertices constraints:  19465
c	Obj k aux var: 11390
c	Obj k constraints: 102193
c	Obj k glue staircase constraints: 55188
c	Encoding duration: 0s
c	Number of clauses: 121700
c	Number of irredundant clauses: 121385
c	Number of variables: 21505
c SAT Solving starts:
c	Solving duration: 1872 ms
c	Answer: 
s SAT (w = 20)
c	Solution check:
p calculated antibandwidth = 20.
c
c
c Antibandwidth problem with w = 21 ( I-ash85.mtx.rnd ):
c Initializing CaDiCaL (version 1.2.1).
c	Configuring CaDiCaL as --sat (1).
c Initializing a DuplexNSC encoder with n = 85.
c Encoding starts with w = 21:
c	Labels and Vertices aux var: 2890
c	Labels and Vertices constraints:  19465
c	Obj k aux var: 11645
c	Obj k constraints: 101997
c	Obj k glue staircase constraints: 54312
c	Encoding duration: 0s
c	Number of clauses: 121504
c	Number of irredundant clauses: 121194
c	Number of variables: 21760
c SAT Solving starts:
c	Solving duration: 5166 ms
c	Answer: 
s SAT (w = 21)
c	Solution check:
p calculated antibandwidth = 21.
c
c
c Antibandwidth problem with w = 22 ( I-ash85.mtx.rnd ):
c Initializing CaDiCaL (version 1.2.1).
c	Configuring CaDiCaL as --sat (1).
c Initializing a DuplexNSC encoder with n = 85.
c Encoding starts with w = 22:
c	Labels and Vertices aux var: 2890
c	Labels and Vertices constraints:  19125
c	Obj k aux var: 10285
c	Obj k constraints: 97528
c	Obj k glue staircase constraints: 54093
c	Encoding duration: 0s
c	Number of clauses: 116695
c	Number of irredundant clauses: 116406
c	Number of variables: 20400
c SAT Solving starts:
[runlim] sample:		10.0 time, 10.1 real, 43.9 MB
[runlim] sample:		20.0 time, 20.1 real, 52.0 MB
c	Solving duration: 19779 ms
c	Answer: 
s SAT (w = 22)
c	Solution check:
p calculated antibandwidth = 22.
c
c
c Antibandwidth problem with w = 23 ( I-ash85.mtx.rnd ):
c Initializing CaDiCaL (version 1.2.1).
c	Configuring CaDiCaL as --sat (1).
c Initializing a DuplexNSC encoder with n = 85.
c Encoding starts with w = 23:
c	Labels and Vertices aux var: 2890
c	Labels and Vertices constraints:  19125
c	Obj k aux var: 10455
c	Obj k constraints: 97077
c	Obj k glue staircase constraints: 53217
c	Encoding duration: 0s
c	Number of clauses: 116244
c	Number of irredundant clauses: 115940
c	Number of variables: 20570
c SAT Solving starts:
[runlim] sample:		30.0 time, 30.1 real, 62.1 MB
[runlim] sample:		40.0 time, 40.1 real, 64.9 MB
[runlim] sample:		50.0 time, 50.1 real, 66.2 MB
[runlim] sample:		60.0 time, 60.1 real, 66.4 MB
[runlim] sample:		70.0 time, 70.1 real, 70.5 MB
[runlim] sample:		80.0 time, 80.1 real, 73.2 MB
[runlim] sample:		90.0 time, 90.1 real, 90.6 MB
c	Solving duration: 72173 ms
c	Answer: 
s SAT (w = 23)
c	Solution check:
p calculated antibandwidth = 23.
c
c
c Antibandwidth problem with w = 24 ( I-ash85.mtx.rnd ):
c Initializing CaDiCaL (version 1.2.1).
c	Configuring CaDiCaL as --sat (1).
c Initializing a DuplexNSC encoder with n = 85.
c Encoding starts with w = 24:
c	Labels and Vertices aux var: 2890
c	Labels and Vertices constraints:  19125
c	Obj k aux var: 10625
c	Obj k constraints: 96626
c	Obj k glue staircase constraints: 52341
c	Encoding duration: 0s
c	Number of clauses: 115793
c	Number of irredundant clauses: 115486
c	Number of variables: 20740
c SAT Solving starts:
[runlim] sample:		100.0 time, 100.1 real, 100.9 MB
[runlim] sample:		110.0 time, 110.1 real, 100.9 MB
[runlim] sample:		120.0 time, 120.1 real, 100.9 MB
[runlim] sample:		130.0 time, 130.1 real, 100.9 MB
[runlim] sample:		140.0 time, 140.1 real, 101.6 MB
[runlim] sample:		150.0 time, 150.1 real, 104.2 MB
[runlim] sample:		160.0 time, 160.1 real, 104.2 MB
[runlim] sample:		170.0 time, 170.1 real, 104.2 MB
[runlim] sample:		180.0 time, 180.1 real, 104.3 MB
[runlim] sample:		190.0 time, 190.1 real, 112.1 MB
[runlim] sample:		200.0 time, 200.1 real, 129.1 MB
[runlim] sample:		210.0 time, 210.1 real, 129.1 MB
[runlim] sample:		220.0 time, 220.1 real, 93.1 MB
[runlim] sample:		230.0 time, 230.1 real, 113.6 MB
[runlim] sample:		240.0 time, 240.1 real, 82.5 MB
[runlim] sample:		250.0 time, 250.1 real, 112.3 MB
[runlim] sample:		260.0 time, 260.1 real, 146.6 MB
[runlim] sample:		270.0 time, 270.1 real, 118.0 MB
[runlim] sample:		280.0 time, 280.1 real, 118.0 MB
[runlim] sample:		290.0 time, 290.1 real, 145.0 MB
[runlim] sample:		300.0 time, 300.1 real, 103.8 MB
[runlim] sample:		310.0 time, 310.1 real, 104.1 MB
[runlim] sample:		320.0 time, 320.1 real, 104.1 MB
[runlim] sample:		330.0 time, 330.1 real, 104.1 MB
[runlim] sample:		340.0 time, 340.1 real, 104.1 MB
[runlim] sample:		350.0 time, 350.1 real, 140.3 MB
[runlim] sample:		360.0 time, 360.1 real, 142.1 MB
[runlim] sample:		370.0 time, 370.1 real, 146.3 MB
[runlim] sample:		380.0 time, 380.1 real, 145.4 MB
[runlim] sample:		390.0 time, 390.1 real, 144.9 MB
[runlim] sample:		400.0 time, 400.1 real, 148.7 MB
[runlim] sample:		410.0 time, 410.1 real, 149.1 MB
[runlim] sample:		420.0 time, 420.1 real, 148.5 MB
[runlim] sample:		430.0 time, 430.1 real, 151.9 MB
[runlim] sample:		440.0 time, 440.1 real, 154.1 MB
[runlim] sample:		450.0 time, 450.1 real, 150.8 MB
[runlim] sample:		460.0 time, 460.1 real, 142.4 MB
[runlim] sample:		470.0 time, 470.1 real, 149.7 MB
[runlim] sample:		480.0 time, 480.1 real, 145.1 MB
[runlim] sample:		490.0 time, 490.1 real, 138.9 MB
[runlim] sample:		500.0 time, 500.1 real, 151.8 MB
[runlim] sample:		509.9 time, 510.1 real, 144.8 MB
[runlim] sample:		520.0 time, 520.1 real, 148.2 MB
[runlim] sample:		530.0 time, 530.1 real, 152.5 MB
[runlim] sample:		540.0 time, 540.1 real, 151.6 MB
[runlim] sample:		550.0 time, 550.1 real, 140.6 MB
[runlim] sample:		560.0 time, 560.1 real, 139.5 MB
[runlim] sample:		570.0 time, 570.1 real, 157.1 MB
[runlim] sample:		580.0 time, 580.1 real, 156.7 MB
[runlim] sample:		590.0 time, 590.1 real, 141.2 MB
[runlim] sample:		600.0 time, 600.1 real, 147.4 MB
[runlim] sample:		610.0 time, 610.1 real, 151.3 MB
[runlim] sample:		620.0 time, 620.1 real, 147.9 MB
[runlim] sample:		630.0 time, 630.1 real, 148.2 MB
[runlim] sample:		640.0 time, 640.1 real, 144.7 MB
[runlim] sample:		649.9 time, 650.1 real, 147.2 MB
[runlim] sample:		659.9 time, 660.1 real, 150.3 MB
[runlim] sample:		670.0 time, 670.1 real, 153.8 MB
[runlim] sample:		679.9 time, 680.1 real, 153.5 MB
[runlim] sample:		689.9 time, 690.1 real, 143.5 MB
[runlim] sample:		700.0 time, 700.1 real, 163.0 MB
[runlim] sample:		709.9 time, 710.1 real, 153.0 MB
[runlim] sample:		719.9 time, 720.1 real, 154.3 MB
[runlim] sample:		730.0 time, 730.1 real, 159.6 MB
[runlim] sample:		740.0 time, 740.1 real, 180.8 MB
[runlim] sample:		750.0 time, 750.1 real, 161.4 MB
[runlim] sample:		759.9 time, 760.1 real, 158.5 MB
[runlim] sample:		770.0 time, 770.1 real, 160.3 MB
[runlim] sample:		779.9 time, 780.1 real, 158.1 MB
[runlim] sample:		790.0 time, 790.1 real, 169.0 MB
[runlim] sample:		799.9 time, 800.1 real, 163.8 MB
[runlim] sample:		809.9 time, 810.1 real, 162.3 MB
[runlim] sample:		819.9 time, 820.1 real, 160.4 MB
[runlim] sample:		829.9 time, 830.1 real, 161.8 MB
[runlim] sample:		839.9 time, 840.1 real, 161.8 MB
[runlim] sample:		849.9 time, 850.1 real, 162.7 MB
[runlim] sample:		859.9 time, 860.1 real, 162.7 MB
[runlim] sample:		869.9 time, 870.1 real, 164.8 MB
[runlim] sample:		879.9 time, 880.1 real, 165.8 MB
[runlim] sample:		890.0 time, 890.1 real, 167.9 MB
[runlim] sample:		899.9 time, 900.1 real, 163.1 MB
c Signal interruption.
[runlim] end:			Wed Aug 14 06:29:37 2024
[runlim] status:		out of time
[runlim] result:		2
[runlim] children:		0
[runlim] real:			900.09 seconds
[runlim] time:			899.94 seconds
[runlim] space:			264.2 MB
[runlim] samples:		9000
