[runlim] version:		1.10
[runlim] time limit:		900 seconds
[runlim] real time limit:	900 seconds
[runlim] space limit:		30000 MB
[runlim] argv[0]:		/home/truongxuanhieu/AntiBandwidthReconstruct/build/abw_enc
[runlim] argv[1]:		/home/truongxuanhieu/AntiBandwidthReconstruct/build/Benchmarks/N-bcsstk07.mtx.rnd
[runlim] argv[2]:		--duplexNSC
[runlim] start:			Wed Aug 14 05:44:37 2024
[runlim] main pid:		4650
[runlim] log captured:
c DuplexEncoder 0.8.
c Solving strategy: from LB to UB.
c LB-w = 28 (LB in Sinnl - A note on computational approaches for the antibandwidth problem).
c UB-w = 72 (UB in Sinnl - A note on computational approaches for the antibandwidth problem).
c Antibandwidth problem with w = 28 ( N-bcsstk07.mtx.rnd ):
c Initializing CaDiCaL (version 1.2.1).
c	Configuring CaDiCaL as --sat (1).
c Initializing a DuplexNSC encoder with n = 420.
c Encoding starts with w = 28:
c	Labels and Vertices aux var: 32760
c	Labels and Vertices constraints:  445200
c	Obj k aux var: 312060
c	Obj k constraints: 6961860
c	Obj k glue staircase constraints: 5680440
c	Encoding duration: 2s
c	Number of clauses: 7407270
c	Number of irredundant clauses: 7405051
c	Number of variables: 521220
c SAT Solving starts:
c	Solving duration: 1661 ms
c	Answer: 
s SAT (w = 28)
c	Solution check:
p calculated antibandwidth = 28.
c
c
c Antibandwidth problem with w = 29 ( N-bcsstk07.mtx.rnd ):
c Initializing CaDiCaL (version 1.2.1).
c	Configuring CaDiCaL as --sat (1).
c Initializing a DuplexNSC encoder with n = 420.
c Encoding starts with w = 29:
c	Labels and Vertices aux var: 32760
c	Labels and Vertices constraints:  445200
c	Obj k aux var: 317520
c	Obj k constraints: 6974520
c	Obj k glue staircase constraints: 5676720
c	Encoding duration: 2s
c	Number of clauses: 7419930
c	Number of irredundant clauses: 7417767
c	Number of variables: 526680
c SAT Solving starts:
[runlim] sample:		10.0 time, 10.3 real, 962.9 MB
c	Solving duration: 10318 ms
c	Answer: 
s SAT (w = 29)
c	Solution check:
p calculated antibandwidth = 29.
c
c
c Antibandwidth problem with w = 30 ( N-bcsstk07.mtx.rnd ):
c Initializing CaDiCaL (version 1.2.1).
c	Configuring CaDiCaL as --sat (1).
c Initializing a DuplexNSC encoder with n = 420.
c Encoding starts with w = 30:
c	Labels and Vertices aux var: 32760
c	Labels and Vertices constraints:  439320
c	Obj k aux var: 311640
c	Obj k constraints: 6940740
c	Obj k glue staircase constraints: 5661840
c	Encoding duration: 2s
c	Number of clauses: 7380270
c	Number of irredundant clauses: 7378124
c	Number of variables: 520800
c SAT Solving starts:
[runlim] sample:		20.0 time, 20.3 real, 826.8 MB
[runlim] sample:		30.0 time, 30.3 real, 990.6 MB
c	Solving duration: 10743 ms
c	Answer: 
s SAT (w = 30)
c	Solution check:
p calculated antibandwidth = 30.
c
c
c Antibandwidth problem with w = 31 ( N-bcsstk07.mtx.rnd ):
c Initializing CaDiCaL (version 1.2.1).
c	Configuring CaDiCaL as --sat (1).
c Initializing a DuplexNSC encoder with n = 420.
c Encoding starts with w = 31:
c	Labels and Vertices aux var: 32760
c	Labels and Vertices constraints:  439320
c	Obj k aux var: 316680
c	Obj k constraints: 6952140
c	Obj k glue staircase constraints: 5658120
c	Encoding duration: 1s
c	Number of clauses: 7391670
c	Number of irredundant clauses: 7389510
c	Number of variables: 525840
c SAT Solving starts:
[runlim] sample:		40.0 time, 40.3 real, 995.3 MB
[runlim] sample:		50.0 time, 50.3 real, 1013.2 MB
[runlim] sample:		60.0 time, 60.3 real, 1011.1 MB
[runlim] sample:		70.0 time, 70.3 real, 1010.8 MB
[runlim] sample:		80.0 time, 80.3 real, 1013.6 MB
[runlim] sample:		90.0 time, 90.3 real, 1024.6 MB
[runlim] sample:		100.0 time, 100.3 real, 1035.9 MB
[runlim] sample:		110.0 time, 110.3 real, 1034.2 MB
[runlim] sample:		120.0 time, 120.3 real, 1072.8 MB
[runlim] sample:		130.0 time, 130.3 real, 1023.5 MB
[runlim] sample:		140.0 time, 140.3 real, 1055.1 MB
[runlim] sample:		150.0 time, 150.3 real, 1055.1 MB
[runlim] sample:		160.0 time, 160.3 real, 1021.3 MB
[runlim] sample:		170.0 time, 170.3 real, 1032.3 MB
[runlim] sample:		180.0 time, 180.3 real, 1025.1 MB
c	Solving duration: 149736 ms
c	Answer: 
s SAT (w = 31)
c	Solution check:
p calculated antibandwidth = 31.
c
c
c Antibandwidth problem with w = 32 ( N-bcsstk07.mtx.rnd ):
c Initializing CaDiCaL (version 1.2.1).
c	Configuring CaDiCaL as --sat (1).
c Initializing a DuplexNSC encoder with n = 420.
c Encoding starts with w = 32:
c	Labels and Vertices aux var: 32760
c	Labels and Vertices constraints:  439320
c	Obj k aux var: 321720
c	Obj k constraints: 6951960
c	Obj k glue staircase constraints: 5643240
c	Encoding duration: 2s
c	Number of clauses: 7391490
c	Number of irredundant clauses: 7389317
c	Number of variables: 530880
c SAT Solving starts:
[runlim] sample:		190.0 time, 190.3 real, 972.0 MB
[runlim] sample:		200.0 time, 200.3 real, 999.4 MB
[runlim] sample:		210.0 time, 210.3 real, 1000.1 MB
[runlim] sample:		220.0 time, 220.3 real, 983.2 MB
[runlim] sample:		230.0 time, 230.3 real, 1006.4 MB
c	Solving duration: 52584 ms
c	Answer: 
s SAT (w = 32)
c	Solution check:
p calculated antibandwidth = 32.
c
c
c Antibandwidth problem with w = 33 ( N-bcsstk07.mtx.rnd ):
c Initializing CaDiCaL (version 1.2.1).
c	Configuring CaDiCaL as --sat (1).
c Initializing a DuplexNSC encoder with n = 420.
c Encoding starts with w = 33:
c	Labels and Vertices aux var: 32760
c	Labels and Vertices constraints:  433860
c	Obj k aux var: 314160
c	Obj k constraints: 6924720
c	Obj k glue staircase constraints: 5639520
c	Encoding duration: 2s
c	Number of clauses: 7358790
c	Number of irredundant clauses: 7356778
c	Number of variables: 523320
c SAT Solving starts:
[runlim] sample:		240.0 time, 240.3 real, 787.5 MB
[runlim] sample:		250.0 time, 250.3 real, 993.7 MB
[runlim] sample:		260.0 time, 260.3 real, 998.8 MB
[runlim] sample:		270.0 time, 270.3 real, 999.9 MB
[runlim] sample:		280.0 time, 280.3 real, 1000.0 MB
[runlim] sample:		290.0 time, 290.3 real, 1001.2 MB
[runlim] sample:		300.0 time, 300.3 real, 1001.4 MB
[runlim] sample:		310.0 time, 310.3 real, 1003.9 MB
[runlim] sample:		320.0 time, 320.3 real, 1015.9 MB
[runlim] sample:		330.0 time, 330.3 real, 1002.7 MB
[runlim] sample:		340.0 time, 340.3 real, 1182.3 MB
[runlim] sample:		350.0 time, 350.3 real, 1004.1 MB
[runlim] sample:		360.0 time, 360.3 real, 1013.9 MB
[runlim] sample:		370.0 time, 370.3 real, 1013.9 MB
[runlim] sample:		380.0 time, 380.3 real, 1058.3 MB
c	Solving duration: 145476 ms
c	Answer: 
s SAT (w = 33)
c	Solution check:
p calculated antibandwidth = 33.
c
c
c Antibandwidth problem with w = 34 ( N-bcsstk07.mtx.rnd ):
c Initializing CaDiCaL (version 1.2.1).
c	Configuring CaDiCaL as --sat (1).
c Initializing a DuplexNSC encoder with n = 420.
c Encoding starts with w = 34:
c	Labels and Vertices aux var: 32760
c	Labels and Vertices constraints:  433860
c	Obj k aux var: 318780
c	Obj k constraints: 6923280
c	Obj k glue staircase constraints: 5624640
c	Encoding duration: 2s
c	Number of clauses: 7357350
c	Number of irredundant clauses: 7355326
c	Number of variables: 527940
c SAT Solving starts:
[runlim] sample:		390.0 time, 390.3 real, 1054.2 MB
[runlim] sample:		400.0 time, 400.3 real, 996.8 MB
[runlim] sample:		410.0 time, 410.3 real, 1168.6 MB
[runlim] sample:		420.0 time, 420.3 real, 1004.3 MB
[runlim] sample:		430.0 time, 430.3 real, 1005.1 MB
[runlim] sample:		440.0 time, 440.3 real, 984.2 MB
[runlim] sample:		450.0 time, 450.3 real, 1006.7 MB
[runlim] sample:		460.0 time, 460.3 real, 1019.3 MB
[runlim] sample:		470.0 time, 470.3 real, 1019.2 MB
[runlim] sample:		480.0 time, 480.3 real, 1185.0 MB
[runlim] sample:		490.0 time, 490.3 real, 985.7 MB
[runlim] sample:		500.0 time, 500.3 real, 1006.6 MB
[runlim] sample:		510.0 time, 510.3 real, 1006.2 MB
[runlim] sample:		520.0 time, 520.3 real, 1008.3 MB
[runlim] sample:		530.0 time, 530.3 real, 1186.3 MB
[runlim] sample:		540.0 time, 540.3 real, 1010.2 MB
[runlim] sample:		550.0 time, 550.3 real, 1013.4 MB
[runlim] sample:		560.0 time, 560.3 real, 965.6 MB
[runlim] sample:		570.0 time, 570.3 real, 1011.3 MB
[runlim] sample:		580.0 time, 580.3 real, 1015.7 MB
[runlim] sample:		590.0 time, 590.3 real, 1024.2 MB
[runlim] sample:		600.0 time, 600.3 real, 1039.5 MB
[runlim] sample:		610.0 time, 610.3 real, 963.5 MB
[runlim] sample:		620.0 time, 620.3 real, 966.4 MB
[runlim] sample:		630.0 time, 630.3 real, 1023.9 MB
[runlim] sample:		640.0 time, 640.3 real, 1200.7 MB
[runlim] sample:		649.9 time, 650.3 real, 1022.2 MB
[runlim] sample:		659.9 time, 660.3 real, 982.3 MB
[runlim] sample:		669.9 time, 670.3 real, 1020.0 MB
[runlim] sample:		679.9 time, 680.3 real, 1048.0 MB
[runlim] sample:		689.9 time, 690.3 real, 976.6 MB
[runlim] sample:		699.9 time, 700.3 real, 1019.2 MB
[runlim] sample:		709.9 time, 710.3 real, 1019.2 MB
[runlim] sample:		719.9 time, 720.3 real, 1024.1 MB
[runlim] sample:		729.9 time, 730.3 real, 973.7 MB
[runlim] sample:		739.9 time, 740.3 real, 1186.3 MB
[runlim] sample:		749.9 time, 750.3 real, 998.5 MB
[runlim] sample:		759.9 time, 760.3 real, 1000.0 MB
[runlim] sample:		769.9 time, 770.3 real, 1011.9 MB
[runlim] sample:		779.9 time, 780.3 real, 973.9 MB
[runlim] sample:		789.9 time, 790.3 real, 983.5 MB
[runlim] sample:		799.9 time, 800.3 real, 1180.0 MB
[runlim] sample:		809.9 time, 810.3 real, 1031.0 MB
[runlim] sample:		819.9 time, 820.3 real, 1026.0 MB
c	Solving duration: 439840 ms
c	Answer: 
s SAT (w = 34)
c	Solution check:
p calculated antibandwidth = 34.
c
c
c Antibandwidth problem with w = 35 ( N-bcsstk07.mtx.rnd ):
c Initializing CaDiCaL (version 1.2.1).
c	Configuring CaDiCaL as --sat (1).
c Initializing a DuplexNSC encoder with n = 420.
c Encoding starts with w = 35:
c	Labels and Vertices aux var: 32760
c	Labels and Vertices constraints:  428820
c	Obj k aux var: 309960
c	Obj k constraints: 6880680
c	Obj k glue staircase constraints: 5609760
c	Encoding duration: 1s
c	Number of clauses: 7309710
c	Number of irredundant clauses: 7307710
c	Number of variables: 519120
c SAT Solving starts:
[runlim] sample:		829.9 time, 830.3 real, 781.3 MB
[runlim] sample:		839.9 time, 840.3 real, 1157.2 MB
[runlim] sample:		849.9 time, 850.3 real, 988.2 MB
[runlim] sample:		859.9 time, 860.3 real, 976.4 MB
[runlim] sample:		869.9 time, 870.3 real, 1221.8 MB
[runlim] sample:		879.9 time, 880.3 real, 976.7 MB
[runlim] sample:		889.9 time, 890.3 real, 1170.3 MB
c Signal interruption.
[runlim] end:			Wed Aug 14 05:59:37 2024
[runlim] status:		out of time
[runlim] result:		2
[runlim] children:		0
[runlim] real:			900.04 seconds
[runlim] time:			899.58 seconds
[runlim] space:			1324.1 MB
[runlim] samples:		8997
