[runlim] version:		1.10
[runlim] time limit:		900 seconds
[runlim] real time limit:	900 seconds
[runlim] space limit:		30000 MB
[runlim] argv[0]:		/home/truongxuanhieu/AntiBandwidthReconstruct/build/abw_enc
[runlim] argv[1]:		/home/truongxuanhieu/AntiBandwidthReconstruct/build/Benchmarks/W-685_bus.mtx.rnd
[runlim] argv[2]:		--duplex
[runlim] start:			Wed Aug 14 04:23:03 2024
[runlim] main pid:		3610
[runlim] log captured:
c DuplexEncoder 0.8.
c Solving strategy: from LB to UB.
c LB-w = 136 (LB in Sinnl - A note on computational approaches for the antibandwidth problem).
c UB-w = 136 (UB in Sinnl - A note on computational approaches for the antibandwidth problem).
c Antibandwidth problem with w = 136 ( W-685_bus.mtx.rnd ):
c Initializing CaDiCaL (version 1.2.1).
c	Configuring CaDiCaL as --sat (1).
c Initializing a Duplex encoder with n = 685.
c Encoding starts with w = 136:
c	Labels and Vertices aux var: 69870
c	Labels and Vertices constraints:  1052160
c	Obj k aux var: 1670030
c	Obj k constraints: 8106407
c	Obj k glue staircase constraints: 2802452
c	Encoding duration: 3s
c	Number of clauses: 9158909
c	Number of irredundant clauses: 8396842
c	Number of variables: 2209125
c SAT Solving starts:
c	Solving duration: 5189 ms
c	Answer: 
s SAT (w = 136)
c	Solution check:
p calculated antibandwidth = 136.
[runlim] sample:		10.0 time, 10.9 real, 1429.7 MB
c
c
[runlim] end:			Wed Aug 14 04:23:14 2024
[runlim] status:		ok
[runlim] result:		0
[runlim] children:		0
[runlim] real:			11.76 seconds
[runlim] time:			10.79 seconds
[runlim] space:			1429.7 MB
[runlim] samples:		108
