[runlim] version:		1.10
[runlim] time limit:		1800 seconds
[runlim] real time limit:	1800 seconds
[runlim] space limit:		10000 MB
[runlim] argv[0]:		/home/hieu/work/StaircaseAMO/cpaior20_duplex_encoder/AntiBandwidthReconstruct/build/abw_enc
[runlim] argv[1]:		/home/hieu/work/StaircaseAMO/cpaior20_duplex_encoder/AntiBandwidthReconstruct/build/Benchmarks/F-curtis54.mtx.rnd
[runlim] argv[2]:		--duplexNSC
[runlim] start:			Mon Jul 29 15:46:00 2024
[runlim] main pid:		9561
[runlim] log captured:
c DuplexEncoder 0.8.
c Solving strategy: from LB to UB.
c LB-w = 12 (LB in Sinnl - A note on computational approaches for the antibandwidth problem).
c UB-w = 13 (UB in Sinnl - A note on computational approaches for the antibandwidth problem).
c Antibandwidth problem with w = 12 ( F-curtis54.mtx.rnd ):
c Initializing CaDiCaL (version 1.2.1).
c	Configuring CaDiCaL as --sat (1).
c Initializing a DuplexNSC encoder with n = 54.
c Encoding starts with w = 12:
c	Labels and Vertices aux var: 1404
c	Labels and Vertices constraints:  8370
c	Obj k aux var: 4266
c	Obj k constraints: 37876
c	Encoding duration: 0s
c	Number of clauses: 46246
c	Number of irredundant clauses: 46246
c	Number of variables: 8586
c SAT Solving starts:
c	Solving duration: 44 ms
c	Answer: 
s SAT (w = 12)
c	Solution check:
p calculated antibandwidth = 12.
c
c
c Antibandwidth problem with w = 13 ( F-curtis54.mtx.rnd ):
c Initializing CaDiCaL (version 1.2.1).
c	Configuring CaDiCaL as --sat (1).
c Initializing a DuplexNSC encoder with n = 54.
c Encoding starts with w = 13:
c	Labels and Vertices aux var: 1404
c	Labels and Vertices constraints:  8370
c	Obj k aux var: 4428
c	Obj k constraints: 37812
c	Encoding duration: 0s
c	Number of clauses: 46182
c	Number of irredundant clauses: 46182
c	Number of variables: 8748
c SAT Solving starts:
c	Solving duration: 58 ms
c	Answer: 
s SAT (w = 13)
c	Solution check:
p calculated antibandwidth = 13.
c
c
[runlim] end:			Mon Jul 29 15:46:00 2024
[runlim] status:		ok
[runlim] result:		0
[runlim] children:		0
[runlim] real:			0.99 seconds
[runlim] time:			0.10 seconds
[runlim] space:			11.7 MB
[runlim] samples:		1
