[runlim] version:		1.10
[runlim] time limit:		1800 seconds
[runlim] real time limit:	1800 seconds
[runlim] space limit:		10000 MB
[runlim] argv[0]:		/home/hieu/work/StaircaseAMO/cpaior20_duplex_encoder/AntiBandwidthReconstruct/build/abw_enc
[runlim] argv[1]:		/home/hieu/work/StaircaseAMO/cpaior20_duplex_encoder/AntiBandwidthReconstruct/build/Benchmarks/R-dwt__503.mtx.rnd
[runlim] argv[2]:		--duplexNSC
[runlim] start:			Tue Jul 30 02:06:25 2024
[runlim] main pid:		4546
[runlim] log captured:
c DuplexEncoder 0.8.
c Solving strategy: from LB to UB.
c LB-w = 46 (LB in Sinnl - A note on computational approaches for the antibandwidth problem).
c UB-w = 71 (UB in Sinnl - A note on computational approaches for the antibandwidth problem).
c Antibandwidth problem with w = 46 ( R-dwt__503.mtx.rnd ):
c Initializing CaDiCaL (version 1.2.1).
c	Configuring CaDiCaL as --sat (1).
c Initializing a DuplexNSC encoder with n = 503.
c Encoding starts with w = 46:
c	Labels and Vertices aux var: 43258
c	Labels and Vertices constraints:  597564
c	Obj k aux var: 446664
c	Obj k constraints: 6803517
c	Encoding duration: 2s
c	Number of clauses: 7401081
c	Number of irredundant clauses: 7401081
c	Number of variables: 742931
c SAT Solving starts:
c	Solving duration: 3476 ms
c	Answer: 
s SAT (w = 46)
c	Solution check:
p calculated antibandwidth = 46.
c
c
c Antibandwidth problem with w = 47 ( R-dwt__503.mtx.rnd ):
c Initializing CaDiCaL (version 1.2.1).
c	Configuring CaDiCaL as --sat (1).
c Initializing a DuplexNSC encoder with n = 503.
c Encoding starts with w = 47:
c	Labels and Vertices aux var: 43258
c	Labels and Vertices constraints:  597564
c	Obj k aux var: 451191
c	Obj k constraints: 6805547
c	Encoding duration: 1s
c	Number of clauses: 7403111
c	Number of irredundant clauses: 7403111
c	Number of variables: 747458
c SAT Solving starts:
[runlim] sample:		10.0 time, 10.2 real, 1000.3 MB
c	Solving duration: 3685 ms
c	Answer: 
s SAT (w = 47)
c	Solution check:
p calculated antibandwidth = 47.
c
c
c Antibandwidth problem with w = 48 ( R-dwt__503.mtx.rnd ):
c Initializing CaDiCaL (version 1.2.1).
c	Configuring CaDiCaL as --sat (1).
c Initializing a DuplexNSC encoder with n = 503.
c Encoding starts with w = 48:
c	Labels and Vertices aux var: 43258
c	Labels and Vertices constraints:  597564
c	Obj k aux var: 455718
c	Obj k constraints: 6807577
c	Encoding duration: 1s
c	Number of clauses: 7405141
c	Number of irredundant clauses: 7405141
c	Number of variables: 751985
c SAT Solving starts:
c	Solving duration: 4250 ms
c	Answer: 
s SAT (w = 48)
c	Solution check:
p calculated antibandwidth = 48.
c
c
c Antibandwidth problem with w = 49 ( R-dwt__503.mtx.rnd ):
c Initializing CaDiCaL (version 1.2.1).
c	Configuring CaDiCaL as --sat (1).
c Initializing a DuplexNSC encoder with n = 503.
c Encoding starts with w = 49:
[runlim] sample:		20.0 time, 20.2 real, 876.8 MB
c	Labels and Vertices aux var: 43258
c	Labels and Vertices constraints:  597564
c	Obj k aux var: 460245
c	Obj k constraints: 6809607
c	Encoding duration: 1s
c	Number of clauses: 7407171
c	Number of irredundant clauses: 7407171
c	Number of variables: 756512
c SAT Solving starts:
c	Solving duration: 3771 ms
c	Answer: 
s SAT (w = 49)
c	Solution check:
p calculated antibandwidth = 49.
c
c
c Antibandwidth problem with w = 50 ( R-dwt__503.mtx.rnd ):
c Initializing CaDiCaL (version 1.2.1).
c	Configuring CaDiCaL as --sat (1).
c Initializing a DuplexNSC encoder with n = 503.
c Encoding starts with w = 50:
c	Labels and Vertices aux var: 43258
c	Labels and Vertices constraints:  597564
c	Obj k aux var: 464772
c	Obj k constraints: 6811637
c	Encoding duration: 1s
c	Number of clauses: 7409201
c	Number of irredundant clauses: 7409201
c	Number of variables: 761039
c SAT Solving starts:
c	Solving duration: 3664 ms
c	Answer: 
s SAT (w = 50)
c	Solution check:
p calculated antibandwidth = 50.
c
c
c Antibandwidth problem with w = 51 ( R-dwt__503.mtx.rnd ):
c Initializing CaDiCaL (version 1.2.1).
c	Configuring CaDiCaL as --sat (1).
c Initializing a DuplexNSC encoder with n = 503.
c Encoding starts with w = 51:
[runlim] sample:		30.0 time, 30.2 real, 775.1 MB
c	Labels and Vertices aux var: 43258
c	Labels and Vertices constraints:  592534
c	Obj k aux var: 445155
c	Obj k constraints: 6749018
c	Encoding duration: 1s
c	Number of clauses: 7341552
c	Number of irredundant clauses: 7341552
c	Number of variables: 741422
c SAT Solving starts:
c	Solving duration: 4126 ms
c	Answer: 
s SAT (w = 51)
c	Solution check:
p calculated antibandwidth = 51.
c
c
c Antibandwidth problem with w = 52 ( R-dwt__503.mtx.rnd ):
c Initializing CaDiCaL (version 1.2.1).
c	Configuring CaDiCaL as --sat (1).
c Initializing a DuplexNSC encoder with n = 503.
c Encoding starts with w = 52:
c	Labels and Vertices aux var: 43258
c	Labels and Vertices constraints:  592534
c	Obj k aux var: 449179
c	Obj k constraints: 6749539
c	Encoding duration: 1s
c	Number of clauses: 7342073
c	Number of irredundant clauses: 7342073
c	Number of variables: 745446
c SAT Solving starts:
[runlim] sample:		40.0 time, 40.2 real, 879.2 MB
c	Solving duration: 4007 ms
c	Answer: 
s SAT (w = 52)
c	Solution check:
p calculated antibandwidth = 52.
c
c
c Antibandwidth problem with w = 53 ( R-dwt__503.mtx.rnd ):
c Initializing CaDiCaL (version 1.2.1).
c	Configuring CaDiCaL as --sat (1).
c Initializing a DuplexNSC encoder with n = 503.
c Encoding starts with w = 53:
c	Labels and Vertices aux var: 43258
c	Labels and Vertices constraints:  592534
c	Obj k aux var: 453203
c	Obj k constraints: 6750060
c	Encoding duration: 1s
c	Number of clauses: 7342594
c	Number of irredundant clauses: 7342594
c	Number of variables: 749470
c SAT Solving starts:
[runlim] sample:		50.0 time, 50.2 real, 1051.5 MB
c	Solving duration: 10666 ms
c	Answer: 
s SAT (w = 53)
c	Solution check:
p calculated antibandwidth = 53.
c
c
c Antibandwidth problem with w = 54 ( R-dwt__503.mtx.rnd ):
c Initializing CaDiCaL (version 1.2.1).
c	Configuring CaDiCaL as --sat (1).
c Initializing a DuplexNSC encoder with n = 503.
c Encoding starts with w = 54:
c	Labels and Vertices aux var: 43258
c	Labels and Vertices constraints:  592534
c	Obj k aux var: 457227
c	Obj k constraints: 6750581
c	Encoding duration: 1s
c	Number of clauses: 7343115
c	Number of irredundant clauses: 7343115
c	Number of variables: 753494
c SAT Solving starts:
[runlim] sample:		60.0 time, 60.2 real, 1113.9 MB
[runlim] sample:		70.0 time, 70.2 real, 1075.0 MB
[runlim] sample:		80.0 time, 80.2 real, 1057.4 MB
[runlim] sample:		90.0 time, 90.2 real, 1077.1 MB
[runlim] sample:		100.0 time, 100.2 real, 1233.1 MB
[runlim] sample:		110.0 time, 110.2 real, 1243.3 MB
[runlim] sample:		120.0 time, 120.2 real, 1076.4 MB
[runlim] sample:		130.0 time, 130.2 real, 1317.7 MB
[runlim] sample:		140.0 time, 140.2 real, 1076.3 MB
c	Solving duration: 86010 ms
c	Answer: 
s SAT (w = 54)
c	Solution check:
p calculated antibandwidth = 54.
c
c
c Antibandwidth problem with w = 55 ( R-dwt__503.mtx.rnd ):
c Initializing CaDiCaL (version 1.2.1).
c	Configuring CaDiCaL as --sat (1).
c Initializing a DuplexNSC encoder with n = 503.
c Encoding starts with w = 55:
c	Labels and Vertices aux var: 43258
c	Labels and Vertices constraints:  592534
c	Obj k aux var: 461251
c	Obj k constraints: 6751102
c	Encoding duration: 1s
c	Number of clauses: 7343636
c	Number of irredundant clauses: 7343636
c	Number of variables: 757518
c SAT Solving starts:
[runlim] sample:		150.0 time, 150.2 real, 1162.8 MB
[runlim] sample:		160.0 time, 160.2 real, 1073.4 MB
[runlim] sample:		170.0 time, 170.2 real, 1072.2 MB
[runlim] sample:		180.0 time, 180.2 real, 1073.2 MB
[runlim] sample:		190.0 time, 190.2 real, 1076.0 MB
[runlim] sample:		200.0 time, 200.2 real, 1073.7 MB
[runlim] sample:		210.0 time, 210.2 real, 1114.3 MB
[runlim] sample:		220.0 time, 220.2 real, 1088.9 MB
[runlim] sample:		230.0 time, 230.2 real, 1117.7 MB
[runlim] sample:		240.0 time, 240.2 real, 1074.5 MB
[runlim] sample:		250.0 time, 250.2 real, 1130.6 MB
[runlim] sample:		260.0 time, 260.2 real, 1117.9 MB
[runlim] sample:		270.0 time, 270.2 real, 1310.4 MB
[runlim] sample:		280.0 time, 280.2 real, 1241.1 MB
[runlim] sample:		290.0 time, 290.2 real, 1652.9 MB
[runlim] sample:		300.0 time, 300.2 real, 1267.7 MB
[runlim] sample:		310.0 time, 310.2 real, 1153.5 MB
[runlim] sample:		320.0 time, 320.2 real, 1085.8 MB
[runlim] sample:		330.0 time, 330.2 real, 1098.0 MB
[runlim] sample:		340.0 time, 340.2 real, 1098.0 MB
[runlim] sample:		350.0 time, 350.2 real, 1096.7 MB
[runlim] sample:		360.0 time, 360.2 real, 1096.6 MB
c	Solving duration: 215344 ms
c	Answer: 
s SAT (w = 55)
c	Solution check:
p calculated antibandwidth = 55.
c
c
c Antibandwidth problem with w = 56 ( R-dwt__503.mtx.rnd ):
c Initializing CaDiCaL (version 1.2.1).
c	Configuring CaDiCaL as --sat (1).
c Initializing a DuplexNSC encoder with n = 503.
c Encoding starts with w = 56:
c	Labels and Vertices aux var: 43258
c	Labels and Vertices constraints:  588007
c	Obj k aux var: 438616
c	Obj k constraints: 6679429
c	Encoding duration: 1s
c	Number of clauses: 7267436
c	Number of irredundant clauses: 7267436
c	Number of variables: 734883
c SAT Solving starts:
[runlim] sample:		370.0 time, 370.2 real, 1047.2 MB
[runlim] sample:		380.0 time, 380.2 real, 1011.6 MB
[runlim] sample:		390.0 time, 390.2 real, 1063.1 MB
[runlim] sample:		400.0 time, 400.2 real, 1243.9 MB
[runlim] sample:		409.9 time, 410.2 real, 1067.8 MB
[runlim] sample:		420.0 time, 420.2 real, 1066.2 MB
c	Solving duration: 66515 ms
c	Answer: 
s SAT (w = 56)
c	Solution check:
p calculated antibandwidth = 56.
c
c
c Antibandwidth problem with w = 57 ( R-dwt__503.mtx.rnd ):
c Initializing CaDiCaL (version 1.2.1).
c	Configuring CaDiCaL as --sat (1).
c Initializing a DuplexNSC encoder with n = 503.
c Encoding starts with w = 57:
[runlim] sample:		429.9 time, 430.2 real, 837.5 MB
c	Labels and Vertices aux var: 43258
c	Labels and Vertices constraints:  588007
c	Obj k aux var: 442137
c	Obj k constraints: 6678441
c	Encoding duration: 1s
c	Number of clauses: 7266448
c	Number of irredundant clauses: 7266448
c	Number of variables: 738404
c SAT Solving starts:
[runlim] sample:		439.9 time, 440.2 real, 1062.6 MB
[runlim] sample:		449.9 time, 450.2 real, 1063.1 MB
[runlim] sample:		459.9 time, 460.2 real, 1064.0 MB
[runlim] sample:		469.9 time, 470.2 real, 1063.7 MB
[runlim] sample:		479.9 time, 480.2 real, 1064.0 MB
[runlim] sample:		489.9 time, 490.2 real, 1064.7 MB
[runlim] sample:		499.9 time, 500.2 real, 1069.0 MB
[runlim] sample:		509.9 time, 510.2 real, 1087.8 MB
[runlim] sample:		519.9 time, 520.2 real, 1081.7 MB
c	Solving duration: 91301 ms
c	Answer: 
s SAT (w = 57)
c	Solution check:
p calculated antibandwidth = 57.
c
c
c Antibandwidth problem with w = 58 ( R-dwt__503.mtx.rnd ):
c Initializing CaDiCaL (version 1.2.1).
c	Configuring CaDiCaL as --sat (1).
c Initializing a DuplexNSC encoder with n = 503.
c Encoding starts with w = 58:
c	Labels and Vertices aux var: 43258
c	Labels and Vertices constraints:  588007
c	Obj k aux var: 445658
c	Obj k constraints: 6677453
c	Encoding duration: 1s
c	Number of clauses: 7265460
c	Number of irredundant clauses: 7265460
c	Number of variables: 741925
c SAT Solving starts:
[runlim] sample:		529.9 time, 530.2 real, 1016.8 MB
[runlim] sample:		539.9 time, 540.2 real, 1079.2 MB
[runlim] sample:		549.9 time, 550.2 real, 1074.2 MB
[runlim] sample:		559.9 time, 560.2 real, 1075.1 MB
[runlim] sample:		569.9 time, 570.2 real, 1077.6 MB
[runlim] sample:		579.9 time, 580.2 real, 1077.5 MB
[runlim] sample:		589.9 time, 590.2 real, 1076.9 MB
[runlim] sample:		599.9 time, 600.2 real, 1088.3 MB
c	Solving duration: 83358 ms
c	Answer: 
s SAT (w = 58)
c	Solution check:
p calculated antibandwidth = 58.
c
c
c Antibandwidth problem with w = 59 ( R-dwt__503.mtx.rnd ):
c Initializing CaDiCaL (version 1.2.1).
c	Configuring CaDiCaL as --sat (1).
c Initializing a DuplexNSC encoder with n = 503.
c Encoding starts with w = 59:
[runlim] sample:		609.9 time, 610.2 real, 797.0 MB
c	Labels and Vertices aux var: 43258
c	Labels and Vertices constraints:  588007
c	Obj k aux var: 449179
c	Obj k constraints: 6676465
c	Encoding duration: 1s
c	Number of clauses: 7264472
c	Number of irredundant clauses: 7264472
c	Number of variables: 745446
c SAT Solving starts:
[runlim] sample:		619.9 time, 620.2 real, 1061.1 MB
[runlim] sample:		629.9 time, 630.2 real, 1207.9 MB
[runlim] sample:		639.9 time, 640.2 real, 1249.5 MB
[runlim] sample:		649.9 time, 650.2 real, 1251.9 MB
[runlim] sample:		659.9 time, 660.2 real, 1086.4 MB
[runlim] sample:		669.9 time, 670.2 real, 1035.5 MB
[runlim] sample:		679.9 time, 680.2 real, 1033.5 MB
[runlim] sample:		689.9 time, 690.2 real, 1037.6 MB
[runlim] sample:		699.9 time, 700.2 real, 1043.7 MB
c	Solving duration: 95247 ms
c	Answer: 
s SAT (w = 59)
c	Solution check:
p calculated antibandwidth = 59.
c
c
c Antibandwidth problem with w = 60 ( R-dwt__503.mtx.rnd ):
c Initializing CaDiCaL (version 1.2.1).
c	Configuring CaDiCaL as --sat (1).
c Initializing a DuplexNSC encoder with n = 503.
c Encoding starts with w = 60:
c	Labels and Vertices aux var: 43258
c	Labels and Vertices constraints:  588007
c	Obj k aux var: 452700
c	Obj k constraints: 6675477
c	Encoding duration: 1s
c	Number of clauses: 7263484
c	Number of irredundant clauses: 7263484
c	Number of variables: 748967
c SAT Solving starts:
[runlim] sample:		709.9 time, 710.2 real, 979.1 MB
[runlim] sample:		719.9 time, 720.2 real, 1022.1 MB
[runlim] sample:		729.9 time, 730.2 real, 1077.2 MB
[runlim] sample:		739.9 time, 740.2 real, 1038.0 MB
[runlim] sample:		749.9 time, 750.2 real, 1074.5 MB
[runlim] sample:		759.9 time, 760.2 real, 1081.4 MB
[runlim] sample:		769.9 time, 770.2 real, 1041.4 MB
[runlim] sample:		779.9 time, 780.2 real, 1035.6 MB
[runlim] sample:		789.9 time, 790.2 real, 1038.4 MB
[runlim] sample:		799.9 time, 800.2 real, 996.6 MB
[runlim] sample:		809.9 time, 810.2 real, 1050.2 MB
c	Solving duration: 111365 ms
c	Answer: 
s SAT (w = 60)
c	Solution check:
p calculated antibandwidth = 60.
c
c
c Antibandwidth problem with w = 61 ( R-dwt__503.mtx.rnd ):
c Initializing CaDiCaL (version 1.2.1).
c	Configuring CaDiCaL as --sat (1).
c Initializing a DuplexNSC encoder with n = 503.
c Encoding starts with w = 61:
[runlim] sample:		819.9 time, 820.2 real, 784.1 MB
c	Labels and Vertices aux var: 43258
c	Labels and Vertices constraints:  588007
c	Obj k aux var: 456221
c	Obj k constraints: 6674489
c	Encoding duration: 1s
c	Number of clauses: 7262496
c	Number of irredundant clauses: 7262496
c	Number of variables: 752488
c SAT Solving starts:
[runlim] sample:		829.9 time, 830.2 real, 1062.1 MB
[runlim] sample:		839.9 time, 840.2 real, 1091.3 MB
[runlim] sample:		849.9 time, 850.2 real, 1073.8 MB
[runlim] sample:		859.9 time, 860.2 real, 1074.3 MB
[runlim] sample:		869.9 time, 870.2 real, 1084.9 MB
[runlim] sample:		879.9 time, 880.2 real, 1085.5 MB
[runlim] sample:		889.9 time, 890.2 real, 1084.8 MB
[runlim] sample:		899.9 time, 900.2 real, 1087.9 MB
[runlim] sample:		909.9 time, 910.2 real, 1087.1 MB
[runlim] sample:		919.9 time, 920.2 real, 1262.6 MB
[runlim] sample:		929.9 time, 930.2 real, 1089.8 MB
[runlim] sample:		939.9 time, 940.2 real, 1025.8 MB
[runlim] sample:		949.9 time, 950.2 real, 1020.2 MB
[runlim] sample:		959.9 time, 960.2 real, 1027.8 MB
[runlim] sample:		969.9 time, 970.2 real, 1027.8 MB
[runlim] sample:		979.9 time, 980.2 real, 1031.1 MB
[runlim] sample:		989.9 time, 990.2 real, 1047.1 MB
[runlim] sample:		999.9 time, 1000.2 real, 1085.3 MB
[runlim] sample:		1009.9 time, 1010.2 real, 1090.9 MB
[runlim] sample:		1019.9 time, 1020.2 real, 1090.9 MB
[runlim] sample:		1029.9 time, 1030.2 real, 1047.5 MB
[runlim] sample:		1039.8 time, 1040.2 real, 1128.0 MB
[runlim] sample:		1049.8 time, 1050.2 real, 999.3 MB
[runlim] sample:		1059.8 time, 1060.2 real, 999.3 MB
[runlim] sample:		1069.8 time, 1070.2 real, 1036.5 MB
[runlim] sample:		1079.8 time, 1080.2 real, 1036.5 MB
[runlim] sample:		1089.8 time, 1090.2 real, 1039.1 MB
[runlim] sample:		1099.8 time, 1100.2 real, 1052.6 MB
[runlim] sample:		1109.8 time, 1110.2 real, 1036.3 MB
[runlim] sample:		1119.8 time, 1120.2 real, 1036.3 MB
[runlim] sample:		1129.8 time, 1130.2 real, 1040.1 MB
[runlim] sample:		1139.8 time, 1140.2 real, 1040.1 MB
[runlim] sample:		1149.8 time, 1150.2 real, 1176.9 MB
[runlim] sample:		1159.8 time, 1160.2 real, 1163.4 MB
c	Solving duration: 348013 ms
c	Answer: 
s SAT (w = 61)
c	Solution check:
p calculated antibandwidth = 61.
c
c
c Antibandwidth problem with w = 62 ( R-dwt__503.mtx.rnd ):
c Initializing CaDiCaL (version 1.2.1).
c	Configuring CaDiCaL as --sat (1).
c Initializing a DuplexNSC encoder with n = 503.
c Encoding starts with w = 62:
[runlim] sample:		1169.8 time, 1170.2 real, 800.7 MB
c	Labels and Vertices aux var: 43258
c	Labels and Vertices constraints:  588007
c	Obj k aux var: 459742
c	Obj k constraints: 6673501
c	Encoding duration: 1s
c	Number of clauses: 7261508
c	Number of irredundant clauses: 7261508
c	Number of variables: 756009
c SAT Solving starts:
[runlim] sample:		1179.8 time, 1180.2 real, 1062.1 MB
[runlim] sample:		1189.8 time, 1190.2 real, 1075.3 MB
[runlim] sample:		1199.8 time, 1200.2 real, 1037.4 MB
[runlim] sample:		1209.8 time, 1210.2 real, 1073.9 MB
[runlim] sample:		1219.8 time, 1220.2 real, 1074.4 MB
[runlim] sample:		1229.8 time, 1230.2 real, 1247.2 MB
[runlim] sample:		1239.8 time, 1240.2 real, 1033.0 MB
[runlim] sample:		1249.8 time, 1250.2 real, 1036.2 MB
[runlim] sample:		1259.8 time, 1260.2 real, 1213.4 MB
[runlim] sample:		1269.8 time, 1270.2 real, 1044.0 MB
[runlim] sample:		1279.8 time, 1280.2 real, 1124.0 MB
[runlim] sample:		1289.8 time, 1290.2 real, 1044.7 MB
[runlim] sample:		1299.8 time, 1300.2 real, 1122.9 MB
[runlim] sample:		1309.8 time, 1310.2 real, 1042.4 MB
[runlim] sample:		1319.8 time, 1320.2 real, 1040.2 MB
[runlim] sample:		1329.8 time, 1330.2 real, 1040.2 MB
[runlim] sample:		1339.8 time, 1340.2 real, 1043.2 MB
[runlim] sample:		1349.8 time, 1350.2 real, 1044.1 MB
[runlim] sample:		1359.8 time, 1360.2 real, 1042.5 MB
[runlim] sample:		1369.8 time, 1370.2 real, 1045.5 MB
[runlim] sample:		1379.8 time, 1380.2 real, 1045.5 MB
[runlim] sample:		1389.8 time, 1390.2 real, 1047.0 MB
[runlim] sample:		1399.8 time, 1400.2 real, 1000.5 MB
[runlim] sample:		1409.8 time, 1410.2 real, 996.0 MB
[runlim] sample:		1419.8 time, 1420.2 real, 997.2 MB
[runlim] sample:		1429.8 time, 1430.2 real, 1021.1 MB
c	Solving duration: 262956 ms
c	Answer: 
s SAT (w = 62)
c	Solution check:
p calculated antibandwidth = 62.
c
c
c Antibandwidth problem with w = 63 ( R-dwt__503.mtx.rnd ):
c Initializing CaDiCaL (version 1.2.1).
c	Configuring CaDiCaL as --sat (1).
c Initializing a DuplexNSC encoder with n = 503.
c Encoding starts with w = 63:
c	Labels and Vertices aux var: 43258
c	Labels and Vertices constraints:  583983
c	Obj k aux var: 433083
c	Obj k constraints: 6589756
c	Encoding duration: 1s
c	Number of clauses: 7173739
c	Number of irredundant clauses: 7173739
c	Number of variables: 729350
c SAT Solving starts:
[runlim] sample:		1439.8 time, 1440.2 real, 1098.5 MB
[runlim] sample:		1449.8 time, 1450.2 real, 1063.0 MB
[runlim] sample:		1459.8 time, 1460.2 real, 1047.5 MB
[runlim] sample:		1469.8 time, 1470.2 real, 1067.7 MB
[runlim] sample:		1479.8 time, 1480.2 real, 1202.0 MB
[runlim] sample:		1489.8 time, 1490.2 real, 1068.1 MB
[runlim] sample:		1499.8 time, 1500.2 real, 1237.7 MB
[runlim] sample:		1509.8 time, 1510.2 real, 1020.7 MB
[runlim] sample:		1519.8 time, 1520.2 real, 1022.5 MB
[runlim] sample:		1529.8 time, 1530.2 real, 1078.1 MB
[runlim] sample:		1539.8 time, 1540.2 real, 1031.0 MB
[runlim] sample:		1549.8 time, 1550.2 real, 1100.3 MB
[runlim] sample:		1559.8 time, 1560.2 real, 988.0 MB
[runlim] sample:		1569.8 time, 1570.2 real, 988.3 MB
[runlim] sample:		1579.8 time, 1580.2 real, 1102.2 MB
[runlim] sample:		1589.8 time, 1590.2 real, 988.1 MB
[runlim] sample:		1599.8 time, 1600.2 real, 1024.0 MB
[runlim] sample:		1609.8 time, 1610.2 real, 988.4 MB
[runlim] sample:		1619.8 time, 1620.2 real, 1037.9 MB
[runlim] sample:		1629.8 time, 1630.2 real, 1024.0 MB
[runlim] sample:		1639.7 time, 1640.2 real, 988.2 MB
[runlim] sample:		1649.8 time, 1650.2 real, 989.2 MB
[runlim] sample:		1659.8 time, 1660.2 real, 1013.1 MB
[runlim] sample:		1669.7 time, 1670.2 real, 1019.2 MB
[runlim] sample:		1679.8 time, 1680.2 real, 1013.3 MB
[runlim] sample:		1689.7 time, 1690.2 real, 1014.7 MB
[runlim] sample:		1699.7 time, 1700.2 real, 1015.2 MB
[runlim] sample:		1709.7 time, 1710.2 real, 1015.2 MB
[runlim] sample:		1719.7 time, 1720.2 real, 1121.1 MB
[runlim] sample:		1729.7 time, 1730.2 real, 1121.1 MB
[runlim] sample:		1739.7 time, 1740.2 real, 1169.8 MB
c	Solving duration: 307632 ms
c	Answer: 
s SAT (w = 63)
c	Solution check:
p calculated antibandwidth = 63.
c
c
c Antibandwidth problem with w = 64 ( R-dwt__503.mtx.rnd ):
c Initializing CaDiCaL (version 1.2.1).
c	Configuring CaDiCaL as --sat (1).
c Initializing a DuplexNSC encoder with n = 503.
c Encoding starts with w = 64:
c	Labels and Vertices aux var: 43258
c	Labels and Vertices constraints:  583983
c	Obj k aux var: 436101
c	Obj k constraints: 6587259
c	Encoding duration: 1s
c	Number of clauses: 7171242
c	Number of irredundant clauses: 7171242
c	Number of variables: 732368
c SAT Solving starts:
[runlim] sample:		1749.7 time, 1750.2 real, 1185.9 MB
[runlim] sample:		1759.7 time, 1760.2 real, 1054.5 MB
[runlim] sample:		1769.7 time, 1770.2 real, 1031.3 MB
[runlim] sample:		1779.7 time, 1780.2 real, 1076.9 MB
[runlim] sample:		1789.7 time, 1790.2 real, 1055.2 MB
c Signal interruption.
[runlim] sample:		1799.7 time, 1800.2 real, 0.0 MB
[runlim] end:			Tue Jul 30 02:36:25 2024
[runlim] status:		out of time
[runlim] result:		2
[runlim] children:		0
[runlim] real:			1800.19 seconds
[runlim] time:			1799.72 seconds
[runlim] space:			1687.5 MB
[runlim] samples:		18000
