[runlim] version:		1.10
[runlim] time limit:		3600 seconds
[runlim] real time limit:	3600 seconds
[runlim] space limit:		30000 MB
[runlim] argv[0]:		/home/truongxuanhieu/AntiBandwidthReconstruct/build/abw_enc_symbreak_max_node
[runlim] argv[1]:		/home/truongxuanhieu/AntiBandwidthReconstruct/build/Benchmarks/C-bcspwr01.mtx.rnd
[runlim] argv[2]:		--duplex
[runlim] start:			Sun Aug 18 20:32:55 2024
[runlim] main pid:		25165
[runlim] log captured:
c DuplexEncoder 0.8.
c Solving strategy: from LB to UB.
c LB-w = 16 (LB in Sinnl - A note on computational approaches for the antibandwidth problem).
c UB-w = 17 (UB in Sinnl - A note on computational approaches for the antibandwidth problem).
c Antibandwidth problem with w = 16 ( C-bcspwr01.mtx.rnd ):
c Initializing CaDiCaL (version 1.2.1).
c	Configuring CaDiCaL as --sat (1).
c Initializing a Duplex encoder with n = 39.
c Encoding starts with w = 16:
c	Labels and Vertices aux var: 858
c	Labels and Vertices constraints:  4368
c	Obj k aux var: 3978
c	Obj k constraints: 16861
c	Obj k glue staircase constraints: 4186
c	Encoding duration: 0s
c	Number of clauses: 21248
c	Number of irredundant clauses: 19101
c	Number of variables: 6357
c SAT Solving starts:
c	Solving duration: 14 ms
c	Answer: 
s SAT (w = 16)
c	Solution check:
p calculated antibandwidth = 16.
c
c
c Antibandwidth problem with w = 17 ( C-bcspwr01.mtx.rnd ):
c Initializing CaDiCaL (version 1.2.1).
c	Configuring CaDiCaL as --sat (1).
c Initializing a Duplex encoder with n = 39.
c Encoding starts with w = 17:
c	Labels and Vertices aux var: 858
c	Labels and Vertices constraints:  4368
c	Obj k aux var: 4056
c	Obj k constraints: 16755
c	Obj k glue staircase constraints: 4002
c	Encoding duration: 0s
c	Number of clauses: 21142
c	Number of irredundant clauses: 19101
c	Number of variables: 6435
c SAT Solving starts:
c	Solving duration: 762 ms
c	Answer: 
s SAT (w = 17)
c	Solution check:
p calculated antibandwidth = 17.
c
c
[runlim] end:			Sun Aug 18 20:32:56 2024
[runlim] status:		ok
[runlim] result:		0
[runlim] children:		0
[runlim] real:			1.39 seconds
[runlim] time:			0.80 seconds
[runlim] space:			11.4 MB
[runlim] samples:		8
