[runlim] version:		1.10
[runlim] time limit:		3600 seconds
[runlim] real time limit:	3600 seconds
[runlim] space limit:		30000 MB
[runlim] argv[0]:		/home/truongxuanhieu/AntiBandwidthReconstruct/build/abw_enc_symbreak_max_node
[runlim] argv[1]:		/home/truongxuanhieu/AntiBandwidthReconstruct/build/BenchmarksAdd/I-ash85.mtx.rnd
[runlim] argv[2]:		--duplexNSC
[runlim] start:			Mon Aug 19 05:10:01 2024
[runlim] main pid:		14155
[runlim] log captured:
c DuplexEncoder 0.8.
c Solving strategy: from LB to UB.
c LB-w = 19 (LB in Sinnl - A note on computational approaches for the antibandwidth problem).
c UB-w = 27 (UB in Sinnl - A note on computational approaches for the antibandwidth problem).
c Antibandwidth problem with w = 19 ( I-ash85.mtx.rnd ):
c Initializing CaDiCaL (version 1.2.1).
c	Configuring CaDiCaL as --sat (1).
c Initializing a DuplexNSC encoder with n = 85.
c Encoding starts with w = 19:
c	Labels and Vertices aux var: 2890
c	Labels and Vertices constraints:  19465
c	Obj k aux var: 11135
c	Obj k constraints: 102389
c	Obj k glue staircase constraints: 56064
c	Encoding duration: 0s
c	Number of clauses: 121896
c	Number of irredundant clauses: 121537
c	Number of variables: 21250
c SAT Solving starts:
c	Solving duration: 1132 ms
c	Answer: 
s SAT (w = 19)
c	Solution check:
p calculated antibandwidth = 19.
c
c
c Antibandwidth problem with w = 20 ( I-ash85.mtx.rnd ):
c Initializing CaDiCaL (version 1.2.1).
c	Configuring CaDiCaL as --sat (1).
c Initializing a DuplexNSC encoder with n = 85.
c Encoding starts with w = 20:
c	Labels and Vertices aux var: 2890
c	Labels and Vertices constraints:  19465
c	Obj k aux var: 11390
c	Obj k constraints: 102193
c	Obj k glue staircase constraints: 55188
c	Encoding duration: 0s
c	Number of clauses: 121700
c	Number of irredundant clauses: 121337
c	Number of variables: 21505
c SAT Solving starts:
c	Solving duration: 2745 ms
c	Answer: 
s SAT (w = 20)
c	Solution check:
p calculated antibandwidth = 20.
c
c
c Antibandwidth problem with w = 21 ( I-ash85.mtx.rnd ):
c Initializing CaDiCaL (version 1.2.1).
c	Configuring CaDiCaL as --sat (1).
c Initializing a DuplexNSC encoder with n = 85.
c Encoding starts with w = 21:
c	Labels and Vertices aux var: 2890
c	Labels and Vertices constraints:  19465
c	Obj k aux var: 11645
c	Obj k constraints: 101997
c	Obj k glue staircase constraints: 54312
c	Encoding duration: 0s
c	Number of clauses: 121504
c	Number of irredundant clauses: 121154
c	Number of variables: 21760
c SAT Solving starts:
c	Solving duration: 576 ms
c	Answer: 
s SAT (w = 21)
c	Solution check:
p calculated antibandwidth = 21.
c
c
c Antibandwidth problem with w = 22 ( I-ash85.mtx.rnd ):
c Initializing CaDiCaL (version 1.2.1).
c	Configuring CaDiCaL as --sat (1).
c Initializing a DuplexNSC encoder with n = 85.
c Encoding starts with w = 22:
c	Labels and Vertices aux var: 2890
c	Labels and Vertices constraints:  19125
c	Obj k aux var: 10285
c	Obj k constraints: 97528
c	Obj k glue staircase constraints: 54093
c	Encoding duration: 0s
c	Number of clauses: 116695
c	Number of irredundant clauses: 116366
c	Number of variables: 20400
c SAT Solving starts:
[runlim] sample:		10.0 time, 10.0 real, 43.0 MB
[runlim] sample:		20.0 time, 20.0 real, 53.1 MB
[runlim] sample:		30.0 time, 30.0 real, 90.4 MB
c	Solving duration: 33030 ms
c	Answer: 
s SAT (w = 22)
c	Solution check:
p calculated antibandwidth = 22.
c
c
c Antibandwidth problem with w = 23 ( I-ash85.mtx.rnd ):
c Initializing CaDiCaL (version 1.2.1).
c	Configuring CaDiCaL as --sat (1).
c Initializing a DuplexNSC encoder with n = 85.
c Encoding starts with w = 23:
c	Labels and Vertices aux var: 2890
c	Labels and Vertices constraints:  19125
c	Obj k aux var: 10455
c	Obj k constraints: 97077
c	Obj k glue staircase constraints: 53217
c	Encoding duration: 0s
c	Number of clauses: 116244
c	Number of irredundant clauses: 115892
c	Number of variables: 20570
c SAT Solving starts:
[runlim] sample:		40.0 time, 40.0 real, 102.9 MB
[runlim] sample:		50.0 time, 50.0 real, 102.9 MB
[runlim] sample:		60.0 time, 60.0 real, 102.9 MB
[runlim] sample:		70.0 time, 70.0 real, 102.9 MB
[runlim] sample:		80.0 time, 80.0 real, 102.9 MB
[runlim] sample:		90.0 time, 90.0 real, 102.9 MB
[runlim] sample:		100.0 time, 100.0 real, 102.9 MB
[runlim] sample:		110.0 time, 110.0 real, 102.9 MB
[runlim] sample:		120.0 time, 120.0 real, 103.2 MB
[runlim] sample:		130.0 time, 130.0 real, 103.2 MB
[runlim] sample:		140.0 time, 140.0 real, 122.7 MB
[runlim] sample:		150.0 time, 150.0 real, 152.5 MB
[runlim] sample:		160.0 time, 160.0 real, 72.6 MB
[runlim] sample:		170.0 time, 170.0 real, 115.7 MB
[runlim] sample:		180.0 time, 180.0 real, 94.3 MB
[runlim] sample:		190.0 time, 190.0 real, 98.1 MB
[runlim] sample:		200.0 time, 200.0 real, 148.4 MB
[runlim] sample:		210.0 time, 210.0 real, 128.9 MB
[runlim] sample:		220.0 time, 220.0 real, 135.1 MB
[runlim] sample:		230.0 time, 230.0 real, 133.1 MB
[runlim] sample:		240.0 time, 240.0 real, 167.3 MB
c	Solving duration: 209911 ms
c	Answer: 
s SAT (w = 23)
c	Solution check:
p calculated antibandwidth = 23.
c
c
c Antibandwidth problem with w = 24 ( I-ash85.mtx.rnd ):
c Initializing CaDiCaL (version 1.2.1).
c	Configuring CaDiCaL as --sat (1).
c Initializing a DuplexNSC encoder with n = 85.
c Encoding starts with w = 24:
c	Labels and Vertices aux var: 2890
c	Labels and Vertices constraints:  19125
c	Obj k aux var: 10625
c	Obj k constraints: 96626
c	Obj k glue staircase constraints: 52341
c	Encoding duration: 0s
c	Number of clauses: 115793
c	Number of irredundant clauses: 115438
c	Number of variables: 20740
c SAT Solving starts:
[runlim] sample:		250.0 time, 250.0 real, 98.9 MB
[runlim] sample:		260.0 time, 260.0 real, 98.9 MB
[runlim] sample:		270.0 time, 270.0 real, 98.9 MB
[runlim] sample:		280.0 time, 280.0 real, 98.9 MB
[runlim] sample:		290.0 time, 290.0 real, 98.9 MB
[runlim] sample:		300.0 time, 300.0 real, 100.4 MB
[runlim] sample:		310.0 time, 310.0 real, 100.4 MB
[runlim] sample:		320.0 time, 320.0 real, 100.4 MB
[runlim] sample:		330.0 time, 330.0 real, 100.4 MB
[runlim] sample:		340.0 time, 340.0 real, 100.4 MB
[runlim] sample:		350.0 time, 350.0 real, 100.4 MB
[runlim] sample:		360.0 time, 360.0 real, 101.7 MB
[runlim] sample:		370.0 time, 370.0 real, 115.2 MB
[runlim] sample:		380.0 time, 380.0 real, 115.7 MB
[runlim] sample:		390.0 time, 390.0 real, 115.7 MB
[runlim] sample:		400.0 time, 400.0 real, 115.7 MB
[runlim] sample:		410.0 time, 410.0 real, 115.7 MB
[runlim] sample:		420.0 time, 420.0 real, 115.7 MB
[runlim] sample:		430.0 time, 430.0 real, 119.3 MB
[runlim] sample:		440.0 time, 440.0 real, 119.3 MB
[runlim] sample:		450.0 time, 450.0 real, 120.0 MB
[runlim] sample:		460.0 time, 460.0 real, 120.3 MB
[runlim] sample:		470.0 time, 470.0 real, 120.3 MB
[runlim] sample:		480.0 time, 480.0 real, 120.3 MB
[runlim] sample:		490.0 time, 490.0 real, 120.3 MB
[runlim] sample:		500.0 time, 500.0 real, 121.3 MB
[runlim] sample:		510.0 time, 510.0 real, 121.3 MB
[runlim] sample:		520.0 time, 520.0 real, 121.3 MB
[runlim] sample:		530.0 time, 530.0 real, 121.3 MB
[runlim] sample:		540.0 time, 540.0 real, 121.3 MB
[runlim] sample:		550.0 time, 550.0 real, 122.6 MB
[runlim] sample:		560.0 time, 560.0 real, 122.6 MB
[runlim] sample:		570.0 time, 570.0 real, 127.6 MB
[runlim] sample:		580.0 time, 580.0 real, 127.6 MB
[runlim] sample:		590.0 time, 590.0 real, 127.6 MB
[runlim] sample:		600.0 time, 600.0 real, 127.6 MB
[runlim] sample:		610.0 time, 610.0 real, 127.6 MB
[runlim] sample:		620.0 time, 620.0 real, 129.2 MB
[runlim] sample:		630.0 time, 630.0 real, 129.2 MB
[runlim] sample:		640.0 time, 640.0 real, 180.2 MB
[runlim] sample:		650.0 time, 650.0 real, 129.4 MB
[runlim] sample:		660.0 time, 660.0 real, 207.3 MB
[runlim] sample:		670.0 time, 670.0 real, 208.0 MB
[runlim] sample:		680.0 time, 680.0 real, 211.0 MB
[runlim] sample:		690.0 time, 690.0 real, 229.4 MB
[runlim] sample:		700.0 time, 700.0 real, 202.3 MB
[runlim] sample:		710.0 time, 710.0 real, 190.6 MB
[runlim] sample:		720.0 time, 720.0 real, 192.7 MB
[runlim] sample:		730.0 time, 730.0 real, 210.1 MB
[runlim] sample:		740.0 time, 740.0 real, 210.9 MB
[runlim] sample:		750.0 time, 750.0 real, 210.9 MB
[runlim] sample:		760.0 time, 760.0 real, 205.1 MB
[runlim] sample:		770.0 time, 770.0 real, 196.1 MB
[runlim] sample:		780.0 time, 780.0 real, 196.1 MB
[runlim] sample:		790.0 time, 790.0 real, 161.5 MB
[runlim] sample:		800.0 time, 800.0 real, 213.7 MB
[runlim] sample:		810.0 time, 810.0 real, 222.5 MB
[runlim] sample:		820.0 time, 820.0 real, 225.9 MB
[runlim] sample:		830.0 time, 830.0 real, 222.1 MB
[runlim] sample:		840.0 time, 840.0 real, 222.1 MB
[runlim] sample:		850.0 time, 850.0 real, 229.6 MB
[runlim] sample:		860.0 time, 860.0 real, 233.4 MB
[runlim] sample:		870.0 time, 870.0 real, 250.8 MB
[runlim] sample:		880.0 time, 880.0 real, 259.1 MB
[runlim] sample:		890.0 time, 890.0 real, 236.1 MB
[runlim] sample:		900.0 time, 900.0 real, 227.1 MB
[runlim] sample:		910.0 time, 910.0 real, 227.1 MB
[runlim] sample:		920.0 time, 920.0 real, 231.5 MB
[runlim] sample:		930.0 time, 930.0 real, 289.7 MB
[runlim] sample:		940.0 time, 940.0 real, 219.8 MB
[runlim] sample:		950.0 time, 950.0 real, 231.9 MB
[runlim] sample:		960.0 time, 960.0 real, 231.9 MB
[runlim] sample:		970.0 time, 970.0 real, 227.0 MB
[runlim] sample:		980.0 time, 980.0 real, 220.2 MB
[runlim] sample:		990.0 time, 990.0 real, 251.3 MB
[runlim] sample:		1000.0 time, 1000.0 real, 225.4 MB
[runlim] sample:		1010.0 time, 1010.0 real, 225.4 MB
[runlim] sample:		1020.0 time, 1020.0 real, 225.4 MB
[runlim] sample:		1030.0 time, 1030.0 real, 223.8 MB
[runlim] sample:		1040.0 time, 1040.0 real, 219.8 MB
[runlim] sample:		1050.0 time, 1050.0 real, 219.8 MB
[runlim] sample:		1060.0 time, 1060.0 real, 225.4 MB
[runlim] sample:		1070.0 time, 1070.0 real, 226.9 MB
[runlim] sample:		1080.0 time, 1080.0 real, 233.2 MB
[runlim] sample:		1089.9 time, 1090.0 real, 222.2 MB
[runlim] sample:		1099.9 time, 1100.0 real, 221.6 MB
[runlim] sample:		1109.9 time, 1110.0 real, 221.6 MB
[runlim] sample:		1119.9 time, 1120.0 real, 212.6 MB
[runlim] sample:		1130.0 time, 1130.0 real, 221.1 MB
[runlim] sample:		1140.0 time, 1140.0 real, 221.1 MB
[runlim] sample:		1149.9 time, 1150.0 real, 226.4 MB
[runlim] sample:		1159.9 time, 1160.0 real, 226.4 MB
[runlim] sample:		1170.0 time, 1170.0 real, 227.5 MB
[runlim] sample:		1180.0 time, 1180.0 real, 227.5 MB
[runlim] sample:		1189.9 time, 1190.0 real, 234.1 MB
[runlim] sample:		1199.9 time, 1200.0 real, 234.1 MB
[runlim] sample:		1209.9 time, 1210.0 real, 229.2 MB
[runlim] sample:		1220.0 time, 1220.0 real, 228.5 MB
[runlim] sample:		1230.0 time, 1230.0 real, 227.8 MB
[runlim] sample:		1240.0 time, 1240.0 real, 227.8 MB
[runlim] sample:		1249.9 time, 1250.0 real, 233.3 MB
[runlim] sample:		1259.9 time, 1260.0 real, 233.3 MB
[runlim] sample:		1270.0 time, 1270.0 real, 232.5 MB
[runlim] sample:		1280.0 time, 1280.0 real, 232.5 MB
[runlim] sample:		1290.0 time, 1290.0 real, 232.5 MB
[runlim] sample:		1299.9 time, 1300.0 real, 232.1 MB
[runlim] sample:		1310.0 time, 1310.0 real, 231.7 MB
[runlim] sample:		1319.9 time, 1320.0 real, 231.7 MB
[runlim] sample:		1330.0 time, 1330.0 real, 232.0 MB
[runlim] sample:		1340.0 time, 1340.0 real, 232.0 MB
[runlim] sample:		1349.9 time, 1350.0 real, 232.6 MB
[runlim] sample:		1359.9 time, 1360.0 real, 232.6 MB
[runlim] sample:		1369.9 time, 1370.0 real, 230.3 MB
[runlim] sample:		1379.9 time, 1380.0 real, 233.2 MB
[runlim] sample:		1389.9 time, 1390.0 real, 233.2 MB
[runlim] sample:		1399.9 time, 1400.0 real, 228.4 MB
[runlim] sample:		1409.9 time, 1410.0 real, 231.0 MB
[runlim] sample:		1419.9 time, 1420.0 real, 222.8 MB
[runlim] sample:		1429.9 time, 1430.0 real, 222.8 MB
[runlim] sample:		1440.0 time, 1440.0 real, 245.8 MB
[runlim] sample:		1449.9 time, 1450.0 real, 253.5 MB
[runlim] sample:		1459.9 time, 1460.0 real, 236.6 MB
[runlim] sample:		1469.9 time, 1470.0 real, 236.6 MB
[runlim] sample:		1479.9 time, 1480.0 real, 235.9 MB
[runlim] sample:		1489.9 time, 1490.0 real, 241.9 MB
[runlim] sample:		1499.9 time, 1500.0 real, 241.9 MB
[runlim] sample:		1509.9 time, 1510.0 real, 273.1 MB
[runlim] sample:		1519.9 time, 1520.0 real, 239.6 MB
[runlim] sample:		1529.9 time, 1530.0 real, 239.6 MB
[runlim] sample:		1539.9 time, 1540.0 real, 236.1 MB
[runlim] sample:		1549.9 time, 1550.0 real, 237.4 MB
[runlim] sample:		1559.9 time, 1560.0 real, 237.9 MB
[runlim] sample:		1569.9 time, 1570.0 real, 274.4 MB
[runlim] sample:		1579.9 time, 1580.0 real, 235.6 MB
[runlim] sample:		1589.9 time, 1590.0 real, 236.6 MB
[runlim] sample:		1599.9 time, 1600.0 real, 236.6 MB
[runlim] sample:		1609.9 time, 1610.0 real, 234.7 MB
[runlim] sample:		1619.9 time, 1620.0 real, 239.5 MB
[runlim] sample:		1629.9 time, 1630.0 real, 239.5 MB
[runlim] sample:		1639.9 time, 1640.0 real, 235.5 MB
[runlim] sample:		1649.9 time, 1650.0 real, 238.1 MB
[runlim] sample:		1659.9 time, 1660.0 real, 240.4 MB
[runlim] sample:		1669.9 time, 1670.0 real, 240.4 MB
[runlim] sample:		1679.9 time, 1680.0 real, 237.8 MB
[runlim] sample:		1689.9 time, 1690.0 real, 235.5 MB
[runlim] sample:		1699.9 time, 1700.0 real, 236.1 MB
[runlim] sample:		1709.9 time, 1710.0 real, 236.1 MB
[runlim] sample:		1719.9 time, 1720.0 real, 240.3 MB
[runlim] sample:		1729.9 time, 1730.0 real, 282.5 MB
[runlim] sample:		1739.9 time, 1740.0 real, 241.5 MB
[runlim] sample:		1749.9 time, 1750.0 real, 241.5 MB
[runlim] sample:		1759.9 time, 1760.0 real, 241.6 MB
[runlim] sample:		1769.9 time, 1770.0 real, 219.3 MB
[runlim] sample:		1779.9 time, 1780.0 real, 239.0 MB
[runlim] sample:		1789.9 time, 1790.0 real, 239.0 MB
[runlim] sample:		1799.9 time, 1800.0 real, 288.8 MB
[runlim] sample:		1809.9 time, 1810.0 real, 239.3 MB
[runlim] sample:		1819.9 time, 1820.0 real, 239.3 MB
[runlim] sample:		1829.9 time, 1830.0 real, 237.4 MB
[runlim] sample:		1839.9 time, 1840.0 real, 237.4 MB
[runlim] sample:		1849.9 time, 1850.0 real, 237.4 MB
[runlim] sample:		1859.9 time, 1860.0 real, 242.6 MB
[runlim] sample:		1869.9 time, 1870.0 real, 242.6 MB
[runlim] sample:		1879.9 time, 1880.0 real, 239.7 MB
[runlim] sample:		1889.9 time, 1890.0 real, 239.7 MB
[runlim] sample:		1899.9 time, 1900.0 real, 239.7 MB
[runlim] sample:		1909.9 time, 1910.0 real, 294.6 MB
[runlim] sample:		1919.9 time, 1920.0 real, 242.7 MB
[runlim] sample:		1929.9 time, 1930.0 real, 242.7 MB
[runlim] sample:		1939.9 time, 1940.0 real, 240.3 MB
[runlim] sample:		1949.9 time, 1950.0 real, 240.3 MB
[runlim] sample:		1959.9 time, 1960.0 real, 239.7 MB
[runlim] sample:		1969.9 time, 1970.0 real, 241.0 MB
[runlim] sample:		1979.9 time, 1980.0 real, 241.0 MB
[runlim] sample:		1989.9 time, 1990.0 real, 265.7 MB
[runlim] sample:		1999.9 time, 2000.0 real, 265.7 MB
[runlim] sample:		2009.9 time, 2010.0 real, 243.1 MB
[runlim] sample:		2019.9 time, 2020.0 real, 243.1 MB
[runlim] sample:		2029.9 time, 2030.0 real, 243.1 MB
[runlim] sample:		2039.9 time, 2040.0 real, 243.1 MB
[runlim] sample:		2049.9 time, 2050.0 real, 243.1 MB
[runlim] sample:		2059.9 time, 2060.0 real, 247.7 MB
[runlim] sample:		2069.9 time, 2070.0 real, 247.7 MB
[runlim] sample:		2079.9 time, 2080.0 real, 244.5 MB
[runlim] sample:		2089.9 time, 2090.0 real, 244.5 MB
[runlim] sample:		2099.9 time, 2100.0 real, 244.5 MB
[runlim] sample:		2109.9 time, 2110.0 real, 265.7 MB
[runlim] sample:		2119.9 time, 2120.0 real, 265.7 MB
[runlim] sample:		2129.9 time, 2130.0 real, 255.9 MB
[runlim] sample:		2139.9 time, 2140.0 real, 255.9 MB
[runlim] sample:		2149.9 time, 2150.0 real, 255.9 MB
[runlim] sample:		2159.9 time, 2160.0 real, 255.9 MB
[runlim] sample:		2169.9 time, 2170.0 real, 260.4 MB
[runlim] sample:		2179.9 time, 2180.0 real, 260.4 MB
[runlim] sample:		2189.9 time, 2190.0 real, 252.1 MB
[runlim] sample:		2199.9 time, 2200.0 real, 252.1 MB
[runlim] sample:		2209.9 time, 2210.0 real, 252.1 MB
[runlim] sample:		2219.9 time, 2220.0 real, 263.9 MB
[runlim] sample:		2229.9 time, 2230.0 real, 251.2 MB
[runlim] sample:		2239.9 time, 2240.0 real, 251.2 MB
[runlim] sample:		2249.9 time, 2250.0 real, 250.3 MB
[runlim] sample:		2259.9 time, 2260.0 real, 250.2 MB
[runlim] sample:		2269.9 time, 2270.0 real, 250.2 MB
[runlim] sample:		2279.9 time, 2280.0 real, 255.5 MB
[runlim] sample:		2289.9 time, 2290.0 real, 255.5 MB
[runlim] sample:		2299.9 time, 2300.0 real, 248.8 MB
[runlim] sample:		2309.9 time, 2310.0 real, 248.8 MB
[runlim] sample:		2319.9 time, 2320.0 real, 248.8 MB
[runlim] sample:		2329.9 time, 2330.0 real, 252.1 MB
[runlim] sample:		2339.9 time, 2340.0 real, 252.9 MB
[runlim] sample:		2349.9 time, 2350.0 real, 252.9 MB
[runlim] sample:		2359.9 time, 2360.0 real, 281.1 MB
[runlim] sample:		2369.9 time, 2370.0 real, 252.2 MB
[runlim] sample:		2379.9 time, 2380.0 real, 252.2 MB
[runlim] sample:		2389.9 time, 2390.0 real, 252.2 MB
[runlim] sample:		2399.9 time, 2400.0 real, 228.5 MB
[runlim] sample:		2409.9 time, 2410.0 real, 228.5 MB
[runlim] sample:		2419.9 time, 2420.0 real, 248.4 MB
[runlim] sample:		2429.9 time, 2430.0 real, 248.4 MB
[runlim] sample:		2439.9 time, 2440.0 real, 255.3 MB
[runlim] sample:		2449.9 time, 2450.0 real, 290.5 MB
[runlim] sample:		2459.9 time, 2460.0 real, 249.4 MB
[runlim] sample:		2469.9 time, 2470.0 real, 249.4 MB
[runlim] sample:		2479.9 time, 2480.0 real, 249.4 MB
[runlim] sample:		2489.9 time, 2490.0 real, 256.6 MB
[runlim] sample:		2499.9 time, 2500.0 real, 256.6 MB
[runlim] sample:		2509.9 time, 2510.0 real, 253.2 MB
[runlim] sample:		2519.9 time, 2520.0 real, 253.2 MB
[runlim] sample:		2529.9 time, 2530.0 real, 253.2 MB
[runlim] sample:		2539.9 time, 2540.0 real, 253.0 MB
[runlim] sample:		2549.9 time, 2550.0 real, 253.0 MB
[runlim] sample:		2559.9 time, 2560.0 real, 231.9 MB
[runlim] sample:		2569.9 time, 2570.0 real, 231.9 MB
[runlim] sample:		2579.9 time, 2580.0 real, 247.5 MB
[runlim] sample:		2589.9 time, 2590.0 real, 247.5 MB
[runlim] sample:		2599.9 time, 2600.0 real, 223.2 MB
[runlim] sample:		2609.9 time, 2610.0 real, 223.2 MB
[runlim] sample:		2619.9 time, 2620.0 real, 228.4 MB
[runlim] sample:		2629.9 time, 2630.0 real, 228.4 MB
[runlim] sample:		2639.9 time, 2640.0 real, 264.3 MB
[runlim] sample:		2649.9 time, 2650.0 real, 239.8 MB
[runlim] sample:		2659.9 time, 2660.0 real, 216.7 MB
[runlim] sample:		2669.9 time, 2670.0 real, 216.7 MB
[runlim] sample:		2679.9 time, 2680.0 real, 235.9 MB
[runlim] sample:		2689.9 time, 2690.0 real, 235.9 MB
[runlim] sample:		2699.9 time, 2700.0 real, 235.9 MB
[runlim] sample:		2709.9 time, 2710.0 real, 249.6 MB
[runlim] sample:		2719.9 time, 2720.0 real, 249.6 MB
[runlim] sample:		2729.9 time, 2730.0 real, 248.5 MB
[runlim] sample:		2739.9 time, 2740.0 real, 248.5 MB
[runlim] sample:		2749.9 time, 2750.0 real, 248.5 MB
[runlim] sample:		2759.9 time, 2760.0 real, 249.1 MB
[runlim] sample:		2769.9 time, 2770.0 real, 249.1 MB
[runlim] sample:		2779.9 time, 2780.0 real, 252.3 MB
[runlim] sample:		2789.9 time, 2790.0 real, 252.3 MB
[runlim] sample:		2799.9 time, 2800.0 real, 252.3 MB
[runlim] sample:		2809.9 time, 2810.0 real, 252.3 MB
[runlim] sample:		2819.9 time, 2820.0 real, 253.8 MB
[runlim] sample:		2829.9 time, 2830.0 real, 253.8 MB
[runlim] sample:		2839.9 time, 2840.0 real, 254.2 MB
[runlim] sample:		2849.9 time, 2850.0 real, 254.2 MB
[runlim] sample:		2859.9 time, 2860.0 real, 254.2 MB
[runlim] sample:		2869.9 time, 2870.0 real, 261.5 MB
[runlim] sample:		2879.9 time, 2880.0 real, 261.5 MB
[runlim] sample:		2889.9 time, 2890.0 real, 261.5 MB
[runlim] sample:		2899.9 time, 2900.0 real, 252.1 MB
[runlim] sample:		2909.9 time, 2910.0 real, 252.1 MB
[runlim] sample:		2919.9 time, 2920.0 real, 248.1 MB
[runlim] sample:		2929.9 time, 2930.0 real, 248.1 MB
[runlim] sample:		2939.9 time, 2940.0 real, 224.1 MB
[runlim] sample:		2949.9 time, 2950.0 real, 224.1 MB
[runlim] sample:		2959.9 time, 2960.0 real, 233.4 MB
[runlim] sample:		2969.9 time, 2970.0 real, 233.4 MB
[runlim] sample:		2979.9 time, 2980.0 real, 233.4 MB
[runlim] sample:		2989.9 time, 2990.0 real, 233.4 MB
[runlim] sample:		2999.9 time, 3000.0 real, 233.4 MB
[runlim] sample:		3009.9 time, 3010.0 real, 235.5 MB
[runlim] sample:		3019.9 time, 3020.0 real, 235.5 MB
[runlim] sample:		3029.9 time, 3030.0 real, 247.8 MB
[runlim] sample:		3039.9 time, 3040.0 real, 247.8 MB
[runlim] sample:		3049.9 time, 3050.0 real, 247.8 MB
[runlim] sample:		3059.9 time, 3060.0 real, 253.9 MB
[runlim] sample:		3069.9 time, 3070.0 real, 253.9 MB
[runlim] sample:		3079.9 time, 3080.0 real, 253.9 MB
[runlim] sample:		3089.9 time, 3090.0 real, 253.4 MB
[runlim] sample:		3099.9 time, 3100.0 real, 253.4 MB
[runlim] sample:		3109.9 time, 3110.0 real, 293.7 MB
[runlim] sample:		3119.9 time, 3120.0 real, 256.6 MB
[runlim] sample:		3129.9 time, 3130.0 real, 256.6 MB
[runlim] sample:		3139.9 time, 3140.0 real, 256.6 MB
[runlim] sample:		3149.9 time, 3150.0 real, 246.7 MB
[runlim] sample:		3159.9 time, 3160.0 real, 246.7 MB
[runlim] sample:		3169.9 time, 3170.0 real, 248.1 MB
[runlim] sample:		3179.9 time, 3180.0 real, 248.1 MB
[runlim] sample:		3189.9 time, 3190.0 real, 248.1 MB
[runlim] sample:		3199.8 time, 3200.0 real, 242.4 MB
[runlim] sample:		3209.9 time, 3210.0 real, 286.3 MB
[runlim] sample:		3219.9 time, 3220.0 real, 249.2 MB
[runlim] sample:		3229.9 time, 3230.0 real, 249.2 MB
[runlim] sample:		3239.9 time, 3240.0 real, 249.2 MB
[runlim] sample:		3249.9 time, 3250.0 real, 249.2 MB
[runlim] sample:		3259.8 time, 3260.0 real, 264.9 MB
[runlim] sample:		3269.8 time, 3270.0 real, 264.9 MB
[runlim] sample:		3279.8 time, 3280.0 real, 264.9 MB
[runlim] sample:		3289.9 time, 3290.0 real, 262.8 MB
[runlim] sample:		3299.9 time, 3300.0 real, 262.8 MB
[runlim] sample:		3309.9 time, 3310.0 real, 262.8 MB
[runlim] sample:		3319.9 time, 3320.0 real, 262.8 MB
[runlim] sample:		3329.8 time, 3330.0 real, 263.1 MB
[runlim] sample:		3339.8 time, 3340.0 real, 264.4 MB
[runlim] sample:		3349.8 time, 3350.0 real, 245.1 MB
[runlim] sample:		3359.8 time, 3360.0 real, 245.1 MB
[runlim] sample:		3369.8 time, 3370.0 real, 261.1 MB
[runlim] sample:		3379.8 time, 3380.0 real, 261.1 MB
[runlim] sample:		3389.8 time, 3390.0 real, 253.9 MB
[runlim] sample:		3399.8 time, 3400.0 real, 253.9 MB
[runlim] sample:		3409.8 time, 3410.0 real, 253.9 MB
[runlim] sample:		3419.8 time, 3420.0 real, 253.9 MB
[runlim] sample:		3429.8 time, 3430.0 real, 258.1 MB
[runlim] sample:		3439.8 time, 3440.0 real, 258.1 MB
[runlim] sample:		3449.8 time, 3450.0 real, 258.1 MB
[runlim] sample:		3459.8 time, 3460.0 real, 263.8 MB
[runlim] sample:		3469.8 time, 3470.0 real, 271.0 MB
[runlim] sample:		3479.8 time, 3480.0 real, 271.0 MB
[runlim] sample:		3489.8 time, 3490.0 real, 271.0 MB
[runlim] sample:		3499.8 time, 3500.0 real, 271.0 MB
[runlim] sample:		3509.8 time, 3510.0 real, 254.5 MB
[runlim] sample:		3519.8 time, 3520.0 real, 254.5 MB
[runlim] sample:		3529.8 time, 3530.0 real, 254.5 MB
[runlim] sample:		3539.8 time, 3540.0 real, 254.5 MB
[runlim] sample:		3549.8 time, 3550.0 real, 254.5 MB
[runlim] sample:		3559.8 time, 3560.0 real, 262.5 MB
[runlim] sample:		3569.8 time, 3570.0 real, 262.5 MB
[runlim] sample:		3579.8 time, 3580.0 real, 258.7 MB
[runlim] sample:		3589.8 time, 3590.0 real, 258.7 MB
[runlim] sample:		3599.8 time, 3600.0 real, 258.7 MB
c Signal interruption.
[runlim] end:			Mon Aug 19 06:10:01 2024
[runlim] status:		out of time
[runlim] result:		2
[runlim] children:		0
[runlim] real:			3600.05 seconds
[runlim] time:			3599.84 seconds
[runlim] space:			425.2 MB
[runlim] samples:		36000
