[runlim] version:		1.10
[runlim] time limit:		3600 seconds
[runlim] real time limit:	3600 seconds
[runlim] space limit:		30000 MB
[runlim] argv[0]:		/home/truongxuanhieu/AntiBandwidthReconstruct/build/abw_enc_symbreak_max_node
[runlim] argv[1]:		/home/truongxuanhieu/AntiBandwidthReconstruct/build/Benchmarks/J-nos4.mtx.rnd
[runlim] argv[2]:		--duplex
[runlim] start:			Sun Aug 18 16:23:35 2024
[runlim] main pid:		2279
[runlim] log captured:
c DuplexEncoder 0.8.
c Solving strategy: from LB to UB.
c LB-w = 32 (LB in Sinnl - A note on computational approaches for the antibandwidth problem).
c UB-w = 40 (UB in Sinnl - A note on computational approaches for the antibandwidth problem).
c Antibandwidth problem with w = 32 ( J-nos4.mtx.rnd ):
c Initializing CaDiCaL (version 1.2.1).
c	Configuring CaDiCaL as --sat (1).
c Initializing a Duplex encoder with n = 100.
c Encoding starts with w = 32:
c	Labels and Vertices aux var: 3600
c	Labels and Vertices constraints:  25800
c	Obj k aux var: 31600
c	Obj k constraints: 165696
c	Obj k glue staircase constraints: 66196
c	Encoding duration: 0s
c	Number of clauses: 191546
c	Number of irredundant clauses: 176664
c	Number of variables: 45200
c SAT Solving starts:
c	Solving duration: 7132 ms
c	Answer: 
s SAT (w = 32)
c	Solution check:
p calculated antibandwidth = 32.
c
c
c Antibandwidth problem with w = 33 ( J-nos4.mtx.rnd ):
c Initializing CaDiCaL (version 1.2.1).
c	Configuring CaDiCaL as --sat (1).
c Initializing a Duplex encoder with n = 100.
c Encoding starts with w = 33:
c	Labels and Vertices aux var: 3600
c	Labels and Vertices constraints:  25800
c	Obj k aux var: 32000
c	Obj k constraints: 165308
c	Obj k glue staircase constraints: 65208
c	Encoding duration: 0s
c	Number of clauses: 191158
c	Number of irredundant clauses: 176706
c	Number of variables: 45600
c SAT Solving starts:
[runlim] sample:		10.0 time, 11.0 real, 51.0 MB
[runlim] sample:		20.0 time, 21.0 real, 72.0 MB
[runlim] sample:		30.0 time, 31.0 real, 93.4 MB
[runlim] sample:		40.0 time, 41.0 real, 111.4 MB
c	Solving duration: 32991 ms
c	Answer: 
s SAT (w = 33)
c	Solution check:
p calculated antibandwidth = 33.
c
c
c Antibandwidth problem with w = 34 ( J-nos4.mtx.rnd ):
c Initializing CaDiCaL (version 1.2.1).
c	Configuring CaDiCaL as --sat (1).
c Initializing a Duplex encoder with n = 100.
c Encoding starts with w = 34:
c	Labels and Vertices aux var: 3600
c	Labels and Vertices constraints:  25500
c	Obj k aux var: 26000
c	Obj k constraints: 149861
c	Obj k glue staircase constraints: 64961
c	Encoding duration: 0s
c	Number of clauses: 175411
c	Number of irredundant clauses: 161003
c	Number of variables: 39600
c SAT Solving starts:
[runlim] sample:		50.0 time, 51.0 real, 111.4 MB
[runlim] sample:		60.0 time, 61.0 real, 111.9 MB
[runlim] sample:		70.0 time, 71.0 real, 128.4 MB
[runlim] sample:		80.0 time, 81.0 real, 139.7 MB
[runlim] sample:		90.0 time, 91.0 real, 117.0 MB
[runlim] sample:		100.0 time, 101.0 real, 117.0 MB
[runlim] sample:		110.0 time, 111.0 real, 117.1 MB
[runlim] sample:		120.0 time, 121.0 real, 126.4 MB
[runlim] sample:		130.0 time, 131.0 real, 125.8 MB
[runlim] sample:		140.0 time, 141.0 real, 105.0 MB
[runlim] sample:		150.0 time, 151.0 real, 129.0 MB
c	Solving duration: 119126 ms
c	Answer: 
s SAT (w = 34)
c	Solution check:
p calculated antibandwidth = 34.
c
c
c Antibandwidth problem with w = 35 ( J-nos4.mtx.rnd ):
c Initializing CaDiCaL (version 1.2.1).
c	Configuring CaDiCaL as --sat (1).
c Initializing a Duplex encoder with n = 100.
c Encoding starts with w = 35:
c	Labels and Vertices aux var: 3600
c	Labels and Vertices constraints:  25500
c	Obj k aux var: 26200
c	Obj k constraints: 149073
c	Obj k glue staircase constraints: 63973
c	Encoding duration: 0s
c	Number of clauses: 174623
c	Number of irredundant clauses: 160449
c	Number of variables: 39800
c SAT Solving starts:
[runlim] sample:		160.0 time, 161.0 real, 129.1 MB
[runlim] sample:		170.0 time, 171.0 real, 129.1 MB
[runlim] sample:		180.0 time, 181.0 real, 129.1 MB
c	Solving duration: 21713 ms
c	Answer: 
s SAT (w = 35)
c	Solution check:
p calculated antibandwidth = 35.
c
c
c Antibandwidth problem with w = 36 ( J-nos4.mtx.rnd ):
c Initializing CaDiCaL (version 1.2.1).
c	Configuring CaDiCaL as --sat (1).
c Initializing a Duplex encoder with n = 100.
c Encoding starts with w = 36:
c	Labels and Vertices aux var: 3600
c	Labels and Vertices constraints:  25500
c	Obj k aux var: 26400
c	Obj k constraints: 148285
c	Obj k glue staircase constraints: 62985
c	Encoding duration: 0s
c	Number of clauses: 173835
c	Number of irredundant clauses: 159895
c	Number of variables: 40000
c SAT Solving starts:
[runlim] sample:		190.0 time, 191.0 real, 129.1 MB
[runlim] sample:		200.0 time, 201.0 real, 129.1 MB
[runlim] sample:		210.0 time, 211.0 real, 129.1 MB
[runlim] sample:		220.0 time, 221.0 real, 129.1 MB
[runlim] sample:		230.0 time, 231.0 real, 129.1 MB
[runlim] sample:		240.0 time, 241.0 real, 129.1 MB
[runlim] sample:		250.0 time, 251.0 real, 129.1 MB
[runlim] sample:		260.0 time, 261.0 real, 129.1 MB
[runlim] sample:		270.0 time, 271.0 real, 129.1 MB
[runlim] sample:		280.0 time, 281.0 real, 129.1 MB
[runlim] sample:		289.9 time, 291.0 real, 129.1 MB
[runlim] sample:		299.9 time, 301.0 real, 129.1 MB
[runlim] sample:		309.9 time, 311.0 real, 129.1 MB
[runlim] sample:		320.0 time, 321.0 real, 129.1 MB
[runlim] sample:		330.0 time, 331.0 real, 129.1 MB
[runlim] sample:		340.0 time, 341.0 real, 129.1 MB
[runlim] sample:		350.0 time, 351.0 real, 129.1 MB
[runlim] sample:		360.0 time, 361.0 real, 129.1 MB
[runlim] sample:		370.0 time, 371.0 real, 129.1 MB
[runlim] sample:		380.0 time, 381.0 real, 129.1 MB
[runlim] sample:		390.0 time, 391.0 real, 129.1 MB
[runlim] sample:		400.0 time, 401.0 real, 129.1 MB
[runlim] sample:		410.0 time, 411.0 real, 129.1 MB
[runlim] sample:		420.0 time, 421.0 real, 129.1 MB
[runlim] sample:		429.9 time, 431.0 real, 129.1 MB
[runlim] sample:		439.9 time, 441.0 real, 130.3 MB
[runlim] sample:		449.9 time, 451.0 real, 130.3 MB
[runlim] sample:		460.0 time, 461.0 real, 130.3 MB
[runlim] sample:		469.9 time, 471.0 real, 130.3 MB
[runlim] sample:		479.9 time, 481.0 real, 130.3 MB
[runlim] sample:		489.9 time, 491.0 real, 130.3 MB
[runlim] sample:		499.9 time, 501.0 real, 130.3 MB
[runlim] sample:		509.9 time, 511.0 real, 130.3 MB
c	Solving duration: 329946 ms
c	Answer: 
s UNSAT (w = 36)
c
c
[runlim] end:			Sun Aug 18 16:32:07 2024
[runlim] status:		ok
[runlim] result:		0
[runlim] children:		0
[runlim] real:			512.20 seconds
[runlim] time:			511.15 seconds
[runlim] space:			171.4 MB
[runlim] samples:		5112
