[runlim] version:		1.10
[runlim] time limit:		3600 seconds
[runlim] real time limit:	3600 seconds
[runlim] space limit:		30000 MB
[runlim] argv[0]:		/home/truongxuanhieu/AntiBandwidthReconstruct/build/abw_enc_symbreak_max_node
[runlim] argv[1]:		/home/truongxuanhieu/AntiBandwidthReconstruct/build/Benchmarks/K-dwt__234.mtx.rnd
[runlim] argv[2]:		--duplexNSC
[runlim] start:			Sun Aug 18 16:42:21 2024
[runlim] main pid:		3407
[runlim] log captured:
c DuplexEncoder 0.8.
c Solving strategy: from LB to UB.
c LB-w = 46 (LB in Sinnl - A note on computational approaches for the antibandwidth problem).
c UB-w = 58 (UB in Sinnl - A note on computational approaches for the antibandwidth problem).
c Antibandwidth problem with w = 46 ( K-dwt__234.mtx.rnd ):
c Initializing CaDiCaL (version 1.2.1).
c	Configuring CaDiCaL as --sat (1).
c Initializing a DuplexNSC encoder with n = 117.
c Encoding starts with w = 46:
c	Labels and Vertices aux var: 4680
c	Labels and Vertices constraints:  34515
c	Obj k aux var: 18486
c	Obj k constraints: 123021
c	Obj k glue staircase constraints: 45684
c	Encoding duration: 0s
c	Number of clauses: 157594
c	Number of irredundant clauses: 157232
c	Number of variables: 36855
c SAT Solving starts:
[runlim] sample:		10.0 time, 10.8 real, 56.0 MB
[runlim] sample:		20.0 time, 20.8 real, 93.8 MB
[runlim] sample:		30.0 time, 30.8 real, 108.9 MB
c	Solving duration: 30441 ms
c	Answer: 
s SAT (w = 46)
c	Solution check:
p calculated antibandwidth = 46.
c
c
c Antibandwidth problem with w = 47 ( K-dwt__234.mtx.rnd ):
c Initializing CaDiCaL (version 1.2.1).
c	Configuring CaDiCaL as --sat (1).
c Initializing a DuplexNSC encoder with n = 117.
c Encoding starts with w = 47:
c	Labels and Vertices aux var: 4680
c	Labels and Vertices constraints:  34515
c	Obj k aux var: 18603
c	Obj k constraints: 122607
c	Obj k glue staircase constraints: 45036
c	Encoding duration: 0s
c	Number of clauses: 157180
c	Number of irredundant clauses: 156816
c	Number of variables: 36972
c SAT Solving starts:
[runlim] sample:		40.0 time, 40.8 real, 108.9 MB
[runlim] sample:		50.0 time, 50.8 real, 65.9 MB
[runlim] sample:		60.0 time, 60.8 real, 73.0 MB
[runlim] sample:		70.0 time, 70.8 real, 101.2 MB
[runlim] sample:		80.0 time, 80.8 real, 181.6 MB
[runlim] sample:		90.0 time, 90.8 real, 130.9 MB
[runlim] sample:		100.0 time, 100.8 real, 157.2 MB
[runlim] sample:		110.0 time, 110.8 real, 237.1 MB
[runlim] sample:		120.0 time, 120.8 real, 231.8 MB
[runlim] sample:		130.0 time, 130.8 real, 262.7 MB
[runlim] sample:		140.0 time, 140.8 real, 257.8 MB
[runlim] sample:		150.0 time, 150.8 real, 274.7 MB
[runlim] sample:		160.0 time, 160.8 real, 255.5 MB
[runlim] sample:		170.0 time, 170.8 real, 287.5 MB
[runlim] sample:		180.0 time, 180.8 real, 275.0 MB
[runlim] sample:		190.0 time, 190.8 real, 187.9 MB
[runlim] sample:		200.0 time, 200.8 real, 217.1 MB
[runlim] sample:		210.0 time, 210.8 real, 217.1 MB
[runlim] sample:		220.0 time, 220.8 real, 165.8 MB
[runlim] sample:		230.0 time, 230.8 real, 211.2 MB
[runlim] sample:		240.0 time, 240.8 real, 190.1 MB
[runlim] sample:		250.0 time, 250.8 real, 190.1 MB
[runlim] sample:		260.0 time, 260.8 real, 190.3 MB
[runlim] sample:		269.9 time, 270.8 real, 213.6 MB
[runlim] sample:		279.9 time, 280.8 real, 149.6 MB
[runlim] sample:		290.0 time, 290.8 real, 161.6 MB
[runlim] sample:		300.0 time, 300.8 real, 182.8 MB
[runlim] sample:		309.9 time, 310.8 real, 120.6 MB
[runlim] sample:		320.0 time, 320.8 real, 169.1 MB
[runlim] sample:		330.0 time, 330.8 real, 122.0 MB
[runlim] sample:		340.0 time, 340.8 real, 122.0 MB
[runlim] sample:		349.9 time, 350.8 real, 171.7 MB
[runlim] sample:		360.0 time, 360.8 real, 237.1 MB
[runlim] sample:		370.0 time, 370.8 real, 352.9 MB
[runlim] sample:		380.0 time, 380.8 real, 266.8 MB
[runlim] sample:		389.9 time, 390.8 real, 203.1 MB
[runlim] sample:		400.0 time, 400.8 real, 282.5 MB
[runlim] sample:		409.9 time, 410.8 real, 239.3 MB
[runlim] sample:		419.9 time, 420.8 real, 241.5 MB
[runlim] sample:		429.9 time, 430.8 real, 239.9 MB
[runlim] sample:		439.9 time, 440.8 real, 203.2 MB
[runlim] sample:		449.9 time, 450.8 real, 268.7 MB
[runlim] sample:		459.9 time, 460.8 real, 203.2 MB
[runlim] sample:		469.9 time, 470.8 real, 218.8 MB
[runlim] sample:		479.9 time, 480.8 real, 307.9 MB
[runlim] sample:		489.9 time, 490.8 real, 218.8 MB
[runlim] sample:		499.9 time, 500.8 real, 218.8 MB
[runlim] sample:		509.9 time, 510.8 real, 218.8 MB
[runlim] sample:		520.0 time, 520.8 real, 150.7 MB
[runlim] sample:		530.0 time, 530.8 real, 209.5 MB
[runlim] sample:		540.0 time, 540.8 real, 346.7 MB
[runlim] sample:		550.0 time, 550.8 real, 239.7 MB
[runlim] sample:		560.0 time, 560.8 real, 220.3 MB
[runlim] sample:		570.0 time, 570.8 real, 191.3 MB
[runlim] sample:		580.0 time, 580.8 real, 191.4 MB
[runlim] sample:		590.0 time, 590.8 real, 228.9 MB
[runlim] sample:		600.0 time, 600.8 real, 191.7 MB
[runlim] sample:		610.0 time, 610.8 real, 293.3 MB
[runlim] sample:		619.9 time, 620.8 real, 407.6 MB
[runlim] sample:		629.9 time, 630.8 real, 407.6 MB
[runlim] sample:		639.9 time, 640.8 real, 276.7 MB
[runlim] sample:		650.0 time, 650.8 real, 282.3 MB
[runlim] sample:		659.9 time, 660.8 real, 286.5 MB
[runlim] sample:		669.9 time, 670.8 real, 281.5 MB
[runlim] sample:		680.0 time, 680.8 real, 287.1 MB
[runlim] sample:		689.9 time, 690.8 real, 527.4 MB
[runlim] sample:		699.9 time, 700.8 real, 528.4 MB
[runlim] sample:		709.9 time, 710.8 real, 521.5 MB
[runlim] sample:		719.9 time, 720.8 real, 348.7 MB
[runlim] sample:		729.9 time, 730.8 real, 406.7 MB
[runlim] sample:		739.9 time, 740.8 real, 351.3 MB
[runlim] sample:		749.9 time, 750.8 real, 454.5 MB
[runlim] sample:		759.9 time, 760.8 real, 454.5 MB
[runlim] sample:		769.9 time, 770.8 real, 538.2 MB
[runlim] sample:		779.9 time, 780.8 real, 392.2 MB
[runlim] sample:		789.9 time, 790.8 real, 303.8 MB
[runlim] sample:		799.9 time, 800.8 real, 363.1 MB
[runlim] sample:		809.9 time, 810.8 real, 303.8 MB
[runlim] sample:		819.9 time, 820.8 real, 433.1 MB
[runlim] sample:		829.9 time, 830.8 real, 405.9 MB
[runlim] sample:		839.9 time, 840.8 real, 362.9 MB
[runlim] sample:		849.9 time, 850.8 real, 362.9 MB
[runlim] sample:		859.9 time, 860.8 real, 373.4 MB
[runlim] sample:		869.9 time, 870.8 real, 364.2 MB
[runlim] sample:		879.9 time, 880.8 real, 354.0 MB
[runlim] sample:		889.9 time, 890.8 real, 347.8 MB
[runlim] sample:		899.9 time, 900.8 real, 347.8 MB
[runlim] sample:		909.9 time, 910.8 real, 365.1 MB
[runlim] sample:		919.9 time, 920.8 real, 303.8 MB
[runlim] sample:		929.9 time, 930.8 real, 357.0 MB
[runlim] sample:		939.9 time, 940.8 real, 303.8 MB
[runlim] sample:		949.9 time, 950.8 real, 303.8 MB
c	Solving duration: 922464 ms
c	Answer: 
s SAT (w = 47)
c	Solution check:
p calculated antibandwidth = 47.
c
c
c Antibandwidth problem with w = 48 ( K-dwt__234.mtx.rnd ):
c Initializing CaDiCaL (version 1.2.1).
c	Configuring CaDiCaL as --sat (1).
c Initializing a DuplexNSC encoder with n = 117.
c Encoding starts with w = 48:
c	Labels and Vertices aux var: 4680
c	Labels and Vertices constraints:  34515
c	Obj k aux var: 18720
c	Obj k constraints: 122193
c	Obj k glue staircase constraints: 44388
c	Encoding duration: 0s
c	Number of clauses: 156766
c	Number of irredundant clauses: 156400
c	Number of variables: 37089
c SAT Solving starts:
[runlim] sample:		959.9 time, 960.8 real, 303.8 MB
[runlim] sample:		969.9 time, 970.8 real, 303.8 MB
c	Solving duration: 22006 ms
c	Answer: 
s SAT (w = 48)
c	Solution check:
p calculated antibandwidth = 48.
c
c
c Antibandwidth problem with w = 49 ( K-dwt__234.mtx.rnd ):
c Initializing CaDiCaL (version 1.2.1).
c	Configuring CaDiCaL as --sat (1).
c Initializing a DuplexNSC encoder with n = 117.
c Encoding starts with w = 49:
c	Labels and Vertices aux var: 4680
c	Labels and Vertices constraints:  34515
c	Obj k aux var: 18837
c	Obj k constraints: 121779
c	Obj k glue staircase constraints: 43740
c	Encoding duration: 0s
c	Number of clauses: 156352
c	Number of irredundant clauses: 155984
c	Number of variables: 37206
c SAT Solving starts:
[runlim] sample:		979.9 time, 980.8 real, 303.8 MB
[runlim] sample:		989.9 time, 990.8 real, 303.8 MB
[runlim] sample:		999.9 time, 1000.8 real, 303.8 MB
[runlim] sample:		1009.9 time, 1010.8 real, 303.8 MB
[runlim] sample:		1019.9 time, 1020.8 real, 303.8 MB
[runlim] sample:		1029.9 time, 1030.8 real, 303.8 MB
[runlim] sample:		1039.9 time, 1040.8 real, 303.8 MB
[runlim] sample:		1049.9 time, 1050.8 real, 303.8 MB
[runlim] sample:		1059.9 time, 1060.8 real, 303.8 MB
[runlim] sample:		1069.9 time, 1070.8 real, 303.8 MB
[runlim] sample:		1079.9 time, 1080.8 real, 303.8 MB
[runlim] sample:		1089.9 time, 1090.8 real, 303.8 MB
[runlim] sample:		1099.9 time, 1100.8 real, 303.8 MB
[runlim] sample:		1109.9 time, 1110.8 real, 392.0 MB
[runlim] sample:		1119.9 time, 1120.8 real, 303.8 MB
[runlim] sample:		1129.9 time, 1130.8 real, 383.0 MB
[runlim] sample:		1139.9 time, 1140.8 real, 303.8 MB
[runlim] sample:		1149.9 time, 1150.8 real, 303.8 MB
[runlim] sample:		1159.9 time, 1160.8 real, 303.8 MB
[runlim] sample:		1169.9 time, 1170.8 real, 303.8 MB
[runlim] sample:		1179.9 time, 1180.8 real, 382.5 MB
[runlim] sample:		1189.9 time, 1190.8 real, 402.6 MB
[runlim] sample:		1199.9 time, 1200.8 real, 396.4 MB
[runlim] sample:		1209.9 time, 1210.8 real, 303.8 MB
[runlim] sample:		1219.9 time, 1220.8 real, 303.8 MB
[runlim] sample:		1229.9 time, 1230.8 real, 303.8 MB
[runlim] sample:		1239.9 time, 1240.8 real, 405.9 MB
[runlim] sample:		1249.9 time, 1250.8 real, 419.3 MB
[runlim] sample:		1259.9 time, 1260.8 real, 436.2 MB
[runlim] sample:		1269.9 time, 1270.8 real, 463.1 MB
[runlim] sample:		1279.9 time, 1280.8 real, 521.8 MB
[runlim] sample:		1289.9 time, 1290.8 real, 303.8 MB
[runlim] sample:		1299.9 time, 1300.8 real, 303.8 MB
[runlim] sample:		1309.9 time, 1310.8 real, 303.8 MB
[runlim] sample:		1319.9 time, 1320.8 real, 436.1 MB
[runlim] sample:		1329.9 time, 1330.8 real, 455.5 MB
[runlim] sample:		1339.9 time, 1340.8 real, 444.7 MB
[runlim] sample:		1349.9 time, 1350.8 real, 417.5 MB
[runlim] sample:		1359.9 time, 1360.8 real, 421.3 MB
[runlim] sample:		1369.9 time, 1370.8 real, 482.2 MB
[runlim] sample:		1379.9 time, 1380.8 real, 468.2 MB
[runlim] sample:		1389.9 time, 1390.8 real, 432.7 MB
[runlim] sample:		1399.9 time, 1400.8 real, 447.0 MB
[runlim] sample:		1409.9 time, 1410.8 real, 303.8 MB
[runlim] sample:		1419.9 time, 1420.8 real, 303.8 MB
[runlim] sample:		1429.9 time, 1430.8 real, 303.8 MB
[runlim] sample:		1439.9 time, 1440.8 real, 303.8 MB
[runlim] sample:		1449.9 time, 1450.8 real, 406.0 MB
[runlim] sample:		1459.9 time, 1460.8 real, 413.9 MB
[runlim] sample:		1469.9 time, 1470.8 real, 377.1 MB
[runlim] sample:		1479.9 time, 1480.8 real, 303.8 MB
[runlim] sample:		1489.9 time, 1490.8 real, 303.8 MB
[runlim] sample:		1499.9 time, 1500.8 real, 303.8 MB
[runlim] sample:		1509.9 time, 1510.8 real, 303.8 MB
[runlim] sample:		1519.9 time, 1520.8 real, 303.8 MB
[runlim] sample:		1529.9 time, 1530.8 real, 303.8 MB
[runlim] sample:		1539.9 time, 1540.8 real, 303.8 MB
[runlim] sample:		1549.9 time, 1550.8 real, 303.8 MB
[runlim] sample:		1559.9 time, 1560.8 real, 384.2 MB
[runlim] sample:		1569.9 time, 1570.8 real, 384.2 MB
[runlim] sample:		1579.9 time, 1580.8 real, 375.0 MB
[runlim] sample:		1589.9 time, 1590.8 real, 375.0 MB
[runlim] sample:		1599.9 time, 1600.8 real, 447.5 MB
[runlim] sample:		1609.9 time, 1610.8 real, 468.8 MB
[runlim] sample:		1619.9 time, 1620.8 real, 525.6 MB
[runlim] sample:		1629.9 time, 1630.8 real, 525.6 MB
[runlim] sample:		1639.9 time, 1640.8 real, 508.9 MB
[runlim] sample:		1649.9 time, 1650.8 real, 511.7 MB
[runlim] sample:		1659.9 time, 1660.8 real, 511.7 MB
[runlim] sample:		1669.9 time, 1670.8 real, 453.6 MB
[runlim] sample:		1679.9 time, 1680.8 real, 303.8 MB
[runlim] sample:		1689.9 time, 1690.8 real, 303.8 MB
[runlim] sample:		1699.9 time, 1700.8 real, 351.3 MB
[runlim] sample:		1709.9 time, 1710.8 real, 347.0 MB
[runlim] sample:		1719.9 time, 1720.8 real, 352.5 MB
[runlim] sample:		1729.9 time, 1730.8 real, 346.8 MB
[runlim] sample:		1739.9 time, 1740.8 real, 303.8 MB
[runlim] sample:		1749.9 time, 1750.8 real, 335.6 MB
[runlim] sample:		1759.9 time, 1760.8 real, 303.8 MB
[runlim] sample:		1769.9 time, 1770.8 real, 373.8 MB
[runlim] sample:		1779.9 time, 1780.8 real, 303.8 MB
[runlim] sample:		1789.9 time, 1790.8 real, 348.8 MB
[runlim] sample:		1799.9 time, 1800.8 real, 371.4 MB
[runlim] sample:		1809.9 time, 1810.8 real, 375.4 MB
[runlim] sample:		1819.9 time, 1820.8 real, 366.9 MB
[runlim] sample:		1829.9 time, 1830.8 real, 361.1 MB
[runlim] sample:		1839.9 time, 1840.8 real, 361.1 MB
[runlim] sample:		1849.9 time, 1850.8 real, 378.2 MB
[runlim] sample:		1859.9 time, 1860.8 real, 380.2 MB
[runlim] sample:		1869.9 time, 1870.8 real, 380.2 MB
[runlim] sample:		1879.9 time, 1880.8 real, 383.7 MB
[runlim] sample:		1889.9 time, 1890.8 real, 390.8 MB
[runlim] sample:		1899.9 time, 1900.8 real, 379.0 MB
[runlim] sample:		1909.9 time, 1910.8 real, 379.0 MB
[runlim] sample:		1919.9 time, 1920.8 real, 393.5 MB
[runlim] sample:		1929.9 time, 1930.8 real, 392.3 MB
[runlim] sample:		1939.9 time, 1940.8 real, 385.1 MB
[runlim] sample:		1949.9 time, 1950.8 real, 370.9 MB
[runlim] sample:		1959.9 time, 1960.8 real, 373.3 MB
[runlim] sample:		1969.9 time, 1970.8 real, 368.3 MB
[runlim] sample:		1979.9 time, 1980.8 real, 368.3 MB
[runlim] sample:		1989.9 time, 1990.8 real, 413.0 MB
[runlim] sample:		1999.9 time, 2000.8 real, 303.8 MB
[runlim] sample:		2009.9 time, 2010.8 real, 303.8 MB
[runlim] sample:		2019.9 time, 2020.8 real, 303.8 MB
[runlim] sample:		2029.9 time, 2030.8 real, 356.0 MB
[runlim] sample:		2039.9 time, 2040.8 real, 394.3 MB
[runlim] sample:		2049.9 time, 2050.8 real, 303.8 MB
[runlim] sample:		2059.9 time, 2060.8 real, 412.1 MB
[runlim] sample:		2069.9 time, 2070.8 real, 374.8 MB
[runlim] sample:		2079.9 time, 2080.8 real, 367.0 MB
[runlim] sample:		2089.9 time, 2090.8 real, 366.8 MB
[runlim] sample:		2099.9 time, 2100.8 real, 366.8 MB
[runlim] sample:		2109.9 time, 2110.8 real, 303.8 MB
[runlim] sample:		2119.9 time, 2120.8 real, 303.8 MB
[runlim] sample:		2129.9 time, 2130.8 real, 416.4 MB
[runlim] sample:		2139.9 time, 2140.8 real, 416.4 MB
[runlim] sample:		2149.9 time, 2150.8 real, 647.3 MB
[runlim] sample:		2159.9 time, 2160.8 real, 647.8 MB
[runlim] sample:		2169.9 time, 2170.8 real, 698.6 MB
[runlim] sample:		2179.9 time, 2180.8 real, 792.8 MB
[runlim] sample:		2189.9 time, 2190.8 real, 793.1 MB
[runlim] sample:		2199.9 time, 2200.8 real, 765.9 MB
[runlim] sample:		2209.9 time, 2210.8 real, 765.9 MB
[runlim] sample:		2219.9 time, 2220.8 real, 765.9 MB
[runlim] sample:		2229.9 time, 2230.8 real, 783.2 MB
[runlim] sample:		2239.9 time, 2240.8 real, 783.2 MB
[runlim] sample:		2249.9 time, 2250.8 real, 666.8 MB
[runlim] sample:		2259.8 time, 2260.8 real, 635.8 MB
[runlim] sample:		2269.8 time, 2270.8 real, 635.8 MB
[runlim] sample:		2279.9 time, 2280.8 real, 679.8 MB
[runlim] sample:		2289.8 time, 2290.8 real, 679.8 MB
[runlim] sample:		2299.8 time, 2300.8 real, 679.8 MB
[runlim] sample:		2309.8 time, 2310.8 real, 698.0 MB
[runlim] sample:		2319.9 time, 2320.8 real, 536.0 MB
[runlim] sample:		2329.8 time, 2330.8 real, 466.8 MB
[runlim] sample:		2339.8 time, 2340.8 real, 467.9 MB
[runlim] sample:		2349.9 time, 2350.8 real, 483.6 MB
[runlim] sample:		2359.9 time, 2360.8 real, 483.6 MB
[runlim] sample:		2369.8 time, 2370.8 real, 492.5 MB
[runlim] sample:		2379.9 time, 2380.8 real, 515.0 MB
[runlim] sample:		2389.9 time, 2390.8 real, 515.0 MB
[runlim] sample:		2399.8 time, 2400.8 real, 530.1 MB
[runlim] sample:		2409.8 time, 2410.8 real, 530.1 MB
[runlim] sample:		2419.9 time, 2420.8 real, 522.5 MB
[runlim] sample:		2429.9 time, 2430.8 real, 499.7 MB
[runlim] sample:		2439.8 time, 2440.8 real, 514.7 MB
[runlim] sample:		2449.8 time, 2450.8 real, 514.7 MB
[runlim] sample:		2459.9 time, 2460.8 real, 505.2 MB
[runlim] sample:		2469.8 time, 2470.8 real, 498.6 MB
[runlim] sample:		2479.8 time, 2480.8 real, 430.7 MB
[runlim] sample:		2489.8 time, 2490.8 real, 430.7 MB
[runlim] sample:		2499.9 time, 2500.8 real, 430.7 MB
[runlim] sample:		2509.9 time, 2510.8 real, 491.2 MB
[runlim] sample:		2519.9 time, 2520.8 real, 430.7 MB
[runlim] sample:		2529.9 time, 2530.8 real, 492.4 MB
[runlim] sample:		2539.9 time, 2540.8 real, 492.4 MB
[runlim] sample:		2549.9 time, 2550.8 real, 430.7 MB
[runlim] sample:		2559.8 time, 2560.8 real, 499.4 MB
[runlim] sample:		2569.8 time, 2570.8 real, 430.7 MB
[runlim] sample:		2579.8 time, 2580.8 real, 430.7 MB
[runlim] sample:		2589.8 time, 2590.8 real, 644.0 MB
[runlim] sample:		2599.8 time, 2600.8 real, 644.0 MB
[runlim] sample:		2609.8 time, 2610.8 real, 695.3 MB
[runlim] sample:		2619.9 time, 2620.8 real, 625.2 MB
[runlim] sample:		2629.9 time, 2630.8 real, 625.2 MB
[runlim] sample:		2639.8 time, 2640.8 real, 660.0 MB
[runlim] sample:		2649.8 time, 2650.8 real, 660.0 MB
[runlim] sample:		2659.9 time, 2660.8 real, 646.5 MB
[runlim] sample:		2669.9 time, 2670.8 real, 430.7 MB
[runlim] sample:		2679.9 time, 2680.8 real, 430.7 MB
[runlim] sample:		2689.9 time, 2690.8 real, 467.9 MB
[runlim] sample:		2699.9 time, 2700.8 real, 430.7 MB
[runlim] sample:		2709.9 time, 2710.8 real, 501.9 MB
[runlim] sample:		2719.9 time, 2720.8 real, 430.7 MB
[runlim] sample:		2729.9 time, 2730.8 real, 557.5 MB
[runlim] sample:		2739.9 time, 2740.8 real, 557.5 MB
[runlim] sample:		2749.9 time, 2750.8 real, 557.5 MB
[runlim] sample:		2759.9 time, 2760.8 real, 506.8 MB
[runlim] sample:		2769.9 time, 2770.8 real, 430.7 MB
[runlim] sample:		2779.9 time, 2780.8 real, 506.5 MB
[runlim] sample:		2789.9 time, 2790.8 real, 694.6 MB
[runlim] sample:		2799.9 time, 2800.8 real, 694.6 MB
[runlim] sample:		2809.9 time, 2810.8 real, 610.7 MB
[runlim] sample:		2819.9 time, 2820.8 real, 430.7 MB
[runlim] sample:		2829.9 time, 2830.8 real, 430.7 MB
[runlim] sample:		2839.9 time, 2840.8 real, 779.5 MB
[runlim] sample:		2849.9 time, 2850.8 real, 779.6 MB
[runlim] sample:		2859.9 time, 2860.8 real, 779.6 MB
[runlim] sample:		2869.8 time, 2870.8 real, 813.5 MB
[runlim] sample:		2879.8 time, 2880.8 real, 813.5 MB
[runlim] sample:		2889.8 time, 2890.8 real, 813.5 MB
[runlim] sample:		2899.8 time, 2900.8 real, 833.6 MB
[runlim] sample:		2909.8 time, 2910.8 real, 980.6 MB
[runlim] sample:		2919.8 time, 2920.8 real, 980.6 MB
[runlim] sample:		2929.8 time, 2930.8 real, 980.9 MB
[runlim] sample:		2939.8 time, 2940.8 real, 1017.7 MB
[runlim] sample:		2949.8 time, 2950.8 real, 1123.1 MB
[runlim] sample:		2959.8 time, 2960.8 real, 1123.1 MB
[runlim] sample:		2969.8 time, 2970.8 real, 1123.7 MB
[runlim] sample:		2979.8 time, 2980.8 real, 1123.9 MB
[runlim] sample:		2989.8 time, 2990.8 real, 1035.5 MB
[runlim] sample:		2999.8 time, 3000.8 real, 1035.5 MB
[runlim] sample:		3009.8 time, 3010.8 real, 1035.5 MB
[runlim] sample:		3019.8 time, 3020.8 real, 1035.5 MB
[runlim] sample:		3029.8 time, 3030.8 real, 1035.6 MB
[runlim] sample:		3039.8 time, 3040.8 real, 1048.3 MB
[runlim] sample:		3049.8 time, 3050.8 real, 1048.3 MB
[runlim] sample:		3059.8 time, 3060.8 real, 1049.6 MB
[runlim] sample:		3069.8 time, 3070.8 real, 1049.6 MB
[runlim] sample:		3079.8 time, 3080.8 real, 1036.8 MB
[runlim] sample:		3089.8 time, 3090.8 real, 1036.8 MB
[runlim] sample:		3099.8 time, 3100.8 real, 1036.8 MB
[runlim] sample:		3109.8 time, 3110.8 real, 986.8 MB
[runlim] sample:		3119.8 time, 3120.8 real, 986.8 MB
[runlim] sample:		3129.8 time, 3130.8 real, 986.8 MB
[runlim] sample:		3139.8 time, 3140.8 real, 986.8 MB
[runlim] sample:		3149.8 time, 3150.8 real, 986.8 MB
[runlim] sample:		3159.8 time, 3160.8 real, 986.8 MB
[runlim] sample:		3169.8 time, 3170.8 real, 1095.8 MB
[runlim] sample:		3179.8 time, 3180.8 real, 1095.8 MB
[runlim] sample:		3189.8 time, 3190.8 real, 1001.6 MB
[runlim] sample:		3199.8 time, 3200.8 real, 1001.6 MB
[runlim] sample:		3209.8 time, 3210.8 real, 1001.6 MB
[runlim] sample:		3219.8 time, 3220.8 real, 1001.6 MB
[runlim] sample:		3229.8 time, 3230.8 real, 984.3 MB
[runlim] sample:		3239.8 time, 3240.8 real, 984.3 MB
[runlim] sample:		3249.8 time, 3250.8 real, 984.3 MB
[runlim] sample:		3259.8 time, 3260.8 real, 1119.5 MB
[runlim] sample:		3269.8 time, 3270.8 real, 1119.5 MB
[runlim] sample:		3279.8 time, 3280.8 real, 1119.5 MB
[runlim] sample:		3289.8 time, 3290.8 real, 1119.5 MB
[runlim] sample:		3299.8 time, 3300.8 real, 1080.3 MB
[runlim] sample:		3309.8 time, 3310.8 real, 1080.3 MB
[runlim] sample:		3319.8 time, 3320.8 real, 1080.3 MB
[runlim] sample:		3329.8 time, 3330.8 real, 1080.3 MB
[runlim] sample:		3339.8 time, 3340.8 real, 1080.3 MB
[runlim] sample:		3349.8 time, 3350.8 real, 1080.3 MB
[runlim] sample:		3359.8 time, 3360.8 real, 1080.3 MB
[runlim] sample:		3369.8 time, 3370.8 real, 1174.6 MB
[runlim] sample:		3379.8 time, 3380.8 real, 1174.6 MB
[runlim] sample:		3389.8 time, 3390.8 real, 1097.2 MB
[runlim] sample:		3399.8 time, 3400.8 real, 792.1 MB
[runlim] sample:		3409.8 time, 3410.8 real, 792.1 MB
[runlim] sample:		3419.8 time, 3420.8 real, 743.1 MB
[runlim] sample:		3429.8 time, 3430.8 real, 621.4 MB
[runlim] sample:		3439.8 time, 3440.8 real, 621.4 MB
[runlim] sample:		3449.8 time, 3450.8 real, 655.8 MB
[runlim] sample:		3459.8 time, 3460.8 real, 655.8 MB
[runlim] sample:		3469.8 time, 3470.8 real, 696.9 MB
[runlim] sample:		3479.8 time, 3480.8 real, 696.9 MB
[runlim] sample:		3489.8 time, 3490.8 real, 714.5 MB
[runlim] sample:		3499.8 time, 3500.8 real, 714.5 MB
[runlim] sample:		3509.8 time, 3510.8 real, 714.5 MB
[runlim] sample:		3519.8 time, 3520.8 real, 714.5 MB
[runlim] sample:		3529.8 time, 3530.8 real, 745.7 MB
[runlim] sample:		3539.8 time, 3540.8 real, 745.7 MB
[runlim] sample:		3549.8 time, 3550.8 real, 711.6 MB
[runlim] sample:		3559.8 time, 3560.8 real, 711.6 MB
[runlim] sample:		3569.8 time, 3570.8 real, 651.9 MB
[runlim] sample:		3579.8 time, 3580.8 real, 651.9 MB
[runlim] sample:		3589.8 time, 3590.8 real, 651.9 MB
c Signal interruption.
[runlim] end:			Sun Aug 18 17:42:21 2024
[runlim] status:		out of time
[runlim] result:		2
[runlim] children:		0
[runlim] real:			3600.07 seconds
[runlim] time:			3599.09 seconds
[runlim] space:			1542.3 MB
[runlim] samples:		35993
