[runlim] version:		1.10
[runlim] time limit:		3600 seconds
[runlim] real time limit:	3600 seconds
[runlim] space limit:		30000 MB
[runlim] argv[0]:		/home/truongxuanhieu/AntiBandwidthReconstruct/build/abw_enc_symbreak_max_node
[runlim] argv[1]:		/home/truongxuanhieu/AntiBandwidthReconstruct/build/BenchmarksAdd/M-bcsstk06.mtx.rnd
[runlim] argv[2]:		--duplex
[runlim] start:			Mon Aug 19 04:10:21 2024
[runlim] main pid:		12477
[runlim] log captured:
c DuplexEncoder 0.8.
c Solving strategy: from LB to UB.
c LB-w = 28 (LB in Sinnl - A note on computational approaches for the antibandwidth problem).
c UB-w = 72 (UB in Sinnl - A note on computational approaches for the antibandwidth problem).
c Antibandwidth problem with w = 28 ( M-bcsstk06.mtx.rnd ):
c Initializing CaDiCaL (version 1.2.1).
c	Configuring CaDiCaL as --sat (1).
c Initializing a Duplex encoder with n = 420.
c Encoding starts with w = 28:
c	Labels and Vertices aux var: 32760
c	Labels and Vertices constraints:  445200
c	Obj k aux var: 635040
c	Obj k constraints: 7760700
c	Obj k glue staircase constraints: 5680440
c	Encoding duration: 2s
c	Number of clauses: 8206110
c	Number of irredundant clauses: 7859997
c	Number of variables: 844200
c SAT Solving starts:
c	Solving duration: 6231 ms
c	Answer: 
s SAT (w = 28)
c	Solution check:
p calculated antibandwidth = 28.
c
c
c Antibandwidth problem with w = 29 ( M-bcsstk06.mtx.rnd ):
c Initializing CaDiCaL (version 1.2.1).
c	Configuring CaDiCaL as --sat (1).
c Initializing a Duplex encoder with n = 420.
c Encoding starts with w = 29:
[runlim] sample:		10.0 time, 10.1 real, 893.2 MB
c	Labels and Vertices aux var: 32760
c	Labels and Vertices constraints:  445200
c	Obj k aux var: 645960
c	Obj k constraints: 7788420
c	Obj k glue staircase constraints: 5680440
c	Encoding duration: 2s
c	Number of clauses: 8233830
c	Number of irredundant clauses: 7887642
c	Number of variables: 855120
c SAT Solving starts:
[runlim] sample:		20.0 time, 20.1 real, 1185.2 MB
[runlim] sample:		30.0 time, 30.1 real, 1229.1 MB
[runlim] sample:		40.0 time, 40.1 real, 1434.6 MB
[runlim] sample:		50.0 time, 50.1 real, 1165.3 MB
[runlim] sample:		60.0 time, 60.1 real, 1231.2 MB
[runlim] sample:		70.0 time, 70.1 real, 1234.2 MB
[runlim] sample:		80.0 time, 80.1 real, 1234.2 MB
[runlim] sample:		90.0 time, 90.1 real, 1229.1 MB
[runlim] sample:		100.0 time, 100.1 real, 1284.3 MB
[runlim] sample:		110.0 time, 110.1 real, 1259.2 MB
c	Solving duration: 102652 ms
c	Answer: 
s SAT (w = 29)
c	Solution check:
p calculated antibandwidth = 29.
c
c
c Antibandwidth problem with w = 30 ( M-bcsstk06.mtx.rnd ):
c Initializing CaDiCaL (version 1.2.1).
c	Configuring CaDiCaL as --sat (1).
c Initializing a Duplex encoder with n = 420.
c Encoding starts with w = 30:
c	Labels and Vertices aux var: 32760
c	Labels and Vertices constraints:  439320
c	Obj k aux var: 633360
c	Obj k constraints: 7735380
c	Obj k glue staircase constraints: 5661840
c	Encoding duration: 2s
c	Number of clauses: 8174910
c	Number of irredundant clauses: 7829380
c	Number of variables: 842520
c SAT Solving starts:
[runlim] sample:		120.0 time, 120.1 real, 1168.6 MB
[runlim] sample:		130.0 time, 130.1 real, 1219.4 MB
[runlim] sample:		140.0 time, 140.1 real, 1193.6 MB
[runlim] sample:		150.0 time, 150.1 real, 1219.8 MB
[runlim] sample:		160.0 time, 160.1 real, 1184.4 MB
[runlim] sample:		170.0 time, 170.1 real, 1398.3 MB
[runlim] sample:		180.0 time, 180.1 real, 1234.7 MB
[runlim] sample:		190.0 time, 190.1 real, 1247.7 MB
[runlim] sample:		200.0 time, 200.1 real, 1235.4 MB
[runlim] sample:		210.0 time, 210.1 real, 1235.4 MB
[runlim] sample:		220.0 time, 220.1 real, 1232.2 MB
[runlim] sample:		230.0 time, 230.1 real, 1234.4 MB
[runlim] sample:		240.0 time, 240.1 real, 1432.0 MB
c	Solving duration: 127632 ms
c	Answer: 
s SAT (w = 30)
c	Solution check:
p calculated antibandwidth = 30.
c
c
c Antibandwidth problem with w = 31 ( M-bcsstk06.mtx.rnd ):
c Initializing CaDiCaL (version 1.2.1).
c	Configuring CaDiCaL as --sat (1).
c Initializing a Duplex encoder with n = 420.
c Encoding starts with w = 31:
c	Labels and Vertices aux var: 32760
c	Labels and Vertices constraints:  439320
c	Obj k aux var: 643440
c	Obj k constraints: 7761000
c	Obj k glue staircase constraints: 5661840
c	Encoding duration: 2s
c	Number of clauses: 8200530
c	Number of irredundant clauses: 7854874
c	Number of variables: 852600
c SAT Solving starts:
[runlim] sample:		250.0 time, 250.1 real, 1201.3 MB
[runlim] sample:		260.0 time, 260.1 real, 1252.2 MB
c	Solving duration: 14552 ms
c	Answer: 
s SAT (w = 31)
c	Solution check:
p calculated antibandwidth = 31.
c
c
c Antibandwidth problem with w = 32 ( M-bcsstk06.mtx.rnd ):
c Initializing CaDiCaL (version 1.2.1).
c	Configuring CaDiCaL as --sat (1).
c Initializing a Duplex encoder with n = 420.
c Encoding starts with w = 32:
c	Labels and Vertices aux var: 32760
c	Labels and Vertices constraints:  439320
c	Obj k aux var: 653520
c	Obj k constraints: 7770060
c	Obj k glue staircase constraints: 5646960
c	Encoding duration: 2s
c	Number of clauses: 8209590
c	Number of irredundant clauses: 7865175
c	Number of variables: 862680
c SAT Solving starts:
[runlim] sample:		270.0 time, 270.1 real, 1184.3 MB
[runlim] sample:		280.0 time, 280.1 real, 1388.1 MB
[runlim] sample:		290.0 time, 290.1 real, 1420.8 MB
[runlim] sample:		300.0 time, 300.1 real, 1242.1 MB
[runlim] sample:		310.0 time, 310.1 real, 1217.8 MB
[runlim] sample:		320.0 time, 320.1 real, 1218.6 MB
[runlim] sample:		330.0 time, 330.1 real, 1230.8 MB
[runlim] sample:		340.0 time, 340.1 real, 1267.1 MB
[runlim] sample:		350.0 time, 350.1 real, 1220.5 MB
[runlim] sample:		360.0 time, 360.1 real, 1244.3 MB
c	Solving duration: 103641 ms
c	Answer: 
s SAT (w = 32)
c	Solution check:
p calculated antibandwidth = 32.
c
c
c Antibandwidth problem with w = 33 ( M-bcsstk06.mtx.rnd ):
c Initializing CaDiCaL (version 1.2.1).
c	Configuring CaDiCaL as --sat (1).
c Initializing a Duplex encoder with n = 420.
c Encoding starts with w = 33:
[runlim] sample:		370.0 time, 370.1 real, 975.0 MB
c	Labels and Vertices aux var: 32760
c	Labels and Vertices constraints:  433860
c	Obj k aux var: 637560
c	Obj k constraints: 7725180
c	Obj k glue staircase constraints: 5643240
c	Encoding duration: 2s
c	Number of clauses: 8159250
c	Number of irredundant clauses: 7815713
c	Number of variables: 846720
c SAT Solving starts:
[runlim] sample:		380.0 time, 380.1 real, 1219.4 MB
[runlim] sample:		390.0 time, 390.1 real, 1221.6 MB
[runlim] sample:		400.0 time, 400.1 real, 1420.9 MB
[runlim] sample:		410.0 time, 410.1 real, 1208.0 MB
[runlim] sample:		420.0 time, 420.1 real, 1205.5 MB
[runlim] sample:		430.0 time, 430.1 real, 1400.5 MB
[runlim] sample:		440.0 time, 440.1 real, 1257.1 MB
[runlim] sample:		450.0 time, 450.1 real, 1393.6 MB
[runlim] sample:		460.0 time, 460.1 real, 1216.7 MB
[runlim] sample:		470.0 time, 470.1 real, 1247.3 MB
[runlim] sample:		480.0 time, 480.1 real, 1246.8 MB
[runlim] sample:		490.0 time, 490.1 real, 1245.2 MB
[runlim] sample:		500.0 time, 500.1 real, 1250.6 MB
[runlim] sample:		510.0 time, 510.1 real, 1243.4 MB
[runlim] sample:		520.0 time, 520.1 real, 1217.6 MB
[runlim] sample:		530.0 time, 530.1 real, 1254.4 MB
[runlim] sample:		540.0 time, 540.1 real, 1414.1 MB
[runlim] sample:		550.0 time, 550.1 real, 1231.8 MB
[runlim] sample:		560.0 time, 560.1 real, 1231.8 MB
[runlim] sample:		570.0 time, 570.1 real, 1225.3 MB
[runlim] sample:		580.0 time, 580.1 real, 1225.6 MB
[runlim] sample:		590.0 time, 590.1 real, 1256.4 MB
[runlim] sample:		600.0 time, 600.1 real, 1256.4 MB
c	Solving duration: 235266 ms
c	Answer: 
s SAT (w = 33)
c	Solution check:
p calculated antibandwidth = 33.
c
c
c Antibandwidth problem with w = 34 ( M-bcsstk06.mtx.rnd ):
c Initializing CaDiCaL (version 1.2.1).
c	Configuring CaDiCaL as --sat (1).
c Initializing a Duplex encoder with n = 420.
c Encoding starts with w = 34:
c	Labels and Vertices aux var: 32760
c	Labels and Vertices constraints:  433860
c	Obj k aux var: 646800
c	Obj k constraints: 7732140
c	Obj k glue staircase constraints: 5628360
c	Encoding duration: 2s
c	Number of clauses: 8166210
c	Number of irredundant clauses: 7823918
c	Number of variables: 855960
c SAT Solving starts:
[runlim] sample:		610.0 time, 610.1 real, 1026.9 MB
[runlim] sample:		620.0 time, 620.1 real, 1227.6 MB
[runlim] sample:		630.0 time, 630.1 real, 1229.6 MB
[runlim] sample:		640.0 time, 640.1 real, 1244.8 MB
[runlim] sample:		650.0 time, 650.1 real, 1219.7 MB
[runlim] sample:		660.0 time, 660.1 real, 1454.6 MB
[runlim] sample:		670.0 time, 670.1 real, 1251.8 MB
[runlim] sample:		680.0 time, 680.1 real, 1430.8 MB
[runlim] sample:		690.0 time, 690.1 real, 1252.2 MB
[runlim] sample:		700.0 time, 700.1 real, 1255.7 MB
[runlim] sample:		709.9 time, 710.1 real, 1253.6 MB
[runlim] sample:		720.0 time, 720.1 real, 1253.6 MB
[runlim] sample:		730.0 time, 730.1 real, 1255.1 MB
[runlim] sample:		739.9 time, 740.1 real, 1436.4 MB
[runlim] sample:		749.9 time, 750.1 real, 1256.4 MB
[runlim] sample:		759.9 time, 760.1 real, 1259.4 MB
[runlim] sample:		769.9 time, 770.1 real, 1264.2 MB
[runlim] sample:		779.9 time, 780.1 real, 1260.0 MB
[runlim] sample:		789.9 time, 790.1 real, 1257.1 MB
[runlim] sample:		799.9 time, 800.1 real, 1259.4 MB
[runlim] sample:		809.9 time, 810.1 real, 1256.4 MB
[runlim] sample:		819.9 time, 820.1 real, 1256.4 MB
[runlim] sample:		829.9 time, 830.1 real, 1265.7 MB
[runlim] sample:		839.9 time, 840.1 real, 1263.9 MB
[runlim] sample:		849.9 time, 850.1 real, 1266.9 MB
[runlim] sample:		859.9 time, 860.1 real, 1266.9 MB
[runlim] sample:		869.9 time, 870.1 real, 1264.7 MB
[runlim] sample:		879.9 time, 880.1 real, 1274.6 MB
[runlim] sample:		889.9 time, 890.1 real, 1274.6 MB
[runlim] sample:		899.9 time, 900.1 real, 1293.4 MB
[runlim] sample:		909.9 time, 910.1 real, 1270.6 MB
[runlim] sample:		919.9 time, 920.1 real, 1272.4 MB
[runlim] sample:		929.9 time, 930.1 real, 1272.4 MB
[runlim] sample:		939.9 time, 940.1 real, 1245.6 MB
[runlim] sample:		949.9 time, 950.1 real, 1458.3 MB
[runlim] sample:		959.9 time, 960.1 real, 1262.6 MB
[runlim] sample:		969.9 time, 970.1 real, 1267.5 MB
[runlim] sample:		979.9 time, 980.1 real, 1269.1 MB
[runlim] sample:		989.9 time, 990.1 real, 1269.1 MB
[runlim] sample:		999.9 time, 1000.1 real, 1271.4 MB
[runlim] sample:		1009.9 time, 1010.1 real, 1281.5 MB
[runlim] sample:		1019.9 time, 1020.1 real, 1281.5 MB
[runlim] sample:		1029.9 time, 1030.1 real, 1284.9 MB
[runlim] sample:		1039.9 time, 1040.1 real, 1284.9 MB
[runlim] sample:		1049.9 time, 1050.1 real, 1266.2 MB
[runlim] sample:		1059.8 time, 1060.1 real, 1279.7 MB
[runlim] sample:		1069.8 time, 1070.1 real, 1275.3 MB
[runlim] sample:		1079.8 time, 1080.1 real, 1275.3 MB
[runlim] sample:		1089.8 time, 1090.1 real, 1249.3 MB
[runlim] sample:		1099.8 time, 1100.1 real, 1249.3 MB
[runlim] sample:		1109.8 time, 1110.1 real, 1249.3 MB
[runlim] sample:		1119.8 time, 1120.1 real, 1423.8 MB
[runlim] sample:		1129.8 time, 1130.1 real, 1324.0 MB
[runlim] sample:		1139.8 time, 1140.1 real, 1324.0 MB
[runlim] sample:		1149.8 time, 1150.1 real, 1320.4 MB
[runlim] sample:		1159.8 time, 1160.1 real, 1320.4 MB
[runlim] sample:		1169.8 time, 1170.1 real, 1520.6 MB
[runlim] sample:		1179.8 time, 1180.1 real, 1252.8 MB
[runlim] sample:		1189.8 time, 1190.1 real, 1289.4 MB
[runlim] sample:		1199.8 time, 1200.1 real, 1289.4 MB
[runlim] sample:		1209.8 time, 1210.1 real, 1278.8 MB
[runlim] sample:		1219.8 time, 1220.1 real, 1255.1 MB
[runlim] sample:		1229.8 time, 1230.1 real, 1254.7 MB
[runlim] sample:		1239.8 time, 1240.1 real, 1254.7 MB
[runlim] sample:		1249.8 time, 1250.1 real, 1265.9 MB
[runlim] sample:		1259.8 time, 1260.1 real, 1257.4 MB
[runlim] sample:		1269.8 time, 1270.1 real, 1257.4 MB
[runlim] sample:		1279.8 time, 1280.1 real, 1259.8 MB
[runlim] sample:		1289.8 time, 1290.1 real, 1254.8 MB
[runlim] sample:		1299.8 time, 1300.1 real, 1255.3 MB
[runlim] sample:		1309.8 time, 1310.1 real, 1255.3 MB
[runlim] sample:		1319.8 time, 1320.1 real, 1255.9 MB
[runlim] sample:		1329.8 time, 1330.1 real, 1265.0 MB
[runlim] sample:		1339.8 time, 1340.1 real, 1265.0 MB
[runlim] sample:		1349.8 time, 1350.1 real, 1268.6 MB
[runlim] sample:		1359.8 time, 1360.1 real, 1239.9 MB
[runlim] sample:		1369.8 time, 1370.1 real, 1239.9 MB
[runlim] sample:		1379.8 time, 1380.1 real, 1263.8 MB
[runlim] sample:		1389.8 time, 1390.1 real, 1263.8 MB
[runlim] sample:		1399.8 time, 1400.1 real, 1272.1 MB
[runlim] sample:		1409.8 time, 1410.1 real, 1272.1 MB
[runlim] sample:		1419.8 time, 1420.1 real, 1266.6 MB
[runlim] sample:		1429.8 time, 1430.1 real, 1286.0 MB
[runlim] sample:		1439.8 time, 1440.1 real, 1286.0 MB
[runlim] sample:		1449.8 time, 1450.1 real, 1261.1 MB
[runlim] sample:		1459.8 time, 1460.1 real, 1261.1 MB
c	Solving duration: 855624 ms
c	Answer: 
s SAT (w = 34)
c	Solution check:
p calculated antibandwidth = 34.
c
c
c Antibandwidth problem with w = 35 ( M-bcsstk06.mtx.rnd ):
c Initializing CaDiCaL (version 1.2.1).
c	Configuring CaDiCaL as --sat (1).
c Initializing a Duplex encoder with n = 420.
c Encoding starts with w = 35:
c	Labels and Vertices aux var: 32760
c	Labels and Vertices constraints:  428820
c	Obj k aux var: 628320
c	Obj k constraints: 7664400
c	Obj k glue staircase constraints: 5609760
c	Encoding duration: 1s
c	Number of clauses: 8093430
c	Number of irredundant clauses: 7751481
c	Number of variables: 837480
c SAT Solving starts:
[runlim] sample:		1469.8 time, 1470.1 real, 1252.4 MB
[runlim] sample:		1479.8 time, 1480.1 real, 1339.2 MB
[runlim] sample:		1489.8 time, 1490.1 real, 1247.7 MB
[runlim] sample:		1499.8 time, 1500.1 real, 1247.4 MB
[runlim] sample:		1509.8 time, 1510.1 real, 1248.3 MB
[runlim] sample:		1519.8 time, 1520.1 real, 1244.8 MB
[runlim] sample:		1529.8 time, 1530.1 real, 1246.4 MB
[runlim] sample:		1539.8 time, 1540.1 real, 1247.2 MB
[runlim] sample:		1549.8 time, 1550.1 real, 1245.7 MB
[runlim] sample:		1559.8 time, 1560.1 real, 1245.7 MB
[runlim] sample:		1569.8 time, 1570.1 real, 1245.7 MB
[runlim] sample:		1579.8 time, 1580.1 real, 1246.7 MB
[runlim] sample:		1589.8 time, 1590.1 real, 1202.0 MB
[runlim] sample:		1599.8 time, 1600.1 real, 1200.2 MB
[runlim] sample:		1609.8 time, 1610.1 real, 1211.5 MB
[runlim] sample:		1619.8 time, 1620.1 real, 1202.6 MB
[runlim] sample:		1629.8 time, 1630.1 real, 1210.5 MB
[runlim] sample:		1639.8 time, 1640.1 real, 1205.3 MB
[runlim] sample:		1649.8 time, 1650.1 real, 1387.3 MB
[runlim] sample:		1659.8 time, 1660.1 real, 1205.4 MB
[runlim] sample:		1669.8 time, 1670.1 real, 1205.9 MB
[runlim] sample:		1679.8 time, 1680.1 real, 1205.9 MB
[runlim] sample:		1689.8 time, 1690.1 real, 1203.7 MB
[runlim] sample:		1699.8 time, 1700.1 real, 1203.7 MB
[runlim] sample:		1709.8 time, 1710.1 real, 1217.1 MB
[runlim] sample:		1719.8 time, 1720.1 real, 1211.0 MB
[runlim] sample:		1729.8 time, 1730.1 real, 1245.9 MB
[runlim] sample:		1739.8 time, 1740.1 real, 1211.1 MB
[runlim] sample:		1749.8 time, 1750.1 real, 1211.1 MB
[runlim] sample:		1759.8 time, 1760.1 real, 1204.9 MB
[runlim] sample:		1769.8 time, 1770.1 real, 1213.2 MB
[runlim] sample:		1779.8 time, 1780.1 real, 1220.6 MB
[runlim] sample:		1789.8 time, 1790.1 real, 1220.6 MB
[runlim] sample:		1799.8 time, 1800.1 real, 1217.5 MB
[runlim] sample:		1809.8 time, 1810.1 real, 1225.3 MB
[runlim] sample:		1819.8 time, 1820.1 real, 1217.8 MB
[runlim] sample:		1829.8 time, 1830.1 real, 1217.8 MB
[runlim] sample:		1839.8 time, 1840.1 real, 1230.3 MB
[runlim] sample:		1849.8 time, 1850.1 real, 1214.8 MB
[runlim] sample:		1859.8 time, 1860.1 real, 1213.6 MB
[runlim] sample:		1869.8 time, 1870.1 real, 1213.6 MB
[runlim] sample:		1879.8 time, 1880.1 real, 1271.3 MB
[runlim] sample:		1889.8 time, 1890.1 real, 1272.6 MB
[runlim] sample:		1899.8 time, 1900.1 real, 1263.4 MB
[runlim] sample:		1909.8 time, 1910.1 real, 1263.4 MB
[runlim] sample:		1919.8 time, 1920.1 real, 1227.8 MB
[runlim] sample:		1929.8 time, 1930.1 real, 1227.8 MB
[runlim] sample:		1939.8 time, 1940.1 real, 1223.3 MB
[runlim] sample:		1949.8 time, 1950.1 real, 1233.6 MB
[runlim] sample:		1959.8 time, 1960.1 real, 1233.6 MB
[runlim] sample:		1969.8 time, 1970.1 real, 1236.4 MB
[runlim] sample:		1979.8 time, 1980.1 real, 1219.5 MB
[runlim] sample:		1989.8 time, 1990.1 real, 1232.8 MB
[runlim] sample:		1999.8 time, 2000.1 real, 1232.8 MB
[runlim] sample:		2009.8 time, 2010.1 real, 1475.7 MB
[runlim] sample:		2019.8 time, 2020.1 real, 1217.6 MB
[runlim] sample:		2029.8 time, 2030.1 real, 1234.7 MB
[runlim] sample:		2039.8 time, 2040.1 real, 1234.7 MB
[runlim] sample:		2049.8 time, 2050.1 real, 1230.7 MB
[runlim] sample:		2059.8 time, 2060.1 real, 1250.1 MB
[runlim] sample:		2069.8 time, 2070.1 real, 1245.6 MB
[runlim] sample:		2079.8 time, 2080.1 real, 1247.0 MB
[runlim] sample:		2089.8 time, 2090.1 real, 1247.0 MB
[runlim] sample:		2099.8 time, 2100.1 real, 1275.7 MB
[runlim] sample:		2109.8 time, 2110.1 real, 1216.1 MB
[runlim] sample:		2119.8 time, 2120.1 real, 1260.7 MB
[runlim] sample:		2129.8 time, 2130.1 real, 1268.7 MB
[runlim] sample:		2139.8 time, 2140.1 real, 1268.7 MB
[runlim] sample:		2149.8 time, 2150.1 real, 1273.0 MB
[runlim] sample:		2159.8 time, 2160.1 real, 1285.8 MB
[runlim] sample:		2169.8 time, 2170.1 real, 1285.8 MB
[runlim] sample:		2179.8 time, 2180.1 real, 1265.8 MB
[runlim] sample:		2189.8 time, 2190.1 real, 1278.6 MB
[runlim] sample:		2199.8 time, 2200.1 real, 1278.6 MB
[runlim] sample:		2209.8 time, 2210.1 real, 1280.7 MB
[runlim] sample:		2219.8 time, 2220.1 real, 1291.3 MB
[runlim] sample:		2229.8 time, 2230.1 real, 1291.3 MB
[runlim] sample:		2239.8 time, 2240.1 real, 1291.3 MB
[runlim] sample:		2249.8 time, 2250.1 real, 1326.3 MB
[runlim] sample:		2259.8 time, 2260.1 real, 1271.6 MB
[runlim] sample:		2269.8 time, 2270.1 real, 1262.3 MB
[runlim] sample:		2279.8 time, 2280.1 real, 1469.2 MB
[runlim] sample:		2289.8 time, 2290.1 real, 1279.0 MB
[runlim] sample:		2299.8 time, 2300.1 real, 1279.0 MB
[runlim] sample:		2309.8 time, 2310.1 real, 1263.9 MB
[runlim] sample:		2319.8 time, 2320.1 real, 1308.8 MB
[runlim] sample:		2329.8 time, 2330.1 real, 1308.8 MB
[runlim] sample:		2339.8 time, 2340.1 real, 1274.1 MB
[runlim] sample:		2349.8 time, 2350.1 real, 1274.1 MB
[runlim] sample:		2359.8 time, 2360.1 real, 1309.8 MB
[runlim] sample:		2369.8 time, 2370.1 real, 1309.8 MB
[runlim] sample:		2379.8 time, 2380.1 real, 1286.8 MB
[runlim] sample:		2389.8 time, 2390.1 real, 1286.8 MB
[runlim] sample:		2399.8 time, 2400.1 real, 1286.0 MB
[runlim] sample:		2409.8 time, 2410.1 real, 1271.7 MB
[runlim] sample:		2419.8 time, 2420.1 real, 1271.7 MB
[runlim] sample:		2429.8 time, 2430.1 real, 1277.6 MB
[runlim] sample:		2439.8 time, 2440.1 real, 1277.6 MB
[runlim] sample:		2449.8 time, 2450.1 real, 1300.8 MB
[runlim] sample:		2459.8 time, 2460.1 real, 1300.8 MB
[runlim] sample:		2469.8 time, 2470.1 real, 1385.3 MB
[runlim] sample:		2479.8 time, 2480.1 real, 1385.3 MB
[runlim] sample:		2489.8 time, 2490.1 real, 1277.5 MB
[runlim] sample:		2499.8 time, 2500.1 real, 1277.5 MB
[runlim] sample:		2509.8 time, 2510.1 real, 1282.2 MB
[runlim] sample:		2519.8 time, 2520.1 real, 1234.5 MB
[runlim] sample:		2529.8 time, 2530.1 real, 1234.5 MB
[runlim] sample:		2539.8 time, 2540.1 real, 1236.5 MB
[runlim] sample:		2549.8 time, 2550.1 real, 1236.5 MB
[runlim] sample:		2559.8 time, 2560.1 real, 1260.6 MB
[runlim] sample:		2569.8 time, 2570.1 real, 1260.6 MB
[runlim] sample:		2579.8 time, 2580.1 real, 1235.7 MB
[runlim] sample:		2589.8 time, 2590.1 real, 1230.3 MB
[runlim] sample:		2599.8 time, 2600.1 real, 1230.3 MB
[runlim] sample:		2609.8 time, 2610.1 real, 1501.9 MB
[runlim] sample:		2619.8 time, 2620.1 real, 1301.0 MB
[runlim] sample:		2629.8 time, 2630.1 real, 1301.0 MB
[runlim] sample:		2639.8 time, 2640.1 real, 1324.8 MB
[runlim] sample:		2649.8 time, 2650.1 real, 1346.3 MB
[runlim] sample:		2659.8 time, 2660.1 real, 1346.3 MB
[runlim] sample:		2669.8 time, 2670.1 real, 1271.3 MB
[runlim] sample:		2679.8 time, 2680.1 real, 1271.3 MB
[runlim] sample:		2689.8 time, 2690.1 real, 1260.2 MB
[runlim] sample:		2699.8 time, 2700.1 real, 1260.2 MB
[runlim] sample:		2709.8 time, 2710.1 real, 1274.2 MB
[runlim] sample:		2719.8 time, 2720.1 real, 1274.2 MB
[runlim] sample:		2729.8 time, 2730.1 real, 1301.1 MB
[runlim] sample:		2739.8 time, 2740.1 real, 1301.1 MB
[runlim] sample:		2749.8 time, 2750.1 real, 1262.0 MB
[runlim] sample:		2759.8 time, 2760.1 real, 1262.8 MB
[runlim] sample:		2769.8 time, 2770.1 real, 1262.8 MB
[runlim] sample:		2779.8 time, 2780.1 real, 1262.8 MB
[runlim] sample:		2789.8 time, 2790.1 real, 1258.5 MB
[runlim] sample:		2799.8 time, 2800.1 real, 1258.5 MB
[runlim] sample:		2809.8 time, 2810.1 real, 1263.6 MB
[runlim] sample:		2819.8 time, 2820.1 real, 1263.6 MB
[runlim] sample:		2829.8 time, 2830.1 real, 1245.1 MB
[runlim] sample:		2839.8 time, 2840.1 real, 1245.1 MB
[runlim] sample:		2849.8 time, 2850.1 real, 1471.5 MB
[runlim] sample:		2859.8 time, 2860.1 real, 1256.7 MB
[runlim] sample:		2869.8 time, 2870.1 real, 1484.3 MB
[runlim] sample:		2879.8 time, 2880.1 real, 1271.9 MB
[runlim] sample:		2889.8 time, 2890.1 real, 1241.8 MB
[runlim] sample:		2899.8 time, 2900.1 real, 1276.6 MB
[runlim] sample:		2909.8 time, 2910.1 real, 1276.6 MB
[runlim] sample:		2919.8 time, 2920.1 real, 1317.9 MB
[runlim] sample:		2929.8 time, 2930.1 real, 1317.9 MB
[runlim] sample:		2939.8 time, 2940.1 real, 1314.6 MB
[runlim] sample:		2949.8 time, 2950.1 real, 1314.6 MB
[runlim] sample:		2959.8 time, 2960.1 real, 1314.6 MB
[runlim] sample:		2969.7 time, 2970.1 real, 1279.8 MB
[runlim] sample:		2979.7 time, 2980.1 real, 1279.8 MB
[runlim] sample:		2989.7 time, 2990.1 real, 1279.8 MB
[runlim] sample:		2999.8 time, 3000.1 real, 1312.3 MB
[runlim] sample:		3009.7 time, 3010.1 real, 1312.3 MB
[runlim] sample:		3019.7 time, 3020.1 real, 1316.3 MB
[runlim] sample:		3029.7 time, 3030.1 real, 1316.3 MB
[runlim] sample:		3039.7 time, 3040.1 real, 1316.3 MB
[runlim] sample:		3049.7 time, 3050.1 real, 1283.7 MB
[runlim] sample:		3059.7 time, 3060.1 real, 1325.3 MB
[runlim] sample:		3069.7 time, 3070.1 real, 1325.3 MB
[runlim] sample:		3079.7 time, 3080.1 real, 1336.5 MB
[runlim] sample:		3089.7 time, 3090.1 real, 1258.0 MB
[runlim] sample:		3099.7 time, 3100.1 real, 1258.0 MB
[runlim] sample:		3109.7 time, 3110.1 real, 1288.4 MB
[runlim] sample:		3119.7 time, 3120.1 real, 1288.4 MB
[runlim] sample:		3129.7 time, 3130.1 real, 1288.4 MB
[runlim] sample:		3139.7 time, 3140.1 real, 1288.4 MB
[runlim] sample:		3149.7 time, 3150.1 real, 1288.4 MB
[runlim] sample:		3159.7 time, 3160.1 real, 1287.9 MB
[runlim] sample:		3169.7 time, 3170.1 real, 1287.9 MB
[runlim] sample:		3179.7 time, 3180.1 real, 1287.9 MB
[runlim] sample:		3189.7 time, 3190.1 real, 1267.7 MB
[runlim] sample:		3199.7 time, 3200.1 real, 1267.7 MB
[runlim] sample:		3209.7 time, 3210.1 real, 1282.8 MB
[runlim] sample:		3219.7 time, 3220.1 real, 1329.7 MB
[runlim] sample:		3229.7 time, 3230.1 real, 1329.7 MB
[runlim] sample:		3239.7 time, 3240.1 real, 1329.7 MB
[runlim] sample:		3249.7 time, 3250.1 real, 1329.9 MB
[runlim] sample:		3259.7 time, 3260.1 real, 1329.9 MB
[runlim] sample:		3269.7 time, 3270.1 real, 1296.9 MB
[runlim] sample:		3279.7 time, 3280.1 real, 1296.9 MB
[runlim] sample:		3289.7 time, 3290.1 real, 1308.4 MB
[runlim] sample:		3299.7 time, 3300.1 real, 1308.4 MB
[runlim] sample:		3309.7 time, 3310.1 real, 1351.4 MB
[runlim] sample:		3319.7 time, 3320.1 real, 1351.4 MB
[runlim] sample:		3329.7 time, 3330.1 real, 1351.4 MB
[runlim] sample:		3339.7 time, 3340.1 real, 1593.2 MB
[runlim] sample:		3349.7 time, 3350.1 real, 1327.0 MB
[runlim] sample:		3359.7 time, 3360.1 real, 1262.7 MB
[runlim] sample:		3369.7 time, 3370.1 real, 1262.7 MB
[runlim] sample:		3379.7 time, 3380.1 real, 1262.7 MB
[runlim] sample:		3389.7 time, 3390.1 real, 1276.9 MB
[runlim] sample:		3399.7 time, 3400.1 real, 1276.9 MB
[runlim] sample:		3409.7 time, 3410.1 real, 1304.5 MB
[runlim] sample:		3419.7 time, 3420.1 real, 1304.5 MB
[runlim] sample:		3429.7 time, 3430.1 real, 1304.5 MB
[runlim] sample:		3439.7 time, 3440.1 real, 1320.2 MB
[runlim] sample:		3449.7 time, 3450.1 real, 1320.2 MB
[runlim] sample:		3459.7 time, 3460.1 real, 1327.1 MB
[runlim] sample:		3469.7 time, 3470.1 real, 1327.1 MB
[runlim] sample:		3479.7 time, 3480.1 real, 1613.2 MB
[runlim] sample:		3489.7 time, 3490.1 real, 1301.5 MB
[runlim] sample:		3499.7 time, 3500.1 real, 1301.5 MB
[runlim] sample:		3509.7 time, 3510.1 real, 1301.5 MB
[runlim] sample:		3519.7 time, 3520.1 real, 1346.0 MB
[runlim] sample:		3529.7 time, 3530.1 real, 1346.0 MB
[runlim] sample:		3539.7 time, 3540.1 real, 1354.9 MB
[runlim] sample:		3549.7 time, 3550.1 real, 1354.9 MB
[runlim] sample:		3559.7 time, 3560.1 real, 1337.5 MB
[runlim] sample:		3569.7 time, 3570.1 real, 1337.5 MB
[runlim] sample:		3579.7 time, 3580.1 real, 1337.5 MB
[runlim] sample:		3589.7 time, 3590.1 real, 1336.9 MB
[runlim] sample:		3599.7 time, 3600.1 real, 1336.9 MB
c Signal interruption.
[runlim] end:			Mon Aug 19 05:10:21 2024
[runlim] status:		out of time
[runlim] result:		2
[runlim] children:		0
[runlim] real:			3600.11 seconds
[runlim] time:			3599.73 seconds
[runlim] space:			1753.9 MB
[runlim] samples:		36000
