[runlim] version:		1.10
[runlim] time limit:		3600 seconds
[runlim] real time limit:	3600 seconds
[runlim] space limit:		30000 MB
[runlim] argv[0]:		/home/truongxuanhieu/AntiBandwidthReconstruct/build/abw_enc_symbreak_max_node
[runlim] argv[1]:		/home/truongxuanhieu/AntiBandwidthReconstruct/build/BenchmarksAdd/N-bcsstk07.mtx.rnd
[runlim] argv[2]:		--duplex
[runlim] start:			Mon Aug 19 03:10:21 2024
[runlim] main pid:		10168
[runlim] log captured:
c DuplexEncoder 0.8.
c Solving strategy: from LB to UB.
c LB-w = 28 (LB in Sinnl - A note on computational approaches for the antibandwidth problem).
c UB-w = 72 (UB in Sinnl - A note on computational approaches for the antibandwidth problem).
c Antibandwidth problem with w = 28 ( N-bcsstk07.mtx.rnd ):
c Initializing CaDiCaL (version 1.2.1).
c	Configuring CaDiCaL as --sat (1).
c Initializing a Duplex encoder with n = 420.
c Encoding starts with w = 28:
c	Labels and Vertices aux var: 32760
c	Labels and Vertices constraints:  445200
c	Obj k aux var: 635040
c	Obj k constraints: 7760700
c	Obj k glue staircase constraints: 5680440
c	Encoding duration: 2s
c	Number of clauses: 8206110
c	Number of irredundant clauses: 7859997
c	Number of variables: 844200
c SAT Solving starts:
c	Solving duration: 6219 ms
c	Answer: 
s SAT (w = 28)
c	Solution check:
p calculated antibandwidth = 28.
c
c
c Antibandwidth problem with w = 29 ( N-bcsstk07.mtx.rnd ):
c Initializing CaDiCaL (version 1.2.1).
c	Configuring CaDiCaL as --sat (1).
c Initializing a Duplex encoder with n = 420.
c Encoding starts with w = 29:
[runlim] sample:		10.0 time, 10.4 real, 893.9 MB
c	Labels and Vertices aux var: 32760
c	Labels and Vertices constraints:  445200
c	Obj k aux var: 645960
c	Obj k constraints: 7788420
c	Obj k glue staircase constraints: 5680440
c	Encoding duration: 2s
c	Number of clauses: 8233830
c	Number of irredundant clauses: 7887642
c	Number of variables: 855120
c SAT Solving starts:
[runlim] sample:		20.0 time, 20.4 real, 1188.2 MB
[runlim] sample:		30.0 time, 30.4 real, 1229.4 MB
[runlim] sample:		40.0 time, 40.4 real, 1434.6 MB
[runlim] sample:		50.0 time, 50.4 real, 1249.3 MB
[runlim] sample:		60.0 time, 60.4 real, 1231.6 MB
[runlim] sample:		70.0 time, 70.4 real, 1234.4 MB
[runlim] sample:		80.0 time, 80.4 real, 1234.4 MB
[runlim] sample:		90.0 time, 90.4 real, 1290.8 MB
[runlim] sample:		100.0 time, 100.4 real, 1259.4 MB
[runlim] sample:		110.0 time, 110.4 real, 1439.1 MB
c	Solving duration: 101618 ms
c	Answer: 
s SAT (w = 29)
c	Solution check:
p calculated antibandwidth = 29.
c
c
c Antibandwidth problem with w = 30 ( N-bcsstk07.mtx.rnd ):
c Initializing CaDiCaL (version 1.2.1).
c	Configuring CaDiCaL as --sat (1).
c Initializing a Duplex encoder with n = 420.
c Encoding starts with w = 30:
c	Labels and Vertices aux var: 32760
c	Labels and Vertices constraints:  439320
c	Obj k aux var: 633360
c	Obj k constraints: 7735380
c	Obj k glue staircase constraints: 5661840
c	Encoding duration: 2s
c	Number of clauses: 8174910
c	Number of irredundant clauses: 7829380
c	Number of variables: 842520
c SAT Solving starts:
[runlim] sample:		120.0 time, 120.4 real, 1344.6 MB
[runlim] sample:		130.0 time, 130.4 real, 1217.7 MB
[runlim] sample:		140.0 time, 140.4 real, 1217.7 MB
[runlim] sample:		150.0 time, 150.4 real, 1220.1 MB
[runlim] sample:		160.0 time, 160.4 real, 1208.6 MB
[runlim] sample:		170.0 time, 170.4 real, 1221.1 MB
[runlim] sample:		180.0 time, 180.4 real, 1235.0 MB
[runlim] sample:		190.0 time, 190.4 real, 1248.0 MB
[runlim] sample:		200.0 time, 200.4 real, 1209.7 MB
[runlim] sample:		210.0 time, 210.4 real, 1209.7 MB
[runlim] sample:		220.0 time, 220.4 real, 1232.4 MB
[runlim] sample:		230.0 time, 230.4 real, 1234.7 MB
[runlim] sample:		240.0 time, 240.4 real, 1252.5 MB
c	Solving duration: 126347 ms
c	Answer: 
s SAT (w = 30)
c	Solution check:
p calculated antibandwidth = 30.
c
c
c Antibandwidth problem with w = 31 ( N-bcsstk07.mtx.rnd ):
c Initializing CaDiCaL (version 1.2.1).
c	Configuring CaDiCaL as --sat (1).
c Initializing a Duplex encoder with n = 420.
c Encoding starts with w = 31:
c	Labels and Vertices aux var: 32760
c	Labels and Vertices constraints:  439320
c	Obj k aux var: 643440
c	Obj k constraints: 7761000
c	Obj k glue staircase constraints: 5661840
c	Encoding duration: 2s
c	Number of clauses: 8200530
c	Number of irredundant clauses: 7854874
c	Number of variables: 852600
c SAT Solving starts:
[runlim] sample:		250.0 time, 250.4 real, 1235.6 MB
c	Solving duration: 14310 ms
c	Answer: 
s SAT (w = 31)
c	Solution check:
p calculated antibandwidth = 31.
c
c
c Antibandwidth problem with w = 32 ( N-bcsstk07.mtx.rnd ):
c Initializing CaDiCaL (version 1.2.1).
c	Configuring CaDiCaL as --sat (1).
c Initializing a Duplex encoder with n = 420.
c Encoding starts with w = 32:
[runlim] sample:		260.0 time, 260.4 real, 926.9 MB
c	Labels and Vertices aux var: 32760
c	Labels and Vertices constraints:  439320
c	Obj k aux var: 653520
c	Obj k constraints: 7770060
c	Obj k glue staircase constraints: 5646960
c	Encoding duration: 2s
c	Number of clauses: 8209590
c	Number of irredundant clauses: 7865175
c	Number of variables: 862680
c SAT Solving starts:
[runlim] sample:		270.0 time, 270.4 real, 1192.7 MB
[runlim] sample:		280.0 time, 280.4 real, 1243.2 MB
[runlim] sample:		290.0 time, 290.4 real, 1418.8 MB
[runlim] sample:		300.0 time, 300.4 real, 1242.3 MB
[runlim] sample:		310.0 time, 310.4 real, 1227.9 MB
[runlim] sample:		320.0 time, 320.4 real, 1408.4 MB
[runlim] sample:		330.0 time, 330.4 real, 1231.0 MB
[runlim] sample:		340.0 time, 340.4 real, 1267.3 MB
[runlim] sample:		350.0 time, 350.4 real, 1220.6 MB
[runlim] sample:		360.0 time, 360.4 real, 1490.6 MB
c	Solving duration: 104521 ms
c	Answer: 
s SAT (w = 32)
c	Solution check:
p calculated antibandwidth = 32.
c
c
c Antibandwidth problem with w = 33 ( N-bcsstk07.mtx.rnd ):
c Initializing CaDiCaL (version 1.2.1).
c	Configuring CaDiCaL as --sat (1).
c Initializing a Duplex encoder with n = 420.
c Encoding starts with w = 33:
c	Labels and Vertices aux var: 32760
c	Labels and Vertices constraints:  433860
c	Obj k aux var: 637560
c	Obj k constraints: 7725180
c	Obj k glue staircase constraints: 5643240
c	Encoding duration: 2s
c	Number of clauses: 8159250
c	Number of irredundant clauses: 7815713
c	Number of variables: 846720
c SAT Solving starts:
[runlim] sample:		370.0 time, 370.4 real, 1035.1 MB
[runlim] sample:		380.0 time, 380.4 real, 1220.3 MB
[runlim] sample:		390.0 time, 390.4 real, 1222.3 MB
[runlim] sample:		400.0 time, 400.4 real, 1244.3 MB
[runlim] sample:		410.0 time, 410.4 real, 1208.6 MB
[runlim] sample:		420.0 time, 420.4 real, 1206.1 MB
[runlim] sample:		430.0 time, 430.4 real, 1222.9 MB
[runlim] sample:		440.0 time, 440.4 real, 1231.9 MB
[runlim] sample:		450.0 time, 450.4 real, 1217.5 MB
[runlim] sample:		460.0 time, 460.4 real, 1217.3 MB
[runlim] sample:		470.0 time, 470.4 real, 1248.0 MB
[runlim] sample:		480.0 time, 480.4 real, 1428.0 MB
[runlim] sample:		490.0 time, 490.4 real, 1220.0 MB
[runlim] sample:		500.0 time, 500.4 real, 1251.2 MB
[runlim] sample:		510.0 time, 510.4 real, 1244.1 MB
[runlim] sample:		520.0 time, 520.4 real, 1218.1 MB
[runlim] sample:		530.0 time, 530.4 real, 1253.1 MB
[runlim] sample:		540.0 time, 540.4 real, 1227.1 MB
[runlim] sample:		550.0 time, 550.4 real, 1230.4 MB
[runlim] sample:		560.0 time, 560.4 real, 1230.4 MB
[runlim] sample:		570.0 time, 570.4 real, 1225.9 MB
[runlim] sample:		580.0 time, 580.4 real, 1225.9 MB
[runlim] sample:		590.0 time, 590.4 real, 1226.2 MB
[runlim] sample:		600.0 time, 600.4 real, 1231.2 MB
[runlim] sample:		610.0 time, 610.4 real, 1257.2 MB
c	Solving duration: 247666 ms
c	Answer: 
s SAT (w = 33)
c	Solution check:
p calculated antibandwidth = 33.
c
c
c Antibandwidth problem with w = 34 ( N-bcsstk07.mtx.rnd ):
c Initializing CaDiCaL (version 1.2.1).
c	Configuring CaDiCaL as --sat (1).
c Initializing a Duplex encoder with n = 420.
c Encoding starts with w = 34:
c	Labels and Vertices aux var: 32760
c	Labels and Vertices constraints:  433860
c	Obj k aux var: 646800
c	Obj k constraints: 7732140
c	Obj k glue staircase constraints: 5628360
c	Encoding duration: 2s
c	Number of clauses: 8166210
c	Number of irredundant clauses: 7823918
c	Number of variables: 855960
c SAT Solving starts:
[runlim] sample:		620.0 time, 620.4 real, 1029.5 MB
[runlim] sample:		630.0 time, 630.4 real, 1227.7 MB
[runlim] sample:		640.0 time, 640.4 real, 1229.7 MB
[runlim] sample:		650.0 time, 650.4 real, 1245.8 MB
[runlim] sample:		660.0 time, 660.4 real, 1244.0 MB
[runlim] sample:		670.0 time, 670.4 real, 1244.9 MB
[runlim] sample:		680.0 time, 680.4 real, 1249.9 MB
[runlim] sample:		690.0 time, 690.4 real, 1250.4 MB
[runlim] sample:		699.9 time, 700.4 real, 1250.3 MB
[runlim] sample:		710.0 time, 710.4 real, 1253.9 MB
[runlim] sample:		720.0 time, 720.4 real, 1251.8 MB
[runlim] sample:		729.9 time, 730.4 real, 1251.7 MB
[runlim] sample:		739.9 time, 740.4 real, 1253.3 MB
[runlim] sample:		749.9 time, 750.4 real, 1253.6 MB
[runlim] sample:		759.9 time, 760.4 real, 1254.5 MB
[runlim] sample:		769.9 time, 770.4 real, 1257.6 MB
[runlim] sample:		779.9 time, 780.4 real, 1262.5 MB
[runlim] sample:		789.9 time, 790.4 real, 1258.1 MB
[runlim] sample:		799.9 time, 800.4 real, 1255.3 MB
[runlim] sample:		809.9 time, 810.4 real, 1257.6 MB
[runlim] sample:		819.9 time, 820.4 real, 1254.5 MB
[runlim] sample:		829.9 time, 830.4 real, 1254.5 MB
[runlim] sample:		839.9 time, 840.4 real, 1263.9 MB
[runlim] sample:		849.9 time, 850.4 real, 1262.1 MB
[runlim] sample:		859.9 time, 860.4 real, 1265.0 MB
[runlim] sample:		869.9 time, 870.4 real, 1265.0 MB
[runlim] sample:		879.9 time, 880.4 real, 1263.0 MB
[runlim] sample:		889.9 time, 890.4 real, 1272.9 MB
[runlim] sample:		899.9 time, 900.4 real, 1291.6 MB
[runlim] sample:		909.9 time, 910.4 real, 1291.5 MB
[runlim] sample:		919.9 time, 920.4 real, 1268.8 MB
[runlim] sample:		929.9 time, 930.4 real, 1270.5 MB
[runlim] sample:		939.9 time, 940.4 real, 1270.5 MB
[runlim] sample:		949.9 time, 950.4 real, 1270.0 MB
[runlim] sample:		959.9 time, 960.4 real, 1260.8 MB
[runlim] sample:		969.9 time, 970.4 real, 1260.7 MB
[runlim] sample:		979.9 time, 980.4 real, 1265.8 MB
[runlim] sample:		989.9 time, 990.4 real, 1267.4 MB
[runlim] sample:		999.9 time, 1000.4 real, 1267.2 MB
[runlim] sample:		1009.9 time, 1010.4 real, 1269.6 MB
[runlim] sample:		1019.9 time, 1020.4 real, 1279.7 MB
[runlim] sample:		1029.9 time, 1030.4 real, 1279.7 MB
[runlim] sample:		1039.9 time, 1040.4 real, 1283.0 MB
[runlim] sample:		1049.9 time, 1050.4 real, 1283.0 MB
[runlim] sample:		1059.9 time, 1060.4 real, 1264.4 MB
[runlim] sample:		1069.9 time, 1070.4 real, 1253.6 MB
[runlim] sample:		1079.9 time, 1080.4 real, 1273.6 MB
[runlim] sample:		1089.9 time, 1090.4 real, 1468.0 MB
[runlim] sample:		1099.9 time, 1100.4 real, 1247.4 MB
[runlim] sample:		1109.9 time, 1110.4 real, 1247.4 MB
[runlim] sample:		1119.9 time, 1120.4 real, 1247.4 MB
[runlim] sample:		1129.9 time, 1130.4 real, 1423.9 MB
[runlim] sample:		1139.9 time, 1140.4 real, 1324.1 MB
[runlim] sample:		1149.9 time, 1150.4 real, 1324.1 MB
[runlim] sample:		1159.9 time, 1160.4 real, 1320.5 MB
[runlim] sample:		1169.9 time, 1170.4 real, 1320.5 MB
[runlim] sample:		1179.9 time, 1180.4 real, 1252.9 MB
[runlim] sample:		1189.9 time, 1190.4 real, 1252.9 MB
[runlim] sample:		1199.9 time, 1200.4 real, 1289.5 MB
[runlim] sample:		1209.9 time, 1210.4 real, 1289.5 MB
[runlim] sample:		1219.9 time, 1220.4 real, 1278.9 MB
[runlim] sample:		1229.9 time, 1230.4 real, 1255.2 MB
[runlim] sample:		1239.9 time, 1240.4 real, 1254.8 MB
[runlim] sample:		1249.9 time, 1250.4 real, 1254.8 MB
[runlim] sample:		1259.9 time, 1260.4 real, 1266.0 MB
[runlim] sample:		1269.9 time, 1270.4 real, 1257.5 MB
[runlim] sample:		1279.9 time, 1280.4 real, 1257.5 MB
[runlim] sample:		1289.9 time, 1290.4 real, 1259.9 MB
[runlim] sample:		1299.9 time, 1300.4 real, 1254.9 MB
[runlim] sample:		1309.9 time, 1310.4 real, 1279.7 MB
[runlim] sample:		1319.9 time, 1320.4 real, 1255.4 MB
[runlim] sample:		1329.9 time, 1330.4 real, 1256.0 MB
[runlim] sample:		1339.9 time, 1340.4 real, 1265.1 MB
[runlim] sample:		1349.9 time, 1350.4 real, 1265.1 MB
[runlim] sample:		1359.9 time, 1360.4 real, 1268.7 MB
[runlim] sample:		1369.9 time, 1370.4 real, 1478.2 MB
[runlim] sample:		1379.9 time, 1380.4 real, 1240.1 MB
[runlim] sample:		1389.9 time, 1390.4 real, 1263.9 MB
[runlim] sample:		1399.9 time, 1400.4 real, 1263.9 MB
[runlim] sample:		1409.9 time, 1410.4 real, 1272.3 MB
[runlim] sample:		1419.9 time, 1420.4 real, 1272.3 MB
[runlim] sample:		1429.9 time, 1430.4 real, 1266.8 MB
[runlim] sample:		1439.9 time, 1440.4 real, 1285.8 MB
[runlim] sample:		1449.9 time, 1450.4 real, 1284.1 MB
[runlim] sample:		1459.9 time, 1460.4 real, 1259.3 MB
[runlim] sample:		1469.9 time, 1470.4 real, 1259.3 MB
c	Solving duration: 857426 ms
c	Answer: 
s SAT (w = 34)
c	Solution check:
p calculated antibandwidth = 34.
c
c
c Antibandwidth problem with w = 35 ( N-bcsstk07.mtx.rnd ):
c Initializing CaDiCaL (version 1.2.1).
c	Configuring CaDiCaL as --sat (1).
c Initializing a Duplex encoder with n = 420.
c Encoding starts with w = 35:
c	Labels and Vertices aux var: 32760
c	Labels and Vertices constraints:  428820
c	Obj k aux var: 628320
c	Obj k constraints: 7664400
c	Obj k glue staircase constraints: 5609760
c	Encoding duration: 2s
c	Number of clauses: 8093430
c	Number of irredundant clauses: 7751481
c	Number of variables: 837480
c SAT Solving starts:
[runlim] sample:		1479.9 time, 1480.4 real, 1023.9 MB
[runlim] sample:		1489.9 time, 1490.4 real, 1199.3 MB
[runlim] sample:		1499.9 time, 1500.4 real, 1313.7 MB
[runlim] sample:		1509.9 time, 1510.4 real, 1477.3 MB
[runlim] sample:		1519.9 time, 1520.4 real, 1248.4 MB
[runlim] sample:		1529.9 time, 1530.4 real, 1244.9 MB
[runlim] sample:		1539.9 time, 1540.4 real, 1246.5 MB
[runlim] sample:		1549.9 time, 1550.4 real, 1247.3 MB
[runlim] sample:		1559.9 time, 1560.4 real, 1377.2 MB
[runlim] sample:		1569.9 time, 1570.4 real, 1245.8 MB
[runlim] sample:		1579.9 time, 1580.4 real, 1245.8 MB
[runlim] sample:		1589.9 time, 1590.4 real, 1247.3 MB
[runlim] sample:		1599.8 time, 1600.4 real, 1198.9 MB
[runlim] sample:		1609.9 time, 1610.4 real, 1202.1 MB
[runlim] sample:		1619.9 time, 1620.4 real, 1211.6 MB
[runlim] sample:		1629.9 time, 1630.4 real, 1202.7 MB
[runlim] sample:		1639.9 time, 1640.4 real, 1202.7 MB
[runlim] sample:		1649.8 time, 1650.4 real, 1205.4 MB
[runlim] sample:		1659.8 time, 1660.4 real, 1205.4 MB
[runlim] sample:		1669.9 time, 1670.4 real, 1205.5 MB
[runlim] sample:		1679.9 time, 1680.4 real, 1390.8 MB
[runlim] sample:		1689.8 time, 1690.4 real, 1206.0 MB
[runlim] sample:		1699.8 time, 1700.4 real, 1203.8 MB
[runlim] sample:		1709.8 time, 1710.4 real, 1203.8 MB
[runlim] sample:		1719.9 time, 1720.4 real, 1217.2 MB
[runlim] sample:		1729.8 time, 1730.4 real, 1211.1 MB
[runlim] sample:		1739.8 time, 1740.4 real, 1246.0 MB
[runlim] sample:		1749.8 time, 1750.4 real, 1246.0 MB
[runlim] sample:		1759.8 time, 1760.4 real, 1211.2 MB
[runlim] sample:		1769.8 time, 1770.4 real, 1205.0 MB
[runlim] sample:		1779.8 time, 1780.4 real, 1213.3 MB
[runlim] sample:		1789.8 time, 1790.4 real, 1213.3 MB
[runlim] sample:		1799.8 time, 1800.4 real, 1220.7 MB
[runlim] sample:		1809.8 time, 1810.4 real, 1220.7 MB
[runlim] sample:		1819.8 time, 1820.4 real, 1225.4 MB
[runlim] sample:		1829.8 time, 1830.4 real, 1225.4 MB
[runlim] sample:		1839.8 time, 1840.4 real, 1217.9 MB
[runlim] sample:		1849.8 time, 1850.4 real, 1230.4 MB
[runlim] sample:		1859.8 time, 1860.4 real, 1230.4 MB
[runlim] sample:		1869.8 time, 1870.4 real, 1214.9 MB
[runlim] sample:		1879.8 time, 1880.4 real, 1213.7 MB
[runlim] sample:		1889.8 time, 1890.4 real, 1271.4 MB
[runlim] sample:		1899.8 time, 1900.4 real, 1273.4 MB
[runlim] sample:		1909.8 time, 1910.4 real, 1272.7 MB
[runlim] sample:		1919.8 time, 1920.4 real, 1263.5 MB
[runlim] sample:		1929.8 time, 1930.4 real, 1274.0 MB
[runlim] sample:		1939.8 time, 1940.4 real, 1227.9 MB
[runlim] sample:		1949.8 time, 1950.4 real, 1223.4 MB
[runlim] sample:		1959.8 time, 1960.4 real, 1233.7 MB
[runlim] sample:		1969.8 time, 1970.4 real, 1233.7 MB
[runlim] sample:		1979.8 time, 1980.4 real, 1236.5 MB
[runlim] sample:		1989.8 time, 1990.4 real, 1219.6 MB
[runlim] sample:		1999.8 time, 2000.4 real, 1232.9 MB
[runlim] sample:		2009.8 time, 2010.4 real, 1232.9 MB
[runlim] sample:		2019.8 time, 2020.4 real, 1227.4 MB
[runlim] sample:		2029.8 time, 2030.4 real, 1217.8 MB
[runlim] sample:		2039.8 time, 2040.4 real, 1234.8 MB
[runlim] sample:		2049.8 time, 2050.4 real, 1234.8 MB
[runlim] sample:		2059.8 time, 2060.4 real, 1230.8 MB
[runlim] sample:		2069.8 time, 2070.4 real, 1250.2 MB
[runlim] sample:		2079.8 time, 2080.4 real, 1245.8 MB
[runlim] sample:		2089.8 time, 2090.4 real, 1247.1 MB
[runlim] sample:		2099.8 time, 2100.4 real, 1247.1 MB
[runlim] sample:		2109.8 time, 2110.4 real, 1241.8 MB
[runlim] sample:		2119.8 time, 2120.4 real, 1216.2 MB
[runlim] sample:		2129.8 time, 2130.4 real, 1261.0 MB
[runlim] sample:		2139.8 time, 2140.4 real, 1261.0 MB
[runlim] sample:		2149.8 time, 2150.4 real, 1268.9 MB
[runlim] sample:		2159.8 time, 2160.4 real, 1527.8 MB
[runlim] sample:		2169.8 time, 2170.4 real, 1273.1 MB
[runlim] sample:		2179.8 time, 2180.4 real, 1285.9 MB
[runlim] sample:		2189.8 time, 2190.4 real, 1266.0 MB
[runlim] sample:		2199.8 time, 2200.4 real, 1266.0 MB
[runlim] sample:		2209.8 time, 2210.4 real, 1278.8 MB
[runlim] sample:		2219.8 time, 2220.4 real, 1280.9 MB
[runlim] sample:		2229.8 time, 2230.4 real, 1280.9 MB
[runlim] sample:		2239.8 time, 2240.4 real, 1291.5 MB
[runlim] sample:		2249.8 time, 2250.4 real, 1291.5 MB
[runlim] sample:		2259.8 time, 2260.4 real, 1326.4 MB
[runlim] sample:		2269.8 time, 2270.4 real, 1326.4 MB
[runlim] sample:		2279.8 time, 2280.4 real, 1461.7 MB
[runlim] sample:		2289.8 time, 2290.4 real, 1262.4 MB
[runlim] sample:		2299.8 time, 2300.4 real, 1279.2 MB
[runlim] sample:		2309.8 time, 2310.4 real, 1279.2 MB
[runlim] sample:		2319.8 time, 2320.4 real, 1515.6 MB
[runlim] sample:		2329.8 time, 2330.4 real, 1264.0 MB
[runlim] sample:		2339.8 time, 2340.4 real, 1308.9 MB
[runlim] sample:		2349.8 time, 2350.4 real, 1510.8 MB
[runlim] sample:		2359.8 time, 2360.4 real, 1274.2 MB
[runlim] sample:		2369.8 time, 2370.4 real, 1309.9 MB
[runlim] sample:		2379.8 time, 2380.4 real, 1309.9 MB
[runlim] sample:		2389.8 time, 2390.4 real, 1286.9 MB
[runlim] sample:		2399.8 time, 2400.4 real, 1286.9 MB
[runlim] sample:		2409.8 time, 2410.4 real, 1286.2 MB
[runlim] sample:		2419.8 time, 2420.4 real, 1271.8 MB
[runlim] sample:		2429.8 time, 2430.4 real, 1271.8 MB
[runlim] sample:		2439.8 time, 2440.4 real, 1277.7 MB
[runlim] sample:		2449.8 time, 2450.4 real, 1277.7 MB
[runlim] sample:		2459.8 time, 2460.4 real, 1301.0 MB
[runlim] sample:		2469.8 time, 2470.4 real, 1301.0 MB
[runlim] sample:		2479.8 time, 2480.4 real, 1385.5 MB
[runlim] sample:		2489.8 time, 2490.4 real, 1385.5 MB
[runlim] sample:		2499.8 time, 2500.4 real, 1277.6 MB
[runlim] sample:		2509.8 time, 2510.4 real, 1277.6 MB
[runlim] sample:		2519.8 time, 2520.4 real, 1282.3 MB
[runlim] sample:		2529.8 time, 2530.4 real, 1234.6 MB
[runlim] sample:		2539.8 time, 2540.4 real, 1234.6 MB
[runlim] sample:		2549.8 time, 2550.4 real, 1236.6 MB
[runlim] sample:		2559.8 time, 2560.4 real, 1236.6 MB
[runlim] sample:		2569.8 time, 2570.4 real, 1260.7 MB
[runlim] sample:		2579.8 time, 2580.4 real, 1260.7 MB
[runlim] sample:		2589.8 time, 2590.4 real, 1235.8 MB
[runlim] sample:		2599.8 time, 2600.4 real, 1436.7 MB
[runlim] sample:		2609.8 time, 2610.4 real, 1230.4 MB
[runlim] sample:		2619.8 time, 2620.4 real, 1230.4 MB
[runlim] sample:		2629.8 time, 2630.4 real, 1301.1 MB
[runlim] sample:		2639.8 time, 2640.4 real, 1301.1 MB
[runlim] sample:		2649.8 time, 2650.4 real, 1324.9 MB
[runlim] sample:		2659.8 time, 2660.4 real, 1346.4 MB
[runlim] sample:		2669.8 time, 2670.4 real, 1346.4 MB
[runlim] sample:		2679.8 time, 2680.4 real, 1271.4 MB
[runlim] sample:		2689.8 time, 2690.4 real, 1271.4 MB
[runlim] sample:		2699.8 time, 2700.4 real, 1260.3 MB
[runlim] sample:		2709.8 time, 2710.4 real, 1260.3 MB
[runlim] sample:		2719.8 time, 2720.4 real, 1274.3 MB
[runlim] sample:		2729.8 time, 2730.4 real, 1274.3 MB
[runlim] sample:		2739.8 time, 2740.4 real, 1301.2 MB
[runlim] sample:		2749.8 time, 2750.4 real, 1301.2 MB
[runlim] sample:		2759.8 time, 2760.4 real, 1262.1 MB
[runlim] sample:		2769.8 time, 2770.4 real, 1262.9 MB
[runlim] sample:		2779.8 time, 2780.4 real, 1262.9 MB
[runlim] sample:		2789.8 time, 2790.4 real, 1262.9 MB
[runlim] sample:		2799.8 time, 2800.4 real, 1258.6 MB
[runlim] sample:		2809.8 time, 2810.4 real, 1258.6 MB
[runlim] sample:		2819.8 time, 2820.4 real, 1258.6 MB
[runlim] sample:		2829.8 time, 2830.4 real, 1263.7 MB
[runlim] sample:		2839.8 time, 2840.4 real, 1245.2 MB
[runlim] sample:		2849.8 time, 2850.4 real, 1245.2 MB
[runlim] sample:		2859.8 time, 2860.4 real, 1245.2 MB
[runlim] sample:		2869.8 time, 2870.4 real, 1256.8 MB
[runlim] sample:		2879.8 time, 2880.4 real, 1256.8 MB
[runlim] sample:		2889.8 time, 2890.4 real, 1272.0 MB
[runlim] sample:		2899.8 time, 2900.4 real, 1272.0 MB
[runlim] sample:		2909.8 time, 2910.4 real, 1276.9 MB
[runlim] sample:		2919.8 time, 2920.4 real, 1276.9 MB
[runlim] sample:		2929.8 time, 2930.4 real, 1318.0 MB
[runlim] sample:		2939.8 time, 2940.4 real, 1318.0 MB
[runlim] sample:		2949.8 time, 2950.4 real, 1318.0 MB
[runlim] sample:		2959.8 time, 2960.4 real, 1314.7 MB
[runlim] sample:		2969.8 time, 2970.4 real, 1314.7 MB
[runlim] sample:		2979.8 time, 2980.4 real, 1279.9 MB
[runlim] sample:		2989.8 time, 2990.4 real, 1279.9 MB
[runlim] sample:		2999.8 time, 3000.4 real, 1279.9 MB
[runlim] sample:		3009.8 time, 3010.4 real, 1279.9 MB
[runlim] sample:		3019.8 time, 3020.4 real, 1312.4 MB
[runlim] sample:		3029.8 time, 3030.4 real, 1360.9 MB
[runlim] sample:		3039.8 time, 3040.4 real, 1316.4 MB
[runlim] sample:		3049.8 time, 3050.4 real, 1316.4 MB
[runlim] sample:		3059.8 time, 3060.4 real, 1316.4 MB
[runlim] sample:		3069.8 time, 3070.4 real, 1325.4 MB
[runlim] sample:		3079.8 time, 3080.4 real, 1325.4 MB
[runlim] sample:		3089.8 time, 3090.4 real, 1325.4 MB
[runlim] sample:		3099.8 time, 3100.4 real, 1258.1 MB
[runlim] sample:		3109.8 time, 3110.4 real, 1258.1 MB
[runlim] sample:		3119.8 time, 3120.4 real, 1258.1 MB
[runlim] sample:		3129.8 time, 3130.4 real, 1288.5 MB
[runlim] sample:		3139.8 time, 3140.4 real, 1288.5 MB
[runlim] sample:		3149.8 time, 3150.4 real, 1288.5 MB
[runlim] sample:		3159.8 time, 3160.4 real, 1288.5 MB
[runlim] sample:		3169.8 time, 3170.4 real, 1288.0 MB
[runlim] sample:		3179.8 time, 3180.4 real, 1288.0 MB
[runlim] sample:		3189.8 time, 3190.4 real, 1288.0 MB
[runlim] sample:		3199.8 time, 3200.4 real, 1267.8 MB
[runlim] sample:		3209.8 time, 3210.4 real, 1267.8 MB
[runlim] sample:		3219.8 time, 3220.4 real, 1267.8 MB
[runlim] sample:		3229.8 time, 3230.4 real, 1329.8 MB
[runlim] sample:		3239.8 time, 3240.4 real, 1329.8 MB
[runlim] sample:		3249.8 time, 3250.4 real, 1329.8 MB
[runlim] sample:		3259.8 time, 3260.4 real, 1330.0 MB
[runlim] sample:		3269.8 time, 3270.4 real, 1330.0 MB
[runlim] sample:		3279.8 time, 3280.4 real, 1297.0 MB
[runlim] sample:		3289.8 time, 3290.4 real, 1297.0 MB
[runlim] sample:		3299.8 time, 3300.4 real, 1308.5 MB
[runlim] sample:		3309.8 time, 3310.4 real, 1308.5 MB
[runlim] sample:		3319.8 time, 3320.4 real, 1308.5 MB
[runlim] sample:		3329.8 time, 3330.4 real, 1351.5 MB
[runlim] sample:		3339.8 time, 3340.4 real, 1351.5 MB
[runlim] sample:		3349.8 time, 3350.4 real, 1351.5 MB
[runlim] sample:		3359.8 time, 3360.4 real, 1327.1 MB
[runlim] sample:		3369.8 time, 3370.4 real, 1327.1 MB
[runlim] sample:		3379.8 time, 3380.4 real, 1262.8 MB
[runlim] sample:		3389.8 time, 3390.4 real, 1313.4 MB
[runlim] sample:		3399.8 time, 3400.4 real, 1489.5 MB
[runlim] sample:		3409.8 time, 3410.4 real, 1277.1 MB
[runlim] sample:		3419.8 time, 3420.4 real, 1281.8 MB
[runlim] sample:		3429.8 time, 3430.4 real, 1305.1 MB
[runlim] sample:		3439.8 time, 3440.4 real, 1305.1 MB
[runlim] sample:		3449.8 time, 3450.4 real, 1320.8 MB
[runlim] sample:		3459.8 time, 3460.4 real, 1320.8 MB
[runlim] sample:		3469.8 time, 3470.4 real, 1320.8 MB
[runlim] sample:		3479.8 time, 3480.4 real, 1327.7 MB
[runlim] sample:		3489.8 time, 3490.4 real, 1327.7 MB
[runlim] sample:		3499.8 time, 3500.4 real, 1302.1 MB
[runlim] sample:		3509.8 time, 3510.4 real, 1302.1 MB
[runlim] sample:		3519.8 time, 3520.4 real, 1302.1 MB
[runlim] sample:		3529.8 time, 3530.4 real, 1302.1 MB
[runlim] sample:		3539.8 time, 3540.4 real, 1346.6 MB
[runlim] sample:		3549.8 time, 3550.4 real, 1346.6 MB
[runlim] sample:		3559.8 time, 3560.4 real, 1355.5 MB
[runlim] sample:		3569.8 time, 3570.4 real, 1355.5 MB
[runlim] sample:		3579.8 time, 3580.4 real, 1338.1 MB
[runlim] sample:		3589.8 time, 3590.4 real, 1338.1 MB
c Signal interruption.
[runlim] end:			Mon Aug 19 04:10:21 2024
[runlim] status:		out of time
[runlim] result:		2
[runlim] children:		0
[runlim] real:			3600.08 seconds
[runlim] time:			3599.48 seconds
[runlim] space:			1754.0 MB
[runlim] samples:		35997
