[runlim] version:		1.10
[runlim] time limit:		3600 seconds
[runlim] real time limit:	3600 seconds
[runlim] space limit:		30000 MB
[runlim] argv[0]:		/home/truongxuanhieu/AntiBandwidthReconstruct/build/abw_enc_symbreak_max_node
[runlim] argv[1]:		/home/truongxuanhieu/AntiBandwidthReconstruct/build/BenchmarkO/O-impcol_d.mtx.rnd
[runlim] argv[2]:		--duplexNSC
[runlim] start:			Mon Sep  9 09:27:18 2024
[runlim] main pid:		16703
[runlim] log captured:
c DuplexEncoder 0.8.
c Solving strategy: from LB to UB.
c LB-w = 91 (LB in Sinnl - A note on computational approaches for the antibandwidth problem).
c UB-w = 173 (UB in Sinnl - A note on computational approaches for the antibandwidth problem).
c Antibandwidth problem with w = 91 ( O-impcol_d.mtx.rnd ):
c Initializing CaDiCaL (version 1.2.1).
c	Configuring CaDiCaL as --sat (1).
c Initializing a DuplexNSC encoder with n = 425.
c Encoding starts with w = 91:
c	Labels and Vertices aux var: 34000
c	Labels and Vertices constraints:  415650
c	Obj k aux var: 291975
c	Obj k constraints: 2881501
c	Obj k glue staircase constraints: 1682576
c	Encoding duration: 0s
c	Number of clauses: 3297363
c	Number of irredundant clauses: 3295964
c	Number of variables: 506600
c SAT Solving starts:
[runlim] sample:		10.0 time, 10.6 real, 576.1 MB
[runlim] sample:		20.0 time, 20.6 real, 529.1 MB
[runlim] sample:		30.0 time, 30.6 real, 494.7 MB
[runlim] sample:		40.0 time, 40.6 real, 550.5 MB
[runlim] sample:		50.0 time, 50.6 real, 560.0 MB
[runlim] sample:		60.0 time, 60.6 real, 527.0 MB
[runlim] sample:		70.0 time, 70.6 real, 602.1 MB
c	Solving duration: 77029 ms
c	Answer: 
s SAT (w = 91)
c	Solution check:
p calculated antibandwidth = 91.
c
c
c Antibandwidth problem with w = 92 ( O-impcol_d.mtx.rnd ):
c Initializing CaDiCaL (version 1.2.1).
c	Configuring CaDiCaL as --sat (1).
c Initializing a DuplexNSC encoder with n = 425.
c Encoding starts with w = 92:
c	Labels and Vertices aux var: 34000
c	Labels and Vertices constraints:  415650
c	Obj k aux var: 293250
c	Obj k constraints: 2879833
c	Obj k glue staircase constraints: 1677508
c	Encoding duration: 0s
c	Number of clauses: 3295695
c	Number of irredundant clauses: 3294292
c	Number of variables: 507875
c SAT Solving starts:
[runlim] sample:		80.0 time, 80.6 real, 490.0 MB
[runlim] sample:		90.0 time, 90.6 real, 596.7 MB
[runlim] sample:		100.0 time, 100.6 real, 599.7 MB
[runlim] sample:		110.0 time, 110.6 real, 596.7 MB
[runlim] sample:		120.0 time, 120.6 real, 599.6 MB
[runlim] sample:		130.0 time, 130.6 real, 628.5 MB
[runlim] sample:		140.0 time, 140.6 real, 637.0 MB
[runlim] sample:		150.0 time, 150.6 real, 619.1 MB
[runlim] sample:		160.0 time, 160.6 real, 606.3 MB
[runlim] sample:		170.0 time, 170.6 real, 567.3 MB
[runlim] sample:		180.0 time, 180.6 real, 600.5 MB
[runlim] sample:		190.0 time, 190.6 real, 578.2 MB
[runlim] sample:		200.0 time, 200.6 real, 577.2 MB
[runlim] sample:		210.0 time, 210.6 real, 571.2 MB
[runlim] sample:		220.0 time, 220.6 real, 559.8 MB
[runlim] sample:		230.0 time, 230.6 real, 655.1 MB
[runlim] sample:		240.0 time, 240.6 real, 609.5 MB
[runlim] sample:		250.0 time, 250.6 real, 612.5 MB
[runlim] sample:		260.0 time, 260.6 real, 692.1 MB
[runlim] sample:		270.0 time, 270.6 real, 801.1 MB
[runlim] sample:		279.9 time, 280.6 real, 1361.8 MB
[runlim] sample:		290.0 time, 290.6 real, 1050.4 MB
c	Solving duration: 211998 ms
c	Answer: 
s SAT (w = 92)
c	Solution check:
p calculated antibandwidth = 92.
c
c
c Antibandwidth problem with w = 93 ( O-impcol_d.mtx.rnd ):
c Initializing CaDiCaL (version 1.2.1).
c	Configuring CaDiCaL as --sat (1).
c Initializing a DuplexNSC encoder with n = 425.
c Encoding starts with w = 93:
c	Labels and Vertices aux var: 34000
c	Labels and Vertices constraints:  415650
c	Obj k aux var: 294525
c	Obj k constraints: 2878165
c	Obj k glue staircase constraints: 1672440
c	Encoding duration: 0s
c	Number of clauses: 3294027
c	Number of irredundant clauses: 3292620
c	Number of variables: 509150
c SAT Solving starts:
[runlim] sample:		299.9 time, 300.6 real, 847.8 MB
[runlim] sample:		309.9 time, 310.6 real, 880.3 MB
[runlim] sample:		319.9 time, 320.6 real, 877.4 MB
[runlim] sample:		329.9 time, 330.6 real, 876.3 MB
[runlim] sample:		339.9 time, 340.6 real, 884.3 MB
[runlim] sample:		350.0 time, 350.6 real, 884.3 MB
[runlim] sample:		359.9 time, 360.6 real, 882.5 MB
c	Solving duration: 75462 ms
c	Answer: 
s SAT (w = 93)
c	Solution check:
p calculated antibandwidth = 93.
c
c
c Antibandwidth problem with w = 94 ( O-impcol_d.mtx.rnd ):
c Initializing CaDiCaL (version 1.2.1).
c	Configuring CaDiCaL as --sat (1).
c Initializing a DuplexNSC encoder with n = 425.
c Encoding starts with w = 94:
c	Labels and Vertices aux var: 34000
c	Labels and Vertices constraints:  415650
c	Obj k aux var: 295800
c	Obj k constraints: 2876497
c	Obj k glue staircase constraints: 1667372
c	Encoding duration: 0s
c	Number of clauses: 3292359
c	Number of irredundant clauses: 3290948
c	Number of variables: 510425
c SAT Solving starts:
[runlim] sample:		369.9 time, 370.6 real, 847.3 MB
[runlim] sample:		379.9 time, 380.6 real, 875.3 MB
[runlim] sample:		389.9 time, 390.6 real, 902.3 MB
[runlim] sample:		399.9 time, 400.6 real, 959.1 MB
[runlim] sample:		409.9 time, 410.6 real, 881.3 MB
[runlim] sample:		419.9 time, 420.6 real, 798.2 MB
c	Solving duration: 55561 ms
c	Answer: 
s SAT (w = 94)
c	Solution check:
p calculated antibandwidth = 94.
c
c
c Antibandwidth problem with w = 95 ( O-impcol_d.mtx.rnd ):
c Initializing CaDiCaL (version 1.2.1).
c	Configuring CaDiCaL as --sat (1).
c Initializing a DuplexNSC encoder with n = 425.
c Encoding starts with w = 95:
c	Labels and Vertices aux var: 34000
c	Labels and Vertices constraints:  415650
c	Obj k aux var: 297075
c	Obj k constraints: 2874829
c	Obj k glue staircase constraints: 1662304
c	Encoding duration: 0s
c	Number of clauses: 3290691
c	Number of irredundant clauses: 3289276
c	Number of variables: 511700
c SAT Solving starts:
[runlim] sample:		429.9 time, 430.6 real, 849.2 MB
[runlim] sample:		439.9 time, 440.6 real, 849.2 MB
[runlim] sample:		449.9 time, 450.6 real, 848.4 MB
[runlim] sample:		459.9 time, 460.6 real, 970.7 MB
[runlim] sample:		469.9 time, 470.6 real, 881.7 MB
[runlim] sample:		479.9 time, 480.6 real, 938.8 MB
[runlim] sample:		489.9 time, 490.6 real, 979.8 MB
[runlim] sample:		499.9 time, 500.6 real, 1011.6 MB
[runlim] sample:		509.9 time, 510.6 real, 1146.6 MB
[runlim] sample:		520.0 time, 520.6 real, 941.9 MB
[runlim] sample:		530.0 time, 530.6 real, 852.0 MB
[runlim] sample:		540.0 time, 540.6 real, 854.6 MB
[runlim] sample:		549.9 time, 550.6 real, 939.3 MB
[runlim] sample:		560.0 time, 560.6 real, 862.4 MB
[runlim] sample:		570.0 time, 570.6 real, 977.2 MB
c	Solving duration: 153768 ms
c	Answer: 
s SAT (w = 95)
c	Solution check:
p calculated antibandwidth = 95.
c
c
c Antibandwidth problem with w = 96 ( O-impcol_d.mtx.rnd ):
c Initializing CaDiCaL (version 1.2.1).
c	Configuring CaDiCaL as --sat (1).
c Initializing a DuplexNSC encoder with n = 425.
c Encoding starts with w = 96:
c	Labels and Vertices aux var: 34000
c	Labels and Vertices constraints:  415650
c	Obj k aux var: 298350
c	Obj k constraints: 2873161
c	Obj k glue staircase constraints: 1657236
c	Encoding duration: 0s
c	Number of clauses: 3289023
c	Number of irredundant clauses: 3287604
c	Number of variables: 512975
c SAT Solving starts:
[runlim] sample:		580.0 time, 580.6 real, 771.6 MB
[runlim] sample:		590.0 time, 590.6 real, 849.3 MB
[runlim] sample:		600.0 time, 600.6 real, 771.6 MB
[runlim] sample:		610.0 time, 610.6 real, 771.6 MB
[runlim] sample:		619.9 time, 620.6 real, 771.6 MB
[runlim] sample:		629.9 time, 630.6 real, 949.5 MB
[runlim] sample:		640.0 time, 640.6 real, 806.3 MB
[runlim] sample:		649.9 time, 650.6 real, 838.1 MB
[runlim] sample:		660.0 time, 660.6 real, 895.8 MB
[runlim] sample:		669.9 time, 670.6 real, 806.3 MB
[runlim] sample:		680.0 time, 680.6 real, 965.4 MB
[runlim] sample:		689.9 time, 690.6 real, 1069.5 MB
[runlim] sample:		699.9 time, 700.6 real, 1020.7 MB
[runlim] sample:		709.9 time, 710.6 real, 1020.7 MB
[runlim] sample:		719.9 time, 720.6 real, 1136.6 MB
[runlim] sample:		729.9 time, 730.6 real, 912.5 MB
[runlim] sample:		739.9 time, 740.6 real, 955.9 MB
[runlim] sample:		749.9 time, 750.6 real, 955.9 MB
[runlim] sample:		759.9 time, 760.6 real, 1081.9 MB
[runlim] sample:		769.9 time, 770.6 real, 1047.1 MB
[runlim] sample:		779.9 time, 780.6 real, 963.5 MB
c	Solving duration: 203508 ms
c	Answer: 
s SAT (w = 96)
c	Solution check:
p calculated antibandwidth = 96.
c
c
c Antibandwidth problem with w = 97 ( O-impcol_d.mtx.rnd ):
c Initializing CaDiCaL (version 1.2.1).
c	Configuring CaDiCaL as --sat (1).
c Initializing a DuplexNSC encoder with n = 425.
c Encoding starts with w = 97:
c	Labels and Vertices aux var: 34000
c	Labels and Vertices constraints:  415650
c	Obj k aux var: 299625
c	Obj k constraints: 2871493
c	Obj k glue staircase constraints: 1652168
c	Encoding duration: 0s
c	Number of clauses: 3287355
c	Number of irredundant clauses: 3285932
c	Number of variables: 514250
c SAT Solving starts:
[runlim] sample:		789.9 time, 790.6 real, 822.0 MB
[runlim] sample:		799.9 time, 800.6 real, 822.0 MB
[runlim] sample:		809.9 time, 810.6 real, 829.3 MB
[runlim] sample:		819.9 time, 820.6 real, 874.2 MB
[runlim] sample:		829.9 time, 830.6 real, 834.8 MB
[runlim] sample:		839.9 time, 840.6 real, 990.7 MB
[runlim] sample:		849.9 time, 850.6 real, 834.8 MB
[runlim] sample:		859.9 time, 860.6 real, 833.2 MB
[runlim] sample:		869.9 time, 870.6 real, 837.1 MB
[runlim] sample:		879.9 time, 880.6 real, 837.0 MB
[runlim] sample:		889.9 time, 890.6 real, 838.1 MB
[runlim] sample:		899.9 time, 900.6 real, 864.0 MB
[runlim] sample:		909.9 time, 910.6 real, 858.0 MB
[runlim] sample:		919.9 time, 920.6 real, 851.8 MB
c	Solving duration: 141652 ms
c	Answer: 
s SAT (w = 97)
c	Solution check:
p calculated antibandwidth = 97.
c
c
c Antibandwidth problem with w = 98 ( O-impcol_d.mtx.rnd ):
c Initializing CaDiCaL (version 1.2.1).
c	Configuring CaDiCaL as --sat (1).
c Initializing a DuplexNSC encoder with n = 425.
c Encoding starts with w = 98:
c	Labels and Vertices aux var: 34000
c	Labels and Vertices constraints:  415650
c	Obj k aux var: 300900
c	Obj k constraints: 2869825
c	Obj k glue staircase constraints: 1647100
c	Encoding duration: 0s
c	Number of clauses: 3285687
c	Number of irredundant clauses: 3284260
c	Number of variables: 515525
c SAT Solving starts:
[runlim] sample:		929.9 time, 930.6 real, 835.5 MB
[runlim] sample:		939.9 time, 940.6 real, 851.0 MB
[runlim] sample:		949.9 time, 950.6 real, 767.2 MB
[runlim] sample:		959.9 time, 960.6 real, 767.2 MB
[runlim] sample:		969.9 time, 970.6 real, 860.9 MB
[runlim] sample:		979.9 time, 980.6 real, 906.0 MB
[runlim] sample:		989.9 time, 990.6 real, 849.4 MB
[runlim] sample:		999.9 time, 1000.6 real, 852.5 MB
[runlim] sample:		1009.9 time, 1010.6 real, 884.0 MB
[runlim] sample:		1019.9 time, 1020.6 real, 858.9 MB
[runlim] sample:		1029.9 time, 1030.6 real, 852.7 MB
[runlim] sample:		1039.9 time, 1040.6 real, 849.9 MB
[runlim] sample:		1049.9 time, 1050.6 real, 973.0 MB
[runlim] sample:		1059.9 time, 1060.6 real, 847.9 MB
[runlim] sample:		1069.9 time, 1070.6 real, 927.9 MB
[runlim] sample:		1079.9 time, 1080.6 real, 855.4 MB
c	Solving duration: 162014 ms
c	Answer: 
s SAT (w = 98)
c	Solution check:
p calculated antibandwidth = 98.
c
c
c Antibandwidth problem with w = 99 ( O-impcol_d.mtx.rnd ):
c Initializing CaDiCaL (version 1.2.1).
c	Configuring CaDiCaL as --sat (1).
c Initializing a DuplexNSC encoder with n = 425.
c Encoding starts with w = 99:
c	Labels and Vertices aux var: 34000
c	Labels and Vertices constraints:  415650
c	Obj k aux var: 302175
c	Obj k constraints: 2868157
c	Obj k glue staircase constraints: 1642032
c	Encoding duration: 0s
c	Number of clauses: 3284019
c	Number of irredundant clauses: 3282588
c	Number of variables: 516800
c SAT Solving starts:
[runlim] sample:		1089.9 time, 1090.6 real, 767.2 MB
[runlim] sample:		1099.9 time, 1100.6 real, 845.1 MB
[runlim] sample:		1109.9 time, 1110.6 real, 767.2 MB
[runlim] sample:		1119.9 time, 1120.6 real, 844.7 MB
[runlim] sample:		1129.9 time, 1130.6 real, 847.0 MB
[runlim] sample:		1139.9 time, 1140.6 real, 856.6 MB
[runlim] sample:		1149.9 time, 1150.6 real, 940.9 MB
[runlim] sample:		1159.9 time, 1160.6 real, 871.9 MB
[runlim] sample:		1169.9 time, 1170.6 real, 1008.2 MB
[runlim] sample:		1179.9 time, 1180.6 real, 862.3 MB
[runlim] sample:		1189.9 time, 1190.6 real, 854.4 MB
[runlim] sample:		1199.9 time, 1200.6 real, 1027.0 MB
[runlim] sample:		1209.9 time, 1210.6 real, 954.2 MB
[runlim] sample:		1219.9 time, 1220.6 real, 857.1 MB
[runlim] sample:		1229.9 time, 1230.6 real, 907.7 MB
[runlim] sample:		1239.9 time, 1240.6 real, 1026.2 MB
[runlim] sample:		1249.9 time, 1250.6 real, 879.8 MB
[runlim] sample:		1259.9 time, 1260.6 real, 856.0 MB
[runlim] sample:		1269.9 time, 1270.6 real, 856.9 MB
[runlim] sample:		1279.9 time, 1280.6 real, 858.6 MB
[runlim] sample:		1289.9 time, 1290.6 real, 861.7 MB
[runlim] sample:		1299.9 time, 1300.6 real, 870.4 MB
[runlim] sample:		1309.9 time, 1310.6 real, 870.4 MB
[runlim] sample:		1319.9 time, 1320.6 real, 1301.1 MB
[runlim] sample:		1329.9 time, 1330.6 real, 1301.1 MB
c	Solving duration: 250146 ms
c	Answer: 
s SAT (w = 99)
c	Solution check:
p calculated antibandwidth = 99.
c
c
c Antibandwidth problem with w = 100 ( O-impcol_d.mtx.rnd ):
c Initializing CaDiCaL (version 1.2.1).
c	Configuring CaDiCaL as --sat (1).
c Initializing a DuplexNSC encoder with n = 425.
c Encoding starts with w = 100:
[runlim] sample:		1339.9 time, 1340.6 real, 736.2 MB
c	Labels and Vertices aux var: 34000
c	Labels and Vertices constraints:  415650
c	Obj k aux var: 303450
c	Obj k constraints: 2866489
c	Obj k glue staircase constraints: 1636964
c	Encoding duration: 0s
c	Number of clauses: 3282351
c	Number of irredundant clauses: 3280916
c	Number of variables: 518075
c SAT Solving starts:
[runlim] sample:		1349.9 time, 1350.6 real, 844.8 MB
[runlim] sample:		1359.9 time, 1360.6 real, 868.6 MB
[runlim] sample:		1369.9 time, 1370.6 real, 873.8 MB
[runlim] sample:		1379.9 time, 1380.6 real, 870.1 MB
[runlim] sample:		1389.9 time, 1390.6 real, 792.4 MB
[runlim] sample:		1399.9 time, 1400.6 real, 792.4 MB
[runlim] sample:		1409.9 time, 1410.6 real, 877.1 MB
[runlim] sample:		1419.9 time, 1420.6 real, 934.7 MB
[runlim] sample:		1429.9 time, 1430.6 real, 794.4 MB
[runlim] sample:		1439.9 time, 1440.6 real, 794.4 MB
[runlim] sample:		1449.9 time, 1450.6 real, 800.4 MB
[runlim] sample:		1459.9 time, 1460.6 real, 900.1 MB
[runlim] sample:		1469.9 time, 1470.6 real, 919.8 MB
[runlim] sample:		1479.9 time, 1480.6 real, 800.4 MB
[runlim] sample:		1489.9 time, 1490.6 real, 906.2 MB
[runlim] sample:		1499.9 time, 1500.6 real, 932.0 MB
[runlim] sample:		1509.9 time, 1510.6 real, 930.3 MB
[runlim] sample:		1519.9 time, 1520.6 real, 930.3 MB
[runlim] sample:		1529.9 time, 1530.6 real, 914.1 MB
[runlim] sample:		1539.9 time, 1540.6 real, 1201.2 MB
[runlim] sample:		1549.9 time, 1550.6 real, 1201.2 MB
[runlim] sample:		1559.9 time, 1560.6 real, 1201.2 MB
[runlim] sample:		1569.9 time, 1570.6 real, 1201.2 MB
[runlim] sample:		1579.9 time, 1580.6 real, 1311.8 MB
[runlim] sample:		1589.9 time, 1590.6 real, 1413.1 MB
[runlim] sample:		1599.9 time, 1600.6 real, 1724.0 MB
[runlim] sample:		1609.9 time, 1610.6 real, 1577.6 MB
[runlim] sample:		1619.9 time, 1620.6 real, 1577.6 MB
[runlim] sample:		1629.9 time, 1630.6 real, 1577.6 MB
[runlim] sample:		1639.9 time, 1640.6 real, 1425.2 MB
[runlim] sample:		1649.9 time, 1650.6 real, 1040.3 MB
[runlim] sample:		1659.9 time, 1660.6 real, 1005.5 MB
[runlim] sample:		1669.9 time, 1670.6 real, 1042.7 MB
[runlim] sample:		1679.9 time, 1680.6 real, 1129.1 MB
[runlim] sample:		1689.9 time, 1690.6 real, 998.2 MB
[runlim] sample:		1699.9 time, 1700.6 real, 1005.1 MB
[runlim] sample:		1709.9 time, 1710.6 real, 1281.1 MB
[runlim] sample:		1719.9 time, 1720.6 real, 1164.4 MB
[runlim] sample:		1729.9 time, 1730.6 real, 1153.7 MB
[runlim] sample:		1739.9 time, 1740.6 real, 1028.1 MB
[runlim] sample:		1749.9 time, 1750.6 real, 1101.9 MB
[runlim] sample:		1759.9 time, 1760.6 real, 1101.9 MB
[runlim] sample:		1769.9 time, 1770.6 real, 1101.9 MB
[runlim] sample:		1779.9 time, 1780.6 real, 1452.1 MB
[runlim] sample:		1789.9 time, 1790.6 real, 1452.1 MB
[runlim] sample:		1799.9 time, 1800.6 real, 1023.0 MB
[runlim] sample:		1809.9 time, 1810.6 real, 1021.1 MB
[runlim] sample:		1819.9 time, 1820.6 real, 1057.7 MB
[runlim] sample:		1829.9 time, 1830.6 real, 1057.7 MB
c	Solving duration: 489584 ms
c	Answer: 
s SAT (w = 100)
c	Solution check:
p calculated antibandwidth = 100.
c
c
c Antibandwidth problem with w = 101 ( O-impcol_d.mtx.rnd ):
c Initializing CaDiCaL (version 1.2.1).
c	Configuring CaDiCaL as --sat (1).
c Initializing a DuplexNSC encoder with n = 425.
c Encoding starts with w = 101:
c	Labels and Vertices aux var: 34000
c	Labels and Vertices constraints:  415650
c	Obj k aux var: 304725
c	Obj k constraints: 2864821
c	Obj k glue staircase constraints: 1631896
c	Encoding duration: 0s
c	Number of clauses: 3280683
c	Number of irredundant clauses: 3279244
c	Number of variables: 519350
c SAT Solving starts:
[runlim] sample:		1839.9 time, 1840.6 real, 942.5 MB
[runlim] sample:		1849.9 time, 1850.6 real, 941.3 MB
[runlim] sample:		1859.9 time, 1860.6 real, 942.5 MB
[runlim] sample:		1869.9 time, 1870.6 real, 951.8 MB
[runlim] sample:		1879.9 time, 1880.6 real, 946.9 MB
[runlim] sample:		1889.9 time, 1890.6 real, 946.3 MB
[runlim] sample:		1899.9 time, 1900.6 real, 944.5 MB
[runlim] sample:		1909.9 time, 1910.6 real, 950.2 MB
[runlim] sample:		1919.9 time, 1920.6 real, 963.5 MB
[runlim] sample:		1929.9 time, 1930.6 real, 948.4 MB
[runlim] sample:		1939.9 time, 1940.6 real, 974.5 MB
[runlim] sample:		1949.9 time, 1950.6 real, 1245.3 MB
[runlim] sample:		1959.9 time, 1960.6 real, 1037.2 MB
[runlim] sample:		1969.9 time, 1970.6 real, 1037.2 MB
[runlim] sample:		1979.9 time, 1980.6 real, 1013.9 MB
[runlim] sample:		1989.8 time, 1990.6 real, 1075.2 MB
[runlim] sample:		1999.9 time, 2000.6 real, 1083.1 MB
[runlim] sample:		2009.9 time, 2010.6 real, 1083.1 MB
[runlim] sample:		2019.8 time, 2020.6 real, 1115.8 MB
[runlim] sample:		2029.9 time, 2030.6 real, 1050.8 MB
[runlim] sample:		2039.8 time, 2040.6 real, 1121.2 MB
[runlim] sample:		2049.8 time, 2050.6 real, 964.8 MB
[runlim] sample:		2059.8 time, 2060.6 real, 979.1 MB
[runlim] sample:		2069.8 time, 2070.6 real, 979.1 MB
[runlim] sample:		2079.8 time, 2080.6 real, 1197.9 MB
[runlim] sample:		2089.8 time, 2090.6 real, 1071.3 MB
[runlim] sample:		2099.8 time, 2100.6 real, 973.0 MB
[runlim] sample:		2109.8 time, 2110.6 real, 1019.5 MB
[runlim] sample:		2119.8 time, 2120.6 real, 1058.6 MB
c	Solving duration: 297131 ms
c	Answer: 
s SAT (w = 101)
c	Solution check:
p calculated antibandwidth = 101.
c
c
c Antibandwidth problem with w = 102 ( O-impcol_d.mtx.rnd ):
c Initializing CaDiCaL (version 1.2.1).
c	Configuring CaDiCaL as --sat (1).
c Initializing a DuplexNSC encoder with n = 425.
c Encoding starts with w = 102:
c	Labels and Vertices aux var: 34000
c	Labels and Vertices constraints:  415650
c	Obj k aux var: 306000
c	Obj k constraints: 2863153
c	Obj k glue staircase constraints: 1626828
c	Encoding duration: 0s
c	Number of clauses: 3279015
c	Number of irredundant clauses: 3277572
c	Number of variables: 520625
c SAT Solving starts:
[runlim] sample:		2129.8 time, 2130.6 real, 865.3 MB
[runlim] sample:		2139.9 time, 2140.6 real, 947.4 MB
[runlim] sample:		2149.8 time, 2150.6 real, 991.7 MB
[runlim] sample:		2159.8 time, 2160.6 real, 946.8 MB
[runlim] sample:		2169.8 time, 2170.6 real, 870.0 MB
[runlim] sample:		2179.8 time, 2180.6 real, 974.4 MB
[runlim] sample:		2189.8 time, 2190.6 real, 1026.5 MB
[runlim] sample:		2199.8 time, 2200.6 real, 870.0 MB
[runlim] sample:		2209.8 time, 2210.6 real, 1100.9 MB
[runlim] sample:		2219.8 time, 2220.6 real, 1098.6 MB
[runlim] sample:		2229.8 time, 2230.6 real, 1165.4 MB
[runlim] sample:		2239.8 time, 2240.6 real, 1095.1 MB
[runlim] sample:		2249.8 time, 2250.6 real, 870.0 MB
[runlim] sample:		2259.8 time, 2260.6 real, 994.4 MB
[runlim] sample:		2269.8 time, 2270.6 real, 994.4 MB
[runlim] sample:		2279.8 time, 2280.6 real, 994.2 MB
[runlim] sample:		2289.8 time, 2290.6 real, 994.2 MB
[runlim] sample:		2299.8 time, 2300.6 real, 977.5 MB
[runlim] sample:		2309.8 time, 2310.6 real, 870.0 MB
[runlim] sample:		2319.8 time, 2320.6 real, 964.9 MB
[runlim] sample:		2329.8 time, 2330.6 real, 1009.1 MB
[runlim] sample:		2339.8 time, 2340.6 real, 870.0 MB
[runlim] sample:		2349.8 time, 2350.6 real, 983.4 MB
[runlim] sample:		2359.8 time, 2360.6 real, 977.8 MB
[runlim] sample:		2369.8 time, 2370.6 real, 977.8 MB
[runlim] sample:		2379.8 time, 2380.6 real, 1052.5 MB
[runlim] sample:		2389.8 time, 2390.6 real, 971.2 MB
[runlim] sample:		2399.8 time, 2400.6 real, 979.3 MB
[runlim] sample:		2409.8 time, 2410.6 real, 993.2 MB
[runlim] sample:		2419.8 time, 2420.6 real, 978.5 MB
[runlim] sample:		2429.8 time, 2430.6 real, 984.7 MB
[runlim] sample:		2439.8 time, 2440.6 real, 1044.5 MB
[runlim] sample:		2449.8 time, 2450.6 real, 987.6 MB
[runlim] sample:		2459.8 time, 2460.6 real, 1120.4 MB
[runlim] sample:		2469.8 time, 2470.6 real, 993.4 MB
[runlim] sample:		2479.8 time, 2480.6 real, 1011.9 MB
[runlim] sample:		2489.8 time, 2490.6 real, 1127.7 MB
[runlim] sample:		2499.8 time, 2500.6 real, 1020.8 MB
[runlim] sample:		2509.8 time, 2510.6 real, 978.3 MB
[runlim] sample:		2519.8 time, 2520.6 real, 991.5 MB
[runlim] sample:		2529.8 time, 2530.6 real, 1020.4 MB
[runlim] sample:		2539.8 time, 2540.6 real, 1008.2 MB
[runlim] sample:		2549.8 time, 2550.6 real, 998.7 MB
[runlim] sample:		2559.8 time, 2560.6 real, 998.7 MB
[runlim] sample:		2569.8 time, 2570.6 real, 1009.4 MB
[runlim] sample:		2579.8 time, 2580.6 real, 1009.4 MB
[runlim] sample:		2589.8 time, 2590.6 real, 1225.4 MB
[runlim] sample:		2599.8 time, 2600.6 real, 1225.4 MB
[runlim] sample:		2609.8 time, 2610.6 real, 1225.4 MB
[runlim] sample:		2619.8 time, 2620.6 real, 1405.7 MB
[runlim] sample:		2629.8 time, 2630.6 real, 1405.7 MB
[runlim] sample:		2639.8 time, 2640.6 real, 1405.7 MB
[runlim] sample:		2649.8 time, 2650.6 real, 1467.3 MB
[runlim] sample:		2659.8 time, 2660.6 real, 1060.5 MB
[runlim] sample:		2669.8 time, 2670.6 real, 1108.2 MB
[runlim] sample:		2679.8 time, 2680.6 real, 1108.2 MB
[runlim] sample:		2689.8 time, 2690.6 real, 1072.0 MB
[runlim] sample:		2699.8 time, 2700.6 real, 1053.1 MB
[runlim] sample:		2709.8 time, 2710.6 real, 1067.2 MB
[runlim] sample:		2719.8 time, 2720.6 real, 1058.7 MB
[runlim] sample:		2729.8 time, 2730.6 real, 1102.4 MB
[runlim] sample:		2739.8 time, 2740.6 real, 1105.6 MB
[runlim] sample:		2749.8 time, 2750.6 real, 1105.6 MB
[runlim] sample:		2759.8 time, 2760.6 real, 1105.6 MB
[runlim] sample:		2769.8 time, 2770.6 real, 1379.3 MB
[runlim] sample:		2779.8 time, 2780.6 real, 1379.3 MB
[runlim] sample:		2789.8 time, 2790.6 real, 1379.3 MB
[runlim] sample:		2799.8 time, 2800.6 real, 1454.0 MB
[runlim] sample:		2809.8 time, 2810.6 real, 1454.0 MB
[runlim] sample:		2819.8 time, 2820.6 real, 1098.6 MB
[runlim] sample:		2829.8 time, 2830.6 real, 1048.7 MB
[runlim] sample:		2839.8 time, 2840.6 real, 1116.7 MB
[runlim] sample:		2849.8 time, 2850.6 real, 1069.7 MB
[runlim] sample:		2859.8 time, 2860.6 real, 1065.8 MB
[runlim] sample:		2869.8 time, 2870.6 real, 1065.8 MB
[runlim] sample:		2879.8 time, 2880.6 real, 1110.3 MB
[runlim] sample:		2889.8 time, 2890.6 real, 1074.2 MB
[runlim] sample:		2899.8 time, 2900.6 real, 1074.2 MB
[runlim] sample:		2909.8 time, 2910.6 real, 1008.7 MB
[runlim] sample:		2919.8 time, 2920.6 real, 1008.7 MB
[runlim] sample:		2929.8 time, 2930.6 real, 962.7 MB
[runlim] sample:		2939.8 time, 2940.6 real, 977.8 MB
[runlim] sample:		2949.8 time, 2950.6 real, 992.3 MB
[runlim] sample:		2959.8 time, 2960.6 real, 992.3 MB
[runlim] sample:		2969.8 time, 2970.6 real, 1086.0 MB
[runlim] sample:		2979.8 time, 2980.6 real, 1086.0 MB
c	Solving duration: 859368 ms
c	Answer: 
s SAT (w = 102)
c	Solution check:
p calculated antibandwidth = 102.
c
c
c Antibandwidth problem with w = 103 ( O-impcol_d.mtx.rnd ):
c Initializing CaDiCaL (version 1.2.1).
c	Configuring CaDiCaL as --sat (1).
c Initializing a DuplexNSC encoder with n = 425.
c Encoding starts with w = 103:
c	Labels and Vertices aux var: 34000
c	Labels and Vertices constraints:  415650
c	Obj k aux var: 307275
c	Obj k constraints: 2861485
c	Obj k glue staircase constraints: 1621760
c	Encoding duration: 0s
c	Number of clauses: 3277347
c	Number of irredundant clauses: 3275900
c	Number of variables: 521900
c SAT Solving starts:
[runlim] sample:		2989.8 time, 2990.6 real, 882.3 MB
[runlim] sample:		2999.8 time, 3000.6 real, 959.6 MB
[runlim] sample:		3009.8 time, 3010.6 real, 882.3 MB
[runlim] sample:		3019.8 time, 3020.6 real, 882.3 MB
[runlim] sample:		3029.8 time, 3030.6 real, 1010.1 MB
[runlim] sample:		3039.8 time, 3040.6 real, 1004.7 MB
[runlim] sample:		3049.8 time, 3050.6 real, 1043.0 MB
[runlim] sample:		3059.8 time, 3060.6 real, 882.3 MB
[runlim] sample:		3069.8 time, 3070.6 real, 961.3 MB
[runlim] sample:		3079.8 time, 3080.6 real, 1008.8 MB
[runlim] sample:		3089.8 time, 3090.6 real, 1007.1 MB
[runlim] sample:		3099.8 time, 3100.6 real, 882.3 MB
[runlim] sample:		3109.8 time, 3110.6 real, 882.3 MB
[runlim] sample:		3119.8 time, 3120.6 real, 969.0 MB
[runlim] sample:		3129.8 time, 3130.6 real, 978.2 MB
[runlim] sample:		3139.8 time, 3140.6 real, 975.8 MB
[runlim] sample:		3149.8 time, 3150.6 real, 882.3 MB
[runlim] sample:		3159.8 time, 3160.6 real, 998.2 MB
[runlim] sample:		3169.8 time, 3170.6 real, 1005.8 MB
[runlim] sample:		3179.8 time, 3180.6 real, 1005.8 MB
[runlim] sample:		3189.8 time, 3190.6 real, 991.3 MB
[runlim] sample:		3199.8 time, 3200.6 real, 1357.4 MB
[runlim] sample:		3209.8 time, 3210.6 real, 1248.6 MB
[runlim] sample:		3219.8 time, 3220.6 real, 1177.7 MB
[runlim] sample:		3229.8 time, 3230.6 real, 995.1 MB
[runlim] sample:		3239.8 time, 3240.6 real, 985.9 MB
[runlim] sample:		3249.8 time, 3250.6 real, 1009.9 MB
[runlim] sample:		3259.8 time, 3260.6 real, 987.8 MB
[runlim] sample:		3269.8 time, 3270.6 real, 987.8 MB
[runlim] sample:		3279.8 time, 3280.6 real, 1020.2 MB
[runlim] sample:		3289.8 time, 3290.6 real, 1812.0 MB
[runlim] sample:		3299.8 time, 3300.6 real, 1812.0 MB
[runlim] sample:		3309.8 time, 3310.6 real, 1337.5 MB
[runlim] sample:		3319.8 time, 3320.6 real, 1012.8 MB
[runlim] sample:		3329.8 time, 3330.6 real, 1001.2 MB
[runlim] sample:		3339.8 time, 3340.6 real, 1001.2 MB
[runlim] sample:		3349.8 time, 3350.6 real, 1080.7 MB
[runlim] sample:		3359.8 time, 3360.6 real, 1080.7 MB
[runlim] sample:		3369.8 time, 3370.6 real, 1328.1 MB
[runlim] sample:		3379.8 time, 3380.6 real, 1328.1 MB
[runlim] sample:		3389.8 time, 3390.6 real, 1328.1 MB
[runlim] sample:		3399.8 time, 3400.6 real, 1337.9 MB
[runlim] sample:		3409.8 time, 3410.6 real, 1336.0 MB
[runlim] sample:		3419.8 time, 3420.6 real, 1336.0 MB
[runlim] sample:		3429.8 time, 3430.6 real, 1272.2 MB
[runlim] sample:		3439.8 time, 3440.6 real, 994.4 MB
[runlim] sample:		3449.8 time, 3450.6 real, 994.4 MB
[runlim] sample:		3459.8 time, 3460.6 real, 1121.9 MB
[runlim] sample:		3469.8 time, 3470.6 real, 1121.9 MB
[runlim] sample:		3479.8 time, 3480.6 real, 1166.5 MB
[runlim] sample:		3489.8 time, 3490.6 real, 1202.9 MB
[runlim] sample:		3499.8 time, 3500.6 real, 1083.8 MB
[runlim] sample:		3509.8 time, 3510.6 real, 1069.7 MB
[runlim] sample:		3519.8 time, 3520.6 real, 1050.0 MB
[runlim] sample:		3529.8 time, 3530.6 real, 1050.0 MB
[runlim] sample:		3539.8 time, 3540.6 real, 1206.1 MB
[runlim] sample:		3549.8 time, 3550.6 real, 991.6 MB
[runlim] sample:		3559.8 time, 3560.6 real, 991.6 MB
[runlim] sample:		3569.8 time, 3570.6 real, 1000.3 MB
[runlim] sample:		3579.8 time, 3580.6 real, 1217.1 MB
[runlim] sample:		3589.8 time, 3590.6 real, 1420.5 MB
c Signal interruption.
[runlim] end:			Mon Sep  9 10:27:18 2024
[runlim] status:		out of time
[runlim] result:		2
[runlim] children:		0
[runlim] real:			3600.15 seconds
[runlim] time:			3599.27 seconds
[runlim] space:			2755.0 MB
[runlim] samples:		35995
