[runlim] version:		1.10
[runlim] time limit:		3600 seconds
[runlim] real time limit:	3600 seconds
[runlim] space limit:		30000 MB
[runlim] argv[0]:		/home/truongxuanhieu/AntiBandwidthReconstruct/build/abw_enc_symbreak_max_node
[runlim] argv[1]:		/home/truongxuanhieu/AntiBandwidthReconstruct/build/Benchmarks/O-impcol_d.mtx.rnd
[runlim] argv[2]:		--duplex
[runlim] start:			Sun Aug 18 19:32:07 2024
[runlim] main pid:		19099
[runlim] log captured:
c DuplexEncoder 0.8.
c Solving strategy: from LB to UB.
c LB-w = 91 (LB in Sinnl - A note on computational approaches for the antibandwidth problem).
c UB-w = 173 (UB in Sinnl - A note on computational approaches for the antibandwidth problem).
c Antibandwidth problem with w = 91 ( O-impcol_d.mtx.rnd ):
c Initializing CaDiCaL (version 1.2.1).
c	Configuring CaDiCaL as --sat (1).
c Initializing a Duplex encoder with n = 425.
c Encoding starts with w = 91:
c	Labels and Vertices aux var: 34000
c	Labels and Vertices constraints:  415650
c	Obj k aux var: 586500
c	Obj k constraints: 3576368
c	Obj k glue staircase constraints: 1683843
c	Encoding duration: 1s
c	Number of clauses: 3992230
c	Number of irredundant clauses: 3698026
c	Number of variables: 801125
c SAT Solving starts:
[runlim] sample:		10.0 time, 10.1 real, 768.6 MB
[runlim] sample:		20.0 time, 20.1 real, 666.3 MB
[runlim] sample:		30.0 time, 30.1 real, 698.3 MB
[runlim] sample:		40.0 time, 40.1 real, 701.1 MB
[runlim] sample:		50.0 time, 50.1 real, 709.5 MB
[runlim] sample:		60.0 time, 60.1 real, 807.9 MB
[runlim] sample:		70.0 time, 70.1 real, 790.1 MB
[runlim] sample:		80.0 time, 80.1 real, 704.6 MB
c	Solving duration: 79526 ms
c	Answer: 
s SAT (w = 91)
c	Solution check:
p calculated antibandwidth = 91.
c
c
c Antibandwidth problem with w = 92 ( O-impcol_d.mtx.rnd ):
c Initializing CaDiCaL (version 1.2.1).
c	Configuring CaDiCaL as --sat (1).
c Initializing a Duplex encoder with n = 425.
c Encoding starts with w = 92:
c	Labels and Vertices aux var: 34000
c	Labels and Vertices constraints:  415650
c	Obj k aux var: 589050
c	Obj k constraints: 3576400
c	Obj k glue staircase constraints: 1678775
c	Encoding duration: 1s
c	Number of clauses: 3992262
c	Number of irredundant clauses: 3699021
c	Number of variables: 803675
c SAT Solving starts:
[runlim] sample:		90.0 time, 90.1 real, 731.5 MB
[runlim] sample:		100.0 time, 100.1 real, 698.1 MB
[runlim] sample:		110.0 time, 110.1 real, 718.8 MB
[runlim] sample:		120.0 time, 120.1 real, 727.0 MB
[runlim] sample:		130.0 time, 130.1 real, 726.9 MB
[runlim] sample:		140.0 time, 140.1 real, 737.2 MB
[runlim] sample:		150.0 time, 150.1 real, 691.9 MB
[runlim] sample:		160.0 time, 160.1 real, 717.5 MB
[runlim] sample:		170.0 time, 170.1 real, 694.5 MB
[runlim] sample:		180.0 time, 180.1 real, 694.5 MB
c	Solving duration: 99533 ms
c	Answer: 
s SAT (w = 92)
c	Solution check:
p calculated antibandwidth = 92.
c
c
c Antibandwidth problem with w = 93 ( O-impcol_d.mtx.rnd ):
c Initializing CaDiCaL (version 1.2.1).
c	Configuring CaDiCaL as --sat (1).
c Initializing a Duplex encoder with n = 425.
c Encoding starts with w = 93:
c	Labels and Vertices aux var: 34000
c	Labels and Vertices constraints:  415650
c	Obj k aux var: 591600
c	Obj k constraints: 3576432
c	Obj k glue staircase constraints: 1673707
c	Encoding duration: 1s
c	Number of clauses: 3992294
c	Number of irredundant clauses: 3700016
c	Number of variables: 806225
c SAT Solving starts:
[runlim] sample:		190.0 time, 190.1 real, 745.9 MB
[runlim] sample:		200.0 time, 200.1 real, 731.0 MB
[runlim] sample:		210.0 time, 210.1 real, 747.4 MB
[runlim] sample:		220.0 time, 220.1 real, 727.8 MB
[runlim] sample:		230.0 time, 230.1 real, 782.6 MB
[runlim] sample:		240.0 time, 240.1 real, 800.9 MB
[runlim] sample:		250.0 time, 250.1 real, 825.6 MB
[runlim] sample:		260.0 time, 260.1 real, 731.1 MB
[runlim] sample:		270.0 time, 270.1 real, 767.0 MB
[runlim] sample:		280.0 time, 280.1 real, 902.0 MB
[runlim] sample:		290.0 time, 290.1 real, 756.4 MB
[runlim] sample:		300.0 time, 300.1 real, 733.4 MB
[runlim] sample:		310.0 time, 310.1 real, 774.6 MB
[runlim] sample:		320.0 time, 320.1 real, 732.4 MB
[runlim] sample:		330.0 time, 330.1 real, 837.5 MB
[runlim] sample:		340.0 time, 340.1 real, 761.0 MB
[runlim] sample:		350.0 time, 350.1 real, 859.7 MB
[runlim] sample:		360.0 time, 360.1 real, 796.3 MB
[runlim] sample:		370.0 time, 370.1 real, 807.8 MB
c	Solving duration: 189289 ms
c	Answer: 
s SAT (w = 93)
c	Solution check:
p calculated antibandwidth = 93.
c
c
c Antibandwidth problem with w = 94 ( O-impcol_d.mtx.rnd ):
c Initializing CaDiCaL (version 1.2.1).
c	Configuring CaDiCaL as --sat (1).
c Initializing a Duplex encoder with n = 425.
c Encoding starts with w = 94:
c	Labels and Vertices aux var: 34000
c	Labels and Vertices constraints:  415650
c	Obj k aux var: 594150
c	Obj k constraints: 3576464
c	Obj k glue staircase constraints: 1668639
c	Encoding duration: 1s
c	Number of clauses: 3992326
c	Number of irredundant clauses: 3701011
c	Number of variables: 808775
c SAT Solving starts:
[runlim] sample:		380.0 time, 380.1 real, 776.4 MB
[runlim] sample:		390.0 time, 390.1 real, 778.7 MB
[runlim] sample:		400.0 time, 400.1 real, 789.1 MB
[runlim] sample:		410.0 time, 410.1 real, 784.8 MB
[runlim] sample:		420.0 time, 420.1 real, 866.0 MB
[runlim] sample:		430.0 time, 430.1 real, 785.8 MB
[runlim] sample:		440.0 time, 440.1 real, 867.5 MB
[runlim] sample:		450.0 time, 450.1 real, 784.0 MB
[runlim] sample:		460.0 time, 460.1 real, 794.7 MB
[runlim] sample:		470.0 time, 470.1 real, 897.9 MB
[runlim] sample:		480.0 time, 480.1 real, 876.2 MB
[runlim] sample:		490.0 time, 490.1 real, 1018.8 MB
[runlim] sample:		500.0 time, 500.1 real, 837.6 MB
[runlim] sample:		510.0 time, 510.1 real, 751.7 MB
[runlim] sample:		520.0 time, 520.1 real, 886.9 MB
[runlim] sample:		530.0 time, 530.1 real, 800.6 MB
[runlim] sample:		540.0 time, 540.1 real, 901.8 MB
[runlim] sample:		550.0 time, 550.1 real, 825.7 MB
[runlim] sample:		560.0 time, 560.1 real, 795.3 MB
[runlim] sample:		570.0 time, 570.1 real, 803.5 MB
[runlim] sample:		580.0 time, 580.1 real, 851.8 MB
[runlim] sample:		590.0 time, 590.1 real, 771.0 MB
[runlim] sample:		600.0 time, 600.1 real, 897.5 MB
[runlim] sample:		610.0 time, 610.1 real, 897.5 MB
[runlim] sample:		620.0 time, 620.1 real, 1069.0 MB
c	Solving duration: 253651 ms
c	Answer: 
s SAT (w = 94)
c	Solution check:
p calculated antibandwidth = 94.
c
c
c Antibandwidth problem with w = 95 ( O-impcol_d.mtx.rnd ):
c Initializing CaDiCaL (version 1.2.1).
c	Configuring CaDiCaL as --sat (1).
c Initializing a Duplex encoder with n = 425.
c Encoding starts with w = 95:
[runlim] sample:		630.0 time, 630.1 real, 790.0 MB
c	Labels and Vertices aux var: 34000
c	Labels and Vertices constraints:  415650
c	Obj k aux var: 596700
c	Obj k constraints: 3576496
c	Obj k glue staircase constraints: 1663571
c	Encoding duration: 1s
c	Number of clauses: 3992358
c	Number of irredundant clauses: 3702006
c	Number of variables: 811325
c SAT Solving starts:
[runlim] sample:		640.0 time, 640.1 real, 872.4 MB
[runlim] sample:		650.0 time, 650.1 real, 812.4 MB
[runlim] sample:		660.0 time, 660.1 real, 820.6 MB
[runlim] sample:		669.9 time, 670.1 real, 809.6 MB
[runlim] sample:		680.0 time, 680.1 real, 843.3 MB
[runlim] sample:		689.9 time, 690.1 real, 842.9 MB
[runlim] sample:		700.0 time, 700.1 real, 925.5 MB
[runlim] sample:		710.0 time, 710.1 real, 858.7 MB
[runlim] sample:		719.9 time, 720.1 real, 887.9 MB
[runlim] sample:		729.9 time, 730.1 real, 975.1 MB
[runlim] sample:		739.9 time, 740.1 real, 1082.1 MB
[runlim] sample:		749.9 time, 750.1 real, 1039.6 MB
[runlim] sample:		759.9 time, 760.1 real, 886.4 MB
[runlim] sample:		769.9 time, 770.1 real, 894.2 MB
[runlim] sample:		779.9 time, 780.1 real, 859.1 MB
[runlim] sample:		789.9 time, 790.1 real, 811.4 MB
[runlim] sample:		799.9 time, 800.1 real, 984.1 MB
[runlim] sample:		809.9 time, 810.1 real, 861.5 MB
[runlim] sample:		819.9 time, 820.1 real, 882.5 MB
c	Solving duration: 199041 ms
c	Answer: 
s SAT (w = 95)
c	Solution check:
p calculated antibandwidth = 95.
c
c
c Antibandwidth problem with w = 96 ( O-impcol_d.mtx.rnd ):
c Initializing CaDiCaL (version 1.2.1).
c	Configuring CaDiCaL as --sat (1).
c Initializing a Duplex encoder with n = 425.
c Encoding starts with w = 96:
[runlim] sample:		829.9 time, 830.1 real, 703.1 MB
c	Labels and Vertices aux var: 34000
c	Labels and Vertices constraints:  415650
c	Obj k aux var: 599250
c	Obj k constraints: 3576528
c	Obj k glue staircase constraints: 1658503
c	Encoding duration: 1s
c	Number of clauses: 3992390
c	Number of irredundant clauses: 3703001
c	Number of variables: 813875
c SAT Solving starts:
[runlim] sample:		839.9 time, 840.1 real, 940.7 MB
[runlim] sample:		849.9 time, 850.1 real, 828.7 MB
[runlim] sample:		859.9 time, 860.1 real, 870.7 MB
[runlim] sample:		869.9 time, 870.1 real, 870.5 MB
[runlim] sample:		879.9 time, 880.1 real, 840.3 MB
[runlim] sample:		889.9 time, 890.1 real, 896.1 MB
[runlim] sample:		899.9 time, 900.1 real, 800.3 MB
[runlim] sample:		909.9 time, 910.1 real, 800.2 MB
[runlim] sample:		919.9 time, 920.1 real, 807.8 MB
[runlim] sample:		929.9 time, 930.1 real, 805.4 MB
[runlim] sample:		939.9 time, 940.1 real, 815.0 MB
[runlim] sample:		949.9 time, 950.1 real, 804.7 MB
[runlim] sample:		959.9 time, 960.1 real, 893.4 MB
[runlim] sample:		969.9 time, 970.1 real, 882.9 MB
c	Solving duration: 144653 ms
c	Answer: 
s SAT (w = 96)
c	Solution check:
p calculated antibandwidth = 96.
c
c
c Antibandwidth problem with w = 97 ( O-impcol_d.mtx.rnd ):
c Initializing CaDiCaL (version 1.2.1).
c	Configuring CaDiCaL as --sat (1).
c Initializing a Duplex encoder with n = 425.
c Encoding starts with w = 97:
c	Labels and Vertices aux var: 34000
c	Labels and Vertices constraints:  415650
c	Obj k aux var: 601800
c	Obj k constraints: 3576560
c	Obj k glue staircase constraints: 1653435
c	Encoding duration: 1s
c	Number of clauses: 3992422
c	Number of irredundant clauses: 3703996
c	Number of variables: 816425
c SAT Solving starts:
[runlim] sample:		979.9 time, 980.1 real, 914.5 MB
[runlim] sample:		989.9 time, 990.1 real, 863.3 MB
[runlim] sample:		999.9 time, 1000.1 real, 833.4 MB
[runlim] sample:		1009.9 time, 1010.1 real, 839.7 MB
[runlim] sample:		1019.9 time, 1020.1 real, 860.2 MB
[runlim] sample:		1029.9 time, 1030.1 real, 858.3 MB
[runlim] sample:		1039.9 time, 1040.1 real, 940.6 MB
[runlim] sample:		1049.9 time, 1050.1 real, 857.4 MB
[runlim] sample:		1059.9 time, 1060.1 real, 871.9 MB
[runlim] sample:		1069.9 time, 1070.1 real, 859.4 MB
[runlim] sample:		1079.9 time, 1080.1 real, 836.5 MB
[runlim] sample:		1089.9 time, 1090.1 real, 883.0 MB
[runlim] sample:		1099.9 time, 1100.1 real, 872.2 MB
[runlim] sample:		1109.9 time, 1110.1 real, 998.1 MB
[runlim] sample:		1119.9 time, 1120.1 real, 883.6 MB
[runlim] sample:		1129.9 time, 1130.1 real, 897.3 MB
[runlim] sample:		1139.9 time, 1140.1 real, 903.7 MB
[runlim] sample:		1149.9 time, 1150.1 real, 942.4 MB
[runlim] sample:		1159.9 time, 1160.1 real, 933.2 MB
c	Solving duration: 192458 ms
c	Answer: 
s SAT (w = 97)
c	Solution check:
p calculated antibandwidth = 97.
c
c
c Antibandwidth problem with w = 98 ( O-impcol_d.mtx.rnd ):
c Initializing CaDiCaL (version 1.2.1).
c	Configuring CaDiCaL as --sat (1).
c Initializing a Duplex encoder with n = 425.
c Encoding starts with w = 98:
[runlim] sample:		1169.9 time, 1170.1 real, 808.2 MB
c	Labels and Vertices aux var: 34000
c	Labels and Vertices constraints:  415650
c	Obj k aux var: 604350
c	Obj k constraints: 3576592
c	Obj k glue staircase constraints: 1648367
c	Encoding duration: 1s
c	Number of clauses: 3992454
c	Number of irredundant clauses: 3704991
c	Number of variables: 818975
c SAT Solving starts:
[runlim] sample:		1179.9 time, 1180.1 real, 890.4 MB
[runlim] sample:		1189.9 time, 1190.1 real, 931.9 MB
[runlim] sample:		1199.9 time, 1200.1 real, 874.0 MB
[runlim] sample:		1209.9 time, 1210.1 real, 874.7 MB
[runlim] sample:		1219.9 time, 1220.1 real, 876.8 MB
[runlim] sample:		1229.9 time, 1230.1 real, 882.2 MB
[runlim] sample:		1239.9 time, 1240.1 real, 877.8 MB
[runlim] sample:		1249.9 time, 1250.1 real, 918.1 MB
[runlim] sample:		1259.9 time, 1260.1 real, 1001.7 MB
[runlim] sample:		1269.9 time, 1270.1 real, 1073.6 MB
[runlim] sample:		1279.9 time, 1280.1 real, 869.9 MB
[runlim] sample:		1289.9 time, 1290.1 real, 922.2 MB
[runlim] sample:		1299.9 time, 1300.1 real, 996.2 MB
[runlim] sample:		1309.9 time, 1310.1 real, 899.3 MB
[runlim] sample:		1319.9 time, 1320.1 real, 917.3 MB
[runlim] sample:		1329.9 time, 1330.1 real, 1084.8 MB
[runlim] sample:		1339.9 time, 1340.1 real, 892.0 MB
[runlim] sample:		1349.9 time, 1350.1 real, 906.5 MB
[runlim] sample:		1359.9 time, 1360.1 real, 917.8 MB
[runlim] sample:		1369.9 time, 1370.1 real, 858.3 MB
[runlim] sample:		1379.9 time, 1380.1 real, 874.1 MB
[runlim] sample:		1389.9 time, 1390.1 real, 990.7 MB
[runlim] sample:		1399.9 time, 1400.1 real, 951.8 MB
[runlim] sample:		1409.8 time, 1410.1 real, 928.4 MB
[runlim] sample:		1419.8 time, 1420.1 real, 928.6 MB
[runlim] sample:		1429.8 time, 1430.1 real, 1122.4 MB
[runlim] sample:		1439.8 time, 1440.1 real, 1081.0 MB
[runlim] sample:		1449.8 time, 1450.1 real, 1086.2 MB
c	Solving duration: 288733 ms
c	Answer: 
s SAT (w = 98)
c	Solution check:
p calculated antibandwidth = 98.
[runlim] sample:		1459.8 time, 1460.1 real, 844.2 MB
c
c
c Antibandwidth problem with w = 99 ( O-impcol_d.mtx.rnd ):
c Initializing CaDiCaL (version 1.2.1).
c	Configuring CaDiCaL as --sat (1).
c Initializing a Duplex encoder with n = 425.
c Encoding starts with w = 99:
c	Labels and Vertices aux var: 34000
c	Labels and Vertices constraints:  415650
c	Obj k aux var: 606900
c	Obj k constraints: 3576624
c	Obj k glue staircase constraints: 1643299
c	Encoding duration: 1s
c	Number of clauses: 3992486
c	Number of irredundant clauses: 3705986
c	Number of variables: 821525
c SAT Solving starts:
[runlim] sample:		1469.8 time, 1470.1 real, 860.2 MB
[runlim] sample:		1479.8 time, 1480.1 real, 927.4 MB
[runlim] sample:		1489.9 time, 1490.1 real, 886.8 MB
[runlim] sample:		1499.8 time, 1500.1 real, 887.1 MB
[runlim] sample:		1509.8 time, 1510.1 real, 889.1 MB
[runlim] sample:		1519.8 time, 1520.1 real, 899.8 MB
[runlim] sample:		1529.8 time, 1530.1 real, 936.9 MB
[runlim] sample:		1539.8 time, 1540.1 real, 891.4 MB
[runlim] sample:		1549.8 time, 1550.1 real, 903.1 MB
[runlim] sample:		1559.8 time, 1560.1 real, 951.0 MB
[runlim] sample:		1569.8 time, 1570.1 real, 925.8 MB
[runlim] sample:		1579.8 time, 1580.1 real, 883.8 MB
[runlim] sample:		1589.8 time, 1590.1 real, 894.6 MB
[runlim] sample:		1599.8 time, 1600.1 real, 860.5 MB
[runlim] sample:		1609.8 time, 1610.1 real, 870.9 MB
[runlim] sample:		1619.8 time, 1620.1 real, 854.5 MB
[runlim] sample:		1629.8 time, 1630.1 real, 896.4 MB
[runlim] sample:		1639.8 time, 1640.1 real, 853.0 MB
[runlim] sample:		1649.8 time, 1650.1 real, 874.0 MB
[runlim] sample:		1659.8 time, 1660.1 real, 874.0 MB
[runlim] sample:		1669.8 time, 1670.1 real, 963.9 MB
[runlim] sample:		1679.8 time, 1680.1 real, 1029.4 MB
[runlim] sample:		1689.8 time, 1690.1 real, 884.5 MB
[runlim] sample:		1699.8 time, 1700.1 real, 873.9 MB
[runlim] sample:		1709.8 time, 1710.1 real, 874.4 MB
[runlim] sample:		1719.8 time, 1720.1 real, 874.4 MB
[runlim] sample:		1729.8 time, 1730.1 real, 1098.3 MB
[runlim] sample:		1739.8 time, 1740.1 real, 1098.3 MB
[runlim] sample:		1749.8 time, 1750.1 real, 1098.4 MB
[runlim] sample:		1759.8 time, 1760.1 real, 1116.1 MB
[runlim] sample:		1769.8 time, 1770.1 real, 899.3 MB
[runlim] sample:		1779.8 time, 1780.1 real, 900.3 MB
[runlim] sample:		1789.8 time, 1790.1 real, 940.7 MB
[runlim] sample:		1799.8 time, 1800.1 real, 968.5 MB
[runlim] sample:		1809.8 time, 1810.1 real, 996.6 MB
[runlim] sample:		1819.8 time, 1820.1 real, 1040.0 MB
[runlim] sample:		1829.8 time, 1830.1 real, 1040.0 MB
[runlim] sample:		1839.8 time, 1840.1 real, 1177.4 MB
[runlim] sample:		1849.8 time, 1850.1 real, 1038.5 MB
[runlim] sample:		1859.8 time, 1860.1 real, 1038.5 MB
c	Solving duration: 398737 ms
c	Answer: 
s SAT (w = 99)
c	Solution check:
p calculated antibandwidth = 99.
c
c
c Antibandwidth problem with w = 100 ( O-impcol_d.mtx.rnd ):
c Initializing CaDiCaL (version 1.2.1).
c	Configuring CaDiCaL as --sat (1).
c Initializing a Duplex encoder with n = 425.
c Encoding starts with w = 100:
c	Labels and Vertices aux var: 34000
c	Labels and Vertices constraints:  415650
c	Obj k aux var: 609450
c	Obj k constraints: 3576656
c	Obj k glue staircase constraints: 1638231
c	Encoding duration: 1s
c	Number of clauses: 3992518
c	Number of irredundant clauses: 3706981
c	Number of variables: 824075
c SAT Solving starts:
[runlim] sample:		1869.8 time, 1870.1 real, 889.3 MB
[runlim] sample:		1879.8 time, 1880.1 real, 931.0 MB
[runlim] sample:		1889.8 time, 1890.1 real, 922.8 MB
[runlim] sample:		1899.8 time, 1900.1 real, 923.0 MB
[runlim] sample:		1909.8 time, 1910.1 real, 923.2 MB
[runlim] sample:		1919.8 time, 1920.1 real, 922.8 MB
[runlim] sample:		1929.8 time, 1930.1 real, 887.5 MB
[runlim] sample:		1939.8 time, 1940.1 real, 897.7 MB
[runlim] sample:		1949.8 time, 1950.1 real, 973.9 MB
[runlim] sample:		1959.8 time, 1960.1 real, 1023.8 MB
[runlim] sample:		1969.8 time, 1970.1 real, 1135.7 MB
[runlim] sample:		1979.8 time, 1980.1 real, 934.1 MB
[runlim] sample:		1989.8 time, 1990.1 real, 935.4 MB
[runlim] sample:		1999.8 time, 2000.1 real, 934.9 MB
[runlim] sample:		2009.8 time, 2010.1 real, 908.6 MB
[runlim] sample:		2019.8 time, 2020.1 real, 1023.1 MB
[runlim] sample:		2029.8 time, 2030.1 real, 947.7 MB
[runlim] sample:		2039.8 time, 2040.1 real, 927.9 MB
[runlim] sample:		2049.8 time, 2050.1 real, 936.7 MB
[runlim] sample:		2059.8 time, 2060.1 real, 963.1 MB
[runlim] sample:		2069.8 time, 2070.1 real, 997.5 MB
[runlim] sample:		2079.8 time, 2080.1 real, 976.2 MB
[runlim] sample:		2089.8 time, 2090.1 real, 1018.6 MB
[runlim] sample:		2099.8 time, 2100.1 real, 980.6 MB
[runlim] sample:		2109.8 time, 2110.1 real, 994.8 MB
[runlim] sample:		2119.8 time, 2120.1 real, 992.7 MB
[runlim] sample:		2129.8 time, 2130.1 real, 992.7 MB
[runlim] sample:		2139.8 time, 2140.1 real, 992.7 MB
[runlim] sample:		2149.8 time, 2150.1 real, 1141.1 MB
[runlim] sample:		2159.8 time, 2160.1 real, 1156.9 MB
[runlim] sample:		2169.8 time, 2170.1 real, 1002.4 MB
[runlim] sample:		2179.8 time, 2180.1 real, 1004.4 MB
[runlim] sample:		2189.8 time, 2190.1 real, 1018.2 MB
[runlim] sample:		2199.8 time, 2200.1 real, 989.2 MB
[runlim] sample:		2209.8 time, 2210.1 real, 988.8 MB
[runlim] sample:		2219.8 time, 2220.1 real, 988.8 MB
[runlim] sample:		2229.8 time, 2230.1 real, 988.8 MB
[runlim] sample:		2239.8 time, 2240.1 real, 1125.9 MB
[runlim] sample:		2249.8 time, 2250.1 real, 1125.9 MB
[runlim] sample:		2259.8 time, 2260.1 real, 1125.9 MB
[runlim] sample:		2269.8 time, 2270.1 real, 1312.3 MB
c	Solving duration: 415891 ms
c	Answer: 
s SAT (w = 100)
c	Solution check:
p calculated antibandwidth = 100.
c
c
c Antibandwidth problem with w = 101 ( O-impcol_d.mtx.rnd ):
c Initializing CaDiCaL (version 1.2.1).
c	Configuring CaDiCaL as --sat (1).
c Initializing a Duplex encoder with n = 425.
c Encoding starts with w = 101:
c	Labels and Vertices aux var: 34000
c	Labels and Vertices constraints:  415650
c	Obj k aux var: 612000
c	Obj k constraints: 3576688
c	Obj k glue staircase constraints: 1633163
c	Encoding duration: 1s
c	Number of clauses: 3992550
c	Number of irredundant clauses: 3707976
c	Number of variables: 826625
c SAT Solving starts:
[runlim] sample:		2279.8 time, 2280.1 real, 948.0 MB
[runlim] sample:		2289.8 time, 2290.1 real, 926.2 MB
[runlim] sample:		2299.8 time, 2300.1 real, 926.2 MB
[runlim] sample:		2309.8 time, 2310.1 real, 984.4 MB
[runlim] sample:		2319.8 time, 2320.1 real, 961.9 MB
[runlim] sample:		2329.8 time, 2330.1 real, 958.8 MB
[runlim] sample:		2339.8 time, 2340.1 real, 961.2 MB
[runlim] sample:		2349.8 time, 2350.1 real, 974.3 MB
[runlim] sample:		2359.8 time, 2360.1 real, 974.3 MB
[runlim] sample:		2369.8 time, 2370.1 real, 1107.6 MB
[runlim] sample:		2379.8 time, 2380.1 real, 1048.3 MB
[runlim] sample:		2389.8 time, 2390.1 real, 1053.5 MB
[runlim] sample:		2399.8 time, 2400.1 real, 998.4 MB
[runlim] sample:		2409.8 time, 2410.1 real, 1007.8 MB
[runlim] sample:		2419.8 time, 2420.1 real, 993.8 MB
[runlim] sample:		2429.8 time, 2430.1 real, 986.7 MB
[runlim] sample:		2439.8 time, 2440.1 real, 994.7 MB
[runlim] sample:		2449.8 time, 2450.1 real, 1022.1 MB
[runlim] sample:		2459.8 time, 2460.1 real, 993.8 MB
[runlim] sample:		2469.8 time, 2470.1 real, 1049.7 MB
[runlim] sample:		2479.8 time, 2480.1 real, 1049.7 MB
[runlim] sample:		2489.8 time, 2490.1 real, 1252.0 MB
[runlim] sample:		2499.8 time, 2500.1 real, 1015.2 MB
[runlim] sample:		2509.8 time, 2510.1 real, 1065.7 MB
[runlim] sample:		2519.8 time, 2520.1 real, 1089.0 MB
[runlim] sample:		2529.8 time, 2530.1 real, 1094.3 MB
[runlim] sample:		2539.8 time, 2540.1 real, 1051.7 MB
[runlim] sample:		2549.8 time, 2550.1 real, 1025.7 MB
[runlim] sample:		2559.8 time, 2560.1 real, 1026.2 MB
[runlim] sample:		2569.8 time, 2570.1 real, 1314.0 MB
[runlim] sample:		2579.8 time, 2580.1 real, 1314.0 MB
[runlim] sample:		2589.8 time, 2590.1 real, 1314.0 MB
[runlim] sample:		2599.8 time, 2600.1 real, 1314.0 MB
[runlim] sample:		2609.8 time, 2610.1 real, 1324.8 MB
[runlim] sample:		2619.8 time, 2620.1 real, 1419.5 MB
[runlim] sample:		2629.8 time, 2630.1 real, 1508.9 MB
[runlim] sample:		2639.8 time, 2640.1 real, 1603.0 MB
[runlim] sample:		2649.8 time, 2650.1 real, 1562.3 MB
[runlim] sample:		2659.8 time, 2660.1 real, 1018.0 MB
[runlim] sample:		2669.8 time, 2670.1 real, 1053.4 MB
[runlim] sample:		2679.8 time, 2680.1 real, 1164.7 MB
[runlim] sample:		2689.8 time, 2690.1 real, 1095.4 MB
[runlim] sample:		2699.8 time, 2700.1 real, 1108.1 MB
[runlim] sample:		2709.8 time, 2710.1 real, 1073.9 MB
[runlim] sample:		2719.8 time, 2720.1 real, 1070.0 MB
[runlim] sample:		2729.8 time, 2730.1 real, 1070.0 MB
[runlim] sample:		2739.8 time, 2740.1 real, 1314.0 MB
[runlim] sample:		2749.8 time, 2750.1 real, 1314.0 MB
[runlim] sample:		2759.8 time, 2760.1 real, 1270.4 MB
[runlim] sample:		2769.8 time, 2770.1 real, 1294.3 MB
c	Solving duration: 492650 ms
c	Answer: 
s SAT (w = 101)
c	Solution check:
p calculated antibandwidth = 101.
c
c
c Antibandwidth problem with w = 102 ( O-impcol_d.mtx.rnd ):
c Initializing CaDiCaL (version 1.2.1).
c	Configuring CaDiCaL as --sat (1).
c Initializing a Duplex encoder with n = 425.
c Encoding starts with w = 102:
c	Labels and Vertices aux var: 34000
c	Labels and Vertices constraints:  415650
c	Obj k aux var: 614550
c	Obj k constraints: 3576720
c	Obj k glue staircase constraints: 1628095
c	Encoding duration: 1s
c	Number of clauses: 3992582
c	Number of irredundant clauses: 3708971
c	Number of variables: 829175
c SAT Solving starts:
[runlim] sample:		2779.8 time, 2780.1 real, 971.4 MB
[runlim] sample:		2789.8 time, 2790.1 real, 1009.0 MB
[runlim] sample:		2799.8 time, 2800.1 real, 1066.7 MB
[runlim] sample:		2809.8 time, 2810.1 real, 1041.7 MB
[runlim] sample:		2819.8 time, 2820.1 real, 961.5 MB
[runlim] sample:		2829.8 time, 2830.1 real, 961.5 MB
[runlim] sample:		2839.8 time, 2840.1 real, 961.5 MB
[runlim] sample:		2849.8 time, 2850.1 real, 1059.2 MB
[runlim] sample:		2859.8 time, 2860.1 real, 1048.1 MB
[runlim] sample:		2869.8 time, 2870.1 real, 1048.6 MB
[runlim] sample:		2879.8 time, 2880.1 real, 1108.1 MB
[runlim] sample:		2889.8 time, 2890.1 real, 1141.9 MB
[runlim] sample:		2899.8 time, 2900.1 real, 1107.7 MB
[runlim] sample:		2909.8 time, 2910.1 real, 995.4 MB
[runlim] sample:		2919.8 time, 2920.1 real, 1089.8 MB
[runlim] sample:		2929.8 time, 2930.1 real, 1090.9 MB
[runlim] sample:		2939.8 time, 2940.1 real, 1089.0 MB
c	Solving duration: 174432 ms
c	Answer: 
s SAT (w = 102)
c	Solution check:
p calculated antibandwidth = 102.
c
c
c Antibandwidth problem with w = 103 ( O-impcol_d.mtx.rnd ):
c Initializing CaDiCaL (version 1.2.1).
c	Configuring CaDiCaL as --sat (1).
c Initializing a Duplex encoder with n = 425.
c Encoding starts with w = 103:
c	Labels and Vertices aux var: 34000
c	Labels and Vertices constraints:  415650
c	Obj k aux var: 617100
c	Obj k constraints: 3576752
c	Obj k glue staircase constraints: 1623027
c	Encoding duration: 1s
c	Number of clauses: 3992614
c	Number of irredundant clauses: 3709966
c	Number of variables: 831725
c SAT Solving starts:
[runlim] sample:		2949.8 time, 2950.1 real, 956.3 MB
[runlim] sample:		2959.8 time, 2960.1 real, 920.3 MB
[runlim] sample:		2969.8 time, 2970.1 real, 920.3 MB
[runlim] sample:		2979.8 time, 2980.1 real, 987.6 MB
[runlim] sample:		2989.8 time, 2990.1 real, 1035.3 MB
[runlim] sample:		2999.8 time, 3000.1 real, 1011.9 MB
[runlim] sample:		3009.8 time, 3010.1 real, 896.5 MB
[runlim] sample:		3019.8 time, 3020.1 real, 981.1 MB
[runlim] sample:		3029.8 time, 3030.1 real, 979.5 MB
[runlim] sample:		3039.8 time, 3040.1 real, 943.5 MB
[runlim] sample:		3049.8 time, 3050.1 real, 943.6 MB
[runlim] sample:		3059.8 time, 3060.1 real, 1047.7 MB
[runlim] sample:		3069.8 time, 3070.1 real, 943.9 MB
[runlim] sample:		3079.8 time, 3080.1 real, 1035.4 MB
[runlim] sample:		3089.8 time, 3090.1 real, 1035.9 MB
[runlim] sample:		3099.8 time, 3100.1 real, 1051.0 MB
[runlim] sample:		3109.8 time, 3110.1 real, 1050.9 MB
[runlim] sample:		3119.8 time, 3120.1 real, 1065.1 MB
[runlim] sample:		3129.8 time, 3130.1 real, 1020.2 MB
[runlim] sample:		3139.8 time, 3140.1 real, 1030.7 MB
[runlim] sample:		3149.8 time, 3150.1 real, 1032.6 MB
[runlim] sample:		3159.8 time, 3160.1 real, 1034.3 MB
[runlim] sample:		3169.8 time, 3170.1 real, 1034.8 MB
[runlim] sample:		3179.8 time, 3180.1 real, 1389.8 MB
[runlim] sample:		3189.8 time, 3190.1 real, 1389.8 MB
[runlim] sample:		3199.7 time, 3200.1 real, 1389.8 MB
[runlim] sample:		3209.7 time, 3210.1 real, 1389.8 MB
[runlim] sample:		3219.8 time, 3220.1 real, 1480.0 MB
[runlim] sample:		3229.7 time, 3230.1 real, 1123.4 MB
[runlim] sample:		3239.8 time, 3240.1 real, 1235.8 MB
[runlim] sample:		3249.8 time, 3250.1 real, 1235.8 MB
[runlim] sample:		3259.7 time, 3260.1 real, 1213.3 MB
[runlim] sample:		3269.8 time, 3270.1 real, 1344.5 MB
[runlim] sample:		3279.7 time, 3280.1 real, 1116.5 MB
[runlim] sample:		3289.7 time, 3290.1 real, 1116.5 MB
[runlim] sample:		3299.8 time, 3300.1 real, 1238.0 MB
[runlim] sample:		3309.8 time, 3310.1 real, 1171.7 MB
[runlim] sample:		3319.8 time, 3320.1 real, 1171.7 MB
[runlim] sample:		3329.8 time, 3330.1 real, 1171.7 MB
[runlim] sample:		3339.8 time, 3340.1 real, 1230.8 MB
[runlim] sample:		3349.8 time, 3350.1 real, 1392.7 MB
[runlim] sample:		3359.7 time, 3360.1 real, 1934.3 MB
[runlim] sample:		3369.8 time, 3370.1 real, 1645.9 MB
[runlim] sample:		3379.7 time, 3380.1 real, 1243.4 MB
[runlim] sample:		3389.7 time, 3390.1 real, 1092.7 MB
[runlim] sample:		3399.7 time, 3400.1 real, 1092.7 MB
c	Solving duration: 459463 ms
c	Answer: 
s SAT (w = 103)
c	Solution check:
p calculated antibandwidth = 103.
c
c
c Antibandwidth problem with w = 104 ( O-impcol_d.mtx.rnd ):
c Initializing CaDiCaL (version 1.2.1).
c	Configuring CaDiCaL as --sat (1).
c Initializing a Duplex encoder with n = 425.
c Encoding starts with w = 104:
[runlim] sample:		3409.7 time, 3410.1 real, 1032.0 MB
c	Labels and Vertices aux var: 34000
c	Labels and Vertices constraints:  415650
c	Obj k aux var: 619650
c	Obj k constraints: 3576784
c	Obj k glue staircase constraints: 1617959
c	Encoding duration: 1s
c	Number of clauses: 3992646
c	Number of irredundant clauses: 3710961
c	Number of variables: 834275
c SAT Solving starts:
[runlim] sample:		3419.7 time, 3420.1 real, 1109.1 MB
[runlim] sample:		3429.7 time, 3430.1 real, 1052.6 MB
[runlim] sample:		3439.7 time, 3440.1 real, 1063.8 MB
[runlim] sample:		3449.7 time, 3450.1 real, 1054.5 MB
[runlim] sample:		3459.7 time, 3460.1 real, 1054.7 MB
[runlim] sample:		3469.7 time, 3470.1 real, 1054.0 MB
[runlim] sample:		3479.7 time, 3480.1 real, 1053.9 MB
[runlim] sample:		3489.7 time, 3490.1 real, 1056.6 MB
[runlim] sample:		3499.7 time, 3500.1 real, 1058.1 MB
[runlim] sample:		3509.7 time, 3510.1 real, 1060.3 MB
[runlim] sample:		3519.7 time, 3520.1 real, 1072.0 MB
[runlim] sample:		3529.7 time, 3530.1 real, 1063.9 MB
[runlim] sample:		3539.7 time, 3540.1 real, 1067.7 MB
[runlim] sample:		3549.7 time, 3550.1 real, 1067.7 MB
[runlim] sample:		3559.7 time, 3560.1 real, 1067.7 MB
[runlim] sample:		3569.7 time, 3570.1 real, 1092.6 MB
[runlim] sample:		3579.7 time, 3580.1 real, 1136.4 MB
[runlim] sample:		3589.7 time, 3590.1 real, 1116.1 MB
c Signal interruption.
[runlim] end:			Sun Aug 18 20:32:07 2024
[runlim] status:		out of time
[runlim] result:		2
[runlim] children:		0
[runlim] real:			3600.03 seconds
[runlim] time:			3599.62 seconds
[runlim] space:			2201.4 MB
[runlim] samples:		35999
