[runlim] version:		1.10
[runlim] time limit:		3600 seconds
[runlim] real time limit:	3600 seconds
[runlim] space limit:		30000 MB
[runlim] argv[0]:		/home/truongxuanhieu/AntiBandwidthReconstruct/build/abw_enc_symbreak_max_node
[runlim] argv[1]:		/home/truongxuanhieu/AntiBandwidthReconstruct/build/Benchmarks/O-impcol_d.mtx.rnd
[runlim] argv[2]:		--duplexNSC
[runlim] start:			Sun Aug 18 19:42:30 2024
[runlim] main pid:		20006
[runlim] log captured:
c DuplexEncoder 0.8.
c Solving strategy: from LB to UB.
c LB-w = 91 (LB in Sinnl - A note on computational approaches for the antibandwidth problem).
c UB-w = 173 (UB in Sinnl - A note on computational approaches for the antibandwidth problem).
c Antibandwidth problem with w = 91 ( O-impcol_d.mtx.rnd ):
c Initializing CaDiCaL (version 1.2.1).
c	Configuring CaDiCaL as --sat (1).
c Initializing a DuplexNSC encoder with n = 425.
c Encoding starts with w = 91:
c	Labels and Vertices aux var: 34000
c	Labels and Vertices constraints:  415650
c	Obj k aux var: 291975
c	Obj k constraints: 2881501
c	Obj k glue staircase constraints: 1682576
c	Encoding duration: 1s
c	Number of clauses: 3297363
c	Number of irredundant clauses: 3295964
c	Number of variables: 506600
c SAT Solving starts:
[runlim] sample:		10.0 time, 10.0 real, 572.7 MB
[runlim] sample:		20.0 time, 20.0 real, 581.1 MB
[runlim] sample:		30.0 time, 30.0 real, 547.2 MB
[runlim] sample:		40.0 time, 40.0 real, 618.9 MB
[runlim] sample:		50.0 time, 50.0 real, 634.9 MB
[runlim] sample:		60.0 time, 60.0 real, 641.1 MB
[runlim] sample:		70.0 time, 70.0 real, 541.1 MB
[runlim] sample:		80.0 time, 80.0 real, 549.4 MB
c	Solving duration: 83744 ms
c	Answer: 
s SAT (w = 91)
c	Solution check:
p calculated antibandwidth = 91.
c
c
c Antibandwidth problem with w = 92 ( O-impcol_d.mtx.rnd ):
c Initializing CaDiCaL (version 1.2.1).
c	Configuring CaDiCaL as --sat (1).
c Initializing a DuplexNSC encoder with n = 425.
c Encoding starts with w = 92:
c	Labels and Vertices aux var: 34000
c	Labels and Vertices constraints:  415650
c	Obj k aux var: 293250
c	Obj k constraints: 2879833
c	Obj k glue staircase constraints: 1677508
c	Encoding duration: 0s
c	Number of clauses: 3295695
c	Number of irredundant clauses: 3294292
c	Number of variables: 507875
c SAT Solving starts:
[runlim] sample:		90.0 time, 90.0 real, 591.0 MB
[runlim] sample:		100.0 time, 100.0 real, 595.4 MB
[runlim] sample:		110.0 time, 110.0 real, 687.0 MB
[runlim] sample:		120.0 time, 120.0 real, 596.9 MB
[runlim] sample:		130.0 time, 130.0 real, 599.8 MB
[runlim] sample:		140.0 time, 140.0 real, 628.7 MB
[runlim] sample:		150.0 time, 150.0 real, 669.4 MB
[runlim] sample:		160.0 time, 160.0 real, 738.6 MB
[runlim] sample:		170.0 time, 170.0 real, 574.5 MB
[runlim] sample:		180.0 time, 180.0 real, 596.8 MB
[runlim] sample:		190.0 time, 190.0 real, 599.1 MB
[runlim] sample:		200.0 time, 200.0 real, 600.4 MB
[runlim] sample:		210.0 time, 210.0 real, 578.2 MB
[runlim] sample:		220.0 time, 220.0 real, 577.2 MB
[runlim] sample:		230.0 time, 230.0 real, 569.2 MB
[runlim] sample:		240.0 time, 240.0 real, 559.7 MB
[runlim] sample:		250.0 time, 250.0 real, 697.7 MB
[runlim] sample:		260.0 time, 260.0 real, 608.2 MB
[runlim] sample:		270.0 time, 270.0 real, 611.3 MB
[runlim] sample:		280.0 time, 280.0 real, 690.9 MB
[runlim] sample:		290.0 time, 290.0 real, 690.9 MB
[runlim] sample:		300.0 time, 300.0 real, 818.4 MB
[runlim] sample:		310.0 time, 310.0 real, 1534.7 MB
[runlim] sample:		320.0 time, 320.0 real, 1051.1 MB
c	Solving duration: 237558 ms
c	Answer: 
s SAT (w = 92)
c	Solution check:
p calculated antibandwidth = 92.
c
c
c Antibandwidth problem with w = 93 ( O-impcol_d.mtx.rnd ):
c Initializing CaDiCaL (version 1.2.1).
c	Configuring CaDiCaL as --sat (1).
c Initializing a DuplexNSC encoder with n = 425.
c Encoding starts with w = 93:
c	Labels and Vertices aux var: 34000
c	Labels and Vertices constraints:  415650
c	Obj k aux var: 294525
c	Obj k constraints: 2878165
c	Obj k glue staircase constraints: 1672440
c	Encoding duration: 0s
c	Number of clauses: 3294027
c	Number of irredundant clauses: 3292620
c	Number of variables: 509150
c SAT Solving starts:
[runlim] sample:		330.0 time, 330.0 real, 847.7 MB
[runlim] sample:		340.0 time, 340.0 real, 880.3 MB
[runlim] sample:		350.0 time, 350.0 real, 903.4 MB
[runlim] sample:		360.0 time, 360.0 real, 877.4 MB
[runlim] sample:		370.0 time, 370.0 real, 876.3 MB
[runlim] sample:		380.0 time, 380.0 real, 884.2 MB
[runlim] sample:		390.0 time, 390.0 real, 884.2 MB
[runlim] sample:		400.0 time, 400.0 real, 882.5 MB
[runlim] sample:		410.0 time, 410.0 real, 927.6 MB
c	Solving duration: 86917 ms
c	Answer: 
s SAT (w = 93)
c	Solution check:
p calculated antibandwidth = 93.
c
c
c Antibandwidth problem with w = 94 ( O-impcol_d.mtx.rnd ):
c Initializing CaDiCaL (version 1.2.1).
c	Configuring CaDiCaL as --sat (1).
c Initializing a DuplexNSC encoder with n = 425.
c Encoding starts with w = 94:
c	Labels and Vertices aux var: 34000
c	Labels and Vertices constraints:  415650
c	Obj k aux var: 295800
c	Obj k constraints: 2876497
c	Obj k glue staircase constraints: 1667372
c	Encoding duration: 0s
c	Number of clauses: 3292359
c	Number of irredundant clauses: 3290948
c	Number of variables: 510425
c SAT Solving starts:
[runlim] sample:		420.0 time, 420.0 real, 848.9 MB
[runlim] sample:		430.0 time, 430.0 real, 883.8 MB
[runlim] sample:		440.0 time, 440.0 real, 875.3 MB
[runlim] sample:		450.0 time, 450.0 real, 881.2 MB
[runlim] sample:		460.0 time, 460.0 real, 881.3 MB
[runlim] sample:		470.0 time, 470.0 real, 878.1 MB
c	Solving duration: 65370 ms
c	Answer: 
s SAT (w = 94)
c	Solution check:
p calculated antibandwidth = 94.
c
c
c Antibandwidth problem with w = 95 ( O-impcol_d.mtx.rnd ):
c Initializing CaDiCaL (version 1.2.1).
c	Configuring CaDiCaL as --sat (1).
c Initializing a DuplexNSC encoder with n = 425.
c Encoding starts with w = 95:
c	Labels and Vertices aux var: 34000
c	Labels and Vertices constraints:  415650
c	Obj k aux var: 297075
c	Obj k constraints: 2874829
c	Obj k glue staircase constraints: 1662304
c	Encoding duration: 0s
c	Number of clauses: 3290691
c	Number of irredundant clauses: 3289276
c	Number of variables: 511700
c SAT Solving starts:
[runlim] sample:		480.0 time, 480.0 real, 771.5 MB
[runlim] sample:		490.0 time, 490.0 real, 880.7 MB
[runlim] sample:		500.0 time, 500.0 real, 857.9 MB
[runlim] sample:		510.0 time, 510.0 real, 848.4 MB
[runlim] sample:		520.0 time, 520.0 real, 905.8 MB
[runlim] sample:		530.0 time, 530.0 real, 881.7 MB
[runlim] sample:		540.0 time, 540.0 real, 938.7 MB
[runlim] sample:		550.0 time, 550.0 real, 979.8 MB
[runlim] sample:		560.0 time, 560.0 real, 1011.6 MB
[runlim] sample:		570.0 time, 570.0 real, 1011.6 MB
[runlim] sample:		580.0 time, 580.0 real, 865.1 MB
[runlim] sample:		590.0 time, 590.0 real, 941.8 MB
[runlim] sample:		600.0 time, 600.0 real, 852.0 MB
[runlim] sample:		609.9 time, 610.0 real, 854.6 MB
[runlim] sample:		620.0 time, 620.0 real, 859.5 MB
[runlim] sample:		629.9 time, 630.0 real, 862.3 MB
[runlim] sample:		639.9 time, 640.0 real, 896.2 MB
[runlim] sample:		649.9 time, 650.0 real, 852.8 MB
c	Solving duration: 174431 ms
c	Answer: 
s SAT (w = 95)
c	Solution check:
p calculated antibandwidth = 95.
c
c
c Antibandwidth problem with w = 96 ( O-impcol_d.mtx.rnd ):
c Initializing CaDiCaL (version 1.2.1).
c	Configuring CaDiCaL as --sat (1).
c Initializing a DuplexNSC encoder with n = 425.
c Encoding starts with w = 96:
c	Labels and Vertices aux var: 34000
c	Labels and Vertices constraints:  415650
c	Obj k aux var: 298350
c	Obj k constraints: 2873161
c	Obj k glue staircase constraints: 1657236
c	Encoding duration: 0s
c	Number of clauses: 3289023
c	Number of irredundant clauses: 3287604
c	Number of variables: 512975
c SAT Solving starts:
[runlim] sample:		659.9 time, 660.0 real, 849.2 MB
[runlim] sample:		669.9 time, 670.0 real, 856.6 MB
[runlim] sample:		679.9 time, 680.0 real, 771.5 MB
[runlim] sample:		689.9 time, 690.0 real, 850.1 MB
[runlim] sample:		699.9 time, 700.0 real, 896.7 MB
[runlim] sample:		709.9 time, 710.0 real, 950.2 MB
[runlim] sample:		719.9 time, 720.0 real, 807.1 MB
[runlim] sample:		729.9 time, 730.0 real, 807.1 MB
[runlim] sample:		739.9 time, 740.0 real, 896.6 MB
[runlim] sample:		749.9 time, 750.0 real, 807.1 MB
[runlim] sample:		759.9 time, 760.0 real, 966.1 MB
[runlim] sample:		769.9 time, 770.0 real, 997.3 MB
[runlim] sample:		779.9 time, 780.0 real, 1273.9 MB
[runlim] sample:		789.9 time, 790.0 real, 1020.7 MB
[runlim] sample:		799.9 time, 800.0 real, 1020.7 MB
[runlim] sample:		809.9 time, 810.0 real, 1136.6 MB
[runlim] sample:		819.9 time, 820.0 real, 912.6 MB
[runlim] sample:		829.9 time, 830.0 real, 955.9 MB
[runlim] sample:		839.9 time, 840.0 real, 955.9 MB
[runlim] sample:		849.9 time, 850.0 real, 1081.9 MB
[runlim] sample:		859.9 time, 860.0 real, 1047.1 MB
[runlim] sample:		869.9 time, 870.0 real, 995.3 MB
c	Solving duration: 220364 ms
c	Answer: 
s SAT (w = 96)
c	Solution check:
p calculated antibandwidth = 96.
c
c
c Antibandwidth problem with w = 97 ( O-impcol_d.mtx.rnd ):
c Initializing CaDiCaL (version 1.2.1).
c	Configuring CaDiCaL as --sat (1).
c Initializing a DuplexNSC encoder with n = 425.
c Encoding starts with w = 97:
c	Labels and Vertices aux var: 34000
c	Labels and Vertices constraints:  415650
c	Obj k aux var: 299625
c	Obj k constraints: 2871493
c	Obj k glue staircase constraints: 1652168
c	Encoding duration: 0s
c	Number of clauses: 3287355
c	Number of irredundant clauses: 3285932
c	Number of variables: 514250
c SAT Solving starts:
[runlim] sample:		879.9 time, 880.0 real, 822.0 MB
[runlim] sample:		889.9 time, 890.0 real, 822.0 MB
[runlim] sample:		899.9 time, 900.0 real, 823.3 MB
[runlim] sample:		909.9 time, 910.0 real, 829.2 MB
[runlim] sample:		919.9 time, 920.0 real, 891.5 MB
[runlim] sample:		929.9 time, 930.0 real, 939.7 MB
[runlim] sample:		939.9 time, 940.0 real, 964.6 MB
[runlim] sample:		949.9 time, 950.0 real, 842.1 MB
[runlim] sample:		959.9 time, 960.0 real, 833.1 MB
[runlim] sample:		969.9 time, 970.0 real, 838.3 MB
[runlim] sample:		979.9 time, 980.0 real, 836.9 MB
[runlim] sample:		989.9 time, 990.0 real, 838.0 MB
[runlim] sample:		999.9 time, 1000.0 real, 863.9 MB
[runlim] sample:		1009.9 time, 1010.0 real, 858.0 MB
[runlim] sample:		1019.9 time, 1020.0 real, 851.8 MB
c	Solving duration: 150612 ms
c	Answer: 
s SAT (w = 97)
c	Solution check:
p calculated antibandwidth = 97.
c
c
c Antibandwidth problem with w = 98 ( O-impcol_d.mtx.rnd ):
c Initializing CaDiCaL (version 1.2.1).
c	Configuring CaDiCaL as --sat (1).
c Initializing a DuplexNSC encoder with n = 425.
c Encoding starts with w = 98:
c	Labels and Vertices aux var: 34000
c	Labels and Vertices constraints:  415650
c	Obj k aux var: 300900
c	Obj k constraints: 2869825
c	Obj k glue staircase constraints: 1647100
c	Encoding duration: 0s
c	Number of clauses: 3285687
c	Number of irredundant clauses: 3284260
c	Number of variables: 515525
c SAT Solving starts:
[runlim] sample:		1029.9 time, 1030.0 real, 836.2 MB
[runlim] sample:		1039.9 time, 1040.0 real, 844.4 MB
[runlim] sample:		1049.9 time, 1050.0 real, 878.6 MB
[runlim] sample:		1059.9 time, 1060.0 real, 845.8 MB
[runlim] sample:		1069.9 time, 1070.0 real, 860.8 MB
[runlim] sample:		1079.9 time, 1080.0 real, 860.8 MB
[runlim] sample:		1089.9 time, 1090.0 real, 976.7 MB
[runlim] sample:		1099.9 time, 1100.0 real, 934.6 MB
[runlim] sample:		1109.9 time, 1110.0 real, 852.5 MB
[runlim] sample:		1119.9 time, 1120.0 real, 883.9 MB
[runlim] sample:		1129.9 time, 1130.0 real, 858.9 MB
[runlim] sample:		1139.9 time, 1140.0 real, 852.7 MB
[runlim] sample:		1149.9 time, 1150.0 real, 849.9 MB
[runlim] sample:		1159.9 time, 1160.0 real, 973.0 MB
[runlim] sample:		1169.9 time, 1170.0 real, 847.9 MB
[runlim] sample:		1179.9 time, 1180.0 real, 927.9 MB
[runlim] sample:		1189.9 time, 1190.0 real, 898.5 MB
[runlim] sample:		1199.9 time, 1200.0 real, 855.4 MB
c	Solving duration: 177370 ms
c	Answer: 
s SAT (w = 98)
c	Solution check:
p calculated antibandwidth = 98.
c
c
c Antibandwidth problem with w = 99 ( O-impcol_d.mtx.rnd ):
c Initializing CaDiCaL (version 1.2.1).
c	Configuring CaDiCaL as --sat (1).
c Initializing a DuplexNSC encoder with n = 425.
c Encoding starts with w = 99:
c	Labels and Vertices aux var: 34000
c	Labels and Vertices constraints:  415650
c	Obj k aux var: 302175
c	Obj k constraints: 2868157
c	Obj k glue staircase constraints: 1642032
c	Encoding duration: 0s
c	Number of clauses: 3284019
c	Number of irredundant clauses: 3282588
c	Number of variables: 516800
c SAT Solving starts:
[runlim] sample:		1209.9 time, 1210.0 real, 845.0 MB
[runlim] sample:		1219.9 time, 1220.0 real, 767.2 MB
[runlim] sample:		1229.9 time, 1230.0 real, 843.9 MB
[runlim] sample:		1239.9 time, 1240.0 real, 844.6 MB
[runlim] sample:		1249.9 time, 1250.0 real, 847.0 MB
[runlim] sample:		1259.9 time, 1260.0 real, 856.5 MB
[runlim] sample:		1269.9 time, 1270.0 real, 858.4 MB
[runlim] sample:		1279.9 time, 1280.0 real, 869.6 MB
[runlim] sample:		1289.9 time, 1290.0 real, 888.8 MB
[runlim] sample:		1299.9 time, 1300.0 real, 886.7 MB
[runlim] sample:		1309.9 time, 1310.0 real, 854.4 MB
[runlim] sample:		1319.9 time, 1320.0 real, 854.4 MB
[runlim] sample:		1329.9 time, 1330.0 real, 1026.9 MB
[runlim] sample:		1339.9 time, 1340.0 real, 954.2 MB
[runlim] sample:		1349.9 time, 1350.0 real, 857.1 MB
[runlim] sample:		1359.9 time, 1360.0 real, 907.7 MB
[runlim] sample:		1369.9 time, 1370.0 real, 1026.2 MB
[runlim] sample:		1379.9 time, 1380.0 real, 981.1 MB
[runlim] sample:		1389.9 time, 1390.0 real, 858.4 MB
[runlim] sample:		1399.9 time, 1400.0 real, 855.9 MB
[runlim] sample:		1409.9 time, 1410.0 real, 869.4 MB
[runlim] sample:		1419.9 time, 1420.0 real, 858.5 MB
[runlim] sample:		1429.9 time, 1430.0 real, 861.6 MB
[runlim] sample:		1439.9 time, 1440.0 real, 870.3 MB
[runlim] sample:		1449.9 time, 1450.0 real, 870.3 MB
[runlim] sample:		1459.9 time, 1460.0 real, 1301.1 MB
[runlim] sample:		1469.9 time, 1470.0 real, 1301.1 MB
[runlim] sample:		1479.9 time, 1480.0 real, 1301.1 MB
c	Solving duration: 277760 ms
c	Answer: 
s SAT (w = 99)
c	Solution check:
p calculated antibandwidth = 99.
c
c
c Antibandwidth problem with w = 100 ( O-impcol_d.mtx.rnd ):
c Initializing CaDiCaL (version 1.2.1).
c	Configuring CaDiCaL as --sat (1).
c Initializing a DuplexNSC encoder with n = 425.
c Encoding starts with w = 100:
c	Labels and Vertices aux var: 34000
c	Labels and Vertices constraints:  415650
c	Obj k aux var: 303450
c	Obj k constraints: 2866489
c	Obj k glue staircase constraints: 1636964
c	Encoding duration: 0s
c	Number of clauses: 3282351
c	Number of irredundant clauses: 3280916
c	Number of variables: 518075
c SAT Solving starts:
[runlim] sample:		1489.9 time, 1490.0 real, 844.7 MB
[runlim] sample:		1499.9 time, 1500.0 real, 899.1 MB
[runlim] sample:		1509.9 time, 1510.0 real, 792.4 MB
[runlim] sample:		1519.9 time, 1520.0 real, 792.4 MB
[runlim] sample:		1529.9 time, 1530.0 real, 870.0 MB
[runlim] sample:		1539.9 time, 1540.0 real, 792.4 MB
[runlim] sample:		1549.9 time, 1550.0 real, 792.4 MB
[runlim] sample:		1559.9 time, 1560.0 real, 877.1 MB
[runlim] sample:		1569.9 time, 1570.0 real, 792.4 MB
[runlim] sample:		1579.9 time, 1580.0 real, 936.7 MB
[runlim] sample:		1589.9 time, 1590.0 real, 901.2 MB
[runlim] sample:		1599.9 time, 1600.0 real, 800.4 MB
[runlim] sample:		1609.9 time, 1610.0 real, 800.4 MB
[runlim] sample:		1619.9 time, 1620.0 real, 800.4 MB
[runlim] sample:		1629.9 time, 1630.0 real, 919.7 MB
[runlim] sample:		1639.9 time, 1640.0 real, 800.4 MB
[runlim] sample:		1649.9 time, 1650.0 real, 906.1 MB
[runlim] sample:		1659.9 time, 1660.0 real, 932.0 MB
[runlim] sample:		1669.9 time, 1670.0 real, 1051.9 MB
[runlim] sample:		1679.9 time, 1680.0 real, 930.2 MB
[runlim] sample:		1689.9 time, 1690.0 real, 914.0 MB
[runlim] sample:		1699.9 time, 1700.0 real, 914.0 MB
[runlim] sample:		1709.9 time, 1710.0 real, 1201.1 MB
[runlim] sample:		1719.9 time, 1720.0 real, 1201.1 MB
[runlim] sample:		1729.9 time, 1730.0 real, 1201.1 MB
[runlim] sample:		1739.9 time, 1740.0 real, 1201.1 MB
[runlim] sample:		1749.9 time, 1750.0 real, 1258.1 MB
[runlim] sample:		1759.9 time, 1760.0 real, 1345.2 MB
[runlim] sample:		1769.9 time, 1770.0 real, 1430.6 MB
[runlim] sample:		1779.9 time, 1780.0 real, 1724.0 MB
[runlim] sample:		1789.9 time, 1790.0 real, 1577.6 MB
[runlim] sample:		1799.9 time, 1800.0 real, 1577.6 MB
[runlim] sample:		1809.9 time, 1810.0 real, 1577.6 MB
[runlim] sample:		1819.9 time, 1820.0 real, 2754.3 MB
[runlim] sample:		1829.9 time, 1830.0 real, 1424.4 MB
[runlim] sample:		1839.9 time, 1840.0 real, 1004.7 MB
[runlim] sample:		1849.9 time, 1850.0 real, 1004.7 MB
[runlim] sample:		1859.9 time, 1860.0 real, 1042.0 MB
[runlim] sample:		1869.9 time, 1870.0 real, 997.4 MB
[runlim] sample:		1879.9 time, 1880.0 real, 997.4 MB
[runlim] sample:		1889.9 time, 1890.0 real, 1004.3 MB
[runlim] sample:		1899.9 time, 1900.0 real, 1004.3 MB
[runlim] sample:		1909.9 time, 1910.0 real, 1163.7 MB
[runlim] sample:		1919.9 time, 1920.0 real, 1153.0 MB
[runlim] sample:		1929.9 time, 1930.0 real, 1153.0 MB
[runlim] sample:		1939.9 time, 1940.0 real, 1027.4 MB
[runlim] sample:		1949.9 time, 1950.0 real, 1101.2 MB
[runlim] sample:		1959.9 time, 1960.0 real, 1101.2 MB
[runlim] sample:		1969.9 time, 1970.0 real, 1110.4 MB
[runlim] sample:		1979.9 time, 1980.0 real, 1454.1 MB
[runlim] sample:		1989.9 time, 1990.0 real, 1454.1 MB
[runlim] sample:		1999.9 time, 2000.0 real, 1023.0 MB
[runlim] sample:		2009.9 time, 2010.0 real, 1021.1 MB
[runlim] sample:		2019.9 time, 2020.0 real, 1057.6 MB
[runlim] sample:		2029.9 time, 2030.0 real, 1057.6 MB
c	Solving duration: 547927 ms
c	Answer: 
s SAT (w = 100)
c	Solution check:
p calculated antibandwidth = 100.
c
c
c Antibandwidth problem with w = 101 ( O-impcol_d.mtx.rnd ):
c Initializing CaDiCaL (version 1.2.1).
c	Configuring CaDiCaL as --sat (1).
c Initializing a DuplexNSC encoder with n = 425.
c Encoding starts with w = 101:
c	Labels and Vertices aux var: 34000
c	Labels and Vertices constraints:  415650
c	Obj k aux var: 304725
c	Obj k constraints: 2864821
c	Obj k glue staircase constraints: 1631896
c	Encoding duration: 0s
c	Number of clauses: 3280683
c	Number of irredundant clauses: 3279244
c	Number of variables: 519350
c SAT Solving starts:
[runlim] sample:		2039.9 time, 2040.0 real, 974.3 MB
[runlim] sample:		2049.9 time, 2050.0 real, 944.0 MB
[runlim] sample:		2059.9 time, 2060.0 real, 942.5 MB
[runlim] sample:		2069.9 time, 2070.0 real, 943.0 MB
[runlim] sample:		2079.9 time, 2080.0 real, 951.8 MB
[runlim] sample:		2089.9 time, 2090.0 real, 946.8 MB
[runlim] sample:		2099.9 time, 2100.0 real, 1025.6 MB
[runlim] sample:		2109.9 time, 2110.0 real, 944.5 MB
[runlim] sample:		2119.9 time, 2120.0 real, 950.2 MB
[runlim] sample:		2129.9 time, 2130.0 real, 963.4 MB
[runlim] sample:		2139.9 time, 2140.0 real, 948.4 MB
[runlim] sample:		2149.9 time, 2150.0 real, 974.4 MB
[runlim] sample:		2159.9 time, 2160.0 real, 974.4 MB
[runlim] sample:		2169.8 time, 2170.0 real, 1136.3 MB
[runlim] sample:		2179.9 time, 2180.0 real, 1037.2 MB
[runlim] sample:		2189.8 time, 2190.0 real, 1057.0 MB
[runlim] sample:		2199.8 time, 2200.0 real, 1013.9 MB
[runlim] sample:		2209.8 time, 2210.0 real, 1075.2 MB
[runlim] sample:		2219.8 time, 2220.0 real, 1083.0 MB
[runlim] sample:		2229.8 time, 2230.0 real, 1115.8 MB
[runlim] sample:		2239.8 time, 2240.0 real, 1115.8 MB
[runlim] sample:		2249.9 time, 2250.0 real, 1050.8 MB
[runlim] sample:		2259.9 time, 2260.0 real, 964.4 MB
[runlim] sample:		2269.8 time, 2270.0 real, 964.8 MB
[runlim] sample:		2279.9 time, 2280.0 real, 979.1 MB
[runlim] sample:		2289.9 time, 2290.0 real, 979.1 MB
[runlim] sample:		2299.8 time, 2300.0 real, 1197.9 MB
[runlim] sample:		2309.8 time, 2310.0 real, 1071.2 MB
[runlim] sample:		2319.8 time, 2320.0 real, 1071.2 MB
[runlim] sample:		2329.9 time, 2330.0 real, 1019.4 MB
[runlim] sample:		2339.9 time, 2340.0 real, 1058.5 MB
[runlim] sample:		2349.9 time, 2350.0 real, 1058.5 MB
c	Solving duration: 319798 ms
c	Answer: 
s SAT (w = 101)
c	Solution check:
p calculated antibandwidth = 101.
c
c
c Antibandwidth problem with w = 102 ( O-impcol_d.mtx.rnd ):
c Initializing CaDiCaL (version 1.2.1).
c	Configuring CaDiCaL as --sat (1).
c Initializing a DuplexNSC encoder with n = 425.
c Encoding starts with w = 102:
c	Labels and Vertices aux var: 34000
c	Labels and Vertices constraints:  415650
c	Obj k aux var: 306000
c	Obj k constraints: 2863153
c	Obj k glue staircase constraints: 1626828
c	Encoding duration: 0s
c	Number of clauses: 3279015
c	Number of irredundant clauses: 3277572
c	Number of variables: 520625
c SAT Solving starts:
[runlim] sample:		2359.8 time, 2360.0 real, 947.4 MB
[runlim] sample:		2369.9 time, 2370.0 real, 961.0 MB
[runlim] sample:		2379.8 time, 2380.0 real, 870.0 MB
[runlim] sample:		2389.8 time, 2390.0 real, 870.0 MB
[runlim] sample:		2399.8 time, 2400.0 real, 870.0 MB
[runlim] sample:		2409.8 time, 2410.0 real, 974.3 MB
[runlim] sample:		2419.8 time, 2420.0 real, 1026.5 MB
[runlim] sample:		2429.8 time, 2430.0 real, 870.0 MB
[runlim] sample:		2439.8 time, 2440.0 real, 1100.8 MB
[runlim] sample:		2449.8 time, 2450.0 real, 1098.6 MB
[runlim] sample:		2459.8 time, 2460.0 real, 1098.6 MB
[runlim] sample:		2469.8 time, 2470.0 real, 1165.4 MB
[runlim] sample:		2479.8 time, 2480.0 real, 1095.1 MB
[runlim] sample:		2489.8 time, 2490.0 real, 954.8 MB
[runlim] sample:		2499.8 time, 2500.0 real, 994.4 MB
[runlim] sample:		2509.8 time, 2510.0 real, 1085.9 MB
[runlim] sample:		2519.8 time, 2520.0 real, 994.2 MB
[runlim] sample:		2529.8 time, 2530.0 real, 1021.8 MB
[runlim] sample:		2539.8 time, 2540.0 real, 977.5 MB
[runlim] sample:		2549.8 time, 2550.0 real, 870.0 MB
[runlim] sample:		2559.8 time, 2560.0 real, 964.9 MB
[runlim] sample:		2569.8 time, 2570.0 real, 1106.8 MB
[runlim] sample:		2579.8 time, 2580.0 real, 922.7 MB
[runlim] sample:		2589.8 time, 2590.0 real, 963.9 MB
[runlim] sample:		2599.8 time, 2600.0 real, 977.8 MB
[runlim] sample:		2609.8 time, 2610.0 real, 977.8 MB
[runlim] sample:		2619.8 time, 2620.0 real, 1007.4 MB
[runlim] sample:		2629.8 time, 2630.0 real, 1052.5 MB
[runlim] sample:		2639.8 time, 2640.0 real, 971.1 MB
[runlim] sample:		2649.8 time, 2650.0 real, 974.9 MB
[runlim] sample:		2659.8 time, 2660.0 real, 993.1 MB
[runlim] sample:		2669.8 time, 2670.0 real, 978.4 MB
[runlim] sample:		2679.8 time, 2680.0 real, 984.7 MB
[runlim] sample:		2689.8 time, 2690.0 real, 1044.5 MB
[runlim] sample:		2699.8 time, 2700.0 real, 987.5 MB
[runlim] sample:		2709.8 time, 2710.0 real, 997.1 MB
[runlim] sample:		2719.8 time, 2720.0 real, 993.4 MB
[runlim] sample:		2729.8 time, 2730.0 real, 1011.9 MB
[runlim] sample:		2739.8 time, 2740.0 real, 977.1 MB
[runlim] sample:		2749.8 time, 2750.0 real, 1020.7 MB
[runlim] sample:		2759.8 time, 2760.0 real, 995.2 MB
[runlim] sample:		2769.8 time, 2770.0 real, 978.3 MB
[runlim] sample:		2779.8 time, 2780.0 real, 991.4 MB
[runlim] sample:		2789.8 time, 2790.0 real, 1020.4 MB
[runlim] sample:		2799.8 time, 2800.0 real, 1008.2 MB
[runlim] sample:		2809.8 time, 2810.0 real, 998.7 MB
[runlim] sample:		2819.8 time, 2820.0 real, 1137.9 MB
[runlim] sample:		2829.8 time, 2830.0 real, 1009.3 MB
[runlim] sample:		2839.8 time, 2840.0 real, 1009.3 MB
[runlim] sample:		2849.8 time, 2850.0 real, 1009.3 MB
[runlim] sample:		2859.8 time, 2860.0 real, 1225.4 MB
[runlim] sample:		2869.8 time, 2870.0 real, 1225.4 MB
[runlim] sample:		2879.8 time, 2880.0 real, 1405.7 MB
[runlim] sample:		2889.8 time, 2890.0 real, 1405.7 MB
[runlim] sample:		2899.8 time, 2900.0 real, 1405.7 MB
[runlim] sample:		2909.8 time, 2910.0 real, 1405.7 MB
[runlim] sample:		2919.8 time, 2920.0 real, 1467.3 MB
[runlim] sample:		2929.8 time, 2930.0 real, 1060.5 MB
[runlim] sample:		2939.8 time, 2940.0 real, 1108.2 MB
[runlim] sample:		2949.8 time, 2950.0 real, 1108.2 MB
[runlim] sample:		2959.8 time, 2960.0 real, 1072.0 MB
[runlim] sample:		2969.8 time, 2970.0 real, 1053.1 MB
[runlim] sample:		2979.8 time, 2980.0 real, 1067.2 MB
[runlim] sample:		2989.8 time, 2990.0 real, 1067.2 MB
[runlim] sample:		2999.8 time, 3000.0 real, 1058.7 MB
[runlim] sample:		3009.8 time, 3010.0 real, 1102.4 MB
[runlim] sample:		3019.8 time, 3020.0 real, 1105.6 MB
[runlim] sample:		3029.8 time, 3030.0 real, 1105.6 MB
[runlim] sample:		3039.8 time, 3040.0 real, 1105.6 MB
[runlim] sample:		3049.8 time, 3050.0 real, 1379.3 MB
[runlim] sample:		3059.8 time, 3060.0 real, 1379.3 MB
[runlim] sample:		3069.8 time, 3070.0 real, 1379.3 MB
[runlim] sample:		3079.8 time, 3080.0 real, 1453.9 MB
[runlim] sample:		3089.8 time, 3090.0 real, 1453.9 MB
[runlim] sample:		3099.8 time, 3100.0 real, 1098.5 MB
[runlim] sample:		3109.8 time, 3110.0 real, 1048.7 MB
[runlim] sample:		3119.8 time, 3120.0 real, 1048.7 MB
[runlim] sample:		3129.8 time, 3130.0 real, 1116.7 MB
[runlim] sample:		3139.8 time, 3140.0 real, 1069.7 MB
[runlim] sample:		3149.8 time, 3150.0 real, 1065.8 MB
[runlim] sample:		3159.8 time, 3160.0 real, 1246.5 MB
[runlim] sample:		3169.8 time, 3170.0 real, 1110.2 MB
[runlim] sample:		3179.8 time, 3180.0 real, 1074.1 MB
[runlim] sample:		3189.8 time, 3190.0 real, 1074.1 MB
[runlim] sample:		3199.8 time, 3200.0 real, 985.0 MB
[runlim] sample:		3209.8 time, 3210.0 real, 1008.6 MB
[runlim] sample:		3219.8 time, 3220.0 real, 1039.1 MB
[runlim] sample:		3229.8 time, 3230.0 real, 962.7 MB
[runlim] sample:		3239.8 time, 3240.0 real, 977.8 MB
[runlim] sample:		3249.8 time, 3250.0 real, 992.3 MB
[runlim] sample:		3259.8 time, 3260.0 real, 992.3 MB
[runlim] sample:		3269.8 time, 3270.0 real, 1084.7 MB
[runlim] sample:		3279.8 time, 3280.0 real, 1084.7 MB
c	Solving duration: 935136 ms
c	Answer: 
s SAT (w = 102)
c	Solution check:
p calculated antibandwidth = 102.
c
c
c Antibandwidth problem with w = 103 ( O-impcol_d.mtx.rnd ):
c Initializing CaDiCaL (version 1.2.1).
c	Configuring CaDiCaL as --sat (1).
c Initializing a DuplexNSC encoder with n = 425.
c Encoding starts with w = 103:
[runlim] sample:		3289.8 time, 3290.0 real, 881.1 MB
c	Labels and Vertices aux var: 34000
c	Labels and Vertices constraints:  415650
c	Obj k aux var: 307275
c	Obj k constraints: 2861485
c	Obj k glue staircase constraints: 1621760
c	Encoding duration: 0s
c	Number of clauses: 3277347
c	Number of irredundant clauses: 3275900
c	Number of variables: 521900
c SAT Solving starts:
[runlim] sample:		3299.8 time, 3300.0 real, 958.3 MB
[runlim] sample:		3309.8 time, 3310.0 real, 881.1 MB
[runlim] sample:		3319.8 time, 3320.0 real, 881.1 MB
[runlim] sample:		3329.8 time, 3330.0 real, 1018.1 MB
[runlim] sample:		3339.8 time, 3340.0 real, 1003.4 MB
[runlim] sample:		3349.8 time, 3350.0 real, 990.5 MB
[runlim] sample:		3359.8 time, 3360.0 real, 881.1 MB
[runlim] sample:		3369.8 time, 3370.0 real, 976.4 MB
[runlim] sample:		3379.8 time, 3380.0 real, 960.1 MB
[runlim] sample:		3389.8 time, 3390.0 real, 1007.6 MB
[runlim] sample:		3399.8 time, 3400.0 real, 1005.9 MB
[runlim] sample:		3409.8 time, 3410.0 real, 881.1 MB
[runlim] sample:		3419.8 time, 3420.0 real, 881.1 MB
[runlim] sample:		3429.8 time, 3430.0 real, 967.7 MB
[runlim] sample:		3439.8 time, 3440.0 real, 977.0 MB
[runlim] sample:		3449.8 time, 3450.0 real, 881.1 MB
[runlim] sample:		3459.8 time, 3460.0 real, 974.5 MB
[runlim] sample:		3469.8 time, 3470.0 real, 881.1 MB
[runlim] sample:		3479.8 time, 3480.0 real, 991.9 MB
[runlim] sample:		3489.8 time, 3490.0 real, 1004.6 MB
[runlim] sample:		3499.8 time, 3500.0 real, 990.0 MB
[runlim] sample:		3509.8 time, 3510.0 real, 990.0 MB
[runlim] sample:		3519.8 time, 3520.0 real, 1247.3 MB
[runlim] sample:		3529.8 time, 3530.0 real, 1247.3 MB
[runlim] sample:		3539.8 time, 3540.0 real, 1176.4 MB
[runlim] sample:		3549.8 time, 3550.0 real, 1112.9 MB
[runlim] sample:		3559.8 time, 3560.0 real, 984.7 MB
[runlim] sample:		3569.8 time, 3570.0 real, 1008.6 MB
[runlim] sample:		3579.8 time, 3580.0 real, 986.6 MB
[runlim] sample:		3589.8 time, 3590.0 real, 986.6 MB
[runlim] sample:		3599.8 time, 3600.0 real, 986.6 MB
c Signal interruption.
[runlim] end:			Sun Aug 18 20:42:30 2024
[runlim] status:		out of time
[runlim] result:		2
[runlim] children:		0
[runlim] real:			3600.05 seconds
[runlim] time:			3599.80 seconds
[runlim] space:			2754.3 MB
[runlim] samples:		36000
