[runlim] version:		1.10
[runlim] time limit:		3600 seconds
[runlim] real time limit:	3600 seconds
[runlim] space limit:		30000 MB
[runlim] argv[0]:		/home/truongxuanhieu/AntiBandwidthReconstruct/build/abw_enc_symbreak_max_node
[runlim] argv[1]:		/home/truongxuanhieu/AntiBandwidthReconstruct/build/Benchmarks/Q-494_bus.mtx.rnd
[runlim] argv[2]:		--duplex
[runlim] start:			Sun Aug 18 18:32:07 2024
[runlim] main pid:		13531
[runlim] log captured:
c DuplexEncoder 0.8.
c Solving strategy: from LB to UB.
c LB-w = 219 (LB in Sinnl - A note on computational approaches for the antibandwidth problem).
c UB-w = 246 (UB in Sinnl - A note on computational approaches for the antibandwidth problem).
c Antibandwidth problem with w = 219 ( Q-494_bus.mtx.rnd ):
c Initializing CaDiCaL (version 1.2.1).
c	Configuring CaDiCaL as --sat (1).
c Initializing a Duplex encoder with n = 494.
c Encoding starts with w = 219:
c	Labels and Vertices aux var: 42484
c	Labels and Vertices constraints:  552292
c	Obj k aux var: 700492
c	Obj k constraints: 2803288
c	Obj k glue staircase constraints: 644014
c	Encoding duration: 1s
c	Number of clauses: 3355827
c	Number of irredundant clauses: 3079437
c	Number of variables: 987012
c SAT Solving starts:
[runlim] sample:		10.0 time, 10.1 real, 655.8 MB
[runlim] sample:		20.0 time, 20.1 real, 683.5 MB
[runlim] sample:		30.0 time, 30.1 real, 703.0 MB
[runlim] sample:		40.0 time, 40.1 real, 703.9 MB
[runlim] sample:		50.0 time, 50.1 real, 783.6 MB
[runlim] sample:		60.0 time, 60.1 real, 679.4 MB
[runlim] sample:		70.0 time, 70.1 real, 701.0 MB
[runlim] sample:		80.0 time, 80.1 real, 690.5 MB
[runlim] sample:		90.0 time, 90.1 real, 703.1 MB
[runlim] sample:		100.0 time, 100.1 real, 702.8 MB
[runlim] sample:		110.0 time, 110.1 real, 723.5 MB
[runlim] sample:		120.0 time, 120.1 real, 681.2 MB
[runlim] sample:		130.0 time, 130.1 real, 670.6 MB
[runlim] sample:		140.0 time, 140.1 real, 702.1 MB
[runlim] sample:		150.0 time, 150.1 real, 763.5 MB
[runlim] sample:		160.0 time, 160.1 real, 718.1 MB
[runlim] sample:		170.0 time, 170.1 real, 748.9 MB
[runlim] sample:		180.0 time, 180.1 real, 711.6 MB
[runlim] sample:		190.0 time, 190.1 real, 752.6 MB
[runlim] sample:		200.0 time, 200.1 real, 796.8 MB
[runlim] sample:		210.0 time, 210.1 real, 804.3 MB
[runlim] sample:		220.0 time, 220.1 real, 762.4 MB
[runlim] sample:		230.0 time, 230.1 real, 785.9 MB
[runlim] sample:		240.0 time, 240.1 real, 797.9 MB
[runlim] sample:		250.0 time, 250.1 real, 778.2 MB
[runlim] sample:		260.0 time, 260.1 real, 802.8 MB
[runlim] sample:		270.0 time, 270.1 real, 915.6 MB
[runlim] sample:		280.0 time, 280.1 real, 859.4 MB
[runlim] sample:		290.0 time, 290.1 real, 859.4 MB
[runlim] sample:		300.0 time, 300.1 real, 864.7 MB
[runlim] sample:		310.0 time, 310.1 real, 866.7 MB
[runlim] sample:		320.0 time, 320.1 real, 930.5 MB
[runlim] sample:		330.0 time, 330.1 real, 930.5 MB
[runlim] sample:		340.0 time, 340.1 real, 1186.6 MB
[runlim] sample:		350.0 time, 350.1 real, 1255.3 MB
[runlim] sample:		360.0 time, 360.1 real, 934.0 MB
[runlim] sample:		370.0 time, 370.1 real, 939.4 MB
[runlim] sample:		380.0 time, 380.1 real, 959.8 MB
[runlim] sample:		390.0 time, 390.1 real, 959.8 MB
[runlim] sample:		400.0 time, 400.1 real, 986.3 MB
[runlim] sample:		410.0 time, 410.1 real, 996.4 MB
[runlim] sample:		420.0 time, 420.1 real, 925.0 MB
[runlim] sample:		430.0 time, 430.1 real, 933.0 MB
[runlim] sample:		440.0 time, 440.1 real, 977.7 MB
[runlim] sample:		450.0 time, 450.1 real, 981.7 MB
[runlim] sample:		460.0 time, 460.1 real, 973.3 MB
[runlim] sample:		470.0 time, 470.1 real, 943.2 MB
[runlim] sample:		480.0 time, 480.1 real, 944.0 MB
[runlim] sample:		490.0 time, 490.1 real, 940.0 MB
[runlim] sample:		500.0 time, 500.1 real, 968.6 MB
[runlim] sample:		510.0 time, 510.1 real, 968.6 MB
[runlim] sample:		520.0 time, 520.1 real, 968.6 MB
[runlim] sample:		530.0 time, 530.1 real, 930.6 MB
[runlim] sample:		540.0 time, 540.1 real, 888.6 MB
[runlim] sample:		550.0 time, 550.1 real, 893.6 MB
[runlim] sample:		560.0 time, 560.1 real, 916.0 MB
[runlim] sample:		570.0 time, 570.1 real, 955.9 MB
[runlim] sample:		580.0 time, 580.1 real, 966.5 MB
[runlim] sample:		590.0 time, 590.1 real, 909.4 MB
[runlim] sample:		600.0 time, 600.1 real, 1033.7 MB
[runlim] sample:		610.0 time, 610.1 real, 944.8 MB
[runlim] sample:		620.0 time, 620.1 real, 944.8 MB
[runlim] sample:		630.0 time, 630.1 real, 1022.5 MB
[runlim] sample:		640.0 time, 640.1 real, 966.0 MB
[runlim] sample:		650.0 time, 650.1 real, 902.7 MB
[runlim] sample:		660.0 time, 660.1 real, 902.7 MB
[runlim] sample:		670.0 time, 670.1 real, 969.2 MB
[runlim] sample:		679.9 time, 680.1 real, 1044.7 MB
[runlim] sample:		689.9 time, 690.1 real, 963.1 MB
[runlim] sample:		699.9 time, 700.1 real, 960.9 MB
[runlim] sample:		709.9 time, 710.1 real, 958.3 MB
[runlim] sample:		719.9 time, 720.1 real, 968.0 MB
[runlim] sample:		729.9 time, 730.1 real, 1000.3 MB
[runlim] sample:		739.9 time, 740.1 real, 960.7 MB
[runlim] sample:		749.9 time, 750.1 real, 967.7 MB
[runlim] sample:		759.9 time, 760.1 real, 972.6 MB
[runlim] sample:		769.9 time, 770.1 real, 972.6 MB
[runlim] sample:		779.9 time, 780.1 real, 1001.6 MB
[runlim] sample:		789.9 time, 790.1 real, 1222.7 MB
[runlim] sample:		799.9 time, 800.1 real, 1066.1 MB
[runlim] sample:		809.9 time, 810.1 real, 1010.8 MB
[runlim] sample:		819.9 time, 820.1 real, 964.9 MB
[runlim] sample:		829.9 time, 830.1 real, 932.2 MB
[runlim] sample:		839.9 time, 840.1 real, 932.2 MB
[runlim] sample:		849.9 time, 850.1 real, 993.9 MB
[runlim] sample:		859.9 time, 860.1 real, 1013.8 MB
[runlim] sample:		869.9 time, 870.1 real, 970.0 MB
[runlim] sample:		879.9 time, 880.1 real, 970.0 MB
[runlim] sample:		889.9 time, 890.1 real, 994.5 MB
[runlim] sample:		899.9 time, 900.1 real, 970.5 MB
[runlim] sample:		909.9 time, 910.1 real, 970.5 MB
[runlim] sample:		919.9 time, 920.1 real, 1029.6 MB
[runlim] sample:		929.9 time, 930.1 real, 1029.6 MB
[runlim] sample:		939.9 time, 940.1 real, 1027.9 MB
[runlim] sample:		949.9 time, 950.1 real, 1027.9 MB
[runlim] sample:		959.9 time, 960.1 real, 988.1 MB
[runlim] sample:		969.9 time, 970.1 real, 961.8 MB
[runlim] sample:		979.9 time, 980.1 real, 928.0 MB
[runlim] sample:		989.9 time, 990.1 real, 945.8 MB
[runlim] sample:		999.9 time, 1000.1 real, 980.5 MB
[runlim] sample:		1009.9 time, 1010.1 real, 982.0 MB
[runlim] sample:		1019.9 time, 1020.1 real, 982.0 MB
[runlim] sample:		1029.9 time, 1030.1 real, 1088.2 MB
[runlim] sample:		1039.9 time, 1040.1 real, 1092.2 MB
[runlim] sample:		1049.9 time, 1050.1 real, 955.8 MB
[runlim] sample:		1059.9 time, 1060.1 real, 955.8 MB
[runlim] sample:		1069.9 time, 1070.1 real, 1113.3 MB
[runlim] sample:		1079.9 time, 1080.1 real, 988.6 MB
[runlim] sample:		1089.9 time, 1090.1 real, 983.0 MB
[runlim] sample:		1099.9 time, 1100.1 real, 969.2 MB
[runlim] sample:		1109.9 time, 1110.1 real, 969.2 MB
[runlim] sample:		1119.9 time, 1120.1 real, 1091.4 MB
[runlim] sample:		1129.9 time, 1130.1 real, 971.8 MB
[runlim] sample:		1139.9 time, 1140.1 real, 971.8 MB
[runlim] sample:		1149.9 time, 1150.1 real, 1002.6 MB
[runlim] sample:		1159.8 time, 1160.1 real, 1007.7 MB
[runlim] sample:		1169.8 time, 1170.1 real, 1009.7 MB
[runlim] sample:		1179.8 time, 1180.1 real, 1009.7 MB
[runlim] sample:		1189.9 time, 1190.1 real, 989.1 MB
[runlim] sample:		1199.9 time, 1200.1 real, 989.1 MB
[runlim] sample:		1209.9 time, 1210.1 real, 982.6 MB
[runlim] sample:		1219.9 time, 1220.1 real, 977.3 MB
[runlim] sample:		1229.9 time, 1230.1 real, 977.3 MB
[runlim] sample:		1239.9 time, 1240.1 real, 951.3 MB
[runlim] sample:		1249.9 time, 1250.1 real, 1016.9 MB
[runlim] sample:		1259.9 time, 1260.1 real, 1016.9 MB
[runlim] sample:		1269.9 time, 1270.1 real, 1002.8 MB
[runlim] sample:		1279.9 time, 1280.1 real, 1002.8 MB
[runlim] sample:		1289.8 time, 1290.1 real, 1033.3 MB
[runlim] sample:		1299.9 time, 1300.1 real, 1038.6 MB
[runlim] sample:		1309.9 time, 1310.1 real, 1038.6 MB
[runlim] sample:		1319.8 time, 1320.1 real, 1078.3 MB
[runlim] sample:		1329.9 time, 1330.1 real, 1038.6 MB
[runlim] sample:		1339.9 time, 1340.1 real, 1038.6 MB
[runlim] sample:		1349.9 time, 1350.1 real, 1038.6 MB
[runlim] sample:		1359.8 time, 1360.1 real, 1175.4 MB
[runlim] sample:		1369.8 time, 1370.1 real, 1175.4 MB
[runlim] sample:		1379.8 time, 1380.1 real, 1175.4 MB
[runlim] sample:		1389.8 time, 1390.1 real, 1082.6 MB
[runlim] sample:		1399.9 time, 1400.1 real, 1037.6 MB
[runlim] sample:		1409.9 time, 1410.1 real, 1068.4 MB
[runlim] sample:		1419.8 time, 1420.1 real, 1041.7 MB
[runlim] sample:		1429.8 time, 1430.1 real, 1041.7 MB
[runlim] sample:		1439.8 time, 1440.1 real, 1059.3 MB
[runlim] sample:		1449.8 time, 1450.1 real, 1069.1 MB
[runlim] sample:		1459.8 time, 1460.1 real, 1069.1 MB
[runlim] sample:		1469.8 time, 1470.1 real, 1019.5 MB
[runlim] sample:		1479.8 time, 1480.1 real, 1019.5 MB
[runlim] sample:		1489.8 time, 1490.1 real, 1019.5 MB
[runlim] sample:		1499.8 time, 1500.1 real, 1165.1 MB
[runlim] sample:		1509.8 time, 1510.1 real, 1165.1 MB
[runlim] sample:		1519.8 time, 1520.1 real, 1165.1 MB
[runlim] sample:		1529.8 time, 1530.1 real, 1165.1 MB
[runlim] sample:		1539.8 time, 1540.1 real, 1219.8 MB
[runlim] sample:		1549.8 time, 1550.1 real, 1380.4 MB
[runlim] sample:		1559.8 time, 1560.1 real, 1380.4 MB
[runlim] sample:		1569.8 time, 1570.1 real, 1143.4 MB
[runlim] sample:		1579.8 time, 1580.1 real, 1113.8 MB
[runlim] sample:		1589.8 time, 1590.1 real, 1133.9 MB
[runlim] sample:		1599.8 time, 1600.1 real, 1133.9 MB
[runlim] sample:		1609.8 time, 1610.1 real, 1133.5 MB
[runlim] sample:		1619.8 time, 1620.1 real, 1133.5 MB
[runlim] sample:		1629.8 time, 1630.1 real, 1128.2 MB
[runlim] sample:		1639.8 time, 1640.1 real, 1128.2 MB
[runlim] sample:		1649.8 time, 1650.1 real, 1128.2 MB
[runlim] sample:		1659.8 time, 1660.1 real, 1165.6 MB
[runlim] sample:		1669.8 time, 1670.1 real, 1165.6 MB
[runlim] sample:		1679.8 time, 1680.1 real, 1083.3 MB
[runlim] sample:		1689.8 time, 1690.1 real, 1083.3 MB
[runlim] sample:		1699.8 time, 1700.1 real, 1083.3 MB
[runlim] sample:		1709.8 time, 1710.1 real, 1083.3 MB
[runlim] sample:		1719.8 time, 1720.1 real, 1209.4 MB
[runlim] sample:		1729.8 time, 1730.1 real, 1246.6 MB
[runlim] sample:		1739.8 time, 1740.1 real, 1246.6 MB
[runlim] sample:		1749.8 time, 1750.1 real, 1218.5 MB
[runlim] sample:		1759.8 time, 1760.1 real, 1218.5 MB
[runlim] sample:		1769.8 time, 1770.1 real, 1218.5 MB
[runlim] sample:		1779.8 time, 1780.1 real, 1158.5 MB
[runlim] sample:		1789.8 time, 1790.1 real, 1158.5 MB
[runlim] sample:		1799.8 time, 1800.1 real, 1158.5 MB
[runlim] sample:		1809.8 time, 1810.1 real, 1109.6 MB
[runlim] sample:		1819.8 time, 1820.1 real, 1109.6 MB
[runlim] sample:		1829.8 time, 1830.1 real, 1073.2 MB
[runlim] sample:		1839.8 time, 1840.1 real, 1073.2 MB
[runlim] sample:		1849.8 time, 1850.1 real, 1073.2 MB
[runlim] sample:		1859.8 time, 1860.1 real, 1205.6 MB
[runlim] sample:		1869.8 time, 1870.1 real, 1205.6 MB
[runlim] sample:		1879.8 time, 1880.1 real, 1205.6 MB
[runlim] sample:		1889.8 time, 1890.1 real, 1205.6 MB
[runlim] sample:		1899.8 time, 1900.1 real, 1182.9 MB
[runlim] sample:		1909.8 time, 1910.1 real, 1182.9 MB
[runlim] sample:		1919.8 time, 1920.1 real, 1182.9 MB
[runlim] sample:		1929.8 time, 1930.1 real, 1182.9 MB
[runlim] sample:		1939.8 time, 1940.1 real, 1266.4 MB
[runlim] sample:		1949.8 time, 1950.1 real, 1266.4 MB
[runlim] sample:		1959.8 time, 1960.1 real, 1266.4 MB
[runlim] sample:		1969.8 time, 1970.1 real, 1266.4 MB
[runlim] sample:		1979.8 time, 1980.1 real, 1270.4 MB
[runlim] sample:		1989.8 time, 1990.1 real, 1189.6 MB
[runlim] sample:		1999.8 time, 2000.1 real, 1189.6 MB
[runlim] sample:		2009.8 time, 2010.1 real, 1147.5 MB
[runlim] sample:		2019.8 time, 2020.1 real, 1147.5 MB
[runlim] sample:		2029.8 time, 2030.1 real, 1147.5 MB
[runlim] sample:		2039.8 time, 2040.1 real, 1169.7 MB
[runlim] sample:		2049.8 time, 2050.1 real, 1169.7 MB
[runlim] sample:		2059.8 time, 2060.1 real, 1169.7 MB
[runlim] sample:		2069.8 time, 2070.1 real, 1169.7 MB
[runlim] sample:		2079.8 time, 2080.1 real, 1183.5 MB
[runlim] sample:		2089.8 time, 2090.1 real, 1064.5 MB
[runlim] sample:		2099.8 time, 2100.1 real, 1064.5 MB
[runlim] sample:		2109.8 time, 2110.1 real, 1064.5 MB
[runlim] sample:		2119.8 time, 2120.1 real, 1138.4 MB
[runlim] sample:		2129.8 time, 2130.1 real, 1138.4 MB
[runlim] sample:		2139.8 time, 2140.1 real, 1076.1 MB
[runlim] sample:		2149.8 time, 2150.1 real, 1076.1 MB
[runlim] sample:		2159.8 time, 2160.1 real, 1076.1 MB
[runlim] sample:		2169.8 time, 2170.1 real, 1124.0 MB
[runlim] sample:		2179.8 time, 2180.1 real, 1124.0 MB
[runlim] sample:		2189.8 time, 2190.1 real, 1126.0 MB
[runlim] sample:		2199.8 time, 2200.1 real, 1127.6 MB
[runlim] sample:		2209.8 time, 2210.1 real, 1127.6 MB
[runlim] sample:		2219.8 time, 2220.1 real, 1081.7 MB
[runlim] sample:		2229.8 time, 2230.1 real, 1081.7 MB
[runlim] sample:		2239.8 time, 2240.1 real, 1103.8 MB
[runlim] sample:		2249.8 time, 2250.1 real, 1103.8 MB
[runlim] sample:		2259.8 time, 2260.1 real, 1128.3 MB
[runlim] sample:		2269.8 time, 2270.1 real, 1128.3 MB
[runlim] sample:		2279.8 time, 2280.1 real, 1128.3 MB
[runlim] sample:		2289.8 time, 2290.1 real, 1128.3 MB
[runlim] sample:		2299.8 time, 2300.1 real, 1128.3 MB
[runlim] sample:		2309.8 time, 2310.1 real, 1202.9 MB
[runlim] sample:		2319.8 time, 2320.1 real, 1202.9 MB
[runlim] sample:		2329.8 time, 2330.1 real, 1202.9 MB
[runlim] sample:		2339.8 time, 2340.1 real, 1197.0 MB
[runlim] sample:		2349.8 time, 2350.1 real, 1197.0 MB
[runlim] sample:		2359.8 time, 2360.1 real, 1197.0 MB
[runlim] sample:		2369.8 time, 2370.1 real, 1168.5 MB
[runlim] sample:		2379.8 time, 2380.1 real, 1168.5 MB
[runlim] sample:		2389.8 time, 2390.1 real, 1170.3 MB
[runlim] sample:		2399.8 time, 2400.1 real, 1166.9 MB
[runlim] sample:		2409.8 time, 2410.1 real, 1166.9 MB
[runlim] sample:		2419.8 time, 2420.1 real, 1215.2 MB
[runlim] sample:		2429.8 time, 2430.1 real, 1149.8 MB
[runlim] sample:		2439.8 time, 2440.1 real, 1149.8 MB
[runlim] sample:		2449.8 time, 2450.1 real, 1149.8 MB
[runlim] sample:		2459.8 time, 2460.1 real, 1149.8 MB
[runlim] sample:		2469.8 time, 2470.1 real, 1149.8 MB
[runlim] sample:		2479.8 time, 2480.1 real, 1352.3 MB
[runlim] sample:		2489.8 time, 2490.1 real, 1352.3 MB
[runlim] sample:		2499.8 time, 2500.1 real, 1352.3 MB
[runlim] sample:		2509.8 time, 2510.1 real, 1352.3 MB
[runlim] sample:		2519.8 time, 2520.1 real, 1352.3 MB
[runlim] sample:		2529.8 time, 2530.1 real, 1328.7 MB
[runlim] sample:		2539.8 time, 2540.1 real, 1328.7 MB
[runlim] sample:		2549.8 time, 2550.1 real, 1328.7 MB
[runlim] sample:		2559.8 time, 2560.1 real, 1328.7 MB
[runlim] sample:		2569.8 time, 2570.1 real, 1509.4 MB
[runlim] sample:		2579.8 time, 2580.1 real, 1250.8 MB
[runlim] sample:		2589.8 time, 2590.1 real, 1250.8 MB
[runlim] sample:		2599.8 time, 2600.1 real, 1250.8 MB
[runlim] sample:		2609.8 time, 2610.1 real, 1250.8 MB
[runlim] sample:		2619.8 time, 2620.1 real, 1272.9 MB
[runlim] sample:		2629.8 time, 2630.1 real, 1243.4 MB
[runlim] sample:		2639.8 time, 2640.1 real, 1243.4 MB
[runlim] sample:		2649.8 time, 2650.1 real, 1243.4 MB
[runlim] sample:		2659.8 time, 2660.1 real, 1169.0 MB
[runlim] sample:		2669.8 time, 2670.1 real, 1169.0 MB
[runlim] sample:		2679.8 time, 2680.1 real, 1169.0 MB
[runlim] sample:		2689.8 time, 2690.1 real, 1169.0 MB
[runlim] sample:		2699.8 time, 2700.1 real, 1223.6 MB
[runlim] sample:		2709.8 time, 2710.1 real, 1223.6 MB
[runlim] sample:		2719.8 time, 2720.1 real, 1223.6 MB
[runlim] sample:		2729.8 time, 2730.1 real, 1267.7 MB
[runlim] sample:		2739.8 time, 2740.1 real, 1267.7 MB
[runlim] sample:		2749.8 time, 2750.1 real, 1267.7 MB
[runlim] sample:		2759.8 time, 2760.1 real, 1267.7 MB
[runlim] sample:		2769.8 time, 2770.1 real, 1267.7 MB
[runlim] sample:		2779.8 time, 2780.1 real, 1488.4 MB
[runlim] sample:		2789.8 time, 2790.1 real, 1276.5 MB
[runlim] sample:		2799.8 time, 2800.1 real, 1276.5 MB
[runlim] sample:		2809.8 time, 2810.1 real, 1276.5 MB
[runlim] sample:		2819.8 time, 2820.1 real, 1199.3 MB
[runlim] sample:		2829.8 time, 2830.1 real, 1199.3 MB
[runlim] sample:		2839.8 time, 2840.1 real, 1199.3 MB
[runlim] sample:		2849.8 time, 2850.1 real, 1199.3 MB
[runlim] sample:		2859.8 time, 2860.1 real, 1581.3 MB
[runlim] sample:		2869.8 time, 2870.1 real, 1581.3 MB
[runlim] sample:		2879.8 time, 2880.1 real, 1569.2 MB
[runlim] sample:		2889.8 time, 2890.1 real, 1423.0 MB
[runlim] sample:		2899.8 time, 2900.1 real, 1423.0 MB
[runlim] sample:		2909.8 time, 2910.1 real, 1423.0 MB
[runlim] sample:		2919.8 time, 2920.1 real, 1219.3 MB
[runlim] sample:		2929.8 time, 2930.1 real, 1219.3 MB
[runlim] sample:		2939.8 time, 2940.1 real, 1219.3 MB
[runlim] sample:		2949.8 time, 2950.1 real, 1219.3 MB
[runlim] sample:		2959.8 time, 2960.1 real, 1219.3 MB
[runlim] sample:		2969.8 time, 2970.1 real, 1349.4 MB
[runlim] sample:		2979.8 time, 2980.1 real, 1349.4 MB
[runlim] sample:		2989.8 time, 2990.1 real, 1349.4 MB
[runlim] sample:		2999.8 time, 3000.1 real, 1349.4 MB
[runlim] sample:		3009.8 time, 3010.1 real, 1349.4 MB
[runlim] sample:		3019.8 time, 3020.1 real, 1767.8 MB
[runlim] sample:		3029.8 time, 3030.1 real, 1256.2 MB
[runlim] sample:		3039.8 time, 3040.1 real, 1256.2 MB
[runlim] sample:		3049.8 time, 3050.1 real, 1256.2 MB
[runlim] sample:		3059.8 time, 3060.1 real, 1256.2 MB
[runlim] sample:		3069.8 time, 3070.1 real, 1278.2 MB
[runlim] sample:		3079.8 time, 3080.1 real, 1278.2 MB
[runlim] sample:		3089.8 time, 3090.1 real, 1278.2 MB
[runlim] sample:		3099.8 time, 3100.1 real, 1235.6 MB
[runlim] sample:		3109.8 time, 3110.1 real, 1235.6 MB
[runlim] sample:		3119.8 time, 3120.1 real, 1235.6 MB
[runlim] sample:		3129.8 time, 3130.1 real, 1338.4 MB
[runlim] sample:		3139.8 time, 3140.1 real, 1232.4 MB
[runlim] sample:		3149.8 time, 3150.1 real, 1232.4 MB
[runlim] sample:		3159.8 time, 3160.1 real, 1232.4 MB
[runlim] sample:		3169.8 time, 3170.1 real, 1232.4 MB
[runlim] sample:		3179.8 time, 3180.1 real, 1232.4 MB
[runlim] sample:		3189.8 time, 3190.1 real, 1232.4 MB
[runlim] sample:		3199.8 time, 3200.1 real, 1531.3 MB
[runlim] sample:		3209.8 time, 3210.1 real, 1542.3 MB
[runlim] sample:		3219.8 time, 3220.1 real, 1542.3 MB
[runlim] sample:		3229.8 time, 3230.1 real, 1542.3 MB
[runlim] sample:		3239.8 time, 3240.1 real, 1542.3 MB
[runlim] sample:		3249.8 time, 3250.1 real, 1444.7 MB
[runlim] sample:		3259.8 time, 3260.1 real, 1444.7 MB
[runlim] sample:		3269.8 time, 3270.1 real, 1372.5 MB
[runlim] sample:		3279.8 time, 3280.1 real, 1372.5 MB
[runlim] sample:		3289.8 time, 3290.1 real, 1242.9 MB
[runlim] sample:		3299.8 time, 3300.1 real, 1242.9 MB
[runlim] sample:		3309.8 time, 3310.1 real, 1242.9 MB
[runlim] sample:		3319.8 time, 3320.1 real, 1242.9 MB
[runlim] sample:		3329.8 time, 3330.1 real, 1357.7 MB
[runlim] sample:		3339.8 time, 3340.1 real, 1443.3 MB
[runlim] sample:		3349.8 time, 3350.1 real, 1443.3 MB
[runlim] sample:		3359.8 time, 3360.1 real, 1443.3 MB
[runlim] sample:		3369.8 time, 3370.1 real, 1308.4 MB
[runlim] sample:		3379.8 time, 3380.1 real, 1308.4 MB
[runlim] sample:		3389.8 time, 3390.1 real, 1278.3 MB
[runlim] sample:		3399.8 time, 3400.1 real, 1278.3 MB
[runlim] sample:		3409.8 time, 3410.1 real, 1213.3 MB
[runlim] sample:		3419.8 time, 3420.1 real, 1213.3 MB
[runlim] sample:		3429.8 time, 3430.1 real, 1213.3 MB
[runlim] sample:		3439.8 time, 3440.1 real, 1231.0 MB
[runlim] sample:		3449.8 time, 3450.1 real, 1231.0 MB
[runlim] sample:		3459.8 time, 3460.1 real, 1231.0 MB
[runlim] sample:		3469.8 time, 3470.1 real, 1231.0 MB
[runlim] sample:		3479.8 time, 3480.1 real, 1231.0 MB
[runlim] sample:		3489.8 time, 3490.1 real, 1408.2 MB
[runlim] sample:		3499.8 time, 3500.1 real, 1408.2 MB
[runlim] sample:		3509.8 time, 3510.1 real, 1381.4 MB
[runlim] sample:		3519.8 time, 3520.1 real, 1381.4 MB
[runlim] sample:		3529.8 time, 3530.1 real, 1381.4 MB
[runlim] sample:		3539.8 time, 3540.1 real, 1292.2 MB
[runlim] sample:		3549.8 time, 3550.1 real, 1292.2 MB
[runlim] sample:		3559.8 time, 3560.1 real, 1292.2 MB
[runlim] sample:		3569.8 time, 3570.1 real, 1292.2 MB
[runlim] sample:		3579.8 time, 3580.1 real, 1293.0 MB
[runlim] sample:		3589.8 time, 3590.1 real, 1293.0 MB
[runlim] sample:		3599.8 time, 3600.1 real, 1293.0 MB
c Signal interruption.
[runlim] end:			Sun Aug 18 19:32:07 2024
[runlim] status:		out of time
[runlim] result:		2
[runlim] children:		0
[runlim] real:			3600.10 seconds
[runlim] time:			3599.75 seconds
[runlim] space:			2190.1 MB
[runlim] samples:		36000
