[runlim] version:		1.10
[runlim] time limit:		3600 seconds
[runlim] real time limit:	3600 seconds
[runlim] space limit:		30000 MB
[runlim] argv[0]:		/home/truongxuanhieu/AntiBandwidthReconstruct/build/abw_enc_symbreak_max_node
[runlim] argv[1]:		/home/truongxuanhieu/AntiBandwidthReconstruct/build/Benchmarks/S-sherman4.mtx.rnd
[runlim] argv[2]:		--duplex
[runlim] start:			Sun Aug 18 22:32:56 2024
[runlim] main pid:		32530
[runlim] log captured:
c DuplexEncoder 0.8.
c Solving strategy: from LB to UB.
c LB-w = 256 (LB in Sinnl - A note on computational approaches for the antibandwidth problem).
c UB-w = 272 (UB in Sinnl - A note on computational approaches for the antibandwidth problem).
c Antibandwidth problem with w = 256 ( S-sherman4.mtx.rnd ):
c Initializing CaDiCaL (version 1.2.1).
c	Configuring CaDiCaL as --sat (1).
c Initializing a Duplex encoder with n = 546.
c Encoding starts with w = 256:
c	Labels and Vertices aux var: 49140
c	Labels and Vertices constraints:  670488
c	Obj k aux var: 871416
c	Obj k constraints: 4208325
c	Obj k glue staircase constraints: 1554219
c	Encoding duration: 2s
c	Number of clauses: 4879086
c	Number of irredundant clauses: 4558265
c	Number of variables: 1218672
c SAT Solving starts:
[runlim] sample:		10.0 time, 10.2 real, 842.2 MB
[runlim] sample:		20.0 time, 20.2 real, 902.0 MB
[runlim] sample:		30.0 time, 30.2 real, 858.5 MB
[runlim] sample:		40.0 time, 40.2 real, 852.6 MB
[runlim] sample:		50.0 time, 50.2 real, 888.5 MB
[runlim] sample:		60.0 time, 60.2 real, 852.4 MB
[runlim] sample:		70.0 time, 70.2 real, 876.5 MB
[runlim] sample:		80.0 time, 80.2 real, 878.1 MB
[runlim] sample:		90.0 time, 90.2 real, 903.3 MB
[runlim] sample:		100.0 time, 100.2 real, 1011.4 MB
[runlim] sample:		110.0 time, 110.2 real, 908.3 MB
[runlim] sample:		120.0 time, 120.2 real, 1018.1 MB
[runlim] sample:		130.0 time, 130.2 real, 904.7 MB
[runlim] sample:		140.0 time, 140.2 real, 868.3 MB
[runlim] sample:		150.0 time, 150.2 real, 835.2 MB
[runlim] sample:		160.0 time, 160.2 real, 859.8 MB
[runlim] sample:		170.0 time, 170.2 real, 861.7 MB
[runlim] sample:		180.0 time, 180.2 real, 941.0 MB
[runlim] sample:		190.0 time, 190.2 real, 931.4 MB
[runlim] sample:		200.0 time, 200.2 real, 936.2 MB
[runlim] sample:		210.0 time, 210.2 real, 941.9 MB
[runlim] sample:		220.0 time, 220.2 real, 894.3 MB
[runlim] sample:		230.0 time, 230.2 real, 898.4 MB
[runlim] sample:		240.0 time, 240.2 real, 944.7 MB
[runlim] sample:		250.0 time, 250.2 real, 957.3 MB
[runlim] sample:		260.0 time, 260.2 real, 915.6 MB
[runlim] sample:		270.0 time, 270.2 real, 895.0 MB
[runlim] sample:		280.0 time, 280.2 real, 927.8 MB
[runlim] sample:		290.0 time, 290.2 real, 913.8 MB
[runlim] sample:		300.0 time, 300.2 real, 915.3 MB
[runlim] sample:		310.0 time, 310.2 real, 916.2 MB
[runlim] sample:		320.0 time, 320.2 real, 925.3 MB
[runlim] sample:		330.0 time, 330.2 real, 966.1 MB
[runlim] sample:		340.0 time, 340.2 real, 995.4 MB
[runlim] sample:		350.0 time, 350.2 real, 1118.4 MB
[runlim] sample:		360.0 time, 360.2 real, 1028.6 MB
[runlim] sample:		370.0 time, 370.2 real, 1056.8 MB
[runlim] sample:		380.0 time, 380.2 real, 1005.3 MB
[runlim] sample:		390.0 time, 390.2 real, 1015.6 MB
[runlim] sample:		400.0 time, 400.2 real, 1026.5 MB
[runlim] sample:		410.0 time, 410.2 real, 1034.0 MB
[runlim] sample:		420.0 time, 420.2 real, 1041.4 MB
[runlim] sample:		430.0 time, 430.2 real, 1018.2 MB
[runlim] sample:		440.0 time, 440.2 real, 1030.6 MB
[runlim] sample:		450.0 time, 450.2 real, 1005.2 MB
[runlim] sample:		460.0 time, 460.2 real, 1005.2 MB
[runlim] sample:		470.0 time, 470.2 real, 1058.0 MB
[runlim] sample:		480.0 time, 480.2 real, 1058.0 MB
[runlim] sample:		490.0 time, 490.2 real, 1015.2 MB
[runlim] sample:		500.0 time, 500.2 real, 1015.2 MB
[runlim] sample:		510.0 time, 510.2 real, 1023.2 MB
[runlim] sample:		520.0 time, 520.2 real, 1046.0 MB
[runlim] sample:		530.0 time, 530.2 real, 1046.0 MB
[runlim] sample:		540.0 time, 540.2 real, 1041.7 MB
[runlim] sample:		550.0 time, 550.2 real, 995.0 MB
[runlim] sample:		560.0 time, 560.2 real, 1009.5 MB
[runlim] sample:		570.0 time, 570.2 real, 1009.5 MB
[runlim] sample:		580.0 time, 580.2 real, 1058.3 MB
[runlim] sample:		590.0 time, 590.2 real, 1058.3 MB
[runlim] sample:		600.0 time, 600.2 real, 1058.3 MB
[runlim] sample:		610.0 time, 610.2 real, 1057.2 MB
[runlim] sample:		620.0 time, 620.2 real, 1057.2 MB
[runlim] sample:		630.0 time, 630.2 real, 1009.5 MB
[runlim] sample:		639.9 time, 640.2 real, 1031.4 MB
[runlim] sample:		649.9 time, 650.2 real, 1031.4 MB
[runlim] sample:		659.9 time, 660.2 real, 1054.4 MB
[runlim] sample:		669.9 time, 670.2 real, 1074.8 MB
[runlim] sample:		679.9 time, 680.2 real, 1074.8 MB
[runlim] sample:		689.9 time, 690.2 real, 1046.3 MB
[runlim] sample:		699.9 time, 700.2 real, 1046.3 MB
[runlim] sample:		709.9 time, 710.2 real, 1224.5 MB
[runlim] sample:		719.9 time, 720.2 real, 1056.5 MB
[runlim] sample:		729.9 time, 730.2 real, 1066.9 MB
[runlim] sample:		739.9 time, 740.2 real, 1066.9 MB
[runlim] sample:		749.9 time, 750.2 real, 1053.3 MB
[runlim] sample:		759.9 time, 760.2 real, 1053.3 MB
[runlim] sample:		769.9 time, 770.2 real, 1053.3 MB
[runlim] sample:		779.9 time, 780.2 real, 1066.0 MB
[runlim] sample:		789.9 time, 790.2 real, 1066.0 MB
[runlim] sample:		799.9 time, 800.2 real, 1056.9 MB
[runlim] sample:		809.9 time, 810.2 real, 1040.6 MB
[runlim] sample:		819.9 time, 820.2 real, 1040.6 MB
[runlim] sample:		829.9 time, 830.2 real, 1045.8 MB
[runlim] sample:		839.9 time, 840.2 real, 1047.0 MB
[runlim] sample:		849.9 time, 850.2 real, 1047.0 MB
[runlim] sample:		859.9 time, 860.2 real, 1047.0 MB
[runlim] sample:		869.9 time, 870.2 real, 1055.3 MB
[runlim] sample:		879.9 time, 880.2 real, 1055.3 MB
[runlim] sample:		889.9 time, 890.2 real, 1056.9 MB
[runlim] sample:		899.9 time, 900.2 real, 1056.9 MB
[runlim] sample:		909.9 time, 910.2 real, 1220.3 MB
[runlim] sample:		919.9 time, 920.2 real, 1056.7 MB
[runlim] sample:		929.9 time, 930.2 real, 1054.4 MB
[runlim] sample:		939.9 time, 940.2 real, 1054.4 MB
[runlim] sample:		949.9 time, 950.2 real, 1060.8 MB
[runlim] sample:		959.9 time, 960.2 real, 1060.8 MB
[runlim] sample:		969.9 time, 970.2 real, 1060.8 MB
[runlim] sample:		979.9 time, 980.2 real, 1060.8 MB
[runlim] sample:		989.9 time, 990.2 real, 1062.0 MB
[runlim] sample:		999.9 time, 1000.2 real, 1048.4 MB
[runlim] sample:		1009.9 time, 1010.2 real, 1045.6 MB
[runlim] sample:		1019.9 time, 1020.2 real, 1045.6 MB
[runlim] sample:		1029.9 time, 1030.2 real, 1045.6 MB
[runlim] sample:		1039.9 time, 1040.2 real, 1072.5 MB
[runlim] sample:		1049.9 time, 1050.2 real, 1072.5 MB
[runlim] sample:		1059.9 time, 1060.2 real, 1072.5 MB
[runlim] sample:		1069.9 time, 1070.2 real, 1072.5 MB
[runlim] sample:		1079.9 time, 1080.2 real, 1122.2 MB
[runlim] sample:		1089.9 time, 1090.2 real, 1122.2 MB
[runlim] sample:		1099.9 time, 1100.2 real, 1122.2 MB
[runlim] sample:		1109.9 time, 1110.2 real, 1055.1 MB
[runlim] sample:		1119.9 time, 1120.2 real, 1055.1 MB
[runlim] sample:		1129.9 time, 1130.2 real, 1071.5 MB
[runlim] sample:		1139.9 time, 1140.2 real, 1071.5 MB
[runlim] sample:		1149.9 time, 1150.2 real, 1261.2 MB
[runlim] sample:		1159.9 time, 1160.2 real, 1082.9 MB
[runlim] sample:		1169.9 time, 1170.2 real, 1082.9 MB
[runlim] sample:		1179.9 time, 1180.2 real, 1023.3 MB
[runlim] sample:		1189.9 time, 1190.2 real, 1057.8 MB
[runlim] sample:		1199.9 time, 1200.2 real, 1055.4 MB
[runlim] sample:		1209.9 time, 1210.2 real, 1055.4 MB
[runlim] sample:		1219.9 time, 1220.2 real, 1059.6 MB
[runlim] sample:		1229.9 time, 1230.2 real, 1059.6 MB
[runlim] sample:		1239.8 time, 1240.2 real, 1065.9 MB
[runlim] sample:		1249.8 time, 1250.2 real, 1065.9 MB
[runlim] sample:		1259.9 time, 1260.2 real, 1078.6 MB
[runlim] sample:		1269.9 time, 1270.2 real, 1042.4 MB
[runlim] sample:		1279.9 time, 1280.2 real, 1042.4 MB
[runlim] sample:		1289.8 time, 1290.2 real, 1062.3 MB
[runlim] sample:		1299.9 time, 1300.2 real, 1043.7 MB
[runlim] sample:		1309.8 time, 1310.2 real, 1043.8 MB
[runlim] sample:		1319.8 time, 1320.2 real, 1043.8 MB
[runlim] sample:		1329.8 time, 1330.2 real, 1047.3 MB
[runlim] sample:		1339.8 time, 1340.2 real, 1047.3 MB
[runlim] sample:		1349.8 time, 1350.2 real, 1047.3 MB
[runlim] sample:		1359.8 time, 1360.2 real, 1052.4 MB
[runlim] sample:		1369.8 time, 1370.2 real, 1052.4 MB
[runlim] sample:		1379.8 time, 1380.2 real, 1052.4 MB
[runlim] sample:		1389.8 time, 1390.2 real, 1064.9 MB
[runlim] sample:		1399.8 time, 1400.2 real, 1064.9 MB
[runlim] sample:		1409.8 time, 1410.2 real, 1070.8 MB
[runlim] sample:		1419.8 time, 1420.2 real, 1070.8 MB
[runlim] sample:		1429.8 time, 1430.2 real, 1070.8 MB
[runlim] sample:		1439.8 time, 1440.2 real, 1077.9 MB
[runlim] sample:		1449.8 time, 1450.2 real, 1077.9 MB
[runlim] sample:		1459.8 time, 1460.2 real, 1030.3 MB
[runlim] sample:		1469.8 time, 1470.2 real, 1030.3 MB
[runlim] sample:		1479.8 time, 1480.2 real, 1010.5 MB
[runlim] sample:		1489.8 time, 1490.2 real, 1013.7 MB
[runlim] sample:		1499.8 time, 1500.2 real, 1061.2 MB
[runlim] sample:		1509.8 time, 1510.2 real, 1061.2 MB
[runlim] sample:		1519.8 time, 1520.2 real, 1089.7 MB
[runlim] sample:		1529.8 time, 1530.2 real, 1089.7 MB
[runlim] sample:		1539.8 time, 1540.2 real, 1042.0 MB
[runlim] sample:		1549.8 time, 1550.2 real, 1042.0 MB
[runlim] sample:		1559.8 time, 1560.2 real, 1025.6 MB
[runlim] sample:		1569.8 time, 1570.2 real, 1025.6 MB
[runlim] sample:		1579.8 time, 1580.2 real, 1071.8 MB
[runlim] sample:		1589.8 time, 1590.2 real, 1070.7 MB
[runlim] sample:		1599.8 time, 1600.2 real, 1070.7 MB
[runlim] sample:		1609.8 time, 1610.2 real, 1052.1 MB
[runlim] sample:		1619.8 time, 1620.2 real, 1005.7 MB
[runlim] sample:		1629.8 time, 1630.2 real, 1005.7 MB
[runlim] sample:		1639.8 time, 1640.2 real, 1003.8 MB
[runlim] sample:		1649.8 time, 1650.2 real, 1050.3 MB
[runlim] sample:		1659.8 time, 1660.2 real, 1050.3 MB
[runlim] sample:		1669.8 time, 1670.2 real, 1068.6 MB
[runlim] sample:		1679.8 time, 1680.2 real, 1068.6 MB
[runlim] sample:		1689.8 time, 1690.2 real, 1021.9 MB
[runlim] sample:		1699.8 time, 1700.2 real, 1049.3 MB
[runlim] sample:		1709.8 time, 1710.2 real, 1049.3 MB
[runlim] sample:		1719.8 time, 1720.2 real, 1051.9 MB
[runlim] sample:		1729.8 time, 1730.2 real, 1051.9 MB
[runlim] sample:		1739.8 time, 1740.2 real, 1073.5 MB
[runlim] sample:		1749.8 time, 1750.2 real, 1073.5 MB
[runlim] sample:		1759.8 time, 1760.2 real, 1073.5 MB
[runlim] sample:		1769.8 time, 1770.2 real, 1089.9 MB
[runlim] sample:		1779.8 time, 1780.2 real, 1089.9 MB
[runlim] sample:		1789.8 time, 1790.2 real, 1097.8 MB
[runlim] sample:		1799.8 time, 1800.2 real, 1072.2 MB
[runlim] sample:		1809.8 time, 1810.2 real, 1072.2 MB
[runlim] sample:		1819.8 time, 1820.2 real, 1052.7 MB
[runlim] sample:		1829.8 time, 1830.2 real, 1052.7 MB
[runlim] sample:		1839.8 time, 1840.2 real, 1052.7 MB
[runlim] sample:		1849.8 time, 1850.2 real, 1104.8 MB
[runlim] sample:		1859.8 time, 1860.2 real, 1104.8 MB
[runlim] sample:		1869.8 time, 1870.2 real, 1104.8 MB
[runlim] sample:		1879.8 time, 1880.2 real, 1050.1 MB
[runlim] sample:		1889.8 time, 1890.2 real, 1007.9 MB
[runlim] sample:		1899.8 time, 1900.2 real, 1007.9 MB
[runlim] sample:		1909.8 time, 1910.2 real, 1007.9 MB
[runlim] sample:		1919.8 time, 1920.2 real, 1026.8 MB
[runlim] sample:		1929.8 time, 1930.2 real, 1026.8 MB
[runlim] sample:		1939.8 time, 1940.2 real, 1026.8 MB
[runlim] sample:		1949.8 time, 1950.2 real, 1091.7 MB
[runlim] sample:		1959.8 time, 1960.2 real, 1091.7 MB
[runlim] sample:		1969.8 time, 1970.2 real, 1091.7 MB
[runlim] sample:		1979.8 time, 1980.2 real, 1113.7 MB
[runlim] sample:		1989.8 time, 1990.2 real, 1044.2 MB
[runlim] sample:		1999.8 time, 2000.2 real, 1024.5 MB
[runlim] sample:		2009.8 time, 2010.2 real, 1024.5 MB
[runlim] sample:		2019.8 time, 2020.2 real, 1024.5 MB
[runlim] sample:		2029.8 time, 2030.2 real, 1025.5 MB
[runlim] sample:		2039.8 time, 2040.2 real, 1025.5 MB
[runlim] sample:		2049.8 time, 2050.2 real, 1072.0 MB
[runlim] sample:		2059.8 time, 2060.2 real, 1072.0 MB
[runlim] sample:		2069.8 time, 2070.2 real, 1070.5 MB
[runlim] sample:		2079.8 time, 2080.2 real, 1070.5 MB
[runlim] sample:		2089.8 time, 2090.2 real, 1070.5 MB
[runlim] sample:		2099.8 time, 2100.2 real, 1070.5 MB
[runlim] sample:		2109.8 time, 2110.2 real, 1023.8 MB
[runlim] sample:		2119.8 time, 2120.2 real, 1013.8 MB
[runlim] sample:		2129.8 time, 2130.2 real, 1013.8 MB
[runlim] sample:		2139.8 time, 2140.2 real, 1013.8 MB
[runlim] sample:		2149.8 time, 2150.2 real, 1061.1 MB
[runlim] sample:		2159.8 time, 2160.2 real, 1061.1 MB
[runlim] sample:		2169.8 time, 2170.2 real, 1061.1 MB
[runlim] sample:		2179.8 time, 2180.2 real, 1061.1 MB
[runlim] sample:		2189.8 time, 2190.2 real, 1064.8 MB
[runlim] sample:		2199.8 time, 2200.2 real, 1064.8 MB
[runlim] sample:		2209.8 time, 2210.2 real, 1064.8 MB
[runlim] sample:		2219.8 time, 2220.2 real, 1059.4 MB
[runlim] sample:		2229.8 time, 2230.2 real, 1059.4 MB
[runlim] sample:		2239.8 time, 2240.2 real, 1011.7 MB
[runlim] sample:		2249.8 time, 2250.2 real, 991.5 MB
[runlim] sample:		2259.8 time, 2260.2 real, 991.5 MB
[runlim] sample:		2269.8 time, 2270.2 real, 991.5 MB
[runlim] sample:		2279.8 time, 2280.2 real, 1014.9 MB
[runlim] sample:		2289.8 time, 2290.2 real, 1014.9 MB
[runlim] sample:		2299.8 time, 2300.2 real, 1014.9 MB
[runlim] sample:		2309.8 time, 2310.2 real, 1061.4 MB
[runlim] sample:		2319.8 time, 2320.2 real, 1077.7 MB
[runlim] sample:		2329.8 time, 2330.2 real, 1031.0 MB
[runlim] sample:		2339.8 time, 2340.2 real, 1031.0 MB
[runlim] sample:		2349.8 time, 2350.2 real, 1031.0 MB
[runlim] sample:		2359.8 time, 2360.2 real, 1031.0 MB
[runlim] sample:		2369.8 time, 2370.2 real, 1031.0 MB
[runlim] sample:		2379.8 time, 2380.2 real, 1087.7 MB
[runlim] sample:		2389.8 time, 2390.2 real, 1087.7 MB
[runlim] sample:		2399.8 time, 2400.2 real, 1087.7 MB
[runlim] sample:		2409.8 time, 2410.2 real, 1087.7 MB
[runlim] sample:		2419.8 time, 2420.2 real, 1123.3 MB
[runlim] sample:		2429.8 time, 2430.2 real, 1123.3 MB
[runlim] sample:		2439.8 time, 2440.2 real, 1167.2 MB
[runlim] sample:		2449.8 time, 2450.2 real, 1167.2 MB
[runlim] sample:		2459.8 time, 2460.2 real, 1167.2 MB
[runlim] sample:		2469.8 time, 2470.2 real, 1167.2 MB
[runlim] sample:		2479.8 time, 2480.2 real, 1167.2 MB
[runlim] sample:		2489.8 time, 2490.2 real, 1169.6 MB
[runlim] sample:		2499.8 time, 2500.2 real, 1169.6 MB
[runlim] sample:		2509.8 time, 2510.2 real, 1125.5 MB
[runlim] sample:		2519.8 time, 2520.2 real, 1125.5 MB
[runlim] sample:		2529.8 time, 2530.2 real, 1125.5 MB
[runlim] sample:		2539.8 time, 2540.2 real, 1077.2 MB
[runlim] sample:		2549.8 time, 2550.2 real, 1077.2 MB
[runlim] sample:		2559.8 time, 2560.2 real, 1077.2 MB
[runlim] sample:		2569.8 time, 2570.2 real, 1121.1 MB
[runlim] sample:		2579.8 time, 2580.2 real, 1121.1 MB
[runlim] sample:		2589.8 time, 2590.2 real, 1094.0 MB
[runlim] sample:		2599.8 time, 2600.2 real, 1094.0 MB
[runlim] sample:		2609.8 time, 2610.2 real, 1094.0 MB
[runlim] sample:		2619.8 time, 2620.2 real, 1094.0 MB
[runlim] sample:		2629.8 time, 2630.2 real, 1094.0 MB
[runlim] sample:		2639.8 time, 2640.2 real, 1094.0 MB
[runlim] sample:		2649.8 time, 2650.2 real, 1112.8 MB
[runlim] sample:		2659.8 time, 2660.2 real, 1068.7 MB
[runlim] sample:		2669.8 time, 2670.2 real, 1068.7 MB
[runlim] sample:		2679.8 time, 2680.2 real, 1068.7 MB
[runlim] sample:		2689.8 time, 2690.2 real, 1068.7 MB
[runlim] sample:		2699.8 time, 2700.2 real, 1068.7 MB
[runlim] sample:		2709.8 time, 2710.2 real, 1102.8 MB
[runlim] sample:		2719.8 time, 2720.2 real, 1102.8 MB
[runlim] sample:		2729.8 time, 2730.2 real, 1102.8 MB
[runlim] sample:		2739.8 time, 2740.2 real, 1289.5 MB
[runlim] sample:		2749.8 time, 2750.2 real, 1066.5 MB
[runlim] sample:		2759.8 time, 2760.2 real, 1066.5 MB
[runlim] sample:		2769.8 time, 2770.2 real, 1066.5 MB
[runlim] sample:		2779.8 time, 2780.2 real, 1066.5 MB
[runlim] sample:		2789.8 time, 2790.2 real, 1020.2 MB
[runlim] sample:		2799.8 time, 2800.2 real, 1106.0 MB
[runlim] sample:		2809.8 time, 2810.2 real, 1055.8 MB
[runlim] sample:		2819.8 time, 2820.2 real, 1056.8 MB
[runlim] sample:		2829.8 time, 2830.2 real, 1056.8 MB
[runlim] sample:		2839.8 time, 2840.2 real, 1056.8 MB
[runlim] sample:		2849.8 time, 2850.2 real, 1065.1 MB
[runlim] sample:		2859.8 time, 2860.2 real, 1065.1 MB
[runlim] sample:		2869.8 time, 2870.2 real, 1065.3 MB
[runlim] sample:		2879.8 time, 2880.2 real, 1065.3 MB
[runlim] sample:		2889.8 time, 2890.2 real, 1065.3 MB
[runlim] sample:		2899.8 time, 2900.2 real, 1065.3 MB
[runlim] sample:		2909.8 time, 2910.2 real, 1072.0 MB
[runlim] sample:		2919.8 time, 2920.2 real, 1072.0 MB
[runlim] sample:		2929.8 time, 2930.2 real, 1072.0 MB
[runlim] sample:		2939.8 time, 2940.2 real, 1088.3 MB
[runlim] sample:		2949.8 time, 2950.2 real, 1088.3 MB
[runlim] sample:		2959.8 time, 2960.2 real, 1234.7 MB
[runlim] sample:		2969.8 time, 2970.2 real, 1052.2 MB
[runlim] sample:		2979.8 time, 2980.2 real, 1052.2 MB
[runlim] sample:		2989.8 time, 2990.2 real, 1052.2 MB
[runlim] sample:		2999.8 time, 3000.2 real, 1081.5 MB
[runlim] sample:		3009.8 time, 3010.2 real, 1081.5 MB
[runlim] sample:		3019.8 time, 3020.2 real, 1081.5 MB
[runlim] sample:		3029.8 time, 3030.2 real, 1069.2 MB
[runlim] sample:		3039.8 time, 3040.2 real, 1069.2 MB
[runlim] sample:		3049.8 time, 3050.2 real, 1069.2 MB
[runlim] sample:		3059.8 time, 3060.2 real, 1069.2 MB
[runlim] sample:		3069.8 time, 3070.2 real, 1069.2 MB
[runlim] sample:		3079.8 time, 3080.2 real, 1069.2 MB
[runlim] sample:		3089.8 time, 3090.2 real, 1093.6 MB
[runlim] sample:		3099.8 time, 3100.2 real, 1093.6 MB
[runlim] sample:		3109.8 time, 3110.2 real, 1051.0 MB
[runlim] sample:		3119.8 time, 3120.2 real, 1051.0 MB
[runlim] sample:		3129.8 time, 3130.2 real, 1051.0 MB
[runlim] sample:		3139.8 time, 3140.2 real, 1069.6 MB
[runlim] sample:		3149.8 time, 3150.2 real, 1069.6 MB
[runlim] sample:		3159.8 time, 3160.2 real, 1069.6 MB
[runlim] sample:		3169.8 time, 3170.2 real, 1069.6 MB
[runlim] sample:		3179.8 time, 3180.2 real, 1069.6 MB
[runlim] sample:		3189.8 time, 3190.2 real, 1069.6 MB
[runlim] sample:		3199.8 time, 3200.2 real, 1105.9 MB
[runlim] sample:		3209.8 time, 3210.2 real, 1105.9 MB
[runlim] sample:		3219.8 time, 3220.2 real, 1105.9 MB
[runlim] sample:		3229.8 time, 3230.2 real, 1105.9 MB
[runlim] sample:		3239.8 time, 3240.2 real, 1087.2 MB
[runlim] sample:		3249.8 time, 3250.2 real, 1087.2 MB
[runlim] sample:		3259.8 time, 3260.2 real, 1087.2 MB
[runlim] sample:		3269.8 time, 3270.2 real, 1087.2 MB
[runlim] sample:		3279.8 time, 3280.2 real, 1083.8 MB
[runlim] sample:		3289.8 time, 3290.2 real, 1036.1 MB
[runlim] sample:		3299.8 time, 3300.2 real, 1036.1 MB
[runlim] sample:		3309.8 time, 3310.2 real, 1036.1 MB
[runlim] sample:		3319.8 time, 3320.2 real, 1002.9 MB
[runlim] sample:		3329.8 time, 3330.2 real, 1002.9 MB
[runlim] sample:		3339.8 time, 3340.2 real, 1002.9 MB
[runlim] sample:		3349.8 time, 3350.2 real, 1075.0 MB
[runlim] sample:		3359.8 time, 3360.2 real, 1075.0 MB
[runlim] sample:		3369.8 time, 3370.2 real, 1075.0 MB
[runlim] sample:		3379.8 time, 3380.2 real, 1075.0 MB
[runlim] sample:		3389.8 time, 3390.2 real, 1075.0 MB
[runlim] sample:		3399.8 time, 3400.2 real, 1075.0 MB
[runlim] sample:		3409.8 time, 3410.2 real, 1094.3 MB
[runlim] sample:		3419.8 time, 3420.2 real, 1094.3 MB
[runlim] sample:		3429.8 time, 3430.2 real, 1094.3 MB
[runlim] sample:		3439.8 time, 3440.2 real, 1054.2 MB
[runlim] sample:		3449.8 time, 3450.2 real, 1054.2 MB
[runlim] sample:		3459.8 time, 3460.2 real, 1026.2 MB
[runlim] sample:		3469.8 time, 3470.2 real, 1026.2 MB
[runlim] sample:		3479.8 time, 3480.2 real, 1041.9 MB
[runlim] sample:		3489.8 time, 3490.2 real, 1041.9 MB
[runlim] sample:		3499.8 time, 3500.2 real, 1050.3 MB
[runlim] sample:		3509.8 time, 3510.2 real, 1050.3 MB
[runlim] sample:		3519.8 time, 3520.2 real, 1050.3 MB
[runlim] sample:		3529.8 time, 3530.2 real, 1050.3 MB
[runlim] sample:		3539.8 time, 3540.2 real, 1050.3 MB
[runlim] sample:		3549.8 time, 3550.2 real, 1046.6 MB
[runlim] sample:		3559.8 time, 3560.2 real, 1046.6 MB
[runlim] sample:		3569.8 time, 3570.2 real, 1046.7 MB
[runlim] sample:		3579.8 time, 3580.2 real, 1046.7 MB
[runlim] sample:		3589.8 time, 3590.2 real, 1046.7 MB
c Signal interruption.
[runlim] end:			Sun Aug 18 23:32:56 2024
[runlim] status:		out of time
[runlim] result:		2
[runlim] children:		0
[runlim] real:			3600.06 seconds
[runlim] time:			3599.57 seconds
[runlim] space:			1502.4 MB
[runlim] samples:		35998
