[runlim] version:		1.10
[runlim] time limit:		3600 seconds
[runlim] real time limit:	3600 seconds
[runlim] space limit:		30000 MB
[runlim] argv[0]:		/home/truongxuanhieu/AntiBandwidthReconstruct/build/abw_enc_symbreak_first_node_hybrid_NSC_binomial
[runlim] argv[1]:		/home/truongxuanhieu/AntiBandwidthReconstruct/build/Benchmarks/C-bcspwr01.mtx.rnd
[runlim] argv[2]:		--duplexNSC
[runlim] start:			Thu Aug 29 09:14:51 2024
[runlim] main pid:		8160
[runlim] log captured:
c DuplexEncoder 0.8.
c Solving strategy: from LB to UB.
c LB-w = 16 (LB in Sinnl - A note on computational approaches for the antibandwidth problem).
c UB-w = 17 (UB in Sinnl - A note on computational approaches for the antibandwidth problem).
c Antibandwidth problem with w = 16 ( C-bcspwr01.mtx.rnd ):
c Initializing CaDiCaL (version 1.2.1).
c	Configuring CaDiCaL as --sat (1).
c Initializing a DuplexNSC encoder with n = 39.
c Encoding starts with w = 16:
c	Labels and Vertices aux var: 858
c	Labels and Vertices constraints:  4368
c	Obj k aux var: 1677
c	Obj k constraints: 11823
c	Obj k glue staircase constraints: 4140
c	Encoding duration: 0s
c	Number of clauses: 16210
c	Number of irredundant clauses: 16080
c	Number of variables: 4056
c SAT Solving starts:
c	Solving duration: 809 ms
c	Answer: 
s SAT (w = 16)
AB is set to 16
Node 1 : 3
Node 30 : 19
c	Solution check:
p calculated antibandwidth = 16.
c
c
c Antibandwidth problem with w = 17 ( C-bcspwr01.mtx.rnd ):
c Initializing CaDiCaL (version 1.2.1).
c	Configuring CaDiCaL as --sat (1).
c Initializing a DuplexNSC encoder with n = 39.
c Encoding starts with w = 17:
c	Labels and Vertices aux var: 858
c	Labels and Vertices constraints:  4368
c	Obj k aux var: 1599
c	Obj k constraints: 11483
c	Obj k glue staircase constraints: 3956
c	Encoding duration: 0s
c	Number of clauses: 15870
c	Number of irredundant clauses: 15738
c	Number of variables: 3978
c SAT Solving starts:
[runlim] sample:		10.0 time, 10.4 real, 18.5 MB
c	Solving duration: 15729 ms
c	Answer: 
s SAT (w = 17)
AB is set to 20
Node 1 : 15
Node 30 : 35
AB is set to 19
Node 1 : 15
Node 6 : 34
AB is set to 17
Node 28 : 18
Node 30 : 35
c	Solution check:
p calculated antibandwidth = 17.
c
c
[runlim] end:			Thu Aug 29 09:15:07 2024
[runlim] status:		ok
[runlim] result:		0
[runlim] children:		0
[runlim] real:			16.96 seconds
[runlim] time:			16.49 seconds
[runlim] space:			37.3 MB
[runlim] samples:		165
