[runlim] version:		1.10
[runlim] time limit:		3600 seconds
[runlim] real time limit:	3600 seconds
[runlim] space limit:		30000 MB
[runlim] argv[0]:		/home/truongxuanhieu/AntiBandwidthReconstruct/build/abw_enc_symbreak_first_node_hybrid_NSC_binomial
[runlim] argv[1]:		/home/truongxuanhieu/AntiBandwidthReconstruct/build/BenchmarksFirstNode/I-ash85.mtx.rnd
[runlim] argv[2]:		--duplexNSC
[runlim] start:			Thu Aug 29 22:24:24 2024
[runlim] main pid:		34300
[runlim] log captured:
c DuplexEncoder 0.8.
c Solving strategy: from LB to UB.
c LB-w = 19 (LB in Sinnl - A note on computational approaches for the antibandwidth problem).
c UB-w = 27 (UB in Sinnl - A note on computational approaches for the antibandwidth problem).
c Antibandwidth problem with w = 19 ( I-ash85.mtx.rnd ):
c Initializing CaDiCaL (version 1.2.1).
c	Configuring CaDiCaL as --sat (1).
c Initializing a DuplexNSC encoder with n = 85.
c Encoding starts with w = 19:
c	Labels and Vertices aux var: 2890
c	Labels and Vertices constraints:  19465
c	Obj k aux var: 10455
c	Obj k constraints: 101029
c	Obj k glue staircase constraints: 56064
c	Encoding duration: 0s
c	Number of clauses: 120536
c	Number of irredundant clauses: 120201
c	Number of variables: 20570
c SAT Solving starts:
c	Solving duration: 65 ms
c	Answer: 
s SAT (w = 19)
AB is set to 19
Node 69 : 43
Node 85 : 62
c	Solution check:
p calculated antibandwidth = 19.
c
c
c Antibandwidth problem with w = 20 ( I-ash85.mtx.rnd ):
c Initializing CaDiCaL (version 1.2.1).
c	Configuring CaDiCaL as --sat (1).
c Initializing a DuplexNSC encoder with n = 85.
c Encoding starts with w = 20:
c	Labels and Vertices aux var: 2890
c	Labels and Vertices constraints:  19465
c	Obj k aux var: 10285
c	Obj k constraints: 99983
c	Obj k glue staircase constraints: 55188
c	Encoding duration: 0s
c	Number of clauses: 119490
c	Number of irredundant clauses: 119151
c	Number of variables: 20400
c SAT Solving starts:
c	Solving duration: 2569 ms
c	Answer: 
s SAT (w = 20)
AB is set to 30
Node 69 : 39
Node 85 : 69
AB is set to 21
Node 65 : 18
Node 69 : 39
AB is set to 20
Node 39 : 22
Node 61 : 42
c	Solution check:
p calculated antibandwidth = 20.
c
c
c Antibandwidth problem with w = 21 ( I-ash85.mtx.rnd ):
c Initializing CaDiCaL (version 1.2.1).
c	Configuring CaDiCaL as --sat (1).
c Initializing a DuplexNSC encoder with n = 85.
c Encoding starts with w = 21:
c	Labels and Vertices aux var: 2890
c	Labels and Vertices constraints:  19465
c	Obj k aux var: 10115
c	Obj k constraints: 98937
c	Obj k glue staircase constraints: 54312
c	Encoding duration: 0s
c	Number of clauses: 118444
c	Number of irredundant clauses: 118114
c	Number of variables: 20230
c SAT Solving starts:
[runlim] sample:		10.0 time, 10.2 real, 60.5 MB
c	Solving duration: 13584 ms
c	Answer: 
s SAT (w = 21)
AB is set to 25
Node 69 : 30
Node 85 : 55
AB is set to 22
Node 22 : 8
Node 69 : 30
AB is set to 21
Node 4 : 76
Node 85 : 55
c	Solution check:
p calculated antibandwidth = 21.
c
c
c Antibandwidth problem with w = 22 ( I-ash85.mtx.rnd ):
c Initializing CaDiCaL (version 1.2.1).
c	Configuring CaDiCaL as --sat (1).
c Initializing a DuplexNSC encoder with n = 85.
c Encoding starts with w = 22:
c	Labels and Vertices aux var: 2890
c	Labels and Vertices constraints:  19125
c	Obj k aux var: 10200
c	Obj k constraints: 97358
c	Obj k glue staircase constraints: 54093
c	Encoding duration: 0s
c	Number of clauses: 116525
c	Number of irredundant clauses: 116212
c	Number of variables: 20315
c SAT Solving starts:
[runlim] sample:		20.0 time, 20.2 real, 48.8 MB
[runlim] sample:		30.0 time, 30.2 real, 56.0 MB
[runlim] sample:		40.0 time, 40.2 real, 83.3 MB
[runlim] sample:		50.0 time, 50.2 real, 83.5 MB
c	Solving duration: 34718 ms
c	Answer: 
s SAT (w = 22)
AB is set to 23
Node 69 : 35
Node 85 : 12
AB is set to 22
Node 39 : 34
Node 85 : 12
c	Solution check:
p calculated antibandwidth = 22.
c
c
c Antibandwidth problem with w = 23 ( I-ash85.mtx.rnd ):
c Initializing CaDiCaL (version 1.2.1).
c	Configuring CaDiCaL as --sat (1).
c Initializing a DuplexNSC encoder with n = 85.
c Encoding starts with w = 23:
c	Labels and Vertices aux var: 2890
c	Labels and Vertices constraints:  19125
c	Obj k aux var: 10030
c	Obj k constraints: 96227
c	Obj k glue staircase constraints: 53217
c	Encoding duration: 0s
c	Number of clauses: 115394
c	Number of irredundant clauses: 115066
c	Number of variables: 20145
c SAT Solving starts:
[runlim] sample:		60.0 time, 60.2 real, 83.5 MB
[runlim] sample:		70.0 time, 70.2 real, 83.5 MB
[runlim] sample:		80.0 time, 80.2 real, 85.0 MB
[runlim] sample:		90.0 time, 90.2 real, 85.0 MB
[runlim] sample:		100.0 time, 100.2 real, 104.1 MB
[runlim] sample:		110.0 time, 110.2 real, 104.1 MB
[runlim] sample:		120.0 time, 120.2 real, 133.8 MB
[runlim] sample:		130.0 time, 130.2 real, 105.5 MB
[runlim] sample:		140.0 time, 140.2 real, 151.0 MB
[runlim] sample:		150.0 time, 150.2 real, 84.4 MB
[runlim] sample:		160.0 time, 160.2 real, 104.7 MB
[runlim] sample:		170.0 time, 170.2 real, 104.7 MB
[runlim] sample:		180.0 time, 180.2 real, 97.1 MB
[runlim] sample:		190.0 time, 190.2 real, 108.3 MB
c	Solving duration: 147039 ms
c	Answer: 
s SAT (w = 23)
AB is set to 23
Node 69 : 50
Node 85 : 27
c	Solution check:
p calculated antibandwidth = 23.
c
c
c Antibandwidth problem with w = 24 ( I-ash85.mtx.rnd ):
c Initializing CaDiCaL (version 1.2.1).
c	Configuring CaDiCaL as --sat (1).
c Initializing a DuplexNSC encoder with n = 85.
c Encoding starts with w = 24:
c	Labels and Vertices aux var: 2890
c	Labels and Vertices constraints:  19125
c	Obj k aux var: 9860
c	Obj k constraints: 95096
c	Obj k glue staircase constraints: 52341
c	Encoding duration: 0s
c	Number of clauses: 114263
c	Number of irredundant clauses: 113932
c	Number of variables: 19975
c SAT Solving starts:
[runlim] sample:		200.0 time, 200.2 real, 103.0 MB
[runlim] sample:		210.0 time, 210.2 real, 103.0 MB
[runlim] sample:		220.0 time, 220.2 real, 103.0 MB
[runlim] sample:		230.0 time, 230.2 real, 103.0 MB
[runlim] sample:		240.0 time, 240.2 real, 103.0 MB
[runlim] sample:		250.0 time, 250.2 real, 103.0 MB
[runlim] sample:		260.0 time, 260.2 real, 103.0 MB
[runlim] sample:		270.0 time, 270.2 real, 103.0 MB
[runlim] sample:		280.0 time, 280.2 real, 103.0 MB
[runlim] sample:		290.0 time, 290.2 real, 103.0 MB
[runlim] sample:		300.0 time, 300.2 real, 103.0 MB
[runlim] sample:		310.0 time, 310.2 real, 103.0 MB
[runlim] sample:		320.0 time, 320.2 real, 103.0 MB
[runlim] sample:		330.0 time, 330.2 real, 103.0 MB
[runlim] sample:		340.0 time, 340.2 real, 103.0 MB
[runlim] sample:		350.0 time, 350.2 real, 103.0 MB
[runlim] sample:		360.0 time, 360.2 real, 103.0 MB
[runlim] sample:		370.0 time, 370.2 real, 103.0 MB
[runlim] sample:		380.0 time, 380.2 real, 103.0 MB
[runlim] sample:		390.0 time, 390.2 real, 103.0 MB
[runlim] sample:		400.0 time, 400.2 real, 150.7 MB
[runlim] sample:		410.0 time, 410.2 real, 139.0 MB
[runlim] sample:		420.0 time, 420.2 real, 142.9 MB
[runlim] sample:		430.0 time, 430.2 real, 140.9 MB
[runlim] sample:		440.0 time, 440.2 real, 150.5 MB
[runlim] sample:		450.0 time, 450.2 real, 155.7 MB
[runlim] sample:		460.0 time, 460.2 real, 156.7 MB
[runlim] sample:		470.0 time, 470.2 real, 140.7 MB
[runlim] sample:		480.0 time, 480.2 real, 108.4 MB
[runlim] sample:		490.0 time, 490.2 real, 118.2 MB
[runlim] sample:		500.0 time, 500.2 real, 118.2 MB
[runlim] sample:		510.0 time, 510.2 real, 118.2 MB
[runlim] sample:		520.0 time, 520.2 real, 118.2 MB
[runlim] sample:		530.0 time, 530.2 real, 118.2 MB
[runlim] sample:		540.0 time, 540.2 real, 118.2 MB
[runlim] sample:		550.0 time, 550.2 real, 118.2 MB
[runlim] sample:		560.0 time, 560.2 real, 120.0 MB
[runlim] sample:		570.0 time, 570.2 real, 123.0 MB
[runlim] sample:		580.0 time, 580.2 real, 123.0 MB
[runlim] sample:		590.0 time, 590.2 real, 123.0 MB
[runlim] sample:		600.0 time, 600.2 real, 123.0 MB
[runlim] sample:		610.0 time, 610.2 real, 155.8 MB
[runlim] sample:		620.0 time, 620.2 real, 180.7 MB
[runlim] sample:		630.0 time, 630.2 real, 180.7 MB
[runlim] sample:		640.0 time, 640.2 real, 189.7 MB
[runlim] sample:		650.0 time, 650.2 real, 189.7 MB
[runlim] sample:		660.0 time, 660.2 real, 191.2 MB
[runlim] sample:		670.0 time, 670.2 real, 191.2 MB
[runlim] sample:		680.0 time, 680.2 real, 188.6 MB
[runlim] sample:		690.0 time, 690.2 real, 183.4 MB
[runlim] sample:		700.0 time, 700.2 real, 184.7 MB
[runlim] sample:		710.0 time, 710.2 real, 184.7 MB
[runlim] sample:		720.0 time, 720.2 real, 189.5 MB
[runlim] sample:		730.0 time, 730.2 real, 193.9 MB
[runlim] sample:		740.0 time, 740.2 real, 187.9 MB
[runlim] sample:		750.0 time, 750.2 real, 183.8 MB
[runlim] sample:		760.0 time, 760.2 real, 179.6 MB
[runlim] sample:		770.0 time, 770.2 real, 179.6 MB
[runlim] sample:		780.0 time, 780.2 real, 177.0 MB
[runlim] sample:		790.0 time, 790.2 real, 126.8 MB
[runlim] sample:		800.0 time, 800.2 real, 149.3 MB
[runlim] sample:		810.0 time, 810.2 real, 190.5 MB
[runlim] sample:		819.9 time, 820.2 real, 190.5 MB
[runlim] sample:		830.0 time, 830.2 real, 210.9 MB
[runlim] sample:		840.0 time, 840.2 real, 217.1 MB
[runlim] sample:		849.9 time, 850.2 real, 222.8 MB
[runlim] sample:		859.9 time, 860.2 real, 222.8 MB
[runlim] sample:		870.0 time, 870.2 real, 218.8 MB
[runlim] sample:		879.9 time, 880.2 real, 217.1 MB
[runlim] sample:		889.9 time, 890.2 real, 217.1 MB
[runlim] sample:		899.9 time, 900.2 real, 213.9 MB
[runlim] sample:		909.9 time, 910.2 real, 213.9 MB
[runlim] sample:		919.9 time, 920.2 real, 213.4 MB
[runlim] sample:		930.0 time, 930.2 real, 219.1 MB
[runlim] sample:		939.9 time, 940.2 real, 241.1 MB
[runlim] sample:		949.9 time, 950.2 real, 225.0 MB
[runlim] sample:		959.9 time, 960.2 real, 225.0 MB
[runlim] sample:		970.0 time, 970.2 real, 225.2 MB
[runlim] sample:		979.9 time, 980.2 real, 232.7 MB
[runlim] sample:		989.9 time, 990.2 real, 232.7 MB
[runlim] sample:		999.9 time, 1000.2 real, 222.3 MB
[runlim] sample:		1009.9 time, 1010.2 real, 221.6 MB
[runlim] sample:		1019.9 time, 1020.2 real, 226.4 MB
[runlim] sample:		1029.9 time, 1030.2 real, 217.4 MB
[runlim] sample:		1039.9 time, 1040.2 real, 217.4 MB
[runlim] sample:		1049.9 time, 1050.2 real, 247.7 MB
[runlim] sample:		1059.9 time, 1060.2 real, 247.7 MB
[runlim] sample:		1069.9 time, 1070.2 real, 232.7 MB
[runlim] sample:		1079.9 time, 1080.2 real, 223.9 MB
[runlim] sample:		1089.9 time, 1090.2 real, 223.6 MB
[runlim] sample:		1099.9 time, 1100.2 real, 250.9 MB
[runlim] sample:		1109.9 time, 1110.2 real, 225.3 MB
[runlim] sample:		1119.9 time, 1120.2 real, 225.3 MB
[runlim] sample:		1129.9 time, 1130.2 real, 222.1 MB
[runlim] sample:		1139.9 time, 1140.2 real, 225.6 MB
[runlim] sample:		1149.9 time, 1150.2 real, 225.6 MB
[runlim] sample:		1159.9 time, 1160.2 real, 232.4 MB
[runlim] sample:		1169.9 time, 1170.2 real, 232.4 MB
[runlim] sample:		1179.9 time, 1180.2 real, 225.3 MB
[runlim] sample:		1189.9 time, 1190.2 real, 225.3 MB
[runlim] sample:		1199.9 time, 1200.2 real, 225.6 MB
[runlim] sample:		1209.9 time, 1210.2 real, 225.6 MB
[runlim] sample:		1219.9 time, 1220.2 real, 223.3 MB
[runlim] sample:		1229.9 time, 1230.2 real, 223.3 MB
[runlim] sample:		1239.9 time, 1240.2 real, 223.3 MB
[runlim] sample:		1249.9 time, 1250.2 real, 226.2 MB
[runlim] sample:		1259.9 time, 1260.2 real, 226.2 MB
[runlim] sample:		1269.9 time, 1270.2 real, 229.7 MB
[runlim] sample:		1279.9 time, 1280.2 real, 229.7 MB
[runlim] sample:		1289.9 time, 1290.2 real, 231.7 MB
[runlim] sample:		1299.9 time, 1300.2 real, 231.7 MB
[runlim] sample:		1309.9 time, 1310.2 real, 231.7 MB
[runlim] sample:		1319.9 time, 1320.2 real, 229.7 MB
[runlim] sample:		1329.9 time, 1330.2 real, 231.1 MB
[runlim] sample:		1339.9 time, 1340.2 real, 230.0 MB
[runlim] sample:		1349.9 time, 1350.2 real, 219.3 MB
[runlim] sample:		1359.9 time, 1360.2 real, 219.3 MB
[runlim] sample:		1369.9 time, 1370.2 real, 218.6 MB
[runlim] sample:		1379.9 time, 1380.2 real, 223.9 MB
[runlim] sample:		1389.9 time, 1390.2 real, 223.9 MB
[runlim] sample:		1399.9 time, 1400.2 real, 229.7 MB
[runlim] sample:		1409.9 time, 1410.2 real, 229.7 MB
[runlim] sample:		1419.9 time, 1420.2 real, 231.5 MB
[runlim] sample:		1429.9 time, 1430.2 real, 231.5 MB
[runlim] sample:		1439.9 time, 1440.2 real, 242.1 MB
[runlim] sample:		1449.9 time, 1450.2 real, 242.1 MB
[runlim] sample:		1459.9 time, 1460.2 real, 234.9 MB
[runlim] sample:		1469.9 time, 1470.2 real, 230.2 MB
[runlim] sample:		1479.9 time, 1480.2 real, 230.2 MB
[runlim] sample:		1489.9 time, 1490.2 real, 229.5 MB
[runlim] sample:		1499.9 time, 1500.2 real, 229.5 MB
[runlim] sample:		1509.9 time, 1510.2 real, 230.1 MB
[runlim] sample:		1519.9 time, 1520.2 real, 230.1 MB
[runlim] sample:		1529.9 time, 1530.2 real, 230.6 MB
[runlim] sample:		1539.9 time, 1540.2 real, 231.6 MB
[runlim] sample:		1549.9 time, 1550.2 real, 231.6 MB
[runlim] sample:		1559.9 time, 1560.2 real, 231.6 MB
[runlim] sample:		1569.9 time, 1570.2 real, 232.0 MB
[runlim] sample:		1579.9 time, 1580.2 real, 268.1 MB
[runlim] sample:		1589.9 time, 1590.2 real, 226.2 MB
[runlim] sample:		1599.9 time, 1600.2 real, 230.4 MB
[runlim] sample:		1609.9 time, 1610.2 real, 230.4 MB
[runlim] sample:		1619.9 time, 1620.2 real, 234.5 MB
[runlim] sample:		1629.9 time, 1630.2 real, 234.5 MB
[runlim] sample:		1639.9 time, 1640.2 real, 234.5 MB
[runlim] sample:		1649.9 time, 1650.2 real, 236.6 MB
[runlim] sample:		1659.9 time, 1660.2 real, 236.6 MB
[runlim] sample:		1669.9 time, 1670.2 real, 236.6 MB
[runlim] sample:		1679.9 time, 1680.2 real, 237.2 MB
[runlim] sample:		1689.9 time, 1690.2 real, 237.2 MB
[runlim] sample:		1699.9 time, 1700.2 real, 237.2 MB
[runlim] sample:		1709.9 time, 1710.2 real, 238.8 MB
[runlim] sample:		1719.9 time, 1720.2 real, 238.8 MB
[runlim] sample:		1729.9 time, 1730.2 real, 238.8 MB
[runlim] sample:		1739.9 time, 1740.2 real, 240.3 MB
[runlim] sample:		1749.9 time, 1750.2 real, 240.3 MB
[runlim] sample:		1759.9 time, 1760.2 real, 240.6 MB
[runlim] sample:		1769.9 time, 1770.2 real, 240.6 MB
[runlim] sample:		1779.9 time, 1780.2 real, 241.4 MB
[runlim] sample:		1789.9 time, 1790.2 real, 234.2 MB
[runlim] sample:		1799.9 time, 1800.2 real, 234.2 MB
[runlim] sample:		1809.9 time, 1810.2 real, 236.0 MB
[runlim] sample:		1819.9 time, 1820.2 real, 236.6 MB
[runlim] sample:		1829.9 time, 1830.2 real, 236.6 MB
[runlim] sample:		1839.9 time, 1840.2 real, 271.3 MB
[runlim] sample:		1849.9 time, 1850.2 real, 248.5 MB
[runlim] sample:		1859.9 time, 1860.2 real, 239.2 MB
[runlim] sample:		1869.9 time, 1870.2 real, 239.2 MB
[runlim] sample:		1879.9 time, 1880.2 real, 239.2 MB
[runlim] sample:		1889.9 time, 1890.2 real, 241.6 MB
[runlim] sample:		1899.9 time, 1900.2 real, 242.9 MB
[runlim] sample:		1909.9 time, 1910.2 real, 242.9 MB
[runlim] sample:		1919.9 time, 1920.2 real, 243.3 MB
[runlim] sample:		1929.9 time, 1930.2 real, 243.3 MB
[runlim] sample:		1939.9 time, 1940.2 real, 241.5 MB
[runlim] sample:		1949.9 time, 1950.2 real, 241.5 MB
[runlim] sample:		1959.9 time, 1960.2 real, 241.5 MB
[runlim] sample:		1969.9 time, 1970.2 real, 239.5 MB
[runlim] sample:		1979.9 time, 1980.2 real, 239.5 MB
[runlim] sample:		1989.9 time, 1990.2 real, 238.2 MB
[runlim] sample:		1999.9 time, 2000.2 real, 238.2 MB
[runlim] sample:		2009.9 time, 2010.2 real, 240.0 MB
[runlim] sample:		2019.9 time, 2020.2 real, 240.0 MB
[runlim] sample:		2029.9 time, 2030.2 real, 240.0 MB
[runlim] sample:		2039.9 time, 2040.2 real, 249.4 MB
[runlim] sample:		2049.9 time, 2050.2 real, 249.4 MB
[runlim] sample:		2059.9 time, 2060.2 real, 239.6 MB
[runlim] sample:		2069.9 time, 2070.2 real, 239.6 MB
[runlim] sample:		2079.9 time, 2080.2 real, 244.2 MB
[runlim] sample:		2089.9 time, 2090.2 real, 244.2 MB
[runlim] sample:		2099.9 time, 2100.2 real, 244.2 MB
[runlim] sample:		2109.9 time, 2110.2 real, 241.3 MB
[runlim] sample:		2119.9 time, 2120.2 real, 241.3 MB
[runlim] sample:		2129.9 time, 2130.2 real, 241.3 MB
[runlim] sample:		2139.9 time, 2140.2 real, 241.3 MB
[runlim] sample:		2149.9 time, 2150.2 real, 241.3 MB
[runlim] sample:		2159.9 time, 2160.2 real, 246.0 MB
[runlim] sample:		2169.9 time, 2170.2 real, 246.0 MB
[runlim] sample:		2179.9 time, 2180.2 real, 239.5 MB
[runlim] sample:		2189.9 time, 2190.2 real, 239.5 MB
[runlim] sample:		2199.9 time, 2200.2 real, 251.3 MB
[runlim] sample:		2209.9 time, 2210.2 real, 251.3 MB
[runlim] sample:		2219.9 time, 2220.2 real, 251.3 MB
[runlim] sample:		2229.9 time, 2230.2 real, 240.3 MB
[runlim] sample:		2239.9 time, 2240.2 real, 236.2 MB
[runlim] sample:		2249.9 time, 2250.2 real, 236.2 MB
[runlim] sample:		2259.9 time, 2260.2 real, 241.2 MB
[runlim] sample:		2269.9 time, 2270.2 real, 241.2 MB
[runlim] sample:		2279.9 time, 2280.2 real, 241.2 MB
[runlim] sample:		2289.9 time, 2290.2 real, 246.5 MB
[runlim] sample:		2299.9 time, 2300.2 real, 246.5 MB
[runlim] sample:		2309.9 time, 2310.2 real, 246.5 MB
[runlim] sample:		2319.9 time, 2320.2 real, 243.2 MB
[runlim] sample:		2329.9 time, 2330.2 real, 243.2 MB
[runlim] sample:		2339.9 time, 2340.2 real, 243.2 MB
[runlim] sample:		2349.9 time, 2350.2 real, 245.9 MB
[runlim] sample:		2359.9 time, 2360.2 real, 245.9 MB
[runlim] sample:		2369.9 time, 2370.2 real, 245.3 MB
[runlim] sample:		2379.9 time, 2380.2 real, 245.3 MB
[runlim] sample:		2389.9 time, 2390.2 real, 245.2 MB
[runlim] sample:		2399.9 time, 2400.2 real, 182.5 MB
[runlim] sample:		2409.9 time, 2410.2 real, 213.2 MB
[runlim] sample:		2419.9 time, 2420.2 real, 213.2 MB
[runlim] sample:		2429.9 time, 2430.2 real, 233.6 MB
[runlim] sample:		2439.9 time, 2440.2 real, 234.2 MB
[runlim] sample:		2449.9 time, 2450.2 real, 238.9 MB
[runlim] sample:		2459.9 time, 2460.2 real, 238.9 MB
[runlim] sample:		2469.9 time, 2470.2 real, 281.0 MB
[runlim] sample:		2479.9 time, 2480.2 real, 265.6 MB
[runlim] sample:		2489.9 time, 2490.2 real, 248.7 MB
[runlim] sample:		2499.9 time, 2500.2 real, 248.7 MB
[runlim] sample:		2509.9 time, 2510.2 real, 258.2 MB
[runlim] sample:		2519.9 time, 2520.2 real, 258.2 MB
[runlim] sample:		2529.9 time, 2530.2 real, 246.6 MB
[runlim] sample:		2539.9 time, 2540.2 real, 246.6 MB
[runlim] sample:		2549.9 time, 2550.2 real, 242.3 MB
[runlim] sample:		2559.9 time, 2560.2 real, 242.3 MB
[runlim] sample:		2569.9 time, 2570.2 real, 246.6 MB
[runlim] sample:		2579.9 time, 2580.2 real, 246.6 MB
[runlim] sample:		2589.9 time, 2590.2 real, 246.1 MB
[runlim] sample:		2599.9 time, 2600.2 real, 246.1 MB
[runlim] sample:		2609.9 time, 2610.2 real, 246.1 MB
[runlim] sample:		2619.9 time, 2620.2 real, 249.2 MB
[runlim] sample:		2629.9 time, 2630.2 real, 249.2 MB
[runlim] sample:		2639.9 time, 2640.2 real, 249.2 MB
[runlim] sample:		2649.9 time, 2650.2 real, 251.8 MB
[runlim] sample:		2659.9 time, 2660.2 real, 251.8 MB
[runlim] sample:		2669.8 time, 2670.2 real, 251.8 MB
[runlim] sample:		2679.8 time, 2680.2 real, 280.0 MB
[runlim] sample:		2689.8 time, 2690.2 real, 280.0 MB
[runlim] sample:		2699.8 time, 2700.2 real, 280.0 MB
[runlim] sample:		2709.8 time, 2710.2 real, 254.5 MB
[runlim] sample:		2719.8 time, 2720.2 real, 254.5 MB
[runlim] sample:		2729.8 time, 2730.2 real, 254.5 MB
[runlim] sample:		2739.8 time, 2740.2 real, 254.5 MB
[runlim] sample:		2749.8 time, 2750.2 real, 256.2 MB
[runlim] sample:		2759.8 time, 2760.2 real, 256.2 MB
[runlim] sample:		2769.8 time, 2770.2 real, 238.7 MB
[runlim] sample:		2779.8 time, 2780.2 real, 244.5 MB
[runlim] sample:		2789.8 time, 2790.2 real, 244.5 MB
[runlim] sample:		2799.8 time, 2800.2 real, 246.8 MB
[runlim] sample:		2809.8 time, 2810.2 real, 246.8 MB
[runlim] sample:		2819.8 time, 2820.2 real, 246.8 MB
[runlim] sample:		2829.8 time, 2830.2 real, 246.8 MB
[runlim] sample:		2839.8 time, 2840.2 real, 253.3 MB
[runlim] sample:		2849.8 time, 2850.2 real, 253.3 MB
[runlim] sample:		2859.8 time, 2860.2 real, 256.6 MB
[runlim] sample:		2869.8 time, 2870.2 real, 256.6 MB
[runlim] sample:		2879.8 time, 2880.2 real, 256.6 MB
[runlim] sample:		2889.8 time, 2890.2 real, 238.4 MB
[runlim] sample:		2899.8 time, 2900.2 real, 238.8 MB
[runlim] sample:		2909.8 time, 2910.2 real, 275.5 MB
[runlim] sample:		2919.8 time, 2920.2 real, 243.8 MB
[runlim] sample:		2929.8 time, 2930.2 real, 243.8 MB
[runlim] sample:		2939.8 time, 2940.2 real, 243.8 MB
[runlim] sample:		2949.8 time, 2950.2 real, 243.8 MB
[runlim] sample:		2959.8 time, 2960.2 real, 243.8 MB
[runlim] sample:		2969.8 time, 2970.2 real, 244.1 MB
[runlim] sample:		2979.8 time, 2980.2 real, 244.1 MB
[runlim] sample:		2989.8 time, 2990.2 real, 244.1 MB
[runlim] sample:		2999.8 time, 3000.2 real, 249.3 MB
[runlim] sample:		3009.8 time, 3010.2 real, 249.3 MB
[runlim] sample:		3019.8 time, 3020.2 real, 250.2 MB
[runlim] sample:		3029.8 time, 3030.2 real, 250.2 MB
[runlim] sample:		3039.8 time, 3040.2 real, 250.2 MB
[runlim] sample:		3049.8 time, 3050.2 real, 250.2 MB
[runlim] sample:		3059.8 time, 3060.2 real, 316.8 MB
[runlim] sample:		3069.8 time, 3070.2 real, 259.2 MB
[runlim] sample:		3079.8 time, 3080.2 real, 259.2 MB
[runlim] sample:		3089.8 time, 3090.2 real, 259.2 MB
[runlim] sample:		3099.8 time, 3100.2 real, 255.5 MB
[runlim] sample:		3109.8 time, 3110.2 real, 255.5 MB
[runlim] sample:		3119.8 time, 3120.2 real, 252.1 MB
[runlim] sample:		3129.8 time, 3130.2 real, 252.1 MB
[runlim] sample:		3139.8 time, 3140.2 real, 252.1 MB
[runlim] sample:		3149.8 time, 3150.2 real, 258.0 MB
[runlim] sample:		3159.8 time, 3160.2 real, 258.0 MB
[runlim] sample:		3169.8 time, 3170.2 real, 258.0 MB
[runlim] sample:		3179.8 time, 3180.2 real, 252.9 MB
[runlim] sample:		3189.8 time, 3190.2 real, 252.9 MB
[runlim] sample:		3199.8 time, 3200.2 real, 252.9 MB
[runlim] sample:		3209.8 time, 3210.2 real, 252.9 MB
[runlim] sample:		3219.8 time, 3220.2 real, 258.2 MB
[runlim] sample:		3229.8 time, 3230.2 real, 258.2 MB
[runlim] sample:		3239.8 time, 3240.2 real, 258.2 MB
[runlim] sample:		3249.8 time, 3250.2 real, 258.2 MB
[runlim] sample:		3259.8 time, 3260.2 real, 255.8 MB
[runlim] sample:		3269.8 time, 3270.2 real, 255.8 MB
[runlim] sample:		3279.8 time, 3280.2 real, 255.8 MB
[runlim] sample:		3289.8 time, 3290.2 real, 255.8 MB
[runlim] sample:		3299.8 time, 3300.2 real, 255.8 MB
[runlim] sample:		3309.8 time, 3310.2 real, 309.7 MB
[runlim] sample:		3319.8 time, 3320.2 real, 259.0 MB
[runlim] sample:		3329.8 time, 3330.2 real, 259.0 MB
[runlim] sample:		3339.8 time, 3340.2 real, 259.0 MB
[runlim] sample:		3349.8 time, 3350.2 real, 259.0 MB
[runlim] sample:		3359.8 time, 3360.2 real, 254.5 MB
[runlim] sample:		3369.8 time, 3370.2 real, 254.5 MB
[runlim] sample:		3379.8 time, 3380.2 real, 254.5 MB
[runlim] sample:		3389.8 time, 3390.2 real, 254.5 MB
[runlim] sample:		3399.8 time, 3400.2 real, 253.0 MB
[runlim] sample:		3409.8 time, 3410.2 real, 253.0 MB
[runlim] sample:		3419.8 time, 3420.2 real, 253.0 MB
[runlim] sample:		3429.8 time, 3430.2 real, 253.0 MB
[runlim] sample:		3439.8 time, 3440.2 real, 257.9 MB
[runlim] sample:		3449.8 time, 3450.2 real, 257.9 MB
[runlim] sample:		3459.8 time, 3460.2 real, 255.1 MB
[runlim] sample:		3469.8 time, 3470.2 real, 255.1 MB
[runlim] sample:		3479.8 time, 3480.2 real, 255.1 MB
[runlim] sample:		3489.8 time, 3490.2 real, 255.1 MB
[runlim] sample:		3499.8 time, 3500.2 real, 255.1 MB
[runlim] sample:		3509.8 time, 3510.2 real, 278.2 MB
[runlim] sample:		3519.8 time, 3520.2 real, 278.2 MB
[runlim] sample:		3529.8 time, 3530.2 real, 262.0 MB
[runlim] sample:		3539.8 time, 3540.2 real, 262.0 MB
[runlim] sample:		3549.8 time, 3550.2 real, 262.0 MB
[runlim] sample:		3559.8 time, 3560.2 real, 262.0 MB
[runlim] sample:		3569.8 time, 3570.2 real, 262.0 MB
[runlim] sample:		3579.8 time, 3580.2 real, 264.9 MB
[runlim] sample:		3589.8 time, 3590.2 real, 274.4 MB
c Signal interruption.
[runlim] end:			Thu Aug 29 23:24:24 2024
[runlim] status:		out of time
[runlim] result:		2
[runlim] children:		0
[runlim] real:			3600.07 seconds
[runlim] time:			3599.70 seconds
[runlim] space:			478.5 MB
[runlim] samples:		35999
