[runlim] version:		1.10
[runlim] time limit:		3600 seconds
[runlim] real time limit:	3600 seconds
[runlim] space limit:		30000 MB
[runlim] argv[0]:		/home/truongxuanhieu/AntiBandwidthReconstruct/build/abw_enc_symbreak_first_node_hybrid_NSC_binomial
[runlim] argv[1]:		/home/truongxuanhieu/AntiBandwidthReconstruct/build/BenchmarksFirstNode/R-dwt__503.mtx.rnd
[runlim] argv[2]:		--duplexNSC
[runlim] start:			Thu Aug 29 19:24:11 2024
[runlim] main pid:		20100
[runlim] log captured:
c DuplexEncoder 0.8.
c Solving strategy: from LB to UB.
c LB-w = 46 (LB in Sinnl - A note on computational approaches for the antibandwidth problem).
c UB-w = 71 (UB in Sinnl - A note on computational approaches for the antibandwidth problem).
c Antibandwidth problem with w = 46 ( R-dwt__503.mtx.rnd ):
c Initializing CaDiCaL (version 1.2.1).
c	Configuring CaDiCaL as --sat (1).
c Initializing a DuplexNSC encoder with n = 503.
c Encoding starts with w = 46:
c	Labels and Vertices aux var: 43258
c	Labels and Vertices constraints:  597564
c	Obj k aux var: 446161
c	Obj k constraints: 6802511
c	Obj k glue staircase constraints: 4977124
c	Encoding duration: 2s
c	Number of clauses: 7400326
c	Number of irredundant clauses: 7398276
c	Number of variables: 742428
c SAT Solving starts:
c	Solving duration: 4492 ms
c	Answer: 
s SAT (w = 46)
AB is set to 261
Node 102 : 306
Node 437 : 45
AB is set to 55
Node 82 : 361
Node 102 : 306
AB is set to 47
Node 442 : 11
Node 474 : 58
AB is set to 46
Node 403 : 12
Node 474 : 58
c	Solution check:
p calculated antibandwidth = 46.
c
c
c Antibandwidth problem with w = 47 ( R-dwt__503.mtx.rnd ):
c Initializing CaDiCaL (version 1.2.1).
c	Configuring CaDiCaL as --sat (1).
c Initializing a DuplexNSC encoder with n = 503.
c Encoding starts with w = 47:
c	Labels and Vertices aux var: 43258
c	Labels and Vertices constraints:  597564
c	Obj k aux var: 445155
c	Obj k constraints: 6793475
c	Obj k glue staircase constraints: 4966076
c	Encoding duration: 2s
c	Number of clauses: 7391290
c	Number of irredundant clauses: 7389230
c	Number of variables: 741422
c SAT Solving starts:
[runlim] sample:		10.0 time, 10.1 real, 827.8 MB
c	Solving duration: 4552 ms
c	Answer: 
s SAT (w = 47)
AB is set to 188
Node 102 : 327
Node 437 : 139
AB is set to 77
Node 82 : 404
Node 102 : 327
AB is set to 47
Node 254 : 92
Node 437 : 139
c	Solution check:
p calculated antibandwidth = 47.
c
c
c Antibandwidth problem with w = 48 ( R-dwt__503.mtx.rnd ):
c Initializing CaDiCaL (version 1.2.1).
c	Configuring CaDiCaL as --sat (1).
c Initializing a DuplexNSC encoder with n = 503.
c Encoding starts with w = 48:
c	Labels and Vertices aux var: 43258
c	Labels and Vertices constraints:  597564
c	Obj k aux var: 444149
c	Obj k constraints: 6784439
c	Obj k glue staircase constraints: 4955028
c	Encoding duration: 2s
c	Number of clauses: 7382254
c	Number of irredundant clauses: 7380184
c	Number of variables: 740416
c SAT Solving starts:
[runlim] sample:		20.0 time, 20.1 real, 1049.8 MB
[runlim] sample:		30.0 time, 30.1 real, 1072.3 MB
c	Solving duration: 14012 ms
c	Answer: 
s SAT (w = 48)
AB is set to 404
Node 102 : 457
Node 437 : 53
AB is set to 124
Node 82 : 333
Node 102 : 457
AB is set to 75
Node 4 : 382
Node 102 : 457
AB is set to 71
Node 385 : 124
Node 437 : 53
AB is set to 61
Node 157 : 108
Node 329 : 47
AB is set to 53
Node 17 : 433
Node 45 : 380
AB is set to 52
Node 7 : 488
Node 27 : 436
AB is set to 49
Node 4 : 382
Node 82 : 333
AB is set to 48
Node 251 : 229
Node 254 : 181
c	Solution check:
p calculated antibandwidth = 48.
c
c
c Antibandwidth problem with w = 49 ( R-dwt__503.mtx.rnd ):
c Initializing CaDiCaL (version 1.2.1).
c	Configuring CaDiCaL as --sat (1).
c Initializing a DuplexNSC encoder with n = 503.
c Encoding starts with w = 49:
c	Labels and Vertices aux var: 43258
c	Labels and Vertices constraints:  597564
c	Obj k aux var: 443143
c	Obj k constraints: 6775403
c	Obj k glue staircase constraints: 4943980
c	Encoding duration: 2s
c	Number of clauses: 7373218
c	Number of irredundant clauses: 7371138
c	Number of variables: 739410
c SAT Solving starts:
[runlim] sample:		40.0 time, 40.1 real, 1025.0 MB
c	Solving duration: 12955 ms
c	Answer: 
s SAT (w = 49)
AB is set to 112
Node 102 : 152
Node 437 : 40
AB is set to 49
Node 82 : 103
Node 102 : 152
c	Solution check:
p calculated antibandwidth = 49.
c
c
c Antibandwidth problem with w = 50 ( R-dwt__503.mtx.rnd ):
c Initializing CaDiCaL (version 1.2.1).
c	Configuring CaDiCaL as --sat (1).
c Initializing a DuplexNSC encoder with n = 503.
c Encoding starts with w = 50:
c	Labels and Vertices aux var: 43258
c	Labels and Vertices constraints:  597564
c	Obj k aux var: 442137
c	Obj k constraints: 6766367
c	Obj k glue staircase constraints: 4932932
c	Encoding duration: 1s
c	Number of clauses: 7364182
c	Number of irredundant clauses: 7362093
c	Number of variables: 738404
c SAT Solving starts:
[runlim] sample:		50.0 time, 50.1 real, 901.0 MB
c	Solving duration: 4479 ms
c	Answer: 
s SAT (w = 50)
AB is set to 385
Node 102 : 428
Node 437 : 43
AB is set to 101
Node 82 : 327
Node 102 : 428
AB is set to 65
Node 4 : 493
Node 102 : 428
AB is set to 50
Node 136 : 319
Node 157 : 269
c	Solution check:
p calculated antibandwidth = 50.
c
c
c Antibandwidth problem with w = 51 ( R-dwt__503.mtx.rnd ):
c Initializing CaDiCaL (version 1.2.1).
c	Configuring CaDiCaL as --sat (1).
c Initializing a DuplexNSC encoder with n = 503.
c Encoding starts with w = 51:
c	Labels and Vertices aux var: 43258
c	Labels and Vertices constraints:  592534
c	Obj k aux var: 442640
c	Obj k constraints: 6743988
c	Obj k glue staircase constraints: 4930170
c	Encoding duration: 2s
c	Number of clauses: 7336773
c	Number of irredundant clauses: 7334724
c	Number of variables: 738907
c SAT Solving starts:
[runlim] sample:		60.0 time, 60.1 real, 1071.9 MB
c	Solving duration: 6181 ms
c	Answer: 
s SAT (w = 51)
AB is set to 63
Node 102 : 196
Node 437 : 133
AB is set to 52
Node 82 : 248
Node 102 : 196
AB is set to 51
Node 344 : 39
Node 469 : 90
c	Solution check:
p calculated antibandwidth = 51.
c
c
c Antibandwidth problem with w = 52 ( R-dwt__503.mtx.rnd ):
c Initializing CaDiCaL (version 1.2.1).
c	Configuring CaDiCaL as --sat (1).
c Initializing a DuplexNSC encoder with n = 503.
c Encoding starts with w = 52:
c	Labels and Vertices aux var: 43258
c	Labels and Vertices constraints:  592534
c	Obj k aux var: 441634
c	Obj k constraints: 6734449
c	Obj k glue staircase constraints: 4919122
c	Encoding duration: 2s
c	Number of clauses: 7327234
c	Number of irredundant clauses: 7325176
c	Number of variables: 737901
c SAT Solving starts:
c	Solving duration: 5038 ms
c	Answer: 
s SAT (w = 52)
AB is set to 329
Node 102 : 356
Node 437 : 27
AB is set to 73
Node 82 : 429
Node 102 : 356
AB is set to 53
Node 385 : 80
Node 437 : 27
AB is set to 52
Node 268 : 175
Node 474 : 123
c	Solution check:
p calculated antibandwidth = 52.
c
c
c Antibandwidth problem with w = 53 ( R-dwt__503.mtx.rnd ):
c Initializing CaDiCaL (version 1.2.1).
c	Configuring CaDiCaL as --sat (1).
c Initializing a DuplexNSC encoder with n = 503.
c Encoding starts with w = 53:
[runlim] sample:		70.0 time, 70.1 real, 843.9 MB
c	Labels and Vertices aux var: 43258
c	Labels and Vertices constraints:  592534
c	Obj k aux var: 440628
c	Obj k constraints: 6724910
c	Obj k glue staircase constraints: 4908074
c	Encoding duration: 2s
c	Number of clauses: 7317695
c	Number of irredundant clauses: 7315628
c	Number of variables: 736895
c SAT Solving starts:
[runlim] sample:		80.0 time, 80.1 real, 1037.6 MB
c	Solving duration: 14031 ms
c	Answer: 
s SAT (w = 53)
AB is set to 246
Node 102 : 288
Node 437 : 42
AB is set to 132
Node 82 : 420
Node 102 : 288
AB is set to 102
Node 102 : 288
Node 385 : 186
AB is set to 53
Node 102 : 288
Node 345 : 341
c	Solution check:
p calculated antibandwidth = 53.
c
c
c Antibandwidth problem with w = 54 ( R-dwt__503.mtx.rnd ):
c Initializing CaDiCaL (version 1.2.1).
c	Configuring CaDiCaL as --sat (1).
c Initializing a DuplexNSC encoder with n = 503.
c Encoding starts with w = 54:
c	Labels and Vertices aux var: 43258
c	Labels and Vertices constraints:  592534
c	Obj k aux var: 439622
c	Obj k constraints: 6715371
c	Obj k glue staircase constraints: 4897026
c	Encoding duration: 2s
c	Number of clauses: 7308156
c	Number of irredundant clauses: 7306080
c	Number of variables: 735889
c SAT Solving starts:
[runlim] sample:		90.0 time, 90.1 real, 1072.6 MB
[runlim] sample:		100.0 time, 100.1 real, 1072.9 MB
[runlim] sample:		110.0 time, 110.1 real, 1089.0 MB
[runlim] sample:		120.0 time, 120.1 real, 1074.6 MB
[runlim] sample:		130.0 time, 130.1 real, 1073.4 MB
[runlim] sample:		140.0 time, 140.1 real, 1086.2 MB
[runlim] sample:		150.0 time, 150.1 real, 1293.8 MB
c	Solving duration: 64317 ms
c	Answer: 
s SAT (w = 54)
AB is set to 105
Node 102 : 85
Node 437 : 190
AB is set to 92
Node 385 : 282
Node 437 : 190
AB is set to 79
Node 254 : 111
Node 437 : 190
AB is set to 58
Node 136 : 397
Node 199 : 455
AB is set to 54
Node 442 : 78
Node 474 : 24
c	Solution check:
p calculated antibandwidth = 54.
c
c
c Antibandwidth problem with w = 55 ( R-dwt__503.mtx.rnd ):
c Initializing CaDiCaL (version 1.2.1).
c	Configuring CaDiCaL as --sat (1).
c Initializing a DuplexNSC encoder with n = 503.
c Encoding starts with w = 55:
c	Labels and Vertices aux var: 43258
c	Labels and Vertices constraints:  592534
c	Obj k aux var: 438616
c	Obj k constraints: 6705832
c	Obj k glue staircase constraints: 4885978
c	Encoding duration: 1s
c	Number of clauses: 7298617
c	Number of irredundant clauses: 7296532
c	Number of variables: 734883
c SAT Solving starts:
[runlim] sample:		160.0 time, 160.1 real, 1301.7 MB
[runlim] sample:		170.0 time, 170.1 real, 1076.0 MB
[runlim] sample:		180.0 time, 180.1 real, 1207.2 MB
[runlim] sample:		190.0 time, 190.1 real, 1265.0 MB
[runlim] sample:		200.0 time, 200.1 real, 1077.5 MB
[runlim] sample:		209.9 time, 210.1 real, 1079.1 MB
[runlim] sample:		219.9 time, 220.1 real, 1079.1 MB
c	Solving duration: 74178 ms
c	Answer: 
s SAT (w = 55)
AB is set to 353
Node 102 : 109
Node 437 : 462
AB is set to 294
Node 82 : 403
Node 102 : 109
AB is set to 76
Node 102 : 109
Node 385 : 185
AB is set to 59
Node 82 : 403
Node 437 : 462
AB is set to 55
Node 164 : 410
Node 442 : 355
c	Solution check:
p calculated antibandwidth = 55.
c
c
c Antibandwidth problem with w = 56 ( R-dwt__503.mtx.rnd ):
c Initializing CaDiCaL (version 1.2.1).
c	Configuring CaDiCaL as --sat (1).
c Initializing a DuplexNSC encoder with n = 503.
c Encoding starts with w = 56:
[runlim] sample:		229.9 time, 230.1 real, 845.2 MB
c	Labels and Vertices aux var: 43258
c	Labels and Vertices constraints:  588007
c	Obj k aux var: 438616
c	Obj k constraints: 6680435
c	Obj k glue staircase constraints: 4883216
c	Encoding duration: 2s
c	Number of clauses: 7268693
c	Number of irredundant clauses: 7265768
c	Number of variables: 734883
c SAT Solving starts:
c	Solving duration: 5075 ms
c	Answer: 
s SAT (w = 56)
AB is set to 71
Node 102 : 339
Node 437 : 268
AB is set to 56
Node 254 : 194
Node 469 : 250
c	Solution check:
p calculated antibandwidth = 56.
c
c
c Antibandwidth problem with w = 57 ( R-dwt__503.mtx.rnd ):
c Initializing CaDiCaL (version 1.2.1).
c	Configuring CaDiCaL as --sat (1).
c Initializing a DuplexNSC encoder with n = 503.
c Encoding starts with w = 57:
c	Labels and Vertices aux var: 43258
c	Labels and Vertices constraints:  588007
c	Obj k aux var: 438113
c	Obj k constraints: 6670393
c	Obj k glue staircase constraints: 4872168
c	Encoding duration: 1s
c	Number of clauses: 7258651
c	Number of irredundant clauses: 7256722
c	Number of variables: 734380
c SAT Solving starts:
[runlim] sample:		239.9 time, 240.1 real, 886.6 MB
[runlim] sample:		249.9 time, 250.1 real, 1060.9 MB
[runlim] sample:		259.9 time, 260.1 real, 1037.2 MB
[runlim] sample:		269.9 time, 270.1 real, 1080.9 MB
[runlim] sample:		279.9 time, 280.1 real, 1081.1 MB
[runlim] sample:		289.9 time, 290.1 real, 1089.1 MB
[runlim] sample:		299.9 time, 300.1 real, 1074.2 MB
[runlim] sample:		309.9 time, 310.1 real, 1080.6 MB
[runlim] sample:		319.9 time, 320.1 real, 1114.9 MB
[runlim] sample:		329.9 time, 330.1 real, 1117.4 MB
[runlim] sample:		339.9 time, 340.1 real, 1203.5 MB
[runlim] sample:		349.9 time, 350.1 real, 1203.5 MB
[runlim] sample:		359.9 time, 360.1 real, 1112.6 MB
c	Solving duration: 125223 ms
c	Answer: 
s SAT (w = 57)
AB is set to 121
Node 102 : 48
Node 437 : 169
AB is set to 57
Node 3 : 402
Node 385 : 345
c	Solution check:
p calculated antibandwidth = 57.
c
c
c Antibandwidth problem with w = 58 ( R-dwt__503.mtx.rnd ):
c Initializing CaDiCaL (version 1.2.1).
c	Configuring CaDiCaL as --sat (1).
c Initializing a DuplexNSC encoder with n = 503.
c Encoding starts with w = 58:
c	Labels and Vertices aux var: 43258
c	Labels and Vertices constraints:  588007
c	Obj k aux var: 437107
c	Obj k constraints: 6660351
c	Obj k glue staircase constraints: 4861120
c	Encoding duration: 2s
c	Number of clauses: 7248609
c	Number of irredundant clauses: 7246672
c	Number of variables: 733374
c SAT Solving starts:
[runlim] sample:		369.9 time, 370.1 real, 986.1 MB
[runlim] sample:		379.9 time, 380.1 real, 1224.9 MB
[runlim] sample:		389.9 time, 390.1 real, 1203.1 MB
[runlim] sample:		399.9 time, 400.1 real, 1070.9 MB
[runlim] sample:		409.9 time, 410.1 real, 1070.6 MB
[runlim] sample:		419.9 time, 420.1 real, 1070.8 MB
[runlim] sample:		429.9 time, 430.1 real, 1071.0 MB
[runlim] sample:		439.9 time, 440.1 real, 1092.3 MB
[runlim] sample:		449.9 time, 450.1 real, 1265.2 MB
[runlim] sample:		459.9 time, 460.1 real, 1086.7 MB
c	Solving duration: 101419 ms
c	Answer: 
s SAT (w = 58)
AB is set to 174
Node 102 : 234
Node 437 : 408
AB is set to 76
Node 102 : 234
Node 385 : 158
AB is set to 61
Node 3 : 87
Node 469 : 148
AB is set to 58
Node 17 : 393
Node 45 : 451
c	Solution check:
p calculated antibandwidth = 58.
c
c
c Antibandwidth problem with w = 59 ( R-dwt__503.mtx.rnd ):
c Initializing CaDiCaL (version 1.2.1).
c	Configuring CaDiCaL as --sat (1).
c Initializing a DuplexNSC encoder with n = 503.
c Encoding starts with w = 59:
c	Labels and Vertices aux var: 43258
c	Labels and Vertices constraints:  588007
c	Obj k aux var: 436101
c	Obj k constraints: 6650309
c	Obj k glue staircase constraints: 4850072
c	Encoding duration: 1s
c	Number of clauses: 7238567
c	Number of irredundant clauses: 7236622
c	Number of variables: 732368
c SAT Solving starts:
[runlim] sample:		469.9 time, 470.1 real, 862.1 MB
[runlim] sample:		479.9 time, 480.1 real, 1054.2 MB
[runlim] sample:		489.9 time, 490.1 real, 1070.3 MB
[runlim] sample:		499.9 time, 500.1 real, 1071.8 MB
[runlim] sample:		509.9 time, 510.1 real, 1073.6 MB
[runlim] sample:		519.9 time, 520.1 real, 1071.6 MB
[runlim] sample:		529.9 time, 530.1 real, 1077.3 MB
[runlim] sample:		539.9 time, 540.1 real, 1077.3 MB
[runlim] sample:		549.9 time, 550.1 real, 1080.1 MB
[runlim] sample:		559.9 time, 560.1 real, 1080.8 MB
[runlim] sample:		569.9 time, 570.1 real, 1090.7 MB
[runlim] sample:		579.9 time, 580.1 real, 1264.2 MB
[runlim] sample:		589.9 time, 590.1 real, 1079.5 MB
[runlim] sample:		599.9 time, 600.1 real, 1079.4 MB
c	Solving duration: 140167 ms
c	Answer: 
s SAT (w = 59)
AB is set to 390
Node 102 : 451
Node 437 : 61
AB is set to 307
Node 82 : 144
Node 102 : 451
AB is set to 246
Node 102 : 451
Node 385 : 205
AB is set to 175
Node 102 : 451
Node 345 : 276
AB is set to 83
Node 82 : 144
Node 437 : 61
AB is set to 63
Node 3 : 268
Node 385 : 205
AB is set to 61
Node 82 : 144
Node 385 : 205
AB is set to 60
Node 82 : 144
Node 245 : 84
AB is set to 59
Node 169 : 398
Node 468 : 339
c	Solution check:
p calculated antibandwidth = 59.
c
c
c Antibandwidth problem with w = 60 ( R-dwt__503.mtx.rnd ):
c Initializing CaDiCaL (version 1.2.1).
c	Configuring CaDiCaL as --sat (1).
c Initializing a DuplexNSC encoder with n = 503.
c Encoding starts with w = 60:
[runlim] sample:		609.9 time, 610.1 real, 803.0 MB
c	Labels and Vertices aux var: 43258
c	Labels and Vertices constraints:  588007
c	Obj k aux var: 435095
c	Obj k constraints: 6640267
c	Obj k glue staircase constraints: 4839024
c	Encoding duration: 2s
c	Number of clauses: 7228525
c	Number of irredundant clauses: 7226572
c	Number of variables: 731362
c SAT Solving starts:
[runlim] sample:		619.9 time, 620.1 real, 987.2 MB
[runlim] sample:		629.9 time, 630.1 real, 1070.3 MB
[runlim] sample:		639.9 time, 640.1 real, 1035.2 MB
[runlim] sample:		649.9 time, 650.1 real, 1071.7 MB
[runlim] sample:		659.9 time, 660.1 real, 1072.5 MB
[runlim] sample:		669.9 time, 670.1 real, 1073.8 MB
[runlim] sample:		679.9 time, 680.1 real, 1073.8 MB
[runlim] sample:		689.9 time, 690.1 real, 1073.5 MB
[runlim] sample:		699.9 time, 700.1 real, 1030.8 MB
[runlim] sample:		709.9 time, 710.1 real, 1084.0 MB
[runlim] sample:		719.9 time, 720.1 real, 1087.4 MB
[runlim] sample:		729.9 time, 730.1 real, 1042.0 MB
[runlim] sample:		739.9 time, 740.1 real, 1176.1 MB
[runlim] sample:		749.9 time, 750.1 real, 994.2 MB
[runlim] sample:		759.9 time, 760.1 real, 996.7 MB
[runlim] sample:		769.9 time, 770.1 real, 1103.5 MB
[runlim] sample:		779.9 time, 780.1 real, 1042.8 MB
[runlim] sample:		789.9 time, 790.1 real, 1048.1 MB
[runlim] sample:		799.9 time, 800.1 real, 1048.1 MB
[runlim] sample:		809.9 time, 810.1 real, 1006.4 MB
[runlim] sample:		819.9 time, 820.1 real, 1006.4 MB
[runlim] sample:		829.9 time, 830.1 real, 998.5 MB
[runlim] sample:		839.9 time, 840.1 real, 1009.7 MB
[runlim] sample:		849.9 time, 850.1 real, 1009.7 MB
[runlim] sample:		859.9 time, 860.1 real, 1035.0 MB
[runlim] sample:		869.9 time, 870.1 real, 995.7 MB
[runlim] sample:		879.9 time, 880.1 real, 995.7 MB
[runlim] sample:		889.9 time, 890.1 real, 1013.2 MB
[runlim] sample:		899.9 time, 900.1 real, 1209.2 MB
[runlim] sample:		909.9 time, 910.1 real, 1014.0 MB
[runlim] sample:		919.9 time, 920.1 real, 1007.4 MB
[runlim] sample:		929.9 time, 930.1 real, 1004.2 MB
[runlim] sample:		939.9 time, 940.1 real, 1004.2 MB
[runlim] sample:		949.9 time, 950.1 real, 1017.1 MB
[runlim] sample:		959.9 time, 960.1 real, 1017.1 MB
c	Solving duration: 353765 ms
c	Answer: 
s SAT (w = 60)
AB is set to 81
Node 102 : 294
Node 437 : 375
AB is set to 76
Node 82 : 451
Node 437 : 375
AB is set to 75
Node 254 : 300
Node 437 : 375
AB is set to 60
Node 254 : 300
Node 469 : 240
c	Solution check:
p calculated antibandwidth = 60.
c
c
c Antibandwidth problem with w = 61 ( R-dwt__503.mtx.rnd ):
c Initializing CaDiCaL (version 1.2.1).
c	Configuring CaDiCaL as --sat (1).
c Initializing a DuplexNSC encoder with n = 503.
c Encoding starts with w = 61:
c	Labels and Vertices aux var: 43258
c	Labels and Vertices constraints:  588007
c	Obj k aux var: 434089
c	Obj k constraints: 6630225
c	Obj k glue staircase constraints: 4827976
c	Encoding duration: 2s
c	Number of clauses: 7218483
c	Number of irredundant clauses: 7216522
c	Number of variables: 730356
c SAT Solving starts:
[runlim] sample:		969.9 time, 970.1 real, 817.8 MB
[runlim] sample:		979.8 time, 980.1 real, 1032.2 MB
[runlim] sample:		989.8 time, 990.1 real, 1056.2 MB
[runlim] sample:		999.8 time, 1000.1 real, 1069.0 MB
[runlim] sample:		1009.8 time, 1010.1 real, 1069.7 MB
[runlim] sample:		1019.8 time, 1020.1 real, 1069.1 MB
[runlim] sample:		1029.8 time, 1030.1 real, 1241.8 MB
[runlim] sample:		1039.8 time, 1040.1 real, 1071.2 MB
[runlim] sample:		1049.8 time, 1050.1 real, 1071.0 MB
[runlim] sample:		1059.8 time, 1060.1 real, 1247.5 MB
[runlim] sample:		1069.8 time, 1070.1 real, 1075.2 MB
[runlim] sample:		1079.8 time, 1080.1 real, 1075.2 MB
[runlim] sample:		1089.8 time, 1090.1 real, 1076.9 MB
[runlim] sample:		1099.8 time, 1100.1 real, 1029.7 MB
[runlim] sample:		1109.8 time, 1110.1 real, 994.5 MB
[runlim] sample:		1119.8 time, 1120.1 real, 1036.3 MB
[runlim] sample:		1129.8 time, 1130.1 real, 1035.9 MB
[runlim] sample:		1139.8 time, 1140.1 real, 1037.0 MB
[runlim] sample:		1149.8 time, 1150.1 real, 1042.3 MB
[runlim] sample:		1159.8 time, 1160.1 real, 1044.1 MB
[runlim] sample:		1169.8 time, 1170.1 real, 1066.3 MB
[runlim] sample:		1179.8 time, 1180.1 real, 1100.6 MB
[runlim] sample:		1189.8 time, 1190.1 real, 1053.4 MB
[runlim] sample:		1199.8 time, 1200.1 real, 1008.5 MB
[runlim] sample:		1209.8 time, 1210.1 real, 1001.0 MB
[runlim] sample:		1219.8 time, 1220.1 real, 997.1 MB
[runlim] sample:		1229.8 time, 1230.1 real, 1178.3 MB
[runlim] sample:		1239.8 time, 1240.1 real, 997.3 MB
[runlim] sample:		1249.8 time, 1250.1 real, 1000.5 MB
[runlim] sample:		1259.8 time, 1260.1 real, 1000.5 MB
[runlim] sample:		1269.8 time, 1270.1 real, 1000.2 MB
[runlim] sample:		1279.8 time, 1280.1 real, 998.2 MB
[runlim] sample:		1289.8 time, 1290.1 real, 1026.5 MB
[runlim] sample:		1299.8 time, 1300.1 real, 1038.0 MB
[runlim] sample:		1309.8 time, 1310.1 real, 1043.4 MB
[runlim] sample:		1319.8 time, 1320.1 real, 1048.5 MB
[runlim] sample:		1329.8 time, 1330.1 real, 1048.5 MB
[runlim] sample:		1339.8 time, 1340.1 real, 1050.5 MB
[runlim] sample:		1349.8 time, 1350.1 real, 1050.5 MB
[runlim] sample:		1359.8 time, 1360.1 real, 1087.5 MB
[runlim] sample:		1369.8 time, 1370.1 real, 1087.5 MB
[runlim] sample:		1379.8 time, 1380.1 real, 1087.5 MB
[runlim] sample:		1389.8 time, 1390.1 real, 1087.5 MB
[runlim] sample:		1399.8 time, 1400.1 real, 1087.5 MB
[runlim] sample:		1409.8 time, 1410.1 real, 1261.3 MB
[runlim] sample:		1419.8 time, 1420.1 real, 1261.3 MB
[runlim] sample:		1429.8 time, 1430.1 real, 1048.6 MB
[runlim] sample:		1439.8 time, 1440.1 real, 1048.6 MB
[runlim] sample:		1449.8 time, 1450.1 real, 1053.9 MB
[runlim] sample:		1459.8 time, 1460.1 real, 1053.9 MB
[runlim] sample:		1469.8 time, 1470.1 real, 1053.5 MB
[runlim] sample:		1479.8 time, 1480.1 real, 1053.5 MB
[runlim] sample:		1489.8 time, 1490.1 real, 1057.2 MB
[runlim] sample:		1499.8 time, 1500.1 real, 1120.6 MB
[runlim] sample:		1509.8 time, 1510.1 real, 1057.1 MB
[runlim] sample:		1519.8 time, 1520.1 real, 1057.1 MB
[runlim] sample:		1529.8 time, 1530.1 real, 1058.1 MB
[runlim] sample:		1539.8 time, 1540.1 real, 1058.1 MB
[runlim] sample:		1549.8 time, 1550.1 real, 1058.1 MB
[runlim] sample:		1559.8 time, 1560.1 real, 1058.1 MB
[runlim] sample:		1569.8 time, 1570.1 real, 1121.5 MB
[runlim] sample:		1579.8 time, 1580.1 real, 1234.7 MB
[runlim] sample:		1589.8 time, 1590.1 real, 1963.2 MB
[runlim] sample:		1599.8 time, 1600.1 real, 1727.6 MB
[runlim] sample:		1609.8 time, 1610.1 real, 1570.6 MB
[runlim] sample:		1619.8 time, 1620.1 real, 1570.6 MB
[runlim] sample:		1629.8 time, 1630.1 real, 1570.6 MB
[runlim] sample:		1639.8 time, 1640.1 real, 1494.9 MB
[runlim] sample:		1649.8 time, 1650.1 real, 1494.9 MB
[runlim] sample:		1659.8 time, 1660.1 real, 1494.9 MB
[runlim] sample:		1669.8 time, 1670.1 real, 1494.9 MB
[runlim] sample:		1679.8 time, 1680.1 real, 1494.9 MB
[runlim] sample:		1689.8 time, 1690.1 real, 1494.9 MB
[runlim] sample:		1699.8 time, 1700.1 real, 1494.9 MB
[runlim] sample:		1709.8 time, 1710.1 real, 1494.9 MB
[runlim] sample:		1719.8 time, 1720.1 real, 1853.2 MB
c	Solving duration: 753966 ms
c	Answer: 
s SAT (w = 61)
AB is set to 62
Node 102 : 173
Node 437 : 235
AB is set to 61
Node 3 : 85
Node 254 : 146
c	Solution check:
p calculated antibandwidth = 61.
c
c
c Antibandwidth problem with w = 62 ( R-dwt__503.mtx.rnd ):
c Initializing CaDiCaL (version 1.2.1).
c	Configuring CaDiCaL as --sat (1).
c Initializing a DuplexNSC encoder with n = 503.
c Encoding starts with w = 62:
c	Labels and Vertices aux var: 43258
c	Labels and Vertices constraints:  588007
c	Obj k aux var: 433083
c	Obj k constraints: 6620183
c	Obj k glue staircase constraints: 4816928
c	Encoding duration: 1s
c	Number of clauses: 7208441
c	Number of irredundant clauses: 7206472
c	Number of variables: 729350
c SAT Solving starts:
[runlim] sample:		1729.8 time, 1730.1 real, 1288.9 MB
[runlim] sample:		1739.8 time, 1740.1 real, 1275.4 MB
[runlim] sample:		1749.8 time, 1750.1 real, 1106.8 MB
[runlim] sample:		1759.8 time, 1760.1 real, 1276.5 MB
[runlim] sample:		1769.8 time, 1770.1 real, 1106.8 MB
[runlim] sample:		1779.8 time, 1780.1 real, 1276.6 MB
[runlim] sample:		1789.8 time, 1790.1 real, 1285.1 MB
[runlim] sample:		1799.8 time, 1800.1 real, 1114.5 MB
[runlim] sample:		1809.8 time, 1810.1 real, 1285.9 MB
[runlim] sample:		1819.8 time, 1820.1 real, 1114.5 MB
[runlim] sample:		1829.8 time, 1830.1 real, 1124.8 MB
[runlim] sample:		1839.8 time, 1840.1 real, 1345.4 MB
[runlim] sample:		1849.8 time, 1850.1 real, 1172.1 MB
[runlim] sample:		1859.8 time, 1860.1 real, 1083.0 MB
[runlim] sample:		1869.8 time, 1870.1 real, 1302.5 MB
[runlim] sample:		1879.8 time, 1880.1 real, 1127.8 MB
[runlim] sample:		1889.8 time, 1890.1 real, 1127.8 MB
[runlim] sample:		1899.8 time, 1900.1 real, 1304.4 MB
[runlim] sample:		1909.8 time, 1910.1 real, 1304.4 MB
[runlim] sample:		1919.8 time, 1920.1 real, 1479.9 MB
[runlim] sample:		1929.8 time, 1930.1 real, 1303.4 MB
[runlim] sample:		1939.8 time, 1940.1 real, 1302.7 MB
[runlim] sample:		1949.8 time, 1950.1 real, 1302.9 MB
[runlim] sample:		1959.8 time, 1960.1 real, 1366.1 MB
[runlim] sample:		1969.8 time, 1970.1 real, 1258.0 MB
[runlim] sample:		1979.8 time, 1980.1 real, 1083.0 MB
[runlim] sample:		1989.8 time, 1990.1 real, 1261.3 MB
[runlim] sample:		1999.8 time, 2000.1 real, 1297.2 MB
[runlim] sample:		2009.8 time, 2010.1 real, 1118.8 MB
[runlim] sample:		2019.8 time, 2020.1 real, 1118.8 MB
[runlim] sample:		2029.8 time, 2030.1 real, 1298.8 MB
[runlim] sample:		2039.8 time, 2040.1 real, 1298.8 MB
[runlim] sample:		2049.8 time, 2050.1 real, 1118.8 MB
[runlim] sample:		2059.8 time, 2060.1 real, 1118.8 MB
[runlim] sample:		2069.8 time, 2070.1 real, 1302.8 MB
[runlim] sample:		2079.8 time, 2080.1 real, 1118.8 MB
[runlim] sample:		2089.8 time, 2090.1 real, 1118.8 MB
[runlim] sample:		2099.8 time, 2100.1 real, 1297.2 MB
[runlim] sample:		2109.8 time, 2110.1 real, 1118.8 MB
c	Solving duration: 390469 ms
c	Answer: 
s SAT (w = 62)
AB is set to 410
Node 102 : 472
Node 437 : 62
AB is set to 309
Node 82 : 163
Node 102 : 472
AB is set to 227
Node 102 : 472
Node 385 : 245
AB is set to 71
Node 4 : 401
Node 102 : 472
AB is set to 65
Node 3 : 310
Node 385 : 245
AB is set to 62
Node 136 : 185
Node 157 : 123
c	Solution check:
p calculated antibandwidth = 62.
c
c
c Antibandwidth problem with w = 63 ( R-dwt__503.mtx.rnd ):
c Initializing CaDiCaL (version 1.2.1).
c	Configuring CaDiCaL as --sat (1).
c Initializing a DuplexNSC encoder with n = 503.
c Encoding starts with w = 63:
c	Labels and Vertices aux var: 43258
c	Labels and Vertices constraints:  583983
c	Obj k aux var: 433083
c	Obj k constraints: 6590762
c	Obj k glue staircase constraints: 4814166
c	Encoding duration: 1s
c	Number of clauses: 7174996
c	Number of irredundant clauses: 7172137
c	Number of variables: 729350
c SAT Solving starts:
[runlim] sample:		2119.8 time, 2120.1 real, 1118.3 MB
[runlim] sample:		2129.8 time, 2130.1 real, 1274.2 MB
[runlim] sample:		2139.8 time, 2140.1 real, 1106.1 MB
[runlim] sample:		2149.8 time, 2150.1 real, 1106.1 MB
[runlim] sample:		2159.8 time, 2160.1 real, 1274.0 MB
[runlim] sample:		2169.8 time, 2170.1 real, 1274.2 MB
[runlim] sample:		2179.8 time, 2180.1 real, 1106.1 MB
[runlim] sample:		2189.8 time, 2190.1 real, 1274.3 MB
[runlim] sample:		2199.8 time, 2200.1 real, 1129.7 MB
[runlim] sample:		2209.8 time, 2210.1 real, 1298.3 MB
[runlim] sample:		2219.8 time, 2220.1 real, 1082.2 MB
[runlim] sample:		2229.8 time, 2230.1 real, 1251.6 MB
[runlim] sample:		2239.8 time, 2240.1 real, 1251.2 MB
[runlim] sample:		2249.8 time, 2250.1 real, 1293.1 MB
[runlim] sample:		2259.8 time, 2260.1 real, 1124.1 MB
[runlim] sample:		2269.8 time, 2270.1 real, 1294.5 MB
[runlim] sample:		2279.8 time, 2280.1 real, 1124.1 MB
[runlim] sample:		2289.8 time, 2290.1 real, 1124.1 MB
[runlim] sample:		2299.8 time, 2300.1 real, 1124.1 MB
[runlim] sample:		2309.8 time, 2310.1 real, 1124.1 MB
[runlim] sample:		2319.8 time, 2320.1 real, 1300.9 MB
[runlim] sample:		2329.8 time, 2330.1 real, 1300.9 MB
[runlim] sample:		2339.8 time, 2340.1 real, 1296.1 MB
[runlim] sample:		2349.8 time, 2350.1 real, 1296.1 MB
[runlim] sample:		2359.8 time, 2360.1 real, 1254.3 MB
[runlim] sample:		2369.7 time, 2370.1 real, 1254.3 MB
[runlim] sample:		2379.8 time, 2380.1 real, 1254.3 MB
[runlim] sample:		2389.8 time, 2390.1 real, 1261.3 MB
[runlim] sample:		2399.7 time, 2400.1 real, 1380.3 MB
[runlim] sample:		2409.7 time, 2410.1 real, 1256.1 MB
[runlim] sample:		2419.7 time, 2420.1 real, 1082.2 MB
[runlim] sample:		2429.7 time, 2430.1 real, 1082.2 MB
[runlim] sample:		2439.7 time, 2440.1 real, 1264.3 MB
[runlim] sample:		2449.7 time, 2450.1 real, 1264.3 MB
[runlim] sample:		2459.7 time, 2460.1 real, 1286.5 MB
[runlim] sample:		2469.7 time, 2470.1 real, 1106.1 MB
[runlim] sample:		2479.7 time, 2480.1 real, 1084.2 MB
[runlim] sample:		2489.7 time, 2490.1 real, 1260.9 MB
[runlim] sample:		2499.7 time, 2500.1 real, 1260.9 MB
[runlim] sample:		2509.7 time, 2510.1 real, 1084.9 MB
[runlim] sample:		2519.7 time, 2520.1 real, 1351.6 MB
[runlim] sample:		2529.7 time, 2530.1 real, 1177.1 MB
[runlim] sample:		2539.7 time, 2540.1 real, 1129.1 MB
[runlim] sample:		2549.7 time, 2550.1 real, 1310.2 MB
[runlim] sample:		2559.7 time, 2560.1 real, 1275.4 MB
[runlim] sample:		2569.7 time, 2570.1 real, 1345.6 MB
[runlim] sample:		2579.7 time, 2580.1 real, 1231.7 MB
[runlim] sample:		2589.7 time, 2590.1 real, 1428.6 MB
[runlim] sample:		2599.7 time, 2600.1 real, 1398.6 MB
[runlim] sample:		2609.7 time, 2610.1 real, 1428.6 MB
[runlim] sample:		2619.7 time, 2620.1 real, 1444.8 MB
[runlim] sample:		2629.7 time, 2630.1 real, 1444.8 MB
[runlim] sample:		2639.7 time, 2640.1 real, 1446.3 MB
[runlim] sample:		2649.7 time, 2650.1 real, 1446.3 MB
[runlim] sample:		2659.7 time, 2660.1 real, 1860.8 MB
[runlim] sample:		2669.7 time, 2670.1 real, 1830.8 MB
[runlim] sample:		2679.7 time, 2680.1 real, 1585.1 MB
[runlim] sample:		2689.7 time, 2690.1 real, 1585.1 MB
[runlim] sample:		2699.7 time, 2700.1 real, 1585.1 MB
[runlim] sample:		2709.7 time, 2710.1 real, 1585.1 MB
[runlim] sample:		2719.7 time, 2720.1 real, 1776.4 MB
[runlim] sample:		2729.7 time, 2730.1 real, 1776.4 MB
[runlim] sample:		2739.7 time, 2740.1 real, 1776.4 MB
[runlim] sample:		2749.7 time, 2750.1 real, 1565.7 MB
c	Solving duration: 634119 ms
c	Answer: 
s SAT (w = 63)
AB is set to 190
Node 102 : 62
Node 437 : 252
AB is set to 108
Node 102 : 62
Node 385 : 170
AB is set to 83
Node 3 : 335
Node 437 : 252
AB is set to 82
Node 385 : 170
Node 437 : 252
AB is set to 64
Node 474 : 272
Node 486 : 336
AB is set to 63
Node 251 : 187
Node 344 : 250
c	Solution check:
p calculated antibandwidth = 63.
c
c
c Antibandwidth problem with w = 64 ( R-dwt__503.mtx.rnd ):
c Initializing CaDiCaL (version 1.2.1).
c	Configuring CaDiCaL as --sat (1).
c Initializing a DuplexNSC encoder with n = 503.
c Encoding starts with w = 64:
c	Labels and Vertices aux var: 43258
c	Labels and Vertices constraints:  583983
c	Obj k aux var: 432580
c	Obj k constraints: 6580217
c	Obj k glue staircase constraints: 4803118
c	Encoding duration: 2s
c	Number of clauses: 7164451
c	Number of irredundant clauses: 7162530
c	Number of variables: 728847
c SAT Solving starts:
[runlim] sample:		2759.7 time, 2760.1 real, 1295.0 MB
[runlim] sample:		2769.7 time, 2770.1 real, 1279.4 MB
[runlim] sample:		2779.7 time, 2780.1 real, 1331.2 MB
[runlim] sample:		2789.7 time, 2790.1 real, 1116.8 MB
[runlim] sample:		2799.7 time, 2800.1 real, 1284.0 MB
[runlim] sample:		2809.7 time, 2810.1 real, 1285.2 MB
[runlim] sample:		2819.7 time, 2820.1 real, 1116.8 MB
[runlim] sample:		2829.7 time, 2830.1 real, 1164.6 MB
[runlim] sample:		2839.7 time, 2840.1 real, 1339.7 MB
[runlim] sample:		2849.7 time, 2850.1 real, 1286.2 MB
[runlim] sample:		2859.7 time, 2860.1 real, 1286.1 MB
[runlim] sample:		2869.7 time, 2870.1 real, 1116.8 MB
[runlim] sample:		2879.7 time, 2880.1 real, 1287.3 MB
[runlim] sample:		2889.7 time, 2890.1 real, 1287.3 MB
[runlim] sample:		2899.7 time, 2900.1 real, 1291.8 MB
[runlim] sample:		2909.7 time, 2910.1 real, 1116.8 MB
[runlim] sample:		2919.7 time, 2920.1 real, 1342.8 MB
[runlim] sample:		2929.7 time, 2930.1 real, 1288.5 MB
[runlim] sample:		2939.7 time, 2940.1 real, 1116.8 MB
[runlim] sample:		2949.7 time, 2950.1 real, 1116.8 MB
[runlim] sample:		2959.7 time, 2960.1 real, 1286.9 MB
[runlim] sample:		2969.7 time, 2970.1 real, 1116.8 MB
[runlim] sample:		2979.7 time, 2980.1 real, 1289.8 MB
[runlim] sample:		2989.7 time, 2990.1 real, 1116.8 MB
[runlim] sample:		2999.7 time, 3000.1 real, 1116.8 MB
[runlim] sample:		3009.7 time, 3010.1 real, 1293.5 MB
[runlim] sample:		3019.7 time, 3020.1 real, 1341.3 MB
[runlim] sample:		3029.7 time, 3030.1 real, 1116.8 MB
[runlim] sample:		3039.7 time, 3040.1 real, 1164.6 MB
[runlim] sample:		3049.7 time, 3050.1 real, 1116.8 MB
[runlim] sample:		3059.7 time, 3060.1 real, 1290.1 MB
[runlim] sample:		3069.7 time, 3070.1 real, 1116.8 MB
[runlim] sample:		3079.7 time, 3080.1 real, 1293.0 MB
[runlim] sample:		3089.7 time, 3090.1 real, 1116.8 MB
[runlim] sample:		3099.7 time, 3100.1 real, 1116.8 MB
[runlim] sample:		3109.7 time, 3110.1 real, 1349.8 MB
[runlim] sample:		3119.7 time, 3120.1 real, 1116.8 MB
[runlim] sample:		3129.7 time, 3130.1 real, 1116.8 MB
[runlim] sample:		3139.7 time, 3140.1 real, 1291.1 MB
[runlim] sample:		3149.7 time, 3150.1 real, 1345.9 MB
[runlim] sample:		3159.7 time, 3160.1 real, 1116.8 MB
[runlim] sample:		3169.7 time, 3170.1 real, 1297.8 MB
[runlim] sample:		3179.7 time, 3180.1 real, 1297.8 MB
[runlim] sample:		3189.7 time, 3190.1 real, 1116.8 MB
[runlim] sample:		3199.7 time, 3200.1 real, 1116.8 MB
[runlim] sample:		3209.7 time, 3210.1 real, 1292.0 MB
[runlim] sample:		3219.7 time, 3220.1 real, 1116.8 MB
[runlim] sample:		3229.7 time, 3230.1 real, 1164.6 MB
[runlim] sample:		3239.7 time, 3240.1 real, 1299.3 MB
[runlim] sample:		3249.7 time, 3250.1 real, 1299.3 MB
[runlim] sample:		3259.7 time, 3260.1 real, 1308.9 MB
[runlim] sample:		3269.7 time, 3270.1 real, 1118.8 MB
[runlim] sample:		3279.7 time, 3280.1 real, 1118.8 MB
[runlim] sample:		3289.7 time, 3290.1 real, 1311.5 MB
[runlim] sample:		3299.7 time, 3300.1 real, 1311.5 MB
[runlim] sample:		3309.7 time, 3310.1 real, 1118.8 MB
[runlim] sample:		3319.7 time, 3320.1 real, 1118.8 MB
[runlim] sample:		3329.7 time, 3330.1 real, 1176.6 MB
[runlim] sample:		3339.7 time, 3340.1 real, 1134.4 MB
[runlim] sample:		3349.7 time, 3350.1 real, 1134.4 MB
[runlim] sample:		3359.7 time, 3360.1 real, 1406.1 MB
[runlim] sample:		3369.7 time, 3370.1 real, 1374.5 MB
[runlim] sample:		3379.7 time, 3380.1 real, 1180.6 MB
[runlim] sample:		3389.7 time, 3390.1 real, 1212.4 MB
[runlim] sample:		3399.7 time, 3400.1 real, 1408.7 MB
[runlim] sample:		3409.7 time, 3410.1 real, 1408.6 MB
[runlim] sample:		3419.7 time, 3420.1 real, 1180.6 MB
[runlim] sample:		3429.7 time, 3430.1 real, 1180.6 MB
[runlim] sample:		3439.7 time, 3440.1 real, 1212.4 MB
[runlim] sample:		3449.7 time, 3450.1 real, 1418.9 MB
[runlim] sample:		3459.7 time, 3460.1 real, 1418.9 MB
[runlim] sample:		3469.7 time, 3470.1 real, 1180.6 MB
[runlim] sample:		3479.7 time, 3480.1 real, 1180.6 MB
[runlim] sample:		3489.7 time, 3490.1 real, 1388.2 MB
[runlim] sample:		3499.7 time, 3500.1 real, 1419.5 MB
[runlim] sample:		3509.7 time, 3510.1 real, 1212.1 MB
[runlim] sample:		3519.7 time, 3520.1 real, 1180.6 MB
[runlim] sample:		3529.7 time, 3530.1 real, 1385.5 MB
[runlim] sample:		3539.7 time, 3540.1 real, 1385.5 MB
[runlim] sample:		3549.7 time, 3550.1 real, 1381.2 MB
[runlim] sample:		3559.7 time, 3560.1 real, 1381.2 MB
[runlim] sample:		3569.7 time, 3570.1 real, 1180.6 MB
[runlim] sample:		3579.7 time, 3580.1 real, 1180.6 MB
[runlim] sample:		3589.7 time, 3590.1 real, 1381.9 MB
c Signal interruption.
[runlim] end:			Thu Aug 29 20:24:11 2024
[runlim] status:		out of time
[runlim] result:		2
[runlim] children:		0
[runlim] real:			3600.06 seconds
[runlim] time:			3599.61 seconds
[runlim] space:			2234.8 MB
[runlim] samples:		35999
