[runlim] version:		1.10
[runlim] time limit:		3600 seconds
[runlim] real time limit:	3600 seconds
[runlim] space limit:		30000 MB
[runlim] argv[0]:		/home/truongxuanhieu/AntiBandwidthReconstruct/build/abw_enc_symbreak_first_node_hybrid_NSC_binomial
[runlim] argv[1]:		/home/truongxuanhieu/AntiBandwidthReconstruct/build/Benchmarks/X-can__715.mtx.rnd
[runlim] argv[2]:		--duplexNSC
[runlim] start:			Thu Aug 29 09:15:07 2024
[runlim] main pid:		8187
[runlim] log captured:
c DuplexEncoder 0.8.
c Solving strategy: from LB to UB.
c LB-w = 112 (LB in Sinnl - A note on computational approaches for the antibandwidth problem).
c UB-w = 142 (UB in Sinnl - A note on computational approaches for the antibandwidth problem).
c Antibandwidth problem with w = 112 ( X-can__715.mtx.rnd ):
c Initializing CaDiCaL (version 1.2.1).
c	Configuring CaDiCaL as --sat (1).
c Initializing a DuplexNSC encoder with n = 715.
c Encoding starts with w = 112:
c	Labels and Vertices aux var: 74360
c	Labels and Vertices constraints:  1147575
c	Obj k aux var: 851565
c	Obj k constraints: 10681165
c	Obj k glue staircase constraints: 7134050
c	Encoding duration: 3s
c	Number of clauses: 11829097
c	Number of irredundant clauses: 11826789
c	Number of variables: 1437150
c SAT Solving starts:
[runlim] sample:		10.0 time, 11.0 real, 1619.3 MB
[runlim] sample:		20.0 time, 21.0 real, 1644.0 MB
[runlim] sample:		30.0 time, 31.0 real, 1582.8 MB
[runlim] sample:		40.0 time, 41.0 real, 1675.9 MB
[runlim] sample:		50.0 time, 51.0 real, 1655.2 MB
[runlim] sample:		60.0 time, 61.0 real, 1672.4 MB
[runlim] sample:		70.0 time, 71.0 real, 1624.7 MB
[runlim] sample:		80.0 time, 81.0 real, 1671.9 MB
[runlim] sample:		90.0 time, 91.0 real, 1953.7 MB
[runlim] sample:		100.0 time, 101.0 real, 1626.2 MB
[runlim] sample:		110.0 time, 111.0 real, 1643.5 MB
[runlim] sample:		120.0 time, 121.0 real, 1640.5 MB
[runlim] sample:		130.0 time, 131.0 real, 1639.8 MB
[runlim] sample:		140.0 time, 141.0 real, 1671.3 MB
[runlim] sample:		150.0 time, 151.0 real, 1675.7 MB
[runlim] sample:		160.0 time, 161.0 real, 1632.0 MB
[runlim] sample:		170.0 time, 171.0 real, 1655.8 MB
[runlim] sample:		180.0 time, 181.0 real, 1944.3 MB
[runlim] sample:		190.0 time, 191.0 real, 1612.4 MB
[runlim] sample:		200.0 time, 201.0 real, 1901.0 MB
[runlim] sample:		210.0 time, 211.0 real, 1612.5 MB
[runlim] sample:		220.0 time, 221.0 real, 1606.7 MB
[runlim] sample:		230.0 time, 231.0 real, 1596.4 MB
[runlim] sample:		240.0 time, 241.0 real, 1602.2 MB
[runlim] sample:		250.0 time, 251.0 real, 1608.8 MB
[runlim] sample:		260.0 time, 261.0 real, 1606.4 MB
[runlim] sample:		270.0 time, 271.0 real, 1558.7 MB
[runlim] sample:		280.0 time, 281.0 real, 1603.6 MB
[runlim] sample:		290.0 time, 291.0 real, 1603.6 MB
[runlim] sample:		300.0 time, 301.0 real, 1662.7 MB
[runlim] sample:		310.0 time, 311.0 real, 1792.8 MB
[runlim] sample:		320.0 time, 321.0 real, 2035.7 MB
[runlim] sample:		330.0 time, 331.0 real, 2035.7 MB
[runlim] sample:		340.0 time, 341.0 real, 2041.8 MB
[runlim] sample:		350.0 time, 351.0 real, 2041.8 MB
[runlim] sample:		360.0 time, 361.0 real, 2041.8 MB
[runlim] sample:		370.0 time, 371.0 real, 2031.3 MB
[runlim] sample:		380.0 time, 381.0 real, 2570.0 MB
[runlim] sample:		390.0 time, 391.0 real, 1981.7 MB
[runlim] sample:		400.0 time, 401.0 real, 1826.7 MB
[runlim] sample:		410.0 time, 411.0 real, 1826.7 MB
[runlim] sample:		420.0 time, 421.0 real, 1826.7 MB
[runlim] sample:		430.0 time, 431.0 real, 1846.4 MB
[runlim] sample:		440.0 time, 441.0 real, 1915.2 MB
[runlim] sample:		450.0 time, 451.0 real, 1882.3 MB
[runlim] sample:		460.0 time, 461.0 real, 1951.1 MB
[runlim] sample:		470.0 time, 471.0 real, 1951.1 MB
[runlim] sample:		480.0 time, 481.0 real, 1738.8 MB
[runlim] sample:		490.0 time, 491.0 real, 1768.8 MB
[runlim] sample:		500.0 time, 501.0 real, 1768.8 MB
[runlim] sample:		510.0 time, 511.0 real, 1711.8 MB
[runlim] sample:		520.0 time, 521.0 real, 1711.8 MB
[runlim] sample:		530.0 time, 531.0 real, 1692.9 MB
[runlim] sample:		540.0 time, 541.0 real, 1686.4 MB
[runlim] sample:		550.0 time, 551.0 real, 1686.4 MB
[runlim] sample:		560.0 time, 561.0 real, 1686.8 MB
[runlim] sample:		570.0 time, 571.0 real, 1638.8 MB
[runlim] sample:		579.9 time, 581.0 real, 1662.7 MB
[runlim] sample:		590.0 time, 591.0 real, 1750.7 MB
[runlim] sample:		600.0 time, 601.0 real, 2046.0 MB
[runlim] sample:		609.9 time, 611.0 real, 1757.7 MB
[runlim] sample:		619.9 time, 621.0 real, 1647.0 MB
[runlim] sample:		629.9 time, 631.0 real, 1700.4 MB
[runlim] sample:		639.9 time, 641.0 real, 1815.4 MB
[runlim] sample:		649.9 time, 651.0 real, 1633.9 MB
[runlim] sample:		659.9 time, 661.0 real, 1633.9 MB
[runlim] sample:		669.9 time, 671.0 real, 1633.9 MB
[runlim] sample:		679.9 time, 681.0 real, 1633.9 MB
[runlim] sample:		689.9 time, 691.0 real, 2078.3 MB
[runlim] sample:		699.9 time, 701.0 real, 1798.1 MB
[runlim] sample:		709.9 time, 711.0 real, 1844.7 MB
[runlim] sample:		719.9 time, 721.0 real, 1833.9 MB
[runlim] sample:		729.9 time, 731.0 real, 1708.7 MB
[runlim] sample:		739.9 time, 741.0 real, 1708.7 MB
[runlim] sample:		749.9 time, 751.0 real, 1649.8 MB
[runlim] sample:		759.9 time, 761.0 real, 1649.8 MB
[runlim] sample:		769.9 time, 771.0 real, 1652.3 MB
[runlim] sample:		779.9 time, 781.0 real, 1652.2 MB
[runlim] sample:		789.9 time, 791.0 real, 1688.2 MB
[runlim] sample:		799.9 time, 801.0 real, 1688.2 MB
[runlim] sample:		809.9 time, 811.0 real, 1692.7 MB
[runlim] sample:		819.9 time, 821.0 real, 1692.7 MB
[runlim] sample:		829.9 time, 831.0 real, 1656.7 MB
[runlim] sample:		839.9 time, 841.0 real, 1664.6 MB
[runlim] sample:		849.9 time, 851.0 real, 1664.6 MB
[runlim] sample:		859.9 time, 861.0 real, 1723.5 MB
[runlim] sample:		869.9 time, 871.0 real, 1705.1 MB
[runlim] sample:		879.9 time, 881.0 real, 1705.1 MB
[runlim] sample:		889.9 time, 891.0 real, 1713.8 MB
[runlim] sample:		899.9 time, 901.0 real, 1704.3 MB
[runlim] sample:		909.9 time, 911.0 real, 1990.8 MB
[runlim] sample:		919.9 time, 921.0 real, 1641.2 MB
[runlim] sample:		929.9 time, 931.0 real, 1665.1 MB
[runlim] sample:		939.9 time, 941.0 real, 1665.1 MB
[runlim] sample:		949.9 time, 951.0 real, 1665.1 MB
[runlim] sample:		959.9 time, 961.0 real, 1682.1 MB
[runlim] sample:		969.9 time, 971.0 real, 2133.0 MB
[runlim] sample:		979.9 time, 981.0 real, 2142.2 MB
[runlim] sample:		989.9 time, 991.0 real, 2073.4 MB
[runlim] sample:		999.9 time, 1001.0 real, 2073.4 MB
[runlim] sample:		1009.9 time, 1011.0 real, 1701.3 MB
[runlim] sample:		1019.9 time, 1021.0 real, 1701.3 MB
[runlim] sample:		1029.9 time, 1031.0 real, 1809.3 MB
[runlim] sample:		1039.9 time, 1041.0 real, 1936.7 MB
[runlim] sample:		1049.9 time, 1051.0 real, 1915.7 MB
[runlim] sample:		1059.9 time, 1061.0 real, 1846.9 MB
[runlim] sample:		1069.9 time, 1071.0 real, 1717.5 MB
[runlim] sample:		1079.9 time, 1081.0 real, 1717.5 MB
[runlim] sample:		1089.9 time, 1091.0 real, 1717.5 MB
[runlim] sample:		1099.9 time, 1101.0 real, 1717.5 MB
[runlim] sample:		1109.9 time, 1111.0 real, 1717.5 MB
[runlim] sample:		1119.8 time, 1121.0 real, 1918.5 MB
[runlim] sample:		1129.8 time, 1131.0 real, 1989.7 MB
[runlim] sample:		1139.8 time, 1141.0 real, 1985.6 MB
[runlim] sample:		1149.8 time, 1151.0 real, 1985.6 MB
[runlim] sample:		1159.8 time, 1161.0 real, 1985.6 MB
[runlim] sample:		1169.8 time, 1171.0 real, 1914.3 MB
[runlim] sample:		1179.8 time, 1181.0 real, 1915.6 MB
[runlim] sample:		1189.8 time, 1191.0 real, 1915.6 MB
[runlim] sample:		1199.8 time, 1201.0 real, 1915.6 MB
[runlim] sample:		1209.8 time, 1211.0 real, 1915.6 MB
[runlim] sample:		1219.8 time, 1221.0 real, 1964.8 MB
[runlim] sample:		1229.8 time, 1231.0 real, 2047.3 MB
[runlim] sample:		1239.8 time, 1241.0 real, 2126.2 MB
[runlim] sample:		1249.8 time, 1251.0 real, 2205.4 MB
[runlim] sample:		1259.8 time, 1261.0 real, 2287.3 MB
[runlim] sample:		1269.8 time, 1271.0 real, 2352.8 MB
[runlim] sample:		1279.8 time, 1281.0 real, 2419.6 MB
[runlim] sample:		1289.8 time, 1291.0 real, 2518.9 MB
[runlim] sample:		1299.8 time, 1301.0 real, 3695.8 MB
[runlim] sample:		1309.8 time, 1311.0 real, 3049.7 MB
[runlim] sample:		1319.8 time, 1321.0 real, 3049.7 MB
[runlim] sample:		1329.8 time, 1331.0 real, 3051.3 MB
[runlim] sample:		1339.8 time, 1341.0 real, 3051.3 MB
[runlim] sample:		1349.8 time, 1351.0 real, 3051.3 MB
[runlim] sample:		1359.8 time, 1361.0 real, 3051.5 MB
[runlim] sample:		1369.8 time, 1371.0 real, 3051.5 MB
[runlim] sample:		1379.8 time, 1381.0 real, 3051.5 MB
[runlim] sample:		1389.8 time, 1391.0 real, 3052.3 MB
[runlim] sample:		1399.8 time, 1401.0 real, 3052.5 MB
[runlim] sample:		1409.8 time, 1411.0 real, 3150.8 MB
[runlim] sample:		1419.8 time, 1421.0 real, 3252.9 MB
[runlim] sample:		1429.8 time, 1431.0 real, 3341.3 MB
[runlim] sample:		1439.8 time, 1441.0 real, 3430.0 MB
[runlim] sample:		1449.8 time, 1451.0 real, 3513.3 MB
[runlim] sample:		1459.8 time, 1461.0 real, 3598.3 MB
[runlim] sample:		1469.8 time, 1471.0 real, 3691.4 MB
[runlim] sample:		1479.8 time, 1481.0 real, 3775.5 MB
[runlim] sample:		1489.8 time, 1491.0 real, 3851.2 MB
[runlim] sample:		1499.8 time, 1501.0 real, 3919.6 MB
[runlim] sample:		1509.8 time, 1511.0 real, 4113.8 MB
[runlim] sample:		1519.8 time, 1521.0 real, 4113.8 MB
[runlim] sample:		1529.8 time, 1531.0 real, 3355.1 MB
[runlim] sample:		1539.8 time, 1541.0 real, 3378.8 MB
[runlim] sample:		1549.8 time, 1551.0 real, 2905.0 MB
[runlim] sample:		1559.8 time, 1561.0 real, 2952.1 MB
[runlim] sample:		1569.8 time, 1571.0 real, 2952.1 MB
[runlim] sample:		1579.8 time, 1581.0 real, 1879.0 MB
[runlim] sample:		1589.8 time, 1591.0 real, 1879.0 MB
[runlim] sample:		1599.8 time, 1601.0 real, 2241.9 MB
[runlim] sample:		1609.8 time, 1611.0 real, 1699.8 MB
[runlim] sample:		1619.8 time, 1621.0 real, 1699.8 MB
[runlim] sample:		1629.8 time, 1631.0 real, 1789.7 MB
[runlim] sample:		1639.8 time, 1641.0 real, 1768.4 MB
[runlim] sample:		1649.8 time, 1651.0 real, 1717.8 MB
[runlim] sample:		1659.8 time, 1661.0 real, 1717.8 MB
[runlim] sample:		1669.8 time, 1671.0 real, 1710.5 MB
[runlim] sample:		1679.8 time, 1681.0 real, 1710.5 MB
[runlim] sample:		1689.8 time, 1691.0 real, 1710.5 MB
[runlim] sample:		1699.8 time, 1701.0 real, 1594.2 MB
[runlim] sample:		1709.8 time, 1711.0 real, 1621.6 MB
[runlim] sample:		1719.8 time, 1721.0 real, 1621.6 MB
[runlim] sample:		1729.8 time, 1731.0 real, 1742.2 MB
[runlim] sample:		1739.8 time, 1741.0 real, 1788.8 MB
[runlim] sample:		1749.8 time, 1751.0 real, 1794.4 MB
[runlim] sample:		1759.8 time, 1761.0 real, 1840.4 MB
[runlim] sample:		1769.8 time, 1771.0 real, 1845.9 MB
[runlim] sample:		1779.8 time, 1781.0 real, 1845.9 MB
[runlim] sample:		1789.8 time, 1791.0 real, 1858.3 MB
[runlim] sample:		1799.8 time, 1801.0 real, 1967.7 MB
[runlim] sample:		1809.8 time, 1811.0 real, 1967.7 MB
[runlim] sample:		1819.8 time, 1821.0 real, 2008.9 MB
[runlim] sample:		1829.8 time, 1831.0 real, 2008.9 MB
[runlim] sample:		1839.8 time, 1841.0 real, 1961.4 MB
[runlim] sample:		1849.8 time, 1851.0 real, 1925.8 MB
[runlim] sample:		1859.8 time, 1861.0 real, 1925.8 MB
[runlim] sample:		1869.8 time, 1871.0 real, 1925.8 MB
[runlim] sample:		1879.8 time, 1881.0 real, 1925.8 MB
[runlim] sample:		1889.8 time, 1891.0 real, 1928.3 MB
[runlim] sample:		1899.8 time, 1901.0 real, 2038.9 MB
[runlim] sample:		1909.8 time, 1911.0 real, 2159.3 MB
[runlim] sample:		1919.8 time, 1921.0 real, 2317.8 MB
[runlim] sample:		1929.8 time, 1931.0 real, 2318.1 MB
[runlim] sample:		1939.8 time, 1941.0 real, 2464.5 MB
[runlim] sample:		1949.8 time, 1951.0 real, 2608.9 MB
[runlim] sample:		1959.8 time, 1961.0 real, 2749.7 MB
[runlim] sample:		1969.8 time, 1971.0 real, 2866.7 MB
[runlim] sample:		1979.8 time, 1981.0 real, 2980.9 MB
[runlim] sample:		1989.8 time, 1991.0 real, 3105.4 MB
[runlim] sample:		1999.8 time, 2001.0 real, 4608.2 MB
[runlim] sample:		2009.8 time, 2011.0 real, 4608.2 MB
[runlim] sample:		2019.8 time, 2021.0 real, 4608.2 MB
[runlim] sample:		2029.8 time, 2031.0 real, 4608.2 MB
[runlim] sample:		2039.8 time, 2041.0 real, 4608.2 MB
[runlim] sample:		2049.8 time, 2051.0 real, 4608.2 MB
[runlim] sample:		2059.8 time, 2061.0 real, 5474.1 MB
[runlim] sample:		2069.8 time, 2071.0 real, 3376.3 MB
[runlim] sample:		2079.8 time, 2081.0 real, 2809.7 MB
[runlim] sample:		2089.8 time, 2091.0 real, 2809.7 MB
[runlim] sample:		2099.8 time, 2101.0 real, 2424.1 MB
[runlim] sample:		2109.8 time, 2111.0 real, 2424.1 MB
[runlim] sample:		2119.8 time, 2121.0 real, 2424.1 MB
[runlim] sample:		2129.8 time, 2131.0 real, 2424.1 MB
[runlim] sample:		2139.8 time, 2141.0 real, 2424.1 MB
[runlim] sample:		2149.8 time, 2151.0 real, 2853.9 MB
[runlim] sample:		2159.8 time, 2161.0 real, 2853.9 MB
[runlim] sample:		2169.8 time, 2171.0 real, 2853.9 MB
[runlim] sample:		2179.8 time, 2181.0 real, 2853.9 MB
[runlim] sample:		2189.8 time, 2191.0 real, 2853.9 MB
[runlim] sample:		2199.8 time, 2201.0 real, 2790.2 MB
[runlim] sample:		2209.8 time, 2211.0 real, 2790.2 MB
[runlim] sample:		2219.8 time, 2221.0 real, 2790.2 MB
[runlim] sample:		2229.8 time, 2231.0 real, 2328.9 MB
[runlim] sample:		2239.8 time, 2241.0 real, 2328.9 MB
[runlim] sample:		2249.8 time, 2251.0 real, 2328.9 MB
[runlim] sample:		2259.8 time, 2261.0 real, 2282.0 MB
[runlim] sample:		2269.8 time, 2271.0 real, 2282.0 MB
[runlim] sample:		2279.8 time, 2281.0 real, 2282.0 MB
[runlim] sample:		2289.8 time, 2291.0 real, 2282.0 MB
[runlim] sample:		2299.8 time, 2301.0 real, 2353.0 MB
[runlim] sample:		2309.8 time, 2311.0 real, 2353.0 MB
[runlim] sample:		2319.8 time, 2321.0 real, 2363.7 MB
[runlim] sample:		2329.8 time, 2331.0 real, 2363.7 MB
[runlim] sample:		2339.8 time, 2341.0 real, 2363.7 MB
[runlim] sample:		2349.8 time, 2351.0 real, 2363.7 MB
[runlim] sample:		2359.8 time, 2361.0 real, 2362.3 MB
[runlim] sample:		2369.8 time, 2371.0 real, 2427.5 MB
[runlim] sample:		2379.8 time, 2381.0 real, 2427.5 MB
[runlim] sample:		2389.8 time, 2391.0 real, 2427.5 MB
[runlim] sample:		2399.8 time, 2401.0 real, 2290.6 MB
[runlim] sample:		2409.8 time, 2411.0 real, 2290.6 MB
[runlim] sample:		2419.8 time, 2421.0 real, 2290.6 MB
[runlim] sample:		2429.8 time, 2431.0 real, 2350.0 MB
[runlim] sample:		2439.8 time, 2441.0 real, 2327.0 MB
[runlim] sample:		2449.8 time, 2451.0 real, 2327.0 MB
[runlim] sample:		2459.8 time, 2461.0 real, 2711.4 MB
[runlim] sample:		2469.8 time, 2471.0 real, 2287.4 MB
[runlim] sample:		2479.8 time, 2481.0 real, 2346.1 MB
[runlim] sample:		2489.8 time, 2491.0 real, 2346.1 MB
[runlim] sample:		2499.8 time, 2501.0 real, 2346.1 MB
[runlim] sample:		2509.8 time, 2511.0 real, 2755.8 MB
[runlim] sample:		2519.8 time, 2521.0 real, 2337.0 MB
[runlim] sample:		2529.8 time, 2531.0 real, 2337.0 MB
[runlim] sample:		2539.8 time, 2541.0 real, 2289.5 MB
[runlim] sample:		2549.8 time, 2551.0 real, 2289.5 MB
[runlim] sample:		2559.8 time, 2561.0 real, 2650.4 MB
[runlim] sample:		2569.8 time, 2571.0 real, 2288.1 MB
[runlim] sample:		2579.8 time, 2581.0 real, 2346.9 MB
[runlim] sample:		2589.8 time, 2591.0 real, 2288.1 MB
[runlim] sample:		2599.8 time, 2601.0 real, 2288.1 MB
[runlim] sample:		2609.8 time, 2611.0 real, 2329.5 MB
[runlim] sample:		2619.8 time, 2621.0 real, 2329.5 MB
[runlim] sample:		2629.8 time, 2631.0 real, 2711.8 MB
[runlim] sample:		2639.8 time, 2641.0 real, 2309.4 MB
[runlim] sample:		2649.8 time, 2651.0 real, 2309.4 MB
[runlim] sample:		2659.8 time, 2661.0 real, 2311.7 MB
[runlim] sample:		2669.8 time, 2671.0 real, 2667.5 MB
[runlim] sample:		2679.8 time, 2681.0 real, 2285.4 MB
[runlim] sample:		2689.8 time, 2691.0 real, 2285.4 MB
[runlim] sample:		2699.8 time, 2701.0 real, 2324.6 MB
[runlim] sample:		2709.8 time, 2711.0 real, 2324.6 MB
[runlim] sample:		2719.8 time, 2721.0 real, 2324.6 MB
[runlim] sample:		2729.8 time, 2731.0 real, 2703.1 MB
[runlim] sample:		2739.8 time, 2741.0 real, 2307.9 MB
[runlim] sample:		2749.8 time, 2751.0 real, 2307.9 MB
[runlim] sample:		2759.8 time, 2761.0 real, 2307.9 MB
[runlim] sample:		2769.8 time, 2771.0 real, 2319.0 MB
[runlim] sample:		2779.8 time, 2781.0 real, 2319.0 MB
[runlim] sample:		2789.8 time, 2791.0 real, 2319.0 MB
[runlim] sample:		2799.8 time, 2801.0 real, 2309.4 MB
[runlim] sample:		2809.8 time, 2811.0 real, 2309.4 MB
[runlim] sample:		2819.8 time, 2821.0 real, 2309.7 MB
[runlim] sample:		2829.8 time, 2831.0 real, 2309.7 MB
[runlim] sample:		2839.8 time, 2841.0 real, 2309.7 MB
[runlim] sample:		2849.8 time, 2851.0 real, 2407.8 MB
[runlim] sample:		2859.8 time, 2861.0 real, 2407.8 MB
[runlim] sample:		2869.8 time, 2871.0 real, 2407.8 MB
[runlim] sample:		2879.8 time, 2881.0 real, 2407.8 MB
[runlim] sample:		2889.8 time, 2891.0 real, 2407.8 MB
[runlim] sample:		2899.8 time, 2901.0 real, 2407.8 MB
[runlim] sample:		2909.8 time, 2911.0 real, 2407.8 MB
[runlim] sample:		2919.8 time, 2921.0 real, 2407.8 MB
[runlim] sample:		2929.8 time, 2931.0 real, 2407.8 MB
[runlim] sample:		2939.8 time, 2941.0 real, 2407.8 MB
[runlim] sample:		2949.8 time, 2951.0 real, 2442.6 MB
[runlim] sample:		2959.8 time, 2961.0 real, 2495.4 MB
[runlim] sample:		2969.8 time, 2971.0 real, 2547.0 MB
[runlim] sample:		2979.8 time, 2981.0 real, 2599.6 MB
[runlim] sample:		2989.8 time, 2991.0 real, 2652.9 MB
[runlim] sample:		2999.8 time, 3001.0 real, 2704.2 MB
[runlim] sample:		3009.8 time, 3011.0 real, 2755.8 MB
[runlim] sample:		3019.8 time, 3021.0 real, 2807.4 MB
[runlim] sample:		3029.8 time, 3031.0 real, 2859.7 MB
[runlim] sample:		3039.8 time, 3041.0 real, 2911.8 MB
[runlim] sample:		3049.8 time, 3051.0 real, 2962.1 MB
[runlim] sample:		3059.8 time, 3061.0 real, 3014.7 MB
[runlim] sample:		3069.8 time, 3071.0 real, 3066.2 MB
[runlim] sample:		3079.8 time, 3081.0 real, 3118.6 MB
[runlim] sample:		3089.8 time, 3091.0 real, 3171.4 MB
[runlim] sample:		3099.8 time, 3101.0 real, 3222.7 MB
[runlim] sample:		3109.8 time, 3111.0 real, 3274.8 MB
c	Solving duration: 3112915 ms
c	Answer: 
s SAT (w = 112)
AB is set to 625
Node 9 : 693
Node 80 : 68
AB is set to 209
Node 9 : 693
Node 224 : 484
AB is set to 112
Node 9 : 693
Node 350 : 581
c	Solution check:
p calculated antibandwidth = 112.
c
c
c Antibandwidth problem with w = 113 ( X-can__715.mtx.rnd ):
c Initializing CaDiCaL (version 1.2.1).
c	Configuring CaDiCaL as --sat (1).
c Initializing a DuplexNSC encoder with n = 715.
c Encoding starts with w = 113:
[runlim] sample:		3119.8 time, 3121.0 real, 1751.8 MB
c	Labels and Vertices aux var: 74360
c	Labels and Vertices constraints:  1147575
c	Obj k aux var: 850135
c	Obj k constraints: 10669265
c	Obj k glue staircase constraints: 7122150
c	Encoding duration: 2s
c	Number of clauses: 11817197
c	Number of irredundant clauses: 11814883
c	Number of variables: 1435720
c SAT Solving starts:
[runlim] sample:		3129.8 time, 3131.0 real, 2397.0 MB
[runlim] sample:		3139.8 time, 3141.0 real, 2120.2 MB
[runlim] sample:		3149.8 time, 3151.0 real, 2144.1 MB
[runlim] sample:		3159.8 time, 3161.0 real, 2420.4 MB
[runlim] sample:		3169.8 time, 3171.0 real, 2214.5 MB
[runlim] sample:		3179.8 time, 3181.0 real, 2145.6 MB
[runlim] sample:		3189.8 time, 3191.0 real, 2232.5 MB
[runlim] sample:		3199.8 time, 3201.0 real, 2519.1 MB
[runlim] sample:		3209.8 time, 3211.0 real, 2171.7 MB
[runlim] sample:		3219.8 time, 3221.0 real, 2121.6 MB
[runlim] sample:		3229.8 time, 3231.0 real, 2169.3 MB
[runlim] sample:		3239.8 time, 3241.0 real, 1890.4 MB
[runlim] sample:		3249.8 time, 3251.0 real, 1890.4 MB
[runlim] sample:		3259.8 time, 3261.0 real, 2172.9 MB
[runlim] sample:		3269.8 time, 3271.0 real, 1979.4 MB
[runlim] sample:		3279.8 time, 3281.0 real, 2175.4 MB
[runlim] sample:		3289.8 time, 3291.0 real, 2175.6 MB
[runlim] sample:		3299.8 time, 3301.0 real, 1887.6 MB
[runlim] sample:		3309.8 time, 3311.0 real, 1887.6 MB
[runlim] sample:		3319.8 time, 3321.0 real, 1859.1 MB
[runlim] sample:		3329.8 time, 3331.0 real, 2259.1 MB
[runlim] sample:		3339.8 time, 3341.0 real, 2290.1 MB
[runlim] sample:		3349.8 time, 3351.0 real, 2239.7 MB
[runlim] sample:		3359.8 time, 3361.0 real, 2239.7 MB
[runlim] sample:		3369.8 time, 3371.0 real, 1981.6 MB
[runlim] sample:		3379.8 time, 3381.0 real, 1889.8 MB
[runlim] sample:		3389.8 time, 3391.0 real, 1889.8 MB
[runlim] sample:		3399.8 time, 3401.0 real, 2175.8 MB
[runlim] sample:		3409.8 time, 3411.0 real, 2191.9 MB
[runlim] sample:		3419.8 time, 3421.0 real, 2191.9 MB
[runlim] sample:		3429.8 time, 3431.0 real, 2283.0 MB
[runlim] sample:		3439.7 time, 3441.0 real, 1958.0 MB
[runlim] sample:		3449.7 time, 3451.0 real, 1889.0 MB
[runlim] sample:		3459.8 time, 3461.0 real, 2281.6 MB
[runlim] sample:		3469.8 time, 3471.0 real, 2281.6 MB
[runlim] sample:		3479.8 time, 3481.0 real, 2194.8 MB
[runlim] sample:		3489.7 time, 3491.0 real, 2181.2 MB
[runlim] sample:		3499.7 time, 3501.0 real, 2181.2 MB
[runlim] sample:		3509.7 time, 3511.0 real, 2181.2 MB
[runlim] sample:		3519.7 time, 3521.0 real, 1861.1 MB
[runlim] sample:		3529.7 time, 3531.0 real, 2145.1 MB
[runlim] sample:		3539.7 time, 3541.0 real, 2145.2 MB
[runlim] sample:		3549.7 time, 3551.0 real, 2266.3 MB
[runlim] sample:		3559.7 time, 3561.0 real, 1890.2 MB
[runlim] sample:		3569.7 time, 3571.0 real, 1890.2 MB
[runlim] sample:		3579.7 time, 3581.0 real, 2191.2 MB
[runlim] sample:		3589.7 time, 3591.0 real, 2191.2 MB
c Signal interruption.
[runlim] end:			Thu Aug 29 10:15:07 2024
[runlim] status:		out of time
[runlim] result:		2
[runlim] children:		0
[runlim] real:			3600.09 seconds
[runlim] time:			3598.83 seconds
[runlim] space:			5881.5 MB
[runlim] samples:		35991
