[runlim] version:		1.10
[runlim] time limit:		3600 seconds
[runlim] real time limit:	3600 seconds
[runlim] space limit:		30000 MB
[runlim] argv[0]:		/home/truongxuanhieu/AntiBandwidthReconstruct/build/abw_enc_symbreak_reverse_max_node
[runlim] argv[1]:		/home/truongxuanhieu/AntiBandwidthReconstruct/build/BenchmarksAdd/O-impcol_d.mtx.rnd
[runlim] argv[2]:		--duplexNSC
[runlim] start:			Tue Aug 20 18:57:09 2024
[runlim] main pid:		2031
[runlim] log captured:
c DuplexEncoder 0.8.
c Solving strategy: from LB to UB.
c LB-w = 91 (LB in Sinnl - A note on computational approaches for the antibandwidth problem).
c UB-w = 173 (UB in Sinnl - A note on computational approaches for the antibandwidth problem).
c Antibandwidth problem with w = 91 ( O-impcol_d.mtx.rnd ):
c Initializing CaDiCaL (version 1.2.1).
c	Configuring CaDiCaL as --sat (1).
c Initializing a DuplexNSC encoder with n = 425.
c Encoding starts with w = 91:
c	Labels and Vertices aux var: 34000
c	Labels and Vertices constraints:  415650
c	Obj k aux var: 291975
c	Obj k constraints: 2881501
c	Obj k glue staircase constraints: 1682576
c	Encoding duration: 1s
c	Number of clauses: 3297363
c	Number of irredundant clauses: 3296121
c	Number of variables: 506600
c SAT Solving starts:
[runlim] sample:		10.0 time, 10.7 real, 565.5 MB
[runlim] sample:		20.0 time, 20.7 real, 563.6 MB
[runlim] sample:		30.0 time, 30.7 real, 509.1 MB
[runlim] sample:		40.0 time, 40.7 real, 531.0 MB
[runlim] sample:		50.0 time, 50.7 real, 688.4 MB
[runlim] sample:		60.0 time, 60.7 real, 571.2 MB
[runlim] sample:		70.0 time, 70.7 real, 544.2 MB
[runlim] sample:		80.0 time, 80.7 real, 620.7 MB
[runlim] sample:		90.0 time, 90.7 real, 679.4 MB
[runlim] sample:		100.0 time, 100.7 real, 601.7 MB
c	Solving duration: 105016 ms
c	Answer: 
s SAT (w = 91)
c	Solution check:
p calculated antibandwidth = 91.
c
c
c Antibandwidth problem with w = 92 ( O-impcol_d.mtx.rnd ):
c Initializing CaDiCaL (version 1.2.1).
c	Configuring CaDiCaL as --sat (1).
c Initializing a DuplexNSC encoder with n = 425.
c Encoding starts with w = 92:
c	Labels and Vertices aux var: 34000
c	Labels and Vertices constraints:  415650
c	Obj k aux var: 293250
c	Obj k constraints: 2879833
c	Obj k glue staircase constraints: 1677508
c	Encoding duration: 0s
c	Number of clauses: 3295695
c	Number of irredundant clauses: 3294454
c	Number of variables: 507875
c SAT Solving starts:
[runlim] sample:		110.0 time, 110.7 real, 564.9 MB
[runlim] sample:		120.0 time, 120.7 real, 591.4 MB
[runlim] sample:		130.0 time, 130.7 real, 583.9 MB
[runlim] sample:		140.0 time, 140.7 real, 586.0 MB
[runlim] sample:		150.0 time, 150.7 real, 613.1 MB
[runlim] sample:		160.0 time, 160.7 real, 646.8 MB
[runlim] sample:		170.0 time, 170.7 real, 593.0 MB
c	Solving duration: 67074 ms
c	Answer: 
s SAT (w = 92)
c	Solution check:
p calculated antibandwidth = 92.
c
c
c Antibandwidth problem with w = 93 ( O-impcol_d.mtx.rnd ):
c Initializing CaDiCaL (version 1.2.1).
c	Configuring CaDiCaL as --sat (1).
c Initializing a DuplexNSC encoder with n = 425.
c Encoding starts with w = 93:
c	Labels and Vertices aux var: 34000
c	Labels and Vertices constraints:  415650
c	Obj k aux var: 294525
c	Obj k constraints: 2878165
c	Obj k glue staircase constraints: 1672440
c	Encoding duration: 0s
c	Number of clauses: 3294027
c	Number of irredundant clauses: 3292787
c	Number of variables: 509150
c SAT Solving starts:
[runlim] sample:		180.0 time, 180.7 real, 588.1 MB
[runlim] sample:		190.0 time, 190.7 real, 593.3 MB
[runlim] sample:		200.0 time, 200.7 real, 593.3 MB
[runlim] sample:		210.0 time, 210.7 real, 595.6 MB
[runlim] sample:		220.0 time, 220.7 real, 670.3 MB
[runlim] sample:		230.0 time, 230.7 real, 675.8 MB
[runlim] sample:		240.0 time, 240.7 real, 569.8 MB
[runlim] sample:		250.0 time, 250.7 real, 589.8 MB
[runlim] sample:		260.0 time, 260.7 real, 610.5 MB
[runlim] sample:		270.0 time, 270.7 real, 665.1 MB
[runlim] sample:		280.0 time, 280.7 real, 745.9 MB
[runlim] sample:		290.0 time, 290.7 real, 664.3 MB
[runlim] sample:		300.0 time, 300.7 real, 664.3 MB
c	Solving duration: 132103 ms
c	Answer: 
s SAT (w = 93)
c	Solution check:
p calculated antibandwidth = 93.
c
c
c Antibandwidth problem with w = 94 ( O-impcol_d.mtx.rnd ):
c Initializing CaDiCaL (version 1.2.1).
c	Configuring CaDiCaL as --sat (1).
c Initializing a DuplexNSC encoder with n = 425.
c Encoding starts with w = 94:
c	Labels and Vertices aux var: 34000
c	Labels and Vertices constraints:  415650
c	Obj k aux var: 295800
c	Obj k constraints: 2876497
c	Obj k glue staircase constraints: 1667372
c	Encoding duration: 0s
c	Number of clauses: 3292359
c	Number of irredundant clauses: 3291120
c	Number of variables: 510425
c SAT Solving starts:
[runlim] sample:		309.9 time, 310.7 real, 627.5 MB
[runlim] sample:		319.9 time, 320.7 real, 689.5 MB
[runlim] sample:		329.9 time, 330.7 real, 634.9 MB
[runlim] sample:		339.9 time, 340.7 real, 650.2 MB
[runlim] sample:		349.9 time, 350.7 real, 628.8 MB
[runlim] sample:		359.9 time, 360.7 real, 658.4 MB
[runlim] sample:		369.9 time, 370.7 real, 718.2 MB
[runlim] sample:		379.9 time, 380.7 real, 660.3 MB
[runlim] sample:		389.9 time, 390.7 real, 733.4 MB
[runlim] sample:		399.9 time, 400.7 real, 638.6 MB
[runlim] sample:		409.9 time, 410.7 real, 694.2 MB
[runlim] sample:		419.9 time, 420.7 real, 734.1 MB
[runlim] sample:		429.9 time, 430.7 real, 646.1 MB
[runlim] sample:		439.9 time, 440.7 real, 785.6 MB
[runlim] sample:		449.9 time, 450.7 real, 657.2 MB
c	Solving duration: 142775 ms
c	Answer: 
s SAT (w = 94)
c	Solution check:
p calculated antibandwidth = 94.
c
c
c Antibandwidth problem with w = 95 ( O-impcol_d.mtx.rnd ):
c Initializing CaDiCaL (version 1.2.1).
c	Configuring CaDiCaL as --sat (1).
c Initializing a DuplexNSC encoder with n = 425.
c Encoding starts with w = 95:
c	Labels and Vertices aux var: 34000
c	Labels and Vertices constraints:  415650
c	Obj k aux var: 297075
c	Obj k constraints: 2874829
c	Obj k glue staircase constraints: 1662304
c	Encoding duration: 0s
c	Number of clauses: 3290691
c	Number of irredundant clauses: 3289453
c	Number of variables: 511700
c SAT Solving starts:
[runlim] sample:		459.9 time, 460.7 real, 620.3 MB
[runlim] sample:		469.9 time, 470.7 real, 594.3 MB
[runlim] sample:		479.9 time, 480.7 real, 595.7 MB
[runlim] sample:		489.9 time, 490.7 real, 598.4 MB
[runlim] sample:		499.9 time, 500.7 real, 598.0 MB
[runlim] sample:		509.9 time, 510.7 real, 598.3 MB
[runlim] sample:		519.9 time, 520.7 real, 569.4 MB
[runlim] sample:		529.9 time, 530.7 real, 698.7 MB
[runlim] sample:		539.9 time, 540.7 real, 690.4 MB
[runlim] sample:		549.9 time, 550.7 real, 697.8 MB
[runlim] sample:		559.9 time, 560.7 real, 707.8 MB
[runlim] sample:		569.9 time, 570.7 real, 650.8 MB
[runlim] sample:		579.9 time, 580.7 real, 666.6 MB
c	Solving duration: 135632 ms
c	Answer: 
s SAT (w = 95)
c	Solution check:
p calculated antibandwidth = 95.
c
c
c Antibandwidth problem with w = 96 ( O-impcol_d.mtx.rnd ):
c Initializing CaDiCaL (version 1.2.1).
c	Configuring CaDiCaL as --sat (1).
c Initializing a DuplexNSC encoder with n = 425.
c Encoding starts with w = 96:
c	Labels and Vertices aux var: 34000
c	Labels and Vertices constraints:  415650
c	Obj k aux var: 298350
c	Obj k constraints: 2873161
c	Obj k glue staircase constraints: 1657236
c	Encoding duration: 0s
c	Number of clauses: 3289023
c	Number of irredundant clauses: 3287786
c	Number of variables: 512975
c SAT Solving starts:
[runlim] sample:		589.9 time, 590.7 real, 633.2 MB
[runlim] sample:		599.9 time, 600.7 real, 643.1 MB
[runlim] sample:		609.9 time, 610.7 real, 675.3 MB
[runlim] sample:		619.9 time, 620.7 real, 645.7 MB
[runlim] sample:		629.9 time, 630.7 real, 646.4 MB
[runlim] sample:		639.9 time, 640.7 real, 732.5 MB
[runlim] sample:		649.9 time, 650.7 real, 678.5 MB
[runlim] sample:		659.9 time, 660.7 real, 678.6 MB
[runlim] sample:		669.9 time, 670.7 real, 711.0 MB
[runlim] sample:		679.9 time, 680.7 real, 684.5 MB
[runlim] sample:		689.9 time, 690.7 real, 684.3 MB
c	Solving duration: 104495 ms
c	Answer: 
s SAT (w = 96)
c	Solution check:
p calculated antibandwidth = 96.
c
c
c Antibandwidth problem with w = 97 ( O-impcol_d.mtx.rnd ):
c Initializing CaDiCaL (version 1.2.1).
c	Configuring CaDiCaL as --sat (1).
c Initializing a DuplexNSC encoder with n = 425.
c Encoding starts with w = 97:
c	Labels and Vertices aux var: 34000
c	Labels and Vertices constraints:  415650
c	Obj k aux var: 299625
c	Obj k constraints: 2871493
c	Obj k glue staircase constraints: 1652168
c	Encoding duration: 0s
c	Number of clauses: 3287355
c	Number of irredundant clauses: 3286119
c	Number of variables: 514250
c SAT Solving starts:
[runlim] sample:		699.9 time, 700.7 real, 734.9 MB
[runlim] sample:		709.9 time, 710.7 real, 654.8 MB
[runlim] sample:		719.9 time, 720.7 real, 767.6 MB
[runlim] sample:		729.9 time, 730.7 real, 671.0 MB
[runlim] sample:		739.9 time, 740.7 real, 686.5 MB
[runlim] sample:		749.9 time, 750.7 real, 659.5 MB
[runlim] sample:		759.9 time, 760.7 real, 704.1 MB
[runlim] sample:		769.9 time, 770.7 real, 716.6 MB
[runlim] sample:		779.9 time, 780.7 real, 842.6 MB
[runlim] sample:		789.9 time, 790.7 real, 820.4 MB
[runlim] sample:		799.9 time, 800.7 real, 659.6 MB
[runlim] sample:		809.9 time, 810.7 real, 655.1 MB
[runlim] sample:		819.9 time, 820.7 real, 716.3 MB
[runlim] sample:		829.9 time, 830.7 real, 808.1 MB
[runlim] sample:		839.9 time, 840.7 real, 789.5 MB
[runlim] sample:		849.9 time, 850.7 real, 673.6 MB
[runlim] sample:		859.9 time, 860.7 real, 783.4 MB
[runlim] sample:		869.9 time, 870.7 real, 880.8 MB
[runlim] sample:		879.9 time, 880.7 real, 880.8 MB
[runlim] sample:		889.9 time, 890.7 real, 981.6 MB
[runlim] sample:		899.9 time, 900.7 real, 996.9 MB
[runlim] sample:		909.9 time, 910.7 real, 996.9 MB
[runlim] sample:		919.9 time, 920.7 real, 1086.6 MB
[runlim] sample:		929.9 time, 930.7 real, 1150.5 MB
[runlim] sample:		939.9 time, 940.7 real, 749.4 MB
[runlim] sample:		949.9 time, 950.7 real, 764.9 MB
[runlim] sample:		959.9 time, 960.7 real, 870.6 MB
[runlim] sample:		969.9 time, 970.7 real, 1331.1 MB
[runlim] sample:		979.9 time, 980.7 real, 1331.1 MB
[runlim] sample:		989.9 time, 990.7 real, 917.7 MB
[runlim] sample:		999.9 time, 1000.7 real, 917.7 MB
[runlim] sample:		1009.9 time, 1010.7 real, 883.6 MB
c	Solving duration: 325692 ms
c	Answer: 
s SAT (w = 97)
c	Solution check:
p calculated antibandwidth = 97.
c
c
c Antibandwidth problem with w = 98 ( O-impcol_d.mtx.rnd ):
c Initializing CaDiCaL (version 1.2.1).
c	Configuring CaDiCaL as --sat (1).
c Initializing a DuplexNSC encoder with n = 425.
c Encoding starts with w = 98:
[runlim] sample:		1019.9 time, 1020.7 real, 551.6 MB
c	Labels and Vertices aux var: 34000
c	Labels and Vertices constraints:  415650
c	Obj k aux var: 300900
c	Obj k constraints: 2869825
c	Obj k glue staircase constraints: 1647100
c	Encoding duration: 0s
c	Number of clauses: 3285687
c	Number of irredundant clauses: 3284452
c	Number of variables: 515525
c SAT Solving starts:
[runlim] sample:		1029.9 time, 1030.7 real, 703.0 MB
[runlim] sample:		1039.9 time, 1040.7 real, 748.9 MB
[runlim] sample:		1049.9 time, 1050.7 real, 763.3 MB
[runlim] sample:		1059.9 time, 1060.7 real, 763.3 MB
[runlim] sample:		1069.9 time, 1070.7 real, 732.3 MB
[runlim] sample:		1079.9 time, 1080.7 real, 732.6 MB
[runlim] sample:		1089.9 time, 1090.7 real, 860.9 MB
[runlim] sample:		1099.9 time, 1100.7 real, 764.8 MB
[runlim] sample:		1109.9 time, 1110.7 real, 748.1 MB
[runlim] sample:		1119.9 time, 1120.7 real, 702.3 MB
[runlim] sample:		1129.9 time, 1130.7 real, 713.6 MB
[runlim] sample:		1139.9 time, 1140.7 real, 704.0 MB
[runlim] sample:		1149.9 time, 1150.7 real, 769.0 MB
[runlim] sample:		1159.9 time, 1160.7 real, 708.8 MB
[runlim] sample:		1169.9 time, 1170.7 real, 720.9 MB
[runlim] sample:		1179.9 time, 1180.7 real, 740.8 MB
[runlim] sample:		1189.9 time, 1190.7 real, 723.8 MB
[runlim] sample:		1199.9 time, 1200.7 real, 769.9 MB
[runlim] sample:		1209.9 time, 1210.7 real, 726.3 MB
[runlim] sample:		1219.9 time, 1220.7 real, 732.2 MB
[runlim] sample:		1229.9 time, 1230.7 real, 757.5 MB
[runlim] sample:		1239.9 time, 1240.7 real, 757.5 MB
[runlim] sample:		1249.9 time, 1250.7 real, 1002.8 MB
[runlim] sample:		1259.9 time, 1260.7 real, 1002.8 MB
[runlim] sample:		1269.9 time, 1270.7 real, 1123.4 MB
[runlim] sample:		1279.9 time, 1280.7 real, 1244.1 MB
[runlim] sample:		1289.9 time, 1290.7 real, 1368.6 MB
[runlim] sample:		1299.9 time, 1300.7 real, 1875.1 MB
[runlim] sample:		1309.9 time, 1310.7 real, 1875.1 MB
[runlim] sample:		1319.9 time, 1320.7 real, 1875.1 MB
[runlim] sample:		1329.9 time, 1330.7 real, 1455.0 MB
[runlim] sample:		1339.9 time, 1340.7 real, 1110.0 MB
[runlim] sample:		1349.9 time, 1350.7 real, 1110.0 MB
c	Solving duration: 332503 ms
c	Answer: 
s SAT (w = 98)
c	Solution check:
p calculated antibandwidth = 98.
c
c
c Antibandwidth problem with w = 99 ( O-impcol_d.mtx.rnd ):
c Initializing CaDiCaL (version 1.2.1).
c	Configuring CaDiCaL as --sat (1).
c Initializing a DuplexNSC encoder with n = 425.
c Encoding starts with w = 99:
c	Labels and Vertices aux var: 34000
c	Labels and Vertices constraints:  415650
c	Obj k aux var: 302175
c	Obj k constraints: 2868157
c	Obj k glue staircase constraints: 1642032
c	Encoding duration: 0s
c	Number of clauses: 3284019
c	Number of irredundant clauses: 3282784
c	Number of variables: 516800
c SAT Solving starts:
[runlim] sample:		1359.9 time, 1360.7 real, 792.1 MB
[runlim] sample:		1369.9 time, 1370.7 real, 713.2 MB
[runlim] sample:		1379.9 time, 1380.7 real, 708.0 MB
[runlim] sample:		1389.9 time, 1390.7 real, 827.1 MB
[runlim] sample:		1399.9 time, 1400.7 real, 706.2 MB
[runlim] sample:		1409.9 time, 1410.7 real, 784.3 MB
[runlim] sample:		1419.9 time, 1420.7 real, 785.1 MB
[runlim] sample:		1429.9 time, 1430.7 real, 709.2 MB
[runlim] sample:		1439.9 time, 1440.7 real, 751.4 MB
[runlim] sample:		1449.9 time, 1450.7 real, 743.4 MB
[runlim] sample:		1459.9 time, 1460.7 real, 717.9 MB
[runlim] sample:		1469.9 time, 1470.7 real, 704.8 MB
[runlim] sample:		1479.9 time, 1480.7 real, 712.4 MB
[runlim] sample:		1489.9 time, 1490.7 real, 791.2 MB
[runlim] sample:		1499.9 time, 1500.7 real, 813.2 MB
[runlim] sample:		1509.9 time, 1510.7 real, 815.2 MB
[runlim] sample:		1519.9 time, 1520.7 real, 731.4 MB
[runlim] sample:		1529.9 time, 1530.7 real, 731.4 MB
[runlim] sample:		1539.9 time, 1540.7 real, 982.1 MB
[runlim] sample:		1549.9 time, 1550.7 real, 781.8 MB
[runlim] sample:		1559.9 time, 1560.7 real, 762.5 MB
[runlim] sample:		1569.9 time, 1570.7 real, 899.8 MB
[runlim] sample:		1579.9 time, 1580.7 real, 809.6 MB
[runlim] sample:		1589.9 time, 1590.7 real, 778.3 MB
[runlim] sample:		1599.9 time, 1600.7 real, 772.2 MB
[runlim] sample:		1609.9 time, 1610.7 real, 825.3 MB
[runlim] sample:		1619.9 time, 1620.7 real, 792.1 MB
[runlim] sample:		1629.9 time, 1630.7 real, 782.6 MB
[runlim] sample:		1639.9 time, 1640.7 real, 781.5 MB
c	Solving duration: 292068 ms
c	Answer: 
s SAT (w = 99)
c	Solution check:
p calculated antibandwidth = 99.
c
c
c Antibandwidth problem with w = 100 ( O-impcol_d.mtx.rnd ):
c Initializing CaDiCaL (version 1.2.1).
c	Configuring CaDiCaL as --sat (1).
c Initializing a DuplexNSC encoder with n = 425.
c Encoding starts with w = 100:
c	Labels and Vertices aux var: 34000
c	Labels and Vertices constraints:  415650
c	Obj k aux var: 303450
c	Obj k constraints: 2866489
c	Obj k glue staircase constraints: 1636964
c	Encoding duration: 0s
c	Number of clauses: 3282351
c	Number of irredundant clauses: 3281136
c	Number of variables: 518075
c SAT Solving starts:
[runlim] sample:		1649.9 time, 1650.7 real, 726.8 MB
[runlim] sample:		1659.8 time, 1660.7 real, 674.6 MB
[runlim] sample:		1669.9 time, 1670.7 real, 637.3 MB
[runlim] sample:		1679.8 time, 1680.7 real, 692.6 MB
[runlim] sample:		1689.9 time, 1690.7 real, 679.1 MB
[runlim] sample:		1699.9 time, 1700.7 real, 735.2 MB
[runlim] sample:		1709.9 time, 1710.7 real, 756.4 MB
[runlim] sample:		1719.9 time, 1720.7 real, 645.5 MB
[runlim] sample:		1729.8 time, 1730.7 real, 670.4 MB
[runlim] sample:		1739.8 time, 1740.7 real, 743.3 MB
[runlim] sample:		1749.9 time, 1750.7 real, 929.4 MB
[runlim] sample:		1759.9 time, 1760.7 real, 929.4 MB
[runlim] sample:		1769.8 time, 1770.7 real, 941.3 MB
[runlim] sample:		1779.8 time, 1780.7 real, 776.4 MB
[runlim] sample:		1789.8 time, 1790.7 real, 699.7 MB
[runlim] sample:		1799.8 time, 1800.7 real, 683.9 MB
[runlim] sample:		1809.8 time, 1810.7 real, 707.1 MB
[runlim] sample:		1819.8 time, 1820.7 real, 696.2 MB
[runlim] sample:		1829.8 time, 1830.7 real, 658.9 MB
[runlim] sample:		1839.8 time, 1840.7 real, 654.6 MB
[runlim] sample:		1849.8 time, 1850.7 real, 693.3 MB
[runlim] sample:		1859.8 time, 1860.7 real, 922.7 MB
[runlim] sample:		1869.8 time, 1870.7 real, 733.8 MB
[runlim] sample:		1879.8 time, 1880.7 real, 801.3 MB
[runlim] sample:		1889.8 time, 1890.7 real, 666.0 MB
[runlim] sample:		1899.8 time, 1900.7 real, 686.4 MB
[runlim] sample:		1909.8 time, 1910.7 real, 751.2 MB
[runlim] sample:		1919.8 time, 1920.7 real, 761.3 MB
[runlim] sample:		1929.8 time, 1930.7 real, 801.2 MB
[runlim] sample:		1939.8 time, 1940.7 real, 735.6 MB
[runlim] sample:		1949.8 time, 1950.7 real, 720.7 MB
[runlim] sample:		1959.8 time, 1960.7 real, 754.6 MB
[runlim] sample:		1969.8 time, 1970.7 real, 754.6 MB
[runlim] sample:		1979.8 time, 1980.7 real, 869.9 MB
[runlim] sample:		1989.8 time, 1990.7 real, 877.0 MB
[runlim] sample:		1999.8 time, 2000.7 real, 940.6 MB
[runlim] sample:		2009.8 time, 2010.7 real, 978.2 MB
c	Solving duration: 364472 ms
c	Answer: 
s SAT (w = 100)
c	Solution check:
p calculated antibandwidth = 100.
c
c
c Antibandwidth problem with w = 101 ( O-impcol_d.mtx.rnd ):
c Initializing CaDiCaL (version 1.2.1).
c	Configuring CaDiCaL as --sat (1).
c Initializing a DuplexNSC encoder with n = 425.
c Encoding starts with w = 101:
c	Labels and Vertices aux var: 34000
c	Labels and Vertices constraints:  415650
c	Obj k aux var: 304725
c	Obj k constraints: 2864821
c	Obj k glue staircase constraints: 1631896
c	Encoding duration: 0s
c	Number of clauses: 3280683
c	Number of irredundant clauses: 3279488
c	Number of variables: 519350
c SAT Solving starts:
[runlim] sample:		2019.8 time, 2020.7 real, 675.5 MB
[runlim] sample:		2029.8 time, 2030.7 real, 662.3 MB
[runlim] sample:		2039.8 time, 2040.7 real, 812.6 MB
[runlim] sample:		2049.8 time, 2050.7 real, 710.5 MB
[runlim] sample:		2059.8 time, 2060.7 real, 746.5 MB
[runlim] sample:		2069.8 time, 2070.7 real, 779.5 MB
[runlim] sample:		2079.8 time, 2080.7 real, 682.2 MB
[runlim] sample:		2089.8 time, 2090.7 real, 753.4 MB
[runlim] sample:		2099.8 time, 2100.7 real, 691.1 MB
[runlim] sample:		2109.8 time, 2110.7 real, 768.4 MB
[runlim] sample:		2119.8 time, 2120.7 real, 844.5 MB
[runlim] sample:		2129.8 time, 2130.7 real, 844.4 MB
[runlim] sample:		2139.8 time, 2140.7 real, 849.1 MB
[runlim] sample:		2149.8 time, 2150.7 real, 919.5 MB
[runlim] sample:		2159.8 time, 2160.7 real, 784.5 MB
[runlim] sample:		2169.8 time, 2170.7 real, 719.3 MB
[runlim] sample:		2179.8 time, 2180.7 real, 697.8 MB
[runlim] sample:		2189.8 time, 2190.7 real, 691.0 MB
[runlim] sample:		2199.8 time, 2200.7 real, 693.0 MB
[runlim] sample:		2209.8 time, 2210.7 real, 695.2 MB
[runlim] sample:		2219.8 time, 2220.7 real, 758.3 MB
[runlim] sample:		2229.8 time, 2230.7 real, 749.8 MB
[runlim] sample:		2239.8 time, 2240.7 real, 671.4 MB
[runlim] sample:		2249.8 time, 2250.7 real, 671.4 MB
[runlim] sample:		2259.8 time, 2260.7 real, 878.9 MB
[runlim] sample:		2269.8 time, 2270.7 real, 884.5 MB
[runlim] sample:		2279.8 time, 2280.7 real, 906.3 MB
[runlim] sample:		2289.8 time, 2290.7 real, 744.0 MB
[runlim] sample:		2299.8 time, 2300.7 real, 913.7 MB
[runlim] sample:		2309.8 time, 2310.7 real, 748.2 MB
[runlim] sample:		2319.8 time, 2320.7 real, 748.2 MB
[runlim] sample:		2329.8 time, 2330.7 real, 845.4 MB
[runlim] sample:		2339.8 time, 2340.7 real, 1036.5 MB
[runlim] sample:		2349.8 time, 2350.7 real, 1512.5 MB
c	Solving duration: 343021 ms
c	Answer: 
s SAT (w = 101)
c	Solution check:
p calculated antibandwidth = 101.
c
c
c Antibandwidth problem with w = 102 ( O-impcol_d.mtx.rnd ):
c Initializing CaDiCaL (version 1.2.1).
c	Configuring CaDiCaL as --sat (1).
c Initializing a DuplexNSC encoder with n = 425.
c Encoding starts with w = 102:
c	Labels and Vertices aux var: 34000
c	Labels and Vertices constraints:  415650
c	Obj k aux var: 306000
c	Obj k constraints: 2863153
c	Obj k glue staircase constraints: 1626828
c	Encoding duration: 0s
c	Number of clauses: 3279015
c	Number of irredundant clauses: 3277821
c	Number of variables: 520625
c SAT Solving starts:
[runlim] sample:		2359.8 time, 2360.7 real, 699.3 MB
[runlim] sample:		2369.8 time, 2370.7 real, 720.0 MB
[runlim] sample:		2379.8 time, 2380.7 real, 712.4 MB
[runlim] sample:		2389.8 time, 2390.7 real, 796.9 MB
[runlim] sample:		2399.8 time, 2400.7 real, 759.1 MB
[runlim] sample:		2409.8 time, 2410.7 real, 692.7 MB
[runlim] sample:		2419.8 time, 2420.7 real, 760.7 MB
[runlim] sample:		2429.8 time, 2430.7 real, 723.4 MB
[runlim] sample:		2439.8 time, 2440.7 real, 732.3 MB
[runlim] sample:		2449.8 time, 2450.7 real, 799.9 MB
[runlim] sample:		2459.8 time, 2460.7 real, 826.7 MB
[runlim] sample:		2469.8 time, 2470.7 real, 826.7 MB
[runlim] sample:		2479.8 time, 2480.7 real, 829.7 MB
[runlim] sample:		2489.8 time, 2490.7 real, 919.1 MB
[runlim] sample:		2499.8 time, 2500.7 real, 686.6 MB
[runlim] sample:		2509.8 time, 2510.7 real, 726.2 MB
[runlim] sample:		2519.8 time, 2520.7 real, 729.1 MB
[runlim] sample:		2529.8 time, 2530.7 real, 716.9 MB
[runlim] sample:		2539.8 time, 2540.7 real, 712.3 MB
[runlim] sample:		2549.8 time, 2550.7 real, 706.6 MB
[runlim] sample:		2559.8 time, 2560.7 real, 720.6 MB
[runlim] sample:		2569.8 time, 2570.7 real, 753.0 MB
[runlim] sample:		2579.8 time, 2580.7 real, 902.0 MB
[runlim] sample:		2589.8 time, 2590.7 real, 902.0 MB
[runlim] sample:		2599.8 time, 2600.7 real, 889.7 MB
[runlim] sample:		2609.8 time, 2610.7 real, 757.4 MB
[runlim] sample:		2619.8 time, 2620.7 real, 736.6 MB
[runlim] sample:		2629.8 time, 2630.7 real, 736.6 MB
[runlim] sample:		2639.8 time, 2640.7 real, 912.7 MB
[runlim] sample:		2649.8 time, 2650.7 real, 736.6 MB
[runlim] sample:		2659.8 time, 2660.7 real, 788.9 MB
[runlim] sample:		2669.8 time, 2670.7 real, 788.9 MB
[runlim] sample:		2679.8 time, 2680.7 real, 1034.0 MB
c	Solving duration: 327950 ms
c	Answer: 
s SAT (w = 102)
c	Solution check:
p calculated antibandwidth = 102.
c
c
c Antibandwidth problem with w = 103 ( O-impcol_d.mtx.rnd ):
c Initializing CaDiCaL (version 1.2.1).
c	Configuring CaDiCaL as --sat (1).
c Initializing a DuplexNSC encoder with n = 425.
c Encoding starts with w = 103:
c	Labels and Vertices aux var: 34000
c	Labels and Vertices constraints:  415650
c	Obj k aux var: 307275
c	Obj k constraints: 2861485
c	Obj k glue staircase constraints: 1621760
c	Encoding duration: 0s
c	Number of clauses: 3277347
c	Number of irredundant clauses: 3276154
c	Number of variables: 521900
c SAT Solving starts:
[runlim] sample:		2689.8 time, 2690.7 real, 698.0 MB
[runlim] sample:		2699.8 time, 2700.7 real, 704.1 MB
[runlim] sample:		2709.8 time, 2710.7 real, 698.9 MB
[runlim] sample:		2719.8 time, 2720.7 real, 704.7 MB
[runlim] sample:		2729.8 time, 2730.7 real, 718.8 MB
[runlim] sample:		2739.8 time, 2740.7 real, 704.8 MB
[runlim] sample:		2749.8 time, 2750.7 real, 796.7 MB
[runlim] sample:		2759.8 time, 2760.7 real, 702.0 MB
[runlim] sample:		2769.8 time, 2770.7 real, 791.4 MB
[runlim] sample:		2779.8 time, 2780.7 real, 713.5 MB
[runlim] sample:		2789.8 time, 2790.7 real, 746.5 MB
[runlim] sample:		2799.8 time, 2800.7 real, 699.1 MB
[runlim] sample:		2809.8 time, 2810.7 real, 681.0 MB
[runlim] sample:		2819.8 time, 2820.7 real, 724.1 MB
[runlim] sample:		2829.8 time, 2830.7 real, 712.7 MB
[runlim] sample:		2839.8 time, 2840.7 real, 713.8 MB
[runlim] sample:		2849.8 time, 2850.7 real, 729.4 MB
[runlim] sample:		2859.8 time, 2860.7 real, 797.6 MB
[runlim] sample:		2869.8 time, 2870.7 real, 756.0 MB
[runlim] sample:		2879.8 time, 2880.7 real, 689.6 MB
[runlim] sample:		2889.8 time, 2890.7 real, 693.9 MB
[runlim] sample:		2899.8 time, 2900.7 real, 878.5 MB
[runlim] sample:		2909.8 time, 2910.7 real, 799.0 MB
c	Solving duration: 232289 ms
c	Answer: 
s SAT (w = 103)
c	Solution check:
p calculated antibandwidth = 103.
c
c
c Antibandwidth problem with w = 104 ( O-impcol_d.mtx.rnd ):
c Initializing CaDiCaL (version 1.2.1).
c	Configuring CaDiCaL as --sat (1).
c Initializing a DuplexNSC encoder with n = 425.
c Encoding starts with w = 104:
c	Labels and Vertices aux var: 34000
c	Labels and Vertices constraints:  415650
c	Obj k aux var: 308550
c	Obj k constraints: 2859817
c	Obj k glue staircase constraints: 1616692
c	Encoding duration: 0s
c	Number of clauses: 3275679
c	Number of irredundant clauses: 3274421
c	Number of variables: 523175
c SAT Solving starts:
[runlim] sample:		2919.8 time, 2920.7 real, 672.6 MB
[runlim] sample:		2929.8 time, 2930.7 real, 782.0 MB
[runlim] sample:		2939.8 time, 2940.7 real, 734.6 MB
[runlim] sample:		2949.8 time, 2950.7 real, 791.9 MB
[runlim] sample:		2959.8 time, 2960.7 real, 675.4 MB
[runlim] sample:		2969.8 time, 2970.7 real, 708.6 MB
[runlim] sample:		2979.8 time, 2980.7 real, 740.0 MB
[runlim] sample:		2989.8 time, 2990.7 real, 706.9 MB
[runlim] sample:		2999.8 time, 3000.7 real, 715.3 MB
[runlim] sample:		3009.8 time, 3010.7 real, 771.1 MB
[runlim] sample:		3019.8 time, 3020.7 real, 732.6 MB
[runlim] sample:		3029.8 time, 3030.7 real, 675.2 MB
[runlim] sample:		3039.8 time, 3040.7 real, 721.9 MB
[runlim] sample:		3049.8 time, 3050.7 real, 721.9 MB
[runlim] sample:		3059.8 time, 3060.7 real, 753.3 MB
[runlim] sample:		3069.8 time, 3070.7 real, 699.1 MB
[runlim] sample:		3079.8 time, 3080.7 real, 707.8 MB
[runlim] sample:		3089.8 time, 3090.7 real, 725.3 MB
[runlim] sample:		3099.8 time, 3100.7 real, 759.5 MB
[runlim] sample:		3109.8 time, 3110.7 real, 722.7 MB
[runlim] sample:		3119.8 time, 3120.7 real, 707.3 MB
[runlim] sample:		3129.8 time, 3130.7 real, 710.8 MB
[runlim] sample:		3139.8 time, 3140.7 real, 994.3 MB
[runlim] sample:		3149.8 time, 3150.7 real, 884.0 MB
[runlim] sample:		3159.8 time, 3160.7 real, 884.0 MB
[runlim] sample:		3169.8 time, 3170.7 real, 749.7 MB
[runlim] sample:		3179.8 time, 3180.7 real, 735.4 MB
[runlim] sample:		3189.8 time, 3190.7 real, 760.8 MB
[runlim] sample:		3199.8 time, 3200.7 real, 724.8 MB
[runlim] sample:		3209.8 time, 3210.7 real, 717.0 MB
[runlim] sample:		3219.8 time, 3220.7 real, 812.4 MB
[runlim] sample:		3229.8 time, 3230.7 real, 812.4 MB
[runlim] sample:		3239.8 time, 3240.7 real, 751.9 MB
[runlim] sample:		3249.8 time, 3250.7 real, 756.1 MB
[runlim] sample:		3259.8 time, 3260.7 real, 865.8 MB
[runlim] sample:		3269.8 time, 3270.7 real, 1467.7 MB
[runlim] sample:		3279.8 time, 3280.7 real, 1340.2 MB
[runlim] sample:		3289.8 time, 3290.7 real, 974.6 MB
[runlim] sample:		3299.8 time, 3300.7 real, 931.9 MB
[runlim] sample:		3309.8 time, 3310.7 real, 752.7 MB
[runlim] sample:		3319.8 time, 3320.7 real, 867.9 MB
[runlim] sample:		3329.8 time, 3330.7 real, 1005.6 MB
[runlim] sample:		3339.8 time, 3340.7 real, 1005.6 MB
[runlim] sample:		3349.8 time, 3350.7 real, 1005.6 MB
[runlim] sample:		3359.8 time, 3360.7 real, 1225.8 MB
[runlim] sample:		3369.8 time, 3370.7 real, 1408.7 MB
[runlim] sample:		3379.8 time, 3380.7 real, 972.3 MB
[runlim] sample:		3389.8 time, 3390.7 real, 743.4 MB
[runlim] sample:		3399.8 time, 3400.7 real, 962.6 MB
[runlim] sample:		3409.8 time, 3410.7 real, 958.7 MB
[runlim] sample:		3419.8 time, 3420.7 real, 968.0 MB
[runlim] sample:		3429.8 time, 3430.7 real, 968.0 MB
[runlim] sample:		3439.8 time, 3440.7 real, 1486.4 MB
[runlim] sample:		3449.8 time, 3450.7 real, 1271.0 MB
[runlim] sample:		3459.8 time, 3460.7 real, 1136.6 MB
[runlim] sample:		3469.8 time, 3470.7 real, 1136.6 MB
[runlim] sample:		3479.8 time, 3480.7 real, 1049.4 MB
c	Solving duration: 566245 ms
c	Answer: 
s SAT (w = 104)
c	Solution check:
p calculated antibandwidth = 104.
c
c
c Antibandwidth problem with w = 105 ( O-impcol_d.mtx.rnd ):
c Initializing CaDiCaL (version 1.2.1).
c	Configuring CaDiCaL as --sat (1).
c Initializing a DuplexNSC encoder with n = 425.
c Encoding starts with w = 105:
c	Labels and Vertices aux var: 34000
c	Labels and Vertices constraints:  415650
c	Obj k aux var: 309825
c	Obj k constraints: 2858149
c	Obj k glue staircase constraints: 1611624
c	Encoding duration: 0s
c	Number of clauses: 3274011
c	Number of irredundant clauses: 3272750
c	Number of variables: 524450
c SAT Solving starts:
[runlim] sample:		3489.8 time, 3490.7 real, 857.6 MB
[runlim] sample:		3499.8 time, 3500.7 real, 868.9 MB
[runlim] sample:		3509.8 time, 3510.7 real, 887.3 MB
[runlim] sample:		3519.8 time, 3520.7 real, 938.0 MB
[runlim] sample:		3529.8 time, 3530.7 real, 862.4 MB
[runlim] sample:		3539.8 time, 3540.7 real, 873.0 MB
[runlim] sample:		3549.8 time, 3550.7 real, 864.9 MB
[runlim] sample:		3559.8 time, 3560.7 real, 864.1 MB
[runlim] sample:		3569.8 time, 3570.7 real, 885.3 MB
[runlim] sample:		3579.8 time, 3580.7 real, 863.5 MB
[runlim] sample:		3589.8 time, 3590.7 real, 865.2 MB
c Signal interruption.
[runlim] end:			Tue Aug 20 19:57:09 2024
[runlim] status:		out of time
[runlim] result:		2
[runlim] children:		0
[runlim] real:			3600.07 seconds
[runlim] time:			3599.07 seconds
[runlim] space:			2234.0 MB
[runlim] samples:		35993
