[runlim] version:		1.10
[runlim] time limit:		3600 seconds
[runlim] real time limit:	3600 seconds
[runlim] space limit:		30000 MB
[runlim] argv[0]:		/home/truongxuanhieu/AntiBandwidthReconstruct/build/abw_enc_symbreak_min_node
[runlim] argv[1]:		/home/truongxuanhieu/AntiBandwidthReconstruct/build/Benchmarks/K-dwt__234.mtx.rnd
[runlim] argv[2]:		--duplexNSC
[runlim] start:			Wed Aug 21 08:41:47 2024
[runlim] main pid:		2748
[runlim] log captured:
c DuplexEncoder 0.8.
c Solving strategy: from LB to UB.
c LB-w = 46 (LB in Sinnl - A note on computational approaches for the antibandwidth problem).
c UB-w = 58 (UB in Sinnl - A note on computational approaches for the antibandwidth problem).
c Antibandwidth problem with w = 46 ( K-dwt__234.mtx.rnd ):
c Initializing CaDiCaL (version 1.2.1).
c	Configuring CaDiCaL as --sat (1).
c Initializing a DuplexNSC encoder with n = 117.
c Encoding starts with w = 46:
c	Labels and Vertices aux var: 4680
c	Labels and Vertices constraints:  34515
c	Obj k aux var: 18486
c	Obj k constraints: 123021
c	Obj k glue staircase constraints: 45684
c	Encoding duration: 0s
c	Number of clauses: 157594
c	Number of irredundant clauses: 157264
c	Number of variables: 36855
c SAT Solving starts:
[runlim] sample:		10.0 time, 11.0 real, 84.4 MB
[runlim] sample:		20.0 time, 21.0 real, 151.1 MB
c	Solving duration: 22556 ms
c	Answer: 
s SAT (w = 46)
c	Solution check:
p calculated antibandwidth = 46.
c
c
c Antibandwidth problem with w = 47 ( K-dwt__234.mtx.rnd ):
c Initializing CaDiCaL (version 1.2.1).
c	Configuring CaDiCaL as --sat (1).
c Initializing a DuplexNSC encoder with n = 117.
c Encoding starts with w = 47:
c	Labels and Vertices aux var: 4680
c	Labels and Vertices constraints:  34515
c	Obj k aux var: 18603
c	Obj k constraints: 122607
c	Obj k glue staircase constraints: 45036
c	Encoding duration: 0s
c	Number of clauses: 157180
c	Number of irredundant clauses: 156848
c	Number of variables: 36972
c SAT Solving starts:
[runlim] sample:		30.0 time, 31.0 real, 129.2 MB
[runlim] sample:		40.0 time, 41.0 real, 177.2 MB
[runlim] sample:		50.0 time, 51.0 real, 170.7 MB
[runlim] sample:		60.0 time, 61.0 real, 129.2 MB
[runlim] sample:		70.0 time, 71.0 real, 129.2 MB
[runlim] sample:		80.0 time, 81.0 real, 129.2 MB
[runlim] sample:		90.0 time, 91.0 real, 129.2 MB
[runlim] sample:		100.0 time, 101.0 real, 129.2 MB
[runlim] sample:		110.0 time, 111.0 real, 129.2 MB
[runlim] sample:		120.0 time, 121.0 real, 146.5 MB
[runlim] sample:		130.0 time, 131.0 real, 114.6 MB
[runlim] sample:		140.0 time, 141.0 real, 137.6 MB
[runlim] sample:		150.0 time, 151.0 real, 202.5 MB
[runlim] sample:		160.0 time, 161.0 real, 173.2 MB
[runlim] sample:		170.0 time, 171.0 real, 154.2 MB
[runlim] sample:		180.0 time, 181.0 real, 187.4 MB
[runlim] sample:		190.0 time, 191.0 real, 279.5 MB
[runlim] sample:		200.0 time, 201.0 real, 276.1 MB
c	Solving duration: 182521 ms
c	Answer: 
s SAT (w = 47)
c	Solution check:
p calculated antibandwidth = 47.
c
c
c Antibandwidth problem with w = 48 ( K-dwt__234.mtx.rnd ):
c Initializing CaDiCaL (version 1.2.1).
c	Configuring CaDiCaL as --sat (1).
c Initializing a DuplexNSC encoder with n = 117.
c Encoding starts with w = 48:
c	Labels and Vertices aux var: 4680
c	Labels and Vertices constraints:  34515
c	Obj k aux var: 18720
c	Obj k constraints: 122193
c	Obj k glue staircase constraints: 44388
c	Encoding duration: 0s
c	Number of clauses: 156766
c	Number of irredundant clauses: 156432
c	Number of variables: 37089
c SAT Solving starts:
[runlim] sample:		210.0 time, 211.0 real, 163.9 MB
[runlim] sample:		220.0 time, 221.0 real, 163.9 MB
[runlim] sample:		230.0 time, 231.0 real, 207.6 MB
[runlim] sample:		240.0 time, 241.0 real, 208.6 MB
[runlim] sample:		250.0 time, 251.0 real, 163.9 MB
[runlim] sample:		260.0 time, 261.0 real, 163.9 MB
[runlim] sample:		270.0 time, 271.0 real, 163.9 MB
[runlim] sample:		280.0 time, 281.0 real, 198.6 MB
[runlim] sample:		290.0 time, 291.0 real, 163.9 MB
[runlim] sample:		300.0 time, 301.0 real, 196.4 MB
[runlim] sample:		310.0 time, 311.0 real, 227.9 MB
[runlim] sample:		320.0 time, 321.0 real, 229.7 MB
[runlim] sample:		330.0 time, 331.0 real, 252.0 MB
[runlim] sample:		340.0 time, 341.0 real, 283.5 MB
[runlim] sample:		350.0 time, 351.0 real, 327.1 MB
[runlim] sample:		360.0 time, 361.0 real, 278.1 MB
[runlim] sample:		370.0 time, 371.0 real, 350.0 MB
[runlim] sample:		380.0 time, 381.0 real, 397.8 MB
[runlim] sample:		390.0 time, 391.0 real, 280.7 MB
[runlim] sample:		400.0 time, 401.0 real, 334.8 MB
[runlim] sample:		410.0 time, 411.0 real, 248.3 MB
c	Solving duration: 205998 ms
c	Answer: 
s SAT (w = 48)
c	Solution check:
p calculated antibandwidth = 48.
c
c
c Antibandwidth problem with w = 49 ( K-dwt__234.mtx.rnd ):
c Initializing CaDiCaL (version 1.2.1).
c	Configuring CaDiCaL as --sat (1).
c Initializing a DuplexNSC encoder with n = 117.
c Encoding starts with w = 49:
c	Labels and Vertices aux var: 4680
c	Labels and Vertices constraints:  34515
c	Obj k aux var: 18837
c	Obj k constraints: 121779
c	Obj k glue staircase constraints: 43740
c	Encoding duration: 0s
c	Number of clauses: 156352
c	Number of irredundant clauses: 156016
c	Number of variables: 37206
c SAT Solving starts:
[runlim] sample:		420.0 time, 421.0 real, 209.6 MB
[runlim] sample:		430.0 time, 431.0 real, 209.6 MB
[runlim] sample:		439.9 time, 441.0 real, 209.6 MB
[runlim] sample:		449.9 time, 451.0 real, 269.6 MB
[runlim] sample:		460.0 time, 461.0 real, 277.5 MB
[runlim] sample:		470.0 time, 471.0 real, 281.8 MB
[runlim] sample:		479.9 time, 481.0 real, 242.3 MB
[runlim] sample:		489.9 time, 491.0 real, 295.8 MB
[runlim] sample:		500.0 time, 501.0 real, 301.7 MB
[runlim] sample:		509.9 time, 511.0 real, 279.7 MB
[runlim] sample:		520.0 time, 521.0 real, 298.0 MB
[runlim] sample:		530.0 time, 531.0 real, 266.5 MB
[runlim] sample:		540.0 time, 541.0 real, 358.1 MB
[runlim] sample:		550.0 time, 551.0 real, 300.6 MB
[runlim] sample:		560.0 time, 561.0 real, 308.0 MB
[runlim] sample:		570.0 time, 571.0 real, 325.6 MB
[runlim] sample:		580.0 time, 581.0 real, 347.5 MB
[runlim] sample:		590.0 time, 591.0 real, 355.9 MB
[runlim] sample:		600.0 time, 601.0 real, 501.8 MB
[runlim] sample:		610.0 time, 611.0 real, 314.1 MB
[runlim] sample:		619.9 time, 621.0 real, 338.3 MB
[runlim] sample:		630.0 time, 631.0 real, 251.6 MB
[runlim] sample:		639.9 time, 641.0 real, 278.0 MB
[runlim] sample:		650.0 time, 651.0 real, 293.8 MB
[runlim] sample:		659.9 time, 661.0 real, 348.7 MB
[runlim] sample:		670.0 time, 671.0 real, 295.7 MB
[runlim] sample:		680.0 time, 681.0 real, 209.8 MB
[runlim] sample:		690.0 time, 691.0 real, 305.6 MB
[runlim] sample:		700.0 time, 701.0 real, 352.3 MB
[runlim] sample:		710.0 time, 711.0 real, 309.3 MB
[runlim] sample:		720.0 time, 721.0 real, 226.9 MB
[runlim] sample:		730.0 time, 731.0 real, 227.0 MB
[runlim] sample:		739.9 time, 741.0 real, 284.7 MB
[runlim] sample:		749.9 time, 751.0 real, 295.9 MB
[runlim] sample:		759.9 time, 761.0 real, 292.8 MB
[runlim] sample:		770.0 time, 771.0 real, 262.6 MB
[runlim] sample:		779.9 time, 781.0 real, 203.3 MB
[runlim] sample:		790.0 time, 791.0 real, 211.0 MB
[runlim] sample:		799.9 time, 801.0 real, 231.1 MB
[runlim] sample:		809.9 time, 811.0 real, 210.9 MB
[runlim] sample:		819.9 time, 821.0 real, 205.6 MB
[runlim] sample:		829.9 time, 831.0 real, 211.7 MB
[runlim] sample:		839.9 time, 841.0 real, 203.2 MB
[runlim] sample:		849.9 time, 851.0 real, 215.6 MB
[runlim] sample:		859.9 time, 861.0 real, 243.8 MB
[runlim] sample:		869.9 time, 871.0 real, 241.4 MB
[runlim] sample:		879.9 time, 881.0 real, 215.7 MB
[runlim] sample:		889.9 time, 891.0 real, 275.1 MB
[runlim] sample:		899.9 time, 901.0 real, 246.3 MB
[runlim] sample:		909.9 time, 911.0 real, 203.0 MB
[runlim] sample:		919.9 time, 921.0 real, 227.0 MB
[runlim] sample:		929.9 time, 931.0 real, 197.6 MB
[runlim] sample:		939.9 time, 941.0 real, 195.8 MB
[runlim] sample:		949.9 time, 951.0 real, 203.3 MB
[runlim] sample:		959.9 time, 961.0 real, 202.0 MB
[runlim] sample:		969.9 time, 971.0 real, 199.6 MB
[runlim] sample:		979.9 time, 981.0 real, 197.7 MB
[runlim] sample:		989.9 time, 991.0 real, 203.8 MB
[runlim] sample:		999.9 time, 1001.0 real, 203.8 MB
[runlim] sample:		1009.9 time, 1011.0 real, 236.8 MB
[runlim] sample:		1019.9 time, 1021.0 real, 245.8 MB
[runlim] sample:		1029.9 time, 1031.0 real, 238.1 MB
[runlim] sample:		1039.9 time, 1041.0 real, 203.8 MB
[runlim] sample:		1049.9 time, 1051.0 real, 249.6 MB
[runlim] sample:		1059.9 time, 1061.0 real, 259.5 MB
[runlim] sample:		1069.9 time, 1071.0 real, 256.3 MB
[runlim] sample:		1079.9 time, 1081.0 real, 305.6 MB
[runlim] sample:		1089.9 time, 1091.0 real, 256.5 MB
c	Solving duration: 679180 ms
c	Answer: 
s SAT (w = 49)
c	Solution check:
p calculated antibandwidth = 49.
c
c
c Antibandwidth problem with w = 50 ( K-dwt__234.mtx.rnd ):
c Initializing CaDiCaL (version 1.2.1).
c	Configuring CaDiCaL as --sat (1).
c Initializing a DuplexNSC encoder with n = 117.
c Encoding starts with w = 50:
c	Labels and Vertices aux var: 4680
c	Labels and Vertices constraints:  34515
c	Obj k aux var: 18954
c	Obj k constraints: 121365
c	Obj k glue staircase constraints: 43092
c	Encoding duration: 0s
c	Number of clauses: 155938
c	Number of irredundant clauses: 155600
c	Number of variables: 37323
c SAT Solving starts:
[runlim] sample:		1099.9 time, 1101.0 real, 203.8 MB
[runlim] sample:		1109.9 time, 1111.0 real, 203.8 MB
[runlim] sample:		1119.9 time, 1121.0 real, 203.8 MB
[runlim] sample:		1129.9 time, 1131.0 real, 203.8 MB
[runlim] sample:		1139.9 time, 1141.0 real, 203.8 MB
[runlim] sample:		1149.9 time, 1151.0 real, 265.8 MB
[runlim] sample:		1159.9 time, 1161.0 real, 296.0 MB
[runlim] sample:		1169.9 time, 1171.0 real, 353.3 MB
[runlim] sample:		1179.9 time, 1181.0 real, 273.8 MB
[runlim] sample:		1189.9 time, 1191.0 real, 205.5 MB
[runlim] sample:		1199.9 time, 1201.0 real, 212.5 MB
[runlim] sample:		1209.9 time, 1211.0 real, 214.5 MB
[runlim] sample:		1219.9 time, 1221.0 real, 232.8 MB
[runlim] sample:		1229.9 time, 1231.0 real, 201.2 MB
[runlim] sample:		1239.9 time, 1241.0 real, 202.5 MB
[runlim] sample:		1249.9 time, 1251.0 real, 220.3 MB
[runlim] sample:		1259.9 time, 1261.0 real, 200.0 MB
[runlim] sample:		1269.9 time, 1271.0 real, 200.2 MB
[runlim] sample:		1279.9 time, 1281.0 real, 200.2 MB
[runlim] sample:		1289.9 time, 1291.0 real, 197.3 MB
[runlim] sample:		1299.9 time, 1301.0 real, 200.9 MB
[runlim] sample:		1309.9 time, 1311.0 real, 194.6 MB
[runlim] sample:		1319.9 time, 1321.0 real, 197.0 MB
[runlim] sample:		1329.9 time, 1331.0 real, 211.0 MB
[runlim] sample:		1339.9 time, 1341.0 real, 202.8 MB
[runlim] sample:		1349.9 time, 1351.0 real, 240.1 MB
[runlim] sample:		1359.9 time, 1361.0 real, 240.1 MB
[runlim] sample:		1369.9 time, 1371.0 real, 240.1 MB
[runlim] sample:		1379.9 time, 1381.0 real, 240.1 MB
[runlim] sample:		1389.9 time, 1391.0 real, 240.1 MB
[runlim] sample:		1399.9 time, 1401.0 real, 242.4 MB
[runlim] sample:		1409.9 time, 1411.0 real, 202.6 MB
[runlim] sample:		1419.9 time, 1421.0 real, 248.6 MB
[runlim] sample:		1429.9 time, 1431.0 real, 443.9 MB
[runlim] sample:		1439.9 time, 1441.0 real, 554.1 MB
[runlim] sample:		1449.9 time, 1451.0 real, 554.1 MB
[runlim] sample:		1459.9 time, 1461.0 real, 515.4 MB
[runlim] sample:		1469.9 time, 1471.0 real, 544.4 MB
[runlim] sample:		1479.9 time, 1481.0 real, 526.4 MB
[runlim] sample:		1489.9 time, 1491.0 real, 458.8 MB
[runlim] sample:		1499.9 time, 1501.0 real, 458.8 MB
[runlim] sample:		1509.9 time, 1511.0 real, 319.3 MB
[runlim] sample:		1519.9 time, 1521.0 real, 282.3 MB
[runlim] sample:		1529.9 time, 1531.0 real, 319.7 MB
[runlim] sample:		1539.9 time, 1541.0 real, 638.0 MB
[runlim] sample:		1549.9 time, 1551.0 real, 475.2 MB
[runlim] sample:		1559.9 time, 1561.0 real, 443.0 MB
[runlim] sample:		1569.9 time, 1571.0 real, 429.4 MB
[runlim] sample:		1579.9 time, 1581.0 real, 431.6 MB
[runlim] sample:		1589.9 time, 1591.0 real, 427.5 MB
[runlim] sample:		1599.9 time, 1601.0 real, 439.0 MB
[runlim] sample:		1609.9 time, 1611.0 real, 310.1 MB
[runlim] sample:		1619.9 time, 1621.0 real, 307.4 MB
[runlim] sample:		1629.9 time, 1631.0 real, 319.9 MB
[runlim] sample:		1639.9 time, 1641.0 real, 315.0 MB
[runlim] sample:		1649.9 time, 1651.0 real, 272.8 MB
[runlim] sample:		1659.9 time, 1661.0 real, 313.2 MB
[runlim] sample:		1669.9 time, 1671.0 real, 322.6 MB
[runlim] sample:		1679.9 time, 1681.0 real, 334.7 MB
[runlim] sample:		1689.9 time, 1691.0 real, 325.4 MB
[runlim] sample:		1699.9 time, 1701.0 real, 329.4 MB
[runlim] sample:		1709.9 time, 1711.0 real, 429.5 MB
[runlim] sample:		1719.9 time, 1721.0 real, 417.9 MB
[runlim] sample:		1729.9 time, 1731.0 real, 456.9 MB
[runlim] sample:		1739.9 time, 1741.0 real, 456.9 MB
[runlim] sample:		1749.9 time, 1751.0 real, 534.7 MB
[runlim] sample:		1759.9 time, 1761.0 real, 474.0 MB
[runlim] sample:		1769.9 time, 1771.0 real, 476.8 MB
[runlim] sample:		1779.9 time, 1781.0 real, 491.2 MB
[runlim] sample:		1789.9 time, 1791.0 real, 346.1 MB
[runlim] sample:		1799.9 time, 1801.0 real, 355.9 MB
[runlim] sample:		1809.9 time, 1811.0 real, 299.3 MB
[runlim] sample:		1819.9 time, 1821.0 real, 299.5 MB
[runlim] sample:		1829.9 time, 1831.0 real, 299.5 MB
[runlim] sample:		1839.9 time, 1841.0 real, 352.7 MB
[runlim] sample:		1849.9 time, 1851.0 real, 299.6 MB
[runlim] sample:		1859.9 time, 1861.0 real, 355.1 MB
[runlim] sample:		1869.9 time, 1871.0 real, 299.6 MB
[runlim] sample:		1879.9 time, 1881.0 real, 358.8 MB
[runlim] sample:		1889.9 time, 1891.0 real, 299.6 MB
[runlim] sample:		1899.9 time, 1901.0 real, 371.0 MB
[runlim] sample:		1909.9 time, 1911.0 real, 371.0 MB
[runlim] sample:		1919.9 time, 1921.0 real, 384.9 MB
[runlim] sample:		1929.9 time, 1931.0 real, 299.6 MB
[runlim] sample:		1939.9 time, 1941.0 real, 299.6 MB
[runlim] sample:		1949.9 time, 1951.0 real, 374.0 MB
[runlim] sample:		1959.9 time, 1961.0 real, 299.6 MB
[runlim] sample:		1969.9 time, 1971.0 real, 374.0 MB
[runlim] sample:		1979.9 time, 1981.0 real, 390.9 MB
[runlim] sample:		1989.9 time, 1991.0 real, 299.6 MB
[runlim] sample:		1999.9 time, 2001.0 real, 354.5 MB
[runlim] sample:		2009.9 time, 2011.0 real, 299.6 MB
[runlim] sample:		2019.9 time, 2021.0 real, 299.6 MB
[runlim] sample:		2029.9 time, 2031.0 real, 360.0 MB
[runlim] sample:		2039.9 time, 2041.0 real, 299.6 MB
[runlim] sample:		2049.9 time, 2051.0 real, 372.3 MB
[runlim] sample:		2059.9 time, 2061.0 real, 299.6 MB
[runlim] sample:		2069.9 time, 2071.0 real, 299.6 MB
[runlim] sample:		2079.9 time, 2081.0 real, 379.9 MB
[runlim] sample:		2089.9 time, 2091.0 real, 396.3 MB
[runlim] sample:		2099.9 time, 2101.0 real, 299.6 MB
[runlim] sample:		2109.9 time, 2111.0 real, 299.6 MB
[runlim] sample:		2119.9 time, 2121.0 real, 314.3 MB
[runlim] sample:		2129.9 time, 2131.0 real, 526.7 MB
[runlim] sample:		2139.9 time, 2141.0 real, 606.7 MB
[runlim] sample:		2149.9 time, 2151.0 real, 606.8 MB
[runlim] sample:		2159.9 time, 2161.0 real, 533.9 MB
[runlim] sample:		2169.9 time, 2171.0 real, 534.1 MB
[runlim] sample:		2179.9 time, 2181.0 real, 529.0 MB
[runlim] sample:		2189.9 time, 2191.0 real, 507.1 MB
[runlim] sample:		2199.9 time, 2201.0 real, 366.0 MB
[runlim] sample:		2209.9 time, 2211.0 real, 518.0 MB
[runlim] sample:		2219.9 time, 2221.0 real, 404.0 MB
[runlim] sample:		2229.9 time, 2231.0 real, 404.0 MB
[runlim] sample:		2239.9 time, 2241.0 real, 341.9 MB
[runlim] sample:		2249.9 time, 2251.0 real, 341.1 MB
[runlim] sample:		2259.9 time, 2261.0 real, 346.5 MB
[runlim] sample:		2269.9 time, 2271.0 real, 346.5 MB
[runlim] sample:		2279.9 time, 2281.0 real, 395.8 MB
[runlim] sample:		2289.9 time, 2291.0 real, 394.2 MB
[runlim] sample:		2299.9 time, 2301.0 real, 376.6 MB
[runlim] sample:		2309.9 time, 2311.0 real, 370.2 MB
[runlim] sample:		2319.9 time, 2321.0 real, 370.2 MB
[runlim] sample:		2329.9 time, 2331.0 real, 342.3 MB
[runlim] sample:		2339.9 time, 2341.0 real, 352.5 MB
[runlim] sample:		2349.9 time, 2351.0 real, 363.0 MB
[runlim] sample:		2359.9 time, 2361.0 real, 358.0 MB
[runlim] sample:		2369.9 time, 2371.0 real, 358.0 MB
[runlim] sample:		2379.9 time, 2381.0 real, 355.6 MB
[runlim] sample:		2389.9 time, 2391.0 real, 373.8 MB
[runlim] sample:		2399.9 time, 2401.0 real, 373.8 MB
[runlim] sample:		2409.9 time, 2411.0 real, 364.9 MB
[runlim] sample:		2419.9 time, 2421.0 real, 469.1 MB
[runlim] sample:		2429.9 time, 2431.0 real, 443.2 MB
[runlim] sample:		2439.9 time, 2441.0 real, 443.2 MB
[runlim] sample:		2449.9 time, 2451.0 real, 372.2 MB
[runlim] sample:		2459.9 time, 2461.0 real, 375.0 MB
[runlim] sample:		2469.9 time, 2471.0 real, 389.9 MB
[runlim] sample:		2479.9 time, 2481.0 real, 392.3 MB
[runlim] sample:		2489.9 time, 2491.0 real, 450.9 MB
[runlim] sample:		2499.9 time, 2501.0 real, 450.9 MB
[runlim] sample:		2509.9 time, 2511.0 real, 569.4 MB
[runlim] sample:		2519.9 time, 2521.0 real, 861.0 MB
[runlim] sample:		2529.9 time, 2531.0 real, 861.0 MB
[runlim] sample:		2539.9 time, 2541.0 real, 398.3 MB
[runlim] sample:		2549.9 time, 2551.0 real, 443.8 MB
[runlim] sample:		2559.9 time, 2561.0 real, 398.5 MB
[runlim] sample:		2569.9 time, 2571.0 real, 451.5 MB
[runlim] sample:		2579.9 time, 2581.0 real, 398.5 MB
[runlim] sample:		2589.9 time, 2591.0 real, 446.7 MB
[runlim] sample:		2599.9 time, 2601.0 real, 398.5 MB
[runlim] sample:		2609.9 time, 2611.0 real, 398.6 MB
[runlim] sample:		2619.9 time, 2621.0 real, 398.6 MB
[runlim] sample:		2629.9 time, 2631.0 real, 398.6 MB
[runlim] sample:		2639.9 time, 2641.0 real, 398.6 MB
[runlim] sample:		2649.9 time, 2651.0 real, 451.5 MB
[runlim] sample:		2659.9 time, 2661.0 real, 398.6 MB
[runlim] sample:		2669.9 time, 2671.0 real, 479.9 MB
[runlim] sample:		2679.9 time, 2681.0 real, 479.9 MB
[runlim] sample:		2689.9 time, 2691.0 real, 398.6 MB
[runlim] sample:		2699.9 time, 2701.0 real, 313.0 MB
[runlim] sample:		2709.9 time, 2711.0 real, 357.7 MB
[runlim] sample:		2719.9 time, 2721.0 real, 357.7 MB
[runlim] sample:		2729.9 time, 2731.0 real, 313.0 MB
[runlim] sample:		2739.9 time, 2741.0 real, 548.4 MB
[runlim] sample:		2749.9 time, 2751.0 real, 549.0 MB
[runlim] sample:		2759.8 time, 2761.0 real, 646.7 MB
[runlim] sample:		2769.9 time, 2771.0 real, 872.0 MB
[runlim] sample:		2779.9 time, 2781.0 real, 872.0 MB
[runlim] sample:		2789.8 time, 2791.0 real, 873.5 MB
[runlim] sample:		2799.8 time, 2801.0 real, 815.6 MB
[runlim] sample:		2809.8 time, 2811.0 real, 815.6 MB
[runlim] sample:		2819.8 time, 2821.0 real, 829.3 MB
[runlim] sample:		2829.8 time, 2831.0 real, 962.3 MB
[runlim] sample:		2839.8 time, 2841.0 real, 1044.1 MB
[runlim] sample:		2849.8 time, 2851.0 real, 1044.7 MB
[runlim] sample:		2859.8 time, 2861.0 real, 981.2 MB
[runlim] sample:		2869.8 time, 2871.0 real, 1012.2 MB
[runlim] sample:		2879.8 time, 2881.0 real, 1156.0 MB
[runlim] sample:		2889.8 time, 2891.0 real, 1156.0 MB
[runlim] sample:		2899.8 time, 2901.0 real, 1156.0 MB
[runlim] sample:		2909.8 time, 2911.0 real, 1032.4 MB
[runlim] sample:		2919.8 time, 2921.0 real, 1032.4 MB
[runlim] sample:		2929.8 time, 2931.0 real, 1032.4 MB
[runlim] sample:		2939.8 time, 2941.0 real, 978.7 MB
[runlim] sample:		2949.8 time, 2951.0 real, 978.7 MB
[runlim] sample:		2959.8 time, 2961.0 real, 934.5 MB
[runlim] sample:		2969.8 time, 2971.0 real, 934.5 MB
[runlim] sample:		2979.8 time, 2981.0 real, 934.5 MB
[runlim] sample:		2989.8 time, 2991.0 real, 1185.0 MB
[runlim] sample:		2999.8 time, 3001.0 real, 1185.0 MB
[runlim] sample:		3009.8 time, 3011.0 real, 1185.0 MB
[runlim] sample:		3019.8 time, 3021.0 real, 1146.5 MB
[runlim] sample:		3029.8 time, 3031.0 real, 1146.5 MB
[runlim] sample:		3039.8 time, 3041.0 real, 761.9 MB
[runlim] sample:		3049.8 time, 3051.0 real, 761.9 MB
[runlim] sample:		3059.8 time, 3061.0 real, 592.2 MB
[runlim] sample:		3069.8 time, 3071.0 real, 547.2 MB
[runlim] sample:		3079.8 time, 3081.0 real, 547.2 MB
[runlim] sample:		3089.8 time, 3091.0 real, 556.9 MB
[runlim] sample:		3099.8 time, 3101.0 real, 546.9 MB
[runlim] sample:		3109.8 time, 3111.0 real, 546.9 MB
[runlim] sample:		3119.8 time, 3121.0 real, 556.3 MB
[runlim] sample:		3129.8 time, 3131.0 real, 556.3 MB
[runlim] sample:		3139.8 time, 3141.0 real, 556.3 MB
[runlim] sample:		3149.8 time, 3151.0 real, 580.5 MB
[runlim] sample:		3159.8 time, 3161.0 real, 584.4 MB
[runlim] sample:		3169.8 time, 3171.0 real, 584.4 MB
[runlim] sample:		3179.8 time, 3181.0 real, 584.4 MB
[runlim] sample:		3189.8 time, 3191.0 real, 593.2 MB
[runlim] sample:		3199.8 time, 3201.0 real, 593.2 MB
[runlim] sample:		3209.8 time, 3211.0 real, 593.2 MB
[runlim] sample:		3219.8 time, 3221.0 real, 597.4 MB
[runlim] sample:		3229.8 time, 3231.0 real, 597.4 MB
[runlim] sample:		3239.8 time, 3241.0 real, 597.4 MB
[runlim] sample:		3249.8 time, 3251.0 real, 597.4 MB
[runlim] sample:		3259.8 time, 3261.0 real, 594.0 MB
[runlim] sample:		3269.8 time, 3271.0 real, 594.0 MB
[runlim] sample:		3279.8 time, 3281.0 real, 594.0 MB
[runlim] sample:		3289.8 time, 3291.0 real, 589.6 MB
[runlim] sample:		3299.8 time, 3301.0 real, 589.6 MB
[runlim] sample:		3309.8 time, 3311.0 real, 560.6 MB
[runlim] sample:		3319.8 time, 3321.0 real, 560.6 MB
[runlim] sample:		3329.8 time, 3331.0 real, 557.1 MB
[runlim] sample:		3339.8 time, 3341.0 real, 557.1 MB
[runlim] sample:		3349.8 time, 3351.0 real, 551.0 MB
[runlim] sample:		3359.8 time, 3361.0 real, 551.0 MB
[runlim] sample:		3369.8 time, 3371.0 real, 551.0 MB
[runlim] sample:		3379.8 time, 3381.0 real, 563.7 MB
[runlim] sample:		3389.8 time, 3391.0 real, 563.7 MB
[runlim] sample:		3399.8 time, 3401.0 real, 655.8 MB
[runlim] sample:		3409.8 time, 3411.0 real, 655.8 MB
[runlim] sample:		3419.8 time, 3421.0 real, 655.8 MB
[runlim] sample:		3429.8 time, 3431.0 real, 661.9 MB
[runlim] sample:		3439.8 time, 3441.0 real, 552.1 MB
[runlim] sample:		3449.8 time, 3451.0 real, 552.1 MB
[runlim] sample:		3459.8 time, 3461.0 real, 596.9 MB
[runlim] sample:		3469.8 time, 3471.0 real, 596.9 MB
[runlim] sample:		3479.8 time, 3481.0 real, 596.9 MB
[runlim] sample:		3489.8 time, 3491.0 real, 654.8 MB
[runlim] sample:		3499.8 time, 3501.0 real, 654.8 MB
[runlim] sample:		3509.8 time, 3511.0 real, 548.2 MB
[runlim] sample:		3519.8 time, 3521.0 real, 527.6 MB
[runlim] sample:		3529.8 time, 3531.0 real, 527.6 MB
[runlim] sample:		3539.8 time, 3541.0 real, 555.7 MB
[runlim] sample:		3549.8 time, 3551.0 real, 555.7 MB
[runlim] sample:		3559.8 time, 3561.0 real, 580.2 MB
[runlim] sample:		3569.8 time, 3571.0 real, 580.2 MB
[runlim] sample:		3579.8 time, 3581.0 real, 580.2 MB
[runlim] sample:		3589.8 time, 3591.0 real, 714.6 MB
c Signal interruption.
[runlim] end:			Wed Aug 21 09:41:47 2024
[runlim] status:		out of time
[runlim] result:		2
[runlim] children:		0
[runlim] real:			3600.10 seconds
[runlim] time:			3598.92 seconds
[runlim] space:			1686.1 MB
[runlim] samples:		35991
