[runlim] version:		1.10
[runlim] time limit:		3600 seconds
[runlim] real time limit:	3600 seconds
[runlim] space limit:		30000 MB
[runlim] argv[0]:		/home/truongxuanhieu/AntiBandwidthReconstruct/build/abw_enc_symbreak_min_node
[runlim] argv[1]:		/home/truongxuanhieu/AntiBandwidthReconstruct/build/BenchmarksAdd/R-dwt__503.mtx.rnd
[runlim] argv[2]:		--duplexNSC
[runlim] start:			Thu Aug 22 00:46:04 2024
[runlim] main pid:		6133
[runlim] log captured:
c DuplexEncoder 0.8.
c Solving strategy: from LB to UB.
c LB-w = 46 (LB in Sinnl - A note on computational approaches for the antibandwidth problem).
c UB-w = 71 (UB in Sinnl - A note on computational approaches for the antibandwidth problem).
c Antibandwidth problem with w = 46 ( R-dwt__503.mtx.rnd ):
c Initializing CaDiCaL (version 1.2.1).
c	Configuring CaDiCaL as --sat (1).
c Initializing a DuplexNSC encoder with n = 503.
c Encoding starts with w = 46:
c	Labels and Vertices aux var: 43258
c	Labels and Vertices constraints:  597564
c	Obj k aux var: 446664
c	Obj k constraints: 6803517
c	Obj k glue staircase constraints: 4977124
c	Encoding duration: 2s
c	Number of clauses: 7401332
c	Number of irredundant clauses: 7399738
c	Number of variables: 742931
c SAT Solving starts:
c	Solving duration: 4101 ms
c	Answer: 
s SAT (w = 46)
c	Solution check:
p calculated antibandwidth = 46.
c
c
c Antibandwidth problem with w = 47 ( R-dwt__503.mtx.rnd ):
c Initializing CaDiCaL (version 1.2.1).
c	Configuring CaDiCaL as --sat (1).
c Initializing a DuplexNSC encoder with n = 503.
c Encoding starts with w = 47:
c	Labels and Vertices aux var: 43258
c	Labels and Vertices constraints:  597564
c	Obj k aux var: 451191
c	Obj k constraints: 6805547
c	Obj k glue staircase constraints: 4966076
c	Encoding duration: 1s
c	Number of clauses: 7403362
c	Number of irredundant clauses: 7401758
c	Number of variables: 747458
c SAT Solving starts:
[runlim] sample:		10.0 time, 10.1 real, 825.8 MB
c	Solving duration: 2351 ms
c	Answer: 
s SAT (w = 47)
c	Solution check:
p calculated antibandwidth = 47.
c
c
c Antibandwidth problem with w = 48 ( R-dwt__503.mtx.rnd ):
c Initializing CaDiCaL (version 1.2.1).
c	Configuring CaDiCaL as --sat (1).
c Initializing a DuplexNSC encoder with n = 503.
c Encoding starts with w = 48:
c	Labels and Vertices aux var: 43258
c	Labels and Vertices constraints:  597564
c	Obj k aux var: 455718
c	Obj k constraints: 6807577
c	Obj k glue staircase constraints: 4955028
c	Encoding duration: 2s
c	Number of clauses: 7405392
c	Number of irredundant clauses: 7403778
c	Number of variables: 751985
c SAT Solving starts:
c	Solving duration: 4849 ms
c	Answer: 
s SAT (w = 48)
c	Solution check:
p calculated antibandwidth = 48.
c
c
c Antibandwidth problem with w = 49 ( R-dwt__503.mtx.rnd ):
c Initializing CaDiCaL (version 1.2.1).
c	Configuring CaDiCaL as --sat (1).
c Initializing a DuplexNSC encoder with n = 503.
c Encoding starts with w = 49:
[runlim] sample:		20.0 time, 20.1 real, 822.5 MB
c	Labels and Vertices aux var: 43258
c	Labels and Vertices constraints:  597564
c	Obj k aux var: 460245
c	Obj k constraints: 6809607
c	Obj k glue staircase constraints: 4943980
c	Encoding duration: 2s
c	Number of clauses: 7407422
c	Number of irredundant clauses: 7405798
c	Number of variables: 756512
c SAT Solving starts:
c	Solving duration: 5893 ms
c	Answer: 
s SAT (w = 49)
c	Solution check:
p calculated antibandwidth = 49.
c
c
c Antibandwidth problem with w = 50 ( R-dwt__503.mtx.rnd ):
c Initializing CaDiCaL (version 1.2.1).
c	Configuring CaDiCaL as --sat (1).
c Initializing a DuplexNSC encoder with n = 503.
c Encoding starts with w = 50:
c	Labels and Vertices aux var: 43258
c	Labels and Vertices constraints:  597564
c	Obj k aux var: 464772
c	Obj k constraints: 6811637
c	Obj k glue staircase constraints: 4932932
c	Encoding duration: 1s
c	Number of clauses: 7409452
c	Number of irredundant clauses: 7407818
c	Number of variables: 761039
c SAT Solving starts:
[runlim] sample:		30.0 time, 30.1 real, 848.6 MB
c	Solving duration: 4278 ms
c	Answer: 
s SAT (w = 50)
c	Solution check:
p calculated antibandwidth = 50.
c
c
c Antibandwidth problem with w = 51 ( R-dwt__503.mtx.rnd ):
c Initializing CaDiCaL (version 1.2.1).
c	Configuring CaDiCaL as --sat (1).
c Initializing a DuplexNSC encoder with n = 503.
c Encoding starts with w = 51:
c	Labels and Vertices aux var: 43258
c	Labels and Vertices constraints:  592534
c	Obj k aux var: 445155
c	Obj k constraints: 6749018
c	Obj k glue staircase constraints: 4930170
c	Encoding duration: 1s
c	Number of clauses: 7341803
c	Number of irredundant clauses: 7340210
c	Number of variables: 741422
c SAT Solving starts:
[runlim] sample:		40.0 time, 40.1 real, 1019.8 MB
c	Solving duration: 4632 ms
c	Answer: 
s SAT (w = 51)
c	Solution check:
p calculated antibandwidth = 51.
c
c
c Antibandwidth problem with w = 52 ( R-dwt__503.mtx.rnd ):
c Initializing CaDiCaL (version 1.2.1).
c	Configuring CaDiCaL as --sat (1).
c Initializing a DuplexNSC encoder with n = 503.
c Encoding starts with w = 52:
c	Labels and Vertices aux var: 43258
c	Labels and Vertices constraints:  592534
c	Obj k aux var: 449179
c	Obj k constraints: 6749539
c	Obj k glue staircase constraints: 4919122
c	Encoding duration: 1s
c	Number of clauses: 7342324
c	Number of irredundant clauses: 7340722
c	Number of variables: 745446
c SAT Solving starts:
[runlim] sample:		50.0 time, 50.1 real, 1007.0 MB
c	Solving duration: 10965 ms
c	Answer: 
s SAT (w = 52)
c	Solution check:
p calculated antibandwidth = 52.
c
c
c Antibandwidth problem with w = 53 ( R-dwt__503.mtx.rnd ):
c Initializing CaDiCaL (version 1.2.1).
c	Configuring CaDiCaL as --sat (1).
c Initializing a DuplexNSC encoder with n = 503.
c Encoding starts with w = 53:
c	Labels and Vertices aux var: 43258
c	Labels and Vertices constraints:  592534
c	Obj k aux var: 453203
c	Obj k constraints: 6750060
c	Obj k glue staircase constraints: 4908074
c	Encoding duration: 1s
c	Number of clauses: 7342845
c	Number of irredundant clauses: 7341234
c	Number of variables: 749470
c SAT Solving starts:
[runlim] sample:		60.0 time, 60.1 real, 1007.0 MB
c	Solving duration: 5740 ms
c	Answer: 
s SAT (w = 53)
c	Solution check:
p calculated antibandwidth = 53.
c
c
c Antibandwidth problem with w = 54 ( R-dwt__503.mtx.rnd ):
c Initializing CaDiCaL (version 1.2.1).
c	Configuring CaDiCaL as --sat (1).
c Initializing a DuplexNSC encoder with n = 503.
c Encoding starts with w = 54:
c	Labels and Vertices aux var: 43258
c	Labels and Vertices constraints:  592534
c	Obj k aux var: 457227
c	Obj k constraints: 6750581
c	Obj k glue staircase constraints: 4897026
c	Encoding duration: 1s
c	Number of clauses: 7343366
c	Number of irredundant clauses: 7341746
c	Number of variables: 753494
c SAT Solving starts:
[runlim] sample:		70.0 time, 70.1 real, 1009.5 MB
c	Solving duration: 12918 ms
c	Answer: 
s SAT (w = 54)
c	Solution check:
p calculated antibandwidth = 54.
c
c
c Antibandwidth problem with w = 55 ( R-dwt__503.mtx.rnd ):
c Initializing CaDiCaL (version 1.2.1).
c	Configuring CaDiCaL as --sat (1).
c Initializing a DuplexNSC encoder with n = 503.
c Encoding starts with w = 55:
c	Labels and Vertices aux var: 43258
c	Labels and Vertices constraints:  592534
c	Obj k aux var: 461251
c	Obj k constraints: 6751102
c	Obj k glue staircase constraints: 4885978
c	Encoding duration: 1s
c	Number of clauses: 7343887
c	Number of irredundant clauses: 7342258
c	Number of variables: 757518
c SAT Solving starts:
[runlim] sample:		80.0 time, 80.1 real, 856.6 MB
[runlim] sample:		90.0 time, 90.1 real, 1029.3 MB
c	Solving duration: 12979 ms
c	Answer: 
s SAT (w = 55)
c	Solution check:
p calculated antibandwidth = 55.
c
c
c Antibandwidth problem with w = 56 ( R-dwt__503.mtx.rnd ):
c Initializing CaDiCaL (version 1.2.1).
c	Configuring CaDiCaL as --sat (1).
c Initializing a DuplexNSC encoder with n = 503.
c Encoding starts with w = 56:
c	Labels and Vertices aux var: 43258
c	Labels and Vertices constraints:  588007
c	Obj k aux var: 438616
c	Obj k constraints: 6679429
c	Obj k glue staircase constraints: 4883216
c	Encoding duration: 1s
c	Number of clauses: 7267687
c	Number of irredundant clauses: 7266120
c	Number of variables: 734883
c SAT Solving starts:
[runlim] sample:		100.0 time, 100.1 real, 1025.7 MB
c	Solving duration: 12975 ms
c	Answer: 
s SAT (w = 56)
c	Solution check:
p calculated antibandwidth = 56.
c
c
c Antibandwidth problem with w = 57 ( R-dwt__503.mtx.rnd ):
c Initializing CaDiCaL (version 1.2.1).
c	Configuring CaDiCaL as --sat (1).
c Initializing a DuplexNSC encoder with n = 503.
c Encoding starts with w = 57:
c	Labels and Vertices aux var: 43258
c	Labels and Vertices constraints:  588007
c	Obj k aux var: 442137
c	Obj k constraints: 6678441
c	Obj k glue staircase constraints: 4872168
c	Encoding duration: 1s
c	Number of clauses: 7266699
c	Number of irredundant clauses: 7265138
c	Number of variables: 738404
c SAT Solving starts:
[runlim] sample:		110.0 time, 110.1 real, 857.3 MB
[runlim] sample:		120.0 time, 120.1 real, 1022.9 MB
c	Solving duration: 11353 ms
c	Answer: 
s SAT (w = 57)
c	Solution check:
p calculated antibandwidth = 57.
c
c
c Antibandwidth problem with w = 58 ( R-dwt__503.mtx.rnd ):
c Initializing CaDiCaL (version 1.2.1).
c	Configuring CaDiCaL as --sat (1).
c Initializing a DuplexNSC encoder with n = 503.
c Encoding starts with w = 58:
c	Labels and Vertices aux var: 43258
c	Labels and Vertices constraints:  588007
c	Obj k aux var: 445658
c	Obj k constraints: 6677453
c	Obj k glue staircase constraints: 4861120
c	Encoding duration: 1s
c	Number of clauses: 7265711
c	Number of irredundant clauses: 7264142
c	Number of variables: 741925
c SAT Solving starts:
[runlim] sample:		130.0 time, 130.1 real, 1023.4 MB
[runlim] sample:		140.0 time, 140.1 real, 1009.9 MB
[runlim] sample:		150.0 time, 150.1 real, 1026.1 MB
[runlim] sample:		160.0 time, 160.1 real, 1009.3 MB
[runlim] sample:		170.0 time, 170.1 real, 984.6 MB
[runlim] sample:		180.0 time, 180.1 real, 1025.8 MB
[runlim] sample:		190.0 time, 190.1 real, 1212.2 MB
[runlim] sample:		200.0 time, 200.1 real, 1026.7 MB
[runlim] sample:		210.0 time, 210.1 real, 1035.7 MB
[runlim] sample:		220.0 time, 220.1 real, 1035.7 MB
[runlim] sample:		230.0 time, 230.1 real, 1141.1 MB
[runlim] sample:		240.0 time, 240.1 real, 1008.0 MB
[runlim] sample:		250.0 time, 250.1 real, 1028.7 MB
c	Solving duration: 136166 ms
c	Answer: 
s SAT (w = 58)
c	Solution check:
p calculated antibandwidth = 58.
c
c
c Antibandwidth problem with w = 59 ( R-dwt__503.mtx.rnd ):
c Initializing CaDiCaL (version 1.2.1).
c	Configuring CaDiCaL as --sat (1).
c Initializing a DuplexNSC encoder with n = 503.
c Encoding starts with w = 59:
[runlim] sample:		260.0 time, 260.1 real, 795.1 MB
c	Labels and Vertices aux var: 43258
c	Labels and Vertices constraints:  588007
c	Obj k aux var: 449179
c	Obj k constraints: 6676465
c	Obj k glue staircase constraints: 4850072
c	Encoding duration: 1s
c	Number of clauses: 7264723
c	Number of irredundant clauses: 7263146
c	Number of variables: 745446
c SAT Solving starts:
[runlim] sample:		270.0 time, 270.1 real, 986.2 MB
[runlim] sample:		280.0 time, 280.1 real, 1046.0 MB
[runlim] sample:		290.0 time, 290.1 real, 1021.0 MB
[runlim] sample:		300.0 time, 300.1 real, 1011.4 MB
[runlim] sample:		310.0 time, 310.1 real, 1027.7 MB
[runlim] sample:		320.0 time, 320.1 real, 1027.0 MB
[runlim] sample:		330.0 time, 330.1 real, 1026.2 MB
[runlim] sample:		340.0 time, 340.1 real, 1026.0 MB
[runlim] sample:		350.0 time, 350.1 real, 1033.0 MB
[runlim] sample:		360.0 time, 360.1 real, 1012.0 MB
[runlim] sample:		370.0 time, 370.1 real, 1018.4 MB
[runlim] sample:		379.9 time, 380.1 real, 976.5 MB
[runlim] sample:		389.9 time, 390.1 real, 1211.7 MB
[runlim] sample:		399.9 time, 400.1 real, 1034.2 MB
[runlim] sample:		409.9 time, 410.1 real, 1042.8 MB
[runlim] sample:		419.9 time, 420.1 real, 1040.9 MB
[runlim] sample:		429.9 time, 430.1 real, 1040.8 MB
[runlim] sample:		439.9 time, 440.1 real, 1032.8 MB
[runlim] sample:		449.9 time, 450.1 real, 1035.8 MB
[runlim] sample:		459.9 time, 460.1 real, 1033.5 MB
[runlim] sample:		469.9 time, 470.1 real, 1033.5 MB
[runlim] sample:		479.9 time, 480.1 real, 1037.0 MB
[runlim] sample:		489.9 time, 490.1 real, 1049.0 MB
[runlim] sample:		499.9 time, 500.1 real, 1049.0 MB
[runlim] sample:		509.9 time, 510.1 real, 1033.9 MB
c	Solving duration: 258210 ms
c	Answer: 
s SAT (w = 59)
c	Solution check:
p calculated antibandwidth = 59.
c
c
c Antibandwidth problem with w = 60 ( R-dwt__503.mtx.rnd ):
c Initializing CaDiCaL (version 1.2.1).
c	Configuring CaDiCaL as --sat (1).
c Initializing a DuplexNSC encoder with n = 503.
c Encoding starts with w = 60:
[runlim] sample:		519.9 time, 520.1 real, 759.4 MB
c	Labels and Vertices aux var: 43258
c	Labels and Vertices constraints:  588007
c	Obj k aux var: 452700
c	Obj k constraints: 6675477
c	Obj k glue staircase constraints: 4839024
c	Encoding duration: 1s
c	Number of clauses: 7263735
c	Number of irredundant clauses: 7262150
c	Number of variables: 748967
c SAT Solving starts:
[runlim] sample:		529.9 time, 530.1 real, 1021.1 MB
[runlim] sample:		539.9 time, 540.1 real, 1037.2 MB
[runlim] sample:		549.9 time, 550.1 real, 1020.6 MB
[runlim] sample:		559.9 time, 560.1 real, 1025.6 MB
[runlim] sample:		569.9 time, 570.1 real, 1026.8 MB
[runlim] sample:		579.9 time, 580.1 real, 1257.5 MB
[runlim] sample:		589.9 time, 590.1 real, 1029.8 MB
[runlim] sample:		599.9 time, 600.1 real, 1033.3 MB
[runlim] sample:		609.9 time, 610.1 real, 1033.8 MB
[runlim] sample:		619.9 time, 620.1 real, 1036.8 MB
[runlim] sample:		629.9 time, 630.1 real, 1039.5 MB
[runlim] sample:		639.9 time, 640.1 real, 1040.1 MB
[runlim] sample:		649.9 time, 650.1 real, 992.9 MB
[runlim] sample:		659.9 time, 660.1 real, 1039.7 MB
[runlim] sample:		669.9 time, 670.1 real, 1036.4 MB
[runlim] sample:		679.9 time, 680.1 real, 988.9 MB
[runlim] sample:		689.9 time, 690.1 real, 991.8 MB
[runlim] sample:		699.9 time, 700.1 real, 996.7 MB
[runlim] sample:		709.9 time, 710.1 real, 1050.1 MB
[runlim] sample:		719.9 time, 720.1 real, 1079.7 MB
[runlim] sample:		729.9 time, 730.1 real, 1006.6 MB
[runlim] sample:		739.9 time, 740.1 real, 1014.4 MB
[runlim] sample:		749.9 time, 750.1 real, 1235.5 MB
c	Solving duration: 232121 ms
c	Answer: 
s SAT (w = 60)
c	Solution check:
p calculated antibandwidth = 60.
c
c
c Antibandwidth problem with w = 61 ( R-dwt__503.mtx.rnd ):
c Initializing CaDiCaL (version 1.2.1).
c	Configuring CaDiCaL as --sat (1).
c Initializing a DuplexNSC encoder with n = 503.
c Encoding starts with w = 61:
c	Labels and Vertices aux var: 43258
c	Labels and Vertices constraints:  588007
c	Obj k aux var: 456221
c	Obj k constraints: 6674489
c	Obj k glue staircase constraints: 4827976
c	Encoding duration: 1s
c	Number of clauses: 7262747
c	Number of irredundant clauses: 7261154
c	Number of variables: 752488
c SAT Solving starts:
[runlim] sample:		759.9 time, 760.1 real, 988.8 MB
[runlim] sample:		769.9 time, 770.1 real, 1204.3 MB
[runlim] sample:		779.9 time, 780.1 real, 1027.6 MB
[runlim] sample:		789.9 time, 790.1 real, 1074.9 MB
[runlim] sample:		799.9 time, 800.1 real, 1077.5 MB
[runlim] sample:		809.9 time, 810.1 real, 1038.2 MB
[runlim] sample:		819.9 time, 820.1 real, 1038.0 MB
[runlim] sample:		829.9 time, 830.1 real, 1038.5 MB
[runlim] sample:		839.9 time, 840.1 real, 1040.9 MB
[runlim] sample:		849.9 time, 850.1 real, 1040.9 MB
[runlim] sample:		859.9 time, 860.1 real, 1080.7 MB
[runlim] sample:		869.9 time, 870.1 real, 1085.6 MB
[runlim] sample:		879.9 time, 880.1 real, 1045.8 MB
[runlim] sample:		889.9 time, 890.1 real, 1084.1 MB
[runlim] sample:		899.9 time, 900.1 real, 1047.7 MB
[runlim] sample:		909.9 time, 910.1 real, 1047.7 MB
[runlim] sample:		919.9 time, 920.1 real, 1046.1 MB
[runlim] sample:		929.9 time, 930.1 real, 1039.5 MB
[runlim] sample:		939.9 time, 940.1 real, 1040.0 MB
[runlim] sample:		949.9 time, 950.1 real, 1228.7 MB
[runlim] sample:		959.9 time, 960.1 real, 1047.1 MB
[runlim] sample:		969.9 time, 970.1 real, 1005.2 MB
c	Solving duration: 222484 ms
c	Answer: 
s SAT (w = 61)
c	Solution check:
p calculated antibandwidth = 61.
c
c
c Antibandwidth problem with w = 62 ( R-dwt__503.mtx.rnd ):
c Initializing CaDiCaL (version 1.2.1).
c	Configuring CaDiCaL as --sat (1).
c Initializing a DuplexNSC encoder with n = 503.
c Encoding starts with w = 62:
[runlim] sample:		979.9 time, 980.1 real, 799.3 MB
c	Labels and Vertices aux var: 43258
c	Labels and Vertices constraints:  588007
c	Obj k aux var: 459742
c	Obj k constraints: 6673501
c	Obj k glue staircase constraints: 4816928
c	Encoding duration: 1s
c	Number of clauses: 7261759
c	Number of irredundant clauses: 7260158
c	Number of variables: 756009
c SAT Solving starts:
[runlim] sample:		989.9 time, 990.1 real, 1053.7 MB
[runlim] sample:		999.8 time, 1000.1 real, 1055.6 MB
[runlim] sample:		1009.9 time, 1010.1 real, 1066.2 MB
[runlim] sample:		1019.9 time, 1020.1 real, 1026.4 MB
[runlim] sample:		1029.8 time, 1030.1 real, 1073.0 MB
[runlim] sample:		1039.8 time, 1040.1 real, 1032.5 MB
[runlim] sample:		1049.8 time, 1050.1 real, 990.6 MB
[runlim] sample:		1059.8 time, 1060.1 real, 1028.3 MB
[runlim] sample:		1069.8 time, 1070.1 real, 1202.5 MB
[runlim] sample:		1079.8 time, 1080.1 real, 1034.8 MB
[runlim] sample:		1089.8 time, 1090.1 real, 1034.8 MB
[runlim] sample:		1099.8 time, 1100.1 real, 1034.8 MB
[runlim] sample:		1109.8 time, 1110.1 real, 1089.9 MB
[runlim] sample:		1119.8 time, 1120.1 real, 1080.7 MB
[runlim] sample:		1129.8 time, 1130.1 real, 1040.8 MB
[runlim] sample:		1139.8 time, 1140.1 real, 1041.6 MB
[runlim] sample:		1149.8 time, 1150.1 real, 1043.3 MB
[runlim] sample:		1159.8 time, 1160.1 real, 1083.1 MB
[runlim] sample:		1169.8 time, 1170.1 real, 1081.8 MB
[runlim] sample:		1179.8 time, 1180.1 real, 1082.3 MB
[runlim] sample:		1189.8 time, 1190.1 real, 1044.2 MB
[runlim] sample:		1199.8 time, 1200.1 real, 1113.9 MB
[runlim] sample:		1209.8 time, 1210.1 real, 997.1 MB
[runlim] sample:		1219.8 time, 1220.1 real, 997.8 MB
[runlim] sample:		1229.8 time, 1230.1 real, 1084.5 MB
[runlim] sample:		1239.8 time, 1240.1 real, 1044.6 MB
[runlim] sample:		1249.8 time, 1250.1 real, 1044.9 MB
[runlim] sample:		1259.8 time, 1260.1 real, 1044.6 MB
[runlim] sample:		1269.8 time, 1270.1 real, 1084.4 MB
[runlim] sample:		1279.8 time, 1280.1 real, 1046.7 MB
[runlim] sample:		1289.8 time, 1290.1 real, 1282.2 MB
[runlim] sample:		1299.8 time, 1300.1 real, 1048.0 MB
[runlim] sample:		1309.8 time, 1310.1 real, 1087.0 MB
[runlim] sample:		1319.8 time, 1320.1 real, 1047.2 MB
[runlim] sample:		1329.8 time, 1330.1 real, 1047.0 MB
[runlim] sample:		1339.8 time, 1340.1 real, 1050.4 MB
[runlim] sample:		1349.8 time, 1350.1 real, 1050.4 MB
[runlim] sample:		1359.8 time, 1360.1 real, 1046.8 MB
[runlim] sample:		1369.8 time, 1370.1 real, 1047.6 MB
[runlim] sample:		1379.8 time, 1380.1 real, 1047.6 MB
[runlim] sample:		1389.8 time, 1390.1 real, 1058.6 MB
[runlim] sample:		1399.8 time, 1400.1 real, 1255.7 MB
[runlim] sample:		1409.8 time, 1410.1 real, 1049.3 MB
[runlim] sample:		1419.8 time, 1420.1 real, 1057.6 MB
[runlim] sample:		1429.8 time, 1430.1 real, 1057.6 MB
[runlim] sample:		1439.8 time, 1440.1 real, 1041.0 MB
c	Solving duration: 466157 ms
c	Answer: 
s SAT (w = 62)
c	Solution check:
p calculated antibandwidth = 62.
c
c
c Antibandwidth problem with w = 63 ( R-dwt__503.mtx.rnd ):
c Initializing CaDiCaL (version 1.2.1).
c	Configuring CaDiCaL as --sat (1).
c Initializing a DuplexNSC encoder with n = 503.
c Encoding starts with w = 63:
c	Labels and Vertices aux var: 43258
c	Labels and Vertices constraints:  583983
c	Obj k aux var: 433083
c	Obj k constraints: 6589756
c	Obj k glue staircase constraints: 4814166
c	Encoding duration: 1s
c	Number of clauses: 7173990
c	Number of irredundant clauses: 7172445
c	Number of variables: 729350
c SAT Solving starts:
[runlim] sample:		1449.8 time, 1450.1 real, 819.4 MB
[runlim] sample:		1459.8 time, 1460.1 real, 1040.6 MB
[runlim] sample:		1469.8 time, 1470.1 real, 1219.7 MB
[runlim] sample:		1479.8 time, 1480.1 real, 1053.3 MB
[runlim] sample:		1489.8 time, 1490.1 real, 1052.9 MB
[runlim] sample:		1499.8 time, 1500.1 real, 1013.5 MB
[runlim] sample:		1509.8 time, 1510.1 real, 1053.6 MB
[runlim] sample:		1519.8 time, 1520.1 real, 1014.1 MB
[runlim] sample:		1529.8 time, 1530.1 real, 1014.1 MB
[runlim] sample:		1539.8 time, 1540.1 real, 1014.7 MB
[runlim] sample:		1549.8 time, 1550.1 real, 1060.7 MB
[runlim] sample:		1559.8 time, 1560.1 real, 1021.0 MB
[runlim] sample:		1569.8 time, 1570.1 real, 1021.6 MB
[runlim] sample:		1579.8 time, 1580.1 real, 1026.1 MB
[runlim] sample:		1589.8 time, 1590.1 real, 1029.0 MB
[runlim] sample:		1599.8 time, 1600.1 real, 1027.7 MB
[runlim] sample:		1609.8 time, 1610.1 real, 1155.8 MB
[runlim] sample:		1619.8 time, 1620.1 real, 979.8 MB
[runlim] sample:		1629.8 time, 1630.1 real, 979.8 MB
[runlim] sample:		1639.8 time, 1640.1 real, 1065.1 MB
[runlim] sample:		1649.8 time, 1650.1 real, 1066.0 MB
[runlim] sample:		1659.8 time, 1660.1 real, 1024.7 MB
[runlim] sample:		1669.8 time, 1670.1 real, 979.8 MB
[runlim] sample:		1679.8 time, 1680.1 real, 986.8 MB
[runlim] sample:		1689.8 time, 1690.1 real, 1006.6 MB
[runlim] sample:		1699.8 time, 1700.1 real, 1005.6 MB
[runlim] sample:		1709.8 time, 1710.1 real, 1015.0 MB
[runlim] sample:		1719.8 time, 1720.1 real, 1006.6 MB
[runlim] sample:		1729.8 time, 1730.1 real, 1031.1 MB
[runlim] sample:		1739.8 time, 1740.1 real, 1208.0 MB
[runlim] sample:		1749.8 time, 1750.1 real, 1017.2 MB
[runlim] sample:		1759.8 time, 1760.1 real, 1026.0 MB
[runlim] sample:		1769.8 time, 1770.1 real, 1026.0 MB
[runlim] sample:		1779.8 time, 1780.1 real, 1066.1 MB
[runlim] sample:		1789.8 time, 1790.1 real, 1203.5 MB
[runlim] sample:		1799.8 time, 1800.1 real, 1008.7 MB
[runlim] sample:		1809.8 time, 1810.1 real, 1024.5 MB
[runlim] sample:		1819.8 time, 1820.1 real, 1035.8 MB
[runlim] sample:		1829.8 time, 1830.1 real, 1012.2 MB
[runlim] sample:		1839.8 time, 1840.1 real, 988.7 MB
[runlim] sample:		1849.8 time, 1850.1 real, 987.7 MB
[runlim] sample:		1859.8 time, 1860.1 real, 984.1 MB
[runlim] sample:		1869.8 time, 1870.1 real, 1005.8 MB
[runlim] sample:		1879.8 time, 1880.1 real, 1023.9 MB
[runlim] sample:		1889.8 time, 1890.1 real, 1209.1 MB
[runlim] sample:		1899.8 time, 1900.1 real, 1026.3 MB
[runlim] sample:		1909.8 time, 1910.1 real, 1032.2 MB
[runlim] sample:		1919.8 time, 1920.1 real, 1028.8 MB
[runlim] sample:		1929.8 time, 1930.1 real, 1033.3 MB
[runlim] sample:		1939.8 time, 1940.1 real, 1010.9 MB
[runlim] sample:		1949.8 time, 1950.1 real, 1030.1 MB
[runlim] sample:		1959.8 time, 1960.1 real, 1038.6 MB
[runlim] sample:		1969.8 time, 1970.1 real, 1059.7 MB
[runlim] sample:		1979.8 time, 1980.1 real, 1055.7 MB
[runlim] sample:		1989.8 time, 1990.1 real, 1105.5 MB
[runlim] sample:		1999.8 time, 2000.1 real, 1232.5 MB
[runlim] sample:		2009.8 time, 2010.1 real, 1234.1 MB
[runlim] sample:		2019.8 time, 2020.1 real, 1130.4 MB
[runlim] sample:		2029.8 time, 2030.1 real, 1130.4 MB
[runlim] sample:		2039.7 time, 2040.1 real, 1130.1 MB
[runlim] sample:		2049.7 time, 2050.1 real, 1130.1 MB
[runlim] sample:		2059.8 time, 2060.1 real, 1133.7 MB
[runlim] sample:		2069.7 time, 2070.1 real, 1345.3 MB
[runlim] sample:		2079.7 time, 2080.1 real, 1142.6 MB
[runlim] sample:		2089.7 time, 2090.1 real, 1130.2 MB
[runlim] sample:		2099.7 time, 2100.1 real, 1339.1 MB
[runlim] sample:		2109.7 time, 2110.1 real, 1139.7 MB
[runlim] sample:		2119.7 time, 2120.1 real, 1127.9 MB
[runlim] sample:		2129.7 time, 2130.1 real, 1153.6 MB
[runlim] sample:		2139.7 time, 2140.1 real, 1153.6 MB
[runlim] sample:		2149.7 time, 2150.1 real, 1153.5 MB
[runlim] sample:		2159.7 time, 2160.1 real, 1128.9 MB
[runlim] sample:		2169.7 time, 2170.1 real, 1125.1 MB
[runlim] sample:		2179.7 time, 2180.1 real, 1126.2 MB
[runlim] sample:		2189.7 time, 2190.1 real, 1126.2 MB
[runlim] sample:		2199.7 time, 2200.1 real, 1131.9 MB
[runlim] sample:		2209.7 time, 2210.1 real, 1127.8 MB
[runlim] sample:		2219.7 time, 2220.1 real, 1127.7 MB
[runlim] sample:		2229.7 time, 2230.1 real, 1134.7 MB
[runlim] sample:		2239.7 time, 2240.1 real, 1134.7 MB
[runlim] sample:		2249.7 time, 2250.1 real, 1126.5 MB
[runlim] sample:		2259.7 time, 2260.1 real, 1126.5 MB
[runlim] sample:		2269.7 time, 2270.1 real, 1126.7 MB
[runlim] sample:		2279.7 time, 2280.1 real, 1126.7 MB
[runlim] sample:		2289.7 time, 2290.1 real, 1133.1 MB
[runlim] sample:		2299.7 time, 2300.1 real, 1135.2 MB
[runlim] sample:		2309.7 time, 2310.1 real, 1135.2 MB
[runlim] sample:		2319.7 time, 2320.1 real, 1136.5 MB
[runlim] sample:		2329.7 time, 2330.1 real, 1137.6 MB
[runlim] sample:		2339.7 time, 2340.1 real, 1337.6 MB
[runlim] sample:		2349.7 time, 2350.1 real, 1130.9 MB
[runlim] sample:		2359.7 time, 2360.1 real, 1139.9 MB
[runlim] sample:		2369.7 time, 2370.1 real, 1139.9 MB
[runlim] sample:		2379.7 time, 2380.1 real, 1143.3 MB
[runlim] sample:		2389.7 time, 2390.1 real, 1130.2 MB
[runlim] sample:		2399.7 time, 2400.1 real, 1134.1 MB
[runlim] sample:		2409.7 time, 2410.1 real, 1134.1 MB
[runlim] sample:		2419.7 time, 2420.1 real, 1131.0 MB
[runlim] sample:		2429.7 time, 2430.1 real, 1130.9 MB
[runlim] sample:		2439.7 time, 2440.1 real, 1144.0 MB
[runlim] sample:		2449.7 time, 2450.1 real, 1144.0 MB
[runlim] sample:		2459.7 time, 2460.1 real, 1144.0 MB
[runlim] sample:		2469.7 time, 2470.1 real, 1144.0 MB
[runlim] sample:		2479.7 time, 2480.1 real, 1141.0 MB
[runlim] sample:		2489.7 time, 2490.1 real, 1141.0 MB
[runlim] sample:		2499.7 time, 2500.1 real, 1342.7 MB
[runlim] sample:		2509.7 time, 2510.1 real, 1135.4 MB
[runlim] sample:		2519.7 time, 2520.1 real, 1129.9 MB
c	Solving duration: 1071841 ms
c	Answer: 
s SAT (w = 63)
c	Solution check:
p calculated antibandwidth = 63.
c
c
c Antibandwidth problem with w = 64 ( R-dwt__503.mtx.rnd ):
c Initializing CaDiCaL (version 1.2.1).
c	Configuring CaDiCaL as --sat (1).
c Initializing a DuplexNSC encoder with n = 503.
c Encoding starts with w = 64:
c	Labels and Vertices aux var: 43258
c	Labels and Vertices constraints:  583983
c	Obj k aux var: 436101
c	Obj k constraints: 6587259
c	Obj k glue staircase constraints: 4803118
c	Encoding duration: 1s
c	Number of clauses: 7171493
c	Number of irredundant clauses: 7169940
c	Number of variables: 732368
c SAT Solving starts:
[runlim] sample:		2529.7 time, 2530.1 real, 1023.5 MB
[runlim] sample:		2539.7 time, 2540.1 real, 1059.3 MB
[runlim] sample:		2549.7 time, 2550.1 real, 1059.2 MB
[runlim] sample:		2559.7 time, 2560.1 real, 1059.0 MB
[runlim] sample:		2569.7 time, 2570.1 real, 1059.7 MB
[runlim] sample:		2579.7 time, 2580.1 real, 1059.5 MB
[runlim] sample:		2589.7 time, 2590.1 real, 1064.4 MB
[runlim] sample:		2599.7 time, 2600.1 real, 1031.6 MB
[runlim] sample:		2609.7 time, 2610.1 real, 1213.4 MB
[runlim] sample:		2619.7 time, 2620.1 real, 1038.4 MB
[runlim] sample:		2629.7 time, 2630.1 real, 1066.0 MB
[runlim] sample:		2639.7 time, 2640.1 real, 1070.7 MB
[runlim] sample:		2649.7 time, 2650.1 real, 1073.2 MB
[runlim] sample:		2659.7 time, 2660.1 real, 1033.4 MB
[runlim] sample:		2669.7 time, 2670.1 real, 1032.2 MB
[runlim] sample:		2679.7 time, 2680.1 real, 1032.2 MB
[runlim] sample:		2689.7 time, 2690.1 real, 1033.5 MB
[runlim] sample:		2699.7 time, 2700.1 real, 1205.0 MB
[runlim] sample:		2709.7 time, 2710.1 real, 1074.5 MB
[runlim] sample:		2719.7 time, 2720.1 real, 1072.8 MB
[runlim] sample:		2729.7 time, 2730.1 real, 1039.2 MB
[runlim] sample:		2739.7 time, 2740.1 real, 992.1 MB
[runlim] sample:		2749.7 time, 2750.1 real, 987.6 MB
[runlim] sample:		2759.7 time, 2760.1 real, 1030.8 MB
[runlim] sample:		2769.7 time, 2770.1 real, 1029.9 MB
[runlim] sample:		2779.7 time, 2780.1 real, 1029.9 MB
[runlim] sample:		2789.7 time, 2790.1 real, 1032.6 MB
[runlim] sample:		2799.7 time, 2800.1 real, 1028.4 MB
[runlim] sample:		2809.7 time, 2810.1 real, 1025.9 MB
[runlim] sample:		2819.7 time, 2820.1 real, 1097.6 MB
[runlim] sample:		2829.7 time, 2830.1 real, 987.9 MB
[runlim] sample:		2839.7 time, 2840.1 real, 1027.3 MB
[runlim] sample:		2849.7 time, 2850.1 real, 1029.4 MB
[runlim] sample:		2859.7 time, 2860.1 real, 1111.3 MB
[runlim] sample:		2869.7 time, 2870.1 real, 1038.6 MB
[runlim] sample:		2879.6 time, 2880.1 real, 998.7 MB
[runlim] sample:		2889.7 time, 2890.1 real, 1178.2 MB
[runlim] sample:		2899.6 time, 2900.1 real, 1062.8 MB
[runlim] sample:		2909.6 time, 2910.1 real, 1023.0 MB
[runlim] sample:		2919.6 time, 2920.1 real, 1076.7 MB
[runlim] sample:		2929.6 time, 2930.1 real, 1031.2 MB
[runlim] sample:		2939.6 time, 2940.1 real, 1029.3 MB
[runlim] sample:		2949.6 time, 2950.1 real, 1069.1 MB
[runlim] sample:		2959.6 time, 2960.1 real, 1069.1 MB
[runlim] sample:		2969.6 time, 2970.1 real, 1071.4 MB
[runlim] sample:		2979.6 time, 2980.1 real, 1071.9 MB
[runlim] sample:		2989.6 time, 2990.1 real, 1119.4 MB
[runlim] sample:		2999.6 time, 3000.1 real, 1261.7 MB
[runlim] sample:		3009.6 time, 3010.1 real, 1122.5 MB
[runlim] sample:		3019.6 time, 3020.1 real, 1129.8 MB
[runlim] sample:		3029.6 time, 3030.1 real, 1136.4 MB
[runlim] sample:		3039.6 time, 3040.1 real, 1168.2 MB
[runlim] sample:		3049.6 time, 3050.1 real, 1138.0 MB
[runlim] sample:		3059.6 time, 3060.1 real, 1138.6 MB
[runlim] sample:		3069.6 time, 3070.1 real, 1138.6 MB
[runlim] sample:		3079.6 time, 3080.1 real, 1139.3 MB
[runlim] sample:		3089.6 time, 3090.1 real, 1139.3 MB
[runlim] sample:		3099.6 time, 3100.1 real, 1139.3 MB
[runlim] sample:		3109.6 time, 3110.1 real, 1141.6 MB
[runlim] sample:		3119.6 time, 3120.1 real, 1136.8 MB
[runlim] sample:		3129.6 time, 3130.1 real, 1136.8 MB
[runlim] sample:		3139.6 time, 3140.1 real, 1135.6 MB
[runlim] sample:		3149.6 time, 3150.1 real, 1134.6 MB
[runlim] sample:		3159.6 time, 3160.1 real, 1397.3 MB
[runlim] sample:		3169.6 time, 3170.1 real, 1141.4 MB
[runlim] sample:		3179.6 time, 3180.1 real, 1139.1 MB
[runlim] sample:		3189.6 time, 3190.1 real, 1149.1 MB
[runlim] sample:		3199.6 time, 3200.1 real, 1149.1 MB
[runlim] sample:		3209.6 time, 3210.1 real, 1175.1 MB
[runlim] sample:		3219.6 time, 3220.1 real, 1143.8 MB
[runlim] sample:		3229.6 time, 3230.1 real, 1143.8 MB
[runlim] sample:		3239.6 time, 3240.1 real, 1143.8 MB
[runlim] sample:		3249.6 time, 3250.1 real, 1162.9 MB
[runlim] sample:		3259.6 time, 3260.1 real, 1147.6 MB
[runlim] sample:		3269.6 time, 3270.1 real, 1147.6 MB
[runlim] sample:		3279.6 time, 3280.1 real, 1138.4 MB
[runlim] sample:		3289.6 time, 3290.1 real, 1331.0 MB
[runlim] sample:		3299.6 time, 3300.1 real, 1135.5 MB
[runlim] sample:		3309.6 time, 3310.1 real, 1150.1 MB
[runlim] sample:		3319.6 time, 3320.1 real, 1181.9 MB
[runlim] sample:		3329.6 time, 3330.1 real, 1181.9 MB
[runlim] sample:		3339.6 time, 3340.1 real, 1181.9 MB
[runlim] sample:		3349.6 time, 3350.1 real, 1169.6 MB
[runlim] sample:		3359.6 time, 3360.1 real, 1374.9 MB
[runlim] sample:		3369.6 time, 3370.1 real, 1175.9 MB
[runlim] sample:		3379.6 time, 3380.1 real, 1181.8 MB
[runlim] sample:		3389.6 time, 3390.1 real, 1181.8 MB
[runlim] sample:		3399.6 time, 3400.1 real, 1186.8 MB
[runlim] sample:		3409.6 time, 3410.1 real, 1186.8 MB
[runlim] sample:		3419.6 time, 3420.1 real, 1186.8 MB
[runlim] sample:		3429.6 time, 3430.1 real, 1230.7 MB
[runlim] sample:		3439.6 time, 3440.1 real, 1230.7 MB
[runlim] sample:		3449.6 time, 3450.1 real, 1191.4 MB
[runlim] sample:		3459.6 time, 3460.1 real, 1191.4 MB
[runlim] sample:		3469.6 time, 3470.1 real, 1165.3 MB
[runlim] sample:		3479.6 time, 3480.1 real, 1165.3 MB
[runlim] sample:		3489.6 time, 3490.1 real, 1168.5 MB
[runlim] sample:		3499.6 time, 3500.1 real, 1168.5 MB
[runlim] sample:		3509.6 time, 3510.1 real, 1166.4 MB
[runlim] sample:		3519.6 time, 3520.1 real, 1198.2 MB
[runlim] sample:		3529.6 time, 3530.1 real, 1151.2 MB
[runlim] sample:		3539.6 time, 3540.1 real, 1151.2 MB
[runlim] sample:		3549.6 time, 3550.1 real, 1183.4 MB
[runlim] sample:		3559.6 time, 3560.1 real, 1183.4 MB
[runlim] sample:		3569.6 time, 3570.1 real, 1183.4 MB
[runlim] sample:		3579.6 time, 3580.1 real, 1170.5 MB
[runlim] sample:		3589.6 time, 3590.1 real, 1202.3 MB
c Signal interruption.
[runlim] end:			Thu Aug 22 01:46:04 2024
[runlim] status:		out of time
[runlim] result:		2
[runlim] children:		0
[runlim] real:			3600.04 seconds
[runlim] time:			3599.47 seconds
[runlim] space:			1541.1 MB
[runlim] samples:		35999
