[runlim] version:		1.10
[runlim] time limit:		1800 seconds
[runlim] real time limit:	1800 seconds
[runlim] space limit:		30000 MB
[runlim] argv[0]:		/home/truongxuanhieu/AntiBandwidthReconstruct/build/abw_enc_symbreak_min_node_hybrid_NSC_binomial
[runlim] argv[1]:		/home/truongxuanhieu/AntiBandwidthReconstruct/build/BenchmarkR/R-dwt__503.mtx.rnd
[runlim] argv[2]:		--duplexNSC
[runlim] argv[3]:		-split-size
[runlim] argv[4]:		10
[runlim] start:			Wed Sep 25 03:47:41 2024
[runlim] main pid:		27638
[runlim] log captured:
c DuplexEncoder 0.8.
c Splitting clauses at length 10.
c Solving strategy: from LB to UB.
c LB-w = 46 (LB in Sinnl - A note on computational approaches for the antibandwidth problem).
c UB-w = 71 (UB in Sinnl - A note on computational approaches for the antibandwidth problem).
c Antibandwidth problem with w = 46 ( R-dwt__503.mtx.rnd ):
c Initializing CaDiCaL (version 1.2.1).
c	Configuring CaDiCaL as --sat (1).
c Initializing a DuplexNSC encoder with n = 503.
c Encoding starts with w = 46:
c	Labels and Vertices aux var: 43258
c	Labels and Vertices constraints:  597564
c	Obj k aux var: 446161
c	Obj k constraints: 6802511
c	Obj k glue staircase constraints: 4977124
c	Encoding duration: 2s
c	Number of clauses: 7428494
c	Number of irredundant clauses: 7426884
c	Number of variables: 770596
c SAT Solving starts:
c	Solving duration: 3659 ms
c	Answer: 
s SAT (w = 46)
AB is set to 254
Node 102 : 357
Node 437 : 103
AB is set to 46
Node 82 : 403
Node 102 : 357
c	Solution check:
p calculated antibandwidth = 46.
c
c
c Antibandwidth problem with w = 47 ( R-dwt__503.mtx.rnd ):
c Initializing CaDiCaL (version 1.2.1).
c	Configuring CaDiCaL as --sat (1).
c Initializing a DuplexNSC encoder with n = 503.
c Encoding starts with w = 47:
c	Labels and Vertices aux var: 43258
c	Labels and Vertices constraints:  597564
c	Obj k aux var: 445155
c	Obj k constraints: 6793475
c	Obj k glue staircase constraints: 4966076
c	Encoding duration: 1s
c	Number of clauses: 7419961
c	Number of irredundant clauses: 7418340
c	Number of variables: 770093
c SAT Solving starts:
[runlim] sample:		10.0 time, 10.3 real, 912.4 MB
c	Solving duration: 3664 ms
c	Answer: 
s SAT (w = 47)
AB is set to 351
Node 102 : 388
Node 437 : 37
AB is set to 51
Node 82 : 439
Node 102 : 388
AB is set to 47
Node 254 : 84
Node 437 : 37
c	Solution check:
p calculated antibandwidth = 47.
c
c
c Antibandwidth problem with w = 48 ( R-dwt__503.mtx.rnd ):
c Initializing CaDiCaL (version 1.2.1).
c	Configuring CaDiCaL as --sat (1).
c Initializing a DuplexNSC encoder with n = 503.
c Encoding starts with w = 48:
c	Labels and Vertices aux var: 43258
c	Labels and Vertices constraints:  597564
c	Obj k aux var: 444149
c	Obj k constraints: 6784439
c	Obj k glue staircase constraints: 4955028
c	Encoding duration: 1s
c	Number of clauses: 7411428
c	Number of irredundant clauses: 7409796
c	Number of variables: 769590
c SAT Solving starts:
c	Solving duration: 3972 ms
c	Answer: 
s SAT (w = 48)
AB is set to 304
Node 102 : 345
Node 437 : 41
AB is set to 54
Node 82 : 399
Node 102 : 345
AB is set to 48
Node 254 : 89
Node 437 : 41
c	Solution check:
p calculated antibandwidth = 48.
c
c
c Antibandwidth problem with w = 49 ( R-dwt__503.mtx.rnd ):
c Initializing CaDiCaL (version 1.2.1).
c	Configuring CaDiCaL as --sat (1).
c Initializing a DuplexNSC encoder with n = 503.
c Encoding starts with w = 49:
c	Labels and Vertices aux var: 43258
c	Labels and Vertices constraints:  597564
c	Obj k aux var: 443143
c	Obj k constraints: 6775403
c	Obj k glue staircase constraints: 4943980
c	Encoding duration: 1s
c	Number of clauses: 7402895
c	Number of irredundant clauses: 7401252
c	Number of variables: 769087
c SAT Solving starts:
[runlim] sample:		20.0 time, 20.3 real, 852.0 MB
c	Solving duration: 4420 ms
c	Answer: 
s SAT (w = 49)
AB is set to 61
Node 102 : 416
Node 437 : 355
AB is set to 50
Node 82 : 305
Node 437 : 355
AB is set to 49
Node 136 : 411
Node 157 : 362
c	Solution check:
p calculated antibandwidth = 49.
c
c
c Antibandwidth problem with w = 50 ( R-dwt__503.mtx.rnd ):
c Initializing CaDiCaL (version 1.2.1).
c	Configuring CaDiCaL as --sat (1).
c Initializing a DuplexNSC encoder with n = 503.
c Encoding starts with w = 50:
c	Labels and Vertices aux var: 43258
c	Labels and Vertices constraints:  597564
c	Obj k aux var: 442137
c	Obj k constraints: 6766367
c	Obj k glue staircase constraints: 4932932
c	Encoding duration: 1s
c	Number of clauses: 7394865
c	Number of irredundant clauses: 7393211
c	Number of variables: 769087
c SAT Solving starts:
[runlim] sample:		30.0 time, 30.3 real, 1023.6 MB
c	Solving duration: 3778 ms
c	Answer: 
s SAT (w = 50)
AB is set to 214
Node 102 : 316
Node 437 : 102
AB is set to 50
Node 82 : 366
Node 102 : 316
c	Solution check:
p calculated antibandwidth = 50.
c
c
c Antibandwidth problem with w = 51 ( R-dwt__503.mtx.rnd ):
c Initializing CaDiCaL (version 1.2.1).
c	Configuring CaDiCaL as --sat (1).
c Initializing a DuplexNSC encoder with n = 503.
c Encoding starts with w = 51:
c	Labels and Vertices aux var: 43258
c	Labels and Vertices constraints:  592534
c	Obj k aux var: 442640
c	Obj k constraints: 6743988
c	Obj k glue staircase constraints: 4930170
c	Encoding duration: 1s
c	Number of clauses: 7364438
c	Number of irredundant clauses: 7362829
c	Number of variables: 766572
c SAT Solving starts:
c	Solving duration: 4301 ms
c	Answer: 
s SAT (w = 51)
AB is set to 80
Node 102 : 420
Node 437 : 500
AB is set to 51
Node 82 : 369
Node 102 : 420
c	Solution check:
p calculated antibandwidth = 51.
c
c
c Antibandwidth problem with w = 52 ( R-dwt__503.mtx.rnd ):
c Initializing CaDiCaL (version 1.2.1).
c	Configuring CaDiCaL as --sat (1).
c Initializing a DuplexNSC encoder with n = 503.
c Encoding starts with w = 52:
c	Labels and Vertices aux var: 43258
c	Labels and Vertices constraints:  592534
c	Obj k aux var: 441634
c	Obj k constraints: 6734449
c	Obj k glue staircase constraints: 4919122
c	Encoding duration: 1s
c	Number of clauses: 7355402
c	Number of irredundant clauses: 7353783
c	Number of variables: 766069
c SAT Solving starts:
[runlim] sample:		40.0 time, 40.3 real, 852.0 MB
c	Solving duration: 10110 ms
c	Answer: 
s SAT (w = 52)
AB is set to 100
Node 102 : 357
Node 437 : 257
AB is set to 52
Node 82 : 409
Node 102 : 357
c	Solution check:
p calculated antibandwidth = 52.
c
c
c Antibandwidth problem with w = 53 ( R-dwt__503.mtx.rnd ):
c Initializing CaDiCaL (version 1.2.1).
c	Configuring CaDiCaL as --sat (1).
c Initializing a DuplexNSC encoder with n = 503.
c Encoding starts with w = 53:
[runlim] sample:		50.0 time, 50.3 real, 806.7 MB
c	Labels and Vertices aux var: 43258
c	Labels and Vertices constraints:  592534
c	Obj k aux var: 440628
c	Obj k constraints: 6724910
c	Obj k glue staircase constraints: 4908074
c	Encoding duration: 1s
c	Number of clauses: 7346366
c	Number of irredundant clauses: 7344737
c	Number of variables: 765566
c SAT Solving starts:
c	Solving duration: 4053 ms
c	Answer: 
s SAT (w = 53)
AB is set to 207
Node 102 : 362
Node 437 : 155
AB is set to 68
Node 82 : 430
Node 102 : 362
AB is set to 62
Node 385 : 93
Node 437 : 155
AB is set to 54
Node 157 : 339
Node 199 : 285
AB is set to 53
Node 251 : 185
Node 344 : 132
c	Solution check:
p calculated antibandwidth = 53.
c
c
c Antibandwidth problem with w = 54 ( R-dwt__503.mtx.rnd ):
c Initializing CaDiCaL (version 1.2.1).
c	Configuring CaDiCaL as --sat (1).
c Initializing a DuplexNSC encoder with n = 503.
c Encoding starts with w = 54:
c	Labels and Vertices aux var: 43258
c	Labels and Vertices constraints:  592534
c	Obj k aux var: 439622
c	Obj k constraints: 6715371
c	Obj k glue staircase constraints: 4897026
c	Encoding duration: 1s
c	Number of clauses: 7337833
c	Number of irredundant clauses: 7336193
c	Number of variables: 765566
c SAT Solving starts:
[runlim] sample:		60.0 time, 60.3 real, 1035.5 MB
c	Solving duration: 4030 ms
c	Answer: 
s SAT (w = 54)
AB is set to 163
Node 102 : 307
Node 437 : 144
AB is set to 55
Node 82 : 362
Node 102 : 307
AB is set to 54
Node 403 : 43
Node 474 : 97
c	Solution check:
p calculated antibandwidth = 54.
c
c
c Antibandwidth problem with w = 55 ( R-dwt__503.mtx.rnd ):
c Initializing CaDiCaL (version 1.2.1).
c	Configuring CaDiCaL as --sat (1).
c Initializing a DuplexNSC encoder with n = 503.
c Encoding starts with w = 55:
c	Labels and Vertices aux var: 43258
c	Labels and Vertices constraints:  592534
c	Obj k aux var: 438616
c	Obj k constraints: 6705832
c	Obj k glue staircase constraints: 4885978
c	Encoding duration: 1s
c	Number of clauses: 7328797
c	Number of irredundant clauses: 7327147
c	Number of variables: 765063
c SAT Solving starts:
[runlim] sample:		70.0 time, 70.3 real, 1036.5 MB
[runlim] sample:		80.0 time, 80.3 real, 1057.9 MB
c	Solving duration: 22619 ms
c	Answer: 
s SAT (w = 55)
AB is set to 128
Node 102 : 163
Node 437 : 291
AB is set to 71
Node 82 : 234
Node 102 : 163
AB is set to 62
Node 102 : 163
Node 385 : 101
AB is set to 57
Node 82 : 234
Node 437 : 291
AB is set to 56
Node 27 : 158
Node 445 : 214
AB is set to 55
Node 165 : 349
Node 245 : 294
c	Solution check:
p calculated antibandwidth = 55.
c
c
c Antibandwidth problem with w = 56 ( R-dwt__503.mtx.rnd ):
c Initializing CaDiCaL (version 1.2.1).
c	Configuring CaDiCaL as --sat (1).
c Initializing a DuplexNSC encoder with n = 503.
c Encoding starts with w = 56:
c	Labels and Vertices aux var: 43258
c	Labels and Vertices constraints:  588007
c	Obj k aux var: 438616
c	Obj k constraints: 6680435
c	Obj k glue staircase constraints: 4883216
c	Encoding duration: 1s
c	Number of clauses: 7296358
c	Number of irredundant clauses: 7293785
c	Number of variables: 762548
c SAT Solving starts:
[runlim] sample:		90.0 time, 90.3 real, 840.4 MB
c	Solving duration: 10586 ms
c	Answer: 
s SAT (w = 56)
AB is set to 301
Node 102 : 352
Node 437 : 51
AB is set to 60
Node 82 : 292
Node 102 : 352
AB is set to 56
Node 7 : 477
Node 17 : 421
c	Solution check:
p calculated antibandwidth = 56.
c
c
c Antibandwidth problem with w = 57 ( R-dwt__503.mtx.rnd ):
c Initializing CaDiCaL (version 1.2.1).
c	Configuring CaDiCaL as --sat (1).
c Initializing a DuplexNSC encoder with n = 503.
c Encoding starts with w = 57:
[runlim] sample:		100.0 time, 100.3 real, 795.6 MB
c	Labels and Vertices aux var: 43258
c	Labels and Vertices constraints:  588007
c	Obj k aux var: 438113
c	Obj k constraints: 6670393
c	Obj k glue staircase constraints: 4872168
c	Encoding duration: 1s
c	Number of clauses: 7286819
c	Number of irredundant clauses: 7285241
c	Number of variables: 762548
c SAT Solving starts:
[runlim] sample:		110.0 time, 110.3 real, 1024.8 MB
[runlim] sample:		120.0 time, 120.3 real, 1041.0 MB
[runlim] sample:		130.0 time, 130.3 real, 1035.9 MB
[runlim] sample:		140.0 time, 140.3 real, 1037.1 MB
[runlim] sample:		150.0 time, 150.3 real, 1037.4 MB
[runlim] sample:		160.0 time, 160.3 real, 1043.1 MB
[runlim] sample:		170.0 time, 170.3 real, 1045.2 MB
[runlim] sample:		180.0 time, 180.3 real, 1021.4 MB
[runlim] sample:		190.0 time, 190.3 real, 1021.3 MB
[runlim] sample:		200.0 time, 200.3 real, 1021.8 MB
[runlim] sample:		210.0 time, 210.3 real, 1212.6 MB
[runlim] sample:		220.0 time, 220.3 real, 1038.2 MB
c	Solving duration: 125421 ms
c	Answer: 
s SAT (w = 57)
AB is set to 57
Node 102 : 277
Node 437 : 220
c	Solution check:
p calculated antibandwidth = 57.
c
c
c Antibandwidth problem with w = 58 ( R-dwt__503.mtx.rnd ):
c Initializing CaDiCaL (version 1.2.1).
c	Configuring CaDiCaL as --sat (1).
c Initializing a DuplexNSC encoder with n = 503.
c Encoding starts with w = 58:
c	Labels and Vertices aux var: 43258
c	Labels and Vertices constraints:  588007
c	Obj k aux var: 437107
c	Obj k constraints: 6660351
c	Obj k glue staircase constraints: 4861120
c	Encoding duration: 1s
c	Number of clauses: 7277280
c	Number of irredundant clauses: 7275693
c	Number of variables: 762045
c SAT Solving starts:
[runlim] sample:		230.0 time, 230.3 real, 854.4 MB
[runlim] sample:		239.9 time, 240.3 real, 1202.4 MB
[runlim] sample:		249.9 time, 250.3 real, 1035.2 MB
c	Solving duration: 23507 ms
c	Answer: 
s SAT (w = 58)
AB is set to 347
Node 102 : 390
Node 437 : 43
AB is set to 58
Node 82 : 332
Node 102 : 390
c	Solution check:
p calculated antibandwidth = 58.
c
c
c Antibandwidth problem with w = 59 ( R-dwt__503.mtx.rnd ):
c Initializing CaDiCaL (version 1.2.1).
c	Configuring CaDiCaL as --sat (1).
c Initializing a DuplexNSC encoder with n = 503.
c Encoding starts with w = 59:
c	Labels and Vertices aux var: 43258
c	Labels and Vertices constraints:  588007
c	Obj k aux var: 436101
c	Obj k constraints: 6650309
c	Obj k glue staircase constraints: 4850072
c	Encoding duration: 1s
c	Number of clauses: 7267741
c	Number of irredundant clauses: 7266145
c	Number of variables: 761542
c SAT Solving starts:
[runlim] sample:		259.9 time, 260.3 real, 983.7 MB
[runlim] sample:		269.9 time, 270.3 real, 1025.5 MB
[runlim] sample:		279.9 time, 280.3 real, 1029.2 MB
[runlim] sample:		289.9 time, 290.3 real, 1030.5 MB
[runlim] sample:		299.9 time, 300.3 real, 1025.7 MB
[runlim] sample:		309.9 time, 310.3 real, 1034.0 MB
[runlim] sample:		319.9 time, 320.3 real, 1030.1 MB
[runlim] sample:		329.9 time, 330.3 real, 1031.2 MB
[runlim] sample:		339.9 time, 340.3 real, 1032.6 MB
[runlim] sample:		349.9 time, 350.3 real, 1031.5 MB
[runlim] sample:		359.9 time, 360.3 real, 1035.4 MB
[runlim] sample:		369.9 time, 370.3 real, 1023.3 MB
[runlim] sample:		379.9 time, 380.3 real, 1037.4 MB
[runlim] sample:		389.9 time, 390.3 real, 1343.5 MB
[runlim] sample:		399.9 time, 400.3 real, 1065.4 MB
[runlim] sample:		409.9 time, 410.3 real, 1041.1 MB
c	Solving duration: 159467 ms
c	Answer: 
s SAT (w = 59)
AB is set to 146
Node 102 : 110
Node 437 : 256
AB is set to 69
Node 102 : 110
Node 345 : 41
AB is set to 64
Node 136 : 226
Node 268 : 290
AB is set to 63
Node 45 : 32
Node 442 : 95
AB is set to 59
Node 7 : 451
Node 17 : 392
c	Solution check:
p calculated antibandwidth = 59.
c
c
c Antibandwidth problem with w = 60 ( R-dwt__503.mtx.rnd ):
c Initializing CaDiCaL (version 1.2.1).
c	Configuring CaDiCaL as --sat (1).
c Initializing a DuplexNSC encoder with n = 503.
c Encoding starts with w = 60:
c	Labels and Vertices aux var: 43258
c	Labels and Vertices constraints:  588007
c	Obj k aux var: 435095
c	Obj k constraints: 6640267
c	Obj k glue staircase constraints: 4839024
c	Encoding duration: 1s
c	Number of clauses: 7258202
c	Number of irredundant clauses: 7256597
c	Number of variables: 761039
c SAT Solving starts:
[runlim] sample:		419.9 time, 420.3 real, 1024.6 MB
[runlim] sample:		429.9 time, 430.3 real, 1021.6 MB
[runlim] sample:		439.9 time, 440.3 real, 1032.1 MB
[runlim] sample:		449.9 time, 450.3 real, 1027.8 MB
[runlim] sample:		459.9 time, 460.3 real, 1200.7 MB
[runlim] sample:		469.9 time, 470.3 real, 1026.3 MB
[runlim] sample:		479.9 time, 480.3 real, 1029.4 MB
[runlim] sample:		489.9 time, 490.3 real, 1033.4 MB
[runlim] sample:		499.9 time, 500.3 real, 1033.4 MB
[runlim] sample:		509.9 time, 510.3 real, 1033.7 MB
[runlim] sample:		519.9 time, 520.3 real, 993.8 MB
[runlim] sample:		529.9 time, 530.3 real, 1199.7 MB
[runlim] sample:		539.9 time, 540.3 real, 1026.2 MB
[runlim] sample:		549.9 time, 550.3 real, 1038.2 MB
[runlim] sample:		559.9 time, 560.3 real, 1042.3 MB
[runlim] sample:		569.9 time, 570.3 real, 1040.5 MB
[runlim] sample:		579.9 time, 580.3 real, 1056.4 MB
[runlim] sample:		589.9 time, 590.3 real, 1045.9 MB
[runlim] sample:		599.9 time, 600.3 real, 1043.6 MB
[runlim] sample:		609.9 time, 610.3 real, 1234.3 MB
[runlim] sample:		619.9 time, 620.3 real, 1048.8 MB
[runlim] sample:		629.9 time, 630.3 real, 1051.6 MB
[runlim] sample:		639.9 time, 640.3 real, 1050.8 MB
[runlim] sample:		649.9 time, 650.3 real, 1048.2 MB
c	Solving duration: 242594 ms
c	Answer: 
s SAT (w = 60)
AB is set to 60
Node 102 : 390
Node 437 : 330
c	Solution check:
p calculated antibandwidth = 60.
c
c
c Antibandwidth problem with w = 61 ( R-dwt__503.mtx.rnd ):
c Initializing CaDiCaL (version 1.2.1).
c	Configuring CaDiCaL as --sat (1).
c Initializing a DuplexNSC encoder with n = 503.
c Encoding starts with w = 61:
[runlim] sample:		659.9 time, 660.3 real, 852.9 MB
c	Labels and Vertices aux var: 43258
c	Labels and Vertices constraints:  588007
c	Obj k aux var: 434089
c	Obj k constraints: 6630225
c	Obj k glue staircase constraints: 4827976
c	Encoding duration: 1s
c	Number of clauses: 7248663
c	Number of irredundant clauses: 7247049
c	Number of variables: 760536
c SAT Solving starts:
[runlim] sample:		669.9 time, 670.3 real, 1016.8 MB
[runlim] sample:		679.9 time, 680.3 real, 1018.8 MB
[runlim] sample:		689.9 time, 690.3 real, 1208.9 MB
[runlim] sample:		699.9 time, 700.3 real, 1035.4 MB
[runlim] sample:		709.9 time, 710.3 real, 1213.2 MB
[runlim] sample:		719.9 time, 720.3 real, 1029.0 MB
[runlim] sample:		729.9 time, 730.3 real, 1032.7 MB
[runlim] sample:		739.9 time, 740.3 real, 1039.2 MB
[runlim] sample:		749.9 time, 750.3 real, 1039.2 MB
[runlim] sample:		759.9 time, 760.3 real, 1041.6 MB
[runlim] sample:		769.9 time, 770.3 real, 1223.9 MB
[runlim] sample:		779.9 time, 780.3 real, 1045.4 MB
[runlim] sample:		789.9 time, 790.3 real, 1044.1 MB
[runlim] sample:		799.9 time, 800.3 real, 1044.0 MB
[runlim] sample:		809.9 time, 810.3 real, 1042.3 MB
[runlim] sample:		819.9 time, 820.3 real, 1245.3 MB
[runlim] sample:		829.9 time, 830.3 real, 1029.3 MB
[runlim] sample:		839.9 time, 840.3 real, 1021.1 MB
c	Solving duration: 183314 ms
c	Answer: 
s SAT (w = 61)
AB is set to 162
Node 102 : 246
Node 437 : 408
AB is set to 64
Node 102 : 246
Node 385 : 310
AB is set to 62
Node 82 : 470
Node 437 : 408
AB is set to 61
Node 7 : 16
Node 17 : 77
c	Solution check:
p calculated antibandwidth = 61.
c
c
c Antibandwidth problem with w = 62 ( R-dwt__503.mtx.rnd ):
c Initializing CaDiCaL (version 1.2.1).
c	Configuring CaDiCaL as --sat (1).
c Initializing a DuplexNSC encoder with n = 503.
c Encoding starts with w = 62:
c	Labels and Vertices aux var: 43258
c	Labels and Vertices constraints:  588007
c	Obj k aux var: 433083
c	Obj k constraints: 6620183
c	Obj k glue staircase constraints: 4816928
c	Encoding duration: 1s
c	Number of clauses: 7239124
c	Number of irredundant clauses: 7237501
c	Number of variables: 760033
c SAT Solving starts:
[runlim] sample:		849.9 time, 850.3 real, 1004.5 MB
[runlim] sample:		859.9 time, 860.3 real, 1031.2 MB
[runlim] sample:		869.9 time, 870.3 real, 1020.1 MB
[runlim] sample:		879.9 time, 880.3 real, 1024.6 MB
[runlim] sample:		889.9 time, 890.3 real, 1024.8 MB
[runlim] sample:		899.9 time, 900.3 real, 1021.7 MB
[runlim] sample:		909.9 time, 910.3 real, 1023.2 MB
[runlim] sample:		919.9 time, 920.3 real, 1028.8 MB
[runlim] sample:		929.9 time, 930.3 real, 1033.7 MB
c	Solving duration: 84644 ms
c	Answer: 
s SAT (w = 62)
AB is set to 196
Node 102 : 308
Node 437 : 112
AB is set to 82
Node 82 : 390
Node 102 : 308
AB is set to 62
Node 3 : 174
Node 437 : 112
c	Solution check:
p calculated antibandwidth = 62.
c
c
c Antibandwidth problem with w = 63 ( R-dwt__503.mtx.rnd ):
c Initializing CaDiCaL (version 1.2.1).
c	Configuring CaDiCaL as --sat (1).
c Initializing a DuplexNSC encoder with n = 503.
c Encoding starts with w = 63:
c	Labels and Vertices aux var: 43258
c	Labels and Vertices constraints:  583983
c	Obj k aux var: 433083
c	Obj k constraints: 6590762
c	Obj k glue staircase constraints: 4814166
c	Encoding duration: 1s
c	Number of clauses: 7202661
c	Number of irredundant clauses: 7200110
c	Number of variables: 757015
c SAT Solving starts:
[runlim] sample:		939.9 time, 940.3 real, 1014.4 MB
[runlim] sample:		949.9 time, 950.3 real, 1014.4 MB
[runlim] sample:		959.9 time, 960.3 real, 1004.8 MB
[runlim] sample:		969.9 time, 970.3 real, 1021.4 MB
[runlim] sample:		979.9 time, 980.3 real, 1021.8 MB
[runlim] sample:		989.9 time, 990.3 real, 1080.7 MB
[runlim] sample:		999.9 time, 1000.3 real, 982.3 MB
[runlim] sample:		1009.9 time, 1010.3 real, 993.8 MB
[runlim] sample:		1019.9 time, 1020.3 real, 1028.8 MB
[runlim] sample:		1029.9 time, 1030.3 real, 1028.8 MB
[runlim] sample:		1039.9 time, 1040.3 real, 1041.2 MB
[runlim] sample:		1049.9 time, 1050.3 real, 996.2 MB
c	Solving duration: 125761 ms
c	Answer: 
s SAT (w = 63)
AB is set to 153
Node 102 : 191
Node 437 : 38
AB is set to 67
Node 82 : 124
Node 102 : 191
AB is set to 63
Node 442 : 111
Node 474 : 48
c	Solution check:
p calculated antibandwidth = 63.
c
c
c Antibandwidth problem with w = 64 ( R-dwt__503.mtx.rnd ):
c Initializing CaDiCaL (version 1.2.1).
c	Configuring CaDiCaL as --sat (1).
c Initializing a DuplexNSC encoder with n = 503.
c Encoding starts with w = 64:
c	Labels and Vertices aux var: 43258
c	Labels and Vertices constraints:  583983
c	Obj k aux var: 432580
c	Obj k constraints: 6580217
c	Obj k glue staircase constraints: 4803118
c	Encoding duration: 1s
c	Number of clauses: 7192116
c	Number of irredundant clauses: 7190547
c	Number of variables: 756512
c SAT Solving starts:
[runlim] sample:		1059.9 time, 1060.3 real, 810.0 MB
[runlim] sample:		1069.9 time, 1070.3 real, 932.4 MB
[runlim] sample:		1079.9 time, 1080.3 real, 1124.5 MB
[runlim] sample:		1089.9 time, 1090.3 real, 999.0 MB
[runlim] sample:		1099.9 time, 1100.3 real, 1014.4 MB
[runlim] sample:		1109.9 time, 1110.3 real, 1014.7 MB
[runlim] sample:		1119.9 time, 1120.3 real, 1017.3 MB
[runlim] sample:		1129.9 time, 1130.3 real, 976.7 MB
[runlim] sample:		1139.9 time, 1140.3 real, 977.1 MB
[runlim] sample:		1149.9 time, 1150.3 real, 1000.8 MB
[runlim] sample:		1159.9 time, 1160.3 real, 1029.0 MB
[runlim] sample:		1169.9 time, 1170.3 real, 1023.7 MB
[runlim] sample:		1179.9 time, 1180.3 real, 984.1 MB
[runlim] sample:		1189.9 time, 1190.3 real, 1036.3 MB
[runlim] sample:		1199.9 time, 1200.3 real, 1025.1 MB
[runlim] sample:		1209.9 time, 1210.3 real, 1034.0 MB
[runlim] sample:		1219.9 time, 1220.3 real, 1016.4 MB
[runlim] sample:		1229.9 time, 1230.3 real, 1033.0 MB
[runlim] sample:		1239.9 time, 1240.3 real, 1034.0 MB
[runlim] sample:		1249.9 time, 1250.3 real, 1067.3 MB
[runlim] sample:		1259.9 time, 1260.3 real, 1016.1 MB
[runlim] sample:		1269.9 time, 1270.3 real, 1053.4 MB
[runlim] sample:		1279.9 time, 1280.3 real, 1046.7 MB
[runlim] sample:		1289.9 time, 1290.3 real, 1059.3 MB
[runlim] sample:		1299.9 time, 1300.3 real, 1052.6 MB
[runlim] sample:		1309.9 time, 1310.3 real, 1045.1 MB
[runlim] sample:		1319.9 time, 1320.3 real, 1023.8 MB
[runlim] sample:		1329.9 time, 1330.3 real, 1028.1 MB
[runlim] sample:		1339.9 time, 1340.3 real, 1003.4 MB
[runlim] sample:		1349.9 time, 1350.3 real, 1039.3 MB
[runlim] sample:		1359.9 time, 1360.3 real, 1033.7 MB
[runlim] sample:		1369.9 time, 1370.3 real, 1036.5 MB
[runlim] sample:		1379.9 time, 1380.3 real, 1013.1 MB
[runlim] sample:		1389.9 time, 1390.3 real, 1006.4 MB
[runlim] sample:		1399.9 time, 1400.3 real, 1089.9 MB
[runlim] sample:		1409.9 time, 1410.3 real, 1050.0 MB
[runlim] sample:		1419.9 time, 1420.3 real, 1050.0 MB
[runlim] sample:		1429.9 time, 1430.3 real, 1051.7 MB
[runlim] sample:		1439.9 time, 1440.3 real, 1050.2 MB
[runlim] sample:		1449.9 time, 1450.3 real, 1190.6 MB
[runlim] sample:		1459.8 time, 1460.3 real, 1062.9 MB
[runlim] sample:		1469.9 time, 1470.3 real, 1148.6 MB
[runlim] sample:		1479.9 time, 1480.3 real, 1152.1 MB
[runlim] sample:		1489.8 time, 1490.3 real, 1152.2 MB
[runlim] sample:		1499.9 time, 1500.3 real, 1155.7 MB
[runlim] sample:		1509.8 time, 1510.3 real, 1155.6 MB
[runlim] sample:		1519.9 time, 1520.3 real, 1170.2 MB
[runlim] sample:		1529.9 time, 1530.3 real, 1170.2 MB
[runlim] sample:		1539.8 time, 1540.3 real, 1170.1 MB
[runlim] sample:		1549.8 time, 1550.3 real, 1170.1 MB
[runlim] sample:		1559.9 time, 1560.3 real, 1268.0 MB
[runlim] sample:		1569.9 time, 1570.3 real, 1162.3 MB
[runlim] sample:		1579.9 time, 1580.3 real, 1162.2 MB
[runlim] sample:		1589.9 time, 1590.3 real, 1162.2 MB
[runlim] sample:		1599.8 time, 1600.3 real, 1156.4 MB
[runlim] sample:		1609.9 time, 1610.3 real, 1162.6 MB
[runlim] sample:		1619.8 time, 1620.3 real, 1155.8 MB
[runlim] sample:		1629.8 time, 1630.3 real, 1155.7 MB
[runlim] sample:		1639.8 time, 1640.3 real, 1166.6 MB
[runlim] sample:		1649.8 time, 1650.3 real, 1166.6 MB
[runlim] sample:		1659.8 time, 1660.3 real, 1180.4 MB
[runlim] sample:		1669.8 time, 1670.3 real, 1155.0 MB
[runlim] sample:		1679.8 time, 1680.3 real, 1154.9 MB
[runlim] sample:		1689.8 time, 1690.3 real, 1168.0 MB
[runlim] sample:		1699.8 time, 1700.3 real, 1167.9 MB
[runlim] sample:		1709.8 time, 1710.3 real, 1198.4 MB
[runlim] sample:		1719.8 time, 1720.3 real, 1350.2 MB
c	Solving duration: 667566 ms
c	Answer: 
s SAT (w = 64)
AB is set to 112
Node 102 : 440
Node 437 : 328
AB is set to 106
Node 4 : 334
Node 102 : 440
AB is set to 74
Node 254 : 254
Node 437 : 328
AB is set to 66
Node 3 : 55
Node 469 : 121
AB is set to 64
Node 9 : 323
Node 359 : 387
c	Solution check:
p calculated antibandwidth = 64.
c
c
c Antibandwidth problem with w = 65 ( R-dwt__503.mtx.rnd ):
c Initializing CaDiCaL (version 1.2.1).
c	Configuring CaDiCaL as --sat (1).
c Initializing a DuplexNSC encoder with n = 503.
c Encoding starts with w = 65:
c	Labels and Vertices aux var: 43258
c	Labels and Vertices constraints:  583983
c	Obj k aux var: 431574
c	Obj k constraints: 6569672
c	Obj k glue staircase constraints: 4792070
c	Encoding duration: 1s
c	Number of clauses: 7182074
c	Number of irredundant clauses: 7180497
c	Number of variables: 756009
c SAT Solving starts:
[runlim] sample:		1729.8 time, 1730.3 real, 808.6 MB
[runlim] sample:		1739.8 time, 1740.3 real, 971.6 MB
[runlim] sample:		1749.8 time, 1750.3 real, 1009.2 MB
[runlim] sample:		1759.8 time, 1760.3 real, 1010.6 MB
[runlim] sample:		1769.8 time, 1770.3 real, 1016.1 MB
[runlim] sample:		1779.8 time, 1780.3 real, 1015.1 MB
[runlim] sample:		1789.8 time, 1790.3 real, 1015.9 MB
c Signal interruption.
[runlim] end:			Wed Sep 25 04:17:41 2024
[runlim] status:		out of time
[runlim] result:		2
[runlim] children:		0
[runlim] real:			1800.06 seconds
[runlim] time:			1799.54 seconds
[runlim] space:			1534.4 MB
[runlim] samples:		17997
