[runlim] version:		1.10
[runlim] time limit:		1800 seconds
[runlim] real time limit:	1800 seconds
[runlim] space limit:		30000 MB
[runlim] argv[0]:		/home/truongxuanhieu/AntiBandwidthReconstruct/build/abw_enc_symbreak_first_node_hybrid_NSC_binomial
[runlim] argv[1]:		/home/truongxuanhieu/AntiBandwidthReconstruct/build/Benchmarks/H-impcol_b.mtx.rnd
[runlim] argv[2]:		--duplexNSC
[runlim] argv[3]:		-split-size
[runlim] argv[4]:		10
[runlim] start:			Sun Sep 29 00:56:19 2024
[runlim] main pid:		135420
[runlim] log captured:
c DuplexEncoder 0.8.
c Splitting clauses at length 10.
c Solving strategy: from LB to UB.
c LB-w = 8 (LB in Sinnl - A note on computational approaches for the antibandwidth problem).
c UB-w = 8 (UB in Sinnl - A note on computational approaches for the antibandwidth problem).
c Antibandwidth problem with w = 8 ( H-impcol_b.mtx.rnd ):
c Initializing CaDiCaL (version 1.2.1).
c	Configuring CaDiCaL as --sat (1).
c Initializing a DuplexNSC encoder with n = 59.
c Encoding starts with w = 8:
c	Labels and Vertices aux var: 1652
c	Labels and Vertices constraints:  10974
c	Obj k aux var: 4956
c	Obj k constraints: 74318
c	Obj k glue staircase constraints: 52547
c	Encoding duration: 0s
c	Number of clauses: 85675
c	Number of irredundant clauses: 85387
c	Number of variables: 10443
c SAT Solving starts:
c	Solving duration: 55 ms
c	Answer: 
s SAT (w = 8)
AB is set to 44
Node 12 : 54
Node 25 : 10
AB is set to 13
Node 12 : 54
Node 49 : 41
AB is set to 11
Node 4 : 39
Node 35 : 50
AB is set to 9
Node 1 : 30
Node 4 : 39
AB is set to 8
Node 9 : 9
Node 20 : 17
c	Solution check:
p calculated antibandwidth = 8.
c
c
[runlim] end:			Sun Sep 29 00:56:19 2024
[runlim] status:		ok
[runlim] result:		0
[runlim] children:		0
[runlim] real:			0.41 seconds
[runlim] time:			0.00 seconds
[runlim] space:			0.0 MB
[runlim] samples:		0
