[runlim] version:		1.10
[runlim] time limit:		1800 seconds
[runlim] real time limit:	1800 seconds
[runlim] space limit:		30000 MB
[runlim] argv[0]:		/home/truongxuanhieu/AntiBandwidthReconstruct/build/abw_enc_symbreak_first_node_hybrid_NSC_binomial
[runlim] argv[1]:		/home/truongxuanhieu/AntiBandwidthReconstruct/build/Benchmarks/I-ash85.mtx.rnd
[runlim] argv[2]:		--duplexNSC
[runlim] argv[3]:		-split-size
[runlim] argv[4]:		10
[runlim] start:			Sun Sep 29 00:25:31 2024
[runlim] main pid:		133993
[runlim] log captured:
c DuplexEncoder 0.8.
c Splitting clauses at length 10.
c Solving strategy: from LB to UB.
c LB-w = 19 (LB in Sinnl - A note on computational approaches for the antibandwidth problem).
c UB-w = 27 (UB in Sinnl - A note on computational approaches for the antibandwidth problem).
c Antibandwidth problem with w = 19 ( I-ash85.mtx.rnd ):
c Initializing CaDiCaL (version 1.2.1).
c	Configuring CaDiCaL as --sat (1).
c Initializing a DuplexNSC encoder with n = 85.
c Encoding starts with w = 19:
c	Labels and Vertices aux var: 2890
c	Labels and Vertices constraints:  19465
c	Obj k aux var: 10455
c	Obj k constraints: 101029
c	Obj k glue staircase constraints: 56064
c	Encoding duration: 0s
c	Number of clauses: 121386
c	Number of irredundant clauses: 121050
c	Number of variables: 21420
c SAT Solving starts:
c	Solving duration: 56 ms
c	Answer: 
s SAT (w = 19)
AB is set to 19
Node 69 : 43
Node 85 : 62
c	Solution check:
p calculated antibandwidth = 19.
c
c
c Antibandwidth problem with w = 20 ( I-ash85.mtx.rnd ):
c Initializing CaDiCaL (version 1.2.1).
c	Configuring CaDiCaL as --sat (1).
c Initializing a DuplexNSC encoder with n = 85.
c Encoding starts with w = 20:
c	Labels and Vertices aux var: 2890
c	Labels and Vertices constraints:  19465
c	Obj k aux var: 10285
c	Obj k constraints: 99983
c	Obj k glue staircase constraints: 55188
c	Encoding duration: 0s
c	Number of clauses: 120340
c	Number of irredundant clauses: 120000
c	Number of variables: 21250
c SAT Solving starts:
c	Solving duration: 1770 ms
c	Answer: 
s SAT (w = 20)
AB is set to 27
Node 69 : 80
Node 85 : 53
AB is set to 26
Node 22 : 54
Node 69 : 80
AB is set to 20
Node 39 : 33
Node 85 : 53
c	Solution check:
p calculated antibandwidth = 20.
c
c
c Antibandwidth problem with w = 21 ( I-ash85.mtx.rnd ):
c Initializing CaDiCaL (version 1.2.1).
c	Configuring CaDiCaL as --sat (1).
c Initializing a DuplexNSC encoder with n = 85.
c Encoding starts with w = 21:
c	Labels and Vertices aux var: 2890
c	Labels and Vertices constraints:  19465
c	Obj k aux var: 10115
c	Obj k constraints: 98937
c	Obj k glue staircase constraints: 54312
c	Encoding duration: 0s
c	Number of clauses: 119379
c	Number of irredundant clauses: 119047
c	Number of variables: 21165
c SAT Solving starts:
[runlim] sample:		10.0 time, 10.1 real, 41.5 MB
c	Solving duration: 14080 ms
c	Answer: 
s SAT (w = 21)
AB is set to 28
Node 69 : 37
Node 85 : 65
AB is set to 21
Node 65 : 58
Node 69 : 37
c	Solution check:
p calculated antibandwidth = 21.
c
c
c Antibandwidth problem with w = 22 ( I-ash85.mtx.rnd ):
c Initializing CaDiCaL (version 1.2.1).
c	Configuring CaDiCaL as --sat (1).
c Initializing a DuplexNSC encoder with n = 85.
c Encoding starts with w = 22:
c	Labels and Vertices aux var: 2890
c	Labels and Vertices constraints:  19125
c	Obj k aux var: 10200
c	Obj k constraints: 97358
c	Obj k glue staircase constraints: 54093
c	Encoding duration: 0s
c	Number of clauses: 117290
c	Number of irredundant clauses: 116977
c	Number of variables: 21080
c SAT Solving starts:
[runlim] sample:		20.0 time, 20.1 real, 57.9 MB
c	Solving duration: 4411 ms
c	Answer: 
s SAT (w = 22)
AB is set to 38
Node 69 : 6
Node 85 : 44
AB is set to 22
Node 22 : 28
Node 69 : 6
c	Solution check:
p calculated antibandwidth = 22.
c
c
c Antibandwidth problem with w = 23 ( I-ash85.mtx.rnd ):
c Initializing CaDiCaL (version 1.2.1).
c	Configuring CaDiCaL as --sat (1).
c Initializing a DuplexNSC encoder with n = 85.
c Encoding starts with w = 23:
c	Labels and Vertices aux var: 2890
c	Labels and Vertices constraints:  19125
c	Obj k aux var: 10030
c	Obj k constraints: 96227
c	Obj k glue staircase constraints: 53217
c	Encoding duration: 0s
c	Number of clauses: 116159
c	Number of irredundant clauses: 115831
c	Number of variables: 20910
c SAT Solving starts:
[runlim] sample:		30.0 time, 30.1 real, 57.9 MB
[runlim] sample:		40.0 time, 40.1 real, 78.0 MB
[runlim] sample:		50.0 time, 50.1 real, 93.8 MB
[runlim] sample:		60.0 time, 60.1 real, 93.8 MB
[runlim] sample:		70.0 time, 70.1 real, 93.8 MB
[runlim] sample:		80.0 time, 80.1 real, 101.0 MB
[runlim] sample:		90.0 time, 90.1 real, 101.0 MB
[runlim] sample:		100.0 time, 100.1 real, 103.6 MB
[runlim] sample:		110.0 time, 110.1 real, 139.8 MB
[runlim] sample:		120.0 time, 120.1 real, 139.8 MB
[runlim] sample:		130.0 time, 130.1 real, 101.3 MB
[runlim] sample:		140.0 time, 140.1 real, 145.3 MB
[runlim] sample:		150.0 time, 150.1 real, 101.4 MB
[runlim] sample:		160.0 time, 160.1 real, 101.4 MB
[runlim] sample:		170.0 time, 170.1 real, 101.4 MB
[runlim] sample:		180.0 time, 180.1 real, 160.7 MB
[runlim] sample:		190.0 time, 190.1 real, 121.9 MB
[runlim] sample:		200.0 time, 200.1 real, 108.2 MB
[runlim] sample:		210.0 time, 210.1 real, 143.6 MB
[runlim] sample:		220.0 time, 220.1 real, 142.3 MB
[runlim] sample:		230.0 time, 230.1 real, 141.1 MB
[runlim] sample:		240.0 time, 240.1 real, 171.8 MB
[runlim] sample:		250.0 time, 250.1 real, 138.8 MB
[runlim] sample:		260.0 time, 260.1 real, 101.6 MB
[runlim] sample:		270.0 time, 270.1 real, 104.8 MB
[runlim] sample:		280.0 time, 280.1 real, 158.5 MB
[runlim] sample:		290.0 time, 290.1 real, 142.3 MB
[runlim] sample:		300.0 time, 300.1 real, 164.2 MB
[runlim] sample:		310.0 time, 310.1 real, 199.3 MB
[runlim] sample:		320.0 time, 320.1 real, 200.6 MB
[runlim] sample:		330.0 time, 330.1 real, 253.0 MB
[runlim] sample:		340.0 time, 340.1 real, 249.0 MB
[runlim] sample:		350.0 time, 350.1 real, 177.2 MB
[runlim] sample:		360.0 time, 360.1 real, 180.9 MB
[runlim] sample:		370.0 time, 370.1 real, 177.5 MB
[runlim] sample:		380.0 time, 380.1 real, 176.4 MB
[runlim] sample:		390.0 time, 390.1 real, 175.4 MB
[runlim] sample:		400.0 time, 400.1 real, 182.3 MB
[runlim] sample:		410.0 time, 410.1 real, 178.6 MB
[runlim] sample:		420.0 time, 420.1 real, 176.9 MB
[runlim] sample:		430.0 time, 430.1 real, 193.8 MB
[runlim] sample:		440.0 time, 440.1 real, 183.7 MB
[runlim] sample:		450.0 time, 450.1 real, 143.1 MB
[runlim] sample:		460.0 time, 460.1 real, 148.9 MB
[runlim] sample:		470.0 time, 470.1 real, 148.9 MB
[runlim] sample:		479.9 time, 480.1 real, 155.2 MB
[runlim] sample:		489.9 time, 490.1 real, 157.6 MB
[runlim] sample:		499.9 time, 500.1 real, 157.6 MB
[runlim] sample:		509.9 time, 510.1 real, 157.8 MB
[runlim] sample:		520.0 time, 520.1 real, 197.0 MB
[runlim] sample:		530.0 time, 530.1 real, 192.7 MB
[runlim] sample:		540.0 time, 540.1 real, 157.8 MB
[runlim] sample:		550.0 time, 550.1 real, 157.8 MB
[runlim] sample:		559.9 time, 560.1 real, 157.8 MB
[runlim] sample:		570.0 time, 570.1 real, 201.2 MB
[runlim] sample:		580.0 time, 580.1 real, 207.4 MB
[runlim] sample:		589.9 time, 590.1 real, 222.0 MB
[runlim] sample:		600.0 time, 600.1 real, 192.0 MB
[runlim] sample:		609.9 time, 610.1 real, 216.6 MB
[runlim] sample:		619.9 time, 620.1 real, 198.7 MB
[runlim] sample:		629.9 time, 630.1 real, 158.0 MB
[runlim] sample:		639.9 time, 640.1 real, 220.3 MB
[runlim] sample:		649.9 time, 650.1 real, 158.2 MB
[runlim] sample:		659.9 time, 660.1 real, 208.5 MB
[runlim] sample:		669.9 time, 670.1 real, 221.3 MB
[runlim] sample:		679.9 time, 680.1 real, 237.5 MB
c	Solving duration: 665565 ms
c	Answer: 
s SAT (w = 23)
AB is set to 28
Node 69 : 35
Node 85 : 63
AB is set to 25
Node 65 : 10
Node 69 : 35
AB is set to 23
Node 22 : 58
Node 69 : 35
c	Solution check:
p calculated antibandwidth = 23.
c
c
c Antibandwidth problem with w = 24 ( I-ash85.mtx.rnd ):
c Initializing CaDiCaL (version 1.2.1).
c	Configuring CaDiCaL as --sat (1).
c Initializing a DuplexNSC encoder with n = 85.
c Encoding starts with w = 24:
c	Labels and Vertices aux var: 2890
c	Labels and Vertices constraints:  19125
c	Obj k aux var: 9860
c	Obj k constraints: 95096
c	Obj k glue staircase constraints: 52341
c	Encoding duration: 0s
c	Number of clauses: 115113
c	Number of irredundant clauses: 114781
c	Number of variables: 20825
c SAT Solving starts:
[runlim] sample:		689.9 time, 690.1 real, 158.2 MB
[runlim] sample:		699.9 time, 700.1 real, 158.2 MB
[runlim] sample:		709.9 time, 710.1 real, 158.2 MB
[runlim] sample:		719.9 time, 720.1 real, 158.2 MB
[runlim] sample:		729.9 time, 730.1 real, 158.2 MB
[runlim] sample:		739.9 time, 740.1 real, 161.8 MB
[runlim] sample:		749.9 time, 750.1 real, 161.8 MB
[runlim] sample:		759.9 time, 760.1 real, 161.8 MB
[runlim] sample:		769.9 time, 770.1 real, 163.8 MB
[runlim] sample:		779.9 time, 780.1 real, 163.8 MB
[runlim] sample:		789.9 time, 790.1 real, 119.9 MB
[runlim] sample:		799.9 time, 800.1 real, 173.4 MB
[runlim] sample:		809.9 time, 810.1 real, 126.0 MB
[runlim] sample:		819.9 time, 820.1 real, 150.8 MB
[runlim] sample:		829.9 time, 830.1 real, 177.4 MB
[runlim] sample:		839.9 time, 840.1 real, 177.4 MB
[runlim] sample:		849.9 time, 850.1 real, 177.4 MB
[runlim] sample:		859.9 time, 860.1 real, 177.4 MB
[runlim] sample:		869.9 time, 870.1 real, 129.0 MB
[runlim] sample:		879.9 time, 880.1 real, 134.1 MB
[runlim] sample:		889.9 time, 890.1 real, 135.8 MB
[runlim] sample:		899.9 time, 900.1 real, 125.8 MB
[runlim] sample:		909.9 time, 910.1 real, 125.8 MB
[runlim] sample:		919.9 time, 920.1 real, 185.7 MB
[runlim] sample:		929.9 time, 930.1 real, 184.8 MB
[runlim] sample:		939.9 time, 940.1 real, 189.6 MB
[runlim] sample:		949.9 time, 950.1 real, 190.4 MB
[runlim] sample:		959.9 time, 960.1 real, 151.9 MB
[runlim] sample:		969.9 time, 970.1 real, 151.9 MB
[runlim] sample:		979.9 time, 980.1 real, 151.9 MB
[runlim] sample:		989.9 time, 990.1 real, 151.9 MB
[runlim] sample:		999.9 time, 1000.1 real, 190.1 MB
[runlim] sample:		1009.9 time, 1010.1 real, 196.6 MB
[runlim] sample:		1019.9 time, 1020.1 real, 190.1 MB
[runlim] sample:		1029.9 time, 1030.1 real, 189.7 MB
[runlim] sample:		1039.9 time, 1040.1 real, 191.1 MB
[runlim] sample:		1049.9 time, 1050.1 real, 184.8 MB
[runlim] sample:		1059.9 time, 1060.1 real, 194.8 MB
[runlim] sample:		1069.9 time, 1070.1 real, 151.9 MB
[runlim] sample:		1079.9 time, 1080.1 real, 151.9 MB
[runlim] sample:		1089.9 time, 1090.1 real, 201.9 MB
[runlim] sample:		1099.9 time, 1100.1 real, 151.9 MB
[runlim] sample:		1109.9 time, 1110.1 real, 151.9 MB
[runlim] sample:		1119.9 time, 1120.1 real, 151.9 MB
[runlim] sample:		1129.9 time, 1130.1 real, 151.9 MB
[runlim] sample:		1139.9 time, 1140.1 real, 151.9 MB
[runlim] sample:		1149.9 time, 1150.1 real, 201.8 MB
[runlim] sample:		1159.9 time, 1160.1 real, 198.4 MB
[runlim] sample:		1169.9 time, 1170.1 real, 151.9 MB
[runlim] sample:		1179.9 time, 1180.1 real, 151.9 MB
[runlim] sample:		1189.9 time, 1190.1 real, 151.9 MB
[runlim] sample:		1199.9 time, 1200.1 real, 191.9 MB
[runlim] sample:		1209.9 time, 1210.1 real, 205.1 MB
[runlim] sample:		1219.9 time, 1220.1 real, 151.9 MB
[runlim] sample:		1229.9 time, 1230.1 real, 200.4 MB
[runlim] sample:		1239.9 time, 1240.1 real, 151.9 MB
[runlim] sample:		1249.9 time, 1250.1 real, 200.6 MB
[runlim] sample:		1259.9 time, 1260.1 real, 151.9 MB
[runlim] sample:		1269.9 time, 1270.1 real, 199.7 MB
[runlim] sample:		1279.9 time, 1280.1 real, 151.9 MB
[runlim] sample:		1289.9 time, 1290.1 real, 203.8 MB
[runlim] sample:		1299.9 time, 1300.1 real, 151.9 MB
[runlim] sample:		1309.9 time, 1310.1 real, 151.9 MB
[runlim] sample:		1319.9 time, 1320.1 real, 194.9 MB
[runlim] sample:		1329.9 time, 1330.1 real, 151.9 MB
[runlim] sample:		1339.9 time, 1340.1 real, 203.7 MB
[runlim] sample:		1349.9 time, 1350.1 real, 200.9 MB
[runlim] sample:		1359.9 time, 1360.1 real, 151.9 MB
[runlim] sample:		1369.9 time, 1370.1 real, 198.0 MB
[runlim] sample:		1379.9 time, 1380.1 real, 151.9 MB
[runlim] sample:		1389.9 time, 1390.1 real, 190.6 MB
[runlim] sample:		1399.9 time, 1400.1 real, 207.6 MB
[runlim] sample:		1409.9 time, 1410.1 real, 209.0 MB
[runlim] sample:		1419.9 time, 1420.1 real, 211.7 MB
[runlim] sample:		1429.9 time, 1430.1 real, 151.9 MB
[runlim] sample:		1439.9 time, 1440.1 real, 199.6 MB
[runlim] sample:		1449.9 time, 1450.1 real, 214.6 MB
[runlim] sample:		1459.9 time, 1460.1 real, 151.9 MB
[runlim] sample:		1469.9 time, 1470.1 real, 206.9 MB
[runlim] sample:		1479.9 time, 1480.1 real, 151.9 MB
[runlim] sample:		1489.9 time, 1490.1 real, 220.4 MB
[runlim] sample:		1499.9 time, 1500.1 real, 211.8 MB
[runlim] sample:		1509.9 time, 1510.1 real, 211.6 MB
[runlim] sample:		1519.9 time, 1520.1 real, 189.1 MB
[runlim] sample:		1529.9 time, 1530.1 real, 210.8 MB
[runlim] sample:		1539.9 time, 1540.1 real, 213.8 MB
[runlim] sample:		1549.9 time, 1550.1 real, 217.1 MB
[runlim] sample:		1559.9 time, 1560.1 real, 213.4 MB
[runlim] sample:		1569.9 time, 1570.1 real, 215.1 MB
[runlim] sample:		1579.9 time, 1580.1 real, 219.2 MB
[runlim] sample:		1589.9 time, 1590.1 real, 214.2 MB
[runlim] sample:		1599.9 time, 1600.1 real, 213.1 MB
[runlim] sample:		1609.9 time, 1610.1 real, 213.1 MB
[runlim] sample:		1619.9 time, 1620.1 real, 213.9 MB
[runlim] sample:		1629.9 time, 1630.1 real, 213.7 MB
[runlim] sample:		1639.9 time, 1640.1 real, 217.7 MB
[runlim] sample:		1649.9 time, 1650.1 real, 215.6 MB
[runlim] sample:		1659.9 time, 1660.1 real, 215.6 MB
[runlim] sample:		1669.9 time, 1670.1 real, 217.5 MB
[runlim] sample:		1679.9 time, 1680.1 real, 256.5 MB
[runlim] sample:		1689.9 time, 1690.1 real, 212.1 MB
[runlim] sample:		1699.9 time, 1700.1 real, 220.3 MB
[runlim] sample:		1709.9 time, 1710.1 real, 216.0 MB
[runlim] sample:		1719.9 time, 1720.1 real, 153.3 MB
[runlim] sample:		1729.9 time, 1730.1 real, 213.6 MB
[runlim] sample:		1739.9 time, 1740.1 real, 244.3 MB
[runlim] sample:		1749.9 time, 1750.1 real, 214.0 MB
[runlim] sample:		1759.9 time, 1760.1 real, 217.4 MB
[runlim] sample:		1769.9 time, 1770.1 real, 213.8 MB
[runlim] sample:		1779.9 time, 1780.1 real, 153.3 MB
[runlim] sample:		1789.9 time, 1790.1 real, 210.0 MB
[runlim] sample:		1799.9 time, 1800.1 real, 223.1 MB
c Signal interruption.
[runlim] end:			Sun Sep 29 00:55:31 2024
[runlim] status:		out of time
[runlim] result:		2
[runlim] children:		0
[runlim] real:			1800.12 seconds
[runlim] time:			1799.87 seconds
[runlim] space:			463.5 MB
[runlim] samples:		18000
