[runlim] version:		1.10
[runlim] time limit:		1800 seconds
[runlim] real time limit:	1800 seconds
[runlim] space limit:		30000 MB
[runlim] argv[0]:		/home/truongxuanhieu/AntiBandwidthReconstruct/build/abw_enc_symbreak_first_node_hybrid_NSC_binomial
[runlim] argv[1]:		/home/truongxuanhieu/AntiBandwidthReconstruct/build/Benchmarks/N-bcsstk07.mtx.rnd
[runlim] argv[2]:		--duplexNSC
[runlim] argv[3]:		-split-size
[runlim] argv[4]:		10
[runlim] start:			Sat Sep 28 23:25:31 2024
[runlim] main pid:		130541
[runlim] log captured:
c DuplexEncoder 0.8.
c Splitting clauses at length 10.
c Solving strategy: from LB to UB.
c LB-w = 28 (LB in Sinnl - A note on computational approaches for the antibandwidth problem).
c UB-w = 72 (UB in Sinnl - A note on computational approaches for the antibandwidth problem).
c Antibandwidth problem with w = 28 ( N-bcsstk07.mtx.rnd ):
c Initializing CaDiCaL (version 1.2.1).
c	Configuring CaDiCaL as --sat (1).
c Initializing a DuplexNSC encoder with n = 420.
c Encoding starts with w = 28:
c	Labels and Vertices aux var: 32760
c	Labels and Vertices constraints:  445200
c	Obj k aux var: 312060
c	Obj k constraints: 6961860
c	Obj k glue staircase constraints: 5680440
c	Encoding duration: 2s
c	Number of clauses: 7427010
c	Number of irredundant clauses: 7424791
c	Number of variables: 540960
c SAT Solving starts:
[runlim] sample:		10.0 time, 10.8 real, 993.5 MB
c	Solving duration: 8748 ms
c	Answer: 
s SAT (w = 28)
AB is set to 282
Node 37 : 395
Node 381 : 113
AB is set to 199
Node 127 : 294
Node 245 : 95
AB is set to 57
Node 31 : 396
Node 137 : 339
AB is set to 28
Node 127 : 294
Node 264 : 322
c	Solution check:
p calculated antibandwidth = 28.
c
c
c Antibandwidth problem with w = 29 ( N-bcsstk07.mtx.rnd ):
c Initializing CaDiCaL (version 1.2.1).
c	Configuring CaDiCaL as --sat (1).
c Initializing a DuplexNSC encoder with n = 420.
c Encoding starts with w = 29:
c	Labels and Vertices aux var: 32760
c	Labels and Vertices constraints:  445200
c	Obj k aux var: 312060
c	Obj k constraints: 6963600
c	Obj k glue staircase constraints: 5676720
c	Encoding duration: 1s
c	Number of clauses: 7429170
c	Number of irredundant clauses: 7426934
c	Number of variables: 541380
c SAT Solving starts:
c	Solving duration: 3372 ms
c	Answer: 
s SAT (w = 29)
AB is set to 54
Node 37 : 362
Node 381 : 308
AB is set to 42
Node 31 : 406
Node 137 : 364
AB is set to 35
Node 127 : 343
Node 381 : 308
AB is set to 34
Node 79 : 377
Node 127 : 343
AB is set to 32
Node 105 : 276
Node 381 : 308
AB is set to 29
Node 209 : 146
Node 391 : 175
c	Solution check:
p calculated antibandwidth = 29.
c
c
c Antibandwidth problem with w = 30 ( N-bcsstk07.mtx.rnd ):
c Initializing CaDiCaL (version 1.2.1).
c	Configuring CaDiCaL as --sat (1).
c Initializing a DuplexNSC encoder with n = 420.
c Encoding starts with w = 30:
c	Labels and Vertices aux var: 32760
c	Labels and Vertices constraints:  439320
c	Obj k aux var: 311640
c	Obj k constraints: 6940740
c	Obj k glue staircase constraints: 5661840
c	Encoding duration: 1s
c	Number of clauses: 7400010
c	Number of irredundant clauses: 7397864
c	Number of variables: 540540
c SAT Solving starts:
[runlim] sample:		20.0 time, 20.8 real, 831.0 MB
c	Solving duration: 8441 ms
c	Answer: 
s SAT (w = 30)
AB is set to 317
Node 37 : 395
Node 381 : 78
AB is set to 89
Node 37 : 395
Node 362 : 306
AB is set to 36
Node 127 : 185
Node 245 : 149
AB is set to 32
Node 31 : 337
Node 137 : 305
AB is set to 30
Node 127 : 185
Node 226 : 215
c	Solution check:
p calculated antibandwidth = 30.
c
c
c Antibandwidth problem with w = 31 ( N-bcsstk07.mtx.rnd ):
c Initializing CaDiCaL (version 1.2.1).
c	Configuring CaDiCaL as --sat (1).
c Initializing a DuplexNSC encoder with n = 420.
c Encoding starts with w = 31:
c	Labels and Vertices aux var: 32760
c	Labels and Vertices constraints:  439320
c	Obj k aux var: 311640
c	Obj k constraints: 6942060
c	Obj k glue staircase constraints: 5658120
c	Encoding duration: 2s
c	Number of clauses: 7401750
c	Number of irredundant clauses: 7399517
c	Number of variables: 540960
c SAT Solving starts:
[runlim] sample:		30.0 time, 30.8 real, 829.8 MB
c	Solving duration: 10486 ms
c	Answer: 
s SAT (w = 31)
AB is set to 110
Node 37 : 97
Node 381 : 207
AB is set to 96
Node 37 : 97
Node 362 : 1
AB is set to 33
Node 127 : 304
Node 245 : 271
AB is set to 32
Node 127 : 304
Node 135 : 272
AB is set to 31
Node 79 : 372
Node 209 : 403
c	Solution check:
p calculated antibandwidth = 31.
c
c
c Antibandwidth problem with w = 32 ( N-bcsstk07.mtx.rnd ):
c Initializing CaDiCaL (version 1.2.1).
c	Configuring CaDiCaL as --sat (1).
c Initializing a DuplexNSC encoder with n = 420.
c Encoding starts with w = 32:
[runlim] sample:		40.0 time, 40.8 real, 727.9 MB
c	Labels and Vertices aux var: 32760
c	Labels and Vertices constraints:  439320
c	Obj k aux var: 310800
c	Obj k constraints: 6930120
c	Obj k glue staircase constraints: 5643240
c	Encoding duration: 1s
c	Number of clauses: 7390650
c	Number of irredundant clauses: 7388402
c	Number of variables: 540960
c SAT Solving starts:
[runlim] sample:		50.0 time, 50.8 real, 1006.5 MB
[runlim] sample:		60.0 time, 60.8 real, 1012.7 MB
[runlim] sample:		70.0 time, 70.8 real, 1021.5 MB
[runlim] sample:		80.0 time, 80.8 real, 1021.8 MB
[runlim] sample:		90.0 time, 90.8 real, 1023.0 MB
[runlim] sample:		100.0 time, 100.8 real, 1019.3 MB
[runlim] sample:		110.0 time, 110.8 real, 1023.5 MB
[runlim] sample:		120.0 time, 120.8 real, 1049.6 MB
[runlim] sample:		130.0 time, 130.8 real, 1283.5 MB
[runlim] sample:		140.0 time, 140.8 real, 1025.7 MB
[runlim] sample:		150.0 time, 150.8 real, 1025.6 MB
[runlim] sample:		160.0 time, 160.8 real, 1025.9 MB
[runlim] sample:		170.0 time, 170.8 real, 1039.2 MB
[runlim] sample:		179.9 time, 180.8 real, 1102.7 MB
[runlim] sample:		189.9 time, 190.8 real, 1073.7 MB
[runlim] sample:		199.9 time, 200.8 real, 1007.3 MB
[runlim] sample:		209.9 time, 210.8 real, 1009.6 MB
[runlim] sample:		219.9 time, 220.8 real, 1022.1 MB
c	Solving duration: 186886 ms
c	Answer: 
s SAT (w = 32)
AB is set to 312
Node 37 : 357
Node 381 : 45
AB is set to 182
Node 37 : 357
Node 362 : 175
AB is set to 142
Node 127 : 273
Node 245 : 131
AB is set to 76
Node 245 : 131
Node 264 : 207
AB is set to 66
Node 127 : 273
Node 264 : 207
AB is set to 64
Node 127 : 273
Node 226 : 337
AB is set to 32
Node 127 : 273
Node 135 : 305
c	Solution check:
p calculated antibandwidth = 32.
c
c
c Antibandwidth problem with w = 33 ( N-bcsstk07.mtx.rnd ):
c Initializing CaDiCaL (version 1.2.1).
c	Configuring CaDiCaL as --sat (1).
c Initializing a DuplexNSC encoder with n = 420.
c Encoding starts with w = 33:
[runlim] sample:		229.9 time, 230.8 real, 772.8 MB
c	Labels and Vertices aux var: 32760
c	Labels and Vertices constraints:  433860
c	Obj k aux var: 311220
c	Obj k constraints: 6918840
c	Obj k glue staircase constraints: 5639520
c	Encoding duration: 1s
c	Number of clauses: 7372650
c	Number of irredundant clauses: 7370566
c	Number of variables: 540120
c SAT Solving starts:
[runlim] sample:		239.9 time, 240.8 real, 995.3 MB
[runlim] sample:		249.9 time, 250.8 real, 1176.2 MB
[runlim] sample:		259.9 time, 260.8 real, 1011.8 MB
[runlim] sample:		269.9 time, 270.8 real, 1012.4 MB
[runlim] sample:		279.9 time, 280.8 real, 1013.4 MB
[runlim] sample:		289.9 time, 290.8 real, 1013.3 MB
[runlim] sample:		299.9 time, 300.8 real, 1014.7 MB
[runlim] sample:		309.9 time, 310.8 real, 1018.7 MB
[runlim] sample:		319.9 time, 320.8 real, 1198.2 MB
[runlim] sample:		329.9 time, 330.8 real, 1019.1 MB
[runlim] sample:		339.9 time, 340.8 real, 1019.1 MB
[runlim] sample:		349.9 time, 350.8 real, 1021.4 MB
[runlim] sample:		359.9 time, 360.8 real, 1022.1 MB
[runlim] sample:		369.9 time, 370.8 real, 1029.2 MB
[runlim] sample:		379.9 time, 380.8 real, 1027.2 MB
[runlim] sample:		389.9 time, 390.8 real, 1033.4 MB
[runlim] sample:		399.9 time, 400.8 real, 1027.1 MB
c	Solving duration: 169789 ms
c	Answer: 
s SAT (w = 33)
AB is set to 36
Node 37 : 288
Node 381 : 252
AB is set to 33
Node 127 : 214
Node 163 : 181
c	Solution check:
p calculated antibandwidth = 33.
c
c
c Antibandwidth problem with w = 34 ( N-bcsstk07.mtx.rnd ):
c Initializing CaDiCaL (version 1.2.1).
c	Configuring CaDiCaL as --sat (1).
c Initializing a DuplexNSC encoder with n = 420.
c Encoding starts with w = 34:
c	Labels and Vertices aux var: 32760
c	Labels and Vertices constraints:  433860
c	Obj k aux var: 310380
c	Obj k constraints: 6906480
c	Obj k glue staircase constraints: 5624640
c	Encoding duration: 1s
c	Number of clauses: 7361130
c	Number of irredundant clauses: 7359032
c	Number of variables: 540120
c SAT Solving starts:
[runlim] sample:		409.9 time, 410.8 real, 994.0 MB
[runlim] sample:		419.9 time, 420.8 real, 993.9 MB
[runlim] sample:		429.9 time, 430.8 real, 1008.9 MB
[runlim] sample:		439.9 time, 440.8 real, 1009.0 MB
[runlim] sample:		449.9 time, 450.8 real, 1010.6 MB
[runlim] sample:		459.9 time, 460.8 real, 1003.8 MB
[runlim] sample:		469.9 time, 470.8 real, 1013.0 MB
[runlim] sample:		479.9 time, 480.8 real, 1052.9 MB
[runlim] sample:		489.9 time, 490.8 real, 1012.6 MB
[runlim] sample:		499.9 time, 500.8 real, 1051.7 MB
[runlim] sample:		509.9 time, 510.8 real, 1014.8 MB
[runlim] sample:		519.9 time, 520.8 real, 1012.9 MB
[runlim] sample:		529.9 time, 530.8 real, 990.5 MB
[runlim] sample:		539.9 time, 540.8 real, 969.6 MB
[runlim] sample:		549.9 time, 550.8 real, 994.8 MB
[runlim] sample:		559.9 time, 560.8 real, 1006.8 MB
[runlim] sample:		569.9 time, 570.8 real, 1012.6 MB
[runlim] sample:		579.9 time, 580.8 real, 1011.7 MB
[runlim] sample:		589.9 time, 590.8 real, 1014.6 MB
[runlim] sample:		599.9 time, 600.8 real, 1021.2 MB
[runlim] sample:		609.9 time, 610.8 real, 1022.7 MB
[runlim] sample:		619.9 time, 620.8 real, 1020.9 MB
[runlim] sample:		629.9 time, 630.8 real, 1270.5 MB
[runlim] sample:		639.9 time, 640.8 real, 1027.1 MB
[runlim] sample:		649.9 time, 650.8 real, 1032.3 MB
[runlim] sample:		659.9 time, 660.8 real, 1027.5 MB
[runlim] sample:		669.9 time, 670.8 real, 985.5 MB
[runlim] sample:		679.9 time, 680.8 real, 1027.3 MB
[runlim] sample:		689.9 time, 690.8 real, 1168.5 MB
[runlim] sample:		699.9 time, 700.8 real, 961.1 MB
[runlim] sample:		709.9 time, 710.8 real, 996.9 MB
[runlim] sample:		719.9 time, 720.8 real, 1000.7 MB
[runlim] sample:		729.9 time, 730.8 real, 1004.3 MB
[runlim] sample:		739.9 time, 740.8 real, 1004.3 MB
[runlim] sample:		749.9 time, 750.8 real, 1005.1 MB
[runlim] sample:		759.9 time, 760.8 real, 1007.1 MB
[runlim] sample:		769.9 time, 770.8 real, 1001.0 MB
[runlim] sample:		779.9 time, 780.8 real, 1002.2 MB
[runlim] sample:		789.9 time, 790.8 real, 1002.2 MB
[runlim] sample:		799.9 time, 800.8 real, 1011.3 MB
[runlim] sample:		809.9 time, 810.8 real, 1005.2 MB
[runlim] sample:		819.9 time, 820.8 real, 1002.5 MB
[runlim] sample:		829.9 time, 830.8 real, 1004.5 MB
[runlim] sample:		839.9 time, 840.8 real, 1010.7 MB
[runlim] sample:		849.9 time, 850.8 real, 1018.3 MB
[runlim] sample:		859.9 time, 860.8 real, 1243.4 MB
[runlim] sample:		869.9 time, 870.8 real, 1025.8 MB
[runlim] sample:		879.9 time, 880.8 real, 989.9 MB
[runlim] sample:		889.9 time, 890.8 real, 984.0 MB
[runlim] sample:		899.9 time, 900.8 real, 985.8 MB
[runlim] sample:		909.9 time, 910.8 real, 1009.6 MB
[runlim] sample:		919.9 time, 920.8 real, 1037.7 MB
[runlim] sample:		929.9 time, 930.8 real, 999.8 MB
[runlim] sample:		939.9 time, 940.8 real, 1206.7 MB
[runlim] sample:		949.9 time, 950.8 real, 1023.6 MB
[runlim] sample:		959.9 time, 960.8 real, 1022.6 MB
[runlim] sample:		969.9 time, 970.8 real, 1024.6 MB
[runlim] sample:		979.9 time, 980.8 real, 986.4 MB
[runlim] sample:		989.9 time, 990.8 real, 986.4 MB
[runlim] sample:		999.9 time, 1000.8 real, 1054.2 MB
[runlim] sample:		1009.9 time, 1010.8 real, 1293.6 MB
[runlim] sample:		1019.9 time, 1020.8 real, 1063.9 MB
[runlim] sample:		1029.9 time, 1030.8 real, 1055.8 MB
[runlim] sample:		1039.8 time, 1040.8 real, 1055.8 MB
[runlim] sample:		1049.8 time, 1050.8 real, 1082.0 MB
[runlim] sample:		1059.9 time, 1060.8 real, 1080.5 MB
c	Solving duration: 661730 ms
c	Answer: 
s SAT (w = 34)
AB is set to 61
Node 37 : 202
Node 381 : 141
AB is set to 34
Node 127 : 5
Node 362 : 39
c	Solution check:
p calculated antibandwidth = 34.
c
c
c Antibandwidth problem with w = 35 ( N-bcsstk07.mtx.rnd ):
c Initializing CaDiCaL (version 1.2.1).
c	Configuring CaDiCaL as --sat (1).
c Initializing a DuplexNSC encoder with n = 420.
c Encoding starts with w = 35:
c	Labels and Vertices aux var: 32760
c	Labels and Vertices constraints:  428820
c	Obj k aux var: 309960
c	Obj k constraints: 6880680
c	Obj k glue staircase constraints: 5609760
c	Encoding duration: 1s
c	Number of clauses: 7329450
c	Number of irredundant clauses: 7327450
c	Number of variables: 538860
c SAT Solving starts:
[runlim] sample:		1069.9 time, 1070.8 real, 1020.2 MB
[runlim] sample:		1079.9 time, 1080.8 real, 1020.2 MB
[runlim] sample:		1089.9 time, 1090.8 real, 1022.5 MB
[runlim] sample:		1099.9 time, 1100.8 real, 1022.5 MB
[runlim] sample:		1109.8 time, 1110.8 real, 1022.5 MB
[runlim] sample:		1119.8 time, 1120.8 real, 1066.0 MB
[runlim] sample:		1129.8 time, 1130.8 real, 1063.8 MB
[runlim] sample:		1139.8 time, 1140.8 real, 1024.0 MB
[runlim] sample:		1149.8 time, 1150.8 real, 1067.4 MB
[runlim] sample:		1159.8 time, 1160.8 real, 1067.4 MB
[runlim] sample:		1169.8 time, 1170.8 real, 1253.8 MB
[runlim] sample:		1179.8 time, 1180.8 real, 1031.4 MB
[runlim] sample:		1189.8 time, 1190.8 real, 1034.9 MB
[runlim] sample:		1199.8 time, 1200.8 real, 1030.1 MB
[runlim] sample:		1209.8 time, 1210.8 real, 1036.4 MB
[runlim] sample:		1219.8 time, 1220.8 real, 1032.2 MB
[runlim] sample:		1229.8 time, 1230.8 real, 1216.0 MB
[runlim] sample:		1239.8 time, 1240.8 real, 1069.3 MB
[runlim] sample:		1249.8 time, 1250.8 real, 1044.1 MB
[runlim] sample:		1259.8 time, 1260.8 real, 1038.8 MB
[runlim] sample:		1269.8 time, 1270.8 real, 1041.5 MB
[runlim] sample:		1279.8 time, 1280.8 real, 1041.5 MB
[runlim] sample:		1289.8 time, 1290.8 real, 1046.2 MB
[runlim] sample:		1299.8 time, 1300.8 real, 1043.2 MB
[runlim] sample:		1309.8 time, 1310.8 real, 1083.5 MB
[runlim] sample:		1319.8 time, 1320.8 real, 1043.9 MB
[runlim] sample:		1329.8 time, 1330.8 real, 1043.9 MB
[runlim] sample:		1339.8 time, 1340.8 real, 1038.0 MB
[runlim] sample:		1349.8 time, 1350.8 real, 1042.1 MB
[runlim] sample:		1359.8 time, 1360.8 real, 1245.4 MB
[runlim] sample:		1369.8 time, 1370.8 real, 1261.6 MB
[runlim] sample:		1379.8 time, 1380.8 real, 1060.3 MB
[runlim] sample:		1389.8 time, 1390.8 real, 1059.0 MB
[runlim] sample:		1399.8 time, 1400.8 real, 1062.9 MB
[runlim] sample:		1409.8 time, 1410.8 real, 1062.9 MB
[runlim] sample:		1419.8 time, 1420.8 real, 1112.7 MB
[runlim] sample:		1429.8 time, 1430.8 real, 1055.6 MB
[runlim] sample:		1439.8 time, 1440.8 real, 1055.6 MB
[runlim] sample:		1449.8 time, 1450.8 real, 1057.9 MB
[runlim] sample:		1459.8 time, 1460.8 real, 1058.3 MB
[runlim] sample:		1469.8 time, 1470.8 real, 1060.9 MB
[runlim] sample:		1479.8 time, 1480.8 real, 1065.5 MB
[runlim] sample:		1489.8 time, 1490.8 real, 1059.1 MB
[runlim] sample:		1499.8 time, 1500.8 real, 1067.3 MB
[runlim] sample:		1509.8 time, 1510.8 real, 1049.3 MB
[runlim] sample:		1519.8 time, 1520.8 real, 1049.3 MB
[runlim] sample:		1529.8 time, 1530.8 real, 1047.6 MB
[runlim] sample:		1539.8 time, 1540.8 real, 1057.8 MB
[runlim] sample:		1549.8 time, 1550.8 real, 1064.9 MB
[runlim] sample:		1559.8 time, 1560.8 real, 1064.9 MB
[runlim] sample:		1569.8 time, 1570.8 real, 1054.0 MB
[runlim] sample:		1579.8 time, 1580.8 real, 1067.6 MB
[runlim] sample:		1589.8 time, 1590.8 real, 1067.6 MB
[runlim] sample:		1599.8 time, 1600.8 real, 1054.2 MB
[runlim] sample:		1609.8 time, 1610.8 real, 1054.2 MB
[runlim] sample:		1619.8 time, 1620.8 real, 1056.3 MB
[runlim] sample:		1629.8 time, 1630.8 real, 1057.1 MB
[runlim] sample:		1639.8 time, 1640.8 real, 1068.1 MB
[runlim] sample:		1649.8 time, 1650.8 real, 1068.1 MB
[runlim] sample:		1659.8 time, 1660.8 real, 1070.1 MB
[runlim] sample:		1669.8 time, 1670.8 real, 1069.9 MB
[runlim] sample:		1679.8 time, 1680.8 real, 1062.2 MB
[runlim] sample:		1689.8 time, 1690.8 real, 1059.6 MB
[runlim] sample:		1699.8 time, 1700.8 real, 1059.6 MB
[runlim] sample:		1709.8 time, 1710.8 real, 1059.6 MB
[runlim] sample:		1719.8 time, 1720.8 real, 1090.9 MB
[runlim] sample:		1729.8 time, 1730.8 real, 1082.7 MB
[runlim] sample:		1739.8 time, 1740.8 real, 1082.7 MB
[runlim] sample:		1749.8 time, 1750.8 real, 1075.3 MB
[runlim] sample:		1759.8 time, 1760.8 real, 1075.3 MB
[runlim] sample:		1769.8 time, 1770.8 real, 1073.9 MB
[runlim] sample:		1779.8 time, 1780.8 real, 1084.3 MB
[runlim] sample:		1789.8 time, 1790.8 real, 1084.3 MB
c Signal interruption.
[runlim] end:			Sat Sep 28 23:55:31 2024
[runlim] status:		out of time
[runlim] result:		2
[runlim] children:		0
[runlim] real:			1800.07 seconds
[runlim] time:			1799.02 seconds
[runlim] space:			1574.5 MB
[runlim] samples:		17992
