[runlim] version:		1.10
[runlim] time limit:		1800 seconds
[runlim] real time limit:	1800 seconds
[runlim] space limit:		30000 MB
[runlim] argv[0]:		/home/truongxuanhieu/AntiBandwidthReconstruct/build/abw_enc_symbreak_first_node_hybrid_NSC_binomial
[runlim] argv[1]:		/home/truongxuanhieu/AntiBandwidthReconstruct/build/BenchmarkR/R-dwt__503.mtx.rnd
[runlim] argv[2]:		--duplexNSC
[runlim] argv[3]:		-split-size
[runlim] argv[4]:		10
[runlim] start:			Tue Sep 24 09:51:38 2024
[runlim] main pid:		2987
[runlim] log captured:
c DuplexEncoder 0.8.
c Splitting clauses at length 10.
c Solving strategy: from LB to UB.
c LB-w = 46 (LB in Sinnl - A note on computational approaches for the antibandwidth problem).
c UB-w = 71 (UB in Sinnl - A note on computational approaches for the antibandwidth problem).
c Antibandwidth problem with w = 46 ( R-dwt__503.mtx.rnd ):
c Initializing CaDiCaL (version 1.2.1).
c	Configuring CaDiCaL as --sat (1).
c Initializing a DuplexNSC encoder with n = 503.
c Encoding starts with w = 46:
c	Labels and Vertices aux var: 43258
c	Labels and Vertices constraints:  597564
c	Obj k aux var: 446161
c	Obj k constraints: 6802511
c	Obj k glue staircase constraints: 4977124
c	Encoding duration: 2s
c	Number of clauses: 7428494
c	Number of irredundant clauses: 7426444
c	Number of variables: 770596
c SAT Solving starts:
c	Solving duration: 2253 ms
c	Answer: 
s SAT (w = 46)
AB is set to 405
Node 102 : 450
Node 437 : 45
AB is set to 46
Node 82 : 404
Node 102 : 450
c	Solution check:
p calculated antibandwidth = 46.
c
c
c Antibandwidth problem with w = 47 ( R-dwt__503.mtx.rnd ):
c Initializing CaDiCaL (version 1.2.1).
c	Configuring CaDiCaL as --sat (1).
c Initializing a DuplexNSC encoder with n = 503.
c Encoding starts with w = 47:
c	Labels and Vertices aux var: 43258
c	Labels and Vertices constraints:  597564
c	Obj k aux var: 445155
c	Obj k constraints: 6793475
c	Obj k glue staircase constraints: 4966076
c	Encoding duration: 2s
c	Number of clauses: 7419961
c	Number of irredundant clauses: 7417900
c	Number of variables: 770093
c SAT Solving starts:
[runlim] sample:		10.0 time, 10.1 real, 1006.6 MB
c	Solving duration: 4027 ms
c	Answer: 
s SAT (w = 47)
AB is set to 295
Node 102 : 389
Node 437 : 94
AB is set to 47
Node 82 : 436
Node 102 : 389
c	Solution check:
p calculated antibandwidth = 47.
c
c
c Antibandwidth problem with w = 48 ( R-dwt__503.mtx.rnd ):
c Initializing CaDiCaL (version 1.2.1).
c	Configuring CaDiCaL as --sat (1).
c Initializing a DuplexNSC encoder with n = 503.
c Encoding starts with w = 48:
c	Labels and Vertices aux var: 43258
c	Labels and Vertices constraints:  597564
c	Obj k aux var: 444149
c	Obj k constraints: 6784439
c	Obj k glue staircase constraints: 4955028
c	Encoding duration: 2s
c	Number of clauses: 7411428
c	Number of irredundant clauses: 7409356
c	Number of variables: 769590
c SAT Solving starts:
c	Solving duration: 4140 ms
c	Answer: 
s SAT (w = 48)
AB is set to 306
Node 102 : 354
Node 437 : 48
AB is set to 48
Node 82 : 402
Node 102 : 354
c	Solution check:
p calculated antibandwidth = 48.
c
c
c Antibandwidth problem with w = 49 ( R-dwt__503.mtx.rnd ):
c Initializing CaDiCaL (version 1.2.1).
c	Configuring CaDiCaL as --sat (1).
c Initializing a DuplexNSC encoder with n = 503.
c Encoding starts with w = 49:
[runlim] sample:		20.0 time, 20.1 real, 821.4 MB
c	Labels and Vertices aux var: 43258
c	Labels and Vertices constraints:  597564
c	Obj k aux var: 443143
c	Obj k constraints: 6775403
c	Obj k glue staircase constraints: 4943980
c	Encoding duration: 2s
c	Number of clauses: 7402895
c	Number of irredundant clauses: 7400812
c	Number of variables: 769087
c SAT Solving starts:
c	Solving duration: 5069 ms
c	Answer: 
s SAT (w = 49)
AB is set to 213
Node 102 : 337
Node 437 : 124
AB is set to 49
Node 82 : 386
Node 102 : 337
c	Solution check:
p calculated antibandwidth = 49.
c
c
c Antibandwidth problem with w = 50 ( R-dwt__503.mtx.rnd ):
c Initializing CaDiCaL (version 1.2.1).
c	Configuring CaDiCaL as --sat (1).
c Initializing a DuplexNSC encoder with n = 503.
c Encoding starts with w = 50:
c	Labels and Vertices aux var: 43258
c	Labels and Vertices constraints:  597564
c	Obj k aux var: 442137
c	Obj k constraints: 6766367
c	Obj k glue staircase constraints: 4932932
c	Encoding duration: 2s
c	Number of clauses: 7394865
c	Number of irredundant clauses: 7392771
c	Number of variables: 769087
c SAT Solving starts:
[runlim] sample:		30.0 time, 30.1 real, 835.0 MB
c	Solving duration: 4671 ms
c	Answer: 
s SAT (w = 50)
AB is set to 222
Node 102 : 333
Node 437 : 111
AB is set to 50
Node 82 : 383
Node 102 : 333
c	Solution check:
p calculated antibandwidth = 50.
c
c
c Antibandwidth problem with w = 51 ( R-dwt__503.mtx.rnd ):
c Initializing CaDiCaL (version 1.2.1).
c	Configuring CaDiCaL as --sat (1).
c Initializing a DuplexNSC encoder with n = 503.
c Encoding starts with w = 51:
c	Labels and Vertices aux var: 43258
c	Labels and Vertices constraints:  592534
c	Obj k aux var: 442640
c	Obj k constraints: 6743988
c	Obj k glue staircase constraints: 4930170
c	Encoding duration: 2s
c	Number of clauses: 7364438
c	Number of irredundant clauses: 7362389
c	Number of variables: 766572
c SAT Solving starts:
c	Solving duration: 4571 ms
c	Answer: 
s SAT (w = 51)
AB is set to 106
Node 102 : 203
Node 437 : 309
AB is set to 60
Node 82 : 369
Node 437 : 309
AB is set to 52
Node 136 : 362
Node 199 : 310
AB is set to 51
Node 474 : 15
Node 486 : 66
c	Solution check:
p calculated antibandwidth = 51.
[runlim] sample:		40.0 time, 40.1 real, 1053.2 MB
c
c
c Antibandwidth problem with w = 52 ( R-dwt__503.mtx.rnd ):
c Initializing CaDiCaL (version 1.2.1).
c	Configuring CaDiCaL as --sat (1).
c Initializing a DuplexNSC encoder with n = 503.
c Encoding starts with w = 52:
c	Labels and Vertices aux var: 43258
c	Labels and Vertices constraints:  592534
c	Obj k aux var: 441634
c	Obj k constraints: 6734449
c	Obj k glue staircase constraints: 4919122
c	Encoding duration: 2s
c	Number of clauses: 7355402
c	Number of irredundant clauses: 7353343
c	Number of variables: 766069
c SAT Solving starts:
[runlim] sample:		50.0 time, 50.1 real, 1052.9 MB
c	Solving duration: 12283 ms
c	Answer: 
s SAT (w = 52)
AB is set to 125
Node 102 : 371
Node 437 : 246
AB is set to 61
Node 82 : 432
Node 102 : 371
AB is set to 54
Node 254 : 49
Node 469 : 103
AB is set to 52
Node 17 : 414
Node 45 : 362
c	Solution check:
p calculated antibandwidth = 52.
c
c
c Antibandwidth problem with w = 53 ( R-dwt__503.mtx.rnd ):
c Initializing CaDiCaL (version 1.2.1).
c	Configuring CaDiCaL as --sat (1).
c Initializing a DuplexNSC encoder with n = 503.
c Encoding starts with w = 53:
c	Labels and Vertices aux var: 43258
c	Labels and Vertices constraints:  592534
c	Obj k aux var: 440628
c	Obj k constraints: 6724910
c	Obj k glue staircase constraints: 4908074
c	Encoding duration: 2s
c	Number of clauses: 7346366
c	Number of irredundant clauses: 7344297
c	Number of variables: 765566
c SAT Solving starts:
[runlim] sample:		60.0 time, 60.1 real, 1067.2 MB
c	Solving duration: 11927 ms
c	Answer: 
s SAT (w = 53)
AB is set to 318
Node 102 : 339
Node 437 : 21
AB is set to 70
Node 82 : 409
Node 102 : 339
AB is set to 68
Node 254 : 100
Node 469 : 32
AB is set to 64
Node 268 : 337
Node 474 : 273
AB is set to 54
Node 17 : 417
Node 45 : 363
AB is set to 53
Node 7 : 470
Node 17 : 417
c	Solution check:
p calculated antibandwidth = 53.
c
c
c Antibandwidth problem with w = 54 ( R-dwt__503.mtx.rnd ):
c Initializing CaDiCaL (version 1.2.1).
c	Configuring CaDiCaL as --sat (1).
c Initializing a DuplexNSC encoder with n = 503.
c Encoding starts with w = 54:
[runlim] sample:		70.0 time, 70.1 real, 835.6 MB
c	Labels and Vertices aux var: 43258
c	Labels and Vertices constraints:  592534
c	Obj k aux var: 439622
c	Obj k constraints: 6715371
c	Obj k glue staircase constraints: 4897026
c	Encoding duration: 2s
c	Number of clauses: 7337833
c	Number of irredundant clauses: 7335753
c	Number of variables: 765566
c SAT Solving starts:
c	Solving duration: 6010 ms
c	Answer: 
s SAT (w = 54)
AB is set to 64
Node 102 : 369
Node 437 : 433
AB is set to 54
Node 3 : 379
Node 437 : 433
c	Solution check:
p calculated antibandwidth = 54.
c
c
c Antibandwidth problem with w = 55 ( R-dwt__503.mtx.rnd ):
c Initializing CaDiCaL (version 1.2.1).
c	Configuring CaDiCaL as --sat (1).
c Initializing a DuplexNSC encoder with n = 503.
c Encoding starts with w = 55:
[runlim] sample:		80.0 time, 80.1 real, 886.4 MB
c	Labels and Vertices aux var: 43258
c	Labels and Vertices constraints:  592534
c	Obj k aux var: 438616
c	Obj k constraints: 6705832
c	Obj k glue staircase constraints: 4885978
c	Encoding duration: 2s
c	Number of clauses: 7328797
c	Number of irredundant clauses: 7326707
c	Number of variables: 765063
c SAT Solving starts:
[runlim] sample:		90.0 time, 90.1 real, 1059.5 MB
[runlim] sample:		100.0 time, 100.1 real, 1068.0 MB
[runlim] sample:		110.0 time, 110.1 real, 1072.5 MB
c	Solving duration: 33860 ms
c	Answer: 
s SAT (w = 55)
AB is set to 242
Node 102 : 293
Node 437 : 51
AB is set to 59
Node 82 : 234
Node 102 : 293
AB is set to 56
Node 3 : 123
Node 385 : 179
AB is set to 55
Node 82 : 234
Node 385 : 179
c	Solution check:
p calculated antibandwidth = 55.
c
c
c Antibandwidth problem with w = 56 ( R-dwt__503.mtx.rnd ):
c Initializing CaDiCaL (version 1.2.1).
c	Configuring CaDiCaL as --sat (1).
c Initializing a DuplexNSC encoder with n = 503.
c Encoding starts with w = 56:
c	Labels and Vertices aux var: 43258
c	Labels and Vertices constraints:  588007
c	Obj k aux var: 438616
c	Obj k constraints: 6680435
c	Obj k glue staircase constraints: 4883216
c	Encoding duration: 2s
c	Number of clauses: 7296358
c	Number of irredundant clauses: 7293433
c	Number of variables: 762548
c SAT Solving starts:
[runlim] sample:		120.0 time, 120.1 real, 1067.7 MB
[runlim] sample:		130.0 time, 130.1 real, 1055.4 MB
[runlim] sample:		140.0 time, 140.1 real, 1067.1 MB
[runlim] sample:		150.0 time, 150.1 real, 1082.7 MB
[runlim] sample:		160.0 time, 160.1 real, 1074.5 MB
[runlim] sample:		170.0 time, 170.1 real, 1074.1 MB
[runlim] sample:		180.0 time, 180.1 real, 1079.0 MB
[runlim] sample:		190.0 time, 190.1 real, 1108.8 MB
[runlim] sample:		200.0 time, 200.1 real, 1074.2 MB
[runlim] sample:		210.0 time, 210.1 real, 1077.8 MB
[runlim] sample:		220.0 time, 220.1 real, 1180.3 MB
[runlim] sample:		230.0 time, 230.1 real, 1103.9 MB
[runlim] sample:		240.0 time, 240.1 real, 1103.9 MB
[runlim] sample:		250.0 time, 250.1 real, 1041.6 MB
[runlim] sample:		260.0 time, 260.1 real, 1030.5 MB
[runlim] sample:		270.0 time, 270.1 real, 1099.4 MB
[runlim] sample:		280.0 time, 280.1 real, 1090.2 MB
[runlim] sample:		290.0 time, 290.1 real, 1068.4 MB
[runlim] sample:		300.0 time, 300.1 real, 1068.4 MB
[runlim] sample:		310.0 time, 310.1 real, 1068.3 MB
[runlim] sample:		320.0 time, 320.1 real, 1076.5 MB
c	Solving duration: 210298 ms
c	Answer: 
s SAT (w = 56)
AB is set to 177
Node 102 : 338
Node 437 : 161
AB is set to 56
Node 82 : 394
Node 102 : 338
c	Solution check:
p calculated antibandwidth = 56.
c
c
c Antibandwidth problem with w = 57 ( R-dwt__503.mtx.rnd ):
c Initializing CaDiCaL (version 1.2.1).
c	Configuring CaDiCaL as --sat (1).
c Initializing a DuplexNSC encoder with n = 503.
c Encoding starts with w = 57:
c	Labels and Vertices aux var: 43258
c	Labels and Vertices constraints:  588007
c	Obj k aux var: 438113
c	Obj k constraints: 6670393
c	Obj k glue staircase constraints: 4872168
c	Encoding duration: 2s
c	Number of clauses: 7286819
c	Number of irredundant clauses: 7284889
c	Number of variables: 762548
c SAT Solving starts:
[runlim] sample:		330.0 time, 330.1 real, 888.4 MB
[runlim] sample:		340.0 time, 340.1 real, 1040.8 MB
[runlim] sample:		350.0 time, 350.1 real, 1056.9 MB
[runlim] sample:		360.0 time, 360.1 real, 1054.8 MB
[runlim] sample:		370.0 time, 370.1 real, 1239.3 MB
[runlim] sample:		380.0 time, 380.1 real, 1065.5 MB
c	Solving duration: 50868 ms
c	Answer: 
s SAT (w = 57)
AB is set to 101
Node 102 : 388
Node 437 : 287
AB is set to 83
Node 102 : 388
Node 345 : 305
AB is set to 65
Node 157 : 101
Node 329 : 166
AB is set to 57
Node 268 : 109
Node 329 : 166
c	Solution check:
p calculated antibandwidth = 57.
c
c
c Antibandwidth problem with w = 58 ( R-dwt__503.mtx.rnd ):
c Initializing CaDiCaL (version 1.2.1).
c	Configuring CaDiCaL as --sat (1).
c Initializing a DuplexNSC encoder with n = 503.
c Encoding starts with w = 58:
c	Labels and Vertices aux var: 43258
c	Labels and Vertices constraints:  588007
c	Obj k aux var: 437107
c	Obj k constraints: 6660351
c	Obj k glue staircase constraints: 4861120
c	Encoding duration: 2s
c	Number of clauses: 7277280
c	Number of irredundant clauses: 7275341
c	Number of variables: 762045
c SAT Solving starts:
[runlim] sample:		390.0 time, 390.1 real, 1061.6 MB
[runlim] sample:		400.0 time, 400.1 real, 1047.9 MB
[runlim] sample:		409.9 time, 410.1 real, 1048.1 MB
[runlim] sample:		420.0 time, 420.1 real, 1062.4 MB
[runlim] sample:		429.9 time, 430.1 real, 1060.7 MB
[runlim] sample:		439.9 time, 440.1 real, 1062.4 MB
c	Solving duration: 67201 ms
c	Answer: 
s SAT (w = 58)
AB is set to 153
Node 102 : 312
Node 437 : 159
AB is set to 88
Node 82 : 400
Node 102 : 312
AB is set to 58
Node 385 : 217
Node 437 : 159
c	Solution check:
p calculated antibandwidth = 58.
[runlim] sample:		449.9 time, 450.1 real, 831.3 MB
c
c
c Antibandwidth problem with w = 59 ( R-dwt__503.mtx.rnd ):
c Initializing CaDiCaL (version 1.2.1).
c	Configuring CaDiCaL as --sat (1).
c Initializing a DuplexNSC encoder with n = 503.
c Encoding starts with w = 59:
c	Labels and Vertices aux var: 43258
c	Labels and Vertices constraints:  588007
c	Obj k aux var: 436101
c	Obj k constraints: 6650309
c	Obj k glue staircase constraints: 4850072
c	Encoding duration: 2s
c	Number of clauses: 7267741
c	Number of irredundant clauses: 7265793
c	Number of variables: 761542
c SAT Solving starts:
[runlim] sample:		459.9 time, 460.1 real, 1057.6 MB
[runlim] sample:		469.9 time, 470.1 real, 1039.4 MB
[runlim] sample:		479.9 time, 480.1 real, 1236.0 MB
[runlim] sample:		489.9 time, 490.1 real, 1072.8 MB
[runlim] sample:		499.9 time, 500.1 real, 1075.5 MB
[runlim] sample:		509.9 time, 510.1 real, 1073.8 MB
[runlim] sample:		519.9 time, 520.1 real, 1074.6 MB
[runlim] sample:		529.9 time, 530.1 real, 1054.5 MB
[runlim] sample:		539.9 time, 540.1 real, 1078.1 MB
[runlim] sample:		549.9 time, 550.1 real, 1076.0 MB
[runlim] sample:		559.9 time, 560.1 real, 1078.6 MB
[runlim] sample:		569.9 time, 570.1 real, 1078.6 MB
[runlim] sample:		579.9 time, 580.1 real, 1078.9 MB
c	Solving duration: 131334 ms
c	Answer: 
s SAT (w = 59)
AB is set to 89
Node 102 : 358
Node 437 : 269
AB is set to 81
Node 102 : 358
Node 385 : 439
AB is set to 68
Node 3 : 357
Node 344 : 289
AB is set to 59
Node 136 : 400
Node 199 : 459
c	Solution check:
p calculated antibandwidth = 59.
c
c
c Antibandwidth problem with w = 60 ( R-dwt__503.mtx.rnd ):
c Initializing CaDiCaL (version 1.2.1).
c	Configuring CaDiCaL as --sat (1).
c Initializing a DuplexNSC encoder with n = 503.
c Encoding starts with w = 60:
c	Labels and Vertices aux var: 43258
c	Labels and Vertices constraints:  588007
c	Obj k aux var: 435095
c	Obj k constraints: 6640267
c	Obj k glue staircase constraints: 4839024
c	Encoding duration: 2s
c	Number of clauses: 7258202
c	Number of irredundant clauses: 7256245
c	Number of variables: 761039
c SAT Solving starts:
[runlim] sample:		589.9 time, 590.1 real, 1002.8 MB
[runlim] sample:		599.9 time, 600.1 real, 994.5 MB
[runlim] sample:		609.9 time, 610.1 real, 1045.0 MB
[runlim] sample:		619.9 time, 620.1 real, 1046.9 MB
[runlim] sample:		629.9 time, 630.1 real, 1048.4 MB
[runlim] sample:		639.9 time, 640.1 real, 1049.8 MB
[runlim] sample:		649.9 time, 650.1 real, 1054.9 MB
[runlim] sample:		659.9 time, 660.1 real, 1050.6 MB
[runlim] sample:		669.9 time, 670.1 real, 1052.5 MB
[runlim] sample:		679.9 time, 680.1 real, 1051.1 MB
[runlim] sample:		689.9 time, 690.1 real, 1057.3 MB
[runlim] sample:		699.9 time, 700.1 real, 1059.0 MB
[runlim] sample:		709.9 time, 710.1 real, 1059.0 MB
c	Solving duration: 125846 ms
c	Answer: 
s SAT (w = 60)
AB is set to 286
Node 102 : 346
Node 437 : 60
AB is set to 120
Node 82 : 466
Node 102 : 346
AB is set to 62
Node 102 : 346
Node 385 : 284
AB is set to 60
Node 3 : 120
Node 437 : 60
c	Solution check:
p calculated antibandwidth = 60.
c
c
c Antibandwidth problem with w = 61 ( R-dwt__503.mtx.rnd ):
c Initializing CaDiCaL (version 1.2.1).
c	Configuring CaDiCaL as --sat (1).
c Initializing a DuplexNSC encoder with n = 503.
c Encoding starts with w = 61:
c	Labels and Vertices aux var: 43258
c	Labels and Vertices constraints:  588007
c	Obj k aux var: 434089
c	Obj k constraints: 6630225
c	Obj k glue staircase constraints: 4827976
c	Encoding duration: 2s
c	Number of clauses: 7248663
c	Number of irredundant clauses: 7246697
c	Number of variables: 760536
c SAT Solving starts:
[runlim] sample:		719.9 time, 720.1 real, 1047.1 MB
[runlim] sample:		729.9 time, 730.1 real, 1040.5 MB
[runlim] sample:		739.9 time, 740.1 real, 1043.1 MB
[runlim] sample:		749.9 time, 750.1 real, 1049.8 MB
[runlim] sample:		759.9 time, 760.1 real, 1044.2 MB
[runlim] sample:		769.9 time, 770.1 real, 1049.1 MB
[runlim] sample:		779.9 time, 780.1 real, 1028.1 MB
[runlim] sample:		789.9 time, 790.1 real, 1044.2 MB
[runlim] sample:		799.9 time, 800.1 real, 1048.2 MB
[runlim] sample:		809.9 time, 810.1 real, 1054.4 MB
[runlim] sample:		819.9 time, 820.1 real, 1054.4 MB
[runlim] sample:		829.9 time, 830.1 real, 1049.6 MB
[runlim] sample:		839.9 time, 840.1 real, 1033.6 MB
[runlim] sample:		849.9 time, 850.1 real, 1033.7 MB
[runlim] sample:		859.9 time, 860.1 real, 1047.7 MB
[runlim] sample:		869.9 time, 870.1 real, 1096.2 MB
[runlim] sample:		879.9 time, 880.1 real, 1096.2 MB
[runlim] sample:		889.9 time, 890.1 real, 1088.4 MB
[runlim] sample:		899.9 time, 900.1 real, 1088.4 MB
c	Solving duration: 192783 ms
c	Answer: 
s SAT (w = 61)
AB is set to 192
Node 102 : 439
Node 437 : 247
AB is set to 116
Node 4 : 323
Node 102 : 439
AB is set to 75
Node 82 : 172
Node 437 : 247
AB is set to 69
Node 3 : 476
Node 344 : 407
AB is set to 64
Node 136 : 99
Node 403 : 163
AB is set to 61
Node 403 : 163
Node 474 : 102
c	Solution check:
p calculated antibandwidth = 61.
c
c
c Antibandwidth problem with w = 62 ( R-dwt__503.mtx.rnd ):
c Initializing CaDiCaL (version 1.2.1).
c	Configuring CaDiCaL as --sat (1).
c Initializing a DuplexNSC encoder with n = 503.
c Encoding starts with w = 62:
c	Labels and Vertices aux var: 43258
c	Labels and Vertices constraints:  588007
c	Obj k aux var: 433083
c	Obj k constraints: 6620183
c	Obj k glue staircase constraints: 4816928
c	Encoding duration: 2s
c	Number of clauses: 7239124
c	Number of irredundant clauses: 7237149
c	Number of variables: 760033
c SAT Solving starts:
[runlim] sample:		909.9 time, 910.1 real, 867.5 MB
[runlim] sample:		919.9 time, 920.1 real, 1023.8 MB
[runlim] sample:		929.9 time, 930.1 real, 1041.9 MB
[runlim] sample:		939.9 time, 940.1 real, 1042.6 MB
[runlim] sample:		949.9 time, 950.1 real, 1042.4 MB
[runlim] sample:		959.9 time, 960.1 real, 1042.3 MB
[runlim] sample:		969.9 time, 970.1 real, 1217.6 MB
[runlim] sample:		979.9 time, 980.1 real, 1044.0 MB
[runlim] sample:		989.9 time, 990.1 real, 1046.0 MB
[runlim] sample:		999.9 time, 1000.1 real, 1047.7 MB
[runlim] sample:		1009.9 time, 1010.1 real, 1048.2 MB
[runlim] sample:		1019.9 time, 1020.1 real, 1056.3 MB
[runlim] sample:		1029.9 time, 1030.1 real, 1056.3 MB
[runlim] sample:		1039.9 time, 1040.1 real, 1234.6 MB
[runlim] sample:		1049.9 time, 1050.1 real, 1057.6 MB
[runlim] sample:		1059.9 time, 1060.1 real, 1057.7 MB
[runlim] sample:		1069.9 time, 1070.1 real, 1057.6 MB
[runlim] sample:		1079.9 time, 1080.1 real, 1060.2 MB
[runlim] sample:		1089.9 time, 1090.1 real, 1061.1 MB
[runlim] sample:		1099.9 time, 1100.1 real, 1061.1 MB
[runlim] sample:		1109.9 time, 1110.1 real, 1060.3 MB
[runlim] sample:		1119.9 time, 1120.1 real, 1063.6 MB
[runlim] sample:		1129.9 time, 1130.1 real, 1063.1 MB
[runlim] sample:		1139.9 time, 1140.1 real, 1015.9 MB
[runlim] sample:		1149.9 time, 1150.1 real, 1039.8 MB
[runlim] sample:		1159.9 time, 1160.1 real, 1041.2 MB
[runlim] sample:		1169.9 time, 1170.1 real, 1042.8 MB
[runlim] sample:		1179.9 time, 1180.1 real, 1042.7 MB
[runlim] sample:		1189.9 time, 1190.1 real, 1041.8 MB
[runlim] sample:		1199.9 time, 1200.1 real, 1041.8 MB
[runlim] sample:		1209.9 time, 1210.1 real, 1228.0 MB
[runlim] sample:		1219.9 time, 1220.1 real, 1042.2 MB
[runlim] sample:		1229.9 time, 1230.1 real, 1043.4 MB
[runlim] sample:		1239.9 time, 1240.1 real, 1043.4 MB
[runlim] sample:		1249.9 time, 1250.1 real, 1020.1 MB
[runlim] sample:		1259.9 time, 1260.1 real, 1045.9 MB
[runlim] sample:		1269.9 time, 1270.1 real, 1054.5 MB
[runlim] sample:		1279.9 time, 1280.1 real, 1054.4 MB
[runlim] sample:		1289.9 time, 1290.1 real, 1254.1 MB
[runlim] sample:		1299.9 time, 1300.1 real, 1057.6 MB
[runlim] sample:		1309.9 time, 1310.1 real, 1073.6 MB
[runlim] sample:		1319.9 time, 1320.1 real, 1071.5 MB
[runlim] sample:		1329.9 time, 1330.1 real, 1062.8 MB
[runlim] sample:		1339.9 time, 1340.1 real, 1106.3 MB
[runlim] sample:		1349.9 time, 1350.1 real, 1107.3 MB
[runlim] sample:		1359.9 time, 1360.1 real, 1107.3 MB
[runlim] sample:		1369.9 time, 1370.1 real, 1117.1 MB
[runlim] sample:		1379.9 time, 1380.1 real, 1117.1 MB
[runlim] sample:		1389.9 time, 1390.1 real, 1119.3 MB
[runlim] sample:		1399.9 time, 1400.1 real, 1117.1 MB
[runlim] sample:		1409.9 time, 1410.1 real, 1117.1 MB
[runlim] sample:		1419.9 time, 1420.1 real, 1113.8 MB
[runlim] sample:		1429.9 time, 1430.1 real, 1113.8 MB
[runlim] sample:		1439.9 time, 1440.1 real, 1113.9 MB
[runlim] sample:		1449.9 time, 1450.1 real, 1113.9 MB
[runlim] sample:		1459.9 time, 1460.1 real, 1320.3 MB
[runlim] sample:		1469.9 time, 1470.1 real, 1117.4 MB
[runlim] sample:		1479.9 time, 1480.1 real, 1323.1 MB
[runlim] sample:		1489.9 time, 1490.1 real, 1083.9 MB
[runlim] sample:		1499.9 time, 1500.1 real, 1115.8 MB
[runlim] sample:		1509.9 time, 1510.1 real, 1115.8 MB
[runlim] sample:		1519.9 time, 1520.1 real, 1125.8 MB
[runlim] sample:		1529.9 time, 1530.1 real, 1125.8 MB
[runlim] sample:		1539.9 time, 1540.1 real, 1159.9 MB
[runlim] sample:		1549.9 time, 1550.1 real, 1159.9 MB
[runlim] sample:		1559.9 time, 1560.1 real, 1172.1 MB
[runlim] sample:		1569.9 time, 1570.1 real, 1172.1 MB
[runlim] sample:		1579.9 time, 1580.1 real, 1214.0 MB
[runlim] sample:		1589.9 time, 1590.1 real, 1130.1 MB
[runlim] sample:		1599.9 time, 1600.1 real, 1151.7 MB
[runlim] sample:		1609.9 time, 1610.1 real, 1151.7 MB
[runlim] sample:		1619.9 time, 1620.1 real, 1153.8 MB
[runlim] sample:		1629.9 time, 1630.1 real, 1153.8 MB
[runlim] sample:		1639.9 time, 1640.1 real, 1160.8 MB
[runlim] sample:		1649.9 time, 1650.1 real, 1160.8 MB
[runlim] sample:		1659.9 time, 1660.1 real, 1157.4 MB
[runlim] sample:		1669.9 time, 1670.1 real, 1135.7 MB
[runlim] sample:		1679.9 time, 1680.1 real, 1154.2 MB
[runlim] sample:		1689.9 time, 1690.1 real, 1154.2 MB
[runlim] sample:		1699.9 time, 1700.1 real, 1152.8 MB
[runlim] sample:		1709.9 time, 1710.1 real, 1152.8 MB
[runlim] sample:		1719.9 time, 1720.1 real, 1155.8 MB
[runlim] sample:		1729.9 time, 1730.1 real, 1167.3 MB
[runlim] sample:		1739.9 time, 1740.1 real, 1167.3 MB
[runlim] sample:		1749.8 time, 1750.1 real, 1167.3 MB
[runlim] sample:		1759.8 time, 1760.1 real, 1167.3 MB
[runlim] sample:		1769.8 time, 1770.1 real, 1165.4 MB
[runlim] sample:		1779.8 time, 1780.1 real, 1165.4 MB
[runlim] sample:		1789.8 time, 1790.1 real, 1256.6 MB
c Signal interruption.
[runlim] end:			Tue Sep 24 10:21:38 2024
[runlim] status:		out of time
[runlim] result:		2
[runlim] children:		0
[runlim] real:			1800.06 seconds
[runlim] time:			1799.75 seconds
[runlim] space:			1567.8 MB
[runlim] samples:		17999
