[runlim] version:		1.10
[runlim] time limit:		1800 seconds
[runlim] real time limit:	1800 seconds
[runlim] space limit:		30000 MB
[runlim] argv[0]:		/home/truongxuanhieu/AntiBandwidthReconstruct/build/abw_enc_symbreak_first_node_hybrid_NSC_binomial
[runlim] argv[1]:		/home/truongxuanhieu/AntiBandwidthReconstruct/build/Benchmarks/J-nos4.mtx.rnd
[runlim] argv[2]:		--duplexNSC
[runlim] start:			Sun Sep 29 14:53:37 2024
[runlim] main pid:		22698
[runlim] log captured:
c DuplexEncoder 0.8.
c Solving strategy: from LB to UB.
c LB-w = 32 (LB in Sinnl - A note on computational approaches for the antibandwidth problem).
c UB-w = 40 (UB in Sinnl - A note on computational approaches for the antibandwidth problem).
c Antibandwidth problem with w = 32 ( J-nos4.mtx.rnd ):
c Initializing CaDiCaL (version 1.2.1).
c	Configuring CaDiCaL as --sat (1).
c Initializing a DuplexNSC encoder with n = 100.
c Encoding starts with w = 32:
c	Labels and Vertices aux var: 3600
c	Labels and Vertices constraints:  25800
c	Obj k aux var: 13000
c	Obj k constraints: 124349
c	Obj k glue staircase constraints: 65949
c	Encoding duration: 0s
c	Number of clauses: 150199
c	Number of irredundant clauses: 149795
c	Number of variables: 26600
c SAT Solving starts:
c	Solving duration: 5596 ms
c	Answer: 
s SAT (w = 32)
AB is set to 32
Node 5 : 38
Node 55 : 6
c	Solution check:
p calculated antibandwidth = 32.
c
c
c Antibandwidth problem with w = 33 ( J-nos4.mtx.rnd ):
c Initializing CaDiCaL (version 1.2.1).
c	Configuring CaDiCaL as --sat (1).
c Initializing a DuplexNSC encoder with n = 100.
c Encoding starts with w = 33:
c	Labels and Vertices aux var: 3600
c	Labels and Vertices constraints:  25800
c	Obj k aux var: 12800
c	Obj k constraints: 123061
c	Obj k glue staircase constraints: 64961
c	Encoding duration: 0s
c	Number of clauses: 148911
c	Number of irredundant clauses: 148522
c	Number of variables: 26400
c SAT Solving starts:
c	Solving duration: 2284 ms
c	Answer: 
s SAT (w = 33)
AB is set to 33
Node 5 : 3
Node 55 : 36
c	Solution check:
p calculated antibandwidth = 33.
c
c
c Antibandwidth problem with w = 34 ( J-nos4.mtx.rnd ):
c Initializing CaDiCaL (version 1.2.1).
c	Configuring CaDiCaL as --sat (1).
c Initializing a DuplexNSC encoder with n = 100.
c Encoding starts with w = 34:
c	Labels and Vertices aux var: 3600
c	Labels and Vertices constraints:  25500
c	Obj k aux var: 12900
c	Obj k constraints: 119914
c	Obj k glue staircase constraints: 64714
c	Encoding duration: 0s
c	Number of clauses: 145464
c	Number of irredundant clauses: 145141
c	Number of variables: 26500
c SAT Solving starts:
[runlim] sample:		10.0 time, 10.6 real, 51.5 MB
[runlim] sample:		20.0 time, 20.6 real, 63.1 MB
[runlim] sample:		30.0 time, 30.6 real, 79.9 MB
[runlim] sample:		40.0 time, 40.6 real, 85.4 MB
[runlim] sample:		50.0 time, 50.6 real, 104.5 MB
[runlim] sample:		60.0 time, 60.6 real, 91.1 MB
[runlim] sample:		70.0 time, 70.6 real, 103.8 MB
[runlim] sample:		80.0 time, 80.6 real, 70.9 MB
[runlim] sample:		90.0 time, 90.6 real, 152.6 MB
[runlim] sample:		100.0 time, 100.6 real, 166.5 MB
[runlim] sample:		110.0 time, 110.6 real, 126.1 MB
[runlim] sample:		120.0 time, 120.6 real, 140.7 MB
[runlim] sample:		130.0 time, 130.6 real, 108.6 MB
[runlim] sample:		140.0 time, 140.6 real, 113.1 MB
[runlim] sample:		150.0 time, 150.6 real, 136.1 MB
[runlim] sample:		160.0 time, 160.6 real, 127.7 MB
[runlim] sample:		170.0 time, 170.6 real, 169.0 MB
[runlim] sample:		180.0 time, 180.6 real, 192.0 MB
c	Solving duration: 181635 ms
c	Answer: 
s SAT (w = 34)
AB is set to 34
Node 5 : 1
Node 55 : 35
c	Solution check:
p calculated antibandwidth = 34.
c
c
c Antibandwidth problem with w = 35 ( J-nos4.mtx.rnd ):
c Initializing CaDiCaL (version 1.2.1).
c	Configuring CaDiCaL as --sat (1).
c Initializing a DuplexNSC encoder with n = 100.
c Encoding starts with w = 35:
c	Labels and Vertices aux var: 3600
c	Labels and Vertices constraints:  25500
c	Obj k aux var: 12700
c	Obj k constraints: 118526
c	Obj k glue staircase constraints: 63726
c	Encoding duration: 0s
c	Number of clauses: 144076
c	Number of irredundant clauses: 143751
c	Number of variables: 26300
c SAT Solving starts:
[runlim] sample:		190.0 time, 190.6 real, 127.8 MB
[runlim] sample:		200.0 time, 200.6 real, 128.3 MB
[runlim] sample:		210.0 time, 210.6 real, 134.4 MB
[runlim] sample:		220.0 time, 220.6 real, 149.7 MB
[runlim] sample:		230.0 time, 230.6 real, 151.3 MB
[runlim] sample:		240.0 time, 240.6 real, 151.3 MB
[runlim] sample:		250.0 time, 250.6 real, 162.7 MB
[runlim] sample:		260.0 time, 260.6 real, 162.7 MB
[runlim] sample:		270.0 time, 270.6 real, 132.7 MB
[runlim] sample:		280.0 time, 280.6 real, 123.9 MB
[runlim] sample:		290.0 time, 290.6 real, 133.2 MB
[runlim] sample:		300.0 time, 300.6 real, 145.4 MB
[runlim] sample:		310.0 time, 310.6 real, 145.4 MB
[runlim] sample:		320.0 time, 320.6 real, 145.4 MB
[runlim] sample:		330.0 time, 330.6 real, 145.4 MB
[runlim] sample:		340.0 time, 340.6 real, 145.4 MB
[runlim] sample:		350.0 time, 350.6 real, 176.7 MB
[runlim] sample:		360.0 time, 360.6 real, 180.1 MB
[runlim] sample:		370.0 time, 370.6 real, 181.9 MB
[runlim] sample:		380.0 time, 380.6 real, 145.4 MB
[runlim] sample:		390.0 time, 390.6 real, 145.4 MB
[runlim] sample:		400.0 time, 400.6 real, 158.7 MB
[runlim] sample:		410.0 time, 410.6 real, 133.9 MB
[runlim] sample:		420.0 time, 420.6 real, 162.2 MB
[runlim] sample:		430.0 time, 430.6 real, 193.7 MB
[runlim] sample:		440.0 time, 440.6 real, 170.2 MB
[runlim] sample:		450.0 time, 450.6 real, 177.4 MB
[runlim] sample:		460.0 time, 460.6 real, 147.1 MB
[runlim] sample:		470.0 time, 470.6 real, 209.8 MB
[runlim] sample:		480.0 time, 480.6 real, 147.3 MB
[runlim] sample:		490.0 time, 490.6 real, 161.1 MB
[runlim] sample:		500.0 time, 500.6 real, 134.0 MB
[runlim] sample:		510.0 time, 510.6 real, 143.5 MB
[runlim] sample:		520.0 time, 520.6 real, 130.8 MB
[runlim] sample:		530.0 time, 530.6 real, 149.2 MB
[runlim] sample:		540.0 time, 540.6 real, 208.7 MB
[runlim] sample:		550.0 time, 550.6 real, 149.2 MB
[runlim] sample:		560.0 time, 560.6 real, 155.8 MB
[runlim] sample:		570.0 time, 570.6 real, 155.8 MB
[runlim] sample:		580.0 time, 580.6 real, 192.8 MB
[runlim] sample:		590.0 time, 590.6 real, 155.8 MB
[runlim] sample:		600.0 time, 600.6 real, 155.8 MB
[runlim] sample:		610.0 time, 610.6 real, 206.5 MB
[runlim] sample:		620.0 time, 620.6 real, 190.8 MB
[runlim] sample:		630.0 time, 630.6 real, 155.8 MB
[runlim] sample:		640.0 time, 640.6 real, 208.0 MB
[runlim] sample:		650.0 time, 650.6 real, 155.8 MB
[runlim] sample:		660.0 time, 660.6 real, 195.8 MB
[runlim] sample:		670.0 time, 670.6 real, 188.5 MB
[runlim] sample:		680.0 time, 680.6 real, 202.0 MB
[runlim] sample:		690.0 time, 690.6 real, 155.8 MB
[runlim] sample:		700.0 time, 700.6 real, 157.1 MB
[runlim] sample:		710.0 time, 710.6 real, 163.2 MB
[runlim] sample:		720.0 time, 720.6 real, 163.3 MB
[runlim] sample:		730.0 time, 730.6 real, 163.3 MB
[runlim] sample:		740.0 time, 740.6 real, 163.3 MB
[runlim] sample:		750.0 time, 750.6 real, 231.4 MB
[runlim] sample:		760.0 time, 760.6 real, 229.4 MB
[runlim] sample:		770.0 time, 770.6 real, 191.2 MB
[runlim] sample:		780.0 time, 780.6 real, 144.6 MB
[runlim] sample:		790.0 time, 790.6 real, 152.6 MB
[runlim] sample:		800.0 time, 800.6 real, 171.8 MB
[runlim] sample:		810.0 time, 810.6 real, 187.1 MB
[runlim] sample:		820.0 time, 820.6 real, 165.5 MB
[runlim] sample:		830.0 time, 830.6 real, 195.5 MB
[runlim] sample:		840.0 time, 840.6 real, 261.2 MB
[runlim] sample:		850.0 time, 850.6 real, 254.2 MB
[runlim] sample:		860.0 time, 860.6 real, 200.2 MB
[runlim] sample:		870.0 time, 870.6 real, 152.8 MB
[runlim] sample:		880.0 time, 880.6 real, 261.4 MB
[runlim] sample:		890.0 time, 890.6 real, 335.1 MB
[runlim] sample:		900.0 time, 900.6 real, 269.4 MB
[runlim] sample:		910.0 time, 910.6 real, 347.0 MB
[runlim] sample:		920.0 time, 920.6 real, 274.2 MB
[runlim] sample:		930.0 time, 930.6 real, 269.0 MB
[runlim] sample:		940.0 time, 940.6 real, 285.0 MB
[runlim] sample:		950.0 time, 950.6 real, 263.1 MB
[runlim] sample:		960.0 time, 960.6 real, 263.1 MB
[runlim] sample:		970.0 time, 970.6 real, 233.9 MB
[runlim] sample:		980.0 time, 980.6 real, 212.8 MB
[runlim] sample:		989.9 time, 990.6 real, 215.0 MB
[runlim] sample:		1000.0 time, 1000.6 real, 238.1 MB
[runlim] sample:		1010.0 time, 1010.6 real, 277.1 MB
[runlim] sample:		1019.9 time, 1020.6 real, 235.4 MB
[runlim] sample:		1030.0 time, 1030.6 real, 235.2 MB
[runlim] sample:		1039.9 time, 1040.6 real, 177.7 MB
[runlim] sample:		1049.9 time, 1050.6 real, 191.5 MB
[runlim] sample:		1059.9 time, 1060.6 real, 191.5 MB
[runlim] sample:		1069.9 time, 1070.6 real, 244.4 MB
[runlim] sample:		1079.9 time, 1080.6 real, 191.6 MB
[runlim] sample:		1089.9 time, 1090.6 real, 197.6 MB
[runlim] sample:		1099.9 time, 1100.6 real, 207.0 MB
[runlim] sample:		1109.9 time, 1110.6 real, 152.2 MB
[runlim] sample:		1119.9 time, 1120.6 real, 211.7 MB
[runlim] sample:		1129.9 time, 1130.6 real, 213.0 MB
[runlim] sample:		1139.9 time, 1140.6 real, 196.5 MB
[runlim] sample:		1149.9 time, 1150.6 real, 265.3 MB
[runlim] sample:		1159.9 time, 1160.6 real, 282.6 MB
[runlim] sample:		1169.9 time, 1170.6 real, 244.2 MB
[runlim] sample:		1179.9 time, 1180.6 real, 277.0 MB
[runlim] sample:		1189.9 time, 1190.6 real, 222.4 MB
[runlim] sample:		1199.9 time, 1200.6 real, 213.2 MB
[runlim] sample:		1209.9 time, 1210.6 real, 214.0 MB
[runlim] sample:		1219.9 time, 1220.6 real, 256.0 MB
[runlim] sample:		1229.9 time, 1230.6 real, 327.2 MB
[runlim] sample:		1239.9 time, 1240.6 real, 379.8 MB
[runlim] sample:		1249.9 time, 1250.6 real, 379.8 MB
[runlim] sample:		1259.9 time, 1260.6 real, 214.1 MB
[runlim] sample:		1269.9 time, 1270.6 real, 298.1 MB
[runlim] sample:		1279.9 time, 1280.6 real, 295.5 MB
[runlim] sample:		1289.9 time, 1290.6 real, 270.8 MB
[runlim] sample:		1299.9 time, 1300.6 real, 284.0 MB
[runlim] sample:		1309.9 time, 1310.6 real, 284.0 MB
[runlim] sample:		1319.9 time, 1320.6 real, 270.9 MB
[runlim] sample:		1329.9 time, 1330.6 real, 306.1 MB
[runlim] sample:		1339.9 time, 1340.6 real, 214.1 MB
[runlim] sample:		1349.9 time, 1350.6 real, 275.2 MB
[runlim] sample:		1359.9 time, 1360.6 real, 275.2 MB
[runlim] sample:		1369.9 time, 1370.6 real, 308.8 MB
[runlim] sample:		1379.9 time, 1380.6 real, 310.4 MB
[runlim] sample:		1389.9 time, 1390.6 real, 329.4 MB
[runlim] sample:		1399.9 time, 1400.6 real, 239.3 MB
[runlim] sample:		1409.9 time, 1410.6 real, 239.3 MB
[runlim] sample:		1419.9 time, 1420.6 real, 199.9 MB
[runlim] sample:		1429.9 time, 1430.6 real, 224.0 MB
[runlim] sample:		1439.9 time, 1440.6 real, 269.6 MB
[runlim] sample:		1449.9 time, 1450.6 real, 424.1 MB
[runlim] sample:		1459.9 time, 1460.6 real, 311.7 MB
[runlim] sample:		1469.9 time, 1470.6 real, 314.0 MB
[runlim] sample:		1479.9 time, 1480.6 real, 294.9 MB
[runlim] sample:		1489.9 time, 1490.6 real, 294.7 MB
[runlim] sample:		1499.9 time, 1500.6 real, 299.4 MB
[runlim] sample:		1509.9 time, 1510.6 real, 311.0 MB
[runlim] sample:		1519.9 time, 1520.6 real, 299.7 MB
[runlim] sample:		1529.9 time, 1530.6 real, 299.7 MB
[runlim] sample:		1539.9 time, 1540.6 real, 348.4 MB
[runlim] sample:		1549.9 time, 1550.6 real, 302.2 MB
[runlim] sample:		1559.9 time, 1560.6 real, 305.4 MB
[runlim] sample:		1569.9 time, 1570.6 real, 352.3 MB
[runlim] sample:		1579.9 time, 1580.6 real, 344.9 MB
[runlim] sample:		1589.9 time, 1590.6 real, 312.5 MB
[runlim] sample:		1599.9 time, 1600.6 real, 312.5 MB
[runlim] sample:		1609.9 time, 1610.6 real, 345.1 MB
[runlim] sample:		1619.9 time, 1620.6 real, 345.1 MB
[runlim] sample:		1629.9 time, 1630.6 real, 344.5 MB
[runlim] sample:		1639.9 time, 1640.6 real, 346.6 MB
[runlim] sample:		1649.9 time, 1650.6 real, 293.0 MB
[runlim] sample:		1659.9 time, 1660.6 real, 293.0 MB
[runlim] sample:		1669.9 time, 1670.6 real, 355.4 MB
[runlim] sample:		1679.9 time, 1680.6 real, 348.5 MB
[runlim] sample:		1689.9 time, 1690.6 real, 348.5 MB
[runlim] sample:		1699.9 time, 1700.6 real, 438.6 MB
[runlim] sample:		1709.9 time, 1710.6 real, 438.6 MB
[runlim] sample:		1719.9 time, 1720.6 real, 442.9 MB
[runlim] sample:		1729.9 time, 1730.6 real, 356.0 MB
[runlim] sample:		1739.9 time, 1740.6 real, 356.0 MB
[runlim] sample:		1749.9 time, 1750.6 real, 343.9 MB
[runlim] sample:		1759.9 time, 1760.6 real, 343.9 MB
[runlim] sample:		1769.9 time, 1770.6 real, 388.6 MB
[runlim] sample:		1779.9 time, 1780.6 real, 388.6 MB
[runlim] sample:		1789.9 time, 1790.6 real, 385.2 MB
c Signal interruption.
[runlim] end:			Sun Sep 29 15:23:37 2024
[runlim] status:		out of time
[runlim] result:		2
[runlim] children:		0
[runlim] real:			1800.07 seconds
[runlim] time:			1799.31 seconds
[runlim] space:			630.1 MB
[runlim] samples:		17994
