[runlim] version:		1.10
[runlim] time limit:		1800 seconds
[runlim] real time limit:	1800 seconds
[runlim] space limit:		30000 MB
[runlim] argv[0]:		/home/truongxuanhieu/AntiBandwidthReconstruct/build/abw_enc_symbreak_first_node_hybrid_NSC_binomial
[runlim] argv[1]:		/home/truongxuanhieu/AntiBandwidthReconstruct/build/Benchmarks/K-dwt__234.mtx.rnd
[runlim] argv[2]:		--duplexNSC
[runlim] start:			Sun Sep 29 15:23:37 2024
[runlim] main pid:		23419
[runlim] log captured:
c DuplexEncoder 0.8.
c Solving strategy: from LB to UB.
c LB-w = 46 (LB in Sinnl - A note on computational approaches for the antibandwidth problem).
c UB-w = 58 (UB in Sinnl - A note on computational approaches for the antibandwidth problem).
c Antibandwidth problem with w = 46 ( K-dwt__234.mtx.rnd ):
c Initializing CaDiCaL (version 1.2.1).
c	Configuring CaDiCaL as --sat (1).
c Initializing a DuplexNSC encoder with n = 117.
c Encoding starts with w = 46:
c	Labels and Vertices aux var: 4680
c	Labels and Vertices constraints:  34515
c	Obj k aux var: 16263
c	Obj k constraints: 118575
c	Obj k glue staircase constraints: 45684
c	Encoding duration: 0s
c	Number of clauses: 153148
c	Number of irredundant clauses: 152754
c	Number of variables: 34632
c SAT Solving starts:
[runlim] sample:		10.0 time, 10.1 real, 68.1 MB
[runlim] sample:		20.0 time, 20.1 real, 121.1 MB
[runlim] sample:		30.0 time, 30.1 real, 147.3 MB
[runlim] sample:		40.0 time, 40.1 real, 157.1 MB
[runlim] sample:		50.0 time, 50.1 real, 86.8 MB
[runlim] sample:		60.0 time, 60.1 real, 158.1 MB
[runlim] sample:		70.0 time, 70.1 real, 163.2 MB
[runlim] sample:		80.0 time, 80.1 real, 170.7 MB
[runlim] sample:		90.0 time, 90.1 real, 132.4 MB
[runlim] sample:		100.0 time, 100.1 real, 128.2 MB
[runlim] sample:		110.0 time, 110.1 real, 218.5 MB
[runlim] sample:		120.0 time, 120.1 real, 268.1 MB
[runlim] sample:		130.0 time, 130.1 real, 152.6 MB
[runlim] sample:		140.0 time, 140.1 real, 162.9 MB
[runlim] sample:		150.0 time, 150.1 real, 162.9 MB
[runlim] sample:		160.0 time, 160.1 real, 273.9 MB
[runlim] sample:		170.0 time, 170.1 real, 339.4 MB
[runlim] sample:		180.0 time, 180.1 real, 316.2 MB
[runlim] sample:		190.0 time, 190.1 real, 319.3 MB
[runlim] sample:		200.0 time, 200.1 real, 316.6 MB
[runlim] sample:		210.0 time, 210.1 real, 338.1 MB
[runlim] sample:		220.0 time, 220.1 real, 261.5 MB
[runlim] sample:		230.0 time, 230.1 real, 301.2 MB
[runlim] sample:		240.0 time, 240.1 real, 215.7 MB
[runlim] sample:		250.0 time, 250.1 real, 185.2 MB
[runlim] sample:		260.0 time, 260.1 real, 242.0 MB
[runlim] sample:		270.0 time, 270.1 real, 242.0 MB
[runlim] sample:		280.0 time, 280.1 real, 277.8 MB
[runlim] sample:		290.0 time, 290.1 real, 242.2 MB
[runlim] sample:		300.0 time, 300.1 real, 300.4 MB
[runlim] sample:		310.0 time, 310.1 real, 427.5 MB
[runlim] sample:		320.0 time, 320.1 real, 242.2 MB
[runlim] sample:		330.0 time, 330.1 real, 242.2 MB
[runlim] sample:		340.0 time, 340.1 real, 190.8 MB
[runlim] sample:		350.0 time, 350.1 real, 228.9 MB
[runlim] sample:		360.0 time, 360.1 real, 300.7 MB
[runlim] sample:		370.0 time, 370.1 real, 401.5 MB
[runlim] sample:		380.0 time, 380.1 real, 229.4 MB
[runlim] sample:		390.0 time, 390.1 real, 229.4 MB
[runlim] sample:		400.0 time, 400.1 real, 229.4 MB
[runlim] sample:		410.0 time, 410.1 real, 445.2 MB
[runlim] sample:		420.0 time, 420.1 real, 481.8 MB
[runlim] sample:		430.0 time, 430.1 real, 481.8 MB
[runlim] sample:		439.9 time, 440.1 real, 473.7 MB
[runlim] sample:		449.9 time, 450.1 real, 326.6 MB
[runlim] sample:		459.9 time, 460.1 real, 310.6 MB
[runlim] sample:		469.9 time, 470.1 real, 365.4 MB
[runlim] sample:		479.9 time, 480.1 real, 274.3 MB
[runlim] sample:		489.9 time, 490.1 real, 311.9 MB
[runlim] sample:		499.9 time, 500.1 real, 274.3 MB
[runlim] sample:		509.9 time, 510.1 real, 274.3 MB
[runlim] sample:		520.0 time, 520.1 real, 308.8 MB
[runlim] sample:		530.0 time, 530.1 real, 274.9 MB
[runlim] sample:		540.0 time, 540.1 real, 323.4 MB
[runlim] sample:		549.9 time, 550.1 real, 409.7 MB
[runlim] sample:		559.9 time, 560.1 real, 409.7 MB
[runlim] sample:		569.9 time, 570.1 real, 292.5 MB
[runlim] sample:		579.9 time, 580.1 real, 337.2 MB
[runlim] sample:		589.9 time, 590.1 real, 298.0 MB
[runlim] sample:		599.9 time, 600.1 real, 357.4 MB
[runlim] sample:		609.9 time, 610.1 real, 292.5 MB
[runlim] sample:		619.9 time, 620.1 real, 292.5 MB
[runlim] sample:		629.9 time, 630.1 real, 292.5 MB
[runlim] sample:		639.9 time, 640.1 real, 384.9 MB
[runlim] sample:		649.9 time, 650.1 real, 346.7 MB
[runlim] sample:		659.9 time, 660.1 real, 356.8 MB
[runlim] sample:		669.9 time, 670.1 real, 356.8 MB
[runlim] sample:		679.9 time, 680.1 real, 464.9 MB
[runlim] sample:		689.9 time, 690.1 real, 464.9 MB
[runlim] sample:		699.9 time, 700.1 real, 464.9 MB
[runlim] sample:		709.9 time, 710.1 real, 464.9 MB
[runlim] sample:		719.9 time, 720.1 real, 568.2 MB
[runlim] sample:		729.9 time, 730.1 real, 324.7 MB
c	Solving duration: 734714 ms
c	Answer: 
s SAT (w = 46)
AB is set to 66
Node 28 : 6
Node 115 : 72
AB is set to 49
Node 67 : 53
Node 87 : 4
AB is set to 48
Node 15 : 90
Node 48 : 42
AB is set to 46
Node 4 : 61
Node 111 : 107
c	Solution check:
p calculated antibandwidth = 46.
c
c
c Antibandwidth problem with w = 47 ( K-dwt__234.mtx.rnd ):
c Initializing CaDiCaL (version 1.2.1).
c	Configuring CaDiCaL as --sat (1).
c Initializing a DuplexNSC encoder with n = 117.
c Encoding starts with w = 47:
c	Labels and Vertices aux var: 4680
c	Labels and Vertices constraints:  34515
c	Obj k aux var: 16029
c	Obj k constraints: 117459
c	Obj k glue staircase constraints: 45036
c	Encoding duration: 0s
c	Number of clauses: 152032
c	Number of irredundant clauses: 151636
c	Number of variables: 34398
c SAT Solving starts:
[runlim] sample:		739.9 time, 740.1 real, 322.5 MB
[runlim] sample:		749.9 time, 750.1 real, 322.5 MB
[runlim] sample:		759.9 time, 760.1 real, 322.5 MB
[runlim] sample:		769.9 time, 770.1 real, 322.5 MB
[runlim] sample:		779.9 time, 780.1 real, 322.5 MB
[runlim] sample:		789.9 time, 790.1 real, 322.5 MB
[runlim] sample:		799.9 time, 800.1 real, 322.5 MB
c	Solving duration: 72644 ms
c	Answer: 
s SAT (w = 47)
AB is set to 53
Node 28 : 91
Node 115 : 38
AB is set to 49
Node 67 : 76
Node 87 : 27
AB is set to 48
Node 24 : 67
Node 111 : 115
AB is set to 47
Node 67 : 76
Node 85 : 29
c	Solution check:
p calculated antibandwidth = 47.
c
c
c Antibandwidth problem with w = 48 ( K-dwt__234.mtx.rnd ):
c Initializing CaDiCaL (version 1.2.1).
c	Configuring CaDiCaL as --sat (1).
c Initializing a DuplexNSC encoder with n = 117.
c Encoding starts with w = 48:
c	Labels and Vertices aux var: 4680
c	Labels and Vertices constraints:  34515
c	Obj k aux var: 15795
c	Obj k constraints: 116343
c	Obj k glue staircase constraints: 44388
c	Encoding duration: 0s
c	Number of clauses: 150916
c	Number of irredundant clauses: 150518
c	Number of variables: 34164
c SAT Solving starts:
[runlim] sample:		809.9 time, 810.1 real, 241.2 MB
[runlim] sample:		819.9 time, 820.1 real, 241.2 MB
[runlim] sample:		829.9 time, 830.1 real, 241.2 MB
[runlim] sample:		839.9 time, 840.1 real, 241.2 MB
[runlim] sample:		849.9 time, 850.1 real, 241.2 MB
[runlim] sample:		859.9 time, 860.1 real, 241.2 MB
[runlim] sample:		869.9 time, 870.1 real, 241.2 MB
[runlim] sample:		879.9 time, 880.1 real, 241.2 MB
[runlim] sample:		889.9 time, 890.1 real, 241.2 MB
[runlim] sample:		899.9 time, 900.1 real, 305.3 MB
[runlim] sample:		909.9 time, 910.1 real, 303.5 MB
[runlim] sample:		919.9 time, 920.1 real, 241.2 MB
[runlim] sample:		929.9 time, 930.1 real, 241.2 MB
[runlim] sample:		939.9 time, 940.1 real, 241.2 MB
[runlim] sample:		949.9 time, 950.1 real, 241.2 MB
[runlim] sample:		959.9 time, 960.1 real, 241.2 MB
[runlim] sample:		969.9 time, 970.1 real, 363.9 MB
[runlim] sample:		979.9 time, 980.1 real, 353.8 MB
[runlim] sample:		989.9 time, 990.1 real, 361.4 MB
[runlim] sample:		999.9 time, 1000.1 real, 268.2 MB
[runlim] sample:		1009.9 time, 1010.1 real, 268.2 MB
[runlim] sample:		1019.9 time, 1020.1 real, 268.4 MB
c	Solving duration: 220956 ms
c	Answer: 
s SAT (w = 48)
AB is set to 68
Node 28 : 22
Node 115 : 90
AB is set to 54
Node 67 : 34
Node 87 : 88
AB is set to 48
Node 15 : 71
Node 48 : 23
c	Solution check:
p calculated antibandwidth = 48.
c
c
c Antibandwidth problem with w = 49 ( K-dwt__234.mtx.rnd ):
c Initializing CaDiCaL (version 1.2.1).
c	Configuring CaDiCaL as --sat (1).
c Initializing a DuplexNSC encoder with n = 117.
c Encoding starts with w = 49:
c	Labels and Vertices aux var: 4680
c	Labels and Vertices constraints:  34515
c	Obj k aux var: 15561
c	Obj k constraints: 115227
c	Obj k glue staircase constraints: 43740
c	Encoding duration: 0s
c	Number of clauses: 149800
c	Number of irredundant clauses: 149400
c	Number of variables: 33930
c SAT Solving starts:
[runlim] sample:		1029.9 time, 1030.1 real, 268.4 MB
[runlim] sample:		1039.9 time, 1040.1 real, 268.4 MB
[runlim] sample:		1049.9 time, 1050.1 real, 268.4 MB
[runlim] sample:		1059.9 time, 1060.1 real, 268.4 MB
[runlim] sample:		1069.9 time, 1070.1 real, 268.4 MB
[runlim] sample:		1079.9 time, 1080.1 real, 300.9 MB
[runlim] sample:		1089.9 time, 1090.1 real, 353.8 MB
[runlim] sample:		1099.9 time, 1100.1 real, 270.7 MB
[runlim] sample:		1109.9 time, 1110.1 real, 270.7 MB
[runlim] sample:		1119.9 time, 1120.1 real, 270.7 MB
[runlim] sample:		1129.9 time, 1130.1 real, 270.8 MB
[runlim] sample:		1139.9 time, 1140.1 real, 270.8 MB
[runlim] sample:		1149.9 time, 1150.1 real, 270.8 MB
[runlim] sample:		1159.9 time, 1160.1 real, 270.8 MB
[runlim] sample:		1169.9 time, 1170.1 real, 270.8 MB
[runlim] sample:		1179.9 time, 1180.1 real, 270.8 MB
[runlim] sample:		1189.9 time, 1190.1 real, 326.2 MB
[runlim] sample:		1199.9 time, 1200.1 real, 270.8 MB
[runlim] sample:		1209.9 time, 1210.1 real, 270.8 MB
[runlim] sample:		1219.9 time, 1220.1 real, 307.5 MB
[runlim] sample:		1229.9 time, 1230.1 real, 272.3 MB
[runlim] sample:		1239.9 time, 1240.1 real, 272.3 MB
[runlim] sample:		1249.9 time, 1250.1 real, 272.3 MB
[runlim] sample:		1259.9 time, 1260.1 real, 272.3 MB
[runlim] sample:		1269.9 time, 1270.1 real, 361.8 MB
[runlim] sample:		1279.9 time, 1280.1 real, 272.4 MB
[runlim] sample:		1289.9 time, 1290.1 real, 272.4 MB
[runlim] sample:		1299.9 time, 1300.1 real, 272.4 MB
[runlim] sample:		1309.9 time, 1310.1 real, 365.1 MB
[runlim] sample:		1319.9 time, 1320.1 real, 413.1 MB
[runlim] sample:		1329.9 time, 1330.1 real, 389.9 MB
[runlim] sample:		1339.9 time, 1340.1 real, 272.4 MB
[runlim] sample:		1349.9 time, 1350.1 real, 272.4 MB
[runlim] sample:		1359.9 time, 1360.1 real, 307.1 MB
[runlim] sample:		1369.9 time, 1370.1 real, 272.4 MB
[runlim] sample:		1379.9 time, 1380.1 real, 362.1 MB
[runlim] sample:		1389.9 time, 1390.1 real, 391.3 MB
[runlim] sample:		1399.9 time, 1400.1 real, 272.4 MB
[runlim] sample:		1409.9 time, 1410.1 real, 272.4 MB
[runlim] sample:		1419.9 time, 1420.1 real, 272.4 MB
[runlim] sample:		1429.9 time, 1430.1 real, 357.2 MB
[runlim] sample:		1439.9 time, 1440.1 real, 306.9 MB
[runlim] sample:		1449.9 time, 1450.1 real, 352.1 MB
[runlim] sample:		1459.9 time, 1460.1 real, 352.1 MB
c	Solving duration: 431982 ms
c	Answer: 
s SAT (w = 49)
AB is set to 50
Node 28 : 31
Node 115 : 81
AB is set to 49
Node 77 : 65
Node 111 : 16
c	Solution check:
p calculated antibandwidth = 49.
c
c
c Antibandwidth problem with w = 50 ( K-dwt__234.mtx.rnd ):
c Initializing CaDiCaL (version 1.2.1).
c	Configuring CaDiCaL as --sat (1).
c Initializing a DuplexNSC encoder with n = 117.
c Encoding starts with w = 50:
c	Labels and Vertices aux var: 4680
c	Labels and Vertices constraints:  34515
c	Obj k aux var: 15327
c	Obj k constraints: 114111
c	Obj k glue staircase constraints: 43092
c	Encoding duration: 0s
c	Number of clauses: 148684
c	Number of irredundant clauses: 148282
c	Number of variables: 33696
c SAT Solving starts:
[runlim] sample:		1469.9 time, 1470.1 real, 272.4 MB
[runlim] sample:		1479.9 time, 1480.1 real, 272.4 MB
[runlim] sample:		1489.9 time, 1490.1 real, 272.4 MB
[runlim] sample:		1499.9 time, 1500.1 real, 272.4 MB
[runlim] sample:		1509.9 time, 1510.1 real, 272.4 MB
[runlim] sample:		1519.9 time, 1520.1 real, 272.4 MB
[runlim] sample:		1529.9 time, 1530.1 real, 272.4 MB
[runlim] sample:		1539.9 time, 1540.1 real, 272.4 MB
[runlim] sample:		1549.9 time, 1550.1 real, 272.4 MB
[runlim] sample:		1559.9 time, 1560.1 real, 272.4 MB
[runlim] sample:		1569.9 time, 1570.1 real, 272.4 MB
[runlim] sample:		1579.9 time, 1580.1 real, 272.4 MB
[runlim] sample:		1589.9 time, 1590.1 real, 272.4 MB
[runlim] sample:		1599.9 time, 1600.1 real, 272.4 MB
[runlim] sample:		1609.9 time, 1610.1 real, 272.4 MB
[runlim] sample:		1619.9 time, 1620.1 real, 305.7 MB
[runlim] sample:		1629.9 time, 1630.1 real, 272.4 MB
[runlim] sample:		1639.9 time, 1640.1 real, 272.4 MB
[runlim] sample:		1649.9 time, 1650.1 real, 272.4 MB
[runlim] sample:		1659.9 time, 1660.1 real, 272.4 MB
[runlim] sample:		1669.9 time, 1670.1 real, 272.4 MB
[runlim] sample:		1679.9 time, 1680.1 real, 272.4 MB
[runlim] sample:		1689.9 time, 1690.1 real, 272.4 MB
[runlim] sample:		1699.9 time, 1700.1 real, 272.4 MB
[runlim] sample:		1709.9 time, 1710.1 real, 272.4 MB
[runlim] sample:		1719.9 time, 1720.1 real, 328.4 MB
[runlim] sample:		1729.9 time, 1730.1 real, 317.5 MB
[runlim] sample:		1739.9 time, 1740.1 real, 272.4 MB
[runlim] sample:		1749.9 time, 1750.1 real, 317.3 MB
[runlim] sample:		1759.9 time, 1760.1 real, 321.0 MB
[runlim] sample:		1769.9 time, 1770.1 real, 329.4 MB
[runlim] sample:		1779.9 time, 1780.1 real, 272.4 MB
[runlim] sample:		1789.9 time, 1790.1 real, 314.7 MB
[runlim] sample:		1799.9 time, 1800.1 real, 272.4 MB
c Signal interruption.
[runlim] end:			Sun Sep 29 15:53:37 2024
[runlim] status:		out of time
[runlim] result:		2
[runlim] children:		0
[runlim] real:			1800.09 seconds
[runlim] time:			1799.87 seconds
[runlim] space:			740.4 MB
[runlim] samples:		18000
