[runlim] version:		1.10
[runlim] time limit:		1800 seconds
[runlim] real time limit:	1800 seconds
[runlim] space limit:		30000 MB
[runlim] argv[0]:		/home/truongxuanhieu/AntiBandwidthReconstruct/build/abw_enc_symbreak_first_node_hybrid_NSC_binomial
[runlim] argv[1]:		/home/truongxuanhieu/AntiBandwidthReconstruct/build/Benchmarks/M-bcsstk06.mtx.rnd
[runlim] argv[2]:		--duplexNSC
[runlim] start:			Sun Sep 29 20:24:15 2024
[runlim] main pid:		35845
[runlim] log captured:
c DuplexEncoder 0.8.
c Solving strategy: from LB to UB.
c LB-w = 28 (LB in Sinnl - A note on computational approaches for the antibandwidth problem).
c UB-w = 72 (UB in Sinnl - A note on computational approaches for the antibandwidth problem).
c Antibandwidth problem with w = 28 ( M-bcsstk06.mtx.rnd ):
c Initializing CaDiCaL (version 1.2.1).
c	Configuring CaDiCaL as --sat (1).
c Initializing a DuplexNSC encoder with n = 420.
c Encoding starts with w = 28:
c	Labels and Vertices aux var: 32760
c	Labels and Vertices constraints:  445200
c	Obj k aux var: 312060
c	Obj k constraints: 6961860
c	Obj k glue staircase constraints: 5680440
c	Encoding duration: 2s
c	Number of clauses: 7407270
c	Number of irredundant clauses: 7405051
c	Number of variables: 521220
c SAT Solving starts:
c	Solving duration: 1404 ms
c	Answer: 
s SAT (w = 28)
AB is set to 186
Node 37 : 399
Node 381 : 213
AB is set to 64
Node 127 : 337
Node 245 : 273
AB is set to 41
Node 31 : 401
Node 137 : 360
AB is set to 28
Node 79 : 365
Node 127 : 337
c	Solution check:
p calculated antibandwidth = 28.
c
c
c Antibandwidth problem with w = 29 ( M-bcsstk06.mtx.rnd ):
c Initializing CaDiCaL (version 1.2.1).
c	Configuring CaDiCaL as --sat (1).
c Initializing a DuplexNSC encoder with n = 420.
c Encoding starts with w = 29:
c	Labels and Vertices aux var: 32760
c	Labels and Vertices constraints:  445200
c	Obj k aux var: 312060
c	Obj k constraints: 6963600
c	Obj k glue staircase constraints: 5676720
c	Encoding duration: 1s
c	Number of clauses: 7409010
c	Number of irredundant clauses: 7406775
c	Number of variables: 521220
c SAT Solving starts:
[runlim] sample:		10.0 time, 10.0 real, 955.0 MB
c	Solving duration: 8940 ms
c	Answer: 
s SAT (w = 29)
AB is set to 164
Node 37 : 201
Node 381 : 37
AB is set to 123
Node 37 : 201
Node 362 : 78
AB is set to 94
Node 127 : 320
Node 245 : 226
AB is set to 36
Node 245 : 226
Node 264 : 190
AB is set to 29
Node 79 : 349
Node 127 : 320
c	Solution check:
p calculated antibandwidth = 29.
c
c
c Antibandwidth problem with w = 30 ( M-bcsstk06.mtx.rnd ):
c Initializing CaDiCaL (version 1.2.1).
c	Configuring CaDiCaL as --sat (1).
c Initializing a DuplexNSC encoder with n = 420.
c Encoding starts with w = 30:
c	Labels and Vertices aux var: 32760
c	Labels and Vertices constraints:  439320
c	Obj k aux var: 311640
c	Obj k constraints: 6940740
c	Obj k glue staircase constraints: 5661840
c	Encoding duration: 1s
c	Number of clauses: 7380270
c	Number of irredundant clauses: 7378124
c	Number of variables: 520800
c SAT Solving starts:
[runlim] sample:		20.0 time, 20.0 real, 988.7 MB
c	Solving duration: 9382 ms
c	Answer: 
s SAT (w = 30)
AB is set to 76
Node 37 : 343
Node 381 : 419
AB is set to 71
Node 127 : 200
Node 245 : 271
AB is set to 30
Node 127 : 200
Node 362 : 170
c	Solution check:
p calculated antibandwidth = 30.
c
c
c Antibandwidth problem with w = 31 ( M-bcsstk06.mtx.rnd ):
c Initializing CaDiCaL (version 1.2.1).
c	Configuring CaDiCaL as --sat (1).
c Initializing a DuplexNSC encoder with n = 420.
c Encoding starts with w = 31:
c	Labels and Vertices aux var: 32760
c	Labels and Vertices constraints:  439320
c	Obj k aux var: 311640
c	Obj k constraints: 6942060
c	Obj k glue staircase constraints: 5658120
c	Encoding duration: 1s
c	Number of clauses: 7381590
c	Number of irredundant clauses: 7379358
c	Number of variables: 520800
c SAT Solving starts:
[runlim] sample:		30.0 time, 30.0 real, 837.6 MB
[runlim] sample:		40.0 time, 40.0 real, 947.3 MB
c	Solving duration: 19049 ms
c	Answer: 
s SAT (w = 31)
AB is set to 33
Node 37 : 350
Node 381 : 383
AB is set to 31
Node 31 : 238
Node 137 : 207
c	Solution check:
p calculated antibandwidth = 31.
c
c
c Antibandwidth problem with w = 32 ( M-bcsstk06.mtx.rnd ):
c Initializing CaDiCaL (version 1.2.1).
c	Configuring CaDiCaL as --sat (1).
c Initializing a DuplexNSC encoder with n = 420.
c Encoding starts with w = 32:
c	Labels and Vertices aux var: 32760
c	Labels and Vertices constraints:  439320
c	Obj k aux var: 310800
c	Obj k constraints: 6930120
c	Obj k glue staircase constraints: 5643240
c	Encoding duration: 1s
c	Number of clauses: 7369650
c	Number of irredundant clauses: 7367405
c	Number of variables: 519960
c SAT Solving starts:
[runlim] sample:		50.0 time, 50.0 real, 815.7 MB
[runlim] sample:		60.0 time, 60.0 real, 1013.9 MB
[runlim] sample:		70.0 time, 70.0 real, 990.2 MB
[runlim] sample:		80.0 time, 80.0 real, 990.6 MB
[runlim] sample:		90.0 time, 90.0 real, 1062.0 MB
[runlim] sample:		100.0 time, 100.0 real, 1035.1 MB
[runlim] sample:		110.0 time, 110.0 real, 999.3 MB
[runlim] sample:		120.0 time, 120.0 real, 991.6 MB
[runlim] sample:		130.0 time, 130.0 real, 997.1 MB
c	Solving duration: 82900 ms
c	Answer: 
s SAT (w = 32)
AB is set to 99
Node 37 : 15
Node 381 : 114
AB is set to 34
Node 37 : 15
Node 362 : 49
AB is set to 33
Node 79 : 81
Node 381 : 114
AB is set to 32
Node 187 : 146
Node 381 : 114
c	Solution check:
p calculated antibandwidth = 32.
c
c
c Antibandwidth problem with w = 33 ( M-bcsstk06.mtx.rnd ):
c Initializing CaDiCaL (version 1.2.1).
c	Configuring CaDiCaL as --sat (1).
c Initializing a DuplexNSC encoder with n = 420.
c Encoding starts with w = 33:
c	Labels and Vertices aux var: 32760
c	Labels and Vertices constraints:  433860
c	Obj k aux var: 311220
c	Obj k constraints: 6918840
c	Obj k glue staircase constraints: 5639520
c	Encoding duration: 1s
c	Number of clauses: 7352910
c	Number of irredundant clauses: 7350826
c	Number of variables: 520380
c SAT Solving starts:
[runlim] sample:		140.0 time, 140.0 real, 947.6 MB
[runlim] sample:		150.0 time, 150.0 real, 999.5 MB
[runlim] sample:		160.0 time, 160.0 real, 1168.8 MB
[runlim] sample:		170.0 time, 170.0 real, 997.1 MB
[runlim] sample:		180.0 time, 180.0 real, 986.6 MB
[runlim] sample:		190.0 time, 190.0 real, 990.6 MB
[runlim] sample:		199.9 time, 200.0 real, 997.9 MB
[runlim] sample:		209.9 time, 210.0 real, 997.9 MB
[runlim] sample:		219.9 time, 220.0 real, 998.7 MB
[runlim] sample:		229.9 time, 230.0 real, 1000.4 MB
[runlim] sample:		239.9 time, 240.0 real, 1174.1 MB
[runlim] sample:		249.9 time, 250.0 real, 996.4 MB
[runlim] sample:		259.9 time, 260.0 real, 1020.3 MB
[runlim] sample:		269.9 time, 270.0 real, 1004.0 MB
[runlim] sample:		279.9 time, 280.0 real, 1004.0 MB
[runlim] sample:		289.9 time, 290.0 real, 978.8 MB
[runlim] sample:		299.9 time, 300.0 real, 978.8 MB
[runlim] sample:		309.9 time, 310.0 real, 979.4 MB
[runlim] sample:		319.9 time, 320.0 real, 979.4 MB
[runlim] sample:		329.9 time, 330.0 real, 1020.8 MB
[runlim] sample:		339.9 time, 340.0 real, 1079.1 MB
[runlim] sample:		349.9 time, 350.0 real, 1032.1 MB
[runlim] sample:		359.9 time, 360.0 real, 1011.1 MB
[runlim] sample:		369.9 time, 370.0 real, 1218.5 MB
[runlim] sample:		379.9 time, 380.0 real, 1031.9 MB
[runlim] sample:		389.9 time, 390.0 real, 1037.5 MB
[runlim] sample:		399.9 time, 400.0 real, 1290.5 MB
c	Solving duration: 267558 ms
c	Answer: 
s SAT (w = 33)
AB is set to 78
Node 37 : 311
Node 381 : 233
AB is set to 76
Node 127 : 343
Node 209 : 267
AB is set to 66
Node 127 : 343
Node 264 : 409
AB is set to 33
Node 31 : 376
Node 127 : 343
c	Solution check:
p calculated antibandwidth = 33.
c
c
c Antibandwidth problem with w = 34 ( M-bcsstk06.mtx.rnd ):
c Initializing CaDiCaL (version 1.2.1).
c	Configuring CaDiCaL as --sat (1).
c Initializing a DuplexNSC encoder with n = 420.
c Encoding starts with w = 34:
c	Labels and Vertices aux var: 32760
c	Labels and Vertices constraints:  433860
c	Obj k aux var: 310380
c	Obj k constraints: 6906480
c	Obj k glue staircase constraints: 5624640
c	Encoding duration: 1s
c	Number of clauses: 7340550
c	Number of irredundant clauses: 7338454
c	Number of variables: 519540
c SAT Solving starts:
[runlim] sample:		409.9 time, 410.0 real, 982.0 MB
[runlim] sample:		419.9 time, 420.0 real, 982.0 MB
[runlim] sample:		429.9 time, 430.0 real, 983.6 MB
[runlim] sample:		439.9 time, 440.0 real, 988.3 MB
[runlim] sample:		449.9 time, 450.0 real, 988.5 MB
[runlim] sample:		459.9 time, 460.0 real, 987.7 MB
[runlim] sample:		469.9 time, 470.0 real, 987.7 MB
[runlim] sample:		479.9 time, 480.0 real, 990.2 MB
[runlim] sample:		489.9 time, 490.0 real, 992.6 MB
[runlim] sample:		499.9 time, 500.0 real, 992.0 MB
[runlim] sample:		509.9 time, 510.0 real, 992.9 MB
[runlim] sample:		519.9 time, 520.0 real, 1228.8 MB
[runlim] sample:		529.9 time, 530.0 real, 996.6 MB
[runlim] sample:		539.9 time, 540.0 real, 996.2 MB
[runlim] sample:		549.9 time, 550.0 real, 996.3 MB
[runlim] sample:		559.9 time, 560.0 real, 995.4 MB
[runlim] sample:		569.9 time, 570.0 real, 999.0 MB
[runlim] sample:		579.9 time, 580.0 real, 997.8 MB
[runlim] sample:		589.9 time, 590.0 real, 1003.9 MB
[runlim] sample:		599.9 time, 600.0 real, 1010.4 MB
[runlim] sample:		609.9 time, 610.0 real, 1002.9 MB
[runlim] sample:		619.9 time, 620.0 real, 1012.8 MB
[runlim] sample:		629.9 time, 630.0 real, 1012.8 MB
[runlim] sample:		639.9 time, 640.0 real, 1223.0 MB
[runlim] sample:		649.9 time, 650.0 real, 1002.7 MB
[runlim] sample:		659.9 time, 660.0 real, 998.7 MB
[runlim] sample:		669.9 time, 670.0 real, 1014.9 MB
[runlim] sample:		679.9 time, 680.0 real, 1023.4 MB
[runlim] sample:		689.9 time, 690.0 real, 1025.9 MB
[runlim] sample:		699.9 time, 700.0 real, 1025.9 MB
[runlim] sample:		709.9 time, 710.0 real, 1028.1 MB
[runlim] sample:		719.9 time, 720.0 real, 1031.3 MB
[runlim] sample:		729.9 time, 730.0 real, 1030.2 MB
[runlim] sample:		739.9 time, 740.0 real, 1029.4 MB
[runlim] sample:		749.9 time, 750.0 real, 1029.4 MB
[runlim] sample:		759.9 time, 760.0 real, 1029.2 MB
[runlim] sample:		769.9 time, 770.0 real, 1032.3 MB
[runlim] sample:		779.9 time, 780.0 real, 1024.1 MB
[runlim] sample:		789.9 time, 790.0 real, 1024.1 MB
[runlim] sample:		799.9 time, 800.0 real, 1090.6 MB
[runlim] sample:		809.9 time, 810.0 real, 1173.2 MB
[runlim] sample:		819.9 time, 820.0 real, 1043.7 MB
[runlim] sample:		829.9 time, 830.0 real, 1045.7 MB
[runlim] sample:		839.9 time, 840.0 real, 1046.9 MB
[runlim] sample:		849.9 time, 850.0 real, 1049.2 MB
[runlim] sample:		859.9 time, 860.0 real, 1049.2 MB
[runlim] sample:		869.9 time, 870.0 real, 1049.2 MB
[runlim] sample:		879.9 time, 880.0 real, 1058.1 MB
[runlim] sample:		889.9 time, 890.0 real, 1033.0 MB
[runlim] sample:		899.9 time, 900.0 real, 1033.0 MB
[runlim] sample:		909.9 time, 910.0 real, 1038.3 MB
[runlim] sample:		919.9 time, 920.0 real, 1041.9 MB
[runlim] sample:		929.9 time, 930.0 real, 1041.9 MB
[runlim] sample:		939.9 time, 940.0 real, 1053.1 MB
[runlim] sample:		949.9 time, 950.0 real, 1046.8 MB
[runlim] sample:		959.9 time, 960.0 real, 1039.7 MB
[runlim] sample:		969.9 time, 970.0 real, 1084.1 MB
[runlim] sample:		979.9 time, 980.0 real, 1043.4 MB
[runlim] sample:		989.9 time, 990.0 real, 1043.4 MB
c	Solving duration: 585997 ms
c	Answer: 
s SAT (w = 34)
AB is set to 214
Node 37 : 372
Node 381 : 158
AB is set to 87
Node 127 : 301
Node 245 : 388
AB is set to 51
Node 127 : 301
Node 135 : 250
AB is set to 39
Node 127 : 301
Node 283 : 340
AB is set to 35
Node 127 : 301
Node 128 : 266
AB is set to 34
Node 264 : 124
Node 381 : 158
c	Solution check:
p calculated antibandwidth = 34.
c
c
c Antibandwidth problem with w = 35 ( M-bcsstk06.mtx.rnd ):
c Initializing CaDiCaL (version 1.2.1).
c	Configuring CaDiCaL as --sat (1).
c Initializing a DuplexNSC encoder with n = 420.
c Encoding starts with w = 35:
c	Labels and Vertices aux var: 32760
c	Labels and Vertices constraints:  428820
c	Obj k aux var: 309960
c	Obj k constraints: 6880680
c	Obj k glue staircase constraints: 5609760
c	Encoding duration: 1s
c	Number of clauses: 7309710
c	Number of irredundant clauses: 7307710
c	Number of variables: 519120
c SAT Solving starts:
[runlim] sample:		999.9 time, 1000.0 real, 978.6 MB
[runlim] sample:		1009.8 time, 1010.0 real, 981.2 MB
[runlim] sample:		1019.9 time, 1020.0 real, 990.4 MB
[runlim] sample:		1029.8 time, 1030.0 real, 990.8 MB
[runlim] sample:		1039.8 time, 1040.0 real, 986.7 MB
[runlim] sample:		1049.8 time, 1050.0 real, 986.3 MB
[runlim] sample:		1059.8 time, 1060.0 real, 988.0 MB
[runlim] sample:		1069.8 time, 1070.0 real, 987.2 MB
[runlim] sample:		1079.8 time, 1080.0 real, 988.2 MB
[runlim] sample:		1089.8 time, 1090.0 real, 989.2 MB
[runlim] sample:		1099.8 time, 1100.0 real, 992.2 MB
[runlim] sample:		1109.8 time, 1110.0 real, 994.0 MB
[runlim] sample:		1119.8 time, 1120.0 real, 995.2 MB
[runlim] sample:		1129.8 time, 1130.0 real, 1178.5 MB
[runlim] sample:		1139.8 time, 1140.0 real, 998.6 MB
[runlim] sample:		1149.8 time, 1150.0 real, 995.0 MB
[runlim] sample:		1159.8 time, 1160.0 real, 1004.0 MB
[runlim] sample:		1169.8 time, 1170.0 real, 1004.0 MB
[runlim] sample:		1179.8 time, 1180.0 real, 994.7 MB
[runlim] sample:		1189.8 time, 1190.0 real, 1002.4 MB
[runlim] sample:		1199.8 time, 1200.0 real, 1004.1 MB
[runlim] sample:		1209.8 time, 1210.0 real, 1003.3 MB
[runlim] sample:		1219.8 time, 1220.0 real, 1004.9 MB
[runlim] sample:		1229.8 time, 1230.0 real, 1197.6 MB
[runlim] sample:		1239.8 time, 1240.0 real, 995.5 MB
[runlim] sample:		1249.8 time, 1250.0 real, 998.9 MB
[runlim] sample:		1259.8 time, 1260.0 real, 998.9 MB
[runlim] sample:		1269.8 time, 1270.0 real, 996.0 MB
[runlim] sample:		1279.8 time, 1280.0 real, 1010.2 MB
[runlim] sample:		1289.8 time, 1290.0 real, 1013.2 MB
[runlim] sample:		1299.8 time, 1300.0 real, 966.2 MB
[runlim] sample:		1309.8 time, 1310.0 real, 983.3 MB
[runlim] sample:		1319.8 time, 1320.0 real, 1169.8 MB
[runlim] sample:		1329.8 time, 1330.0 real, 992.4 MB
[runlim] sample:		1339.8 time, 1340.0 real, 996.5 MB
[runlim] sample:		1349.8 time, 1350.0 real, 1005.3 MB
[runlim] sample:		1359.8 time, 1360.0 real, 994.3 MB
[runlim] sample:		1369.8 time, 1370.0 real, 994.3 MB
[runlim] sample:		1379.8 time, 1380.0 real, 994.5 MB
[runlim] sample:		1389.8 time, 1390.0 real, 993.9 MB
[runlim] sample:		1399.8 time, 1400.0 real, 987.8 MB
[runlim] sample:		1409.8 time, 1410.0 real, 998.8 MB
[runlim] sample:		1419.8 time, 1420.0 real, 998.8 MB
[runlim] sample:		1429.8 time, 1430.0 real, 1004.8 MB
[runlim] sample:		1439.8 time, 1440.0 real, 1005.0 MB
[runlim] sample:		1449.8 time, 1450.0 real, 994.9 MB
[runlim] sample:		1459.8 time, 1460.0 real, 1004.2 MB
[runlim] sample:		1469.8 time, 1470.0 real, 1022.1 MB
[runlim] sample:		1479.8 time, 1480.0 real, 1022.1 MB
[runlim] sample:		1489.8 time, 1490.0 real, 1005.5 MB
[runlim] sample:		1499.8 time, 1500.0 real, 1029.0 MB
[runlim] sample:		1509.8 time, 1510.0 real, 1029.0 MB
[runlim] sample:		1519.8 time, 1520.0 real, 1202.8 MB
[runlim] sample:		1529.8 time, 1530.0 real, 1002.7 MB
[runlim] sample:		1539.8 time, 1540.0 real, 1021.0 MB
[runlim] sample:		1549.8 time, 1550.0 real, 1021.8 MB
[runlim] sample:		1559.8 time, 1560.0 real, 1021.8 MB
[runlim] sample:		1569.8 time, 1570.0 real, 1023.2 MB
[runlim] sample:		1579.8 time, 1580.0 real, 1014.2 MB
[runlim] sample:		1589.8 time, 1590.0 real, 1106.6 MB
[runlim] sample:		1599.8 time, 1600.0 real, 1022.9 MB
[runlim] sample:		1609.8 time, 1610.0 real, 1038.8 MB
[runlim] sample:		1619.8 time, 1620.0 real, 1034.6 MB
[runlim] sample:		1629.8 time, 1630.0 real, 1034.6 MB
[runlim] sample:		1639.8 time, 1640.0 real, 1048.4 MB
[runlim] sample:		1649.8 time, 1650.0 real, 1029.0 MB
[runlim] sample:		1659.8 time, 1660.0 real, 1211.0 MB
[runlim] sample:		1669.8 time, 1670.0 real, 1045.7 MB
[runlim] sample:		1679.8 time, 1680.0 real, 1019.1 MB
[runlim] sample:		1689.8 time, 1690.0 real, 1066.9 MB
[runlim] sample:		1699.8 time, 1700.0 real, 1066.9 MB
[runlim] sample:		1709.8 time, 1710.0 real, 1046.5 MB
[runlim] sample:		1719.8 time, 1720.0 real, 1046.5 MB
[runlim] sample:		1729.8 time, 1730.0 real, 1051.0 MB
[runlim] sample:		1739.8 time, 1740.0 real, 1276.3 MB
[runlim] sample:		1749.8 time, 1750.0 real, 1050.9 MB
[runlim] sample:		1759.8 time, 1760.0 real, 1042.8 MB
[runlim] sample:		1769.8 time, 1770.0 real, 1042.8 MB
[runlim] sample:		1779.8 time, 1780.0 real, 1042.8 MB
[runlim] sample:		1789.8 time, 1790.0 real, 1044.8 MB
[runlim] sample:		1799.8 time, 1800.0 real, 1036.2 MB
c Signal interruption.
[runlim] end:			Sun Sep 29 20:54:15 2024
[runlim] status:		out of time
[runlim] result:		2
[runlim] children:		0
[runlim] real:			1800.07 seconds
[runlim] time:			1799.81 seconds
[runlim] space:			1413.8 MB
[runlim] samples:		18000
