[runlim] version:		1.10
[runlim] time limit:		3600 seconds
[runlim] real time limit:	3600 seconds
[runlim] space limit:		30000 MB
[runlim] argv[0]:		/home/truongxuanhieu/AntiBandwidthReconstruct/build/abw_enc_symbreak_min_node_hybrid_NSC_binomial
[runlim] argv[1]:		/home/truongxuanhieu/AntiBandwidthReconstruct/build/BenchmarkAdd/I-ash85.mtx.rnd
[runlim] argv[2]:		--duplexNSC
[runlim] argv[3]:		-split-size
[runlim] argv[4]:		10
[runlim] start:			Mon Sep  9 07:54:10 2024
[runlim] main pid:		14250
[runlim] log captured:
c DuplexEncoder 0.8.
c Splitting clauses at length 10.
c Solving strategy: from LB to UB.
c LB-w = 19 (LB in Sinnl - A note on computational approaches for the antibandwidth problem).
c UB-w = 27 (UB in Sinnl - A note on computational approaches for the antibandwidth problem).
c Antibandwidth problem with w = 19 ( I-ash85.mtx.rnd ):
c Initializing CaDiCaL (version 1.2.1).
c	Configuring CaDiCaL as --sat (1).
c Initializing a DuplexNSC encoder with n = 85.
c Encoding starts with w = 19:
c	Labels and Vertices aux var: 2890
c	Labels and Vertices constraints:  19465
c	Obj k aux var: 10455
c	Obj k constraints: 101029
c	Obj k glue staircase constraints: 56064
c	Encoding duration: 0s
c	Number of clauses: 121386
c	Number of irredundant clauses: 121098
c	Number of variables: 21420
c SAT Solving starts:
c	Solving duration: 60 ms
c	Answer: 
s SAT (w = 19)
AB is set to 19
Node 69 : 43
Node 85 : 62
c	Solution check:
p calculated antibandwidth = 19.
c
c
c Antibandwidth problem with w = 20 ( I-ash85.mtx.rnd ):
c Initializing CaDiCaL (version 1.2.1).
c	Configuring CaDiCaL as --sat (1).
c Initializing a DuplexNSC encoder with n = 85.
c Encoding starts with w = 20:
c	Labels and Vertices aux var: 2890
c	Labels and Vertices constraints:  19465
c	Obj k aux var: 10285
c	Obj k constraints: 99983
c	Obj k glue staircase constraints: 55188
c	Encoding duration: 0s
c	Number of clauses: 120340
c	Number of irredundant clauses: 120048
c	Number of variables: 21250
c SAT Solving starts:
c	Solving duration: 2482 ms
c	Answer: 
s SAT (w = 20)
AB is set to 52
Node 69 : 60
Node 85 : 8
AB is set to 22
Node 65 : 38
Node 69 : 60
AB is set to 20
Node 4 : 40
Node 69 : 60
c	Solution check:
p calculated antibandwidth = 20.
c
c
c Antibandwidth problem with w = 21 ( I-ash85.mtx.rnd ):
c Initializing CaDiCaL (version 1.2.1).
c	Configuring CaDiCaL as --sat (1).
c Initializing a DuplexNSC encoder with n = 85.
c Encoding starts with w = 21:
c	Labels and Vertices aux var: 2890
c	Labels and Vertices constraints:  19465
c	Obj k aux var: 10115
c	Obj k constraints: 98937
c	Obj k glue staircase constraints: 54312
c	Encoding duration: 0s
c	Number of clauses: 119379
c	Number of irredundant clauses: 119086
c	Number of variables: 21165
c SAT Solving starts:
c	Solving duration: 1955 ms
c	Answer: 
s SAT (w = 21)
AB is set to 57
Node 69 : 64
Node 85 : 7
AB is set to 37
Node 65 : 27
Node 69 : 64
AB is set to 36
Node 4 : 28
Node 69 : 64
AB is set to 29
Node 83 : 36
Node 85 : 7
AB is set to 21
Node 4 : 28
Node 85 : 7
c	Solution check:
p calculated antibandwidth = 21.
c
c
c Antibandwidth problem with w = 22 ( I-ash85.mtx.rnd ):
c Initializing CaDiCaL (version 1.2.1).
c	Configuring CaDiCaL as --sat (1).
c Initializing a DuplexNSC encoder with n = 85.
c Encoding starts with w = 22:
c	Labels and Vertices aux var: 2890
c	Labels and Vertices constraints:  19125
c	Obj k aux var: 10200
c	Obj k constraints: 97358
c	Obj k glue staircase constraints: 54093
c	Encoding duration: 0s
c	Number of clauses: 117290
c	Number of irredundant clauses: 117019
c	Number of variables: 21080
c SAT Solving starts:
c	Solving duration: 2035 ms
c	Answer: 
s SAT (w = 22)
AB is set to 46
Node 69 : 54
Node 85 : 8
AB is set to 29
Node 65 : 25
Node 69 : 54
AB is set to 22
Node 22 : 76
Node 69 : 54
c	Solution check:
p calculated antibandwidth = 22.
c
c
c Antibandwidth problem with w = 23 ( I-ash85.mtx.rnd ):
c Initializing CaDiCaL (version 1.2.1).
c	Configuring CaDiCaL as --sat (1).
c Initializing a DuplexNSC encoder with n = 85.
c Encoding starts with w = 23:
c	Labels and Vertices aux var: 2890
c	Labels and Vertices constraints:  19125
c	Obj k aux var: 10030
c	Obj k constraints: 96227
c	Obj k glue staircase constraints: 53217
c	Encoding duration: 0s
c	Number of clauses: 116159
c	Number of irredundant clauses: 115879
c	Number of variables: 20910
c SAT Solving starts:
[runlim] sample:		10.0 time, 10.1 real, 36.4 MB
[runlim] sample:		20.0 time, 20.1 real, 64.6 MB
[runlim] sample:		30.0 time, 30.1 real, 52.4 MB
[runlim] sample:		40.0 time, 40.1 real, 65.3 MB
[runlim] sample:		50.0 time, 50.1 real, 68.5 MB
[runlim] sample:		60.0 time, 60.1 real, 72.8 MB
[runlim] sample:		70.0 time, 70.1 real, 113.3 MB
c	Solving duration: 66944 ms
c	Answer: 
s SAT (w = 23)
AB is set to 60
Node 69 : 22
Node 85 : 82
AB is set to 35
Node 65 : 57
Node 69 : 22
AB is set to 32
Node 4 : 54
Node 69 : 22
AB is set to 28
Node 4 : 54
Node 85 : 82
AB is set to 23
Node 39 : 59
Node 85 : 82
c	Solution check:
p calculated antibandwidth = 23.
c
c
c Antibandwidth problem with w = 24 ( I-ash85.mtx.rnd ):
c Initializing CaDiCaL (version 1.2.1).
c	Configuring CaDiCaL as --sat (1).
c Initializing a DuplexNSC encoder with n = 85.
c Encoding starts with w = 24:
c	Labels and Vertices aux var: 2890
c	Labels and Vertices constraints:  19125
c	Obj k aux var: 9860
c	Obj k constraints: 95096
c	Obj k glue staircase constraints: 52341
c	Encoding duration: 0s
c	Number of clauses: 115113
c	Number of irredundant clauses: 114829
c	Number of variables: 20825
c SAT Solving starts:
[runlim] sample:		80.0 time, 80.1 real, 76.3 MB
[runlim] sample:		90.0 time, 90.1 real, 79.6 MB
[runlim] sample:		100.0 time, 100.1 real, 90.7 MB
[runlim] sample:		110.0 time, 110.1 real, 91.0 MB
[runlim] sample:		120.0 time, 120.1 real, 91.0 MB
[runlim] sample:		130.0 time, 130.1 real, 109.2 MB
[runlim] sample:		140.0 time, 140.1 real, 80.4 MB
[runlim] sample:		150.0 time, 150.1 real, 100.5 MB
[runlim] sample:		160.0 time, 160.1 real, 115.0 MB
[runlim] sample:		170.0 time, 170.1 real, 115.0 MB
[runlim] sample:		180.0 time, 180.1 real, 120.6 MB
[runlim] sample:		190.0 time, 190.1 real, 120.6 MB
[runlim] sample:		200.0 time, 200.1 real, 81.4 MB
[runlim] sample:		210.0 time, 210.1 real, 78.2 MB
[runlim] sample:		220.0 time, 220.1 real, 135.7 MB
[runlim] sample:		230.0 time, 230.1 real, 88.9 MB
[runlim] sample:		240.0 time, 240.1 real, 116.9 MB
[runlim] sample:		250.0 time, 250.1 real, 116.9 MB
[runlim] sample:		260.0 time, 260.1 real, 150.4 MB
[runlim] sample:		270.0 time, 270.1 real, 154.2 MB
[runlim] sample:		280.0 time, 280.1 real, 124.8 MB
[runlim] sample:		290.0 time, 290.1 real, 93.4 MB
[runlim] sample:		300.0 time, 300.1 real, 122.0 MB
[runlim] sample:		310.0 time, 310.1 real, 119.7 MB
[runlim] sample:		320.0 time, 320.1 real, 150.8 MB
[runlim] sample:		330.0 time, 330.1 real, 150.8 MB
[runlim] sample:		340.0 time, 340.1 real, 187.8 MB
[runlim] sample:		350.0 time, 350.1 real, 191.2 MB
[runlim] sample:		360.0 time, 360.1 real, 185.0 MB
[runlim] sample:		370.0 time, 370.1 real, 151.0 MB
[runlim] sample:		380.0 time, 380.1 real, 151.0 MB
[runlim] sample:		390.0 time, 390.1 real, 190.0 MB
[runlim] sample:		400.0 time, 400.1 real, 194.5 MB
[runlim] sample:		410.0 time, 410.1 real, 194.5 MB
[runlim] sample:		420.0 time, 420.1 real, 195.2 MB
[runlim] sample:		430.0 time, 430.1 real, 151.0 MB
[runlim] sample:		440.0 time, 440.1 real, 151.0 MB
[runlim] sample:		450.0 time, 450.1 real, 112.6 MB
[runlim] sample:		460.0 time, 460.1 real, 114.2 MB
[runlim] sample:		470.0 time, 470.1 real, 119.1 MB
[runlim] sample:		480.0 time, 480.1 real, 121.4 MB
[runlim] sample:		490.0 time, 490.1 real, 118.6 MB
[runlim] sample:		500.0 time, 500.1 real, 118.2 MB
[runlim] sample:		510.0 time, 510.1 real, 121.4 MB
[runlim] sample:		520.0 time, 520.1 real, 122.1 MB
[runlim] sample:		530.0 time, 530.1 real, 119.9 MB
[runlim] sample:		540.0 time, 540.1 real, 123.3 MB
[runlim] sample:		550.0 time, 550.1 real, 123.5 MB
[runlim] sample:		560.0 time, 560.1 real, 124.8 MB
[runlim] sample:		570.0 time, 570.1 real, 122.3 MB
[runlim] sample:		580.0 time, 580.1 real, 124.0 MB
[runlim] sample:		590.0 time, 590.1 real, 124.4 MB
[runlim] sample:		600.0 time, 600.1 real, 123.5 MB
[runlim] sample:		610.0 time, 610.1 real, 126.9 MB
[runlim] sample:		620.0 time, 620.1 real, 139.3 MB
[runlim] sample:		630.0 time, 630.1 real, 129.9 MB
[runlim] sample:		639.9 time, 640.1 real, 127.1 MB
[runlim] sample:		650.0 time, 650.1 real, 129.8 MB
[runlim] sample:		660.0 time, 660.1 real, 128.1 MB
[runlim] sample:		669.9 time, 670.1 real, 126.6 MB
[runlim] sample:		679.9 time, 680.1 real, 128.5 MB
[runlim] sample:		690.0 time, 690.1 real, 128.7 MB
[runlim] sample:		700.0 time, 700.1 real, 128.7 MB
[runlim] sample:		709.9 time, 710.1 real, 131.1 MB
[runlim] sample:		720.0 time, 720.1 real, 132.6 MB
[runlim] sample:		729.9 time, 730.1 real, 130.8 MB
[runlim] sample:		739.9 time, 740.1 real, 126.6 MB
[runlim] sample:		749.9 time, 750.1 real, 124.3 MB
[runlim] sample:		759.9 time, 760.1 real, 134.4 MB
[runlim] sample:		770.0 time, 770.1 real, 122.9 MB
[runlim] sample:		780.0 time, 780.1 real, 124.3 MB
[runlim] sample:		789.9 time, 790.1 real, 131.8 MB
[runlim] sample:		799.9 time, 800.1 real, 131.8 MB
[runlim] sample:		809.9 time, 810.1 real, 138.2 MB
[runlim] sample:		819.9 time, 820.1 real, 146.4 MB
[runlim] sample:		829.9 time, 830.1 real, 146.4 MB
[runlim] sample:		839.9 time, 840.1 real, 171.5 MB
[runlim] sample:		849.9 time, 850.1 real, 161.8 MB
[runlim] sample:		859.9 time, 860.1 real, 152.7 MB
[runlim] sample:		869.9 time, 870.1 real, 151.2 MB
[runlim] sample:		879.9 time, 880.1 real, 149.0 MB
[runlim] sample:		889.9 time, 890.1 real, 148.4 MB
[runlim] sample:		899.9 time, 900.1 real, 159.0 MB
[runlim] sample:		909.9 time, 910.1 real, 161.5 MB
[runlim] sample:		919.9 time, 920.1 real, 164.0 MB
[runlim] sample:		929.9 time, 930.1 real, 161.5 MB
[runlim] sample:		939.9 time, 940.1 real, 154.2 MB
[runlim] sample:		949.9 time, 950.1 real, 156.1 MB
[runlim] sample:		959.9 time, 960.1 real, 159.8 MB
[runlim] sample:		969.9 time, 970.1 real, 143.6 MB
[runlim] sample:		979.9 time, 980.1 real, 143.6 MB
[runlim] sample:		989.9 time, 990.1 real, 130.9 MB
[runlim] sample:		999.9 time, 1000.1 real, 159.8 MB
[runlim] sample:		1009.9 time, 1010.1 real, 174.7 MB
[runlim] sample:		1019.9 time, 1020.1 real, 174.7 MB
[runlim] sample:		1029.9 time, 1030.1 real, 174.8 MB
[runlim] sample:		1039.9 time, 1040.1 real, 172.1 MB
[runlim] sample:		1049.9 time, 1050.1 real, 172.1 MB
[runlim] sample:		1059.9 time, 1060.1 real, 175.7 MB
[runlim] sample:		1069.9 time, 1070.1 real, 172.2 MB
[runlim] sample:		1079.9 time, 1080.1 real, 172.8 MB
[runlim] sample:		1089.9 time, 1090.1 real, 183.5 MB
[runlim] sample:		1099.9 time, 1100.1 real, 175.6 MB
[runlim] sample:		1109.9 time, 1110.1 real, 175.6 MB
[runlim] sample:		1119.9 time, 1120.1 real, 176.5 MB
[runlim] sample:		1129.9 time, 1130.1 real, 177.2 MB
[runlim] sample:		1139.9 time, 1140.1 real, 156.4 MB
[runlim] sample:		1149.9 time, 1150.1 real, 169.0 MB
[runlim] sample:		1159.9 time, 1160.1 real, 175.6 MB
[runlim] sample:		1169.9 time, 1170.1 real, 229.4 MB
[runlim] sample:		1179.9 time, 1180.1 real, 182.3 MB
[runlim] sample:		1189.9 time, 1190.1 real, 183.9 MB
[runlim] sample:		1199.9 time, 1200.1 real, 174.2 MB
[runlim] sample:		1209.9 time, 1210.1 real, 174.2 MB
[runlim] sample:		1219.9 time, 1220.1 real, 172.3 MB
[runlim] sample:		1229.9 time, 1230.1 real, 172.3 MB
[runlim] sample:		1239.9 time, 1240.1 real, 175.9 MB
[runlim] sample:		1249.9 time, 1250.1 real, 175.9 MB
[runlim] sample:		1259.9 time, 1260.1 real, 173.7 MB
[runlim] sample:		1269.9 time, 1270.1 real, 173.7 MB
[runlim] sample:		1279.9 time, 1280.1 real, 173.7 MB
[runlim] sample:		1289.9 time, 1290.1 real, 185.2 MB
[runlim] sample:		1299.9 time, 1300.1 real, 175.6 MB
[runlim] sample:		1309.9 time, 1310.1 real, 175.6 MB
[runlim] sample:		1319.9 time, 1320.1 real, 175.7 MB
[runlim] sample:		1329.9 time, 1330.1 real, 181.0 MB
[runlim] sample:		1339.9 time, 1340.1 real, 181.0 MB
[runlim] sample:		1349.9 time, 1350.1 real, 177.6 MB
[runlim] sample:		1359.9 time, 1360.1 real, 175.6 MB
[runlim] sample:		1369.9 time, 1370.1 real, 171.9 MB
[runlim] sample:		1379.9 time, 1380.1 real, 171.9 MB
[runlim] sample:		1389.9 time, 1390.1 real, 176.8 MB
[runlim] sample:		1399.9 time, 1400.1 real, 179.6 MB
[runlim] sample:		1409.9 time, 1410.1 real, 186.9 MB
[runlim] sample:		1419.9 time, 1420.1 real, 191.8 MB
[runlim] sample:		1429.9 time, 1430.1 real, 191.8 MB
[runlim] sample:		1439.9 time, 1440.1 real, 188.9 MB
[runlim] sample:		1449.9 time, 1450.1 real, 188.9 MB
[runlim] sample:		1459.9 time, 1460.1 real, 186.1 MB
[runlim] sample:		1469.9 time, 1470.1 real, 187.1 MB
[runlim] sample:		1479.9 time, 1480.1 real, 187.1 MB
[runlim] sample:		1489.9 time, 1490.1 real, 187.1 MB
[runlim] sample:		1499.9 time, 1500.1 real, 195.1 MB
[runlim] sample:		1509.9 time, 1510.1 real, 192.5 MB
[runlim] sample:		1519.9 time, 1520.1 real, 192.7 MB
[runlim] sample:		1529.9 time, 1530.1 real, 194.9 MB
[runlim] sample:		1539.9 time, 1540.1 real, 199.2 MB
[runlim] sample:		1549.9 time, 1550.1 real, 199.2 MB
[runlim] sample:		1559.9 time, 1560.1 real, 197.1 MB
[runlim] sample:		1569.9 time, 1570.1 real, 197.1 MB
[runlim] sample:		1579.9 time, 1580.1 real, 203.8 MB
[runlim] sample:		1589.9 time, 1590.1 real, 203.8 MB
[runlim] sample:		1599.9 time, 1600.1 real, 203.8 MB
[runlim] sample:		1609.9 time, 1610.1 real, 203.6 MB
[runlim] sample:		1619.9 time, 1620.1 real, 203.6 MB
[runlim] sample:		1629.9 time, 1630.1 real, 206.5 MB
[runlim] sample:		1639.9 time, 1640.1 real, 201.6 MB
[runlim] sample:		1649.9 time, 1650.1 real, 201.6 MB
[runlim] sample:		1659.9 time, 1660.1 real, 245.2 MB
[runlim] sample:		1669.9 time, 1670.1 real, 220.0 MB
[runlim] sample:		1679.9 time, 1680.1 real, 212.5 MB
[runlim] sample:		1689.9 time, 1690.1 real, 212.5 MB
[runlim] sample:		1699.9 time, 1700.1 real, 209.6 MB
[runlim] sample:		1709.9 time, 1710.1 real, 200.5 MB
[runlim] sample:		1719.9 time, 1720.1 real, 201.9 MB
[runlim] sample:		1729.9 time, 1730.1 real, 201.9 MB
[runlim] sample:		1739.9 time, 1740.1 real, 201.9 MB
[runlim] sample:		1749.9 time, 1750.1 real, 215.4 MB
[runlim] sample:		1759.9 time, 1760.1 real, 215.4 MB
[runlim] sample:		1769.9 time, 1770.1 real, 215.4 MB
[runlim] sample:		1779.9 time, 1780.1 real, 207.2 MB
[runlim] sample:		1789.9 time, 1790.1 real, 207.2 MB
[runlim] sample:		1799.9 time, 1800.1 real, 207.2 MB
[runlim] sample:		1809.9 time, 1810.1 real, 202.3 MB
[runlim] sample:		1819.9 time, 1820.1 real, 210.2 MB
[runlim] sample:		1829.9 time, 1830.1 real, 210.2 MB
[runlim] sample:		1839.9 time, 1840.1 real, 217.0 MB
[runlim] sample:		1849.9 time, 1850.1 real, 217.0 MB
[runlim] sample:		1859.9 time, 1860.1 real, 207.3 MB
[runlim] sample:		1869.9 time, 1870.1 real, 207.3 MB
[runlim] sample:		1879.9 time, 1880.1 real, 212.9 MB
[runlim] sample:		1889.9 time, 1890.1 real, 212.9 MB
[runlim] sample:		1899.9 time, 1900.1 real, 202.4 MB
[runlim] sample:		1909.9 time, 1910.1 real, 202.4 MB
[runlim] sample:		1919.9 time, 1920.1 real, 207.9 MB
[runlim] sample:		1929.9 time, 1930.1 real, 210.6 MB
[runlim] sample:		1939.9 time, 1940.1 real, 210.6 MB
[runlim] sample:		1949.9 time, 1950.1 real, 215.5 MB
[runlim] sample:		1959.9 time, 1960.1 real, 215.5 MB
[runlim] sample:		1969.9 time, 1970.1 real, 212.2 MB
[runlim] sample:		1979.9 time, 1980.1 real, 212.2 MB
[runlim] sample:		1989.9 time, 1990.1 real, 216.9 MB
[runlim] sample:		1999.9 time, 2000.1 real, 216.9 MB
[runlim] sample:		2009.9 time, 2010.1 real, 215.2 MB
[runlim] sample:		2019.9 time, 2020.1 real, 215.2 MB
[runlim] sample:		2029.9 time, 2030.1 real, 215.2 MB
[runlim] sample:		2039.9 time, 2040.1 real, 218.7 MB
[runlim] sample:		2049.9 time, 2050.1 real, 218.7 MB
[runlim] sample:		2059.9 time, 2060.1 real, 218.7 MB
[runlim] sample:		2069.9 time, 2070.1 real, 220.8 MB
[runlim] sample:		2079.8 time, 2080.1 real, 224.6 MB
[runlim] sample:		2089.8 time, 2090.1 real, 221.6 MB
[runlim] sample:		2099.8 time, 2100.1 real, 221.6 MB
[runlim] sample:		2109.8 time, 2110.1 real, 221.6 MB
[runlim] sample:		2119.8 time, 2120.1 real, 217.1 MB
[runlim] sample:		2129.8 time, 2130.1 real, 217.1 MB
[runlim] sample:		2139.8 time, 2140.1 real, 218.4 MB
[runlim] sample:		2149.8 time, 2150.1 real, 218.4 MB
[runlim] sample:		2159.8 time, 2160.1 real, 218.4 MB
[runlim] sample:		2169.8 time, 2170.1 real, 218.4 MB
[runlim] sample:		2179.8 time, 2180.1 real, 224.5 MB
[runlim] sample:		2189.8 time, 2190.1 real, 223.7 MB
[runlim] sample:		2199.8 time, 2200.1 real, 223.7 MB
[runlim] sample:		2209.8 time, 2210.1 real, 222.2 MB
[runlim] sample:		2219.8 time, 2220.1 real, 222.2 MB
[runlim] sample:		2229.8 time, 2230.1 real, 220.0 MB
[runlim] sample:		2239.8 time, 2240.1 real, 220.0 MB
[runlim] sample:		2249.8 time, 2250.1 real, 226.2 MB
[runlim] sample:		2259.8 time, 2260.1 real, 226.2 MB
[runlim] sample:		2269.8 time, 2270.1 real, 227.7 MB
[runlim] sample:		2279.8 time, 2280.1 real, 227.7 MB
[runlim] sample:		2289.8 time, 2290.1 real, 227.7 MB
[runlim] sample:		2299.8 time, 2300.1 real, 227.7 MB
[runlim] sample:		2309.8 time, 2310.1 real, 236.2 MB
[runlim] sample:		2319.8 time, 2320.1 real, 236.2 MB
[runlim] sample:		2329.8 time, 2330.1 real, 236.2 MB
[runlim] sample:		2339.8 time, 2340.1 real, 205.1 MB
[runlim] sample:		2349.8 time, 2350.1 real, 205.1 MB
[runlim] sample:		2359.8 time, 2360.1 real, 216.6 MB
[runlim] sample:		2369.8 time, 2370.1 real, 216.6 MB
[runlim] sample:		2379.8 time, 2380.1 real, 242.5 MB
[runlim] sample:		2389.8 time, 2390.1 real, 242.5 MB
[runlim] sample:		2399.8 time, 2400.1 real, 233.4 MB
[runlim] sample:		2409.8 time, 2410.1 real, 236.7 MB
[runlim] sample:		2419.8 time, 2420.1 real, 236.7 MB
[runlim] sample:		2429.8 time, 2430.1 real, 236.7 MB
[runlim] sample:		2439.8 time, 2440.1 real, 235.4 MB
[runlim] sample:		2449.8 time, 2450.1 real, 235.4 MB
[runlim] sample:		2459.8 time, 2460.1 real, 231.7 MB
[runlim] sample:		2469.8 time, 2470.1 real, 222.6 MB
[runlim] sample:		2479.8 time, 2480.1 real, 218.8 MB
[runlim] sample:		2489.8 time, 2490.1 real, 218.8 MB
[runlim] sample:		2499.8 time, 2500.1 real, 218.8 MB
[runlim] sample:		2509.8 time, 2510.1 real, 224.8 MB
[runlim] sample:		2519.8 time, 2520.1 real, 224.8 MB
[runlim] sample:		2529.8 time, 2530.1 real, 224.8 MB
[runlim] sample:		2539.8 time, 2540.1 real, 226.4 MB
[runlim] sample:		2549.8 time, 2550.1 real, 226.4 MB
[runlim] sample:		2559.8 time, 2560.1 real, 230.7 MB
[runlim] sample:		2569.8 time, 2570.1 real, 264.8 MB
[runlim] sample:		2579.8 time, 2580.1 real, 232.3 MB
[runlim] sample:		2589.8 time, 2590.1 real, 232.3 MB
[runlim] sample:		2599.8 time, 2600.1 real, 232.3 MB
[runlim] sample:		2609.8 time, 2610.1 real, 229.9 MB
[runlim] sample:		2619.8 time, 2620.1 real, 229.9 MB
[runlim] sample:		2629.8 time, 2630.1 real, 237.9 MB
[runlim] sample:		2639.8 time, 2640.1 real, 237.9 MB
[runlim] sample:		2649.8 time, 2650.1 real, 237.9 MB
[runlim] sample:		2659.8 time, 2660.1 real, 246.3 MB
[runlim] sample:		2669.8 time, 2670.1 real, 278.9 MB
[runlim] sample:		2679.8 time, 2680.1 real, 231.2 MB
[runlim] sample:		2689.8 time, 2690.1 real, 231.2 MB
[runlim] sample:		2699.8 time, 2700.1 real, 242.1 MB
[runlim] sample:		2709.8 time, 2710.1 real, 242.1 MB
[runlim] sample:		2719.8 time, 2720.1 real, 252.7 MB
[runlim] sample:		2729.8 time, 2730.1 real, 252.7 MB
[runlim] sample:		2739.8 time, 2740.1 real, 253.8 MB
[runlim] sample:		2749.8 time, 2750.1 real, 253.8 MB
[runlim] sample:		2759.8 time, 2760.1 real, 312.9 MB
[runlim] sample:		2769.8 time, 2770.1 real, 247.8 MB
[runlim] sample:		2779.8 time, 2780.1 real, 247.8 MB
[runlim] sample:		2789.8 time, 2790.1 real, 244.7 MB
[runlim] sample:		2799.8 time, 2800.1 real, 244.7 MB
[runlim] sample:		2809.8 time, 2810.1 real, 244.7 MB
[runlim] sample:		2819.8 time, 2820.1 real, 241.8 MB
[runlim] sample:		2829.8 time, 2830.1 real, 241.8 MB
[runlim] sample:		2839.8 time, 2840.1 real, 247.0 MB
[runlim] sample:		2849.8 time, 2850.1 real, 247.0 MB
[runlim] sample:		2859.8 time, 2860.1 real, 247.1 MB
[runlim] sample:		2869.8 time, 2870.1 real, 259.9 MB
[runlim] sample:		2879.8 time, 2880.1 real, 259.9 MB
[runlim] sample:		2889.8 time, 2890.1 real, 259.9 MB
[runlim] sample:		2899.8 time, 2900.1 real, 259.9 MB
[runlim] sample:		2909.8 time, 2910.1 real, 251.8 MB
[runlim] sample:		2919.8 time, 2920.1 real, 251.8 MB
[runlim] sample:		2929.8 time, 2930.1 real, 251.8 MB
[runlim] sample:		2939.8 time, 2940.1 real, 251.8 MB
[runlim] sample:		2949.8 time, 2950.1 real, 267.9 MB
[runlim] sample:		2959.8 time, 2960.1 real, 267.9 MB
[runlim] sample:		2969.8 time, 2970.1 real, 252.4 MB
[runlim] sample:		2979.8 time, 2980.1 real, 252.4 MB
[runlim] sample:		2989.8 time, 2990.1 real, 252.8 MB
[runlim] sample:		2999.8 time, 3000.1 real, 252.8 MB
[runlim] sample:		3009.8 time, 3010.1 real, 252.8 MB
[runlim] sample:		3019.8 time, 3020.1 real, 252.8 MB
[runlim] sample:		3029.8 time, 3030.1 real, 255.5 MB
[runlim] sample:		3039.8 time, 3040.1 real, 255.5 MB
[runlim] sample:		3049.8 time, 3050.1 real, 249.4 MB
[runlim] sample:		3059.8 time, 3060.1 real, 249.4 MB
[runlim] sample:		3069.8 time, 3070.1 real, 249.4 MB
[runlim] sample:		3079.8 time, 3080.1 real, 257.9 MB
[runlim] sample:		3089.8 time, 3090.1 real, 257.9 MB
[runlim] sample:		3099.8 time, 3100.1 real, 257.9 MB
[runlim] sample:		3109.8 time, 3110.1 real, 254.9 MB
[runlim] sample:		3119.8 time, 3120.1 real, 254.9 MB
[runlim] sample:		3129.8 time, 3130.1 real, 254.9 MB
[runlim] sample:		3139.8 time, 3140.1 real, 254.9 MB
[runlim] sample:		3149.8 time, 3150.1 real, 257.2 MB
[runlim] sample:		3159.8 time, 3160.1 real, 257.2 MB
[runlim] sample:		3169.8 time, 3170.1 real, 253.3 MB
[runlim] sample:		3179.8 time, 3180.1 real, 253.3 MB
[runlim] sample:		3189.8 time, 3190.1 real, 253.3 MB
[runlim] sample:		3199.8 time, 3200.1 real, 253.3 MB
[runlim] sample:		3209.8 time, 3210.1 real, 260.6 MB
[runlim] sample:		3219.8 time, 3220.1 real, 260.6 MB
[runlim] sample:		3229.8 time, 3230.1 real, 245.1 MB
[runlim] sample:		3239.8 time, 3240.1 real, 245.1 MB
[runlim] sample:		3249.8 time, 3250.1 real, 275.9 MB
[runlim] sample:		3259.8 time, 3260.1 real, 243.1 MB
[runlim] sample:		3269.8 time, 3270.1 real, 243.1 MB
[runlim] sample:		3279.8 time, 3280.1 real, 254.9 MB
[runlim] sample:		3289.8 time, 3290.1 real, 254.9 MB
[runlim] sample:		3299.8 time, 3300.1 real, 265.1 MB
[runlim] sample:		3309.8 time, 3310.1 real, 265.1 MB
[runlim] sample:		3319.8 time, 3320.1 real, 265.1 MB
[runlim] sample:		3329.8 time, 3330.1 real, 256.8 MB
[runlim] sample:		3339.8 time, 3340.1 real, 256.8 MB
[runlim] sample:		3349.8 time, 3350.1 real, 288.2 MB
[runlim] sample:		3359.8 time, 3360.1 real, 251.4 MB
[runlim] sample:		3369.8 time, 3370.1 real, 251.4 MB
[runlim] sample:		3379.8 time, 3380.1 real, 251.2 MB
[runlim] sample:		3389.8 time, 3390.1 real, 251.2 MB
[runlim] sample:		3399.8 time, 3400.1 real, 255.8 MB
[runlim] sample:		3409.8 time, 3410.1 real, 255.8 MB
[runlim] sample:		3419.8 time, 3420.1 real, 255.8 MB
[runlim] sample:		3429.8 time, 3430.1 real, 255.8 MB
[runlim] sample:		3439.8 time, 3440.1 real, 251.8 MB
[runlim] sample:		3449.8 time, 3450.1 real, 251.8 MB
[runlim] sample:		3459.8 time, 3460.1 real, 251.8 MB
[runlim] sample:		3469.8 time, 3470.1 real, 273.3 MB
[runlim] sample:		3479.8 time, 3480.1 real, 273.3 MB
[runlim] sample:		3489.8 time, 3490.1 real, 273.3 MB
[runlim] sample:		3499.8 time, 3500.1 real, 259.0 MB
[runlim] sample:		3509.8 time, 3510.1 real, 259.0 MB
[runlim] sample:		3519.8 time, 3520.1 real, 262.1 MB
[runlim] sample:		3529.8 time, 3530.1 real, 262.1 MB
[runlim] sample:		3539.8 time, 3540.1 real, 262.1 MB
[runlim] sample:		3549.8 time, 3550.1 real, 269.0 MB
[runlim] sample:		3559.8 time, 3560.1 real, 269.0 MB
[runlim] sample:		3569.8 time, 3570.1 real, 266.4 MB
[runlim] sample:		3579.8 time, 3580.1 real, 252.3 MB
[runlim] sample:		3589.8 time, 3590.1 real, 252.3 MB
c Signal interruption.
[runlim] end:			Mon Sep  9 08:54:10 2024
[runlim] status:		out of time
[runlim] result:		2
[runlim] children:		0
[runlim] real:			3600.03 seconds
[runlim] time:			3599.70 seconds
[runlim] space:			429.0 MB
[runlim] samples:		35999
