[runlim] version:		1.10
[runlim] time limit:		3600 seconds
[runlim] real time limit:	3600 seconds
[runlim] space limit:		30000 MB
[runlim] argv[0]:		/home/truongxuanhieu/AntiBandwidthReconstruct/build/abw_enc_symbreak_min_node_hybrid_NSC_binomial
[runlim] argv[1]:		/home/truongxuanhieu/AntiBandwidthReconstruct/build/BenchmarkAdd/N-bcsstk07.mtx.rnd
[runlim] argv[2]:		--duplexNSC
[runlim] argv[3]:		-split-size
[runlim] argv[4]:		10
[runlim] start:			Mon Sep  9 05:54:10 2024
[runlim] main pid:		11364
[runlim] log captured:
c DuplexEncoder 0.8.
c Splitting clauses at length 10.
c Solving strategy: from LB to UB.
c LB-w = 28 (LB in Sinnl - A note on computational approaches for the antibandwidth problem).
c UB-w = 72 (UB in Sinnl - A note on computational approaches for the antibandwidth problem).
c Antibandwidth problem with w = 28 ( N-bcsstk07.mtx.rnd ):
c Initializing CaDiCaL (version 1.2.1).
c	Configuring CaDiCaL as --sat (1).
c Initializing a DuplexNSC encoder with n = 420.
c Encoding starts with w = 28:
c	Labels and Vertices aux var: 32760
c	Labels and Vertices constraints:  445200
c	Obj k aux var: 312060
c	Obj k constraints: 6961860
c	Obj k glue staircase constraints: 5680440
c	Encoding duration: 2s
c	Number of clauses: 7427010
c	Number of irredundant clauses: 7425687
c	Number of variables: 540960
c SAT Solving starts:
c	Solving duration: 3282 ms
c	Answer: 
s SAT (w = 28)
AB is set to 327
Node 37 : 396
Node 381 : 69
AB is set to 51
Node 127 : 245
Node 245 : 296
AB is set to 44
Node 31 : 313
Node 137 : 357
AB is set to 28
Node 127 : 245
Node 135 : 273
c	Solution check:
p calculated antibandwidth = 28.
c
c
c Antibandwidth problem with w = 29 ( N-bcsstk07.mtx.rnd ):
c Initializing CaDiCaL (version 1.2.1).
c	Configuring CaDiCaL as --sat (1).
c Initializing a DuplexNSC encoder with n = 420.
c Encoding starts with w = 29:
c	Labels and Vertices aux var: 32760
c	Labels and Vertices constraints:  445200
c	Obj k aux var: 312060
c	Obj k constraints: 6963600
c	Obj k glue staircase constraints: 5676720
c	Encoding duration: 1s
c	Number of clauses: 7429170
c	Number of irredundant clauses: 7427830
c	Number of variables: 541380
c SAT Solving starts:
[runlim] sample:		10.0 time, 11.0 real, 962.9 MB
c	Solving duration: 3545 ms
c	Answer: 
s SAT (w = 29)
AB is set to 335
Node 37 : 394
Node 381 : 59
AB is set to 30
Node 37 : 394
Node 362 : 364
AB is set to 29
Node 127 : 180
Node 209 : 151
c	Solution check:
p calculated antibandwidth = 29.
c
c
c Antibandwidth problem with w = 30 ( N-bcsstk07.mtx.rnd ):
c Initializing CaDiCaL (version 1.2.1).
c	Configuring CaDiCaL as --sat (1).
c Initializing a DuplexNSC encoder with n = 420.
c Encoding starts with w = 30:
c	Labels and Vertices aux var: 32760
c	Labels and Vertices constraints:  439320
c	Obj k aux var: 311640
c	Obj k constraints: 6940740
c	Obj k glue staircase constraints: 5661840
c	Encoding duration: 2s
c	Number of clauses: 7400010
c	Number of irredundant clauses: 7398696
c	Number of variables: 540540
c SAT Solving starts:
[runlim] sample:		20.0 time, 21.0 real, 996.8 MB
[runlim] sample:		30.0 time, 31.0 real, 1081.5 MB
[runlim] sample:		40.0 time, 41.0 real, 1013.9 MB
[runlim] sample:		50.0 time, 51.0 real, 978.3 MB
[runlim] sample:		60.0 time, 61.0 real, 1021.0 MB
[runlim] sample:		70.0 time, 71.0 real, 1013.9 MB
[runlim] sample:		80.0 time, 81.0 real, 1018.8 MB
[runlim] sample:		90.0 time, 91.0 real, 1036.8 MB
[runlim] sample:		100.0 time, 101.0 real, 1049.6 MB
c	Solving duration: 92590 ms
c	Answer: 
s SAT (w = 30)
AB is set to 98
Node 37 : 270
Node 381 : 172
AB is set to 87
Node 127 : 55
Node 362 : 142
AB is set to 30
Node 127 : 55
Node 264 : 25
c	Solution check:
p calculated antibandwidth = 30.
c
c
c Antibandwidth problem with w = 31 ( N-bcsstk07.mtx.rnd ):
c Initializing CaDiCaL (version 1.2.1).
c	Configuring CaDiCaL as --sat (1).
c Initializing a DuplexNSC encoder with n = 420.
c Encoding starts with w = 31:
c	Labels and Vertices aux var: 32760
c	Labels and Vertices constraints:  439320
c	Obj k aux var: 311640
c	Obj k constraints: 6942060
c	Obj k glue staircase constraints: 5658120
c	Encoding duration: 2s
c	Number of clauses: 7401750
c	Number of irredundant clauses: 7400413
c	Number of variables: 540960
c SAT Solving starts:
[runlim] sample:		110.0 time, 111.0 real, 810.1 MB
[runlim] sample:		120.0 time, 121.0 real, 1165.3 MB
[runlim] sample:		130.0 time, 131.0 real, 1230.2 MB
[runlim] sample:		140.0 time, 141.0 real, 1259.4 MB
[runlim] sample:		150.0 time, 151.0 real, 1004.0 MB
[runlim] sample:		160.0 time, 161.0 real, 1016.2 MB
[runlim] sample:		170.0 time, 171.0 real, 1011.6 MB
[runlim] sample:		180.0 time, 181.0 real, 1018.3 MB
c	Solving duration: 77343 ms
c	Answer: 
s SAT (w = 31)
AB is set to 178
Node 37 : 387
Node 381 : 209
AB is set to 91
Node 37 : 387
Node 362 : 296
AB is set to 32
Node 245 : 361
Node 264 : 329
AB is set to 31
Node 128 : 265
Node 362 : 296
c	Solution check:
p calculated antibandwidth = 31.
c
c
c Antibandwidth problem with w = 32 ( N-bcsstk07.mtx.rnd ):
c Initializing CaDiCaL (version 1.2.1).
c	Configuring CaDiCaL as --sat (1).
c Initializing a DuplexNSC encoder with n = 420.
c Encoding starts with w = 32:
c	Labels and Vertices aux var: 32760
c	Labels and Vertices constraints:  439320
c	Obj k aux var: 310800
c	Obj k constraints: 6930120
c	Obj k glue staircase constraints: 5643240
c	Encoding duration: 2s
c	Number of clauses: 7390650
c	Number of irredundant clauses: 7389298
c	Number of variables: 540960
c SAT Solving starts:
[runlim] sample:		190.0 time, 191.0 real, 956.4 MB
[runlim] sample:		200.0 time, 201.0 real, 992.9 MB
[runlim] sample:		210.0 time, 211.0 real, 993.8 MB
[runlim] sample:		220.0 time, 221.0 real, 1005.0 MB
[runlim] sample:		230.0 time, 231.0 real, 996.4 MB
[runlim] sample:		240.0 time, 241.0 real, 996.8 MB
[runlim] sample:		250.0 time, 251.0 real, 1011.6 MB
[runlim] sample:		260.0 time, 261.0 real, 1001.6 MB
[runlim] sample:		270.0 time, 271.0 real, 1000.5 MB
[runlim] sample:		280.0 time, 281.0 real, 1004.9 MB
[runlim] sample:		290.0 time, 291.0 real, 1062.6 MB
[runlim] sample:		300.0 time, 301.0 real, 1007.4 MB
[runlim] sample:		309.9 time, 311.0 real, 1007.5 MB
[runlim] sample:		320.0 time, 321.0 real, 1009.5 MB
[runlim] sample:		329.9 time, 331.0 real, 1016.1 MB
[runlim] sample:		340.0 time, 341.0 real, 1005.4 MB
[runlim] sample:		349.9 time, 351.0 real, 1005.2 MB
[runlim] sample:		359.9 time, 361.0 real, 1011.3 MB
[runlim] sample:		369.9 time, 371.0 real, 1009.4 MB
[runlim] sample:		379.9 time, 381.0 real, 1007.3 MB
[runlim] sample:		389.9 time, 391.0 real, 1007.3 MB
[runlim] sample:		399.9 time, 401.0 real, 1007.3 MB
c	Solving duration: 217972 ms
c	Answer: 
s SAT (w = 32)
AB is set to 233
Node 37 : 153
Node 381 : 386
AB is set to 64
Node 127 : 99
Node 245 : 163
AB is set to 32
Node 245 : 163
Node 264 : 131
c	Solution check:
p calculated antibandwidth = 32.
c
c
c Antibandwidth problem with w = 33 ( N-bcsstk07.mtx.rnd ):
c Initializing CaDiCaL (version 1.2.1).
c	Configuring CaDiCaL as --sat (1).
c Initializing a DuplexNSC encoder with n = 420.
c Encoding starts with w = 33:
c	Labels and Vertices aux var: 32760
c	Labels and Vertices constraints:  433860
c	Obj k aux var: 311220
c	Obj k constraints: 6918840
c	Obj k glue staircase constraints: 5639520
c	Encoding duration: 1s
c	Number of clauses: 7372650
c	Number of irredundant clauses: 7371334
c	Number of variables: 540120
c SAT Solving starts:
[runlim] sample:		409.9 time, 411.0 real, 991.7 MB
[runlim] sample:		419.9 time, 421.0 real, 991.6 MB
[runlim] sample:		429.9 time, 431.0 real, 1168.8 MB
[runlim] sample:		439.9 time, 441.0 real, 996.8 MB
[runlim] sample:		449.9 time, 451.0 real, 1001.4 MB
[runlim] sample:		459.9 time, 461.0 real, 1002.5 MB
[runlim] sample:		469.9 time, 471.0 real, 1002.4 MB
[runlim] sample:		479.9 time, 481.0 real, 1004.5 MB
[runlim] sample:		489.9 time, 491.0 real, 1003.4 MB
[runlim] sample:		499.9 time, 501.0 real, 1006.7 MB
[runlim] sample:		509.9 time, 511.0 real, 1012.3 MB
[runlim] sample:		519.9 time, 521.0 real, 1012.3 MB
[runlim] sample:		529.9 time, 531.0 real, 1010.8 MB
[runlim] sample:		539.9 time, 541.0 real, 1013.1 MB
[runlim] sample:		549.9 time, 551.0 real, 1012.2 MB
[runlim] sample:		559.9 time, 561.0 real, 1010.2 MB
[runlim] sample:		569.9 time, 571.0 real, 1015.5 MB
[runlim] sample:		579.9 time, 581.0 real, 1011.0 MB
[runlim] sample:		589.9 time, 591.0 real, 1019.0 MB
[runlim] sample:		599.9 time, 601.0 real, 1016.0 MB
[runlim] sample:		609.9 time, 611.0 real, 1046.0 MB
[runlim] sample:		619.9 time, 621.0 real, 978.6 MB
[runlim] sample:		629.9 time, 631.0 real, 989.2 MB
[runlim] sample:		639.9 time, 641.0 real, 1035.5 MB
[runlim] sample:		649.9 time, 651.0 real, 1023.8 MB
[runlim] sample:		659.9 time, 661.0 real, 1033.1 MB
[runlim] sample:		669.9 time, 671.0 real, 1033.0 MB
[runlim] sample:		679.9 time, 681.0 real, 1044.8 MB
[runlim] sample:		689.9 time, 691.0 real, 1056.7 MB
[runlim] sample:		699.9 time, 701.0 real, 1041.2 MB
[runlim] sample:		709.9 time, 711.0 real, 1041.8 MB
[runlim] sample:		719.9 time, 721.0 real, 1041.7 MB
[runlim] sample:		729.9 time, 731.0 real, 1028.3 MB
c	Solving duration: 324120 ms
c	Answer: 
s SAT (w = 33)
AB is set to 186
Node 37 : 307
Node 381 : 121
AB is set to 151
Node 37 : 307
Node 362 : 156
AB is set to 131
Node 127 : 297
Node 245 : 166
AB is set to 56
Node 245 : 166
Node 264 : 222
AB is set to 39
Node 127 : 297
Node 318 : 336
AB is set to 35
Node 127 : 297
Node 391 : 262
AB is set to 33
Node 127 : 297
Node 377 : 264
c	Solution check:
p calculated antibandwidth = 33.
c
c
c Antibandwidth problem with w = 34 ( N-bcsstk07.mtx.rnd ):
c Initializing CaDiCaL (version 1.2.1).
c	Configuring CaDiCaL as --sat (1).
c Initializing a DuplexNSC encoder with n = 420.
c Encoding starts with w = 34:
c	Labels and Vertices aux var: 32760
c	Labels and Vertices constraints:  433860
c	Obj k aux var: 310380
c	Obj k constraints: 6906480
c	Obj k glue staircase constraints: 5624640
c	Encoding duration: 1s
c	Number of clauses: 7361130
c	Number of irredundant clauses: 7359800
c	Number of variables: 540120
c SAT Solving starts:
[runlim] sample:		739.9 time, 741.0 real, 954.4 MB
[runlim] sample:		749.9 time, 751.0 real, 932.3 MB
[runlim] sample:		759.9 time, 761.0 real, 1004.3 MB
[runlim] sample:		769.9 time, 771.0 real, 1180.1 MB
[runlim] sample:		779.9 time, 781.0 real, 1183.2 MB
[runlim] sample:		789.9 time, 791.0 real, 1001.2 MB
[runlim] sample:		799.9 time, 801.0 real, 1007.8 MB
[runlim] sample:		809.8 time, 811.0 real, 1007.9 MB
[runlim] sample:		819.8 time, 821.0 real, 1188.0 MB
[runlim] sample:		829.8 time, 831.0 real, 1012.9 MB
[runlim] sample:		839.8 time, 841.0 real, 1013.5 MB
[runlim] sample:		849.8 time, 851.0 real, 1014.0 MB
[runlim] sample:		859.8 time, 861.0 real, 989.3 MB
[runlim] sample:		869.8 time, 871.0 real, 1180.2 MB
[runlim] sample:		879.8 time, 881.0 real, 1013.7 MB
[runlim] sample:		889.8 time, 891.0 real, 1195.9 MB
[runlim] sample:		899.8 time, 901.0 real, 1013.7 MB
[runlim] sample:		909.8 time, 911.0 real, 1019.2 MB
[runlim] sample:		919.8 time, 921.0 real, 1019.1 MB
[runlim] sample:		929.8 time, 931.0 real, 1014.8 MB
[runlim] sample:		939.8 time, 941.0 real, 1018.7 MB
[runlim] sample:		949.8 time, 951.0 real, 1018.7 MB
[runlim] sample:		959.8 time, 961.0 real, 1020.5 MB
[runlim] sample:		969.8 time, 971.0 real, 1022.7 MB
[runlim] sample:		979.8 time, 981.0 real, 1038.0 MB
[runlim] sample:		989.8 time, 991.0 real, 1016.2 MB
[runlim] sample:		999.8 time, 1001.0 real, 1041.2 MB
[runlim] sample:		1009.8 time, 1011.0 real, 1027.0 MB
[runlim] sample:		1019.8 time, 1021.0 real, 1002.2 MB
[runlim] sample:		1029.8 time, 1031.0 real, 1002.2 MB
[runlim] sample:		1039.8 time, 1041.0 real, 1002.8 MB
[runlim] sample:		1049.8 time, 1051.0 real, 1004.5 MB
[runlim] sample:		1059.8 time, 1061.0 real, 1015.2 MB
[runlim] sample:		1069.8 time, 1071.0 real, 988.1 MB
[runlim] sample:		1079.8 time, 1081.0 real, 994.8 MB
[runlim] sample:		1089.8 time, 1091.0 real, 1004.3 MB
c	Solving duration: 357058 ms
c	Answer: 
s SAT (w = 34)
AB is set to 54
Node 37 : 242
Node 381 : 296
AB is set to 34
Node 127 : 121
Node 264 : 87
c	Solution check:
p calculated antibandwidth = 34.
c
c
c Antibandwidth problem with w = 35 ( N-bcsstk07.mtx.rnd ):
c Initializing CaDiCaL (version 1.2.1).
c	Configuring CaDiCaL as --sat (1).
c Initializing a DuplexNSC encoder with n = 420.
c Encoding starts with w = 35:
c	Labels and Vertices aux var: 32760
c	Labels and Vertices constraints:  428820
c	Obj k aux var: 309960
c	Obj k constraints: 6880680
c	Obj k glue staircase constraints: 5609760
c	Encoding duration: 1s
c	Number of clauses: 7329450
c	Number of irredundant clauses: 7328154
c	Number of variables: 538860
c SAT Solving starts:
[runlim] sample:		1099.8 time, 1101.0 real, 990.3 MB
[runlim] sample:		1109.8 time, 1111.0 real, 1018.9 MB
[runlim] sample:		1119.8 time, 1121.0 real, 1229.2 MB
[runlim] sample:		1129.8 time, 1131.0 real, 1001.4 MB
[runlim] sample:		1139.8 time, 1141.0 real, 1002.6 MB
[runlim] sample:		1149.8 time, 1151.0 real, 1003.7 MB
[runlim] sample:		1159.8 time, 1161.0 real, 1002.0 MB
[runlim] sample:		1169.8 time, 1171.0 real, 1001.9 MB
[runlim] sample:		1179.8 time, 1181.0 real, 1241.0 MB
[runlim] sample:		1189.8 time, 1191.0 real, 1005.7 MB
[runlim] sample:		1199.8 time, 1201.0 real, 1007.8 MB
[runlim] sample:		1209.8 time, 1211.0 real, 1005.8 MB
[runlim] sample:		1219.8 time, 1221.0 real, 1005.4 MB
[runlim] sample:		1229.8 time, 1231.0 real, 1012.6 MB
[runlim] sample:		1239.8 time, 1241.0 real, 1009.8 MB
[runlim] sample:		1249.8 time, 1251.0 real, 1007.4 MB
[runlim] sample:		1259.8 time, 1261.0 real, 1116.9 MB
[runlim] sample:		1269.8 time, 1271.0 real, 1009.8 MB
[runlim] sample:		1279.8 time, 1281.0 real, 1019.4 MB
[runlim] sample:		1289.8 time, 1291.0 real, 1019.2 MB
[runlim] sample:		1299.8 time, 1301.0 real, 1013.6 MB
[runlim] sample:		1309.8 time, 1311.0 real, 1019.1 MB
[runlim] sample:		1319.8 time, 1321.0 real, 1030.6 MB
[runlim] sample:		1329.8 time, 1331.0 real, 1021.3 MB
[runlim] sample:		1339.8 time, 1341.0 real, 1021.3 MB
[runlim] sample:		1349.8 time, 1351.0 real, 1022.3 MB
[runlim] sample:		1359.8 time, 1361.0 real, 1023.5 MB
[runlim] sample:		1369.8 time, 1371.0 real, 982.6 MB
[runlim] sample:		1379.8 time, 1381.0 real, 982.6 MB
[runlim] sample:		1389.8 time, 1391.0 real, 993.9 MB
[runlim] sample:		1399.8 time, 1401.0 real, 997.3 MB
[runlim] sample:		1409.8 time, 1411.0 real, 1069.7 MB
[runlim] sample:		1419.8 time, 1421.0 real, 992.4 MB
[runlim] sample:		1429.8 time, 1431.0 real, 1012.9 MB
[runlim] sample:		1439.8 time, 1441.0 real, 1014.4 MB
[runlim] sample:		1449.8 time, 1451.0 real, 1014.4 MB
[runlim] sample:		1459.8 time, 1461.0 real, 1024.4 MB
[runlim] sample:		1469.8 time, 1471.0 real, 1016.3 MB
[runlim] sample:		1479.8 time, 1481.0 real, 1021.8 MB
[runlim] sample:		1489.8 time, 1491.0 real, 1023.8 MB
[runlim] sample:		1499.8 time, 1501.0 real, 1042.4 MB
[runlim] sample:		1509.8 time, 1511.0 real, 1274.8 MB
[runlim] sample:		1519.8 time, 1521.0 real, 1052.6 MB
[runlim] sample:		1529.8 time, 1531.0 real, 1058.7 MB
[runlim] sample:		1539.8 time, 1541.0 real, 1058.7 MB
[runlim] sample:		1549.8 time, 1551.0 real, 1048.7 MB
[runlim] sample:		1559.8 time, 1561.0 real, 1057.6 MB
[runlim] sample:		1569.8 time, 1571.0 real, 1057.6 MB
[runlim] sample:		1579.8 time, 1581.0 real, 1056.4 MB
[runlim] sample:		1589.8 time, 1591.0 real, 1056.4 MB
[runlim] sample:		1599.8 time, 1601.0 real, 1038.4 MB
[runlim] sample:		1609.8 time, 1611.0 real, 1038.2 MB
[runlim] sample:		1619.8 time, 1621.0 real, 1038.2 MB
[runlim] sample:		1629.8 time, 1631.0 real, 1048.6 MB
[runlim] sample:		1639.8 time, 1641.0 real, 1261.3 MB
[runlim] sample:		1649.8 time, 1651.0 real, 1037.8 MB
[runlim] sample:		1659.8 time, 1661.0 real, 1041.7 MB
[runlim] sample:		1669.8 time, 1671.0 real, 1049.6 MB
[runlim] sample:		1679.8 time, 1681.0 real, 1049.6 MB
[runlim] sample:		1689.8 time, 1691.0 real, 1051.1 MB
[runlim] sample:		1699.8 time, 1701.0 real, 1051.1 MB
[runlim] sample:		1709.8 time, 1711.0 real, 1047.0 MB
[runlim] sample:		1719.8 time, 1721.0 real, 1046.9 MB
[runlim] sample:		1729.8 time, 1731.0 real, 1052.7 MB
[runlim] sample:		1739.8 time, 1741.0 real, 1052.7 MB
[runlim] sample:		1749.8 time, 1751.0 real, 1067.7 MB
[runlim] sample:		1759.8 time, 1761.0 real, 1070.5 MB
[runlim] sample:		1769.8 time, 1771.0 real, 1070.5 MB
[runlim] sample:		1779.8 time, 1781.0 real, 1058.8 MB
[runlim] sample:		1789.8 time, 1791.0 real, 1058.8 MB
[runlim] sample:		1799.8 time, 1801.0 real, 1290.1 MB
[runlim] sample:		1809.8 time, 1811.0 real, 1054.1 MB
[runlim] sample:		1819.8 time, 1821.0 real, 1054.1 MB
[runlim] sample:		1829.8 time, 1831.0 real, 1050.8 MB
[runlim] sample:		1839.8 time, 1841.0 real, 1054.1 MB
[runlim] sample:		1849.8 time, 1851.0 real, 1001.1 MB
[runlim] sample:		1859.8 time, 1861.0 real, 1004.9 MB
[runlim] sample:		1869.8 time, 1871.0 real, 1043.3 MB
[runlim] sample:		1879.8 time, 1881.0 real, 1049.0 MB
[runlim] sample:		1889.8 time, 1891.0 real, 1049.0 MB
[runlim] sample:		1899.8 time, 1901.0 real, 1013.3 MB
[runlim] sample:		1909.8 time, 1911.0 real, 1065.8 MB
[runlim] sample:		1919.8 time, 1921.0 real, 1065.8 MB
[runlim] sample:		1929.8 time, 1931.0 real, 1098.8 MB
[runlim] sample:		1939.8 time, 1941.0 real, 1067.8 MB
[runlim] sample:		1949.8 time, 1951.0 real, 1067.8 MB
[runlim] sample:		1959.8 time, 1961.0 real, 1050.1 MB
[runlim] sample:		1969.8 time, 1971.0 real, 1073.7 MB
[runlim] sample:		1979.8 time, 1981.0 real, 1066.5 MB
[runlim] sample:		1989.8 time, 1991.0 real, 1053.9 MB
[runlim] sample:		1999.8 time, 2001.0 real, 1053.9 MB
[runlim] sample:		2009.8 time, 2011.0 real, 1050.0 MB
[runlim] sample:		2019.8 time, 2021.0 real, 1050.0 MB
[runlim] sample:		2029.8 time, 2031.0 real, 1024.1 MB
[runlim] sample:		2039.8 time, 2041.0 real, 1024.1 MB
[runlim] sample:		2049.8 time, 2051.0 real, 1023.4 MB
[runlim] sample:		2059.8 time, 2061.0 real, 1023.4 MB
[runlim] sample:		2069.8 time, 2071.0 real, 1045.1 MB
[runlim] sample:		2079.8 time, 2081.0 real, 1045.1 MB
[runlim] sample:		2089.8 time, 2091.0 real, 1045.1 MB
[runlim] sample:		2099.8 time, 2101.0 real, 1012.4 MB
[runlim] sample:		2109.8 time, 2111.0 real, 1038.6 MB
[runlim] sample:		2119.8 time, 2121.0 real, 1038.6 MB
[runlim] sample:		2129.8 time, 2131.0 real, 1051.8 MB
[runlim] sample:		2139.8 time, 2141.0 real, 1066.9 MB
[runlim] sample:		2149.8 time, 2151.0 real, 1095.4 MB
[runlim] sample:		2159.8 time, 2161.0 real, 1097.4 MB
[runlim] sample:		2169.8 time, 2171.0 real, 1099.4 MB
[runlim] sample:		2179.8 time, 2181.0 real, 1096.7 MB
[runlim] sample:		2189.8 time, 2191.0 real, 1079.1 MB
[runlim] sample:		2199.8 time, 2201.0 real, 1079.1 MB
[runlim] sample:		2209.8 time, 2211.0 real, 1087.3 MB
[runlim] sample:		2219.8 time, 2221.0 real, 1116.9 MB
[runlim] sample:		2229.8 time, 2231.0 real, 1087.3 MB
[runlim] sample:		2239.8 time, 2241.0 real, 1088.5 MB
[runlim] sample:		2249.8 time, 2251.0 real, 1088.5 MB
[runlim] sample:		2259.8 time, 2261.0 real, 1093.2 MB
[runlim] sample:		2269.8 time, 2271.0 real, 1338.0 MB
[runlim] sample:		2279.8 time, 2281.0 real, 1086.6 MB
[runlim] sample:		2289.8 time, 2291.0 real, 1058.2 MB
[runlim] sample:		2299.8 time, 2301.0 real, 1058.2 MB
[runlim] sample:		2309.8 time, 2311.0 real, 1086.4 MB
[runlim] sample:		2319.8 time, 2321.0 real, 1086.4 MB
[runlim] sample:		2329.8 time, 2331.0 real, 1432.6 MB
[runlim] sample:		2339.8 time, 2341.0 real, 1097.4 MB
[runlim] sample:		2349.8 time, 2351.0 real, 1102.5 MB
[runlim] sample:		2359.8 time, 2361.0 real, 1064.7 MB
[runlim] sample:		2369.8 time, 2371.0 real, 1362.4 MB
[runlim] sample:		2379.8 time, 2381.0 real, 1106.9 MB
[runlim] sample:		2389.8 time, 2391.0 real, 1095.8 MB
[runlim] sample:		2399.8 time, 2401.0 real, 1095.8 MB
[runlim] sample:		2409.8 time, 2411.0 real, 1118.0 MB
[runlim] sample:		2419.8 time, 2421.0 real, 1118.0 MB
[runlim] sample:		2429.8 time, 2431.0 real, 1128.8 MB
[runlim] sample:		2439.8 time, 2441.0 real, 1128.8 MB
[runlim] sample:		2449.8 time, 2451.0 real, 1128.8 MB
[runlim] sample:		2459.8 time, 2461.0 real, 1112.6 MB
[runlim] sample:		2469.8 time, 2471.0 real, 1093.2 MB
[runlim] sample:		2479.8 time, 2481.0 real, 1093.2 MB
[runlim] sample:		2489.8 time, 2491.0 real, 1089.9 MB
[runlim] sample:		2499.8 time, 2501.0 real, 1089.9 MB
[runlim] sample:		2509.8 time, 2511.0 real, 1139.6 MB
[runlim] sample:		2519.8 time, 2521.0 real, 1092.9 MB
[runlim] sample:		2529.8 time, 2531.0 real, 1058.1 MB
[runlim] sample:		2539.8 time, 2541.0 real, 1085.8 MB
[runlim] sample:		2549.8 time, 2551.0 real, 1085.8 MB
[runlim] sample:		2559.8 time, 2561.0 real, 1101.5 MB
[runlim] sample:		2569.8 time, 2571.0 real, 1101.5 MB
[runlim] sample:		2579.8 time, 2581.0 real, 1093.0 MB
[runlim] sample:		2589.8 time, 2591.0 real, 1095.0 MB
[runlim] sample:		2599.8 time, 2601.0 real, 1095.0 MB
[runlim] sample:		2609.8 time, 2611.0 real, 1101.8 MB
[runlim] sample:		2619.8 time, 2621.0 real, 1101.8 MB
[runlim] sample:		2629.8 time, 2631.0 real, 1135.3 MB
[runlim] sample:		2639.8 time, 2641.0 real, 1135.3 MB
[runlim] sample:		2649.8 time, 2651.0 real, 1170.3 MB
[runlim] sample:		2659.8 time, 2661.0 real, 1170.3 MB
[runlim] sample:		2669.8 time, 2671.0 real, 1133.3 MB
[runlim] sample:		2679.8 time, 2681.0 real, 1179.6 MB
[runlim] sample:		2689.8 time, 2691.0 real, 1116.1 MB
[runlim] sample:		2699.8 time, 2701.0 real, 1116.1 MB
[runlim] sample:		2709.8 time, 2711.0 real, 1116.1 MB
[runlim] sample:		2719.8 time, 2721.0 real, 1207.0 MB
[runlim] sample:		2729.8 time, 2731.0 real, 1207.0 MB
[runlim] sample:		2739.8 time, 2741.0 real, 1207.0 MB
[runlim] sample:		2749.8 time, 2751.0 real, 1207.0 MB
[runlim] sample:		2759.8 time, 2761.0 real, 1308.6 MB
[runlim] sample:		2769.8 time, 2771.0 real, 1308.6 MB
[runlim] sample:		2779.8 time, 2781.0 real, 1308.6 MB
[runlim] sample:		2789.8 time, 2791.0 real, 1119.5 MB
[runlim] sample:		2799.8 time, 2801.0 real, 1185.4 MB
[runlim] sample:		2809.8 time, 2811.0 real, 1136.3 MB
[runlim] sample:		2819.8 time, 2821.0 real, 1136.3 MB
[runlim] sample:		2829.8 time, 2831.0 real, 1136.3 MB
[runlim] sample:		2839.8 time, 2841.0 real, 1201.7 MB
[runlim] sample:		2849.8 time, 2851.0 real, 1201.7 MB
[runlim] sample:		2859.8 time, 2861.0 real, 1128.7 MB
[runlim] sample:		2869.8 time, 2871.0 real, 1128.7 MB
[runlim] sample:		2879.8 time, 2881.0 real, 1128.7 MB
[runlim] sample:		2889.8 time, 2891.0 real, 1192.3 MB
[runlim] sample:		2899.8 time, 2901.0 real, 1136.7 MB
[runlim] sample:		2909.8 time, 2911.0 real, 1136.7 MB
[runlim] sample:		2919.8 time, 2921.0 real, 1169.5 MB
[runlim] sample:		2929.8 time, 2931.0 real, 1104.1 MB
[runlim] sample:		2939.8 time, 2941.0 real, 1104.1 MB
[runlim] sample:		2949.8 time, 2951.0 real, 1104.1 MB
[runlim] sample:		2959.8 time, 2961.0 real, 1086.8 MB
[runlim] sample:		2969.8 time, 2971.0 real, 1086.8 MB
[runlim] sample:		2979.8 time, 2981.0 real, 1125.9 MB
[runlim] sample:		2989.8 time, 2991.0 real, 1125.9 MB
[runlim] sample:		2999.8 time, 3001.0 real, 1164.5 MB
[runlim] sample:		3009.8 time, 3011.0 real, 1125.9 MB
[runlim] sample:		3019.8 time, 3021.0 real, 1098.4 MB
[runlim] sample:		3029.8 time, 3031.0 real, 1098.4 MB
[runlim] sample:		3039.8 time, 3041.0 real, 1118.5 MB
[runlim] sample:		3049.8 time, 3051.0 real, 1118.5 MB
[runlim] sample:		3059.8 time, 3061.0 real, 1099.3 MB
[runlim] sample:		3069.8 time, 3071.0 real, 1099.3 MB
[runlim] sample:		3079.8 time, 3081.0 real, 1099.3 MB
[runlim] sample:		3089.8 time, 3091.0 real, 1119.8 MB
[runlim] sample:		3099.8 time, 3101.0 real, 1139.6 MB
[runlim] sample:		3109.8 time, 3111.0 real, 1139.6 MB
[runlim] sample:		3119.8 time, 3121.0 real, 1124.6 MB
[runlim] sample:		3129.8 time, 3131.0 real, 1124.6 MB
[runlim] sample:		3139.8 time, 3141.0 real, 1137.4 MB
[runlim] sample:		3149.8 time, 3151.0 real, 1137.4 MB
[runlim] sample:		3159.8 time, 3161.0 real, 1139.2 MB
[runlim] sample:		3169.8 time, 3171.0 real, 1139.2 MB
[runlim] sample:		3179.8 time, 3181.0 real, 1162.1 MB
[runlim] sample:		3189.8 time, 3191.0 real, 1162.1 MB
[runlim] sample:		3199.8 time, 3201.0 real, 1127.0 MB
[runlim] sample:		3209.8 time, 3211.0 real, 1127.0 MB
[runlim] sample:		3219.8 time, 3221.0 real, 1157.2 MB
[runlim] sample:		3229.8 time, 3231.0 real, 1157.2 MB
[runlim] sample:		3239.8 time, 3241.0 real, 1157.2 MB
[runlim] sample:		3249.8 time, 3251.0 real, 1157.2 MB
[runlim] sample:		3259.8 time, 3261.0 real, 1157.3 MB
[runlim] sample:		3269.8 time, 3271.0 real, 1192.3 MB
[runlim] sample:		3279.8 time, 3281.0 real, 1323.3 MB
[runlim] sample:		3289.8 time, 3291.0 real, 1323.3 MB
[runlim] sample:		3299.8 time, 3301.0 real, 1174.8 MB
[runlim] sample:		3309.8 time, 3311.0 real, 1174.8 MB
[runlim] sample:		3319.8 time, 3321.0 real, 1164.9 MB
[runlim] sample:		3329.8 time, 3331.0 real, 1164.9 MB
[runlim] sample:		3339.7 time, 3341.0 real, 1153.1 MB
[runlim] sample:		3349.7 time, 3351.0 real, 1168.8 MB
[runlim] sample:		3359.7 time, 3361.0 real, 1499.6 MB
[runlim] sample:		3369.7 time, 3371.0 real, 1158.1 MB
[runlim] sample:		3379.7 time, 3381.0 real, 1158.1 MB
[runlim] sample:		3389.7 time, 3391.0 real, 1219.8 MB
[runlim] sample:		3399.7 time, 3401.0 real, 1219.8 MB
[runlim] sample:		3409.8 time, 3411.0 real, 1178.3 MB
[runlim] sample:		3419.7 time, 3421.0 real, 1178.3 MB
[runlim] sample:		3429.7 time, 3431.0 real, 1155.1 MB
[runlim] sample:		3439.7 time, 3441.0 real, 1155.1 MB
[runlim] sample:		3449.7 time, 3451.0 real, 1167.2 MB
[runlim] sample:		3459.7 time, 3461.0 real, 1167.2 MB
[runlim] sample:		3469.7 time, 3471.0 real, 1562.6 MB
[runlim] sample:		3479.7 time, 3481.0 real, 1222.9 MB
[runlim] sample:		3489.7 time, 3491.0 real, 1222.9 MB
[runlim] sample:		3499.7 time, 3501.0 real, 1222.9 MB
[runlim] sample:		3509.7 time, 3511.0 real, 1234.9 MB
[runlim] sample:		3519.7 time, 3521.0 real, 1234.9 MB
[runlim] sample:		3529.7 time, 3531.0 real, 1196.2 MB
[runlim] sample:		3539.7 time, 3541.0 real, 1196.2 MB
[runlim] sample:		3549.7 time, 3551.0 real, 1225.7 MB
[runlim] sample:		3559.7 time, 3561.0 real, 1225.7 MB
[runlim] sample:		3569.7 time, 3571.0 real, 1225.7 MB
[runlim] sample:		3579.7 time, 3581.0 real, 1225.7 MB
[runlim] sample:		3589.7 time, 3591.0 real, 1281.1 MB
c Signal interruption.
[runlim] end:			Mon Sep  9 06:54:10 2024
[runlim] status:		out of time
[runlim] result:		2
[runlim] children:		0
[runlim] real:			3600.08 seconds
[runlim] time:			3598.84 seconds
[runlim] space:			1688.2 MB
[runlim] samples:		35991
